IQ-TREE multicore version 2.2.2.6 COVID-edition for Linux 64-bit built May 27 2023
Developed by Bui Quang Minh, James Barbetti, Nguyen Lam Tung,
Olga Chernomor, Heiko Schmidt, Dominik Schrempf, Michael Woodhams, Ly Trong Nhan.

Host:    lbc5 (AVX2, FMA3, 125 GB RAM)
Command: /home/mauricio/mauricio_PROGRAMAS/iqtree-2.2.2.6-Linux/bin/iqtree2 -s ../results/molecular_evolution_analyses/alignments_gblocks/F45744_MLIG_G1/F45744_MLIG_G1.aln.gblo -m TEST --threads-max 32 --alrt 1000 --ufboot 1000 --prefix ../results/molecular_evolution_analyses/phylogenetic_trees/F45744_MLIG_G1/F45744_MLIG_G1 -keep-ident -redo
Seed:    165779 (Using SPRNG - Scalable Parallel Random Number Generator)
Time:    Wed May  1 09:15:11 2024
Kernel:  AVX+FMA - 1 threads (32 CPU cores detected)

HINT: Use -nt option to specify number of threads because your CPU has 32 cores!
HINT: -nt AUTO will automatically determine the best number of threads to use.

Reading alignment file ../results/molecular_evolution_analyses/alignments_gblocks/F45744_MLIG_G1/F45744_MLIG_G1.aln.gblo ... Fasta format detected
Reading fasta file: done in 4.81606e-05 secs using 99.67% CPU
Alignment most likely contains protein sequences
Constructing alignment: done in 0.000175953 secs using 99.46% CPU
Alignment has 5 sequences with 203 columns, 84 distinct patterns
80 parsimony-informative, 6 singleton sites, 116 constant sites
            Gap/Ambiguity  Composition  p-value
Analyzing sequences: done in 7.15256e-06 secs using 97.87% CPU
   1  Mlig.18175    0.00%    passed    100.00%
   2  Mlig.19816    0.00%    passed    100.00%
   3  Mlig.29580    0.00%    passed    100.00%
   4  Mlig.17984    0.00%    passed    100.00%
   5  Mlig.19379    0.00%    passed    100.00%
****  TOTAL         0.00%  0 sequences failed composition chi2 test (p-value<5%; df=19)


Create initial parsimony tree by phylogenetic likelihood library (PLL)... 0.000 seconds
Perform fast likelihood tree search using LG+I+G model...
Estimate model parameters (epsilon = 5.000)
Perform nearest neighbor interchange...
Optimizing NNI: done in 0.00553513 secs using 99.98% CPU
Estimate model parameters (epsilon = 1.000)
1. Initial log-likelihood: -963.457
Optimal log-likelihood: -962.991
Proportion of invariable sites: 0.296
Gamma shape alpha: 998.511
Parameters optimization took 1 rounds (0.006 sec)
Time for fast ML tree search: 0.020 seconds

NOTE: ModelFinder requires 0 MB RAM!
ModelFinder will test up to 224 protein models (sample size: 203) ...
 No. Model         -LnL         df  AIC          AICc         BIC
  1  LG            963.292      7   1940.584     1941.159     1963.777
  2  LG+I          962.711      8   1941.422     1942.165     1967.928
  3  LG+G4         962.888      8   1941.777     1942.519     1968.283
  4  LG+I+G4       962.886      9   1943.771     1944.704     1973.590
  5  LG+F          953.888      26  1959.776     1967.754     2045.920
  6  LG+F+I        953.263      27  1960.527     1969.167     2049.983
  7  LG+F+G4       953.485      27  1960.969     1969.609     2050.426
  8  LG+F+I+G4     953.438      28  1962.876     1972.209     2055.645
  9  WAG           961.475      7   1936.951     1937.525     1960.143
 10  WAG+I         961.475      8   1938.951     1939.693     1965.456
 11  WAG+G4        961.476      8   1938.953     1939.695     1965.459
 12  WAG+I+G4      962.504      9   1943.008     1943.940     1972.827
 13  WAG+F         953.354      26  1958.708     1966.686     2044.852
 14  WAG+F+I       953.355      27  1960.709     1969.349     2050.166
 15  WAG+F+G4      953.355      27  1960.710     1969.350     2050.166
 16  WAG+F+I+G4    954.269      28  1964.539     1973.872     2057.309
 17  JTT           967.510      7   1949.021     1949.595     1972.213
 18  JTT+I         967.014      8   1950.028     1950.770     1976.534
 19  JTT+G4        967.158      8   1950.315     1951.058     1976.821
 20  JTT+I+G4      967.182      9   1952.364     1953.297     1982.183
 21  JTT+F         959.510      26  1971.021     1978.998     2057.164
 22  JTT+F+I       958.784      27  1971.568     1980.208     2061.024
 23  JTT+F+G4      958.984      27  1971.968     1980.608     2061.424
 24  JTT+F+I+G4    958.884      28  1973.769     1983.102     2066.539
WARNING: Normalizing state frequencies so that sum of them equals to 1
 25  Q.pfam        961.492      7   1936.985     1937.559     1960.177
WARNING: Normalizing state frequencies so that sum of them equals to 1
 26  Q.pfam+I      961.294      8   1938.588     1939.330     1965.093
WARNING: Normalizing state frequencies so that sum of them equals to 1
 27  Q.pfam+G4     961.381      8   1938.761     1939.504     1965.267
WARNING: Normalizing state frequencies so that sum of them equals to 1
 28  Q.pfam+I+G4   961.712      9   1941.423     1942.356     1971.242
WARNING: Normalizing state frequencies so that sum of them equals to 1
 29  Q.pfam+F      953.273      26  1958.547     1966.524     2044.690
WARNING: Normalizing state frequencies so that sum of them equals to 1
 30  Q.pfam+F+I    953.107      27  1960.214     1968.854     2049.671
WARNING: Normalizing state frequencies so that sum of them equals to 1
 31  Q.pfam+F+G4   953.187      27  1960.374     1969.014     2049.830
WARNING: Normalizing state frequencies so that sum of them equals to 1
 32  Q.pfam+F+I+G4 953.561      28  1963.122     1972.455     2055.891
WARNING: Normalizing state frequencies so that sum of them equals to 1
 33  Q.bird        979.554      7   1973.107     1973.681     1996.299
WARNING: Normalizing state frequencies so that sum of them equals to 1
 34  Q.bird+I      974.552      8   1965.105     1965.847     1991.611
WARNING: Normalizing state frequencies so that sum of them equals to 1
 35  Q.bird+G4     974.904      8   1965.809     1966.551     1992.314
WARNING: Normalizing state frequencies so that sum of them equals to 1
 36  Q.bird+I+G4   974.670      9   1967.339     1968.272     1997.158
WARNING: Normalizing state frequencies so that sum of them equals to 1
 37  Q.bird+F      970.676      26  1993.351     2001.329     2079.495
WARNING: Normalizing state frequencies so that sum of them equals to 1
 38  Q.bird+F+I    965.413      27  1984.827     1993.467     2074.283
WARNING: Normalizing state frequencies so that sum of them equals to 1
 39  Q.bird+F+G4   965.716      27  1985.431     1994.071     2074.888
WARNING: Normalizing state frequencies so that sum of them equals to 1
 40  Q.bird+F+I+G4 965.502      28  1987.004     1996.337     2079.774
WARNING: Normalizing state frequencies so that sum of them equals to 1
 41  Q.mammal      975.998      7   1965.995     1966.570     1989.188
WARNING: Normalizing state frequencies so that sum of them equals to 1
 42  Q.mammal+I    973.525      8   1963.051     1963.793     1989.556
WARNING: Normalizing state frequencies so that sum of them equals to 1
 43  Q.mammal+G4   973.773      8   1963.546     1964.288     1990.051
WARNING: Normalizing state frequencies so that sum of them equals to 1
 44  Q.mammal+I+G4 973.557      9   1965.114     1966.046     1994.932
WARNING: Normalizing state frequencies so that sum of them equals to 1
 45  Q.mammal+F    966.503      26  1985.005     1992.983     2071.149
WARNING: Normalizing state frequencies so that sum of them equals to 1
 46  Q.mammal+F+I  963.776      27  1981.553     1990.193     2071.009
WARNING: Normalizing state frequencies so that sum of them equals to 1
 47  Q.mammal+F+G4 964.027      27  1982.053     1990.693     2071.510
WARNING: Normalizing state frequencies so that sum of them equals to 1
 48  Q.mammal+F+I+G4 963.810      28  1983.619     1992.952     2076.389
 49  Q.insect      969.030      7   1952.059     1952.634     1975.252
 50  Q.insect+I    968.182      8   1952.365     1953.107     1978.870
 51  Q.insect+G4   968.362      8   1952.725     1953.467     1979.231
 52  Q.insect+I+G4 968.228      9   1954.456     1955.388     1984.274
 53  Q.insect+F    958.161      26  1968.321     1976.298     2054.465
 54  Q.insect+F+I  957.277      27  1968.554     1977.194     2058.010
 55  Q.insect+F+G4 957.482      27  1968.964     1977.604     2058.420
 56  Q.insect+F+I+G4 957.337      28  1970.675     1980.008     2063.444
WARNING: Normalizing state frequencies so that sum of them equals to 1
 57  Q.plant       968.863      7   1951.727     1952.301     1974.919
WARNING: Normalizing state frequencies so that sum of them equals to 1
 58  Q.plant+I     966.080      8   1948.160     1948.902     1974.666
WARNING: Normalizing state frequencies so that sum of them equals to 1
 59  Q.plant+G4    966.158      8   1948.317     1949.059     1974.822
WARNING: Normalizing state frequencies so that sum of them equals to 1
 60  Q.plant+I+G4  966.078      9   1950.155     1951.088     1979.974
WARNING: Normalizing state frequencies so that sum of them equals to 1
 61  Q.plant+F     960.596      26  1973.192     1981.169     2059.335
WARNING: Normalizing state frequencies so that sum of them equals to 1
 62  Q.plant+F+I   957.913      27  1969.827     1978.467     2059.283
WARNING: Normalizing state frequencies so that sum of them equals to 1
 63  Q.plant+F+G4  958.028      27  1970.056     1978.696     2059.512
WARNING: Normalizing state frequencies so that sum of them equals to 1
 64  Q.plant+F+I+G4 957.917      28  1971.835     1981.168     2064.604
WARNING: Normalizing state frequencies so that sum of them equals to 1
 65  Q.yeast       967.271      7   1948.543     1949.117     1971.735
WARNING: Normalizing state frequencies so that sum of them equals to 1
 66  Q.yeast+I     966.266      8   1948.531     1949.273     1975.037
WARNING: Normalizing state frequencies so that sum of them equals to 1
 67  Q.yeast+G4    966.500      8   1949.000     1949.743     1975.506
WARNING: Normalizing state frequencies so that sum of them equals to 1
 68  Q.yeast+I+G4  966.296      9   1950.592     1951.525     1980.411
WARNING: Normalizing state frequencies so that sum of them equals to 1
 69  Q.yeast+F     956.976      26  1965.951     1973.929     2052.095
WARNING: Normalizing state frequencies so that sum of them equals to 1
 70  Q.yeast+F+I   956.133      27  1966.267     1974.907     2055.723
WARNING: Normalizing state frequencies so that sum of them equals to 1
 71  Q.yeast+F+G4  956.361      27  1966.721     1975.361     2056.178
WARNING: Normalizing state frequencies so that sum of them equals to 1
 72  Q.yeast+F+I+G4 956.218      28  1968.436     1977.769     2061.206
 73  JTTDCMut      967.858      7   1949.716     1950.290     1972.908
 74  JTTDCMut+I    967.335      8   1950.671     1951.413     1977.176
 75  JTTDCMut+G4   967.490      8   1950.981     1951.723     1977.486
 76  JTTDCMut+I+G4 967.492      9   1952.985     1953.917     1982.803
 77  JTTDCMut+F    959.871      26  1971.743     1979.720     2057.886
 78  JTTDCMut+F+I  959.089      27  1972.178     1980.818     2061.635
 79  JTTDCMut+F+G4 959.306      27  1972.611     1981.251     2062.068
 80  JTTDCMut+F+I+G4 959.178      28  1974.356     1983.689     2067.125
 81  DCMut         973.295      7   1960.590     1961.164     1983.782
 82  DCMut+I       972.352      8   1960.704     1961.446     1987.210
 83  DCMut+G4      972.663      8   1961.325     1962.068     1987.831
 84  DCMut+I+G4    972.443      9   1962.886     1963.819     1992.705
 85  DCMut+F       961.674      26  1975.349     1983.326     2061.492
 86  DCMut+F+I     959.926      27  1973.851     1982.491     2063.308
 87  DCMut+F+G4    960.410      27  1974.821     1983.461     2064.277
 88  DCMut+F+I+G4  959.933      28  1975.865     1985.198     2068.635
 89  VT            964.730      7   1943.459     1944.034     1966.652
 90  VT+I          964.730      8   1945.459     1946.202     1971.965
 91  VT+G4         964.731      8   1945.463     1946.205     1971.968
 92  VT+I+G4       965.892      9   1949.784     1950.717     1979.603
 93  VT+F          957.354      26  1966.708     1974.685     2052.851
 94  VT+F+I        957.354      27  1968.708     1977.348     2058.164
 95  VT+F+G4       957.355      27  1968.711     1977.351     2058.167
 96  VT+F+I+G4     958.532      28  1973.064     1982.397     2065.833
 97  PMB           976.324      7   1966.647     1967.221     1989.839
 98  PMB+I         976.323      8   1968.646     1969.388     1995.152
 99  PMB+G4        976.325      8   1968.649     1969.392     1995.155
100  PMB+I+G4      977.518      9   1973.036     1973.969     2002.855
101  PMB+F         962.167      26  1976.334     1984.311     2062.477
102  PMB+F+I       962.166      27  1978.333     1986.973     2067.789
103  PMB+F+G4      962.168      27  1978.336     1986.976     2067.792
104  PMB+F+I+G4    963.354      28  1982.709     1992.042     2075.478
105  Blosum62      973.746      7   1961.492     1962.066     1984.684
106  Blosum62+I    973.745      8   1963.489     1964.232     1989.995
107  Blosum62+G4   973.746      8   1963.492     1964.234     1989.998
108  Blosum62+I+G4 974.880      9   1967.760     1968.693     1997.579
109  Blosum62+F    960.971      26  1973.942     1981.920     2060.086
110  Blosum62+F+I  960.970      27  1975.940     1984.580     2065.396
111  Blosum62+F+G4 960.971      27  1975.942     1984.582     2065.399
112  Blosum62+F+I+G4 962.063      28  1980.127     1989.460     2072.896
113  Dayhoff       973.269      7   1960.539     1961.113     1983.731
114  Dayhoff+I     972.292      8   1960.585     1961.327     1987.091
115  Dayhoff+G4    972.610      8   1961.221     1961.963     1987.727
116  Dayhoff+I+G4  972.378      9   1962.756     1963.689     1992.575
117  Dayhoff+F     961.669      26  1975.338     1983.315     2061.481
118  Dayhoff+F+I   959.872      27  1973.744     1982.384     2063.201
119  Dayhoff+F+G4  960.365      27  1974.730     1983.370     2064.187
120  Dayhoff+F+I+G4 959.878      28  1975.755     1985.089     2068.525
121  mtREV         1022.587     7   2059.175     2059.749     2082.367
122  mtREV+I       1018.702     8   2053.404     2054.146     2079.909
123  mtREV+G4      1018.966     8   2053.931     2054.674     2080.437
124  mtREV+I+G4    1018.712     9   2055.425     2056.357     2085.243
125  mtREV+F       962.769      26  1977.538     1985.515     2063.681
126  mtREV+F+I     960.484      27  1974.968     1983.608     2064.425
127  mtREV+F+G4    960.560      27  1975.120     1983.760     2064.576
128  mtREV+F+I+G4  960.489      28  1976.978     1986.311     2069.748
129  mtART         1037.235     7   2088.470     2089.045     2111.663
130  mtART+I       1025.423     8   2066.847     2067.589     2093.353
131  mtART+G4      1025.410     8   2066.821     2067.563     2093.326
132  mtART+I+G4    1025.140     9   2068.280     2069.212     2098.098
133  mtART+F       973.483      26  1998.965     2006.942     2085.108
134  mtART+F+I     965.769      27  1985.538     1994.178     2074.994
135  mtART+F+G4    964.968      27  1983.936     1992.576     2073.393
136  mtART+F+I+G4  965.099      28  1986.199     1995.532     2078.968
137  mtZOA         1021.509     7   2057.018     2057.593     2080.211
138  mtZOA+I       1014.769     8   2045.538     2046.280     2072.044
139  mtZOA+G4      1014.999     8   2045.998     2046.741     2072.504
140  mtZOA+I+G4    1014.730     9   2047.460     2048.393     2077.279
141  mtZOA+F       964.787      26  1981.573     1989.550     2067.717
142  mtZOA+F+I     960.530      27  1975.059     1983.699     2064.516
143  mtZOA+F+G4    960.523      27  1975.045     1983.685     2064.502
144  mtZOA+F+I+G4  960.470      28  1976.940     1986.273     2069.710
145  mtMet         1030.329     7   2074.659     2075.233     2097.851
146  mtMet+I       1024.634     8   2065.269     2066.011     2091.774
147  mtMet+G4      1024.706     8   2065.412     2066.154     2091.917
148  mtMet+I+G4    1024.566     9   2067.132     2068.064     2096.950
149  mtMet+F       966.741      26  1985.481     1993.459     2071.625
150  mtMet+F+I     962.556      27  1979.111     1987.751     2068.568
151  mtMet+F+G4    962.711      27  1979.423     1988.063     2068.879
152  mtMet+F+I+G4  962.559      28  1981.118     1990.451     2073.888
153  mtVer         1035.768     7   2085.536     2086.110     2108.728
154  mtVer+I       1025.999     8   2067.999     2068.741     2094.504
155  mtVer+G4      1025.850     8   2067.699     2068.441     2094.205
156  mtVer+I+G4    1025.698     9   2069.396     2070.328     2099.214
157  mtVer+F       971.656      26  1995.311     2003.288     2081.455
158  mtVer+F+I     965.002      27  1984.003     1992.643     2073.460
159  mtVer+F+G4    964.734      27  1983.467     1992.107     2072.924
160  mtVer+F+I+G4  964.739      28  1985.477     1994.811     2078.247
161  mtInv         1040.137     7   2094.275     2094.849     2117.467
162  mtInv+I       1036.722     8   2089.443     2090.185     2115.949
163  mtInv+G4      1036.916     8   2089.832     2090.574     2116.337
164  mtInv+I+G4    1036.734     9   2091.468     2092.401     2121.287
165  mtInv+F       962.916      26  1977.832     1985.810     2063.976
166  mtInv+F+I     960.574      27  1975.147     1983.787     2064.604
167  mtInv+F+G4    960.670      27  1975.339     1983.979     2064.796
168  mtInv+F+I+G4  960.574      28  1977.149     1986.482     2069.919
169  mtMAM         1046.879     7   2107.758     2108.332     2130.950
170  mtMAM+I       1030.307     8   2076.614     2077.356     2103.120
171  mtMAM+G4      1028.251     8   2072.501     2073.243     2099.007
172  mtMAM+I+G4    1028.322     9   2074.644     2075.577     2104.463
173  mtMAM+F       980.074      26  2012.147     2020.124     2098.290
174  mtMAM+F+I     969.204      27  1992.409     2001.049     2081.865
175  mtMAM+F+G4    967.559      27  1989.117     1997.757     2078.574
176  mtMAM+F+I+G4  967.789      28  1991.578     2000.912     2084.348
WARNING: Normalizing state frequencies so that sum of them equals to 1
177  FLAVI         1006.090     7   2026.180     2026.754     2049.372
WARNING: Normalizing state frequencies so that sum of them equals to 1
178  FLAVI+I       994.105      8   2004.209     2004.952     2030.715
WARNING: Normalizing state frequencies so that sum of them equals to 1
179  FLAVI+G4      993.672      8   2003.343     2004.086     2029.849
WARNING: Normalizing state frequencies so that sum of them equals to 1
180  FLAVI+I+G4    993.649      9   2005.298     2006.230     2035.116
WARNING: Normalizing state frequencies so that sum of them equals to 1
181  FLAVI+F       988.123      26  2028.246     2036.223     2114.389
WARNING: Normalizing state frequencies so that sum of them equals to 1
182  FLAVI+F+I     976.454      27  2006.907     2015.547     2096.364
WARNING: Normalizing state frequencies so that sum of them equals to 1
183  FLAVI+F+G4    975.842      27  2005.684     2014.324     2095.140
WARNING: Normalizing state frequencies so that sum of them equals to 1
184  FLAVI+F+I+G4  975.900      28  2007.800     2017.133     2100.570
185  HIVb          991.078      7   1996.156     1996.730     2019.348
186  HIVb+I        986.749      8   1989.497     1990.239     2016.003
187  HIVb+G4       986.707      8   1989.413     1990.156     2015.919
188  HIVb+I+G4     986.657      9   1991.314     1992.247     2021.133
189  HIVb+F        970.285      26  1992.570     2000.547     2078.713
190  HIVb+F+I      965.441      27  1984.881     1993.521     2074.338
191  HIVb+F+G4     965.432      27  1984.864     1993.504     2074.320
192  HIVb+F+I+G4   965.343      28  1986.687     1996.020     2079.456
193  HIVw          1016.914     7   2047.829     2048.403     2071.021
194  HIVw+I        1009.688     8   2035.375     2036.118     2061.881
195  HIVw+G4       1009.370     8   2034.739     2035.481     2061.245
196  HIVw+I+G4     1009.388     9   2036.777     2037.710     2066.596
197  HIVw+F        983.320      26  2018.639     2026.617     2104.783
198  HIVw+F+I      975.924      27  2005.847     2014.487     2095.304
199  HIVw+F+G4     976.040      27  2006.081     2014.721     2095.537
200  HIVw+F+I+G4   975.917      28  2007.833     2017.167     2100.603
201  FLU           984.756      7   1983.512     1984.086     2006.704
202  FLU+I         981.917      8   1979.835     1980.577     2006.340
203  FLU+G4        982.292      8   1980.584     1981.327     2007.090
204  FLU+I+G4      981.933      9   1981.866     1982.799     2011.685
205  FLU+F         966.133      26  1984.266     1992.244     2070.410
206  FLU+F+I       963.297      27  1980.594     1989.234     2070.050
207  FLU+F+G4      963.722      27  1981.444     1990.084     2070.901
208  FLU+F+I+G4    963.315      28  1982.630     1991.964     2075.400
209  rtREV         980.376      7   1974.752     1975.327     1997.945
210  rtREV+I       979.325      8   1974.649     1975.392     2001.155
211  rtREV+G4      979.587      8   1975.174     1975.917     2001.680
212  rtREV+I+G4    979.401      9   1976.803     1977.735     2006.622
213  rtREV+F       958.946      26  1969.892     1977.869     2056.035
214  rtREV+F+I     957.728      27  1969.456     1978.096     2058.913
215  rtREV+F+G4    958.063      27  1970.125     1978.765     2059.582
216  rtREV+F+I+G4  957.777      28  1971.554     1980.888     2064.324
217  cpREV         972.522      7   1959.044     1959.618     1982.236
218  cpREV+I       972.495      8   1960.990     1961.732     1987.496
219  cpREV+G4      972.523      8   1961.046     1961.789     1987.552
220  cpREV+I+G4    973.191      9   1964.381     1965.314     1994.200
221  cpREV+F       955.255      26  1962.510     1970.487     2048.653
222  cpREV+F+I     955.047      27  1964.094     1972.734     2053.551
223  cpREV+F+G4    955.165      27  1964.331     1972.971     2053.787
224  cpREV+F+I+G4  955.577      28  1967.155     1976.488     2059.925
Akaike Information Criterion:           WAG
Corrected Akaike Information Criterion: WAG
Bayesian Information Criterion:         WAG
Best-fit model: WAG chosen according to BIC

All model information printed to ../results/molecular_evolution_analyses/phylogenetic_trees/F45744_MLIG_G1/F45744_MLIG_G1.model.gz
CPU time for ModelFinder: 1.192 seconds (0h:0m:1s)
Wall-clock time for ModelFinder: 1.193 seconds (0h:0m:1s)
Generating 1000 samples for ultrafast bootstrap (seed: 165779)...

NOTE: 0 MB RAM (0 GB) is required!
Estimate model parameters (epsilon = 0.100)
1. Initial log-likelihood: -961.475
Optimal log-likelihood: -961.475
Parameters optimization took 1 rounds (0.000 sec)
Wrote distance file to... 
Computing ML distances based on estimated model parameters...
Calculating distance matrix: done in 0.000633001 secs using 99.05% CPU
Computing ML distances took 0.000655 sec (of wall-clock time) 0.000650 sec (of CPU time)
Setting up auxiliary I and S matrices: done in 2.40803e-05 secs using 99.67% CPU
Constructing RapidNJ tree: done in 1.81198e-05 secs using 99.34% CPU
Computing RapidNJ tree took 0.000083 sec (of wall-clock time) 0.000083 sec (of CPU time)
Log-likelihood of RapidNJ tree: -961.476
--------------------------------------------------------------------
|             INITIALIZING CANDIDATE TREE SET                      |
--------------------------------------------------------------------
Generating 99 parsimony trees... 0.011 second
Computing log-likelihood of 8 initial trees ... 0.001 seconds
Current best score: -961.475

Do NNI search on 9 best initial trees
Optimizing NNI: done in 0.000608921 secs using 199.9% CPU
Optimizing NNI: done in 0.00125003 secs using 199.9% CPU
Optimizing NNI: done in 0.00123501 secs using 200.1% CPU
Optimizing NNI: done in 0.00121307 secs using 200.1% CPU
Optimizing NNI: done in 0.00122499 secs using 200.1% CPU
Optimizing NNI: done in 0.00196004 secs using 200% CPU
Optimizing NNI: done in 0.00197697 secs using 199.7% CPU
Optimizing NNI: done in 0.00198412 secs using 200% CPU
Optimizing NNI: done in 0.00198412 secs using 200% CPU
Finish initializing candidate tree set (9)
Current best tree score: -961.475 / CPU time: 0.030
Number of iterations: 9
--------------------------------------------------------------------
|               OPTIMIZING CANDIDATE TREE SET                      |
--------------------------------------------------------------------
Optimizing NNI: done in 0.00177789 secs using 200% CPU
Iteration 10 / LogL: -961.703 / Time: 0h:0m:0s
Optimizing NNI: done in 0.00168991 secs using 200% CPU
Optimizing NNI: done in 0.0017271 secs using 200.1% CPU
Optimizing NNI: done in 0.00117421 secs using 199.8% CPU
Optimizing NNI: done in 0.00119591 secs using 199.8% CPU
UPDATE BEST LOG-LIKELIHOOD: -961.475
Optimizing NNI: done in 0.00175405 secs using 199.5% CPU
Optimizing NNI: done in 0.00118303 secs using 199.9% CPU
Optimizing NNI: done in 0.00167298 secs using 200% CPU
Optimizing NNI: done in 0.00178003 secs using 199.9% CPU
Optimizing NNI: done in 0.00117493 secs using 200% CPU
Optimizing NNI: done in 0.000481129 secs using 200.2% CPU
Iteration 20 / LogL: -961.832 / Time: 0h:0m:0s
Optimizing NNI: done in 0.00119877 secs using 199.7% CPU
Optimizing NNI: done in 0.00301814 secs using 200% CPU
WARNING: NNI search needs unusual large number of steps (5) to converge!
Optimizing NNI: done in 0.000482082 secs using 200% CPU
Optimizing NNI: done in 0.00172997 secs using 199.9% CPU
Optimizing NNI: done in 0.00176501 secs using 199.9% CPU
Optimizing NNI: done in 0.00177097 secs using 200% CPU
Optimizing NNI: done in 0.00169206 secs using 199.8% CPU
Optimizing NNI: done in 0.001719 secs using 200.2% CPU
Optimizing NNI: done in 0.00178695 secs using 199.8% CPU
Optimizing NNI: done in 0.00172496 secs using 199.8% CPU
Iteration 30 / LogL: -961.647 / Time: 0h:0m:0s (0h:0m:0s left)
Optimizing NNI: done in 0.00170803 secs using 199.8% CPU
Optimizing NNI: done in 0.00114393 secs using 199.6% CPU
Optimizing NNI: done in 0.000473976 secs using 200% CPU
Optimizing NNI: done in 0.000490189 secs
Optimizing NNI: done in 0.00303102 secs using 199.7% CPU
WARNING: NNI search needs unusual large number of steps (5) to converge!
Optimizing NNI: done in 0.00179482 secs using 199.9% CPU
Optimizing NNI: done in 0.00119686 secs using 200.1% CPU
Optimizing NNI: done in 0.00175214 secs using 200% CPU
Optimizing NNI: done in 0.00117302 secs using 200% CPU
Optimizing NNI: done in 0.00117588 secs using 200.2% CPU
Iteration 40 / LogL: -961.646 / Time: 0h:0m:0s (0h:0m:0s left)
Optimizing NNI: done in 0.00116897 secs using 199.8% CPU
Optimizing NNI: done in 0.000488043 secs using 199.4% CPU
Optimizing NNI: done in 0.00115705 secs using 200% CPU
Optimizing NNI: done in 0.00165415 secs using 200% CPU
Optimizing NNI: done in 0.00296879 secs using 199.9% CPU
WARNING: NNI search needs unusual large number of steps (5) to converge!
Optimizing NNI: done in 0.00177193 secs using 199.8% CPU
Optimizing NNI: done in 0.00166202 secs using 200.1% CPU
Optimizing NNI: done in 0.000478029 secs using 199.8% CPU
Optimizing NNI: done in 0.00303507 secs using 100% CPU
WARNING: NNI search needs unusual large number of steps (5) to converge!
Optimizing NNI: done in 0.00176096 secs using 100% CPU
Iteration 50 / LogL: -961.646 / Time: 0h:0m:0s (0h:0m:0s left)
Log-likelihood cutoff on original alignment: -968.027
Optimizing NNI: done in 0.00172997 secs using 99.94% CPU
Optimizing NNI: done in 0.0016489 secs using 100% CPU
Optimizing NNI: done in 0.00112915 secs using 99.99% CPU
Optimizing NNI: done in 0.00116014 secs using 99.9% CPU
Optimizing NNI: done in 0.00174713 secs using 99.99% CPU
Optimizing NNI: done in 0.00164795 secs using 99.94% CPU
Optimizing NNI: done in 0.00111198 secs using 100.1% CPU
Optimizing NNI: done in 0.00163603 secs using 99.94% CPU
Optimizing NNI: done in 0.0016849 secs using 99.95% CPU
Optimizing NNI: done in 0.00169015 secs using 99.99% CPU
Iteration 60 / LogL: -961.646 / Time: 0h:0m:0s (0h:0m:0s left)
Optimizing NNI: done in 0.00170612 secs using 99.82% CPU
Optimizing NNI: done in 0.00117993 secs using 100% CPU
Optimizing NNI: done in 0.000486135 secs using 99.97% CPU
Optimizing NNI: done in 0.00176716 secs using 99.82% CPU
Optimizing NNI: done in 0.00113201 secs using 100% CPU
Optimizing NNI: done in 0.00169206 secs using 100.1% CPU
Optimizing NNI: done in 0.0011332 secs using 99.98% CPU
Optimizing NNI: done in 0.00295687 secs using 100% CPU
WARNING: NNI search needs unusual large number of steps (5) to converge!
Optimizing NNI: done in 0.00296116 secs using 99.99% CPU
WARNING: NNI search needs unusual large number of steps (5) to converge!
Optimizing NNI: done in 0.00295305 secs using 99.86% CPU
WARNING: NNI search needs unusual large number of steps (5) to converge!
Iteration 70 / LogL: -961.646 / Time: 0h:0m:0s (0h:0m:0s left)
Optimizing NNI: done in 0.00107598 secs using 100% CPU
Optimizing NNI: done in 0.00165081 secs using 100% CPU
Optimizing NNI: done in 0.00298595 secs using 100% CPU
WARNING: NNI search needs unusual large number of steps (5) to converge!
Optimizing NNI: done in 0.00112581 secs using 99.75% CPU
Optimizing NNI: done in 0.00171304 secs using 100% CPU
Optimizing NNI: done in 0.00109196 secs using 100% CPU
Optimizing NNI: done in 0.00168705 secs using 99.88% CPU
Optimizing NNI: done in 0.000473976 secs using 100.2% CPU
Optimizing NNI: done in 0.00296402 secs using 100% CPU
WARNING: NNI search needs unusual large number of steps (5) to converge!
Optimizing NNI: done in 0.00108719 secs using 99.98% CPU
Iteration 80 / LogL: -961.475 / Time: 0h:0m:0s (0h:0m:0s left)
Optimizing NNI: done in 0.000478029 secs using 99.99% CPU
Optimizing NNI: done in 0.00165415 secs using 99.99% CPU
Optimizing NNI: done in 0.00113797 secs using 100% CPU
Optimizing NNI: done in 0.00110984 secs using 100% CPU
Optimizing NNI: done in 0.000477076 secs using 99.98% CPU
Optimizing NNI: done in 0.000473976 secs using 99.79% CPU
Optimizing NNI: done in 0.0011611 secs using 99.99% CPU
Optimizing NNI: done in 0.00298095 secs using 99.93% CPU
WARNING: NNI search needs unusual large number of steps (5) to converge!
Optimizing NNI: done in 0.00165105 secs using 99.94% CPU
Optimizing NNI: done in 0.00109005 secs using 99.9% CPU
Iteration 90 / LogL: -961.475 / Time: 0h:0m:0s (0h:0m:0s left)
Optimizing NNI: done in 0.00114608 secs using 100.1% CPU
Optimizing NNI: done in 0.00110388 secs using 99.92% CPU
Optimizing NNI: done in 0.00171185 secs using 100% CPU
Optimizing NNI: done in 0.00300407 secs using 100% CPU
WARNING: NNI search needs unusual large number of steps (5) to converge!
Optimizing NNI: done in 0.00177097 secs using 99.83% CPU
Optimizing NNI: done in 0.000479937 secs using 100.2% CPU
Optimizing NNI: done in 0.00114894 secs using 99.74% CPU
Optimizing NNI: done in 0.00296712 secs using 100% CPU
WARNING: NNI search needs unusual large number of steps (5) to converge!
Optimizing NNI: done in 0.00173187 secs using 100% CPU
Optimizing NNI: done in 0.00110412 secs using 99.99% CPU
Iteration 100 / LogL: -961.475 / Time: 0h:0m:0s (0h:0m:0s left)
Log-likelihood cutoff on original alignment: -968.027
NOTE: Bootstrap correlation coefficient of split occurrence frequencies: 1.000
Optimizing NNI: done in 0.00176001 secs using 99.72% CPU
TREE SEARCH COMPLETED AFTER 101 ITERATIONS / Time: 0h:0m:0s

--------------------------------------------------------------------
|                    FINALIZING TREE SEARCH                        |
--------------------------------------------------------------------
Performs final model parameters optimization
Estimate model parameters (epsilon = 0.010)
1. Initial log-likelihood: -961.475
Optimal log-likelihood: -961.475
Parameters optimization took 1 rounds (0.000 sec)
BEST SCORE FOUND : -961.475

Testing tree branches by SH-like aLRT with 1000 replicates...
0.009 sec.
Creating bootstrap support values...
Split supports printed to NEXUS file ../results/molecular_evolution_analyses/phylogenetic_trees/F45744_MLIG_G1/F45744_MLIG_G1.splits.nex
Total tree length: 0.565

Total number of iterations: 101
CPU time used for tree search: 0.627 sec (0h:0m:0s)
Wall-clock time used for tree search: 0.440 sec (0h:0m:0s)
Total CPU time used: 0.655 sec (0h:0m:0s)
Total wall-clock time used: 0.471 sec (0h:0m:0s)

Computing bootstrap consensus tree...
Reading input file ../results/molecular_evolution_analyses/phylogenetic_trees/F45744_MLIG_G1/F45744_MLIG_G1.splits.nex...
5 taxa and 9 splits.
Consensus tree written to ../results/molecular_evolution_analyses/phylogenetic_trees/F45744_MLIG_G1/F45744_MLIG_G1.contree
Reading input trees file ../results/molecular_evolution_analyses/phylogenetic_trees/F45744_MLIG_G1/F45744_MLIG_G1.contree
Log-likelihood of consensus tree: -961.476

Analysis results written to: 
  IQ-TREE report:                ../results/molecular_evolution_analyses/phylogenetic_trees/F45744_MLIG_G1/F45744_MLIG_G1.iqtree
  Maximum-likelihood tree:       ../results/molecular_evolution_analyses/phylogenetic_trees/F45744_MLIG_G1/F45744_MLIG_G1.treefile
  Likelihood distances:          ../results/molecular_evolution_analyses/phylogenetic_trees/F45744_MLIG_G1/F45744_MLIG_G1.mldist

Ultrafast bootstrap approximation results written to:
  Split support values:          ../results/molecular_evolution_analyses/phylogenetic_trees/F45744_MLIG_G1/F45744_MLIG_G1.splits.nex
  Consensus tree:                ../results/molecular_evolution_analyses/phylogenetic_trees/F45744_MLIG_G1/F45744_MLIG_G1.contree
  Screen log file:               ../results/molecular_evolution_analyses/phylogenetic_trees/F45744_MLIG_G1/F45744_MLIG_G1.log

Date and Time: Wed May  1 09:15:12 2024
