IQ-TREE multicore version 2.2.2.6 COVID-edition for Linux 64-bit built May 27 2023
Developed by Bui Quang Minh, James Barbetti, Nguyen Lam Tung,
Olga Chernomor, Heiko Schmidt, Dominik Schrempf, Michael Woodhams, Ly Trong Nhan.

Host:    lbc5 (AVX2, FMA3, 125 GB RAM)
Command: /home/mauricio/mauricio_PROGRAMAS/iqtree-2.2.2.6-Linux/bin/iqtree2 -s ../results/molecular_evolution_analyses/alignments_gblocks/F35309_MLIG_G1/F35309_MLIG_G1.aln.gblo -m TEST --threads-max 32 --alrt 1000 --ufboot 1000 --prefix ../results/molecular_evolution_analyses/phylogenetic_trees/F35309_MLIG_G1/F35309_MLIG_G1 -keep-ident -redo
Seed:    858823 (Using SPRNG - Scalable Parallel Random Number Generator)
Time:    Wed May  1 11:10:38 2024
Kernel:  AVX+FMA - 1 threads (32 CPU cores detected)

HINT: Use -nt option to specify number of threads because your CPU has 32 cores!
HINT: -nt AUTO will automatically determine the best number of threads to use.

Reading alignment file ../results/molecular_evolution_analyses/alignments_gblocks/F35309_MLIG_G1/F35309_MLIG_G1.aln.gblo ... Fasta format detected
Reading fasta file: done in 5.4121e-05 secs
Alignment most likely contains protein sequences
Constructing alignment: done in 0.000180006 secs
Alignment has 5 sequences with 171 columns, 41 distinct patterns
28 parsimony-informative, 0 singleton sites, 143 constant sites
            Gap/Ambiguity  Composition  p-value
Analyzing sequences: done in 6.91414e-06 secs
   1  Mlig.2618     0.00%    passed    100.00%
   2  Mlig.43656    0.00%    passed    100.00%
   3  Mlig.14381    0.00%    passed    100.00%
   4  Mlig.21174    0.00%    passed    100.00%
   5  Mlig.21175    0.00%    passed    100.00%
****  TOTAL         0.00%  0 sequences failed composition chi2 test (p-value<5%; df=19)


Create initial parsimony tree by phylogenetic likelihood library (PLL)... 0.000 seconds
Perform fast likelihood tree search using LG+I+G model...
Estimate model parameters (epsilon = 5.000)
Perform nearest neighbor interchange...
Optimizing NNI: done in 0.000906944 secs using 80.05% CPU
Estimate model parameters (epsilon = 1.000)
1. Initial log-likelihood: -626.575
Optimal log-likelihood: -626.564
Proportion of invariable sites: 0.416
Gamma shape alpha: 998.441
Parameters optimization took 1 rounds (0.002 sec)
Time for fast ML tree search: 0.007 seconds

NOTE: ModelFinder requires 0 MB RAM!
ModelFinder will test up to 224 protein models (sample size: 171) ...
 No. Model         -LnL         df  AIC          AICc         BIC
  1  LG            626.004      7   1266.008     1266.695     1288.000
  2  LG+I          626.004      8   1268.008     1268.897     1293.141
  3  LG+G4         626.005      8   1268.009     1268.898     1293.142
  4  LG+I+G4       626.554      9   1271.107     1272.225     1299.382
  5  LG+F          614.644      26  1281.288     1291.038     1362.971
  6  LG+F+I        614.644      27  1283.288     1293.861     1368.113
  7  LG+F+G4       614.644      27  1283.289     1293.862     1368.114
  9  WAG           632.237      7   1278.474     1279.161     1300.465
 10  WAG+I         632.237      8   1280.474     1281.362     1305.607
 11  WAG+G4        632.237      8   1280.475     1281.364     1305.608
 13  WAG+F         617.918      26  1287.836     1297.586     1369.519
 14  WAG+F+I       617.918      27  1289.836     1300.409     1374.661
 15  WAG+F+G4      617.919      27  1289.837     1300.411     1374.662
 17  JTT           625.195      7   1264.390     1265.077     1286.382
 18  JTT+I         625.195      8   1266.390     1267.279     1291.523
 19  JTT+G4        625.196      8   1266.392     1267.281     1291.525
 21  JTT+F         613.342      26  1278.684     1288.434     1360.367
 22  JTT+F+I       613.342      27  1280.684     1291.257     1365.509
 23  JTT+F+G4      613.343      27  1280.685     1291.259     1365.510
WARNING: Normalizing state frequencies so that sum of them equals to 1
 25  Q.pfam        627.132      7   1268.263     1268.951     1290.255
WARNING: Normalizing state frequencies so that sum of them equals to 1
 26  Q.pfam+I      627.132      8   1270.263     1271.152     1295.397
WARNING: Normalizing state frequencies so that sum of them equals to 1
 27  Q.pfam+G4     627.132      8   1270.264     1271.153     1295.398
WARNING: Normalizing state frequencies so that sum of them equals to 1
 29  Q.pfam+F      615.952      26  1283.904     1293.654     1365.587
WARNING: Normalizing state frequencies so that sum of them equals to 1
 30  Q.pfam+F+I    615.952      27  1285.904     1296.477     1370.729
WARNING: Normalizing state frequencies so that sum of them equals to 1
 31  Q.pfam+F+G4   615.952      27  1285.905     1296.478     1370.730
WARNING: Normalizing state frequencies so that sum of them equals to 1
 33  Q.bird        625.328      7   1264.656     1265.343     1286.648
WARNING: Normalizing state frequencies so that sum of them equals to 1
 34  Q.bird+I      625.328      8   1266.656     1267.545     1291.789
WARNING: Normalizing state frequencies so that sum of them equals to 1
 35  Q.bird+G4     625.328      8   1266.657     1267.546     1291.790
WARNING: Normalizing state frequencies so that sum of them equals to 1
 37  Q.bird+F      611.381      26  1274.762     1284.512     1356.445
WARNING: Normalizing state frequencies so that sum of them equals to 1
 38  Q.bird+F+I    611.381      27  1276.762     1287.336     1361.587
WARNING: Normalizing state frequencies so that sum of them equals to 1
 39  Q.bird+F+G4   611.381      27  1276.763     1287.336     1361.588
WARNING: Normalizing state frequencies so that sum of them equals to 1
 41  Q.mammal      627.437      7   1268.874     1269.561     1290.865
WARNING: Normalizing state frequencies so that sum of them equals to 1
 42  Q.mammal+I    627.437      8   1270.874     1271.763     1296.007
WARNING: Normalizing state frequencies so that sum of them equals to 1
 43  Q.mammal+G4   627.438      8   1270.875     1271.764     1296.008
WARNING: Normalizing state frequencies so that sum of them equals to 1
 45  Q.mammal+F    612.216      26  1276.432     1286.182     1358.115
WARNING: Normalizing state frequencies so that sum of them equals to 1
 46  Q.mammal+F+I  612.216      27  1278.432     1289.006     1363.257
WARNING: Normalizing state frequencies so that sum of them equals to 1
 47  Q.mammal+F+G4 612.217      27  1278.433     1289.007     1363.258
 49  Q.insect      631.346      7   1276.692     1277.379     1298.683
 50  Q.insect+I    631.346      8   1278.692     1279.581     1303.825
 51  Q.insect+G4   631.346      8   1278.693     1279.582     1303.826
 53  Q.insect+F    614.874      26  1281.748     1291.498     1363.431
 54  Q.insect+F+I  614.874      27  1283.748     1294.321     1368.573
 55  Q.insect+F+G4 614.874      27  1283.749     1294.322     1368.574
WARNING: Normalizing state frequencies so that sum of them equals to 1
 57  Q.plant       624.735      7   1263.470     1264.157     1285.462
WARNING: Normalizing state frequencies so that sum of them equals to 1
 58  Q.plant+I     624.735      8   1265.470     1266.359     1290.603
WARNING: Normalizing state frequencies so that sum of them equals to 1
 59  Q.plant+G4    624.735      8   1265.470     1266.359     1290.604
WARNING: Normalizing state frequencies so that sum of them equals to 1
 61  Q.plant+F     611.559      26  1275.118     1284.868     1356.801
WARNING: Normalizing state frequencies so that sum of them equals to 1
 62  Q.plant+F+I   611.559      27  1277.118     1287.691     1361.943
WARNING: Normalizing state frequencies so that sum of them equals to 1
 63  Q.plant+F+G4  611.559      27  1277.118     1287.692     1361.943
WARNING: Normalizing state frequencies so that sum of them equals to 1
 65  Q.yeast       632.273      7   1278.545     1279.232     1300.537
WARNING: Normalizing state frequencies so that sum of them equals to 1
 66  Q.yeast+I     632.273      8   1280.545     1281.434     1305.679
WARNING: Normalizing state frequencies so that sum of them equals to 1
 67  Q.yeast+G4    632.273      8   1280.546     1281.435     1305.680
WARNING: Normalizing state frequencies so that sum of them equals to 1
 69  Q.yeast+F     614.520      26  1281.041     1290.791     1362.724
WARNING: Normalizing state frequencies so that sum of them equals to 1
 70  Q.yeast+F+I   614.520      27  1283.041     1293.614     1367.866
WARNING: Normalizing state frequencies so that sum of them equals to 1
 71  Q.yeast+F+G4  614.521      27  1283.042     1293.615     1367.867
 73  JTTDCMut      625.239      7   1264.478     1265.165     1286.470
 74  JTTDCMut+I    625.239      8   1266.478     1267.367     1291.611
 75  JTTDCMut+G4   625.240      8   1266.480     1267.368     1291.613
 77  JTTDCMut+F    613.344      26  1278.688     1288.438     1360.371
 78  JTTDCMut+F+I  613.344      27  1280.688     1291.262     1365.513
 79  JTTDCMut+F+G4 613.345      27  1280.690     1291.263     1365.515
 81  DCMut         642.519      7   1299.038     1299.725     1321.029
 82  DCMut+I       642.385      8   1300.769     1301.658     1325.903
 83  DCMut+G4      642.384      8   1300.767     1301.656     1325.901
 85  DCMut+F       621.932      26  1295.865     1305.615     1377.548
 86  DCMut+F+I     621.392      27  1296.784     1307.357     1381.609
 87  DCMut+F+G4    621.444      27  1296.889     1307.462     1381.714
 89  VT            629.550      7   1273.101     1273.788     1295.092
 90  VT+I          629.550      8   1275.101     1275.989     1300.234
 91  VT+G4         629.551      8   1275.102     1275.991     1300.236
 93  VT+F          617.512      26  1287.024     1296.774     1368.707
 94  VT+F+I        617.512      27  1289.024     1299.597     1373.849
 95  VT+F+G4       617.513      27  1289.025     1299.599     1373.850
 97  PMB           636.703      7   1287.407     1288.094     1309.398
 98  PMB+I         636.703      8   1289.407     1290.296     1314.540
 99  PMB+G4        636.704      8   1289.408     1290.297     1314.542
101  PMB+F         620.254      26  1292.509     1302.259     1374.192
102  PMB+F+I       620.254      27  1294.509     1305.082     1379.334
103  PMB+F+G4      620.255      27  1294.510     1305.084     1379.335
105  Blosum62      635.445      7   1284.890     1285.577     1306.881
106  Blosum62+I    635.445      8   1286.890     1287.779     1312.023
107  Blosum62+G4   635.446      8   1286.891     1287.780     1312.024
109  Blosum62+F    620.400      26  1292.800     1302.550     1374.484
110  Blosum62+F+I  620.400      27  1294.800     1305.374     1379.625
111  Blosum62+F+G4 620.401      27  1294.802     1305.375     1379.627
113  Dayhoff       642.397      7   1298.795     1299.482     1320.786
114  Dayhoff+I     642.291      8   1300.582     1301.470     1325.715
115  Dayhoff+G4    642.290      8   1300.580     1301.469     1325.713
117  Dayhoff+F     621.811      26  1295.623     1305.373     1377.306
118  Dayhoff+F+I   621.311      27  1296.623     1307.196     1381.448
119  Dayhoff+F+G4  621.364      27  1296.728     1307.301     1381.553
121  mtREV         676.418      7   1366.836     1367.523     1388.827
122  mtREV+I       675.568      8   1367.137     1368.026     1392.270
123  mtREV+G4      675.533      8   1367.067     1367.955     1392.200
125  mtREV+F       621.650      26  1295.299     1305.049     1376.983
126  mtREV+F+I     621.220      27  1296.439     1307.013     1381.264
127  mtREV+F+G4    621.183      27  1296.366     1306.940     1381.191
129  mtART         680.477      7   1374.955     1375.642     1396.946
130  mtART+I       676.424      8   1368.849     1369.738     1393.982
131  mtART+G4      676.602      8   1369.203     1370.092     1394.337
133  mtART+F       622.872      26  1297.745     1307.495     1379.428
134  mtART+F+I     620.385      27  1294.769     1305.343     1379.594
135  mtART+F+G4    620.431      27  1294.863     1305.436     1379.688
137  mtZOA         669.888      7   1353.775     1354.462     1375.767
138  mtZOA+I       669.062      8   1354.124     1355.013     1379.257
139  mtZOA+G4      669.126      8   1354.252     1355.141     1379.386
141  mtZOA+F       617.273      26  1286.545     1296.295     1368.229
142  mtZOA+F+I     617.043      27  1288.086     1298.659     1372.910
143  mtZOA+F+G4    617.047      27  1288.093     1298.667     1372.918
145  mtMet         679.587      7   1373.174     1373.861     1395.165
146  mtMet+I       679.446      8   1374.892     1375.780     1400.025
147  mtMet+G4      679.433      8   1374.865     1375.754     1399.998
149  mtMet+F       618.398      26  1288.797     1298.547     1370.480
150  mtMet+F+I     618.302      27  1290.604     1301.178     1375.429
151  mtMet+F+G4    618.296      27  1290.592     1301.165     1375.417
153  mtVer         685.904      7   1385.808     1386.495     1407.800
154  mtVer+I       684.792      8   1385.585     1386.474     1410.718
155  mtVer+G4      684.724      8   1385.449     1386.338     1410.582
157  mtVer+F       624.014      26  1300.029     1309.779     1381.712
158  mtVer+F+I     622.669      27  1299.338     1309.912     1384.163
159  mtVer+F+G4    622.651      27  1299.302     1309.875     1384.127
161  mtInv         688.867      7   1391.733     1392.420     1413.725
162  mtInv+I       688.867      8   1393.733     1394.622     1418.866
163  mtInv+G4      688.867      8   1393.733     1394.622     1418.866
165  mtInv+F       617.643      26  1287.286     1297.036     1368.969
166  mtInv+F+I     617.649      27  1289.298     1299.872     1374.123
167  mtInv+F+G4    617.668      27  1289.337     1299.910     1374.162
169  mtMAM         681.527      7   1377.054     1377.742     1399.046
170  mtMAM+I       678.675      8   1373.349     1374.238     1398.482
171  mtMAM+G4      678.697      8   1373.395     1374.284     1398.528
173  mtMAM+F       623.689      26  1299.379     1309.129     1381.062
174  mtMAM+F+I     622.041      27  1298.082     1308.656     1382.907
175  mtMAM+F+G4    622.039      27  1298.078     1308.651     1382.902
WARNING: Normalizing state frequencies so that sum of them equals to 1
177  FLAVI         627.083      7   1268.166     1268.854     1290.158
WARNING: Normalizing state frequencies so that sum of them equals to 1
178  FLAVI+I       626.936      8   1269.871     1270.760     1295.005
WARNING: Normalizing state frequencies so that sum of them equals to 1
179  FLAVI+G4      626.908      8   1269.816     1270.704     1294.949
WARNING: Normalizing state frequencies so that sum of them equals to 1
181  FLAVI+F       610.902      26  1273.805     1283.555     1355.488
WARNING: Normalizing state frequencies so that sum of them equals to 1
182  FLAVI+F+I     610.709      27  1275.417     1285.991     1360.242
WARNING: Normalizing state frequencies so that sum of them equals to 1
183  FLAVI+F+G4    610.675      27  1275.349     1285.923     1360.174
185  HIVb          632.071      7   1278.142     1278.829     1300.134
186  HIVb+I        631.957      8   1279.914     1280.803     1305.047
187  HIVb+G4       631.929      8   1279.859     1280.748     1304.992
189  HIVb+F        615.306      26  1282.611     1292.361     1364.294
190  HIVb+F+I      615.177      27  1284.354     1294.928     1369.179
191  HIVb+F+G4     615.153      27  1284.307     1294.880     1369.132
193  HIVw          636.901      7   1287.802     1288.489     1309.794
194  HIVw+I        636.786      8   1289.572     1290.461     1314.705
195  HIVw+G4       636.749      8   1289.498     1290.387     1314.631
197  HIVw+F        615.252      26  1282.504     1292.254     1364.188
198  HIVw+F+I      615.069      27  1284.138     1294.712     1368.963
199  HIVw+F+G4     615.030      27  1284.059     1294.633     1368.884
201  FLU           629.217      7   1272.433     1273.120     1294.425
202  FLU+I         629.217      8   1274.433     1275.322     1299.567
203  FLU+G4        629.217      8   1274.434     1275.323     1299.567
205  FLU+F         609.365      26  1270.729     1280.479     1352.413
206  FLU+F+I       609.365      27  1272.729     1283.303     1357.554
207  FLU+F+G4      609.365      27  1272.730     1283.304     1357.555
209  rtREV         639.240      7   1292.479     1293.166     1314.471
210  rtREV+I       639.240      8   1294.479     1295.368     1319.612
211  rtREV+G4      639.240      8   1294.479     1295.368     1319.613
213  rtREV+F       617.374      26  1286.748     1296.498     1368.431
214  rtREV+F+I     617.374      27  1288.748     1299.321     1373.573
215  rtREV+F+G4    617.374      27  1288.748     1299.322     1373.573
217  cpREV         631.747      7   1277.494     1278.181     1299.485
218  cpREV+I       631.747      8   1279.494     1280.383     1304.627
219  cpREV+G4      631.747      8   1279.494     1280.383     1304.627
221  cpREV+F       617.279      26  1286.558     1296.308     1368.241
222  cpREV+F+I     617.282      27  1288.564     1299.137     1373.389
223  cpREV+F+G4    617.280      27  1288.561     1299.134     1373.386
Akaike Information Criterion:           Q.plant
Corrected Akaike Information Criterion: Q.plant
Bayesian Information Criterion:         Q.plant
Best-fit model: Q.plant chosen according to BIC

All model information printed to ../results/molecular_evolution_analyses/phylogenetic_trees/F35309_MLIG_G1/F35309_MLIG_G1.model.gz
CPU time for ModelFinder: 0.398 seconds (0h:0m:0s)
Wall-clock time for ModelFinder: 0.398 seconds (0h:0m:0s)
Generating 1000 samples for ultrafast bootstrap (seed: 858823)...
WARNING: Normalizing state frequencies so that sum of them equals to 1

NOTE: 0 MB RAM (0 GB) is required!
Estimate model parameters (epsilon = 0.100)
1. Initial log-likelihood: -624.735
Optimal log-likelihood: -624.735
Parameters optimization took 1 rounds (0.000 sec)
Wrote distance file to... 
Computing ML distances based on estimated model parameters...
Calculating distance matrix: done in 0.000642061 secs using 99.21% CPU
Computing ML distances took 0.000663 sec (of wall-clock time) 0.000657 sec (of CPU time)
Setting up auxiliary I and S matrices: done in 3.19481e-05 secs using 103.3% CPU
Constructing RapidNJ tree: done in 1.81198e-05 secs using 93.82% CPU
Computing RapidNJ tree took 0.000103 sec (of wall-clock time) 0.000102 sec (of CPU time)
Log-likelihood of RapidNJ tree: -624.735
--------------------------------------------------------------------
|             INITIALIZING CANDIDATE TREE SET                      |
--------------------------------------------------------------------
Generating 99 parsimony trees... 0.009 second
Computing log-likelihood of 8 initial trees ... 0.001 seconds
Current best score: -624.735

Do NNI search on 9 best initial trees
Optimizing NNI: done in 0.000430107 secs using 196.5% CPU
Optimizing NNI: done in 0.000404119 secs using 196.2% CPU
Optimizing NNI: done in 0.000484943 secs using 195.9% CPU
Optimizing NNI: done in 0.000896931 secs using 199.2% CPU
Optimizing NNI: done in 0.00088501 secs using 200% CPU
Optimizing NNI: done in 0.000895977 secs using 199.8% CPU
Optimizing NNI: done in 0.000895023 secs using 199.9% CPU
Optimizing NNI: done in 0.000904083 secs using 199.6% CPU
Optimizing NNI: done in 0.000890017 secs using 200.2% CPU
Finish initializing candidate tree set (9)
Current best tree score: -624.735 / CPU time: 0.020
Number of iterations: 9
--------------------------------------------------------------------
|               OPTIMIZING CANDIDATE TREE SET                      |
--------------------------------------------------------------------
Optimizing NNI: done in 0.000785112 secs using 200.1% CPU
Iteration 10 / LogL: -624.736 / Time: 0h:0m:0s
Optimizing NNI: done in 0.000731945 secs using 199.9% CPU
Optimizing NNI: done in 0.000836849 secs using 198.8% CPU
Optimizing NNI: done in 0.000349998 secs using 200.3% CPU
Optimizing NNI: done in 0.00117111 secs using 200% CPU
Optimizing NNI: done in 0.000341892 secs using 200.4% CPU
Optimizing NNI: done in 0.00078702 secs using 199.9% CPU
Optimizing NNI: done in 0.000745058 secs using 199.7% CPU
Optimizing NNI: done in 0.00126195 secs using 199.8% CPU
Optimizing NNI: done in 0.00117898 secs using 199.9% CPU
Optimizing NNI: done in 0.00175118 secs using 199.9% CPU
Iteration 20 / LogL: -624.736 / Time: 0h:0m:0s
Optimizing NNI: done in 0.000782967 secs using 200.1% CPU
Optimizing NNI: done in 0.00173998 secs using 200.1% CPU
Optimizing NNI: done in 0.000750065 secs using 200.2% CPU
Optimizing NNI: done in 0.000339031 secs using 199.7% CPU
Optimizing NNI: done in 0.00117493 secs using 199.4% CPU
Optimizing NNI: done in 0.00125599 secs using 199.9% CPU
Optimizing NNI: done in 0.001719 secs using 200% CPU
Optimizing NNI: done in 0.000422955 secs using 199.5% CPU
Optimizing NNI: done in 0.00117898 secs using 199.8% CPU
Optimizing NNI: done in 0.000349998 secs using 200.6% CPU
Iteration 30 / LogL: -624.735 / Time: 0h:0m:0s (0h:0m:0s left)
Optimizing NNI: done in 0.00078702 secs using 195.9% CPU
Optimizing NNI: done in 0.000808001 secs using 199.9% CPU
Optimizing NNI: done in 0.000778913 secs using 199.8% CPU
Optimizing NNI: done in 0.000427961 secs using 199.8% CPU
Optimizing NNI: done in 0.000778198 secs using 200.1% CPU
Optimizing NNI: done in 0.000335932 secs using 200.9% CPU
Optimizing NNI: done in 0.000735998 secs using 197.4% CPU
Optimizing NNI: done in 0.000341892 secs using 200.1% CPU
Optimizing NNI: done in 0.000336885 secs using 200.4% CPU
Optimizing NNI: done in 0.00117207 secs using 200% CPU
Iteration 40 / LogL: -624.735 / Time: 0h:0m:0s (0h:0m:0s left)
Optimizing NNI: done in 0.000732899 secs using 200.2% CPU
Optimizing NNI: done in 0.000723839 secs using 200% CPU
Optimizing NNI: done in 0.000741005 secs using 199.6% CPU
Optimizing NNI: done in 0.000786066 secs using 199.9% CPU
Optimizing NNI: done in 0.000831127 secs using 199.8% CPU
Optimizing NNI: done in 0.000747204 secs using 200.1% CPU
Optimizing NNI: done in 0.000829935 secs using 199.7% CPU
Optimizing NNI: done in 0.000345945 secs using 199.5% CPU
Optimizing NNI: done in 0.000344992 secs using 200% CPU
Optimizing NNI: done in 0.000773191 secs using 200.2% CPU
Iteration 50 / LogL: -624.736 / Time: 0h:0m:0s (0h:0m:0s left)
Log-likelihood cutoff on original alignment: -624.887
Optimizing NNI: done in 0.000838995 secs using 199.9% CPU
Optimizing NNI: done in 0.000766993 secs using 200% CPU
Optimizing NNI: done in 0.000339031 secs using 199.7% CPU
Optimizing NNI: done in 0.00125885 secs
Optimizing NNI: done in 0.00117207 secs using 196% CPU
Optimizing NNI: done in 0.00127482 secs using 195% CPU
Optimizing NNI: done in 0.000741005 secs using 123.1% CPU
Optimizing NNI: done in 0.00033617 secs using 97.27% CPU
Optimizing NNI: done in 0.000749826 secs using 99.89% CPU
Optimizing NNI: done in 0.00169396 secs using 100% CPU
Iteration 60 / LogL: -624.736 / Time: 0h:0m:0s (0h:0m:0s left)
Optimizing NNI: done in 0.00080204 secs using 100% CPU
Optimizing NNI: done in 0.000735998 secs using 99.86% CPU
Optimizing NNI: done in 0.000730991 secs using 100% CPU
Optimizing NNI: done in 0.00171781 secs using 99.95% CPU
Optimizing NNI: done in 0.000343084 secs using 99.98% CPU
Optimizing NNI: done in 0.00172901 secs using 100% CPU
Optimizing NNI: done in 0.000751972 secs using 99.87% CPU
Optimizing NNI: done in 0.000782967 secs using 100% CPU
Optimizing NNI: done in 0.00116992 secs using 100% CPU
Optimizing NNI: done in 0.00172687 secs using 100% CPU
Iteration 70 / LogL: -624.736 / Time: 0h:0m:0s (0h:0m:0s left)
Optimizing NNI: done in 0.000339985 secs using 100% CPU
Optimizing NNI: done in 0.000763893 secs using 100% CPU
Optimizing NNI: done in 0.000339031 secs using 98.52% CPU
Optimizing NNI: done in 0.00174499 secs using 99.89% CPU
Optimizing NNI: done in 0.000757933 secs using 100% CPU
Optimizing NNI: done in 0.000331879 secs using 100.3% CPU
Optimizing NNI: done in 0.000772953 secs using 100% CPU
Optimizing NNI: done in 0.00125504 secs using 100% CPU
Optimizing NNI: done in 0.000342131 secs using 99.96% CPU
Optimizing NNI: done in 0.000756979 secs using 100% CPU
Iteration 80 / LogL: -624.735 / Time: 0h:0m:0s (0h:0m:0s left)
Optimizing NNI: done in 0.000345945 secs using 100% CPU
Optimizing NNI: done in 0.000775099 secs using 99.99% CPU
Optimizing NNI: done in 0.000766039 secs using 99.99% CPU
Optimizing NNI: done in 0.00117803 secs using 100% CPU
Optimizing NNI: done in 0.000823975 secs using 100% CPU
Optimizing NNI: done in 0.00171399 secs using 100% CPU
Optimizing NNI: done in 0.000758171 secs using 99.98% CPU
Optimizing NNI: done in 0.000750065 secs using 99.99% CPU
Optimizing NNI: done in 0.000823021 secs using 100% CPU
Optimizing NNI: done in 0.00117803 secs using 99.91% CPU
Iteration 90 / LogL: -624.735 / Time: 0h:0m:0s (0h:0m:0s left)
Optimizing NNI: done in 0.00081706 secs using 99.99% CPU
Optimizing NNI: done in 0.00116777 secs using 100.1% CPU
Optimizing NNI: done in 0.00118089 secs using 100% CPU
Optimizing NNI: done in 0.000344038 secs using 99.99% CPU
Optimizing NNI: done in 0.000344038 secs using 99.99% CPU
Optimizing NNI: done in 0.000792027 secs using 99.87% CPU
Optimizing NNI: done in 0.000336885 secs using 100.3% CPU
Optimizing NNI: done in 0.0011611 secs using 99.99% CPU
Optimizing NNI: done in 0.00173402 secs using 99.94% CPU
Optimizing NNI: done in 0.00171089 secs using 100% CPU
Iteration 100 / LogL: -624.736 / Time: 0h:0m:0s (0h:0m:0s left)
Log-likelihood cutoff on original alignment: -624.887
NOTE: Bootstrap correlation coefficient of split occurrence frequencies: 0.998
Optimizing NNI: done in 0.000824928 secs using 100% CPU
TREE SEARCH COMPLETED AFTER 101 ITERATIONS / Time: 0h:0m:0s

--------------------------------------------------------------------
|                    FINALIZING TREE SEARCH                        |
--------------------------------------------------------------------
Performs final model parameters optimization
Estimate model parameters (epsilon = 0.010)
1. Initial log-likelihood: -624.735
Optimal log-likelihood: -624.735
Parameters optimization took 1 rounds (0.000 sec)
BEST SCORE FOUND : -624.735

Testing tree branches by SH-like aLRT with 1000 replicates...
0.008 sec.
Creating bootstrap support values...
Split supports printed to NEXUS file ../results/molecular_evolution_analyses/phylogenetic_trees/F35309_MLIG_G1/F35309_MLIG_G1.splits.nex
Total tree length: 0.188

Total number of iterations: 101
CPU time used for tree search: 0.549 sec (0h:0m:0s)
Wall-clock time used for tree search: 0.368 sec (0h:0m:0s)
Total CPU time used: 0.577 sec (0h:0m:0s)
Total wall-clock time used: 0.396 sec (0h:0m:0s)

Computing bootstrap consensus tree...
Reading input file ../results/molecular_evolution_analyses/phylogenetic_trees/F35309_MLIG_G1/F35309_MLIG_G1.splits.nex...
5 taxa and 9 splits.
Consensus tree written to ../results/molecular_evolution_analyses/phylogenetic_trees/F35309_MLIG_G1/F35309_MLIG_G1.contree
Reading input trees file ../results/molecular_evolution_analyses/phylogenetic_trees/F35309_MLIG_G1/F35309_MLIG_G1.contree
Log-likelihood of consensus tree: -624.736

Analysis results written to: 
  IQ-TREE report:                ../results/molecular_evolution_analyses/phylogenetic_trees/F35309_MLIG_G1/F35309_MLIG_G1.iqtree
  Maximum-likelihood tree:       ../results/molecular_evolution_analyses/phylogenetic_trees/F35309_MLIG_G1/F35309_MLIG_G1.treefile
  Likelihood distances:          ../results/molecular_evolution_analyses/phylogenetic_trees/F35309_MLIG_G1/F35309_MLIG_G1.mldist

Ultrafast bootstrap approximation results written to:
  Split support values:          ../results/molecular_evolution_analyses/phylogenetic_trees/F35309_MLIG_G1/F35309_MLIG_G1.splits.nex
  Consensus tree:                ../results/molecular_evolution_analyses/phylogenetic_trees/F35309_MLIG_G1/F35309_MLIG_G1.contree
  Screen log file:               ../results/molecular_evolution_analyses/phylogenetic_trees/F35309_MLIG_G1/F35309_MLIG_G1.log

Date and Time: Wed May  1 11:10:39 2024
