IQ-TREE multicore version 2.2.2.6 COVID-edition for Linux 64-bit built May 27 2023
Developed by Bui Quang Minh, James Barbetti, Nguyen Lam Tung,
Olga Chernomor, Heiko Schmidt, Dominik Schrempf, Michael Woodhams, Ly Trong Nhan.

Host:    lbc5 (AVX2, FMA3, 125 GB RAM)
Command: /home/mauricio/mauricio_PROGRAMAS/iqtree-2.2.2.6-Linux/bin/iqtree2 -s ../results/molecular_evolution_analyses/alignments_gblocks/F49175_MLIG_G1/F49175_MLIG_G1.aln.gblo -m TEST --threads-max 32 --alrt 1000 --ufboot 1000 --prefix ../results/molecular_evolution_analyses/phylogenetic_trees/F49175_MLIG_G1/F49175_MLIG_G1 -keep-ident -redo
Seed:    422751 (Using SPRNG - Scalable Parallel Random Number Generator)
Time:    Wed May  1 09:55:05 2024
Kernel:  AVX+FMA - 1 threads (32 CPU cores detected)

HINT: Use -nt option to specify number of threads because your CPU has 32 cores!
HINT: -nt AUTO will automatically determine the best number of threads to use.

Reading alignment file ../results/molecular_evolution_analyses/alignments_gblocks/F49175_MLIG_G1/F49175_MLIG_G1.aln.gblo ... Fasta format detected
Reading fasta file: done in 0.000145912 secs
Alignment most likely contains protein sequences
Constructing alignment: done in 0.000672817 secs
Alignment has 8 sequences with 616 columns, 461 distinct patterns
352 parsimony-informative, 109 singleton sites, 155 constant sites
            Gap/Ambiguity  Composition  p-value
Analyzing sequences: done in 1.5974e-05 secs
   1  Mlig.41902    0.00%    passed     88.09%
   2  Mlig.45653    0.00%    passed     98.94%
   3  Mlig.23824    0.00%    passed     99.09%
   4  Mlig.26386    0.00%    passed     93.10%
   5  Mlig.48087    0.00%    passed     99.99%
   6  Mlig.41500    0.00%    passed    100.00%
   7  Mlig.28296    0.00%    passed    100.00%
   8  Mlig.41499    0.00%    passed    100.00%
****  TOTAL         0.00%  0 sequences failed composition chi2 test (p-value<5%; df=19)


Create initial parsimony tree by phylogenetic likelihood library (PLL)... 0.001 seconds
Perform fast likelihood tree search using LG+I+G model...
Estimate model parameters (epsilon = 5.000)
Perform nearest neighbor interchange...
Optimizing NNI: done in 0.042944 secs using 99.97% CPU
Estimate model parameters (epsilon = 1.000)
1. Initial log-likelihood: -6036.815
Optimal log-likelihood: -6036.783
Proportion of invariable sites: 0.122
Gamma shape alpha: 2.256
Parameters optimization took 1 rounds (0.016 sec)
Time for fast ML tree search: 0.126 seconds

NOTE: ModelFinder requires 4 MB RAM!
ModelFinder will test up to 224 protein models (sample size: 616) ...
 No. Model         -LnL         df  AIC          AICc         BIC
  1  LG            6110.700     13  12247.399    12248.004    12304.902
  2  LG+I          6049.995     14  12127.990    12128.689    12189.915
  3  LG+G4         6038.956     14  12105.913    12106.611    12167.838
  4  LG+I+G4       6036.751     15  12103.502    12104.302    12169.850
  7  LG+F+G4       5997.444     33  12060.887    12064.743    12206.855
  8  LG+F+I+G4     5995.121     34  12058.243    12062.339    12208.633
 11  WAG+G4        6057.636     14  12143.272    12143.971    12205.198
 12  WAG+I+G4      6049.529     15  12129.059    12129.859    12195.407
 15  WAG+F+G4      6012.917     33  12091.834    12095.690    12237.801
 16  WAG+F+I+G4    6005.645     34  12079.290    12083.387    12229.681
 19  JTT+G4        6076.682     14  12181.364    12182.062    12243.289
 20  JTT+I+G4      6072.037     15  12174.074    12174.874    12240.423
 23  JTT+F+G4      6047.657     33  12161.315    12165.170    12307.282
 24  JTT+F+I+G4    6043.106     34  12154.213    12158.309    12304.603
WARNING: Normalizing state frequencies so that sum of them equals to 1
 27  Q.pfam+G4     6033.759     14  12095.519    12096.217    12157.444
WARNING: Normalizing state frequencies so that sum of them equals to 1
 28  Q.pfam+I+G4   6031.719     15  12093.438    12094.238    12159.787
WARNING: Normalizing state frequencies so that sum of them equals to 1
 31  Q.pfam+F+G4   5999.561     33  12065.122    12068.977    12211.089
WARNING: Normalizing state frequencies so that sum of them equals to 1
 32  Q.pfam+F+I+G4 5997.472     34  12062.943    12067.040    12213.334
WARNING: Normalizing state frequencies so that sum of them equals to 1
 35  Q.bird+G4     6153.543     14  12335.086    12335.785    12397.011
WARNING: Normalizing state frequencies so that sum of them equals to 1
 36  Q.bird+I+G4   6152.112     15  12334.224    12335.024    12400.573
WARNING: Normalizing state frequencies so that sum of them equals to 1
 39  Q.bird+F+G4   6142.639     33  12351.278    12355.134    12497.245
WARNING: Normalizing state frequencies so that sum of them equals to 1
 40  Q.bird+F+I+G4 6141.528     34  12351.056    12355.152    12501.446
WARNING: Normalizing state frequencies so that sum of them equals to 1
 43  Q.mammal+G4   6122.352     14  12272.704    12273.402    12334.629
WARNING: Normalizing state frequencies so that sum of them equals to 1
 44  Q.mammal+I+G4 6121.006     15  12272.011    12272.811    12338.360
WARNING: Normalizing state frequencies so that sum of them equals to 1
 47  Q.mammal+F+G4 6111.158     33  12288.316    12292.172    12434.284
WARNING: Normalizing state frequencies so that sum of them equals to 1
 48  Q.mammal+F+I+G4 6110.049     34  12288.097    12292.194    12438.488
 51  Q.insect+G4   6088.950     14  12205.899    12206.598    12267.825
 52  Q.insect+I+G4 6087.791     15  12205.581    12206.381    12271.930
 55  Q.insect+F+G4 6021.349     33  12108.698    12112.554    12254.666
 56  Q.insect+F+I+G4 6019.971     34  12107.943    12112.039    12258.333
WARNING: Normalizing state frequencies so that sum of them equals to 1
 59  Q.plant+G4    6099.225     14  12226.451    12227.149    12288.376
WARNING: Normalizing state frequencies so that sum of them equals to 1
 60  Q.plant+I+G4  6098.064     15  12226.128    12226.928    12292.476
WARNING: Normalizing state frequencies so that sum of them equals to 1
 63  Q.plant+F+G4  6061.787     33  12189.574    12193.430    12335.541
WARNING: Normalizing state frequencies so that sum of them equals to 1
 64  Q.plant+F+I+G4 6060.554     34  12189.108    12193.204    12339.498
WARNING: Normalizing state frequencies so that sum of them equals to 1
 67  Q.yeast+G4    6102.537     14  12233.073    12233.772    12294.999
WARNING: Normalizing state frequencies so that sum of them equals to 1
 68  Q.yeast+I+G4  6101.292     15  12232.584    12233.384    12298.933
WARNING: Normalizing state frequencies so that sum of them equals to 1
 71  Q.yeast+F+G4  6005.668     33  12077.336    12081.191    12223.303
WARNING: Normalizing state frequencies so that sum of them equals to 1
 72  Q.yeast+F+I+G4 6004.117     34  12076.234    12080.331    12226.625
 75  JTTDCMut+G4   6077.261     14  12182.523    12183.221    12244.448
 76  JTTDCMut+I+G4 6072.535     15  12175.070    12175.870    12241.419
 79  JTTDCMut+F+G4 6047.339     33  12160.677    12164.533    12306.645
 80  JTTDCMut+F+I+G4 6042.807     34  12153.615    12157.711    12304.005
 83  DCMut+G4      6119.906     14  12267.812    12268.511    12329.737
 84  DCMut+I+G4    6112.105     15  12254.211    12255.011    12320.559
 87  DCMut+F+G4    6057.419     33  12180.839    12184.695    12326.806
 88  DCMut+F+I+G4  6050.799     34  12169.597    12173.693    12319.987
 91  VT+G4         6065.300     14  12158.600    12159.299    12220.526
 92  VT+I+G4       6059.027     15  12148.053    12148.853    12214.402
 95  VT+F+G4       6027.689     33  12121.378    12125.234    12267.346
 96  VT+F+I+G4     6021.272     34  12110.544    12114.641    12260.935
 99  PMB+G4        6095.325     14  12218.650    12219.349    12280.576
100  PMB+I+G4      6089.485     15  12208.971    12209.771    12275.319
103  PMB+F+G4      6054.947     33  12175.893    12179.749    12321.860
104  PMB+F+I+G4    6049.036     34  12166.072    12170.169    12316.463
107  Blosum62+G4   6092.041     14  12212.082    12212.780    12274.007
108  Blosum62+I+G4 6086.010     15  12202.020    12202.820    12268.368
111  Blosum62+F+G4 6036.679     33  12139.359    12143.215    12285.326
112  Blosum62+F+I+G4 6030.622     34  12129.245    12133.341    12279.635
115  Dayhoff+G4    6119.574     14  12267.147    12267.846    12329.073
116  Dayhoff+I+G4  6111.741     15  12253.482    12254.282    12319.831
119  Dayhoff+F+G4  6057.160     33  12180.319    12184.175    12326.287
120  Dayhoff+F+I+G4 6050.506     34  12169.011    12173.108    12319.402
123  mtREV+G4      6531.118     14  13090.236    13090.934    13152.161
124  mtREV+I+G4    6532.098     15  13094.197    13094.997    13160.545
127  mtREV+F+G4    6108.757     33  12283.514    12287.369    12429.481
128  mtREV+F+I+G4  6108.790     34  12285.579    12289.676    12435.970
131  mtART+G4      6588.163     14  13204.325    13205.024    13266.251
132  mtART+I+G4    6589.495     15  13208.991    13209.791    13275.339
135  mtART+F+G4    6152.683     33  12371.365    12375.221    12517.332
136  mtART+F+I+G4  6153.940     34  12375.880    12379.976    12526.270
139  mtZOA+G4      6434.370     14  12896.740    12897.439    12958.666
140  mtZOA+I+G4    6435.501     15  12901.001    12901.801    12967.350
143  mtZOA+F+G4    6097.872     33  12261.743    12265.599    12407.710
144  mtZOA+F+I+G4  6098.885     34  12265.770    12269.867    12416.161
147  mtMet+G4      6573.781     14  13175.562    13176.261    13237.488
148  mtMet+I+G4    6574.668     15  13179.335    13180.135    13245.684
151  mtMet+F+G4    6110.411     33  12286.822    12290.678    12432.790
152  mtMet+F+I+G4  6111.054     34  12290.107    12294.204    12440.498
155  mtVer+G4      6586.494     14  13200.987    13201.686    13262.913
156  mtVer+I+G4    6587.272     15  13204.543    13205.343    13270.892
159  mtVer+F+G4    6164.922     33  12395.845    12399.700    12541.812
160  mtVer+F+I+G4  6165.664     34  12399.328    12403.425    12549.719
163  mtInv+G4      6640.741     14  13309.483    13310.181    13371.408
164  mtInv+I+G4    6641.496     15  13312.992    13313.792    13379.341
167  mtInv+F+G4    6083.200     33  12232.401    12236.256    12378.368
168  mtInv+F+I+G4  6083.281     34  12234.561    12238.658    12384.952
171  mtMAM+G4      6616.938     14  13261.876    13262.575    13323.801
172  mtMAM+I+G4    6618.228     15  13266.457    13267.257    13332.805
175  mtMAM+F+G4    6187.857     33  12441.713    12445.569    12587.681
176  mtMAM+F+I+G4  6189.043     34  12446.086    12450.182    12596.476
WARNING: Normalizing state frequencies so that sum of them equals to 1
179  FLAVI+G4      6288.998     14  12605.995    12606.694    12667.921
WARNING: Normalizing state frequencies so that sum of them equals to 1
180  FLAVI+I+G4    6287.712     15  12605.425    12606.225    12671.773
WARNING: Normalizing state frequencies so that sum of them equals to 1
183  FLAVI+F+G4    6208.763     33  12483.527    12487.382    12629.494
WARNING: Normalizing state frequencies so that sum of them equals to 1
184  FLAVI+F+I+G4  6207.485     34  12482.970    12487.066    12633.360
187  HIVb+G4       6165.965     14  12359.930    12360.629    12421.856
188  HIVb+I+G4     6160.612     15  12351.225    12352.025    12417.574
191  HIVb+F+G4     6117.903     33  12301.805    12305.661    12447.773
192  HIVb+F+I+G4   6114.046     34  12296.092    12300.189    12446.483
195  HIVw+G4       6423.049     14  12874.098    12874.797    12936.024
196  HIVw+I+G4     6416.899     15  12863.798    12864.598    12930.147
199  HIVw+F+G4     6251.226     33  12568.453    12572.309    12714.420
200  HIVw+F+I+G4   6245.917     34  12559.834    12563.930    12710.224
203  FLU+G4        6202.029     14  12432.057    12432.756    12493.983
204  FLU+I+G4      6195.852     15  12421.703    12422.503    12488.052
207  FLU+F+G4      6109.138     33  12284.276    12288.131    12430.243
208  FLU+F+I+G4    6104.822     34  12277.645    12281.741    12428.035
211  rtREV+G4      6093.956     14  12215.911    12216.610    12277.837
212  rtREV+I+G4    6091.015     15  12212.031    12212.831    12278.379
215  rtREV+F+G4    6005.743     33  12077.486    12081.341    12223.453
216  rtREV+F+I+G4  6003.612     34  12075.223    12079.320    12225.614
219  cpREV+G4      6090.432     14  12208.865    12209.564    12270.790
220  cpREV+I+G4    6084.417     15  12198.834    12199.634    12265.182
223  cpREV+F+G4    6031.030     33  12128.060    12131.915    12274.027
224  cpREV+F+I+G4  6025.533     34  12119.066    12123.162    12269.456
Akaike Information Criterion:           LG+F+I+G4
Corrected Akaike Information Criterion: LG+F+I+G4
Bayesian Information Criterion:         Q.pfam+G4
Best-fit model: Q.pfam+G4 chosen according to BIC

All model information printed to ../results/molecular_evolution_analyses/phylogenetic_trees/F49175_MLIG_G1/F49175_MLIG_G1.model.gz
CPU time for ModelFinder: 9.494 seconds (0h:0m:9s)
Wall-clock time for ModelFinder: 9.497 seconds (0h:0m:9s)
Generating 1000 samples for ultrafast bootstrap (seed: 422751)...
WARNING: Normalizing state frequencies so that sum of them equals to 1

NOTE: 4 MB RAM (0 GB) is required!
Estimate model parameters (epsilon = 0.100)
1. Initial log-likelihood: -6033.759
Optimal log-likelihood: -6033.759
Gamma shape alpha: 1.234
Parameters optimization took 1 rounds (0.015 sec)
Wrote distance file to... 
Computing ML distances based on estimated model parameters...
Calculating distance matrix: done in 0.00371194 secs using 99.84% CPU
Computing ML distances took 0.003757 sec (of wall-clock time) 0.003750 sec (of CPU time)
Setting up auxiliary I and S matrices: done in 3.98159e-05 secs using 100.5% CPU
Constructing RapidNJ tree: done in 3.09944e-05 secs using 103.2% CPU
Computing RapidNJ tree took 0.000129 sec (of wall-clock time) 0.000128 sec (of CPU time)
Log-likelihood of RapidNJ tree: -6038.906
--------------------------------------------------------------------
|             INITIALIZING CANDIDATE TREE SET                      |
--------------------------------------------------------------------
Generating 98 parsimony trees... 0.050 second
Computing log-likelihood of 61 initial trees ... 0.280 seconds
Current best score: -6033.759

Do NNI search on 20 best initial trees
Optimizing NNI: done in 0.017704 secs using 99.96% CPU
Estimate model parameters (epsilon = 0.100)
BETTER TREE FOUND at iteration 1: -6033.759
Optimizing NNI: done in 0.0614951 secs using 99.96% CPU
Optimizing NNI: done in 0.0616591 secs using 99.97% CPU
Optimizing NNI: done in 0.0549719 secs using 99.97% CPU
Optimizing NNI: done in 0.0650649 secs using 99.96% CPU
Optimizing NNI: done in 0.0649872 secs using 99.97% CPU
Optimizing NNI: done in 0.089139 secs using 99.97% CPU
Optimizing NNI: done in 0.0887058 secs using 99.97% CPU
Optimizing NNI: done in 0.0655799 secs using 99.97% CPU
Optimizing NNI: done in 0.0657458 secs using 99.97% CPU
Iteration 10 / LogL: -6033.759 / Time: 0h:0m:1s
Optimizing NNI: done in 0.0694101 secs using 99.91% CPU
Optimizing NNI: done in 0.0647779 secs using 99.96% CPU
Optimizing NNI: done in 0.0647769 secs using 99.97% CPU
Optimizing NNI: done in 0.088835 secs using 99.97% CPU
Optimizing NNI: done in 0.0884881 secs using 99.97% CPU
Optimizing NNI: done in 0.0823431 secs using 99.96% CPU
Optimizing NNI: done in 0.082418 secs using 99.97% CPU
Optimizing NNI: done in 0.0795171 secs using 99.96% CPU
Optimizing NNI: done in 0.0820701 secs using 99.96% CPU
Optimizing NNI: done in 0.0828481 secs using 99.96% CPU
Iteration 20 / LogL: -6033.759 / Time: 0h:0m:1s
Finish initializing candidate tree set (2)
Current best tree score: -6033.759 / CPU time: 1.793
Number of iterations: 20
--------------------------------------------------------------------
|               OPTIMIZING CANDIDATE TREE SET                      |
--------------------------------------------------------------------
Optimizing NNI: done in 0.080574 secs using 99.96% CPU
UPDATE BEST LOG-LIKELIHOOD: -6033.759
Optimizing NNI: done in 0.0813258 secs using 99.95% CPU
Optimizing NNI: done in 0.068826 secs using 99.97% CPU
Optimizing NNI: done in 0.0879831 secs using 99.97% CPU
Optimizing NNI: done in 0.0839291 secs using 99.96% CPU
Optimizing NNI: done in 0.086529 secs using 99.96% CPU
Optimizing NNI: done in 0.039988 secs using 99.96% CPU
Optimizing NNI: done in 0.0367529 secs using 99.96% CPU
Optimizing NNI: done in 0.0358691 secs using 99.96% CPU
Optimizing NNI: done in 0.06845 secs using 99.96% CPU
Iteration 30 / LogL: -6033.759 / Time: 0h:0m:2s (0h:0m:6s left)
Optimizing NNI: done in 0.089123 secs using 99.93% CPU
Optimizing NNI: done in 0.0350208 secs using 99.98% CPU
Optimizing NNI: done in 0.0503531 secs using 99.96% CPU
Optimizing NNI: done in 0.0783119 secs using 99.97% CPU
Optimizing NNI: done in 0.0804529 secs using 99.96% CPU
UPDATE BEST LOG-LIKELIHOOD: -6033.759
Optimizing NNI: done in 0.0824411 secs using 99.96% CPU
Optimizing NNI: done in 0.053899 secs using 99.97% CPU
Optimizing NNI: done in 0.0535979 secs using 99.97% CPU
UPDATE BEST LOG-LIKELIHOOD: -6033.759
Optimizing NNI: done in 0.08798 secs using 99.97% CPU
Optimizing NNI: done in 0.0201018 secs using 99.97% CPU
UPDATE BEST LOG-LIKELIHOOD: -6033.759
Iteration 40 / LogL: -6033.759 / Time: 0h:0m:3s (0h:0m:5s left)
Optimizing NNI: done in 0.0415151 secs using 99.92% CPU
UPDATE BEST LOG-LIKELIHOOD: -6033.759
Optimizing NNI: done in 0.01999 secs using 99.96% CPU
Optimizing NNI: done in 0.036917 secs using 99.98% CPU
Optimizing NNI: done in 0.0533011 secs using 99.98% CPU
Optimizing NNI: done in 0.0402329 secs using 99.93% CPU
UPDATE BEST LOG-LIKELIHOOD: -6033.759
Optimizing NNI: done in 0.0169511 secs using 99.94% CPU
Optimizing NNI: done in 0.0730939 secs using 99.97% CPU
Optimizing NNI: done in 0.056459 secs using 99.98% CPU
Optimizing NNI: done in 0.072468 secs using 99.98% CPU
Optimizing NNI: done in 0.035485 secs using 99.98% CPU
Iteration 50 / LogL: -6034.199 / Time: 0h:0m:3s (0h:0m:3s left)
Log-likelihood cutoff on original alignment: -6044.117
Optimizing NNI: done in 0.15046 secs using 99.98% CPU
WARNING: NNI search needs unusual large number of steps (8) to converge!
Optimizing NNI: done in 0.0412481 secs using 99.91% CPU
Optimizing NNI: done in 0.150348 secs using 99.98% CPU
WARNING: NNI search needs unusual large number of steps (8) to converge!
Optimizing NNI: done in 0.0883069 secs using 99.98% CPU
Optimizing NNI: done in 0.050308 secs using 99.98% CPU
Optimizing NNI: done in 0.076642 secs using 99.98% CPU
Optimizing NNI: done in 0.075984 secs using 99.97% CPU
Optimizing NNI: done in 0.0849268 secs using 99.96% CPU
Optimizing NNI: done in 0.0552471 secs using 99.98% CPU
Optimizing NNI: done in 0.016866 secs using 99.98% CPU
Iteration 60 / LogL: -6033.759 / Time: 0h:0m:4s (0h:0m:3s left)
Optimizing NNI: done in 0.0394938 secs using 99.97% CPU
Optimizing NNI: done in 0.0355151 secs using 99.97% CPU
Optimizing NNI: done in 0.0341818 secs using 99.98% CPU
Optimizing NNI: done in 0.0351169 secs using 99.98% CPU
Optimizing NNI: done in 0.076659 secs using 99.98% CPU
Optimizing NNI: done in 0.0191159 secs using 99.97% CPU
Optimizing NNI: done in 0.068197 secs using 99.98% CPU
Optimizing NNI: done in 0.0191281 secs using 99.96% CPU
Optimizing NNI: done in 0.0961492 secs using 99.97% CPU
Optimizing NNI: done in 0.101463 secs using 99.97% CPU
Iteration 70 / LogL: -6033.759 / Time: 0h:0m:5s (0h:0m:2s left)
Optimizing NNI: done in 0.0887489 secs using 99.98% CPU
Optimizing NNI: done in 0.0957501 secs using 99.98% CPU
Optimizing NNI: done in 0.0809181 secs using 99.97% CPU
Optimizing NNI: done in 0.0394008 secs using 99.93% CPU
Optimizing NNI: done in 0.056767 secs using 99.98% CPU
Optimizing NNI: done in 0.0945821 secs using 99.97% CPU
Optimizing NNI: done in 0.0348542 secs using 99.97% CPU
Optimizing NNI: done in 0.0817132 secs using 98.64% CPU
Optimizing NNI: done in 0.050319 secs using 99.97% CPU
Optimizing NNI: done in 0.0872781 secs using 99.98% CPU
Iteration 80 / LogL: -6033.759 / Time: 0h:0m:5s (0h:0m:1s left)
Optimizing NNI: done in 0.0343492 secs using 99.98% CPU
Optimizing NNI: done in 0.095891 secs using 99.98% CPU
Optimizing NNI: done in 0.080936 secs using 99.97% CPU
Optimizing NNI: done in 0.0505228 secs using 99.97% CPU
Optimizing NNI: done in 0.08746 secs using 99.97% CPU
Optimizing NNI: done in 0.13141 secs using 99.98% CPU
WARNING: NNI search needs unusual large number of steps (8) to converge!
Optimizing NNI: done in 0.0510831 secs using 99.94% CPU
Optimizing NNI: done in 0.0956769 secs using 99.98% CPU
Optimizing NNI: done in 0.0963202 secs using 99.97% CPU
Optimizing NNI: done in 0.035496 secs using 99.97% CPU
Iteration 90 / LogL: -6073.706 / Time: 0h:0m:6s (0h:0m:0s left)
Optimizing NNI: done in 0.035197 secs using 99.97% CPU
Optimizing NNI: done in 0.0679672 secs using 99.98% CPU
Optimizing NNI: done in 0.0812559 secs using 99.98% CPU
Optimizing NNI: done in 0.084003 secs using 99.98% CPU
Optimizing NNI: done in 0.0348191 secs using 99.97% CPU
Optimizing NNI: done in 0.0968931 secs using 99.98% CPU
Optimizing NNI: done in 0.0878909 secs using 99.98% CPU
Optimizing NNI: done in 0.087929 secs using 99.98% CPU
Optimizing NNI: done in 0.0806372 secs using 99.98% CPU
Optimizing NNI: done in 0.0970821 secs using 99.96% CPU
Iteration 100 / LogL: -6033.759 / Time: 0h:0m:7s (0h:0m:0s left)
Log-likelihood cutoff on original alignment: -6044.117
NOTE: Bootstrap correlation coefficient of split occurrence frequencies: 0.999
Optimizing NNI: done in 0.111847 secs using 99.98% CPU
Optimizing NNI: done in 0.0967441 secs using 99.97% CPU
TREE SEARCH COMPLETED AFTER 102 ITERATIONS / Time: 0h:0m:7s

--------------------------------------------------------------------
|                    FINALIZING TREE SEARCH                        |
--------------------------------------------------------------------
Performs final model parameters optimization
Estimate model parameters (epsilon = 0.010)
1. Initial log-likelihood: -6033.759
Optimal log-likelihood: -6033.759
Gamma shape alpha: 1.236
Parameters optimization took 1 rounds (0.013 sec)
BEST SCORE FOUND : -6033.759

Testing tree branches by SH-like aLRT with 1000 replicates...
0.079 sec.
Creating bootstrap support values...
Split supports printed to NEXUS file ../results/molecular_evolution_analyses/phylogenetic_trees/F49175_MLIG_G1/F49175_MLIG_G1.splits.nex
Total tree length: 2.939

Total number of iterations: 102
CPU time used for tree search: 7.804 sec (0h:0m:7s)
Wall-clock time used for tree search: 7.632 sec (0h:0m:7s)
Total CPU time used: 7.976 sec (0h:0m:7s)
Total wall-clock time used: 7.791 sec (0h:0m:7s)

Computing bootstrap consensus tree...
Reading input file ../results/molecular_evolution_analyses/phylogenetic_trees/F49175_MLIG_G1/F49175_MLIG_G1.splits.nex...
8 taxa and 17 splits.
Consensus tree written to ../results/molecular_evolution_analyses/phylogenetic_trees/F49175_MLIG_G1/F49175_MLIG_G1.contree
Reading input trees file ../results/molecular_evolution_analyses/phylogenetic_trees/F49175_MLIG_G1/F49175_MLIG_G1.contree
Log-likelihood of consensus tree: -6033.760

Analysis results written to: 
  IQ-TREE report:                ../results/molecular_evolution_analyses/phylogenetic_trees/F49175_MLIG_G1/F49175_MLIG_G1.iqtree
  Maximum-likelihood tree:       ../results/molecular_evolution_analyses/phylogenetic_trees/F49175_MLIG_G1/F49175_MLIG_G1.treefile
  Likelihood distances:          ../results/molecular_evolution_analyses/phylogenetic_trees/F49175_MLIG_G1/F49175_MLIG_G1.mldist

Ultrafast bootstrap approximation results written to:
  Split support values:          ../results/molecular_evolution_analyses/phylogenetic_trees/F49175_MLIG_G1/F49175_MLIG_G1.splits.nex
  Consensus tree:                ../results/molecular_evolution_analyses/phylogenetic_trees/F49175_MLIG_G1/F49175_MLIG_G1.contree
  Screen log file:               ../results/molecular_evolution_analyses/phylogenetic_trees/F49175_MLIG_G1/F49175_MLIG_G1.log

Date and Time: Wed May  1 09:55:22 2024
