IQ-TREE multicore version 2.2.2.6 COVID-edition for Linux 64-bit built May 27 2023
Developed by Bui Quang Minh, James Barbetti, Nguyen Lam Tung,
Olga Chernomor, Heiko Schmidt, Dominik Schrempf, Michael Woodhams, Ly Trong Nhan.

Host:    lbc5 (AVX2, FMA3, 125 GB RAM)
Command: /home/mauricio/mauricio_PROGRAMAS/iqtree-2.2.2.6-Linux/bin/iqtree2 -s ../results/molecular_evolution_analyses/alignments_gblocks/F77403_MLIG_G1/F77403_MLIG_G1.aln.gblo -m TEST --threads-max 32 --alrt 1000 --ufboot 1000 --prefix ../results/molecular_evolution_analyses/phylogenetic_trees/F77403_MLIG_G1/F77403_MLIG_G1 -keep-ident -redo
Seed:    362729 (Using SPRNG - Scalable Parallel Random Number Generator)
Time:    Wed May  1 09:52:12 2024
Kernel:  AVX+FMA - 1 threads (32 CPU cores detected)

HINT: Use -nt option to specify number of threads because your CPU has 32 cores!
HINT: -nt AUTO will automatically determine the best number of threads to use.

Reading alignment file ../results/molecular_evolution_analyses/alignments_gblocks/F77403_MLIG_G1/F77403_MLIG_G1.aln.gblo ... Fasta format detected
Reading fasta file: done in 5.10216e-05 secs
Alignment most likely contains protein sequences
Constructing alignment: done in 0.000165939 secs
Alignment has 6 sequences with 147 columns, 70 distinct patterns
62 parsimony-informative, 2 singleton sites, 83 constant sites
            Gap/Ambiguity  Composition  p-value
Analyzing sequences: done in 7.15256e-06 secs
   1  Mlig.26831    0.00%    passed    100.00%
   2  Mlig.26828    0.00%    passed    100.00%
   3  Mlig.26829    0.00%    passed    100.00%
   4  Mlig.10401    0.00%    passed    100.00%
   5  Mlig.33758    0.00%    passed    100.00%
   6  Mlig.13815    0.00%    passed    100.00%
****  TOTAL         0.00%  0 sequences failed composition chi2 test (p-value<5%; df=19)


Create initial parsimony tree by phylogenetic likelihood library (PLL)... 0.000 seconds
Perform fast likelihood tree search using LG+I+G model...
Estimate model parameters (epsilon = 5.000)
Perform nearest neighbor interchange...
Optimizing NNI: done in 0.00177002 secs using 83.33% CPU
Estimate model parameters (epsilon = 1.000)
1. Initial log-likelihood: -721.489
Optimal log-likelihood: -721.047
Proportion of invariable sites: 0.286
Gamma shape alpha: 998.487
Parameters optimization took 1 rounds (0.004 sec)
Time for fast ML tree search: 0.013 seconds

NOTE: ModelFinder requires 0 MB RAM!
ModelFinder will test up to 224 protein models (sample size: 147) ...
 No. Model         -LnL         df  AIC          AICc         BIC
  1  LG            720.873      9   1459.747     1461.061     1486.661
  2  LG+I          720.672      10  1461.343     1462.961     1491.247
  3  LG+G4         720.656      10  1461.312     1462.930     1491.216
  4  LG+I+G4       720.946      11  1463.892     1465.848     1496.787
  5  LG+F          698.011      28  1452.023     1465.786     1535.755
  6  LG+F+I        697.950      29  1453.899     1468.771     1540.622
  7  LG+F+G4       697.893      29  1453.786     1468.658     1540.509
  9  WAG           715.501      9   1449.002     1450.316     1475.916
 10  WAG+I         715.501      10  1451.002     1452.619     1480.906
 11  WAG+G4        715.501      10  1451.003     1452.620     1480.907
 13  WAG+F         696.338      28  1448.675     1462.438     1532.407
 14  WAG+F+I       696.338      29  1450.675     1465.547     1537.398
 15  WAG+F+G4      696.338      29  1450.677     1465.549     1537.400
 17  JTT           715.963      9   1449.927     1451.241     1476.841
 18  JTT+I         715.803      10  1451.607     1453.224     1481.511
 19  JTT+G4        715.791      10  1451.581     1453.199     1481.486
 21  JTT+F         700.593      28  1457.185     1470.948     1540.918
 22  JTT+F+I       700.525      29  1459.049     1473.921     1545.772
 23  JTT+F+G4      700.485      29  1458.970     1473.842     1545.693
WARNING: Normalizing state frequencies so that sum of them equals to 1
 25  Q.pfam        721.483      9   1460.966     1462.280     1487.880
WARNING: Normalizing state frequencies so that sum of them equals to 1
 26  Q.pfam+I      721.257      10  1462.514     1464.132     1492.418
WARNING: Normalizing state frequencies so that sum of them equals to 1
 27  Q.pfam+G4     721.280      10  1462.559     1464.177     1492.463
WARNING: Normalizing state frequencies so that sum of them equals to 1
 29  Q.pfam+F      700.542      28  1457.083     1470.846     1540.816
WARNING: Normalizing state frequencies so that sum of them equals to 1
 30  Q.pfam+F+I    700.436      29  1458.873     1473.744     1545.595
WARNING: Normalizing state frequencies so that sum of them equals to 1
 31  Q.pfam+F+G4   700.410      29  1458.819     1473.691     1545.542
WARNING: Normalizing state frequencies so that sum of them equals to 1
 33  Q.bird        728.600      9   1475.200     1476.514     1502.114
WARNING: Normalizing state frequencies so that sum of them equals to 1
 34  Q.bird+I      723.841      10  1467.683     1469.301     1497.587
WARNING: Normalizing state frequencies so that sum of them equals to 1
 35  Q.bird+G4     724.243      10  1468.487     1470.105     1498.391
WARNING: Normalizing state frequencies so that sum of them equals to 1
 37  Q.bird+F      714.756      28  1485.511     1499.274     1569.243
WARNING: Normalizing state frequencies so that sum of them equals to 1
 38  Q.bird+F+I    710.132      29  1478.265     1493.136     1564.987
WARNING: Normalizing state frequencies so that sum of them equals to 1
 39  Q.bird+F+G4   710.201      29  1478.401     1493.273     1565.124
WARNING: Normalizing state frequencies so that sum of them equals to 1
 41  Q.mammal      726.168      9   1470.337     1471.651     1497.251
WARNING: Normalizing state frequencies so that sum of them equals to 1
 42  Q.mammal+I    723.342      10  1466.684     1468.302     1496.589
WARNING: Normalizing state frequencies so that sum of them equals to 1
 43  Q.mammal+G4   723.604      10  1467.208     1468.825     1497.112
WARNING: Normalizing state frequencies so that sum of them equals to 1
 45  Q.mammal+F    711.744      28  1479.488     1493.251     1563.220
WARNING: Normalizing state frequencies so that sum of them equals to 1
 46  Q.mammal+F+I  709.059      29  1476.119     1490.991     1562.842
WARNING: Normalizing state frequencies so that sum of them equals to 1
 47  Q.mammal+F+G4 709.145      29  1476.290     1491.162     1563.012
 49  Q.insect      725.353      9   1468.706     1470.020     1495.620
 50  Q.insect+I    725.057      10  1470.115     1471.732     1500.019
 51  Q.insect+G4   725.026      10  1470.052     1471.669     1499.956
 53  Q.insect+F    700.022      28  1456.044     1469.806     1539.776
 54  Q.insect+F+I  699.944      29  1457.889     1472.760     1544.611
 55  Q.insect+F+G4 699.832      29  1457.665     1472.537     1544.387
WARNING: Normalizing state frequencies so that sum of them equals to 1
 57  Q.plant       726.845      9   1471.691     1473.005     1498.605
WARNING: Normalizing state frequencies so that sum of them equals to 1
 58  Q.plant+I     723.621      10  1467.241     1468.859     1497.145
WARNING: Normalizing state frequencies so that sum of them equals to 1
 59  Q.plant+G4    723.749      10  1467.499     1469.116     1497.403
WARNING: Normalizing state frequencies so that sum of them equals to 1
 61  Q.plant+F     706.330      28  1468.661     1482.424     1552.393
WARNING: Normalizing state frequencies so that sum of them equals to 1
 62  Q.plant+F+I   703.522      29  1465.044     1479.916     1551.767
WARNING: Normalizing state frequencies so that sum of them equals to 1
 63  Q.plant+F+G4  703.416      29  1464.832     1479.703     1551.554
WARNING: Normalizing state frequencies so that sum of them equals to 1
 65  Q.yeast       732.159      9   1482.318     1483.632     1509.232
WARNING: Normalizing state frequencies so that sum of them equals to 1
 66  Q.yeast+I     731.382      10  1482.764     1484.382     1512.668
WARNING: Normalizing state frequencies so that sum of them equals to 1
 67  Q.yeast+G4    731.402      10  1482.804     1484.422     1512.709
WARNING: Normalizing state frequencies so that sum of them equals to 1
 69  Q.yeast+F     701.846      28  1459.693     1473.456     1543.425
WARNING: Normalizing state frequencies so that sum of them equals to 1
 70  Q.yeast+F+I   701.358      29  1460.716     1475.588     1547.438
WARNING: Normalizing state frequencies so that sum of them equals to 1
 71  Q.yeast+F+G4  701.251      29  1460.502     1475.374     1547.224
 73  JTTDCMut      715.720      9   1449.441     1450.755     1476.355
 74  JTTDCMut+I    715.576      10  1451.152     1452.769     1481.056
 75  JTTDCMut+G4   715.565      10  1451.129     1452.747     1481.034
 77  JTTDCMut+F    700.211      28  1456.422     1470.185     1540.154
 78  JTTDCMut+F+I  700.154      29  1458.309     1473.180     1545.031
 79  JTTDCMut+F+G4 700.123      29  1458.245     1473.117     1544.968
 81  DCMut         716.511      9   1451.022     1452.336     1477.936
 82  DCMut+I       716.448      10  1452.897     1454.514     1482.801
 83  DCMut+G4      716.399      10  1452.797     1454.415     1482.702
 85  DCMut+F       695.369      28  1446.739     1460.501     1530.471
 86  DCMut+F+I     695.350      29  1448.700     1463.571     1535.422
 87  DCMut+F+G4    695.310      29  1448.621     1463.493     1535.343
 89  VT            718.183      9   1454.367     1455.681     1481.281
 90  VT+I          718.183      10  1456.367     1457.984     1486.271
 91  VT+G4         718.185      10  1456.370     1457.987     1486.274
 93  VT+F          698.770      28  1453.540     1467.303     1537.272
 94  VT+F+I        698.770      29  1455.540     1470.412     1542.263
 95  VT+F+G4       698.772      29  1455.544     1470.416     1542.266
 97  PMB           714.795      9   1447.591     1448.904     1474.505
 98  PMB+I         714.795      10  1449.591     1451.208     1479.495
 99  PMB+G4        714.797      10  1449.595     1451.212     1479.499
101  PMB+F         698.974      28  1453.948     1467.710     1537.680
102  PMB+F+I       698.974      29  1455.948     1470.819     1542.670
103  PMB+F+G4      698.976      29  1455.952     1470.824     1542.675
105  Blosum62      717.788      9   1453.575     1454.889     1480.489
106  Blosum62+I    717.788      10  1455.575     1457.193     1485.479
107  Blosum62+G4   717.789      10  1455.578     1457.196     1485.483
109  Blosum62+F    698.336      28  1452.671     1466.434     1536.403
110  Blosum62+F+I  698.336      29  1454.671     1469.543     1541.394
111  Blosum62+F+G4 698.338      29  1454.676     1469.547     1541.398
113  Dayhoff       716.511      9   1451.022     1452.336     1477.936
114  Dayhoff+I     716.441      10  1452.883     1454.500     1482.787
115  Dayhoff+G4    716.390      10  1452.779     1454.397     1482.684
117  Dayhoff+F     695.367      28  1446.733     1460.496     1530.465
118  Dayhoff+F+I   695.343      29  1448.686     1463.558     1535.409
119  Dayhoff+F+G4  695.301      29  1448.603     1463.475     1535.325
121  mtREV         752.623      9   1523.246     1524.560     1550.160
122  mtREV+I       748.443      10  1516.886     1518.504     1546.791
123  mtREV+G4      748.624      10  1517.248     1518.866     1547.153
125  mtREV+F       701.794      28  1459.588     1473.351     1543.321
126  mtREV+F+I     699.668      29  1457.335     1472.207     1544.058
127  mtREV+F+G4    699.635      29  1457.269     1472.141     1543.992
129  mtART         759.813      9   1537.626     1538.940     1564.540
130  mtART+I       747.470      10  1514.941     1516.558     1544.845
131  mtART+G4      746.907      10  1513.813     1515.431     1543.718
133  mtART+F       715.414      28  1486.828     1500.591     1570.560
134  mtART+F+I     707.034      29  1472.068     1486.940     1558.791
135  mtART+F+G4    706.260      29  1470.520     1485.392     1557.242
137  mtZOA         746.492      9   1510.984     1512.298     1537.898
138  mtZOA+I       739.550      10  1499.099     1500.717     1529.003
139  mtZOA+G4      739.690      10  1499.380     1500.997     1529.284
141  mtZOA+F       707.029      28  1470.057     1483.820     1553.790
142  mtZOA+F+I     702.738      29  1463.476     1478.348     1550.199
143  mtZOA+F+G4    702.546      29  1463.093     1477.965     1549.815
145  mtMet         751.518      9   1521.037     1522.350     1547.950
146  mtMet+I       747.286      10  1514.572     1516.190     1544.476
147  mtMet+G4      747.782      10  1515.563     1517.181     1545.468
149  mtMet+F       703.244      28  1462.487     1476.250     1546.219
150  mtMet+F+I     701.091      29  1460.183     1475.054     1546.905
151  mtMet+F+G4    701.228      29  1460.455     1475.327     1547.178
153  mtVer         763.048      9   1544.096     1545.410     1571.010
154  mtVer+I       755.371      10  1530.743     1532.361     1560.647
155  mtVer+G4      756.193      10  1532.385     1534.003     1562.290
157  mtVer+F       708.413      28  1472.825     1486.588     1556.557
158  mtVer+F+I     704.331      29  1466.661     1481.533     1553.384
159  mtVer+F+G4    704.631      29  1467.263     1482.135     1553.985
161  mtInv         754.633      9   1527.266     1528.580     1554.180
162  mtInv+I       752.851      10  1525.702     1527.319     1555.606
163  mtInv+G4      752.998      10  1525.996     1527.614     1555.901
165  mtInv+F       699.058      28  1454.117     1467.880     1537.849
166  mtInv+F+I     698.621      29  1455.241     1470.113     1541.964
167  mtInv+F+G4    698.485      29  1454.970     1469.842     1541.692
169  mtMAM         765.270      9   1548.541     1549.855     1575.455
170  mtMAM+I       752.579      10  1525.157     1526.775     1555.062
171  mtMAM+G4      752.849      10  1525.699     1527.316     1555.603
173  mtMAM+F       712.743      28  1481.486     1495.248     1565.218
174  mtMAM+F+I     704.325      29  1466.650     1481.522     1553.373
175  mtMAM+F+G4    704.618      29  1467.237     1482.109     1553.959
WARNING: Normalizing state frequencies so that sum of them equals to 1
177  FLAVI         740.868      9   1499.736     1501.049     1526.649
WARNING: Normalizing state frequencies so that sum of them equals to 1
178  FLAVI+I       730.627      10  1481.254     1482.871     1511.158
WARNING: Normalizing state frequencies so that sum of them equals to 1
179  FLAVI+G4      731.808      10  1483.617     1485.234     1513.521
WARNING: Normalizing state frequencies so that sum of them equals to 1
181  FLAVI+F       717.867      28  1491.734     1505.497     1575.466
WARNING: Normalizing state frequencies so that sum of them equals to 1
182  FLAVI+F+I     709.772      29  1477.544     1492.416     1564.266
WARNING: Normalizing state frequencies so that sum of them equals to 1
183  FLAVI+F+G4    710.251      29  1478.503     1493.374     1565.225
185  HIVb          741.051      9   1500.103     1501.417     1527.017
186  HIVb+I        734.329      10  1488.657     1490.275     1518.561
187  HIVb+G4       734.698      10  1489.397     1491.014     1519.301
189  HIVb+F        718.701      28  1493.402     1507.164     1577.134
190  HIVb+F+I      711.997      29  1481.993     1496.865     1568.716
191  HIVb+F+G4     711.670      29  1481.340     1496.212     1568.063
193  HIVw          748.829      9   1515.658     1516.972     1542.572
194  HIVw+I        741.412      10  1502.823     1504.441     1532.728
195  HIVw+G4       742.380      10  1504.760     1506.377     1534.664
197  HIVw+F        717.688      28  1491.375     1505.138     1575.108
198  HIVw+F+I      711.217      29  1480.434     1495.306     1567.157
199  HIVw+F+G4     711.938      29  1481.875     1496.747     1568.598
201  FLU           724.362      9   1466.723     1468.037     1493.637
202  FLU+I         718.685      10  1457.370     1458.988     1487.275
203  FLU+G4        719.766      10  1459.532     1461.150     1489.436
205  FLU+F         705.255      28  1466.510     1480.273     1550.243
206  FLU+F+I       700.027      29  1458.053     1472.925     1544.776
207  FLU+F+G4      701.052      29  1460.103     1474.975     1546.826
209  rtREV         734.149      9   1486.298     1487.612     1513.212
210  rtREV+I       734.077      10  1488.154     1489.772     1518.059
211  rtREV+G4      734.057      10  1488.114     1489.732     1518.018
213  rtREV+F       699.879      28  1455.758     1469.521     1539.490
214  rtREV+F+I     699.861      29  1457.721     1472.593     1544.444
215  rtREV+F+G4    699.830      29  1457.661     1472.532     1544.383
217  cpREV         724.472      9   1466.945     1468.259     1493.859
218  cpREV+I       723.776      10  1467.553     1469.171     1497.457
219  cpREV+G4      723.955      10  1467.911     1469.528     1497.815
221  cpREV+F       701.615      28  1459.230     1472.993     1542.962
222  cpREV+F+I     701.051      29  1460.101     1474.973     1546.824
223  cpREV+F+G4    701.186      29  1460.372     1475.243     1547.094
Akaike Information Criterion:           Dayhoff+F
Corrected Akaike Information Criterion: PMB
Bayesian Information Criterion:         PMB
Best-fit model: PMB chosen according to BIC

All model information printed to ../results/molecular_evolution_analyses/phylogenetic_trees/F77403_MLIG_G1/F77403_MLIG_G1.model.gz
CPU time for ModelFinder: 0.844 seconds (0h:0m:0s)
Wall-clock time for ModelFinder: 0.845 seconds (0h:0m:0s)
Generating 1000 samples for ultrafast bootstrap (seed: 362729)...

NOTE: 0 MB RAM (0 GB) is required!
Estimate model parameters (epsilon = 0.100)
1. Initial log-likelihood: -714.795
Optimal log-likelihood: -714.795
Parameters optimization took 1 rounds (0.000 sec)
Wrote distance file to... 
Computing ML distances based on estimated model parameters...
Calculating distance matrix: done in 0.000748158 secs using 99.18% CPU
Computing ML distances took 0.000770 sec (of wall-clock time) 0.000765 sec (of CPU time)
Setting up auxiliary I and S matrices: done in 3.69549e-05 secs using 100.1% CPU
Constructing RapidNJ tree: done in 2.31266e-05 secs using 99.45% CPU
Computing RapidNJ tree took 0.000118 sec (of wall-clock time) 0.000117 sec (of CPU time)
Log-likelihood of RapidNJ tree: -714.796
--------------------------------------------------------------------
|             INITIALIZING CANDIDATE TREE SET                      |
--------------------------------------------------------------------
Generating 99 parsimony trees... 0.013 second
Computing log-likelihood of 14 initial trees ... 0.003 seconds
Current best score: -714.795

Do NNI search on 15 best initial trees
Optimizing NNI: done in 0.000900984 secs using 199.2% CPU
UPDATE BEST LOG-LIKELIHOOD: -714.795
Optimizing NNI: done in 0.000879049 secs using 199.6% CPU
Optimizing NNI: done in 0.000855923 secs using 200.1% CPU
Optimizing NNI: done in 0.00158811 secs using 200% CPU
Optimizing NNI: done in 0.00158691 secs using 200% CPU
Optimizing NNI: done in 0.00158691 secs using 199.9% CPU
Optimizing NNI: done in 0.0015738 secs using 199.8% CPU
Optimizing NNI: done in 0.00156307 secs using 200% CPU
Optimizing NNI: done in 0.00156403 secs using 199.9% CPU
Optimizing NNI: done in 0.00162005 secs using 199.9% CPU
Iteration 10 / LogL: -714.796 / Time: 0h:0m:0s
Optimizing NNI: done in 0.0016129 secs using 200% CPU
Optimizing NNI: done in 0.00155497 secs using 200% CPU
Optimizing NNI: done in 0.00160313 secs using 199.9% CPU
Optimizing NNI: done in 0.00161409 secs using 199.8% CPU
Optimizing NNI: done in 0.00155592 secs using 200% CPU
Finish initializing candidate tree set (15)
Current best tree score: -714.795 / CPU time: 0.042
Number of iterations: 15
--------------------------------------------------------------------
|               OPTIMIZING CANDIDATE TREE SET                      |
--------------------------------------------------------------------
Optimizing NNI: done in 0.00142002 secs using 200% CPU
Optimizing NNI: done in 0.000817776 secs using 199.8% CPU
Optimizing NNI: done in 0.00147796 secs using 200.1% CPU
Optimizing NNI: done in 0.00148702 secs using 199.8% CPU
Optimizing NNI: done in 0.00141191 secs using 199.8% CPU
UPDATE BEST LOG-LIKELIHOOD: -714.795
Iteration 20 / LogL: -714.795 / Time: 0h:0m:0s
Optimizing NNI: done in 0.001513 secs using 199.7% CPU
Optimizing NNI: done in 0.00149488 secs using 200.1% CPU
Optimizing NNI: done in 0.00141811 secs using 200.1% CPU
Optimizing NNI: done in 0.00221491 secs using 199.9% CPU
Optimizing NNI: done in 0.00150204 secs using 199.7% CPU
Optimizing NNI: done in 0.0014801 secs using 200% CPU
Optimizing NNI: done in 0.00148296 secs using 199.9% CPU
Optimizing NNI: done in 0.000818014 secs using 199.8% CPU
Optimizing NNI: done in 0.000674009 secs using 200.1% CPU
UPDATE BEST LOG-LIKELIHOOD: -714.795
Optimizing NNI: done in 0.00143194 secs using 199.8% CPU
Iteration 30 / LogL: -714.795 / Time: 0h:0m:0s (0h:0m:0s left)
Optimizing NNI: done in 0.00228286 secs using 200% CPU
Optimizing NNI: done in 0.000671864 secs using 200.2% CPU
Optimizing NNI: done in 0.00220895 secs using 199.9% CPU
Optimizing NNI: done in 0.001472 secs using 199.9% CPU
Optimizing NNI: done in 0.00148106 secs using 200.2% CPU
Optimizing NNI: done in 0.0014832 secs using 200% CPU
Optimizing NNI: done in 0.000669956 secs using 200.2% CPU
Optimizing NNI: done in 0.00145292 secs using 200.1% CPU
Optimizing NNI: done in 0.00148892 secs using 199.9% CPU
Optimizing NNI: done in 0.00139284 secs using 200% CPU
Iteration 40 / LogL: -714.795 / Time: 0h:0m:0s (0h:0m:0s left)
Optimizing NNI: done in 0.001477 secs using 200% CPU
Optimizing NNI: done in 0.00145006 secs using 200% CPU
Optimizing NNI: done in 0.001477 secs using 200% CPU
Optimizing NNI: done in 0.00228691 secs using 199.9% CPU
Optimizing NNI: done in 0.001472 secs using 199.9% CPU
Optimizing NNI: done in 0.00147223 secs using 200.1% CPU
Optimizing NNI: done in 0.000678062 secs using 199.5% CPU
Optimizing NNI: done in 0.000669003 secs using 199.8% CPU
Optimizing NNI: done in 0.000672102 secs using 199.7% CPU
Optimizing NNI: done in 0.00147891 secs using 198.8% CPU
Iteration 50 / LogL: -714.796 / Time: 0h:0m:0s (0h:0m:0s left)
Log-likelihood cutoff on original alignment: -716.704
Optimizing NNI: done in 0.001508 secs using 129% CPU
Optimizing NNI: done in 0.0015049 secs using 99.74% CPU
Optimizing NNI: done in 0.00147605 secs using 100% CPU
Optimizing NNI: done in 0.00221801 secs using 100% CPU
Optimizing NNI: done in 0.001477 secs using 100% CPU
Optimizing NNI: done in 0.00229716 secs using 100% CPU
Optimizing NNI: done in 0.00232816 secs using 99.95% CPU
Optimizing NNI: done in 0.00149083 secs using 100% CPU
Optimizing NNI: done in 0.00149179 secs using 100% CPU
Optimizing NNI: done in 0.00149107 secs using 99.73% CPU
Iteration 60 / LogL: -715.357 / Time: 0h:0m:0s (0h:0m:0s left)
Optimizing NNI: done in 0.00150204 secs using 99.93% CPU
Optimizing NNI: done in 0.000678778 secs using 100% CPU
Optimizing NNI: done in 0.0022099 secs using 99.87% CPU
Optimizing NNI: done in 0.00147796 secs using 100% CPU
Optimizing NNI: done in 0.00147104 secs using 100% CPU
Optimizing NNI: done in 0.000671864 secs using 99.87% CPU
Optimizing NNI: done in 0.001405 secs using 100% CPU
Optimizing NNI: done in 0.000670195 secs using 99.97% CPU
Optimizing NNI: done in 0.000668049 secs using 99.99% CPU
Optimizing NNI: done in 0.000674009 secs using 100% CPU
Iteration 70 / LogL: -714.795 / Time: 0h:0m:0s (0h:0m:0s left)
Optimizing NNI: done in 0.000669003 secs using 99.85% CPU
Optimizing NNI: done in 0.00162697 secs using 99.94% CPU
Optimizing NNI: done in 0.00147009 secs using 99.99% CPU
Optimizing NNI: done in 0.00224614 secs using 99.82% CPU
Optimizing NNI: done in 0.000674009 secs using 100% CPU
Optimizing NNI: done in 0.00147486 secs using 99.74% CPU
Optimizing NNI: done in 0.000673056 secs using 99.99% CPU
Optimizing NNI: done in 0.000681877 secs using 99.58% CPU
Optimizing NNI: done in 0.000675917 secs using 100.2% CPU
Optimizing NNI: done in 0.00150704 secs using 100% CPU
Iteration 80 / LogL: -714.818 / Time: 0h:0m:0s (0h:0m:0s left)
Optimizing NNI: done in 0.00234699 secs using 99.87% CPU
Optimizing NNI: done in 0.00141501 secs using 100.1% CPU
Optimizing NNI: done in 0.00139213 secs using 99.99% CPU
Optimizing NNI: done in 0.00146413 secs using 99.99% CPU
Optimizing NNI: done in 0.00148821 secs using 99.99% CPU
Optimizing NNI: done in 0.000669003 secs using 99.85% CPU
Optimizing NNI: done in 0.000672817 secs using 100% CPU
Optimizing NNI: done in 0.00148106 secs using 100% CPU
Optimizing NNI: done in 0.00149512 secs using 99.86% CPU
Optimizing NNI: done in 0.00229216 secs using 99.99% CPU
Iteration 90 / LogL: -714.818 / Time: 0h:0m:0s (0h:0m:0s left)
Optimizing NNI: done in 0.00144696 secs using 100% CPU
Optimizing NNI: done in 0.00138879 secs using 99.94% CPU
Optimizing NNI: done in 0.000672102 secs using 99.84% CPU
Optimizing NNI: done in 0.00140691 secs using 99.94% CPU
Optimizing NNI: done in 0.00146389 secs using 100% CPU
Optimizing NNI: done in 0.00148892 secs using 100% CPU
Optimizing NNI: done in 0.00145388 secs using 100.1% CPU
Optimizing NNI: done in 0.00148606 secs using 100% CPU
Optimizing NNI: done in 0.00149107 secs using 100% CPU
Optimizing NNI: done in 0.00142217 secs using 99.78% CPU
Iteration 100 / LogL: -714.795 / Time: 0h:0m:0s (0h:0m:0s left)
Log-likelihood cutoff on original alignment: -716.704
NOTE: Bootstrap correlation coefficient of split occurrence frequencies: 0.990
Optimizing NNI: done in 0.00231004 secs using 99.78% CPU
TREE SEARCH COMPLETED AFTER 101 ITERATIONS / Time: 0h:0m:0s

--------------------------------------------------------------------
|                    FINALIZING TREE SEARCH                        |
--------------------------------------------------------------------
Performs final model parameters optimization
Estimate model parameters (epsilon = 0.010)
1. Initial log-likelihood: -714.795
Optimal log-likelihood: -714.795
Parameters optimization took 1 rounds (0.001 sec)
BEST SCORE FOUND : -714.795

Testing tree branches by SH-like aLRT with 1000 replicates...
0.010 sec.
Creating bootstrap support values...
Split supports printed to NEXUS file ../results/molecular_evolution_analyses/phylogenetic_trees/F77403_MLIG_G1/F77403_MLIG_G1.splits.nex
Total tree length: 0.585

Total number of iterations: 101
CPU time used for tree search: 0.608 sec (0h:0m:0s)
Wall-clock time used for tree search: 0.416 sec (0h:0m:0s)
Total CPU time used: 0.640 sec (0h:0m:0s)
Total wall-clock time used: 0.448 sec (0h:0m:0s)

Computing bootstrap consensus tree...
Reading input file ../results/molecular_evolution_analyses/phylogenetic_trees/F77403_MLIG_G1/F77403_MLIG_G1.splits.nex...
6 taxa and 13 splits.
Consensus tree written to ../results/molecular_evolution_analyses/phylogenetic_trees/F77403_MLIG_G1/F77403_MLIG_G1.contree
Reading input trees file ../results/molecular_evolution_analyses/phylogenetic_trees/F77403_MLIG_G1/F77403_MLIG_G1.contree
Log-likelihood of consensus tree: -714.797

Analysis results written to: 
  IQ-TREE report:                ../results/molecular_evolution_analyses/phylogenetic_trees/F77403_MLIG_G1/F77403_MLIG_G1.iqtree
  Maximum-likelihood tree:       ../results/molecular_evolution_analyses/phylogenetic_trees/F77403_MLIG_G1/F77403_MLIG_G1.treefile
  Likelihood distances:          ../results/molecular_evolution_analyses/phylogenetic_trees/F77403_MLIG_G1/F77403_MLIG_G1.mldist

Ultrafast bootstrap approximation results written to:
  Split support values:          ../results/molecular_evolution_analyses/phylogenetic_trees/F77403_MLIG_G1/F77403_MLIG_G1.splits.nex
  Consensus tree:                ../results/molecular_evolution_analyses/phylogenetic_trees/F77403_MLIG_G1/F77403_MLIG_G1.contree
  Screen log file:               ../results/molecular_evolution_analyses/phylogenetic_trees/F77403_MLIG_G1/F77403_MLIG_G1.log

Date and Time: Wed May  1 09:52:13 2024
