IQ-TREE multicore version 2.2.2.6 COVID-edition for Linux 64-bit built May 27 2023
Developed by Bui Quang Minh, James Barbetti, Nguyen Lam Tung,
Olga Chernomor, Heiko Schmidt, Dominik Schrempf, Michael Woodhams, Ly Trong Nhan.

Host:    lbc5 (AVX2, FMA3, 125 GB RAM)
Command: /home/mauricio/mauricio_PROGRAMAS/iqtree-2.2.2.6-Linux/bin/iqtree2 -s ../results/molecular_evolution_analyses/alignments_gblocks/F2696_SMED_G1/F2696_SMED_G1.aln.gblo -m TEST --threads-max 32 --alrt 1000 --ufboot 1000 --prefix ../results/molecular_evolution_analyses/phylogenetic_trees/F2696_SMED_G1/F2696_SMED_G1 -keep-ident -redo
Seed:    465039 (Using SPRNG - Scalable Parallel Random Number Generator)
Time:    Wed May  1 11:53:37 2024
Kernel:  AVX+FMA - 1 threads (32 CPU cores detected)

HINT: Use -nt option to specify number of threads because your CPU has 32 cores!
HINT: -nt AUTO will automatically determine the best number of threads to use.

Reading alignment file ../results/molecular_evolution_analyses/alignments_gblocks/F2696_SMED_G1/F2696_SMED_G1.aln.gblo ... Fasta format detected
Reading fasta file: done in 6.48499e-05 secs using 97.15% CPU
Alignment most likely contains protein sequences
Constructing alignment: done in 0.000221968 secs using 100.5% CPU
Alignment has 7 sequences with 181 columns, 145 distinct patterns
83 parsimony-informative, 52 singleton sites, 46 constant sites
            Gap/Ambiguity  Composition  p-value
Analyzing sequences: done in 1.00136e-05 secs using 99.86% CPU
   1  Smed.17937    0.00%    passed     99.92%
   2  Smed.10340    0.00%    passed     99.83%
   3  Smed.12135    0.00%    passed     96.50%
   4  Smed.12606    0.00%    passed     98.02%
   5  Smed.17390    0.00%    passed     86.76%
   6  Smed.19418    0.00%    passed     99.43%
   7  Smed.20127    0.00%    passed     96.04%
****  TOTAL         0.00%  0 sequences failed composition chi2 test (p-value<5%; df=19)


Create initial parsimony tree by phylogenetic likelihood library (PLL)... 0.000 seconds
Perform fast likelihood tree search using LG+I+G model...
Estimate model parameters (epsilon = 5.000)
Perform nearest neighbor interchange...
Optimizing NNI: done in 0.0103829 secs using 99.99% CPU
Estimate model parameters (epsilon = 1.000)
1. Initial log-likelihood: -2024.117
Optimal log-likelihood: -2023.879
Proportion of invariable sites: 0.086
Gamma shape alpha: 1.070
Parameters optimization took 1 rounds (0.010 sec)
Time for fast ML tree search: 0.040 seconds

NOTE: ModelFinder requires 1 MB RAM!
ModelFinder will test up to 224 protein models (sample size: 181) ...
 No. Model         -LnL         df  AIC          AICc         BIC
  1  LG            2075.154     11  4172.308     4173.870     4207.491
  2  LG+I          2050.482     12  4124.964     4126.821     4163.346
  3  LG+G4         2022.779     12  4069.558     4071.415     4107.940
  4  LG+I+G4       2023.504     13  4073.007     4075.187     4114.588
  7  LG+F+G4       2000.704     31  4063.408     4076.723     4162.561
  8  LG+F+I+G4     2001.436     32  4066.871     4081.141     4169.223
 11  WAG+G4        2027.948     12  4079.895     4081.752     4118.277
 12  WAG+I+G4      2028.545     13  4083.091     4085.271     4124.671
 15  WAG+F+G4      1995.034     31  4052.068     4065.384     4151.222
 16  WAG+F+I+G4    1995.676     32  4055.353     4069.623     4157.705
 19  JTT+G4        2039.147     12  4102.294     4104.152     4140.676
 20  JTT+I+G4      2039.704     13  4105.408     4107.588     4146.988
 23  JTT+F+G4      2005.407     31  4072.814     4086.129     4171.967
 24  JTT+F+I+G4    2006.091     32  4076.182     4090.452     4178.534
WARNING: Normalizing state frequencies so that sum of them equals to 1
 27  Q.pfam+G4     2027.606     12  4079.211     4081.068     4117.593
WARNING: Normalizing state frequencies so that sum of them equals to 1
 28  Q.pfam+I+G4   2028.304     13  4082.608     4084.787     4124.188
WARNING: Normalizing state frequencies so that sum of them equals to 1
 31  Q.pfam+F+G4   1999.796     31  4061.592     4074.907     4160.745
WARNING: Normalizing state frequencies so that sum of them equals to 1
 32  Q.pfam+F+I+G4 2000.555     32  4065.110     4079.380     4167.462
WARNING: Normalizing state frequencies so that sum of them equals to 1
 35  Q.bird+G4     2079.020     12  4182.041     4183.898     4220.423
WARNING: Normalizing state frequencies so that sum of them equals to 1
 36  Q.bird+I+G4   2079.593     13  4185.187     4187.367     4226.767
WARNING: Normalizing state frequencies so that sum of them equals to 1
 39  Q.bird+F+G4   2035.418     31  4132.837     4146.152     4231.990
WARNING: Normalizing state frequencies so that sum of them equals to 1
 40  Q.bird+F+I+G4 2036.072     32  4136.144     4150.414     4238.496
WARNING: Normalizing state frequencies so that sum of them equals to 1
 43  Q.mammal+G4   2071.757     12  4167.514     4169.371     4205.896
WARNING: Normalizing state frequencies so that sum of them equals to 1
 44  Q.mammal+I+G4 2072.388     13  4170.777     4172.956     4212.357
WARNING: Normalizing state frequencies so that sum of them equals to 1
 47  Q.mammal+F+G4 2028.719     31  4119.437     4132.753     4218.591
WARNING: Normalizing state frequencies so that sum of them equals to 1
 48  Q.mammal+F+I+G4 2029.411     32  4122.822     4137.092     4225.174
 51  Q.insect+G4   2024.955     12  4073.910     4075.767     4112.292
 52  Q.insect+I+G4 2025.649     13  4077.299     4079.478     4118.879
 55  Q.insect+F+G4 2009.398     31  4080.796     4094.112     4179.950
 56  Q.insect+F+I+G4 2010.054     32  4084.108     4098.378     4186.459
WARNING: Normalizing state frequencies so that sum of them equals to 1
 59  Q.plant+G4    2037.467     12  4098.935     4100.792     4137.317
WARNING: Normalizing state frequencies so that sum of them equals to 1
 60  Q.plant+I+G4  2038.097     13  4102.195     4104.375     4143.775
WARNING: Normalizing state frequencies so that sum of them equals to 1
 63  Q.plant+F+G4  2010.293     31  4082.586     4095.901     4181.739
WARNING: Normalizing state frequencies so that sum of them equals to 1
 64  Q.plant+F+I+G4 2010.919     32  4085.838     4100.108     4188.190
WARNING: Normalizing state frequencies so that sum of them equals to 1
 67  Q.yeast+G4    2017.175     12  4058.351     4060.208     4096.733
WARNING: Normalizing state frequencies so that sum of them equals to 1
 68  Q.yeast+I+G4  2017.827     13  4061.654     4063.834     4103.235
WARNING: Normalizing state frequencies so that sum of them equals to 1
 71  Q.yeast+F+G4  2000.747     31  4063.493     4076.809     4162.647
WARNING: Normalizing state frequencies so that sum of them equals to 1
 72  Q.yeast+F+I+G4 2001.451     32  4066.901     4081.172     4169.253
 75  JTTDCMut+G4   2038.801     12  4101.601     4103.458     4139.983
 76  JTTDCMut+I+G4 2039.311     13  4104.622     4106.801     4146.202
 79  JTTDCMut+F+G4 2005.275     31  4072.551     4085.866     4171.704
 80  JTTDCMut+F+I+G4 2005.977     32  4075.954     4090.225     4178.306
 83  DCMut+G4      2036.279     12  4096.558     4098.416     4134.940
 84  DCMut+I+G4    2036.676     13  4099.351     4101.531     4140.932
 87  DCMut+F+G4    1990.975     31  4043.951     4057.266     4143.104
 88  DCMut+F+I+G4  1991.581     32  4047.162     4061.432     4149.514
 91  VT+G4         2029.453     12  4082.906     4084.763     4121.288
 92  VT+I+G4       2029.922     13  4085.844     4088.023     4127.424
 95  VT+F+G4       2004.459     31  4070.918     4084.233     4170.071
 96  VT+F+I+G4     2005.001     32  4074.003     4088.273     4176.355
 99  PMB+G4        2047.343     12  4118.687     4120.544     4157.069
100  PMB+I+G4      2047.835     13  4121.671     4123.851     4163.251
103  PMB+F+G4      2018.514     31  4099.028     4112.343     4198.181
104  PMB+F+I+G4    2019.008     32  4102.016     4116.287     4204.368
107  Blosum62+G4   2038.355     12  4100.709     4102.566     4139.091
108  Blosum62+I+G4 2038.963     13  4103.926     4106.106     4145.507
111  Blosum62+F+G4 2012.508     31  4087.016     4100.332     4186.170
112  Blosum62+F+I+G4 2013.068     32  4090.136     4104.406     4192.488
115  Dayhoff+G4    2036.243     12  4096.487     4098.344     4134.869
116  Dayhoff+I+G4  2036.637     13  4099.274     4101.453     4140.854
119  Dayhoff+F+G4  1990.952     31  4043.903     4057.219     4143.057
120  Dayhoff+F+I+G4 1991.554     32  4047.107     4061.378     4149.459
123  mtREV+G4      2122.494     12  4268.988     4270.846     4307.370
124  mtREV+I+G4    2123.139     13  4272.279     4274.459     4313.859
127  mtREV+F+G4    2028.586     31  4119.171     4132.487     4218.325
128  mtREV+F+I+G4  2029.271     32  4122.541     4136.811     4224.893
131  mtART+G4      2138.747     12  4301.494     4303.351     4339.876
132  mtART+I+G4    2139.166     13  4304.331     4306.511     4345.912
135  mtART+F+G4    2045.881     31  4153.761     4167.077     4252.915
136  mtART+F+I+G4  2046.524     32  4157.049     4171.319     4259.401
139  mtZOA+G4      2112.338     12  4248.675     4250.533     4287.057
140  mtZOA+I+G4    2112.850     13  4251.700     4253.879     4293.280
143  mtZOA+F+G4    2019.763     31  4101.526     4114.841     4200.679
144  mtZOA+F+I+G4  2020.480     32  4104.961     4119.231     4207.313
147  mtMet+G4      2102.621     12  4229.242     4231.099     4267.624
148  mtMet+I+G4    2103.326     13  4232.652     4234.831     4274.232
151  mtMet+F+G4    2029.117     31  4120.234     4133.550     4219.388
152  mtMet+F+I+G4  2029.830     32  4123.660     4137.930     4226.012
155  mtVer+G4      2147.007     12  4318.014     4319.871     4356.396
156  mtVer+I+G4    2147.824     13  4321.648     4323.827     4363.228
159  mtVer+F+G4    2050.999     31  4163.998     4177.314     4263.152
160  mtVer+F+I+G4  2051.679     32  4167.357     4181.628     4269.709
163  mtInv+G4      2108.495     12  4240.990     4242.848     4279.372
164  mtInv+I+G4    2109.140     13  4244.281     4246.460     4285.861
167  mtInv+F+G4    2020.934     31  4103.867     4117.183     4203.021
168  mtInv+F+I+G4  2021.578     32  4107.156     4121.426     4209.508
171  mtMAM+G4      2148.471     12  4320.942     4322.799     4359.324
172  mtMAM+I+G4    2149.170     13  4324.341     4326.520     4365.921
175  mtMAM+F+G4    2055.637     31  4173.275     4186.590     4272.428
176  mtMAM+F+I+G4  2056.418     32  4176.837     4191.107     4279.189
WARNING: Normalizing state frequencies so that sum of them equals to 1
179  FLAVI+G4      2104.537     12  4233.074     4234.931     4271.456
WARNING: Normalizing state frequencies so that sum of them equals to 1
180  FLAVI+I+G4    2105.177     13  4236.354     4238.533     4277.934
WARNING: Normalizing state frequencies so that sum of them equals to 1
183  FLAVI+F+G4    2053.762     31  4169.523     4182.839     4268.677
WARNING: Normalizing state frequencies so that sum of them equals to 1
184  FLAVI+F+I+G4  2054.540     32  4173.081     4187.351     4275.433
187  HIVb+G4       2059.844     12  4143.688     4145.545     4182.070
188  HIVb+I+G4     2060.278     13  4146.557     4148.736     4188.137
191  HIVb+F+G4     2019.164     31  4100.327     4113.643     4199.481
192  HIVb+F+I+G4   2019.565     32  4103.130     4117.400     4205.482
195  HIVw+G4       2109.893     12  4243.787     4245.644     4282.169
196  HIVw+I+G4     2110.450     13  4246.900     4249.080     4288.480
199  HIVw+F+G4     2049.423     31  4160.846     4174.161     4259.999
200  HIVw+F+I+G4   2049.972     32  4163.944     4178.214     4266.296
203  FLU+G4        2033.817     12  4091.634     4093.491     4130.016
204  FLU+I+G4      2034.445     13  4094.890     4097.070     4136.471
207  FLU+F+G4      2002.766     31  4067.533     4080.848     4166.686
208  FLU+F+I+G4    2003.435     32  4070.870     4085.140     4173.222
211  rtREV+G4      2041.354     12  4106.708     4108.566     4145.090
212  rtREV+I+G4    2041.994     13  4109.987     4112.167     4151.568
215  rtREV+F+G4    2003.852     31  4069.704     4083.019     4168.857
216  rtREV+F+I+G4  2004.567     32  4073.135     4087.405     4175.487
219  cpREV+G4      2038.810     12  4101.621     4103.478     4140.003
220  cpREV+I+G4    2039.152     13  4104.303     4106.483     4145.884
223  cpREV+F+G4    2007.958     31  4077.916     4091.231     4177.069
224  cpREV+F+I+G4  2008.366     32  4080.732     4095.003     4183.084
Akaike Information Criterion:           Dayhoff+F+G4
Corrected Akaike Information Criterion: Dayhoff+F+G4
Bayesian Information Criterion:         Q.yeast+G4
Best-fit model: Q.yeast+G4 chosen according to BIC

All model information printed to ../results/molecular_evolution_analyses/phylogenetic_trees/F2696_SMED_G1/F2696_SMED_G1.model.gz
CPU time for ModelFinder: 2.195 seconds (0h:0m:2s)
Wall-clock time for ModelFinder: 2.200 seconds (0h:0m:2s)
Generating 1000 samples for ultrafast bootstrap (seed: 465039)...
WARNING: Normalizing state frequencies so that sum of them equals to 1

NOTE: 1 MB RAM (0 GB) is required!
Estimate model parameters (epsilon = 0.100)
1. Initial log-likelihood: -2017.175
Optimal log-likelihood: -2017.175
Gamma shape alpha: 0.736
Parameters optimization took 1 rounds (0.005 sec)
Wrote distance file to... 
Computing ML distances based on estimated model parameters...
Calculating distance matrix: done in 0.00314593 secs using 99.68% CPU
Computing ML distances took 0.003172 sec (of wall-clock time) 0.003164 sec (of CPU time)
Setting up auxiliary I and S matrices: done in 3.19481e-05 secs using 103.3% CPU
Constructing RapidNJ tree: done in 2.7895e-05 secs using 96.79% CPU
Computing RapidNJ tree took 0.000109 sec (of wall-clock time) 0.000109 sec (of CPU time)
Log-likelihood of RapidNJ tree: -2017.551
--------------------------------------------------------------------
|             INITIALIZING CANDIDATE TREE SET                      |
--------------------------------------------------------------------
Generating 98 parsimony trees... 0.023 second
Computing log-likelihood of 36 initial trees ... 0.052 seconds
Current best score: -2017.175

Do NNI search on 20 best initial trees
Optimizing NNI: done in 0.00499511 secs using 199.9% CPU
Estimate model parameters (epsilon = 0.100)
BETTER TREE FOUND at iteration 1: -2017.175
Optimizing NNI: done in 0.011045 secs using 200% CPU
Optimizing NNI: done in 0.016958 secs using 199.9% CPU
Optimizing NNI: done in 0.0109401 secs using 200% CPU
Optimizing NNI: done in 0.0109968 secs using 199.9% CPU
Optimizing NNI: done in 0.00985408 secs using 200% CPU
Optimizing NNI: done in 0.0107009 secs using 200% CPU
Optimizing NNI: done in 0.00971103 secs using 199.9% CPU
Optimizing NNI: done in 0.0168841 secs using 176.2% CPU
Optimizing NNI: done in 0.0111289 secs using 156.3% CPU
Iteration 10 / LogL: -2018.736 / Time: 0h:0m:0s
Optimizing NNI: done in 0.0169389 secs using 99.98% CPU
Optimizing NNI: done in 0.016952 secs using 99.99% CPU
Optimizing NNI: done in 0.0157738 secs using 99.96% CPU
Optimizing NNI: done in 0.0157201 secs using 99.95% CPU
Optimizing NNI: done in 0.0171468 secs using 99.97% CPU
Optimizing NNI: done in 0.017097 secs using 99.97% CPU
Optimizing NNI: done in 0.015727 secs using 99.98% CPU
Optimizing NNI: done in 0.0156381 secs using 99.96% CPU
Optimizing NNI: done in 0.017375 secs using 99.98% CPU
Optimizing NNI: done in 0.021857 secs using 99.96% CPU
Iteration 20 / LogL: -2017.182 / Time: 0h:0m:0s
Finish initializing candidate tree set (2)
Current best tree score: -2017.175 / CPU time: 0.374
Number of iterations: 20
--------------------------------------------------------------------
|               OPTIMIZING CANDIDATE TREE SET                      |
--------------------------------------------------------------------
Optimizing NNI: done in 0.0109529 secs using 99.96% CPU
Optimizing NNI: done in 0.0221078 secs using 99.96% CPU
Optimizing NNI: done in 0.0108681 secs using 99.97% CPU
Optimizing NNI: done in 0.022855 secs using 99.96% CPU
Optimizing NNI: done in 0.00980282 secs using 99.97% CPU
Optimizing NNI: done in 0.0186539 secs using 100% CPU
Optimizing NNI: done in 0.0225451 secs using 99.98% CPU
Optimizing NNI: done in 0.0168569 secs using 99.96% CPU
Optimizing NNI: done in 0.0164938 secs using 99.99% CPU
Optimizing NNI: done in 0.011255 secs using 99.97% CPU
Iteration 30 / LogL: -2020.139 / Time: 0h:0m:0s (0h:0m:1s left)
Optimizing NNI: done in 0.01823 secs using 99.98% CPU
Optimizing NNI: done in 0.02197 secs using 99.98% CPU
Optimizing NNI: done in 0.0228322 secs using 99.98% CPU
Optimizing NNI: done in 0.0108111 secs using 99.97% CPU
Optimizing NNI: done in 0.00494218 secs using 99.94% CPU
Optimizing NNI: done in 0.0165219 secs using 99.96% CPU
Optimizing NNI: done in 0.00487709 secs using 99.92% CPU
Optimizing NNI: done in 0.016675 secs using 99.96% CPU
Optimizing NNI: done in 0.0159588 secs using 99.96% CPU
Optimizing NNI: done in 0.0169539 secs using 99.96% CPU
Iteration 40 / LogL: -2017.176 / Time: 0h:0m:0s (0h:0m:1s left)
Optimizing NNI: done in 0.0166521 secs using 99.97% CPU
Optimizing NNI: done in 0.010972 secs using 99.97% CPU
Optimizing NNI: done in 0.00488901 secs using 100% CPU
Optimizing NNI: done in 0.0156641 secs using 99.96% CPU
Optimizing NNI: done in 0.0183818 secs using 99.97% CPU
Optimizing NNI: done in 0.00475597 secs using 100% CPU
Optimizing NNI: done in 0.0166891 secs using 99.96% CPU
Optimizing NNI: done in 0.0167451 secs using 99.96% CPU
Optimizing NNI: done in 0.0157318 secs using 99.96% CPU
Optimizing NNI: done in 0.0167699 secs using 99.97% CPU
Iteration 50 / LogL: -2017.177 / Time: 0h:0m:0s (0h:0m:0s left)
Log-likelihood cutoff on original alignment: -2034.193
Optimizing NNI: done in 0.0111399 secs using 99.96% CPU
Optimizing NNI: done in 0.018292 secs using 99.98% CPU
Optimizing NNI: done in 0.0224719 secs using 99.98% CPU
Optimizing NNI: done in 0.0225348 secs using 99.97% CPU
Optimizing NNI: done in 0.022649 secs using 99.97% CPU
Optimizing NNI: done in 0.0155451 secs using 99.93% CPU
Optimizing NNI: done in 0.010958 secs using 99.95% CPU
Optimizing NNI: done in 0.0107749 secs using 99.98% CPU
Optimizing NNI: done in 0.0168219 secs using 99.99% CPU
Optimizing NNI: done in 0.0284321 secs using 99.98% CPU
Iteration 60 / LogL: -2017.188 / Time: 0h:0m:1s (0h:0m:0s left)
Optimizing NNI: done in 0.00474787 secs using 100% CPU
Optimizing NNI: done in 0.016861 secs using 99.96% CPU
Optimizing NNI: done in 0.0172679 secs using 99.97% CPU
Optimizing NNI: done in 0.01122 secs using 99.96% CPU
Optimizing NNI: done in 0.0187051 secs using 99.98% CPU
Optimizing NNI: done in 0.0229042 secs using 99.98% CPU
Optimizing NNI: done in 0.018719 secs using 99.96% CPU
Optimizing NNI: done in 0.0107679 secs using 99.96% CPU
Optimizing NNI: done in 0.0183191 secs using 99.99% CPU
Optimizing NNI: done in 0.0228541 secs using 99.97% CPU
Iteration 70 / LogL: -2017.178 / Time: 0h:0m:1s (0h:0m:0s left)
Optimizing NNI: done in 0.0168228 secs using 99.97% CPU
Optimizing NNI: done in 0.0173218 secs using 99.97% CPU
Optimizing NNI: done in 0.0183599 secs using 99.97% CPU
Optimizing NNI: done in 0.0170138 secs using 99.97% CPU
Optimizing NNI: done in 0.0048759 secs using 99.94% CPU
Optimizing NNI: done in 0.0218151 secs using 99.98% CPU
Optimizing NNI: done in 0.0109041 secs using 99.98% CPU
Optimizing NNI: done in 0.00477982 secs using 99.92% CPU
Optimizing NNI: done in 0.0170581 secs using 99.98% CPU
Optimizing NNI: done in 0.0109141 secs using 100% CPU
Iteration 80 / LogL: -2017.247 / Time: 0h:0m:1s (0h:0m:0s left)
Optimizing NNI: done in 0.028635 secs using 99.98% CPU
Optimizing NNI: done in 0.0168822 secs using 99.98% CPU
Optimizing NNI: done in 0.010782 secs using 99.98% CPU
Optimizing NNI: done in 0.0106752 secs using 99.97% CPU
Optimizing NNI: done in 0.0167692 secs using 99.96% CPU
Optimizing NNI: done in 0.018141 secs using 99.99% CPU
Optimizing NNI: done in 0.018384 secs using 99.97% CPU
Optimizing NNI: done in 0.0110891 secs using 99.95% CPU
Optimizing NNI: done in 0.015717 secs using 99.99% CPU
Optimizing NNI: done in 0.00482297 secs using 99.98% CPU
Iteration 90 / LogL: -2017.175 / Time: 0h:0m:1s (0h:0m:0s left)
Optimizing NNI: done in 0.0110209 secs using 99.95% CPU
Optimizing NNI: done in 0.0216901 secs using 99.98% CPU
Optimizing NNI: done in 0.0108559 secs using 99.97% CPU
Optimizing NNI: done in 0.0111959 secs using 99.97% CPU
Optimizing NNI: done in 0.0217211 secs using 99.98% CPU
Optimizing NNI: done in 0.01103 secs using 99.96% CPU
Optimizing NNI: done in 0.0108719 secs using 99.97% CPU
Optimizing NNI: done in 0.00956917 secs using 99.97% CPU
Optimizing NNI: done in 0.010895 secs using 99.97% CPU
Optimizing NNI: done in 0.0218148 secs using 99.98% CPU
Iteration 100 / LogL: -2017.323 / Time: 0h:0m:1s (0h:0m:0s left)
Log-likelihood cutoff on original alignment: -2034.193
NOTE: Bootstrap correlation coefficient of split occurrence frequencies: 1.000
Optimizing NNI: done in 0.0110831 secs using 99.94% CPU
Optimizing NNI: done in 0.010932 secs using 99.97% CPU
TREE SEARCH COMPLETED AFTER 102 ITERATIONS / Time: 0h:0m:1s

--------------------------------------------------------------------
|                    FINALIZING TREE SEARCH                        |
--------------------------------------------------------------------
Performs final model parameters optimization
Estimate model parameters (epsilon = 0.010)
1. Initial log-likelihood: -2017.175
Optimal log-likelihood: -2017.175
Gamma shape alpha: 0.736
Parameters optimization took 1 rounds (0.004 sec)
BEST SCORE FOUND : -2017.175

Testing tree branches by SH-like aLRT with 1000 replicates...
0.021 sec.
Creating bootstrap support values...
Split supports printed to NEXUS file ../results/molecular_evolution_analyses/phylogenetic_trees/F2696_SMED_G1/F2696_SMED_G1.splits.nex
Total tree length: 4.266

Total number of iterations: 102
CPU time used for tree search: 2.080 sec (0h:0m:2s)
Wall-clock time used for tree search: 1.893 sec (0h:0m:1s)
Total CPU time used: 2.145 sec (0h:0m:2s)
Total wall-clock time used: 1.953 sec (0h:0m:1s)

Computing bootstrap consensus tree...
Reading input file ../results/molecular_evolution_analyses/phylogenetic_trees/F2696_SMED_G1/F2696_SMED_G1.splits.nex...
7 taxa and 32 splits.
Consensus tree written to ../results/molecular_evolution_analyses/phylogenetic_trees/F2696_SMED_G1/F2696_SMED_G1.contree
Reading input trees file ../results/molecular_evolution_analyses/phylogenetic_trees/F2696_SMED_G1/F2696_SMED_G1.contree
Log-likelihood of consensus tree: -2017.175

Analysis results written to: 
  IQ-TREE report:                ../results/molecular_evolution_analyses/phylogenetic_trees/F2696_SMED_G1/F2696_SMED_G1.iqtree
  Maximum-likelihood tree:       ../results/molecular_evolution_analyses/phylogenetic_trees/F2696_SMED_G1/F2696_SMED_G1.treefile
  Likelihood distances:          ../results/molecular_evolution_analyses/phylogenetic_trees/F2696_SMED_G1/F2696_SMED_G1.mldist

Ultrafast bootstrap approximation results written to:
  Split support values:          ../results/molecular_evolution_analyses/phylogenetic_trees/F2696_SMED_G1/F2696_SMED_G1.splits.nex
  Consensus tree:                ../results/molecular_evolution_analyses/phylogenetic_trees/F2696_SMED_G1/F2696_SMED_G1.contree
  Screen log file:               ../results/molecular_evolution_analyses/phylogenetic_trees/F2696_SMED_G1/F2696_SMED_G1.log

Date and Time: Wed May  1 11:53:41 2024
