IQ-TREE multicore version 2.2.2.6 COVID-edition for Linux 64-bit built May 27 2023
Developed by Bui Quang Minh, James Barbetti, Nguyen Lam Tung,
Olga Chernomor, Heiko Schmidt, Dominik Schrempf, Michael Woodhams, Ly Trong Nhan.

Host:    lbc5 (AVX2, FMA3, 125 GB RAM)
Command: /home/mauricio/mauricio_PROGRAMAS/iqtree-2.2.2.6-Linux/bin/iqtree2 -s ../results/molecular_evolution_analyses/alignments_gblocks/F12453_SJAP_G1/F12453_SJAP_G1.aln.gblo -m TEST --threads-max 32 --alrt 1000 --ufboot 1000 --prefix ../results/molecular_evolution_analyses/phylogenetic_trees/F12453_SJAP_G1/F12453_SJAP_G1 -keep-ident -redo
Seed:    177315 (Using SPRNG - Scalable Parallel Random Number Generator)
Time:    Wed May  1 12:40:35 2024
Kernel:  AVX+FMA - 1 threads (32 CPU cores detected)

HINT: Use -nt option to specify number of threads because your CPU has 32 cores!
HINT: -nt AUTO will automatically determine the best number of threads to use.

Reading alignment file ../results/molecular_evolution_analyses/alignments_gblocks/F12453_SJAP_G1/F12453_SJAP_G1.aln.gblo ... Fasta format detected
Reading fasta file: done in 5.4121e-05 secs using 96.08% CPU
Alignment most likely contains protein sequences
Constructing alignment: done in 7.51019e-05 secs using 101.2% CPU
Alignment has 11 sequences with 62 columns, 19 distinct patterns
0 parsimony-informative, 0 singleton sites, 62 constant sites
           Gap/Ambiguity  Composition  p-value
Analyzing sequences: done in 8.10623e-06 secs using 86.35% CPU
   1  Sjap.2259    0.00%    passed    100.00%
   2  Sjap.2260    0.00%    passed    100.00%
   3  Sjap.2256    0.00%    passed    100.00%
   4  Sjap.2257    0.00%    passed    100.00%
   5  Sjap.2258    0.00%    passed    100.00%
   6  Sjap.2261    0.00%    passed    100.00%
   7  Sjap.2262    0.00%    passed    100.00%
   8  Sjap.2263    0.00%    passed    100.00%
   9  Sjap.2264    0.00%    passed    100.00%
  10  Sjap.2265    0.00%    passed    100.00%
  11  Sjap.2266    0.00%    passed    100.00%
****  TOTAL        0.00%  0 sequences failed composition chi2 test (p-value<5%; df=18)


Create initial parsimony tree by phylogenetic likelihood library (PLL)... 0.000 seconds
Perform fast likelihood tree search using LG model...
Estimate model parameters (epsilon = 5.000)
Perform nearest neighbor interchange...
Optimizing NNI: done in 0.00087595 secs using 99.89% CPU
Estimate model parameters (epsilon = 1.000)
1. Initial log-likelihood: -183.487
Optimal log-likelihood: -183.487
Parameters optimization took 1 rounds (0.000 sec)
Time for fast ML tree search: 0.002 seconds

NOTE: ModelFinder requires 0 MB RAM!
ModelFinder will test up to 56 protein models (sample size: 62) ...
 No. Model         -LnL         df  AIC          AICc         BIC
  1  LG            183.487      19  404.973      423.069      445.389
  2  LG+F          173.193      38  422.386      551.255      503.217
  3  WAG           182.780      19  403.560      421.655      443.976
  4  WAG+F         173.193      38  422.386      551.255      503.217
  5  JTT           182.137      19  402.275      420.370      442.690
  6  JTT+F         173.193      38  422.386      551.255      503.217
WARNING: Normalizing state frequencies so that sum of them equals to 1
  7  Q.pfam        183.614      19  405.229      423.324      445.644
WARNING: Normalizing state frequencies so that sum of them equals to 1
  8  Q.pfam+F      173.193      38  422.386      551.255      503.217
WARNING: Normalizing state frequencies so that sum of them equals to 1
  9  Q.bird        181.468      19  400.936      419.031      441.351
WARNING: Normalizing state frequencies so that sum of them equals to 1
 10  Q.bird+F      173.193      38  422.386      551.255      503.217
WARNING: Normalizing state frequencies so that sum of them equals to 1
 11  Q.mammal      181.300      19  400.599      418.694      441.015
WARNING: Normalizing state frequencies so that sum of them equals to 1
 12  Q.mammal+F    173.193      38  422.386      551.255      503.217
 13  Q.insect      182.091      19  402.182      420.277      442.597
 14  Q.insect+F    173.193      38  422.386      551.255      503.217
WARNING: Normalizing state frequencies so that sum of them equals to 1
 15  Q.plant       183.109      19  404.219      422.314      444.635
WARNING: Normalizing state frequencies so that sum of them equals to 1
 16  Q.plant+F     173.193      38  422.386      551.255      503.217
WARNING: Normalizing state frequencies so that sum of them equals to 1
 17  Q.yeast       182.993      19  403.986      422.081      444.402
WARNING: Normalizing state frequencies so that sum of them equals to 1
 18  Q.yeast+F     173.193      38  422.386      551.255      503.217
 19  JTTDCMut      182.255      19  402.510      420.605      442.926
 20  JTTDCMut+F    173.193      38  422.386      551.255      503.217
 21  DCMut         183.786      19  405.571      423.666      445.987
 22  DCMut+F       173.193      38  422.386      551.255      503.217
 23  VT            182.257      19  402.514      420.610      442.930
 24  VT+F          173.193      38  422.386      551.255      503.217
 25  PMB           181.912      19  401.825      419.920      442.240
 26  PMB+F         173.193      38  422.386      551.255      503.217
 27  Blosum62      183.094      19  404.188      422.283      444.603
 28  Blosum62+F    173.193      38  422.386      551.255      503.217
 29  Dayhoff       183.786      19  405.571      423.666      445.987
 30  Dayhoff+F     173.193      38  422.386      551.255      503.217
 31  mtREV         186.520      19  411.040      429.135      451.456
 32  mtREV+F       173.193      38  422.386      551.255      503.217
 33  mtART         186.515      19  411.030      429.125      451.445
 34  mtART+F       173.193      38  422.386      551.255      503.217
 35  mtZOA         186.128      19  410.255      428.351      450.671
 36  mtZOA+F       173.193      38  422.386      551.255      503.217
 37  mtMet         186.008      19  410.016      428.111      450.432
 38  mtMet+F       173.193      38  422.386      551.255      503.217
 39  mtVer         186.611      19  411.223      429.318      451.638
 40  mtVer+F       173.193      38  422.386      551.255      503.217
 41  mtInv         188.984      19  415.967      434.062      456.383
 42  mtInv+F       173.193      38  422.386      551.255      503.217
 43  mtMAM         186.401      19  410.803      428.898      451.219
 44  mtMAM+F       173.193      38  422.386      551.255      503.217
WARNING: Normalizing state frequencies so that sum of them equals to 1
 45  FLAVI         185.772      19  409.544      427.639      449.960
WARNING: Normalizing state frequencies so that sum of them equals to 1
 46  FLAVI+F       173.193      38  422.386      551.255      503.217
 47  HIVb          186.514      19  411.028      429.124      451.444
 48  HIVb+F        173.193      38  422.386      551.255      503.217
 49  HIVw          186.907      19  411.813      429.908      452.229
 50  HIVw+F        173.193      38  422.386      551.255      503.217
 51  FLU           181.621      19  401.242      419.338      441.658
 52  FLU+F         173.193      38  422.386      551.255      503.217
 53  rtREV         187.432      19  412.865      430.960      453.280
 54  rtREV+F       173.193      38  422.386      551.255      503.217
 55  cpREV         185.390      19  408.779      426.875      449.195
 56  cpREV+F       173.193      38  422.386      551.255      503.217
Akaike Information Criterion:           Q.mammal
Corrected Akaike Information Criterion: Q.mammal
Bayesian Information Criterion:         Q.mammal
Best-fit model: Q.mammal chosen according to BIC

All model information printed to ../results/molecular_evolution_analyses/phylogenetic_trees/F12453_SJAP_G1/F12453_SJAP_G1.model.gz
CPU time for ModelFinder: 0.050 seconds (0h:0m:0s)
Wall-clock time for ModelFinder: 0.050 seconds (0h:0m:0s)
NOTE: State(s) W not present in alignment and thus removed from Markov process to prevent numerical problems
NOTE: 1 states (see above) are not present and thus removed from Markov process to prevent numerical problems
Generating 1000 samples for ultrafast bootstrap (seed: 177315)...
WARNING: Normalizing state frequencies so that sum of them equals to 1

NOTE: 0 MB RAM (0 GB) is required!
Estimate model parameters (epsilon = 0.100)
1. Initial log-likelihood: -181.300
Optimal log-likelihood: -181.300
Parameters optimization took 1 rounds (0.000 sec)
Wrote distance file to... 
Computing ML distances based on estimated model parameters...
Calculating distance matrix: done in 0.000501871 secs using 99.83% CPU
Computing ML distances took 0.000521 sec (of wall-clock time) 0.000523 sec (of CPU time)
Setting up auxiliary I and S matrices: done in 4.31538e-05 secs using 99.64% CPU
Constructing RapidNJ tree: done in 4.60148e-05 secs using 202.1% CPU
Computing RapidNJ tree took 0.000146 sec (of wall-clock time) 0.000376 sec (of CPU time)
Log-likelihood of RapidNJ tree: -181.299
--------------------------------------------------------------------
|             INITIALIZING CANDIDATE TREE SET                      |
--------------------------------------------------------------------
Generating 98 parsimony trees... 0.011 second
Computing log-likelihood of 98 initial trees ... 0.021 seconds
Current best score: -181.299

Do NNI search on 20 best initial trees
Optimizing NNI: done in 0.00107193 secs using 199.7% CPU
Estimate model parameters (epsilon = 0.100)
BETTER TREE FOUND at iteration 1: -181.300
Optimizing NNI: done in 0.001194 secs using 199.6% CPU
Optimizing NNI: done in 0.00117803 secs using 200.1% CPU
Optimizing NNI: done in 0.00119495 secs using 200.2% CPU
Optimizing NNI: done in 0.00116086 secs using 199.9% CPU
Optimizing NNI: done in 0.00116992 secs using 200% CPU
Optimizing NNI: done in 0.00115705 secs using 200% CPU
Optimizing NNI: done in 0.00114918 secs using 200.1% CPU
Optimizing NNI: done in 0.0011301 secs using 200% CPU
Optimizing NNI: done in 0.00113201 secs using 200.1% CPU
Iteration 10 / LogL: -181.300 / Time: 0h:0m:0s
Optimizing NNI: done in 0.00113082 secs using 199.9% CPU
Optimizing NNI: done in 0.00114489 secs using 199.8% CPU
Optimizing NNI: done in 0.0011301 secs using 200% CPU
Optimizing NNI: done in 0.00115895 secs using 200.3% CPU
Optimizing NNI: done in 0.00114894 secs using 200% CPU
Optimizing NNI: done in 0.00116515 secs using 200% CPU
Optimizing NNI: done in 0.00113201 secs using 200.1% CPU
Optimizing NNI: done in 0.00114989 secs using 199.9% CPU
Optimizing NNI: done in 0.00116014 secs using 199.9% CPU
Optimizing NNI: done in 0.00114202 secs using 200% CPU
Iteration 20 / LogL: -181.300 / Time: 0h:0m:0s
Finish initializing candidate tree set (20)
Current best tree score: -181.300 / CPU time: 0.061
Number of iterations: 20
--------------------------------------------------------------------
|               OPTIMIZING CANDIDATE TREE SET                      |
--------------------------------------------------------------------
Optimizing NNI: done in 0.00113106 secs using 200% CPU
Optimizing NNI: done in 0.0010879 secs using 200% CPU
Optimizing NNI: done in 0.00110006 secs using 199.8% CPU
Optimizing NNI: done in 0.00109291 secs using 200.3% CPU
Optimizing NNI: done in 0.00111413 secs using 199.8% CPU
Optimizing NNI: done in 0.00111198 secs using 199.9% CPU
Optimizing NNI: done in 0.00111914 secs using 199.8% CPU
Optimizing NNI: done in 0.00110698 secs using 199.6% CPU
Optimizing NNI: done in 0.0011189 secs using 200% CPU
Optimizing NNI: done in 0.00110602 secs using 199.6% CPU
Iteration 30 / LogL: -181.300 / Time: 0h:0m:0s (0h:0m:0s left)
Optimizing NNI: done in 0.00114012 secs using 199.5% CPU
Optimizing NNI: done in 0.00115108 secs using 199.9% CPU
Optimizing NNI: done in 0.0011282 secs using 199.6% CPU
Optimizing NNI: done in 0.00117207 secs using 200% CPU
Optimizing NNI: done in 0.00112796 secs using 200.3% CPU
Optimizing NNI: done in 0.0011251 secs using 199.6% CPU
Optimizing NNI: done in 0.00116706 secs using 199.9% CPU
Optimizing NNI: done in 0.00110507 secs using 200% CPU
Optimizing NNI: done in 0.00114918 secs using 199.6% CPU
Optimizing NNI: done in 0.00117493 secs using 199.9% CPU
Iteration 40 / LogL: -181.300 / Time: 0h:0m:0s (0h:0m:0s left)
Optimizing NNI: done in 0.00110292 secs using 200.2% CPU
Optimizing NNI: done in 0.00111103 secs using 199.9% CPU
Optimizing NNI: done in 0.00110102 secs using 200.1% CPU
Optimizing NNI: done in 0.00107598 secs using 200.2% CPU
Optimizing NNI: done in 0.00111318 secs using 199.9% CPU
Optimizing NNI: done in 0.00112104 secs using 199.8% CPU
Optimizing NNI: done in 0.00110197 secs using 200.2% CPU
Optimizing NNI: done in 0.00110698 secs using 199.9% CPU
Optimizing NNI: done in 0.00111294 secs using 199.7% CPU
Optimizing NNI: done in 0.00110483 secs using 200% CPU
Iteration 50 / LogL: -181.300 / Time: 0h:0m:0s (0h:0m:0s left)
Log-likelihood cutoff on original alignment: -181.300
Optimizing NNI: done in 0.00116611 secs using 98.96% CPU
Optimizing NNI: done in 0.00115585 secs using 99.93% CPU
Optimizing NNI: done in 0.00111079 secs using 99.93% CPU
Optimizing NNI: done in 0.00114202 secs using 99.65% CPU
Optimizing NNI: done in 0.00109196 secs using 100.1% CPU
Optimizing NNI: done in 0.00105095 secs using 100% CPU
Optimizing NNI: done in 0.00111103 secs using 99.91% CPU
Optimizing NNI: done in 0.00109601 secs using 100% CPU
Optimizing NNI: done in 0.00111508 secs using 99.9% CPU
Optimizing NNI: done in 0.00111508 secs using 99.9% CPU
Iteration 60 / LogL: -181.300 / Time: 0h:0m:0s (0h:0m:0s left)
Optimizing NNI: done in 0.0010972 secs using 100.1% CPU
Optimizing NNI: done in 0.00113511 secs using 99.99% CPU
Optimizing NNI: done in 0.00110102 secs using 100% CPU
Optimizing NNI: done in 0.00114083 secs using 100% CPU
Optimizing NNI: done in 0.00111604 secs using 100% CPU
Optimizing NNI: done in 0.0010891 secs using 99.99% CPU
Optimizing NNI: done in 0.00113702 secs using 100% CPU
Optimizing NNI: done in 0.00108194 secs using 100% CPU
Optimizing NNI: done in 0.00110698 secs using 100% CPU
Optimizing NNI: done in 0.00108504 secs using 99.72% CPU
Iteration 70 / LogL: -181.300 / Time: 0h:0m:0s (0h:0m:0s left)
Optimizing NNI: done in 0.00114608 secs using 99.91% CPU
Optimizing NNI: done in 0.0010612 secs using 99.98% CPU
Optimizing NNI: done in 0.00109982 secs using 100% CPU
Optimizing NNI: done in 0.00110793 secs using 99.92% CPU
Optimizing NNI: done in 0.00109887 secs using 100% CPU
Optimizing NNI: done in 0.00110412 secs using 99.9% CPU
Optimizing NNI: done in 0.00111198 secs using 100% CPU
Optimizing NNI: done in 0.00107813 secs using 99.99% CPU
Optimizing NNI: done in 0.00109696 secs using 100% CPU
Optimizing NNI: done in 0.00109601 secs using 100% CPU
Iteration 80 / LogL: -181.300 / Time: 0h:0m:0s (0h:0m:0s left)
Optimizing NNI: done in 0.00111604 secs using 100% CPU
Optimizing NNI: done in 0.00110483 secs using 99.92% CPU
Optimizing NNI: done in 0.00110483 secs using 100% CPU
Optimizing NNI: done in 0.00109506 secs using 99.99% CPU
Optimizing NNI: done in 0.00108695 secs using 100% CPU
Optimizing NNI: done in 0.00113392 secs using 100.1% CPU
Optimizing NNI: done in 0.00107598 secs using 99.63% CPU
Optimizing NNI: done in 0.00107121 secs using 99.98% CPU
Optimizing NNI: done in 0.001091 secs using 99.91% CPU
Optimizing NNI: done in 0.001122 secs using 99.73% CPU
Iteration 90 / LogL: -181.300 / Time: 0h:0m:0s (0h:0m:0s left)
Optimizing NNI: done in 0.00106382 secs using 100% CPU
Optimizing NNI: done in 0.00105309 secs using 100.1% CPU
Optimizing NNI: done in 0.001086 secs using 100% CPU
Optimizing NNI: done in 0.00107503 secs using 100% CPU
Optimizing NNI: done in 0.00110197 secs using 99.91% CPU
Optimizing NNI: done in 0.00108409 secs using 99.99% CPU
Optimizing NNI: done in 0.00110602 secs using 99.91% CPU
Optimizing NNI: done in 0.00110912 secs using 99.9% CPU
Optimizing NNI: done in 0.0010581 secs using 100.1% CPU
Optimizing NNI: done in 0.00104785 secs using 100% CPU
Iteration 100 / LogL: -181.300 / Time: 0h:0m:0s (0h:0m:0s left)
Log-likelihood cutoff on original alignment: -181.300
NOTE: Bootstrap correlation coefficient of split occurrence frequencies: 0.005
NOTE: UFBoot does not converge, continue at least 100 more iterations
Optimizing NNI: done in 0.0011301 secs using 99.81% CPU
Optimizing NNI: done in 0.00111103 secs using 100% CPU
Optimizing NNI: done in 0.00109005 secs using 100% CPU
Optimizing NNI: done in 0.00107121 secs using 99.98% CPU
Optimizing NNI: done in 0.00109386 secs using 100% CPU
Optimizing NNI: done in 0.00111699 secs using 100.1% CPU
Optimizing NNI: done in 0.00112391 secs using 100% CPU
Optimizing NNI: done in 0.0010879 secs using 100.1% CPU
Optimizing NNI: done in 0.00107694 secs using 100.1% CPU
Optimizing NNI: done in 0.00105906 secs using 99.99% CPU
Iteration 110 / LogL: -181.300 / Time: 0h:0m:0s (0h:0m:0s left)
Optimizing NNI: done in 0.00109506 secs using 99.9% CPU
Optimizing NNI: done in 0.00110388 secs using 99.65% CPU
Optimizing NNI: done in 0.00105786 secs using 100% CPU
Optimizing NNI: done in 0.00109911 secs using 99.9% CPU
Optimizing NNI: done in 0.00108504 secs using 100% CPU
Optimizing NNI: done in 0.00108004 secs using 99.9% CPU
Optimizing NNI: done in 0.00107408 secs using 100.1% CPU
Optimizing NNI: done in 0.00111008 secs using 99.99% CPU
Optimizing NNI: done in 0.00112796 secs using 99.74% CPU
Optimizing NNI: done in 0.00109792 secs using 100% CPU
Iteration 120 / LogL: -181.300 / Time: 0h:0m:0s (0h:0m:0s left)
Optimizing NNI: done in 0.00110197 secs using 100% CPU
Optimizing NNI: done in 0.00107884 secs using 99.92% CPU
Optimizing NNI: done in 0.00107908 secs using 99.99% CPU
Optimizing NNI: done in 0.00108981 secs using 99.93% CPU
Optimizing NNI: done in 0.00106478 secs using 100% CPU
Optimizing NNI: done in 0.00112009 secs using 99.63% CPU
Optimizing NNI: done in 0.00115585 secs using 100% CPU
Optimizing NNI: done in 0.00112605 secs using 100% CPU
Optimizing NNI: done in 0.00112414 secs using 100.1% CPU
Optimizing NNI: done in 0.00111985 secs using 100.1% CPU
Iteration 130 / LogL: -181.300 / Time: 0h:0m:0s (0h:0m:0s left)
Optimizing NNI: done in 0.00108695 secs using 99.91% CPU
Optimizing NNI: done in 0.00107312 secs using 99.99% CPU
Optimizing NNI: done in 0.00111294 secs using 99.65% CPU
Optimizing NNI: done in 0.00113988 secs using 100% CPU
Optimizing NNI: done in 0.00114393 secs using 100% CPU
Optimizing NNI: done in 0.00112081 secs using 99.93% CPU
Optimizing NNI: done in 0.00114298 secs using 100% CPU
Optimizing NNI: done in 0.00106287 secs using 100% CPU
Optimizing NNI: done in 0.00110006 secs using 99.72% CPU
Optimizing NNI: done in 0.00109887 secs using 100.1% CPU
Iteration 140 / LogL: -181.300 / Time: 0h:0m:0s (0h:0m:0s left)
Optimizing NNI: done in 0.00110006 secs using 99.99% CPU
Optimizing NNI: done in 0.00114298 secs using 100.1% CPU
Optimizing NNI: done in 0.00106907 secs using 99.99% CPU
Optimizing NNI: done in 0.00112104 secs using 99.91% CPU
Optimizing NNI: done in 0.00107121 secs using 99.98% CPU
Optimizing NNI: done in 0.00111413 secs using 99.63% CPU
Optimizing NNI: done in 0.00106287 secs using 100% CPU
Optimizing NNI: done in 0.00111198 secs using 100% CPU
Optimizing NNI: done in 0.00109506 secs using 99.99% CPU
Optimizing NNI: done in 0.00103903 secs using 99.9% CPU
Iteration 150 / LogL: -181.300 / Time: 0h:0m:0s (0h:0m:0s left)
Log-likelihood cutoff on original alignment: -181.300
Optimizing NNI: done in 0.00114894 secs using 99.83% CPU
Optimizing NNI: done in 0.001122 secs using 100% CPU
Optimizing NNI: done in 0.00104904 secs using 100.1% CPU
Optimizing NNI: done in 0.00113511 secs using 99.99% CPU
Optimizing NNI: done in 0.00112081 secs using 99.66% CPU
Optimizing NNI: done in 0.00110197 secs using 99.91% CPU
Optimizing NNI: done in 0.00107002 secs using 100% CPU
Optimizing NNI: done in 0.00108218 secs using 99.98% CPU
Optimizing NNI: done in 0.00106597 secs using 100% CPU
Optimizing NNI: done in 0.00107002 secs using 100% CPU
Iteration 160 / LogL: -181.300 / Time: 0h:0m:0s (0h:0m:0s left)
Optimizing NNI: done in 0.00106597 secs using 100% CPU
Optimizing NNI: done in 0.00108004 secs using 100% CPU
Optimizing NNI: done in 0.00108314 secs using 99.71% CPU
Optimizing NNI: done in 0.00108194 secs using 100.1% CPU
Optimizing NNI: done in 0.00110078 secs using 100.1% CPU
Optimizing NNI: done in 0.00110006 secs using 99.9% CPU
Optimizing NNI: done in 0.00112009 secs using 99.63% CPU
Optimizing NNI: done in 0.00114012 secs using 99.99% CPU
Optimizing NNI: done in 0.00110817 secs using 99.98% CPU
Optimizing NNI: done in 0.00109792 secs using 100.1% CPU
Iteration 170 / LogL: -181.300 / Time: 0h:0m:0s (0h:0m:0s left)
Optimizing NNI: done in 0.00111389 secs using 99.65% CPU
Optimizing NNI: done in 0.00109601 secs using 100% CPU
Optimizing NNI: done in 0.00111604 secs using 100% CPU
Optimizing NNI: done in 0.00108004 secs using 100% CPU
Optimizing NNI: done in 0.00111699 secs using 99.73% CPU
Optimizing NNI: done in 0.001091 secs using 99.91% CPU
Optimizing NNI: done in 0.00107288 secs using 99.92% CPU
Optimizing NNI: done in 0.00105906 secs using 99.99% CPU
Optimizing NNI: done in 0.00107622 secs using 99.98% CPU
Optimizing NNI: done in 0.00110221 secs using 99.98% CPU
Iteration 180 / LogL: -181.300 / Time: 0h:0m:0s (0h:0m:0s left)
Optimizing NNI: done in 0.00109196 secs using 100% CPU
Optimizing NNI: done in 0.00107598 secs using 100% CPU
Optimizing NNI: done in 0.00108004 secs using 100% CPU
Optimizing NNI: done in 0.00106406 secs using 99.99% CPU
Optimizing NNI: done in 0.0010972 secs using 99.89% CPU
Optimizing NNI: done in 0.00107098 secs using 99.91% CPU
Optimizing NNI: done in 0.00108504 secs using 99.9% CPU
Optimizing NNI: done in 0.00108409 secs using 99.99% CPU
Optimizing NNI: done in 0.00104403 secs using 100% CPU
Optimizing NNI: done in 0.00107598 secs using 100% CPU
Iteration 190 / LogL: -181.300 / Time: 0h:0m:0s (0h:0m:0s left)
Optimizing NNI: done in 0.00105906 secs using 99.99% CPU
Optimizing NNI: done in 0.00109196 secs using 99.91% CPU
Optimizing NNI: done in 0.00107408 secs using 99.99% CPU
Optimizing NNI: done in 0.0010848 secs using 100% CPU
Optimizing NNI: done in 0.00106001 secs using 100% CPU
Optimizing NNI: done in 0.00107193 secs using 100% CPU
Optimizing NNI: done in 0.00108886 secs using 100% CPU
Optimizing NNI: done in 0.00112987 secs using 100% CPU
Optimizing NNI: done in 0.001055 secs using 100% CPU
Optimizing NNI: done in 0.001091 secs using 99.91% CPU
Iteration 200 / LogL: -181.300 / Time: 0h:0m:0s (0h:0m:0s left)
Log-likelihood cutoff on original alignment: -181.300
NOTE: Bootstrap correlation coefficient of split occurrence frequencies: -0.035
NOTE: UFBoot does not converge, continue at least 100 more iterations
Optimizing NNI: done in 0.00109911 secs using 99.81% CPU
Optimizing NNI: done in 0.00109577 secs using 100% CPU
Optimizing NNI: done in 0.001091 secs using 100% CPU
Optimizing NNI: done in 0.00110078 secs using 99.93% CPU
Optimizing NNI: done in 0.00111699 secs using 100% CPU
Optimizing NNI: done in 0.00105882 secs using 100.1% CPU
Optimizing NNI: done in 0.00107694 secs using 99.91% CPU
Optimizing NNI: done in 0.00108004 secs using 100% CPU
Optimizing NNI: done in 0.00108194 secs using 100.1% CPU
Optimizing NNI: done in 0.00114512 secs using 100.1% CPU
Iteration 210 / LogL: -181.300 / Time: 0h:0m:0s (0h:0m:0s left)
Optimizing NNI: done in 0.00110912 secs using 99.99% CPU
Optimizing NNI: done in 0.00107813 secs using 100.1% CPU
Optimizing NNI: done in 0.0010941 secs using 100.1% CPU
Optimizing NNI: done in 0.00109005 secs using 100% CPU
Optimizing NNI: done in 0.00110006 secs using 99.99% CPU
Optimizing NNI: done in 0.00107598 secs using 100% CPU
Optimizing NNI: done in 0.00109005 secs using 100% CPU
Optimizing NNI: done in 0.00110197 secs using 100% CPU
Optimizing NNI: done in 0.00109315 secs using 99.99% CPU
Optimizing NNI: done in 0.0011158 secs using 100% CPU
Iteration 220 / LogL: -181.300 / Time: 0h:0m:1s (0h:0m:0s left)
Optimizing NNI: done in 0.00110412 secs using 99.99% CPU
Optimizing NNI: done in 0.00109792 secs using 100.1% CPU
Optimizing NNI: done in 0.00108218 secs using 99.98% CPU
Optimizing NNI: done in 0.00111413 secs using 99.63% CPU
Optimizing NNI: done in 0.00109506 secs using 99.99% CPU
Optimizing NNI: done in 0.00108194 secs using 100% CPU
Optimizing NNI: done in 0.00111198 secs using 100% CPU
Optimizing NNI: done in 0.00116611 secs using 99.99% CPU
Optimizing NNI: done in 0.00107789 secs using 100% CPU
Optimizing NNI: done in 0.00112605 secs using 100% CPU
Iteration 230 / LogL: -181.300 / Time: 0h:0m:1s (0h:0m:0s left)
Optimizing NNI: done in 0.00113606 secs using 99.99% CPU
Optimizing NNI: done in 0.00109005 secs using 99.72% CPU
Optimizing NNI: done in 0.00114799 secs using 100% CPU
Optimizing NNI: done in 0.00110793 secs using 100% CPU
Optimizing NNI: done in 0.00112414 secs using 100.1% CPU
Optimizing NNI: done in 0.00108004 secs using 100% CPU
Optimizing NNI: done in 0.00111794 secs using 100% CPU
Optimizing NNI: done in 0.00108504 secs using 100% CPU
Optimizing NNI: done in 0.0010879 secs using 100% CPU
Optimizing NNI: done in 0.00111103 secs using 99.91% CPU
Iteration 240 / LogL: -181.300 / Time: 0h:0m:1s (0h:0m:0s left)
Optimizing NNI: done in 0.0010922 secs using 99.98% CPU
Optimizing NNI: done in 0.00109005 secs using 100% CPU
Optimizing NNI: done in 0.00109792 secs using 99.92% CPU
Optimizing NNI: done in 0.00110912 secs using 99.99% CPU
Optimizing NNI: done in 0.00113392 secs using 100% CPU
Optimizing NNI: done in 0.00109911 secs using 99.99% CPU
Optimizing NNI: done in 0.0010469 secs using 100% CPU
Optimizing NNI: done in 0.00110888 secs using 99.92% CPU
Optimizing NNI: done in 0.00110006 secs using 99.99% CPU
Optimizing NNI: done in 0.00109816 secs using 99.99% CPU
Iteration 250 / LogL: -181.300 / Time: 0h:0m:1s (0h:0m:0s left)
Log-likelihood cutoff on original alignment: -181.300
Optimizing NNI: done in 0.00114202 secs using 99.82% CPU
Optimizing NNI: done in 0.00108719 secs using 100.1% CPU
Optimizing NNI: done in 0.00110698 secs using 100% CPU
Optimizing NNI: done in 0.00107288 secs using 100% CPU
Optimizing NNI: done in 0.00107408 secs using 99.71% CPU
Optimizing NNI: done in 0.00108504 secs using 100% CPU
Optimizing NNI: done in 0.00107598 secs using 100% CPU
Optimizing NNI: done in 0.00109291 secs using 100% CPU
Optimizing NNI: done in 0.00106788 secs using 100% CPU
Optimizing NNI: done in 0.00110602 secs using 99.55% CPU
Iteration 260 / LogL: -181.300 / Time: 0h:0m:1s (0h:0m:0s left)
Optimizing NNI: done in 0.00109196 secs using 100.1% CPU
Optimizing NNI: done in 0.00108695 secs using 99.54% CPU
Optimizing NNI: done in 0.00105 secs using 100.1% CPU
Optimizing NNI: done in 0.00107002 secs using 100% CPU
Optimizing NNI: done in 0.00108314 secs using 99.99% CPU
Optimizing NNI: done in 0.0010829 secs using 100% CPU
Optimizing NNI: done in 0.00105596 secs using 100% CPU
Optimizing NNI: done in 0.00107884 secs using 100% CPU
Optimizing NNI: done in 0.00111198 secs using 99.82% CPU
Optimizing NNI: done in 0.0010581 secs using 99.99% CPU
Iteration 270 / LogL: -181.300 / Time: 0h:0m:1s (0h:0m:0s left)
Optimizing NNI: done in 0.00110292 secs using 100% CPU
Optimizing NNI: done in 0.00102091 secs using 99.91% CPU
Optimizing NNI: done in 0.00106096 secs using 100% CPU
Optimizing NNI: done in 0.00112081 secs using 100% CPU
Optimizing NNI: done in 0.00108695 secs using 100% CPU
Optimizing NNI: done in 0.00109291 secs using 100% CPU
Optimizing NNI: done in 0.00111008 secs using 99.9% CPU
Optimizing NNI: done in 0.0010891 secs using 99.99% CPU
Optimizing NNI: done in 0.00106406 secs using 99.99% CPU
Optimizing NNI: done in 0.00111604 secs using 100% CPU
Iteration 280 / LogL: -181.300 / Time: 0h:0m:1s (0h:0m:0s left)
Optimizing NNI: done in 0.0010941 secs using 99.99% CPU
Optimizing NNI: done in 0.00107884 secs using 100% CPU
Optimizing NNI: done in 0.00110698 secs using 99.91% CPU
Optimizing NNI: done in 0.00109887 secs using 100% CPU
Optimizing NNI: done in 0.00108099 secs using 100% CPU
Optimizing NNI: done in 0.00112486 secs using 100.1% CPU
Optimizing NNI: done in 0.00110507 secs using 99.99% CPU
Optimizing NNI: done in 0.001122 secs using 100% CPU
Optimizing NNI: done in 0.00107908 secs using 99.81% CPU
Optimizing NNI: done in 0.00105596 secs using 100.1% CPU
Iteration 290 / LogL: -181.300 / Time: 0h:0m:1s (0h:0m:0s left)
Optimizing NNI: done in 0.00109816 secs using 99.99% CPU
Optimizing NNI: done in 0.00110698 secs using 100% CPU
Optimizing NNI: done in 0.00106192 secs using 99.91% CPU
Optimizing NNI: done in 0.00108004 secs using 99.9% CPU
Optimizing NNI: done in 0.00109792 secs using 100% CPU
Optimizing NNI: done in 0.00110698 secs using 100% CPU
Optimizing NNI: done in 0.00108314 secs using 99.99% CPU
Optimizing NNI: done in 0.00114393 secs using 100% CPU
Optimizing NNI: done in 0.00114989 secs using 100% CPU
Optimizing NNI: done in 0.0010891 secs using 99.9% CPU
Iteration 300 / LogL: -181.300 / Time: 0h:0m:1s (0h:0m:0s left)
Log-likelihood cutoff on original alignment: -181.300
NOTE: Bootstrap correlation coefficient of split occurrence frequencies: -0.036
NOTE: UFBoot does not converge, continue at least 100 more iterations
Optimizing NNI: done in 0.00116801 secs using 99.91% CPU
Optimizing NNI: done in 0.00108099 secs using 99.63% CPU
Optimizing NNI: done in 0.00109005 secs using 99.9% CPU
Optimizing NNI: done in 0.00113106 secs using 99.73% CPU
Optimizing NNI: done in 0.00111294 secs using 100% CPU
Optimizing NNI: done in 0.0010879 secs using 100% CPU
Optimizing NNI: done in 0.00108194 secs using 100% CPU
Optimizing NNI: done in 0.00105596 secs using 99.91% CPU
Optimizing NNI: done in 0.00109792 secs using 100.1% CPU
Optimizing NNI: done in 0.00106192 secs using 100% CPU
Iteration 310 / LogL: -181.300 / Time: 0h:0m:1s (0h:0m:0s left)
Optimizing NNI: done in 0.00109696 secs using 100% CPU
Optimizing NNI: done in 0.00110483 secs using 99.92% CPU
Optimizing NNI: done in 0.00114489 secs using 100% CPU
Optimizing NNI: done in 0.00111604 secs using 100% CPU
Optimizing NNI: done in 0.00106406 secs using 99.99% CPU
Optimizing NNI: done in 0.00107098 secs using 100% CPU
Optimizing NNI: done in 0.00108385 secs using 100% CPU
Optimizing NNI: done in 0.00110722 secs using 99.98% CPU
Optimizing NNI: done in 0.00114512 secs using 99.99% CPU
Optimizing NNI: done in 0.00110006 secs using 99.99% CPU
Iteration 320 / LogL: -181.300 / Time: 0h:0m:1s (0h:0m:0s left)
Optimizing NNI: done in 0.001086 secs using 99.91% CPU
Optimizing NNI: done in 0.00114083 secs using 100% CPU
Optimizing NNI: done in 0.00107813 secs using 99.99% CPU
Optimizing NNI: done in 0.001086 secs using 100.1% CPU
Optimizing NNI: done in 0.00107598 secs using 100.1% CPU
Optimizing NNI: done in 0.00113606 secs using 99.91% CPU
Optimizing NNI: done in 0.00111794 secs using 100% CPU
Optimizing NNI: done in 0.00106502 secs using 100.1% CPU
Optimizing NNI: done in 0.00110507 secs using 99.99% CPU
Optimizing NNI: done in 0.00109982 secs using 100% CPU
Iteration 330 / LogL: -181.300 / Time: 0h:0m:1s (0h:0m:0s left)
Optimizing NNI: done in 0.00115085 secs using 100% CPU
Optimizing NNI: done in 0.001091 secs using 100% CPU
Optimizing NNI: done in 0.00113297 secs using 99.74% CPU
Optimizing NNI: done in 0.00107479 secs using 100% CPU
BETTER TREE FOUND at iteration 334: -181.300
Optimizing NNI: done in 0.00114989 secs using 99.4% CPU
Optimizing NNI: done in 0.00109887 secs using 100.1% CPU
Optimizing NNI: done in 0.00109601 secs using 100.1% CPU
Optimizing NNI: done in 0.0010879 secs using 100% CPU
Optimizing NNI: done in 0.00113416 secs using 99.99% CPU
Optimizing NNI: done in 0.00114393 secs using 100% CPU
Iteration 340 / LogL: -181.300 / Time: 0h:0m:1s (0h:0m:0s left)
Optimizing NNI: done in 0.0010879 secs using 100% CPU
Optimizing NNI: done in 0.00111389 secs using 100% CPU
Optimizing NNI: done in 0.00108314 secs using 99.9% CPU
Optimizing NNI: done in 0.00110292 secs using 100.1% CPU
Optimizing NNI: done in 0.00107694 secs using 100.1% CPU
Optimizing NNI: done in 0.00109506 secs using 100.1% CPU
Optimizing NNI: done in 0.00106502 secs using 100.1% CPU
Optimizing NNI: done in 0.00110984 secs using 99.92% CPU
Optimizing NNI: done in 0.00109005 secs using 99.9% CPU
Optimizing NNI: done in 0.00109506 secs using 100.1% CPU
Iteration 350 / LogL: -181.300 / Time: 0h:0m:1s (0h:0m:0s left)
Log-likelihood cutoff on original alignment: -181.300
Optimizing NNI: done in 0.00113297 secs using 99.83% CPU
Optimizing NNI: done in 0.00106502 secs using 100.1% CPU
Optimizing NNI: done in 0.00106502 secs using 100% CPU
Optimizing NNI: done in 0.00104094 secs using 100% CPU
Optimizing NNI: done in 0.00107002 secs using 100% CPU
Optimizing NNI: done in 0.00110507 secs using 99.99% CPU
Optimizing NNI: done in 0.00109196 secs using 100% CPU
Optimizing NNI: done in 0.0010829 secs using 100% CPU
Optimizing NNI: done in 0.00115395 secs using 99.74% CPU
Optimizing NNI: done in 0.00109291 secs using 100% CPU
Iteration 360 / LogL: -181.300 / Time: 0h:0m:1s (0h:0m:0s left)
Optimizing NNI: done in 0.00107098 secs using 100% CPU
Optimizing NNI: done in 0.00112009 secs using 99.72% CPU
Optimizing NNI: done in 0.00107598 secs using 100% CPU
Optimizing NNI: done in 0.001086 secs using 100% CPU
Optimizing NNI: done in 0.001086 secs using 100% CPU
Optimizing NNI: done in 0.0010891 secs using 99.99% CPU
Optimizing NNI: done in 0.00109792 secs using 100.1% CPU
Optimizing NNI: done in 0.00110817 secs using 100.1% CPU
Optimizing NNI: done in 0.00114298 secs using 100% CPU
Optimizing NNI: done in 0.00105214 secs using 99.99% CPU
Iteration 370 / LogL: -181.300 / Time: 0h:0m:2s (0h:0m:0s left)
Optimizing NNI: done in 0.00110292 secs using 100% CPU
Optimizing NNI: done in 0.00106907 secs using 99.99% CPU
Optimizing NNI: done in 0.00108886 secs using 100% CPU
Optimizing NNI: done in 0.00106215 secs using 99.99% CPU
Optimizing NNI: done in 0.00109601 secs using 99.63% CPU
Optimizing NNI: done in 0.00114202 secs using 100% CPU
Optimizing NNI: done in 0.00111103 secs using 100% CPU
Optimizing NNI: done in 0.00110197 secs using 99.91% CPU
Optimizing NNI: done in 0.00107813 secs using 99.99% CPU
Optimizing NNI: done in 0.00110602 secs using 99.91% CPU
Iteration 380 / LogL: -181.300 / Time: 0h:0m:2s (0h:0m:0s left)
Optimizing NNI: done in 0.00111413 secs using 99.99% CPU
Optimizing NNI: done in 0.00111604 secs using 100% CPU
Optimizing NNI: done in 0.001091 secs using 100% CPU
Optimizing NNI: done in 0.00105119 secs using 100.1% CPU
Optimizing NNI: done in 0.001127 secs using 100% CPU
Optimizing NNI: done in 0.00111103 secs using 100% CPU
Optimizing NNI: done in 0.00107908 secs using 99.99% CPU
Optimizing NNI: done in 0.00108409 secs using 99.99% CPU
Optimizing NNI: done in 0.001122 secs using 99.91% CPU
Optimizing NNI: done in 0.00104785 secs using 100% CPU
Iteration 390 / LogL: -181.300 / Time: 0h:0m:2s (0h:0m:0s left)
Optimizing NNI: done in 0.00105906 secs using 99.99% CPU
Optimizing NNI: done in 0.00104189 secs using 99.91% CPU
Optimizing NNI: done in 0.0010891 secs using 99.99% CPU
Optimizing NNI: done in 0.00110102 secs using 100% CPU
Optimizing NNI: done in 0.00111985 secs using 100% CPU
Optimizing NNI: done in 0.00110984 secs using 99.92% CPU
Optimizing NNI: done in 0.00109792 secs using 100% CPU
Optimizing NNI: done in 0.00112391 secs using 99.74% CPU
Optimizing NNI: done in 0.00107789 secs using 100% CPU
Optimizing NNI: done in 0.00105906 secs using 99.9% CPU
Iteration 400 / LogL: -181.300 / Time: 0h:0m:2s (0h:0m:0s left)
Log-likelihood cutoff on original alignment: -181.300
NOTE: Bootstrap correlation coefficient of split occurrence frequencies: -0.030
NOTE: UFBoot does not converge, continue at least 100 more iterations
Optimizing NNI: done in 0.00116396 secs using 99.92% CPU
Optimizing NNI: done in 0.00110197 secs using 99.91% CPU
Optimizing NNI: done in 0.00110698 secs using 100% CPU
Optimizing NNI: done in 0.00106812 secs using 99.99% CPU
Optimizing NNI: done in 0.00112605 secs using 100% CPU
Optimizing NNI: done in 0.0010922 secs using 99.98% CPU
Optimizing NNI: done in 0.00106692 secs using 100% CPU
Optimizing NNI: done in 0.00116396 secs using 100.1% CPU
Optimizing NNI: done in 0.00112009 secs using 99.9% CPU
Optimizing NNI: done in 0.00109696 secs using 100% CPU
Iteration 410 / LogL: -181.300 / Time: 0h:0m:2s (0h:0m:0s left)
Optimizing NNI: done in 0.00109506 secs using 99.99% CPU
Optimizing NNI: done in 0.00107288 secs using 100% CPU
Optimizing NNI: done in 0.00112104 secs using 100.1% CPU
Optimizing NNI: done in 0.00113821 secs using 99.98% CPU
Optimizing NNI: done in 0.00111079 secs using 100% CPU
Optimizing NNI: done in 0.00107098 secs using 100% CPU
Optimizing NNI: done in 0.00112414 secs using 100.1% CPU
Optimizing NNI: done in 0.00109792 secs using 100% CPU
Optimizing NNI: done in 0.00107694 secs using 99.63% CPU
Optimizing NNI: done in 0.00113487 secs using 100% CPU
Iteration 420 / LogL: -181.300 / Time: 0h:0m:2s (0h:0m:0s left)
Optimizing NNI: done in 0.00110817 secs using 99.98% CPU
Optimizing NNI: done in 0.00106692 secs using 100% CPU
Optimizing NNI: done in 0.00106406 secs using 99.99% CPU
Optimizing NNI: done in 0.00103593 secs using 100.1% CPU
Optimizing NNI: done in 0.00111103 secs using 99.73% CPU
Optimizing NNI: done in 0.00107884 secs using 100% CPU
Optimizing NNI: done in 0.00107598 secs using 100% CPU
Optimizing NNI: done in 0.00107002 secs using 100% CPU
Optimizing NNI: done in 0.00112295 secs using 100% CPU
Optimizing NNI: done in 0.00109005 secs using 100.1% CPU
Iteration 430 / LogL: -181.300 / Time: 0h:0m:2s (0h:0m:0s left)
Optimizing NNI: done in 0.001127 secs using 99.91% CPU
Optimizing NNI: done in 0.00117493 secs using 100% CPU
Optimizing NNI: done in 0.00111699 secs using 100.1% CPU
Optimizing NNI: done in 0.00109911 secs using 99.9% CPU
Optimizing NNI: done in 0.00109816 secs using 99.99% CPU
Optimizing NNI: done in 0.00109076 secs using 99.65% CPU
Optimizing NNI: done in 0.00111294 secs using 99.74% CPU
Optimizing NNI: done in 0.00109792 secs using 100% CPU
Optimizing NNI: done in 0.00110292 secs using 100% CPU
Optimizing NNI: done in 0.00110483 secs using 100% CPU
Iteration 440 / LogL: -181.300 / Time: 0h:0m:2s (0h:0m:0s left)
Optimizing NNI: done in 0.00105309 secs using 99.99% CPU
Optimizing NNI: done in 0.00111318 secs using 99.8% CPU
Optimizing NNI: done in 0.00111294 secs using 100% CPU
Optimizing NNI: done in 0.0010891 secs using 99.99% CPU
Optimizing NNI: done in 0.00107217 secs using 99.98% CPU
Optimizing NNI: done in 0.00111413 secs using 99.99% CPU
Optimizing NNI: done in 0.00108194 secs using 99.91% CPU
Optimizing NNI: done in 0.00109291 secs using 99.73% CPU
Optimizing NNI: done in 0.00114918 secs using 99.81% CPU
Optimizing NNI: done in 0.00109816 secs using 99.99% CPU
Iteration 450 / LogL: -181.300 / Time: 0h:0m:2s (0h:0m:0s left)
Log-likelihood cutoff on original alignment: -181.300
Optimizing NNI: done in 0.00114512 secs using 99.81% CPU
Optimizing NNI: done in 0.00106812 secs using 99.99% CPU
Optimizing NNI: done in 0.00111794 secs using 100% CPU
Optimizing NNI: done in 0.00109696 secs using 100% CPU
Optimizing NNI: done in 0.00103092 secs using 100% CPU
Optimizing NNI: done in 0.00106692 secs using 100% CPU
Optimizing NNI: done in 0.00106406 secs using 99.99% CPU
Optimizing NNI: done in 0.00108695 secs using 100% CPU
Optimizing NNI: done in 0.00107408 secs using 99.9% CPU
Optimizing NNI: done in 0.0010798 secs using 100% CPU
Iteration 460 / LogL: -181.300 / Time: 0h:0m:2s (0h:0m:0s left)
Optimizing NNI: done in 0.00111413 secs using 99.9% CPU
Optimizing NNI: done in 0.001086 secs using 100% CPU
Optimizing NNI: done in 0.00112104 secs using 100% CPU
Optimizing NNI: done in 0.00108886 secs using 99.74% CPU
Optimizing NNI: done in 0.00106788 secs using 100.1% CPU
Optimizing NNI: done in 0.0011189 secs using 99.92% CPU
Optimizing NNI: done in 0.00105906 secs using 99.99% CPU
Optimizing NNI: done in 0.00103498 secs using 100% CPU
Optimizing NNI: done in 0.00104308 secs using 99.99% CPU
Optimizing NNI: done in 0.00111294 secs using 100% CPU
Iteration 470 / LogL: -181.300 / Time: 0h:0m:2s (0h:0m:0s left)
Optimizing NNI: done in 0.00104904 secs using 100.1% CPU
Optimizing NNI: done in 0.00108695 secs using 100.1% CPU
Optimizing NNI: done in 0.00109887 secs using 99.92% CPU
Optimizing NNI: done in 0.00106502 secs using 100% CPU
Optimizing NNI: done in 0.00105596 secs using 100% CPU
Optimizing NNI: done in 0.00106001 secs using 99.72% CPU
Optimizing NNI: done in 0.00107908 secs using 100.1% CPU
Optimizing NNI: done in 0.00107884 secs using 100% CPU
Optimizing NNI: done in 0.00108981 secs using 99.74% CPU
Optimizing NNI: done in 0.00103402 secs using 99.9% CPU
Iteration 480 / LogL: -181.300 / Time: 0h:0m:2s (0h:0m:0s left)
Optimizing NNI: done in 0.00105405 secs using 100% CPU
Optimizing NNI: done in 0.00108981 secs using 100% CPU
Optimizing NNI: done in 0.00105119 secs using 100.1% CPU
Optimizing NNI: done in 0.00107694 secs using 100% CPU
Optimizing NNI: done in 0.00110006 secs using 99.99% CPU
Optimizing NNI: done in 0.00105286 secs using 100% CPU
Optimizing NNI: done in 0.00106096 secs using 100% CPU
Optimizing NNI: done in 0.00106502 secs using 99.9% CPU
Optimizing NNI: done in 0.00105691 secs using 99.91% CPU
Optimizing NNI: done in 0.00109196 secs using 99.91% CPU
Iteration 490 / LogL: -181.300 / Time: 0h:0m:2s (0h:0m:0s left)
Optimizing NNI: done in 0.00112009 secs using 99.9% CPU
Optimizing NNI: done in 0.00109696 secs using 99.82% CPU
Optimizing NNI: done in 0.00107503 secs using 99.81% CPU
Optimizing NNI: done in 0.0010829 secs using 100.1% CPU
Optimizing NNI: done in 0.00107884 secs using 100% CPU
Optimizing NNI: done in 0.00108504 secs using 100% CPU
Optimizing NNI: done in 0.00105691 secs using 99.91% CPU
Optimizing NNI: done in 0.00106692 secs using 100% CPU
Optimizing NNI: done in 0.00110483 secs using 100% CPU
Optimizing NNI: done in 0.00104594 secs using 99.91% CPU
Iteration 500 / LogL: -181.300 / Time: 0h:0m:2s (0h:0m:0s left)
Log-likelihood cutoff on original alignment: -181.300
NOTE: Bootstrap correlation coefficient of split occurrence frequencies: 0.081
NOTE: UFBoot does not converge, continue at least 100 more iterations
Optimizing NNI: done in 0.00110292 secs using 99.83% CPU
Optimizing NNI: done in 0.00109291 secs using 100% CPU
Optimizing NNI: done in 0.001122 secs using 100% CPU
Optimizing NNI: done in 0.00112391 secs using 99.92% CPU
Optimizing NNI: done in 0.0010829 secs using 100% CPU
Optimizing NNI: done in 0.00108099 secs using 100% CPU
Optimizing NNI: done in 0.00110006 secs using 99.72% CPU
Optimizing NNI: done in 0.00109982 secs using 99.92% CPU
Optimizing NNI: done in 0.0010519 secs using 100% CPU
Optimizing NNI: done in 0.00109506 secs using 99.99% CPU
Iteration 510 / LogL: -181.300 / Time: 0h:0m:3s (0h:0m:0s left)
Optimizing NNI: done in 0.00110912 secs using 99.99% CPU
Optimizing NNI: done in 0.0011189 secs using 100% CPU
Optimizing NNI: done in 0.00111198 secs using 100% CPU
Optimizing NNI: done in 0.00113297 secs using 100% CPU
Optimizing NNI: done in 0.00107098 secs using 100% CPU
Optimizing NNI: done in 0.00109601 secs using 100% CPU
Optimizing NNI: done in 0.00107193 secs using 100% CPU
Optimizing NNI: done in 0.00109601 secs using 99.73% CPU
Optimizing NNI: done in 0.00114107 secs using 99.73% CPU
Optimizing NNI: done in 0.0010469 secs using 100% CPU
Iteration 520 / LogL: -181.300 / Time: 0h:0m:3s (0h:0m:0s left)
Optimizing NNI: done in 0.00105405 secs using 100% CPU
Optimizing NNI: done in 0.00113201 secs using 100% CPU
Optimizing NNI: done in 0.00109792 secs using 100% CPU
Optimizing NNI: done in 0.00113392 secs using 100.1% CPU
Optimizing NNI: done in 0.00111198 secs using 100% CPU
Optimizing NNI: done in 0.00107813 secs using 99.99% CPU
Optimizing NNI: done in 0.00110388 secs using 100.1% CPU
Optimizing NNI: done in 0.00112104 secs using 99.73% CPU
Optimizing NNI: done in 0.00110698 secs using 99.64% CPU
Optimizing NNI: done in 0.00109506 secs using 99.99% CPU
Iteration 530 / LogL: -181.300 / Time: 0h:0m:3s (0h:0m:0s left)
Optimizing NNI: done in 0.00108194 secs using 99.91% CPU
Optimizing NNI: done in 0.00109315 secs using 99.99% CPU
Optimizing NNI: done in 0.001091 secs using 100% CPU
Optimizing NNI: done in 0.00111294 secs using 100% CPU
Optimizing NNI: done in 0.00111485 secs using 99.92% CPU
Optimizing NNI: done in 0.00109291 secs using 99.92% CPU
Optimizing NNI: done in 0.00114608 secs using 99.99% CPU
Optimizing NNI: done in 0.00107193 secs using 100.1% CPU
Optimizing NNI: done in 0.00104094 secs using 100.1% CPU
Optimizing NNI: done in 0.00108004 secs using 99.81% CPU
Iteration 540 / LogL: -181.300 / Time: 0h:0m:3s (0h:0m:0s left)
Optimizing NNI: done in 0.00108004 secs using 100% CPU
Optimizing NNI: done in 0.00107694 secs using 100% CPU
Optimizing NNI: done in 0.00111389 secs using 99.92% CPU
Optimizing NNI: done in 0.00107598 secs using 100.1% CPU
Optimizing NNI: done in 0.00105381 secs using 100% CPU
Optimizing NNI: done in 0.00106597 secs using 100% CPU
Optimizing NNI: done in 0.00109196 secs using 100% CPU
Optimizing NNI: done in 0.00110602 secs using 100% CPU
Optimizing NNI: done in 0.00118899 secs using 99.75% CPU
Optimizing NNI: done in 0.00114703 secs using 99.91% CPU
Iteration 550 / LogL: -181.300 / Time: 0h:0m:3s (0h:0m:0s left)
Log-likelihood cutoff on original alignment: -181.300
Optimizing NNI: done in 0.00116515 secs using 99.9% CPU
Optimizing NNI: done in 0.00112009 secs using 99.99% CPU
Optimizing NNI: done in 0.00112891 secs using 100% CPU
Optimizing NNI: done in 0.0011251 secs using 99.99% CPU
Optimizing NNI: done in 0.00105095 secs using 100% CPU
Optimizing NNI: done in 0.00107884 secs using 100% CPU
Optimizing NNI: done in 0.00109792 secs using 100.1% CPU
Optimizing NNI: done in 0.00105286 secs using 100% CPU
Optimizing NNI: done in 0.00109291 secs using 100% CPU
Optimizing NNI: done in 0.00106692 secs using 100% CPU
Iteration 560 / LogL: -181.300 / Time: 0h:0m:3s (0h:0m:0s left)
Optimizing NNI: done in 0.00108099 secs using 99.91% CPU
Optimizing NNI: done in 0.001086 secs using 100.1% CPU
Optimizing NNI: done in 0.0010612 secs using 100.1% CPU
Optimizing NNI: done in 0.00105596 secs using 100% CPU
Optimizing NNI: done in 0.00108099 secs using 100% CPU
Optimizing NNI: done in 0.00109696 secs using 99.64% CPU
Optimizing NNI: done in 0.00106692 secs using 99.91% CPU
Optimizing NNI: done in 0.00110388 secs using 99.92% CPU
Optimizing NNI: done in 0.00109696 secs using 100% CPU
Optimizing NNI: done in 0.00108886 secs using 99.74% CPU
Iteration 570 / LogL: -181.300 / Time: 0h:0m:3s (0h:0m:0s left)
Optimizing NNI: done in 0.00105596 secs using 99.72% CPU
Optimizing NNI: done in 0.00108099 secs using 100% CPU
Optimizing NNI: done in 0.00106287 secs using 100% CPU
Optimizing NNI: done in 0.00116181 secs using 100% CPU
Optimizing NNI: done in 0.00112581 secs using 99.75% CPU
Optimizing NNI: done in 0.001091 secs using 100% CPU
Optimizing NNI: done in 0.00109887 secs using 99.92% CPU
Optimizing NNI: done in 0.00110006 secs using 99.99% CPU
Optimizing NNI: done in 0.00110316 secs using 99.99% CPU
Optimizing NNI: done in 0.00109816 secs using 99.89% CPU
Iteration 580 / LogL: -181.300 / Time: 0h:0m:3s (0h:0m:0s left)
Optimizing NNI: done in 0.00109196 secs using 100% CPU
Optimizing NNI: done in 0.00102997 secs using 100% CPU
Optimizing NNI: done in 0.00110888 secs using 100% CPU
Optimizing NNI: done in 0.00102687 secs using 100% CPU
Optimizing NNI: done in 0.00106406 secs using 100.1% CPU
Optimizing NNI: done in 0.00108814 secs using 99.99% CPU
Optimizing NNI: done in 0.00109005 secs using 100% CPU
Optimizing NNI: done in 0.00116301 secs using 100% CPU
Optimizing NNI: done in 0.00108814 secs using 99.99% CPU
Optimizing NNI: done in 0.00110078 secs using 100% CPU
Iteration 590 / LogL: -181.300 / Time: 0h:0m:3s (0h:0m:0s left)
Optimizing NNI: done in 0.00113201 secs using 100% CPU
Optimizing NNI: done in 0.00104094 secs using 100% CPU
Optimizing NNI: done in 0.00109696 secs using 99.73% CPU
Optimizing NNI: done in 0.00106788 secs using 100% CPU
Optimizing NNI: done in 0.0010879 secs using 100% CPU
Optimizing NNI: done in 0.00108695 secs using 99.91% CPU
Optimizing NNI: done in 0.00111103 secs using 100% CPU
Optimizing NNI: done in 0.00109696 secs using 99.91% CPU
Optimizing NNI: done in 0.00104594 secs using 100% CPU
Optimizing NNI: done in 0.0010941 secs using 99.99% CPU
Iteration 600 / LogL: -181.300 / Time: 0h:0m:3s (0h:0m:0s left)
Log-likelihood cutoff on original alignment: -181.300
NOTE: Bootstrap correlation coefficient of split occurrence frequencies: -0.047
NOTE: UFBoot does not converge, continue at least 100 more iterations
Optimizing NNI: done in 0.00117612 secs using 99.9% CPU
Optimizing NNI: done in 0.00106597 secs using 100% CPU
Optimizing NNI: done in 0.00116682 secs using 100% CPU
Optimizing NNI: done in 0.00112319 secs using 99.89% CPU
Optimizing NNI: done in 0.00110698 secs using 99.91% CPU
Optimizing NNI: done in 0.00110292 secs using 99.92% CPU
Optimizing NNI: done in 0.00110006 secs using 99.99% CPU
Optimizing NNI: done in 0.00110507 secs using 99.99% CPU
Optimizing NNI: done in 0.00113583 secs using 99.75% CPU
Optimizing NNI: done in 0.00107384 secs using 100% CPU
Iteration 610 / LogL: -181.300 / Time: 0h:0m:3s (0h:0m:0s left)
Optimizing NNI: done in 0.00110817 secs using 99.98% CPU
Optimizing NNI: done in 0.00111294 secs using 99.74% CPU
Optimizing NNI: done in 0.00114393 secs using 100% CPU
Optimizing NNI: done in 0.00108504 secs using 100% CPU
Optimizing NNI: done in 0.00107384 secs using 100% CPU
Optimizing NNI: done in 0.00112891 secs using 99.92% CPU
Optimizing NNI: done in 0.00108504 secs using 99.9% CPU
Optimizing NNI: done in 0.00110984 secs using 100% CPU
Optimizing NNI: done in 0.00109386 secs using 100.1% CPU
Optimizing NNI: done in 0.00106716 secs using 99.98% CPU
Iteration 620 / LogL: -181.300 / Time: 0h:0m:4s (0h:0m:0s left)
Optimizing NNI: done in 0.00107622 secs using 99.89% CPU
Optimizing NNI: done in 0.00106692 secs using 100% CPU
Optimizing NNI: done in 0.00108099 secs using 100% CPU
Optimizing NNI: done in 0.00107503 secs using 100.1% CPU
Optimizing NNI: done in 0.00109816 secs using 99.99% CPU
Optimizing NNI: done in 0.00113201 secs using 100% CPU
Optimizing NNI: done in 0.00106287 secs using 100% CPU
Optimizing NNI: done in 0.00108981 secs using 100.1% CPU
Optimizing NNI: done in 0.00106192 secs using 100.1% CPU
Optimizing NNI: done in 0.0010972 secs using 99.98% CPU
Iteration 630 / LogL: -181.300 / Time: 0h:0m:4s (0h:0m:0s left)
Optimizing NNI: done in 0.00110793 secs using 100% CPU
Optimizing NNI: done in 0.00111318 secs using 99.98% CPU
Optimizing NNI: done in 0.0010879 secs using 100.1% CPU
Optimizing NNI: done in 0.00113297 secs using 100% CPU
Optimizing NNI: done in 0.00111699 secs using 100% CPU
Optimizing NNI: done in 0.00109887 secs using 100% CPU
Optimizing NNI: done in 0.00105619 secs using 99.89% CPU
Optimizing NNI: done in 0.00110412 secs using 99.99% CPU
Optimizing NNI: done in 0.00110507 secs using 99.9% CPU
Optimizing NNI: done in 0.00105906 secs using 99.9% CPU
Iteration 640 / LogL: -181.300 / Time: 0h:0m:4s (0h:0m:0s left)
Optimizing NNI: done in 0.00106788 secs using 100% CPU
Optimizing NNI: done in 0.00108504 secs using 100% CPU
Optimizing NNI: done in 0.00107193 secs using 100.1% CPU
Optimizing NNI: done in 0.00107789 secs using 100% CPU
Optimizing NNI: done in 0.00110388 secs using 100% CPU
Optimizing NNI: done in 0.0010581 secs using 99.99% CPU
Optimizing NNI: done in 0.00107694 secs using 100.1% CPU
Optimizing NNI: done in 0.001091 secs using 100% CPU
Optimizing NNI: done in 0.00111508 secs using 99.9% CPU
Optimizing NNI: done in 0.00111198 secs using 100.1% CPU
Iteration 650 / LogL: -181.300 / Time: 0h:0m:4s (0h:0m:0s left)
Log-likelihood cutoff on original alignment: -181.300
Optimizing NNI: done in 0.00114202 secs using 99.47% CPU
Optimizing NNI: done in 0.00108695 secs using 100% CPU
Optimizing NNI: done in 0.00107193 secs using 100.1% CPU
Optimizing NNI: done in 0.00113392 secs using 99.92% CPU
Optimizing NNI: done in 0.00111604 secs using 100% CPU
Optimizing NNI: done in 0.00108409 secs using 99.99% CPU
Optimizing NNI: done in 0.00109601 secs using 100% CPU
Optimizing NNI: done in 0.00106192 secs using 100.1% CPU
Optimizing NNI: done in 0.00109887 secs using 99.92% CPU
Optimizing NNI: done in 0.00107408 secs using 99.9% CPU
Iteration 660 / LogL: -181.300 / Time: 0h:0m:4s (0h:0m:0s left)
Optimizing NNI: done in 0.00108504 secs using 100% CPU
Optimizing NNI: done in 0.00109601 secs using 100% CPU
Optimizing NNI: done in 0.00110316 secs using 99.99% CPU
Optimizing NNI: done in 0.00109005 secs using 100% CPU
Optimizing NNI: done in 0.00109696 secs using 99.73% CPU
Optimizing NNI: done in 0.00107598 secs using 100.1% CPU
Optimizing NNI: done in 0.00108194 secs using 99.73% CPU
Optimizing NNI: done in 0.00106788 secs using 99.92% CPU
Optimizing NNI: done in 0.00106502 secs using 99.72% CPU
Optimizing NNI: done in 0.00107503 secs using 100% CPU
Iteration 670 / LogL: -181.300 / Time: 0h:0m:4s (0h:0m:0s left)
Optimizing NNI: done in 0.00111198 secs using 100% CPU
Optimizing NNI: done in 0.00108981 secs using 100% CPU
Optimizing NNI: done in 0.00112009 secs using 99.99% CPU
Optimizing NNI: done in 0.0010848 secs using 100% CPU
Optimizing NNI: done in 0.00106788 secs using 100% CPU
Optimizing NNI: done in 0.00108695 secs using 99.91% CPU
Optimizing NNI: done in 0.0010879 secs using 100% CPU
Optimizing NNI: done in 0.001091 secs using 100% CPU
Optimizing NNI: done in 0.00107884 secs using 100% CPU
Optimizing NNI: done in 0.0010879 secs using 100% CPU
Iteration 680 / LogL: -181.300 / Time: 0h:0m:4s (0h:0m:0s left)
Optimizing NNI: done in 0.00106215 secs using 99.99% CPU
Optimizing NNI: done in 0.00106716 secs using 99.98% CPU
Optimizing NNI: done in 0.00111794 secs using 99.56% CPU
Optimizing NNI: done in 0.00109196 secs using 99.91% CPU
Optimizing NNI: done in 0.00111008 secs using 99.99% CPU
Optimizing NNI: done in 0.00106812 secs using 99.99% CPU
Optimizing NNI: done in 0.00110602 secs using 100% CPU
Optimizing NNI: done in 0.00113678 secs using 100% CPU
Optimizing NNI: done in 0.001127 secs using 100% CPU
Optimizing NNI: done in 0.00107312 secs using 99.99% CPU
Iteration 690 / LogL: -181.300 / Time: 0h:0m:4s (0h:0m:0s left)
Optimizing NNI: done in 0.00108194 secs using 100% CPU
Optimizing NNI: done in 0.00104594 secs using 100.1% CPU
Optimizing NNI: done in 0.00112796 secs using 100.1% CPU
Optimizing NNI: done in 0.00109196 secs using 99.91% CPU
Optimizing NNI: done in 0.00110102 secs using 99.82% CPU
Optimizing NNI: done in 0.00108004 secs using 99.9% CPU
Optimizing NNI: done in 0.00107408 secs using 99.99% CPU
Optimizing NNI: done in 0.00107908 secs using 99.99% CPU
Optimizing NNI: done in 0.00109792 secs using 99.92% CPU
Optimizing NNI: done in 0.00112295 secs using 99.92% CPU
Iteration 700 / LogL: -181.300 / Time: 0h:0m:4s (0h:0m:0s left)
Log-likelihood cutoff on original alignment: -181.300
NOTE: Bootstrap correlation coefficient of split occurrence frequencies: 0.373
NOTE: UFBoot does not converge, continue at least 100 more iterations
Optimizing NNI: done in 0.001127 secs using 99.38% CPU
Optimizing NNI: done in 0.00110507 secs using 99.99% CPU
Optimizing NNI: done in 0.00108099 secs using 100% CPU
Optimizing NNI: done in 0.00113893 secs using 100% CPU
Optimizing NNI: done in 0.00107789 secs using 100% CPU
Optimizing NNI: done in 0.00106502 secs using 99.9% CPU
Optimizing NNI: done in 0.00106215 secs using 99.89% CPU
Optimizing NNI: done in 0.00111294 secs using 99.92% CPU
Optimizing NNI: done in 0.00110197 secs using 100.1% CPU
Optimizing NNI: done in 0.00107884 secs using 100% CPU
Iteration 710 / LogL: -181.300 / Time: 0h:0m:5s (0h:0m:0s left)
Optimizing NNI: done in 0.001086 secs using 100% CPU
Optimizing NNI: done in 0.00110412 secs using 99.99% CPU
Optimizing NNI: done in 0.00107098 secs using 100.1% CPU
Optimizing NNI: done in 0.00111389 secs using 100% CPU
Optimizing NNI: done in 0.00110197 secs using 100.1% CPU
Optimizing NNI: done in 0.00110912 secs using 99.9% CPU
Optimizing NNI: done in 0.00111794 secs using 100.1% CPU
Optimizing NNI: done in 0.00106192 secs using 100.1% CPU
Optimizing NNI: done in 0.00107789 secs using 100% CPU
Optimizing NNI: done in 0.001127 secs using 100% CPU
Iteration 720 / LogL: -181.300 / Time: 0h:0m:5s (0h:0m:0s left)
Optimizing NNI: done in 0.00110698 secs using 100.1% CPU
Optimizing NNI: done in 0.0010519 secs using 99.91% CPU
Optimizing NNI: done in 0.0010922 secs using 99.89% CPU
Optimizing NNI: done in 0.00108814 secs using 100.1% CPU
Optimizing NNI: done in 0.00110888 secs using 100% CPU
Optimizing NNI: done in 0.00110102 secs using 100% CPU
Optimizing NNI: done in 0.00110006 secs using 99.99% CPU
Optimizing NNI: done in 0.00108504 secs using 99.9% CPU
Optimizing NNI: done in 0.0010879 secs using 100.1% CPU
Optimizing NNI: done in 0.00112081 secs using 99.66% CPU
Iteration 730 / LogL: -181.300 / Time: 0h:0m:5s (0h:0m:0s left)
Optimizing NNI: done in 0.00103998 secs using 100% CPU
Optimizing NNI: done in 0.00110984 secs using 100% CPU
Optimizing NNI: done in 0.00112104 secs using 99.82% CPU
Optimizing NNI: done in 0.00114393 secs using 100% CPU
Optimizing NNI: done in 0.0011158 secs using 100.1% CPU
Optimizing NNI: done in 0.00113511 secs using 99.73% CPU
Optimizing NNI: done in 0.00109315 secs using 99.99% CPU
Optimizing NNI: done in 0.0011251 secs using 99.99% CPU
Optimizing NNI: done in 0.00111914 secs using 99.72% CPU
Optimizing NNI: done in 0.00108099 secs using 100% CPU
Iteration 740 / LogL: -181.300 / Time: 0h:0m:5s (0h:0m:0s left)
Optimizing NNI: done in 0.00107718 secs using 99.98% CPU
Optimizing NNI: done in 0.00111508 secs using 99.99% CPU
Optimizing NNI: done in 0.00112391 secs using 100% CPU
Optimizing NNI: done in 0.00109506 secs using 99.99% CPU
Optimizing NNI: done in 0.00111485 secs using 99.66% CPU
Optimizing NNI: done in 0.00110197 secs using 100% CPU
Optimizing NNI: done in 0.00106502 secs using 99.9% CPU
Optimizing NNI: done in 0.00108695 secs using 99.73% CPU
Optimizing NNI: done in 0.00107479 secs using 100% CPU
Optimizing NNI: done in 0.00107789 secs using 99.92% CPU
Iteration 750 / LogL: -181.300 / Time: 0h:0m:5s (0h:0m:0s left)
Log-likelihood cutoff on original alignment: -181.300
Optimizing NNI: done in 0.00117707 secs using 99.82% CPU
Optimizing NNI: done in 0.00107002 secs using 100% CPU
Optimizing NNI: done in 0.00113988 secs using 100.1% CPU
Optimizing NNI: done in 0.00111103 secs using 99.55% CPU
Optimizing NNI: done in 0.0011251 secs using 99.9% CPU
Optimizing NNI: done in 0.00108194 secs using 100% CPU
Optimizing NNI: done in 0.00105405 secs using 100% CPU
Optimizing NNI: done in 0.00104284 secs using 100% CPU
Optimizing NNI: done in 0.00111485 secs using 100% CPU
Optimizing NNI: done in 0.00105906 secs using 99.99% CPU
Iteration 760 / LogL: -181.300 / Time: 0h:0m:5s (0h:0m:0s left)
Optimizing NNI: done in 0.00109792 secs using 100% CPU
Optimizing NNI: done in 0.00110912 secs using 99.99% CPU
Optimizing NNI: done in 0.00110388 secs using 100% CPU
Optimizing NNI: done in 0.00108194 secs using 99.73% CPU
Optimizing NNI: done in 0.00105906 secs using 99.99% CPU
Optimizing NNI: done in 0.00110698 secs using 100% CPU
Optimizing NNI: done in 0.00108886 secs using 100% CPU
Optimizing NNI: done in 0.00109792 secs using 100% CPU
Optimizing NNI: done in 0.00105405 secs using 100% CPU
Optimizing NNI: done in 0.00103807 secs using 99.99% CPU
Iteration 770 / LogL: -181.300 / Time: 0h:0m:5s (0h:0m:0s left)
Optimizing NNI: done in 0.0010972 secs using 99.98% CPU
Optimizing NNI: done in 0.00106096 secs using 100% CPU
Optimizing NNI: done in 0.00110483 secs using 100.1% CPU
Optimizing NNI: done in 0.00106907 secs using 99.99% CPU
Optimizing NNI: done in 0.00103807 secs using 99.99% CPU
Optimizing NNI: done in 0.00107789 secs using 99.92% CPU
Optimizing NNI: done in 0.00106001 secs using 100% CPU
Optimizing NNI: done in 0.00104499 secs using 100% CPU
Optimizing NNI: done in 0.00107288 secs using 100% CPU
Optimizing NNI: done in 0.00108099 secs using 100% CPU
Iteration 780 / LogL: -181.300 / Time: 0h:0m:5s (0h:0m:0s left)
Optimizing NNI: done in 0.00106907 secs using 99.99% CPU
Optimizing NNI: done in 0.00105286 secs using 100% CPU
Optimizing NNI: done in 0.0010581 secs using 100.1% CPU
Optimizing NNI: done in 0.00107002 secs using 99.9% CPU
Optimizing NNI: done in 0.00104594 secs using 100% CPU
Optimizing NNI: done in 0.00104499 secs using 100% CPU
Optimizing NNI: done in 0.00110412 secs using 99.54% CPU
Optimizing NNI: done in 0.00103998 secs using 99.91% CPU
Optimizing NNI: done in 0.00107193 secs using 100% CPU
Optimizing NNI: done in 0.001086 secs using 100% CPU
Iteration 790 / LogL: -181.300 / Time: 0h:0m:5s (0h:0m:0s left)
Optimizing NNI: done in 0.00105691 secs using 99.91% CPU
Optimizing NNI: done in 0.00109601 secs using 99.63% CPU
Optimizing NNI: done in 0.0010941 secs using 100.1% CPU
Optimizing NNI: done in 0.00108981 secs using 100% CPU
Optimizing NNI: done in 0.00107884 secs using 99.92% CPU
Optimizing NNI: done in 0.00111699 secs using 100.1% CPU
Optimizing NNI: done in 0.00105309 secs using 99.9% CPU
Optimizing NNI: done in 0.00104284 secs using 100% CPU
Optimizing NNI: done in 0.00110793 secs using 100% CPU
Optimizing NNI: done in 0.00109386 secs using 100% CPU
Iteration 800 / LogL: -181.300 / Time: 0h:0m:6s (0h:0m:0s left)
Log-likelihood cutoff on original alignment: -181.300
NOTE: Bootstrap correlation coefficient of split occurrence frequencies: 0.458
NOTE: UFBoot does not converge, continue at least 100 more iterations
Optimizing NNI: done in 0.00112486 secs using 99.92% CPU
Optimizing NNI: done in 0.00106621 secs using 99.98% CPU
Optimizing NNI: done in 0.001086 secs using 100% CPU
Optimizing NNI: done in 0.00110292 secs using 100% CPU
Optimizing NNI: done in 0.00110912 secs using 99.9% CPU
Optimizing NNI: done in 0.00108099 secs using 99.91% CPU
Optimizing NNI: done in 0.00105596 secs using 100% CPU
Optimizing NNI: done in 0.00108409 secs using 99.99% CPU
Optimizing NNI: done in 0.00109291 secs using 99.83% CPU
Optimizing NNI: done in 0.00110698 secs using 99.73% CPU
Iteration 810 / LogL: -181.300 / Time: 0h:0m:6s (0h:0m:0s left)
Optimizing NNI: done in 0.00111103 secs using 100% CPU
Optimizing NNI: done in 0.001158 secs using 99.74% CPU
Optimizing NNI: done in 0.00110817 secs using 99.98% CPU
Optimizing NNI: done in 0.00106883 secs using 100% CPU
Optimizing NNI: done in 0.00108409 secs using 99.99% CPU
Optimizing NNI: done in 0.00109982 secs using 100% CPU
Optimizing NNI: done in 0.0010891 secs using 99.9% CPU
Optimizing NNI: done in 0.00109887 secs using 99.92% CPU
Optimizing NNI: done in 0.00109816 secs using 99.99% CPU
Optimizing NNI: done in 0.001091 secs using 99.91% CPU
Iteration 820 / LogL: -181.300 / Time: 0h:0m:6s (0h:0m:0s left)
Optimizing NNI: done in 0.0010941 secs using 99.9% CPU
Optimizing NNI: done in 0.0010891 secs using 99.99% CPU
Optimizing NNI: done in 0.00103998 secs using 100% CPU
Optimizing NNI: done in 0.00110984 secs using 100% CPU
Optimizing NNI: done in 0.001091 secs using 100% CPU
Optimizing NNI: done in 0.00105405 secs using 99.71% CPU
Optimizing NNI: done in 0.00107384 secs using 99.55% CPU
Optimizing NNI: done in 0.00109196 secs using 100% CPU
Optimizing NNI: done in 0.00105 secs using 100% CPU
Optimizing NNI: done in 0.00106096 secs using 100.1% CPU
Iteration 830 / LogL: -181.300 / Time: 0h:0m:6s (0h:0m:0s left)
Optimizing NNI: done in 0.00110292 secs using 99.92% CPU
Optimizing NNI: done in 0.00107503 secs using 100% CPU
Optimizing NNI: done in 0.00107288 secs using 100% CPU
Optimizing NNI: done in 0.0011158 secs using 99.93% CPU
Optimizing NNI: done in 0.00105286 secs using 99.92% CPU
Optimizing NNI: done in 0.00109506 secs using 99.99% CPU
Optimizing NNI: done in 0.00107312 secs using 99.99% CPU
Optimizing NNI: done in 0.0010581 secs using 99.9% CPU
Optimizing NNI: done in 0.00111294 secs using 100% CPU
Optimizing NNI: done in 0.00105119 secs using 100.1% CPU
Iteration 840 / LogL: -181.300 / Time: 0h:0m:6s (0h:0m:0s left)
Optimizing NNI: done in 0.00107002 secs using 100% CPU
Optimizing NNI: done in 0.00113106 secs using 99.73% CPU
Optimizing NNI: done in 0.00113487 secs using 100% CPU
Optimizing NNI: done in 0.00108385 secs using 100% CPU
Optimizing NNI: done in 0.00108385 secs using 99.92% CPU
Optimizing NNI: done in 0.00109506 secs using 100.1% CPU
Optimizing NNI: done in 0.0011611 secs using 99.99% CPU
Optimizing NNI: done in 0.00108814 secs using 99.99% CPU
Optimizing NNI: done in 0.00108719 secs using 99.98% CPU
Optimizing NNI: done in 0.00109887 secs using 99.92% CPU
Iteration 850 / LogL: -181.300 / Time: 0h:0m:6s (0h:0m:0s left)
Log-likelihood cutoff on original alignment: -181.300
Optimizing NNI: done in 0.00117612 secs using 99.39% CPU
Optimizing NNI: done in 0.00110483 secs using 100.1% CPU
Optimizing NNI: done in 0.00106502 secs using 100% CPU
Optimizing NNI: done in 0.001091 secs using 100% CPU
Optimizing NNI: done in 0.00111508 secs using 99.99% CPU
Optimizing NNI: done in 0.00106287 secs using 100% CPU
Optimizing NNI: done in 0.00105906 secs using 99.99% CPU
Optimizing NNI: done in 0.00111198 secs using 100% CPU
Optimizing NNI: done in 0.001158 secs using 100% CPU
Optimizing NNI: done in 0.00111294 secs using 99.74% CPU
Iteration 860 / LogL: -181.300 / Time: 0h:0m:6s (0h:0m:0s left)
Optimizing NNI: done in 0.00106311 secs using 99.71% CPU
Optimizing NNI: done in 0.00109315 secs using 99.99% CPU
Optimizing NNI: done in 0.001091 secs using 100.1% CPU
Optimizing NNI: done in 0.00105 secs using 100% CPU
Optimizing NNI: done in 0.00107288 secs using 100% CPU
Optimizing NNI: done in 0.00107503 secs using 99.9% CPU
Optimizing NNI: done in 0.00105906 secs using 99.9% CPU
Optimizing NNI: done in 0.00109887 secs using 99.92% CPU
Optimizing NNI: done in 0.00109601 secs using 99.91% CPU
Optimizing NNI: done in 0.00108695 secs using 100% CPU
Iteration 870 / LogL: -181.300 / Time: 0h:0m:6s (0h:0m:0s left)
Optimizing NNI: done in 0.00107598 secs using 100% CPU
Optimizing NNI: done in 0.00106788 secs using 100% CPU
Optimizing NNI: done in 0.00110793 secs using 99.74% CPU
Optimizing NNI: done in 0.00107598 secs using 99.72% CPU
Optimizing NNI: done in 0.00106812 secs using 99.71% CPU
Optimizing NNI: done in 0.00105619 secs using 99.98% CPU
Optimizing NNI: done in 0.001091 secs using 100% CPU
Optimizing NNI: done in 0.00107789 secs using 99.92% CPU
Optimizing NNI: done in 0.00107694 secs using 100% CPU
Optimizing NNI: done in 0.00108099 secs using 100% CPU
Iteration 880 / LogL: -181.300 / Time: 0h:0m:7s (0h:0m:0s left)
Optimizing NNI: done in 0.00104594 secs using 100% CPU
Optimizing NNI: done in 0.00113297 secs using 99.91% CPU
Optimizing NNI: done in 0.00110602 secs using 100% CPU
Optimizing NNI: done in 0.00115299 secs using 100% CPU
Optimizing NNI: done in 0.00106192 secs using 99.91% CPU
Optimizing NNI: done in 0.00106001 secs using 99.72% CPU
Optimizing NNI: done in 0.00111389 secs using 99.74% CPU
Optimizing NNI: done in 0.00109911 secs using 99.81% CPU
Optimizing NNI: done in 0.00110292 secs using 100% CPU
Optimizing NNI: done in 0.00114393 secs using 100% CPU
Iteration 890 / LogL: -181.300 / Time: 0h:0m:7s (0h:0m:0s left)
Optimizing NNI: done in 0.00106788 secs using 100% CPU
Optimizing NNI: done in 0.00106883 secs using 100% CPU
Optimizing NNI: done in 0.00107408 secs using 99.99% CPU
Optimizing NNI: done in 0.00108409 secs using 99.9% CPU
Optimizing NNI: done in 0.001091 secs using 100.1% CPU
Optimizing NNI: done in 0.00106096 secs using 100% CPU
Optimizing NNI: done in 0.00111008 secs using 99.99% CPU
Optimizing NNI: done in 0.001086 secs using 99.72% CPU
Optimizing NNI: done in 0.00112891 secs using 99.83% CPU
Optimizing NNI: done in 0.00106192 secs using 99.73% CPU
Iteration 900 / LogL: -181.300 / Time: 0h:0m:7s (0h:0m:0s left)
Log-likelihood cutoff on original alignment: -181.300
NOTE: Bootstrap correlation coefficient of split occurrence frequencies: 0.532
NOTE: UFBoot does not converge, continue at least 100 more iterations
Optimizing NNI: done in 0.00110793 secs using 99.83% CPU
Optimizing NNI: done in 0.00107288 secs using 100.1% CPU
Optimizing NNI: done in 0.00111699 secs using 100% CPU
Optimizing NNI: done in 0.001091 secs using 100% CPU
Optimizing NNI: done in 0.00109911 secs using 99.99% CPU
Optimizing NNI: done in 0.00106382 secs using 99.92% CPU
Optimizing NNI: done in 0.00109982 secs using 99.74% CPU
Optimizing NNI: done in 0.00106192 secs using 99.73% CPU
Optimizing NNI: done in 0.00110102 secs using 100% CPU
Optimizing NNI: done in 0.00107002 secs using 99.9% CPU
Iteration 910 / LogL: -181.300 / Time: 0h:0m:7s (0h:0m:0s left)
Optimizing NNI: done in 0.00110197 secs using 99.91% CPU
Optimizing NNI: done in 0.00108504 secs using 100% CPU
Optimizing NNI: done in 0.00106883 secs using 100% CPU
Optimizing NNI: done in 0.00108504 secs using 100% CPU
Optimizing NNI: done in 0.00110698 secs using 100% CPU
Optimizing NNI: done in 0.0010922 secs using 99.71% CPU
Optimizing NNI: done in 0.00107503 secs using 100% CPU
Optimizing NNI: done in 0.00106287 secs using 99.92% CPU
Optimizing NNI: done in 0.0010879 secs using 100% CPU
Optimizing NNI: done in 0.00111389 secs using 99.83% CPU
Iteration 920 / LogL: -181.300 / Time: 0h:0m:7s (0h:0m:0s left)
Optimizing NNI: done in 0.00109315 secs using 99.99% CPU
Optimizing NNI: done in 0.00108314 secs using 99.9% CPU
Optimizing NNI: done in 0.00108504 secs using 99.9% CPU
Optimizing NNI: done in 0.00109982 secs using 99.83% CPU
Optimizing NNI: done in 0.00114202 secs using 100% CPU
Optimizing NNI: done in 0.001086 secs using 100% CPU
Optimizing NNI: done in 0.00103188 secs using 99.92% CPU
Optimizing NNI: done in 0.00110006 secs using 99.63% CPU
Optimizing NNI: done in 0.0011189 secs using 99.92% CPU
Optimizing NNI: done in 0.00108314 secs using 99.99% CPU
Iteration 930 / LogL: -181.300 / Time: 0h:0m:7s (0h:0m:0s left)
Optimizing NNI: done in 0.00112104 secs using 100% CPU
Optimizing NNI: done in 0.00111508 secs using 99.9% CPU
Optimizing NNI: done in 0.00111508 secs using 99.99% CPU
Optimizing NNI: done in 0.00108504 secs using 100% CPU
Optimizing NNI: done in 0.0010879 secs using 100% CPU
Optimizing NNI: done in 0.00114083 secs using 99.75% CPU
Optimizing NNI: done in 0.00113511 secs using 99.99% CPU
Optimizing NNI: done in 0.0010829 secs using 99.92% CPU
Optimizing NNI: done in 0.00108695 secs using 99.82% CPU
Optimizing NNI: done in 0.00108194 secs using 100% CPU
Iteration 940 / LogL: -181.300 / Time: 0h:0m:7s (0h:0m:0s left)
Optimizing NNI: done in 0.00107694 secs using 99.91% CPU
Optimizing NNI: done in 0.00110078 secs using 99.93% CPU
Optimizing NNI: done in 0.00105596 secs using 100.1% CPU
Optimizing NNI: done in 0.001091 secs using 100% CPU
Optimizing NNI: done in 0.00107718 secs using 99.98% CPU
Optimizing NNI: done in 0.00107408 secs using 99.99% CPU
Optimizing NNI: done in 0.001122 secs using 99.91% CPU
Optimizing NNI: done in 0.00112009 secs using 99.99% CPU
Optimizing NNI: done in 0.00107002 secs using 100.1% CPU
Optimizing NNI: done in 0.0011282 secs using 99.72% CPU
Iteration 950 / LogL: -181.300 / Time: 0h:0m:7s (0h:0m:0s left)
Log-likelihood cutoff on original alignment: -181.300
Optimizing NNI: done in 0.00116897 secs using 99.83% CPU
Optimizing NNI: done in 0.00108409 secs using 99.99% CPU
Optimizing NNI: done in 0.00109601 secs using 99.91% CPU
Optimizing NNI: done in 0.00108504 secs using 100% CPU
Optimizing NNI: done in 0.00104403 secs using 100.1% CPU
Optimizing NNI: done in 0.00109506 secs using 99.99% CPU
Optimizing NNI: done in 0.00110197 secs using 100% CPU
Optimizing NNI: done in 0.00106502 secs using 100% CPU
Optimizing NNI: done in 0.00107503 secs using 100% CPU
Optimizing NNI: done in 0.00107598 secs using 99.91% CPU
Iteration 960 / LogL: -181.300 / Time: 0h:0m:8s (0h:0m:0s left)
Optimizing NNI: done in 0.00107002 secs using 100% CPU
Optimizing NNI: done in 0.00107002 secs using 100% CPU
Optimizing NNI: done in 0.0011189 secs using 100.1% CPU
Optimizing NNI: done in 0.00107908 secs using 99.99% CPU
Optimizing NNI: done in 0.00112891 secs using 100% CPU
Optimizing NNI: done in 0.00106096 secs using 100% CPU
Optimizing NNI: done in 0.00106096 secs using 99.72% CPU
Optimizing NNI: done in 0.00105 secs using 100% CPU
Optimizing NNI: done in 0.00111699 secs using 100% CPU
Optimizing NNI: done in 0.00108504 secs using 100% CPU
Iteration 970 / LogL: -181.300 / Time: 0h:0m:8s (0h:0m:0s left)
Optimizing NNI: done in 0.00105691 secs using 100% CPU
Optimizing NNI: done in 0.00110102 secs using 99.64% CPU
Optimizing NNI: done in 0.00108504 secs using 100% CPU
Optimizing NNI: done in 0.00104403 secs using 100% CPU
Optimizing NNI: done in 0.00108194 secs using 99.73% CPU
Optimizing NNI: done in 0.001086 secs using 100.1% CPU
Optimizing NNI: done in 0.00103283 secs using 100.1% CPU
Optimizing NNI: done in 0.00109601 secs using 100.1% CPU
Optimizing NNI: done in 0.00105405 secs using 99.9% CPU
Optimizing NNI: done in 0.00112104 secs using 99.73% CPU
Iteration 980 / LogL: -181.300 / Time: 0h:0m:8s (0h:0m:0s left)
Optimizing NNI: done in 0.00105691 secs using 99.91% CPU
Optimizing NNI: done in 0.00113416 secs using 100.1% CPU
Optimizing NNI: done in 0.00105691 secs using 99.91% CPU
Optimizing NNI: done in 0.00111103 secs using 100% CPU
Optimizing NNI: done in 0.00109792 secs using 99.64% CPU
Optimizing NNI: done in 0.00104713 secs using 99.99% CPU
Optimizing NNI: done in 0.00109601 secs using 100% CPU
Optimizing NNI: done in 0.00109887 secs using 100% CPU
Optimizing NNI: done in 0.00105095 secs using 99.91% CPU
Optimizing NNI: done in 0.00104094 secs using 100% CPU
Iteration 990 / LogL: -181.300 / Time: 0h:0m:8s (0h:0m:0s left)
Optimizing NNI: done in 0.00107503 secs using 100% CPU
Optimizing NNI: done in 0.00105596 secs using 100% CPU
Optimizing NNI: done in 0.00108981 secs using 99.93% CPU
Optimizing NNI: done in 0.00109196 secs using 100% CPU
Optimizing NNI: done in 0.00110888 secs using 100% CPU
Optimizing NNI: done in 0.00106692 secs using 99.82% CPU
Optimizing NNI: done in 0.00110197 secs using 100% CPU
Optimizing NNI: done in 0.00110102 secs using 99.64% CPU
Optimizing NNI: done in 0.00109911 secs using 99.99% CPU
Optimizing NNI: done in 0.00107408 secs using 99.9% CPU
Iteration 1000 / LogL: -181.300 / Time: 0h:0m:8s (0h:0m:0s left)
Log-likelihood cutoff on original alignment: -181.300
NOTE: Bootstrap correlation coefficient of split occurrence frequencies: 0.630
NOTE: UFBoot does not converge, continue at least 100 more iterations
Optimizing NNI: done in 0.00108194 secs using 99.91% CPU
WARNING: bootstrap analysis did not converge. You should rerun with higher number of iterations (-nm option)
TREE SEARCH COMPLETED AFTER 1001 ITERATIONS / Time: 0h:0m:8s

--------------------------------------------------------------------
|                    FINALIZING TREE SEARCH                        |
--------------------------------------------------------------------
Performs final model parameters optimization
Estimate model parameters (epsilon = 0.010)
1. Initial log-likelihood: -181.300
Optimal log-likelihood: -181.300
Parameters optimization took 1 rounds (0.000 sec)
BEST SCORE FOUND : -181.300

Testing tree branches by SH-like aLRT with 1000 replicates...
0.012 sec.
Creating bootstrap support values...
Split supports printed to NEXUS file ../results/molecular_evolution_analyses/phylogenetic_trees/F12453_SJAP_G1/F12453_SJAP_G1.splits.nex
Total tree length: 0.000

Total number of iterations: 1001
CPU time used for tree search: 8.832 sec (0h:0m:8s)
Wall-clock time used for tree search: 8.654 sec (0h:0m:8s)
Total CPU time used: 8.882 sec (0h:0m:8s)
Total wall-clock time used: 8.704 sec (0h:0m:8s)

Computing bootstrap consensus tree...
Reading input file ../results/molecular_evolution_analyses/phylogenetic_trees/F12453_SJAP_G1/F12453_SJAP_G1.splits.nex...
11 taxa and 277 splits.
Consensus tree written to ../results/molecular_evolution_analyses/phylogenetic_trees/F12453_SJAP_G1/F12453_SJAP_G1.contree
Reading input trees file ../results/molecular_evolution_analyses/phylogenetic_trees/F12453_SJAP_G1/F12453_SJAP_G1.contree
Log-likelihood of consensus tree: -181.300

Analysis results written to: 
  IQ-TREE report:                ../results/molecular_evolution_analyses/phylogenetic_trees/F12453_SJAP_G1/F12453_SJAP_G1.iqtree
  Maximum-likelihood tree:       ../results/molecular_evolution_analyses/phylogenetic_trees/F12453_SJAP_G1/F12453_SJAP_G1.treefile
  Likelihood distances:          ../results/molecular_evolution_analyses/phylogenetic_trees/F12453_SJAP_G1/F12453_SJAP_G1.mldist

Ultrafast bootstrap approximation results written to:
  Split support values:          ../results/molecular_evolution_analyses/phylogenetic_trees/F12453_SJAP_G1/F12453_SJAP_G1.splits.nex
  Consensus tree:                ../results/molecular_evolution_analyses/phylogenetic_trees/F12453_SJAP_G1/F12453_SJAP_G1.contree
  Screen log file:               ../results/molecular_evolution_analyses/phylogenetic_trees/F12453_SJAP_G1/F12453_SJAP_G1.log

Date and Time: Wed May  1 12:40:44 2024
