IQ-TREE multicore version 2.2.2.6 COVID-edition for Linux 64-bit built May 27 2023
Developed by Bui Quang Minh, James Barbetti, Nguyen Lam Tung,
Olga Chernomor, Heiko Schmidt, Dominik Schrempf, Michael Woodhams, Ly Trong Nhan.

Host:    lbc5 (AVX2, FMA3, 125 GB RAM)
Command: /home/mauricio/mauricio_PROGRAMAS/iqtree-2.2.2.6-Linux/bin/iqtree2 -s ../results/molecular_evolution_analyses/alignments_gblocks/F14353_SMED_G1/F14353_SMED_G1.aln.gblo -m TEST --threads-max 32 --alrt 1000 --ufboot 1000 --prefix ../results/molecular_evolution_analyses/phylogenetic_trees/F14353_SMED_G1/F14353_SMED_G1 -keep-ident -redo
Seed:    742102 (Using SPRNG - Scalable Parallel Random Number Generator)
Time:    Wed May  1 11:26:27 2024
Kernel:  AVX+FMA - 1 threads (32 CPU cores detected)

HINT: Use -nt option to specify number of threads because your CPU has 32 cores!
HINT: -nt AUTO will automatically determine the best number of threads to use.

Reading alignment file ../results/molecular_evolution_analyses/alignments_gblocks/F14353_SMED_G1/F14353_SMED_G1.aln.gblo ... Fasta format detected
Reading fasta file: done in 5.19753e-05 secs using 98.12% CPU
Alignment most likely contains protein sequences
Constructing alignment: done in 0.000104904 secs using 100.1% CPU
Alignment has 8 sequences with 84 columns, 50 distinct patterns
16 parsimony-informative, 17 singleton sites, 50 constant sites
            Gap/Ambiguity  Composition  p-value
Analyzing sequences: done in 7.86781e-06 secs using 101.7% CPU
   1  Smed.9172     0.00%    passed     99.92%
   2  Smed.11316    0.00%    passed     99.98%
   3  Smed.11332    0.00%    passed     99.97%
   4  Smed.852      0.00%    passed    100.00%
   5  Smed.11801    0.00%    passed    100.00%
   6  Smed.6877     0.00%    passed     99.99%
   7  Smed.21340    0.00%    passed    100.00%
   8  Smed.23287    0.00%    passed    100.00%
****  TOTAL         0.00%  0 sequences failed composition chi2 test (p-value<5%; df=19)


Create initial parsimony tree by phylogenetic likelihood library (PLL)... 0.000 seconds
Perform fast likelihood tree search using LG+I+G model...
Estimate model parameters (epsilon = 5.000)
Perform nearest neighbor interchange...
Optimizing NNI: done in 0.00538397 secs using 100% CPU
Estimate model parameters (epsilon = 1.000)
1. Initial log-likelihood: -543.520
Optimal log-likelihood: -543.518
Proportion of invariable sites: 0.302
Gamma shape alpha: 1.881
Parameters optimization took 1 rounds (0.003 sec)
Time for fast ML tree search: 0.016 seconds

NOTE: ModelFinder requires 0 MB RAM!
ModelFinder will test up to 224 protein models (sample size: 84) ...
 No. Model         -LnL         df  AIC          AICc         BIC
  1  LG            548.749      13  1123.498     1128.698     1155.099
  2  LG+I          543.309      14  1114.618     1120.704     1148.649
  3  LG+G4         543.548      14  1115.095     1121.182     1149.127
  4  LG+I+G4       543.516      15  1117.033     1124.092     1153.495
  5  LG+F          532.091      32  1128.182     1169.593     1205.968
  6  LG+F+I        525.074      33  1116.148     1161.028     1196.365
  7  LG+F+G4       525.799      33  1117.599     1162.479     1197.816
  8  LG+F+I+G4     525.690      34  1119.379     1167.951     1202.027
  9  WAG           548.939      13  1123.878     1129.078     1155.479
 10  WAG+I         544.711      14  1117.422     1123.509     1151.454
 11  WAG+G4        544.763      14  1117.525     1123.612     1151.557
 12  WAG+I+G4      544.755      15  1119.510     1126.569     1155.972
 13  WAG+F         529.358      32  1122.717     1164.129     1200.503
 14  WAG+F+I       523.668      33  1113.335     1158.215     1193.552
 15  WAG+F+G4      524.065      33  1114.129     1159.009     1194.346
 16  WAG+F+I+G4    523.995      34  1115.991     1164.562     1198.639
 17  JTT           540.812      13  1107.624     1112.824     1139.225
 18  JTT+I         537.467      14  1102.935     1109.021     1136.966
 19  JTT+G4        537.759      14  1103.519     1109.606     1137.550
 20  JTT+I+G4      537.593      15  1105.187     1112.246     1141.649
 21  JTT+F         521.505      32  1107.009     1148.421     1184.795
 22  JTT+F+I       516.982      33  1099.964     1144.844     1180.181
 23  JTT+F+G4      517.648      33  1101.296     1146.176     1181.513
 24  JTT+F+I+G4    517.370      34  1102.740     1151.311     1185.388
WARNING: Normalizing state frequencies so that sum of them equals to 1
 25  Q.pfam        550.158      13  1126.316     1131.516     1157.917
WARNING: Normalizing state frequencies so that sum of them equals to 1
 26  Q.pfam+I      544.372      14  1116.744     1122.831     1150.775
WARNING: Normalizing state frequencies so that sum of them equals to 1
 27  Q.pfam+G4     544.736      14  1117.473     1123.560     1151.504
WARNING: Normalizing state frequencies so that sum of them equals to 1
 28  Q.pfam+I+G4   544.674      15  1119.348     1126.407     1155.811
WARNING: Normalizing state frequencies so that sum of them equals to 1
 29  Q.pfam+F      531.936      32  1127.872     1169.284     1205.658
WARNING: Normalizing state frequencies so that sum of them equals to 1
 30  Q.pfam+F+I    524.350      33  1114.699     1159.579     1194.916
WARNING: Normalizing state frequencies so that sum of them equals to 1
 31  Q.pfam+F+G4   525.284      33  1116.568     1161.448     1196.785
WARNING: Normalizing state frequencies so that sum of them equals to 1
 32  Q.pfam+F+I+G4 525.143      34  1118.287     1166.858     1200.934
WARNING: Normalizing state frequencies so that sum of them equals to 1
 33  Q.bird        536.994      13  1099.989     1105.189     1131.589
WARNING: Normalizing state frequencies so that sum of them equals to 1
 34  Q.bird+I      533.171      14  1094.341     1100.428     1128.372
WARNING: Normalizing state frequencies so that sum of them equals to 1
 35  Q.bird+G4     533.592      14  1095.184     1101.271     1129.216
WARNING: Normalizing state frequencies so that sum of them equals to 1
 36  Q.bird+I+G4   533.334      15  1096.668     1103.727     1133.130
WARNING: Normalizing state frequencies so that sum of them equals to 1
 37  Q.bird+F      516.266      32  1096.531     1137.943     1174.317
WARNING: Normalizing state frequencies so that sum of them equals to 1
 38  Q.bird+F+I    511.336      33  1088.671     1133.551     1168.888
WARNING: Normalizing state frequencies so that sum of them equals to 1
 39  Q.bird+F+G4   512.322      33  1090.645     1135.525     1170.862
WARNING: Normalizing state frequencies so that sum of them equals to 1
 40  Q.bird+F+I+G4 511.826      34  1091.652     1140.224     1174.300
WARNING: Normalizing state frequencies so that sum of them equals to 1
 41  Q.mammal      539.520      13  1105.040     1110.240     1136.640
WARNING: Normalizing state frequencies so that sum of them equals to 1
 42  Q.mammal+I    535.712      14  1099.423     1105.510     1133.455
WARNING: Normalizing state frequencies so that sum of them equals to 1
 43  Q.mammal+G4   536.208      14  1100.415     1106.502     1134.447
WARNING: Normalizing state frequencies so that sum of them equals to 1
 44  Q.mammal+I+G4 535.906      15  1101.812     1108.871     1138.274
WARNING: Normalizing state frequencies so that sum of them equals to 1
 45  Q.mammal+F    518.248      32  1100.497     1141.909     1178.283
WARNING: Normalizing state frequencies so that sum of them equals to 1
 46  Q.mammal+F+I  513.074      33  1092.147     1137.027     1172.364
WARNING: Normalizing state frequencies so that sum of them equals to 1
 47  Q.mammal+F+G4 514.225      33  1094.450     1139.330     1174.667
WARNING: Normalizing state frequencies so that sum of them equals to 1
 48  Q.mammal+F+I+G4 513.666      34  1095.332     1143.903     1177.979
 49  Q.insect      546.279      13  1118.559     1123.759     1150.159
 50  Q.insect+I    541.493      14  1110.986     1117.073     1145.017
 51  Q.insect+G4   542.142      14  1112.283     1118.370     1146.315
 52  Q.insect+I+G4 541.884      15  1113.768     1120.827     1150.231
 53  Q.insect+F    530.500      32  1124.999     1166.411     1202.786
 54  Q.insect+F+I  524.181      33  1114.362     1159.242     1194.579
 55  Q.insect+F+G4 525.450      33  1116.899     1161.779     1197.116
 56  Q.insect+F+I+G4 525.052      34  1118.103     1166.675     1200.751
WARNING: Normalizing state frequencies so that sum of them equals to 1
 57  Q.plant       542.081      13  1110.162     1115.362     1141.763
WARNING: Normalizing state frequencies so that sum of them equals to 1
 58  Q.plant+I     536.591      14  1101.183     1107.270     1135.214
WARNING: Normalizing state frequencies so that sum of them equals to 1
 59  Q.plant+G4    537.084      14  1102.168     1108.255     1136.199
WARNING: Normalizing state frequencies so that sum of them equals to 1
 60  Q.plant+I+G4  536.954      15  1103.908     1110.967     1140.370
WARNING: Normalizing state frequencies so that sum of them equals to 1
 61  Q.plant+F     524.905      32  1113.810     1155.221     1191.596
WARNING: Normalizing state frequencies so that sum of them equals to 1
 62  Q.plant+F+I   517.692      33  1101.384     1146.264     1181.601
WARNING: Normalizing state frequencies so that sum of them equals to 1
 63  Q.plant+F+G4  518.829      33  1103.659     1148.539     1183.876
WARNING: Normalizing state frequencies so that sum of them equals to 1
 64  Q.plant+F+I+G4 518.616      34  1105.233     1153.804     1187.880
WARNING: Normalizing state frequencies so that sum of them equals to 1
 65  Q.yeast       549.194      13  1124.388     1129.588     1155.988
WARNING: Normalizing state frequencies so that sum of them equals to 1
 66  Q.yeast+I     543.796      14  1115.592     1121.679     1149.623
WARNING: Normalizing state frequencies so that sum of them equals to 1
 67  Q.yeast+G4    544.315      14  1116.630     1122.717     1150.662
WARNING: Normalizing state frequencies so that sum of them equals to 1
 68  Q.yeast+I+G4  544.163      15  1118.326     1125.385     1154.788
WARNING: Normalizing state frequencies so that sum of them equals to 1
 69  Q.yeast+F     532.222      32  1128.443     1169.855     1206.230
WARNING: Normalizing state frequencies so that sum of them equals to 1
 70  Q.yeast+F+I   525.550      33  1117.100     1161.980     1197.317
WARNING: Normalizing state frequencies so that sum of them equals to 1
 71  Q.yeast+F+G4  526.581      33  1119.162     1164.042     1199.379
WARNING: Normalizing state frequencies so that sum of them equals to 1
 72  Q.yeast+F+I+G4 526.330      34  1120.659     1169.230     1203.307
 73  JTTDCMut      541.333      13  1108.666     1113.866     1140.267
 74  JTTDCMut+I    537.957      14  1103.914     1110.001     1137.946
 75  JTTDCMut+G4   538.245      14  1104.490     1110.577     1138.522
 76  JTTDCMut+I+G4 538.083      15  1106.166     1113.225     1142.628
 77  JTTDCMut+F    522.080      32  1108.159     1149.571     1185.945
 78  JTTDCMut+F+I  517.494      33  1100.987     1145.867     1181.204
 79  JTTDCMut+F+G4 518.146      33  1102.292     1147.172     1182.509
 80  JTTDCMut+F+I+G4 517.883      34  1103.766     1152.337     1186.414
 81  DCMut         561.643      13  1149.286     1154.486     1180.887
 82  DCMut+I       556.049      14  1140.097     1146.184     1174.129
 83  DCMut+G4      555.750      14  1139.500     1145.587     1173.531
 84  DCMut+I+G4    555.826      15  1141.651     1148.710     1178.114
 85  DCMut+F       541.193      32  1146.386     1187.798     1224.172
 86  DCMut+F+I     532.929      33  1131.858     1176.738     1212.074
 87  DCMut+F+G4    532.902      33  1131.804     1176.684     1212.021
 88  DCMut+F+I+G4  532.961      34  1133.922     1182.493     1216.570
 89  VT            547.229      13  1120.458     1125.658     1152.059
 90  VT+I          543.428      14  1114.855     1120.942     1148.887
 91  VT+G4         543.649      14  1115.297     1121.384     1149.329
 92  VT+I+G4       543.558      15  1117.117     1124.176     1153.579
 93  VT+F          529.585      32  1123.171     1164.582     1200.957
 94  VT+F+I        524.801      33  1115.601     1160.481     1195.818
 95  VT+F+G4       525.317      33  1116.635     1161.515     1196.852
 96  VT+F+I+G4     525.154      34  1118.308     1166.879     1200.955
 97  PMB           553.898      13  1133.796     1138.996     1165.397
 98  PMB+I         549.447      14  1126.895     1132.982     1160.926
 99  PMB+G4        549.683      14  1127.367     1133.454     1161.398
100  PMB+I+G4      549.606      15  1129.212     1136.271     1165.675
101  PMB+F         537.584      32  1139.169     1180.580     1216.955
102  PMB+F+I       532.277      33  1130.553     1175.433     1210.770
103  PMB+F+G4      532.694      33  1131.389     1176.269     1211.606
104  PMB+F+I+G4    532.588      34  1133.176     1181.748     1215.824
105  Blosum62      553.167      13  1132.335     1137.535     1163.935
106  Blosum62+I    548.706      14  1125.412     1131.499     1159.443
107  Blosum62+G4   548.859      14  1125.719     1131.806     1159.750
108  Blosum62+I+G4 548.819      15  1127.639     1134.698     1164.101
109  Blosum62+F    537.996      32  1139.992     1181.404     1217.779
110  Blosum62+F+I  532.829      33  1131.658     1176.538     1211.875
111  Blosum62+F+G4 533.197      33  1132.394     1177.274     1212.611
112  Blosum62+F+I+G4 533.103      34  1134.206     1182.777     1216.854
113  Dayhoff       561.643      13  1149.286     1154.486     1180.886
114  Dayhoff+I     556.031      14  1140.061     1146.148     1174.092
115  Dayhoff+G4    555.729      14  1139.458     1145.545     1173.489
116  Dayhoff+I+G4  555.805      15  1141.611     1148.670     1178.073
117  Dayhoff+F     541.202      32  1146.404     1187.816     1224.190
118  Dayhoff+F+I   532.910      33  1131.821     1176.701     1212.038
119  Dayhoff+F+G4  532.877      33  1131.755     1176.635     1211.972
120  Dayhoff+F+I+G4 532.937      34  1133.875     1182.446     1216.523
121  mtREV         582.910      13  1191.820     1197.020     1223.420
122  mtREV+I       573.325      14  1174.651     1180.738     1208.682
123  mtREV+G4      572.313      14  1172.626     1178.713     1206.657
124  mtREV+I+G4    572.459      15  1174.919     1181.977     1211.381
125  mtREV+F       537.739      32  1139.478     1180.890     1217.264
126  mtREV+F+I     528.133      33  1122.266     1167.146     1202.483
127  mtREV+F+G4    527.657      33  1121.314     1166.194     1201.531
128  mtREV+F+I+G4  527.822      34  1123.644     1172.215     1206.292
129  mtART         604.566      13  1235.132     1240.332     1266.733
130  mtART+I       588.568      14  1205.137     1211.224     1239.168
131  mtART+G4      587.095      14  1202.191     1208.278     1236.222
132  mtART+I+G4    586.845      15  1203.689     1210.748     1240.152
133  mtART+F       561.682      32  1187.363     1228.775     1265.149
134  mtART+F+I     546.026      33  1158.053     1202.933     1238.270
135  mtART+F+G4    545.238      33  1156.476     1201.356     1236.693
136  mtART+F+I+G4  545.369      34  1158.738     1207.310     1241.386
137  mtZOA         591.675      13  1209.351     1214.551     1240.951
138  mtZOA+I       578.913      14  1185.827     1191.914     1219.858
139  mtZOA+G4      578.418      14  1184.836     1190.923     1218.867
140  mtZOA+I+G4    578.441      15  1186.881     1193.940     1223.344
141  mtZOA+F       550.921      32  1165.841     1207.253     1243.628
142  mtZOA+F+I     538.915      33  1143.831     1188.711     1224.048
143  mtZOA+F+G4    538.882      33  1143.764     1188.644     1223.981
144  mtZOA+F+I+G4  539.090      34  1146.179     1194.751     1228.827
145  mtMet         571.854      13  1169.708     1174.908     1201.309
146  mtMet+I       562.789      14  1153.577     1159.664     1187.608
147  mtMet+G4      563.112      14  1154.224     1160.311     1188.255
148  mtMet+I+G4    563.079      15  1156.158     1163.217     1192.620
149  mtMet+F       531.822      32  1127.644     1169.056     1205.430
150  mtMet+F+I     523.339      33  1112.678     1157.558     1192.895
151  mtMet+F+G4    524.050      33  1114.101     1158.981     1194.318
152  mtMet+F+I+G4  524.049      34  1116.097     1164.669     1198.745
153  mtVer         576.812      13  1179.623     1184.823     1211.224
154  mtVer+I       567.162      14  1162.325     1168.412     1196.356
155  mtVer+G4      567.698      14  1163.396     1169.483     1197.427
156  mtVer+I+G4    567.654      15  1165.307     1172.366     1201.769
157  mtVer+F       529.359      32  1122.719     1164.130     1200.505
158  mtVer+F+I     518.935      33  1103.870     1148.750     1184.087
159  mtVer+F+G4    519.926      33  1105.852     1150.732     1186.069
160  mtVer+F+I+G4  519.938      34  1107.877     1156.448     1190.524
161  mtInv         574.322      13  1174.643     1179.843     1206.244
162  mtInv+I       565.716      14  1159.433     1165.520     1193.464
163  mtInv+G4      566.252      14  1160.503     1166.590     1194.535
164  mtInv+I+G4    566.187      15  1162.374     1169.433     1198.836
165  mtInv+F       533.870      32  1131.739     1173.151     1209.526
166  mtInv+F+I     526.155      33  1118.309     1163.189     1198.526
167  mtInv+F+G4    526.868      33  1119.736     1164.616     1199.953
168  mtInv+F+I+G4  526.830      34  1121.660     1170.232     1204.308
169  mtMAM         593.453      13  1212.907     1218.107     1244.507
170  mtMAM+I       576.590      14  1181.180     1187.267     1215.211
171  mtMAM+G4      574.873      14  1177.745     1183.832     1211.777
172  mtMAM+I+G4    574.911      15  1179.822     1186.880     1216.284
173  mtMAM+F       546.098      32  1156.196     1197.608     1233.983
174  mtMAM+F+I     528.883      33  1123.766     1168.646     1203.983
175  mtMAM+F+G4    528.652      33  1123.304     1168.184     1203.521
176  mtMAM+F+I+G4  528.754      34  1125.507     1174.079     1208.155
WARNING: Normalizing state frequencies so that sum of them equals to 1
177  FLAVI         557.970      13  1141.940     1147.140     1173.541
WARNING: Normalizing state frequencies so that sum of them equals to 1
178  FLAVI+I       552.244      14  1132.487     1138.574     1166.519
WARNING: Normalizing state frequencies so that sum of them equals to 1
179  FLAVI+G4      551.986      14  1131.971     1138.058     1166.003
WARNING: Normalizing state frequencies so that sum of them equals to 1
180  FLAVI+I+G4    552.037      15  1134.075     1141.134     1170.537
WARNING: Normalizing state frequencies so that sum of them equals to 1
181  FLAVI+F       531.810      32  1127.619     1169.031     1205.406
WARNING: Normalizing state frequencies so that sum of them equals to 1
182  FLAVI+F+I     525.126      33  1116.252     1161.132     1196.469
WARNING: Normalizing state frequencies so that sum of them equals to 1
183  FLAVI+F+G4    525.262      33  1116.523     1161.403     1196.740
WARNING: Normalizing state frequencies so that sum of them equals to 1
184  FLAVI+F+I+G4  525.291      34  1118.581     1167.153     1201.229
185  HIVb          538.716      13  1103.432     1108.632     1135.032
186  HIVb+I        534.416      14  1096.831     1102.918     1130.863
187  HIVb+G4       534.516      14  1097.032     1103.119     1131.063
188  HIVb+I+G4     534.470      15  1098.940     1105.999     1135.402
189  HIVb+F        522.615      32  1109.229     1150.641     1187.015
190  HIVb+F+I      516.076      33  1098.151     1143.031     1178.368
191  HIVb+F+G4     516.849      33  1099.698     1144.578     1179.915
192  HIVb+F+I+G4   516.685      34  1101.371     1149.942     1184.018
193  HIVw          543.796      13  1113.592     1118.792     1145.192
194  HIVw+I        541.228      14  1110.456     1116.543     1144.487
195  HIVw+G4       541.046      14  1110.092     1116.179     1144.124
196  HIVw+I+G4     541.134      15  1112.268     1119.327     1148.730
197  HIVw+F        517.202      32  1098.404     1139.816     1176.190
198  HIVw+F+I      514.021      33  1094.042     1138.922     1174.259
199  HIVw+F+G4     513.750      33  1093.501     1138.381     1173.718
200  HIVw+F+I+G4   513.858      34  1095.717     1144.288     1178.365
201  FLU           550.067      13  1126.134     1131.334     1157.735
202  FLU+I         545.916      14  1119.832     1125.918     1153.863
203  FLU+G4        545.533      14  1119.067     1125.153     1153.098
204  FLU+I+G4      545.650      15  1121.299     1128.358     1157.761
205  FLU+F         528.584      32  1121.168     1162.580     1198.954
206  FLU+F+I       523.180      33  1112.360     1157.240     1192.577
207  FLU+F+G4      522.938      33  1111.876     1156.756     1192.093
208  FLU+F+I+G4    523.014      34  1114.028     1162.599     1196.675
209  rtREV         562.540      13  1151.079     1156.279     1182.680
210  rtREV+I       556.156      14  1140.313     1146.400     1174.344
211  rtREV+G4      556.089      14  1140.178     1146.265     1174.210
212  rtREV+I+G4    556.125      15  1142.250     1149.309     1178.712
213  rtREV+F       541.467      32  1146.933     1188.345     1224.720
214  rtREV+F+I     533.370      33  1132.741     1177.621     1212.958
215  rtREV+F+G4    533.877      33  1133.754     1178.634     1213.971
216  rtREV+F+I+G4  533.853      34  1135.706     1184.278     1218.354
217  cpREV         548.210      13  1122.421     1127.621     1154.021
218  cpREV+I       543.321      14  1114.643     1120.730     1148.674
219  cpREV+G4      542.705      14  1113.411     1119.497     1147.442
220  cpREV+I+G4    542.889      15  1115.778     1122.837     1152.241
221  cpREV+F       529.884      32  1123.767     1165.179     1201.554
222  cpREV+F+I     524.126      33  1114.252     1159.132     1194.469
223  cpREV+F+G4    523.617      33  1113.234     1158.114     1193.451
224  cpREV+F+I+G4  523.786      34  1115.572     1164.144     1198.220
Akaike Information Criterion:           Q.bird+F+I
Corrected Akaike Information Criterion: Q.bird+I
Bayesian Information Criterion:         Q.bird+I
Best-fit model: Q.bird+I chosen according to BIC

All model information printed to ../results/molecular_evolution_analyses/phylogenetic_trees/F14353_SMED_G1/F14353_SMED_G1.model.gz
CPU time for ModelFinder: 1.181 seconds (0h:0m:1s)
Wall-clock time for ModelFinder: 1.186 seconds (0h:0m:1s)
Generating 1000 samples for ultrafast bootstrap (seed: 742102)...
WARNING: Normalizing state frequencies so that sum of them equals to 1

NOTE: 0 MB RAM (0 GB) is required!
Estimate model parameters (epsilon = 0.100)
1. Initial log-likelihood: -533.171
Optimal log-likelihood: -533.170
Proportion of invariable sites: 0.397
Parameters optimization took 1 rounds (0.001 sec)
Wrote distance file to... 
Computing ML distances based on estimated model parameters...
Calculating distance matrix: done in 0.00162482 secs using 99.58% CPU
Computing ML distances took 0.001646 sec (of wall-clock time) 0.001641 sec (of CPU time)
Setting up auxiliary I and S matrices: done in 4.31538e-05 secs using 99.64% CPU
Constructing RapidNJ tree: done in 3.21865e-05 secs using 99.42% CPU
Computing RapidNJ tree took 0.000140 sec (of wall-clock time) 0.000138 sec (of CPU time)
Log-likelihood of RapidNJ tree: -533.171
--------------------------------------------------------------------
|             INITIALIZING CANDIDATE TREE SET                      |
--------------------------------------------------------------------
Generating 98 parsimony trees... 0.021 second
Computing log-likelihood of 49 initial trees ... 0.014 seconds
Current best score: -533.170

Do NNI search on 20 best initial trees
Optimizing NNI: done in 0.00123906 secs using 200.1% CPU
Estimate model parameters (epsilon = 0.100)
BETTER TREE FOUND at iteration 1: -533.170
Optimizing NNI: done in 0.0010519 secs using 199.9% CPU
Optimizing NNI: done in 0.00238299 secs using 199.8% CPU
Optimizing NNI: done in 0.00462103 secs using 199.9% CPU
Optimizing NNI: done in 0.00468802 secs using 199.9% CPU
Optimizing NNI: done in 0.00698304 secs using 199.9% CPU
Optimizing NNI: done in 0.00353479 secs using 200% CPU
Optimizing NNI: done in 0.00455093 secs using 199.9% CPU
Optimizing NNI: done in 0.00466108 secs using 200% CPU
Optimizing NNI: done in 0.00686884 secs using 199.9% CPU
Iteration 10 / LogL: -533.170 / Time: 0h:0m:0s
Optimizing NNI: done in 0.00685787 secs using 141.7% CPU
Optimizing NNI: done in 0.00467205 secs using 115.4% CPU
Optimizing NNI: done in 0.00419307 secs using 198.6% CPU
Optimizing NNI: done in 0.00440192 secs using 199.9% CPU
Optimizing NNI: done in 0.00308108 secs using 199.8% CPU
Optimizing NNI: done in 0.00551891 secs using 200% CPU
Optimizing NNI: done in 0.00308704 secs using 200.1% CPU
Optimizing NNI: done in 0.00336194 secs using 82.54% CPU
Optimizing NNI: done in 0.00472307 secs using 199.3% CPU
Optimizing NNI: done in 0.00474191 secs using 199.4% CPU
Iteration 20 / LogL: -533.170 / Time: 0h:0m:0s
Finish initializing candidate tree set (2)
Current best tree score: -533.170 / CPU time: 0.126
Number of iterations: 20
--------------------------------------------------------------------
|               OPTIMIZING CANDIDATE TREE SET                      |
--------------------------------------------------------------------
Optimizing NNI: done in 0.00665307 secs using 199.9% CPU
Optimizing NNI: done in 0.00320196 secs using 196.8% CPU
Optimizing NNI: done in 0.00560117 secs using 199.7% CPU
Optimizing NNI: done in 0.00439095 secs using 199% CPU
Optimizing NNI: done in 0.00332689 secs using 199.6% CPU
Optimizing NNI: done in 0.00334787 secs using 200% CPU
Optimizing NNI: done in 0.00337791 secs using 198.6% CPU
Optimizing NNI: done in 0.00338411 secs using 199.3% CPU
Optimizing NNI: done in 0.00333905 secs using 200% CPU
UPDATE BEST LOG-LIKELIHOOD: -533.170
Optimizing NNI: done in 0.00116491 secs using 199.6% CPU
UPDATE BEST LOG-LIKELIHOOD: -533.170
Iteration 30 / LogL: -533.170 / Time: 0h:0m:0s (0h:0m:0s left)
Optimizing NNI: done in 0.0056262 secs using 154% CPU
Optimizing NNI: done in 0.00445294 secs using 99.98% CPU
Optimizing NNI: done in 0.00548315 secs using 99.81% CPU
Optimizing NNI: done in 0.00342298 secs using 100% CPU
Optimizing NNI: done in 0.00216508 secs using 99.86% CPU
UPDATE BEST LOG-LIKELIHOOD: -533.170
Optimizing NNI: done in 0.00438309 secs using 99.88% CPU
Optimizing NNI: done in 0.0054872 secs using 99.92% CPU
Optimizing NNI: done in 0.001122 secs using 99.73% CPU
Optimizing NNI: done in 0.00237489 secs using 100% CPU
Optimizing NNI: done in 0.00428104 secs using 100% CPU
Iteration 40 / LogL: -533.170 / Time: 0h:0m:0s (0h:0m:0s left)
Optimizing NNI: done in 0.00206089 secs using 100% CPU
Optimizing NNI: done in 0.00681686 secs using 100% CPU
Optimizing NNI: done in 0.00339985 secs using 99.92% CPU
Optimizing NNI: done in 0.00338721 secs using 99.91% CPU
Optimizing NNI: done in 0.00472617 secs using 100% CPU
Optimizing NNI: done in 0.00220108 secs using 99.81% CPU
Optimizing NNI: done in 0.00201488 secs using 100.1% CPU
Optimizing NNI: done in 0.000993013 secs using 100% CPU
Optimizing NNI: done in 0.00450301 secs using 100% CPU
Optimizing NNI: done in 0.00320816 secs using 100% CPU
Iteration 50 / LogL: -533.170 / Time: 0h:0m:0s (0h:0m:0s left)
Log-likelihood cutoff on original alignment: -560.097
Optimizing NNI: done in 0.00698709 secs using 99.97% CPU
Optimizing NNI: done in 0.00558686 secs using 100% CPU
Optimizing NNI: done in 0.00208497 secs using 99.86% CPU
UPDATE BEST LOG-LIKELIHOOD: -533.170
Optimizing NNI: done in 0.00216699 secs using 99.72% CPU
Optimizing NNI: done in 0.00343013 secs using 99.97% CPU
Optimizing NNI: done in 0.0034318 secs using 99.98% CPU
Optimizing NNI: done in 0.00310993 secs using 100% CPU
Optimizing NNI: done in 0.00561404 secs using 99.93% CPU
Optimizing NNI: done in 0.00446796 secs using 100% CPU
Optimizing NNI: done in 0.00331903 secs using 100% CPU
Iteration 60 / LogL: -533.170 / Time: 0h:0m:0s (0h:0m:0s left)
Optimizing NNI: done in 0.00449395 secs using 99.93% CPU
Optimizing NNI: done in 0.004493 secs using 99.93% CPU
Optimizing NNI: done in 0.00229001 secs using 99.87% CPU
Optimizing NNI: done in 0.00696802 secs using 100% CPU
Optimizing NNI: done in 0.00334311 secs using 100% CPU
Optimizing NNI: done in 0.000988007 secs using 100% CPU
Optimizing NNI: done in 0.00339413 secs using 99.91% CPU
Optimizing NNI: done in 0.00206304 secs using 100% CPU
Optimizing NNI: done in 0.00114608 secs using 99.99% CPU
Optimizing NNI: done in 0.00464511 secs using 100% CPU
Iteration 70 / LogL: -533.170 / Time: 0h:0m:0s (0h:0m:0s left)
Optimizing NNI: done in 0.00798607 secs using 99.96% CPU
Optimizing NNI: done in 0.00114393 secs using 100% CPU
Optimizing NNI: done in 0.00215983 secs using 100.1% CPU
Optimizing NNI: done in 0.00112605 secs using 100.1% CPU
Optimizing NNI: done in 0.00349498 secs using 99.97% CPU
UPDATE BEST LOG-LIKELIHOOD: -533.170
Optimizing NNI: done in 0.00334787 secs using 99.85% CPU
Optimizing NNI: done in 0.0034411 secs using 99.91% CPU
Optimizing NNI: done in 0.00219584 secs using 100% CPU
Optimizing NNI: done in 0.00585294 secs using 99.95% CPU
Optimizing NNI: done in 0.00687408 secs using 99.94% CPU
Iteration 80 / LogL: -533.170 / Time: 0h:0m:0s (0h:0m:0s left)
Optimizing NNI: done in 0.00339103 secs using 99.91% CPU
Optimizing NNI: done in 0.00330901 secs using 100% CPU
Optimizing NNI: done in 0.00340605 secs using 99.97% CPU
Optimizing NNI: done in 0.00233102 secs using 99.96% CPU
Optimizing NNI: done in 0.00448012 secs using 100% CPU
Optimizing NNI: done in 0.00431108 secs using 100% CPU
Optimizing NNI: done in 0.00342107 secs using 99.91% CPU
Optimizing NNI: done in 0.000997066 secs using 100.1% CPU
Optimizing NNI: done in 0.00216508 secs using 99.9% CPU
Optimizing NNI: done in 0.00480509 secs using 100% CPU
Iteration 90 / LogL: -533.171 / Time: 0h:0m:0s (0h:0m:0s left)
Optimizing NNI: done in 0.000999928 secs using 99.61% CPU
Optimizing NNI: done in 0.00340605 secs using 100% CPU
Optimizing NNI: done in 0.00323892 secs using 99.91% CPU
Optimizing NNI: done in 0.00335407 secs using 99.97% CPU
Optimizing NNI: done in 0.00334001 secs using 99.88% CPU
Optimizing NNI: done in 0.0033989 secs using 99.91% CPU
Optimizing NNI: done in 0.00340581 secs using 100% CPU
Optimizing NNI: done in 0.00212884 secs using 100% CPU
Optimizing NNI: done in 0.00581694 secs using 99.98% CPU
Optimizing NNI: done in 0.00332093 secs using 99.91% CPU
Iteration 100 / LogL: -533.170 / Time: 0h:0m:0s (0h:0m:0s left)
Log-likelihood cutoff on original alignment: -560.097
NOTE: Bootstrap correlation coefficient of split occurrence frequencies: 0.999
Optimizing NNI: done in 0.00224304 secs using 99.78% CPU
UPDATE BEST LOG-LIKELIHOOD: -533.170
Optimizing NNI: done in 0.00343513 secs using 99.82% CPU
TREE SEARCH COMPLETED AFTER 102 ITERATIONS / Time: 0h:0m:0s

--------------------------------------------------------------------
|                    FINALIZING TREE SEARCH                        |
--------------------------------------------------------------------
Performs final model parameters optimization
Estimate model parameters (epsilon = 0.010)
1. Initial log-likelihood: -533.170
Optimal log-likelihood: -533.170
Proportion of invariable sites: 0.397
Parameters optimization took 1 rounds (0.001 sec)
BEST SCORE FOUND : -533.170

Testing tree branches by SH-like aLRT with 1000 replicates...
0.010 sec.
Creating bootstrap support values...
Split supports printed to NEXUS file ../results/molecular_evolution_analyses/phylogenetic_trees/F14353_SMED_G1/F14353_SMED_G1.splits.nex
Total tree length: 0.750

Total number of iterations: 102
CPU time used for tree search: 0.846 sec (0h:0m:0s)
Wall-clock time used for tree search: 0.679 sec (0h:0m:0s)
Total CPU time used: 0.883 sec (0h:0m:0s)
Total wall-clock time used: 0.714 sec (0h:0m:0s)

Computing bootstrap consensus tree...
Reading input file ../results/molecular_evolution_analyses/phylogenetic_trees/F14353_SMED_G1/F14353_SMED_G1.splits.nex...
8 taxa and 47 splits.
Consensus tree written to ../results/molecular_evolution_analyses/phylogenetic_trees/F14353_SMED_G1/F14353_SMED_G1.contree
Reading input trees file ../results/molecular_evolution_analyses/phylogenetic_trees/F14353_SMED_G1/F14353_SMED_G1.contree
Log-likelihood of consensus tree: -533.171

Analysis results written to: 
  IQ-TREE report:                ../results/molecular_evolution_analyses/phylogenetic_trees/F14353_SMED_G1/F14353_SMED_G1.iqtree
  Maximum-likelihood tree:       ../results/molecular_evolution_analyses/phylogenetic_trees/F14353_SMED_G1/F14353_SMED_G1.treefile
  Likelihood distances:          ../results/molecular_evolution_analyses/phylogenetic_trees/F14353_SMED_G1/F14353_SMED_G1.mldist

Ultrafast bootstrap approximation results written to:
  Split support values:          ../results/molecular_evolution_analyses/phylogenetic_trees/F14353_SMED_G1/F14353_SMED_G1.splits.nex
  Consensus tree:                ../results/molecular_evolution_analyses/phylogenetic_trees/F14353_SMED_G1/F14353_SMED_G1.contree
  Screen log file:               ../results/molecular_evolution_analyses/phylogenetic_trees/F14353_SMED_G1/F14353_SMED_G1.log

Date and Time: Wed May  1 11:26:29 2024
