IQ-TREE multicore version 2.2.2.6 COVID-edition for Linux 64-bit built May 27 2023
Developed by Bui Quang Minh, James Barbetti, Nguyen Lam Tung,
Olga Chernomor, Heiko Schmidt, Dominik Schrempf, Michael Woodhams, Ly Trong Nhan.

Host:    lbc5 (AVX2, FMA3, 125 GB RAM)
Command: /home/mauricio/mauricio_PROGRAMAS/iqtree-2.2.2.6-Linux/bin/iqtree2 -s ../results/molecular_evolution_analyses/alignments_gblocks/F125871_SCUR_G1/F125871_SCUR_G1.aln.gblo -m TEST --threads-max 32 --alrt 1000 --ufboot 1000 --prefix ../results/molecular_evolution_analyses/phylogenetic_trees/F125871_SCUR_G1/F125871_SCUR_G1 -keep-ident -redo
Seed:    493310 (Using SPRNG - Scalable Parallel Random Number Generator)
Time:    Wed May  1 12:30:01 2024
Kernel:  AVX+FMA - 1 threads (32 CPU cores detected)

HINT: Use -nt option to specify number of threads because your CPU has 32 cores!
HINT: -nt AUTO will automatically determine the best number of threads to use.

Reading alignment file ../results/molecular_evolution_analyses/alignments_gblocks/F125871_SCUR_G1/F125871_SCUR_G1.aln.gblo ... Fasta format detected
Reading fasta file: done in 0.000287056 secs using 99.63% CPU
Alignment most likely contains protein sequences
Constructing alignment: done in 0.000157118 secs using 99.29% CPU
Alignment has 81 sequences with 102 columns, 20 distinct patterns
0 parsimony-informative, 0 singleton sites, 102 constant sites
           Gap/Ambiguity  Composition  p-value
Analyzing sequences: done in 1.21593e-05 secs using 98.69% CPU
   1  Scur.9759    0.00%    passed    100.00%
   2  Scur.9758    0.00%    passed    100.00%
   3  Scur.9723    0.00%    passed    100.00%
   4  Scur.9717    0.00%    passed    100.00%
   5  Scur.9716    0.00%    passed    100.00%
   6  Scur.9595    0.00%    passed    100.00%
   7  Scur.7865    0.00%    passed    100.00%
   8  Scur.7866    0.00%    passed    100.00%
   9  Scur.7867    0.00%    passed    100.00%
  10  Scur.9534    0.00%    passed    100.00%
  11  Scur.9535    0.00%    passed    100.00%
  12  Scur.9536    0.00%    passed    100.00%
  13  Scur.9537    0.00%    passed    100.00%
  14  Scur.9538    0.00%    passed    100.00%
  15  Scur.9539    0.00%    passed    100.00%
  16  Scur.9540    0.00%    passed    100.00%
  17  Scur.9551    0.00%    passed    100.00%
  18  Scur.9552    0.00%    passed    100.00%
  19  Scur.9554    0.00%    passed    100.00%
  20  Scur.9555    0.00%    passed    100.00%
  21  Scur.9568    0.00%    passed    100.00%
  22  Scur.9569    0.00%    passed    100.00%
  23  Scur.9587    0.00%    passed    100.00%
  24  Scur.9588    0.00%    passed    100.00%
  25  Scur.9589    0.00%    passed    100.00%
  26  Scur.9590    0.00%    passed    100.00%
  27  Scur.9591    0.00%    passed    100.00%
  28  Scur.9592    0.00%    passed    100.00%
  29  Scur.9593    0.00%    passed    100.00%
  30  Scur.9596    0.00%    passed    100.00%
  31  Scur.9598    0.00%    passed    100.00%
  32  Scur.9601    0.00%    passed    100.00%
  33  Scur.9602    0.00%    passed    100.00%
  34  Scur.9615    0.00%    passed    100.00%
  35  Scur.9616    0.00%    passed    100.00%
  36  Scur.9617    0.00%    passed    100.00%
  37  Scur.9618    0.00%    passed    100.00%
  38  Scur.9620    0.00%    passed    100.00%
  39  Scur.9628    0.00%    passed    100.00%
  40  Scur.9629    0.00%    passed    100.00%
  41  Scur.9631    0.00%    passed    100.00%
  42  Scur.9632    0.00%    passed    100.00%
  43  Scur.9633    0.00%    passed    100.00%
  44  Scur.9640    0.00%    passed    100.00%
  45  Scur.9643    0.00%    passed    100.00%
  46  Scur.9644    0.00%    passed    100.00%
  47  Scur.9656    0.00%    passed    100.00%
  48  Scur.9657    0.00%    passed    100.00%
  49  Scur.9658    0.00%    passed    100.00%
  50  Scur.9659    0.00%    passed    100.00%
  51  Scur.9660    0.00%    passed    100.00%
  52  Scur.9661    0.00%    passed    100.00%
  53  Scur.9662    0.00%    passed    100.00%
  54  Scur.9663    0.00%    passed    100.00%
  55  Scur.9666    0.00%    passed    100.00%
  56  Scur.9667    0.00%    passed    100.00%
  57  Scur.9668    0.00%    passed    100.00%
  58  Scur.9669    0.00%    passed    100.00%
  59  Scur.9670    0.00%    passed    100.00%
  60  Scur.9671    0.00%    passed    100.00%
  61  Scur.9672    0.00%    passed    100.00%
  62  Scur.9676    0.00%    passed    100.00%
  63  Scur.9677    0.00%    passed    100.00%
  64  Scur.9678    0.00%    passed    100.00%
  65  Scur.9679    0.00%    passed    100.00%
  66  Scur.9680    0.00%    passed    100.00%
  67  Scur.9681    0.00%    passed    100.00%
  68  Scur.9682    0.00%    passed    100.00%
  69  Scur.9683    0.00%    passed    100.00%
  70  Scur.9691    0.00%    passed    100.00%
  71  Scur.9692    0.00%    passed    100.00%
  72  Scur.9693    0.00%    passed    100.00%
  73  Scur.9718    0.00%    passed    100.00%
  74  Scur.9724    0.00%    passed    100.00%
  75  Scur.9725    0.00%    passed    100.00%
  76  Scur.9726    0.00%    passed    100.00%
  77  Scur.9737    0.00%    passed    100.00%
  78  Scur.9756    0.00%    passed    100.00%
  79  Scur.9757    0.00%    passed    100.00%
  80  Scur.9970    0.00%    passed    100.00%
  81  Scur.9971    0.00%    passed    100.00%
****  TOTAL        0.00%  0 sequences failed composition chi2 test (p-value<5%; df=19)


Create initial parsimony tree by phylogenetic likelihood library (PLL)... 0.001 seconds
Perform fast likelihood tree search using LG model...
Estimate model parameters (epsilon = 5.000)
Perform nearest neighbor interchange...
Optimizing NNI: done in 0.00595522 secs using 99.98% CPU
Estimate model parameters (epsilon = 1.000)
1. Initial log-likelihood: -294.662
Optimal log-likelihood: -294.662
Parameters optimization took 1 rounds (0.002 sec)
Time for fast ML tree search: 0.012 seconds

NOTE: ModelFinder requires 2 MB RAM!
ModelFinder will test up to 56 protein models (sample size: 102) ...
 No. Model         -LnL         df  AIC          AICc         BIC
  1  LG            294.662      159 907.323      51787.323    1324.694
  2  LG+F          284.584      178 925.168      64649.168    1392.414
  3  WAG           292.279      159 902.559      51782.559    1319.929
  4  WAG+F         284.584      178 925.168      64649.168    1392.414
  5  JTT           292.782      159 903.563      51783.563    1320.934
  6  JTT+F         284.584      178 925.168      64649.168    1392.414
WARNING: Normalizing state frequencies so that sum of them equals to 1
  7  Q.pfam        293.463      159 904.927      51784.927    1322.297
WARNING: Normalizing state frequencies so that sum of them equals to 1
  8  Q.pfam+F      284.584      178 925.168      64649.168    1392.414
WARNING: Normalizing state frequencies so that sum of them equals to 1
  9  Q.bird        294.732      159 907.464      51787.464    1324.835
WARNING: Normalizing state frequencies so that sum of them equals to 1
 10  Q.bird+F      284.584      178 925.168      64649.168    1392.414
WARNING: Normalizing state frequencies so that sum of them equals to 1
 11  Q.mammal      294.889      159 907.777      51787.777    1325.148
WARNING: Normalizing state frequencies so that sum of them equals to 1
 12  Q.mammal+F    284.584      178 925.168      64649.168    1392.414
 13  Q.insect      299.556      159 917.112      51797.112    1334.483
 14  Q.insect+F    284.584      178 925.168      64649.168    1392.414
WARNING: Normalizing state frequencies so that sum of them equals to 1
 15  Q.plant       294.704      159 907.408      51787.408    1324.779
WARNING: Normalizing state frequencies so that sum of them equals to 1
 16  Q.plant+F     284.584      178 925.168      64649.168    1392.414
WARNING: Normalizing state frequencies so that sum of them equals to 1
 17  Q.yeast       299.631      159 917.261      51797.261    1334.632
WARNING: Normalizing state frequencies so that sum of them equals to 1
 18  Q.yeast+F     284.584      178 925.168      64649.168    1392.414
 19  JTTDCMut      292.742      159 903.485      51783.485    1320.855
 20  JTTDCMut+F    284.584      178 925.168      64649.168    1392.414
 21  DCMut         293.366      159 904.733      51784.733    1322.104
 22  DCMut+F       284.584      178 925.168      64649.168    1392.414
 23  VT            293.326      159 904.652      51784.652    1322.023
 24  VT+F          284.584      178 925.168      64649.168    1392.414
 25  PMB           293.719      159 905.437      51785.437    1322.808
 26  PMB+F         284.584      178 925.168      64649.168    1392.414
 27  Blosum62      294.953      159 907.906      51787.906    1325.276
 28  Blosum62+F    284.584      178 925.168      64649.168    1392.414
 29  Dayhoff       293.366      159 904.733      51784.733    1322.104
 30  Dayhoff+F     284.584      178 925.168      64649.168    1392.414
 31  mtREV         309.917      159 937.834      51817.834    1355.205
 32  mtREV+F       284.584      178 925.168      64649.168    1392.414
 33  mtART         310.359      159 938.718      51818.718    1356.089
 34  mtART+F       284.584      178 925.168      64649.168    1392.414
 35  mtZOA         307.800      159 933.601      51813.601    1350.971
 36  mtZOA+F       284.584      178 925.168      64649.168    1392.414
 37  mtMet         313.633      159 945.265      51825.265    1362.636
 38  mtMet+F       284.584      178 925.168      64649.168    1392.414
 39  mtVer         313.662      159 945.324      51825.324    1362.695
 40  mtVer+F       284.584      178 925.168      64649.168    1392.414
 41  mtInv         319.366      159 956.732      51836.732    1374.102
 42  mtInv+F       284.584      178 925.168      64649.168    1392.414
 43  mtMAM         310.601      159 939.203      51819.203    1356.573
 44  mtMAM+F       284.584      178 925.168      64649.168    1392.414
WARNING: Normalizing state frequencies so that sum of them equals to 1
 45  FLAVI         296.455      159 910.909      51790.909    1328.280
WARNING: Normalizing state frequencies so that sum of them equals to 1
 46  FLAVI+F       284.584      178 925.168      64649.168    1392.414
 47  HIVb          297.347      159 912.694      51792.694    1330.065
 48  HIVb+F        284.584      178 925.168      64649.168    1392.414
 49  HIVw          303.500      159 925.001      51805.001    1342.371
 50  HIVw+F        284.584      178 925.168      64649.168    1392.414
 51  FLU           294.901      159 907.802      51787.802    1325.173
 52  FLU+F         284.584      178 925.168      64649.168    1392.414
 53  rtREV         297.589      159 913.177      51793.177    1330.548
 54  rtREV+F       284.584      178 925.168      64649.168    1392.414
 55  cpREV         294.590      159 907.180      51787.180    1324.550
 56  cpREV+F       284.584      178 925.168      64649.168    1392.414
Akaike Information Criterion:           WAG
Corrected Akaike Information Criterion: WAG
Bayesian Information Criterion:         WAG
Best-fit model: WAG chosen according to BIC

All model information printed to ../results/molecular_evolution_analyses/phylogenetic_trees/F125871_SCUR_G1/F125871_SCUR_G1.model.gz
CPU time for ModelFinder: 0.229 seconds (0h:0m:0s)
Wall-clock time for ModelFinder: 0.229 seconds (0h:0m:0s)
Generating 1000 samples for ultrafast bootstrap (seed: 493310)...

NOTE: 0 MB RAM (0 GB) is required!
Estimate model parameters (epsilon = 0.100)
1. Initial log-likelihood: -292.279
Optimal log-likelihood: -292.279
Parameters optimization took 1 rounds (0.002 sec)
Wrote distance file to... 
Computing ML distances based on estimated model parameters...
Calculating distance matrix: done in 0.0278859 secs using 99.98% CPU
Computing ML distances took 0.027920 sec (of wall-clock time) 0.027913 sec (of CPU time)
Setting up auxiliary I and S matrices: done in 0.000151873 secs using 100.1% CPU
Constructing RapidNJ tree: done in 0.000522852 secs using 228% CPU
Computing RapidNJ tree took 0.000743 sec (of wall-clock time) 0.001410 sec (of CPU time)
Log-likelihood of RapidNJ tree: -292.271
--------------------------------------------------------------------
|             INITIALIZING CANDIDATE TREE SET                      |
--------------------------------------------------------------------
Generating 98 parsimony trees... 0.115 second
Computing log-likelihood of 98 initial trees ... 0.171 seconds
Current best score: -292.271

Do NNI search on 20 best initial trees
Optimizing NNI: done in 0.020483 secs using 99.94% CPU
Estimate model parameters (epsilon = 0.100)
BETTER TREE FOUND at iteration 1: -292.279
Optimizing NNI: done in 0.021069 secs using 99.97% CPU
Optimizing NNI: done in 0.021867 secs using 99.97% CPU
Optimizing NNI: done in 0.0219681 secs using 99.98% CPU
Optimizing NNI: done in 0.022377 secs using 99.98% CPU
Optimizing NNI: done in 0.021745 secs using 99.97% CPU
Optimizing NNI: done in 0.0218501 secs using 99.97% CPU
Optimizing NNI: done in 0.0218141 secs using 99.98% CPU
Optimizing NNI: done in 0.0218101 secs using 99.97% CPU
Optimizing NNI: done in 0.0226779 secs using 99.97% CPU
Iteration 10 / LogL: -292.279 / Time: 0h:0m:0s
Optimizing NNI: done in 0.022192 secs using 99.96% CPU
Optimizing NNI: done in 0.0219631 secs using 99.98% CPU
Optimizing NNI: done in 0.022223 secs using 99.97% CPU
Optimizing NNI: done in 0.022001 secs using 99.98% CPU
Optimizing NNI: done in 0.0219321 secs using 99.97% CPU
Optimizing NNI: done in 0.021735 secs using 99.97% CPU
Optimizing NNI: done in 0.0225799 secs using 99.97% CPU
Optimizing NNI: done in 0.022414 secs using 99.97% CPU
Optimizing NNI: done in 0.021755 secs using 99.97% CPU
Optimizing NNI: done in 0.02228 secs using 99.98% CPU
Iteration 20 / LogL: -292.279 / Time: 0h:0m:0s
Finish initializing candidate tree set (20)
Current best tree score: -292.279 / CPU time: 0.751
Number of iterations: 20
--------------------------------------------------------------------
|               OPTIMIZING CANDIDATE TREE SET                      |
--------------------------------------------------------------------
Optimizing NNI: done in 0.022887 secs using 99.97% CPU
Optimizing NNI: done in 0.0235078 secs using 99.98% CPU
Optimizing NNI: done in 0.0235541 secs using 99.97% CPU
Optimizing NNI: done in 0.023133 secs using 99.97% CPU
Optimizing NNI: done in 0.0237131 secs using 99.96% CPU
Optimizing NNI: done in 0.0228889 secs using 99.96% CPU
Optimizing NNI: done in 0.024262 secs using 99.98% CPU
Optimizing NNI: done in 0.02439 secs using 99.96% CPU
Optimizing NNI: done in 0.0230701 secs using 99.98% CPU
Optimizing NNI: done in 0.0237322 secs using 99.97% CPU
Iteration 30 / LogL: -292.279 / Time: 0h:0m:1s (0h:0m:2s left)
Optimizing NNI: done in 0.0237329 secs using 99.98% CPU
Optimizing NNI: done in 0.0234699 secs using 99.98% CPU
Optimizing NNI: done in 0.0228009 secs using 99.97% CPU
Optimizing NNI: done in 0.022496 secs using 99.97% CPU
Optimizing NNI: done in 0.0236981 secs using 99.97% CPU
Optimizing NNI: done in 0.02373 secs using 99.97% CPU
Optimizing NNI: done in 0.0242109 secs using 99.98% CPU
Optimizing NNI: done in 0.0228329 secs using 99.98% CPU
Optimizing NNI: done in 0.023314 secs using 99.96% CPU
Optimizing NNI: done in 0.0220871 secs using 99.98% CPU
Iteration 40 / LogL: -292.279 / Time: 0h:0m:1s (0h:0m:2s left)
Optimizing NNI: done in 0.0232658 secs using 99.97% CPU
Optimizing NNI: done in 0.0239079 secs using 99.96% CPU
Optimizing NNI: done in 0.0225859 secs using 99.97% CPU
Optimizing NNI: done in 0.023613 secs using 99.98% CPU
Optimizing NNI: done in 0.0238431 secs using 99.98% CPU
Optimizing NNI: done in 0.0238171 secs using 99.98% CPU
Optimizing NNI: done in 0.023823 secs using 99.97% CPU
Optimizing NNI: done in 0.0240219 secs using 99.95% CPU
Optimizing NNI: done in 0.0234358 secs using 99.98% CPU
Optimizing NNI: done in 0.023448 secs using 99.97% CPU
Iteration 50 / LogL: -292.279 / Time: 0h:0m:1s (0h:0m:1s left)
Log-likelihood cutoff on original alignment: -292.279
Optimizing NNI: done in 0.024507 secs using 99.95% CPU
Optimizing NNI: done in 0.0240822 secs using 99.97% CPU
Optimizing NNI: done in 0.0242009 secs using 99.97% CPU
Optimizing NNI: done in 0.0241721 secs using 99.97% CPU
Optimizing NNI: done in 0.0246971 secs using 99.93% CPU
Optimizing NNI: done in 0.0241959 secs using 99.96% CPU
Optimizing NNI: done in 0.025095 secs using 99.98% CPU
Optimizing NNI: done in 0.0253501 secs using 99.96% CPU
Optimizing NNI: done in 0.0248132 secs using 99.98% CPU
Optimizing NNI: done in 0.0242059 secs using 99.98% CPU
Iteration 60 / LogL: -292.279 / Time: 0h:0m:2s (0h:0m:1s left)
Optimizing NNI: done in 0.0238321 secs using 99.98% CPU
Optimizing NNI: done in 0.0226519 secs using 99.97% CPU
Optimizing NNI: done in 0.0241199 secs using 99.97% CPU
Optimizing NNI: done in 0.0251009 secs using 99.97% CPU
Optimizing NNI: done in 0.024308 secs using 99.98% CPU
Optimizing NNI: done in 0.0238581 secs using 99.97% CPU
Optimizing NNI: done in 0.0251422 secs using 99.98% CPU
Optimizing NNI: done in 0.024159 secs using 99.98% CPU
Optimizing NNI: done in 0.0227878 secs using 99.98% CPU
Optimizing NNI: done in 0.023195 secs using 99.97% CPU
Iteration 70 / LogL: -292.279 / Time: 0h:0m:2s (0h:0m:1s left)
Optimizing NNI: done in 0.0244009 secs using 99.97% CPU
Optimizing NNI: done in 0.0238371 secs using 99.97% CPU
Optimizing NNI: done in 0.0229409 secs using 99.96% CPU
Optimizing NNI: done in 0.0240271 secs using 99.97% CPU
Optimizing NNI: done in 0.0247102 secs using 99.98% CPU
Optimizing NNI: done in 0.0254211 secs using 99.98% CPU
Optimizing NNI: done in 0.02422 secs using 99.96% CPU
Optimizing NNI: done in 0.02426 secs using 99.98% CPU
Optimizing NNI: done in 0.0245659 secs using 99.96% CPU
Optimizing NNI: done in 0.0248139 secs using 99.96% CPU
Iteration 80 / LogL: -292.279 / Time: 0h:0m:2s (0h:0m:0s left)
Optimizing NNI: done in 0.0236311 secs using 99.97% CPU
Optimizing NNI: done in 0.0243468 secs using 99.98% CPU
Optimizing NNI: done in 0.022964 secs using 99.98% CPU
Optimizing NNI: done in 0.02389 secs using 99.97% CPU
Optimizing NNI: done in 0.0237851 secs using 99.97% CPU
Optimizing NNI: done in 0.0238359 secs using 99.97% CPU
Optimizing NNI: done in 0.0239201 secs using 99.97% CPU
Optimizing NNI: done in 0.0243042 secs using 99.96% CPU
Optimizing NNI: done in 0.0239611 secs using 99.97% CPU
Optimizing NNI: done in 0.0233979 secs using 99.97% CPU
Iteration 90 / LogL: -292.279 / Time: 0h:0m:3s (0h:0m:0s left)
Optimizing NNI: done in 0.0237222 secs using 99.97% CPU
Optimizing NNI: done in 0.0236599 secs using 99.96% CPU
Optimizing NNI: done in 0.0227978 secs using 99.97% CPU
Optimizing NNI: done in 0.0239711 secs using 99.97% CPU
Optimizing NNI: done in 0.0235081 secs using 99.97% CPU
Optimizing NNI: done in 0.0224762 secs using 99.97% CPU
Optimizing NNI: done in 0.023473 secs using 99.98% CPU
Optimizing NNI: done in 0.0241549 secs using 99.97% CPU
Optimizing NNI: done in 0.022686 secs using 99.97% CPU
Optimizing NNI: done in 0.0234768 secs using 99.99% CPU
Iteration 100 / LogL: -292.279 / Time: 0h:0m:3s (0h:0m:0s left)
Log-likelihood cutoff on original alignment: -292.279
NOTE: Bootstrap correlation coefficient of split occurrence frequencies: -0.022
NOTE: UFBoot does not converge, continue at least 100 more iterations
Optimizing NNI: done in 0.0231209 secs using 99.97% CPU
Optimizing NNI: done in 0.023083 secs using 99.97% CPU
Optimizing NNI: done in 0.0228882 secs using 99.96% CPU
Optimizing NNI: done in 0.023417 secs using 99.97% CPU
Optimizing NNI: done in 0.0231581 secs using 99.96% CPU
Optimizing NNI: done in 0.0235231 secs using 99.97% CPU
Optimizing NNI: done in 0.023067 secs using 99.98% CPU
Optimizing NNI: done in 0.022624 secs using 99.96% CPU
Optimizing NNI: done in 0.023242 secs using 99.97% CPU
Optimizing NNI: done in 0.023082 secs using 99.96% CPU
Iteration 110 / LogL: -292.279 / Time: 0h:0m:3s (0h:0m:3s left)
Optimizing NNI: done in 0.0233581 secs using 99.98% CPU
Optimizing NNI: done in 0.023097 secs using 99.97% CPU
Optimizing NNI: done in 0.0230541 secs using 99.96% CPU
Optimizing NNI: done in 0.0228741 secs using 99.98% CPU
Optimizing NNI: done in 0.0226252 secs using 99.96% CPU
Optimizing NNI: done in 0.02105 secs using 99.98% CPU
Optimizing NNI: done in 0.0235529 secs using 99.98% CPU
Optimizing NNI: done in 0.0230999 secs using 99.95% CPU
Optimizing NNI: done in 0.0232041 secs using 99.96% CPU
Optimizing NNI: done in 0.0228469 secs using 99.97% CPU
Iteration 120 / LogL: -292.279 / Time: 0h:0m:4s (0h:0m:2s left)
Optimizing NNI: done in 0.0233099 secs using 99.97% CPU
Optimizing NNI: done in 0.023226 secs using 99.97% CPU
Optimizing NNI: done in 0.022963 secs using 99.97% CPU
Optimizing NNI: done in 0.0230591 secs using 99.96% CPU
Optimizing NNI: done in 0.0229549 secs using 99.98% CPU
Optimizing NNI: done in 0.023412 secs using 99.97% CPU
Optimizing NNI: done in 0.0234311 secs using 99.97% CPU
Optimizing NNI: done in 0.0220199 secs using 99.97% CPU
Optimizing NNI: done in 0.023309 secs using 99.98% CPU
Optimizing NNI: done in 0.0230589 secs using 99.98% CPU
Iteration 130 / LogL: -292.279 / Time: 0h:0m:4s (0h:0m:2s left)
Optimizing NNI: done in 0.0236511 secs using 99.97% CPU
Optimizing NNI: done in 0.0235369 secs using 99.98% CPU
Optimizing NNI: done in 0.022831 secs using 99.97% CPU
Optimizing NNI: done in 0.0232019 secs using 99.98% CPU
Optimizing NNI: done in 0.0230758 secs using 99.97% CPU
Optimizing NNI: done in 0.0231822 secs using 99.96% CPU
Optimizing NNI: done in 0.0229549 secs using 99.97% CPU
Optimizing NNI: done in 0.023047 secs using 99.97% CPU
Optimizing NNI: done in 0.023226 secs using 99.97% CPU
Optimizing NNI: done in 0.0235159 secs using 99.98% CPU
Iteration 140 / LogL: -292.279 / Time: 0h:0m:5s (0h:0m:2s left)
Optimizing NNI: done in 0.02334 secs using 99.97% CPU
Optimizing NNI: done in 0.0235541 secs using 99.96% CPU
Optimizing NNI: done in 0.0236239 secs using 99.96% CPU
Optimizing NNI: done in 0.0228691 secs using 99.97% CPU
Optimizing NNI: done in 0.0234909 secs using 99.97% CPU
Optimizing NNI: done in 0.022768 secs using 99.97% CPU
Optimizing NNI: done in 0.023308 secs using 99.96% CPU
Optimizing NNI: done in 0.023102 secs using 99.97% CPU
Optimizing NNI: done in 0.022826 secs using 99.96% CPU
Optimizing NNI: done in 0.0216939 secs using 99.97% CPU
Iteration 150 / LogL: -292.279 / Time: 0h:0m:5s (0h:0m:1s left)
Log-likelihood cutoff on original alignment: -292.279
Optimizing NNI: done in 0.022984 secs using 99.97% CPU
Optimizing NNI: done in 0.0222259 secs using 99.98% CPU
Optimizing NNI: done in 0.022861 secs using 99.98% CPU
Optimizing NNI: done in 0.022517 secs using 99.97% CPU
Optimizing NNI: done in 0.0223739 secs using 99.98% CPU
Optimizing NNI: done in 0.0229509 secs using 99.98% CPU
Optimizing NNI: done in 0.0226591 secs using 99.98% CPU
Optimizing NNI: done in 0.022938 secs using 99.97% CPU
Optimizing NNI: done in 0.022893 secs using 99.97% CPU
Optimizing NNI: done in 0.0211279 secs using 99.98% CPU
Iteration 160 / LogL: -292.279 / Time: 0h:0m:5s (0h:0m:1s left)
Optimizing NNI: done in 0.023102 secs using 99.98% CPU
Optimizing NNI: done in 0.0229418 secs using 99.97% CPU
Optimizing NNI: done in 0.023335 secs using 99.97% CPU
Optimizing NNI: done in 0.0224919 secs using 99.97% CPU
Optimizing NNI: done in 0.0231841 secs using 99.97% CPU
Optimizing NNI: done in 0.0227659 secs using 99.98% CPU
Optimizing NNI: done in 0.0230901 secs using 99.98% CPU
Optimizing NNI: done in 0.023494 secs using 99.98% CPU
Optimizing NNI: done in 0.0227458 secs using 99.97% CPU
Optimizing NNI: done in 0.023057 secs using 99.98% CPU
Iteration 170 / LogL: -292.279 / Time: 0h:0m:6s (0h:0m:1s left)
Optimizing NNI: done in 0.0230532 secs using 99.98% CPU
Optimizing NNI: done in 0.0229881 secs using 99.97% CPU
Optimizing NNI: done in 0.0232329 secs using 99.97% CPU
Optimizing NNI: done in 0.0229812 secs using 99.97% CPU
Optimizing NNI: done in 0.022902 secs using 99.97% CPU
Optimizing NNI: done in 0.0232229 secs using 99.98% CPU
Optimizing NNI: done in 0.0211771 secs using 99.99% CPU
Optimizing NNI: done in 0.023628 secs using 99.98% CPU
Optimizing NNI: done in 0.023097 secs using 99.98% CPU
Optimizing NNI: done in 0.0230069 secs using 99.97% CPU
Iteration 180 / LogL: -292.279 / Time: 0h:0m:6s (0h:0m:0s left)
Optimizing NNI: done in 0.0231969 secs using 99.97% CPU
Optimizing NNI: done in 0.0234411 secs using 99.97% CPU
Optimizing NNI: done in 0.0221491 secs using 99.97% CPU
Optimizing NNI: done in 0.0231829 secs using 99.97% CPU
Optimizing NNI: done in 0.023304 secs using 99.96% CPU
Optimizing NNI: done in 0.0227969 secs using 99.98% CPU
Optimizing NNI: done in 0.0226738 secs using 99.98% CPU
Optimizing NNI: done in 0.0240281 secs using 99.97% CPU
Optimizing NNI: done in 0.0230739 secs using 99.98% CPU
Optimizing NNI: done in 0.0227501 secs using 99.98% CPU
Iteration 190 / LogL: -292.279 / Time: 0h:0m:7s (0h:0m:0s left)
Optimizing NNI: done in 0.0234129 secs using 99.97% CPU
Optimizing NNI: done in 0.0227091 secs using 99.98% CPU
Optimizing NNI: done in 0.022898 secs using 99.97% CPU
Optimizing NNI: done in 0.0230238 secs using 99.98% CPU
Optimizing NNI: done in 0.0230811 secs using 99.97% CPU
Optimizing NNI: done in 0.0213778 secs using 99.98% CPU
Optimizing NNI: done in 0.0214691 secs using 99.98% CPU
Optimizing NNI: done in 0.0226679 secs using 99.98% CPU
Optimizing NNI: done in 0.021636 secs using 99.98% CPU
Optimizing NNI: done in 0.022619 secs using 99.97% CPU
Iteration 200 / LogL: -292.279 / Time: 0h:0m:7s (0h:0m:0s left)
Log-likelihood cutoff on original alignment: -292.279
NOTE: Bootstrap correlation coefficient of split occurrence frequencies: 0.160
NOTE: UFBoot does not converge, continue at least 100 more iterations
Optimizing NNI: done in 0.0233982 secs using 99.96% CPU
Optimizing NNI: done in 0.0231559 secs using 99.98% CPU
Optimizing NNI: done in 0.0231199 secs using 99.97% CPU
Optimizing NNI: done in 0.022454 secs using 99.98% CPU
Optimizing NNI: done in 0.0224349 secs using 99.98% CPU
Optimizing NNI: done in 0.0226951 secs using 99.98% CPU
Optimizing NNI: done in 0.0223711 secs using 99.98% CPU
Optimizing NNI: done in 0.0229571 secs using 99.97% CPU
Optimizing NNI: done in 0.022907 secs using 99.98% CPU
Optimizing NNI: done in 0.022912 secs using 99.98% CPU
Iteration 210 / LogL: -292.279 / Time: 0h:0m:8s (0h:0m:3s left)
Optimizing NNI: done in 0.0213728 secs using 99.97% CPU
Optimizing NNI: done in 0.022511 secs using 99.96% CPU
Optimizing NNI: done in 0.022747 secs using 99.98% CPU
Optimizing NNI: done in 0.022855 secs using 99.97% CPU
Optimizing NNI: done in 0.0227361 secs using 99.96% CPU
Optimizing NNI: done in 0.022748 secs using 99.97% CPU
Optimizing NNI: done in 0.0233281 secs using 99.97% CPU
Optimizing NNI: done in 0.022172 secs using 99.99% CPU
Optimizing NNI: done in 0.0221939 secs using 99.96% CPU
Optimizing NNI: done in 0.022815 secs using 99.98% CPU
Iteration 220 / LogL: -292.279 / Time: 0h:0m:8s (0h:0m:3s left)
Optimizing NNI: done in 0.023411 secs using 99.98% CPU
Optimizing NNI: done in 0.0214159 secs using 99.98% CPU
Optimizing NNI: done in 0.0217049 secs using 99.97% CPU
Optimizing NNI: done in 0.0227978 secs using 99.98% CPU
Optimizing NNI: done in 0.0226879 secs using 99.98% CPU
Optimizing NNI: done in 0.023102 secs using 99.97% CPU
Optimizing NNI: done in 0.0228028 secs using 99.98% CPU
Optimizing NNI: done in 0.023746 secs using 99.98% CPU
Optimizing NNI: done in 0.0227129 secs using 99.98% CPU
Optimizing NNI: done in 0.022897 secs using 99.97% CPU
Iteration 230 / LogL: -292.279 / Time: 0h:0m:9s (0h:0m:2s left)
Optimizing NNI: done in 0.0230639 secs using 99.97% CPU
Optimizing NNI: done in 0.021729 secs using 99.97% CPU
Optimizing NNI: done in 0.0228291 secs using 99.98% CPU
Optimizing NNI: done in 0.0229571 secs using 99.97% CPU
Optimizing NNI: done in 0.022824 secs using 99.97% CPU
Optimizing NNI: done in 0.0233488 secs using 99.97% CPU
Optimizing NNI: done in 0.0229661 secs using 99.97% CPU
Optimizing NNI: done in 0.023643 secs using 99.98% CPU
Optimizing NNI: done in 0.021261 secs using 99.97% CPU
Optimizing NNI: done in 0.0230901 secs using 99.97% CPU
Iteration 240 / LogL: -292.279 / Time: 0h:0m:9s (0h:0m:2s left)
Optimizing NNI: done in 0.0214448 secs using 99.99% CPU
Optimizing NNI: done in 0.022831 secs using 99.97% CPU
Optimizing NNI: done in 0.0212131 secs using 99.98% CPU
Optimizing NNI: done in 0.0216501 secs using 99.98% CPU
Optimizing NNI: done in 0.0217049 secs using 99.97% CPU
Optimizing NNI: done in 0.023376 secs using 99.97% CPU
Optimizing NNI: done in 0.0228879 secs using 99.97% CPU
Optimizing NNI: done in 0.0225639 secs using 99.97% CPU
Optimizing NNI: done in 0.023258 secs using 99.98% CPU
Optimizing NNI: done in 0.0225401 secs using 99.96% CPU
Iteration 250 / LogL: -292.279 / Time: 0h:0m:10s (0h:0m:2s left)
Log-likelihood cutoff on original alignment: -292.279
Optimizing NNI: done in 0.0225129 secs using 99.96% CPU
Optimizing NNI: done in 0.0228369 secs using 99.97% CPU
Optimizing NNI: done in 0.0225401 secs using 99.97% CPU
Optimizing NNI: done in 0.0232539 secs using 99.97% CPU
Optimizing NNI: done in 0.021472 secs using 99.95% CPU
Optimizing NNI: done in 0.02176 secs using 99.97% CPU
Optimizing NNI: done in 0.0230579 secs using 99.97% CPU
Optimizing NNI: done in 0.0229719 secs using 99.97% CPU
Optimizing NNI: done in 0.021482 secs using 99.97% CPU
Optimizing NNI: done in 0.0226851 secs using 99.96% CPU
Iteration 260 / LogL: -292.279 / Time: 0h:0m:10s (0h:0m:1s left)
Optimizing NNI: done in 0.0229211 secs using 99.95% CPU
Optimizing NNI: done in 0.0233428 secs using 99.97% CPU
Optimizing NNI: done in 0.0226312 secs using 99.97% CPU
Optimizing NNI: done in 0.0231798 secs using 99.97% CPU
Optimizing NNI: done in 0.0229821 secs using 99.97% CPU
Optimizing NNI: done in 0.0229578 secs using 99.97% CPU
Optimizing NNI: done in 0.0230761 secs using 99.97% CPU
Optimizing NNI: done in 0.022665 secs using 99.96% CPU
Optimizing NNI: done in 0.0228391 secs using 99.97% CPU
Optimizing NNI: done in 0.02319 secs using 99.97% CPU
Iteration 270 / LogL: -292.279 / Time: 0h:0m:11s (0h:0m:1s left)
Optimizing NNI: done in 0.0229552 secs using 99.95% CPU
Optimizing NNI: done in 0.021574 secs using 99.96% CPU
Optimizing NNI: done in 0.022934 secs using 99.97% CPU
Optimizing NNI: done in 0.0227759 secs using 99.96% CPU
Optimizing NNI: done in 0.0230858 secs using 99.97% CPU
Optimizing NNI: done in 0.021245 secs using 99.95% CPU
Optimizing NNI: done in 0.0235741 secs using 99.95% CPU
Optimizing NNI: done in 0.0225799 secs using 99.96% CPU
Optimizing NNI: done in 0.0228961 secs using 99.97% CPU
Optimizing NNI: done in 0.023303 secs using 99.97% CPU
Iteration 280 / LogL: -292.279 / Time: 0h:0m:11s (0h:0m:0s left)
Optimizing NNI: done in 0.022702 secs using 99.97% CPU
Optimizing NNI: done in 0.0227001 secs using 99.96% CPU
Optimizing NNI: done in 0.0214159 secs using 99.97% CPU
Optimizing NNI: done in 0.023736 secs using 99.97% CPU
Optimizing NNI: done in 0.02314 secs using 99.97% CPU
Optimizing NNI: done in 0.0225642 secs using 99.96% CPU
Optimizing NNI: done in 0.0232489 secs using 99.97% CPU
Optimizing NNI: done in 0.0228729 secs using 99.97% CPU
Optimizing NNI: done in 0.0230389 secs using 99.98% CPU
Optimizing NNI: done in 0.023046 secs using 99.96% CPU
Iteration 290 / LogL: -292.279 / Time: 0h:0m:12s (0h:0m:0s left)
Optimizing NNI: done in 0.0226738 secs using 99.97% CPU
Optimizing NNI: done in 0.023001 secs using 99.97% CPU
Optimizing NNI: done in 0.0213158 secs using 99.97% CPU
Optimizing NNI: done in 0.023164 secs using 99.96% CPU
Optimizing NNI: done in 0.0225561 secs using 99.96% CPU
Optimizing NNI: done in 0.0210881 secs using 99.98% CPU
Optimizing NNI: done in 0.0231869 secs using 99.97% CPU
Optimizing NNI: done in 0.0234199 secs using 99.97% CPU
Optimizing NNI: done in 0.022779 secs using 99.96% CPU
Optimizing NNI: done in 0.023102 secs using 99.96% CPU
Iteration 300 / LogL: -292.279 / Time: 0h:0m:12s (0h:0m:0s left)
Log-likelihood cutoff on original alignment: -292.279
NOTE: Bootstrap correlation coefficient of split occurrence frequencies: -0.015
NOTE: UFBoot does not converge, continue at least 100 more iterations
Optimizing NNI: done in 0.0242829 secs using 99.96% CPU
Optimizing NNI: done in 0.0228548 secs using 99.97% CPU
Optimizing NNI: done in 0.0224118 secs using 99.97% CPU
Optimizing NNI: done in 0.0242629 secs using 99.97% CPU
Optimizing NNI: done in 0.024168 secs using 99.96% CPU
Optimizing NNI: done in 0.024297 secs using 99.98% CPU
Optimizing NNI: done in 0.0237958 secs using 99.96% CPU
Optimizing NNI: done in 0.024013 secs using 99.97% CPU
Optimizing NNI: done in 0.0229459 secs using 99.97% CPU
Optimizing NNI: done in 0.0222051 secs using 99.97% CPU
Iteration 310 / LogL: -292.279 / Time: 0h:0m:13s (0h:0m:3s left)
Optimizing NNI: done in 0.023633 secs using 99.97% CPU
Optimizing NNI: done in 0.0239632 secs using 99.96% CPU
Optimizing NNI: done in 0.021493 secs using 99.97% CPU
Optimizing NNI: done in 0.023313 secs using 99.97% CPU
Optimizing NNI: done in 0.021698 secs using 99.94% CPU
Optimizing NNI: done in 0.024111 secs using 99.97% CPU
Optimizing NNI: done in 0.0235281 secs using 99.97% CPU
Optimizing NNI: done in 0.023299 secs using 99.97% CPU
Optimizing NNI: done in 0.0229871 secs using 99.95% CPU
Optimizing NNI: done in 0.0227859 secs using 99.97% CPU
Iteration 320 / LogL: -292.279 / Time: 0h:0m:14s (0h:0m:3s left)
Optimizing NNI: done in 0.0212622 secs using 99.98% CPU
Optimizing NNI: done in 0.0235651 secs using 99.97% CPU
Optimizing NNI: done in 0.023062 secs using 99.96% CPU
Optimizing NNI: done in 0.0233741 secs using 99.97% CPU
Optimizing NNI: done in 0.0226719 secs using 99.96% CPU
Optimizing NNI: done in 0.0233638 secs using 99.98% CPU
Optimizing NNI: done in 0.0226641 secs using 99.97% CPU
Optimizing NNI: done in 0.0232801 secs using 99.96% CPU
Optimizing NNI: done in 0.022819 secs using 99.97% CPU
Optimizing NNI: done in 0.0212591 secs using 99.96% CPU
Iteration 330 / LogL: -292.279 / Time: 0h:0m:14s (0h:0m:3s left)
Optimizing NNI: done in 0.022769 secs using 99.97% CPU
Optimizing NNI: done in 0.0230341 secs using 99.96% CPU
Optimizing NNI: done in 0.0225389 secs using 99.95% CPU
Optimizing NNI: done in 0.023422 secs using 99.95% CPU
Optimizing NNI: done in 0.022649 secs using 99.97% CPU
Optimizing NNI: done in 0.0229409 secs using 99.97% CPU
Optimizing NNI: done in 0.0234201 secs using 99.97% CPU
Optimizing NNI: done in 0.023159 secs using 99.97% CPU
Optimizing NNI: done in 0.0229199 secs using 99.96% CPU
Optimizing NNI: done in 0.0225289 secs using 99.97% CPU
Iteration 340 / LogL: -292.279 / Time: 0h:0m:15s (0h:0m:2s left)
Optimizing NNI: done in 0.022733 secs using 99.96% CPU
Optimizing NNI: done in 0.022548 secs using 99.99% CPU
Optimizing NNI: done in 0.0230951 secs using 99.96% CPU
Optimizing NNI: done in 0.0229509 secs using 99.97% CPU
Optimizing NNI: done in 0.022646 secs using 99.97% CPU
Optimizing NNI: done in 0.023114 secs using 99.95% CPU
Optimizing NNI: done in 0.0227661 secs using 99.96% CPU
Optimizing NNI: done in 0.0229039 secs using 99.97% CPU
Optimizing NNI: done in 0.0213499 secs using 99.97% CPU
Optimizing NNI: done in 0.021575 secs using 99.97% CPU
Iteration 350 / LogL: -292.279 / Time: 0h:0m:15s (0h:0m:2s left)
Log-likelihood cutoff on original alignment: -292.279
Optimizing NNI: done in 0.023684 secs using 99.97% CPU
Optimizing NNI: done in 0.0233021 secs using 99.97% CPU
Optimizing NNI: done in 0.023802 secs using 99.97% CPU
Optimizing NNI: done in 0.0234761 secs using 99.97% CPU
Optimizing NNI: done in 0.024009 secs using 99.97% CPU
Optimizing NNI: done in 0.023665 secs using 99.98% CPU
Optimizing NNI: done in 0.0242538 secs using 99.97% CPU
Optimizing NNI: done in 0.0235171 secs using 99.97% CPU
Optimizing NNI: done in 0.0240231 secs using 99.97% CPU
Optimizing NNI: done in 0.0239401 secs using 99.98% CPU
Iteration 360 / LogL: -292.279 / Time: 0h:0m:16s (0h:0m:1s left)
Optimizing NNI: done in 0.022753 secs using 99.96% CPU
Optimizing NNI: done in 0.023772 secs using 99.97% CPU
Optimizing NNI: done in 0.023632 secs using 99.97% CPU
Optimizing NNI: done in 0.024514 secs using 99.98% CPU
Optimizing NNI: done in 0.0236621 secs using 99.96% CPU
Optimizing NNI: done in 0.0228159 secs using 99.98% CPU
Optimizing NNI: done in 0.023999 secs using 99.96% CPU
Optimizing NNI: done in 0.0242119 secs using 99.98% CPU
Optimizing NNI: done in 0.023109 secs using 99.97% CPU
Optimizing NNI: done in 0.0243061 secs using 99.97% CPU
Iteration 370 / LogL: -292.279 / Time: 0h:0m:17s (0h:0m:1s left)
Optimizing NNI: done in 0.024539 secs using 99.96% CPU
Optimizing NNI: done in 0.0242 secs using 99.98% CPU
Optimizing NNI: done in 0.023911 secs using 99.96% CPU
Optimizing NNI: done in 0.024395 secs using 99.97% CPU
Optimizing NNI: done in 0.0243549 secs using 99.97% CPU
Optimizing NNI: done in 0.024127 secs using 99.96% CPU
Optimizing NNI: done in 0.0240259 secs using 99.97% CPU
Optimizing NNI: done in 0.023931 secs using 99.97% CPU
Optimizing NNI: done in 0.0241008 secs using 99.98% CPU
Optimizing NNI: done in 0.0232501 secs using 99.97% CPU
Iteration 380 / LogL: -292.279 / Time: 0h:0m:18s (0h:0m:0s left)
Optimizing NNI: done in 0.0243361 secs using 99.97% CPU
Optimizing NNI: done in 0.024029 secs using 99.97% CPU
Optimizing NNI: done in 0.024061 secs using 99.97% CPU
Optimizing NNI: done in 0.024159 secs using 99.96% CPU
Optimizing NNI: done in 0.024169 secs using 99.96% CPU
Optimizing NNI: done in 0.0235078 secs using 99.98% CPU
Optimizing NNI: done in 0.022917 secs using 99.97% CPU
Optimizing NNI: done in 0.0236442 secs using 99.96% CPU
Optimizing NNI: done in 0.0223589 secs using 99.96% CPU
Optimizing NNI: done in 0.023839 secs using 99.98% CPU
Iteration 390 / LogL: -292.279 / Time: 0h:0m:18s (0h:0m:0s left)
Optimizing NNI: done in 0.0240641 secs using 99.97% CPU
Optimizing NNI: done in 0.022965 secs using 99.97% CPU
Optimizing NNI: done in 0.023699 secs using 99.97% CPU
Optimizing NNI: done in 0.024302 secs using 99.98% CPU
Optimizing NNI: done in 0.0244648 secs using 99.98% CPU
Optimizing NNI: done in 0.0239351 secs using 99.97% CPU
Optimizing NNI: done in 0.0237348 secs using 99.98% CPU
Optimizing NNI: done in 0.0238581 secs using 99.97% CPU
Optimizing NNI: done in 0.023912 secs using 99.98% CPU
Optimizing NNI: done in 0.0236151 secs using 99.97% CPU
Iteration 400 / LogL: -292.279 / Time: 0h:0m:19s (0h:0m:0s left)
Log-likelihood cutoff on original alignment: -292.279
NOTE: Bootstrap correlation coefficient of split occurrence frequencies: 0.228
NOTE: UFBoot does not converge, continue at least 100 more iterations
Optimizing NNI: done in 0.0236061 secs using 99.97% CPU
Optimizing NNI: done in 0.0236478 secs using 99.97% CPU
Optimizing NNI: done in 0.0237889 secs using 99.97% CPU
Optimizing NNI: done in 0.023865 secs using 99.97% CPU
Optimizing NNI: done in 0.024549 secs using 99.98% CPU
Optimizing NNI: done in 0.022872 secs using 99.98% CPU
Optimizing NNI: done in 0.02406 secs using 99.97% CPU
Optimizing NNI: done in 0.0239921 secs using 99.97% CPU
Optimizing NNI: done in 0.0238302 secs using 99.97% CPU
Optimizing NNI: done in 0.023587 secs using 99.97% CPU
Iteration 410 / LogL: -292.279 / Time: 0h:0m:20s (0h:0m:4s left)
Optimizing NNI: done in 0.0246339 secs using 99.98% CPU
Optimizing NNI: done in 0.0238569 secs using 99.98% CPU
Optimizing NNI: done in 0.023586 secs using 99.97% CPU
Optimizing NNI: done in 0.0239069 secs using 99.96% CPU
Optimizing NNI: done in 0.0251439 secs using 99.97% CPU
Optimizing NNI: done in 0.0237911 secs using 99.98% CPU
Optimizing NNI: done in 0.0240071 secs using 99.97% CPU
Optimizing NNI: done in 0.0242231 secs using 99.97% CPU
Optimizing NNI: done in 0.0241091 secs using 99.97% CPU
Optimizing NNI: done in 0.025229 secs using 99.97% CPU
Iteration 420 / LogL: -292.279 / Time: 0h:0m:21s (0h:0m:4s left)
Optimizing NNI: done in 0.023948 secs using 99.96% CPU
Optimizing NNI: done in 0.0241771 secs using 99.97% CPU
Optimizing NNI: done in 0.023946 secs using 99.97% CPU
Optimizing NNI: done in 0.0245149 secs using 99.98% CPU
Optimizing NNI: done in 0.0243919 secs using 99.97% CPU
Optimizing NNI: done in 0.024107 secs using 99.98% CPU
Optimizing NNI: done in 0.0235651 secs using 99.97% CPU
Optimizing NNI: done in 0.0239592 secs using 99.96% CPU
Optimizing NNI: done in 0.0236349 secs using 99.99% CPU
Optimizing NNI: done in 0.0241058 secs using 99.97% CPU
Iteration 430 / LogL: -292.279 / Time: 0h:0m:21s (0h:0m:3s left)
Optimizing NNI: done in 0.0243421 secs using 99.98% CPU
Optimizing NNI: done in 0.0245211 secs using 99.96% CPU
Optimizing NNI: done in 0.0245101 secs using 99.96% CPU
Optimizing NNI: done in 0.023818 secs using 99.97% CPU
Optimizing NNI: done in 0.023782 secs using 99.97% CPU
Optimizing NNI: done in 0.024018 secs using 99.98% CPU
Optimizing NNI: done in 0.024096 secs using 99.97% CPU
Optimizing NNI: done in 0.0246301 secs using 99.98% CPU
Optimizing NNI: done in 0.023984 secs using 99.97% CPU
Optimizing NNI: done in 0.0240829 secs using 99.96% CPU
Iteration 440 / LogL: -292.279 / Time: 0h:0m:22s (0h:0m:3s left)
Optimizing NNI: done in 0.0237319 secs using 99.98% CPU
Optimizing NNI: done in 0.0237038 secs using 99.96% CPU
Optimizing NNI: done in 0.022011 secs using 99.97% CPU
Optimizing NNI: done in 0.024581 secs using 99.96% CPU
Optimizing NNI: done in 0.024106 secs using 99.97% CPU
Optimizing NNI: done in 0.024379 secs using 99.98% CPU
Optimizing NNI: done in 0.0237441 secs using 99.97% CPU
Optimizing NNI: done in 0.0247259 secs using 99.96% CPU
Optimizing NNI: done in 0.0239639 secs using 99.97% CPU
Optimizing NNI: done in 0.023968 secs using 99.98% CPU
Iteration 450 / LogL: -292.279 / Time: 0h:0m:23s (0h:0m:2s left)
Log-likelihood cutoff on original alignment: -292.279
Optimizing NNI: done in 0.024291 secs using 99.97% CPU
Optimizing NNI: done in 0.024276 secs using 99.96% CPU
Optimizing NNI: done in 0.023926 secs using 99.97% CPU
Optimizing NNI: done in 0.0251091 secs using 99.97% CPU
Optimizing NNI: done in 0.024579 secs using 99.96% CPU
Optimizing NNI: done in 0.0246348 secs using 99.97% CPU
Optimizing NNI: done in 0.0244329 secs using 99.98% CPU
Optimizing NNI: done in 0.0251038 secs using 99.96% CPU
Optimizing NNI: done in 0.0234189 secs using 99.97% CPU
Optimizing NNI: done in 0.0243809 secs using 99.97% CPU
Iteration 460 / LogL: -292.279 / Time: 0h:0m:24s (0h:0m:2s left)
Optimizing NNI: done in 0.0231831 secs using 99.97% CPU
Optimizing NNI: done in 0.0244451 secs using 99.97% CPU
Optimizing NNI: done in 0.024672 secs using 99.98% CPU
Optimizing NNI: done in 0.0248251 secs using 99.97% CPU
Optimizing NNI: done in 0.024843 secs using 99.96% CPU
Optimizing NNI: done in 0.0243919 secs using 99.96% CPU
Optimizing NNI: done in 0.0245581 secs using 99.97% CPU
Optimizing NNI: done in 0.024627 secs using 99.97% CPU
Optimizing NNI: done in 0.0246019 secs using 99.98% CPU
Optimizing NNI: done in 0.0247951 secs using 99.97% CPU
Iteration 470 / LogL: -292.279 / Time: 0h:0m:25s (0h:0m:1s left)
Optimizing NNI: done in 0.0245659 secs using 99.98% CPU
Optimizing NNI: done in 0.0230579 secs using 99.98% CPU
Optimizing NNI: done in 0.0237222 secs using 99.97% CPU
Optimizing NNI: done in 0.0240519 secs using 99.97% CPU
Optimizing NNI: done in 0.02422 secs using 99.97% CPU
Optimizing NNI: done in 0.0228469 secs using 99.97% CPU
Optimizing NNI: done in 0.024833 secs using 99.98% CPU
Optimizing NNI: done in 0.0238931 secs using 99.97% CPU
Optimizing NNI: done in 0.024384 secs using 99.97% CPU
Optimizing NNI: done in 0.0248151 secs using 99.96% CPU
Iteration 480 / LogL: -292.279 / Time: 0h:0m:26s (0h:0m:1s left)
Optimizing NNI: done in 0.0244341 secs using 99.98% CPU
Optimizing NNI: done in 0.024441 secs using 99.96% CPU
Optimizing NNI: done in 0.024991 secs using 99.96% CPU
Optimizing NNI: done in 0.0242541 secs using 99.97% CPU
Optimizing NNI: done in 0.0248251 secs using 99.98% CPU
Optimizing NNI: done in 0.024251 secs using 99.98% CPU
Optimizing NNI: done in 0.024605 secs using 99.96% CPU
Optimizing NNI: done in 0.024631 secs using 99.98% CPU
Optimizing NNI: done in 0.0243979 secs using 99.97% CPU
Optimizing NNI: done in 0.025192 secs using 99.96% CPU
Iteration 490 / LogL: -292.279 / Time: 0h:0m:26s (0h:0m:0s left)
Optimizing NNI: done in 0.0240839 secs using 99.95% CPU
Optimizing NNI: done in 0.02335 secs using 99.97% CPU
Optimizing NNI: done in 0.0245419 secs using 99.98% CPU
Optimizing NNI: done in 0.0241189 secs using 99.97% CPU
Optimizing NNI: done in 0.0243881 secs using 99.97% CPU
Optimizing NNI: done in 0.0231249 secs using 99.98% CPU
Optimizing NNI: done in 0.0242081 secs using 99.97% CPU
Optimizing NNI: done in 0.0244911 secs using 99.97% CPU
Optimizing NNI: done in 0.024462 secs using 99.98% CPU
Optimizing NNI: done in 0.023304 secs using 99.98% CPU
Iteration 500 / LogL: -292.279 / Time: 0h:0m:27s (0h:0m:0s left)
Log-likelihood cutoff on original alignment: -292.279
NOTE: Bootstrap correlation coefficient of split occurrence frequencies: 0.108
NOTE: UFBoot does not converge, continue at least 100 more iterations
Optimizing NNI: done in 0.0233169 secs using 99.97% CPU
Optimizing NNI: done in 0.0240479 secs using 99.97% CPU
Optimizing NNI: done in 0.0239639 secs using 99.98% CPU
Optimizing NNI: done in 0.024148 secs using 99.97% CPU
Optimizing NNI: done in 0.0240459 secs using 99.98% CPU
Optimizing NNI: done in 0.024065 secs using 99.96% CPU
Optimizing NNI: done in 0.0235329 secs using 99.96% CPU
Optimizing NNI: done in 0.024745 secs using 99.97% CPU
Optimizing NNI: done in 0.023068 secs using 99.97% CPU
Optimizing NNI: done in 0.0245721 secs using 99.97% CPU
Iteration 510 / LogL: -292.279 / Time: 0h:0m:28s (0h:0m:5s left)
Optimizing NNI: done in 0.0245812 secs using 99.97% CPU
Optimizing NNI: done in 0.0237191 secs using 99.97% CPU
Optimizing NNI: done in 0.024991 secs using 99.98% CPU
Optimizing NNI: done in 0.024807 secs using 99.97% CPU
Optimizing NNI: done in 0.024225 secs using 99.97% CPU
Optimizing NNI: done in 0.0246329 secs using 99.98% CPU
Optimizing NNI: done in 0.0240738 secs using 99.98% CPU
Optimizing NNI: done in 0.0246122 secs using 99.96% CPU
Optimizing NNI: done in 0.024205 secs using 99.97% CPU
Optimizing NNI: done in 0.024421 secs using 99.96% CPU
Iteration 520 / LogL: -292.279 / Time: 0h:0m:29s (0h:0m:4s left)
Optimizing NNI: done in 0.0243108 secs using 99.97% CPU
Optimizing NNI: done in 0.0243821 secs using 99.98% CPU
Optimizing NNI: done in 0.0238779 secs using 99.98% CPU
Optimizing NNI: done in 0.0239868 secs using 99.98% CPU
Optimizing NNI: done in 0.0235491 secs using 99.98% CPU
Optimizing NNI: done in 0.0237699 secs using 99.96% CPU
Optimizing NNI: done in 0.0240049 secs using 99.96% CPU
Optimizing NNI: done in 0.025198 secs using 99.98% CPU
Optimizing NNI: done in 0.023999 secs using 99.98% CPU
Optimizing NNI: done in 0.024251 secs using 99.98% CPU
Iteration 530 / LogL: -292.279 / Time: 0h:0m:30s (0h:0m:4s left)
Optimizing NNI: done in 0.0249548 secs using 99.97% CPU
Optimizing NNI: done in 0.0240409 secs using 99.98% CPU
Optimizing NNI: done in 0.024395 secs using 99.97% CPU
Optimizing NNI: done in 0.024117 secs using 99.98% CPU
Optimizing NNI: done in 0.023674 secs using 99.99% CPU
Optimizing NNI: done in 0.023438 secs using 99.97% CPU
Optimizing NNI: done in 0.023535 secs using 99.97% CPU
Optimizing NNI: done in 0.024411 secs using 99.97% CPU
Optimizing NNI: done in 0.0241952 secs using 99.97% CPU
Optimizing NNI: done in 0.024096 secs using 99.98% CPU
Iteration 540 / LogL: -292.279 / Time: 0h:0m:31s (0h:0m:3s left)
Optimizing NNI: done in 0.023792 secs using 99.97% CPU
Optimizing NNI: done in 0.0240149 secs using 99.98% CPU
Optimizing NNI: done in 0.0236359 secs using 99.98% CPU
Optimizing NNI: done in 0.024709 secs using 99.96% CPU
Optimizing NNI: done in 0.0234811 secs using 99.96% CPU
Optimizing NNI: done in 0.0233431 secs using 99.97% CPU
Optimizing NNI: done in 0.0241809 secs using 99.97% CPU
Optimizing NNI: done in 0.0243001 secs using 99.96% CPU
Optimizing NNI: done in 0.024626 secs using 99.97% CPU
Optimizing NNI: done in 0.0245178 secs using 99.97% CPU
Iteration 550 / LogL: -292.279 / Time: 0h:0m:32s (0h:0m:2s left)
Log-likelihood cutoff on original alignment: -292.279
Optimizing NNI: done in 0.0249691 secs using 99.96% CPU
Optimizing NNI: done in 0.0251751 secs using 99.97% CPU
Optimizing NNI: done in 0.0242689 secs using 99.97% CPU
Optimizing NNI: done in 0.0244019 secs using 99.96% CPU
Optimizing NNI: done in 0.0249999 secs using 99.94% CPU
Optimizing NNI: done in 0.025315 secs using 99.97% CPU
Optimizing NNI: done in 0.0247381 secs using 99.96% CPU
Optimizing NNI: done in 0.0252512 secs using 99.97% CPU
Optimizing NNI: done in 0.0250919 secs using 99.97% CPU
Optimizing NNI: done in 0.0252969 secs using 99.97% CPU
Iteration 560 / LogL: -292.279 / Time: 0h:0m:33s (0h:0m:2s left)
Optimizing NNI: done in 0.02456 secs using 99.97% CPU
Optimizing NNI: done in 0.0250921 secs using 99.96% CPU
Optimizing NNI: done in 0.024735 secs using 99.96% CPU
Optimizing NNI: done in 0.0246739 secs using 99.98% CPU
Optimizing NNI: done in 0.0258701 secs using 99.98% CPU
Optimizing NNI: done in 0.024827 secs using 99.98% CPU
Optimizing NNI: done in 0.0257211 secs using 99.97% CPU
Optimizing NNI: done in 0.0253119 secs using 99.97% CPU
Optimizing NNI: done in 0.0239501 secs using 99.97% CPU
Optimizing NNI: done in 0.0254302 secs using 99.96% CPU
Iteration 570 / LogL: -292.279 / Time: 0h:0m:34s (0h:0m:1s left)
Optimizing NNI: done in 0.0255151 secs using 99.97% CPU
Optimizing NNI: done in 0.0249932 secs using 99.96% CPU
Optimizing NNI: done in 0.0259011 secs using 99.97% CPU
Optimizing NNI: done in 0.0254769 secs using 99.97% CPU
Optimizing NNI: done in 0.024796 secs using 99.97% CPU
Optimizing NNI: done in 0.0251551 secs using 99.98% CPU
Optimizing NNI: done in 0.0253751 secs using 99.97% CPU
Optimizing NNI: done in 0.0256529 secs using 99.97% CPU
Optimizing NNI: done in 0.025502 secs using 99.97% CPU
Optimizing NNI: done in 0.0247431 secs using 99.97% CPU
Iteration 580 / LogL: -292.279 / Time: 0h:0m:35s (0h:0m:1s left)
Optimizing NNI: done in 0.0246959 secs using 99.96% CPU
Optimizing NNI: done in 0.0249431 secs using 99.96% CPU
Optimizing NNI: done in 0.0245929 secs using 99.97% CPU
Optimizing NNI: done in 0.0244679 secs using 99.97% CPU
Optimizing NNI: done in 0.0248079 secs using 99.96% CPU
Optimizing NNI: done in 0.0249829 secs using 99.97% CPU
Optimizing NNI: done in 0.024555 secs using 99.98% CPU
Optimizing NNI: done in 0.0246019 secs using 99.97% CPU
Optimizing NNI: done in 0.0249979 secs using 99.98% CPU
Optimizing NNI: done in 0.0250239 secs using 99.97% CPU
Iteration 590 / LogL: -292.279 / Time: 0h:0m:36s (0h:0m:0s left)
Optimizing NNI: done in 0.025537 secs using 99.96% CPU
Optimizing NNI: done in 0.025655 secs using 99.98% CPU
Optimizing NNI: done in 0.0253999 secs using 99.98% CPU
Optimizing NNI: done in 0.024719 secs using 99.98% CPU
Optimizing NNI: done in 0.0251021 secs using 99.96% CPU
Optimizing NNI: done in 0.0247669 secs using 99.96% CPU
Optimizing NNI: done in 0.025281 secs using 99.96% CPU
Optimizing NNI: done in 0.0252512 secs using 99.96% CPU
Optimizing NNI: done in 0.025176 secs using 99.98% CPU
Optimizing NNI: done in 0.0253091 secs using 99.98% CPU
Iteration 600 / LogL: -292.279 / Time: 0h:0m:37s (0h:0m:0s left)
Log-likelihood cutoff on original alignment: -292.279
NOTE: Bootstrap correlation coefficient of split occurrence frequencies: 0.387
NOTE: UFBoot does not converge, continue at least 100 more iterations
Optimizing NNI: done in 0.0251198 secs using 99.97% CPU
Optimizing NNI: done in 0.0251548 secs using 99.98% CPU
Optimizing NNI: done in 0.0257549 secs using 99.97% CPU
Optimizing NNI: done in 0.0243101 secs using 99.97% CPU
Optimizing NNI: done in 0.025183 secs using 99.96% CPU
Optimizing NNI: done in 0.0250921 secs using 99.97% CPU
Optimizing NNI: done in 0.025471 secs using 99.96% CPU
Optimizing NNI: done in 0.025476 secs using 99.97% CPU
Optimizing NNI: done in 0.0254791 secs using 99.97% CPU
Optimizing NNI: done in 0.0238891 secs using 99.97% CPU
Iteration 610 / LogL: -292.279 / Time: 0h:0m:39s (0h:0m:5s left)
Optimizing NNI: done in 0.0251601 secs using 99.97% CPU
Optimizing NNI: done in 0.0254018 secs using 99.96% CPU
Optimizing NNI: done in 0.0251889 secs using 99.98% CPU
Optimizing NNI: done in 0.025543 secs using 99.96% CPU
Optimizing NNI: done in 0.0252621 secs using 99.98% CPU
Optimizing NNI: done in 0.0256741 secs using 99.96% CPU
Optimizing NNI: done in 0.0254681 secs using 99.97% CPU
Optimizing NNI: done in 0.025023 secs using 99.98% CPU
Optimizing NNI: done in 0.0256741 secs using 99.96% CPU
Optimizing NNI: done in 0.0249782 secs using 99.97% CPU
Iteration 620 / LogL: -292.279 / Time: 0h:0m:40s (0h:0m:5s left)
Optimizing NNI: done in 0.0251858 secs using 99.96% CPU
Optimizing NNI: done in 0.0246689 secs using 99.97% CPU
Optimizing NNI: done in 0.0255599 secs using 99.97% CPU
Optimizing NNI: done in 0.024302 secs using 99.98% CPU
Optimizing NNI: done in 0.025496 secs using 99.96% CPU
Optimizing NNI: done in 0.025656 secs using 99.96% CPU
Optimizing NNI: done in 0.025068 secs using 99.98% CPU
Optimizing NNI: done in 0.0252659 secs using 99.96% CPU
Optimizing NNI: done in 0.025543 secs using 99.96% CPU
Optimizing NNI: done in 0.0256081 secs using 99.97% CPU
Iteration 630 / LogL: -292.279 / Time: 0h:0m:41s (0h:0m:4s left)
Optimizing NNI: done in 0.025059 secs using 99.97% CPU
Optimizing NNI: done in 0.0248342 secs using 99.97% CPU
Optimizing NNI: done in 0.0255229 secs using 99.97% CPU
Optimizing NNI: done in 0.0253329 secs using 99.96% CPU
Optimizing NNI: done in 0.0255101 secs using 99.97% CPU
Optimizing NNI: done in 0.025387 secs using 99.98% CPU
Optimizing NNI: done in 0.025275 secs using 99.97% CPU
Optimizing NNI: done in 0.025012 secs using 99.97% CPU
Optimizing NNI: done in 0.0234971 secs using 99.96% CPU
Optimizing NNI: done in 0.02528 secs using 99.97% CPU
Iteration 640 / LogL: -292.279 / Time: 0h:0m:42s (0h:0m:3s left)
Optimizing NNI: done in 0.0251188 secs using 99.96% CPU
Optimizing NNI: done in 0.025501 secs using 99.97% CPU
Optimizing NNI: done in 0.024823 secs using 99.95% CPU
Optimizing NNI: done in 0.0246322 secs using 99.97% CPU
Optimizing NNI: done in 0.0248291 secs using 99.98% CPU
Optimizing NNI: done in 0.0235512 secs using 99.97% CPU
Optimizing NNI: done in 0.0249178 secs using 99.97% CPU
Optimizing NNI: done in 0.0251319 secs using 99.97% CPU
Optimizing NNI: done in 0.025274 secs using 99.96% CPU
Optimizing NNI: done in 0.0249078 secs using 99.97% CPU
Iteration 650 / LogL: -292.279 / Time: 0h:0m:43s (0h:0m:3s left)
Log-likelihood cutoff on original alignment: -292.279
Optimizing NNI: done in 0.024009 secs using 99.98% CPU
Optimizing NNI: done in 0.0245261 secs using 99.98% CPU
Optimizing NNI: done in 0.0247631 secs using 99.96% CPU
Optimizing NNI: done in 0.023792 secs using 99.97% CPU
Optimizing NNI: done in 0.0230389 secs using 99.97% CPU
Optimizing NNI: done in 0.0241051 secs using 99.98% CPU
Optimizing NNI: done in 0.023751 secs using 99.97% CPU
Optimizing NNI: done in 0.023077 secs using 99.98% CPU
Optimizing NNI: done in 0.0237801 secs using 99.97% CPU
Optimizing NNI: done in 0.0254359 secs using 99.98% CPU
Iteration 660 / LogL: -292.279 / Time: 0h:0m:44s (0h:0m:2s left)
Optimizing NNI: done in 0.0218709 secs using 99.98% CPU
Optimizing NNI: done in 0.0230231 secs using 99.97% CPU
Optimizing NNI: done in 0.025543 secs using 99.96% CPU
Optimizing NNI: done in 0.0252318 secs using 99.96% CPU
Optimizing NNI: done in 0.024513 secs using 99.97% CPU
Optimizing NNI: done in 0.02437 secs using 99.98% CPU
Optimizing NNI: done in 0.0219922 secs using 99.98% CPU
Optimizing NNI: done in 0.0246382 secs using 99.96% CPU
Optimizing NNI: done in 0.024169 secs using 99.98% CPU
Optimizing NNI: done in 0.024806 secs using 99.97% CPU
Iteration 670 / LogL: -292.279 / Time: 0h:0m:45s (0h:0m:2s left)
Optimizing NNI: done in 0.0238969 secs using 99.96% CPU
Optimizing NNI: done in 0.0238709 secs using 99.98% CPU
Optimizing NNI: done in 0.0240569 secs using 99.98% CPU
Optimizing NNI: done in 0.023638 secs using 99.97% CPU
Optimizing NNI: done in 0.024255 secs using 99.98% CPU
Optimizing NNI: done in 0.023083 secs using 99.97% CPU
Optimizing NNI: done in 0.023381 secs using 99.97% CPU
Optimizing NNI: done in 0.0243349 secs using 99.98% CPU
Optimizing NNI: done in 0.0239229 secs using 99.98% CPU
Optimizing NNI: done in 0.023021 secs using 99.97% CPU
Iteration 680 / LogL: -292.279 / Time: 0h:0m:47s (0h:0m:1s left)
Optimizing NNI: done in 0.024508 secs using 99.96% CPU
Optimizing NNI: done in 0.023813 secs using 99.97% CPU
Optimizing NNI: done in 0.0241239 secs using 99.94% CPU
Optimizing NNI: done in 0.0226941 secs using 99.97% CPU
Optimizing NNI: done in 0.0241969 secs using 99.98% CPU
Optimizing NNI: done in 0.0244451 secs using 99.96% CPU
Optimizing NNI: done in 0.024096 secs using 99.97% CPU
Optimizing NNI: done in 0.0235538 secs using 99.96% CPU
Optimizing NNI: done in 0.024025 secs using 99.96% CPU
Optimizing NNI: done in 0.0246849 secs using 99.97% CPU
Iteration 690 / LogL: -292.279 / Time: 0h:0m:48s (0h:0m:0s left)
Optimizing NNI: done in 0.023035 secs using 99.96% CPU
Optimizing NNI: done in 0.0239508 secs using 99.98% CPU
Optimizing NNI: done in 0.02162 secs using 99.97% CPU
Optimizing NNI: done in 0.023263 secs using 99.97% CPU
Optimizing NNI: done in 0.023155 secs using 99.97% CPU
Optimizing NNI: done in 0.0232339 secs using 99.97% CPU
Optimizing NNI: done in 0.022855 secs using 99.97% CPU
Optimizing NNI: done in 0.023809 secs using 99.97% CPU
Optimizing NNI: done in 0.0235031 secs using 99.98% CPU
Optimizing NNI: done in 0.0222521 secs using 99.96% CPU
Iteration 700 / LogL: -292.279 / Time: 0h:0m:49s (0h:0m:0s left)
Log-likelihood cutoff on original alignment: -292.279
NOTE: Bootstrap correlation coefficient of split occurrence frequencies: 0.025
NOTE: UFBoot does not converge, continue at least 100 more iterations
Optimizing NNI: done in 0.0253949 secs using 99.96% CPU
Optimizing NNI: done in 0.025188 secs using 99.97% CPU
Optimizing NNI: done in 0.025157 secs using 99.96% CPU
Optimizing NNI: done in 0.0261419 secs using 99.96% CPU
Optimizing NNI: done in 0.026166 secs using 99.97% CPU
Optimizing NNI: done in 0.0256619 secs using 99.96% CPU
Optimizing NNI: done in 0.0253961 secs using 99.98% CPU
Optimizing NNI: done in 0.02388 secs using 99.97% CPU
Optimizing NNI: done in 0.0248699 secs using 99.98% CPU
Optimizing NNI: done in 0.0254641 secs using 99.97% CPU
Iteration 710 / LogL: -292.279 / Time: 0h:0m:50s (0h:0m:6s left)
Optimizing NNI: done in 0.0240731 secs using 99.97% CPU
Optimizing NNI: done in 0.024605 secs using 99.98% CPU
Optimizing NNI: done in 0.025136 secs using 99.97% CPU
Optimizing NNI: done in 0.0247731 secs using 99.97% CPU
Optimizing NNI: done in 0.0251429 secs using 99.98% CPU
Optimizing NNI: done in 0.025943 secs using 99.96% CPU
Optimizing NNI: done in 0.0250161 secs using 99.96% CPU
Optimizing NNI: done in 0.025625 secs using 99.98% CPU
Optimizing NNI: done in 0.0257809 secs using 99.96% CPU
Optimizing NNI: done in 0.024116 secs using 99.97% CPU
Iteration 720 / LogL: -292.279 / Time: 0h:0m:52s (0h:0m:5s left)
Optimizing NNI: done in 0.0259399 secs using 99.98% CPU
Optimizing NNI: done in 0.0256 secs using 99.97% CPU
Optimizing NNI: done in 0.0255449 secs using 99.97% CPU
Optimizing NNI: done in 0.025619 secs using 99.95% CPU
Optimizing NNI: done in 0.0259099 secs using 99.97% CPU
Optimizing NNI: done in 0.0253558 secs using 99.97% CPU
Optimizing NNI: done in 0.0255821 secs using 99.98% CPU
Optimizing NNI: done in 0.0256598 secs using 99.96% CPU
Optimizing NNI: done in 0.02598 secs using 99.97% CPU
Optimizing NNI: done in 0.0259321 secs using 99.96% CPU
Iteration 730 / LogL: -292.279 / Time: 0h:0m:53s (0h:0m:5s left)
Optimizing NNI: done in 0.0259349 secs using 99.98% CPU
Optimizing NNI: done in 0.0260088 secs using 99.96% CPU
Optimizing NNI: done in 0.0262809 secs using 99.98% CPU
Optimizing NNI: done in 0.0252459 secs using 99.97% CPU
Optimizing NNI: done in 0.0243211 secs using 99.97% CPU
Optimizing NNI: done in 0.025954 secs using 99.95% CPU
Optimizing NNI: done in 0.0254381 secs using 84.26% CPU
Optimizing NNI: done in 0.0250909 secs using 99.97% CPU
Optimizing NNI: done in 0.0257649 secs using 99.96% CPU
Optimizing NNI: done in 0.0258291 secs using 99.96% CPU
Iteration 740 / LogL: -292.279 / Time: 0h:0m:54s (0h:0m:4s left)
Optimizing NNI: done in 0.0259209 secs using 99.96% CPU
Optimizing NNI: done in 0.0256391 secs using 99.96% CPU
Optimizing NNI: done in 0.0254951 secs using 99.96% CPU
Optimizing NNI: done in 0.025759 secs using 99.97% CPU
Optimizing NNI: done in 0.025418 secs using 99.97% CPU
Optimizing NNI: done in 0.025409 secs using 99.98% CPU
Optimizing NNI: done in 0.0258169 secs using 99.98% CPU
Optimizing NNI: done in 0.02544 secs using 99.98% CPU
Optimizing NNI: done in 0.0255849 secs using 99.97% CPU
Optimizing NNI: done in 0.025923 secs using 99.97% CPU
Iteration 750 / LogL: -292.279 / Time: 0h:0m:56s (0h:0m:3s left)
Log-likelihood cutoff on original alignment: -292.279
Optimizing NNI: done in 0.0248501 secs using 99.96% CPU
Optimizing NNI: done in 0.0246532 secs using 99.97% CPU
Optimizing NNI: done in 0.0261872 secs using 99.96% CPU
Optimizing NNI: done in 0.0261068 secs using 99.97% CPU
Optimizing NNI: done in 0.0246809 secs using 99.98% CPU
Optimizing NNI: done in 0.026649 secs using 99.96% CPU
Optimizing NNI: done in 0.0262959 secs using 99.96% CPU
Optimizing NNI: done in 0.0258808 secs using 99.97% CPU
Optimizing NNI: done in 0.0255289 secs using 99.97% CPU
Optimizing NNI: done in 0.025485 secs using 99.98% CPU
Iteration 760 / LogL: -292.279 / Time: 0h:0m:57s (0h:0m:3s left)
Optimizing NNI: done in 0.025486 secs using 99.98% CPU
Optimizing NNI: done in 0.0249031 secs using 99.97% CPU
Optimizing NNI: done in 0.0263329 secs using 99.98% CPU
Optimizing NNI: done in 0.025914 secs using 99.98% CPU
Optimizing NNI: done in 0.0249889 secs using 99.97% CPU
Optimizing NNI: done in 0.025183 secs using 99.96% CPU
Optimizing NNI: done in 0.0261559 secs using 99.96% CPU
Optimizing NNI: done in 0.025486 secs using 99.98% CPU
Optimizing NNI: done in 0.0253921 secs using 99.97% CPU
Optimizing NNI: done in 0.0257831 secs using 99.96% CPU
Iteration 770 / LogL: -292.279 / Time: 0h:0m:59s (0h:0m:2s left)
Optimizing NNI: done in 0.0261052 secs using 99.96% CPU
Optimizing NNI: done in 0.0256271 secs using 99.97% CPU
Optimizing NNI: done in 0.02578 secs using 99.97% CPU
Optimizing NNI: done in 0.02582 secs using 99.96% CPU
Optimizing NNI: done in 0.0268612 secs using 99.97% CPU
Optimizing NNI: done in 0.0249879 secs using 99.97% CPU
Optimizing NNI: done in 0.0267811 secs using 99.95% CPU
Optimizing NNI: done in 0.026557 secs using 99.96% CPU
Optimizing NNI: done in 0.026727 secs using 99.97% CPU
Optimizing NNI: done in 0.0265009 secs using 99.97% CPU
Iteration 780 / LogL: -292.279 / Time: 0h:1m:0s (0h:0m:1s left)
Optimizing NNI: done in 0.0263591 secs using 99.96% CPU
Optimizing NNI: done in 0.0255301 secs using 99.96% CPU
Optimizing NNI: done in 0.0246961 secs using 99.96% CPU
Optimizing NNI: done in 0.025032 secs using 99.96% CPU
Optimizing NNI: done in 0.0266719 secs using 99.98% CPU
Optimizing NNI: done in 0.0261579 secs using 99.98% CPU
Optimizing NNI: done in 0.0256 secs using 99.98% CPU
Optimizing NNI: done in 0.024982 secs using 99.96% CPU
Optimizing NNI: done in 0.025255 secs using 99.96% CPU
Optimizing NNI: done in 0.0248499 secs using 99.98% CPU
Iteration 790 / LogL: -292.279 / Time: 0h:1m:1s (0h:0m:0s left)
Optimizing NNI: done in 0.0260949 secs using 99.97% CPU
Optimizing NNI: done in 0.026489 secs using 99.98% CPU
Optimizing NNI: done in 0.0247779 secs using 99.96% CPU
Optimizing NNI: done in 0.0263369 secs using 99.97% CPU
Optimizing NNI: done in 0.0257769 secs using 99.97% CPU
Optimizing NNI: done in 0.0252399 secs using 99.98% CPU
Optimizing NNI: done in 0.0260289 secs using 99.98% CPU
Optimizing NNI: done in 0.0250509 secs using 99.98% CPU
Optimizing NNI: done in 0.0247021 secs using 99.98% CPU
Optimizing NNI: done in 0.0256391 secs using 84.37% CPU
Iteration 800 / LogL: -292.279 / Time: 0h:1m:3s (0h:0m:0s left)
Log-likelihood cutoff on original alignment: -292.279
NOTE: Bootstrap correlation coefficient of split occurrence frequencies: 0.381
NOTE: UFBoot does not converge, continue at least 100 more iterations
Optimizing NNI: done in 0.025187 secs using 99.97% CPU
Optimizing NNI: done in 0.024977 secs using 99.97% CPU
Optimizing NNI: done in 0.0262542 secs using 99.98% CPU
Optimizing NNI: done in 0.026206 secs using 99.97% CPU
Optimizing NNI: done in 0.0260952 secs using 99.96% CPU
Optimizing NNI: done in 0.0263958 secs using 99.96% CPU
Optimizing NNI: done in 0.026073 secs using 99.98% CPU
Optimizing NNI: done in 0.025481 secs using 99.97% CPU
Optimizing NNI: done in 0.025629 secs using 99.96% CPU
Optimizing NNI: done in 0.0263979 secs using 99.98% CPU
Iteration 810 / LogL: -292.279 / Time: 0h:1m:4s (0h:0m:7s left)
Optimizing NNI: done in 0.026484 secs using 99.97% CPU
Optimizing NNI: done in 0.0259738 secs using 99.98% CPU
Optimizing NNI: done in 0.0255799 secs using 99.97% CPU
Optimizing NNI: done in 0.0260651 secs using 99.98% CPU
Optimizing NNI: done in 0.0263319 secs using 99.97% CPU
Optimizing NNI: done in 0.0258021 secs using 99.97% CPU
Optimizing NNI: done in 0.025538 secs using 99.96% CPU
Optimizing NNI: done in 0.0265949 secs using 99.97% CPU
Optimizing NNI: done in 0.025923 secs using 99.96% CPU
Optimizing NNI: done in 0.02649 secs using 99.96% CPU
Iteration 820 / LogL: -292.279 / Time: 0h:1m:6s (0h:0m:6s left)
Optimizing NNI: done in 0.025954 secs using 99.98% CPU
Optimizing NNI: done in 0.0263751 secs using 99.97% CPU
Optimizing NNI: done in 0.026556 secs using 99.98% CPU
Optimizing NNI: done in 0.0263979 secs using 99.97% CPU
Optimizing NNI: done in 0.026823 secs using 99.96% CPU
Optimizing NNI: done in 0.0261841 secs using 99.96% CPU
Optimizing NNI: done in 0.026072 secs using 99.97% CPU
Optimizing NNI: done in 0.0266359 secs using 99.97% CPU
Optimizing NNI: done in 0.0267239 secs using 99.96% CPU
Optimizing NNI: done in 0.0262699 secs using 99.98% CPU
Iteration 830 / LogL: -292.279 / Time: 0h:1m:7s (0h:0m:5s left)
Optimizing NNI: done in 0.025624 secs using 99.98% CPU
Optimizing NNI: done in 0.0266171 secs using 99.96% CPU
Optimizing NNI: done in 0.025836 secs using 99.97% CPU
Optimizing NNI: done in 0.0256131 secs using 99.97% CPU
Optimizing NNI: done in 0.0254729 secs using 99.98% CPU
Optimizing NNI: done in 0.025779 secs using 99.97% CPU
Optimizing NNI: done in 0.0268569 secs using 99.96% CPU
Optimizing NNI: done in 0.0268331 secs using 99.97% CPU
Optimizing NNI: done in 0.0257161 secs using 99.97% CPU
Optimizing NNI: done in 0.02672 secs using 99.96% CPU
Iteration 840 / LogL: -292.279 / Time: 0h:1m:9s (0h:0m:4s left)
Optimizing NNI: done in 0.0259581 secs using 99.97% CPU
Optimizing NNI: done in 0.026624 secs using 99.97% CPU
Optimizing NNI: done in 0.0262432 secs using 99.97% CPU
Optimizing NNI: done in 0.0271111 secs using 99.97% CPU
Optimizing NNI: done in 0.0258989 secs using 99.98% CPU
Optimizing NNI: done in 0.0269029 secs using 99.96% CPU
Optimizing NNI: done in 0.0266888 secs using 99.97% CPU
Optimizing NNI: done in 0.0268528 secs using 99.98% CPU
Optimizing NNI: done in 0.025918 secs using 99.97% CPU
Optimizing NNI: done in 0.02667 secs using 99.96% CPU
Iteration 850 / LogL: -292.279 / Time: 0h:1m:10s (0h:0m:4s left)
Log-likelihood cutoff on original alignment: -292.279
Optimizing NNI: done in 0.025274 secs using 99.97% CPU
Optimizing NNI: done in 0.026792 secs using 99.97% CPU
Optimizing NNI: done in 0.0267339 secs using 99.97% CPU
Optimizing NNI: done in 0.0262489 secs using 99.98% CPU
Optimizing NNI: done in 0.024292 secs using 99.97% CPU
Optimizing NNI: done in 0.0264611 secs using 99.96% CPU
Optimizing NNI: done in 0.02719 secs using 99.97% CPU
Optimizing NNI: done in 0.025923 secs using 99.97% CPU
Optimizing NNI: done in 0.0270221 secs using 99.98% CPU
Optimizing NNI: done in 0.027216 secs using 99.96% CPU
Iteration 860 / LogL: -292.279 / Time: 0h:1m:12s (0h:0m:3s left)
Optimizing NNI: done in 0.0259449 secs using 99.98% CPU
Optimizing NNI: done in 0.0258121 secs using 99.98% CPU
Optimizing NNI: done in 0.02701 secs using 99.96% CPU
Optimizing NNI: done in 0.0270419 secs using 99.97% CPU
Optimizing NNI: done in 0.0260808 secs using 99.96% CPU
Optimizing NNI: done in 0.0257721 secs using 99.96% CPU
Optimizing NNI: done in 0.025285 secs using 99.96% CPU
Optimizing NNI: done in 0.0261381 secs using 99.97% CPU
Optimizing NNI: done in 0.0264769 secs using 99.98% CPU
Optimizing NNI: done in 0.0264151 secs using 99.98% CPU
Iteration 870 / LogL: -292.279 / Time: 0h:1m:14s (0h:0m:2s left)
Optimizing NNI: done in 0.02549 secs using 99.97% CPU
Optimizing NNI: done in 0.0263739 secs using 99.96% CPU
Optimizing NNI: done in 0.0272319 secs using 99.96% CPU
Optimizing NNI: done in 0.0261199 secs using 99.95% CPU
Optimizing NNI: done in 0.026545 secs using 99.97% CPU
Optimizing NNI: done in 0.0260768 secs using 99.97% CPU
Optimizing NNI: done in 0.0272009 secs using 99.98% CPU
Optimizing NNI: done in 0.0258489 secs using 99.98% CPU
Optimizing NNI: done in 0.0254061 secs using 99.97% CPU
Optimizing NNI: done in 0.026113 secs using 99.96% CPU
Iteration 880 / LogL: -292.279 / Time: 0h:1m:15s (0h:0m:1s left)
Optimizing NNI: done in 0.0270021 secs using 99.97% CPU
Optimizing NNI: done in 0.0267198 secs using 99.96% CPU
Optimizing NNI: done in 0.026794 secs using 99.97% CPU
Optimizing NNI: done in 0.025003 secs using 99.96% CPU
Optimizing NNI: done in 0.0254428 secs using 99.97% CPU
Optimizing NNI: done in 0.025032 secs using 99.98% CPU
Optimizing NNI: done in 0.0271749 secs using 99.97% CPU
Optimizing NNI: done in 0.0273738 secs using 99.98% CPU
Optimizing NNI: done in 0.0255339 secs using 99.97% CPU
Optimizing NNI: done in 0.0270102 secs using 99.96% CPU
Iteration 890 / LogL: -292.279 / Time: 0h:1m:17s (0h:0m:0s left)
Optimizing NNI: done in 0.0263209 secs using 99.97% CPU
Optimizing NNI: done in 0.0259349 secs using 99.96% CPU
Optimizing NNI: done in 0.0270641 secs using 99.96% CPU
Optimizing NNI: done in 0.025826 secs using 99.97% CPU
Optimizing NNI: done in 0.0267549 secs using 99.96% CPU
Optimizing NNI: done in 0.0264859 secs using 99.97% CPU
Optimizing NNI: done in 0.026561 secs using 99.96% CPU
Optimizing NNI: done in 0.026226 secs using 99.96% CPU
Optimizing NNI: done in 0.0259221 secs using 99.98% CPU
Optimizing NNI: done in 0.0257921 secs using 99.97% CPU
Iteration 900 / LogL: -292.279 / Time: 0h:1m:19s (0h:0m:0s left)
Log-likelihood cutoff on original alignment: -292.279
NOTE: Bootstrap correlation coefficient of split occurrence frequencies: 0.406
NOTE: UFBoot does not converge, continue at least 100 more iterations
Optimizing NNI: done in 0.026957 secs using 99.97% CPU
Optimizing NNI: done in 0.0265141 secs using 99.98% CPU
Optimizing NNI: done in 0.0272341 secs using 99.96% CPU
Optimizing NNI: done in 0.02584 secs using 99.96% CPU
Optimizing NNI: done in 0.026387 secs using 99.97% CPU
Optimizing NNI: done in 0.026572 secs using 99.97% CPU
Optimizing NNI: done in 0.0259471 secs using 99.96% CPU
Optimizing NNI: done in 0.026952 secs using 99.97% CPU
Optimizing NNI: done in 0.026438 secs using 99.96% CPU
Optimizing NNI: done in 0.0271258 secs using 99.97% CPU
Iteration 910 / LogL: -292.279 / Time: 0h:1m:20s (0h:0m:8s left)
Optimizing NNI: done in 0.026082 secs using 99.97% CPU
Optimizing NNI: done in 0.027468 secs using 99.96% CPU
Optimizing NNI: done in 0.0271659 secs using 99.96% CPU
Optimizing NNI: done in 0.026361 secs using 99.96% CPU
Optimizing NNI: done in 0.0271809 secs using 99.96% CPU
Optimizing NNI: done in 0.027055 secs using 99.96% CPU
Optimizing NNI: done in 0.0267191 secs using 99.96% CPU
Optimizing NNI: done in 0.027386 secs using 99.96% CPU
Optimizing NNI: done in 0.0260949 secs using 99.97% CPU
Optimizing NNI: done in 0.0262768 secs using 99.97% CPU
Iteration 920 / LogL: -292.279 / Time: 0h:1m:22s (0h:0m:7s left)
Optimizing NNI: done in 0.0267029 secs using 99.96% CPU
Optimizing NNI: done in 0.026931 secs using 99.97% CPU
Optimizing NNI: done in 0.0253708 secs using 99.97% CPU
Optimizing NNI: done in 0.026556 secs using 99.97% CPU
Optimizing NNI: done in 0.0269179 secs using 99.96% CPU
Optimizing NNI: done in 0.025126 secs using 99.97% CPU
Optimizing NNI: done in 0.026453 secs using 99.97% CPU
Optimizing NNI: done in 0.0267169 secs using 99.98% CPU
Optimizing NNI: done in 0.026509 secs using 99.96% CPU
Optimizing NNI: done in 0.025701 secs using 99.96% CPU
Iteration 930 / LogL: -292.279 / Time: 0h:1m:24s (0h:0m:6s left)
Optimizing NNI: done in 0.0268619 secs using 99.97% CPU
Optimizing NNI: done in 0.0259368 secs using 99.98% CPU
Optimizing NNI: done in 0.026561 secs using 99.98% CPU
Optimizing NNI: done in 0.0273728 secs using 99.96% CPU
Optimizing NNI: done in 0.026448 secs using 99.98% CPU
Optimizing NNI: done in 0.026119 secs using 99.97% CPU
Optimizing NNI: done in 0.0255389 secs using 99.97% CPU
Optimizing NNI: done in 0.0269001 secs using 99.98% CPU
Optimizing NNI: done in 0.0263081 secs using 99.96% CPU
Optimizing NNI: done in 0.0267129 secs using 99.97% CPU
Iteration 940 / LogL: -292.279 / Time: 0h:1m:26s (0h:0m:5s left)
Optimizing NNI: done in 0.0263028 secs using 99.97% CPU
Optimizing NNI: done in 0.0268979 secs using 99.97% CPU
Optimizing NNI: done in 0.0259671 secs using 99.98% CPU
Optimizing NNI: done in 0.0270629 secs using 99.97% CPU
Optimizing NNI: done in 0.025727 secs using 99.96% CPU
Optimizing NNI: done in 0.026818 secs using 99.97% CPU
Optimizing NNI: done in 0.0263569 secs using 99.96% CPU
Optimizing NNI: done in 0.0264578 secs using 99.98% CPU
Optimizing NNI: done in 0.0272009 secs using 99.97% CPU
Optimizing NNI: done in 0.0259681 secs using 99.98% CPU
Iteration 950 / LogL: -292.279 / Time: 0h:1m:27s (0h:0m:4s left)
Log-likelihood cutoff on original alignment: -292.279
Optimizing NNI: done in 0.0249488 secs using 99.97% CPU
Optimizing NNI: done in 0.023869 secs using 99.97% CPU
Optimizing NNI: done in 0.024111 secs using 99.98% CPU
Optimizing NNI: done in 0.0239041 secs using 99.97% CPU
Optimizing NNI: done in 0.0253582 secs using 99.97% CPU
Optimizing NNI: done in 0.0251272 secs using 99.97% CPU
Optimizing NNI: done in 0.0251119 secs using 99.96% CPU
Optimizing NNI: done in 0.0251172 secs using 99.98% CPU
Optimizing NNI: done in 0.024698 secs using 99.97% CPU
Optimizing NNI: done in 0.024868 secs using 99.97% CPU
Iteration 960 / LogL: -292.279 / Time: 0h:1m:29s (0h:0m:3s left)
Optimizing NNI: done in 0.0249109 secs using 99.98% CPU
Optimizing NNI: done in 0.0243318 secs using 99.98% CPU
Optimizing NNI: done in 0.0249162 secs using 99.96% CPU
Optimizing NNI: done in 0.0243061 secs using 99.97% CPU
Optimizing NNI: done in 0.0241709 secs using 99.97% CPU
Optimizing NNI: done in 0.0248852 secs using 99.98% CPU
Optimizing NNI: done in 0.0257971 secs using 99.97% CPU
Optimizing NNI: done in 0.02475 secs using 99.96% CPU
Optimizing NNI: done in 0.024534 secs using 99.97% CPU
Optimizing NNI: done in 0.0231862 secs using 99.96% CPU
Iteration 970 / LogL: -292.279 / Time: 0h:1m:31s (0h:0m:2s left)
Optimizing NNI: done in 0.0242271 secs using 99.97% CPU
Optimizing NNI: done in 0.0244272 secs using 99.98% CPU
Optimizing NNI: done in 0.02442 secs using 99.98% CPU
Optimizing NNI: done in 0.024435 secs using 99.97% CPU
Optimizing NNI: done in 0.0238721 secs using 99.98% CPU
Optimizing NNI: done in 0.0241551 secs using 99.96% CPU
Optimizing NNI: done in 0.024363 secs using 99.98% CPU
Optimizing NNI: done in 0.0250161 secs using 99.96% CPU
Optimizing NNI: done in 0.023083 secs using 99.96% CPU
Optimizing NNI: done in 0.023931 secs using 99.97% CPU
Iteration 980 / LogL: -292.279 / Time: 0h:1m:33s (0h:0m:1s left)
Optimizing NNI: done in 0.024183 secs using 99.97% CPU
Optimizing NNI: done in 0.022675 secs using 99.97% CPU
Optimizing NNI: done in 0.024363 secs using 99.98% CPU
Optimizing NNI: done in 0.0245309 secs using 99.97% CPU
Optimizing NNI: done in 0.023504 secs using 99.98% CPU
Optimizing NNI: done in 0.0234652 secs using 99.98% CPU
Optimizing NNI: done in 0.0240922 secs using 99.98% CPU
Optimizing NNI: done in 0.0244091 secs using 99.96% CPU
Optimizing NNI: done in 0.0246031 secs using 99.97% CPU
Optimizing NNI: done in 0.0244751 secs using 99.98% CPU
Iteration 990 / LogL: -292.279 / Time: 0h:1m:35s (0h:0m:0s left)
Optimizing NNI: done in 0.024719 secs using 99.96% CPU
Optimizing NNI: done in 0.024025 secs using 99.98% CPU
Optimizing NNI: done in 0.024266 secs using 99.96% CPU
Optimizing NNI: done in 0.0242491 secs using 99.98% CPU
Optimizing NNI: done in 0.024101 secs using 99.97% CPU
Optimizing NNI: done in 0.024251 secs using 99.97% CPU
Optimizing NNI: done in 0.024425 secs using 99.98% CPU
Optimizing NNI: done in 0.023598 secs using 99.97% CPU
Optimizing NNI: done in 0.024205 secs using 99.98% CPU
Optimizing NNI: done in 0.023807 secs using 99.97% CPU
Iteration 1000 / LogL: -292.279 / Time: 0h:1m:36s (0h:0m:0s left)
Log-likelihood cutoff on original alignment: -292.279
NOTE: Bootstrap correlation coefficient of split occurrence frequencies: 0.424
NOTE: UFBoot does not converge, continue at least 100 more iterations
Optimizing NNI: done in 0.0245361 secs using 99.97% CPU
WARNING: bootstrap analysis did not converge. You should rerun with higher number of iterations (-nm option)
TREE SEARCH COMPLETED AFTER 1001 ITERATIONS / Time: 0h:1m:37s

--------------------------------------------------------------------
|                    FINALIZING TREE SEARCH                        |
--------------------------------------------------------------------
Performs final model parameters optimization
Estimate model parameters (epsilon = 0.010)
1. Initial log-likelihood: -292.279
Optimal log-likelihood: -292.279
Parameters optimization took 1 rounds (0.003 sec)
BEST SCORE FOUND : -292.279

Testing tree branches by SH-like aLRT with 1000 replicates...
0.181 sec.
Creating bootstrap support values...
Split supports printed to NEXUS file ../results/molecular_evolution_analyses/phylogenetic_trees/F125871_SCUR_G1/F125871_SCUR_G1.splits.nex
Total tree length: 0.000

Total number of iterations: 1001
CPU time used for tree search: 97.497 sec (0h:1m:37s)
Wall-clock time used for tree search: 97.392 sec (0h:1m:37s)
Total CPU time used: 98.039 sec (0h:1m:38s)
Total wall-clock time used: 97.933 sec (0h:1m:37s)

Computing bootstrap consensus tree...
Reading input file ../results/molecular_evolution_analyses/phylogenetic_trees/F125871_SCUR_G1/F125871_SCUR_G1.splits.nex...
81 taxa and 3932 splits.
Consensus tree written to ../results/molecular_evolution_analyses/phylogenetic_trees/F125871_SCUR_G1/F125871_SCUR_G1.contree
Reading input trees file ../results/molecular_evolution_analyses/phylogenetic_trees/F125871_SCUR_G1/F125871_SCUR_G1.contree
Log-likelihood of consensus tree: -292.279

Analysis results written to: 
  IQ-TREE report:                ../results/molecular_evolution_analyses/phylogenetic_trees/F125871_SCUR_G1/F125871_SCUR_G1.iqtree
  Maximum-likelihood tree:       ../results/molecular_evolution_analyses/phylogenetic_trees/F125871_SCUR_G1/F125871_SCUR_G1.treefile
  Likelihood distances:          ../results/molecular_evolution_analyses/phylogenetic_trees/F125871_SCUR_G1/F125871_SCUR_G1.mldist

Ultrafast bootstrap approximation results written to:
  Split support values:          ../results/molecular_evolution_analyses/phylogenetic_trees/F125871_SCUR_G1/F125871_SCUR_G1.splits.nex
  Consensus tree:                ../results/molecular_evolution_analyses/phylogenetic_trees/F125871_SCUR_G1/F125871_SCUR_G1.contree
  Screen log file:               ../results/molecular_evolution_analyses/phylogenetic_trees/F125871_SCUR_G1/F125871_SCUR_G1.log

Date and Time: Wed May  1 12:31:39 2024
