IQ-TREE multicore version 2.2.2.6 COVID-edition for Linux 64-bit built May 27 2023
Developed by Bui Quang Minh, James Barbetti, Nguyen Lam Tung,
Olga Chernomor, Heiko Schmidt, Dominik Schrempf, Michael Woodhams, Ly Trong Nhan.

Host:    lbc5 (AVX2, FMA3, 125 GB RAM)
Command: /home/mauricio/mauricio_PROGRAMAS/iqtree-2.2.2.6-Linux/bin/iqtree2 -s ../results/molecular_evolution_analyses/alignments_gblocks/F63700_MLIG_G1/F63700_MLIG_G1.aln.gblo -m TEST --threads-max 32 --alrt 1000 --ufboot 1000 --prefix ../results/molecular_evolution_analyses/phylogenetic_trees/F63700_MLIG_G1/F63700_MLIG_G1 -keep-ident -redo
Seed:    737528 (Using SPRNG - Scalable Parallel Random Number Generator)
Time:    Wed May  1 10:43:43 2024
Kernel:  AVX+FMA - 1 threads (32 CPU cores detected)

HINT: Use -nt option to specify number of threads because your CPU has 32 cores!
HINT: -nt AUTO will automatically determine the best number of threads to use.

Reading alignment file ../results/molecular_evolution_analyses/alignments_gblocks/F63700_MLIG_G1/F63700_MLIG_G1.aln.gblo ... Fasta format detected
Reading fasta file: done in 0.00011301 secs using 99.99% CPU
Alignment most likely contains protein sequences
Constructing alignment: done in 0.000439882 secs using 100% CPU
Alignment has 8 sequences with 419 columns, 195 distinct patterns
217 parsimony-informative, 18 singleton sites, 184 constant sites
            Gap/Ambiguity  Composition  p-value
Analyzing sequences: done in 1.09673e-05 secs using 100.3% CPU
   1  Mlig.19293    0.00%    passed     99.85%
   2  Mlig.17471    0.00%    passed     93.12%
   3  Mlig.17470    0.00%    passed     95.13%
   4  Mlig.17472    0.00%    passed     94.01%
   5  Mlig.19294    0.00%    passed     99.78%
   6  Mlig.19296    0.00%    passed     99.74%
   7  Mlig.19295    0.00%    passed     99.87%
   8  Mlig.19297    0.00%    passed     99.88%
****  TOTAL         0.00%  0 sequences failed composition chi2 test (p-value<5%; df=19)


Create initial parsimony tree by phylogenetic likelihood library (PLL)... 0.000 seconds
Perform fast likelihood tree search using LG+I+G model...
Estimate model parameters (epsilon = 5.000)
Perform nearest neighbor interchange...
Optimizing NNI: done in 0.00910187 secs using 99.98% CPU
Estimate model parameters (epsilon = 1.000)
1. Initial log-likelihood: -2644.661
Optimal log-likelihood: -2644.528
Proportion of invariable sites: 0.212
Gamma shape alpha: 12.817
Parameters optimization took 1 rounds (0.014 sec)
Time for fast ML tree search: 0.060 seconds

NOTE: ModelFinder requires 1 MB RAM!
ModelFinder will test up to 224 protein models (sample size: 419) ...
 No. Model         -LnL         df  AIC          AICc         BIC
  1  LG            2649.691     13  5325.383     5326.281     5377.875
  2  LG+I          2644.602     14  5317.204     5318.244     5373.735
  3  LG+G4         2643.538     14  5315.076     5316.116     5371.606
  4  LG+I+G4       2644.407     15  5318.814     5320.006     5379.382
  5  LG+F          2617.329     32  5298.659     5304.130     5427.871
  6  LG+F+I        2611.828     33  5289.656     5295.485     5422.906
  7  LG+F+G4       2610.920     33  5287.840     5293.668     5421.089
  8  LG+F+I+G4     2611.622     34  5291.245     5297.443     5428.532
  9  WAG           2621.191     13  5268.382     5269.281     5320.875
 10  WAG+I         2619.072     14  5266.144     5267.183     5322.674
 11  WAG+G4        2619.333     14  5266.666     5267.706     5323.197
 12  WAG+I+G4      2619.326     15  5268.652     5269.843     5329.220
 13  WAG+F         2594.192     32  5252.384     5257.856     5381.596
 14  WAG+F+I       2592.184     33  5250.368     5256.197     5383.618
 15  WAG+F+G4      2592.440     33  5250.880     5256.709     5384.130
 16  WAG+F+I+G4    2592.452     34  5252.903     5259.101     5390.191
 17  JTT           2623.205     13  5272.411     5273.310     5324.903
 18  JTT+I         2619.223     14  5266.446     5267.486     5322.977
 19  JTT+G4        2619.257     14  5266.515     5267.554     5323.045
 20  JTT+I+G4      2619.316     15  5268.632     5269.823     5329.200
 21  JTT+F         2602.103     32  5268.206     5273.677     5397.418
 22  JTT+F+I       2597.881     33  5261.763     5267.592     5395.013
 23  JTT+F+G4      2597.976     33  5261.953     5267.781     5395.202
 24  JTT+F+I+G4    2597.947     34  5263.894     5270.092     5401.182
WARNING: Normalizing state frequencies so that sum of them equals to 1
 25  Q.pfam        2638.378     13  5302.757     5303.655     5355.249
WARNING: Normalizing state frequencies so that sum of them equals to 1
 26  Q.pfam+I      2633.901     14  5295.802     5296.841     5352.332
WARNING: Normalizing state frequencies so that sum of them equals to 1
 27  Q.pfam+G4     2633.093     14  5294.185     5295.225     5350.715
WARNING: Normalizing state frequencies so that sum of them equals to 1
 28  Q.pfam+I+G4   2633.869     15  5297.737     5298.928     5358.305
WARNING: Normalizing state frequencies so that sum of them equals to 1
 29  Q.pfam+F      2613.541     32  5291.082     5296.554     5420.294
WARNING: Normalizing state frequencies so that sum of them equals to 1
 30  Q.pfam+F+I    2608.698     33  5283.396     5289.224     5416.645
WARNING: Normalizing state frequencies so that sum of them equals to 1
 31  Q.pfam+F+G4   2608.046     33  5282.091     5287.920     5415.341
WARNING: Normalizing state frequencies so that sum of them equals to 1
 32  Q.pfam+F+I+G4 2608.639     34  5285.278     5291.476     5422.565
WARNING: Normalizing state frequencies so that sum of them equals to 1
 33  Q.bird        2673.864     13  5373.729     5374.627     5426.221
WARNING: Normalizing state frequencies so that sum of them equals to 1
 34  Q.bird+I      2658.985     14  5345.969     5347.009     5402.499
WARNING: Normalizing state frequencies so that sum of them equals to 1
 35  Q.bird+G4     2657.726     14  5343.452     5344.491     5399.982
WARNING: Normalizing state frequencies so that sum of them equals to 1
 36  Q.bird+I+G4   2657.795     15  5345.590     5346.781     5406.158
WARNING: Normalizing state frequencies so that sum of them equals to 1
 37  Q.bird+F      2650.026     32  5364.052     5369.523     5493.264
WARNING: Normalizing state frequencies so that sum of them equals to 1
 38  Q.bird+F+I    2634.023     33  5334.046     5339.875     5467.296
WARNING: Normalizing state frequencies so that sum of them equals to 1
 39  Q.bird+F+G4   2632.818     33  5331.635     5337.464     5464.885
WARNING: Normalizing state frequencies so that sum of them equals to 1
 40  Q.bird+F+I+G4 2632.810     34  5333.621     5339.819     5470.908
WARNING: Normalizing state frequencies so that sum of them equals to 1
 41  Q.mammal      2653.305     13  5332.610     5333.509     5385.102
WARNING: Normalizing state frequencies so that sum of them equals to 1
 42  Q.mammal+I    2644.143     14  5316.287     5317.326     5372.817
WARNING: Normalizing state frequencies so that sum of them equals to 1
 43  Q.mammal+G4   2643.710     14  5315.420     5316.459     5371.950
WARNING: Normalizing state frequencies so that sum of them equals to 1
 44  Q.mammal+I+G4 2643.762     15  5317.523     5318.715     5378.092
WARNING: Normalizing state frequencies so that sum of them equals to 1
 45  Q.mammal+F    2628.819     32  5321.638     5327.109     5450.849
WARNING: Normalizing state frequencies so that sum of them equals to 1
 46  Q.mammal+F+I  2618.931     33  5303.863     5309.691     5437.112
WARNING: Normalizing state frequencies so that sum of them equals to 1
 47  Q.mammal+F+G4 2618.635     33  5303.269     5309.098     5436.519
WARNING: Normalizing state frequencies so that sum of them equals to 1
 48  Q.mammal+F+I+G4 2618.561     34  5305.122     5311.320     5442.409
 49  Q.insect      2677.175     13  5380.350     5381.248     5432.842
 50  Q.insect+I    2671.661     14  5371.323     5372.362     5427.853
 51  Q.insect+G4   2670.457     14  5368.914     5369.954     5425.444
 52  Q.insect+I+G4 2671.255     15  5372.510     5373.701     5433.078
 53  Q.insect+F    2624.298     32  5312.596     5318.068     5441.808
 54  Q.insect+F+I  2617.747     33  5301.494     5307.323     5434.744
 55  Q.insect+F+G4 2616.790     33  5299.579     5305.408     5432.829
 56  Q.insect+F+I+G4 2617.348     34  5302.696     5308.894     5439.984
WARNING: Normalizing state frequencies so that sum of them equals to 1
 57  Q.plant       2685.656     13  5397.311     5398.210     5449.804
WARNING: Normalizing state frequencies so that sum of them equals to 1
 58  Q.plant+I     2670.991     14  5369.982     5371.021     5426.512
WARNING: Normalizing state frequencies so that sum of them equals to 1
 59  Q.plant+G4    2668.684     14  5365.368     5366.408     5421.898
WARNING: Normalizing state frequencies so that sum of them equals to 1
 60  Q.plant+I+G4  2669.165     15  5368.329     5369.520     5428.897
WARNING: Normalizing state frequencies so that sum of them equals to 1
 61  Q.plant+F     2652.018     32  5368.036     5373.508     5497.248
WARNING: Normalizing state frequencies so that sum of them equals to 1
 62  Q.plant+F+I   2634.903     33  5335.805     5341.634     5469.055
WARNING: Normalizing state frequencies so that sum of them equals to 1
 63  Q.plant+F+G4  2633.834     33  5333.668     5339.497     5466.918
WARNING: Normalizing state frequencies so that sum of them equals to 1
 64  Q.plant+F+I+G4 2633.806     34  5335.611     5341.809     5472.899
WARNING: Normalizing state frequencies so that sum of them equals to 1
 65  Q.yeast       2692.413     13  5410.827     5411.726     5463.319
WARNING: Normalizing state frequencies so that sum of them equals to 1
 66  Q.yeast+I     2685.045     14  5398.091     5399.130     5454.621
WARNING: Normalizing state frequencies so that sum of them equals to 1
 67  Q.yeast+G4    2683.191     14  5394.382     5395.422     5450.912
WARNING: Normalizing state frequencies so that sum of them equals to 1
 68  Q.yeast+I+G4  2684.080     15  5398.159     5399.350     5458.727
WARNING: Normalizing state frequencies so that sum of them equals to 1
 69  Q.yeast+F     2629.198     32  5322.397     5327.868     5451.608
WARNING: Normalizing state frequencies so that sum of them equals to 1
 70  Q.yeast+F+I   2621.210     33  5308.419     5314.248     5441.669
WARNING: Normalizing state frequencies so that sum of them equals to 1
 71  Q.yeast+F+G4  2619.942     33  5305.884     5311.713     5439.134
WARNING: Normalizing state frequencies so that sum of them equals to 1
 72  Q.yeast+F+I+G4 2620.574     34  5309.148     5315.346     5446.436
 73  JTTDCMut      2623.244     13  5272.488     5273.387     5324.981
 74  JTTDCMut+I    2619.327     14  5266.654     5267.694     5323.185
 75  JTTDCMut+G4   2619.379     14  5266.758     5267.797     5323.288
 76  JTTDCMut+I+G4 2619.427     15  5268.854     5270.045     5329.422
 77  JTTDCMut+F    2601.689     32  5267.378     5272.850     5396.590
 78  JTTDCMut+F+I  2597.550     33  5261.101     5266.930     5394.351
 79  JTTDCMut+F+G4 2597.650     33  5261.300     5267.128     5394.550
 80  JTTDCMut+F+I+G4 2597.623     34  5263.246     5269.444     5400.534
 81  DCMut         2675.863     13  5377.725     5378.624     5430.218
 82  DCMut+I       2667.274     14  5362.547     5363.587     5419.078
 83  DCMut+G4      2667.426     14  5362.852     5363.891     5419.382
 84  DCMut+I+G4    2667.160     15  5364.320     5365.511     5424.888
 85  DCMut+F       2629.324     32  5322.647     5328.119     5451.859
 86  DCMut+F+I     2620.835     33  5307.669     5313.498     5440.919
 87  DCMut+F+G4    2621.359     33  5308.718     5314.547     5441.968
 88  DCMut+F+I+G4  2620.798     34  5309.595     5315.793     5446.883
 89  VT            2609.232     13  5244.464     5245.363     5296.956
 90  VT+I          2608.673     14  5245.345     5246.385     5301.875
 91  VT+G4         2608.791     14  5245.583     5246.622     5302.113
 92  VT+I+G4       2609.165     15  5248.330     5249.521     5308.898
 93  VT+F          2582.883     32  5229.767     5235.238     5358.979
 94  VT+F+I        2582.353     33  5230.705     5236.534     5363.955
 95  VT+F+G4       2582.468     33  5230.936     5236.764     5364.186
 96  VT+F+I+G4     2582.845     34  5233.690     5239.888     5370.978
 97  PMB           2606.910     13  5239.821     5240.720     5292.313
 98  PMB+I         2606.756     14  5241.511     5242.551     5298.041
 99  PMB+G4        2606.831     14  5241.662     5242.702     5298.192
100  PMB+I+G4      2607.398     15  5244.797     5245.988     5305.365
101  PMB+F         2586.517     32  5237.035     5242.506     5366.246
102  PMB+F+I       2586.364     33  5238.727     5244.556     5371.977
103  PMB+F+G4      2586.431     33  5238.861     5244.690     5372.111
104  PMB+F+I+G4    2587.003     34  5242.006     5248.204     5379.294
105  Blosum62      2618.762     13  5263.525     5264.424     5316.017
106  Blosum62+I    2618.255     14  5264.510     5265.549     5321.040
107  Blosum62+G4   2618.486     14  5264.972     5266.011     5321.502
108  Blosum62+I+G4 2618.784     15  5267.567     5268.758     5328.135
109  Blosum62+F    2587.503     32  5239.006     5244.478     5368.218
110  Blosum62+F+I  2587.010     33  5240.021     5245.849     5373.270
111  Blosum62+F+G4 2587.233     33  5240.466     5246.295     5373.716
112  Blosum62+F+I+G4 2587.539     34  5243.077     5249.275     5380.365
113  Dayhoff       2676.114     13  5378.227     5379.126     5430.720
114  Dayhoff+I     2667.447     14  5362.894     5363.934     5419.425
115  Dayhoff+G4    2667.551     14  5363.102     5364.142     5419.633
116  Dayhoff+I+G4  2667.320     15  5364.640     5365.831     5425.208
117  Dayhoff+F     2629.526     32  5323.051     5328.523     5452.263
118  Dayhoff+F+I   2620.967     33  5307.933     5313.762     5441.183
119  Dayhoff+F+G4  2621.443     33  5308.885     5314.714     5442.135
120  Dayhoff+F+I+G4 2620.921     34  5309.842     5316.040     5447.130
121  mtREV         2774.029     13  5574.057     5574.956     5626.550
122  mtREV+I       2757.261     14  5542.521     5543.561     5599.051
123  mtREV+G4      2752.977     14  5533.953     5534.993     5590.483
124  mtREV+I+G4    2753.815     15  5537.630     5538.821     5598.198
125  mtREV+F       2659.733     32  5383.465     5388.937     5512.677
126  mtREV+F+I     2645.010     33  5356.019     5361.848     5489.269
127  mtREV+F+G4    2641.541     33  5349.082     5354.911     5482.332
128  mtREV+F+I+G4  2642.387     34  5352.774     5358.971     5490.061
129  mtART         2886.494     13  5798.988     5799.887     5851.481
130  mtART+I       2845.154     14  5718.307     5719.347     5774.837
131  mtART+G4      2826.666     14  5681.331     5682.371     5737.861
132  mtART+I+G4    2827.859     15  5685.718     5686.909     5746.286
133  mtART+F       2757.278     32  5578.555     5584.027     5707.767
134  mtART+F+I     2721.645     33  5509.290     5515.119     5642.540
135  mtART+F+G4    2706.512     33  5479.025     5484.853     5612.275
136  mtART+F+I+G4  2707.737     34  5483.473     5489.671     5620.761
137  mtZOA         2788.435     13  5602.870     5603.769     5655.363
138  mtZOA+I       2764.858     14  5557.715     5558.755     5614.245
139  mtZOA+G4      2756.077     14  5540.154     5541.194     5596.684
140  mtZOA+I+G4    2757.198     15  5544.396     5545.587     5604.964
141  mtZOA+F       2687.354     32  5438.708     5444.180     5567.920
142  mtZOA+F+I     2667.628     33  5401.256     5407.084     5534.506
143  mtZOA+F+G4    2661.549     33  5389.097     5394.926     5522.347
144  mtZOA+F+I+G4  2662.628     34  5393.256     5399.454     5530.544
145  mtMet         2795.539     13  5617.079     5617.977     5669.571
146  mtMet+I       2780.832     14  5589.665     5590.705     5646.195
147  mtMet+G4      2777.962     14  5583.924     5584.963     5640.454
148  mtMet+I+G4    2778.539     15  5587.079     5588.270     5647.647
149  mtMet+F       2650.916     32  5365.833     5371.304     5495.045
150  mtMet+F+I     2638.618     33  5343.235     5349.064     5476.485
151  mtMet+F+G4    2636.525     33  5339.049     5344.878     5472.299
152  mtMet+F+I+G4  2637.123     34  5342.246     5348.444     5479.533
153  mtVer         2820.014     13  5666.027     5666.926     5718.519
154  mtVer+I       2792.238     14  5612.476     5613.515     5669.006
155  mtVer+G4      2787.540     14  5603.079     5604.119     5659.610
156  mtVer+I+G4    2787.744     15  5605.488     5606.679     5666.056
157  mtVer+F       2689.319     32  5442.637     5448.109     5571.849
158  mtVer+F+I     2663.065     33  5392.129     5397.958     5525.379
159  mtVer+F+G4    2659.908     33  5385.816     5391.645     5519.066
160  mtVer+F+I+G4  2660.018     34  5388.037     5394.235     5525.324
161  mtInv         2819.901     13  5665.803     5666.702     5718.295
162  mtInv+I       2811.229     14  5650.458     5651.497     5706.988
163  mtInv+G4      2809.354     14  5646.708     5647.748     5703.239
164  mtInv+I+G4    2810.202     15  5650.404     5651.595     5710.972
165  mtInv+F       2631.622     32  5327.244     5332.715     5456.455
166  mtInv+F+I     2624.317     33  5314.635     5320.463     5447.885
167  mtInv+F+G4    2623.251     33  5312.502     5318.331     5445.752
168  mtInv+F+I+G4  2623.887     34  5315.773     5321.971     5453.061
169  mtMAM         2874.905     13  5775.810     5776.708     5828.302
170  mtMAM+I       2823.450     14  5674.900     5675.940     5731.430
171  mtMAM+G4      2808.043     14  5644.086     5645.126     5700.616
172  mtMAM+I+G4    2808.531     15  5647.062     5648.253     5707.630
173  mtMAM+F       2750.725     32  5565.450     5570.921     5694.661
174  mtMAM+F+I     2704.023     33  5474.045     5479.874     5607.295
175  mtMAM+F+G4    2693.692     33  5453.385     5459.213     5586.634
176  mtMAM+F+I+G4  2693.894     34  5455.787     5461.985     5593.075
WARNING: Normalizing state frequencies so that sum of them equals to 1
177  FLAVI         2747.311     13  5520.623     5521.522     5573.115
WARNING: Normalizing state frequencies so that sum of them equals to 1
178  FLAVI+I       2717.503     14  5463.006     5464.045     5519.536
WARNING: Normalizing state frequencies so that sum of them equals to 1
179  FLAVI+G4      2714.438     14  5456.875     5457.915     5513.405
WARNING: Normalizing state frequencies so that sum of them equals to 1
180  FLAVI+I+G4    2714.155     15  5458.309     5459.501     5518.878
WARNING: Normalizing state frequencies so that sum of them equals to 1
181  FLAVI+F       2712.541     32  5489.083     5494.554     5618.295
WARNING: Normalizing state frequencies so that sum of them equals to 1
182  FLAVI+F+I     2679.928     33  5425.856     5431.685     5559.106
WARNING: Normalizing state frequencies so that sum of them equals to 1
183  FLAVI+F+G4    2677.867     33  5421.734     5427.562     5554.984
WARNING: Normalizing state frequencies so that sum of them equals to 1
184  FLAVI+F+I+G4  2677.355     34  5422.710     5428.908     5559.998
185  HIVb          2700.509     13  5427.018     5427.917     5479.511
186  HIVb+I        2681.668     14  5391.336     5392.376     5447.866
187  HIVb+G4       2678.847     14  5385.694     5386.734     5442.224
188  HIVb+I+G4     2679.200     15  5388.399     5389.590     5448.967
189  HIVb+F        2666.202     32  5396.404     5401.876     5525.616
190  HIVb+F+I      2645.633     33  5357.265     5363.094     5490.515
191  HIVb+F+G4     2642.509     33  5351.018     5356.846     5484.267
192  HIVb+F+I+G4   2642.886     34  5353.773     5359.970     5491.060
193  HIVw          2775.838     13  5577.675     5578.574     5630.168
194  HIVw+I        2745.549     14  5519.098     5520.137     5575.628
195  HIVw+G4       2744.794     14  5517.587     5518.627     5574.117
196  HIVw+I+G4     2744.077     15  5518.153     5519.344     5578.721
197  HIVw+F        2685.365     32  5434.731     5440.202     5563.942
198  HIVw+F+I      2657.387     33  5380.775     5386.603     5514.024
199  HIVw+F+G4     2656.796     33  5379.592     5385.421     5512.842
200  HIVw+F+I+G4   2656.155     34  5380.309     5386.507     5517.597
201  FLU           2690.507     13  5407.015     5407.914     5459.507
202  FLU+I         2675.949     14  5379.898     5380.938     5436.428
203  FLU+G4        2677.208     14  5382.416     5383.455     5438.946
204  FLU+I+G4      2675.933     15  5381.866     5383.057     5442.434
205  FLU+F         2645.004     32  5354.008     5359.479     5483.220
206  FLU+F+I       2632.932     33  5331.864     5337.693     5465.114
207  FLU+F+G4      2633.568     33  5333.136     5338.965     5466.386
208  FLU+F+I+G4    2632.773     34  5333.545     5339.743     5470.833
209  rtREV         2670.808     13  5367.617     5368.515     5420.109
210  rtREV+I       2664.417     14  5356.833     5357.873     5413.364
211  rtREV+G4      2663.575     14  5355.149     5356.189     5411.679
212  rtREV+I+G4    2664.161     15  5358.321     5359.512     5418.889
213  rtREV+F       2622.147     32  5308.293     5313.765     5437.505
214  rtREV+F+I     2615.341     33  5296.683     5302.511     5429.932
215  rtREV+F+G4    2614.651     33  5295.302     5301.131     5428.552
216  rtREV+F+I+G4  2615.068     34  5298.137     5304.335     5435.425
217  cpREV         2642.459     13  5310.919     5311.817     5363.411
218  cpREV+I       2637.982     14  5303.964     5305.003     5360.494
219  cpREV+G4      2638.358     14  5304.715     5305.755     5361.246
220  cpREV+I+G4    2638.062     15  5306.123     5307.315     5366.692
221  cpREV+F       2612.535     32  5289.070     5294.542     5418.282
222  cpREV+F+I     2607.690     33  5281.380     5287.208     5414.629
223  cpREV+F+G4    2607.917     33  5281.834     5287.663     5415.084
224  cpREV+F+I+G4  2607.753     34  5283.507     5289.705     5420.794
Akaike Information Criterion:           VT+F
Corrected Akaike Information Criterion: VT+F
Bayesian Information Criterion:         PMB
Best-fit model: PMB chosen according to BIC

All model information printed to ../results/molecular_evolution_analyses/phylogenetic_trees/F63700_MLIG_G1/F63700_MLIG_G1.model.gz
CPU time for ModelFinder: 4.986 seconds (0h:0m:4s)
Wall-clock time for ModelFinder: 4.991 seconds (0h:0m:4s)
Generating 1000 samples for ultrafast bootstrap (seed: 737528)...

NOTE: 1 MB RAM (0 GB) is required!
Estimate model parameters (epsilon = 0.100)
1. Initial log-likelihood: -2606.910
Optimal log-likelihood: -2606.910
Parameters optimization took 1 rounds (0.001 sec)
Wrote distance file to... 
Computing ML distances based on estimated model parameters...
Calculating distance matrix: done in 0.00209713 secs using 99.66% CPU
Computing ML distances took 0.002125 sec (of wall-clock time) 0.002119 sec (of CPU time)
Setting up auxiliary I and S matrices: done in 4.19617e-05 secs using 100.1% CPU
Constructing RapidNJ tree: done in 3.29018e-05 secs using 100.3% CPU
Computing RapidNJ tree took 0.000157 sec (of wall-clock time) 0.000147 sec (of CPU time)
Log-likelihood of RapidNJ tree: -2606.912
--------------------------------------------------------------------
|             INITIALIZING CANDIDATE TREE SET                      |
--------------------------------------------------------------------
Generating 99 parsimony trees... 0.030 second
Computing log-likelihood of 67 initial trees ... 0.042 seconds
Current best score: -2606.910

Do NNI search on 20 best initial trees
Optimizing NNI: done in 0.00597501 secs using 199.9% CPU
Estimate model parameters (epsilon = 0.100)
BETTER TREE FOUND at iteration 1: -2606.871
Optimizing NNI: done in 0.00802088 secs using 200% CPU
Optimizing NNI: done in 0.00798798 secs using 149.8% CPU
Optimizing NNI: done in 0.010438 secs using 199.9% CPU
Optimizing NNI: done in 0.00774622 secs using 200% CPU
Optimizing NNI: done in 0.00853205 secs using 200% CPU
Optimizing NNI: done in 0.00898719 secs using 199.9% CPU
Optimizing NNI: done in 0.00891209 secs using 199.9% CPU
Optimizing NNI: done in 0.0111499 secs using 200% CPU
Optimizing NNI: done in 0.0130579 secs using 200% CPU
Iteration 10 / LogL: -2606.877 / Time: 0h:0m:0s
Optimizing NNI: done in 0.0128231 secs using 199.9% CPU
Optimizing NNI: done in 0.0104582 secs using 199.9% CPU
Optimizing NNI: done in 0.0130491 secs using 126% CPU
Optimizing NNI: done in 0.0129881 secs using 99.98% CPU
Optimizing NNI: done in 0.00534606 secs using 99.96% CPU
Optimizing NNI: done in 0.00816488 secs using 99.98% CPU
Optimizing NNI: done in 0.012856 secs using 99.98% CPU
Optimizing NNI: done in 0.00846314 secs using 99.97% CPU
Optimizing NNI: done in 0.0110941 secs using 99.97% CPU
Optimizing NNI: done in 0.0108571 secs using 99.97% CPU
Iteration 20 / LogL: -2606.881 / Time: 0h:0m:0s
Finish initializing candidate tree set (4)
Current best tree score: -2606.871 / CPU time: 0.277
Number of iterations: 20
--------------------------------------------------------------------
|               OPTIMIZING CANDIDATE TREE SET                      |
--------------------------------------------------------------------
Optimizing NNI: done in 0.01215 secs using 99.94% CPU
Optimizing NNI: done in 0.00482702 secs using 100% CPU
Optimizing NNI: done in 0.00517583 secs using 99.93% CPU
Optimizing NNI: done in 0.00236797 secs using 100% CPU
Optimizing NNI: done in 0.012454 secs using 99.98% CPU
Optimizing NNI: done in 0.00524497 secs using 99.94% CPU
Optimizing NNI: done in 0.00239015 secs using 99.99% CPU
Optimizing NNI: done in 0.0157721 secs using 99.98% CPU
Optimizing NNI: done in 0.00621295 secs using 99.98% CPU
UPDATE BEST LOG-LIKELIHOOD: -2606.871
Optimizing NNI: done in 0.00243402 secs using 99.84% CPU
Iteration 30 / LogL: -2606.871 / Time: 0h:0m:0s (0h:0m:0s left)
Optimizing NNI: done in 0.0023551 secs using 99.83% CPU
Optimizing NNI: done in 0.00489998 secs using 100% CPU
Optimizing NNI: done in 0.0120301 secs using 99.98% CPU
Optimizing NNI: done in 0.0187089 secs using 99.97% CPU
Optimizing NNI: done in 0.00908399 secs using 99.98% CPU
Optimizing NNI: done in 0.00812912 secs using 99.96% CPU
Optimizing NNI: done in 0.00494599 secs using 100% CPU
Optimizing NNI: done in 0.00499415 secs using 99.98% CPU
Optimizing NNI: done in 0.00548697 secs using 99.98% CPU
Optimizing NNI: done in 0.00474501 secs using 99.94% CPU
Iteration 40 / LogL: -2606.898 / Time: 0h:0m:0s (0h:0m:0s left)
Optimizing NNI: done in 0.00508499 secs using 100% CPU
Optimizing NNI: done in 0.0120609 secs using 99.98% CPU
Optimizing NNI: done in 0.012965 secs using 99.98% CPU
Optimizing NNI: done in 0.00742698 secs using 99.96% CPU
Optimizing NNI: done in 0.01212 secs using 99.98% CPU
Optimizing NNI: done in 0.00619912 secs using 100% CPU
Optimizing NNI: done in 0.00274205 secs using 100% CPU
Optimizing NNI: done in 0.00599694 secs using 99.95% CPU
Optimizing NNI: done in 0.00524902 secs using 99.96% CPU
Optimizing NNI: done in 0.00278306 secs using 99.96% CPU
Iteration 50 / LogL: -2606.910 / Time: 0h:0m:0s (0h:0m:0s left)
Log-likelihood cutoff on original alignment: -2609.138
Optimizing NNI: done in 0.0131478 secs using 99.96% CPU
Optimizing NNI: done in 0.00909519 secs using 99.98% CPU
Optimizing NNI: done in 0.00530982 secs using 99.97% CPU
Optimizing NNI: done in 0.0208731 secs using 99.97% CPU
WARNING: NNI search needs unusual large number of steps (8) to converge!
Optimizing NNI: done in 0.012747 secs using 99.97% CPU
Optimizing NNI: done in 0.00512886 secs using 100% CPU
Optimizing NNI: done in 0.0156679 secs using 99.98% CPU
Optimizing NNI: done in 0.0198722 secs using 99.97% CPU
Optimizing NNI: done in 0.0132709 secs using 99.98% CPU
Optimizing NNI: done in 0.011883 secs using 99.97% CPU
Iteration 60 / LogL: -2606.874 / Time: 0h:0m:0s (0h:0m:0s left)
Optimizing NNI: done in 0.00234604 secs using 100% CPU
Optimizing NNI: done in 0.00483489 secs using 99.98% CPU
Optimizing NNI: done in 0.00234699 secs using 99.96% CPU
Optimizing NNI: done in 0.00503802 secs using 99.92% CPU
Optimizing NNI: done in 0.013119 secs using 99.98% CPU
Optimizing NNI: done in 0.004915 secs using 99.92% CPU
Optimizing NNI: done in 0.00814891 secs using 99.95% CPU
Optimizing NNI: done in 0.020812 secs using 99.97% CPU
WARNING: NNI search needs unusual large number of steps (8) to converge!
Optimizing NNI: done in 0.00748801 secs using 99.97% CPU
Optimizing NNI: done in 0.012938 secs using 99.98% CPU
Iteration 70 / LogL: -2606.875 / Time: 0h:0m:0s (0h:0m:0s left)
Optimizing NNI: done in 0.00592685 secs using 100% CPU
Optimizing NNI: done in 0.002316 secs using 100% CPU
Optimizing NNI: done in 0.00230289 secs using 99.87% CPU
Optimizing NNI: done in 0.00571394 secs using 100% CPU
Optimizing NNI: done in 0.017508 secs using 99.98% CPU
Optimizing NNI: done in 0.011236 secs using 99.99% CPU
Optimizing NNI: done in 0.00914717 secs using 99.98% CPU
Optimizing NNI: done in 0.012562 secs using 99.98% CPU
Optimizing NNI: done in 0.00542903 secs using 99.94% CPU
Optimizing NNI: done in 0.00557995 secs using 100% CPU
Iteration 80 / LogL: -2606.871 / Time: 0h:0m:0s (0h:0m:0s left)
Optimizing NNI: done in 0.00571489 secs using 99.97% CPU
Optimizing NNI: done in 0.0125101 secs using 99.98% CPU
Optimizing NNI: done in 0.00704098 secs using 99.99% CPU
Optimizing NNI: done in 0.00855994 secs using 99.98% CPU
Optimizing NNI: done in 0.00273108 secs using 100% CPU
Optimizing NNI: done in 0.00511193 secs using 99.96% CPU
Optimizing NNI: done in 0.0156901 secs using 99.97% CPU
Optimizing NNI: done in 0.00235796 secs using 100% CPU
Optimizing NNI: done in 0.00710487 secs using 100% CPU
Optimizing NNI: done in 0.00274682 secs using 100% CPU
Iteration 90 / LogL: -2606.911 / Time: 0h:0m:1s (0h:0m:0s left)
Optimizing NNI: done in 0.012917 secs using 99.95% CPU
Optimizing NNI: done in 0.0114141 secs using 99.98% CPU
UPDATE BEST LOG-LIKELIHOOD: -2606.871
Optimizing NNI: done in 0.00731683 secs using 99.85% CPU
Optimizing NNI: done in 0.00797796 secs using 99.95% CPU
Optimizing NNI: done in 0.0109541 secs using 99.96% CPU
Optimizing NNI: done in 0.00742507 secs using 100% CPU
Optimizing NNI: done in 0.0174801 secs using 99.96% CPU
Optimizing NNI: done in 0.00507712 secs using 100% CPU
Optimizing NNI: done in 0.00274205 secs using 100% CPU
Optimizing NNI: done in 0.00803995 secs using 100% CPU
Iteration 100 / LogL: -2606.872 / Time: 0h:0m:1s (0h:0m:0s left)
Log-likelihood cutoff on original alignment: -2609.570
NOTE: Bootstrap correlation coefficient of split occurrence frequencies: 0.998
Optimizing NNI: done in 0.00575995 secs using 99.91% CPU
Optimizing NNI: done in 0.004812 secs using 99.94% CPU
TREE SEARCH COMPLETED AFTER 102 ITERATIONS / Time: 0h:0m:1s

--------------------------------------------------------------------
|                    FINALIZING TREE SEARCH                        |
--------------------------------------------------------------------
Performs final model parameters optimization
Estimate model parameters (epsilon = 0.010)
1. Initial log-likelihood: -2606.871
Optimal log-likelihood: -2606.871
Parameters optimization took 1 rounds (0.001 sec)
BEST SCORE FOUND : -2606.871

Testing tree branches by SH-like aLRT with 1000 replicates...
0.046 sec.
Creating bootstrap support values...
Split supports printed to NEXUS file ../results/molecular_evolution_analyses/phylogenetic_trees/F63700_MLIG_G1/F63700_MLIG_G1.splits.nex
Total tree length: 0.887

Total number of iterations: 102
CPU time used for tree search: 1.401 sec (0h:0m:1s)
Wall-clock time used for tree search: 1.216 sec (0h:0m:1s)
Total CPU time used: 1.485 sec (0h:0m:1s)
Total wall-clock time used: 1.297 sec (0h:0m:1s)

Computing bootstrap consensus tree...
Reading input file ../results/molecular_evolution_analyses/phylogenetic_trees/F63700_MLIG_G1/F63700_MLIG_G1.splits.nex...
8 taxa and 23 splits.
Consensus tree written to ../results/molecular_evolution_analyses/phylogenetic_trees/F63700_MLIG_G1/F63700_MLIG_G1.contree
Reading input trees file ../results/molecular_evolution_analyses/phylogenetic_trees/F63700_MLIG_G1/F63700_MLIG_G1.contree
Log-likelihood of consensus tree: -2606.873

Analysis results written to: 
  IQ-TREE report:                ../results/molecular_evolution_analyses/phylogenetic_trees/F63700_MLIG_G1/F63700_MLIG_G1.iqtree
  Maximum-likelihood tree:       ../results/molecular_evolution_analyses/phylogenetic_trees/F63700_MLIG_G1/F63700_MLIG_G1.treefile
  Likelihood distances:          ../results/molecular_evolution_analyses/phylogenetic_trees/F63700_MLIG_G1/F63700_MLIG_G1.mldist

Ultrafast bootstrap approximation results written to:
  Split support values:          ../results/molecular_evolution_analyses/phylogenetic_trees/F63700_MLIG_G1/F63700_MLIG_G1.splits.nex
  Consensus tree:                ../results/molecular_evolution_analyses/phylogenetic_trees/F63700_MLIG_G1/F63700_MLIG_G1.contree
  Screen log file:               ../results/molecular_evolution_analyses/phylogenetic_trees/F63700_MLIG_G1/F63700_MLIG_G1.log

Date and Time: Wed May  1 10:43:50 2024
