IQ-TREE multicore version 2.2.2.6 COVID-edition for Linux 64-bit built May 27 2023
Developed by Bui Quang Minh, James Barbetti, Nguyen Lam Tung,
Olga Chernomor, Heiko Schmidt, Dominik Schrempf, Michael Woodhams, Ly Trong Nhan.

Host:    lbc5 (AVX2, FMA3, 125 GB RAM)
Command: /home/mauricio/mauricio_PROGRAMAS/iqtree-2.2.2.6-Linux/bin/iqtree2 -s ../results/molecular_evolution_analyses/alignments_gblocks/F50945_MLIG_G1/F50945_MLIG_G1.aln.gblo -m TEST --threads-max 32 --alrt 1000 --ufboot 1000 --prefix ../results/molecular_evolution_analyses/phylogenetic_trees/F50945_MLIG_G1/F50945_MLIG_G1 -keep-ident -redo
Seed:    215473 (Using SPRNG - Scalable Parallel Random Number Generator)
Time:    Wed May  1 10:09:06 2024
Kernel:  AVX+FMA - 1 threads (32 CPU cores detected)

HINT: Use -nt option to specify number of threads because your CPU has 32 cores!
HINT: -nt AUTO will automatically determine the best number of threads to use.

Reading alignment file ../results/molecular_evolution_analyses/alignments_gblocks/F50945_MLIG_G1/F50945_MLIG_G1.aln.gblo ... Fasta format detected
Reading fasta file: done in 8.79765e-05 secs using 98.89% CPU
Alignment most likely contains protein sequences
Constructing alignment: done in 0.000393867 secs using 99.78% CPU
Alignment has 6 sequences with 398 columns, 121 distinct patterns
83 parsimony-informative, 40 singleton sites, 275 constant sites
            Gap/Ambiguity  Composition  p-value
Analyzing sequences: done in 1.00136e-05 secs using 89.88% CPU
   1  Mlig.5288     0.00%    passed    100.00%
   2  Mlig.43486    0.00%    passed     99.99%
   3  Mlig.19644    0.00%    passed     95.28%
   4  Mlig.7270     0.00%    passed    100.00%
   5  Mlig.16117    0.00%    passed    100.00%
   6  Mlig.45914    0.00%    passed    100.00%
****  TOTAL         0.00%  0 sequences failed composition chi2 test (p-value<5%; df=19)


Create initial parsimony tree by phylogenetic likelihood library (PLL)... 0.000 seconds
Perform fast likelihood tree search using LG+I+G model...
Estimate model parameters (epsilon = 5.000)
Perform nearest neighbor interchange...
Optimizing NNI: done in 0.00689197 secs using 99.94% CPU
Estimate model parameters (epsilon = 1.000)
1. Initial log-likelihood: -1927.286
Optimal log-likelihood: -1927.281
Proportion of invariable sites: 0.344
Gamma shape alpha: 1.213
Parameters optimization took 1 rounds (0.006 sec)
Time for fast ML tree search: 0.022 seconds

NOTE: ModelFinder requires 1 MB RAM!
ModelFinder will test up to 224 protein models (sample size: 398) ...
 No. Model         -LnL         df  AIC          AICc         BIC
  1  LG            1943.528     9   3905.056     3905.520     3940.934
  2  LG+I          1928.489     10  3876.978     3877.547     3916.843
  3  LG+G4         1927.143     10  3874.285     3874.854     3914.150
  4  LG+I+G4       1927.279     11  3876.557     3877.241     3920.408
  6  LG+F+I        1907.286     29  3872.573     3877.301     3988.180
  7  LG+F+G4       1905.941     29  3869.881     3874.610     3985.489
  8  LG+F+I+G4     1906.171     30  3872.342     3877.410     3991.936
 10  WAG+I         1928.047     10  3876.093     3876.662     3915.958
 11  WAG+G4        1926.753     10  3873.506     3874.075     3913.371
 12  WAG+I+G4      1926.935     11  3875.869     3876.553     3919.720
 14  WAG+F+I       1917.027     29  3892.054     3896.782     4007.661
 15  WAG+F+G4      1915.743     29  3889.486     3894.215     4005.093
 16  WAG+F+I+G4    1915.949     30  3891.898     3896.966     4011.492
 18  JTT+I         1921.831     10  3863.663     3864.231     3903.527
 19  JTT+G4        1920.345     10  3860.689     3861.258     3900.554
 20  JTT+I+G4      1920.509     11  3863.019     3863.703     3906.870
 22  JTT+F+I       1908.846     29  3875.693     3880.421     3991.300
 23  JTT+F+G4      1907.386     29  3872.772     3877.500     3988.379
 24  JTT+F+I+G4    1907.584     30  3875.168     3880.236     3994.762
WARNING: Normalizing state frequencies so that sum of them equals to 1
 26  Q.pfam+I      1927.864     10  3875.727     3876.296     3915.592
WARNING: Normalizing state frequencies so that sum of them equals to 1
 27  Q.pfam+G4     1926.925     10  3873.850     3874.418     3913.714
WARNING: Normalizing state frequencies so that sum of them equals to 1
 28  Q.pfam+I+G4   1927.047     11  3876.094     3876.778     3919.945
WARNING: Normalizing state frequencies so that sum of them equals to 1
 30  Q.pfam+F+I    1908.453     29  3874.905     3879.634     3990.512
WARNING: Normalizing state frequencies so that sum of them equals to 1
 31  Q.pfam+F+G4   1907.610     29  3873.220     3877.948     3988.827
WARNING: Normalizing state frequencies so that sum of them equals to 1
 32  Q.pfam+F+I+G4 1907.765     30  3875.530     3880.598     3995.124
WARNING: Normalizing state frequencies so that sum of them equals to 1
 34  Q.bird+I      1930.341     10  3880.682     3881.251     3920.547
WARNING: Normalizing state frequencies so that sum of them equals to 1
 35  Q.bird+G4     1927.879     10  3875.758     3876.327     3915.623
WARNING: Normalizing state frequencies so that sum of them equals to 1
 36  Q.bird+I+G4   1927.784     11  3877.567     3878.251     3921.418
WARNING: Normalizing state frequencies so that sum of them equals to 1
 38  Q.bird+F+I    1916.661     29  3891.322     3896.051     4006.930
WARNING: Normalizing state frequencies so that sum of them equals to 1
 39  Q.bird+F+G4   1914.215     29  3886.430     3891.158     4002.037
WARNING: Normalizing state frequencies so that sum of them equals to 1
 40  Q.bird+F+I+G4 1914.142     30  3888.284     3893.352     4007.877
WARNING: Normalizing state frequencies so that sum of them equals to 1
 42  Q.mammal+I    1925.960     10  3871.921     3872.489     3911.785
WARNING: Normalizing state frequencies so that sum of them equals to 1
 43  Q.mammal+G4   1924.450     10  3868.899     3869.468     3908.764
WARNING: Normalizing state frequencies so that sum of them equals to 1
 44  Q.mammal+I+G4 1924.470     11  3870.940     3871.624     3914.791
WARNING: Normalizing state frequencies so that sum of them equals to 1
 46  Q.mammal+F+I  1912.621     29  3883.242     3887.970     3998.849
WARNING: Normalizing state frequencies so that sum of them equals to 1
 47  Q.mammal+F+G4 1911.140     29  3880.280     3885.009     3995.888
WARNING: Normalizing state frequencies so that sum of them equals to 1
 48  Q.mammal+F+I+G4 1911.166     30  3882.332     3887.400     4001.925
 50  Q.insect+I    1935.242     10  3890.484     3891.052     3930.348
 51  Q.insect+G4   1934.356     10  3888.711     3889.280     3928.576
 52  Q.insect+I+G4 1934.467     11  3890.933     3891.617     3934.784
 54  Q.insect+F+I  1898.313     29  3854.626     3859.354     3970.233
 55  Q.insect+F+G4 1897.428     29  3852.856     3857.585     3968.463
 56  Q.insect+F+I+G4 1897.605     30  3855.210     3860.278     3974.803
WARNING: Normalizing state frequencies so that sum of them equals to 1
 58  Q.plant+I     1926.066     10  3872.132     3872.700     3911.996
WARNING: Normalizing state frequencies so that sum of them equals to 1
 59  Q.plant+G4    1923.968     10  3867.935     3868.504     3907.800
WARNING: Normalizing state frequencies so that sum of them equals to 1
 60  Q.plant+I+G4  1923.980     11  3869.960     3870.644     3913.811
WARNING: Normalizing state frequencies so that sum of them equals to 1
 62  Q.plant+F+I   1905.404     29  3868.807     3873.535     3984.414
WARNING: Normalizing state frequencies so that sum of them equals to 1
 63  Q.plant+F+G4  1903.259     29  3864.517     3869.246     3980.125
WARNING: Normalizing state frequencies so that sum of them equals to 1
 64  Q.plant+F+I+G4 1903.390     30  3866.780     3871.848     3986.374
WARNING: Normalizing state frequencies so that sum of them equals to 1
 66  Q.yeast+I     1943.690     10  3907.380     3907.949     3947.245
WARNING: Normalizing state frequencies so that sum of them equals to 1
 67  Q.yeast+G4    1942.673     10  3905.346     3905.915     3945.211
WARNING: Normalizing state frequencies so that sum of them equals to 1
 68  Q.yeast+I+G4  1942.815     11  3907.629     3908.313     3951.480
WARNING: Normalizing state frequencies so that sum of them equals to 1
 70  Q.yeast+F+I   1901.719     29  3861.439     3866.167     3977.046
WARNING: Normalizing state frequencies so that sum of them equals to 1
 71  Q.yeast+F+G4  1900.814     29  3859.628     3864.356     3975.235
WARNING: Normalizing state frequencies so that sum of them equals to 1
 72  Q.yeast+F+I+G4 1901.009     30  3862.017     3867.086     3981.611
 74  JTTDCMut+I    1921.778     10  3863.556     3864.124     3903.421
 75  JTTDCMut+G4   1920.284     10  3860.567     3861.136     3900.432
 76  JTTDCMut+I+G4 1920.451     11  3862.902     3863.586     3906.753
 78  JTTDCMut+F+I  1909.041     29  3876.083     3880.811     3991.690
 79  JTTDCMut+F+G4 1907.562     29  3873.124     3877.852     3988.731
 80  JTTDCMut+F+I+G4 1907.763     30  3875.525     3880.594     3995.119
 82  DCMut+I       1917.507     10  3855.014     3855.582     3894.878
 83  DCMut+G4      1915.985     10  3851.970     3852.539     3891.835
 84  DCMut+I+G4    1916.227     11  3854.453     3855.137     3898.304
 86  DCMut+F+I     1905.267     29  3868.534     3873.262     3984.141
 87  DCMut+F+G4    1903.764     29  3865.527     3870.255     3981.134
 88  DCMut+F+I+G4  1903.966     30  3867.932     3873.000     3987.526
 90  VT+I          1935.657     10  3891.315     3891.883     3931.179
 91  VT+G4         1935.035     10  3890.070     3890.639     3929.935
 92  VT+I+G4       1935.167     11  3892.334     3893.018     3936.185
 94  VT+F+I        1919.668     29  3897.336     3902.065     4012.943
 95  VT+F+G4       1919.070     29  3896.139     3900.867     4011.746
 96  VT+F+I+G4     1919.220     30  3898.440     3903.508     4018.034
 98  PMB+I         1952.735     10  3925.471     3926.039     3965.335
 99  PMB+G4        1952.269     10  3924.539     3925.107     3964.403
100  PMB+I+G4      1952.342     11  3926.684     3927.368     3970.535
102  PMB+F+I       1933.952     29  3925.904     3930.632     4041.511
103  PMB+F+G4      1933.402     29  3924.804     3929.532     4040.411
104  PMB+F+I+G4    1933.499     30  3926.999     3932.067     4046.592
106  Blosum62+I    1956.373     10  3932.747     3933.315     3972.611
107  Blosum62+G4   1955.721     10  3931.442     3932.011     3971.307
108  Blosum62+I+G4 1955.821     11  3933.643     3934.326     3977.494
110  Blosum62+F+I  1933.720     29  3925.439     3930.167     4041.046
111  Blosum62+F+G4 1932.959     29  3923.917     3928.645     4039.524
112  Blosum62+F+I+G4 1933.108     30  3926.216     3931.284     4045.809
114  Dayhoff+I     1917.387     10  3854.773     3855.342     3894.638
115  Dayhoff+G4    1915.845     10  3851.690     3852.259     3891.555
116  Dayhoff+I+G4  1916.088     11  3854.175     3854.859     3898.026
118  Dayhoff+F+I   1905.143     29  3868.286     3873.014     3983.893
119  Dayhoff+F+G4  1903.619     29  3865.238     3869.966     3980.845
120  Dayhoff+F+I+G4 1903.822     30  3867.644     3872.712     3987.238
122  mtREV+I       2071.931     10  4163.862     4164.430     4203.726
123  mtREV+G4      2068.308     10  4156.616     4157.185     4196.481
124  mtREV+I+G4    2068.335     11  4158.671     4159.355     4202.522
126  mtREV+F+I     1928.943     29  3915.886     3920.614     4031.493
127  mtREV+F+G4    1925.980     29  3909.960     3914.688     4025.567
128  mtREV+F+I+G4  1926.189     30  3912.379     3917.447     4031.973
130  mtART+I       2087.631     10  4195.262     4195.831     4235.127
131  mtART+G4      2078.486     10  4176.971     4177.540     4216.836
132  mtART+I+G4    2078.183     11  4178.366     4179.050     4222.217
134  mtART+F+I     1941.751     29  3941.502     3946.230     4057.109
135  mtART+F+G4    1933.906     29  3925.811     3930.540     4041.418
136  mtART+F+I+G4  1933.629     30  3927.257     3932.326     4046.851
138  mtZOA+I       2043.266     10  4106.532     4107.101     4146.397
139  mtZOA+G4      2038.502     10  4097.004     4097.573     4136.869
140  mtZOA+I+G4    2038.573     11  4099.146     4099.830     4142.997
142  mtZOA+F+I     1921.694     29  3901.387     3906.115     4016.994
143  mtZOA+F+G4    1918.021     29  3894.042     3898.771     4009.649
144  mtZOA+F+I+G4  1918.164     30  3896.329     3901.397     4015.922
146  mtMet+I       2084.663     10  4189.325     4189.894     4229.190
147  mtMet+G4      2081.615     10  4183.230     4183.799     4223.095
148  mtMet+I+G4    2081.639     11  4185.279     4185.963     4229.130
150  mtMet+F+I     1921.694     29  3901.389     3906.117     4016.996
151  mtMet+F+G4    1919.608     29  3897.216     3901.944     4012.823
152  mtMet+F+I+G4  1919.675     30  3899.349     3904.417     4018.943
154  mtVer+I       2087.492     10  4194.985     4195.553     4234.849
155  mtVer+G4      2082.123     10  4184.247     4184.815     4224.111
156  mtVer+I+G4    2081.867     11  4185.734     4186.418     4229.585
158  mtVer+F+I     1934.017     29  3926.035     3930.763     4041.642
159  mtVer+F+G4    1930.114     29  3918.228     3922.956     4033.835
160  mtVer+F+I+G4  1929.917     30  3919.834     3924.903     4039.428
162  mtInv+I       2115.302     10  4250.603     4251.172     4290.468
163  mtInv+G4      2113.303     10  4246.607     4247.175     4286.471
164  mtInv+I+G4    2113.409     11  4248.817     4249.501     4292.668
166  mtInv+F+I     1917.684     29  3893.369     3898.097     4008.976
167  mtInv+F+G4    1915.939     29  3889.878     3894.606     4005.485
168  mtInv+F+I+G4  1916.100     30  3892.200     3897.268     4011.794
170  mtMAM+I       2094.023     10  4208.045     4208.614     4247.910
171  mtMAM+G4      2083.643     10  4187.287     4187.855     4227.151
172  mtMAM+I+G4    2082.953     11  4187.906     4188.590     4231.757
174  mtMAM+F+I     1942.864     29  3943.728     3948.456     4059.335
175  mtMAM+F+G4    1935.996     29  3929.992     3934.721     4045.599
176  mtMAM+F+I+G4  1935.503     30  3931.007     3936.075     4050.600
WARNING: Normalizing state frequencies so that sum of them equals to 1
178  FLAVI+I       1985.801     10  3991.602     3992.170     4031.466
WARNING: Normalizing state frequencies so that sum of them equals to 1
179  FLAVI+G4      1980.394     10  3980.788     3981.356     4020.652
WARNING: Normalizing state frequencies so that sum of them equals to 1
180  FLAVI+I+G4    1979.486     11  3980.973     3981.657     4024.824
WARNING: Normalizing state frequencies so that sum of them equals to 1
182  FLAVI+F+I     1945.493     29  3948.985     3953.714     4064.592
WARNING: Normalizing state frequencies so that sum of them equals to 1
183  FLAVI+F+G4    1939.862     29  3937.724     3942.453     4053.331
WARNING: Normalizing state frequencies so that sum of them equals to 1
184  FLAVI+F+I+G4  1939.095     30  3938.190     3943.258     4057.784
186  HIVb+I        1964.723     10  3949.447     3950.015     3989.311
187  HIVb+G4       1960.602     10  3941.203     3941.772     3981.068
188  HIVb+I+G4     1960.198     11  3942.396     3943.080     3986.247
190  HIVb+F+I      1926.676     29  3911.353     3916.081     4026.960
191  HIVb+F+G4     1922.593     29  3903.186     3907.914     4018.793
192  HIVb+F+I+G4   1922.365     30  3904.729     3909.797     4024.323
194  HIVw+I        2039.148     10  4098.297     4098.865     4138.162
195  HIVw+G4       2032.707     10  4085.414     4085.982     4125.278
196  HIVw+I+G4     2031.590     11  4085.181     4085.865     4129.032
198  HIVw+F+I      1964.989     29  3987.978     3992.707     4103.585
199  HIVw+F+G4     1959.385     29  3976.770     3981.498     4092.377
200  HIVw+F+I+G4   1958.581     30  3977.161     3982.229     4096.755
202  FLU+I         1967.800     10  3955.600     3956.168     3995.464
203  FLU+G4        1964.716     10  3949.432     3950.000     3989.296
204  FLU+I+G4      1964.327     11  3950.654     3951.338     3994.505
206  FLU+F+I       1930.383     29  3918.767     3923.495     4034.374
207  FLU+F+G4      1927.837     29  3913.675     3918.403     4029.282
208  FLU+F+I+G4    1927.563     30  3915.125     3920.194     4034.719
210  rtREV+I       1948.845     10  3917.690     3918.259     3957.555
211  rtREV+G4      1947.702     10  3915.403     3915.972     3955.268
212  rtREV+I+G4    1947.847     11  3917.694     3918.377     3961.544
214  rtREV+F+I     1912.366     29  3882.732     3887.460     3998.339
215  rtREV+F+G4    1911.223     29  3880.446     3885.174     3996.053
216  rtREV+F+I+G4  1911.416     30  3882.832     3887.900     4002.425
218  cpREV+I       1958.944     10  3937.889     3938.457     3977.753
219  cpREV+G4      1957.073     10  3934.146     3934.714     3974.010
220  cpREV+I+G4    1957.187     11  3936.373     3937.057     3980.224
222  cpREV+F+I     1926.317     29  3910.633     3915.362     4026.241
223  cpREV+F+G4    1924.336     29  3906.671     3911.399     4022.278
224  cpREV+F+I+G4  1924.520     30  3909.041     3914.109     4028.634
Akaike Information Criterion:           Dayhoff+G4
Corrected Akaike Information Criterion: Dayhoff+G4
Bayesian Information Criterion:         Dayhoff+G4
Best-fit model: Dayhoff+G4 chosen according to BIC

All model information printed to ../results/molecular_evolution_analyses/phylogenetic_trees/F50945_MLIG_G1/F50945_MLIG_G1.model.gz
CPU time for ModelFinder: 1.493 seconds (0h:0m:1s)
Wall-clock time for ModelFinder: 1.501 seconds (0h:0m:1s)
Generating 1000 samples for ultrafast bootstrap (seed: 215473)...

NOTE: 1 MB RAM (0 GB) is required!
Estimate model parameters (epsilon = 0.100)
1. Initial log-likelihood: -1915.845
Optimal log-likelihood: -1915.845
Gamma shape alpha: 0.501
Parameters optimization took 1 rounds (0.003 sec)
Wrote distance file to... 
Computing ML distances based on estimated model parameters...
Calculating distance matrix: done in 0.00234008 secs using 99.74% CPU
Computing ML distances took 0.002363 sec (of wall-clock time) 0.002358 sec (of CPU time)
Setting up auxiliary I and S matrices: done in 3.69549e-05 secs using 100.1% CPU
Constructing RapidNJ tree: done in 2.21729e-05 secs using 103.7% CPU
Computing RapidNJ tree took 0.000119 sec (of wall-clock time) 0.000117 sec (of CPU time)
Log-likelihood of RapidNJ tree: -1915.845
--------------------------------------------------------------------
|             INITIALIZING CANDIDATE TREE SET                      |
--------------------------------------------------------------------
Generating 98 parsimony trees... 0.015 second
Computing log-likelihood of 12 initial trees ... 0.012 seconds
Current best score: -1915.845

Do NNI search on 14 best initial trees
Optimizing NNI: done in 0.00366116 secs using 200% CPU
UPDATE BEST LOG-LIKELIHOOD: -1915.845
Optimizing NNI: done in 0.00358295 secs using 200% CPU
UPDATE BEST LOG-LIKELIHOOD: -1915.845
Optimizing NNI: done in 0.010792 secs using 199.9% CPU
Optimizing NNI: done in 0.0108371 secs using 200% CPU
Optimizing NNI: done in 0.0108202 secs using 199.9% CPU
Optimizing NNI: done in 0.0108211 secs using 200% CPU
Optimizing NNI: done in 0.0108559 secs using 200% CPU
Optimizing NNI: done in 0.010854 secs using 200% CPU
Optimizing NNI: done in 0.01455 secs using 199.9% CPU
Optimizing NNI: done in 0.0145531 secs using 200% CPU
Iteration 10 / LogL: -1915.845 / Time: 0h:0m:0s
Optimizing NNI: done in 0.0145509 secs using 200% CPU
Optimizing NNI: done in 0.01457 secs using 200% CPU
Optimizing NNI: done in 0.0145879 secs using 172.6% CPU
Optimizing NNI: done in 0.0145729 secs using 200% CPU
Finish initializing candidate tree set (14)
Current best tree score: -1915.845 / CPU time: 0.193
Number of iterations: 14
--------------------------------------------------------------------
|               OPTIMIZING CANDIDATE TREE SET                      |
--------------------------------------------------------------------
Optimizing NNI: done in 0.014262 secs using 99.94% CPU
Optimizing NNI: done in 0.017705 secs using 99.96% CPU
Optimizing NNI: done in 0.00718188 secs using 99.96% CPU
UPDATE BEST LOG-LIKELIHOOD: -1915.845
Optimizing NNI: done in 0.0142071 secs using 99.99% CPU
Optimizing NNI: done in 0.0142541 secs using 99.96% CPU
Optimizing NNI: done in 0.017699 secs using 99.97% CPU
Iteration 20 / LogL: -1915.845 / Time: 0h:0m:0s
Optimizing NNI: done in 0.0107739 secs using 99.97% CPU
Optimizing NNI: done in 0.017694 secs using 99.98% CPU
Optimizing NNI: done in 0.010778 secs using 99.97% CPU
Optimizing NNI: done in 0.014251 secs using 99.97% CPU
Optimizing NNI: done in 0.0142541 secs using 99.97% CPU
Optimizing NNI: done in 0.00712609 secs using 99.96% CPU
Optimizing NNI: done in 0.00349903 secs using 100% CPU
Optimizing NNI: done in 0.0140438 secs using 99.97% CPU
Optimizing NNI: done in 0.014199 secs using 99.98% CPU
Optimizing NNI: done in 0.0140371 secs using 99.98% CPU
Iteration 30 / LogL: -1915.845 / Time: 0h:0m:0s (0h:0m:1s left)
Optimizing NNI: done in 0.017695 secs using 99.98% CPU
Optimizing NNI: done in 0.014142 secs using 99.96% CPU
Optimizing NNI: done in 0.00646901 secs using 99.95% CPU
Optimizing NNI: done in 0.0107801 secs using 99.97% CPU
Optimizing NNI: done in 0.014194 secs using 99.96% CPU
Optimizing NNI: done in 0.017694 secs using 99.97% CPU
Optimizing NNI: done in 0.00350499 secs using 99.94% CPU
Optimizing NNI: done in 0.0140252 secs using 99.97% CPU
Optimizing NNI: done in 0.0141618 secs using 99.99% CPU
Optimizing NNI: done in 0.00640893 secs using 99.95% CPU
Iteration 40 / LogL: -1915.845 / Time: 0h:0m:0s (0h:0m:0s left)
Optimizing NNI: done in 0.0070622 secs using 99.95% CPU
UPDATE BEST LOG-LIKELIHOOD: -1915.845
Optimizing NNI: done in 0.00285316 secs using 99.96% CPU
Optimizing NNI: done in 0.0177031 secs using 99.96% CPU
Optimizing NNI: done in 0.014241 secs using 99.98% CPU
Optimizing NNI: done in 0.00284123 secs using 99.99% CPU
Optimizing NNI: done in 0.0141389 secs using 99.97% CPU
Optimizing NNI: done in 0.0186701 secs using 99.97% CPU
Optimizing NNI: done in 0.00640988 secs using 99.96% CPU
Optimizing NNI: done in 0.00284696 secs using 100% CPU
Optimizing NNI: done in 0.0142679 secs using 99.98% CPU
Iteration 50 / LogL: -1915.845 / Time: 0h:0m:0s (0h:0m:0s left)
Log-likelihood cutoff on original alignment: -1921.419
Optimizing NNI: done in 0.00290704 secs using 99.96% CPU
Optimizing NNI: done in 0.0140269 secs using 99.95% CPU
Optimizing NNI: done in 0.0142319 secs using 99.98% CPU
Optimizing NNI: done in 0.0141809 secs using 99.98% CPU
Optimizing NNI: done in 0.007056 secs using 99.96% CPU
Optimizing NNI: done in 0.0063951 secs using 99.94% CPU
Optimizing NNI: done in 0.0140178 secs using 99.97% CPU
Optimizing NNI: done in 0.00705099 secs using 99.99% CPU
Optimizing NNI: done in 0.00705409 secs using 99.94% CPU
Optimizing NNI: done in 0.0141151 secs using 99.99% CPU
Iteration 60 / LogL: -1915.845 / Time: 0h:0m:0s (0h:0m:0s left)
Optimizing NNI: done in 0.00645304 secs using 100% CPU
Optimizing NNI: done in 0.0070529 secs using 99.96% CPU
Optimizing NNI: done in 0.014112 secs using 99.99% CPU
Optimizing NNI: done in 0.0140028 secs using 99.97% CPU
Optimizing NNI: done in 0.00284696 secs using 99.9% CPU
Optimizing NNI: done in 0.00642586 secs using 100% CPU
Optimizing NNI: done in 0.0063889 secs using 100% CPU
Optimizing NNI: done in 0.00284505 secs using 99.89% CPU
Optimizing NNI: done in 0.017704 secs using 99.96% CPU
Optimizing NNI: done in 0.00645494 secs using 100% CPU
Iteration 70 / LogL: -1915.845 / Time: 0h:0m:1s (0h:0m:0s left)
Optimizing NNI: done in 0.00284314 secs using 100% CPU
Optimizing NNI: done in 0.00706697 secs using 99.93% CPU
Optimizing NNI: done in 0.0186529 secs using 99.97% CPU
Optimizing NNI: done in 0.014138 secs using 99.98% CPU
Optimizing NNI: done in 0.0141349 secs using 99.97% CPU
Optimizing NNI: done in 0.0186739 secs using 99.98% CPU
Optimizing NNI: done in 0.0186651 secs using 99.98% CPU
Optimizing NNI: done in 0.00706506 secs using 99.97% CPU
Optimizing NNI: done in 0.01403 secs using 99.96% CPU
Optimizing NNI: done in 0.00349712 secs using 99.91% CPU
Iteration 80 / LogL: -1915.845 / Time: 0h:0m:1s (0h:0m:0s left)
Optimizing NNI: done in 0.00349808 secs using 99.97% CPU
Optimizing NNI: done in 0.01424 secs using 99.96% CPU
Optimizing NNI: done in 0.0186799 secs using 99.96% CPU
Optimizing NNI: done in 0.0107388 secs using 99.99% CPU
Optimizing NNI: done in 0.00647092 secs using 99.94% CPU
Optimizing NNI: done in 0.00705481 secs using 99.93% CPU
Optimizing NNI: done in 0.01425 secs using 99.98% CPU
Optimizing NNI: done in 0.010757 secs using 99.97% CPU
Optimizing NNI: done in 0.01401 secs using 99.99% CPU
Optimizing NNI: done in 0.0186429 secs using 99.97% CPU
Iteration 90 / LogL: -1915.845 / Time: 0h:0m:1s (0h:0m:0s left)
Optimizing NNI: done in 0.014014 secs using 99.96% CPU
Optimizing NNI: done in 0.00349283 secs using 100% CPU
Optimizing NNI: done in 0.0142281 secs using 99.96% CPU
Optimizing NNI: done in 0.00283599 secs using 100% CPU
Optimizing NNI: done in 0.00705194 secs using 99.96% CPU
Optimizing NNI: done in 0.00645804 secs using 100% CPU
Optimizing NNI: done in 0.0140169 secs using 99.98% CPU
Optimizing NNI: done in 0.014143 secs using 99.96% CPU
Optimizing NNI: done in 0.018667 secs using 99.97% CPU
Optimizing NNI: done in 0.0107551 secs using 99.97% CPU
Iteration 100 / LogL: -1915.845 / Time: 0h:0m:1s (0h:0m:0s left)
Log-likelihood cutoff on original alignment: -1921.419
NOTE: Bootstrap correlation coefficient of split occurrence frequencies: 1.000
Optimizing NNI: done in 0.0107961 secs using 99.94% CPU
TREE SEARCH COMPLETED AFTER 101 ITERATIONS / Time: 0h:0m:1s

--------------------------------------------------------------------
|                    FINALIZING TREE SEARCH                        |
--------------------------------------------------------------------
Performs final model parameters optimization
Estimate model parameters (epsilon = 0.010)
1. Initial log-likelihood: -1915.845
Optimal log-likelihood: -1915.845
Gamma shape alpha: 0.501
Parameters optimization took 1 rounds (0.004 sec)
BEST SCORE FOUND : -1915.845

Testing tree branches by SH-like aLRT with 1000 replicates...
0.027 sec.
Creating bootstrap support values...
Split supports printed to NEXUS file ../results/molecular_evolution_analyses/phylogenetic_trees/F50945_MLIG_G1/F50945_MLIG_G1.splits.nex
Total tree length: 0.555

Total number of iterations: 101
CPU time used for tree search: 1.621 sec (0h:0m:1s)
Wall-clock time used for tree search: 1.432 sec (0h:0m:1s)
Total CPU time used: 1.685 sec (0h:0m:1s)
Total wall-clock time used: 1.497 sec (0h:0m:1s)

Computing bootstrap consensus tree...
Reading input file ../results/molecular_evolution_analyses/phylogenetic_trees/F50945_MLIG_G1/F50945_MLIG_G1.splits.nex...
6 taxa and 17 splits.
Consensus tree written to ../results/molecular_evolution_analyses/phylogenetic_trees/F50945_MLIG_G1/F50945_MLIG_G1.contree
Reading input trees file ../results/molecular_evolution_analyses/phylogenetic_trees/F50945_MLIG_G1/F50945_MLIG_G1.contree
Log-likelihood of consensus tree: -1915.847

Analysis results written to: 
  IQ-TREE report:                ../results/molecular_evolution_analyses/phylogenetic_trees/F50945_MLIG_G1/F50945_MLIG_G1.iqtree
  Maximum-likelihood tree:       ../results/molecular_evolution_analyses/phylogenetic_trees/F50945_MLIG_G1/F50945_MLIG_G1.treefile
  Likelihood distances:          ../results/molecular_evolution_analyses/phylogenetic_trees/F50945_MLIG_G1/F50945_MLIG_G1.mldist

Ultrafast bootstrap approximation results written to:
  Split support values:          ../results/molecular_evolution_analyses/phylogenetic_trees/F50945_MLIG_G1/F50945_MLIG_G1.splits.nex
  Consensus tree:                ../results/molecular_evolution_analyses/phylogenetic_trees/F50945_MLIG_G1/F50945_MLIG_G1.contree
  Screen log file:               ../results/molecular_evolution_analyses/phylogenetic_trees/F50945_MLIG_G1/F50945_MLIG_G1.log

Date and Time: Wed May  1 10:09:09 2024
