IQ-TREE multicore version 2.2.2.6 COVID-edition for Linux 64-bit built May 27 2023
Developed by Bui Quang Minh, James Barbetti, Nguyen Lam Tung,
Olga Chernomor, Heiko Schmidt, Dominik Schrempf, Michael Woodhams, Ly Trong Nhan.

Host:    lbc5 (AVX2, FMA3, 125 GB RAM)
Command: /home/mauricio/mauricio_PROGRAMAS/iqtree-2.2.2.6-Linux/bin/iqtree2 -s ../results/molecular_evolution_analyses/alignments_gblocks/F80024_SMED_G1/F80024_SMED_G1.aln.gblo -m TEST --threads-max 32 --alrt 1000 --ufboot 1000 --prefix ../results/molecular_evolution_analyses/phylogenetic_trees/F80024_SMED_G1/F80024_SMED_G1
Seed:    42185 (Using SPRNG - Scalable Parallel Random Number Generator)
Time:    Thu Mar 28 11:19:29 2024
Kernel:  AVX+FMA - 1 threads (32 CPU cores detected)

HINT: Use -nt option to specify number of threads because your CPU has 32 cores!
HINT: -nt AUTO will automatically determine the best number of threads to use.

Reading alignment file ../results/molecular_evolution_analyses/alignments_gblocks/F80024_SMED_G1/F80024_SMED_G1.aln.gblo ... Fasta format detected
Reading fasta file: done in 4.41074e-05 secs using 97.49% CPU
Alignment most likely contains protein sequences
Constructing alignment: done in 2.40803e-05 secs using 99.67% CPU
Alignment has 21 sequences with 12 columns, 12 distinct patterns
2 parsimony-informative, 7 singleton sites, 3 constant sites
            Gap/Ambiguity  Composition  p-value
Analyzing sequences: done in 8.10623e-06 secs using 98.69% CPU
   1  Smed.27190    0.00%    passed    100.00%
   2  Smed.8854     0.00%    passed     22.35%
   3  Smed.27554    0.00%    passed    100.00%
   4  Smed.28511    0.00%    passed     62.03%
   5  Smed.3624     0.00%    passed    100.00%
   6  Smed.21171    0.00%    passed    100.00%
   7  Smed.22673    0.00%    passed    100.00%
   8  Smed.3594     0.00%    passed    100.00%
   9  Smed.13254    0.00%    passed     19.94%
  10  Smed.19388    0.00%    passed     19.50%
  11  Smed.16656    0.00%    passed    100.00%
  12  Smed.11264    0.00%    passed     99.86%
  13  Smed.21021    0.00%    passed      5.24%
  14  Smed.16729    0.00%    passed     19.94%
  15  Smed.26263    0.00%    passed     75.43%
  16  Smed.11925    0.00%    passed     99.86%
  17  Smed.21783    0.00%    passed    100.00%
  18  Smed.26011    0.00%    passed    100.00%
  19  Smed.21414    0.00%    passed    100.00%
  20  Smed.9764     0.00%    passed    100.00%
  21  Smed.10658    0.00%    passed    100.00%
****  TOTAL         0.00%  0 sequences failed composition chi2 test (p-value<5%; df=16)
NOTE: Smed.21171 is identical to Smed.27190 but kept for subsequent analysis
NOTE: Smed.11925 is identical to Smed.11264 but kept for subsequent analysis
Checking for duplicate sequences: done in 4.69685e-05 secs using 100.1% CPU
Identifying sites to remove: done in 1.28746e-05 secs using 101% CPU
NOTE: 7 identical sequences (see below) will be ignored for subsequent analysis
NOTE: Smed.22673 (identical to Smed.27190) is ignored but added at the end
NOTE: Smed.3594 (identical to Smed.27190) is ignored but added at the end
NOTE: Smed.16656 (identical to Smed.27190) is ignored but added at the end
NOTE: Smed.21783 (identical to Smed.27190) is ignored but added at the end
NOTE: Smed.26011 (identical to Smed.27190) is ignored but added at the end
NOTE: Smed.9764 (identical to Smed.27190) is ignored but added at the end
NOTE: Smed.10658 (identical to Smed.27190) is ignored but added at the end
Alignment was printed to ../results/molecular_evolution_analyses/phylogenetic_trees/F80024_SMED_G1/F80024_SMED_G1.uniqueseq.phy

For your convenience alignment with unique sequences printed to ../results/molecular_evolution_analyses/phylogenetic_trees/F80024_SMED_G1/F80024_SMED_G1.uniqueseq.phy


Create initial parsimony tree by phylogenetic likelihood library (PLL)... 0.000 seconds
Perform fast likelihood tree search using LG+I+G model...
Estimate model parameters (epsilon = 5.000)
Perform nearest neighbor interchange...
Optimizing NNI: done in 0.010283 secs using 99.91% CPU
Estimate model parameters (epsilon = 1.000)
1. Initial log-likelihood: -121.385
Optimal log-likelihood: -121.385
Proportion of invariable sites: 0.111
Gamma shape alpha: 998.446
Parameters optimization took 1 rounds (0.008 sec)
Time for fast ML tree search: 0.030 seconds

NOTE: ModelFinder requires 0 MB RAM!
ModelFinder will test up to 224 protein models (sample size: 12) ...
 No. Model         -LnL         df  AIC          AICc         BIC
  1  LG            121.575      25  293.150      1593.150     305.273
  2  LG+I          121.383      26  294.766      1698.766     307.373
  3  LG+G4         121.576      26  295.152      1699.152     307.760
  4  LG+I+G4       121.385      27  296.771      1808.771     309.863
  5  LG+F          123.293      44  334.586      4294.586     355.922
  6  LG+F+I        122.484      45  334.968      4474.968     356.789
  7  LG+F+G4       123.293      45  336.585      4476.585     358.406
  8  LG+F+I+G4     122.494      46  336.988      4660.988     359.294
  9  WAG           117.901      25  285.802      1585.802     297.925
 10  WAG+I         117.899      26  287.799      1691.799     300.406
 11  WAG+G4        117.903      26  287.807      1691.807     300.414
 12  WAG+I+G4      117.973      27  289.945      1801.945     303.038
 13  WAG+F         120.428      44  328.856      4288.856     350.192
 14  WAG+F+I       120.103      45  330.207      4470.207     352.028
 15  WAG+F+G4      120.429      45  330.858      4470.858     352.679
 16  WAG+F+I+G4    120.110      46  332.220      4656.220     354.526
 17  JTT           118.037      25  286.074      1586.074     298.197
 18  JTT+I         118.036      26  288.072      1692.072     300.680
 19  JTT+G4        118.039      26  288.078      1692.078     300.686
 20  JTT+I+G4      118.116      27  290.232      1802.232     303.325
 21  JTT+F         120.746      44  329.492      4289.492     350.828
 22  JTT+F+I       120.474      45  330.948      4470.948     352.769
 23  JTT+F+G4      120.747      45  331.494      4471.494     353.315
 24  JTT+F+I+G4    120.477      46  332.955      4656.955     355.260
WARNING: Normalizing state frequencies so that sum of them equals to 1
 25  Q.pfam        121.606      25  293.211      1593.211     305.334
WARNING: Normalizing state frequencies so that sum of them equals to 1
 26  Q.pfam+I      121.357      26  294.714      1698.714     307.321
WARNING: Normalizing state frequencies so that sum of them equals to 1
 27  Q.pfam+G4     121.606      26  295.213      1699.213     307.820
WARNING: Normalizing state frequencies so that sum of them equals to 1
 28  Q.pfam+I+G4   121.360      27  296.720      1808.720     309.812
WARNING: Normalizing state frequencies so that sum of them equals to 1
 29  Q.pfam+F      123.326      44  334.652      4294.652     355.988
WARNING: Normalizing state frequencies so that sum of them equals to 1
 30  Q.pfam+F+I    122.295      45  334.589      4474.589     356.410
WARNING: Normalizing state frequencies so that sum of them equals to 1
 31  Q.pfam+F+G4   123.293      45  336.586      4476.586     358.406
WARNING: Normalizing state frequencies so that sum of them equals to 1
 32  Q.pfam+F+I+G4 122.304      46  336.609      4660.609     358.915
WARNING: Normalizing state frequencies so that sum of them equals to 1
 33  Q.bird        120.728      25  291.457      1591.457     303.579
WARNING: Normalizing state frequencies so that sum of them equals to 1
 34  Q.bird+I      120.665      26  293.331      1697.331     305.938
WARNING: Normalizing state frequencies so that sum of them equals to 1
 35  Q.bird+G4     120.729      26  293.459      1697.459     306.066
WARNING: Normalizing state frequencies so that sum of them equals to 1
 36  Q.bird+I+G4   120.677      27  295.355      1807.355     308.447
WARNING: Normalizing state frequencies so that sum of them equals to 1
 37  Q.bird+F      122.786      44  333.572      4293.572     354.908
WARNING: Normalizing state frequencies so that sum of them equals to 1
 38  Q.bird+F+I    122.056      45  334.112      4474.112     355.933
WARNING: Normalizing state frequencies so that sum of them equals to 1
 39  Q.bird+F+G4   122.762      45  335.525      4475.525     357.345
WARNING: Normalizing state frequencies so that sum of them equals to 1
 40  Q.bird+F+I+G4 122.062      46  336.124      4660.124     358.429
WARNING: Normalizing state frequencies so that sum of them equals to 1
 41  Q.mammal      120.258      25  290.517      1590.517     302.640
WARNING: Normalizing state frequencies so that sum of them equals to 1
 42  Q.mammal+I    120.203      26  292.406      1696.406     305.013
WARNING: Normalizing state frequencies so that sum of them equals to 1
 43  Q.mammal+G4   120.260      26  292.519      1696.519     305.127
WARNING: Normalizing state frequencies so that sum of them equals to 1
 44  Q.mammal+I+G4 120.218      27  294.435      1806.435     307.528
WARNING: Normalizing state frequencies so that sum of them equals to 1
 45  Q.mammal+F    122.023      44  332.046      4292.046     353.382
WARNING: Normalizing state frequencies so that sum of them equals to 1
 46  Q.mammal+F+I  121.379      45  332.758      4472.758     354.579
WARNING: Normalizing state frequencies so that sum of them equals to 1
 47  Q.mammal+F+G4 122.021      45  334.041      4474.041     355.862
WARNING: Normalizing state frequencies so that sum of them equals to 1
 48  Q.mammal+F+I+G4 121.385      46  334.770      4658.770     357.076
 49  Q.insect      121.265      25  292.530      1592.530     304.653
 50  Q.insect+I    121.215      26  294.430      1698.430     307.038
 51  Q.insect+G4   121.266      26  294.533      1698.533     307.141
 52  Q.insect+I+G4 121.239      27  296.477      1808.477     309.570
 53  Q.insect+F    122.664      44  333.329      4293.329     354.665
 54  Q.insect+F+I  122.276      45  334.553      4474.553     356.373
 55  Q.insect+F+G4 122.665      45  335.330      4475.330     357.151
 56  Q.insect+F+I+G4 122.284      46  336.568      4660.568     358.874
WARNING: Normalizing state frequencies so that sum of them equals to 1
 57  Q.plant       119.148      25  288.296      1588.296     300.418
WARNING: Normalizing state frequencies so that sum of them equals to 1
 58  Q.plant+I     119.084      26  290.168      1694.168     302.776
WARNING: Normalizing state frequencies so that sum of them equals to 1
 59  Q.plant+G4    119.149      26  290.298      1694.298     302.905
WARNING: Normalizing state frequencies so that sum of them equals to 1
 60  Q.plant+I+G4  119.103      27  292.207      1804.207     305.299
WARNING: Normalizing state frequencies so that sum of them equals to 1
 61  Q.plant+F     120.597      44  329.195      4289.195     350.531
WARNING: Normalizing state frequencies so that sum of them equals to 1
 62  Q.plant+F+I   120.193      45  330.385      4470.385     352.206
WARNING: Normalizing state frequencies so that sum of them equals to 1
 63  Q.plant+F+G4  120.598      45  331.196      4471.196     353.017
WARNING: Normalizing state frequencies so that sum of them equals to 1
 64  Q.plant+F+I+G4 120.201      46  332.401      4656.401     354.707
WARNING: Normalizing state frequencies so that sum of them equals to 1
 65  Q.yeast       121.521      25  293.042      1593.042     305.164
WARNING: Normalizing state frequencies so that sum of them equals to 1
 66  Q.yeast+I     121.456      26  294.911      1698.911     307.519
WARNING: Normalizing state frequencies so that sum of them equals to 1
 67  Q.yeast+G4    121.522      26  295.044      1699.044     307.652
WARNING: Normalizing state frequencies so that sum of them equals to 1
 68  Q.yeast+I+G4  121.474      27  296.948      1808.948     310.040
WARNING: Normalizing state frequencies so that sum of them equals to 1
 69  Q.yeast+F     123.029      44  334.058      4294.058     355.394
WARNING: Normalizing state frequencies so that sum of them equals to 1
 70  Q.yeast+F+I   122.507      45  335.013      4475.013     356.834
WARNING: Normalizing state frequencies so that sum of them equals to 1
 71  Q.yeast+F+G4  123.029      45  336.059      4476.059     357.879
WARNING: Normalizing state frequencies so that sum of them equals to 1
 72  Q.yeast+F+I+G4 122.513      46  337.027      4661.027     359.332
 73  JTTDCMut      117.919      25  285.837      1585.837     297.960
 74  JTTDCMut+I    117.918      26  287.836      1691.836     300.443
 75  JTTDCMut+G4   117.920      26  287.841      1691.841     300.449
 76  JTTDCMut+I+G4 118.000      27  290.001      1802.001     303.093
 77  JTTDCMut+F    120.814      44  329.628      4289.628     350.964
 78  JTTDCMut+F+I  120.539      45  331.079      4471.079     352.900
 79  JTTDCMut+F+G4 120.815      45  331.630      4471.630     353.451
 80  JTTDCMut+F+I+G4 120.543      46  333.086      4657.086     355.391
 81  DCMut         119.299      25  288.597      1588.597     300.720
 82  DCMut+I       119.299      26  290.597      1694.597     303.205
 83  DCMut+G4      119.302      26  290.603      1694.603     303.211
 84  DCMut+I+G4    119.424      27  292.849      1804.849     305.941
 85  DCMut+F       123.200      44  334.400      4294.400     355.736
 86  DCMut+F+I     123.001      45  336.002      4476.002     357.822
 87  DCMut+F+G4    123.201      45  336.403      4476.403     358.224
 88  DCMut+F+I+G4  123.004      46  338.009      4662.009     360.314
 89  VT            120.035      25  290.069      1590.069     302.192
 90  VT+I          120.029      26  292.058      1696.058     304.666
 91  VT+G4         120.036      26  292.073      1696.073     304.680
 92  VT+I+G4       120.089      27  294.179      1806.179     307.271
 93  VT+F          122.114      44  332.228      4292.228     353.564
 94  VT+F+I        121.847      45  333.695      4473.695     355.516
 95  VT+F+G4       122.115      45  334.230      4474.230     356.050
 96  VT+F+I+G4     121.852      46  335.703      4659.703     358.009
 97  PMB           122.517      25  295.034      1595.034     307.156
 98  PMB+I         122.323      26  296.647      1700.647     309.254
 99  PMB+G4        122.517      26  297.034      1701.034     309.642
100  PMB+I+G4      122.325      27  298.651      1810.651     311.743
101  PMB+F         124.855      44  337.711      4297.711     359.047
102  PMB+F+I       124.156      45  338.311      4478.311     360.132
103  PMB+F+G4      124.850      45  339.700      4479.700     361.520
104  PMB+F+I+G4    124.171      46  340.341      4664.341     362.647
105  Blosum62      122.614      25  295.228      1595.228     307.351
106  Blosum62+I    122.425      26  296.850      1700.850     309.458
107  Blosum62+G4   122.614      26  297.228      1701.228     309.836
108  Blosum62+I+G4 122.427      27  298.854      1810.854     311.946
109  Blosum62+F    125.268      44  338.535      4298.535     359.871
110  Blosum62+F+I  124.681      45  339.362      4479.362     361.183
111  Blosum62+F+G4 125.260      45  340.519      4480.519     362.340
112  Blosum62+F+I+G4 124.692      46  341.383      4665.383     363.689
113  Dayhoff       119.269      25  288.539      1588.539     300.661
114  Dayhoff+I     119.269      26  290.538      1694.538     303.146
115  Dayhoff+G4    119.272      26  290.544      1694.544     303.152
116  Dayhoff+I+G4  119.395      27  292.791      1804.791     305.883
117  Dayhoff+F     123.167      44  334.335      4294.335     355.670
118  Dayhoff+F+I   122.967      45  335.933      4475.933     357.754
119  Dayhoff+F+G4  123.169      45  336.338      4476.338     358.159
120  Dayhoff+F+I+G4 122.970      46  337.940      4661.940     360.246
121  mtREV         129.201      25  308.402      1608.402     320.525
122  mtREV+I       128.296      26  308.593      1712.593     321.200
123  mtREV+G4      128.767      26  309.534      1713.534     322.142
124  mtREV+I+G4    128.307      27  310.613      1822.613     323.706
125  mtREV+F       126.467      44  340.934      4300.934     362.270
126  mtREV+F+I     125.653      45  341.305      4481.305     363.126
127  mtREV+F+G4    126.443      45  342.886      4482.886     364.707
128  mtREV+F+I+G4  125.660      46  343.320      4667.320     365.625
129  mtART         137.676      25  325.352      1625.352     337.475
130  mtART+I       134.349      26  320.698      1724.698     333.306
131  mtART+G4      135.231      26  322.463      1726.463     335.070
132  mtART+I+G4    134.349      27  322.698      1834.698     335.791
133  mtART+F       133.606      44  355.211      4315.211     376.547
134  mtART+F+I     129.137      45  348.274      4488.274     370.095
135  mtART+F+G4    131.243      45  352.485      4492.485     374.306
136  mtART+F+I+G4  129.140      46  350.279      4674.279     372.585
137  mtZOA         130.850      25  311.700      1611.700     323.823
138  mtZOA+I       128.684      26  309.367      1713.367     321.975
139  mtZOA+G4      129.723      26  311.445      1715.445     324.053
140  mtZOA+I+G4    128.687      27  311.373      1823.373     324.466
141  mtZOA+F       127.325      44  342.649      4302.649     363.985
142  mtZOA+F+I     124.615      45  339.229      4479.229     361.050
143  mtZOA+F+G4    126.496      45  342.991      4482.991     364.812
144  mtZOA+F+I+G4  124.619      46  341.238      4665.238     363.543
145  mtMet         127.044      25  304.087      1604.087     316.210
146  mtMet+I       125.721      26  303.442      1707.442     316.049
147  mtMet+G4      126.544      26  305.088      1709.088     317.695
148  mtMet+I+G4    125.728      27  305.455      1817.455     318.548
149  mtMet+F       126.036      44  340.072      4300.072     361.408
150  mtMet+F+I     124.663      45  339.327      4479.327     361.148
151  mtMet+F+G4    125.822      45  341.644      4481.644     363.465
152  mtMet+F+I+G4  124.668      46  341.337      4665.337     363.643
153  mtVer         128.647      25  307.293      1607.293     319.416
154  mtVer+I       126.890      26  305.781      1709.781     318.388
155  mtVer+G4      128.045      26  308.089      1712.089     320.697
156  mtVer+I+G4    126.895      27  307.790      1819.790     320.883
157  mtVer+F       127.368      44  342.736      4302.736     364.072
158  mtVer+F+I     126.246      45  342.492      4482.492     364.313
159  mtVer+F+G4    127.314      45  344.629      4484.629     366.449
160  mtVer+F+I+G4  126.251      46  344.502      4668.502     366.808
161  mtInv         126.604      25  303.207      1603.207     315.330
162  mtInv+I       125.625      26  303.249      1707.249     315.857
163  mtInv+G4      126.266      26  304.532      1708.532     317.140
164  mtInv+I+G4    125.635      27  305.270      1817.270     318.363
165  mtInv+F       123.316      44  334.631      4294.631     355.967
166  mtInv+F+I     121.970      45  333.941      4473.941     355.762
167  mtInv+F+G4    123.139      45  336.278      4476.278     358.098
168  mtInv+F+I+G4  121.976      46  335.953      4659.953     358.259
169  mtMAM         133.733      25  317.465      1617.465     329.588
170  mtMAM+I       130.949      26  313.898      1717.898     326.506
171  mtMAM+G4      131.818      26  315.635      1719.635     328.243
172  mtMAM+I+G4    130.951      27  315.902      1827.902     328.994
173  mtMAM+F       132.276      44  352.553      4312.553     373.889
174  mtMAM+F+I     129.788      45  349.576      4489.576     371.397
175  mtMAM+F+G4    131.458      45  352.916      4492.916     374.737
176  mtMAM+F+I+G4  129.791      46  351.583      4675.583     373.888
WARNING: Normalizing state frequencies so that sum of them equals to 1
177  FLAVI         121.931      25  293.861      1593.861     305.984
WARNING: Normalizing state frequencies so that sum of them equals to 1
178  FLAVI+I       120.709      26  293.419      1697.419     306.026
WARNING: Normalizing state frequencies so that sum of them equals to 1
179  FLAVI+G4      121.792      26  295.585      1699.585     308.192
WARNING: Normalizing state frequencies so that sum of them equals to 1
180  FLAVI+I+G4    120.716      27  295.432      1807.432     308.524
WARNING: Normalizing state frequencies so that sum of them equals to 1
181  FLAVI+F       124.556      44  337.112      4297.112     358.448
WARNING: Normalizing state frequencies so that sum of them equals to 1
182  FLAVI+F+I     123.228      45  336.456      4476.456     358.277
WARNING: Normalizing state frequencies so that sum of them equals to 1
183  FLAVI+F+G4    124.354      45  338.709      4478.709     360.530
WARNING: Normalizing state frequencies so that sum of them equals to 1
184  FLAVI+F+I+G4  123.232      46  338.465      4662.465     360.770
185  HIVb          117.689      25  285.378      1585.378     297.501
186  HIVb+I        117.689      26  287.378      1691.378     299.986
187  HIVb+G4       117.691      26  287.381      1691.381     299.989
188  HIVb+I+G4     117.793      27  289.585      1801.585     302.678
189  HIVb+F        121.144      44  330.287      4290.287     351.623
190  HIVb+F+I      121.048      45  332.097      4472.097     353.917
191  HIVb+F+G4     121.145      45  332.291      4472.291     354.112
192  HIVb+F+I+G4   121.058      46  334.115      4658.115     356.421
193  HIVw          118.302      25  286.605      1586.605     298.727
194  HIVw+I        118.302      26  288.605      1692.605     301.212
195  HIVw+G4       118.304      26  288.608      1692.608     301.216
196  HIVw+I+G4     118.366      27  290.733      1802.733     303.825
197  HIVw+F        124.206      44  336.412      4296.412     357.748
198  HIVw+F+I      124.178      45  338.356      4478.356     360.177
199  HIVw+F+G4     124.208      45  338.416      4478.416     360.236
200  HIVw+F+I+G4   124.203      46  340.406      4664.406     362.712
201  FLU           119.751      25  289.502      1589.502     301.624
202  FLU+I         119.239      26  290.478      1694.478     303.086
203  FLU+G4        119.751      26  291.502      1695.502     304.109
204  FLU+I+G4      119.246      27  292.492      1804.492     305.584
205  FLU+F         124.692      44  337.383      4297.383     358.719
206  FLU+F+I       123.369      45  336.738      4476.738     358.559
207  FLU+F+G4      124.577      45  339.154      4479.154     360.975
208  FLU+F+I+G4    123.375      46  338.751      4662.751     361.056
209  rtREV         121.823      25  293.646      1593.646     305.769
210  rtREV+I       121.510      26  295.020      1699.020     307.627
211  rtREV+G4      121.823      26  295.647      1699.647     308.255
212  rtREV+I+G4    121.514      27  297.027      1809.027     310.120
213  rtREV+F       123.611      44  335.222      4295.222     356.558
214  rtREV+F+I     122.396      45  334.793      4474.793     356.613
215  rtREV+F+G4    123.536      45  337.071      4477.071     358.892
216  rtREV+F+I+G4  122.405      46  336.811      4660.811     359.116
217  cpREV         119.230      25  288.459      1588.459     300.582
218  cpREV+I       119.020      26  290.041      1694.041     302.648
219  cpREV+G4      119.230      26  290.461      1694.461     303.068
220  cpREV+I+G4    119.023      27  292.046      1804.046     305.138
221  cpREV+F       121.370      44  330.740      4290.740     352.076
222  cpREV+F+I     120.873      45  331.746      4471.746     353.566
223  cpREV+F+G4    121.371      45  332.742      4472.742     354.562
224  cpREV+F+I+G4  120.880      46  333.760      4657.760     356.066
Akaike Information Criterion:           HIVb
Corrected Akaike Information Criterion: HIVb
Bayesian Information Criterion:         HIVb
Best-fit model: HIVb chosen according to BIC

All model information printed to ../results/molecular_evolution_analyses/phylogenetic_trees/F80024_SMED_G1/F80024_SMED_G1.model.gz
CPU time for ModelFinder: 1.919 seconds (0h:0m:1s)
Wall-clock time for ModelFinder: 1.931 seconds (0h:0m:1s)
NOTE: State(s) E, M, W not present in alignment and thus removed from Markov process to prevent numerical problems
NOTE: 3 states (see above) are not present and thus removed from Markov process to prevent numerical problems
Generating 1000 samples for ultrafast bootstrap (seed: 42185)...

NOTE: 0 MB RAM (0 GB) is required!
Estimate model parameters (epsilon = 0.100)
1. Initial log-likelihood: -117.689
Optimal log-likelihood: -117.689
Parameters optimization took 1 rounds (0.001 sec)
Wrote distance file to... 
Computing ML distances based on estimated model parameters...
Calculating distance matrix: done in 0.00831389 secs using 99.65% CPU
Computing ML distances took 0.008379 sec (of wall-clock time) 0.008349 sec (of CPU time)
Setting up auxiliary I and S matrices: done in 4.48227e-05 secs using 203% CPU
Constructing RapidNJ tree: done in 5.98431e-05 secs using 203.9% CPU
Computing RapidNJ tree took 0.000179 sec (of wall-clock time) 0.000353 sec (of CPU time)
Log-likelihood of RapidNJ tree: -117.689
--------------------------------------------------------------------
|             INITIALIZING CANDIDATE TREE SET                      |
--------------------------------------------------------------------
Generating 98 parsimony trees... 0.050 second
Computing log-likelihood of 98 initial trees ... 0.047 seconds
Current best score: -117.689

Do NNI search on 20 best initial trees
Optimizing NNI: done in 0.002774 secs using 49.57% CPU
Estimate model parameters (epsilon = 0.100)
BETTER TREE FOUND at iteration 1: -117.689
Optimizing NNI: done in 0.00254917 secs using 199.4% CPU
Optimizing NNI: done in 0.00255704 secs using 199.7% CPU
Optimizing NNI: done in 0.00275922 secs using 189.3% CPU
Optimizing NNI: done in 0.00525999 secs using 194.3% CPU
Optimizing NNI: done in 0.00271988 secs using 199.1% CPU
Optimizing NNI: done in 0.00262904 secs using 200.1% CPU
Optimizing NNI: done in 0.0026679 secs using 198.7% CPU
Optimizing NNI: done in 0.00259495 secs using 198.8% CPU
Optimizing NNI: done in 0.00262904 secs using 200.1% CPU
Iteration 10 / LogL: -117.697 / Time: 0h:0m:0s
Optimizing NNI: done in 0.00263286 secs using 190% CPU
Optimizing NNI: done in 0.00268292 secs using 193.8% CPU
Optimizing NNI: done in 0.0027411 secs using 199.4% CPU
Optimizing NNI: done in 0.00251484 secs using 200% CPU
Optimizing NNI: done in 0.00263786 secs using 199.5% CPU
Optimizing NNI: done in 0.0026648 secs using 190.8% CPU
Optimizing NNI: done in 0.00256109 secs using 200.2% CPU
Optimizing NNI: done in 0.00265694 secs using 199.9% CPU
Optimizing NNI: done in 0.00520492 secs using 196.6% CPU
BETTER TREE FOUND at iteration 19: -117.689
Optimizing NNI: done in 0.00266099 secs using 199.9% CPU
Iteration 20 / LogL: -117.697 / Time: 0h:0m:0s
Finish initializing candidate tree set (20)
Current best tree score: -117.689 / CPU time: 0.167
Number of iterations: 20
--------------------------------------------------------------------
|               OPTIMIZING CANDIDATE TREE SET                      |
--------------------------------------------------------------------
Optimizing NNI: done in 0.00675392 secs using 199.4% CPU
Optimizing NNI: done in 0.00396895 secs using 195.7% CPU
Optimizing NNI: done in 0.00357103 secs using 199.6% CPU
Optimizing NNI: done in 0.00250506 secs using 100% CPU
Optimizing NNI: done in 0.0068109 secs using 99.87% CPU
Optimizing NNI: done in 0.004987 secs using 100% CPU
Optimizing NNI: done in 0.00434899 secs using 99.75% CPU
Optimizing NNI: done in 0.00523496 secs using 99.79% CPU
Optimizing NNI: done in 0.00440288 secs using 99.75% CPU
Optimizing NNI: done in 0.00508904 secs using 99.76% CPU
Iteration 30 / LogL: -117.689 / Time: 0h:0m:0s (0h:0m:0s left)
Optimizing NNI: done in 0.0025878 secs using 100% CPU
Optimizing NNI: done in 0.00450087 secs using 100% CPU
Optimizing NNI: done in 0.00669098 secs using 99.81% CPU
Optimizing NNI: done in 0.00255489 secs using 99.61% CPU
Optimizing NNI: done in 0.00474715 secs using 99.74% CPU
Optimizing NNI: done in 0.00255489 secs using 100% CPU
Optimizing NNI: done in 0.0044241 secs using 100% CPU
Optimizing NNI: done in 0.00416398 secs using 99.98% CPU
Optimizing NNI: done in 0.00521207 secs using 99.79% CPU
Optimizing NNI: done in 0.00436997 secs using 99.77% CPU
Iteration 40 / LogL: -117.689 / Time: 0h:0m:0s (0h:0m:0s left)
Optimizing NNI: done in 0.00463414 secs using 99.76% CPU
Optimizing NNI: done in 0.00383019 secs using 98.79% CPU
Optimizing NNI: done in 0.00252199 secs using 100% CPU
Optimizing NNI: done in 0.00504112 secs using 100% CPU
Optimizing NNI: done in 0.00410199 secs using 99.98% CPU
Optimizing NNI: done in 0.00523496 secs using 99.75% CPU
Optimizing NNI: done in 0.00521898 secs using 99.81% CPU
Optimizing NNI: done in 0.0025332 secs using 99.99% CPU
Optimizing NNI: done in 0.00248003 secs using 100% CPU
Optimizing NNI: done in 0.00496602 secs using 99.78% CPU
Iteration 50 / LogL: -117.689 / Time: 0h:0m:0s (0h:0m:0s left)
Log-likelihood cutoff on original alignment: -126.283
Optimizing NNI: done in 0.00359797 secs using 100% CPU
Optimizing NNI: done in 0.00460792 secs using 100% CPU
Optimizing NNI: done in 0.0024929 secs using 100% CPU
Optimizing NNI: done in 0.00474501 secs using 100% CPU
Optimizing NNI: done in 0.00263 secs using 100% CPU
BETTER TREE FOUND at iteration 55: -117.689
Optimizing NNI: done in 0.00467014 secs using 100% CPU
Optimizing NNI: done in 0.00222802 secs using 99.95% CPU
Optimizing NNI: done in 0.00252295 secs using 100% CPU
BETTER TREE FOUND at iteration 58: -117.689
Optimizing NNI: done in 0.00244713 secs using 100% CPU
Optimizing NNI: done in 0.00248909 secs using 99.51% CPU
BETTER TREE FOUND at iteration 60: -117.689
Iteration 60 / LogL: -117.689 / Time: 0h:0m:0s (0h:0m:1s left)
Optimizing NNI: done in 0.00479293 secs using 99.71% CPU
Optimizing NNI: done in 0.00401211 secs using 99.6% CPU
Optimizing NNI: done in 0.00414801 secs using 99.78% CPU
Optimizing NNI: done in 0.00248098 secs using 100% CPU
BETTER TREE FOUND at iteration 64: -117.689
Optimizing NNI: done in 0.00428796 secs using 100% CPU
Optimizing NNI: done in 0.00488997 secs using 99.71% CPU
Optimizing NNI: done in 0.00496197 secs using 99.7% CPU
BETTER TREE FOUND at iteration 67: -117.689
Optimizing NNI: done in 0.00628114 secs using 99.71% CPU
Optimizing NNI: done in 0.0051589 secs using 99.71% CPU
Optimizing NNI: done in 0.00252414 secs using 99.99% CPU
Iteration 70 / LogL: -117.689 / Time: 0h:0m:0s (0h:0m:0s left)
Optimizing NNI: done in 0.00346684 secs using 100% CPU
Optimizing NNI: done in 0.00713801 secs using 100% CPU
Optimizing NNI: done in 0.0055759 secs using 100% CPU
Optimizing NNI: done in 0.00494599 secs using 99.74% CPU
Optimizing NNI: done in 0.00410604 secs using 99.76% CPU
Optimizing NNI: done in 0.00465918 secs using 99.8% CPU
BETTER TREE FOUND at iteration 76: -117.689
Optimizing NNI: done in 0.00659394 secs using 99.97% CPU
Optimizing NNI: done in 0.00702405 secs using 99.83% CPU
Optimizing NNI: done in 0.00536704 secs using 100% CPU
Optimizing NNI: done in 0.00408292 secs using 100% CPU
Iteration 80 / LogL: -117.689 / Time: 0h:0m:0s (0h:0m:0s left)
Optimizing NNI: done in 0.00556087 secs using 100% CPU
Optimizing NNI: done in 0.00555301 secs using 99.77% CPU
Optimizing NNI: done in 0.00289011 secs using 99.96% CPU
Optimizing NNI: done in 0.00278115 secs using 99.99% CPU
Optimizing NNI: done in 0.00276089 secs using 100% CPU
Optimizing NNI: done in 0.00259113 secs using 99.99% CPU
Optimizing NNI: done in 0.00310302 secs using 99.81% CPU
Optimizing NNI: done in 0.00434804 secs using 99.72% CPU
Optimizing NNI: done in 0.00653791 secs using 99.76% CPU
Optimizing NNI: done in 0.00510406 secs using 99.74% CPU
Iteration 90 / LogL: -120.455 / Time: 0h:0m:0s (0h:0m:0s left)
Optimizing NNI: done in 0.00260115 secs using 99.92% CPU
Optimizing NNI: done in 0.00702906 secs using 99.81% CPU
Optimizing NNI: done in 0.00267291 secs using 100% CPU
Optimizing NNI: done in 0.00525713 secs using 100% CPU
Optimizing NNI: done in 0.00668097 secs using 100% CPU
Optimizing NNI: done in 0.00519013 secs using 99.98% CPU
Optimizing NNI: done in 0.00264812 secs using 99.96% CPU
Optimizing NNI: done in 0.00524402 secs using 100% CPU
Optimizing NNI: done in 0.00440598 secs using 100% CPU
Optimizing NNI: done in 0.00453591 secs using 99.98% CPU
Iteration 100 / LogL: -117.689 / Time: 0h:0m:1s (0h:0m:0s left)
Log-likelihood cutoff on original alignment: -126.161
NOTE: Bootstrap correlation coefficient of split occurrence frequencies: 0.596
NOTE: UFBoot does not converge, continue at least 100 more iterations
Optimizing NNI: done in 0.00279593 secs using 99.93% CPU
Optimizing NNI: done in 0.00473809 secs using 99.74% CPU
Optimizing NNI: done in 0.00458717 secs using 99.78% CPU
Optimizing NNI: done in 0.00670886 secs using 99.84% CPU
Optimizing NNI: done in 0.00433302 secs using 100% CPU
Optimizing NNI: done in 0.00548601 secs using 99.98% CPU
Optimizing NNI: done in 0.00510311 secs using 99.98% CPU
Optimizing NNI: done in 0.00529385 secs using 99.98% CPU
Optimizing NNI: done in 0.0046742 secs using 100% CPU
Optimizing NNI: done in 0.00273108 secs using 100% CPU
Iteration 110 / LogL: -117.689 / Time: 0h:0m:1s (0h:0m:0s left)
Optimizing NNI: done in 0.00536609 secs using 99.98% CPU
Optimizing NNI: done in 0.00433707 secs using 99.72% CPU
Optimizing NNI: done in 0.00281 secs using 99.57% CPU
Optimizing NNI: done in 0.00259304 secs using 100% CPU
Optimizing NNI: done in 0.00265288 secs using 100% CPU
Optimizing NNI: done in 0.00515199 secs using 99.98% CPU
Optimizing NNI: done in 0.00517607 secs using 99.98% CPU
Optimizing NNI: done in 0.00514007 secs using 99.82% CPU
Optimizing NNI: done in 0.00512695 secs using 99.83% CPU
Optimizing NNI: done in 0.00496912 secs using 99.98% CPU
Iteration 120 / LogL: -117.689 / Time: 0h:0m:1s (0h:0m:0s left)
Optimizing NNI: done in 0.00270796 secs using 99.96% CPU
BETTER TREE FOUND at iteration 121: -117.689
Optimizing NNI: done in 0.00526905 secs using 99.96% CPU
Optimizing NNI: done in 0.00277305 secs using 100% CPU
Optimizing NNI: done in 0.00443697 secs using 99.98% CPU
Optimizing NNI: done in 0.00471497 secs using 100% CPU
Optimizing NNI: done in 0.00492311 secs using 100% CPU
Optimizing NNI: done in 0.00535893 secs using 100% CPU
Optimizing NNI: done in 0.00269699 secs using 99.52% CPU
Optimizing NNI: done in 0.00481892 secs using 100% CPU
Optimizing NNI: done in 0.00275517 secs using 99.99% CPU
Iteration 130 / LogL: -117.689 / Time: 0h:0m:1s (0h:0m:0s left)
Optimizing NNI: done in 0.00412989 secs using 100% CPU
Optimizing NNI: done in 0.00404501 secs using 99.95% CPU
Optimizing NNI: done in 0.00243497 secs using 100% CPU
Optimizing NNI: done in 0.00332904 secs using 100% CPU
Optimizing NNI: done in 0.00434494 secs using 100% CPU
Optimizing NNI: done in 0.00314379 secs using 100% CPU
Optimizing NNI: done in 0.00394917 secs using 100% CPU
Optimizing NNI: done in 0.00204992 secs using 100.1% CPU
Optimizing NNI: done in 0.00334406 secs using 99.97% CPU
Optimizing NNI: done in 0.00658298 secs using 99.65% CPU
Iteration 140 / LogL: -117.689 / Time: 0h:0m:1s (0h:0m:0s left)
Optimizing NNI: done in 0.014715 secs using 18.4% CPU
Optimizing NNI: done in 0.00274396 secs using 100% CPU
BETTER TREE FOUND at iteration 142: -117.689
Optimizing NNI: done in 0.00515914 secs using 100% CPU
Optimizing NNI: done in 0.00440478 secs using 99.73% CPU
Optimizing NNI: done in 0.00497198 secs using 99.76% CPU
Optimizing NNI: done in 0.00532889 secs using 99.63% CPU
Optimizing NNI: done in 0.00261307 secs using 99.39% CPU
Optimizing NNI: done in 0.00695705 secs using 99.84% CPU
Optimizing NNI: done in 0.00513792 secs using 99.79% CPU
Optimizing NNI: done in 0.00476599 secs using 100% CPU
Iteration 150 / LogL: -117.689 / Time: 0h:0m:1s (0h:0m:1s left)
Log-likelihood cutoff on original alignment: -126.738
Optimizing NNI: done in 0.00268412 secs using 99.92% CPU
Optimizing NNI: done in 0.004421 secs using 100% CPU
Optimizing NNI: done in 0.0049789 secs using 100% CPU
Optimizing NNI: done in 0.0049839 secs using 99.98% CPU
Optimizing NNI: done in 0.00436807 secs using 100% CPU
Optimizing NNI: done in 0.00254798 secs using 99.96% CPU
Optimizing NNI: done in 0.00411916 secs using 100% CPU
Optimizing NNI: done in 0.00264406 secs using 100% CPU
Optimizing NNI: done in 0.00257993 secs using 100% CPU
Optimizing NNI: done in 0.00534391 secs using 100% CPU
Iteration 160 / LogL: -117.689 / Time: 0h:0m:1s (0h:0m:0s left)
Optimizing NNI: done in 0.00530696 secs using 99.64% CPU
Optimizing NNI: done in 0.00522995 secs using 99.77% CPU
Optimizing NNI: done in 0.00482988 secs using 99.63% CPU
Optimizing NNI: done in 0.00506806 secs using 99.74% CPU
Optimizing NNI: done in 0.00415301 secs using 99.59% CPU
Optimizing NNI: done in 0.00500298 secs using 100% CPU
Optimizing NNI: done in 0.00271416 secs using 99.96% CPU
Optimizing NNI: done in 0.00370097 secs using 99.97% CPU
Optimizing NNI: done in 0.00458288 secs using 100% CPU
Optimizing NNI: done in 0.00516701 secs using 99.77% CPU
Iteration 170 / LogL: -117.689 / Time: 0h:0m:1s (0h:0m:0s left)
Optimizing NNI: done in 0.00454211 secs using 99.71% CPU
Optimizing NNI: done in 0.0025351 secs using 99.96% CPU
Optimizing NNI: done in 0.00258303 secs using 100% CPU
Optimizing NNI: done in 0.00262785 secs using 99.97% CPU
Optimizing NNI: done in 0.00516796 secs using 99.69% CPU
Optimizing NNI: done in 0.00424695 secs using 99.7% CPU
Optimizing NNI: done in 0.00546813 secs using 99.81% CPU
Optimizing NNI: done in 0.00430989 secs using 99.98% CPU
Optimizing NNI: done in 0.0043602 secs using 100% CPU
Optimizing NNI: done in 0.00437188 secs using 99.75% CPU
Iteration 180 / LogL: -120.463 / Time: 0h:0m:2s (0h:0m:0s left)
Optimizing NNI: done in 0.00265193 secs using 99.47% CPU
Optimizing NNI: done in 0.0041821 secs using 99.62% CPU
Optimizing NNI: done in 0.00605297 secs using 99.75% CPU
Optimizing NNI: done in 0.00440812 secs using 99.73% CPU
Optimizing NNI: done in 0.00255394 secs using 99.96% CPU
Optimizing NNI: done in 0.00684118 secs using 99.85% CPU
Optimizing NNI: done in 0.002702 secs using 98% CPU
Optimizing NNI: done in 0.00498414 secs using 99.8% CPU
Optimizing NNI: done in 0.00461698 secs using 100% CPU
Optimizing NNI: done in 0.00616002 secs using 99.8% CPU
Iteration 190 / LogL: -117.689 / Time: 0h:0m:2s (0h:0m:0s left)
Optimizing NNI: done in 0.00425315 secs using 99.71% CPU
Optimizing NNI: done in 0.00528502 secs using 99.75% CPU
Optimizing NNI: done in 0.00435519 secs using 99.95% CPU
Optimizing NNI: done in 0.00424004 secs using 100% CPU
Optimizing NNI: done in 0.00489116 secs using 99.57% CPU
Optimizing NNI: done in 0.00265598 secs using 100% CPU
Optimizing NNI: done in 0.00451303 secs using 100% CPU
Optimizing NNI: done in 0.002666 secs using 99.36% CPU
Optimizing NNI: done in 0.00791192 secs using 99.84% CPU
Optimizing NNI: done in 0.00380707 secs using 99.97% CPU
Iteration 200 / LogL: -117.689 / Time: 0h:0m:2s (0h:0m:0s left)
Log-likelihood cutoff on original alignment: -127.823
NOTE: Bootstrap correlation coefficient of split occurrence frequencies: 0.578
NOTE: UFBoot does not converge, continue at least 100 more iterations
Optimizing NNI: done in 0.00498986 secs using 99.8% CPU
Optimizing NNI: done in 0.00254488 secs using 100.1% CPU
Optimizing NNI: done in 0.00471592 secs using 99.77% CPU
Optimizing NNI: done in 0.00264096 secs using 99.55% CPU
Optimizing NNI: done in 0.00648308 secs using 99.81% CPU
Optimizing NNI: done in 0.00270414 secs using 99.96% CPU
Optimizing NNI: done in 0.00253987 secs using 100% CPU
Optimizing NNI: done in 0.00265193 secs using 99.93% CPU
Optimizing NNI: done in 0.00468302 secs using 99.76% CPU
Optimizing NNI: done in 0.0025599 secs using 99.3% CPU
Iteration 210 / LogL: -117.689 / Time: 0h:0m:2s (0h:0m:1s left)
Optimizing NNI: done in 0.00494599 secs using 99.76% CPU
Optimizing NNI: done in 0.00384998 secs using 99.74% CPU
Optimizing NNI: done in 0.00426483 secs using 99.98% CPU
Optimizing NNI: done in 0.00510716 secs using 100% CPU
Optimizing NNI: done in 0.00461507 secs using 99.67% CPU
Optimizing NNI: done in 0.00498414 secs using 100% CPU
Optimizing NNI: done in 0.00258493 secs using 100% CPU
Optimizing NNI: done in 0.00441408 secs using 99.98% CPU
Optimizing NNI: done in 0.00659919 secs using 99.8% CPU
Optimizing NNI: done in 0.00891399 secs using 99.88% CPU
Iteration 220 / LogL: -117.689 / Time: 0h:0m:2s (0h:0m:0s left)
Optimizing NNI: done in 0.00437593 secs using 96.32% CPU
Optimizing NNI: done in 0.00357699 secs using 100% CPU
Optimizing NNI: done in 0.00520802 secs using 99.81% CPU
Optimizing NNI: done in 0.00414896 secs using 99.69% CPU
Optimizing NNI: done in 0.00266099 secs using 99.96% CPU
Optimizing NNI: done in 0.00525308 secs using 99.79% CPU
Optimizing NNI: done in 0.00558591 secs using 93.84% CPU
Optimizing NNI: done in 0.00502706 secs using 99.8% CPU
Optimizing NNI: done in 0.00412416 secs using 99.97% CPU
Optimizing NNI: done in 0.0050168 secs using 99.78% CPU
Iteration 230 / LogL: -117.689 / Time: 0h:0m:2s (0h:0m:0s left)
Optimizing NNI: done in 0.00499797 secs using 99.76% CPU
Optimizing NNI: done in 0.00504804 secs using 99.78% CPU
Optimizing NNI: done in 0.00710607 secs using 99.84% CPU
Optimizing NNI: done in 0.00444603 secs using 99.98% CPU
Optimizing NNI: done in 0.00272989 secs using 100% CPU
Optimizing NNI: done in 0.0050292 secs using 99.98% CPU
Optimizing NNI: done in 0.00520587 secs using 99.77% CPU
Optimizing NNI: done in 0.00447488 secs using 99.76% CPU
Optimizing NNI: done in 0.00493407 secs using 99.67% CPU
Optimizing NNI: done in 0.00450897 secs using 99.71% CPU
Iteration 240 / LogL: -120.455 / Time: 0h:0m:2s (0h:0m:0s left)
Optimizing NNI: done in 0.004668 secs using 99.64% CPU
Optimizing NNI: done in 0.004848 secs using 99.75% CPU
Optimizing NNI: done in 0.00510311 secs using 99.98% CPU
Optimizing NNI: done in 0.00250602 secs using 99.52% CPU
Optimizing NNI: done in 0.00514102 secs using 99.79% CPU
Optimizing NNI: done in 0.00483799 secs using 99.79% CPU
Optimizing NNI: done in 0.00440598 secs using 100% CPU
Optimizing NNI: done in 0.00529909 secs using 99.75% CPU
Optimizing NNI: done in 0.00532889 secs using 99.7% CPU
Optimizing NNI: done in 0.00494194 secs using 99.76% CPU
Iteration 250 / LogL: -120.455 / Time: 0h:0m:3s (0h:0m:0s left)
Log-likelihood cutoff on original alignment: -128.051
Optimizing NNI: done in 0.00671506 secs using 99.97% CPU
Optimizing NNI: done in 0.00446796 secs using 99.64% CPU
Optimizing NNI: done in 0.00636315 secs using 100% CPU
Optimizing NNI: done in 0.00418615 secs using 100% CPU
Optimizing NNI: done in 0.00421095 secs using 99.62% CPU
Optimizing NNI: done in 0.00247908 secs using 100% CPU
Optimizing NNI: done in 0.00492096 secs using 100% CPU
Optimizing NNI: done in 0.00523019 secs using 99.71% CPU
Optimizing NNI: done in 0.0032599 secs using 99.17% CPU
Optimizing NNI: done in 0.00386024 secs using 99.99% CPU
Iteration 260 / LogL: -117.689 / Time: 0h:0m:3s (0h:0m:0s left)
Optimizing NNI: done in 0.00406218 secs using 100% CPU
Optimizing NNI: done in 0.00435805 secs using 99.7% CPU
Optimizing NNI: done in 0.00654507 secs using 99.82% CPU
Optimizing NNI: done in 0.00239301 secs using 100% CPU
Optimizing NNI: done in 0.00348711 secs using 100% CPU
Optimizing NNI: done in 0.00374293 secs using 99.98% CPU
Optimizing NNI: done in 0.00387812 secs using 100% CPU
Optimizing NNI: done in 0.00588489 secs using 99.76% CPU
Optimizing NNI: done in 0.003443 secs using 99.71% CPU
Optimizing NNI: done in 0.00199986 secs using 99.51% CPU
Iteration 270 / LogL: -117.689 / Time: 0h:0m:3s (0h:0m:0s left)
Optimizing NNI: done in 0.00285602 secs using 99.93% CPU
Optimizing NNI: done in 0.00281906 secs using 99.54% CPU
Optimizing NNI: done in 0.00298595 secs using 100% CPU
Optimizing NNI: done in 0.00542307 secs using 100% CPU
Optimizing NNI: done in 0.00468302 secs using 100% CPU
Optimizing NNI: done in 0.00543594 secs using 99.71% CPU
Optimizing NNI: done in 0.00525498 secs using 100% CPU
Optimizing NNI: done in 0.00685906 secs using 100% CPU
Optimizing NNI: done in 0.00485706 secs using 99.73% CPU
Optimizing NNI: done in 0.00474787 secs using 100% CPU
Iteration 280 / LogL: -117.697 / Time: 0h:0m:3s (0h:0m:0s left)
Optimizing NNI: done in 0.00265384 secs using 99.52% CPU
BETTER TREE FOUND at iteration 281: -117.689
Optimizing NNI: done in 0.00496292 secs using 99.74% CPU
Optimizing NNI: done in 0.00531578 secs using 99.72% CPU
Optimizing NNI: done in 0.00450587 secs using 99.98% CPU
Optimizing NNI: done in 0.00521207 secs using 99.71% CPU
Optimizing NNI: done in 0.00471807 secs using 99.96% CPU
Optimizing NNI: done in 0.00533009 secs using 99.74% CPU
Optimizing NNI: done in 0.00492382 secs using 99.98% CPU
Optimizing NNI: done in 0.00532603 secs using 100% CPU
Optimizing NNI: done in 0.00529099 secs using 99.75% CPU
Iteration 290 / LogL: -117.697 / Time: 0h:0m:3s (0h:0m:1s left)
Optimizing NNI: done in 0.0055232 secs using 100% CPU
Optimizing NNI: done in 0.00750804 secs using 99.8% CPU
Optimizing NNI: done in 0.00542498 secs using 99.74% CPU
Optimizing NNI: done in 0.00266004 secs using 99.96% CPU
Optimizing NNI: done in 0.00492597 secs using 99.78% CPU
Optimizing NNI: done in 0.00501704 secs using 99.76% CPU
Optimizing NNI: done in 0.00541592 secs using 100% CPU
Optimizing NNI: done in 0.00267911 secs using 99.92% CPU
Optimizing NNI: done in 0.00496507 secs using 99.66% CPU
Optimizing NNI: done in 0.00568509 secs using 99.73% CPU
Iteration 300 / LogL: -117.689 / Time: 0h:0m:3s (0h:0m:1s left)
Log-likelihood cutoff on original alignment: -128.051
NOTE: Bootstrap correlation coefficient of split occurrence frequencies: 0.725
NOTE: UFBoot does not converge, continue at least 100 more iterations
Optimizing NNI: done in 0.0050869 secs using 99.94% CPU
Optimizing NNI: done in 0.00948191 secs using 99.86% CPU
Optimizing NNI: done in 0.00268698 secs using 99.93% CPU
Optimizing NNI: done in 0.00530291 secs using 100% CPU
Optimizing NNI: done in 0.004884 secs using 99.67% CPU
Optimizing NNI: done in 0.00164795 secs using 99.88% CPU
Optimizing NNI: done in 0.0027492 secs using 99.92% CPU
Optimizing NNI: done in 0.00540805 secs using 100% CPU
Optimizing NNI: done in 0.00511599 secs using 99.75% CPU
Optimizing NNI: done in 0.00529695 secs using 99.62% CPU
Iteration 310 / LogL: -117.689 / Time: 0h:0m:3s (0h:0m:1s left)
Optimizing NNI: done in 0.00435615 secs using 100% CPU
Optimizing NNI: done in 0.00475907 secs using 99.64% CPU
Optimizing NNI: done in 0.00538898 secs using 99.8% CPU
Optimizing NNI: done in 0.00267386 secs using 99.97% CPU
Optimizing NNI: done in 0.00270796 secs using 99.96% CPU
BETTER TREE FOUND at iteration 315: -117.689
Optimizing NNI: done in 0.00419092 secs using 100% CPU
Optimizing NNI: done in 0.00808215 secs using 100% CPU
Optimizing NNI: done in 0.0054841 secs using 99.65% CPU
Optimizing NNI: done in 0.00483608 secs using 99.98% CPU
Optimizing NNI: done in 0.00474501 secs using 99.75% CPU
Iteration 320 / LogL: -117.689 / Time: 0h:0m:4s (0h:0m:1s left)
Optimizing NNI: done in 0.00281906 secs using 99.54% CPU
Optimizing NNI: done in 0.00652313 secs using 99.98% CPU
Optimizing NNI: done in 0.00508404 secs using 99.96% CPU
Optimizing NNI: done in 0.00485301 secs using 99.77% CPU
Optimizing NNI: done in 0.00553918 secs using 99.98% CPU
Optimizing NNI: done in 0.00562119 secs using 99.77% CPU
Optimizing NNI: done in 0.00270581 secs using 99.97% CPU
Optimizing NNI: done in 0.00488806 secs using 99.71% CPU
Optimizing NNI: done in 0.00459218 secs using 100% CPU
Optimizing NNI: done in 0.00284386 secs using 99.58% CPU
Iteration 330 / LogL: -117.689 / Time: 0h:0m:4s (0h:0m:1s left)
Optimizing NNI: done in 0.00285792 secs using 100% CPU
Optimizing NNI: done in 0.00426984 secs using 99.98% CPU
Optimizing NNI: done in 0.00482512 secs using 100% CPU
Optimizing NNI: done in 0.002841 secs using 99.51% CPU
Optimizing NNI: done in 0.004884 secs using 99.75% CPU
Optimizing NNI: done in 0.00420094 secs using 99.98% CPU
Optimizing NNI: done in 0.00536299 secs using 100% CPU
Optimizing NNI: done in 0.00491405 secs using 100% CPU
Optimizing NNI: done in 0.00663996 secs using 99.65% CPU
Optimizing NNI: done in 0.00525188 secs using 100% CPU
Iteration 340 / LogL: -120.455 / Time: 0h:0m:4s (0h:0m:0s left)
Optimizing NNI: done in 0.00579882 secs using 99.99% CPU
Optimizing NNI: done in 0.00544405 secs using 99.76% CPU
Optimizing NNI: done in 0.00269794 secs using 100% CPU
Optimizing NNI: done in 0.00269794 secs using 100% CPU
BETTER TREE FOUND at iteration 344: -117.689
Optimizing NNI: done in 0.00281692 secs using 100% CPU
Optimizing NNI: done in 0.00483012 secs using 100% CPU
Optimizing NNI: done in 0.00584197 secs using 99.78% CPU
Optimizing NNI: done in 0.005656 secs using 100% CPU
Optimizing NNI: done in 0.00549293 secs using 99.73% CPU
Optimizing NNI: done in 0.00472617 secs using 99.98% CPU
Iteration 350 / LogL: -120.455 / Time: 0h:0m:4s (0h:0m:1s left)
Log-likelihood cutoff on original alignment: -128.407
Optimizing NNI: done in 0.00475502 secs using 99.98% CPU
Optimizing NNI: done in 0.00349283 secs using 99.98% CPU
Optimizing NNI: done in 0.005018 secs using 99.8% CPU
Optimizing NNI: done in 0.00357509 secs using 99.97% CPU
Optimizing NNI: done in 0.00500417 secs using 21.48% CPU
Optimizing NNI: done in 0.00495005 secs using 99.9% CPU
Optimizing NNI: done in 0.00402284 secs using 99.98% CPU
Optimizing NNI: done in 0.00338006 secs using 99.7% CPU
Optimizing NNI: done in 0.00394511 secs using 99.69% CPU
Optimizing NNI: done in 0.00350213 secs using 99.97% CPU
Iteration 360 / LogL: -117.689 / Time: 0h:0m:4s (0h:0m:1s left)
Optimizing NNI: done in 0.00375795 secs using 100% CPU
Optimizing NNI: done in 0.00387001 secs using 99.74% CPU
Optimizing NNI: done in 0.00348997 secs using 100% CPU
Optimizing NNI: done in 0.00496006 secs using 99.8% CPU
Optimizing NNI: done in 0.00538802 secs using 100% CPU
Optimizing NNI: done in 0.00500703 secs using 99.8% CPU
Optimizing NNI: done in 0.00523996 secs using 100% CPU
Optimizing NNI: done in 0.0038271 secs using 100% CPU
Optimizing NNI: done in 0.00265479 secs using 99.97% CPU
Optimizing NNI: done in 0.00502014 secs using 100% CPU
Iteration 370 / LogL: -117.689 / Time: 0h:0m:4s (0h:0m:0s left)
Optimizing NNI: done in 0.00734305 secs using 99.79% CPU
BETTER TREE FOUND at iteration 371: -117.689
Optimizing NNI: done in 0.00491405 secs using 99.78% CPU
Optimizing NNI: done in 0.00433111 secs using 99.97% CPU
Optimizing NNI: done in 0.00533414 secs using 99.73% CPU
Optimizing NNI: done in 0.00788617 secs using 99.82% CPU
Optimizing NNI: done in 0.00523496 secs using 100% CPU
Optimizing NNI: done in 0.00414801 secs using 100% CPU
Optimizing NNI: done in 0.00262809 secs using 99.96% CPU
Optimizing NNI: done in 0.00528407 secs using 99.79% CPU
Optimizing NNI: done in 0.00462198 secs using 99.81% CPU
Iteration 380 / LogL: -117.689 / Time: 0h:0m:5s (0h:0m:1s left)
Optimizing NNI: done in 0.00260901 secs using 100% CPU
Optimizing NNI: done in 0.00492716 secs using 99.73% CPU
Optimizing NNI: done in 0.006953 secs using 99.97% CPU
Optimizing NNI: done in 0.00542092 secs using 100% CPU
Optimizing NNI: done in 0.00519705 secs using 99.79% CPU
Optimizing NNI: done in 0.00518298 secs using 22.81% CPU
Optimizing NNI: done in 0.002635 secs using 99.96% CPU
Optimizing NNI: done in 0.00583887 secs using 99.8% CPU
Optimizing NNI: done in 0.00492001 secs using 99.74% CPU
Optimizing NNI: done in 0.00493813 secs using 99.73% CPU
Iteration 390 / LogL: -117.689 / Time: 0h:0m:5s (0h:0m:1s left)
Optimizing NNI: done in 0.00476408 secs using 99.68% CPU
Optimizing NNI: done in 0.00939894 secs using 99.85% CPU
Optimizing NNI: done in 0.00281382 secs using 100% CPU
Optimizing NNI: done in 0.00469995 secs using 100% CPU
Optimizing NNI: done in 0.00439405 secs using 99.68% CPU
Optimizing NNI: done in 0.00275612 secs using 99.96% CPU
Optimizing NNI: done in 0.00431204 secs using 99.7% CPU
Optimizing NNI: done in 0.00511098 secs using 99.84% CPU
Optimizing NNI: done in 0.00626898 secs using 100% CPU
Optimizing NNI: done in 0.00525904 secs using 100% CPU
Iteration 400 / LogL: -117.689 / Time: 0h:0m:5s (0h:0m:0s left)
Log-likelihood cutoff on original alignment: -129.578
NOTE: Bootstrap correlation coefficient of split occurrence frequencies: 0.747
NOTE: UFBoot does not converge, continue at least 100 more iterations
Optimizing NNI: done in 0.00470519 secs using 99.97% CPU
Optimizing NNI: done in 0.00331211 secs using 99.97% CPU
Optimizing NNI: done in 0.00264001 secs using 100% CPU
Optimizing NNI: done in 0.00297093 secs
Optimizing NNI: done in 0.00398302 secs using 100% CPU
Optimizing NNI: done in 0.00163889 secs using 99.52% CPU
Optimizing NNI: done in 0.00580883 secs using 99.83% CPU
Optimizing NNI: done in 0.00158286 secs using 99.95% CPU
Optimizing NNI: done in 0.00166297 secs using 99.88% CPU
Optimizing NNI: done in 0.00303602 secs using 100% CPU
Iteration 410 / LogL: -117.689 / Time: 0h:0m:5s (0h:0m:1s left)
Optimizing NNI: done in 0.00371599 secs using 99.97% CPU
Optimizing NNI: done in 0.00520301 secs using 99.98% CPU
Optimizing NNI: done in 0.00675106 secs using 99.85% CPU
Optimizing NNI: done in 0.0026691 secs using 99.96% CPU
Optimizing NNI: done in 0.00524187 secs using 100% CPU
Optimizing NNI: done in 0.00468016 secs using 99.98% CPU
Optimizing NNI: done in 0.007025 secs using 100% CPU
Optimizing NNI: done in 0.00528812 secs using 100% CPU
Optimizing NNI: done in 0.00538707 secs using 100% CPU
Optimizing NNI: done in 0.00469398 secs using 99.7% CPU
Iteration 420 / LogL: -117.689 / Time: 0h:0m:5s (0h:0m:1s left)
Optimizing NNI: done in 0.00475502 secs using 99.73% CPU
Optimizing NNI: done in 0.00474095 secs using 99.71% CPU
Optimizing NNI: done in 0.00474882 secs using 100% CPU
Optimizing NNI: done in 0.00510192 secs using 99.98% CPU
Optimizing NNI: done in 0.00521111 secs using 100% CPU
Optimizing NNI: done in 0.00488901 secs using 99.69% CPU
Optimizing NNI: done in 0.00273895 secs using 99.45% CPU
Optimizing NNI: done in 0.00507784 secs using 99.69% CPU
Optimizing NNI: done in 0.00497389 secs using 99.66% CPU
Optimizing NNI: done in 0.00275207 secs using 100% CPU
Iteration 430 / LogL: -117.689 / Time: 0h:0m:6s (0h:0m:0s left)
Optimizing NNI: done in 0.00273204 secs using 99.96% CPU
Optimizing NNI: done in 0.00443292 secs using 100% CPU
Optimizing NNI: done in 0.00269294 secs using 100% CPU
Optimizing NNI: done in 0.00488782 secs using 100% CPU
Optimizing NNI: done in 0.00495315 secs using 99.75% CPU
Optimizing NNI: done in 0.00540805 secs using 99.04% CPU
Optimizing NNI: done in 0.00552297 secs using 99.69% CPU
Optimizing NNI: done in 0.00418687 secs using 99.72% CPU
Optimizing NNI: done in 0.00272012 secs using 100% CPU
Optimizing NNI: done in 0.00475597 secs using 100% CPU
Iteration 440 / LogL: -117.689 / Time: 0h:0m:6s (0h:0m:0s left)
Optimizing NNI: done in 0.00511718 secs using 100% CPU
Optimizing NNI: done in 0.00545001 secs using 99.74% CPU
Optimizing NNI: done in 0.00261879 secs using 99.44% CPU
Optimizing NNI: done in 0.00579405 secs using 99.74% CPU
Optimizing NNI: done in 0.00424695 secs using 99.62% CPU
Optimizing NNI: done in 0.00269604 secs using 100% CPU
Optimizing NNI: done in 0.00537419 secs using 99.83% CPU
Optimizing NNI: done in 0.00485897 secs using 99.79% CPU
Optimizing NNI: done in 0.00433111 secs using 99.7% CPU
Optimizing NNI: done in 0.0026989 secs using 100% CPU
Iteration 450 / LogL: -117.689 / Time: 0h:0m:6s (0h:0m:0s left)
Log-likelihood cutoff on original alignment: -130.753
Optimizing NNI: done in 0.00734591 secs using 81.71% CPU
Optimizing NNI: done in 0.00465512 secs using 99.72% CPU
Optimizing NNI: done in 0.00267386 secs using 99.26% CPU
Optimizing NNI: done in 0.00511909 secs using 99.98% CPU
Optimizing NNI: done in 0.00241709 secs using 100% CPU
Optimizing NNI: done in 0.00390792 secs using 99.62% CPU
Optimizing NNI: done in 0.00275779 secs using 99.5% CPU
Optimizing NNI: done in 0.00453401 secs using 99.98% CPU
Optimizing NNI: done in 0.00262308 secs using 100.1% CPU
Optimizing NNI: done in 0.00465202 secs using 99.72% CPU
Iteration 460 / LogL: -117.697 / Time: 0h:0m:6s (0h:0m:0s left)
Optimizing NNI: done in 0.002635 secs using 100% CPU
Optimizing NNI: done in 0.00446701 secs using 99.73% CPU
Optimizing NNI: done in 0.00544596 secs using 99.67% CPU
Optimizing NNI: done in 0.00271297 secs using 99.52% CPU
Optimizing NNI: done in 0.00459599 secs using 99.72% CPU
Optimizing NNI: done in 0.00265718 secs using 99.99% CPU
Optimizing NNI: done in 0.00727105 secs using 99.97% CPU
Optimizing NNI: done in 0.00377607 secs using 98.86% CPU
Optimizing NNI: done in 0.0027101 secs using 99.52% CPU
Optimizing NNI: done in 0.00401592 secs using 100% CPU
Iteration 470 / LogL: -117.689 / Time: 0h:0m:6s (0h:0m:0s left)
Optimizing NNI: done in 0.00500321 secs using 99.76% CPU
Optimizing NNI: done in 0.00262499 secs using 100% CPU
Optimizing NNI: done in 0.00486207 secs using 100% CPU
Optimizing NNI: done in 0.00260901 secs using 99.96% CPU
Optimizing NNI: done in 0.00244212 secs using 100% CPU
Optimizing NNI: done in 0.00487399 secs using 99.75% CPU
Optimizing NNI: done in 0.00250196 secs using 99.52% CPU
UPDATE BEST LOG-LIKELIHOOD: -117.689
Optimizing NNI: done in 0.00739193 secs using 99.84% CPU
Optimizing NNI: done in 0.00518489 secs using 100% CPU
Optimizing NNI: done in 0.00263405 secs using 99.96% CPU
Iteration 480 / LogL: -117.689 / Time: 0h:0m:7s (0h:0m:0s left)
Optimizing NNI: done in 0.00260401 secs using 100% CPU
Optimizing NNI: done in 0.00259519 secs using 98.37% CPU
Optimizing NNI: done in 0.00451398 secs using 100% CPU
Optimizing NNI: done in 0.00460315 secs using 99.98% CPU
Optimizing NNI: done in 0.00538707 secs using 100% CPU
Optimizing NNI: done in 0.00502205 secs using 99.58% CPU
Optimizing NNI: done in 0.00260305 secs using 99.96% CPU
Optimizing NNI: done in 0.00278997 secs using 100% CPU
Optimizing NNI: done in 0.00517511 secs using 100% CPU
Optimizing NNI: done in 0.00279093 secs using 100% CPU
Iteration 490 / LogL: -117.689 / Time: 0h:0m:7s (0h:0m:0s left)
Optimizing NNI: done in 0.00250697 secs using 100% CPU
Optimizing NNI: done in 0.00538182 secs using 99.98% CPU
Optimizing NNI: done in 0.00520706 secs using 100% CPU
Optimizing NNI: done in 0.00521708 secs using 99.63% CPU
Optimizing NNI: done in 0.00485897 secs using 100% CPU
Optimizing NNI: done in 0.00232697 secs using 100% CPU
Optimizing NNI: done in 0.00529099 secs using 100% CPU
Optimizing NNI: done in 0.00423694 secs using 99.77% CPU
Optimizing NNI: done in 0.00404286 secs using 99.68% CPU
Optimizing NNI: done in 0.00386405 secs using 99.69% CPU
Iteration 500 / LogL: -117.689 / Time: 0h:0m:7s (0h:0m:0s left)
Log-likelihood cutoff on original alignment: -130.753
NOTE: Bootstrap correlation coefficient of split occurrence frequencies: 0.788
NOTE: UFBoot does not converge, continue at least 100 more iterations
Optimizing NNI: done in 0.00290084 secs using 99.97% CPU
Optimizing NNI: done in 0.00325894 secs using 100% CPU
Optimizing NNI: done in 0.00313687 secs using 99.62% CPU
Optimizing NNI: done in 0.00459099 secs using 100% CPU
Optimizing NNI: done in 0.00275087 secs using 100.1% CPU
Optimizing NNI: done in 0.006356 secs using 99.98% CPU
Optimizing NNI: done in 0.00460291 secs using 100% CPU
Optimizing NNI: done in 0.00583816 secs using 99.86% CPU
Optimizing NNI: done in 0.00549197 secs using 99.85% CPU
Optimizing NNI: done in 0.00553298 secs using 99.98% CPU
Iteration 510 / LogL: -120.455 / Time: 0h:0m:7s (0h:0m:1s left)
Optimizing NNI: done in 0.00532913 secs using 99.73% CPU
Optimizing NNI: done in 0.00489211 secs using 99.63% CPU
Optimizing NNI: done in 0.00520706 secs using 99.83% CPU
Optimizing NNI: done in 0.00483108 secs using 100% CPU
Optimizing NNI: done in 0.00513291 secs using 99.98% CPU
Optimizing NNI: done in 0.00279307 secs using 100% CPU
Optimizing NNI: done in 0.00280595 secs using 99.89% CPU
Optimizing NNI: done in 0.00276804 secs using 100% CPU
Optimizing NNI: done in 0.0047791 secs using 99.98% CPU
Optimizing NNI: done in 0.00285697 secs using 99.3% CPU
Iteration 520 / LogL: -117.689 / Time: 0h:0m:7s (0h:0m:1s left)
Optimizing NNI: done in 0.00277305 secs using 99.96% CPU
Optimizing NNI: done in 0.00499201 secs using 99.72% CPU
Optimizing NNI: done in 0.00387216 secs using 99.71% CPU
Optimizing NNI: done in 0.00382495 secs using 100% CPU
Optimizing NNI: done in 0.00188899 secs using 98.84% CPU
Optimizing NNI: done in 0.00328684 secs using 100% CPU
Optimizing NNI: done in 0.00379205 secs using 99.66% CPU
Optimizing NNI: done in 0.00415397 secs using 99.98% CPU
Optimizing NNI: done in 0.0035398 secs using 100% CPU
Optimizing NNI: done in 0.00408602 secs using 100% CPU
Iteration 530 / LogL: -117.689 / Time: 0h:0m:8s (0h:0m:1s left)
Optimizing NNI: done in 0.002105 secs using 100% CPU
Optimizing NNI: done in 0.00368595 secs using 99.73% CPU
Optimizing NNI: done in 0.00409698 secs using 100% CPU
Optimizing NNI: done in 0.0020051 secs
Optimizing NNI: done in 0.00206304 secs using 99.47% CPU
Optimizing NNI: done in 0.00194407 secs using 99.89% CPU
Optimizing NNI: done in 0.00331497 secs using 99.73% CPU
Optimizing NNI: done in 0.0036881 secs using 99.73% CPU
Optimizing NNI: done in 0.00481987 secs using 99.96% CPU
Optimizing NNI: done in 0.00728512 secs using 99.79% CPU
Iteration 540 / LogL: -120.455 / Time: 0h:0m:8s (0h:0m:0s left)
Optimizing NNI: done in 0.00762796 secs using 99.86% CPU
Optimizing NNI: done in 0.00274205 secs using 100.1% CPU
Optimizing NNI: done in 0.0028851 secs using 100% CPU
Optimizing NNI: done in 0.00488591 secs using 100% CPU
Optimizing NNI: done in 0.00569415 secs using 99.77% CPU
Optimizing NNI: done in 0.0028739 secs using 99.59% CPU
Optimizing NNI: done in 0.00676799 secs using 99.82% CPU
Optimizing NNI: done in 0.00292897 secs using 99.97% CPU
Optimizing NNI: done in 0.00465298 secs using 100% CPU
Optimizing NNI: done in 0.00279212 secs using 99.92% CPU
Iteration 550 / LogL: -117.689 / Time: 0h:0m:8s (0h:0m:0s left)
Log-likelihood cutoff on original alignment: -131.703
Optimizing NNI: done in 0.00562811 secs using 99.96% CPU
Optimizing NNI: done in 0.00434709 secs using 100% CPU
Optimizing NNI: done in 0.00272322 secs using 99.96% CPU
Optimizing NNI: done in 0.00399423 secs using 99.99% CPU
Optimizing NNI: done in 0.00265193 secs using 100% CPU
Optimizing NNI: done in 0.00509501 secs using 99.98% CPU
Optimizing NNI: done in 0.00523901 secs using 99.98% CPU
Optimizing NNI: done in 0.00504613 secs using 99.96% CPU
Optimizing NNI: done in 0.00542903 secs using 99.72% CPU
Optimizing NNI: done in 0.00276685 secs using 99.57% CPU
Iteration 560 / LogL: -117.689 / Time: 0h:0m:8s (0h:0m:0s left)
Optimizing NNI: done in 0.0026052 secs using 100% CPU
Optimizing NNI: done in 0.00271106 secs using 99.96% CPU
UPDATE BEST LOG-LIKELIHOOD: -117.689
Optimizing NNI: done in 0.00276518 secs using 100% CPU
Optimizing NNI: done in 0.00433898 secs using 99.79% CPU
Optimizing NNI: done in 0.00381207 secs using 99.95% CPU
Optimizing NNI: done in 0.0054009 secs using 99.74% CPU
Optimizing NNI: done in 0.00666499 secs using 99.82% CPU
Optimizing NNI: done in 0.00521898 secs using 99.98% CPU
Optimizing NNI: done in 0.00703001 secs using 99.19% CPU
Optimizing NNI: done in 0.00511217 secs using 99.96% CPU
Iteration 570 / LogL: -120.455 / Time: 0h:0m:9s (0h:0m:0s left)
Optimizing NNI: done in 0.00271583 secs using 100% CPU
Optimizing NNI: done in 0.00794411 secs using 99.82% CPU
Optimizing NNI: done in 0.00476122 secs using 99.76% CPU
Optimizing NNI: done in 0.00371003 secs using 100% CPU
Optimizing NNI: done in 0.00470996 secs using 99.72% CPU
Optimizing NNI: done in 0.00494003 secs using 99.8% CPU
Optimizing NNI: done in 0.00272298 secs using 99.27% CPU
Optimizing NNI: done in 0.00538588 secs using 99.76% CPU
Optimizing NNI: done in 0.00281 secs using 99.96% CPU
Optimizing NNI: done in 0.00711203 secs using 100% CPU
Iteration 580 / LogL: -117.689 / Time: 0h:0m:9s (0h:0m:0s left)
Optimizing NNI: done in 0.0054059 secs using 99.8% CPU
Optimizing NNI: done in 0.00489998 secs using 99.76% CPU
Optimizing NNI: done in 0.00479388 secs using 100% CPU
Optimizing NNI: done in 0.0053041 secs using 100% CPU
Optimizing NNI: done in 0.00479221 secs using 100% CPU
Optimizing NNI: done in 0.00273991 secs using 99.6% CPU
Optimizing NNI: done in 0.00499701 secs using 99.98% CPU
Optimizing NNI: done in 0.00285697 secs using 100% CPU
Optimizing NNI: done in 0.00829911 secs using 51.93% CPU
Optimizing NNI: done in 0.00563884 secs using 99.77% CPU
Iteration 590 / LogL: -117.689 / Time: 0h:0m:9s (0h:0m:0s left)
Optimizing NNI: done in 0.00501299 secs using 99.64% CPU
Optimizing NNI: done in 0.00539303 secs using 99.76% CPU
Optimizing NNI: done in 0.00528598 secs using 99.77% CPU
Optimizing NNI: done in 0.00285602 secs using 99.47% CPU
Optimizing NNI: done in 0.00347185 secs using 99.98% CPU
Optimizing NNI: done in 0.00458312 secs using 99.69% CPU
Optimizing NNI: done in 0.00753093 secs using 99.99% CPU
Optimizing NNI: done in 0.00269699 secs using 100% CPU
Optimizing NNI: done in 0.0054121 secs using 100% CPU
Optimizing NNI: done in 0.00522494 secs using 100% CPU
Iteration 600 / LogL: -117.689 / Time: 0h:0m:9s (0h:0m:0s left)
Log-likelihood cutoff on original alignment: -132.090
NOTE: Bootstrap correlation coefficient of split occurrence frequencies: 0.774
NOTE: UFBoot does not converge, continue at least 100 more iterations
Optimizing NNI: done in 0.00280786 secs using 99.61% CPU
Optimizing NNI: done in 0.0029881 secs using 99.63% CPU
Optimizing NNI: done in 0.00291705 secs using 99.96% CPU
Optimizing NNI: done in 0.00295687 secs using 99.97% CPU
Optimizing NNI: done in 0.00279498 secs using 99.96% CPU
Optimizing NNI: done in 0.00560308 secs using 99.71% CPU
Optimizing NNI: done in 0.00505209 secs using 100% CPU
Optimizing NNI: done in 0.00508094 secs using 100% CPU
Optimizing NNI: done in 0.00269508 secs using 100% CPU
Optimizing NNI: done in 0.00538492 secs using 99.74% CPU
Iteration 610 / LogL: -120.455 / Time: 0h:0m:10s (0h:0m:1s left)
Optimizing NNI: done in 0.00571609 secs using 100% CPU
Optimizing NNI: done in 0.00530505 secs using 99.72% CPU
Optimizing NNI: done in 0.00932693 secs using 99.84% CPU
Optimizing NNI: done in 0.00796795 secs using 99.86% CPU
Optimizing NNI: done in 0.002882 secs using 100% CPU
Optimizing NNI: done in 0.00580311 secs using 99.69% CPU
Optimizing NNI: done in 0.00758314 secs using 99.84% CPU
Optimizing NNI: done in 0.00278091 secs using 100% CPU
Optimizing NNI: done in 0.00511217 secs using 99.94% CPU
Optimizing NNI: done in 0.00559592 secs using 99.7% CPU
Iteration 620 / LogL: -117.689 / Time: 0h:0m:10s (0h:0m:1s left)
Optimizing NNI: done in 0.00504303 secs using 100% CPU
Optimizing NNI: done in 0.00598788 secs using 99.77% CPU
Optimizing NNI: done in 0.00524902 secs using 99.69% CPU
Optimizing NNI: done in 0.00448084 secs using 100% CPU
Optimizing NNI: done in 0.00825906 secs using 99.83% CPU
Optimizing NNI: done in 0.00759578 secs using 99.82% CPU
Optimizing NNI: done in 0.005615 secs using 100% CPU
Optimizing NNI: done in 0.00850701 secs using 99.69% CPU
Optimizing NNI: done in 0.00565386 secs using 99.72% CPU
Optimizing NNI: done in 0.00511408 secs using 99.72% CPU
Iteration 630 / LogL: -120.455 / Time: 0h:0m:10s (0h:0m:1s left)
Optimizing NNI: done in 0.00709701 secs using 100% CPU
Optimizing NNI: done in 0.00567603 secs using 99.77% CPU
Optimizing NNI: done in 0.00551414 secs using 100% CPU
Optimizing NNI: done in 0.0028019 secs using 99.97% CPU
Optimizing NNI: done in 0.00498605 secs using 100% CPU
Optimizing NNI: done in 0.00868487 secs using 99.87% CPU
Optimizing NNI: done in 0.00280094 secs using 100% CPU
Optimizing NNI: done in 0.00547814 secs using 99.69% CPU
Optimizing NNI: done in 0.00438714 secs using 99.68% CPU
Optimizing NNI: done in 0.00281787 secs using 100% CPU
Iteration 640 / LogL: -117.689 / Time: 0h:0m:10s (0h:0m:1s left)
Optimizing NNI: done in 0.00792098 secs using 99.84% CPU
Optimizing NNI: done in 0.00286508 secs using 99.51% CPU
Optimizing NNI: done in 0.00278091 secs using 100% CPU
Optimizing NNI: done in 0.00282288 secs using 99.65% CPU
Optimizing NNI: done in 0.00276995 secs using 100% CPU
Optimizing NNI: done in 0.00551486 secs using 99.98% CPU
Optimizing NNI: done in 0.00475001 secs using 100% CPU
Optimizing NNI: done in 0.00283194 secs using 99.44% CPU
Optimizing NNI: done in 0.00738215 secs using 99.55% CPU
Optimizing NNI: done in 0.00559688 secs using 99.79% CPU
Iteration 650 / LogL: -117.689 / Time: 0h:0m:11s (0h:0m:0s left)
Log-likelihood cutoff on original alignment: -132.250
Optimizing NNI: done in 0.00491309 secs using 99.98% CPU
Optimizing NNI: done in 0.00435209 secs using 99.7% CPU
Optimizing NNI: done in 0.00268888 secs using 99.56% CPU
Optimizing NNI: done in 0.00513911 secs using 99.8% CPU
Optimizing NNI: done in 0.00522518 secs using 99.75% CPU
Optimizing NNI: done in 0.00486588 secs using 100% CPU
Optimizing NNI: done in 0.00553107 secs using 99.73% CPU
Optimizing NNI: done in 0.00278187 secs using 99.61% CPU
Optimizing NNI: done in 0.00488806 secs using 99.73% CPU
Optimizing NNI: done in 0.007092 secs using 99.79% CPU
Iteration 660 / LogL: -117.689 / Time: 0h:0m:11s (0h:0m:0s left)
Optimizing NNI: done in 0.00477409 secs using 99.75% CPU
Optimizing NNI: done in 0.004915 secs using 100% CPU
Optimizing NNI: done in 0.00272703 secs using 99.52% CPU
Optimizing NNI: done in 0.0105789 secs using 99.86% CPU
Optimizing NNI: done in 0.00639701 secs using 99.78% CPU
Optimizing NNI: done in 0.00540304 secs using 99.74% CPU
Optimizing NNI: done in 0.00893903 secs using 99.85% CPU
Optimizing NNI: done in 0.00269699 secs using 99.52% CPU
Optimizing NNI: done in 0.00275302 secs using 100% CPU
Optimizing NNI: done in 0.002774 secs using 99.57% CPU
Iteration 670 / LogL: -117.689 / Time: 0h:0m:11s (0h:0m:0s left)
Optimizing NNI: done in 0.00540113 secs using 99.96% CPU
Optimizing NNI: done in 0.00504398 secs using 99.74% CPU
Optimizing NNI: done in 0.00491714 secs using 99.77% CPU
Optimizing NNI: done in 0.00511312 secs using 99.98% CPU
Optimizing NNI: done in 0.00492692 secs using 99.76% CPU
Optimizing NNI: done in 0.00540495 secs using 99.8% CPU
Optimizing NNI: done in 0.00269294 secs using 99.52% CPU
Optimizing NNI: done in 0.00427794 secs using 99.95% CPU
Optimizing NNI: done in 0.00522017 secs using 99.81% CPU
Optimizing NNI: done in 0.00502515 secs using 100% CPU
Iteration 680 / LogL: -117.689 / Time: 0h:0m:11s (0h:0m:0s left)
Optimizing NNI: done in 0.0048821 secs using 99.73% CPU
Optimizing NNI: done in 0.00470495 secs using 100% CPU
Optimizing NNI: done in 0.00533605 secs using 100% CPU
Optimizing NNI: done in 0.00506711 secs using 99.96% CPU
Optimizing NNI: done in 0.0023489 secs using 99.49% CPU
Optimizing NNI: done in 0.0065279 secs using 99.86% CPU
Optimizing NNI: done in 0.00258589 secs using 99.97% CPU
Optimizing NNI: done in 0.00471687 secs using 99.73% CPU
Optimizing NNI: done in 0.00253487 secs using 100% CPU
Optimizing NNI: done in 0.00517201 secs using 99.98% CPU
Iteration 690 / LogL: -117.689 / Time: 0h:0m:12s (0h:0m:0s left)
Optimizing NNI: done in 0.00552702 secs using 99.82% CPU
Optimizing NNI: done in 0.00539303 secs using 99.98% CPU
Optimizing NNI: done in 0.00463009 secs using 99.98% CPU
Optimizing NNI: done in 0.00321484 secs using 100% CPU
Optimizing NNI: done in 0.003865 secs using 99.64% CPU
Optimizing NNI: done in 0.00434613 secs using 99.97% CPU
Optimizing NNI: done in 0.00455189 secs using 99.8% CPU
Optimizing NNI: done in 0.00472307 secs using 99.98% CPU
Optimizing NNI: done in 0.00469613 secs using 100% CPU
Optimizing NNI: done in 0.005234 secs using 99.79% CPU
Iteration 700 / LogL: -117.697 / Time: 0h:0m:12s (0h:0m:0s left)
Log-likelihood cutoff on original alignment: -132.979
NOTE: Bootstrap correlation coefficient of split occurrence frequencies: 0.890
NOTE: UFBoot does not converge, continue at least 100 more iterations
Optimizing NNI: done in 0.00532222 secs using 100% CPU
Optimizing NNI: done in 0.00280905 secs using 100% CPU
Optimizing NNI: done in 0.00548506 secs using 100% CPU
Optimizing NNI: done in 0.00506687 secs using 100% CPU
Optimizing NNI: done in 0.00541592 secs using 99.82% CPU
Optimizing NNI: done in 0.00289083 secs using 100% CPU
Optimizing NNI: done in 0.00465703 secs using 99.98% CPU
Optimizing NNI: done in 0.00508785 secs using 99.98% CPU
Optimizing NNI: done in 0.00519395 secs using 23.26% CPU
Optimizing NNI: done in 0.00510406 secs using 99.61% CPU
Iteration 710 / LogL: -117.689 / Time: 0h:0m:12s (0h:0m:1s left)
Optimizing NNI: done in 0.00530601 secs using 100% CPU
Optimizing NNI: done in 0.00254202 secs using 100% CPU
Optimizing NNI: done in 0.00564408 secs using 100% CPU
Optimizing NNI: done in 0.00516319 secs using 100% CPU
Optimizing NNI: done in 0.00574398 secs using 100% CPU
Optimizing NNI: done in 0.00557017 secs using 99.8% CPU
Optimizing NNI: done in 0.00876713 secs using 99.87% CPU
Optimizing NNI: done in 0.0048368 secs using 100% CPU
Optimizing NNI: done in 0.00508904 secs using 99.7% CPU
Optimizing NNI: done in 0.00558901 secs using 100% CPU
Iteration 720 / LogL: -117.689 / Time: 0h:0m:12s (0h:0m:1s left)
Optimizing NNI: done in 0.00525999 secs using 100% CPU
Optimizing NNI: done in 0.00909996 secs using 99.77% CPU
Optimizing NNI: done in 0.005584 secs using 100% CPU
Optimizing NNI: done in 0.00278211 secs using 100% CPU
Optimizing NNI: done in 0.00526714 secs using 100% CPU
Optimizing NNI: done in 0.00895786 secs using 99.88% CPU
Optimizing NNI: done in 0.00554681 secs using 99.72% CPU
Optimizing NNI: done in 0.00301313 secs using 99.96% CPU
Optimizing NNI: done in 0.00577903 secs using 99.72% CPU
Optimizing NNI: done in 0.00286293 secs using 99.97% CPU
Iteration 730 / LogL: -117.689 / Time: 0h:0m:13s (0h:0m:1s left)
Optimizing NNI: done in 0.00507283 secs using 100% CPU
Optimizing NNI: done in 0.00513721 secs using 100% CPU
Optimizing NNI: done in 0.00529599 secs using 100% CPU
Optimizing NNI: done in 0.00555897 secs using 99.96% CPU
Optimizing NNI: done in 0.00160789 secs using 100% CPU
Optimizing NNI: done in 0.00364494 secs using 99.75% CPU
Optimizing NNI: done in 0.001683 secs using 99.41% CPU
Optimizing NNI: done in 0.00289798 secs using 99.97% CPU
Optimizing NNI: done in 0.00311804 secs using 98.91% CPU
Optimizing NNI: done in 0.00318003 secs using 99.97% CPU
Iteration 740 / LogL: -117.689 / Time: 0h:0m:13s (0h:0m:1s left)
Optimizing NNI: done in 0.00501108 secs using 99.74% CPU
Optimizing NNI: done in 0.00316501 secs using 99.62% CPU
Optimizing NNI: done in 0.00340009 secs using 99.67% CPU
Optimizing NNI: done in 0.00321007 secs using 99.59% CPU
Optimizing NNI: done in 0.0030849 secs using 100% CPU
Optimizing NNI: done in 0.00231504 secs using 99.52% CPU
Optimizing NNI: done in 0.00286818 secs using 100% CPU
Optimizing NNI: done in 0.00539494 secs using 99.83% CPU
Optimizing NNI: done in 0.00564694 secs using 100% CPU
Optimizing NNI: done in 0.00496602 secs using 99.72% CPU
Iteration 750 / LogL: -117.689 / Time: 0h:0m:13s (0h:0m:0s left)
Log-likelihood cutoff on original alignment: -132.979
Optimizing NNI: done in 0.00435305 secs using 100% CPU
Optimizing NNI: done in 0.00271702 secs using 99.67% CPU
Optimizing NNI: done in 0.00598979 secs using 99.95% CPU
Optimizing NNI: done in 0.0049479 secs using 100% CPU
Optimizing NNI: done in 0.00520182 secs using 99.81% CPU
Optimizing NNI: done in 0.00396895 secs using 99.98% CPU
Optimizing NNI: done in 0.00499296 secs using 99.6% CPU
Optimizing NNI: done in 0.00780702 secs using 99.42% CPU
Optimizing NNI: done in 0.00250316 secs using 99.91% CPU
Optimizing NNI: done in 0.00266695 secs using 99.96% CPU
Iteration 760 / LogL: -117.689 / Time: 0h:0m:13s (0h:0m:0s left)
Optimizing NNI: done in 0.0026679 secs using 99.48% CPU
Optimizing NNI: done in 0.00524211 secs using 100% CPU
Optimizing NNI: done in 0.00268388 secs using 99.56% CPU
Optimizing NNI: done in 0.0051949 secs using 99.77% CPU
Optimizing NNI: done in 0.00257087 secs using 100% CPU
Optimizing NNI: done in 0.00450492 secs using 99.76% CPU
Optimizing NNI: done in 0.0050981 secs using 99.98% CPU
Optimizing NNI: done in 0.00535297 secs using 99.98% CPU
Optimizing NNI: done in 0.0026648 secs using 99.97% CPU
Optimizing NNI: done in 0.005229 secs using 99.81% CPU
Iteration 770 / LogL: -117.689 / Time: 0h:0m:14s (0h:0m:0s left)
Optimizing NNI: done in 0.00523901 secs using 99.73% CPU
Optimizing NNI: done in 0.004884 secs using 96.81% CPU
Optimizing NNI: done in 0.00470495 secs using 99.77% CPU
Optimizing NNI: done in 0.00257492 secs using 99.96% CPU
Optimizing NNI: done in 0.00376606 secs using 99.73% CPU
Optimizing NNI: done in 0.00708604 secs using 100% CPU
Optimizing NNI: done in 0.00261092 secs using 99.96% CPU
Optimizing NNI: done in 0.00438213 secs using 99.77% CPU
Optimizing NNI: done in 0.00534296 secs using 99.98% CPU
Optimizing NNI: done in 0.00541401 secs using 99.98% CPU
Iteration 780 / LogL: -117.689 / Time: 0h:0m:14s (0h:0m:0s left)
Optimizing NNI: done in 0.00497413 secs using 99.8% CPU
Optimizing NNI: done in 0.00511312 secs using 100% CPU
Optimizing NNI: done in 0.00619602 secs using 99.98% CPU
Optimizing NNI: done in 0.00463891 secs using 99.98% CPU
Optimizing NNI: done in 0.00514507 secs using 100% CPU
Optimizing NNI: done in 0.00466394 secs using 99.96% CPU
Optimizing NNI: done in 0.00540805 secs using 99.78% CPU
Optimizing NNI: done in 0.00262713 secs using 99.92% CPU
Optimizing NNI: done in 0.00473404 secs using 99.77% CPU
Optimizing NNI: done in 0.00532317 secs using 99.98% CPU
Iteration 790 / LogL: -117.689 / Time: 0h:0m:14s (0h:0m:0s left)
Optimizing NNI: done in 0.004704 secs using 99.72% CPU
Optimizing NNI: done in 0.00264502 secs using 99.62% CPU
Optimizing NNI: done in 0.00430703 secs using 99.74% CPU
Optimizing NNI: done in 0.00366092 secs using 100% CPU
Optimizing NNI: done in 0.00245309 secs using 99.96% CPU
Optimizing NNI: done in 0.00250483 secs using 99.97% CPU
Optimizing NNI: done in 0.0044229 secs using 99.73% CPU
Optimizing NNI: done in 0.00396085 secs using 100% CPU
Optimizing NNI: done in 0.00401497 secs using 100% CPU
Optimizing NNI: done in 0.00385404 secs using 99.77% CPU
Iteration 800 / LogL: -117.689 / Time: 0h:0m:15s (0h:0m:0s left)
Log-likelihood cutoff on original alignment: -132.979
NOTE: Bootstrap correlation coefficient of split occurrence frequencies: 0.972
NOTE: UFBoot does not converge, continue at least 100 more iterations
Optimizing NNI: done in 0.004457 secs using 100% CPU
Optimizing NNI: done in 0.006001 secs using 99.85% CPU
Optimizing NNI: done in 0.00276303 secs using 99.42% CPU
Optimizing NNI: done in 0.00534916 secs using 99.98% CPU
Optimizing NNI: done in 0.00267982 secs using 99.6% CPU
Optimizing NNI: done in 0.00275707 secs using 100% CPU
Optimizing NNI: done in 0.00271106 secs using 99.52% CPU
Optimizing NNI: done in 0.00483894 secs using 99.65% CPU
Optimizing NNI: done in 0.0047791 secs using 100% CPU
Optimizing NNI: done in 0.00481915 secs using 100% CPU
Iteration 810 / LogL: -117.689 / Time: 0h:0m:15s (0h:0m:1s left)
Optimizing NNI: done in 0.00476718 secs using 99.74% CPU
Optimizing NNI: done in 0.005265 secs using 99.75% CPU
Optimizing NNI: done in 0.00481606 secs using 99.75% CPU
Optimizing NNI: done in 0.00546813 secs using 100% CPU
Optimizing NNI: done in 0.00528121 secs using 99.77% CPU
Optimizing NNI: done in 0.00468397 secs using 100% CPU
Optimizing NNI: done in 0.00264001 secs using 99.96% CPU
Optimizing NNI: done in 0.00482607 secs using 99.79% CPU
Optimizing NNI: done in 0.00492096 secs using 100% CPU
Optimizing NNI: done in 0.00475097 secs using 100% CPU
Iteration 820 / LogL: -117.689 / Time: 0h:0m:15s (0h:0m:1s left)
Optimizing NNI: done in 0.00521803 secs using 100% CPU
Optimizing NNI: done in 0.00252891 secs using 100% CPU
Optimizing NNI: done in 0.009233 secs using 99.9% CPU
Optimizing NNI: done in 0.00546885 secs using 99.8% CPU
Optimizing NNI: done in 0.00632715 secs using 99.84% CPU
Optimizing NNI: done in 0.00477719 secs using 100% CPU
Optimizing NNI: done in 0.00265789 secs using 100% CPU
Optimizing NNI: done in 0.00485301 secs using 100% CPU
Optimizing NNI: done in 0.00574088 secs using 100% CPU
Optimizing NNI: done in 0.00173092 secs using 100% CPU
Iteration 830 / LogL: -117.689 / Time: 0h:0m:16s (0h:0m:1s left)
Optimizing NNI: done in 0.00370789 secs using 100% CPU
Optimizing NNI: done in 0.001647 secs using 100% CPU
Optimizing NNI: done in 0.00274801 secs using 100% CPU
Optimizing NNI: done in 0.003052 secs using 100% CPU
Optimizing NNI: done in 0.00162816 secs using 99.44% CPU
Optimizing NNI: done in 0.00278902 secs using 99.96% CPU
Optimizing NNI: done in 0.00334406 secs using 99.67% CPU
Optimizing NNI: done in 0.00524807 secs using 99.79% CPU
Optimizing NNI: done in 0.00195408 secs using 99.94% CPU
Optimizing NNI: done in 0.00421691 secs using 100% CPU
Iteration 840 / LogL: -117.689 / Time: 0h:0m:16s (0h:0m:1s left)
Optimizing NNI: done in 0.00393605 secs using 99.97% CPU
Optimizing NNI: done in 0.00561595 secs using 99.79% CPU
Optimizing NNI: done in 0.00561285 secs using 99.77% CPU
Optimizing NNI: done in 0.00270915 secs using 99.99% CPU
Optimizing NNI: done in 0.00446296 secs using 100% CPU
Optimizing NNI: done in 0.00468087 secs using 98.96% CPU
Optimizing NNI: done in 0.00514817 secs using 99.76% CPU
Optimizing NNI: done in 0.00488782 secs using 99.78% CPU
Optimizing NNI: done in 0.0054121 secs using 99.98% CPU
Optimizing NNI: done in 0.00525093 secs using 99.98% CPU
Iteration 850 / LogL: -117.689 / Time: 0h:0m:16s (0h:0m:0s left)
Log-likelihood cutoff on original alignment: -132.979
Optimizing NNI: done in 0.00439405 secs using 99.95% CPU
Optimizing NNI: done in 0.00408006 secs using 99.73% CPU
Optimizing NNI: done in 0.00314307 secs using 100% CPU
Optimizing NNI: done in 0.00157213 secs using 99.93% CPU
Optimizing NNI: done in 0.00263596 secs using 99.93% CPU
Optimizing NNI: done in 0.00252604 secs using 99.96% CPU
Optimizing NNI: done in 0.00158787 secs using 99.95% CPU
Optimizing NNI: done in 0.00314999 secs using 100% CPU
Optimizing NNI: done in 0.00262308 secs using 100% CPU
Optimizing NNI: done in 0.00496507 secs using 100% CPU
Iteration 860 / LogL: -117.689 / Time: 0h:0m:16s (0h:0m:0s left)
Optimizing NNI: done in 0.00747204 secs using 99.8% CPU
Optimizing NNI: done in 0.00260115 secs using 99.99% CPU
Optimizing NNI: done in 0.00258017 secs using 99.99% CPU
Optimizing NNI: done in 0.00259209 secs using 100% CPU
Optimizing NNI: done in 0.00497103 secs using 100% CPU
Optimizing NNI: done in 0.00506306 secs using 99.76% CPU
Optimizing NNI: done in 0.00518179 secs using 100% CPU
Optimizing NNI: done in 0.00510097 secs using 99.77% CPU
Optimizing NNI: done in 0.00263 secs using 99.51% CPU
Optimizing NNI: done in 0.00539589 secs using 99.98% CPU
Iteration 870 / LogL: -117.689 / Time: 0h:0m:17s (0h:0m:0s left)
Optimizing NNI: done in 0.00259089 secs using 100% CPU
Optimizing NNI: done in 0.00536084 secs using 99.98% CPU
Optimizing NNI: done in 0.00387383 secs using 100% CPU
Optimizing NNI: done in 0.00261497 secs using 99.96% CPU
Optimizing NNI: done in 0.00460196 secs using 99.74% CPU
Optimizing NNI: done in 0.00266695 secs using 99.55% CPU
Optimizing NNI: done in 0.00256705 secs using 100% CPU
Optimizing NNI: done in 0.00548196 secs using 99.75% CPU
Optimizing NNI: done in 0.005018 secs using 100% CPU
Optimizing NNI: done in 0.00443316 secs using 99.97% CPU
Iteration 880 / LogL: -117.689 / Time: 0h:0m:17s (0h:0m:0s left)
Optimizing NNI: done in 0.00836015 secs using 99.82% CPU
Optimizing NNI: done in 0.00768614 secs using 99.8% CPU
Optimizing NNI: done in 0.005023 secs using 99.76% CPU
Optimizing NNI: done in 0.00653291 secs using 99.79% CPU
Optimizing NNI: done in 0.00253701 secs using 99.45% CPU
Optimizing NNI: done in 0.00835395 secs using 99.85% CPU
Optimizing NNI: done in 0.00510001 secs using 100% CPU
Optimizing NNI: done in 0.00482202 secs using 99.98% CPU
Optimizing NNI: done in 0.00724196 secs using 100% CPU
Optimizing NNI: done in 0.00522184 secs using 99.79% CPU
Iteration 890 / LogL: -117.689 / Time: 0h:0m:17s (0h:0m:0s left)
Optimizing NNI: done in 0.00268006 secs using 100% CPU
Optimizing NNI: done in 0.00499296 secs using 99.74% CPU
Optimizing NNI: done in 0.00475383 secs using 99.79% CPU
Optimizing NNI: done in 0.00704908 secs using 99.86% CPU
Optimizing NNI: done in 0.00496101 secs using 99.76% CPU
Optimizing NNI: done in 0.00222683 secs using 99.96% CPU
Optimizing NNI: done in 0.00381398 secs using 100% CPU
Optimizing NNI: done in 0.00265384 secs using 100% CPU
Optimizing NNI: done in 0.00265288 secs using 99.67% CPU
Optimizing NNI: done in 0.002563 secs using 100% CPU
Iteration 900 / LogL: -117.689 / Time: 0h:0m:17s (0h:0m:0s left)
Log-likelihood cutoff on original alignment: -132.979
NOTE: Bootstrap correlation coefficient of split occurrence frequencies: 0.968
NOTE: UFBoot does not converge, continue at least 100 more iterations
Optimizing NNI: done in 0.00450397 secs using 99.73% CPU
Optimizing NNI: done in 0.00489521 secs using 99.69% CPU
Optimizing NNI: done in 0.00251198 secs using 100% CPU
Optimizing NNI: done in 0.00509715 secs using 99.25% CPU
Optimizing NNI: done in 0.00485897 secs using 100% CPU
Optimizing NNI: done in 0.00427103 secs using 100% CPU
Optimizing NNI: done in 0.00808096 secs using 99.88% CPU
Optimizing NNI: done in 0.00247312 secs using 99.63% CPU
Optimizing NNI: done in 0.00426197 secs using 99.74% CPU
Optimizing NNI: done in 0.0023911 secs using 99.95% CPU
Iteration 910 / LogL: -117.689 / Time: 0h:0m:18s (0h:0m:1s left)
Optimizing NNI: done in 0.00791693 secs using 99.99% CPU
Optimizing NNI: done in 0.0024848 secs using 99.97% CPU
Optimizing NNI: done in 0.00460601 secs using 99.98% CPU
Optimizing NNI: done in 0.00453496 secs using 99.98% CPU
Optimizing NNI: done in 0.00460696 secs using 100% CPU
Optimizing NNI: done in 0.002635 secs using 100% CPU
Optimizing NNI: done in 0.00445509 secs using 99.75% CPU
Optimizing NNI: done in 0.00500894 secs using 99.82% CPU
Optimizing NNI: done in 0.00257897 secs using 99.73% CPU
Optimizing NNI: done in 0.00461292 secs using 99.87% CPU
Iteration 920 / LogL: -117.689 / Time: 0h:0m:18s (0h:0m:1s left)
Optimizing NNI: done in 0.00250483 secs using 99.97% CPU
Optimizing NNI: done in 0.00767303 secs using 99.99% CPU
Optimizing NNI: done in 0.00436306 secs using 98.55% CPU
Optimizing NNI: done in 0.00486898 secs using 99.84% CPU
Optimizing NNI: done in 0.00513983 secs using 99.83% CPU
Optimizing NNI: done in 0.00254703 secs using 99.68% CPU
Optimizing NNI: done in 0.00495601 secs using 99.96% CPU
Optimizing NNI: done in 0.00601602 secs using 99.65% CPU
Optimizing NNI: done in 0.006006 secs using 99.98% CPU
Optimizing NNI: done in 0.00511312 secs using 99.98% CPU
Iteration 930 / LogL: -117.689 / Time: 0h:0m:18s (0h:0m:1s left)
Optimizing NNI: done in 0.00402904 secs using 99.95% CPU
Optimizing NNI: done in 0.00258303 secs using 100% CPU
Optimizing NNI: done in 0.00251508 secs using 100% CPU
Optimizing NNI: done in 0.0045929 secs using 99.72% CPU
Optimizing NNI: done in 0.00253105 secs using 100% CPU
Optimizing NNI: done in 0.00529408 secs using 100% CPU
Optimizing NNI: done in 0.00248289 secs using 99.96% CPU
Optimizing NNI: done in 0.00507402 secs using 99.76% CPU
Optimizing NNI: done in 0.00253487 secs using 99.57% CPU
Optimizing NNI: done in 0.00257492 secs using 99.96% CPU
Iteration 940 / LogL: -117.689 / Time: 0h:0m:19s (0h:0m:1s left)
Optimizing NNI: done in 0.00481009 secs using 99.71% CPU
Optimizing NNI: done in 0.00496316 secs using 100% CPU
Optimizing NNI: done in 0.00250721 secs using 99.99% CPU
Optimizing NNI: done in 0.00423789 secs using 99.53% CPU
Optimizing NNI: done in 0.00469208 secs using 99.98% CPU
Optimizing NNI: done in 0.00191998 secs using 99.95% CPU
Optimizing NNI: done in 0.00379109 secs using 99.73% CPU
Optimizing NNI: done in 0.00402498 secs using 100% CPU
Optimizing NNI: done in 0.00404191 secs using 99.75% CPU
Optimizing NNI: done in 0.00284982 secs using 99.59% CPU
Iteration 950 / LogL: -123.173 / Time: 0h:0m:19s (0h:0m:1s left)
Log-likelihood cutoff on original alignment: -132.979
Optimizing NNI: done in 0.00373888 secs using 99.98% CPU
Optimizing NNI: done in 0.00156808 secs using 99.93% CPU
Optimizing NNI: done in 0.00156307 secs using 100.1% CPU
Optimizing NNI: done in 0.00465202 secs using 100% CPU
Optimizing NNI: done in 0.00346804 secs using 100% CPU
Optimizing NNI: done in 0.00503898 secs using 100% CPU
Optimizing NNI: done in 0.00421309 secs using 99.71% CPU
Optimizing NNI: done in 0.00542378 secs using 100% CPU
Optimizing NNI: done in 0.00546908 secs using 99.82% CPU
Optimizing NNI: done in 0.00539899 secs using 100% CPU
Iteration 960 / LogL: -117.689 / Time: 0h:0m:19s (0h:0m:0s left)
Optimizing NNI: done in 0.00255299 secs using 99.45% CPU
Optimizing NNI: done in 0.00524902 secs using 100% CPU
Optimizing NNI: done in 0.00282598 secs using 99.61% CPU
Optimizing NNI: done in 0.00457001 secs using 99.74% CPU
Optimizing NNI: done in 0.00294113 secs using 99.66% CPU
Optimizing NNI: done in 0.00275612 secs using 100% CPU
Optimizing NNI: done in 0.00493813 secs using 99.73% CPU
Optimizing NNI: done in 0.00522304 secs using 99.81% CPU
Optimizing NNI: done in 0.00507021 secs using 99.98% CPU
Optimizing NNI: done in 0.00277686 secs using 100% CPU
Iteration 970 / LogL: -117.689 / Time: 0h:0m:20s (0h:0m:0s left)
Optimizing NNI: done in 0.00493884 secs using 100% CPU
Optimizing NNI: done in 0.00528717 secs using 100% CPU
Optimizing NNI: done in 0.00716209 secs using 99.98% CPU
Optimizing NNI: done in 0.00538588 secs using 99.72% CPU
Optimizing NNI: done in 0.00735688 secs using 99.84% CPU
Optimizing NNI: done in 0.00267982 secs using 100% CPU
Optimizing NNI: done in 0.00277805 secs using 99.6% CPU
Optimizing NNI: done in 0.00519514 secs using 99.98% CPU
Optimizing NNI: done in 0.00518179 secs using 100% CPU
Optimizing NNI: done in 0.00521684 secs using 100% CPU
Iteration 980 / LogL: -117.689 / Time: 0h:0m:20s (0h:0m:0s left)
Optimizing NNI: done in 0.004884 secs using 99.73% CPU
Optimizing NNI: done in 0.00265789 secs using 99.97% CPU
Optimizing NNI: done in 0.00275493 secs using 99.64% CPU
Optimizing NNI: done in 0.00274992 secs using 99.97% CPU
Optimizing NNI: done in 0.00724912 secs using 99.86% CPU
Optimizing NNI: done in 0.00712705 secs using 99.82% CPU
Optimizing NNI: done in 0.00493813 secs using 99.73% CPU
Optimizing NNI: done in 0.00708413 secs using 99.8% CPU
Optimizing NNI: done in 0.00641203 secs using 99.83% CPU
Optimizing NNI: done in 0.00503397 secs using 100% CPU
Iteration 990 / LogL: -117.689 / Time: 0h:0m:20s (0h:0m:0s left)
Optimizing NNI: done in 0.00536489 secs using 99.98% CPU
Optimizing NNI: done in 0.00268698 secs using 99.93% CPU
Optimizing NNI: done in 0.00542903 secs using 99.76% CPU
Optimizing NNI: done in 0.00471783 secs using 99.75% CPU
Optimizing NNI: done in 0.00520492 secs using 99.77% CPU
Optimizing NNI: done in 0.00545192 secs using 99.78% CPU
Optimizing NNI: done in 0.00448012 secs using 99.77% CPU
Optimizing NNI: done in 0.00442886 secs using 100% CPU
Optimizing NNI: done in 0.00697017 secs using 99.84% CPU
Optimizing NNI: done in 0.00546908 secs using 99.83% CPU
Iteration 1000 / LogL: -117.689 / Time: 0h:0m:21s (0h:0m:0s left)
Log-likelihood cutoff on original alignment: -132.979
NOTE: Bootstrap correlation coefficient of split occurrence frequencies: 0.974
NOTE: UFBoot does not converge, continue at least 100 more iterations
Optimizing NNI: done in 0.00507498 secs using 99.82% CPU
WARNING: bootstrap analysis did not converge. You should rerun with higher number of iterations (-nm option)
TREE SEARCH COMPLETED AFTER 1001 ITERATIONS / Time: 0h:0m:21s

--------------------------------------------------------------------
|                    FINALIZING TREE SEARCH                        |
--------------------------------------------------------------------
Performs final model parameters optimization
Estimate model parameters (epsilon = 0.010)
1. Initial log-likelihood: -117.689
Optimal log-likelihood: -117.689
Parameters optimization took 1 rounds (0.001 sec)
BEST SCORE FOUND : -117.689

Testing tree branches by SH-like aLRT with 1000 replicates...
0.006 sec.
Creating bootstrap support values...
Split supports printed to NEXUS file ../results/molecular_evolution_analyses/phylogenetic_trees/F80024_SMED_G1/F80024_SMED_G1.splits.nex
Total tree length: 1.243

Total number of iterations: 1001
CPU time used for tree search: 21.250 sec (0h:0m:21s)
Wall-clock time used for tree search: 21.272 sec (0h:0m:21s)
Total CPU time used: 21.353 sec (0h:0m:21s)
Total wall-clock time used: 21.383 sec (0h:0m:21s)

Computing bootstrap consensus tree...
Reading input file ../results/molecular_evolution_analyses/phylogenetic_trees/F80024_SMED_G1/F80024_SMED_G1.splits.nex...
14 taxa and 319 splits.
Consensus tree written to ../results/molecular_evolution_analyses/phylogenetic_trees/F80024_SMED_G1/F80024_SMED_G1.contree
Reading input trees file ../results/molecular_evolution_analyses/phylogenetic_trees/F80024_SMED_G1/F80024_SMED_G1.contree
Log-likelihood of consensus tree: -117.689

Analysis results written to: 
  IQ-TREE report:                ../results/molecular_evolution_analyses/phylogenetic_trees/F80024_SMED_G1/F80024_SMED_G1.iqtree
  Maximum-likelihood tree:       ../results/molecular_evolution_analyses/phylogenetic_trees/F80024_SMED_G1/F80024_SMED_G1.treefile
  Likelihood distances:          ../results/molecular_evolution_analyses/phylogenetic_trees/F80024_SMED_G1/F80024_SMED_G1.mldist

Ultrafast bootstrap approximation results written to:
  Split support values:          ../results/molecular_evolution_analyses/phylogenetic_trees/F80024_SMED_G1/F80024_SMED_G1.splits.nex
  Consensus tree:                ../results/molecular_evolution_analyses/phylogenetic_trees/F80024_SMED_G1/F80024_SMED_G1.contree
  Screen log file:               ../results/molecular_evolution_analyses/phylogenetic_trees/F80024_SMED_G1/F80024_SMED_G1.log

Date and Time: Thu Mar 28 11:19:52 2024
