IQ-TREE multicore version 2.2.2.6 COVID-edition for Linux 64-bit built May 27 2023
Developed by Bui Quang Minh, James Barbetti, Nguyen Lam Tung,
Olga Chernomor, Heiko Schmidt, Dominik Schrempf, Michael Woodhams, Ly Trong Nhan.

Host:    lbc5 (AVX2, FMA3, 125 GB RAM)
Command: /home/mauricio/mauricio_PROGRAMAS/iqtree-2.2.2.6-Linux/bin/iqtree2 -s ../results/molecular_evolution_analyses/alignments_gblocks/F5168_SMAT_G1/F5168_SMAT_G1.aln.gblo -m TEST --threads-max 32 --alrt 1000 --ufboot 1000 --prefix ../results/molecular_evolution_analyses/phylogenetic_trees/F5168_SMAT_G1/F5168_SMAT_G1
Seed:    263456 (Using SPRNG - Scalable Parallel Random Number Generator)
Time:    Thu Mar 28 11:19:11 2024
Kernel:  AVX+FMA - 1 threads (32 CPU cores detected)

HINT: Use -nt option to specify number of threads because your CPU has 32 cores!
HINT: -nt AUTO will automatically determine the best number of threads to use.

Reading alignment file ../results/molecular_evolution_analyses/alignments_gblocks/F5168_SMAT_G1/F5168_SMAT_G1.aln.gblo ... Fasta format detected
Reading fasta file: done in 9.799e-05 secs using 98.99% CPU
Alignment most likely contains protein sequences
Constructing alignment: done in 0.000436068 secs using 99.76% CPU
Alignment has 6 sequences with 536 columns, 25 distinct patterns
3 parsimony-informative, 2 singleton sites, 531 constant sites
            Gap/Ambiguity  Composition  p-value
Analyzing sequences: done in 7.15256e-06 secs using 97.87% CPU
   1  Smat.165      0.00%    passed    100.00%
   2  Smat.826      0.00%    passed    100.00%
   3  Smat.6903     0.00%    passed    100.00%
   4  Smat.7047     0.00%    passed    100.00%
   5  Smat.10731    0.00%    passed    100.00%
   6  Smat.10732    0.00%    passed    100.00%
****  TOTAL         0.00%  0 sequences failed composition chi2 test (p-value<5%; df=19)
NOTE: Smat.6903 is identical to Smat.165 but kept for subsequent analysis
Checking for duplicate sequences: done in 2.19345e-05 secs using 100.3% CPU


Create initial parsimony tree by phylogenetic likelihood library (PLL)... 0.000 seconds
Perform fast likelihood tree search using LG+I+G model...
Estimate model parameters (epsilon = 5.000)
Perform nearest neighbor interchange...
Optimizing NNI: done in 0.00187707 secs using 99.89% CPU
Estimate model parameters (epsilon = 1.000)
1. Initial log-likelihood: -1632.757
Optimal log-likelihood: -1632.756
Proportion of invariable sites: 0.497
Gamma shape alpha: 0.020
Parameters optimization took 1 rounds (0.006 sec)
Time for fast ML tree search: 0.017 seconds

NOTE: ModelFinder requires 0 MB RAM!
ModelFinder will test up to 224 protein models (sample size: 536) ...
 No. Model         -LnL         df  AIC          AICc         BIC
  1  LG            1634.711     9   3287.421     3287.763     3325.978
  2  LG+I          1631.851     10  3283.702     3284.121     3326.544
  3  LG+G4         1633.374     10  3286.748     3287.167     3329.589
  4  LG+I+G4       1632.754     11  3287.509     3288.012     3334.634
  5  LG+F          1588.743     28  3233.486     3236.689     3353.441
  6  LG+F+I        1585.735     29  3229.469     3232.908     3353.709
  7  LG+F+G4       1587.395     29  3232.790     3236.228     3357.030
  8  LG+F+I+G4     1586.760     30  3233.520     3237.204     3362.044
  9  WAG           1637.764     9   3293.528     3293.871     3332.086
 10  WAG+I         1634.923     10  3289.846     3290.265     3332.687
 11  WAG+G4        1636.429     10  3292.858     3293.277     3335.699
 12  WAG+I+G4      1635.811     11  3293.623     3294.126     3340.748
 13  WAG+F         1588.796     28  3233.593     3236.796     3353.548
 14  WAG+F+I       1585.890     29  3229.780     3233.219     3354.020
 15  WAG+F+G4      1587.456     29  3232.911     3236.350     3357.151
 16  WAG+F+I+G4    1586.831     30  3233.662     3237.345     3362.186
 17  JTT           1629.973     9   3277.946     3278.288     3316.503
 18  JTT+I         1627.075     10  3274.150     3274.569     3316.991
 19  JTT+G4        1628.633     10  3277.267     3277.686     3320.108
 20  JTT+I+G4      1628.010     11  3278.019     3278.523     3325.145
 21  JTT+F         1587.586     28  3231.172     3234.375     3351.128
 22  JTT+F+I       1584.606     29  3227.213     3230.651     3351.452
 23  JTT+F+G4      1586.240     29  3230.480     3233.919     3354.720
 24  JTT+F+I+G4    1585.608     30  3231.216     3234.900     3359.741
WARNING: Normalizing state frequencies so that sum of them equals to 1
 25  Q.pfam        1637.535     9   3293.069     3293.411     3331.626
WARNING: Normalizing state frequencies so that sum of them equals to 1
 26  Q.pfam+I      1634.737     10  3289.473     3289.893     3332.315
WARNING: Normalizing state frequencies so that sum of them equals to 1
 27  Q.pfam+G4     1636.203     10  3292.406     3292.825     3335.247
WARNING: Normalizing state frequencies so that sum of them equals to 1
 28  Q.pfam+I+G4   1635.590     11  3293.180     3293.684     3340.305
WARNING: Normalizing state frequencies so that sum of them equals to 1
 29  Q.pfam+F      1588.441     28  3232.882     3236.085     3352.838
WARNING: Normalizing state frequencies so that sum of them equals to 1
 30  Q.pfam+F+I    1585.532     29  3229.063     3232.502     3353.303
WARNING: Normalizing state frequencies so that sum of them equals to 1
 31  Q.pfam+F+G4   1587.101     29  3232.201     3235.640     3356.441
WARNING: Normalizing state frequencies so that sum of them equals to 1
 32  Q.pfam+F+I+G4 1586.476     30  3232.952     3236.635     3361.476
WARNING: Normalizing state frequencies so that sum of them equals to 1
 33  Q.bird        1616.832     9   3251.665     3252.007     3290.222
WARNING: Normalizing state frequencies so that sum of them equals to 1
 34  Q.bird+I      1614.085     10  3248.169     3248.588     3291.010
WARNING: Normalizing state frequencies so that sum of them equals to 1
 35  Q.bird+G4     1615.503     10  3251.007     3251.426     3293.848
WARNING: Normalizing state frequencies so that sum of them equals to 1
 36  Q.bird+I+G4   1614.895     11  3251.789     3252.293     3298.915
WARNING: Normalizing state frequencies so that sum of them equals to 1
 37  Q.bird+F      1585.354     28  3226.709     3229.912     3346.664
WARNING: Normalizing state frequencies so that sum of them equals to 1
 38  Q.bird+F+I    1582.522     29  3223.044     3226.482     3347.283
WARNING: Normalizing state frequencies so that sum of them equals to 1
 39  Q.bird+F+G4   1584.019     29  3226.037     3229.476     3350.277
WARNING: Normalizing state frequencies so that sum of them equals to 1
 40  Q.bird+F+I+G4 1583.401     30  3226.802     3230.485     3355.326
WARNING: Normalizing state frequencies so that sum of them equals to 1
 41  Q.mammal      1617.364     9   3252.728     3253.070     3291.285
WARNING: Normalizing state frequencies so that sum of them equals to 1
 42  Q.mammal+I    1614.685     10  3249.370     3249.789     3292.211
WARNING: Normalizing state frequencies so that sum of them equals to 1
 43  Q.mammal+G4   1616.042     10  3252.083     3252.502     3294.925
WARNING: Normalizing state frequencies so that sum of them equals to 1
 44  Q.mammal+I+G4 1615.442     11  3252.884     3253.387     3300.009
WARNING: Normalizing state frequencies so that sum of them equals to 1
 45  Q.mammal+F    1585.827     28  3227.654     3230.857     3347.609
WARNING: Normalizing state frequencies so that sum of them equals to 1
 46  Q.mammal+F+I  1583.066     29  3224.133     3227.571     3348.373
WARNING: Normalizing state frequencies so that sum of them equals to 1
 47  Q.mammal+F+G4 1584.498     29  3226.995     3230.434     3351.235
WARNING: Normalizing state frequencies so that sum of them equals to 1
 48  Q.mammal+F+I+G4 1583.888     30  3227.777     3231.460     3356.301
 49  Q.insect      1614.684     9   3247.367     3247.709     3285.924
 50  Q.insect+I    1611.850     10  3243.699     3244.118     3286.540
 51  Q.insect+G4   1613.349     10  3246.698     3247.117     3289.539
 52  Q.insect+I+G4 1612.732     11  3247.464     3247.968     3294.589
 53  Q.insect+F    1588.251     28  3232.502     3235.705     3352.457
 54  Q.insect+F+I  1585.230     29  3228.460     3231.899     3352.700
 55  Q.insect+F+G4 1586.902     29  3231.804     3235.243     3356.044
 56  Q.insect+F+I+G4 1586.267     30  3232.533     3236.216     3361.057
WARNING: Normalizing state frequencies so that sum of them equals to 1
 57  Q.plant       1628.420     9   3274.840     3275.182     3313.397
WARNING: Normalizing state frequencies so that sum of them equals to 1
 58  Q.plant+I     1625.605     10  3271.209     3271.628     3314.050
WARNING: Normalizing state frequencies so that sum of them equals to 1
 59  Q.plant+G4    1627.086     10  3274.172     3274.591     3317.014
WARNING: Normalizing state frequencies so that sum of them equals to 1
 60  Q.plant+I+G4  1626.471     11  3274.942     3275.446     3322.067
WARNING: Normalizing state frequencies so that sum of them equals to 1
 61  Q.plant+F     1586.875     28  3229.750     3232.954     3349.706
WARNING: Normalizing state frequencies so that sum of them equals to 1
 62  Q.plant+F+I   1583.857     29  3225.713     3229.152     3349.953
WARNING: Normalizing state frequencies so that sum of them equals to 1
 63  Q.plant+F+G4  1585.526     29  3229.052     3232.491     3353.292
WARNING: Normalizing state frequencies so that sum of them equals to 1
 64  Q.plant+F+I+G4 1584.890     30  3229.781     3233.464     3358.305
WARNING: Normalizing state frequencies so that sum of them equals to 1
 65  Q.yeast       1623.071     9   3264.143     3264.485     3302.700
WARNING: Normalizing state frequencies so that sum of them equals to 1
 66  Q.yeast+I     1620.140     10  3260.279     3260.698     3303.121
WARNING: Normalizing state frequencies so that sum of them equals to 1
 67  Q.yeast+G4    1621.729     10  3263.458     3263.877     3306.299
WARNING: Normalizing state frequencies so that sum of them equals to 1
 68  Q.yeast+I+G4  1621.102     11  3264.204     3264.707     3311.329
WARNING: Normalizing state frequencies so that sum of them equals to 1
 69  Q.yeast+F     1588.745     28  3233.491     3236.694     3353.447
WARNING: Normalizing state frequencies so that sum of them equals to 1
 70  Q.yeast+F+I   1585.664     29  3229.328     3232.767     3353.568
WARNING: Normalizing state frequencies so that sum of them equals to 1
 71  Q.yeast+F+G4  1587.393     29  3232.786     3236.224     3357.026
WARNING: Normalizing state frequencies so that sum of them equals to 1
 72  Q.yeast+F+I+G4 1586.752     30  3233.503     3237.187     3362.028
 73  JTTDCMut      1630.479     9   3278.959     3279.301     3317.516
 74  JTTDCMut+I    1627.575     10  3275.150     3275.569     3317.992
 75  JTTDCMut+G4   1629.139     10  3278.278     3278.697     3321.120
 76  JTTDCMut+I+G4 1628.515     11  3279.030     3279.533     3326.155
 77  JTTDCMut+F    1587.741     28  3231.482     3234.685     3351.438
 78  JTTDCMut+F+I  1584.757     29  3227.514     3230.952     3351.754
 79  JTTDCMut+F+G4 1586.395     29  3230.789     3234.228     3355.029
 80  JTTDCMut+F+I+G4 1585.762     30  3231.525     3235.208     3360.049
 81  DCMut         1635.248     9   3288.496     3288.838     3327.053
 82  DCMut+I       1632.314     10  3284.627     3285.046     3327.469
 83  DCMut+G4      1633.903     10  3287.806     3288.225     3330.647
 84  DCMut+I+G4    1633.273     11  3288.545     3289.049     3335.671
 85  DCMut+F       1588.945     28  3233.890     3237.094     3353.846
 86  DCMut+F+I     1586.024     29  3230.047     3233.486     3354.287
 87  DCMut+F+G4    1587.601     29  3233.202     3236.641     3357.442
 88  DCMut+F+I+G4  1586.972     30  3233.945     3237.628     3362.469
 89  VT            1630.360     9   3278.720     3279.062     3317.277
 90  VT+I          1627.495     10  3274.991     3275.410     3317.832
 91  VT+G4         1629.024     10  3278.048     3278.467     3320.889
 92  VT+I+G4       1628.405     11  3278.810     3279.313     3325.935
 93  VT+F          1589.206     28  3234.413     3237.616     3354.368
 94  VT+F+I        1586.256     29  3230.513     3233.951     3354.752
 95  VT+F+G4       1587.864     29  3233.727     3237.166     3357.967
 96  VT+F+I+G4     1587.236     30  3234.471     3238.155     3362.995
 97  PMB           1636.085     9   3290.171     3290.513     3328.728
 98  PMB+I         1633.326     10  3286.653     3287.072     3329.494
 99  PMB+G4        1634.758     10  3289.515     3289.934     3332.357
100  PMB+I+G4      1634.150     11  3290.300     3290.803     3337.425
101  PMB+F         1589.859     28  3235.717     3238.920     3355.673
102  PMB+F+I       1587.017     29  3232.035     3235.473     3356.275
103  PMB+F+G4      1588.524     29  3235.048     3238.487     3359.288
104  PMB+F+I+G4    1587.907     30  3235.814     3239.497     3364.338
105  Blosum62      1634.232     9   3286.464     3286.806     3325.021
106  Blosum62+I    1631.416     10  3282.831     3283.250     3325.672
107  Blosum62+G4   1632.899     10  3285.799     3286.218     3328.640
108  Blosum62+I+G4 1632.285     11  3286.570     3287.074     3333.696
109  Blosum62+F    1590.378     28  3236.755     3239.958     3356.711
110  Blosum62+F+I  1587.450     29  3232.899     3236.338     3357.139
111  Blosum62+F+G4 1589.036     29  3236.072     3239.511     3360.312
112  Blosum62+F+I+G4 1588.410     30  3236.820     3240.503     3365.344
113  Dayhoff       1635.237     9   3288.473     3288.815     3327.030
114  Dayhoff+I     1632.301     10  3284.603     3285.022     3327.444
115  Dayhoff+G4    1633.892     10  3287.783     3288.202     3330.624
116  Dayhoff+I+G4  1633.261     11  3288.522     3289.026     3335.648
117  Dayhoff+F     1588.937     28  3233.873     3237.076     3353.829
118  Dayhoff+F+I   1586.014     29  3230.027     3233.466     3354.267
119  Dayhoff+F+G4  1587.592     29  3233.185     3236.623     3357.425
120  Dayhoff+F+I+G4 1586.963     30  3233.927     3237.610     3362.451
121  mtREV         1735.851     9   3489.701     3490.043     3528.258
122  mtREV+I       1733.183     10  3486.365     3486.784     3529.207
123  mtREV+G4      1734.525     10  3489.051     3489.470     3531.892
124  mtREV+I+G4    1733.923     11  3489.845     3490.349     3536.971
125  mtREV+F       1586.167     28  3228.333     3231.537     3348.289
126  mtREV+F+I     1583.361     29  3224.722     3228.161     3348.962
127  mtREV+F+G4    1584.831     29  3227.661     3231.100     3351.901
128  mtREV+F+I+G4  1584.213     30  3228.426     3232.110     3356.950
129  mtART         1732.244     9   3482.487     3482.830     3521.045
130  mtART+I       1729.523     10  3479.046     3479.465     3521.887
131  mtART+G4      1730.908     10  3481.817     3482.236     3524.658
132  mtART+I+G4    1730.293     11  3482.585     3483.089     3529.711
133  mtART+F       1586.352     28  3228.705     3231.908     3348.661
134  mtART+F+I     1583.534     29  3225.068     3228.507     3349.308
135  mtART+F+G4    1585.014     29  3228.029     3231.468     3352.269
136  mtART+F+I+G4  1584.394     30  3228.789     3232.472     3357.313
137  mtZOA         1735.755     9   3489.510     3489.852     3528.067
138  mtZOA+I       1732.955     10  3485.909     3486.329     3528.751
139  mtZOA+G4      1734.414     10  3488.827     3489.246     3531.669
140  mtZOA+I+G4    1733.791     11  3489.581     3490.085     3536.707
141  mtZOA+F       1586.695     28  3229.389     3232.592     3349.345
142  mtZOA+F+I     1583.778     29  3225.557     3228.996     3349.797
143  mtZOA+F+G4    1585.350     29  3228.700     3232.139     3352.940
144  mtZOA+F+I+G4  1584.721     30  3229.442     3233.125     3357.966
145  mtMet         1718.154     9   3454.308     3454.650     3492.865
146  mtMet+I       1715.428     10  3450.856     3451.275     3493.697
147  mtMet+G4      1716.822     10  3453.644     3454.063     3496.485
148  mtMet+I+G4    1716.211     11  3454.422     3454.926     3501.548
149  mtMet+F       1585.812     28  3227.624     3230.828     3347.580
150  mtMet+F+I     1582.973     29  3223.946     3227.385     3348.186
151  mtMet+F+G4    1584.475     29  3226.951     3230.389     3351.191
152  mtMet+F+I+G4  1583.856     30  3227.712     3231.395     3356.236
153  mtVer         1738.236     9   3494.473     3494.815     3533.030
154  mtVer+I       1735.498     10  3490.996     3491.415     3533.837
155  mtVer+G4      1736.901     10  3493.802     3494.221     3536.644
156  mtVer+I+G4    1736.286     11  3494.572     3495.076     3541.698
157  mtVer+F       1584.928     28  3225.856     3229.060     3345.812
158  mtVer+F+I     1582.131     29  3222.262     3225.701     3346.502
159  mtVer+F+G4    1583.594     29  3225.189     3228.627     3349.429
160  mtVer+F+I+G4  1582.979     30  3225.959     3229.642     3354.483
161  mtInv         1737.248     9   3492.496     3492.838     3531.053
162  mtInv+I       1734.507     10  3489.014     3489.433     3531.856
163  mtInv+G4      1735.917     10  3491.834     3492.253     3534.676
164  mtInv+I+G4    1735.307     11  3492.613     3493.117     3539.739
165  mtInv+F       1586.834     28  3229.668     3232.872     3349.624
166  mtInv+F+I     1583.902     29  3225.804     3229.242     3350.043
167  mtInv+F+G4    1585.491     29  3228.982     3232.420     3353.221
168  mtInv+F+I+G4  1584.862     30  3229.725     3233.408     3358.249
169  mtMAM         1736.509     9   3491.017     3491.359     3529.574
170  mtMAM+I       1733.773     10  3487.546     3487.965     3530.388
171  mtMAM+G4      1735.168     10  3490.336     3490.755     3533.178
172  mtMAM+I+G4    1734.548     11  3491.096     3491.600     3538.222
173  mtMAM+F       1584.261     28  3224.522     3227.726     3344.478
174  mtMAM+F+I     1581.555     29  3221.110     3224.549     3345.350
175  mtMAM+F+G4    1582.933     29  3223.866     3227.305     3348.106
176  mtMAM+F+I+G4  1582.326     30  3224.652     3228.335     3353.176
WARNING: Normalizing state frequencies so that sum of them equals to 1
177  FLAVI         1662.301     9   3342.602     3342.944     3381.159
WARNING: Normalizing state frequencies so that sum of them equals to 1
178  FLAVI+I       1659.509     10  3339.018     3339.437     3381.859
WARNING: Normalizing state frequencies so that sum of them equals to 1
179  FLAVI+G4      1660.965     10  3341.931     3342.350     3384.772
WARNING: Normalizing state frequencies so that sum of them equals to 1
180  FLAVI+I+G4    1660.349     11  3342.697     3343.201     3389.823
WARNING: Normalizing state frequencies so that sum of them equals to 1
181  FLAVI+F       1586.731     28  3229.462     3232.665     3349.418
WARNING: Normalizing state frequencies so that sum of them equals to 1
182  FLAVI+F+I     1583.735     29  3225.470     3228.909     3349.710
WARNING: Normalizing state frequencies so that sum of them equals to 1
183  FLAVI+F+G4    1585.381     29  3228.762     3232.201     3353.002
WARNING: Normalizing state frequencies so that sum of them equals to 1
184  FLAVI+F+I+G4  1584.745     30  3229.489     3233.173     3358.013
185  HIVb          1644.977     9   3307.954     3308.296     3346.511
186  HIVb+I        1642.173     10  3304.345     3304.764     3347.187
187  HIVb+G4       1643.644     10  3307.288     3307.707     3350.129
188  HIVb+I+G4     1643.029     11  3308.059     3308.562     3355.184
189  HIVb+F        1586.978     28  3229.957     3233.160     3349.912
190  HIVb+F+I      1584.036     29  3226.072     3229.511     3350.312
191  HIVb+F+G4     1585.633     29  3229.265     3232.704     3353.505
192  HIVb+F+I+G4   1585.002     30  3230.003     3233.686     3358.527
193  HIVw          1652.195     9   3322.389     3322.731     3360.946
194  HIVw+I        1649.303     10  3318.606     3319.025     3361.447
195  HIVw+G4       1650.854     10  3321.707     3322.126     3364.548
196  HIVw+I+G4     1650.229     11  3322.457     3322.961     3369.583
197  HIVw+F        1588.112     28  3232.224     3235.427     3352.180
198  HIVw+F+I      1585.192     29  3228.385     3231.824     3352.625
199  HIVw+F+G4     1586.770     29  3231.539     3234.978     3355.779
200  HIVw+F+I+G4   1586.143     30  3232.285     3235.968     3360.809
201  FLU           1624.463     9   3266.925     3267.268     3305.483
202  FLU+I         1621.868     10  3263.736     3264.155     3306.577
203  FLU+G4        1623.147     10  3266.294     3266.713     3309.136
204  FLU+I+G4      1622.557     11  3267.114     3267.618     3314.239
205  FLU+F         1586.759     28  3229.517     3232.721     3349.473
206  FLU+F+I       1584.112     29  3226.224     3229.662     3350.464
207  FLU+F+G4      1585.438     29  3228.876     3232.315     3353.116
208  FLU+F+I+G4    1584.841     30  3229.682     3233.365     3358.206
209  rtREV         1655.683     9   3329.365     3329.708     3367.923
210  rtREV+I       1652.790     10  3325.579     3325.999     3368.421
211  rtREV+G4      1654.343     10  3328.686     3329.105     3371.527
212  rtREV+I+G4    1653.719     11  3329.439     3329.943     3376.564
213  rtREV+F       1589.697     28  3235.394     3238.597     3355.350
214  rtREV+F+I     1586.688     29  3231.377     3234.815     3355.617
215  rtREV+F+G4    1588.349     29  3234.698     3238.137     3358.938
216  rtREV+F+I+G4  1587.714     30  3235.429     3239.112     3363.953
217  cpREV         1658.780     9   3335.561     3335.903     3374.118
218  cpREV+I       1655.743     10  3331.486     3331.905     3374.327
219  cpREV+G4      1657.429     10  3334.858     3335.277     3377.699
220  cpREV+I+G4    1656.790     11  3335.580     3336.084     3382.705
221  cpREV+F       1589.899     28  3235.799     3239.002     3355.754
222  cpREV+F+I     1586.761     29  3231.521     3234.960     3355.761
223  cpREV+F+G4    1588.541     29  3235.083     3238.521     3359.322
224  cpREV+F+I+G4  1587.893     30  3235.786     3239.470     3364.311
Akaike Information Criterion:           mtMAM+F+I
Corrected Akaike Information Criterion: mtMAM+F+I
Bayesian Information Criterion:         Q.insect
Best-fit model: Q.insect chosen according to BIC

All model information printed to ../results/molecular_evolution_analyses/phylogenetic_trees/F5168_SMAT_G1/F5168_SMAT_G1.model.gz
CPU time for ModelFinder: 1.245 seconds (0h:0m:1s)
Wall-clock time for ModelFinder: 1.263 seconds (0h:0m:1s)
Generating 1000 samples for ultrafast bootstrap (seed: 263456)...

NOTE: 0 MB RAM (0 GB) is required!
Estimate model parameters (epsilon = 0.100)
1. Initial log-likelihood: -1614.684
Optimal log-likelihood: -1614.684
Parameters optimization took 1 rounds (0.000 sec)
Wrote distance file to... 
Computing ML distances based on estimated model parameters...
Calculating distance matrix: done in 0.00278497 secs using 98.92% CPU
Computing ML distances took 0.002828 sec (of wall-clock time) 0.002798 sec (of CPU time)
Setting up auxiliary I and S matrices: done in 4.19617e-05 secs using 202.6% CPU
Constructing RapidNJ tree: done in 2.31266e-05 secs using 190.3% CPU
Computing RapidNJ tree took 0.000134 sec (of wall-clock time) 0.000264 sec (of CPU time)
Log-likelihood of RapidNJ tree: -1614.686
--------------------------------------------------------------------
|             INITIALIZING CANDIDATE TREE SET                      |
--------------------------------------------------------------------
Generating 99 parsimony trees... 0.017 second
Computing log-likelihood of 13 initial trees ... 0.003 seconds
Current best score: -1614.684

Do NNI search on 14 best initial trees
Optimizing NNI: done in 0.000942945 secs using 196.5% CPU
Optimizing NNI: done in 0.000933886 secs using 200.3% CPU
Optimizing NNI: done in 0.000926971 secs using 201% CPU
Optimizing NNI: done in 0.00170493 secs using 199.9% CPU
Optimizing NNI: done in 0.00218415 secs using 199.7% CPU
Optimizing NNI: done in 0.00316191 secs using 152.2% CPU
Optimizing NNI: done in 0.00201106 secs using 145% CPU
Optimizing NNI: done in 0.00193214 secs using 200.5% CPU
Optimizing NNI: done in 0.00201702 secs using 189.5% CPU
Optimizing NNI: done in 0.00193119 secs using 199.6% CPU
Iteration 10 / LogL: -1614.685 / Time: 0h:0m:0s
Optimizing NNI: done in 0.00233197 secs using 195.6% CPU
Optimizing NNI: done in 0.00204897 secs using 200% CPU
Optimizing NNI: done in 0.00186992 secs using 198.5% CPU
Optimizing NNI: done in 0.00182295 secs using 199.3% CPU
Finish initializing candidate tree set (14)
Current best tree score: -1614.684 / CPU time: 0.054
Number of iterations: 14
--------------------------------------------------------------------
|               OPTIMIZING CANDIDATE TREE SET                      |
--------------------------------------------------------------------
Optimizing NNI: done in 0.00186491 secs using 197.8% CPU
Optimizing NNI: done in 0.00145292 secs using 199.5% CPU
Optimizing NNI: done in 0.00211787 secs using 200.2% CPU
Optimizing NNI: done in 0.00192189 secs
Optimizing NNI: done in 0.00210309 secs using 197.7% CPU
Optimizing NNI: done in 0.00204492 secs using 199.9% CPU
Iteration 20 / LogL: -1614.685 / Time: 0h:0m:0s
Optimizing NNI: done in 0.00178504 secs using 199.7% CPU
Optimizing NNI: done in 0.00101113 secs using 199.9% CPU
Optimizing NNI: done in 0.00182295 secs using 199.7% CPU
Optimizing NNI: done in 0.00194097 secs using 199.2% CPU
Optimizing NNI: done in 0.000883102 secs using 199.8% CPU
Optimizing NNI: done in 0.00205588 secs using 198.2% CPU
Optimizing NNI: done in 0.00107288 secs using 199.9% CPU
Optimizing NNI: done in 0.00204611 secs using 6.354% CPU
Optimizing NNI: done in 0.00280881 secs using 198.4% CPU
Optimizing NNI: done in 0.00280809 secs using 199.3% CPU
Iteration 30 / LogL: -1614.685 / Time: 0h:0m:0s (0h:0m:0s left)
Optimizing NNI: done in 0.00278902 secs using 199.6% CPU
Optimizing NNI: done in 0.00191379 secs using 195.6% CPU
Optimizing NNI: done in 0.00209093 secs using 197.7% CPU
Optimizing NNI: done in 0.0020771 secs using 199% CPU
Optimizing NNI: done in 0.0019052 secs using 200.4% CPU
Optimizing NNI: done in 0.00210094 secs using 199.4% CPU
Optimizing NNI: done in 0.00104308 secs using 99.99% CPU
Optimizing NNI: done in 0.00195312 secs using 99.94% CPU
Optimizing NNI: done in 0.00088501 secs using 99.89% CPU
Optimizing NNI: done in 0.00108695 secs using 100% CPU
Iteration 40 / LogL: -1614.684 / Time: 0h:0m:0s (0h:0m:0s left)
Optimizing NNI: done in 0.00209785 secs using 100% CPU
Optimizing NNI: done in 0.0021131 secs using 99.95% CPU
Optimizing NNI: done in 0.000889063 secs using 99.88% CPU
Optimizing NNI: done in 0.00203085 secs using 99.96% CPU
Optimizing NNI: done in 0.00211096 secs using 99.58% CPU
Optimizing NNI: done in 0.00194097 secs using 100.1% CPU
Optimizing NNI: done in 0.00208092 secs using 100% CPU
Optimizing NNI: done in 0.00170684 secs using 99.89% CPU
Optimizing NNI: done in 0.00215816 secs using 99.99% CPU
Optimizing NNI: done in 0.00205088 secs using 100% CPU
Iteration 50 / LogL: -1614.686 / Time: 0h:0m:0s (0h:0m:0s left)
Log-likelihood cutoff on original alignment: -1644.766
Optimizing NNI: done in 0.000917912 secs using 99.79% CPU
Optimizing NNI: done in 0.00204492 secs using 99.91% CPU
Optimizing NNI: done in 0.00187302 secs using 99.95% CPU
Optimizing NNI: done in 0.000895023 secs using 99.89% CPU
Optimizing NNI: done in 0.00195503 secs using 100% CPU
Optimizing NNI: done in 0.00204206 secs using 99.95% CPU
Optimizing NNI: done in 0.000917196 secs using 99.76% CPU
Optimizing NNI: done in 0.00103402 secs using 99.9% CPU
Optimizing NNI: done in 0.00108504 secs using 99.9% CPU
Optimizing NNI: done in 0.00193906 secs using 99.95% CPU
Iteration 60 / LogL: -1614.685 / Time: 0h:0m:0s (0h:0m:0s left)
Optimizing NNI: done in 0.000956059 secs using 99.89% CPU
Optimizing NNI: done in 0.00201511 secs using 99.94% CPU
Optimizing NNI: done in 0.00194907 secs using 99.95% CPU
Optimizing NNI: done in 0.00206518 secs using 99.99% CPU
Optimizing NNI: done in 0.00279903 secs using 99.96% CPU
Optimizing NNI: done in 0.00197721 secs using 99.99% CPU
Optimizing NNI: done in 0.00192094 secs using 100% CPU
Optimizing NNI: done in 0.000878096 secs using 99.76% CPU
Optimizing NNI: done in 0.00207996 secs using 99.28% CPU
Optimizing NNI: done in 0.00103283 secs using 99.73% CPU
Iteration 70 / LogL: -1614.684 / Time: 0h:0m:0s (0h:0m:0s left)
Optimizing NNI: done in 0.00194287 secs using 99.96% CPU
Optimizing NNI: done in 0.00195599 secs using 99.95% CPU
Optimizing NNI: done in 0.00211692 secs using 99.96% CPU
Optimizing NNI: done in 0.00182509 secs using 99.89% CPU
Optimizing NNI: done in 0.0010581 secs using 99.8% CPU
Optimizing NNI: done in 0.00170803 secs using 99.94% CPU
Optimizing NNI: done in 0.00174403 secs using 100% CPU
Optimizing NNI: done in 0.000854015 secs using 100.1% CPU
Optimizing NNI: done in 0.00286508 secs using 100% CPU
Optimizing NNI: done in 0.00253701 secs using 99.96% CPU
Iteration 80 / LogL: -1614.684 / Time: 0h:0m:0s (0h:0m:0s left)
Optimizing NNI: done in 0.00211811 secs using 98.15% CPU
Optimizing NNI: done in 0.00087595 secs using 99.89% CPU
Optimizing NNI: done in 0.00102401 secs using 99.9% CPU
Optimizing NNI: done in 0.00200295 secs using 99.95% CPU
Optimizing NNI: done in 0.00178599 secs using 99.94% CPU
Optimizing NNI: done in 0.00188017 secs using 99.99% CPU
Optimizing NNI: done in 0.00200295 secs using 99.95% CPU
Optimizing NNI: done in 0.0010519 secs using 99.91% CPU
Optimizing NNI: done in 0.00162911 secs using 99.93% CPU
Optimizing NNI: done in 0.00101995 secs using 99.91% CPU
Iteration 90 / LogL: -1614.684 / Time: 0h:0m:0s (0h:0m:0s left)
Optimizing NNI: done in 0.00283408 secs using 99.96% CPU
Optimizing NNI: done in 0.00187302 secs using 99.89% CPU
Optimizing NNI: done in 0.00276995 secs using 100% CPU
Optimizing NNI: done in 0.00175905 secs using 99.94% CPU
Optimizing NNI: done in 0.00200105 secs using 100% CPU
Optimizing NNI: done in 0.00202298 secs using 99.36% CPU
Optimizing NNI: done in 0.00276709 secs using 99.92% CPU
Optimizing NNI: done in 0.00191712 secs using 99.89% CPU
Optimizing NNI: done in 0.00275993 secs using 99.93% CPU
Optimizing NNI: done in 0.00194097 secs using 99.9% CPU
Iteration 100 / LogL: -1614.684 / Time: 0h:0m:0s (0h:0m:0s left)
Log-likelihood cutoff on original alignment: -1644.766
NOTE: Bootstrap correlation coefficient of split occurrence frequencies: 0.996
Optimizing NNI: done in 0.00161099 secs using 99.94% CPU
TREE SEARCH COMPLETED AFTER 101 ITERATIONS / Time: 0h:0m:0s

--------------------------------------------------------------------
|                    FINALIZING TREE SEARCH                        |
--------------------------------------------------------------------
Performs final model parameters optimization
Estimate model parameters (epsilon = 0.010)
1. Initial log-likelihood: -1614.684
Optimal log-likelihood: -1614.684
Parameters optimization took 1 rounds (0.000 sec)
BEST SCORE FOUND : -1614.684

Testing tree branches by SH-like aLRT with 1000 replicates...
0.010 sec.
Creating bootstrap support values...
Split supports printed to NEXUS file ../results/molecular_evolution_analyses/phylogenetic_trees/F5168_SMAT_G1/F5168_SMAT_G1.splits.nex
Total tree length: 0.011

Total number of iterations: 101
CPU time used for tree search: 0.821 sec (0h:0m:0s)
Wall-clock time used for tree search: 0.651 sec (0h:0m:0s)
Total CPU time used: 0.867 sec (0h:0m:0s)
Total wall-clock time used: 0.697 sec (0h:0m:0s)

Computing bootstrap consensus tree...
Reading input file ../results/molecular_evolution_analyses/phylogenetic_trees/F5168_SMAT_G1/F5168_SMAT_G1.splits.nex...
6 taxa and 22 splits.
Consensus tree written to ../results/molecular_evolution_analyses/phylogenetic_trees/F5168_SMAT_G1/F5168_SMAT_G1.contree
Reading input trees file ../results/molecular_evolution_analyses/phylogenetic_trees/F5168_SMAT_G1/F5168_SMAT_G1.contree
Log-likelihood of consensus tree: -1614.689

Analysis results written to: 
  IQ-TREE report:                ../results/molecular_evolution_analyses/phylogenetic_trees/F5168_SMAT_G1/F5168_SMAT_G1.iqtree
  Maximum-likelihood tree:       ../results/molecular_evolution_analyses/phylogenetic_trees/F5168_SMAT_G1/F5168_SMAT_G1.treefile
  Likelihood distances:          ../results/molecular_evolution_analyses/phylogenetic_trees/F5168_SMAT_G1/F5168_SMAT_G1.mldist

Ultrafast bootstrap approximation results written to:
  Split support values:          ../results/molecular_evolution_analyses/phylogenetic_trees/F5168_SMAT_G1/F5168_SMAT_G1.splits.nex
  Consensus tree:                ../results/molecular_evolution_analyses/phylogenetic_trees/F5168_SMAT_G1/F5168_SMAT_G1.contree
  Screen log file:               ../results/molecular_evolution_analyses/phylogenetic_trees/F5168_SMAT_G1/F5168_SMAT_G1.log

Date and Time: Thu Mar 28 11:19:13 2024
