IQ-TREE multicore version 2.2.2.6 COVID-edition for Linux 64-bit built May 27 2023
Developed by Bui Quang Minh, James Barbetti, Nguyen Lam Tung,
Olga Chernomor, Heiko Schmidt, Dominik Schrempf, Michael Woodhams, Ly Trong Nhan.

Host:    lbc5 (AVX2, FMA3, 125 GB RAM)
Command: /home/mauricio/mauricio_PROGRAMAS/iqtree-2.2.2.6-Linux/bin/iqtree2 -s ../results/molecular_evolution_analyses/alignments_gblocks/F53885_HDIM_G1/F53885_HDIM_G1.aln.gblo -m TEST --threads-max 32 --alrt 1000 --ufboot 1000 --prefix ../results/molecular_evolution_analyses/phylogenetic_trees/F53885_HDIM_G1/F53885_HDIM_G1
Seed:    327109 (Using SPRNG - Scalable Parallel Random Number Generator)
Time:    Thu Mar 28 11:19:17 2024
Kernel:  AVX+FMA - 1 threads (32 CPU cores detected)

HINT: Use -nt option to specify number of threads because your CPU has 32 cores!
HINT: -nt AUTO will automatically determine the best number of threads to use.

Reading alignment file ../results/molecular_evolution_analyses/alignments_gblocks/F53885_HDIM_G1/F53885_HDIM_G1.aln.gblo ... Fasta format detected
Reading fasta file: done in 4.00543e-05 secs using 99.86% CPU
Alignment most likely contains protein sequences
Constructing alignment: done in 5.4121e-05 secs using 101.6% CPU
Alignment has 10 sequences with 35 columns, 35 distinct patterns
6 parsimony-informative, 23 singleton sites, 6 constant sites
            Gap/Ambiguity  Composition  p-value
Analyzing sequences: done in 7.15256e-06 secs using 111.8% CPU
   1  Hdim.9426     0.00%    passed     99.99%
   2  Hdim.1436     0.00%    passed    100.00%
   3  Hdim.4313     0.00%    passed     99.99%
   4  Hdim.15037    0.00%    passed     99.99%
   5  Hdim.9730     0.00%    passed     99.97%
   6  Hdim.1265     0.00%    passed    100.00%
   7  Hdim.5874     0.00%    passed     99.90%
   8  Hdim.10114    0.00%    passed     99.94%
   9  Hdim.1256     2.86%    passed     96.56%
  10  Hdim.6817     0.00%    passed    100.00%
****  TOTAL         0.29%  0 sequences failed composition chi2 test (p-value<5%; df=19)
Checking for duplicate sequences: done in 2.19345e-05 secs using 100.3% CPU


Create initial parsimony tree by phylogenetic likelihood library (PLL)... 0.000 seconds
Perform fast likelihood tree search using LG+I+G model...
Estimate model parameters (epsilon = 5.000)
Perform nearest neighbor interchange...
Optimizing NNI: done in 0.0190639 secs using 99.87% CPU
Estimate model parameters (epsilon = 1.000)
1. Initial log-likelihood: -371.441
Optimal log-likelihood: -371.379
Proportion of invariable sites: 0.039
Gamma shape alpha: 998.434
Parameters optimization took 1 rounds (0.008 sec)
Time for fast ML tree search: 0.047 seconds

NOTE: ModelFinder requires 0 MB RAM!
ModelFinder will test up to 224 protein models (sample size: 35) ...
 No. Model         -LnL         df  AIC          AICc         BIC
  1  LG            371.237      17  776.474      812.474      802.915
  2  LG+I          371.237      18  778.474      821.224      806.470
  3  LG+G4         371.236      18  778.472      821.222      806.468
  4  LG+I+G4       371.342      19  780.683      831.350      810.235
  5  LG+F          356.313      36  784.626      3448.626     840.618
  6  LG+F+I        356.276      37  786.552      3598.552     844.100
  7  LG+F+G4       356.313      37  786.625      3598.625     844.173
  8  LG+F+I+G4     356.296      38  788.592      3752.592     847.695
  9  WAG           368.222      17  770.444      806.444      796.885
 10  WAG+I         368.222      18  772.444      815.194      800.440
 11  WAG+G4        368.224      18  772.447      815.197      800.444
 12  WAG+I+G4      368.385      19  774.771      825.438      804.322
 13  WAG+F         353.643      36  779.286      3443.286     835.278
 14  WAG+F+I       353.643      37  781.286      3593.286     838.834
 15  WAG+F+G4      353.645      37  781.291      3593.291     838.838
 16  WAG+F+I+G4    353.799      38  783.599      3747.599     842.702
 17  JTT           353.702      17  741.404      777.404      767.845
 18  JTT+I         353.702      18  743.404      786.154      771.400
 19  JTT+G4        353.705      18  743.410      786.160      771.406
 20  JTT+I+G4      353.896      19  745.793      796.459      775.344
 21  JTT+F         342.179      36  756.359      3420.359     812.351
 22  JTT+F+I       342.179      37  758.359      3570.359     815.907
 23  JTT+F+G4      342.183      37  758.366      3570.366     815.913
 24  JTT+F+I+G4    342.361      38  760.722      3724.722     819.825
WARNING: Normalizing state frequencies so that sum of them equals to 1
 25  Q.pfam        369.159      17  772.318      808.318      798.759
WARNING: Normalizing state frequencies so that sum of them equals to 1
 26  Q.pfam+I      369.146      18  774.291      817.041      802.287
WARNING: Normalizing state frequencies so that sum of them equals to 1
 27  Q.pfam+G4     369.159      18  774.318      817.068      802.314
WARNING: Normalizing state frequencies so that sum of them equals to 1
 28  Q.pfam+I+G4   369.184      19  776.368      827.035      805.920
WARNING: Normalizing state frequencies so that sum of them equals to 1
 29  Q.pfam+F      354.140      36  780.279      3444.279     836.272
WARNING: Normalizing state frequencies so that sum of them equals to 1
 30  Q.pfam+F+I    354.065      37  782.130      3594.130     839.677
WARNING: Normalizing state frequencies so that sum of them equals to 1
 31  Q.pfam+F+G4   354.140      37  782.280      3594.280     839.828
WARNING: Normalizing state frequencies so that sum of them equals to 1
 32  Q.pfam+F+I+G4 354.072      38  784.144      3748.144     843.247
WARNING: Normalizing state frequencies so that sum of them equals to 1
 33  Q.bird        346.773      17  727.545      763.545      753.986
WARNING: Normalizing state frequencies so that sum of them equals to 1
 34  Q.bird+I      346.513      18  729.027      771.777      757.023
WARNING: Normalizing state frequencies so that sum of them equals to 1
 35  Q.bird+G4     346.773      18  729.547      772.297      757.543
WARNING: Normalizing state frequencies so that sum of them equals to 1
 36  Q.bird+I+G4   346.528      19  731.056      781.723      760.608
WARNING: Normalizing state frequencies so that sum of them equals to 1
 37  Q.bird+F      337.670      36  747.340      3411.340     803.333
WARNING: Normalizing state frequencies so that sum of them equals to 1
 38  Q.bird+F+I    337.493      37  748.986      3560.986     806.534
WARNING: Normalizing state frequencies so that sum of them equals to 1
 39  Q.bird+F+G4   337.672      37  749.344      3561.344     806.892
WARNING: Normalizing state frequencies so that sum of them equals to 1
 40  Q.bird+F+I+G4 337.499      38  750.998      3714.998     810.101
WARNING: Normalizing state frequencies so that sum of them equals to 1
 41  Q.mammal      345.620      17  725.241      761.241      751.681
WARNING: Normalizing state frequencies so that sum of them equals to 1
 42  Q.mammal+I    345.523      18  727.046      769.796      755.042
WARNING: Normalizing state frequencies so that sum of them equals to 1
 43  Q.mammal+G4   345.623      18  727.246      769.996      755.242
WARNING: Normalizing state frequencies so that sum of them equals to 1
 44  Q.mammal+I+G4 345.529      19  729.057      779.724      758.609
WARNING: Normalizing state frequencies so that sum of them equals to 1
 45  Q.mammal+F    336.744      36  745.488      3409.488     801.481
WARNING: Normalizing state frequencies so that sum of them equals to 1
 46  Q.mammal+F+I  336.680      37  747.361      3559.361     804.908
WARNING: Normalizing state frequencies so that sum of them equals to 1
 47  Q.mammal+F+G4 336.747      37  747.495      3559.495     805.042
WARNING: Normalizing state frequencies so that sum of them equals to 1
 48  Q.mammal+F+I+G4 336.693      38  749.385      3713.385     808.489
 49  Q.insect      365.298      17  764.596      800.596      791.037
 50  Q.insect+I    365.295      18  766.589      809.339      794.585
 51  Q.insect+G4   365.300      18  766.600      809.350      794.597
 52  Q.insect+I+G4 365.347      19  768.693      819.360      798.245
 53  Q.insect+F    350.409      36  772.817      3436.817     828.810
 54  Q.insect+F+I  350.404      37  774.808      3586.808     832.356
 55  Q.insect+F+G4 350.411      37  774.821      3586.821     832.369
 56  Q.insect+F+I+G4 350.444      38  776.888      3740.888     835.991
WARNING: Normalizing state frequencies so that sum of them equals to 1
 57  Q.plant       357.398      17  748.796      784.796      775.237
WARNING: Normalizing state frequencies so that sum of them equals to 1
 58  Q.plant+I     357.384      18  750.769      793.519      778.765
WARNING: Normalizing state frequencies so that sum of them equals to 1
 59  Q.plant+G4    357.399      18  750.797      793.547      778.794
WARNING: Normalizing state frequencies so that sum of them equals to 1
 60  Q.plant+I+G4  357.420      19  752.839      803.506      782.391
WARNING: Normalizing state frequencies so that sum of them equals to 1
 61  Q.plant+F     343.397      36  758.793      3422.793     814.786
WARNING: Normalizing state frequencies so that sum of them equals to 1
 62  Q.plant+F+I   343.397      37  760.793      3572.793     818.341
WARNING: Normalizing state frequencies so that sum of them equals to 1
 63  Q.plant+F+G4  343.398      37  760.796      3572.796     818.344
WARNING: Normalizing state frequencies so that sum of them equals to 1
 64  Q.plant+F+I+G4 343.491      38  762.982      3726.982     822.085
WARNING: Normalizing state frequencies so that sum of them equals to 1
 65  Q.yeast       372.117      17  778.233      814.233      804.674
WARNING: Normalizing state frequencies so that sum of them equals to 1
 66  Q.yeast+I     372.083      18  780.167      822.917      808.163
WARNING: Normalizing state frequencies so that sum of them equals to 1
 67  Q.yeast+G4    372.117      18  780.233      822.983      808.230
WARNING: Normalizing state frequencies so that sum of them equals to 1
 68  Q.yeast+I+G4  372.102      19  782.204      832.871      811.756
WARNING: Normalizing state frequencies so that sum of them equals to 1
 69  Q.yeast+F     354.249      36  780.498      3444.498     836.491
WARNING: Normalizing state frequencies so that sum of them equals to 1
 70  Q.yeast+F+I   354.215      37  782.429      3594.429     839.977
WARNING: Normalizing state frequencies so that sum of them equals to 1
 71  Q.yeast+F+G4  354.250      37  782.499      3594.499     840.047
WARNING: Normalizing state frequencies so that sum of them equals to 1
 72  Q.yeast+F+I+G4 354.229      38  784.458      3748.458     843.562
 73  JTTDCMut      353.855      17  741.710      777.710      768.151
 74  JTTDCMut+I    353.855      18  743.710      786.460      771.706
 75  JTTDCMut+G4   353.858      18  743.715      786.465      771.712
 76  JTTDCMut+I+G4 354.056      19  746.113      796.780      775.665
 77  JTTDCMut+F    342.298      36  756.596      3420.596     812.588
 78  JTTDCMut+F+I  342.298      37  758.596      3570.596     816.144
 79  JTTDCMut+F+G4 342.301      37  758.603      3570.603     816.151
 80  JTTDCMut+F+I+G4 342.481      38  760.962      3724.962     820.065
 81  DCMut         366.128      17  766.256      802.256      792.697
 82  DCMut+I       366.128      18  768.256      811.006      796.253
 83  DCMut+G4      366.129      18  768.259      811.009      796.255
 84  DCMut+I+G4    366.278      19  770.557      821.223      800.108
 85  DCMut+F       353.087      36  778.175      3442.175     834.168
 86  DCMut+F+I     353.087      37  780.175      3592.175     837.723
 87  DCMut+F+G4    353.089      37  780.179      3592.179     837.727
 88  DCMut+F+I+G4  353.169      38  782.339      3746.339     841.442
 89  VT            363.999      17  761.998      797.998      788.439
 90  VT+I          363.999      18  763.998      806.748      791.994
 91  VT+G4         364.002      18  764.004      806.754      792.001
 92  VT+I+G4       364.154      19  766.309      816.975      795.860
 93  VT+F          350.192      36  772.384      3436.384     828.377
 94  VT+F+I        350.192      37  774.384      3586.384     831.932
 95  VT+F+G4       350.196      37  774.391      3586.391     831.939
 96  VT+F+I+G4     350.326      38  776.652      3740.652     835.756
 97  PMB           370.392      17  774.784      810.784      801.225
 98  PMB+I         370.392      18  776.784      819.534      804.781
 99  PMB+G4        370.394      18  776.788      819.538      804.784
100  PMB+I+G4      370.512      19  779.024      829.690      808.575
101  PMB+F         358.097      36  788.195      3452.195     844.187
102  PMB+F+I       358.097      37  790.194      3602.194     847.742
103  PMB+F+G4      358.099      37  790.199      3602.199     847.747
104  PMB+F+I+G4    358.151      38  792.301      3756.301     851.404
105  Blosum62      375.428      17  784.857      820.857      811.298
106  Blosum62+I    375.428      18  786.857      829.607      814.853
107  Blosum62+G4   375.429      18  786.859      829.609      814.855
108  Blosum62+I+G4 375.527      19  789.055      839.722      818.606
109  Blosum62+F    361.032      36  794.063      3458.063     850.056
110  Blosum62+F+I  360.998      37  795.996      3607.996     853.544
111  Blosum62+F+G4 361.033      37  796.065      3608.065     853.613
112  Blosum62+F+I+G4 361.015      38  798.029      3762.029     857.133
113  Dayhoff       366.137      17  766.275      802.275      792.716
114  Dayhoff+I     366.137      18  768.275      811.025      796.271
115  Dayhoff+G4    366.139      18  768.277      811.027      796.274
116  Dayhoff+I+G4  366.287      19  770.575      821.241      800.126
117  Dayhoff+F     353.101      36  778.202      3442.202     834.195
118  Dayhoff+F+I   353.101      37  780.202      3592.202     837.750
119  Dayhoff+F+G4  353.103      37  780.206      3592.206     837.754
120  Dayhoff+F+I+G4 353.181      38  782.362      3746.362     841.465
121  mtREV         377.226      17  788.452      824.452      814.893
122  mtREV+I       376.169      18  788.339      831.089      816.335
123  mtREV+G4      376.392      18  788.783      831.533      816.780
124  mtREV+I+G4    376.216      19  790.432      841.099      819.984
125  mtREV+F       354.852      36  781.704      3445.704     837.696
126  mtREV+F+I     354.506      37  783.012      3595.012     840.560
127  mtREV+F+G4    354.756      37  783.512      3595.512     841.060
128  mtREV+F+I+G4  354.511      38  785.022      3749.022     844.125
129  mtART         397.477      17  828.953      864.953      855.394
130  mtART+I       395.036      18  826.072      868.822      854.068
131  mtART+G4      393.697      18  823.393      866.143      851.389
132  mtART+I+G4    393.712      19  825.423      876.090      854.975
133  mtART+F       372.339      36  816.677      3480.677     872.670
134  mtART+F+I     370.883      37  815.765      3627.765     873.313
135  mtART+F+G4    370.336      37  814.672      3626.672     872.220
136  mtART+F+I+G4  370.330      38  816.660      3780.660     875.764
137  mtZOA         387.311      17  808.621      844.621      835.062
138  mtZOA+I       385.590      18  807.179      849.929      835.175
139  mtZOA+G4      384.748      18  805.496      848.246      833.492
140  mtZOA+I+G4    384.757      19  807.514      858.180      837.065
141  mtZOA+F       365.674      36  803.349      3467.349     859.341
142  mtZOA+F+I     364.908      37  803.817      3615.817     861.365
143  mtZOA+F+G4    364.629      37  803.258      3615.258     860.806
144  mtZOA+F+I+G4  364.639      38  805.279      3769.279     864.382
145  mtMet         370.526      17  775.052      811.052      801.493
146  mtMet+I       369.359      18  774.718      817.468      802.715
147  mtMet+G4      369.859      18  775.717      818.467      803.714
148  mtMet+I+G4    369.489      19  776.978      827.644      806.529
149  mtMet+F       345.678      36  763.356      3427.356     819.349
150  mtMet+F+I     345.467      37  764.934      3576.934     822.481
151  mtMet+F+G4    345.678      37  765.357      3577.357     822.904
152  mtMet+F+I+G4  345.472      38  766.944      3730.944     826.047
153  mtVer         364.441      17  762.882      798.882      789.323
154  mtVer+I       362.814      18  761.628      804.378      789.624
155  mtVer+G4      363.445      18  762.890      805.640      790.886
156  mtVer+I+G4    362.929      19  763.858      814.525      793.410
157  mtVer+F       340.645      36  753.290      3417.290     809.282
158  mtVer+F+I     340.633      37  755.267      3567.267     812.814
159  mtVer+F+G4    340.647      37  755.294      3567.294     812.842
160  mtVer+F+I+G4  340.664      38  757.327      3721.327     816.430
161  mtInv         381.380      17  796.760      832.760      823.201
162  mtInv+I       380.701      18  797.402      840.152      825.398
163  mtInv+G4      380.980      18  797.961      840.711      825.957
164  mtInv+I+G4    380.770      19  799.541      850.207      829.092
165  mtInv+F       351.374      36  774.748      3438.748     830.741
166  mtInv+F+I     351.279      37  776.558      3588.558     834.106
167  mtInv+F+G4    351.373      37  776.745      3588.745     834.293
168  mtInv+F+I+G4  351.282      38  778.564      3742.564     837.667
169  mtMAM         376.208      17  786.417      822.417      812.858
170  mtMAM+I       373.234      18  782.468      825.218      810.464
171  mtMAM+G4      373.496      18  782.991      825.741      810.988
172  mtMAM+I+G4    373.048      19  784.096      834.763      813.648
173  mtMAM+F       351.858      36  775.716      3439.716     831.709
174  mtMAM+F+I     350.992      37  775.985      3587.985     833.533
175  mtMAM+F+G4    351.644      37  777.287      3589.287     834.835
176  mtMAM+F+I+G4  351.019      38  778.038      3742.038     837.141
WARNING: Normalizing state frequencies so that sum of them equals to 1
177  FLAVI         358.148      17  750.296      786.296      776.737
WARNING: Normalizing state frequencies so that sum of them equals to 1
178  FLAVI+I       357.999      18  751.999      794.749      779.995
WARNING: Normalizing state frequencies so that sum of them equals to 1
179  FLAVI+G4      358.148      18  752.296      795.046      780.293
WARNING: Normalizing state frequencies so that sum of them equals to 1
180  FLAVI+I+G4    358.002      19  754.003      804.670      783.555
WARNING: Normalizing state frequencies so that sum of them equals to 1
181  FLAVI+F       339.767      36  751.535      3415.535     807.527
WARNING: Normalizing state frequencies so that sum of them equals to 1
182  FLAVI+F+I     339.767      37  753.535      3565.535     811.083
WARNING: Normalizing state frequencies so that sum of them equals to 1
183  FLAVI+F+G4    339.772      37  753.544      3565.544     811.092
WARNING: Normalizing state frequencies so that sum of them equals to 1
184  FLAVI+F+I+G4  339.945      38  755.891      3719.891     814.994
185  HIVb          352.874      17  739.748      775.748      766.189
186  HIVb+I        352.871      18  741.742      784.492      769.738
187  HIVb+G4       352.876      18  741.751      784.501      769.748
188  HIVb+I+G4     352.918      19  743.836      794.503      773.388
189  HIVb+F        338.272      36  748.545      3412.545     804.537
190  HIVb+F+I      338.272      37  750.545      3562.545     808.093
191  HIVb+F+G4     338.276      37  750.552      3562.552     808.100
192  HIVb+F+I+G4   338.403      38  752.805      3716.805     811.909
193  HIVw          357.535      17  749.070      785.070      775.511
194  HIVw+I        357.535      18  751.070      793.820      779.066
195  HIVw+G4       357.535      18  751.070      793.820      779.066
196  HIVw+I+G4     357.614      19  753.228      803.895      782.780
197  HIVw+F        339.389      36  750.777      3414.777     806.770
198  HIVw+F+I      339.389      37  752.777      3564.777     810.325
199  HIVw+F+G4     339.392      37  752.783      3564.783     810.331
200  HIVw+F+I+G4   339.476      38  754.951      3718.951     814.055
201  FLU           361.659      17  757.318      793.318      783.759
202  FLU+I         361.398      18  758.795      801.545      786.791
203  FLU+G4        361.650      18  759.300      802.050      787.296
204  FLU+I+G4      361.402      19  760.804      811.471      790.356
205  FLU+F         346.798      36  765.596      3429.596     821.589
206  FLU+F+I       346.540      37  767.080      3579.080     824.628
207  FLU+F+G4      346.799      37  767.599      3579.599     825.146
208  FLU+F+I+G4    346.544      38  769.089      3733.089     828.192
209  rtREV         377.802      17  789.603      825.603      816.044
210  rtREV+I       377.793      18  791.587      834.337      819.583
211  rtREV+G4      377.728      18  791.456      834.206      819.452
212  rtREV+I+G4    377.820      19  793.639      844.306      823.191
213  rtREV+F       361.665      36  795.331      3459.331     851.323
214  rtREV+F+I     361.584      37  797.168      3609.168     854.716
215  rtREV+F+G4    361.642      37  797.284      3609.284     854.832
216  rtREV+F+I+G4  361.588      38  799.177      3763.177     858.280
217  cpREV         364.077      17  762.154      798.154      788.595
218  cpREV+I       364.077      18  764.154      806.904      792.150
219  cpREV+G4      364.078      18  764.155      806.905      792.152
220  cpREV+I+G4    364.255      19  766.510      817.177      796.062
221  cpREV+F       347.460      36  766.919      3430.919     822.912
222  cpREV+F+I     347.460      37  768.919      3580.919     826.467
223  cpREV+F+G4    347.462      37  768.924      3580.924     826.472
224  cpREV+F+I+G4  347.579      38  771.158      3735.158     830.261
Akaike Information Criterion:           Q.mammal
Corrected Akaike Information Criterion: Q.mammal
Bayesian Information Criterion:         Q.mammal
Best-fit model: Q.mammal chosen according to BIC

All model information printed to ../results/molecular_evolution_analyses/phylogenetic_trees/F53885_HDIM_G1/F53885_HDIM_G1.model.gz
CPU time for ModelFinder: 2.594 seconds (0h:0m:2s)
Wall-clock time for ModelFinder: 2.615 seconds (0h:0m:2s)
WARNING: States(s) E, W rarely appear in alignment and may cause numerical problems
Generating 1000 samples for ultrafast bootstrap (seed: 327109)...
WARNING: Normalizing state frequencies so that sum of them equals to 1

NOTE: 0 MB RAM (0 GB) is required!
Estimate model parameters (epsilon = 0.100)
1. Initial log-likelihood: -345.620
Optimal log-likelihood: -345.620
Parameters optimization took 1 rounds (0.001 sec)
Wrote distance file to... 
Computing ML distances based on estimated model parameters...
Calculating distance matrix: done in 0.00405788 secs using 99.41% CPU
Computing ML distances took 0.004139 sec (of wall-clock time) 0.004115 sec (of CPU time)
Setting up auxiliary I and S matrices: done in 3.00407e-05 secs using 99.86% CPU
Constructing RapidNJ tree: done in 4.1008e-05 secs using 99.98% CPU
Computing RapidNJ tree took 0.000127 sec (of wall-clock time) 0.000127 sec (of CPU time)
Log-likelihood of RapidNJ tree: -345.475
--------------------------------------------------------------------
|             INITIALIZING CANDIDATE TREE SET                      |
--------------------------------------------------------------------
Generating 98 parsimony trees... 0.040 second
Computing log-likelihood of 95 initial trees ... 0.055 seconds
Current best score: -345.347

Do NNI search on 20 best initial trees
Optimizing NNI: done in 0.00534797 secs using 248.8% CPU
Estimate model parameters (epsilon = 0.100)
BETTER TREE FOUND at iteration 1: -345.132
Optimizing NNI: done in 0.0064199 secs using 162.5% CPU
Optimizing NNI: done in 0.00255895 secs using 100.1% CPU
Optimizing NNI: done in 0.00669599 secs using 219.5% CPU
Optimizing NNI: done in 0.010205 secs using 217% CPU
Optimizing NNI: done in 0.00538206 secs using 174.1% CPU
Optimizing NNI: done in 0.00541496 secs using 174.1% CPU
Optimizing NNI: done in 0.00506806 secs using 276.9% CPU
Optimizing NNI: done in 0.00530887 secs using 199.7% CPU
Optimizing NNI: done in 0.00528598 secs using 199.8% CPU
Iteration 10 / LogL: -345.494 / Time: 0h:0m:0s
Optimizing NNI: done in 0.0052371 secs using 200% CPU
Optimizing NNI: done in 0.00540304 secs using 199.9% CPU
Optimizing NNI: done in 0.00548983 secs using 199.6% CPU
Optimizing NNI: done in 0.00535512 secs using 200.1% CPU
Optimizing NNI: done in 0.00545716 secs using 199.5% CPU
Optimizing NNI: done in 0.00494003 secs using 200% CPU
Optimizing NNI: done in 0.00517321 secs using 184.2% CPU
Optimizing NNI: done in 0.00536799 secs using 99.74% CPU
Optimizing NNI: done in 0.00535989 secs using 99.68% CPU
Optimizing NNI: done in 0.00535393 secs using 99.78% CPU
Iteration 20 / LogL: -345.494 / Time: 0h:0m:0s
Finish initializing candidate tree set (6)
Current best tree score: -345.132 / CPU time: 0.218
Number of iterations: 20
--------------------------------------------------------------------
|               OPTIMIZING CANDIDATE TREE SET                      |
--------------------------------------------------------------------
Optimizing NNI: done in 0.00505996 secs using 99.72% CPU
Optimizing NNI: done in 0.00474095 secs using 99.56% CPU
Optimizing NNI: done in 0.00709414 secs using 99.77% CPU
Optimizing NNI: done in 0.00229287 secs using 100% CPU
UPDATE BEST LOG-LIKELIHOOD: -345.132
Optimizing NNI: done in 0.00268698 secs using 100% CPU
Optimizing NNI: done in 0.00730801 secs using 99.85% CPU
Optimizing NNI: done in 0.00713706 secs using 99.83% CPU
Optimizing NNI: done in 0.00664186 secs using 100% CPU
Optimizing NNI: done in 0.00894499 secs using 99.83% CPU
Optimizing NNI: done in 0.00264597 secs using 100% CPU
UPDATE BEST LOG-LIKELIHOOD: -345.132
Iteration 30 / LogL: -345.132 / Time: 0h:0m:0s (0h:0m:0s left)
Optimizing NNI: done in 0.00227308 secs using 100% CPU
Optimizing NNI: done in 0.00914598 secs using 99.81% CPU
Optimizing NNI: done in 0.00755095 secs using 99.6% CPU
Optimizing NNI: done in 0.00268984 secs using 99.63% CPU
Optimizing NNI: done in 0.0117369 secs using 99.86% CPU
Optimizing NNI: done in 0.00425577 secs using 99.98% CPU
Optimizing NNI: done in 0.00988197 secs using 99.86% CPU
Optimizing NNI: done in 0.00756788 secs using 99.82% CPU
Optimizing NNI: done in 0.0132141 secs using 99.91% CPU
Optimizing NNI: done in 0.00672197 secs using 100% CPU
Iteration 40 / LogL: -345.133 / Time: 0h:0m:0s (0h:0m:0s left)
Optimizing NNI: done in 0.00700521 secs using 99.98% CPU
Optimizing NNI: done in 0.00659013 secs using 99.97% CPU
Optimizing NNI: done in 0.00657511 secs using 100% CPU
Optimizing NNI: done in 0.00532198 secs using 100% CPU
Optimizing NNI: done in 0.006392 secs using 99.98% CPU
Optimizing NNI: done in 0.00686312 secs using 99.98% CPU
Optimizing NNI: done in 0.0053072 secs using 100% CPU
Optimizing NNI: done in 0.00909686 secs using 99.69% CPU
Optimizing NNI: done in 0.00798821 secs using 99.72% CPU
Optimizing NNI: done in 0.00897503 secs using 99.83% CPU
Iteration 50 / LogL: -345.137 / Time: 0h:0m:0s (0h:0m:0s left)
Log-likelihood cutoff on original alignment: -353.635
Optimizing NNI: done in 0.013031 secs using 99.87% CPU
Optimizing NNI: done in 0.00729394 secs using 99.84% CPU
Optimizing NNI: done in 0.00846004 secs using 99.98% CPU
Optimizing NNI: done in 0.0052979 secs using 99.7% CPU
Optimizing NNI: done in 0.00830984 secs using 99.83% CPU
Optimizing NNI: done in 0.00872207 secs using 99.82% CPU
Optimizing NNI: done in 0.00513887 secs using 100% CPU
Optimizing NNI: done in 0.00533199 secs using 99.46% CPU
Optimizing NNI: done in 0.006778 secs using 99.76% CPU
Optimizing NNI: done in 0.00262308 secs using 99.43% CPU
Iteration 60 / LogL: -345.132 / Time: 0h:0m:0s (0h:0m:0s left)
Optimizing NNI: done in 0.00542498 secs using 99.95% CPU
Optimizing NNI: done in 0.00752711 secs using 99.76% CPU
Optimizing NNI: done in 0.0089469 secs using 99.84% CPU
Optimizing NNI: done in 0.00709391 secs using 99.69% CPU
Optimizing NNI: done in 0.0066812 secs using 100% CPU
Optimizing NNI: done in 0.00629711 secs using 99.98% CPU
Optimizing NNI: done in 0.00752878 secs using 100% CPU
Optimizing NNI: done in 0.00498414 secs using 100% CPU
UPDATE BEST LOG-LIKELIHOOD: -345.132
Optimizing NNI: done in 0.00631809 secs using 99.75% CPU
Optimizing NNI: done in 0.00262094 secs using 100% CPU
Iteration 70 / LogL: -345.132 / Time: 0h:0m:0s (0h:0m:0s left)
Optimizing NNI: done in 0.00997591 secs using 99.87% CPU
Optimizing NNI: done in 0.00779295 secs using 99.87% CPU
Optimizing NNI: done in 0.0049901 secs using 99.82% CPU
Optimizing NNI: done in 0.00488091 secs using 99.78% CPU
Optimizing NNI: done in 0.00941396 secs using 99.99% CPU
Optimizing NNI: done in 0.00532293 secs using 99.7% CPU
Optimizing NNI: done in 0.00764322 secs using 99.8% CPU
Optimizing NNI: done in 0.00493097 secs using 99.78% CPU
Optimizing NNI: done in 0.00264001 secs using 99.96% CPU
Optimizing NNI: done in 0.00722098 secs using 99.82% CPU
Iteration 80 / LogL: -345.132 / Time: 0h:0m:0s (0h:0m:0s left)
Optimizing NNI: done in 0.00761199 secs using 100% CPU
Optimizing NNI: done in 0.00660396 secs using 100% CPU
Optimizing NNI: done in 0.00476193 secs using 99.98% CPU
Optimizing NNI: done in 0.00491786 secs using 100% CPU
Optimizing NNI: done in 0.00728917 secs using 100% CPU
Optimizing NNI: done in 0.00224519 secs using 99.99% CPU
Optimizing NNI: done in 0.00864196 secs using 99.98% CPU
Optimizing NNI: done in 0.00257206 secs using 100% CPU
Optimizing NNI: done in 0.00260901 secs using 100% CPU
Optimizing NNI: done in 0.0101471 secs using 60.69% CPU
Iteration 90 / LogL: -345.132 / Time: 0h:0m:1s (0h:0m:0s left)
Optimizing NNI: done in 0.0054121 secs using 99.98% CPU
Optimizing NNI: done in 0.0116482 secs using 99.88% CPU
Optimizing NNI: done in 0.00506306 secs using 99.76% CPU
Optimizing NNI: done in 0.00762296 secs using 99.97% CPU
Optimizing NNI: done in 0.00800896 secs using 100% CPU
Optimizing NNI: done in 0.00516891 secs using 100% CPU
Optimizing NNI: done in 0.00263 secs using 100% CPU
Optimizing NNI: done in 0.00989103 secs using 99.85% CPU
Optimizing NNI: done in 0.00897789 secs using 99.85% CPU
Optimizing NNI: done in 0.00550604 secs using 99.73% CPU
UPDATE BEST LOG-LIKELIHOOD: -345.132
Iteration 100 / LogL: -345.132 / Time: 0h:0m:1s (0h:0m:0s left)
Log-likelihood cutoff on original alignment: -356.648
NOTE: Bootstrap correlation coefficient of split occurrence frequencies: 0.992
Optimizing NNI: done in 0.00549102 secs using 99.98% CPU
Optimizing NNI: done in 0.00962996 secs using 99.98% CPU
TREE SEARCH COMPLETED AFTER 102 ITERATIONS / Time: 0h:0m:1s

--------------------------------------------------------------------
|                    FINALIZING TREE SEARCH                        |
--------------------------------------------------------------------
Performs final model parameters optimization
Estimate model parameters (epsilon = 0.010)
1. Initial log-likelihood: -345.132
Optimal log-likelihood: -345.132
Parameters optimization took 1 rounds (0.002 sec)
BEST SCORE FOUND : -345.132

Testing tree branches by SH-like aLRT with 1000 replicates...
0.008 sec.
Creating bootstrap support values...
Split supports printed to NEXUS file ../results/molecular_evolution_analyses/phylogenetic_trees/F53885_HDIM_G1/F53885_HDIM_G1.splits.nex
Total tree length: 1.565

Total number of iterations: 102
CPU time used for tree search: 1.424 sec (0h:0m:1s)
Wall-clock time used for tree search: 1.237 sec (0h:0m:1s)
Total CPU time used: 1.481 sec (0h:0m:1s)
Total wall-clock time used: 1.295 sec (0h:0m:1s)

Computing bootstrap consensus tree...
Reading input file ../results/molecular_evolution_analyses/phylogenetic_trees/F53885_HDIM_G1/F53885_HDIM_G1.splits.nex...
10 taxa and 99 splits.
Consensus tree written to ../results/molecular_evolution_analyses/phylogenetic_trees/F53885_HDIM_G1/F53885_HDIM_G1.contree
Reading input trees file ../results/molecular_evolution_analyses/phylogenetic_trees/F53885_HDIM_G1/F53885_HDIM_G1.contree
Log-likelihood of consensus tree: -345.132

Analysis results written to: 
  IQ-TREE report:                ../results/molecular_evolution_analyses/phylogenetic_trees/F53885_HDIM_G1/F53885_HDIM_G1.iqtree
  Maximum-likelihood tree:       ../results/molecular_evolution_analyses/phylogenetic_trees/F53885_HDIM_G1/F53885_HDIM_G1.treefile
  Likelihood distances:          ../results/molecular_evolution_analyses/phylogenetic_trees/F53885_HDIM_G1/F53885_HDIM_G1.mldist

Ultrafast bootstrap approximation results written to:
  Split support values:          ../results/molecular_evolution_analyses/phylogenetic_trees/F53885_HDIM_G1/F53885_HDIM_G1.splits.nex
  Consensus tree:                ../results/molecular_evolution_analyses/phylogenetic_trees/F53885_HDIM_G1/F53885_HDIM_G1.contree
  Screen log file:               ../results/molecular_evolution_analyses/phylogenetic_trees/F53885_HDIM_G1/F53885_HDIM_G1.log

Date and Time: Thu Mar 28 11:19:21 2024
