IQ-TREE multicore version 2.2.2.6 COVID-edition for Linux 64-bit built May 27 2023
Developed by Bui Quang Minh, James Barbetti, Nguyen Lam Tung,
Olga Chernomor, Heiko Schmidt, Dominik Schrempf, Michael Woodhams, Ly Trong Nhan.

Host:    lbc5 (AVX2, FMA3, 125 GB RAM)
Command: /home/mauricio/mauricio_PROGRAMAS/iqtree-2.2.2.6-Linux/bin/iqtree2 -s ../results/molecular_evolution_analyses/alignments_gblocks/F48287_MLIG_G1/F48287_MLIG_G1.aln.gblo -m TEST --threads-max 32 --alrt 1000 --ufboot 1000 --prefix ../results/molecular_evolution_analyses/phylogenetic_trees/F48287_MLIG_G1/F48287_MLIG_G1 -keep-ident -redo
Seed:    653064 (Using SPRNG - Scalable Parallel Random Number Generator)
Time:    Wed May  1 08:56:17 2024
Kernel:  AVX+FMA - 1 threads (32 CPU cores detected)

HINT: Use -nt option to specify number of threads because your CPU has 32 cores!
HINT: -nt AUTO will automatically determine the best number of threads to use.

Reading alignment file ../results/molecular_evolution_analyses/alignments_gblocks/F48287_MLIG_G1/F48287_MLIG_G1.aln.gblo ... Fasta format detected
Reading fasta file: done in 5.6982e-05 secs using 98.28% CPU
Alignment most likely contains protein sequences
Constructing alignment: done in 0.000155926 secs using 100% CPU
Alignment has 6 sequences with 155 columns, 19 distinct patterns
0 parsimony-informative, 0 singleton sites, 155 constant sites
            Gap/Ambiguity  Composition  p-value
Analyzing sequences: done in 7.86781e-06 secs using 101.7% CPU
   1  Mlig.11176    0.00%    passed    100.00%
   2  Mlig.11174    0.00%    passed    100.00%
   3  Mlig.11175    0.00%    passed    100.00%
   4  Mlig.25831    0.00%    passed    100.00%
   5  Mlig.25832    0.00%    passed    100.00%
   6  Mlig.38616    0.00%    passed    100.00%
****  TOTAL         0.00%  0 sequences failed composition chi2 test (p-value<5%; df=18)


Create initial parsimony tree by phylogenetic likelihood library (PLL)... 0.000 seconds
Perform fast likelihood tree search using LG model...
Estimate model parameters (epsilon = 5.000)
Perform nearest neighbor interchange...
Optimizing NNI: done in 0.000540018 secs using 100% CPU
Estimate model parameters (epsilon = 1.000)
1. Initial log-likelihood: -448.849
Optimal log-likelihood: -448.849
Parameters optimization took 1 rounds (0.000 sec)
Time for fast ML tree search: 0.001 seconds

NOTE: ModelFinder requires 0 MB RAM!
ModelFinder will test up to 56 protein models (sample size: 155) ...
 No. Model         -LnL         df  AIC          AICc         BIC
  1  LG            448.849      9   915.698      916.939      943.088
  2  LG+F          432.656      28  921.313      934.202      1006.529
  3  WAG           449.047      9   916.095      917.336      943.486
  4  WAG+F         432.656      28  921.313      934.202      1006.529
  5  JTT           448.970      9   915.939      917.181      943.330
  6  JTT+F         432.656      28  921.313      934.202      1006.529
WARNING: Normalizing state frequencies so that sum of them equals to 1
  7  Q.pfam        450.766      9   919.533      920.774      946.924
WARNING: Normalizing state frequencies so that sum of them equals to 1
  8  Q.pfam+F      432.656      28  921.313      934.202      1006.529
WARNING: Normalizing state frequencies so that sum of them equals to 1
  9  Q.bird        449.742      9   917.483      918.725      944.874
WARNING: Normalizing state frequencies so that sum of them equals to 1
 10  Q.bird+F      432.656      28  921.313      934.202      1006.529
WARNING: Normalizing state frequencies so that sum of them equals to 1
 11  Q.mammal      450.904      9   919.809      921.050      947.200
WARNING: Normalizing state frequencies so that sum of them equals to 1
 12  Q.mammal+F    432.656      28  921.313      934.202      1006.529
 13  Q.insect      447.798      9   913.596      914.837      940.987
 14  Q.insect+F    432.656      28  921.313      934.202      1006.529
WARNING: Normalizing state frequencies so that sum of them equals to 1
 15  Q.plant       449.766      9   917.532      918.773      944.922
WARNING: Normalizing state frequencies so that sum of them equals to 1
 16  Q.plant+F     432.656      28  921.313      934.202      1006.529
WARNING: Normalizing state frequencies so that sum of them equals to 1
 17  Q.yeast       449.868      9   917.737      918.978      945.128
WARNING: Normalizing state frequencies so that sum of them equals to 1
 18  Q.yeast+F     432.656      28  921.313      934.202      1006.529
 19  JTTDCMut      448.724      9   915.447      916.689      942.838
 20  JTTDCMut+F    432.656      28  921.313      934.202      1006.529
 21  DCMut         446.422      9   910.843      912.085      938.234
 22  DCMut+F       432.656      28  921.313      934.202      1006.529
 23  VT            449.639      9   917.277      918.518      944.668
 24  VT+F          432.656      28  921.313      934.202      1006.529
 25  PMB           451.313      9   920.625      921.867      948.016
 26  PMB+F         432.656      28  921.313      934.202      1006.529
 27  Blosum62      449.377      9   916.755      917.996      944.146
 28  Blosum62+F    432.656      28  921.313      934.202      1006.529
 29  Dayhoff       446.422      9   910.843      912.085      938.234
 30  Dayhoff+F     432.656      28  921.313      934.202      1006.529
 31  mtREV         491.765      9   1001.530     1002.771     1028.921
 32  mtREV+F       432.656      28  921.313      934.202      1006.529
 33  mtART         494.182      9   1006.364     1007.605     1033.754
 34  mtART+F       432.656      28  921.313      934.202      1006.529
 35  mtZOA         493.494      9   1004.987     1006.229     1032.378
 36  mtZOA+F       432.656      28  921.313      934.202      1006.529
 37  mtMet         486.743      9   991.486      992.728      1018.877
 38  mtMet+F       432.656      28  921.313      934.202      1006.529
 39  mtVer         493.155      9   1004.311     1005.552     1031.702
 40  mtVer+F       432.656      28  921.313      934.202      1006.529
 41  mtInv         492.206      9   1002.412     1003.654     1029.803
 42  mtInv+F       432.656      28  921.313      934.202      1006.529
 43  mtMAM         493.112      9   1004.223     1005.465     1031.614
 44  mtMAM+F       432.656      28  921.313      934.202      1006.529
WARNING: Normalizing state frequencies so that sum of them equals to 1
 45  FLAVI         452.826      9   923.652      924.893      951.043
WARNING: Normalizing state frequencies so that sum of them equals to 1
 46  FLAVI+F       432.656      28  921.313      934.202      1006.529
 47  HIVb          450.918      9   919.836      921.077      947.226
 48  HIVb+F        432.656      28  921.313      934.202      1006.529
 49  HIVw          452.142      9   922.284      923.526      949.675
 50  HIVw+F        432.656      28  921.313      934.202      1006.529
 51  FLU           451.040      9   920.079      921.321      947.470
 52  FLU+F         432.656      28  921.313      934.202      1006.529
 53  rtREV         448.683      9   915.366      916.607      942.757
 54  rtREV+F       432.656      28  921.313      934.202      1006.529
 55  cpREV         454.346      9   926.691      927.932      954.082
 56  cpREV+F       432.656      28  921.313      934.202      1006.529
Akaike Information Criterion:           Dayhoff
Corrected Akaike Information Criterion: Dayhoff
Bayesian Information Criterion:         Dayhoff
Best-fit model: Dayhoff chosen according to BIC

All model information printed to ../results/molecular_evolution_analyses/phylogenetic_trees/F48287_MLIG_G1/F48287_MLIG_G1.model.gz
CPU time for ModelFinder: 0.038 seconds (0h:0m:0s)
Wall-clock time for ModelFinder: 0.038 seconds (0h:0m:0s)
NOTE: State(s) W not present in alignment and thus removed from Markov process to prevent numerical problems
NOTE: 1 states (see above) are not present and thus removed from Markov process to prevent numerical problems
Generating 1000 samples for ultrafast bootstrap (seed: 653064)...

NOTE: 0 MB RAM (0 GB) is required!
Estimate model parameters (epsilon = 0.100)
1. Initial log-likelihood: -446.422
Optimal log-likelihood: -446.422
Parameters optimization took 1 rounds (0.000 sec)
Wrote distance file to... 
Computing ML distances based on estimated model parameters...
Calculating distance matrix: done in 0.000149012 secs using 99.99% CPU
Computing ML distances took 0.000168 sec (of wall-clock time) 0.000168 sec (of CPU time)
Setting up auxiliary I and S matrices: done in 4.79221e-05 secs using 398.6% CPU
Constructing RapidNJ tree: done in 2.5034e-05 secs using 191.7% CPU
Computing RapidNJ tree took 0.000138 sec (of wall-clock time) 0.000360 sec (of CPU time)
Log-likelihood of RapidNJ tree: -446.421
--------------------------------------------------------------------
|             INITIALIZING CANDIDATE TREE SET                      |
--------------------------------------------------------------------
Generating 98 parsimony trees... 0.007 second
Computing log-likelihood of 70 initial trees ... 0.008 seconds
Current best score: -446.421

Do NNI search on 20 best initial trees
Optimizing NNI: done in 0.000440121 secs using 188.6% CPU
Estimate model parameters (epsilon = 0.100)
BETTER TREE FOUND at iteration 1: -446.422
Optimizing NNI: done in 0.000475883 secs using 193.7% CPU
Optimizing NNI: done in 0.000454903 secs using 200% CPU
Optimizing NNI: done in 0.000440121 secs using 199.9% CPU
Optimizing NNI: done in 0.000446081 secs using 200% CPU
Optimizing NNI: done in 0.000434875 secs using 200.3% CPU
Optimizing NNI: done in 0.000439167 secs using 200.6% CPU
Optimizing NNI: done in 0.000432014 secs using 200% CPU
Optimizing NNI: done in 0.000457048 secs using 197.6% CPU
Optimizing NNI: done in 0.000436068 secs using 200% CPU
Iteration 10 / LogL: -446.422 / Time: 0h:0m:0s
Optimizing NNI: done in 0.000433922 secs using 200.7% CPU
Optimizing NNI: done in 0.000432968 secs using 200% CPU
Optimizing NNI: done in 0.000427961 secs using 200.3% CPU
Optimizing NNI: done in 0.000431776 secs using 199.6% CPU
Optimizing NNI: done in 0.000432014 secs using 199.5% CPU
Optimizing NNI: done in 0.000430822 secs using 200.1% CPU
Optimizing NNI: done in 0.000428915 secs using 200.7% CPU
Optimizing NNI: done in 0.000430107 secs using 200.2% CPU
Optimizing NNI: done in 0.000430107 secs using 200% CPU
Optimizing NNI: done in 0.000427008 secs using 200.2% CPU
Iteration 20 / LogL: -446.422 / Time: 0h:0m:0s
Finish initializing candidate tree set (17)
Current best tree score: -446.422 / CPU time: 0.028
Number of iterations: 20
--------------------------------------------------------------------
|               OPTIMIZING CANDIDATE TREE SET                      |
--------------------------------------------------------------------
Optimizing NNI: done in 0.00041604 secs using 200% CPU
Optimizing NNI: done in 0.000428915 secs using 200.3% CPU
Optimizing NNI: done in 0.000420094 secs using 199.5% CPU
Optimizing NNI: done in 0.000426054 secs using 200% CPU
Optimizing NNI: done in 0.000416994 secs using 200.5% CPU
Optimizing NNI: done in 0.000427008 secs using 200% CPU
Optimizing NNI: done in 0.000420094 secs using 199.5% CPU
Optimizing NNI: done in 0.000424147 secs using 199.9% CPU
Optimizing NNI: done in 0.000432968 secs using 200% CPU
Optimizing NNI: done in 0.000408173 secs using 199.9% CPU
Iteration 30 / LogL: -446.422 / Time: 0h:0m:0s (0h:0m:0s left)
Optimizing NNI: done in 0.000424862 secs using 200.1% CPU
Optimizing NNI: done in 0.000419855 secs using 199.8% CPU
Optimizing NNI: done in 0.000423908 secs using 200% CPU
Optimizing NNI: done in 0.000416994 secs using 199.8% CPU
Optimizing NNI: done in 0.000405073 secs using 199.5% CPU
Optimizing NNI: done in 0.000401974 secs using 199.8% CPU
Optimizing NNI: done in 0.000420809 secs using 199.9% CPU
Optimizing NNI: done in 0.000414133 secs using 199.7% CPU
Optimizing NNI: done in 0.00041604 secs using 200% CPU
Optimizing NNI: done in 0.000416994 secs using 199.5% CPU
Iteration 40 / LogL: -446.422 / Time: 0h:0m:0s (0h:0m:0s left)
Optimizing NNI: done in 0.000422001 secs using 199.5% CPU
Optimizing NNI: done in 0.0004251 secs using 200% CPU
Optimizing NNI: done in 0.000427008 secs using 199.3% CPU
Optimizing NNI: done in 0.000400066 secs using 200% CPU
Optimizing NNI: done in 0.000422001 secs using 199.8% CPU
Optimizing NNI: done in 0.000430107 secs using 200.2% CPU
Optimizing NNI: done in 0.000432014 secs using 200.2% CPU
Optimizing NNI: done in 0.000432014 secs using 199.8% CPU
Optimizing NNI: done in 0.000412941 secs using 200% CPU
Optimizing NNI: done in 0.000403166 secs using 199.7% CPU
Iteration 50 / LogL: -446.422 / Time: 0h:0m:0s (0h:0m:0s left)
Log-likelihood cutoff on original alignment: -446.422
Optimizing NNI: done in 0.000463963 secs using 199.4% CPU
Optimizing NNI: done in 0.000413895 secs using 200.1% CPU
Optimizing NNI: done in 0.000411987 secs using 200.2% CPU
Optimizing NNI: done in 0.000427008 secs using 200.2% CPU
Optimizing NNI: done in 0.000418901 secs using 200% CPU
Optimizing NNI: done in 0.000427961 secs using 199.3% CPU
Optimizing NNI: done in 0.0004251 secs using 200.2% CPU
Optimizing NNI: done in 0.000416994 secs using 200.2% CPU
Optimizing NNI: done in 0.000423908 secs using 200% CPU
Optimizing NNI: done in 0.00041914 secs using 199.9% CPU
Iteration 60 / LogL: -446.422 / Time: 0h:0m:0s (0h:0m:0s left)
Optimizing NNI: done in 0.00041008 secs using 200% CPU
Optimizing NNI: done in 0.000418186 secs using 199.4% CPU
Optimizing NNI: done in 0.000411987 secs using 199.8% CPU
Optimizing NNI: done in 0.000411034 secs using 200.5% CPU
Optimizing NNI: done in 0.000414133 secs using 199.5% CPU
Optimizing NNI: done in 0.000411987 secs using 200.2% CPU
Optimizing NNI: done in 0.00041008 secs using 200% CPU
Optimizing NNI: done in 0.000411987 secs using 199.8% CPU
Optimizing NNI: done in 0.000416994 secs using 200.2% CPU
Optimizing NNI: done in 0.000417948 secs using 100% CPU
Iteration 70 / LogL: -446.422 / Time: 0h:0m:0s (0h:0m:0s left)
Optimizing NNI: done in 0.000419855 secs using 99.8% CPU
Optimizing NNI: done in 0.000425816 secs using 99.81% CPU
Optimizing NNI: done in 0.000422001 secs using 99.76% CPU
Optimizing NNI: done in 0.000404119 secs using 99.97% CPU
Optimizing NNI: done in 0.000426054 secs using 99.75% CPU
Optimizing NNI: done in 0.000425816 secs using 99.81% CPU
Optimizing NNI: done in 0.000420094 secs using 99.98% CPU
Optimizing NNI: done in 0.000429869 secs using 98.87% CPU
Optimizing NNI: done in 0.00041008 secs using 100.2% CPU
Optimizing NNI: done in 0.000411034 secs using 99.99% CPU
Iteration 80 / LogL: -446.422 / Time: 0h:0m:0s (0h:0m:0s left)
Optimizing NNI: done in 0.000412941 secs using 100% CPU
Optimizing NNI: done in 0.000409842 secs using 100% CPU
Optimizing NNI: done in 0.000423193 secs using 99.72% CPU
Optimizing NNI: done in 0.000432968 secs using 99.08% CPU
Optimizing NNI: done in 0.000422001 secs using 100% CPU
Optimizing NNI: done in 0.000406027 secs using 99.75% CPU
Optimizing NNI: done in 0.000427008 secs using 100% CPU
Optimizing NNI: done in 0.000414133 secs using 99.97% CPU
Optimizing NNI: done in 0.000422955 secs using 100% CPU
Optimizing NNI: done in 0.000416994 secs using 100% CPU
Iteration 90 / LogL: -446.422 / Time: 0h:0m:0s (0h:0m:0s left)
Optimizing NNI: done in 0.00040102 secs using 100% CPU
Optimizing NNI: done in 0.00041604 secs using 99.99% CPU
Optimizing NNI: done in 0.000399828 secs using 100% CPU
Optimizing NNI: done in 0.000406027 secs using 99.99% CPU
Optimizing NNI: done in 0.000416994 secs using 100% CPU
Optimizing NNI: done in 0.000422001 secs using 100% CPU
Optimizing NNI: done in 0.000419855 secs using 100% CPU
Optimizing NNI: done in 0.000420809 secs using 100% CPU
Optimizing NNI: done in 0.000414848 secs using 100% CPU
Optimizing NNI: done in 0.000407934 secs using 99.77% CPU
Iteration 100 / LogL: -446.422 / Time: 0h:0m:0s (0h:0m:0s left)
Log-likelihood cutoff on original alignment: -446.422
NOTE: Bootstrap correlation coefficient of split occurrence frequencies: -0.010
NOTE: UFBoot does not converge, continue at least 100 more iterations
Optimizing NNI: done in 0.000440121 secs using 99.97% CPU
Optimizing NNI: done in 0.000417948 secs using 100.3% CPU
Optimizing NNI: done in 0.000406981 secs using 99.76% CPU
Optimizing NNI: done in 0.000411034 secs using 99.99% CPU
Optimizing NNI: done in 0.000396013 secs using 100% CPU
Optimizing NNI: done in 0.000394106 secs using 99.97% CPU
Optimizing NNI: done in 0.000405073 secs using 99.98% CPU
Optimizing NNI: done in 0.000404835 secs using 100% CPU
Optimizing NNI: done in 0.000426054 secs using 100.2% CPU
Optimizing NNI: done in 0.000398159 secs using 99.96% CPU
Iteration 110 / LogL: -446.422 / Time: 0h:0m:0s (0h:0m:0s left)
Optimizing NNI: done in 0.000411987 secs using 99.76% CPU
Optimizing NNI: done in 0.000413895 secs using 100% CPU
Optimizing NNI: done in 0.000409126 secs using 99.97% CPU
Optimizing NNI: done in 0.000415087 secs using 99.02% CPU
Optimizing NNI: done in 0.00039506 secs using 99.98% CPU
Optimizing NNI: done in 0.000393867 secs using 100% CPU
Optimizing NNI: done in 0.000413895 secs using 100% CPU
Optimizing NNI: done in 0.000407934 secs using 100% CPU
Optimizing NNI: done in 0.00041008 secs using 99.98% CPU
Optimizing NNI: done in 0.000404119 secs using 99.23% CPU
Iteration 120 / LogL: -446.422 / Time: 0h:0m:0s (0h:0m:0s left)
Optimizing NNI: done in 0.00041604 secs using 99.99% CPU
Optimizing NNI: done in 0.000398874 secs using 100% CPU
Optimizing NNI: done in 0.000420094 secs using 99.98% CPU
Optimizing NNI: done in 0.000413179 secs using 99.96% CPU
Optimizing NNI: done in 0.000396967 secs using 100% CPU
Optimizing NNI: done in 0.000413895 secs using 100% CPU
Optimizing NNI: done in 0.000417948 secs using 99.06% CPU
Optimizing NNI: done in 0.000406981 secs using 100% CPU
Optimizing NNI: done in 0.000407934 secs using 100% CPU
Optimizing NNI: done in 0.000412941 secs using 99.77% CPU
Iteration 130 / LogL: -446.422 / Time: 0h:0m:0s (0h:0m:0s left)
Optimizing NNI: done in 0.000421047 secs using 99.99% CPU
Optimizing NNI: done in 0.000404119 secs using 99.72% CPU
Optimizing NNI: done in 0.000420094 secs using 99.98% CPU
Optimizing NNI: done in 0.000412941 secs using 100.3% CPU
Optimizing NNI: done in 0.000411987 secs using 100% CPU
Optimizing NNI: done in 0.00041008 secs using 99.98% CPU
Optimizing NNI: done in 0.000417948 secs using 100% CPU
Optimizing NNI: done in 0.000411987 secs using 100% CPU
Optimizing NNI: done in 0.000407934 secs using 100% CPU
Optimizing NNI: done in 0.000422955 secs using 99.07% CPU
Iteration 140 / LogL: -446.422 / Time: 0h:0m:0s (0h:0m:0s left)
Optimizing NNI: done in 0.000401974 secs using 99.76% CPU
Optimizing NNI: done in 0.000405073 secs using 99.74% CPU
Optimizing NNI: done in 0.000406981 secs using 100% CPU
Optimizing NNI: done in 0.00041008 secs using 99.98% CPU
Optimizing NNI: done in 0.000417948 secs using 100% CPU
Optimizing NNI: done in 0.000429869 secs using 99.33% CPU
Optimizing NNI: done in 0.000396013 secs using 100% CPU
Optimizing NNI: done in 0.00039196 secs using 99.76% CPU
Optimizing NNI: done in 0.000415087 secs using 99.74% CPU
Optimizing NNI: done in 0.000411034 secs using 99.99% CPU
Iteration 150 / LogL: -446.422 / Time: 0h:0m:0s (0h:0m:0s left)
Log-likelihood cutoff on original alignment: -446.422
Optimizing NNI: done in 0.000438213 secs using 99.95% CPU
Optimizing NNI: done in 0.000431061 secs using 99.06% CPU
Optimizing NNI: done in 0.000411034 secs using 99.99% CPU
Optimizing NNI: done in 0.000406981 secs using 100% CPU
Optimizing NNI: done in 0.000415087 secs using 99.98% CPU
Optimizing NNI: done in 0.000391006 secs using 100% CPU
Optimizing NNI: done in 0.000412941 secs using 100% CPU
Optimizing NNI: done in 0.000411034 secs using 99.99% CPU
Optimizing NNI: done in 0.000417948 secs using 99.06% CPU
Optimizing NNI: done in 0.000417948 secs using 100% CPU
Iteration 160 / LogL: -446.422 / Time: 0h:0m:0s (0h:0m:0s left)
Optimizing NNI: done in 0.000393152 secs using 99.96% CPU
Optimizing NNI: done in 0.000402927 secs using 99.77% CPU
Optimizing NNI: done in 0.000386 secs using 100% CPU
Optimizing NNI: done in 0.00041008 secs using 99.98% CPU
Optimizing NNI: done in 0.000393867 secs using 100% CPU
Optimizing NNI: done in 0.000422955 secs using 100% CPU
Optimizing NNI: done in 0.000467062 secs using 99.77% CPU
Optimizing NNI: done in 0.000398874 secs using 100.3% CPU
Optimizing NNI: done in 0.000397921 secs using 100% CPU
Optimizing NNI: done in 0.000406027 secs using 99.99% CPU
Iteration 170 / LogL: -446.422 / Time: 0h:0m:0s (0h:0m:0s left)
Optimizing NNI: done in 0.000408173 secs using 100.2% CPU
Optimizing NNI: done in 0.000386 secs using 100% CPU
Optimizing NNI: done in 0.000411034 secs using 99.26% CPU
Optimizing NNI: done in 0.00041604 secs using 99.99% CPU
Optimizing NNI: done in 0.000418186 secs using 99.96% CPU
Optimizing NNI: done in 0.000411034 secs using 99.75% CPU
Optimizing NNI: done in 0.000403166 secs using 99.96% CPU
Optimizing NNI: done in 0.000403881 secs using 100% CPU
Optimizing NNI: done in 0.00041008 secs using 100.2% CPU
Optimizing NNI: done in 0.000415087 secs using 99.98% CPU
Iteration 180 / LogL: -446.422 / Time: 0h:0m:0s (0h:0m:0s left)
Optimizing NNI: done in 0.000411987 secs using 100% CPU
Optimizing NNI: done in 0.000412941 secs using 99.77% CPU
Optimizing NNI: done in 0.000407934 secs using 100% CPU
Optimizing NNI: done in 0.000396967 secs using 100% CPU
Optimizing NNI: done in 0.00041604 secs using 99.99% CPU
Optimizing NNI: done in 0.000417233 secs using 99.94% CPU
Optimizing NNI: done in 0.000399828 secs using 99.04% CPU
Optimizing NNI: done in 0.000408888 secs using 100% CPU
Optimizing NNI: done in 0.000394821 secs using 100% CPU
Optimizing NNI: done in 0.000415087 secs using 99.98% CPU
Iteration 190 / LogL: -446.422 / Time: 0h:0m:0s (0h:0m:0s left)
Optimizing NNI: done in 0.000416994 secs using 100.2% CPU
Optimizing NNI: done in 0.000411034 secs using 99.75% CPU
Optimizing NNI: done in 0.000411987 secs using 100.2% CPU
Optimizing NNI: done in 0.000412226 secs using 99.22% CPU
Optimizing NNI: done in 0.000388145 secs using 99.96% CPU
Optimizing NNI: done in 0.000411987 secs using 100.2% CPU
Optimizing NNI: done in 0.000408888 secs using 100% CPU
Optimizing NNI: done in 0.000416994 secs using 100% CPU
Optimizing NNI: done in 0.000412941 secs using 100% CPU
Optimizing NNI: done in 0.000411034 secs using 99.99% CPU
Iteration 200 / LogL: -446.422 / Time: 0h:0m:0s (0h:0m:0s left)
Log-likelihood cutoff on original alignment: -446.422
NOTE: Bootstrap correlation coefficient of split occurrence frequencies: -0.218
NOTE: UFBoot does not converge, continue at least 100 more iterations
Optimizing NNI: done in 0.000427008 secs using 99.76% CPU
Optimizing NNI: done in 0.00041604 secs using 99.99% CPU
Optimizing NNI: done in 0.000418186 secs using 99.72% CPU
Optimizing NNI: done in 0.000408888 secs using 100.3% CPU
Optimizing NNI: done in 0.000416994 secs using 100% CPU
Optimizing NNI: done in 0.000416994 secs using 100% CPU
Optimizing NNI: done in 0.000396013 secs using 100.2% CPU
Optimizing NNI: done in 0.000411034 secs using 99.99% CPU
Optimizing NNI: done in 0.000407934 secs using 99.77% CPU
Optimizing NNI: done in 0.000414848 secs using 99.8% CPU
Iteration 210 / LogL: -446.422 / Time: 0h:0m:0s (0h:0m:0s left)
Optimizing NNI: done in 0.000411034 secs using 99.99% CPU
Optimizing NNI: done in 0.000410795 secs using 100% CPU
Optimizing NNI: done in 0.000417948 secs using 100.3% CPU
Optimizing NNI: done in 0.000409842 secs using 100% CPU
Optimizing NNI: done in 0.00040102 secs using 99.75% CPU
Optimizing NNI: done in 0.000421047 secs using 99.99% CPU
Optimizing NNI: done in 0.000423908 secs using 100% CPU
Optimizing NNI: done in 0.000416994 secs using 100% CPU
Optimizing NNI: done in 0.000407934 secs using 99.77% CPU
Optimizing NNI: done in 0.000420094 secs using 99.98% CPU
Iteration 220 / LogL: -446.422 / Time: 0h:0m:0s (0h:0m:0s left)
Optimizing NNI: done in 0.00041008 secs using 99.98% CPU
Optimizing NNI: done in 0.000394106 secs using 99.97% CPU
Optimizing NNI: done in 0.000406027 secs using 99.75% CPU
Optimizing NNI: done in 0.00040102 secs using 100.2% CPU
Optimizing NNI: done in 0.000411987 secs using 100% CPU
Optimizing NNI: done in 0.000411987 secs using 100% CPU
Optimizing NNI: done in 0.00041604 secs using 99.99% CPU
Optimizing NNI: done in 0.00039506 secs using 99.98% CPU
Optimizing NNI: done in 0.000413895 secs using 100% CPU
Optimizing NNI: done in 0.000420094 secs using 99.98% CPU
Iteration 230 / LogL: -446.422 / Time: 0h:0m:0s (0h:0m:0s left)
Optimizing NNI: done in 0.000413895 secs using 100% CPU
Optimizing NNI: done in 0.000408888 secs using 100% CPU
Optimizing NNI: done in 0.000405788 secs using 99.81% CPU
Optimizing NNI: done in 0.00041008 secs using 99.98% CPU
Optimizing NNI: done in 0.000403166 secs using 100.2% CPU
Optimizing NNI: done in 0.000392914 secs using 99.77% CPU
Optimizing NNI: done in 0.00041008 secs using 100.2% CPU
Optimizing NNI: done in 0.000407934 secs using 100% CPU
Optimizing NNI: done in 0.000417948 secs using 100% CPU
Optimizing NNI: done in 0.000411987 secs using 99.76% CPU
Iteration 240 / LogL: -446.422 / Time: 0h:0m:0s (0h:0m:0s left)
Optimizing NNI: done in 0.000418901 secs using 99.07% CPU
Optimizing NNI: done in 0.000411034 secs using 99.99% CPU
Optimizing NNI: done in 0.000410795 secs using 100% CPU
Optimizing NNI: done in 0.000402927 secs using 100% CPU
Optimizing NNI: done in 0.000391006 secs using 100% CPU
Optimizing NNI: done in 0.000408888 secs using 100% CPU
Optimizing NNI: done in 0.00040102 secs using 100% CPU
Optimizing NNI: done in 0.00041008 secs using 99.74% CPU
Optimizing NNI: done in 0.000416994 secs using 99.76% CPU
Optimizing NNI: done in 0.000399113 secs using 99.72% CPU
Iteration 250 / LogL: -446.422 / Time: 0h:0m:0s (0h:0m:0s left)
Log-likelihood cutoff on original alignment: -446.422
Optimizing NNI: done in 0.000426054 secs using 99.99% CPU
Optimizing NNI: done in 0.000407934 secs using 100.3% CPU
Optimizing NNI: done in 0.000414848 secs using 100% CPU
Optimizing NNI: done in 0.000410795 secs using 100% CPU
Optimizing NNI: done in 0.00041604 secs using 99.99% CPU
Optimizing NNI: done in 0.000421047 secs using 99.28% CPU
Optimizing NNI: done in 0.000384808 secs using 100.1% CPU
Optimizing NNI: done in 0.000400066 secs using 99.98% CPU
Optimizing NNI: done in 0.000406027 secs using 99.99% CPU
Optimizing NNI: done in 0.000403881 secs using 100% CPU
Iteration 260 / LogL: -446.422 / Time: 0h:0m:0s (0h:0m:0s left)
Optimizing NNI: done in 0.000411987 secs using 100% CPU
Optimizing NNI: done in 0.000415087 secs using 99.98% CPU
Optimizing NNI: done in 0.000410795 secs using 100% CPU
Optimizing NNI: done in 0.000423193 secs using 99.95% CPU
Optimizing NNI: done in 0.000397921 secs using 99.77% CPU
Optimizing NNI: done in 0.000418186 secs using 99.72% CPU
Optimizing NNI: done in 0.000413179 secs using 99.96% CPU
Optimizing NNI: done in 0.000410795 secs using 99.81% CPU
Optimizing NNI: done in 0.000414133 secs using 99.97% CPU
Optimizing NNI: done in 0.000411034 secs using 99.99% CPU
Iteration 270 / LogL: -446.422 / Time: 0h:0m:0s (0h:0m:0s left)
Optimizing NNI: done in 0.000399113 secs using 99.97% CPU
Optimizing NNI: done in 0.000414133 secs using 99.97% CPU
Optimizing NNI: done in 0.000396967 secs using 100% CPU
Optimizing NNI: done in 0.000408888 secs using 100% CPU
Optimizing NNI: done in 0.00041008 secs using 99.98% CPU
Optimizing NNI: done in 0.000415087 secs using 100.2% CPU
Optimizing NNI: done in 0.000411987 secs using 99.76% CPU
Optimizing NNI: done in 0.000411987 secs using 100% CPU
Optimizing NNI: done in 0.000397921 secs using 100% CPU
Optimizing NNI: done in 0.000393867 secs using 100% CPU
Iteration 280 / LogL: -446.422 / Time: 0h:0m:0s (0h:0m:0s left)
Optimizing NNI: done in 0.000411034 secs using 99.99% CPU
Optimizing NNI: done in 0.000401974 secs using 100.3% CPU
Optimizing NNI: done in 0.000403881 secs using 100.3% CPU
Optimizing NNI: done in 0.000408173 secs using 99.96% CPU
Optimizing NNI: done in 0.00041008 secs using 99.98% CPU
Optimizing NNI: done in 0.000409842 secs using 99.79% CPU
Optimizing NNI: done in 0.000387192 secs using 99.95% CPU
Optimizing NNI: done in 0.000386953 secs using 100.3% CPU
Optimizing NNI: done in 0.000421047 secs using 99.28% CPU
Optimizing NNI: done in 0.000412941 secs using 100% CPU
Iteration 290 / LogL: -446.422 / Time: 0h:0m:0s (0h:0m:0s left)
Optimizing NNI: done in 0.000411034 secs using 99.99% CPU
Optimizing NNI: done in 0.000406981 secs using 100% CPU
Optimizing NNI: done in 0.00041008 secs using 99.98% CPU
Optimizing NNI: done in 0.000409126 secs using 99.97% CPU
Optimizing NNI: done in 0.000396967 secs using 100% CPU
Optimizing NNI: done in 0.000408173 secs using 99.96% CPU
Optimizing NNI: done in 0.00041604 secs using 99.99% CPU
Optimizing NNI: done in 0.000402927 secs using 100% CPU
Optimizing NNI: done in 0.000412941 secs using 100.3% CPU
Optimizing NNI: done in 0.000406981 secs using 100% CPU
Iteration 300 / LogL: -446.422 / Time: 0h:0m:1s (0h:0m:0s left)
Log-likelihood cutoff on original alignment: -446.422
NOTE: Bootstrap correlation coefficient of split occurrence frequencies: 0.139
NOTE: UFBoot does not converge, continue at least 100 more iterations
Optimizing NNI: done in 0.000427961 secs using 99.78% CPU
Optimizing NNI: done in 0.000407934 secs using 100% CPU
Optimizing NNI: done in 0.000399828 secs using 100.3% CPU
Optimizing NNI: done in 0.00046587 secs using 100% CPU
Optimizing NNI: done in 0.000418901 secs using 99.07% CPU
Optimizing NNI: done in 0.000412226 secs using 99.95% CPU
Optimizing NNI: done in 0.000406981 secs using 100% CPU
Optimizing NNI: done in 0.000406027 secs using 99.99% CPU
Optimizing NNI: done in 0.000403881 secs using 99.78% CPU
Optimizing NNI: done in 0.000411034 secs using 99.99% CPU
Iteration 310 / LogL: -446.422 / Time: 0h:0m:1s (0h:0m:0s left)
Optimizing NNI: done in 0.000400066 secs using 99.73% CPU
Optimizing NNI: done in 0.000411987 secs using 100% CPU
Optimizing NNI: done in 0.000412941 secs using 100% CPU
Optimizing NNI: done in 0.000411987 secs using 100% CPU
Optimizing NNI: done in 0.00041008 secs using 99.98% CPU
Optimizing NNI: done in 0.000386953 secs using 100% CPU
Optimizing NNI: done in 0.00039196 secs using 100% CPU
Optimizing NNI: done in 0.000406027 secs using 99.99% CPU
Optimizing NNI: done in 0.000406027 secs using 99.99% CPU
Optimizing NNI: done in 0.000394106 secs using 99.72% CPU
Iteration 320 / LogL: -446.422 / Time: 0h:0m:1s (0h:0m:0s left)
Optimizing NNI: done in 0.000409126 secs using 99.72% CPU
Optimizing NNI: done in 0.000409126 secs using 99.97% CPU
Optimizing NNI: done in 0.000412941 secs using 99.77% CPU
Optimizing NNI: done in 0.000396967 secs using 100% CPU
Optimizing NNI: done in 0.000403166 secs using 99.96% CPU
Optimizing NNI: done in 0.000408888 secs using 100% CPU
Optimizing NNI: done in 0.000409126 secs using 99.97% CPU
Optimizing NNI: done in 0.000415087 secs using 99.98% CPU
Optimizing NNI: done in 0.000406027 secs using 99.99% CPU
Optimizing NNI: done in 0.000397921 secs using 99.77% CPU
Iteration 330 / LogL: -446.422 / Time: 0h:0m:1s (0h:0m:0s left)
Optimizing NNI: done in 0.000409126 secs using 99.97% CPU
Optimizing NNI: done in 0.000413179 secs using 99.96% CPU
Optimizing NNI: done in 0.000400066 secs using 99.98% CPU
Optimizing NNI: done in 0.000400066 secs using 99.73% CPU
Optimizing NNI: done in 0.00041914 secs using 99.25% CPU
Optimizing NNI: done in 0.00041008 secs using 100.2% CPU
Optimizing NNI: done in 0.000416994 secs using 100% CPU
Optimizing NNI: done in 0.000414848 secs using 100% CPU
Optimizing NNI: done in 0.000409126 secs using 99.97% CPU
Optimizing NNI: done in 0.000397921 secs using 99.77% CPU
Iteration 340 / LogL: -446.422 / Time: 0h:0m:1s (0h:0m:0s left)
Optimizing NNI: done in 0.00039196 secs using 99.76% CPU
Optimizing NNI: done in 0.000411987 secs using 99.76% CPU
Optimizing NNI: done in 0.000414133 secs using 99.73% CPU
Optimizing NNI: done in 0.000411034 secs using 100.2% CPU
Optimizing NNI: done in 0.000409842 secs using 100.3% CPU
Optimizing NNI: done in 0.000412941 secs using 100% CPU
Optimizing NNI: done in 0.000411034 secs using 99.75% CPU
Optimizing NNI: done in 0.000406981 secs using 100% CPU
Optimizing NNI: done in 0.000411987 secs using 100% CPU
Optimizing NNI: done in 0.000407934 secs using 100.3% CPU
Iteration 350 / LogL: -446.422 / Time: 0h:0m:1s (0h:0m:0s left)
Log-likelihood cutoff on original alignment: -446.422
Optimizing NNI: done in 0.000416994 secs using 99.76% CPU
Optimizing NNI: done in 0.000403881 secs using 100% CPU
Optimizing NNI: done in 0.00041604 secs using 99.03% CPU
Optimizing NNI: done in 0.000409126 secs using 100.2% CPU
Optimizing NNI: done in 0.000396013 secs using 100% CPU
Optimizing NNI: done in 0.000414133 secs using 100.2% CPU
Optimizing NNI: done in 0.00039196 secs using 100% CPU
Optimizing NNI: done in 0.000417948 secs using 99.77% CPU
Optimizing NNI: done in 0.000393867 secs using 100% CPU
Optimizing NNI: done in 0.00041604 secs using 99.75% CPU
Iteration 360 / LogL: -446.422 / Time: 0h:0m:1s (0h:0m:0s left)
Optimizing NNI: done in 0.000414848 secs using 100% CPU
Optimizing NNI: done in 0.000391006 secs using 99.74% CPU
Optimizing NNI: done in 0.000402927 secs using 100% CPU
Optimizing NNI: done in 0.000396967 secs using 99% CPU
Optimizing NNI: done in 0.000402927 secs using 100% CPU
Optimizing NNI: done in 0.000409126 secs using 99.97% CPU
Optimizing NNI: done in 0.000411034 secs using 99.99% CPU
Optimizing NNI: done in 0.00041604 secs using 99.75% CPU
Optimizing NNI: done in 0.000407934 secs using 99.77% CPU
Optimizing NNI: done in 0.00041604 secs using 100.2% CPU
Iteration 370 / LogL: -446.422 / Time: 0h:0m:1s (0h:0m:0s left)
Optimizing NNI: done in 0.000408888 secs using 100% CPU
Optimizing NNI: done in 0.000416994 secs using 99.76% CPU
Optimizing NNI: done in 0.000418901 secs using 99.78% CPU
Optimizing NNI: done in 0.000408888 secs using 100% CPU
Optimizing NNI: done in 0.000418901 secs using 99.31% CPU
Optimizing NNI: done in 0.000413179 secs using 99.96% CPU
Optimizing NNI: done in 0.000411987 secs using 100% CPU
Optimizing NNI: done in 0.000415087 secs using 99.98% CPU
Optimizing NNI: done in 0.000396967 secs using 100% CPU
Optimizing NNI: done in 0.000411034 secs using 99.75% CPU
Iteration 380 / LogL: -446.422 / Time: 0h:0m:1s (0h:0m:0s left)
Optimizing NNI: done in 0.000418901 secs using 99.78% CPU
Optimizing NNI: done in 0.00041914 secs using 99.73% CPU
Optimizing NNI: done in 0.00039506 secs using 99.98% CPU
Optimizing NNI: done in 0.000408888 secs using 100% CPU
Optimizing NNI: done in 0.000392914 secs using 100% CPU
Optimizing NNI: done in 0.000417948 secs using 99.77% CPU
Optimizing NNI: done in 0.000423908 secs using 99.55% CPU
Optimizing NNI: done in 0.000406981 secs using 100% CPU
Optimizing NNI: done in 0.000413895 secs using 99.78% CPU
Optimizing NNI: done in 0.000411034 secs using 99.99% CPU
Iteration 390 / LogL: -446.422 / Time: 0h:0m:1s (0h:0m:0s left)
Optimizing NNI: done in 0.00040102 secs using 100% CPU
Optimizing NNI: done in 0.000401974 secs using 100% CPU
Optimizing NNI: done in 0.000403881 secs using 100% CPU
Optimizing NNI: done in 0.00041604 secs using 99.99% CPU
Optimizing NNI: done in 0.000413895 secs using 100% CPU
Optimizing NNI: done in 0.00041008 secs using 99.98% CPU
Optimizing NNI: done in 0.000392914 secs using 100% CPU
Optimizing NNI: done in 0.000401974 secs using 100% CPU
Optimizing NNI: done in 0.000406981 secs using 100.3% CPU
Optimizing NNI: done in 0.000403881 secs using 99.78% CPU
Iteration 400 / LogL: -446.422 / Time: 0h:0m:1s (0h:0m:0s left)
Log-likelihood cutoff on original alignment: -446.422
NOTE: Bootstrap correlation coefficient of split occurrence frequencies: -0.274
NOTE: UFBoot does not converge, continue at least 100 more iterations
Optimizing NNI: done in 0.000426054 secs using 99.75% CPU
Optimizing NNI: done in 0.000411987 secs using 100% CPU
Optimizing NNI: done in 0.000411987 secs using 99.76% CPU
Optimizing NNI: done in 0.000414133 secs using 99.97% CPU
Optimizing NNI: done in 0.00041008 secs using 99.98% CPU
Optimizing NNI: done in 0.000413895 secs using 99.06% CPU
Optimizing NNI: done in 0.000402927 secs using 100.3% CPU
Optimizing NNI: done in 0.000411034 secs using 99.75% CPU
Optimizing NNI: done in 0.000406027 secs using 99.75% CPU
Optimizing NNI: done in 0.00041008 secs using 99.98% CPU
Iteration 410 / LogL: -446.422 / Time: 0h:0m:1s (0h:0m:0s left)
Optimizing NNI: done in 0.00041604 secs using 99.99% CPU
Optimizing NNI: done in 0.000411034 secs using 99.99% CPU
Optimizing NNI: done in 0.000408173 secs using 100.2% CPU
Optimizing NNI: done in 0.000405073 secs using 99.74% CPU
Optimizing NNI: done in 0.000413179 secs using 99.96% CPU
Optimizing NNI: done in 0.000406981 secs using 100% CPU
Optimizing NNI: done in 0.000398874 secs using 100.3% CPU
Optimizing NNI: done in 0.000405073 secs using 99.98% CPU
Optimizing NNI: done in 0.000399828 secs using 100% CPU
Optimizing NNI: done in 0.000402927 secs using 100% CPU
Iteration 420 / LogL: -446.422 / Time: 0h:0m:1s (0h:0m:0s left)
Optimizing NNI: done in 0.000406027 secs using 99.99% CPU
Optimizing NNI: done in 0.000416994 secs using 100% CPU
Optimizing NNI: done in 0.000414133 secs using 100.2% CPU
Optimizing NNI: done in 0.000415087 secs using 99.98% CPU
Optimizing NNI: done in 0.00039196 secs using 100% CPU
Optimizing NNI: done in 0.000411987 secs using 99.76% CPU
Optimizing NNI: done in 0.000414133 secs using 99.97% CPU
Optimizing NNI: done in 0.000405073 secs using 99.98% CPU
Optimizing NNI: done in 0.000394106 secs using 99.72% CPU
Optimizing NNI: done in 0.000415087 secs using 99.74% CPU
Iteration 430 / LogL: -446.422 / Time: 0h:0m:1s (0h:0m:0s left)
Optimizing NNI: done in 0.000415087 secs using 99.26% CPU
Optimizing NNI: done in 0.000405073 secs using 100.2% CPU
Optimizing NNI: done in 0.000408888 secs using 99.78% CPU
Optimizing NNI: done in 0.000405073 secs using 99.74% CPU
Optimizing NNI: done in 0.000412941 secs using 99.77% CPU
Optimizing NNI: done in 0.000408173 secs using 99.96% CPU
Optimizing NNI: done in 0.000406027 secs using 99.99% CPU
Optimizing NNI: done in 0.000406981 secs using 100% CPU
Optimizing NNI: done in 0.00039196 secs using 99.76% CPU
Optimizing NNI: done in 0.000413895 secs using 100% CPU
Iteration 440 / LogL: -446.422 / Time: 0h:0m:1s (0h:0m:0s left)
Optimizing NNI: done in 0.000406981 secs using 100% CPU
Optimizing NNI: done in 0.000412941 secs using 100% CPU
Optimizing NNI: done in 0.00041604 secs using 99.99% CPU
Optimizing NNI: done in 0.000422955 secs using 99.3% CPU
Optimizing NNI: done in 0.000401974 secs using 100% CPU
Optimizing NNI: done in 0.000405073 secs using 99.74% CPU
Optimizing NNI: done in 0.000406027 secs using 99.75% CPU
Optimizing NNI: done in 0.000409126 secs using 99.97% CPU
Optimizing NNI: done in 0.00041604 secs using 99.75% CPU
Optimizing NNI: done in 0.000411034 secs using 99.99% CPU
Iteration 450 / LogL: -446.422 / Time: 0h:0m:1s (0h:0m:0s left)
Log-likelihood cutoff on original alignment: -446.422
Optimizing NNI: done in 0.000405073 secs using 99.74% CPU
Optimizing NNI: done in 0.000406981 secs using 100.3% CPU
Optimizing NNI: done in 0.000406027 secs using 99.75% CPU
Optimizing NNI: done in 0.000416994 secs using 100% CPU
Optimizing NNI: done in 0.000406027 secs using 99.75% CPU
Optimizing NNI: done in 0.000408888 secs using 100% CPU
Optimizing NNI: done in 0.000409126 secs using 100.2% CPU
Optimizing NNI: done in 0.000406027 secs using 99.99% CPU
Optimizing NNI: done in 0.000403881 secs using 100% CPU
Optimizing NNI: done in 0.000409842 secs using 100% CPU
Iteration 460 / LogL: -446.422 / Time: 0h:0m:1s (0h:0m:0s left)
Optimizing NNI: done in 0.000408888 secs using 99.78% CPU
Optimizing NNI: done in 0.000415087 secs using 99.98% CPU
Optimizing NNI: done in 0.000407934 secs using 100% CPU
Optimizing NNI: done in 0.000408888 secs using 100% CPU
Optimizing NNI: done in 0.000401974 secs using 100% CPU
Optimizing NNI: done in 0.000401974 secs using 100% CPU
Optimizing NNI: done in 0.000404119 secs using 99.97% CPU
Optimizing NNI: done in 0.000405073 secs using 99.98% CPU
Optimizing NNI: done in 0.000392199 secs using 99.95% CPU
Optimizing NNI: done in 0.000401974 secs using 100% CPU
Iteration 470 / LogL: -446.422 / Time: 0h:0m:1s (0h:0m:0s left)
Optimizing NNI: done in 0.000408173 secs using 99.47% CPU
Optimizing NNI: done in 0.000397921 secs using 100% CPU
Optimizing NNI: done in 0.000386 secs using 100% CPU
Optimizing NNI: done in 0.000408888 secs using 100% CPU
Optimizing NNI: done in 0.000397921 secs using 100% CPU
Optimizing NNI: done in 0.000408888 secs using 100% CPU
Optimizing NNI: done in 0.000415087 secs using 99.98% CPU
Optimizing NNI: done in 0.000415087 secs using 99.74% CPU
Optimizing NNI: done in 0.000414133 secs using 99.97% CPU
Optimizing NNI: done in 0.000411034 secs using 99.75% CPU
Iteration 480 / LogL: -446.422 / Time: 0h:0m:1s (0h:0m:0s left)
Optimizing NNI: done in 0.000408173 secs using 100.2% CPU
Optimizing NNI: done in 0.000392199 secs using 99.69% CPU
Optimizing NNI: done in 0.000412941 secs using 99.77% CPU
Optimizing NNI: done in 0.00041008 secs using 99.98% CPU
Optimizing NNI: done in 0.000390053 secs using 99.99% CPU
Optimizing NNI: done in 0.00040102 secs using 100% CPU
Optimizing NNI: done in 0.000390053 secs using 99.99% CPU
Optimizing NNI: done in 0.000416994 secs using 99.28% CPU
Optimizing NNI: done in 0.000409126 secs using 99.97% CPU
Optimizing NNI: done in 0.000402927 secs using 100.3% CPU
Iteration 490 / LogL: -446.422 / Time: 0h:0m:1s (0h:0m:0s left)
Optimizing NNI: done in 0.000391006 secs using 100% CPU
Optimizing NNI: done in 0.000401974 secs using 100% CPU
Optimizing NNI: done in 0.000409126 secs using 99.97% CPU
Optimizing NNI: done in 0.000402927 secs using 100% CPU
Optimizing NNI: done in 0.000406981 secs using 100% CPU
Optimizing NNI: done in 0.000404835 secs using 100% CPU
Optimizing NNI: done in 0.000411987 secs using 100% CPU
Optimizing NNI: done in 0.000416994 secs using 100% CPU
Optimizing NNI: done in 0.00039506 secs using 99.98% CPU
Optimizing NNI: done in 0.000394821 secs using 100% CPU
Iteration 500 / LogL: -446.422 / Time: 0h:0m:1s (0h:0m:0s left)
Log-likelihood cutoff on original alignment: -446.422
NOTE: Bootstrap correlation coefficient of split occurrence frequencies: 0.659
NOTE: UFBoot does not converge, continue at least 100 more iterations
Optimizing NNI: done in 0.000415802 secs using 100% CPU
Optimizing NNI: done in 0.000403881 secs using 99.78% CPU
Optimizing NNI: done in 0.000413895 secs using 100% CPU
Optimizing NNI: done in 0.00041914 secs using 100.2% CPU
Optimizing NNI: done in 0.000417948 secs using 100% CPU
Optimizing NNI: done in 0.000416994 secs using 99.76% CPU
Optimizing NNI: done in 0.000413895 secs using 100% CPU
Optimizing NNI: done in 0.000406981 secs using 100% CPU
Optimizing NNI: done in 0.000405073 secs using 99.98% CPU
Optimizing NNI: done in 0.000390053 secs using 100.2% CPU
Iteration 510 / LogL: -446.422 / Time: 0h:0m:1s (0h:0m:0s left)
Optimizing NNI: done in 0.000400782 secs using 100.1% CPU
Optimizing NNI: done in 0.000400066 secs using 99.98% CPU
Optimizing NNI: done in 0.000407934 secs using 100% CPU
Optimizing NNI: done in 0.000406027 secs using 99.99% CPU
Optimizing NNI: done in 0.000411034 secs using 99.99% CPU
Optimizing NNI: done in 0.000411987 secs using 100% CPU
Optimizing NNI: done in 0.000415802 secs using 100% CPU
Optimizing NNI: done in 0.000407934 secs using 99.77% CPU
Optimizing NNI: done in 0.000411987 secs using 100% CPU
Optimizing NNI: done in 0.00041008 secs using 99.98% CPU
Iteration 520 / LogL: -446.422 / Time: 0h:0m:1s (0h:0m:0s left)
Optimizing NNI: done in 0.000394821 secs using 100% CPU
Optimizing NNI: done in 0.000415802 secs using 99.09% CPU
Optimizing NNI: done in 0.000403881 secs using 100% CPU
Optimizing NNI: done in 0.000406981 secs using 99.76% CPU
Optimizing NNI: done in 0.000412941 secs using 100% CPU
Optimizing NNI: done in 0.000413895 secs using 100% CPU
Optimizing NNI: done in 0.000418186 secs using 99.72% CPU
Optimizing NNI: done in 0.000398159 secs using 99.96% CPU
Optimizing NNI: done in 0.000411034 secs using 99.99% CPU
Optimizing NNI: done in 0.000407934 secs using 100% CPU
Iteration 530 / LogL: -446.422 / Time: 0h:0m:1s (0h:0m:0s left)
Optimizing NNI: done in 0.000406981 secs using 99.76% CPU
Optimizing NNI: done in 0.000398874 secs using 100% CPU
Optimizing NNI: done in 0.000399828 secs using 100% CPU
Optimizing NNI: done in 0.000406027 secs using 99.99% CPU
Optimizing NNI: done in 0.000394106 secs using 100.2% CPU
Optimizing NNI: done in 0.000417948 secs using 99.77% CPU
Optimizing NNI: done in 0.000404119 secs using 99.97% CPU
Optimizing NNI: done in 0.000406981 secs using 100% CPU
Optimizing NNI: done in 0.000403166 secs using 99.96% CPU
Optimizing NNI: done in 0.000412941 secs using 99.29% CPU
Iteration 540 / LogL: -446.422 / Time: 0h:0m:1s (0h:0m:0s left)
Optimizing NNI: done in 0.00041008 secs using 99.74% CPU
Optimizing NNI: done in 0.000408888 secs using 100% CPU
Optimizing NNI: done in 0.000412941 secs using 99.77% CPU
Optimizing NNI: done in 0.00039506 secs using 99.98% CPU
Optimizing NNI: done in 0.000409126 secs using 99.97% CPU
Optimizing NNI: done in 0.000393867 secs using 100% CPU
Optimizing NNI: done in 0.000406981 secs using 100% CPU
Optimizing NNI: done in 0.000408888 secs using 100% CPU
Optimizing NNI: done in 0.000411034 secs using 100.2% CPU
Optimizing NNI: done in 0.00039196 secs using 100% CPU
Iteration 550 / LogL: -446.422 / Time: 0h:0m:1s (0h:0m:0s left)
Log-likelihood cutoff on original alignment: -446.422
Optimizing NNI: done in 0.000427961 secs using 99.78% CPU
Optimizing NNI: done in 0.000407219 secs using 99.95% CPU
Optimizing NNI: done in 0.000408888 secs using 100% CPU
Optimizing NNI: done in 0.000396967 secs using 99.76% CPU
Optimizing NNI: done in 0.000412941 secs using 100% CPU
Optimizing NNI: done in 0.000418901 secs using 100% CPU
Optimizing NNI: done in 0.00041008 secs using 99.25% CPU
Optimizing NNI: done in 0.000415802 secs using 100% CPU
Optimizing NNI: done in 0.000412941 secs using 100% CPU
Optimizing NNI: done in 0.000409126 secs using 99.97% CPU
Iteration 560 / LogL: -446.422 / Time: 0h:0m:2s (0h:0m:0s left)
Optimizing NNI: done in 0.00041604 secs using 42.54% CPU
Optimizing NNI: done in 0.000390053 secs using 99.73% CPU
Optimizing NNI: done in 0.000391006 secs using 100.3% CPU
Optimizing NNI: done in 0.000411987 secs using 100% CPU
Optimizing NNI: done in 0.000420094 secs using 99.98% CPU
Optimizing NNI: done in 0.000411034 secs using 99.99% CPU
Optimizing NNI: done in 0.000414848 secs using 99.8% CPU
Optimizing NNI: done in 0.000406981 secs using 100% CPU
Optimizing NNI: done in 0.000403166 secs using 99.96% CPU
Optimizing NNI: done in 0.000408888 secs using 100.3% CPU
Iteration 570 / LogL: -446.422 / Time: 0h:0m:2s (0h:0m:0s left)
Optimizing NNI: done in 0.000405073 secs using 99.98% CPU
Optimizing NNI: done in 0.000408173 secs using 99.96% CPU
Optimizing NNI: done in 0.000415087 secs using 99.98% CPU
Optimizing NNI: done in 0.000396013 secs using 99.74% CPU
Optimizing NNI: done in 0.000406027 secs using 99.99% CPU
Optimizing NNI: done in 0.000410795 secs using 100% CPU
Optimizing NNI: done in 0.000405073 secs using 99.98% CPU
Optimizing NNI: done in 0.000414133 secs using 99.97% CPU
Optimizing NNI: done in 0.000404835 secs using 100% CPU
Optimizing NNI: done in 0.000406027 secs using 99.75% CPU
Iteration 580 / LogL: -446.422 / Time: 0h:0m:2s (0h:0m:0s left)
Optimizing NNI: done in 0.000406981 secs using 100% CPU
Optimizing NNI: done in 0.00039196 secs using 99.76% CPU
Optimizing NNI: done in 0.000411987 secs using 100.2% CPU
Optimizing NNI: done in 0.000407934 secs using 100% CPU
Optimizing NNI: done in 0.00039196 secs using 100% CPU
Optimizing NNI: done in 0.00039196 secs using 100% CPU
Optimizing NNI: done in 0.00041604 secs using 99.99% CPU
Optimizing NNI: done in 0.000413895 secs using 100% CPU
Optimizing NNI: done in 0.000411034 secs using 99.26% CPU
Optimizing NNI: done in 0.000389099 secs using 99.72% CPU
Iteration 590 / LogL: -446.422 / Time: 0h:0m:2s (0h:0m:0s left)
Optimizing NNI: done in 0.000411034 secs using 99.99% CPU
Optimizing NNI: done in 0.00041008 secs using 99.74% CPU
Optimizing NNI: done in 0.000411034 secs using 100.2% CPU
Optimizing NNI: done in 0.000414848 secs using 99.8% CPU
Optimizing NNI: done in 0.000407934 secs using 100% CPU
Optimizing NNI: done in 0.000406981 secs using 99.76% CPU
Optimizing NNI: done in 0.000414848 secs using 100% CPU
Optimizing NNI: done in 0.000407934 secs using 100% CPU
Optimizing NNI: done in 0.000405073 secs using 100.2% CPU
Optimizing NNI: done in 0.00039196 secs using 100% CPU
Iteration 600 / LogL: -446.422 / Time: 0h:0m:2s (0h:0m:0s left)
Log-likelihood cutoff on original alignment: -446.422
NOTE: Bootstrap correlation coefficient of split occurrence frequencies: 0.392
NOTE: UFBoot does not converge, continue at least 100 more iterations
Optimizing NNI: done in 0.000422001 secs using 99.76% CPU
Optimizing NNI: done in 0.00041008 secs using 99.98% CPU
Optimizing NNI: done in 0.000404835 secs using 100% CPU
Optimizing NNI: done in 0.000404835 secs using 100% CPU
Optimizing NNI: done in 0.000415087 secs using 100.2% CPU
Optimizing NNI: done in 0.000413895 secs using 100% CPU
Optimizing NNI: done in 0.000399828 secs using 100% CPU
Optimizing NNI: done in 0.000407219 secs using 99.95% CPU
Optimizing NNI: done in 0.000409126 secs using 99.97% CPU
Optimizing NNI: done in 0.000411987 secs using 99.76% CPU
Iteration 610 / LogL: -446.422 / Time: 0h:0m:2s (0h:0m:0s left)
Optimizing NNI: done in 0.000406027 secs using 100.2% CPU
Optimizing NNI: done in 0.000406981 secs using 100% CPU
Optimizing NNI: done in 0.000421047 secs using 99.75% CPU
Optimizing NNI: done in 0.000417948 secs using 99.77% CPU
Optimizing NNI: done in 0.000393152 secs using 99.71% CPU
Optimizing NNI: done in 0.000416994 secs using 100% CPU
Optimizing NNI: done in 0.000417948 secs using 99.06% CPU
Optimizing NNI: done in 0.000417948 secs using 100.3% CPU
Optimizing NNI: done in 0.000406981 secs using 99.27% CPU
Optimizing NNI: done in 0.000423908 secs using 100% CPU
Iteration 620 / LogL: -446.422 / Time: 0h:0m:2s (0h:0m:0s left)
Optimizing NNI: done in 0.000417948 secs using 100% CPU
Optimizing NNI: done in 0.000413179 secs using 99.23% CPU
Optimizing NNI: done in 0.00041604 secs using 99.75% CPU
Optimizing NNI: done in 0.000396013 secs using 100% CPU
Optimizing NNI: done in 0.000415802 secs using 100% CPU
Optimizing NNI: done in 0.00041604 secs using 99.99% CPU
Optimizing NNI: done in 0.000406981 secs using 100% CPU
Optimizing NNI: done in 0.000413895 secs using 100% CPU
Optimizing NNI: done in 0.000405788 secs using 100.1% CPU
Optimizing NNI: done in 0.000404119 secs using 99.72% CPU
Iteration 630 / LogL: -446.422 / Time: 0h:0m:2s (0h:0m:0s left)
Optimizing NNI: done in 0.000391006 secs using 100% CPU
Optimizing NNI: done in 0.000408173 secs using 99.96% CPU
Optimizing NNI: done in 0.00041008 secs using 100.2% CPU
Optimizing NNI: done in 0.000394106 secs using 99.97% CPU
Optimizing NNI: done in 0.000399113 secs using 99.97% CPU
Optimizing NNI: done in 0.00041604 secs using 99.99% CPU
Optimizing NNI: done in 0.000411987 secs using 100.2% CPU
Optimizing NNI: done in 0.000411987 secs using 100% CPU
Optimizing NNI: done in 0.000402927 secs using 100% CPU
Optimizing NNI: done in 0.00041008 secs using 99.98% CPU
Iteration 640 / LogL: -446.422 / Time: 0h:0m:2s (0h:0m:0s left)
Optimizing NNI: done in 0.00041604 secs using 99.99% CPU
Optimizing NNI: done in 0.000397921 secs using 100% CPU
Optimizing NNI: done in 0.00041008 secs using 99.74% CPU
Optimizing NNI: done in 0.00039196 secs using 99.76% CPU
Optimizing NNI: done in 0.000392914 secs using 99.77% CPU
Optimizing NNI: done in 0.000421047 secs using 99.99% CPU
Optimizing NNI: done in 0.000411987 secs using 100% CPU
Optimizing NNI: done in 0.000411034 secs using 99.99% CPU
Optimizing NNI: done in 0.000413895 secs using 100% CPU
Optimizing NNI: done in 0.00040102 secs using 99.75% CPU
Iteration 650 / LogL: -446.422 / Time: 0h:0m:2s (0h:0m:0s left)
Log-likelihood cutoff on original alignment: -446.422
Optimizing NNI: done in 0.000429869 secs using 99.8% CPU
Optimizing NNI: done in 0.000417948 secs using 100% CPU
Optimizing NNI: done in 0.000416994 secs using 100% CPU
Optimizing NNI: done in 0.000396967 secs using 100% CPU
Optimizing NNI: done in 0.00039196 secs using 99.76% CPU
Optimizing NNI: done in 0.000408888 secs using 100% CPU
Optimizing NNI: done in 0.000394106 secs using 99.97% CPU
Optimizing NNI: done in 0.000388861 secs using 100% CPU
Optimizing NNI: done in 0.000402927 secs using 99.77% CPU
Optimizing NNI: done in 0.000400066 secs using 99.98% CPU
Iteration 660 / LogL: -446.422 / Time: 0h:0m:2s (0h:0m:0s left)
Optimizing NNI: done in 0.000402927 secs using 100% CPU
Optimizing NNI: done in 0.000387907 secs using 100.3% CPU
Optimizing NNI: done in 0.000414133 secs using 99.24% CPU
Optimizing NNI: done in 0.000413179 secs using 99.71% CPU
Optimizing NNI: done in 0.000396013 secs using 100% CPU
Optimizing NNI: done in 0.00041008 secs using 99.74% CPU
Optimizing NNI: done in 0.000416994 secs using 99.76% CPU
Optimizing NNI: done in 0.000412941 secs using 99.77% CPU
Optimizing NNI: done in 0.000389099 secs using 99.97% CPU
Optimizing NNI: done in 0.000409126 secs using 99.97% CPU
Iteration 670 / LogL: -446.422 / Time: 0h:0m:2s (0h:0m:0s left)
Optimizing NNI: done in 0.000417948 secs using 100% CPU
Optimizing NNI: done in 0.00041604 secs using 99.27% CPU
Optimizing NNI: done in 0.000411034 secs using 100.2% CPU
Optimizing NNI: done in 0.000394106 secs using 99.72% CPU
Optimizing NNI: done in 0.000414848 secs using 99.55% CPU
Optimizing NNI: done in 0.00041604 secs using 99.99% CPU
Optimizing NNI: done in 0.000422955 secs using 99.07% CPU
Optimizing NNI: done in 0.000408173 secs using 99.96% CPU
Optimizing NNI: done in 0.000411034 secs using 100.2% CPU
Optimizing NNI: done in 0.000406981 secs using 99.76% CPU
Iteration 680 / LogL: -446.422 / Time: 0h:0m:2s (0h:0m:0s left)
Optimizing NNI: done in 0.000412941 secs using 100.3% CPU
Optimizing NNI: done in 0.000406981 secs using 100% CPU
Optimizing NNI: done in 0.000407934 secs using 100% CPU
Optimizing NNI: done in 0.000406027 secs using 100.2% CPU
Optimizing NNI: done in 0.000409842 secs using 99.79% CPU
Optimizing NNI: done in 0.000413895 secs using 100% CPU
Optimizing NNI: done in 0.000407934 secs using 100% CPU
Optimizing NNI: done in 0.000405073 secs using 99.74% CPU
Optimizing NNI: done in 0.000432968 secs using 100% CPU
Optimizing NNI: done in 0.000403166 secs using 99.96% CPU
Iteration 690 / LogL: -446.422 / Time: 0h:0m:2s (0h:0m:0s left)
Optimizing NNI: done in 0.000407934 secs using 100% CPU
Optimizing NNI: done in 0.000406027 secs using 99.99% CPU
Optimizing NNI: done in 0.000405073 secs using 99.98% CPU
Optimizing NNI: done in 0.000407934 secs using 100% CPU
Optimizing NNI: done in 0.000407219 secs using 99.95% CPU
Optimizing NNI: done in 0.000403881 secs using 100% CPU
Optimizing NNI: done in 0.000398159 secs using 100.2% CPU
Optimizing NNI: done in 0.00040102 secs using 100% CPU
Optimizing NNI: done in 0.000386953 secs using 100% CPU
Optimizing NNI: done in 0.000406027 secs using 99.99% CPU
Iteration 700 / LogL: -446.422 / Time: 0h:0m:2s (0h:0m:0s left)
Log-likelihood cutoff on original alignment: -446.422
NOTE: Bootstrap correlation coefficient of split occurrence frequencies: -0.131
NOTE: UFBoot does not converge, continue at least 100 more iterations
Optimizing NNI: done in 0.000426054 secs using 99.52% CPU
Optimizing NNI: done in 0.000411987 secs using 100.2% CPU
Optimizing NNI: done in 0.000407934 secs using 100.3% CPU
Optimizing NNI: done in 0.00041008 secs using 100.2% CPU
Optimizing NNI: done in 0.000412941 secs using 100% CPU
Optimizing NNI: done in 0.000404835 secs using 100% CPU
Optimizing NNI: done in 0.000407934 secs using 100.3% CPU
Optimizing NNI: done in 0.00041008 secs using 100.2% CPU
Optimizing NNI: done in 0.000409126 secs using 100.2% CPU
Optimizing NNI: done in 0.000413179 secs using 99.96% CPU
Iteration 710 / LogL: -446.422 / Time: 0h:0m:2s (0h:0m:0s left)
Optimizing NNI: done in 0.000407934 secs using 100.3% CPU
Optimizing NNI: done in 0.000407219 secs using 99.7% CPU
Optimizing NNI: done in 0.000405073 secs using 99.98% CPU
Optimizing NNI: done in 0.00040102 secs using 100% CPU
Optimizing NNI: done in 0.000409842 secs using 100% CPU
Optimizing NNI: done in 0.000408888 secs using 100% CPU
Optimizing NNI: done in 0.000411034 secs using 99.99% CPU
Optimizing NNI: done in 0.000408888 secs using 100% CPU
Optimizing NNI: done in 0.000407934 secs using 99.77% CPU
Optimizing NNI: done in 0.000389814 secs using 99.79% CPU
Iteration 720 / LogL: -446.422 / Time: 0h:0m:2s (0h:0m:0s left)
Optimizing NNI: done in 0.000387907 secs using 99.77% CPU
Optimizing NNI: done in 0.000409126 secs using 99.97% CPU
Optimizing NNI: done in 0.000408888 secs using 100% CPU
Optimizing NNI: done in 0.000407934 secs using 99.77% CPU
Optimizing NNI: done in 0.000396967 secs using 99.76% CPU
Optimizing NNI: done in 0.000407934 secs using 99.77% CPU
Optimizing NNI: done in 0.000405073 secs using 100.2% CPU
Optimizing NNI: done in 0.000409126 secs using 99.72% CPU
Optimizing NNI: done in 0.000411987 secs using 100% CPU
Optimizing NNI: done in 0.000414848 secs using 100% CPU
Iteration 730 / LogL: -446.422 / Time: 0h:0m:2s (0h:0m:0s left)
Optimizing NNI: done in 0.000408173 secs using 99.96% CPU
Optimizing NNI: done in 0.000406981 secs using 100.3% CPU
Optimizing NNI: done in 0.00040102 secs using 100.2% CPU
Optimizing NNI: done in 0.00041008 secs using 99.98% CPU
Optimizing NNI: done in 0.000406027 secs using 99.99% CPU
Optimizing NNI: done in 0.000401974 secs using 100% CPU
Optimizing NNI: done in 0.000405073 secs using 99.98% CPU
Optimizing NNI: done in 0.00041604 secs using 99.75% CPU
Optimizing NNI: done in 0.000397921 secs using 99.77% CPU
Optimizing NNI: done in 0.000417948 secs using 100% CPU
Iteration 740 / LogL: -446.422 / Time: 0h:0m:2s (0h:0m:0s left)
Optimizing NNI: done in 0.000411987 secs using 99.76% CPU
Optimizing NNI: done in 0.000411987 secs using 99.76% CPU
Optimizing NNI: done in 0.000404835 secs using 99.79% CPU
Optimizing NNI: done in 0.000405073 secs using 99.98% CPU
Optimizing NNI: done in 0.000411987 secs using 100% CPU
Optimizing NNI: done in 0.000411034 secs using 100.2% CPU
Optimizing NNI: done in 0.000406027 secs using 99.99% CPU
Optimizing NNI: done in 0.000405788 secs using 99.81% CPU
Optimizing NNI: done in 0.000399113 secs using 99.97% CPU
Optimizing NNI: done in 0.000407934 secs using 99.77% CPU
Iteration 750 / LogL: -446.422 / Time: 0h:0m:2s (0h:0m:0s left)
Log-likelihood cutoff on original alignment: -446.422
Optimizing NNI: done in 0.000427008 secs using 99.76% CPU
Optimizing NNI: done in 0.000415087 secs using 99.98% CPU
Optimizing NNI: done in 0.000412941 secs using 100% CPU
Optimizing NNI: done in 0.000409126 secs using 100.2% CPU
Optimizing NNI: done in 0.000411987 secs using 100% CPU
Optimizing NNI: done in 0.000409126 secs using 100.2% CPU
Optimizing NNI: done in 0.000409842 secs using 99.79% CPU
Optimizing NNI: done in 0.000413179 secs using 99.96% CPU
Optimizing NNI: done in 0.000412941 secs using 100% CPU
Optimizing NNI: done in 0.00041008 secs using 99.98% CPU
Iteration 760 / LogL: -446.422 / Time: 0h:0m:2s (0h:0m:0s left)
Optimizing NNI: done in 0.000403881 secs using 100% CPU
Optimizing NNI: done in 0.000401974 secs using 100% CPU
Optimizing NNI: done in 0.000402927 secs using 99.77% CPU
Optimizing NNI: done in 0.00041008 secs using 99.98% CPU
Optimizing NNI: done in 0.000409126 secs using 99.72% CPU
Optimizing NNI: done in 0.000406027 secs using 99.99% CPU
Optimizing NNI: done in 0.000401974 secs using 100% CPU
Optimizing NNI: done in 0.000397921 secs using 100% CPU
Optimizing NNI: done in 0.000402927 secs using 100% CPU
Optimizing NNI: done in 0.000411987 secs using 100% CPU
Iteration 770 / LogL: -446.422 / Time: 0h:0m:2s (0h:0m:0s left)
Optimizing NNI: done in 0.000403881 secs using 99.78% CPU
Optimizing NNI: done in 0.000394106 secs using 99.97% CPU
Optimizing NNI: done in 0.000413895 secs using 99.78% CPU
Optimizing NNI: done in 0.000412941 secs using 100% CPU
Optimizing NNI: done in 0.000404119 secs using 99.97% CPU
Optimizing NNI: done in 0.000413895 secs using 100% CPU
Optimizing NNI: done in 0.000406981 secs using 100% CPU
Optimizing NNI: done in 0.000408173 secs using 99.96% CPU
Optimizing NNI: done in 0.000415087 secs using 99.98% CPU
Optimizing NNI: done in 0.000405073 secs using 99.98% CPU
Iteration 780 / LogL: -446.422 / Time: 0h:0m:2s (0h:0m:0s left)
Optimizing NNI: done in 0.00041914 secs using 99.97% CPU
Optimizing NNI: done in 0.000402927 secs using 100% CPU
Optimizing NNI: done in 0.000390053 secs using 99.73% CPU
Optimizing NNI: done in 0.000409126 secs using 99.97% CPU
Optimizing NNI: done in 0.00041008 secs using 99.98% CPU
Optimizing NNI: done in 0.000409126 secs using 99.97% CPU
Optimizing NNI: done in 0.000418901 secs using 100% CPU
Optimizing NNI: done in 0.000417948 secs using 100.3% CPU
Optimizing NNI: done in 0.000409126 secs using 99.97% CPU
Optimizing NNI: done in 0.000388861 secs using 100.3% CPU
Iteration 790 / LogL: -446.422 / Time: 0h:0m:2s (0h:0m:0s left)
Optimizing NNI: done in 0.000406027 secs using 99.75% CPU
Optimizing NNI: done in 0.000404119 secs using 99.97% CPU
Optimizing NNI: done in 0.00041604 secs using 99.99% CPU
Optimizing NNI: done in 0.000415087 secs using 99.98% CPU
Optimizing NNI: done in 0.000423908 secs using 100% CPU
Optimizing NNI: done in 0.000416994 secs using 99.76% CPU
Optimizing NNI: done in 0.000422001 secs using 99.05% CPU
Optimizing NNI: done in 0.000407934 secs using 100% CPU
Optimizing NNI: done in 0.000411987 secs using 99.27% CPU
Optimizing NNI: done in 0.000408888 secs using 100% CPU
Iteration 800 / LogL: -446.422 / Time: 0h:0m:3s (0h:0m:0s left)
Log-likelihood cutoff on original alignment: -446.422
NOTE: Bootstrap correlation coefficient of split occurrence frequencies: 0.120
NOTE: UFBoot does not converge, continue at least 100 more iterations
Optimizing NNI: done in 0.000422955 secs using 99.77% CPU
Optimizing NNI: done in 0.000422001 secs using 100% CPU
Optimizing NNI: done in 0.00041604 secs using 99.99% CPU
Optimizing NNI: done in 0.000405073 secs using 100.2% CPU
Optimizing NNI: done in 0.000413179 secs using 99.96% CPU
Optimizing NNI: done in 0.000392199 secs using 99.69% CPU
Optimizing NNI: done in 0.00041008 secs using 99.98% CPU
Optimizing NNI: done in 0.000402212 secs using 99.95% CPU
Optimizing NNI: done in 0.000398159 secs using 99.71% CPU
Optimizing NNI: done in 0.00041008 secs using 99.98% CPU
Iteration 810 / LogL: -446.422 / Time: 0h:0m:3s (0h:0m:0s left)
Optimizing NNI: done in 0.000391006 secs using 100% CPU
Optimizing NNI: done in 0.000406027 secs using 99.99% CPU
Optimizing NNI: done in 0.000411987 secs using 100% CPU
Optimizing NNI: done in 0.000398159 secs using 100.2% CPU
Optimizing NNI: done in 0.000417948 secs using 100% CPU
Optimizing NNI: done in 0.000419855 secs using 100% CPU
Optimizing NNI: done in 0.00041008 secs using 99.98% CPU
Optimizing NNI: done in 0.00039196 secs using 100% CPU
Optimizing NNI: done in 0.000413895 secs using 100% CPU
Optimizing NNI: done in 0.000390053 secs using 99.99% CPU
Iteration 820 / LogL: -446.422 / Time: 0h:0m:3s (0h:0m:0s left)
Optimizing NNI: done in 0.000404119 secs using 99.97% CPU
Optimizing NNI: done in 0.000405073 secs using 99.98% CPU
Optimizing NNI: done in 0.000407934 secs using 100.3% CPU
Optimizing NNI: done in 0.000402927 secs using 100% CPU
Optimizing NNI: done in 0.000392914 secs using 100% CPU
Optimizing NNI: done in 0.000411987 secs using 100% CPU
Optimizing NNI: done in 0.000437021 secs using 99.77% CPU
Optimizing NNI: done in 0.00041604 secs using 99.27% CPU
Optimizing NNI: done in 0.000411987 secs using 100.2% CPU
Optimizing NNI: done in 0.000391006 secs using 100% CPU
Iteration 830 / LogL: -446.422 / Time: 0h:0m:3s (0h:0m:0s left)
Optimizing NNI: done in 0.000406027 secs using 99.99% CPU
Optimizing NNI: done in 0.000432014 secs using 100% CPU
Optimizing NNI: done in 0.000391006 secs using 100% CPU
Optimizing NNI: done in 0.000406027 secs using 100.2% CPU
Optimizing NNI: done in 0.000406981 secs using 100% CPU
Optimizing NNI: done in 0.000396013 secs using 99.74% CPU
Optimizing NNI: done in 0.000406027 secs using 99.99% CPU
Optimizing NNI: done in 0.000414133 secs using 99.97% CPU
Optimizing NNI: done in 0.000406027 secs using 99.99% CPU
Optimizing NNI: done in 0.000386953 secs using 100% CPU
Iteration 840 / LogL: -446.422 / Time: 0h:0m:3s (0h:0m:0s left)
Optimizing NNI: done in 0.000405073 secs using 99.74% CPU
Optimizing NNI: done in 0.000403881 secs using 100% CPU
Optimizing NNI: done in 0.000413179 secs using 99.96% CPU
Optimizing NNI: done in 0.000416994 secs using 99.76% CPU
Optimizing NNI: done in 0.000411034 secs using 99.99% CPU
Optimizing NNI: done in 0.000412941 secs using 100% CPU
Optimizing NNI: done in 0.000417948 secs using 100% CPU
Optimizing NNI: done in 0.000417948 secs using 100% CPU
Optimizing NNI: done in 0.000398159 secs using 99.96% CPU
Optimizing NNI: done in 0.000409842 secs using 99.79% CPU
Iteration 850 / LogL: -446.422 / Time: 0h:0m:3s (0h:0m:0s left)
Log-likelihood cutoff on original alignment: -446.422
Optimizing NNI: done in 0.000424862 secs using 100% CPU
Optimizing NNI: done in 0.000404119 secs using 99.72% CPU
Optimizing NNI: done in 0.000412941 secs using 100% CPU
Optimizing NNI: done in 0.000418901 secs using 99.31% CPU
Optimizing NNI: done in 0.000415087 secs using 99.98% CPU
Optimizing NNI: done in 0.000412941 secs using 100% CPU
Optimizing NNI: done in 0.000402927 secs using 100% CPU
Optimizing NNI: done in 0.000403166 secs using 99.96% CPU
Optimizing NNI: done in 0.000409842 secs using 100% CPU
Optimizing NNI: done in 0.000404119 secs using 99.72% CPU
Iteration 860 / LogL: -446.422 / Time: 0h:0m:3s (0h:0m:0s left)
Optimizing NNI: done in 0.000411987 secs using 100.2% CPU
Optimizing NNI: done in 0.000413179 secs using 99.96% CPU
Optimizing NNI: done in 0.00039196 secs using 100% CPU
Optimizing NNI: done in 0.000393152 secs using 99.96% CPU
Optimizing NNI: done in 0.000411987 secs using 100% CPU
Optimizing NNI: done in 0.000408888 secs using 100% CPU
Optimizing NNI: done in 0.000404119 secs using 100.2% CPU
Optimizing NNI: done in 0.000407219 secs using 100.2% CPU
Optimizing NNI: done in 0.000402927 secs using 100% CPU
Optimizing NNI: done in 0.000411987 secs using 99.76% CPU
Iteration 870 / LogL: -446.422 / Time: 0h:0m:3s (0h:0m:0s left)
Optimizing NNI: done in 0.000411034 secs using 99.99% CPU
Optimizing NNI: done in 0.000403166 secs using 99.71% CPU
Optimizing NNI: done in 0.000409842 secs using 100% CPU
Optimizing NNI: done in 0.000414133 secs using 99.73% CPU
Optimizing NNI: done in 0.000396013 secs using 100% CPU
Optimizing NNI: done in 0.000402927 secs using 99.03% CPU
Optimizing NNI: done in 0.000406981 secs using 99.76% CPU
Optimizing NNI: done in 0.000406027 secs using 99.99% CPU
Optimizing NNI: done in 0.000402927 secs using 100% CPU
Optimizing NNI: done in 0.000411034 secs using 99.99% CPU
Iteration 880 / LogL: -446.422 / Time: 0h:0m:3s (0h:0m:0s left)
Optimizing NNI: done in 0.000406027 secs using 99.99% CPU
Optimizing NNI: done in 0.000391006 secs using 100.3% CPU
Optimizing NNI: done in 0.000387907 secs using 100% CPU
Optimizing NNI: done in 0.000404119 secs using 99.72% CPU
Optimizing NNI: done in 0.000403881 secs using 100% CPU
Optimizing NNI: done in 0.000406981 secs using 100% CPU
Optimizing NNI: done in 0.000406981 secs using 100% CPU
Optimizing NNI: done in 0.000407934 secs using 100% CPU
Optimizing NNI: done in 0.00039196 secs using 100% CPU
Optimizing NNI: done in 0.000406027 secs using 99.99% CPU
Iteration 890 / LogL: -446.422 / Time: 0h:0m:3s (0h:0m:0s left)
Optimizing NNI: done in 0.000411987 secs using 100% CPU
Optimizing NNI: done in 0.000402927 secs using 100% CPU
Optimizing NNI: done in 0.000400066 secs using 100.2% CPU
Optimizing NNI: done in 0.000408888 secs using 99.78% CPU
Optimizing NNI: done in 0.000408888 secs using 100% CPU
Optimizing NNI: done in 0.000408173 secs using 99.71% CPU
Optimizing NNI: done in 0.000392914 secs using 100% CPU
Optimizing NNI: done in 0.000416994 secs using 100% CPU
Optimizing NNI: done in 0.000414848 secs using 100% CPU
Optimizing NNI: done in 0.000414848 secs using 99.8% CPU
Iteration 900 / LogL: -446.422 / Time: 0h:0m:3s (0h:0m:0s left)
Log-likelihood cutoff on original alignment: -446.422
NOTE: Bootstrap correlation coefficient of split occurrence frequencies: -0.153
NOTE: UFBoot does not converge, continue at least 100 more iterations
Optimizing NNI: done in 0.000433922 secs using 99.1% CPU
Optimizing NNI: done in 0.000416994 secs using 100% CPU
Optimizing NNI: done in 0.000413895 secs using 100% CPU
Optimizing NNI: done in 0.000409126 secs using 99.97% CPU
Optimizing NNI: done in 0.00041008 secs using 99.98% CPU
Optimizing NNI: done in 0.000409842 secs using 100% CPU
Optimizing NNI: done in 0.000406027 secs using 99.99% CPU
Optimizing NNI: done in 0.000393152 secs using 100.2% CPU
Optimizing NNI: done in 0.000413179 secs using 99.96% CPU
Optimizing NNI: done in 0.000403166 secs using 99.96% CPU
Iteration 910 / LogL: -446.422 / Time: 0h:0m:3s (0h:0m:0s left)
Optimizing NNI: done in 0.000403881 secs using 100% CPU
Optimizing NNI: done in 0.000390053 secs using 99.99% CPU
Optimizing NNI: done in 0.000390053 secs using 99.99% CPU
Optimizing NNI: done in 0.000392199 secs using 99.95% CPU
Optimizing NNI: done in 0.000403881 secs using 100.3% CPU
Optimizing NNI: done in 0.000412941 secs using 99.77% CPU
Optimizing NNI: done in 0.000406027 secs using 99.99% CPU
Optimizing NNI: done in 0.000416994 secs using 100% CPU
Optimizing NNI: done in 0.000394821 secs using 100% CPU
Optimizing NNI: done in 0.000406027 secs using 100.2% CPU
Iteration 920 / LogL: -446.422 / Time: 0h:0m:3s (0h:0m:0s left)
Optimizing NNI: done in 0.000411987 secs using 99.76% CPU
Optimizing NNI: done in 0.000406027 secs using 99.99% CPU
Optimizing NNI: done in 0.000387192 secs using 99.95% CPU
Optimizing NNI: done in 0.000468016 secs using 100% CPU
Optimizing NNI: done in 0.000409842 secs using 100% CPU
Optimizing NNI: done in 0.000397921 secs using 100% CPU
Optimizing NNI: done in 0.000401974 secs using 100% CPU
Optimizing NNI: done in 0.000409842 secs using 100.3% CPU
Optimizing NNI: done in 0.000408888 secs using 99.78% CPU
Optimizing NNI: done in 0.000401974 secs using 100% CPU
Iteration 930 / LogL: -446.422 / Time: 0h:0m:3s (0h:0m:0s left)
Optimizing NNI: done in 0.000397921 secs using 99.77% CPU
Optimizing NNI: done in 0.000418186 secs using 99.72% CPU
Optimizing NNI: done in 0.000406027 secs using 100.2% CPU
Optimizing NNI: done in 0.000411987 secs using 100.2% CPU
Optimizing NNI: done in 0.000407219 secs using 99.7% CPU
Optimizing NNI: done in 0.00041604 secs using 99.51% CPU
Optimizing NNI: done in 0.000413895 secs using 100% CPU
Optimizing NNI: done in 0.000401974 secs using 100.3% CPU
Optimizing NNI: done in 0.00041008 secs using 99.98% CPU
Optimizing NNI: done in 0.000412941 secs using 99.77% CPU
Iteration 940 / LogL: -446.422 / Time: 0h:0m:3s (0h:0m:0s left)
Optimizing NNI: done in 0.000391006 secs using 100% CPU
Optimizing NNI: done in 0.000408888 secs using 99.78% CPU
Optimizing NNI: done in 0.000404835 secs using 99.79% CPU
Optimizing NNI: done in 0.000403881 secs using 100% CPU
Optimizing NNI: done in 0.000408888 secs using 99.78% CPU
Optimizing NNI: done in 0.000407934 secs using 100.3% CPU
Optimizing NNI: done in 0.000396967 secs using 99.76% CPU
Optimizing NNI: done in 0.000412941 secs using 100% CPU
Optimizing NNI: done in 0.000407934 secs using 100.3% CPU
Optimizing NNI: done in 0.000405788 secs using 100.1% CPU
Iteration 950 / LogL: -446.422 / Time: 0h:0m:3s (0h:0m:0s left)
Log-likelihood cutoff on original alignment: -446.422
Optimizing NNI: done in 0.000416994 secs using 99.76% CPU
Optimizing NNI: done in 0.000416994 secs using 100% CPU
Optimizing NNI: done in 0.000417948 secs using 99.77% CPU
Optimizing NNI: done in 0.000421047 secs using 100.2% CPU
Optimizing NNI: done in 0.000413179 secs using 99.71% CPU
Optimizing NNI: done in 0.000405073 secs using 99.98% CPU
Optimizing NNI: done in 0.000406981 secs using 100% CPU
Optimizing NNI: done in 0.000405073 secs using 99.98% CPU
Optimizing NNI: done in 0.000411987 secs using 100% CPU
Optimizing NNI: done in 0.000406027 secs using 99.99% CPU
Iteration 960 / LogL: -446.422 / Time: 0h:0m:3s (0h:0m:0s left)
Optimizing NNI: done in 0.000415802 secs using 100% CPU
Optimizing NNI: done in 0.000407934 secs using 100% CPU
Optimizing NNI: done in 0.000412941 secs using 100% CPU
Optimizing NNI: done in 0.000390053 secs using 99.99% CPU
Optimizing NNI: done in 0.00041008 secs using 99.74% CPU
Optimizing NNI: done in 0.000400066 secs using 99.98% CPU
Optimizing NNI: done in 0.000380993 secs using 100% CPU
Optimizing NNI: done in 0.000407219 secs using 99.95% CPU
Optimizing NNI: done in 0.000413895 secs using 99.06% CPU
Optimizing NNI: done in 0.000415087 secs using 99.98% CPU
Iteration 970 / LogL: -446.422 / Time: 0h:0m:3s (0h:0m:0s left)
Optimizing NNI: done in 0.000408173 secs using 100.2% CPU
Optimizing NNI: done in 0.000405073 secs using 99.98% CPU
Optimizing NNI: done in 0.000408888 secs using 100% CPU
Optimizing NNI: done in 0.00041008 secs using 99.98% CPU
Optimizing NNI: done in 0.000405788 secs using 100.1% CPU
Optimizing NNI: done in 0.000386 secs using 100% CPU
Optimizing NNI: done in 0.000408888 secs using 100% CPU
Optimizing NNI: done in 0.000411034 secs using 99.99% CPU
Optimizing NNI: done in 0.000402927 secs using 100% CPU
Optimizing NNI: done in 0.00039196 secs using 100% CPU
Iteration 980 / LogL: -446.422 / Time: 0h:0m:3s (0h:0m:0s left)
Optimizing NNI: done in 0.000405073 secs using 100.2% CPU
Optimizing NNI: done in 0.000419855 secs using 100% CPU
Optimizing NNI: done in 0.000414133 secs using 99.97% CPU
Optimizing NNI: done in 0.000413895 secs using 100% CPU
Optimizing NNI: done in 0.000408173 secs using 99.96% CPU
Optimizing NNI: done in 0.000414133 secs using 99.73% CPU
Optimizing NNI: done in 0.000417948 secs using 99.77% CPU
Optimizing NNI: done in 0.000411034 secs using 99.99% CPU
Optimizing NNI: done in 0.000411034 secs using 99.99% CPU
Optimizing NNI: done in 0.000413895 secs using 100% CPU
Iteration 990 / LogL: -446.422 / Time: 0h:0m:3s (0h:0m:0s left)
Optimizing NNI: done in 0.000406027 secs using 99.99% CPU
Optimizing NNI: done in 0.000404119 secs using 99.72% CPU
Optimizing NNI: done in 0.000406027 secs using 99.75% CPU
Optimizing NNI: done in 0.000413895 secs using 100% CPU
Optimizing NNI: done in 0.000402927 secs using 100% CPU
Optimizing NNI: done in 0.000411034 secs using 100.2% CPU
Optimizing NNI: done in 0.00041008 secs using 100.2% CPU
Optimizing NNI: done in 0.000411034 secs using 100.2% CPU
Optimizing NNI: done in 0.000393867 secs using 100% CPU
Optimizing NNI: done in 0.000391006 secs using 100.3% CPU
Iteration 1000 / LogL: -446.422 / Time: 0h:0m:3s (0h:0m:0s left)
Log-likelihood cutoff on original alignment: -446.422
NOTE: Bootstrap correlation coefficient of split occurrence frequencies: 0.521
NOTE: UFBoot does not converge, continue at least 100 more iterations
Optimizing NNI: done in 0.000420094 secs using 99.74% CPU
WARNING: bootstrap analysis did not converge. You should rerun with higher number of iterations (-nm option)
TREE SEARCH COMPLETED AFTER 1001 ITERATIONS / Time: 0h:0m:3s

--------------------------------------------------------------------
|                    FINALIZING TREE SEARCH                        |
--------------------------------------------------------------------
Performs final model parameters optimization
Estimate model parameters (epsilon = 0.010)
1. Initial log-likelihood: -446.422
Optimal log-likelihood: -446.422
Parameters optimization took 1 rounds (0.000 sec)
BEST SCORE FOUND : -446.422

Testing tree branches by SH-like aLRT with 1000 replicates...
0.004 sec.
Creating bootstrap support values...
Split supports printed to NEXUS file ../results/molecular_evolution_analyses/phylogenetic_trees/F48287_MLIG_G1/F48287_MLIG_G1.splits.nex
Total tree length: 0.000

Total number of iterations: 1001
CPU time used for tree search: 4.080 sec (0h:0m:4s)
Wall-clock time used for tree search: 3.893 sec (0h:0m:3s)
Total CPU time used: 4.105 sec (0h:0m:4s)
Total wall-clock time used: 3.917 sec (0h:0m:3s)

Computing bootstrap consensus tree...
Reading input file ../results/molecular_evolution_analyses/phylogenetic_trees/F48287_MLIG_G1/F48287_MLIG_G1.splits.nex...
6 taxa and 31 splits.
Consensus tree written to ../results/molecular_evolution_analyses/phylogenetic_trees/F48287_MLIG_G1/F48287_MLIG_G1.contree
Reading input trees file ../results/molecular_evolution_analyses/phylogenetic_trees/F48287_MLIG_G1/F48287_MLIG_G1.contree
Log-likelihood of consensus tree: -446.422

Analysis results written to: 
  IQ-TREE report:                ../results/molecular_evolution_analyses/phylogenetic_trees/F48287_MLIG_G1/F48287_MLIG_G1.iqtree
  Maximum-likelihood tree:       ../results/molecular_evolution_analyses/phylogenetic_trees/F48287_MLIG_G1/F48287_MLIG_G1.treefile
  Likelihood distances:          ../results/molecular_evolution_analyses/phylogenetic_trees/F48287_MLIG_G1/F48287_MLIG_G1.mldist

Ultrafast bootstrap approximation results written to:
  Split support values:          ../results/molecular_evolution_analyses/phylogenetic_trees/F48287_MLIG_G1/F48287_MLIG_G1.splits.nex
  Consensus tree:                ../results/molecular_evolution_analyses/phylogenetic_trees/F48287_MLIG_G1/F48287_MLIG_G1.contree
  Screen log file:               ../results/molecular_evolution_analyses/phylogenetic_trees/F48287_MLIG_G1/F48287_MLIG_G1.log

Date and Time: Wed May  1 08:56:21 2024
