IQ-TREE multicore version 2.2.2.6 COVID-edition for Linux 64-bit built May 27 2023
Developed by Bui Quang Minh, James Barbetti, Nguyen Lam Tung,
Olga Chernomor, Heiko Schmidt, Dominik Schrempf, Michael Woodhams, Ly Trong Nhan.

Host:    lbc5 (AVX2, FMA3, 125 GB RAM)
Command: /home/mauricio/mauricio_PROGRAMAS/iqtree-2.2.2.6-Linux/bin/iqtree2 -s ../results/molecular_evolution_analyses/alignments_gblocks/F109180_MLIG_G1/F109180_MLIG_G1.aln.gblo -m TEST --threads-max 32 --alrt 1000 --ufboot 1000 --prefix ../results/molecular_evolution_analyses/phylogenetic_trees/F109180_MLIG_G1/F109180_MLIG_G1
Seed:    719985 (Using SPRNG - Scalable Parallel Random Number Generator)
Time:    Thu Mar 28 11:14:58 2024
Kernel:  AVX+FMA - 1 threads (32 CPU cores detected)

HINT: Use -nt option to specify number of threads because your CPU has 32 cores!
HINT: -nt AUTO will automatically determine the best number of threads to use.

Reading alignment file ../results/molecular_evolution_analyses/alignments_gblocks/F109180_MLIG_G1/F109180_MLIG_G1.aln.gblo ... Fasta format detected
Reading fasta file: done in 6.91414e-05 secs using 98.35% CPU
Alignment most likely contains protein sequences
Constructing alignment: done in 0.000174999 secs using 100% CPU
Alignment has 8 sequences with 171 columns, 69 distinct patterns
52 parsimony-informative, 6 singleton sites, 113 constant sites
            Gap/Ambiguity  Composition  p-value
Analyzing sequences: done in 6.91414e-06 secs using 115.7% CPU
   1  Mlig.4531     0.00%    passed    100.00%
   2  Mlig.46804    0.00%    passed     99.97%
   3  Mlig.10447    0.00%    passed     99.97%
   4  Mlig.31840    0.00%    passed     99.97%
   5  Mlig.11365    0.00%    passed     99.94%
   6  Mlig.40221    0.00%    passed     99.89%
   7  Mlig.5654     0.00%    passed     99.87%
   8  Mlig.10243    0.00%    passed     99.99%
****  TOTAL         0.00%  0 sequences failed composition chi2 test (p-value<5%; df=19)
NOTE: Mlig.10447 is identical to Mlig.46804 but kept for subsequent analysis
Checking for duplicate sequences: done in 2.38419e-05 secs using 104.9% CPU
Identifying sites to remove: done in 8.29697e-05 secs using 100% CPU
NOTE: 1 identical sequences (see below) will be ignored for subsequent analysis
NOTE: Mlig.31840 (identical to Mlig.46804) is ignored but added at the end
Alignment was printed to ../results/molecular_evolution_analyses/phylogenetic_trees/F109180_MLIG_G1/F109180_MLIG_G1.uniqueseq.phy

For your convenience alignment with unique sequences printed to ../results/molecular_evolution_analyses/phylogenetic_trees/F109180_MLIG_G1/F109180_MLIG_G1.uniqueseq.phy


Create initial parsimony tree by phylogenetic likelihood library (PLL)... 0.000 seconds
Perform fast likelihood tree search using LG+I+G model...
Estimate model parameters (epsilon = 5.000)
Perform nearest neighbor interchange...
Optimizing NNI: done in 0.0130639 secs using 99.61% CPU
Estimate model parameters (epsilon = 1.000)
1. Initial log-likelihood: -806.632
Optimal log-likelihood: -806.595
Proportion of invariable sites: 0.333
Gamma shape alpha: 998.494
Parameters optimization took 1 rounds (0.011 sec)
Time for fast ML tree search: 0.038 seconds

NOTE: ModelFinder requires 0 MB RAM!
ModelFinder will test up to 224 protein models (sample size: 171) ...
 No. Model         -LnL         df  AIC          AICc         BIC
  1  LG            807.758      11  1637.516     1639.177     1672.075
  2  LG+I          806.582      12  1637.164     1639.139     1674.864
  3  LG+G4         806.560      12  1637.120     1639.095     1674.820
  4  LG+I+G4       806.591      13  1639.183     1641.501     1680.024
  5  LG+F          797.759      30  1655.518     1668.804     1749.768
  6  LG+F+I        796.340      31  1654.681     1668.954     1752.073
  7  LG+F+G4       796.342      31  1654.684     1668.957     1752.076
  8  LG+F+I+G4     796.341      32  1656.681     1671.985     1757.214
  9  WAG           811.426      11  1644.851     1646.512     1679.410
 10  WAG+I         810.967      12  1645.934     1647.909     1683.634
 11  WAG+G4        811.081      12  1646.162     1648.137     1683.862
 12  WAG+I+G4      811.158      13  1648.316     1650.634     1689.157
 13  WAG+F         801.073      30  1662.146     1675.432     1756.396
 14  WAG+F+I       800.450      31  1662.899     1677.173     1760.291
 15  WAG+F+G4      800.582      31  1663.164     1677.437     1760.556
 16  WAG+F+I+G4    800.559      32  1665.118     1680.422     1765.651
 17  JTT           811.169      11  1644.339     1645.999     1678.897
 18  JTT+I         810.288      12  1644.576     1646.550     1682.276
 19  JTT+G4        810.371      12  1644.743     1646.717     1682.442
 20  JTT+I+G4      810.324      13  1646.649     1648.967     1687.490
 21  JTT+F         801.504      30  1663.007     1676.293     1757.257
 22  JTT+F+I       800.389      31  1662.779     1677.052     1760.170
 23  JTT+F+G4      800.490      31  1662.981     1677.254     1760.372
 24  JTT+F+I+G4    800.397      32  1664.794     1680.098     1765.327
WARNING: Normalizing state frequencies so that sum of them equals to 1
 25  Q.pfam        809.599      11  1641.197     1642.858     1675.756
WARNING: Normalizing state frequencies so that sum of them equals to 1
 26  Q.pfam+I      808.330      12  1640.659     1642.634     1678.359
WARNING: Normalizing state frequencies so that sum of them equals to 1
 27  Q.pfam+G4     808.304      12  1640.608     1642.583     1678.308
WARNING: Normalizing state frequencies so that sum of them equals to 1
 28  Q.pfam+I+G4   808.332      13  1642.664     1644.982     1683.505
WARNING: Normalizing state frequencies so that sum of them equals to 1
 29  Q.pfam+F      800.346      30  1660.692     1673.977     1754.942
WARNING: Normalizing state frequencies so that sum of them equals to 1
 30  Q.pfam+F+I    798.751      31  1659.502     1673.775     1756.893
WARNING: Normalizing state frequencies so that sum of them equals to 1
 31  Q.pfam+F+G4   798.741      31  1659.482     1673.755     1756.873
WARNING: Normalizing state frequencies so that sum of them equals to 1
 32  Q.pfam+F+I+G4 798.747      32  1661.494     1676.798     1762.027
WARNING: Normalizing state frequencies so that sum of them equals to 1
 33  Q.bird        821.703      11  1665.406     1667.066     1699.964
WARNING: Normalizing state frequencies so that sum of them equals to 1
 34  Q.bird+I      817.770      12  1659.540     1661.515     1697.240
WARNING: Normalizing state frequencies so that sum of them equals to 1
 35  Q.bird+G4     817.500      12  1659.001     1660.975     1696.700
WARNING: Normalizing state frequencies so that sum of them equals to 1
 36  Q.bird+I+G4   817.559      13  1661.118     1663.437     1701.960
WARNING: Normalizing state frequencies so that sum of them equals to 1
 37  Q.bird+F      813.486      30  1686.972     1700.258     1781.222
WARNING: Normalizing state frequencies so that sum of them equals to 1
 38  Q.bird+F+I    808.331      31  1678.663     1692.936     1776.054
WARNING: Normalizing state frequencies so that sum of them equals to 1
 39  Q.bird+F+G4   808.102      31  1678.204     1692.477     1775.596
WARNING: Normalizing state frequencies so that sum of them equals to 1
 40  Q.bird+F+I+G4 808.120      32  1680.241     1695.545     1780.774
WARNING: Normalizing state frequencies so that sum of them equals to 1
 41  Q.mammal      818.270      11  1658.539     1660.200     1693.098
WARNING: Normalizing state frequencies so that sum of them equals to 1
 42  Q.mammal+I    815.902      12  1655.804     1657.779     1693.504
WARNING: Normalizing state frequencies so that sum of them equals to 1
 43  Q.mammal+G4   815.812      12  1655.625     1657.600     1693.325
WARNING: Normalizing state frequencies so that sum of them equals to 1
 44  Q.mammal+I+G4 815.852      13  1657.705     1660.023     1698.547
WARNING: Normalizing state frequencies so that sum of them equals to 1
 45  Q.mammal+F    808.894      30  1677.788     1691.073     1772.037
WARNING: Normalizing state frequencies so that sum of them equals to 1
 46  Q.mammal+F+I  805.577      31  1673.153     1687.427     1770.545
WARNING: Normalizing state frequencies so that sum of them equals to 1
 47  Q.mammal+F+G4 805.526      31  1673.052     1687.325     1770.443
WARNING: Normalizing state frequencies so that sum of them equals to 1
 48  Q.mammal+F+I+G4 805.532      32  1675.063     1690.368     1775.597
 49  Q.insect      812.915      11  1647.830     1649.490     1682.388
 50  Q.insect+I    811.421      12  1646.843     1648.817     1684.543
 51  Q.insect+G4   811.406      12  1646.813     1648.788     1684.513
 52  Q.insect+I+G4 811.418      13  1648.836     1651.154     1689.677
 53  Q.insect+F    798.349      30  1656.697     1669.983     1750.947
 54  Q.insect+F+I  796.518      31  1655.037     1669.310     1752.428
 55  Q.insect+F+G4 796.532      31  1655.064     1669.338     1752.456
 56  Q.insect+F+I+G4 796.517      32  1657.035     1672.339     1757.568
WARNING: Normalizing state frequencies so that sum of them equals to 1
 57  Q.plant       811.348      11  1644.695     1646.355     1679.253
WARNING: Normalizing state frequencies so that sum of them equals to 1
 58  Q.plant+I     808.202      12  1640.405     1642.379     1678.105
WARNING: Normalizing state frequencies so that sum of them equals to 1
 59  Q.plant+G4    808.198      12  1640.395     1642.370     1678.095
WARNING: Normalizing state frequencies so that sum of them equals to 1
 60  Q.plant+I+G4  808.180      13  1642.360     1644.679     1683.202
WARNING: Normalizing state frequencies so that sum of them equals to 1
 61  Q.plant+F     802.172      30  1664.343     1677.629     1758.593
WARNING: Normalizing state frequencies so that sum of them equals to 1
 62  Q.plant+F+I   798.938      31  1659.875     1674.148     1757.267
WARNING: Normalizing state frequencies so that sum of them equals to 1
 63  Q.plant+F+G4  798.899      31  1659.798     1674.071     1757.189
WARNING: Normalizing state frequencies so that sum of them equals to 1
 64  Q.plant+F+I+G4 798.901      32  1661.802     1677.107     1762.336
WARNING: Normalizing state frequencies so that sum of them equals to 1
 65  Q.yeast       820.516      11  1663.032     1664.693     1697.591
WARNING: Normalizing state frequencies so that sum of them equals to 1
 66  Q.yeast+I     818.764      12  1661.529     1663.503     1699.229
WARNING: Normalizing state frequencies so that sum of them equals to 1
 67  Q.yeast+G4    818.766      12  1661.533     1663.507     1699.233
WARNING: Normalizing state frequencies so that sum of them equals to 1
 68  Q.yeast+I+G4  818.760      13  1663.520     1665.839     1704.362
WARNING: Normalizing state frequencies so that sum of them equals to 1
 69  Q.yeast+F     800.092      30  1660.183     1673.469     1754.433
WARNING: Normalizing state frequencies so that sum of them equals to 1
 70  Q.yeast+F+I   797.756      31  1657.511     1671.785     1754.903
WARNING: Normalizing state frequencies so that sum of them equals to 1
 71  Q.yeast+F+G4  797.822      31  1657.645     1671.918     1755.036
WARNING: Normalizing state frequencies so that sum of them equals to 1
 72  Q.yeast+F+I+G4 797.774      32  1659.547     1674.852     1760.080
 73  JTTDCMut      810.956      11  1643.913     1645.573     1678.471
 74  JTTDCMut+I    810.112      12  1644.224     1646.199     1681.924
 75  JTTDCMut+G4   810.205      12  1644.409     1646.384     1682.109
 76  JTTDCMut+I+G4 810.157      13  1646.313     1648.632     1687.155
 77  JTTDCMut+F    801.256      30  1662.511     1675.797     1756.761
 78  JTTDCMut+F+I  800.160      31  1662.320     1676.593     1759.711
 79  JTTDCMut+F+G4 800.273      31  1662.546     1676.820     1759.938
 80  JTTDCMut+F+I+G4 800.169      32  1664.339     1679.643     1764.872
 81  DCMut         816.078      11  1654.155     1655.816     1688.714
 82  DCMut+I       815.193      12  1654.387     1656.362     1692.087
 83  DCMut+G4      815.413      12  1654.826     1656.801     1692.526
 84  DCMut+I+G4    815.244      13  1656.489     1658.807     1697.331
 85  DCMut+F       801.656      30  1663.312     1676.597     1757.562
 86  DCMut+F+I     800.316      31  1662.632     1676.905     1760.023
 87  DCMut+F+G4    800.609      31  1663.218     1677.491     1760.610
 88  DCMut+F+I+G4  800.317      32  1664.635     1679.939     1765.168
 89  VT            814.468      11  1650.935     1652.595     1685.493
 90  VT+I          814.169      12  1652.338     1654.313     1690.038
 91  VT+G4         814.245      12  1652.490     1654.465     1690.190
 92  VT+I+G4       814.443      13  1654.887     1657.205     1695.728
 93  VT+F          803.429      30  1666.858     1680.144     1761.108
 94  VT+F+I        803.062      31  1668.124     1682.397     1765.516
 95  VT+F+G4       803.150      31  1668.299     1682.573     1765.691
 96  VT+F+I+G4     803.280      32  1670.560     1685.865     1771.094
 97  PMB           816.311      11  1654.621     1656.281     1689.179
 98  PMB+I         815.999      12  1655.997     1657.972     1693.697
 99  PMB+G4        816.066      12  1656.133     1658.108     1693.833
100  PMB+I+G4      816.262      13  1658.524     1660.842     1699.365
101  PMB+F         807.169      30  1674.338     1687.624     1768.588
102  PMB+F+I       806.773      31  1675.546     1689.819     1772.937
103  PMB+F+G4      806.860      31  1675.720     1689.993     1773.111
104  PMB+F+I+G4    806.974      32  1677.947     1693.252     1778.481
105  Blosum62      815.896      11  1653.792     1655.452     1688.350
106  Blosum62+I    815.456      12  1654.912     1656.887     1692.612
107  Blosum62+G4   815.569      12  1655.137     1657.112     1692.837
108  Blosum62+I+G4 815.633      13  1657.267     1659.585     1698.109
109  Blosum62+F    806.414      30  1672.828     1686.114     1767.078
110  Blosum62+F+I  805.870      31  1673.741     1688.014     1771.132
111  Blosum62+F+G4 806.010      31  1674.021     1688.294     1771.412
112  Blosum62+F+I+G4 805.996      32  1675.991     1691.296     1776.524
113  Dayhoff       816.114      11  1654.228     1655.889     1688.786
114  Dayhoff+I     815.207      12  1654.414     1656.389     1692.114
115  Dayhoff+G4    815.428      12  1654.857     1656.831     1692.557
116  Dayhoff+I+G4  815.254      13  1656.508     1658.826     1697.349
117  Dayhoff+F     801.715      30  1663.430     1676.716     1757.680
118  Dayhoff+F+I   800.344      31  1662.688     1676.961     1760.080
119  Dayhoff+F+G4  800.640      31  1663.280     1677.553     1760.671
120  Dayhoff+F+I+G4 800.345      32  1664.690     1679.995     1765.224
121  mtREV         877.371      11  1776.742     1778.402     1811.300
122  mtREV+I       871.580      12  1767.160     1769.135     1804.860
123  mtREV+G4      870.818      12  1765.636     1767.610     1803.336
124  mtREV+I+G4    870.912      13  1767.824     1770.143     1808.666
125  mtREV+F       810.836      30  1681.673     1694.958     1775.923
126  mtREV+F+I     805.983      31  1673.966     1688.239     1771.357
127  mtREV+F+G4    805.724      31  1673.447     1687.720     1770.839
128  mtREV+F+I+G4  805.737      32  1675.473     1690.777     1776.006
129  mtART         885.361      11  1792.722     1794.383     1827.281
130  mtART+I       871.409      12  1766.818     1768.793     1804.518
131  mtART+G4      869.288      12  1762.576     1764.551     1800.276
132  mtART+I+G4    869.476      13  1764.952     1767.271     1805.794
133  mtART+F       819.589      30  1699.178     1712.464     1793.428
134  mtART+F+I     808.247      31  1678.495     1692.768     1775.886
135  mtART+F+G4    806.844      31  1675.689     1689.962     1773.080
136  mtART+F+I+G4  807.030      32  1678.061     1693.365     1778.594
137  mtZOA         864.034      11  1750.068     1751.728     1784.626
138  mtZOA+I       854.158      12  1732.317     1734.291     1770.017
139  mtZOA+G4      853.284      12  1730.567     1732.542     1768.267
140  mtZOA+I+G4    853.439      13  1732.878     1735.197     1773.720
141  mtZOA+F       810.207      30  1680.414     1693.700     1774.664
142  mtZOA+F+I     802.771      31  1667.541     1681.815     1764.933
143  mtZOA+F+G4    802.541      31  1667.082     1681.355     1764.473
144  mtZOA+F+I+G4  802.596      32  1669.192     1684.496     1769.725
145  mtMet         887.410      11  1796.819     1798.480     1831.378
146  mtMet+I       879.353      12  1782.706     1784.681     1820.406
147  mtMet+G4      878.964      12  1781.928     1783.903     1819.628
148  mtMet+I+G4    879.046      13  1784.093     1786.411     1824.934
149  mtMet+F       814.055      30  1688.110     1701.395     1782.360
150  mtMet+F+I     806.672      31  1675.343     1689.617     1772.735
151  mtMet+F+G4    806.715      31  1675.430     1689.703     1772.822
152  mtMet+F+I+G4  806.729      32  1677.458     1692.762     1777.991
153  mtVer         893.642      11  1809.284     1810.945     1843.843
154  mtVer+I       881.197      12  1786.395     1788.369     1824.095
155  mtVer+G4      880.004      12  1784.008     1785.983     1821.708
156  mtVer+I+G4    880.079      13  1786.159     1788.477     1827.000
157  mtVer+F       821.976      30  1703.952     1717.237     1798.201
158  mtVer+F+I     811.687      31  1685.374     1699.647     1782.766
159  mtVer+F+G4    811.207      31  1684.414     1698.687     1781.805
160  mtVer+F+I+G4  811.272      32  1686.545     1701.849     1787.078
161  mtInv         893.274      11  1808.549     1810.209     1843.107
162  mtInv+I       888.075      12  1800.151     1802.126     1837.851
163  mtInv+G4      887.939      12  1799.879     1801.854     1837.579
164  mtInv+I+G4    887.987      13  1801.973     1804.292     1842.815
165  mtInv+F       809.530      30  1679.060     1692.346     1773.310
166  mtInv+F+I     804.658      31  1671.315     1685.589     1768.707
167  mtInv+F+G4    804.888      31  1671.775     1686.048     1769.167
168  mtInv+F+I+G4  804.835      32  1673.671     1688.975     1774.204
169  mtMAM         895.320      11  1812.640     1814.300     1847.198
170  mtMAM+I       878.188      12  1780.376     1782.351     1818.076
171  mtMAM+G4      875.628      12  1775.255     1777.230     1812.955
172  mtMAM+I+G4    875.638      13  1777.276     1779.594     1818.117
173  mtMAM+F       824.517      30  1709.033     1722.319     1803.283
174  mtMAM+F+I     811.109      31  1684.218     1698.492     1781.610
175  mtMAM+F+G4    809.867      31  1681.734     1696.007     1779.126
176  mtMAM+F+I+G4  809.917      32  1683.833     1699.137     1784.366
WARNING: Normalizing state frequencies so that sum of them equals to 1
177  FLAVI         830.071      11  1682.142     1683.802     1716.700
WARNING: Normalizing state frequencies so that sum of them equals to 1
178  FLAVI+I       822.332      12  1668.665     1670.640     1706.365
WARNING: Normalizing state frequencies so that sum of them equals to 1
179  FLAVI+G4      821.325      12  1666.650     1668.625     1704.350
WARNING: Normalizing state frequencies so that sum of them equals to 1
180  FLAVI+I+G4    821.483      13  1668.965     1671.284     1709.807
WARNING: Normalizing state frequencies so that sum of them equals to 1
181  FLAVI+F       816.937      30  1693.874     1707.159     1788.124
WARNING: Normalizing state frequencies so that sum of them equals to 1
182  FLAVI+F+I     808.848      31  1679.695     1693.968     1777.087
WARNING: Normalizing state frequencies so that sum of them equals to 1
183  FLAVI+F+G4    808.074      31  1678.147     1692.421     1775.539
WARNING: Normalizing state frequencies so that sum of them equals to 1
184  FLAVI+F+I+G4  808.196      32  1680.391     1695.696     1780.925
185  HIVb          825.072      11  1672.145     1673.805     1706.703
186  HIVb+I        820.718      12  1665.435     1667.410     1703.135
187  HIVb+G4       820.393      12  1664.786     1666.761     1702.486
188  HIVb+I+G4     820.470      13  1666.941     1669.259     1707.783
189  HIVb+F        815.369      30  1690.738     1704.023     1784.987
190  HIVb+F+I      810.331      31  1682.662     1696.936     1780.054
191  HIVb+F+G4     810.012      31  1682.024     1696.297     1779.415
192  HIVb+F+I+G4   810.079      32  1684.157     1699.462     1784.690
193  HIVw          858.057      11  1738.114     1739.774     1772.672
194  HIVw+I        853.231      12  1730.463     1732.437     1768.163
195  HIVw+G4       852.317      12  1728.634     1730.608     1766.334
196  HIVw+I+G4     852.495      13  1730.991     1733.309     1771.833
197  HIVw+F        826.531      30  1713.061     1726.347     1807.311
198  HIVw+F+I      819.816      31  1701.632     1715.906     1799.024
199  HIVw+F+G4     819.176      31  1700.352     1714.625     1797.743
200  HIVw+F+I+G4   819.266      32  1702.531     1717.835     1803.064
201  FLU           829.777      11  1681.553     1683.214     1716.111
202  FLU+I         826.049      12  1676.098     1678.073     1713.798
203  FLU+G4        825.687      12  1675.374     1677.349     1713.074
204  FLU+I+G4      825.811      13  1677.622     1679.940     1718.464
205  FLU+F         809.964      30  1679.928     1693.214     1774.178
206  FLU+F+I       805.062      31  1672.125     1686.398     1769.516
207  FLU+F+G4      804.500      31  1671.000     1685.273     1768.391
208  FLU+F+I+G4    804.632      32  1673.264     1688.568     1773.797
209  rtREV         816.942      11  1655.884     1657.545     1690.443
210  rtREV+I       815.592      12  1655.184     1657.159     1692.884
211  rtREV+G4      815.758      12  1655.516     1657.491     1693.216
212  rtREV+I+G4    815.595      13  1657.190     1659.509     1698.032
213  rtREV+F       801.416      30  1662.833     1676.119     1757.083
214  rtREV+F+I     799.566      31  1661.133     1675.406     1758.525
215  rtREV+F+G4    799.752      31  1661.504     1675.777     1758.895
216  rtREV+F+I+G4  799.580      32  1663.160     1678.464     1763.693
217  cpREV         818.343      11  1658.686     1660.347     1693.244
218  cpREV+I       816.703      12  1657.406     1659.381     1695.106
219  cpREV+G4      816.993      12  1657.985     1659.960     1695.685
220  cpREV+I+G4    816.712      13  1659.424     1661.743     1700.266
221  cpREV+F       807.190      30  1674.380     1687.665     1768.629
222  cpREV+F+I     805.361      31  1672.722     1686.995     1770.113
223  cpREV+F+G4    805.695      31  1673.391     1687.664     1770.782
224  cpREV+F+I+G4  805.378      32  1674.757     1690.061     1775.290
Akaike Information Criterion:           LG+G4
Corrected Akaike Information Criterion: LG+G4
Bayesian Information Criterion:         LG
Best-fit model: LG chosen according to BIC

All model information printed to ../results/molecular_evolution_analyses/phylogenetic_trees/F109180_MLIG_G1/F109180_MLIG_G1.model.gz
CPU time for ModelFinder: 3.043 seconds (0h:0m:3s)
Wall-clock time for ModelFinder: 3.061 seconds (0h:0m:3s)
Generating 1000 samples for ultrafast bootstrap (seed: 719985)...

NOTE: 0 MB RAM (0 GB) is required!
Estimate model parameters (epsilon = 0.100)
1. Initial log-likelihood: -807.758
Optimal log-likelihood: -807.758
Parameters optimization took 1 rounds (0.001 sec)
Wrote distance file to... 
Computing ML distances based on estimated model parameters...
Calculating distance matrix: done in 0.00283003 secs using 99.47% CPU
Computing ML distances took 0.002888 sec (of wall-clock time) 0.002871 sec (of CPU time)
Setting up auxiliary I and S matrices: done in 2.90871e-05 secs using 96.26% CPU
Constructing RapidNJ tree: done in 2.40803e-05 secs using 157.8% CPU
Computing RapidNJ tree took 0.000105 sec (of wall-clock time) 0.000377 sec (of CPU time)
Log-likelihood of RapidNJ tree: -807.759
--------------------------------------------------------------------
|             INITIALIZING CANDIDATE TREE SET                      |
--------------------------------------------------------------------
Generating 98 parsimony trees... 0.026 second
Computing log-likelihood of 51 initial trees ... 0.026 seconds
Current best score: -807.758

Do NNI search on 20 best initial trees
Optimizing NNI: done in 0.00231504 secs using 200% CPU
Estimate model parameters (epsilon = 0.100)
BETTER TREE FOUND at iteration 1: -807.758
Optimizing NNI: done in 0.00220895 secs using 199.7% CPU
Optimizing NNI: done in 0.00396895 secs using 195% CPU
Optimizing NNI: done in 0.0044291 secs using 200.3% CPU
Optimizing NNI: done in 0.00443602 secs using 199.3% CPU
Optimizing NNI: done in 0.00390315 secs using 200.2% CPU
Optimizing NNI: done in 0.00387096 secs using 196% CPU
Optimizing NNI: done in 0.00449204 secs using 199.3% CPU
Optimizing NNI: done in 0.00437188 secs using 195.9% CPU
Optimizing NNI: done in 0.00770116 secs using 199.8% CPU
Iteration 10 / LogL: -807.758 / Time: 0h:0m:0s
Optimizing NNI: done in 0.00763392 secs using 197.4% CPU
UPDATE BEST LOG-LIKELIHOOD: -807.758
Optimizing NNI: done in 0.00774598 secs using 196.9% CPU
UPDATE BEST LOG-LIKELIHOOD: -807.758
Optimizing NNI: done in 0.00777602 secs using 199.5% CPU
Optimizing NNI: done in 0.00773907 secs using 197.3% CPU
Optimizing NNI: done in 0.00213718 secs using 200.3% CPU
Optimizing NNI: done in 0.00770903 secs using 197.6% CPU
Optimizing NNI: done in 0.00214005 secs using 199.6% CPU
Optimizing NNI: done in 0.00211596 secs using 199.6% CPU
Optimizing NNI: done in 0.00768805 secs using 199.7% CPU
UPDATE BEST LOG-LIKELIHOOD: -807.758
Optimizing NNI: done in 0.00210094 secs using 191.3% CPU
Iteration 20 / LogL: -818.825 / Time: 0h:0m:0s
Finish initializing candidate tree set (4)
Current best tree score: -807.758 / CPU time: 0.160
Number of iterations: 20
--------------------------------------------------------------------
|               OPTIMIZING CANDIDATE TREE SET                      |
--------------------------------------------------------------------
Optimizing NNI: done in 0.0128849 secs using 197.9% CPU
Optimizing NNI: done in 0.00209308 secs using 200.1% CPU
Optimizing NNI: done in 0.00411701 secs using 199% CPU
Optimizing NNI: done in 0.00605798 secs using 130.8% CPU
Optimizing NNI: done in 0.00585318 secs using 99.76% CPU
Optimizing NNI: done in 0.004143 secs using 99.73% CPU
UPDATE BEST LOG-LIKELIHOOD: -807.758
Optimizing NNI: done in 0.00215912 secs using 99.39% CPU
UPDATE BEST LOG-LIKELIHOOD: -807.758
Optimizing NNI: done in 0.00408602 secs using 99.63% CPU
Optimizing NNI: done in 0.00944686 secs using 99.83% CPU
Optimizing NNI: done in 0.00784993 secs using 99.73% CPU
Iteration 30 / LogL: -807.758 / Time: 0h:0m:0s (0h:0m:0s left)
Optimizing NNI: done in 0.00406599 secs using 99.73% CPU
Optimizing NNI: done in 0.0121419 secs using 99.66% CPU
Optimizing NNI: done in 0.00219893 secs using 100% CPU
Optimizing NNI: done in 0.00854087 secs using 99.86% CPU
Optimizing NNI: done in 0.00964499 secs using 99.84% CPU
Optimizing NNI: done in 0.0119591 secs using 99.84% CPU
Optimizing NNI: done in 0.00413203 secs using 100% CPU
Optimizing NNI: done in 0.00767994 secs using 100% CPU
Optimizing NNI: done in 0.00416398 secs using 99.74% CPU
Optimizing NNI: done in 0.00618386 secs using 99.99% CPU
Iteration 40 / LogL: -807.758 / Time: 0h:0m:0s (0h:0m:0s left)
Optimizing NNI: done in 0.00840902 secs using 99.99% CPU
Optimizing NNI: done in 0.00721312 secs using 99.8% CPU
Optimizing NNI: done in 0.00214887 secs using 100% CPU
Optimizing NNI: done in 0.00564694 secs using 99.98% CPU
Optimizing NNI: done in 0.00602412 secs using 100% CPU
Optimizing NNI: done in 0.00969982 secs using 100% CPU
Optimizing NNI: done in 0.00982499 secs using 99.89% CPU
Optimizing NNI: done in 0.00977993 secs using 99.86% CPU
Optimizing NNI: done in 0.00176692 secs using 100.1% CPU
Optimizing NNI: done in 0.00495386 secs using 99.74% CPU
Iteration 50 / LogL: -818.825 / Time: 0h:0m:0s (0h:0m:0s left)
Log-likelihood cutoff on original alignment: -818.844
Optimizing NNI: done in 0.00423694 secs using 99.58% CPU
Optimizing NNI: done in 0.00213695 secs using 99.96% CPU
Optimizing NNI: done in 0.010262 secs using 99.86% CPU
Optimizing NNI: done in 0.00721288 secs using 99.97% CPU
Optimizing NNI: done in 0.00880313 secs using 99.99% CPU
Optimizing NNI: done in 0.00214005 secs using 100% CPU
Optimizing NNI: done in 0.013304 secs using 99.8% CPU
WARNING: NNI search needs unusual large number of steps (7) to converge!
Optimizing NNI: done in 0.006392 secs using 99.98% CPU
Optimizing NNI: done in 0.0058589 secs using 100% CPU
Optimizing NNI: done in 0.00179601 secs using 100% CPU
Iteration 60 / LogL: -818.825 / Time: 0h:0m:0s (0h:0m:0s left)
Optimizing NNI: done in 0.00218201 secs using 99.4% CPU
Optimizing NNI: done in 0.00212097 secs using 100% CPU
Optimizing NNI: done in 0.0102 secs using 99.75% CPU
Optimizing NNI: done in 0.002038 secs using 99.31% CPU
Optimizing NNI: done in 0.00215197 secs using 100% CPU
Optimizing NNI: done in 0.00424314 secs using 99.69% CPU
Optimizing NNI: done in 0.00214911 secs using 100% CPU
Optimizing NNI: done in 0.008497 secs using 99.82% CPU
Optimizing NNI: done in 0.012044 secs using 99.87% CPU
Optimizing NNI: done in 0.00211382 secs using 99.96% CPU
Iteration 70 / LogL: -818.825 / Time: 0h:0m:0s (0h:0m:0s left)
Optimizing NNI: done in 0.00425005 secs using 99.62% CPU
Optimizing NNI: done in 0.00221181 secs using 99.38% CPU
Optimizing NNI: done in 0.00210094 secs using 100% CPU
Optimizing NNI: done in 0.00413203 secs using 99.98% CPU
Optimizing NNI: done in 0.00634408 secs using 99.75% CPU
Optimizing NNI: done in 0.00947595 secs using 100% CPU
Optimizing NNI: done in 0.00215602 secs using 99.95% CPU
Optimizing NNI: done in 0.00839901 secs using 100% CPU
Optimizing NNI: done in 0.00176597 secs using 100% CPU
Optimizing NNI: done in 0.00965309 secs using 100% CPU
Iteration 80 / LogL: -807.759 / Time: 0h:0m:0s (0h:0m:0s left)
Optimizing NNI: done in 0.00803685 secs using 100% CPU
Optimizing NNI: done in 0.00769806 secs using 99.8% CPU
Optimizing NNI: done in 0.00217795 secs using 100% CPU
Optimizing NNI: done in 0.00217891 secs using 100.1% CPU
Optimizing NNI: done in 0.00973415 secs using 99.88% CPU
Optimizing NNI: done in 0.00800204 secs using 99.86% CPU
Optimizing NNI: done in 0.00215888 secs using 99.96% CPU
Optimizing NNI: done in 0.00172496 secs using 100% CPU
Optimizing NNI: done in 0.00210714 secs using 100% CPU
Optimizing NNI: done in 0.00792193 secs using 99.89% CPU
Iteration 90 / LogL: -807.758 / Time: 0h:0m:0s (0h:0m:0s left)
Optimizing NNI: done in 0.00371099 secs using 100% CPU
Optimizing NNI: done in 0.00592899 secs using 99.73% CPU
Optimizing NNI: done in 0.00601697 secs using 99.98% CPU
Optimizing NNI: done in 0.00773501 secs using 99.82% CPU
Optimizing NNI: done in 0.00996304 secs using 99.86% CPU
Optimizing NNI: done in 0.00426197 secs using 99.63% CPU
Optimizing NNI: done in 0.0021112 secs using 99.9% CPU
Optimizing NNI: done in 0.00217199 secs using 100% CPU
Optimizing NNI: done in 0.00201011 secs using 99.99% CPU
Optimizing NNI: done in 0.00215101 secs using 100% CPU
Iteration 100 / LogL: -807.758 / Time: 0h:0m:1s (0h:0m:0s left)
Log-likelihood cutoff on original alignment: -819.001
NOTE: Bootstrap correlation coefficient of split occurrence frequencies: 0.998
Optimizing NNI: done in 0.00980806 secs using 99.82% CPU
Optimizing NNI: done in 0.00361514 secs using 100% CPU
TREE SEARCH COMPLETED AFTER 102 ITERATIONS / Time: 0h:0m:1s

--------------------------------------------------------------------
|                    FINALIZING TREE SEARCH                        |
--------------------------------------------------------------------
Performs final model parameters optimization
Estimate model parameters (epsilon = 0.010)
1. Initial log-likelihood: -807.758
Optimal log-likelihood: -807.758
Parameters optimization took 1 rounds (0.001 sec)
BEST SCORE FOUND : -807.758

Testing tree branches by SH-like aLRT with 1000 replicates...
0.019 sec.
Creating bootstrap support values...
Split supports printed to NEXUS file ../results/molecular_evolution_analyses/phylogenetic_trees/F109180_MLIG_G1/F109180_MLIG_G1.splits.nex
Total tree length: 0.472

Total number of iterations: 102
CPU time used for tree search: 1.237 sec (0h:0m:1s)
Wall-clock time used for tree search: 1.054 sec (0h:0m:1s)
Total CPU time used: 1.296 sec (0h:0m:1s)
Total wall-clock time used: 1.112 sec (0h:0m:1s)

Computing bootstrap consensus tree...
Reading input file ../results/molecular_evolution_analyses/phylogenetic_trees/F109180_MLIG_G1/F109180_MLIG_G1.splits.nex...
7 taxa and 18 splits.
Consensus tree written to ../results/molecular_evolution_analyses/phylogenetic_trees/F109180_MLIG_G1/F109180_MLIG_G1.contree
Reading input trees file ../results/molecular_evolution_analyses/phylogenetic_trees/F109180_MLIG_G1/F109180_MLIG_G1.contree
Log-likelihood of consensus tree: -807.759

Analysis results written to: 
  IQ-TREE report:                ../results/molecular_evolution_analyses/phylogenetic_trees/F109180_MLIG_G1/F109180_MLIG_G1.iqtree
  Maximum-likelihood tree:       ../results/molecular_evolution_analyses/phylogenetic_trees/F109180_MLIG_G1/F109180_MLIG_G1.treefile
  Likelihood distances:          ../results/molecular_evolution_analyses/phylogenetic_trees/F109180_MLIG_G1/F109180_MLIG_G1.mldist

Ultrafast bootstrap approximation results written to:
  Split support values:          ../results/molecular_evolution_analyses/phylogenetic_trees/F109180_MLIG_G1/F109180_MLIG_G1.splits.nex
  Consensus tree:                ../results/molecular_evolution_analyses/phylogenetic_trees/F109180_MLIG_G1/F109180_MLIG_G1.contree
  Screen log file:               ../results/molecular_evolution_analyses/phylogenetic_trees/F109180_MLIG_G1/F109180_MLIG_G1.log

Date and Time: Thu Mar 28 11:15:03 2024
