IQ-TREE multicore version 2.2.2.6 COVID-edition for Linux 64-bit built May 27 2023
Developed by Bui Quang Minh, James Barbetti, Nguyen Lam Tung,
Olga Chernomor, Heiko Schmidt, Dominik Schrempf, Michael Woodhams, Ly Trong Nhan.

Host:    lbc5 (AVX2, FMA3, 125 GB RAM)
Command: /home/mauricio/mauricio_PROGRAMAS/iqtree-2.2.2.6-Linux/bin/iqtree2 -s ../results/molecular_evolution_analyses/alignments_gblocks/F11174_SMED_G1/F11174_SMED_G1.aln.gblo -m TEST --threads-max 32 --alrt 1000 --ufboot 1000 --prefix ../results/molecular_evolution_analyses/phylogenetic_trees/F11174_SMED_G1/F11174_SMED_G1
Seed:    242517 (Using SPRNG - Scalable Parallel Random Number Generator)
Time:    Thu Mar 28 11:17:22 2024
Kernel:  AVX+FMA - 1 threads (32 CPU cores detected)

HINT: Use -nt option to specify number of threads because your CPU has 32 cores!
HINT: -nt AUTO will automatically determine the best number of threads to use.

Reading alignment file ../results/molecular_evolution_analyses/alignments_gblocks/F11174_SMED_G1/F11174_SMED_G1.aln.gblo ... Fasta format detected
Reading fasta file: done in 3.88622e-05 secs
Alignment most likely contains protein sequences
Constructing alignment: done in 4.60148e-05 secs
Alignment has 10 sequences with 31 columns, 23 distinct patterns
1 parsimony-informative, 11 singleton sites, 19 constant sites
            Gap/Ambiguity  Composition  p-value
Analyzing sequences: done in 5.96046e-06 secs
   1  Smed.14235    0.00%    passed     77.03%
   2  Smed.7630     0.00%    passed     99.97%
   3  Smed.14918    0.00%    passed    100.00%
   4  Smed.9768     0.00%    passed     99.90%
   5  Smed.15163    0.00%    passed     91.28%
   6  Smed.8230     0.00%    passed    100.00%
   7  Smed.12547    0.00%    passed    100.00%
   8  Smed.3118     0.00%    passed    100.00%
   9  Smed.11845    0.00%    passed    100.00%
  10  Smed.17540    0.00%    passed    100.00%
****  TOTAL         0.00%  0 sequences failed composition chi2 test (p-value<5%; df=17)
NOTE: Smed.11845 is identical to Smed.12547 but kept for subsequent analysis
Checking for duplicate sequences: done in 2.81334e-05 secs


Create initial parsimony tree by phylogenetic likelihood library (PLL)... 0.000 seconds
Perform fast likelihood tree search using LG+I+G model...
Estimate model parameters (epsilon = 5.000)
Perform nearest neighbor interchange...
Optimizing NNI: done in 0.00420308 secs using 99.78% CPU
Estimate model parameters (epsilon = 1.000)
1. Initial log-likelihood: -198.865
Optimal log-likelihood: -198.828
Proportion of invariable sites: 0.269
Gamma shape alpha: 998.441
Parameters optimization took 1 rounds (0.005 sec)
Time for fast ML tree search: 0.017 seconds

NOTE: ModelFinder requires 0 MB RAM!
ModelFinder will test up to 224 protein models (sample size: 31) ...
 No. Model         -LnL         df  AIC          AICc         BIC
  1  LG            198.630      17  431.260      478.337      455.638
  2  LG+I          198.626      18  433.251      490.251      459.063
  3  LG+G4         198.630      18  433.260      490.260      459.072
  4  LG+I+G4       198.800      19  435.600      504.691      462.846
  5  LG+F          192.236      36  456.473      3120.473     508.096
  6  LG+F+I        192.069      37  458.138      3270.138     511.195
  7  LG+F+G4       192.144      37  458.287      3270.287     511.345
  8  LG+F+I+G4     192.083      38  460.166      3424.166     514.658
  9  WAG           195.681      17  425.362      472.439      449.740
 10  WAG+I         195.670      18  427.340      484.340      453.152
 11  WAG+G4        195.681      18  427.362      484.362      453.174
 12  WAG+I+G4      195.810      19  429.621      498.712      456.866
 13  WAG+F         188.539      36  449.077      3113.077     500.701
 14  WAG+F+I       188.373      37  450.746      3262.746     503.804
 15  WAG+F+G4      188.439      37  450.878      3262.878     503.935
 16  WAG+F+I+G4    188.386      38  452.771      3416.771     507.263
 17  JTT           192.287      17  418.574      465.651      442.952
 18  JTT+I         192.287      18  420.574      477.574      446.386
 19  JTT+G4        192.287      18  420.574      477.574      446.386
 20  JTT+I+G4      192.520      19  423.040      492.130      450.285
 21  JTT+F         185.593      36  443.187      3107.187     494.811
 22  JTT+F+I       185.456      37  444.912      3256.912     497.969
 23  JTT+F+G4      185.526      37  445.052      3257.052     498.109
 24  JTT+F+I+G4    185.476      38  446.951      3410.951     501.443
WARNING: Normalizing state frequencies so that sum of them equals to 1
 25  Q.pfam        197.201      17  428.402      475.479      452.780
WARNING: Normalizing state frequencies so that sum of them equals to 1
 26  Q.pfam+I      197.201      18  430.402      487.402      456.214
WARNING: Normalizing state frequencies so that sum of them equals to 1
 27  Q.pfam+G4     197.201      18  430.403      487.403      456.215
WARNING: Normalizing state frequencies so that sum of them equals to 1
 28  Q.pfam+I+G4   197.440      19  432.880      501.971      460.126
WARNING: Normalizing state frequencies so that sum of them equals to 1
 29  Q.pfam+F      190.864      36  453.727      3117.727     505.351
WARNING: Normalizing state frequencies so that sum of them equals to 1
 30  Q.pfam+F+I    190.798      37  455.596      3267.596     508.653
WARNING: Normalizing state frequencies so that sum of them equals to 1
 31  Q.pfam+F+G4   190.854      37  455.709      3267.709     508.766
WARNING: Normalizing state frequencies so that sum of them equals to 1
 32  Q.pfam+F+I+G4 190.855      38  457.710      3421.710     512.202
WARNING: Normalizing state frequencies so that sum of them equals to 1
 33  Q.bird        190.472      17  414.943      462.020      439.321
WARNING: Normalizing state frequencies so that sum of them equals to 1
 34  Q.bird+I      190.469      18  416.938      473.938      442.750
WARNING: Normalizing state frequencies so that sum of them equals to 1
 35  Q.bird+G4     190.472      18  416.944      473.944      442.756
WARNING: Normalizing state frequencies so that sum of them equals to 1
 36  Q.bird+I+G4   190.663      19  419.326      488.417      446.572
WARNING: Normalizing state frequencies so that sum of them equals to 1
 37  Q.bird+F      185.275      36  442.550      3106.550     494.174
WARNING: Normalizing state frequencies so that sum of them equals to 1
 38  Q.bird+F+I    185.099      37  444.199      3256.199     497.256
WARNING: Normalizing state frequencies so that sum of them equals to 1
 39  Q.bird+F+G4   185.175      37  444.350      3256.350     497.407
WARNING: Normalizing state frequencies so that sum of them equals to 1
 40  Q.bird+F+I+G4 185.110      38  446.220      3410.220     500.711
WARNING: Normalizing state frequencies so that sum of them equals to 1
 41  Q.mammal      189.915      17  413.831      460.907      438.208
WARNING: Normalizing state frequencies so that sum of them equals to 1
 42  Q.mammal+I    189.915      18  415.830      472.830      441.641
WARNING: Normalizing state frequencies so that sum of them equals to 1
 43  Q.mammal+G4   189.916      18  415.831      472.831      441.643
WARNING: Normalizing state frequencies so that sum of them equals to 1
 44  Q.mammal+I+G4 190.127      19  418.255      487.346      445.500
WARNING: Normalizing state frequencies so that sum of them equals to 1
 45  Q.mammal+F    184.791      36  441.582      3105.582     493.205
WARNING: Normalizing state frequencies so that sum of them equals to 1
 46  Q.mammal+F+I  184.675      37  443.350      3255.350     496.407
WARNING: Normalizing state frequencies so that sum of them equals to 1
 47  Q.mammal+F+G4 184.745      37  443.490      3255.490     496.548
WARNING: Normalizing state frequencies so that sum of them equals to 1
 48  Q.mammal+F+I+G4 184.703      38  445.407      3409.407     499.898
 49  Q.insect      195.181      17  424.361      471.438      448.739
 50  Q.insect+I    195.181      18  426.361      483.361      452.173
 51  Q.insect+G4   195.181      18  426.362      483.362      452.174
 52  Q.insect+I+G4 195.428      19  428.856      497.947      456.102
 53  Q.insect+F    189.357      36  450.714      3114.714     502.338
 54  Q.insect+F+I  189.275      37  452.550      3264.550     505.608
 55  Q.insect+F+G4 189.349      37  452.697      3264.697     505.755
 56  Q.insect+F+I+G4 189.327      38  454.654      3418.654     509.145
WARNING: Normalizing state frequencies so that sum of them equals to 1
 57  Q.plant       193.864      17  421.728      468.805      446.106
WARNING: Normalizing state frequencies so that sum of them equals to 1
 58  Q.plant+I     193.863      18  423.727      480.727      449.539
WARNING: Normalizing state frequencies so that sum of them equals to 1
 59  Q.plant+G4    193.864      18  423.728      480.728      449.540
WARNING: Normalizing state frequencies so that sum of them equals to 1
 60  Q.plant+I+G4  194.071      19  426.142      495.233      453.387
WARNING: Normalizing state frequencies so that sum of them equals to 1
 61  Q.plant+F     189.084      36  450.168      3114.168     501.792
WARNING: Normalizing state frequencies so that sum of them equals to 1
 62  Q.plant+F+I   188.910      37  451.820      3263.820     504.877
WARNING: Normalizing state frequencies so that sum of them equals to 1
 63  Q.plant+F+G4  189.048      37  452.097      3264.097     505.154
WARNING: Normalizing state frequencies so that sum of them equals to 1
 64  Q.plant+F+I+G4 188.922      38  453.843      3417.843     508.335
WARNING: Normalizing state frequencies so that sum of them equals to 1
 65  Q.yeast       195.683      17  425.367      472.444      449.744
WARNING: Normalizing state frequencies so that sum of them equals to 1
 66  Q.yeast+I     195.683      18  427.367      484.367      453.178
WARNING: Normalizing state frequencies so that sum of them equals to 1
 67  Q.yeast+G4    195.684      18  427.367      484.367      453.179
WARNING: Normalizing state frequencies so that sum of them equals to 1
 68  Q.yeast+I+G4  195.965      19  429.929      499.020      457.175
WARNING: Normalizing state frequencies so that sum of them equals to 1
 69  Q.yeast+F     189.576      36  451.152      3115.152     502.776
WARNING: Normalizing state frequencies so that sum of them equals to 1
 70  Q.yeast+F+I   189.510      37  453.020      3265.020     506.077
WARNING: Normalizing state frequencies so that sum of them equals to 1
 71  Q.yeast+F+G4  189.570      37  453.140      3265.140     506.198
WARNING: Normalizing state frequencies so that sum of them equals to 1
 72  Q.yeast+F+I+G4 189.577      38  455.154      3419.154     509.645
 73  JTTDCMut      192.618      17  419.235      466.312      443.613
 74  JTTDCMut+I    192.618      18  421.235      478.235      447.047
 75  JTTDCMut+G4   192.618      18  421.236      478.236      447.047
 76  JTTDCMut+I+G4 192.794      19  423.588      492.679      450.834
 77  JTTDCMut+F    185.806      36  443.612      3107.612     495.235
 78  JTTDCMut+F+I  185.650      37  445.301      3257.301     498.358
 79  JTTDCMut+F+G4 185.723      37  445.445      3257.445     498.503
 80  JTTDCMut+F+I+G4 185.662      38  447.324      3411.324     501.816
 81  DCMut         199.897      17  433.794      480.871      458.172
 82  DCMut+I       199.618      18  435.237      492.237      461.048
 83  DCMut+G4      199.802      18  435.603      492.603      461.415
 84  DCMut+I+G4    199.622      19  437.245      506.336      464.490
 85  DCMut+F       191.932      36  455.864      3119.864     507.487
 86  DCMut+F+I     190.934      37  455.868      3267.868     508.925
 87  DCMut+F+G4    191.185      37  456.370      3268.370     509.428
 88  DCMut+F+I+G4  191.003      38  458.005      3422.005     512.497
 89  VT            192.633      17  419.265      466.342      443.643
 90  VT+I          192.632      18  421.264      478.264      447.076
 91  VT+G4         192.633      18  421.265      478.265      447.077
 92  VT+I+G4       192.847      19  423.694      492.785      450.939
 93  VT+F          186.431      36  444.863      3108.863     496.486
 94  VT+F+I        186.375      37  446.751      3258.751     499.808
 95  VT+F+G4       186.415      37  446.830      3258.830     499.887
 96  VT+F+I+G4     186.447      38  448.894      3412.894     503.386
 97  PMB           193.462      17  420.925      468.002      445.303
 98  PMB+I         193.437      18  422.873      479.873      448.685
 99  PMB+G4        193.445      18  422.891      479.891      448.703
100  PMB+I+G4      193.560      19  425.120      494.211      452.366
101  PMB+F         187.945      36  447.891      3111.891     499.514
102  PMB+F+I       187.840      37  449.680      3261.680     502.737
103  PMB+F+G4      187.879      37  449.758      3261.758     502.816
104  PMB+F+I+G4    187.876      38  451.753      3415.753     506.244
105  Blosum62      194.134      17  422.267      469.344      446.645
106  Blosum62+I    194.127      18  424.254      481.254      450.066
107  Blosum62+G4   194.130      18  424.259      481.259      450.071
108  Blosum62+I+G4 194.314      19  426.629      495.720      453.874
109  Blosum62+F    188.388      36  448.777      3112.777     500.400
110  Blosum62+F+I  188.318      37  450.637      3262.637     503.694
111  Blosum62+F+G4 188.371      37  450.743      3262.743     503.800
112  Blosum62+F+I+G4 188.385      38  452.771      3416.771     507.262
113  Dayhoff       199.975      17  433.950      481.027      458.328
114  Dayhoff+I     199.694      18  435.387      492.387      461.199
115  Dayhoff+G4    199.880      18  435.760      492.760      461.571
116  Dayhoff+I+G4  199.698      19  437.395      506.486      464.641
117  Dayhoff+F     192.014      36  456.027      3120.027     507.651
118  Dayhoff+F+I   191.006      37  456.012      3268.012     509.070
119  Dayhoff+F+G4  191.264      37  456.529      3268.529     509.587
120  Dayhoff+F+I+G4 191.076      38  458.151      3422.151     512.643
121  mtREV         198.937      17  431.874      478.951      456.252
122  mtREV+I       198.912      18  433.824      490.824      459.635
123  mtREV+G4      198.937      18  433.874      490.874      459.686
124  mtREV+I+G4    199.040      19  436.080      505.171      463.326
125  mtREV+F       187.733      36  447.465      3111.465     499.089
126  mtREV+F+I     187.330      37  448.660      3260.660     501.718
127  mtREV+F+G4    187.521      37  449.042      3261.042     502.100
128  mtREV+F+I+G4  187.331      38  450.661      3414.661     505.153
129  mtART         213.006      17  460.012      507.089      484.390
130  mtART+I       212.222      18  460.445      517.445      486.257
131  mtART+G4      212.036      18  460.072      517.072      485.884
132  mtART+I+G4    212.099      19  462.199      531.290      489.445
133  mtART+F       203.717      36  479.434      3143.434     531.057
134  mtART+F+I     202.068      37  478.135      3290.135     531.193
135  mtART+F+G4    202.270      37  478.539      3290.539     531.597
136  mtART+F+I+G4  202.142      38  480.284      3444.284     534.776
137  mtZOA         203.156      17  440.311      487.388      464.689
138  mtZOA+I       203.148      18  442.297      499.297      468.109
139  mtZOA+G4      203.148      18  442.296      499.296      468.108
140  mtZOA+I+G4    203.332      19  444.664      513.755      471.910
141  mtZOA+F       194.431      36  460.862      3124.862     512.486
142  mtZOA+F+I     194.112      37  462.224      3274.224     515.282
143  mtZOA+F+G4    194.273      37  462.545      3274.545     515.603
144  mtZOA+F+I+G4  194.115      38  464.230      3428.230     518.721
145  mtMet         198.978      17  431.955      479.032      456.333
146  mtMet+I       198.977      18  433.954      490.954      459.765
147  mtMet+G4      198.964      18  433.929      490.929      459.741
148  mtMet+I+G4    199.178      19  436.355      505.446      463.601
149  mtMet+F       189.000      36  449.999      3113.999     501.623
150  mtMet+F+I     188.775      37  451.550      3263.550     504.607
151  mtMet+F+G4    188.849      37  451.697      3263.697     504.755
152  mtMet+F+I+G4  188.784      38  453.567      3417.567     508.059
153  mtVer         204.178      17  442.355      489.432      466.733
154  mtVer+I       204.162      18  444.325      501.325      470.136
155  mtVer+G4      204.023      18  444.046      501.046      469.858
156  mtVer+I+G4    204.311      19  446.622      515.713      473.868
157  mtVer+F       191.840      36  455.680      3119.680     507.304
158  mtVer+F+I     191.115      37  456.230      3268.230     509.287
159  mtVer+F+G4    191.175      37  456.351      3268.351     509.408
160  mtVer+F+I+G4  191.133      38  458.267      3422.267     512.758
161  mtInv         200.711      17  435.421      482.498      459.799
162  mtInv+I       200.698      18  437.395      494.395      463.207
163  mtInv+G4      200.698      18  437.396      494.396      463.208
164  mtInv+I+G4    200.832      19  439.664      508.754      466.909
165  mtInv+F       189.945      36  451.889      3115.889     503.513
166  mtInv+F+I     189.736      37  453.473      3265.473     506.530
167  mtInv+F+G4    189.830      37  453.660      3265.660     506.717
168  mtInv+F+I+G4  189.746      38  455.493      3419.493     509.984
169  mtMAM         205.615      17  445.230      492.306      469.607
170  mtMAM+I       205.236      18  446.472      503.472      472.283
171  mtMAM+G4      204.704      18  445.409      502.409      471.221
172  mtMAM+I+G4    204.987      19  447.974      517.065      475.219
173  mtMAM+F       194.721      36  461.442      3125.442     513.066
174  mtMAM+F+I     193.362      37  460.724      3272.724     513.782
175  mtMAM+F+G4    193.221      37  460.442      3272.442     513.500
176  mtMAM+F+I+G4  193.264      38  462.529      3426.529     517.020
WARNING: Normalizing state frequencies so that sum of them equals to 1
177  FLAVI         200.070      17  434.139      481.216      458.517
WARNING: Normalizing state frequencies so that sum of them equals to 1
178  FLAVI+I       199.783      18  435.566      492.566      461.377
WARNING: Normalizing state frequencies so that sum of them equals to 1
179  FLAVI+G4      199.365      18  434.731      491.731      460.543
WARNING: Normalizing state frequencies so that sum of them equals to 1
180  FLAVI+I+G4    199.542      19  437.085      506.176      464.330
WARNING: Normalizing state frequencies so that sum of them equals to 1
181  FLAVI+F       191.263      36  454.525      3118.525     506.149
WARNING: Normalizing state frequencies so that sum of them equals to 1
182  FLAVI+F+I     189.432      37  452.863      3264.863     505.921
WARNING: Normalizing state frequencies so that sum of them equals to 1
183  FLAVI+F+G4    189.375      37  452.749      3264.749     505.807
WARNING: Normalizing state frequencies so that sum of them equals to 1
184  FLAVI+F+I+G4  189.377      38  454.753      3418.753     509.245
185  HIVb          196.799      17  427.597      474.674      451.975
186  HIVb+I        196.496      18  428.991      485.991      454.803
187  HIVb+G4       196.529      18  429.057      486.057      454.869
188  HIVb+I+G4     196.496      19  430.992      500.083      458.238
189  HIVb+F        187.603      36  447.207      3111.207     498.830
190  HIVb+F+I      186.146      37  446.292      3258.292     499.349
191  HIVb+F+G4     186.406      37  446.812      3258.812     499.869
192  HIVb+F+I+G4   186.326      38  448.652      3412.652     503.144
193  HIVw          201.572      17  437.144      484.221      461.522
194  HIVw+I        200.819      18  437.637      494.637      463.449
195  HIVw+G4       200.803      18  437.606      494.606      463.418
196  HIVw+I+G4     200.791      19  439.581      508.672      466.827
197  HIVw+F        186.756      36  445.511      3109.511     497.135
198  HIVw+F+I      185.018      37  444.037      3256.037     497.094
199  HIVw+F+G4     185.218      37  444.436      3256.436     497.494
200  HIVw+F+I+G4   185.136      38  446.272      3410.272     500.763
201  FLU           194.917      17  423.834      470.911      448.212
202  FLU+I         194.875      18  425.751      482.751      451.563
203  FLU+G4        194.883      18  425.767      482.767      451.578
204  FLU+I+G4      194.952      19  427.905      496.995      455.150
205  FLU+F         186.550      36  445.099      3109.099     496.723
206  FLU+F+I       186.134      37  446.267      3258.267     499.325
207  FLU+F+G4      186.089      37  446.178      3258.178     499.235
208  FLU+F+I+G4    186.103      38  448.206      3412.206     502.698
209  rtREV         201.230      17  436.460      483.537      460.838
210  rtREV+I       201.202      18  438.405      495.405      464.217
211  rtREV+G4      201.230      18  438.460      495.460      464.272
212  rtREV+I+G4    201.306      19  440.611      509.702      467.857
213  rtREV+F       191.265      36  454.530      3118.530     506.154
214  rtREV+F+I     191.117      37  456.234      3268.234     509.292
215  rtREV+F+G4    191.182      37  456.365      3268.365     509.422
216  rtREV+F+I+G4  191.138      38  458.276      3422.276     512.767
217  cpREV         194.015      17  422.030      469.107      446.408
218  cpREV+I       193.988      18  423.976      480.976      449.788
219  cpREV+G4      194.012      18  424.024      481.024      449.836
220  cpREV+I+G4    194.101      19  426.202      495.293      453.448
221  cpREV+F       187.213      36  446.425      3110.425     498.049
222  cpREV+F+I     186.885      37  447.769      3259.769     500.827
223  cpREV+F+G4    187.050      37  448.100      3260.100     501.157
224  cpREV+F+I+G4  186.885      38  449.770      3413.770     504.262
Akaike Information Criterion:           Q.mammal
Corrected Akaike Information Criterion: Q.mammal
Bayesian Information Criterion:         Q.mammal
Best-fit model: Q.mammal chosen according to BIC

All model information printed to ../results/molecular_evolution_analyses/phylogenetic_trees/F11174_SMED_G1/F11174_SMED_G1.model.gz
CPU time for ModelFinder: 1.573 seconds (0h:0m:1s)
Wall-clock time for ModelFinder: 1.586 seconds (0h:0m:1s)
NOTE: State(s) T, W not present in alignment and thus removed from Markov process to prevent numerical problems
NOTE: 2 states (see above) are not present and thus removed from Markov process to prevent numerical problems
Generating 1000 samples for ultrafast bootstrap (seed: 242517)...
WARNING: Normalizing state frequencies so that sum of them equals to 1

NOTE: 0 MB RAM (0 GB) is required!
Estimate model parameters (epsilon = 0.100)
1. Initial log-likelihood: -189.915
Optimal log-likelihood: -189.915
Parameters optimization took 1 rounds (0.001 sec)
Wrote distance file to... 
Computing ML distances based on estimated model parameters...
Calculating distance matrix: done in 0.00479412 secs using 99.77% CPU
Computing ML distances took 0.004874 sec (of wall-clock time) 0.004865 sec (of CPU time)
Setting up auxiliary I and S matrices: done in 3.69549e-05 secs
Constructing RapidNJ tree: done in 4.19617e-05 secs
Computing RapidNJ tree took 0.000131 sec (of wall-clock time) 0.000000 sec (of CPU time)
Log-likelihood of RapidNJ tree: -189.916
--------------------------------------------------------------------
|             INITIALIZING CANDIDATE TREE SET                      |
--------------------------------------------------------------------
Generating 98 parsimony trees... 0.028 second
Computing log-likelihood of 98 initial trees ... 0.043 seconds
Current best score: -189.915

Do NNI search on 20 best initial trees
Optimizing NNI: done in 0.00235105 secs using 198.9% CPU
Estimate model parameters (epsilon = 0.100)
BETTER TREE FOUND at iteration 1: -189.915
Optimizing NNI: done in 0.00218892 secs using 200.5% CPU
BETTER TREE FOUND at iteration 2: -189.915
Optimizing NNI: done in 0.00217414 secs using 200.2% CPU
BETTER TREE FOUND at iteration 3: -189.915
Optimizing NNI: done in 0.00231194 secs using 200% CPU
Optimizing NNI: done in 0.00232697 secs using 198.7% CPU
Optimizing NNI: done in 0.00217295 secs using 200.4% CPU
BETTER TREE FOUND at iteration 6: -189.915
Optimizing NNI: done in 0.00212502 secs using 200% CPU
Optimizing NNI: done in 0.00210404 secs using 200.2% CPU
BETTER TREE FOUND at iteration 8: -189.915
Optimizing NNI: done in 0.00212097 secs using 200.5% CPU
Optimizing NNI: done in 0.00219393 secs using 198.9% CPU
Iteration 10 / LogL: -189.915 / Time: 0h:0m:0s
Optimizing NNI: done in 0.0021379 secs using 200.2% CPU
Optimizing NNI: done in 0.00218701 secs using 200.3% CPU
Optimizing NNI: done in 0.00219393 secs using 22.24% CPU
Optimizing NNI: done in 0.00211811 secs using 197.3% CPU
Optimizing NNI: done in 0.00209808 secs using 199.6% CPU
Optimizing NNI: done in 0.002177 secs using 199.7% CPU
Optimizing NNI: done in 0.00219798 secs using 200.5% CPU
BETTER TREE FOUND at iteration 17: -189.915
Optimizing NNI: done in 0.00215697 secs using 199.2% CPU
Optimizing NNI: done in 0.00214601 secs using 200.1% CPU
Optimizing NNI: done in 0.00213885 secs using 200.1% CPU
Iteration 20 / LogL: -189.915 / Time: 0h:0m:0s
Finish initializing candidate tree set (20)
Current best tree score: -189.915 / CPU time: 0.128
Number of iterations: 20
--------------------------------------------------------------------
|               OPTIMIZING CANDIDATE TREE SET                      |
--------------------------------------------------------------------
Optimizing NNI: done in 0.0021739 secs using 198.4% CPU
BETTER TREE FOUND at iteration 21: -189.915
Optimizing NNI: done in 0.00225592 secs using 198.8% CPU
Optimizing NNI: done in 0.002177 secs using 197% CPU
BETTER TREE FOUND at iteration 23: -189.915
Optimizing NNI: done in 0.002141 secs using 199.9% CPU
Optimizing NNI: done in 0.00949192 secs using 199.6% CPU
Optimizing NNI: done in 0.00217915 secs using 199.2% CPU
BETTER TREE FOUND at iteration 26: -189.915
Optimizing NNI: done in 0.00362301 secs using 199.6% CPU
Optimizing NNI: done in 0.00211501 secs using 199.9% CPU
Optimizing NNI: done in 0.00206304 secs using 199.9% CPU
Optimizing NNI: done in 0.00388312 secs using 140.9% CPU
Iteration 30 / LogL: -189.915 / Time: 0h:0m:0s (0h:0m:0s left)
Optimizing NNI: done in 0.00222397 secs using 99.51% CPU
Optimizing NNI: done in 0.00356197 secs using 99.69% CPU
Optimizing NNI: done in 0.00230002 secs using 99.48% CPU
Optimizing NNI: done in 0.00216103 secs using 99.95% CPU
Optimizing NNI: done in 0.00219893 secs using 100% CPU
Optimizing NNI: done in 0.00215793 secs using 100% CPU
Optimizing NNI: done in 0.001194 secs using 99.92% CPU
Optimizing NNI: done in 0.00308108 secs using 99.96% CPU
Optimizing NNI: done in 0.00193596 secs using 99.95% CPU
Optimizing NNI: done in 0.00121903 secs using 99.92% CPU
BETTER TREE FOUND at iteration 40: -189.915
Iteration 40 / LogL: -189.915 / Time: 0h:0m:0s (0h:0m:0s left)
Optimizing NNI: done in 0.00124097 secs using 98.95% CPU
BETTER TREE FOUND at iteration 41: -189.915
Optimizing NNI: done in 0.00217891 secs using 100% CPU
Optimizing NNI: done in 0.00392604 secs using 99.67% CPU
Optimizing NNI: done in 0.00397182 secs using 100% CPU
Optimizing NNI: done in 0.00211406 secs using 99.9% CPU
Optimizing NNI: done in 0.0021801 secs using 100% CPU
Optimizing NNI: done in 0.00407386 secs using 99.64% CPU
Optimizing NNI: done in 0.00407481 secs using 99.66% CPU
Optimizing NNI: done in 0.00215197 secs using 100% CPU
Optimizing NNI: done in 0.002141 secs using 100% CPU
Iteration 50 / LogL: -189.915 / Time: 0h:0m:0s (0h:0m:0s left)
Log-likelihood cutoff on original alignment: -196.682
Optimizing NNI: done in 0.00402904 secs using 99.97% CPU
Optimizing NNI: done in 0.00309801 secs using 99.9% CPU
Optimizing NNI: done in 0.00121999 secs using 100% CPU
Optimizing NNI: done in 0.00331116 secs using 99.63% CPU
Optimizing NNI: done in 0.00534606 secs using 99.76% CPU
Optimizing NNI: done in 0.00209403 secs using 99.9% CPU
Optimizing NNI: done in 0.002141 secs using 100% CPU
Optimizing NNI: done in 0.00212312 secs using 100% CPU
Optimizing NNI: done in 0.00603604 secs using 100% CPU
Optimizing NNI: done in 0.00234914 secs using 99.99% CPU
Iteration 60 / LogL: -189.915 / Time: 0h:0m:0s (0h:0m:0s left)
Optimizing NNI: done in 0.00215912 secs using 99.39% CPU
Optimizing NNI: done in 0.00396204 secs using 99.67% CPU
Optimizing NNI: done in 0.00219393 secs using 99.96% CPU
Optimizing NNI: done in 0.00233197 secs using 99.96% CPU
Optimizing NNI: done in 0.00226617 secs using 99.99% CPU
Optimizing NNI: done in 0.00426292 secs using 99.98% CPU
Optimizing NNI: done in 0.00216603 secs using 100% CPU
Optimizing NNI: done in 0.00212288 secs using 99.96% CPU
Optimizing NNI: done in 0.00420403 secs using 99.71% CPU
Optimizing NNI: done in 0.00405598 secs using 99.56% CPU
Iteration 70 / LogL: -189.915 / Time: 0h:0m:0s (0h:0m:0s left)
Optimizing NNI: done in 0.00216603 secs using 99.4% CPU
Optimizing NNI: done in 0.00214005 secs using 100% CPU
Optimizing NNI: done in 0.00210595 secs using 99.95% CPU
Optimizing NNI: done in 0.00213099 secs using 100% CPU
Optimizing NNI: done in 0.00219512 secs using 100% CPU
Optimizing NNI: done in 0.002141 secs using 100% CPU
Optimizing NNI: done in 0.00183702 secs using 99.94% CPU
Optimizing NNI: done in 0.00213099 secs using 100% CPU
Optimizing NNI: done in 0.00218892 secs using 99.5% CPU
Optimizing NNI: done in 0.002141 secs using 100% CPU
Iteration 80 / LogL: -189.915 / Time: 0h:0m:0s (0h:0m:0s left)
Optimizing NNI: done in 0.00220299 secs using 100.1% CPU
Optimizing NNI: done in 0.00204992 secs using 99.95% CPU
Optimizing NNI: done in 0.00216293 secs using 100% CPU
Optimizing NNI: done in 0.00219512 secs using 99.45% CPU
Optimizing NNI: done in 0.00224805 secs using 100% CPU
Optimizing NNI: done in 0.00221801 secs using 99.41% CPU
Optimizing NNI: done in 0.00220299 secs using 99.37% CPU
Optimizing NNI: done in 0.00225806 secs using 100% CPU
Optimizing NNI: done in 0.00218201 secs using 100% CPU
Optimizing NNI: done in 0.00187206 secs using 100% CPU
Iteration 90 / LogL: -189.915 / Time: 0h:0m:0s (0h:0m:0s left)
Optimizing NNI: done in 0.00215602 secs using 100% CPU
Optimizing NNI: done in 0.00535607 secs using 100% CPU
Optimizing NNI: done in 0.00208306 secs using 100% CPU
Optimizing NNI: done in 0.00396895 secs using 99.67% CPU
Optimizing NNI: done in 0.00540304 secs using 99.81% CPU
Optimizing NNI: done in 0.00214386 secs using 100.1% CPU
Optimizing NNI: done in 0.00804591 secs using 100% CPU
Optimizing NNI: done in 0.002321 secs using 99.96% CPU
Optimizing NNI: done in 0.00220299 secs using 99.96% CPU
Optimizing NNI: done in 0.00403905 secs using 100% CPU
Iteration 100 / LogL: -189.915 / Time: 0h:0m:0s (0h:0m:0s left)
Log-likelihood cutoff on original alignment: -196.576
NOTE: Bootstrap correlation coefficient of split occurrence frequencies: 0.905
NOTE: UFBoot does not converge, continue at least 100 more iterations
Optimizing NNI: done in 0.00220799 secs using 99.95% CPU
Optimizing NNI: done in 0.00182796 secs using 100% CPU
Optimizing NNI: done in 0.00214696 secs using 100% CPU
Optimizing NNI: done in 0.00213981 secs using 99.96% CPU
Optimizing NNI: done in 0.00212884 secs using 100.1% CPU
Optimizing NNI: done in 0.0054028 secs using 99.89% CPU
Optimizing NNI: done in 0.00219107 secs using 99.95% CPU
Optimizing NNI: done in 0.00212717 secs using 99.29% CPU
Optimizing NNI: done in 0.00211191 secs using 100% CPU
Optimizing NNI: done in 0.00203395 secs using 100.1% CPU
Iteration 110 / LogL: -189.915 / Time: 0h:0m:0s (0h:0m:0s left)
Optimizing NNI: done in 0.00602102 secs using 99.97% CPU
Optimizing NNI: done in 0.00212717 secs using 99.94% CPU
Optimizing NNI: done in 0.00178194 secs using 99.89% CPU
Optimizing NNI: done in 0.00212908 secs using 100% CPU
Optimizing NNI: done in 0.00195003 secs using 100% CPU
Optimizing NNI: done in 0.00410509 secs using 100% CPU
Optimizing NNI: done in 0.00504994 secs using 99.94% CPU
Optimizing NNI: done in 0.00398588 secs using 100% CPU
Optimizing NNI: done in 0.00254202 secs using 88.28% CPU
Optimizing NNI: done in 0.00220513 secs using 99.22% CPU
Iteration 120 / LogL: -189.915 / Time: 0h:0m:0s (0h:0m:0s left)
Optimizing NNI: done in 0.00221109 secs using 99.5% CPU
Optimizing NNI: done in 0.00377297 secs using 100% CPU
Optimizing NNI: done in 0.0039978 secs using 100% CPU
Optimizing NNI: done in 0.00371599 secs using 100% CPU
Optimizing NNI: done in 0.00488281 secs using 99.98% CPU
Optimizing NNI: done in 0.00381994 secs using 99.95% CPU
Optimizing NNI: done in 0.00592709 secs using 100% CPU
Optimizing NNI: done in 0.00216413 secs using 99.99% CPU
Optimizing NNI: done in 0.00558591 secs using 99.7% CPU
Optimizing NNI: done in 0.00225687 secs using 99.92% CPU
Iteration 130 / LogL: -189.915 / Time: 0h:0m:1s (0h:0m:0s left)
Optimizing NNI: done in 0.0021472 secs using 99.99% CPU
Optimizing NNI: done in 0.00214195 secs using 99.3% CPU
Optimizing NNI: done in 0.00418687 secs using 99.62% CPU
Optimizing NNI: done in 0.00403094 secs using 99.98% CPU
Optimizing NNI: done in 0.00211382 secs using 99.3% CPU
Optimizing NNI: done in 0.00410295 secs using 99.68% CPU
Optimizing NNI: done in 0.00209904 secs using 100% CPU
Optimizing NNI: done in 0.00216198 secs using 100% CPU
Optimizing NNI: done in 0.00214911 secs using 99.95% CPU
Optimizing NNI: done in 0.002213 secs using 100% CPU
Iteration 140 / LogL: -189.915 / Time: 0h:0m:1s (0h:0m:0s left)
Optimizing NNI: done in 0.00214601 secs using 99.91% CPU
Optimizing NNI: done in 0.00213194 secs using 100% CPU
Optimizing NNI: done in 0.00207615 secs using 99.99% CPU
Optimizing NNI: done in 0.00212502 secs using 99.95% CPU
Optimizing NNI: done in 0.00610209 secs using 100% CPU
Optimizing NNI: done in 0.00613689 secs using 99.97% CPU
Optimizing NNI: done in 0.00549793 secs using 99.98% CPU
Optimizing NNI: done in 0.00350213 secs using 99.97% CPU
Optimizing NNI: done in 0.00216198 secs using 100% CPU
Optimizing NNI: done in 0.00613093 secs using 100% CPU
Iteration 150 / LogL: -189.915 / Time: 0h:0m:1s (0h:0m:0s left)
Log-likelihood cutoff on original alignment: -196.294
Optimizing NNI: done in 0.00224996 secs using 99.96% CPU
Optimizing NNI: done in 0.00385904 secs using 100% CPU
Optimizing NNI: done in 0.004071 secs using 99.98% CPU
Optimizing NNI: done in 0.00223398 secs using 99.96% CPU
Optimizing NNI: done in 0.00403309 secs using 99.95% CPU
Optimizing NNI: done in 0.00603104 secs using 100% CPU
Optimizing NNI: done in 0.00401497 secs using 99.98% CPU
Optimizing NNI: done in 0.00222802 secs using 99.95% CPU
Optimizing NNI: done in 0.00224614 secs using 99.99% CPU
Optimizing NNI: done in 0.00212908 secs using 100% CPU
Iteration 160 / LogL: -189.915 / Time: 0h:0m:1s (0h:0m:0s left)
Optimizing NNI: done in 0.0021131 secs using 100% CPU
Optimizing NNI: done in 0.00209999 secs using 99.95% CPU
Optimizing NNI: done in 0.003865 secs using 99.69% CPU
Optimizing NNI: done in 0.00225401 secs using 99.96% CPU
Optimizing NNI: done in 0.00213099 secs using 100% CPU
Optimizing NNI: done in 0.0021801 secs using 100% CPU
Optimizing NNI: done in 0.00208807 secs using 100% CPU
Optimizing NNI: done in 0.00402403 secs using 100% CPU
Optimizing NNI: done in 0.00556111 secs using 99.98% CPU
Optimizing NNI: done in 0.00219393 secs using 99.96% CPU
Iteration 170 / LogL: -189.915 / Time: 0h:0m:1s (0h:0m:0s left)
Optimizing NNI: done in 0.00211906 secs using 99.29% CPU
Optimizing NNI: done in 0.00212693 secs using 100.1% CPU
Optimizing NNI: done in 0.00590301 secs using 99.78% CPU
Optimizing NNI: done in 0.00223899 secs using 100% CPU
Optimizing NNI: done in 0.00584412 secs using 99.74% CPU
Optimizing NNI: done in 0.00211287 secs using 99.96% CPU
Optimizing NNI: done in 0.00209284 secs using 99.91% CPU
Optimizing NNI: done in 0.00212407 secs using 100% CPU
Optimizing NNI: done in 0.00206494 secs using 99.95% CPU
Optimizing NNI: done in 0.00201297 secs using 99.9% CPU
Iteration 180 / LogL: -189.915 / Time: 0h:0m:1s (0h:0m:0s left)
Optimizing NNI: done in 0.0142829 secs using 15.94% CPU
Optimizing NNI: done in 0.01406 secs using 14.63% CPU
Optimizing NNI: done in 0.00212908 secs using 100% CPU
Optimizing NNI: done in 0.004251 secs using 99.72% CPU
Optimizing NNI: done in 0.0038631 secs using 99.97% CPU
Optimizing NNI: done in 0.00622296 secs using 99.84% CPU
Optimizing NNI: done in 0.00229692 secs using 100% CPU
Optimizing NNI: done in 0.00216007 secs using 99.95% CPU
Optimizing NNI: done in 0.00595903 secs using 100% CPU
Optimizing NNI: done in 0.00368404 secs using 99.97% CPU
Iteration 190 / LogL: -189.915 / Time: 0h:0m:1s (0h:0m:0s left)
Optimizing NNI: done in 0.00210094 secs using 100% CPU
Optimizing NNI: done in 0.00814795 secs using 100% CPU
Optimizing NNI: done in 0.00423789 secs using 100% CPU
Optimizing NNI: done in 0.0018549 secs using 99.95% CPU
Optimizing NNI: done in 0.00218415 secs using 98.85% CPU
Optimizing NNI: done in 0.00597215 secs using 99.88% CPU
Optimizing NNI: done in 0.00384402 secs using 99.69% CPU
Optimizing NNI: done in 0.00596189 secs using 99.98% CPU
Optimizing NNI: done in 0.00224304 secs using 100% CPU
Optimizing NNI: done in 0.008214 secs using 100% CPU
Iteration 200 / LogL: -189.915 / Time: 0h:0m:1s (0h:0m:0s left)
Log-likelihood cutoff on original alignment: -196.294
NOTE: Bootstrap correlation coefficient of split occurrence frequencies: 0.910
NOTE: UFBoot does not converge, continue at least 100 more iterations
Optimizing NNI: done in 0.00233388 secs using 99.92% CPU
Optimizing NNI: done in 0.00623298 secs using 99.79% CPU
Optimizing NNI: done in 0.00612712 secs using 99.83% CPU
Optimizing NNI: done in 0.00221801 secs using 99.95% CPU
Optimizing NNI: done in 0.00768089 secs using 100% CPU
Optimizing NNI: done in 0.00221181 secs using 100.1% CPU
Optimizing NNI: done in 0.00212598 secs using 99.91% CPU
Optimizing NNI: done in 0.00355005 secs using 100% CPU
Optimizing NNI: done in 0.00209904 secs using 100% CPU
Optimizing NNI: done in 0.00216794 secs using 99.96% CPU
Iteration 210 / LogL: -189.915 / Time: 0h:0m:1s (0h:0m:0s left)
Optimizing NNI: done in 0.00565195 secs using 98.67% CPU
Optimizing NNI: done in 0.00222707 secs using 100.1% CPU
Optimizing NNI: done in 0.00221109 secs using 100% CPU
Optimizing NNI: done in 0.00213981 secs using 100% CPU
Optimizing NNI: done in 0.00213885 secs using 99.45% CPU
Optimizing NNI: done in 0.0022819 secs using 99.48% CPU
Optimizing NNI: done in 0.00415707 secs using 100% CPU
Optimizing NNI: done in 0.00210094 secs using 100% CPU
Optimizing NNI: done in 0.00227785 secs using 99.96% CPU
Optimizing NNI: done in 0.00230718 secs using 99.95% CPU
Iteration 220 / LogL: -189.915 / Time: 0h:0m:2s (0h:0m:0s left)
Optimizing NNI: done in 0.00220799 secs using 99.5% CPU
Optimizing NNI: done in 0.00221491 secs using 99.46% CPU
Optimizing NNI: done in 0.0022049 secs using 100% CPU
Optimizing NNI: done in 0.00413084 secs using 99.74% CPU
Optimizing NNI: done in 0.00597405 secs using 99.83% CPU
Optimizing NNI: done in 0.00220394 secs using 100% CPU
Optimizing NNI: done in 0.00218987 secs using 100.1% CPU
Optimizing NNI: done in 0.00222611 secs using 99.99% CPU
Optimizing NNI: done in 0.00392008 secs using 99.97% CPU
Optimizing NNI: done in 0.0021801 secs using 100% CPU
Iteration 230 / LogL: -189.915 / Time: 0h:0m:2s (0h:0m:0s left)
Optimizing NNI: done in 0.00408196 secs using 99.68% CPU
Optimizing NNI: done in 0.00218201 secs using 99.95% CPU
Optimizing NNI: done in 0.00410604 secs using 99.71% CPU
Optimizing NNI: done in 0.00460887 secs using 100% CPU
Optimizing NNI: done in 0.00617003 secs using 99.97% CPU
Optimizing NNI: done in 0.00225687 secs using 99.92% CPU
Optimizing NNI: done in 0.00412083 secs using 99.98% CPU
Optimizing NNI: done in 0.00400901 secs using 100% CPU
Optimizing NNI: done in 0.00214505 secs using 99.9% CPU
Optimizing NNI: done in 0.00219297 secs using 100% CPU
Iteration 240 / LogL: -189.915 / Time: 0h:0m:2s (0h:0m:0s left)
Optimizing NNI: done in 0.00835681 secs using 99.64% CPU
Optimizing NNI: done in 0.00826883 secs using 99.7% CPU
Optimizing NNI: done in 0.00215602 secs using 100% CPU
Optimizing NNI: done in 0.00223207 secs using 100% CPU
Optimizing NNI: done in 0.00213695 secs using 99.96% CPU
Optimizing NNI: done in 0.00214195 secs using 100% CPU
Optimizing NNI: done in 0.00216603 secs using 100% CPU
Optimizing NNI: done in 0.00616002 secs using 99.98% CPU
Optimizing NNI: done in 0.00219107 secs using 100% CPU
Optimizing NNI: done in 0.00401402 secs using 100% CPU
Iteration 250 / LogL: -189.915 / Time: 0h:0m:2s (0h:0m:0s left)
Log-likelihood cutoff on original alignment: -196.294
Optimizing NNI: done in 0.00208807 secs using 99.95% CPU
Optimizing NNI: done in 0.00218201 secs using 99.4% CPU
Optimizing NNI: done in 0.00221682 secs using 99.96% CPU
Optimizing NNI: done in 0.00489616 secs using 99.67% CPU
Optimizing NNI: done in 0.0078969 secs using 99.79% CPU
Optimizing NNI: done in 0.00562906 secs using 99.73% CPU
Optimizing NNI: done in 0.00224996 secs using 99.91% CPU
Optimizing NNI: done in 0.00413895 secs using 99.64% CPU
Optimizing NNI: done in 0.00225687 secs using 99.34% CPU
Optimizing NNI: done in 0.00215101 secs using 100% CPU
Iteration 260 / LogL: -189.915 / Time: 0h:0m:2s (0h:0m:0s left)
Optimizing NNI: done in 0.00224996 secs using 99.47% CPU
Optimizing NNI: done in 0.00218987 secs using 99.91% CPU
Optimizing NNI: done in 0.00219798 secs using 100% CPU
Optimizing NNI: done in 0.00398397 secs using 99.93% CPU
Optimizing NNI: done in 0.00208902 secs using 99.95% CPU
Optimizing NNI: done in 0.00762391 secs using 100% CPU
Optimizing NNI: done in 0.00660801 secs using 99.79% CPU
Optimizing NNI: done in 0.00213695 secs using 99.96% CPU
Optimizing NNI: done in 0.0021019 secs using 100% CPU
Optimizing NNI: done in 0.00240183 secs using 99.38% CPU
Iteration 270 / LogL: -189.915 / Time: 0h:0m:2s (0h:0m:0s left)
Optimizing NNI: done in 0.00224209 secs using 100% CPU
Optimizing NNI: done in 0.002141 secs using 99.95% CPU
Optimizing NNI: done in 0.00223994 secs using 100% CPU
Optimizing NNI: done in 0.00215793 secs using 100% CPU
Optimizing NNI: done in 0.00402403 secs using 99.73% CPU
Optimizing NNI: done in 0.00385594 secs using 99.98% CPU
Optimizing NNI: done in 0.00213599 secs using 99.95% CPU
Optimizing NNI: done in 0.00224686 secs using 99.83% CPU
Optimizing NNI: done in 0.00553894 secs using 100% CPU
Optimizing NNI: done in 0.00219297 secs using 99.91% CPU
Iteration 280 / LogL: -189.915 / Time: 0h:0m:2s (0h:0m:0s left)
Optimizing NNI: done in 0.00216007 secs using 100% CPU
Optimizing NNI: done in 0.00487208 secs using 100% CPU
Optimizing NNI: done in 0.00813699 secs using 99.99% CPU
Optimizing NNI: done in 0.00223589 secs using 100% CPU
Optimizing NNI: done in 0.00408506 secs using 100% CPU
Optimizing NNI: done in 0.00211692 secs using 100% CPU
Optimizing NNI: done in 0.00593996 secs using 99.98% CPU
Optimizing NNI: done in 0.002213 secs using 99.46% CPU
Optimizing NNI: done in 0.00216699 secs using 100% CPU
Optimizing NNI: done in 0.004848 secs using 100% CPU
Iteration 290 / LogL: -189.915 / Time: 0h:0m:2s (0h:0m:0s left)
Optimizing NNI: done in 0.00223112 secs using 99.99% CPU
Optimizing NNI: done in 0.00220203 secs using 100% CPU
Optimizing NNI: done in 0.00296211 secs using 99.96% CPU
Optimizing NNI: done in 0.00221705 secs using 98.87% CPU
Optimizing NNI: done in 0.00469685 secs using 99.73% CPU
Optimizing NNI: done in 0.00217104 secs using 99.95% CPU
Optimizing NNI: done in 0.00817084 secs using 99.86% CPU
Optimizing NNI: done in 0.00223303 secs using 99.95% CPU
Optimizing NNI: done in 0.00219512 secs using 99.9% CPU
Optimizing NNI: done in 0.00214982 secs using 100.1% CPU
Iteration 300 / LogL: -189.915 / Time: 0h:0m:2s (0h:0m:0s left)
Log-likelihood cutoff on original alignment: -196.294
NOTE: Bootstrap correlation coefficient of split occurrence frequencies: 0.820
NOTE: UFBoot does not converge, continue at least 100 more iterations
Optimizing NNI: done in 0.0022881 secs using 99.3% CPU
Optimizing NNI: done in 0.00181413 secs using 99.94% CPU
Optimizing NNI: done in 0.00222588 secs using 100.1% CPU
Optimizing NNI: done in 0.00215101 secs using 100.1% CPU
Optimizing NNI: done in 0.002244 secs using 99.29% CPU
Optimizing NNI: done in 0.00628686 secs using 99.81% CPU
Optimizing NNI: done in 0.00415397 secs using 99.98% CPU
Optimizing NNI: done in 0.002177 secs using 100% CPU
Optimizing NNI: done in 0.00416684 secs using 100% CPU
Optimizing NNI: done in 0.00619507 secs using 100% CPU
Iteration 310 / LogL: -189.915 / Time: 0h:0m:3s (0h:0m:0s left)
Optimizing NNI: done in 0.00208807 secs using 100% CPU
Optimizing NNI: done in 0.00617695 secs using 100% CPU
Optimizing NNI: done in 0.00402498 secs using 99.95% CPU
Optimizing NNI: done in 0.00231004 secs using 99.39% CPU
Optimizing NNI: done in 0.00418091 secs using 99.62% CPU
Optimizing NNI: done in 0.00467896 secs using 99.92% CPU
Optimizing NNI: done in 0.00222301 secs using 100% CPU
Optimizing NNI: done in 0.00812793 secs using 99.79% CPU
Optimizing NNI: done in 0.00564885 secs using 99.74% CPU
Optimizing NNI: done in 0.00221586 secs using 100.1% CPU
Iteration 320 / LogL: -189.915 / Time: 0h:0m:3s (0h:0m:0s left)
Optimizing NNI: done in 0.00495696 secs using 99.98% CPU
Optimizing NNI: done in 0.00625801 secs using 100% CPU
Optimizing NNI: done in 0.00214815 secs using 99.9% CPU
Optimizing NNI: done in 0.00222301 secs using 100% CPU
Optimizing NNI: done in 0.0022862 secs using 99.16% CPU
Optimizing NNI: done in 0.00568414 secs using 100% CPU
Optimizing NNI: done in 0.00816107 secs using 99.83% CPU
Optimizing NNI: done in 0.00225806 secs using 99.95% CPU
Optimizing NNI: done in 0.00230289 secs using 99.96% CPU
Optimizing NNI: done in 0.00415111 secs using 100% CPU
Iteration 330 / LogL: -189.915 / Time: 0h:0m:3s (0h:0m:0s left)
Optimizing NNI: done in 0.00215316 secs using 99.99% CPU
Optimizing NNI: done in 0.00615907 secs using 99.98% CPU
Optimizing NNI: done in 0.00812602 secs using 99.79% CPU
Optimizing NNI: done in 0.00222206 secs using 99.91% CPU
Optimizing NNI: done in 0.00221705 secs using 100% CPU
Optimizing NNI: done in 0.00804305 secs using 99.99% CPU
Optimizing NNI: done in 0.00219679 secs using 99.55% CPU
Optimizing NNI: done in 0.00412703 secs using 100% CPU
Optimizing NNI: done in 0.00624919 secs using 100% CPU
Optimizing NNI: done in 0.00414801 secs using 100% CPU
Iteration 340 / LogL: -189.915 / Time: 0h:0m:3s (0h:0m:0s left)
Optimizing NNI: done in 0.00219107 secs using 100% CPU
Optimizing NNI: done in 0.00408888 secs using 100% CPU
Optimizing NNI: done in 0.00213313 secs using 99.99% CPU
Optimizing NNI: done in 0.00421 secs using 100% CPU
Optimizing NNI: done in 0.0022459 secs using 100% CPU
Optimizing NNI: done in 0.00215793 secs using 99.96% CPU
Optimizing NNI: done in 0.00564313 secs using 99.98% CPU
Optimizing NNI: done in 0.00227213 secs using 99.91% CPU
Optimizing NNI: done in 0.00805092 secs using 99.88% CPU
Optimizing NNI: done in 0.004668 secs using 99.98% CPU
Iteration 350 / LogL: -189.915 / Time: 0h:0m:3s (0h:0m:0s left)
Log-likelihood cutoff on original alignment: -196.294
Optimizing NNI: done in 0.00622606 secs using 99.82% CPU
Optimizing NNI: done in 0.0021379 secs using 100% CPU
Optimizing NNI: done in 0.00226593 secs using 99.96% CPU
Optimizing NNI: done in 0.00220418 secs using 99.99% CPU
Optimizing NNI: done in 0.00612593 secs using 100% CPU
Optimizing NNI: done in 0.00214291 secs using 99.35% CPU
Optimizing NNI: done in 0.00392008 secs using 98.77% CPU
Optimizing NNI: done in 0.00216389 secs using 100.1% CPU
Optimizing NNI: done in 0.00228691 secs using 99.57% CPU
Optimizing NNI: done in 0.00224304 secs using 100% CPU
Iteration 360 / LogL: -189.915 / Time: 0h:0m:3s (0h:0m:0s left)
Optimizing NNI: done in 0.00417018 secs using 99.68% CPU
Optimizing NNI: done in 0.00223613 secs using 100% CPU
Optimizing NNI: done in 0.00417519 secs using 99.97% CPU
Optimizing NNI: done in 0.00211716 secs using 99.99% CPU
Optimizing NNI: done in 0.00211596 secs using 99.95% CPU
Optimizing NNI: done in 0.00217986 secs using 99.41% CPU
Optimizing NNI: done in 0.00374699 secs using 99.95% CPU
Optimizing NNI: done in 0.00411391 secs using 100% CPU
Optimizing NNI: done in 0.00216007 secs using 99.35% CPU
Optimizing NNI: done in 0.00214601 secs using 100% CPU
Iteration 370 / LogL: -189.915 / Time: 0h:0m:3s (0h:0m:0s left)
Optimizing NNI: done in 0.00406098 secs using 99.73% CPU
Optimizing NNI: done in 0.0021131 secs using 99.33% CPU
Optimizing NNI: done in 0.00401115 secs using 99.62% CPU
Optimizing NNI: done in 0.00218916 secs using 99.99% CPU
Optimizing NNI: done in 0.0061729 secs using 99.81% CPU
Optimizing NNI: done in 0.00411105 secs using 100% CPU
Optimizing NNI: done in 0.00216794 secs using 100% CPU
Optimizing NNI: done in 0.00219011 secs using 99.95% CPU
Optimizing NNI: done in 0.00219584 secs using 100% CPU
Optimizing NNI: done in 0.00415421 secs using 99.97% CPU
Iteration 380 / LogL: -189.915 / Time: 0h:0m:3s (0h:0m:0s left)
Optimizing NNI: done in 0.00567889 secs using 99.79% CPU
Optimizing NNI: done in 0.00215697 secs using 99.44% CPU
Optimizing NNI: done in 0.00419903 secs using 99.71% CPU
Optimizing NNI: done in 0.006253 secs using 100% CPU
Optimizing NNI: done in 0.00222015 secs using 99.95% CPU
Optimizing NNI: done in 0.00218391 secs using 100% CPU
Optimizing NNI: done in 0.00216007 secs using 99.95% CPU
Optimizing NNI: done in 0.00210595 secs using 100% CPU
Optimizing NNI: done in 0.00619984 secs using 99.79% CPU
Optimizing NNI: done in 0.00215912 secs using 99.99% CPU
Iteration 390 / LogL: -189.915 / Time: 0h:0m:4s (0h:0m:0s left)
Optimizing NNI: done in 0.00220084 secs using 99.96% CPU
Optimizing NNI: done in 0.002177 secs using 100% CPU
Optimizing NNI: done in 0.00611711 secs using 100% CPU
Optimizing NNI: done in 0.00209904 secs using 99.43% CPU
Optimizing NNI: done in 0.00218606 secs using 100% CPU
Optimizing NNI: done in 0.00404501 secs using 100% CPU
Optimizing NNI: done in 0.004071 secs using 100% CPU
Optimizing NNI: done in 0.00214219 secs using 99.57% CPU
Optimizing NNI: done in 0.00208187 secs using 100% CPU
Optimizing NNI: done in 0.00212908 secs using 99.67% CPU
Iteration 400 / LogL: -189.915 / Time: 0h:0m:4s (0h:0m:0s left)
Log-likelihood cutoff on original alignment: -196.615
NOTE: Bootstrap correlation coefficient of split occurrence frequencies: 0.951
NOTE: UFBoot does not converge, continue at least 100 more iterations
Optimizing NNI: done in 0.00558209 secs using 99.68% CPU
Optimizing NNI: done in 0.00213099 secs using 100% CPU
Optimizing NNI: done in 0.00215006 secs using 100.1% CPU
Optimizing NNI: done in 0.00219989 secs using 100.1% CPU
Optimizing NNI: done in 0.00213504 secs using 100% CPU
Optimizing NNI: done in 0.00421 secs using 100% CPU
Optimizing NNI: done in 0.00556111 secs using 100% CPU
Optimizing NNI: done in 0.0022161 secs using 99.36% CPU
Optimizing NNI: done in 0.00222301 secs using 99.86% CPU
Optimizing NNI: done in 0.00395799 secs using 100% CPU
Iteration 410 / LogL: -189.915 / Time: 0h:0m:4s (0h:0m:0s left)
Optimizing NNI: done in 0.00609207 secs using 99.87% CPU
Optimizing NNI: done in 0.00221705 secs using 100% CPU
Optimizing NNI: done in 0.00484896 secs using 99.98% CPU
Optimizing NNI: done in 0.00215888 secs using 100% CPU
Optimizing NNI: done in 0.00218487 secs using 99.46% CPU
Optimizing NNI: done in 0.00410104 secs using 100% CPU
Optimizing NNI: done in 0.00410581 secs using 99.98% CPU
Optimizing NNI: done in 0.00370598 secs using 100% CPU
Optimizing NNI: done in 0.00215912 secs using 99.95% CPU
Optimizing NNI: done in 0.00394392 secs using 99.95% CPU
Iteration 420 / LogL: -189.915 / Time: 0h:0m:4s (0h:0m:0s left)
Optimizing NNI: done in 0.00215483 secs using 100% CPU
Optimizing NNI: done in 0.00609112 secs using 99.8% CPU
Optimizing NNI: done in 0.00395107 secs using 99.97% CPU
Optimizing NNI: done in 0.00569797 secs using 99.81% CPU
Optimizing NNI: done in 0.00226116 secs using 99.95% CPU
Optimizing NNI: done in 0.00218201 secs using 99.95% CPU
Optimizing NNI: done in 0.00818205 secs using 99.71% CPU
Optimizing NNI: done in 0.00221395 secs using 99.37% CPU
Optimizing NNI: done in 0.00217319 secs using 99.85% CPU
Optimizing NNI: done in 0.0021801 secs using 99.95% CPU
Iteration 430 / LogL: -189.915 / Time: 0h:0m:4s (0h:0m:0s left)
Optimizing NNI: done in 0.00217915 secs using 99.99% CPU
Optimizing NNI: done in 0.00221205 secs using 99.95% CPU
Optimizing NNI: done in 0.00606108 secs using 99.98% CPU
Optimizing NNI: done in 0.0022521 secs using 100% CPU
Optimizing NNI: done in 0.00402284 secs using 100% CPU
Optimizing NNI: done in 0.00207591 secs using 100% CPU
Optimizing NNI: done in 0.00614786 secs using 99.77% CPU
Optimizing NNI: done in 0.00219297 secs using 100% CPU
Optimizing NNI: done in 0.00218201 secs using 99.91% CPU
Optimizing NNI: done in 0.00223517 secs using 100% CPU
Iteration 440 / LogL: -189.915 / Time: 0h:0m:4s (0h:0m:0s left)
Optimizing NNI: done in 0.00213003 secs using 99.95% CPU
Optimizing NNI: done in 0.00225997 secs using 100% CPU
Optimizing NNI: done in 0.00211692 secs using 99.96% CPU
Optimizing NNI: done in 0.00614119 secs using 99.77% CPU
Optimizing NNI: done in 0.00223613 secs using 99.37% CPU
Optimizing NNI: done in 0.00211406 secs using 100% CPU
Optimizing NNI: done in 0.00221395 secs using 100% CPU
Optimizing NNI: done in 0.00210118 secs using 99.99% CPU
Optimizing NNI: done in 0.00212979 secs using 99.92% CPU
Optimizing NNI: done in 0.00404787 secs using 99.61% CPU
Iteration 450 / LogL: -189.915 / Time: 0h:0m:4s (0h:0m:0s left)
Log-likelihood cutoff on original alignment: -196.294
Optimizing NNI: done in 0.00223708 secs using 99.37% CPU
Optimizing NNI: done in 0.0022819 secs using 99.92% CPU
Optimizing NNI: done in 0.0021801 secs using 99.9% CPU
Optimizing NNI: done in 0.00216508 secs using 99.95% CPU
Optimizing NNI: done in 0.00222993 secs using 99.96% CPU
Optimizing NNI: done in 0.00222802 secs using 100% CPU
Optimizing NNI: done in 0.00216293 secs using 100% CPU
Optimizing NNI: done in 0.00587106 secs using 99.74% CPU
Optimizing NNI: done in 0.00417209 secs using 99.61% CPU
Optimizing NNI: done in 0.00410008 secs using 99.71% CPU
Iteration 460 / LogL: -189.915 / Time: 0h:0m:4s (0h:0m:0s left)
Optimizing NNI: done in 0.00562692 secs using 100% CPU
Optimizing NNI: done in 0.00213289 secs using 100.1% CPU
Optimizing NNI: done in 0.00219989 secs using 99.55% CPU
Optimizing NNI: done in 0.00792623 secs using 100% CPU
Optimizing NNI: done in 0.00629902 secs using 99.76% CPU
Optimizing NNI: done in 0.00594687 secs using 99.99% CPU
Optimizing NNI: done in 0.00216699 secs using 99.49% CPU
Optimizing NNI: done in 0.00217581 secs using 99.96% CPU
Optimizing NNI: done in 0.00217104 secs using 100% CPU
Optimizing NNI: done in 0.00219011 secs using 99.95% CPU
Iteration 470 / LogL: -189.915 / Time: 0h:0m:5s (0h:0m:0s left)
Optimizing NNI: done in 0.00220799 secs using 99.91% CPU
Optimizing NNI: done in 0.00223398 secs using 99.96% CPU
Optimizing NNI: done in 0.00218105 secs using 99.95% CPU
Optimizing NNI: done in 0.0021379 secs using 99.91% CPU
Optimizing NNI: done in 0.00219512 secs using 99.9% CPU
Optimizing NNI: done in 0.00222182 secs using 100% CPU
Optimizing NNI: done in 0.00211811 secs using 99.95% CPU
Optimizing NNI: done in 0.00575781 secs using 99.78% CPU
Optimizing NNI: done in 0.00218487 secs using 100% CPU
Optimizing NNI: done in 0.00215197 secs using 99.96% CPU
Iteration 480 / LogL: -189.915 / Time: 0h:0m:5s (0h:0m:0s left)
Optimizing NNI: done in 0.00216198 secs using 99.95% CPU
Optimizing NNI: done in 0.00218797 secs using 99.96% CPU
Optimizing NNI: done in 0.00216198 secs using 99.95% CPU
Optimizing NNI: done in 0.002249 secs using 99.96% CPU
Optimizing NNI: done in 0.00222993 secs using 99.96% CPU
Optimizing NNI: done in 0.00219584 secs using 100% CPU
Optimizing NNI: done in 0.00213885 secs using 99.31% CPU
Optimizing NNI: done in 0.00220609 secs using 99.91% CPU
Optimizing NNI: done in 0.00212502 secs using 99.95% CPU
Optimizing NNI: done in 0.00417805 secs using 99.59% CPU
Iteration 490 / LogL: -189.915 / Time: 0h:0m:5s (0h:0m:0s left)
Optimizing NNI: done in 0.00627398 secs using 99.98% CPU
Optimizing NNI: done in 0.00412893 secs using 99.98% CPU
Optimizing NNI: done in 0.00219703 secs using 99.91% CPU
Optimizing NNI: done in 0.00385618 secs using 100% CPU
Optimizing NNI: done in 0.00623202 secs using 99.82% CPU
Optimizing NNI: done in 0.00560713 secs using 99.98% CPU
Optimizing NNI: done in 0.0050118 secs using 99.98% CPU
Optimizing NNI: done in 0.00216484 secs using 99.96% CPU
Optimizing NNI: done in 0.00209498 secs using 99.95% CPU
Optimizing NNI: done in 0.00213003 secs using 99.95% CPU
Iteration 500 / LogL: -189.915 / Time: 0h:0m:5s (0h:0m:0s left)
Log-likelihood cutoff on original alignment: -196.294
NOTE: Bootstrap correlation coefficient of split occurrence frequencies: 0.972
NOTE: UFBoot does not converge, continue at least 100 more iterations
Optimizing NNI: done in 0.00218105 secs using 100% CPU
Optimizing NNI: done in 0.00219893 secs using 100% CPU
Optimizing NNI: done in 0.00407195 secs using 100% CPU
Optimizing NNI: done in 0.00391078 secs using 99.75% CPU
Optimizing NNI: done in 0.00227404 secs using 100% CPU
Optimizing NNI: done in 0.0041461 secs using 99.71% CPU
Optimizing NNI: done in 0.00421619 secs using 99.97% CPU
Optimizing NNI: done in 0.00219607 secs using 100% CPU
Optimizing NNI: done in 0.00214005 secs using 100% CPU
Optimizing NNI: done in 0.00216293 secs using 100% CPU
Iteration 510 / LogL: -189.915 / Time: 0h:0m:5s (0h:0m:0s left)
Optimizing NNI: done in 0.00215983 secs using 99.96% CPU
Optimizing NNI: done in 0.00232005 secs using 99.48% CPU
Optimizing NNI: done in 0.00560999 secs using 99.8% CPU
Optimizing NNI: done in 0.00220299 secs using 100% CPU
Optimizing NNI: done in 0.00404692 secs using 99.68% CPU
Optimizing NNI: done in 0.00218511 secs using 100% CPU
Optimizing NNI: done in 0.00209999 secs using 99.95% CPU
Optimizing NNI: done in 0.00847888 secs using 99.88% CPU
Optimizing NNI: done in 0.00394487 secs using 99.98% CPU
Optimizing NNI: done in 0.0047121 secs using 99.76% CPU
Iteration 520 / LogL: -189.915 / Time: 0h:0m:5s (0h:0m:0s left)
Optimizing NNI: done in 0.002141 secs using 99.39% CPU
Optimizing NNI: done in 0.00571918 secs using 99.75% CPU
Optimizing NNI: done in 0.00498104 secs using 99.92% CPU
Optimizing NNI: done in 0.00216007 secs using 100% CPU
Optimizing NNI: done in 0.00408101 secs using 99.73% CPU
Optimizing NNI: done in 0.00576496 secs using 99.79% CPU
Optimizing NNI: done in 0.00218916 secs using 100% CPU
Optimizing NNI: done in 0.00370097 secs using 100% CPU
Optimizing NNI: done in 0.00222683 secs using 100% CPU
Optimizing NNI: done in 0.00218296 secs using 99.96% CPU
Iteration 530 / LogL: -189.915 / Time: 0h:0m:5s (0h:0m:0s left)
Optimizing NNI: done in 0.00216007 secs using 100% CPU
Optimizing NNI: done in 0.00409698 secs using 100% CPU
Optimizing NNI: done in 0.00223494 secs using 100% CPU
Optimizing NNI: done in 0.00217986 secs using 100.1% CPU
Optimizing NNI: done in 0.00417209 secs using 99.97% CPU
Optimizing NNI: done in 0.00406814 secs using 99.95% CPU
Optimizing NNI: done in 0.00216985 secs using 100.1% CPU
Optimizing NNI: done in 0.00410509 secs using 99.97% CPU
Optimizing NNI: done in 0.00360298 secs using 100% CPU
Optimizing NNI: done in 0.00215006 secs using 99.35% CPU
Iteration 540 / LogL: -189.915 / Time: 0h:0m:5s (0h:0m:0s left)
Optimizing NNI: done in 0.0021832 secs using 99.99% CPU
Optimizing NNI: done in 0.00225186 secs using 100% CPU
Optimizing NNI: done in 0.00228381 secs using 99.48% CPU
Optimizing NNI: done in 0.00403404 secs using 99.8% CPU
Optimizing NNI: done in 0.00213814 secs using 99.99% CPU
Optimizing NNI: done in 0.004143 secs using 100% CPU
Optimizing NNI: done in 0.00572705 secs using 99.81% CPU
Optimizing NNI: done in 0.00226712 secs using 99.91% CPU
Optimizing NNI: done in 0.00417399 secs using 100% CPU
Optimizing NNI: done in 0.00808215 secs using 99.86% CPU
Iteration 550 / LogL: -189.915 / Time: 0h:0m:6s (0h:0m:0s left)
Log-likelihood cutoff on original alignment: -196.294
Optimizing NNI: done in 0.00218916 secs using 99.95% CPU
Optimizing NNI: done in 0.00210118 secs using 99.94% CPU
Optimizing NNI: done in 0.002074 secs using 99.9% CPU
Optimizing NNI: done in 0.00226903 secs using 99.56% CPU
Optimizing NNI: done in 0.0022099 secs using 99.6% CPU
Optimizing NNI: done in 0.00216794 secs using 99.45% CPU
Optimizing NNI: done in 0.00308609 secs using 99.58% CPU
Optimizing NNI: done in 0.0022049 secs using 99.91% CPU
Optimizing NNI: done in 0.00410485 secs using 99.66% CPU
Optimizing NNI: done in 0.00211287 secs using 100% CPU
Iteration 560 / LogL: -189.915 / Time: 0h:0m:6s (0h:0m:0s left)
Optimizing NNI: done in 0.00411701 secs using 99.95% CPU
Optimizing NNI: done in 0.00214696 secs using 100% CPU
Optimizing NNI: done in 0.00209689 secs using 100% CPU
Optimizing NNI: done in 0.00199795 secs using 99.55% CPU
Optimizing NNI: done in 0.00499797 secs using 100% CPU
Optimizing NNI: done in 0.00215912 secs using 99.99% CPU
Optimizing NNI: done in 0.00152087 secs using 100% CPU
Optimizing NNI: done in 0.00399804 secs using 100% CPU
Optimizing NNI: done in 0.00221801 secs using 99.41% CPU
Optimizing NNI: done in 0.00188684 secs using 100% CPU
Iteration 570 / LogL: -189.915 / Time: 0h:0m:6s (0h:0m:0s left)
Optimizing NNI: done in 0.00483084 secs using 100% CPU
Optimizing NNI: done in 0.00217915 secs using 99.99% CPU
Optimizing NNI: done in 0.00215888 secs using 100% CPU
Optimizing NNI: done in 0.00415301 secs using 99.98% CPU
Optimizing NNI: done in 0.00194502 secs using 100.1% CPU
Optimizing NNI: done in 0.00183606 secs using 100% CPU
Optimizing NNI: done in 0.00341201 secs using 100% CPU
Optimizing NNI: done in 0.00503612 secs using 99.8% CPU
Optimizing NNI: done in 0.00183702 secs using 100% CPU
Optimizing NNI: done in 0.00189304 secs using 99.94% CPU
Iteration 580 / LogL: -189.915 / Time: 0h:0m:6s (0h:0m:0s left)
Optimizing NNI: done in 0.00186515 secs using 99.51% CPU
Optimizing NNI: done in 0.00524497 secs using 100% CPU
Optimizing NNI: done in 0.001791 secs using 100% CPU
Optimizing NNI: done in 0.0018959 secs using 100% CPU
Optimizing NNI: done in 0.00351691 secs using 100% CPU
Optimizing NNI: done in 0.00155997 secs using 100% CPU
Optimizing NNI: done in 0.00408602 secs using 100% CPU
Optimizing NNI: done in 0.00518394 secs using 99.79% CPU
Optimizing NNI: done in 0.00405693 secs using 100% CPU
Optimizing NNI: done in 0.00225592 secs using 99.43% CPU
Iteration 590 / LogL: -189.915 / Time: 0h:0m:6s (0h:0m:0s left)
Optimizing NNI: done in 0.00190496 secs using 99.42% CPU
Optimizing NNI: done in 0.00468707 secs using 99.81% CPU
Optimizing NNI: done in 0.00194001 secs using 99.43% CPU
Optimizing NNI: done in 0.00356007 secs using 99.75% CPU
Optimizing NNI: done in 0.00178719 secs using 99.49% CPU
Optimizing NNI: done in 0.00187182 secs using 100% CPU
Optimizing NNI: done in 0.00182199 secs using 100% CPU
Optimizing NNI: done in 0.00347805 secs using 100% CPU
Optimizing NNI: done in 0.00184512 secs using 99.99% CPU
Optimizing NNI: done in 0.001899 secs using 99.37% CPU
Iteration 600 / LogL: -189.915 / Time: 0h:0m:6s (0h:0m:0s left)
Log-likelihood cutoff on original alignment: -196.291
NOTE: Bootstrap correlation coefficient of split occurrence frequencies: 0.979
NOTE: UFBoot does not converge, continue at least 100 more iterations
Optimizing NNI: done in 0.0019722 secs using 99.94% CPU
Optimizing NNI: done in 0.00194883 secs using 100.1% CPU
Optimizing NNI: done in 0.00701118 secs using 99.83% CPU
Optimizing NNI: done in 0.00196886 secs using 99.96% CPU
Optimizing NNI: done in 0.00194502 secs using 99.95% CPU
Optimizing NNI: done in 0.00184202 secs using 100% CPU
Optimizing NNI: done in 0.00353909 secs using 99.69% CPU
Optimizing NNI: done in 0.00626206 secs using 99.84% CPU
Optimizing NNI: done in 0.001791 secs using 100% CPU
Optimizing NNI: done in 0.00527 secs using 99.79% CPU
Iteration 610 / LogL: -189.915 / Time: 0h:0m:6s (0h:0m:1s left)
Optimizing NNI: done in 0.00182509 secs using 100% CPU
Optimizing NNI: done in 0.001827 secs using 99.89% CPU
Optimizing NNI: done in 0.00182796 secs using 99.95% CPU
Optimizing NNI: done in 0.00202107 secs using 99.95% CPU
Optimizing NNI: done in 0.00200295 secs using 100% CPU
Optimizing NNI: done in 0.00229597 secs using 100% CPU
Optimizing NNI: done in 0.00800109 secs using 99.86% CPU
Optimizing NNI: done in 0.00216818 secs using 99.99% CPU
Optimizing NNI: done in 0.00218201 secs using 99.91% CPU
Optimizing NNI: done in 0.00501513 secs using 99.98% CPU
Iteration 620 / LogL: -194.728 / Time: 0h:0m:7s (0h:0m:0s left)
Optimizing NNI: done in 0.00217509 secs using 99.49% CPU
Optimizing NNI: done in 0.00223684 secs using 99.56% CPU
Optimizing NNI: done in 0.00211883 secs using 100% CPU
Optimizing NNI: done in 0.00222397 secs using 99.96% CPU
Optimizing NNI: done in 0.00495696 secs using 99.76% CPU
Optimizing NNI: done in 0.00398016 secs using 100% CPU
Optimizing NNI: done in 0.0021069 secs using 100% CPU
Optimizing NNI: done in 0.00221896 secs using 100% CPU
Optimizing NNI: done in 0.00617194 secs using 99.84% CPU
Optimizing NNI: done in 0.00413203 secs using 99.73% CPU
Iteration 630 / LogL: -189.915 / Time: 0h:0m:7s (0h:0m:0s left)
Optimizing NNI: done in 0.00395012 secs using 99.77% CPU
Optimizing NNI: done in 0.006037 secs using 99.78% CPU
Optimizing NNI: done in 0.00559187 secs using 99.7% CPU
Optimizing NNI: done in 0.0040338 secs using 99.98% CPU
Optimizing NNI: done in 0.00630403 secs using 99.98% CPU
Optimizing NNI: done in 0.00225687 secs using 99.43% CPU
Optimizing NNI: done in 0.00422096 secs using 100% CPU
Optimizing NNI: done in 0.00313497 secs using 99.97% CPU
Optimizing NNI: done in 0.00184989 secs using 99.95% CPU
Optimizing NNI: done in 0.00218606 secs using 99.4% CPU
Iteration 640 / LogL: -189.915 / Time: 0h:0m:7s (0h:0m:0s left)
Optimizing NNI: done in 0.002249 secs using 99.96% CPU
Optimizing NNI: done in 0.00221205 secs using 99.95% CPU
Optimizing NNI: done in 0.00217009 secs using 100% CPU
Optimizing NNI: done in 0.00417995 secs using 99.95% CPU
Optimizing NNI: done in 0.00212717 secs using 99.99% CPU
Optimizing NNI: done in 0.0022521 secs using 99.42% CPU
Optimizing NNI: done in 0.00622392 secs using 100% CPU
Optimizing NNI: done in 0.00222492 secs using 99.91% CPU
Optimizing NNI: done in 0.0040791 secs using 100% CPU
Optimizing NNI: done in 0.00215578 secs using 100% CPU
Iteration 650 / LogL: -189.915 / Time: 0h:0m:7s (0h:0m:0s left)
Log-likelihood cutoff on original alignment: -196.291
Optimizing NNI: done in 0.00222087 secs using 100.1% CPU
Optimizing NNI: done in 0.00220084 secs using 99.96% CPU
Optimizing NNI: done in 0.00338507 secs using 99.67% CPU
Optimizing NNI: done in 0.00227594 secs using 99.96% CPU
Optimizing NNI: done in 0.00474715 secs using 100% CPU
Optimizing NNI: done in 0.00208592 secs using 100.1% CPU
Optimizing NNI: done in 0.00406599 secs using 99.95% CPU
Optimizing NNI: done in 0.00418806 secs using 100% CPU
Optimizing NNI: done in 0.00214696 secs using 99.35% CPU
Optimizing NNI: done in 0.00209999 secs using 99.52% CPU
Iteration 660 / LogL: -189.915 / Time: 0h:0m:7s (0h:0m:0s left)
Optimizing NNI: done in 0.00211 secs using 100% CPU
Optimizing NNI: done in 0.002069 secs using 99.9% CPU
Optimizing NNI: done in 0.00609612 secs using 99.8% CPU
Optimizing NNI: done in 0.00399899 secs using 100% CPU
Optimizing NNI: done in 0.00222206 secs using 99.46% CPU
Optimizing NNI: done in 0.00614905 secs using 99.98% CPU
Optimizing NNI: done in 0.00225782 secs using 99.43% CPU
Optimizing NNI: done in 0.00220609 secs using 100% CPU
Optimizing NNI: done in 0.00215483 secs using 100% CPU
Optimizing NNI: done in 0.00211096 secs using 99.95% CPU
Iteration 670 / LogL: -189.915 / Time: 0h:0m:7s (0h:0m:0s left)
Optimizing NNI: done in 0.00217795 secs using 100% CPU
Optimizing NNI: done in 0.00216007 secs using 100% CPU
Optimizing NNI: done in 0.00223398 secs using 100% CPU
Optimizing NNI: done in 0.00224495 secs using 99.91% CPU
Optimizing NNI: done in 0.00590706 secs using 99.85% CPU
Optimizing NNI: done in 0.00411582 secs using 99.69% CPU
Optimizing NNI: done in 0.0021832 secs using 99.95% CPU
Optimizing NNI: done in 0.00609684 secs using 99.79% CPU
Optimizing NNI: done in 0.00212598 secs using 99.95% CPU
Optimizing NNI: done in 0.00213099 secs using 99.95% CPU
Iteration 680 / LogL: -189.915 / Time: 0h:0m:7s (0h:0m:0s left)
Optimizing NNI: done in 0.0052371 secs using 99.96% CPU
Optimizing NNI: done in 0.00213218 secs using 99.99% CPU
Optimizing NNI: done in 0.0020709 secs using 100% CPU
Optimizing NNI: done in 0.00216794 secs using 99.86% CPU
Optimizing NNI: done in 0.00205112 secs using 99.9% CPU
Optimizing NNI: done in 0.00212717 secs using 100% CPU
Optimizing NNI: done in 0.00539494 secs using 99.98% CPU
Optimizing NNI: done in 0.00214696 secs using 99.96% CPU
Optimizing NNI: done in 0.00219297 secs using 100% CPU
Optimizing NNI: done in 0.00612402 secs using 100% CPU
Iteration 690 / LogL: -189.915 / Time: 0h:0m:8s (0h:0m:0s left)
Optimizing NNI: done in 0.00222397 secs using 99.37% CPU
Optimizing NNI: done in 0.00485706 secs using 100% CPU
Optimizing NNI: done in 0.00222397 secs using 99.96% CPU
Optimizing NNI: done in 0.00209713 secs using 99.95% CPU
Optimizing NNI: done in 0.00612307 secs using 100% CPU
Optimizing NNI: done in 0.0021801 secs using 99.35% CPU
Optimizing NNI: done in 0.00212598 secs using 99.95% CPU
Optimizing NNI: done in 0.00221705 secs using 99.46% CPU
Optimizing NNI: done in 0.00212789 secs using 100% CPU
Optimizing NNI: done in 0.00212502 secs using 99.95% CPU
Iteration 700 / LogL: -189.915 / Time: 0h:0m:8s (0h:0m:0s left)
Log-likelihood cutoff on original alignment: -196.677
NOTE: Bootstrap correlation coefficient of split occurrence frequencies: 0.964
NOTE: UFBoot does not converge, continue at least 100 more iterations
Optimizing NNI: done in 0.00820494 secs using 99.84% CPU
Optimizing NNI: done in 0.00494695 secs using 99.74% CPU
Optimizing NNI: done in 0.00222397 secs using 99.96% CPU
Optimizing NNI: done in 0.00214601 secs using 100% CPU
Optimizing NNI: done in 0.00562191 secs using 100% CPU
Optimizing NNI: done in 0.00612402 secs using 99.79% CPU
Optimizing NNI: done in 0.00558186 secs using 99.75% CPU
Optimizing NNI: done in 0.00415611 secs using 100% CPU
Optimizing NNI: done in 0.00624299 secs using 99.89% CPU
Optimizing NNI: done in 0.00603008 secs using 99.83% CPU
Iteration 710 / LogL: -189.915 / Time: 0h:0m:8s (0h:0m:1s left)
Optimizing NNI: done in 0.00217199 secs using 99.45% CPU
Optimizing NNI: done in 0.00218916 secs using 97.94% CPU
Optimizing NNI: done in 0.00222301 secs using 100% CPU
Optimizing NNI: done in 0.00223994 secs using 99.56% CPU
Optimizing NNI: done in 0.00123215 secs using 100.1% CPU
Optimizing NNI: done in 0.00121498 secs using 100.1% CPU
Optimizing NNI: done in 0.00129509 secs using 99.99% CPU
Optimizing NNI: done in 0.00266981 secs using 100% CPU
Optimizing NNI: done in 0.00264597 secs using 99.59% CPU
Optimizing NNI: done in 0.00121498 secs using 100% CPU
Iteration 720 / LogL: -189.915 / Time: 0h:0m:8s (0h:0m:0s left)
Optimizing NNI: done in 0.00121713 secs using 99.25% CPU
Optimizing NNI: done in 0.002285 secs using 100% CPU
Optimizing NNI: done in 0.00126982 secs using 99.94% CPU
Optimizing NNI: done in 0.00229716 secs using 99.99% CPU
Optimizing NNI: done in 0.00122285 secs using 100.1% CPU
Optimizing NNI: done in 0.001266 secs using 99.92% CPU
Optimizing NNI: done in 0.00126314 secs using 99.36% CPU
Optimizing NNI: done in 0.00231099 secs using 100.1% CPU
Optimizing NNI: done in 0.0012269 secs using 100% CPU
Optimizing NNI: done in 0.00133514 secs using 99.91% CPU
Iteration 730 / LogL: -189.915 / Time: 0h:0m:8s (0h:0m:0s left)
Optimizing NNI: done in 0.00124502 secs using 100.1% CPU
Optimizing NNI: done in 0.00122499 secs using 100% CPU
Optimizing NNI: done in 0.00229216 secs using 99.99% CPU
Optimizing NNI: done in 0.00118303 secs using 100% CPU
Optimizing NNI: done in 0.0012219 secs using 100% CPU
Optimizing NNI: done in 0.00218296 secs using 99.91% CPU
Optimizing NNI: done in 0.00212789 secs using 99.44% CPU
Optimizing NNI: done in 0.00225401 secs using 100% CPU
Optimizing NNI: done in 0.00180507 secs using 100% CPU
Optimizing NNI: done in 0.00216889 secs using 100% CPU
Iteration 740 / LogL: -189.915 / Time: 0h:0m:8s (0h:0m:0s left)
Optimizing NNI: done in 0.00321198 secs using 99.63% CPU
Optimizing NNI: done in 0.003865 secs using 99.97% CPU
Optimizing NNI: done in 0.00222993 secs using 99.55% CPU
Optimizing NNI: done in 0.00380588 secs using 100% CPU
Optimizing NNI: done in 0.00219607 secs using 100% CPU
Optimizing NNI: done in 0.00391817 secs using 99.71% CPU
Optimizing NNI: done in 0.00563216 secs using 99.73% CPU
Optimizing NNI: done in 0.00215006 secs using 99.9% CPU
Optimizing NNI: done in 0.00225186 secs using 100% CPU
Optimizing NNI: done in 0.00206494 secs using 99.47% CPU
Iteration 750 / LogL: -189.915 / Time: 0h:0m:8s (0h:0m:0s left)
Log-likelihood cutoff on original alignment: -196.291
Optimizing NNI: done in 0.00226307 secs using 99.47% CPU
Optimizing NNI: done in 0.00207305 secs using 100% CPU
Optimizing NNI: done in 0.00211287 secs using 100% CPU
Optimizing NNI: done in 0.00711489 secs using 100% CPU
Optimizing NNI: done in 0.00208712 secs using 99.9% CPU
Optimizing NNI: done in 0.00213289 secs
Optimizing NNI: done in 0.00220203 secs using 99.41% CPU
Optimizing NNI: done in 0.00215101 secs using 99.91% CPU
Optimizing NNI: done in 0.00605011 secs using 99.83% CPU
Optimizing NNI: done in 0.00217605 secs using 99.86% CPU
Iteration 760 / LogL: -189.915 / Time: 0h:0m:9s (0h:0m:0s left)
Optimizing NNI: done in 0.00210595 secs using 100% CPU
Optimizing NNI: done in 0.00381398 secs using 99.97% CPU
Optimizing NNI: done in 0.00220203 secs using 99.54% CPU
Optimizing NNI: done in 0.00397015 secs using 100% CPU
Optimizing NNI: done in 0.00218797 secs using 100% CPU
Optimizing NNI: done in 0.00214791 secs using 99.45% CPU
Optimizing NNI: done in 0.00306106 secs using 99.97% CPU
Optimizing NNI: done in 0.00121903 secs using 98.93% CPU
Optimizing NNI: done in 0.00123096 secs using 100% CPU
Optimizing NNI: done in 0.00539112 secs using 99.79% CPU
Iteration 770 / LogL: -189.915 / Time: 0h:0m:9s (0h:0m:0s left)
Optimizing NNI: done in 0.00392294 secs using 99.98% CPU
Optimizing NNI: done in 0.00194216 secs using 99.43% CPU
Optimizing NNI: done in 0.00195193 secs using 99.95% CPU
Optimizing NNI: done in 0.00662708 secs using 99.73% CPU
Optimizing NNI: done in 0.0021801 secs using 100% CPU
Optimizing NNI: done in 0.00194597 secs using 99.49% CPU
Optimizing NNI: done in 0.00196815 secs using 99.94% CPU
Optimizing NNI: done in 0.00221586 secs using 99.96% CPU
Optimizing NNI: done in 0.00422597 secs using 99.69% CPU
Optimizing NNI: done in 0.00595093 secs using 99.82% CPU
Iteration 780 / LogL: -189.915 / Time: 0h:0m:9s (0h:0m:0s left)
Optimizing NNI: done in 0.002069 secs using 100% CPU
Optimizing NNI: done in 0.00215197 secs using 99.91% CPU
Optimizing NNI: done in 0.00205207 secs using 99.9% CPU
Optimizing NNI: done in 0.00216913 secs using 99.63% CPU
Optimizing NNI: done in 0.00207496 secs using 100% CPU
Optimizing NNI: done in 0.00611281 secs using 99.66% CPU
Optimizing NNI: done in 0.00328398 secs using 100% CPU
Optimizing NNI: done in 0.00200796 secs using 99.55% CPU
Optimizing NNI: done in 0.00397301 secs using 100% CPU
Optimizing NNI: done in 0.00199509 secs using 100% CPU
Iteration 790 / LogL: -189.915 / Time: 0h:0m:9s (0h:0m:0s left)
Optimizing NNI: done in 0.00220609 secs using 99.54% CPU
Optimizing NNI: done in 0.00560093 secs using 99.84% CPU
Optimizing NNI: done in 0.00229406 secs using 99.95% CPU
Optimizing NNI: done in 0.00214386 secs using 99.49% CPU
Optimizing NNI: done in 0.00212407 secs using 100% CPU
Optimizing NNI: done in 0.00210285 secs using 99.96% CPU
Optimizing NNI: done in 0.00411916 secs using 99.75% CPU
Optimizing NNI: done in 0.00212979 secs using 99.96% CPU
Optimizing NNI: done in 0.00217199 secs using 99.95% CPU
Optimizing NNI: done in 0.00223994 secs using 100% CPU
Iteration 800 / LogL: -189.915 / Time: 0h:0m:9s (0h:0m:0s left)
Log-likelihood cutoff on original alignment: -196.291
NOTE: Bootstrap correlation coefficient of split occurrence frequencies: 0.967
NOTE: UFBoot does not converge, continue at least 100 more iterations
Optimizing NNI: done in 0.00217009 secs using 99.95% CPU
Optimizing NNI: done in 0.00216079 secs using 99.96% CPU
Optimizing NNI: done in 0.00378203 secs using 100% CPU
Optimizing NNI: done in 0.00217414 secs using 99.44% CPU
Optimizing NNI: done in 0.00217414 secs using 99.9% CPU
Optimizing NNI: done in 0.00211501 secs using 100% CPU
Optimizing NNI: done in 0.00212502 secs using 100% CPU
Optimizing NNI: done in 0.00212717 secs using 99.57% CPU
Optimizing NNI: done in 0.00218296 secs using 100% CPU
Optimizing NNI: done in 0.00225997 secs using 100% CPU
Iteration 810 / LogL: -189.915 / Time: 0h:0m:9s (0h:0m:1s left)
Optimizing NNI: done in 0.00567818 secs using 99.98% CPU
Optimizing NNI: done in 0.00213718 secs using 99.94% CPU
Optimizing NNI: done in 0.00220203 secs using 100% CPU
Optimizing NNI: done in 0.00446606 secs using 100% CPU
Optimizing NNI: done in 0.00358582 secs using 99.48% CPU
Optimizing NNI: done in 0.00219893 secs using 99.96% CPU
Optimizing NNI: done in 0.00805378 secs using 99.88% CPU
Optimizing NNI: done in 0.00216699 secs using 99.95% CPU
Optimizing NNI: done in 0.00791287 secs using 99.99% CPU
Optimizing NNI: done in 0.00212598 secs using 100% CPU
Iteration 820 / LogL: -189.915 / Time: 0h:0m:10s (0h:0m:0s left)
Optimizing NNI: done in 0.00754189 secs using 99.79% CPU
Optimizing NNI: done in 0.00214291 secs using 100% CPU
Optimizing NNI: done in 0.00224805 secs using 100% CPU
Optimizing NNI: done in 0.00214505 secs using 99.95% CPU
Optimizing NNI: done in 0.00224686 secs using 99.56% CPU
Optimizing NNI: done in 0.00220513 secs using 99.9% CPU
Optimizing NNI: done in 0.00629902 secs using 100% CPU
Optimizing NNI: done in 0.00396705 secs using 99.72% CPU
Optimizing NNI: done in 0.00209594 secs using 100% CPU
Optimizing NNI: done in 0.00821805 secs using 99.52% CPU
Iteration 830 / LogL: -189.915 / Time: 0h:0m:10s (0h:0m:0s left)
Optimizing NNI: done in 0.00208879 secs using 100% CPU
Optimizing NNI: done in 0.00221801 secs using 99.95% CPU
Optimizing NNI: done in 0.00213218 secs using 99.43% CPU
Optimizing NNI: done in 0.00594497 secs using 99.7% CPU
Optimizing NNI: done in 0.00208306 secs using 100% CPU
Optimizing NNI: done in 0.00215411 secs using 100% CPU
Optimizing NNI: done in 0.00211906 secs using 99.9% CPU
Optimizing NNI: done in 0.00222111 secs using 99.95% CPU
Optimizing NNI: done in 0.00405812 secs using 99.68% CPU
Optimizing NNI: done in 0.00209308 secs using 99.95% CPU
Iteration 840 / LogL: -189.915 / Time: 0h:0m:10s (0h:0m:0s left)
Optimizing NNI: done in 0.00208998 secs using 99% CPU
Optimizing NNI: done in 0.0040381 secs using 99.65% CPU
Optimizing NNI: done in 0.00213408 secs using 99.95% CPU
Optimizing NNI: done in 0.00223804 secs using 100% CPU
Optimizing NNI: done in 0.00388598 secs using 99.97% CPU
Optimizing NNI: done in 0.00216103 secs using 100% CPU
Optimizing NNI: done in 0.004071 secs using 99.58% CPU
Optimizing NNI: done in 0.00207496 secs using 99.95% CPU
Optimizing NNI: done in 0.00558209 secs using 99.75% CPU
Optimizing NNI: done in 0.00205207 secs using 99.85% CPU
Iteration 850 / LogL: -189.915 / Time: 0h:0m:10s (0h:0m:0s left)
Log-likelihood cutoff on original alignment: -196.291
Optimizing NNI: done in 0.00220704 secs using 99.95% CPU
Optimizing NNI: done in 0.00217795 secs using 99.96% CPU
Optimizing NNI: done in 0.004071 secs using 99.68% CPU
Optimizing NNI: done in 0.00213003 secs using 99.44% CPU
Optimizing NNI: done in 0.0039959 secs using 100% CPU
Optimizing NNI: done in 0.00544286 secs using 99.67% CPU
Optimizing NNI: done in 0.00204396 secs using 100% CPU
Optimizing NNI: done in 0.00395703 secs using 100% CPU
Optimizing NNI: done in 0.0020721 secs using 100% CPU
Optimizing NNI: done in 0.0020721 secs using 100% CPU
Iteration 860 / LogL: -189.915 / Time: 0h:0m:10s (0h:0m:0s left)
Optimizing NNI: done in 0.00605512 secs using 99.8% CPU
Optimizing NNI: done in 0.00765204 secs using 99.83% CPU
Optimizing NNI: done in 0.00217605 secs using 99.91% CPU
Optimizing NNI: done in 0.00209999 secs using 99.91% CPU
Optimizing NNI: done in 0.00610709 secs using 99.79% CPU
Optimizing NNI: done in 0.00383186 secs using 100% CPU
Optimizing NNI: done in 0.00222707 secs using 99.41% CPU
Optimizing NNI: done in 0.00207615 secs using 99.99% CPU
Optimizing NNI: done in 0.00215411 secs using 99.95% CPU
Optimizing NNI: done in 0.002105 secs using 100% CPU
Iteration 870 / LogL: -189.915 / Time: 0h:0m:10s (0h:0m:0s left)
Optimizing NNI: done in 0.00214505 secs using 99.95% CPU
Optimizing NNI: done in 0.00387216 secs using 100% CPU
Optimizing NNI: done in 0.00220299 secs using 99.55% CPU
Optimizing NNI: done in 0.00213504 secs using 99.95% CPU
Optimizing NNI: done in 0.00219393 secs using 99.96% CPU
Optimizing NNI: done in 0.00208998 secs using 100% CPU
Optimizing NNI: done in 0.00496411 secs using 100% CPU
Optimizing NNI: done in 0.0022161 secs using 99.95% CPU
Optimizing NNI: done in 0.00400114 secs using 99.97% CPU
Optimizing NNI: done in 0.00789499 secs using 99.99% CPU
Iteration 880 / LogL: -189.915 / Time: 0h:0m:11s (0h:0m:0s left)
Optimizing NNI: done in 0.00375795 secs using 99.55% CPU
Optimizing NNI: done in 0.00220585 secs using 99.96% CPU
Optimizing NNI: done in 0.00203991 secs using 100% CPU
Optimizing NNI: done in 0.00211287 secs using 99.39% CPU
Optimizing NNI: done in 0.00216103 secs using 100% CPU
Optimizing NNI: done in 0.00216007 secs using 99.95% CPU
Optimizing NNI: done in 0.00216293 secs using 100% CPU
Optimizing NNI: done in 0.00214195 secs using 99.96% CPU
Optimizing NNI: done in 0.00218391 secs using 100% CPU
Optimizing NNI: done in 0.00207901 secs using 99.28% CPU
Iteration 890 / LogL: -189.915 / Time: 0h:0m:11s (0h:0m:0s left)
Optimizing NNI: done in 0.00221705 secs using 99.41% CPU
Optimizing NNI: done in 0.00403094 secs using 99.98% CPU
Optimizing NNI: done in 0.00212789 secs using 99.96% CPU
Optimizing NNI: done in 0.00128984 secs using 100% CPU
Optimizing NNI: done in 0.00124288 secs using 99.85% CPU
Optimizing NNI: done in 0.00121713 secs using 99.99% CPU
Optimizing NNI: done in 0.00125885 secs using 99.93% CPU
Optimizing NNI: done in 0.00126815 secs using 99.83% CPU
Optimizing NNI: done in 0.00125813 secs using 99.83% CPU
Optimizing NNI: done in 0.00218201 secs using 100% CPU
Iteration 900 / LogL: -189.915 / Time: 0h:0m:11s (0h:0m:0s left)
Log-likelihood cutoff on original alignment: -196.293
NOTE: Bootstrap correlation coefficient of split occurrence frequencies: 0.981
NOTE: UFBoot does not converge, continue at least 100 more iterations
Optimizing NNI: done in 0.008183 secs using 99.89% CPU
Optimizing NNI: done in 0.00377607 secs using 99.97% CPU
Optimizing NNI: done in 0.00403214 secs using 99.7% CPU
Optimizing NNI: done in 0.00218797 secs using 100% CPU
Optimizing NNI: done in 0.00226998 secs using 99.43% CPU
Optimizing NNI: done in 0.00207782 secs using 99.96% CPU
Optimizing NNI: done in 0.00226903 secs using 99.16% CPU
Optimizing NNI: done in 0.00210905 secs using 99.9% CPU
Optimizing NNI: done in 0.0039022 secs using 99.66% CPU
Optimizing NNI: done in 0.00216889 secs using 99.91% CPU
Iteration 910 / LogL: -189.915 / Time: 0h:0m:11s (0h:0m:1s left)
Optimizing NNI: done in 0.00219607 secs using 100% CPU
Optimizing NNI: done in 0.00222707 secs using 99.41% CPU
Optimizing NNI: done in 0.00408316 secs using 99.63% CPU
Optimizing NNI: done in 0.00219393 secs using 99.96% CPU
Optimizing NNI: done in 0.00647593 secs using 99.72% CPU
Optimizing NNI: done in 0.00216413 secs using 99.99% CPU
Optimizing NNI: done in 0.00218391 secs
Optimizing NNI: done in 0.00197983 secs using 100% CPU
Optimizing NNI: done in 0.00219798 secs using 99.45% CPU
Optimizing NNI: done in 0.0038929 secs using 99.98% CPU
Iteration 920 / LogL: -189.915 / Time: 0h:0m:11s (0h:0m:1s left)
Optimizing NNI: done in 0.00424695 secs using 100% CPU
Optimizing NNI: done in 0.00403619 secs using 100% CPU
Optimizing NNI: done in 0.00573778 secs using 99.99% CPU
Optimizing NNI: done in 0.00208187 secs using 100% CPU
Optimizing NNI: done in 0.00412607 secs using 100% CPU
Optimizing NNI: done in 0.00218606 secs using 99.4% CPU
Optimizing NNI: done in 0.00790811 secs using 99.85% CPU
Optimizing NNI: done in 0.00221205 secs using 100% CPU
Optimizing NNI: done in 0.002177 secs using 100% CPU
Optimizing NNI: done in 0.00604081 secs using 99.99% CPU
Iteration 930 / LogL: -189.915 / Time: 0h:0m:11s (0h:0m:0s left)
Optimizing NNI: done in 0.00216317 secs using 99.95% CPU
Optimizing NNI: done in 0.00219297 secs using 99.27% CPU
Optimizing NNI: done in 0.00553703 secs using 99.98% CPU
Optimizing NNI: done in 0.00717092 secs using 99.81% CPU
Optimizing NNI: done in 0.00403595 secs using 99.75% CPU
Optimizing NNI: done in 0.00221801 secs using 100% CPU
Optimizing NNI: done in 0.00546098 secs using 99.76% CPU
Optimizing NNI: done in 0.00216413 secs using 99.99% CPU
Optimizing NNI: done in 0.00210404 secs using 99.86% CPU
Optimizing NNI: done in 0.00568104 secs using 99.77% CPU
Iteration 940 / LogL: -189.915 / Time: 0h:0m:12s (0h:0m:0s left)
Optimizing NNI: done in 0.00216913 secs using 99.49% CPU
Optimizing NNI: done in 0.00211 secs using 100% CPU
Optimizing NNI: done in 0.00219202 secs using 99.91% CPU
Optimizing NNI: done in 0.00311303 secs using 100% CPU
Optimizing NNI: done in 0.00217891 secs using 100.1% CPU
Optimizing NNI: done in 0.00206017 secs using 99.36% CPU
Optimizing NNI: done in 0.00421405 secs using 99.95% CPU
Optimizing NNI: done in 0.00556707 secs using 100% CPU
Optimizing NNI: done in 0.00598693 secs using 99.73% CPU
Optimizing NNI: done in 0.0021131 secs using 99.95% CPU
Iteration 950 / LogL: -189.915 / Time: 0h:0m:12s (0h:0m:0s left)
Log-likelihood cutoff on original alignment: -196.293
Optimizing NNI: done in 0.00220585 secs using 100% CPU
Optimizing NNI: done in 0.00209618 secs using 100% CPU
Optimizing NNI: done in 0.00406909 secs using 100% CPU
Optimizing NNI: done in 0.00457597 secs using 99.76% CPU
Optimizing NNI: done in 0.00399804 secs using 99.97% CPU
Optimizing NNI: done in 0.00217509 secs using 100% CPU
Optimizing NNI: done in 0.00366807 secs using 99.97% CPU
Optimizing NNI: done in 0.00787497 secs using 99.75% CPU
Optimizing NNI: done in 0.00206304 secs using 100% CPU
Optimizing NNI: done in 0.00211501 secs using 100% CPU
Iteration 960 / LogL: -189.915 / Time: 0h:0m:12s (0h:0m:0s left)
Optimizing NNI: done in 0.00605607 secs using 99.98% CPU
Optimizing NNI: done in 0.00210786 secs using 99.96% CPU
Optimizing NNI: done in 0.00215411 secs using 99.95% CPU
Optimizing NNI: done in 0.00215197 secs using 99.96% CPU
Optimizing NNI: done in 0.0021441 secs using 100% CPU
Optimizing NNI: done in 0.00480294 secs using 99.98% CPU
Optimizing NNI: done in 0.00612283 secs using 100% CPU
Optimizing NNI: done in 0.00227213 secs using 99.29% CPU
Optimizing NNI: done in 0.00220394 secs using 99.96% CPU
Optimizing NNI: done in 0.00356889 secs using 100% CPU
Iteration 970 / LogL: -189.915 / Time: 0h:0m:12s (0h:0m:0s left)
Optimizing NNI: done in 0.00212097 secs using 100% CPU
Optimizing NNI: done in 0.00217509 secs using 100% CPU
Optimizing NNI: done in 0.00202799 secs using 100% CPU
Optimizing NNI: done in 0.00208902 secs using 100% CPU
Optimizing NNI: done in 0.00373101 secs using 99.68% CPU
Optimizing NNI: done in 0.00216007 secs using 100% CPU
Optimizing NNI: done in 0.00219893 secs using 99.18% CPU
Optimizing NNI: done in 0.00582695 secs using 99.98% CPU
Optimizing NNI: done in 0.00220203 secs using 100% CPU
Optimizing NNI: done in 0.00214314 secs using 99.95% CPU
Iteration 980 / LogL: -189.915 / Time: 0h:0m:12s (0h:0m:0s left)
Optimizing NNI: done in 0.00215816 secs using 99.99% CPU
Optimizing NNI: done in 0.00214005 secs using 100% CPU
Optimizing NNI: done in 0.00211716 secs using 99.99% CPU
Optimizing NNI: done in 0.00217319 secs using 99.99% CPU
Optimizing NNI: done in 0.00616384 secs using 99.81% CPU
Optimizing NNI: done in 0.00204086 secs using 100% CPU
Optimizing NNI: done in 0.00542808 secs using 99.78% CPU
Optimizing NNI: done in 0.003932 secs using 99.97% CPU
Optimizing NNI: done in 0.00640988 secs using 100% CPU
Optimizing NNI: done in 0.00213313 secs using 99.95% CPU
Iteration 990 / LogL: -189.915 / Time: 0h:0m:12s (0h:0m:0s left)
Optimizing NNI: done in 0.00217009 secs using 99.95% CPU
Optimizing NNI: done in 0.00813007 secs using 99.83% CPU
Optimizing NNI: done in 0.00219297 secs using 100% CPU
Optimizing NNI: done in 0.00618196 secs using 100% CPU
Optimizing NNI: done in 0.00404882 secs using 100% CPU
Optimizing NNI: done in 0.00371194 secs using 99.68% CPU
Optimizing NNI: done in 0.00404716 secs using 99.65% CPU
Optimizing NNI: done in 0.00216079 secs using 99.36% CPU
Optimizing NNI: done in 0.00217009 secs using 100% CPU
Optimizing NNI: done in 0.00220704 secs using 100.1% CPU
Iteration 1000 / LogL: -189.915 / Time: 0h:0m:13s (0h:0m:0s left)
Log-likelihood cutoff on original alignment: -196.615
NOTE: Bootstrap correlation coefficient of split occurrence frequencies: 0.971
NOTE: UFBoot does not converge, continue at least 100 more iterations
Optimizing NNI: done in 0.00598907 secs using 99.75% CPU
WARNING: bootstrap analysis did not converge. You should rerun with higher number of iterations (-nm option)
TREE SEARCH COMPLETED AFTER 1001 ITERATIONS / Time: 0h:0m:13s

--------------------------------------------------------------------
|                    FINALIZING TREE SEARCH                        |
--------------------------------------------------------------------
Performs final model parameters optimization
Estimate model parameters (epsilon = 0.010)
1. Initial log-likelihood: -189.915
Optimal log-likelihood: -189.915
Parameters optimization took 1 rounds (0.001 sec)
BEST SCORE FOUND : -189.915

Testing tree branches by SH-like aLRT with 1000 replicates...
0.007 sec.
Creating bootstrap support values...
Split supports printed to NEXUS file ../results/molecular_evolution_analyses/phylogenetic_trees/F11174_SMED_G1/F11174_SMED_G1.splits.nex
Total tree length: 0.535

Total number of iterations: 1001
CPU time used for tree search: 13.232 sec (0h:0m:13s)
Wall-clock time used for tree search: 13.161 sec (0h:0m:13s)
Total CPU time used: 13.296 sec (0h:0m:13s)
Total wall-clock time used: 13.227 sec (0h:0m:13s)

Computing bootstrap consensus tree...
Reading input file ../results/molecular_evolution_analyses/phylogenetic_trees/F11174_SMED_G1/F11174_SMED_G1.splits.nex...
10 taxa and 148 splits.
Consensus tree written to ../results/molecular_evolution_analyses/phylogenetic_trees/F11174_SMED_G1/F11174_SMED_G1.contree
Reading input trees file ../results/molecular_evolution_analyses/phylogenetic_trees/F11174_SMED_G1/F11174_SMED_G1.contree
Log-likelihood of consensus tree: -189.915

Analysis results written to: 
  IQ-TREE report:                ../results/molecular_evolution_analyses/phylogenetic_trees/F11174_SMED_G1/F11174_SMED_G1.iqtree
  Maximum-likelihood tree:       ../results/molecular_evolution_analyses/phylogenetic_trees/F11174_SMED_G1/F11174_SMED_G1.treefile
  Likelihood distances:          ../results/molecular_evolution_analyses/phylogenetic_trees/F11174_SMED_G1/F11174_SMED_G1.mldist

Ultrafast bootstrap approximation results written to:
  Split support values:          ../results/molecular_evolution_analyses/phylogenetic_trees/F11174_SMED_G1/F11174_SMED_G1.splits.nex
  Consensus tree:                ../results/molecular_evolution_analyses/phylogenetic_trees/F11174_SMED_G1/F11174_SMED_G1.contree
  Screen log file:               ../results/molecular_evolution_analyses/phylogenetic_trees/F11174_SMED_G1/F11174_SMED_G1.log

Date and Time: Thu Mar 28 11:17:37 2024
