IQ-TREE multicore version 2.2.2.6 COVID-edition for Linux 64-bit built May 27 2023
Developed by Bui Quang Minh, James Barbetti, Nguyen Lam Tung,
Olga Chernomor, Heiko Schmidt, Dominik Schrempf, Michael Woodhams, Ly Trong Nhan.

Host:    lbc5 (AVX2, FMA3, 125 GB RAM)
Command: /home/mauricio/mauricio_PROGRAMAS/iqtree-2.2.2.6-Linux/bin/iqtree2 -s ../results/molecular_evolution_analyses/alignments_gblocks/F92733_MLIG_G1/F92733_MLIG_G1.aln.gblo -m TEST --threads-max 32 --alrt 1000 --ufboot 1000 --prefix ../results/molecular_evolution_analyses/phylogenetic_trees/F92733_MLIG_G1/F92733_MLIG_G1 -keep-ident -redo
Seed:    950104 (Using SPRNG - Scalable Parallel Random Number Generator)
Time:    Wed May  1 09:27:17 2024
Kernel:  AVX+FMA - 1 threads (32 CPU cores detected)

HINT: Use -nt option to specify number of threads because your CPU has 32 cores!
HINT: -nt AUTO will automatically determine the best number of threads to use.

Reading alignment file ../results/molecular_evolution_analyses/alignments_gblocks/F92733_MLIG_G1/F92733_MLIG_G1.aln.gblo ... Fasta format detected
Reading fasta file: done in 0.000116825 secs
Alignment most likely contains protein sequences
Constructing alignment: done in 0.000438929 secs
Alignment has 8 sequences with 448 columns, 92 distinct patterns
82 parsimony-informative, 1 singleton sites, 365 constant sites
            Gap/Ambiguity  Composition  p-value
Analyzing sequences: done in 9.05991e-06 secs
   1  Mlig.47157    0.00%    passed    100.00%
   2  Mlig.41434    0.00%    passed    100.00%
   3  Mlig.41435    0.00%    passed    100.00%
   4  Mlig.13216    0.00%    passed    100.00%
   5  Mlig.13217    0.00%    passed    100.00%
   6  Mlig.43983    0.00%    passed    100.00%
   7  Mlig.22043    0.00%    passed    100.00%
   8  Mlig.47158    0.00%    passed    100.00%
****  TOTAL         0.00%  0 sequences failed composition chi2 test (p-value<5%; df=19)


Create initial parsimony tree by phylogenetic likelihood library (PLL)... 0.000 seconds
Perform fast likelihood tree search using LG+I+G model...
Estimate model parameters (epsilon = 5.000)
Perform nearest neighbor interchange...
Optimizing NNI: done in 0.00459313 secs using 95.19% CPU
Estimate model parameters (epsilon = 1.000)
1. Initial log-likelihood: -1839.575
Optimal log-likelihood: -1839.575
Proportion of invariable sites: 0.408
Gamma shape alpha: 1.130
Parameters optimization took 1 rounds (0.004 sec)
Time for fast ML tree search: 0.019 seconds

NOTE: ModelFinder requires 0 MB RAM!
ModelFinder will test up to 224 protein models (sample size: 448) ...
 No. Model         -LnL         df  AIC          AICc         BIC
  1  LG            1847.604     13  3721.209     3722.047     3774.571
  2  LG+I          1839.381     14  3706.763     3707.733     3764.230
  3  LG+G4         1839.527     14  3707.053     3708.023     3764.520
  4  LG+I+G4       1839.575     15  3709.149     3710.260     3770.721
  6  LG+F+I        1828.402     33  3722.804     3728.225     3858.263
  7  LG+F+G4       1828.535     33  3723.070     3728.491     3858.528
  8  LG+F+I+G4     1828.587     34  3725.173     3730.936     3864.736
 10  WAG+I         1862.089     14  3752.177     3753.147     3809.644
 11  WAG+G4        1862.266     14  3752.532     3753.502     3809.999
 12  WAG+I+G4      1862.305     15  3754.610     3755.721     3816.182
 14  WAG+F+I       1834.475     33  3734.949     3740.369     3870.407
 15  WAG+F+G4      1834.628     33  3735.257     3740.677     3870.715
 16  WAG+F+I+G4    1834.678     34  3737.356     3743.118     3876.919
 18  JTT+I         1847.391     14  3722.783     3723.753     3780.250
 19  JTT+G4        1847.562     14  3723.125     3724.095     3780.592
 20  JTT+I+G4      1847.594     15  3725.189     3726.300     3786.761
 22  JTT+F+I       1825.880     33  3717.760     3723.181     3853.219
 23  JTT+F+G4      1826.043     33  3718.085     3723.505     3853.543
 24  JTT+F+I+G4    1826.088     34  3720.176     3725.938     3859.739
WARNING: Normalizing state frequencies so that sum of them equals to 1
 26  Q.pfam+I      1845.418     14  3718.837     3719.807     3776.304
WARNING: Normalizing state frequencies so that sum of them equals to 1
 27  Q.pfam+G4     1845.589     14  3719.179     3720.149     3776.646
WARNING: Normalizing state frequencies so that sum of them equals to 1
 28  Q.pfam+I+G4   1845.632     15  3721.264     3722.375     3782.835
WARNING: Normalizing state frequencies so that sum of them equals to 1
 30  Q.pfam+F+I    1829.662     33  3725.323     3730.743     3860.781
WARNING: Normalizing state frequencies so that sum of them equals to 1
 31  Q.pfam+F+G4   1829.799     33  3725.597     3731.017     3861.055
WARNING: Normalizing state frequencies so that sum of them equals to 1
 32  Q.pfam+F+I+G4 1829.843     34  3727.687     3733.449     3867.250
WARNING: Normalizing state frequencies so that sum of them equals to 1
 34  Q.bird+I      1853.153     14  3734.305     3735.275     3791.773
WARNING: Normalizing state frequencies so that sum of them equals to 1
 35  Q.bird+G4     1853.096     14  3734.193     3735.163     3791.660
WARNING: Normalizing state frequencies so that sum of them equals to 1
 36  Q.bird+I+G4   1853.116     15  3736.232     3737.344     3797.804
WARNING: Normalizing state frequencies so that sum of them equals to 1
 38  Q.bird+F+I    1832.983     33  3731.966     3737.386     3867.424
WARNING: Normalizing state frequencies so that sum of them equals to 1
 39  Q.bird+F+G4   1832.889     33  3731.777     3737.197     3867.235
WARNING: Normalizing state frequencies so that sum of them equals to 1
 40  Q.bird+F+I+G4 1832.893     34  3733.786     3739.548     3873.349
WARNING: Normalizing state frequencies so that sum of them equals to 1
 42  Q.mammal+I    1853.236     14  3734.472     3735.442     3791.939
WARNING: Normalizing state frequencies so that sum of them equals to 1
 43  Q.mammal+G4   1853.248     14  3734.496     3735.466     3791.963
WARNING: Normalizing state frequencies so that sum of them equals to 1
 44  Q.mammal+I+G4 1853.278     15  3736.555     3737.666     3798.127
WARNING: Normalizing state frequencies so that sum of them equals to 1
 46  Q.mammal+F+I  1830.482     33  3726.963     3732.384     3862.422
WARNING: Normalizing state frequencies so that sum of them equals to 1
 47  Q.mammal+F+G4 1830.457     33  3726.914     3732.335     3862.372
WARNING: Normalizing state frequencies so that sum of them equals to 1
 48  Q.mammal+F+I+G4 1830.480     34  3728.959     3734.722     3868.522
 50  Q.insect+I    1834.472     14  3696.944     3697.914     3754.411
 51  Q.insect+G4   1834.651     14  3697.301     3698.271     3754.768
 52  Q.insect+I+G4 1834.705     15  3699.410     3700.521     3760.981
 54  Q.insect+F+I  1818.780     33  3703.560     3708.981     3839.018
 55  Q.insect+F+G4 1818.964     33  3703.929     3709.349     3839.387
 56  Q.insect+F+I+G4 1819.021     34  3706.042     3711.805     3845.605
WARNING: Normalizing state frequencies so that sum of them equals to 1
 58  Q.plant+I     1839.516     14  3707.033     3708.003     3764.500
WARNING: Normalizing state frequencies so that sum of them equals to 1
 59  Q.plant+G4    1839.388     14  3706.776     3707.746     3764.243
WARNING: Normalizing state frequencies so that sum of them equals to 1
 60  Q.plant+I+G4  1839.364     15  3708.729     3709.840     3770.301
WARNING: Normalizing state frequencies so that sum of them equals to 1
 62  Q.plant+F+I   1825.417     33  3716.834     3722.255     3852.293
WARNING: Normalizing state frequencies so that sum of them equals to 1
 63  Q.plant+F+G4  1825.314     33  3716.628     3722.048     3852.086
WARNING: Normalizing state frequencies so that sum of them equals to 1
 64  Q.plant+F+I+G4 1825.291     34  3718.582     3724.345     3858.145
WARNING: Normalizing state frequencies so that sum of them equals to 1
 66  Q.yeast+I     1840.510     14  3709.020     3709.990     3766.487
WARNING: Normalizing state frequencies so that sum of them equals to 1
 67  Q.yeast+G4    1840.720     14  3709.440     3710.410     3766.907
WARNING: Normalizing state frequencies so that sum of them equals to 1
 68  Q.yeast+I+G4  1840.772     15  3711.545     3712.656     3773.117
WARNING: Normalizing state frequencies so that sum of them equals to 1
 70  Q.yeast+F+I   1822.330     33  3710.661     3716.081     3846.119
WARNING: Normalizing state frequencies so that sum of them equals to 1
 71  Q.yeast+F+G4  1822.527     33  3711.055     3716.475     3846.513
WARNING: Normalizing state frequencies so that sum of them equals to 1
 72  Q.yeast+F+I+G4 1822.577     34  3713.155     3718.917     3852.718
 74  JTTDCMut+I    1848.044     14  3724.088     3725.058     3781.555
 75  JTTDCMut+G4   1848.203     14  3724.405     3725.375     3781.872
 76  JTTDCMut+I+G4 1848.233     15  3726.466     3727.577     3788.038
 78  JTTDCMut+F+I  1826.174     33  3718.348     3723.768     3853.806
 79  JTTDCMut+F+G4 1826.322     33  3718.645     3724.065     3854.103
 80  JTTDCMut+F+I+G4 1826.365     34  3720.731     3726.493     3860.294
 82  DCMut+I       1874.031     14  3776.062     3777.032     3833.529
 83  DCMut+G4      1874.017     14  3776.035     3777.005     3833.502
 84  DCMut+I+G4    1874.070     15  3778.140     3779.251     3839.712
 86  DCMut+F+I     1833.137     33  3732.273     3737.694     3867.732
 87  DCMut+F+G4    1833.094     33  3732.189     3737.609     3867.647
 88  DCMut+F+I+G4  1833.149     34  3734.297     3740.060     3873.860
 90  VT+I          1853.785     14  3735.569     3736.539     3793.036
 91  VT+G4         1854.012     14  3736.024     3736.994     3793.491
 92  VT+I+G4       1854.023     15  3738.047     3739.158     3799.619
 94  VT+F+I        1837.537     33  3741.074     3746.495     3876.532
 95  VT+F+G4       1837.758     33  3741.516     3746.936     3876.974
 96  VT+F+I+G4     1837.781     34  3743.562     3749.325     3883.125
 98  PMB+I         1874.124     14  3776.248     3777.218     3833.715
 99  PMB+G4        1874.258     14  3776.516     3777.486     3833.983
100  PMB+I+G4      1874.273     15  3778.547     3779.658     3840.119
102  PMB+F+I       1846.916     33  3759.832     3765.252     3895.290
103  PMB+F+G4      1847.035     33  3760.071     3765.491     3895.529
104  PMB+F+I+G4    1847.060     34  3762.120     3767.883     3901.683
106  Blosum62+I    1866.672     14  3761.345     3762.315     3818.812
107  Blosum62+G4   1866.843     14  3761.685     3762.655     3819.152
108  Blosum62+I+G4 1866.860     15  3763.720     3764.831     3825.292
110  Blosum62+F+I  1846.068     33  3758.137     3763.557     3893.595
111  Blosum62+F+G4 1846.241     33  3758.483     3763.903     3893.941
112  Blosum62+F+I+G4 1846.272     34  3760.544     3766.307     3900.107
114  Dayhoff+I     1873.891     14  3775.781     3776.751     3833.249
115  Dayhoff+G4    1873.876     14  3775.753     3776.723     3833.220
116  Dayhoff+I+G4  1873.929     15  3777.859     3778.970     3839.431
118  Dayhoff+F+I   1833.005     33  3732.009     3737.429     3867.467
119  Dayhoff+F+G4  1832.962     33  3731.923     3737.343     3867.381
120  Dayhoff+F+I+G4 1833.016     34  3734.032     3739.795     3873.595
122  mtREV+I       1959.380     14  3946.760     3947.729     4004.227
123  mtREV+G4      1958.822     14  3945.643     3946.613     4003.110
124  mtREV+I+G4    1958.597     15  3947.194     3948.305     4008.766
126  mtREV+F+I     1841.383     33  3748.766     3754.187     3884.225
127  mtREV+F+G4    1841.142     33  3748.284     3753.704     3883.742
128  mtREV+F+I+G4  1841.043     34  3750.085     3755.848     3889.648
130  mtART+I       1970.485     14  3968.969     3969.939     4026.436
131  mtART+G4      1968.468     14  3964.935     3965.905     4022.403
132  mtART+I+G4    1966.386     15  3962.772     3963.883     4024.344
134  mtART+F+I     1849.680     33  3765.359     3770.779     3900.817
135  mtART+F+G4    1848.443     33  3762.886     3768.306     3898.344
136  mtART+F+I+G4  1846.931     34  3761.862     3767.624     3901.425
138  mtZOA+I       1945.766     14  3919.533     3920.503     3977.000
139  mtZOA+G4      1944.640     14  3917.281     3918.251     3974.748
140  mtZOA+I+G4    1944.033     15  3918.066     3919.177     3979.637
142  mtZOA+F+I     1836.397     33  3738.795     3744.215     3874.253
143  mtZOA+F+G4    1835.809     33  3737.618     3743.039     3873.077
144  mtZOA+F+I+G4  1835.423     34  3738.847     3744.610     3878.410
146  mtMet+I       1963.970     14  3955.941     3956.911     4013.408
147  mtMet+G4      1963.280     14  3954.560     3955.530     4012.027
148  mtMet+I+G4    1963.009     15  3956.017     3957.128     4017.589
150  mtMet+F+I     1839.290     33  3744.580     3750.000     3880.038
151  mtMet+F+G4    1838.967     33  3743.933     3749.353     3879.391
152  mtMet+F+I+G4  1838.833     34  3745.665     3751.428     3885.228
154  mtVer+I       1983.117     14  3994.234     3995.204     4051.701
155  mtVer+G4      1982.109     14  3992.218     3993.188     4049.685
156  mtVer+I+G4    1981.611     15  3993.222     3994.333     4054.794
158  mtVer+F+I     1850.427     33  3766.854     3772.274     3902.312
159  mtVer+F+G4    1850.002     33  3766.003     3771.424     3901.462
160  mtVer+F+I+G4  1849.658     34  3767.317     3773.080     3906.880
162  mtInv+I       1984.137     14  3996.274     3997.244     4053.741
163  mtInv+G4      1983.633     14  3995.265     3996.235     4052.733
164  mtInv+I+G4    1983.459     15  3996.917     3998.029     4058.489
166  mtInv+F+I     1835.983     33  3737.966     3743.386     3873.424
167  mtInv+F+G4    1835.800     33  3737.599     3743.020     3873.058
168  mtInv+F+I+G4  1835.739     34  3739.477     3745.240     3879.040
170  mtMAM+I       1977.623     14  3983.245     3984.215     4040.712
171  mtMAM+G4      1975.513     14  3979.026     3979.996     4036.493
172  mtMAM+I+G4    1974.313     15  3978.626     3979.737     4040.198
174  mtMAM+F+I     1851.426     33  3768.852     3774.272     3904.310
175  mtMAM+F+G4    1850.651     33  3767.302     3772.723     3902.761
176  mtMAM+F+I+G4  1850.090     34  3768.180     3773.943     3907.743
WARNING: Normalizing state frequencies so that sum of them equals to 1
178  FLAVI+I       1898.918     14  3825.837     3826.807     3883.304
WARNING: Normalizing state frequencies so that sum of them equals to 1
179  FLAVI+G4      1898.116     14  3824.233     3825.203     3881.700
WARNING: Normalizing state frequencies so that sum of them equals to 1
180  FLAVI+I+G4    1897.214     15  3824.429     3825.540     3886.001
WARNING: Normalizing state frequencies so that sum of them equals to 1
182  FLAVI+F+I     1856.519     33  3779.037     3784.457     3914.495
WARNING: Normalizing state frequencies so that sum of them equals to 1
183  FLAVI+F+G4    1856.131     33  3778.262     3783.682     3913.720
WARNING: Normalizing state frequencies so that sum of them equals to 1
184  FLAVI+F+I+G4  1855.326     34  3778.652     3784.415     3918.215
186  HIVb+I        1876.594     14  3781.188     3782.158     3838.655
187  HIVb+G4       1876.333     14  3780.666     3781.636     3838.133
188  HIVb+I+G4     1876.149     15  3782.297     3783.408     3843.869
190  HIVb+F+I      1845.772     33  3757.544     3762.964     3893.002
191  HIVb+F+G4     1845.485     33  3756.969     3762.389     3892.427
192  HIVb+F+I+G4   1845.218     34  3758.435     3764.198     3897.998
194  HIVw+I        1934.838     14  3897.675     3898.645     3955.142
195  HIVw+G4       1934.266     14  3896.531     3897.501     3953.998
196  HIVw+I+G4     1933.668     15  3897.336     3898.448     3958.908
198  HIVw+F+I      1864.085     33  3794.170     3799.590     3929.628
199  HIVw+F+G4     1863.640     33  3793.279     3798.700     3928.737
200  HIVw+F+I+G4   1863.039     34  3794.078     3799.840     3933.640
202  FLU+I         1886.877     14  3801.754     3802.724     3859.221
203  FLU+G4        1886.646     14  3801.292     3802.262     3858.760
204  FLU+I+G4      1886.546     15  3803.091     3804.202     3864.663
206  FLU+F+I       1836.115     33  3738.231     3743.651     3873.689
207  FLU+F+G4      1835.861     33  3737.722     3743.142     3873.180
208  FLU+F+I+G4    1835.723     34  3739.446     3745.209     3879.009
210  rtREV+I       1864.373     14  3756.747     3757.717     3814.214
211  rtREV+G4      1864.405     14  3756.810     3757.780     3814.277
212  rtREV+I+G4    1864.421     15  3758.841     3759.952     3820.413
214  rtREV+F+I     1833.973     33  3733.946     3739.366     3869.404
215  rtREV+F+G4    1833.958     33  3733.916     3739.336     3869.374
216  rtREV+F+I+G4  1833.963     34  3735.925     3741.688     3875.488
218  cpREV+I       1872.311     14  3772.622     3773.592     3830.089
219  cpREV+G4      1872.040     14  3772.080     3773.050     3829.547
220  cpREV+I+G4    1871.912     15  3773.825     3774.936     3835.396
222  cpREV+F+I     1847.427     33  3760.855     3766.275     3896.313
223  cpREV+F+G4    1847.170     33  3760.339     3765.759     3895.797
224  cpREV+F+I+G4  1847.005     34  3762.011     3767.773     3901.574
Akaike Information Criterion:           Q.insect+I
Corrected Akaike Information Criterion: Q.insect+I
Bayesian Information Criterion:         Q.insect+I
Best-fit model: Q.insect+I chosen according to BIC

All model information printed to ../results/molecular_evolution_analyses/phylogenetic_trees/F92733_MLIG_G1/F92733_MLIG_G1.model.gz
CPU time for ModelFinder: 1.930 seconds (0h:0m:1s)
Wall-clock time for ModelFinder: 1.938 seconds (0h:0m:1s)
Generating 1000 samples for ultrafast bootstrap (seed: 950104)...

NOTE: 0 MB RAM (0 GB) is required!
Estimate model parameters (epsilon = 0.100)
1. Initial log-likelihood: -1834.472
Optimal log-likelihood: -1834.472
Proportion of invariable sites: 0.607
Parameters optimization took 1 rounds (0.001 sec)
Wrote distance file to... 
Computing ML distances based on estimated model parameters...
Calculating distance matrix: done in 0.00159383 secs using 99.01% CPU
Computing ML distances took 0.001621 sec (of wall-clock time) 0.001606 sec (of CPU time)
Setting up auxiliary I and S matrices: done in 2.69413e-05 secs using 100.2% CPU
Constructing RapidNJ tree: done in 3.09944e-05 secs using 96.79% CPU
Computing RapidNJ tree took 0.000102 sec (of wall-clock time) 0.000101 sec (of CPU time)
Log-likelihood of RapidNJ tree: -1834.475
--------------------------------------------------------------------
|             INITIALIZING CANDIDATE TREE SET                      |
--------------------------------------------------------------------
Generating 98 parsimony trees... 0.022 second
Computing log-likelihood of 60 initial trees ... 0.022 seconds
Current best score: -1834.472

Do NNI search on 20 best initial trees
Optimizing NNI: done in 0.00147009 secs using 199.9% CPU
Estimate model parameters (epsilon = 0.100)
BETTER TREE FOUND at iteration 1: -1834.472
Optimizing NNI: done in 0.00275683 secs using 200% CPU
Optimizing NNI: done in 0.00162792 secs using 200.1% CPU
Optimizing NNI: done in 0.00283599 secs using 199.9% CPU
Optimizing NNI: done in 0.00311208 secs using 200% CPU
Optimizing NNI: done in 0.00311708 secs using 200% CPU
Optimizing NNI: done in 0.00309706 secs using 200.1% CPU
Optimizing NNI: done in 0.00472713 secs using 200% CPU
Optimizing NNI: done in 0.00313306 secs using 200% CPU
Optimizing NNI: done in 0.00372601 secs using 200.1% CPU
Iteration 10 / LogL: -1834.473 / Time: 0h:0m:0s
Optimizing NNI: done in 0.00451803 secs using 200% CPU
Optimizing NNI: done in 0.00449991 secs using 199.9% CPU
Optimizing NNI: done in 0.00468683 secs using 200% CPU
Optimizing NNI: done in 0.00469804 secs using 200% CPU
Optimizing NNI: done in 0.00476003 secs using 200% CPU
Optimizing NNI: done in 0.0047121 secs using 200% CPU
Optimizing NNI: done in 0.00314999 secs using 200% CPU
Optimizing NNI: done in 0.00448799 secs using 150.3% CPU
Optimizing NNI: done in 0.00439501 secs using 166.5% CPU
Optimizing NNI: done in 0.00465894 secs using 200% CPU
Iteration 20 / LogL: -1834.473 / Time: 0h:0m:0s
Finish initializing candidate tree set (1)
Current best tree score: -1834.472 / CPU time: 0.125
Number of iterations: 20
--------------------------------------------------------------------
|               OPTIMIZING CANDIDATE TREE SET                      |
--------------------------------------------------------------------
Optimizing NNI: done in 0.00623107 secs using 199.9% CPU
Optimizing NNI: done in 0.00602508 secs using 199.9% CPU
Optimizing NNI: done in 0.00710797 secs using 199.9% CPU
Optimizing NNI: done in 0.00288916 secs using 199.9% CPU
Optimizing NNI: done in 0.003335 secs using 81.05% CPU
Optimizing NNI: done in 0.00328803 secs using 199.5% CPU
Optimizing NNI: done in 0.00309491 secs using 199.9% CPU
UPDATE BEST LOG-LIKELIHOOD: -1834.472
Optimizing NNI: done in 0.00419378 secs using 199.9% CPU
Optimizing NNI: done in 0.00283813 secs using 200% CPU
Optimizing NNI: done in 0.00280809 secs
Iteration 30 / LogL: -1834.484 / Time: 0h:0m:0s (0h:0m:0s left)
Optimizing NNI: done in 0.00593019 secs using 99.93% CPU
Optimizing NNI: done in 0.00413704 secs using 100% CPU
Optimizing NNI: done in 0.00418711 secs using 99.93% CPU
Optimizing NNI: done in 0.00335503 secs using 100% CPU
UPDATE BEST LOG-LIKELIHOOD: -1834.472
Optimizing NNI: done in 0.00313711 secs using 99.87% CPU
Optimizing NNI: done in 0.00307798 secs using 99.9% CPU
Optimizing NNI: done in 0.00423408 secs using 99.93% CPU
Optimizing NNI: done in 0.00607586 secs using 99.92% CPU
Optimizing NNI: done in 0.00280094 secs using 100% CPU
Optimizing NNI: done in 0.00278687 secs using 99.93% CPU
Iteration 40 / LogL: -1834.485 / Time: 0h:0m:0s (0h:0m:0s left)
Optimizing NNI: done in 0.00305104 secs using 100% CPU
Optimizing NNI: done in 0.00125694 secs using 100% CPU
Optimizing NNI: done in 0.00329304 secs using 99.94% CPU
Optimizing NNI: done in 0.00272989 secs using 100% CPU
Optimizing NNI: done in 0.002738 secs using 99.93% CPU
Optimizing NNI: done in 0.00332403 secs using 100% CPU
Optimizing NNI: done in 0.00285006 secs using 99.89% CPU
Optimizing NNI: done in 0.00285196 secs using 100% CPU
Optimizing NNI: done in 0.00594091 secs using 100% CPU
Optimizing NNI: done in 0.0042789 secs using 99.93% CPU
Iteration 50 / LogL: -1834.473 / Time: 0h:0m:0s (0h:0m:0s left)
Log-likelihood cutoff on original alignment: -1849.130
Optimizing NNI: done in 0.00446486 secs using 99.89% CPU
Optimizing NNI: done in 0.00443721 secs using 99.97% CPU
Optimizing NNI: done in 0.00328708 secs using 99.88% CPU
Optimizing NNI: done in 0.00414085 secs using 99.93% CPU
Optimizing NNI: done in 0.00303316 secs using 99.99% CPU
Optimizing NNI: done in 0.004987 secs using 100% CPU
Optimizing NNI: done in 0.00333095 secs using 99.91% CPU
Optimizing NNI: done in 0.00402308 secs using 100% CPU
Optimizing NNI: done in 0.00445008 secs using 100% CPU
Optimizing NNI: done in 0.00312901 secs using 99.9% CPU
Iteration 60 / LogL: -1834.472 / Time: 0h:0m:0s (0h:0m:0s left)
Optimizing NNI: done in 0.00289702 secs using 100% CPU
Optimizing NNI: done in 0.00278902 secs using 99.89% CPU
Optimizing NNI: done in 0.00415111 secs using 99.97% CPU
Optimizing NNI: done in 0.00278401 secs using 99.89% CPU
Optimizing NNI: done in 0.00557303 secs using 99.96% CPU
Optimizing NNI: done in 0.00461698 secs using 99.94% CPU
Optimizing NNI: done in 0.00428605 secs using 100% CPU
Optimizing NNI: done in 0.005826 secs using 99.93% CPU
Optimizing NNI: done in 0.00586295 secs using 99.98% CPU
Optimizing NNI: done in 0.00299406 secs using 99.9% CPU
Iteration 70 / LogL: -1834.473 / Time: 0h:0m:0s (0h:0m:0s left)
Optimizing NNI: done in 0.00280213 secs using 100% CPU
Optimizing NNI: done in 0.00328684 secs using 100% CPU
Optimizing NNI: done in 0.00287795 secs using 99.97% CPU
Optimizing NNI: done in 0.00810099 secs using 99.96% CPU
Optimizing NNI: done in 0.00402403 secs using 100% CPU
Optimizing NNI: done in 0.00426292 secs using 100% CPU
Optimizing NNI: done in 0.00139785 secs using 100% CPU
Optimizing NNI: done in 0.00429392 secs using 100% CPU
Optimizing NNI: done in 0.00628686 secs using 99.99% CPU
Optimizing NNI: done in 0.00493407 secs using 99.98% CPU
Iteration 80 / LogL: -1834.473 / Time: 0h:0m:0s (0h:0m:0s left)
Optimizing NNI: done in 0.00583506 secs using 99.95% CPU
Optimizing NNI: done in 0.00299597 secs using 99.9% CPU
Optimizing NNI: done in 0.00616288 secs using 100% CPU
Optimizing NNI: done in 0.00137687 secs using 100% CPU
Optimizing NNI: done in 0.00745106 secs using 99.96% CPU
Optimizing NNI: done in 0.00268698 secs using 99.96% CPU
Optimizing NNI: done in 0.00609016 secs using 100% CPU
Optimizing NNI: done in 0.00300193 secs using 99.9% CPU
Optimizing NNI: done in 0.00633502 secs using 99.95% CPU
Optimizing NNI: done in 0.00150108 secs using 99.93% CPU
Iteration 90 / LogL: -1834.473 / Time: 0h:0m:0s (0h:0m:0s left)
Optimizing NNI: done in 0.00328898 secs using 100% CPU
Optimizing NNI: done in 0.00429201 secs using 99.93% CPU
Optimizing NNI: done in 0.00148797 secs using 100% CPU
Optimizing NNI: done in 0.00398088 secs using 100% CPU
Optimizing NNI: done in 0.00571609 secs using 99.96% CPU
Optimizing NNI: done in 0.00749397 secs using 99.97% CPU
Optimizing NNI: done in 0.00567579 secs using 99.93% CPU
Optimizing NNI: done in 0.00302696 secs using 100% CPU
Optimizing NNI: done in 0.0039959 secs using 100% CPU
Optimizing NNI: done in 0.00595784 secs using 99.97% CPU
Iteration 100 / LogL: -1834.473 / Time: 0h:0m:0s (0h:0m:0s left)
Log-likelihood cutoff on original alignment: -1849.130
NOTE: Bootstrap correlation coefficient of split occurrence frequencies: 0.995
Optimizing NNI: done in 0.00756288 secs using 99.94% CPU
Optimizing NNI: done in 0.00396299 secs using 99.92% CPU
TREE SEARCH COMPLETED AFTER 102 ITERATIONS / Time: 0h:0m:0s

--------------------------------------------------------------------
|                    FINALIZING TREE SEARCH                        |
--------------------------------------------------------------------
Performs final model parameters optimization
Estimate model parameters (epsilon = 0.010)
1. Initial log-likelihood: -1834.472
Optimal log-likelihood: -1834.472
Proportion of invariable sites: 0.607
Parameters optimization took 1 rounds (0.002 sec)
BEST SCORE FOUND : -1834.472

Testing tree branches by SH-like aLRT with 1000 replicates...
0.048 sec.
Creating bootstrap support values...
Split supports printed to NEXUS file ../results/molecular_evolution_analyses/phylogenetic_trees/F92733_MLIG_G1/F92733_MLIG_G1.splits.nex
Total tree length: 0.277

Total number of iterations: 102
CPU time used for tree search: 0.894 sec (0h:0m:0s)
Wall-clock time used for tree search: 0.719 sec (0h:0m:0s)
Total CPU time used: 0.977 sec (0h:0m:0s)
Total wall-clock time used: 0.800 sec (0h:0m:0s)

Computing bootstrap consensus tree...
Reading input file ../results/molecular_evolution_analyses/phylogenetic_trees/F92733_MLIG_G1/F92733_MLIG_G1.splits.nex...
8 taxa and 17 splits.
Consensus tree written to ../results/molecular_evolution_analyses/phylogenetic_trees/F92733_MLIG_G1/F92733_MLIG_G1.contree
Reading input trees file ../results/molecular_evolution_analyses/phylogenetic_trees/F92733_MLIG_G1/F92733_MLIG_G1.contree
Log-likelihood of consensus tree: -1834.475

Analysis results written to: 
  IQ-TREE report:                ../results/molecular_evolution_analyses/phylogenetic_trees/F92733_MLIG_G1/F92733_MLIG_G1.iqtree
  Maximum-likelihood tree:       ../results/molecular_evolution_analyses/phylogenetic_trees/F92733_MLIG_G1/F92733_MLIG_G1.treefile
  Likelihood distances:          ../results/molecular_evolution_analyses/phylogenetic_trees/F92733_MLIG_G1/F92733_MLIG_G1.mldist

Ultrafast bootstrap approximation results written to:
  Split support values:          ../results/molecular_evolution_analyses/phylogenetic_trees/F92733_MLIG_G1/F92733_MLIG_G1.splits.nex
  Consensus tree:                ../results/molecular_evolution_analyses/phylogenetic_trees/F92733_MLIG_G1/F92733_MLIG_G1.contree
  Screen log file:               ../results/molecular_evolution_analyses/phylogenetic_trees/F92733_MLIG_G1/F92733_MLIG_G1.log

Date and Time: Wed May  1 09:27:20 2024
