IQ-TREE multicore version 2.2.2.6 COVID-edition for Linux 64-bit built May 27 2023
Developed by Bui Quang Minh, James Barbetti, Nguyen Lam Tung,
Olga Chernomor, Heiko Schmidt, Dominik Schrempf, Michael Woodhams, Ly Trong Nhan.

Host:    lbc5 (AVX2, FMA3, 125 GB RAM)
Command: /home/mauricio/mauricio_PROGRAMAS/iqtree-2.2.2.6-Linux/bin/iqtree2 -s ../results/molecular_evolution_analyses/alignments_gblocks/F99369_MLIG_G1/F99369_MLIG_G1.aln.gblo -m TEST --threads-max 32 --alrt 1000 --ufboot 1000 --prefix ../results/molecular_evolution_analyses/phylogenetic_trees/F99369_MLIG_G1/F99369_MLIG_G1 -keep-ident -redo
Seed:    681458 (Using SPRNG - Scalable Parallel Random Number Generator)
Time:    Wed May  1 09:19:33 2024
Kernel:  AVX+FMA - 1 threads (32 CPU cores detected)

HINT: Use -nt option to specify number of threads because your CPU has 32 cores!
HINT: -nt AUTO will automatically determine the best number of threads to use.

Reading alignment file ../results/molecular_evolution_analyses/alignments_gblocks/F99369_MLIG_G1/F99369_MLIG_G1.aln.gblo ... Fasta format detected
Reading fasta file: done in 8.70228e-05 secs using 97.68% CPU
Alignment most likely contains protein sequences
Constructing alignment: done in 0.000402927 secs using 100.3% CPU
Alignment has 6 sequences with 386 columns, 143 distinct patterns
191 parsimony-informative, 4 singleton sites, 191 constant sites
            Gap/Ambiguity  Composition  p-value
Analyzing sequences: done in 9.05991e-06 secs using 99.34% CPU
   1  Mlig.18329    0.00%    passed     98.31%
   2  Mlig.11145    0.00%    passed     97.39%
   3  Mlig.11146    0.00%    passed     98.64%
   4  Mlig.11147    0.00%    passed     98.39%
   5  Mlig.18328    0.00%    passed     98.47%
   6  Mlig.18330    0.00%    passed     98.20%
****  TOTAL         0.00%  0 sequences failed composition chi2 test (p-value<5%; df=19)


Create initial parsimony tree by phylogenetic likelihood library (PLL)... 0.000 seconds
Perform fast likelihood tree search using LG+I+G model...
Estimate model parameters (epsilon = 5.000)
Perform nearest neighbor interchange...
Optimizing NNI: done in 0.00335503 secs using 99.97% CPU
Estimate model parameters (epsilon = 1.000)
1. Initial log-likelihood: -1948.745
Optimal log-likelihood: -1948.600
Proportion of invariable sites: 0.253
Gamma shape alpha: 2.682
Parameters optimization took 1 rounds (0.007 sec)
Time for fast ML tree search: 0.027 seconds

NOTE: ModelFinder requires 1 MB RAM!
ModelFinder will test up to 224 protein models (sample size: 386) ...
 No. Model         -LnL         df  AIC          AICc         BIC
  1  LG            1956.709     9   3931.419     3931.897     3967.021
  2  LG+I          1948.702     10  3917.404     3917.990     3956.962
  3  LG+G4         1948.662     10  3917.325     3917.911     3956.883
  4  LG+I+G4       1948.562     11  3919.125     3919.831     3962.639
  6  LG+F+I        1921.977     29  3901.954     3906.841     4016.673
  7  LG+F+G4       1921.423     29  3900.846     3905.733     4015.565
  8  LG+F+I+G4     1921.623     30  3903.246     3908.486     4021.922
 10  WAG+I         1945.604     10  3911.207     3911.794     3950.766
 11  WAG+G4        1946.080     10  3912.160     3912.747     3951.718
 12  WAG+I+G4      1945.639     11  3913.278     3913.984     3956.792
 14  WAG+F+I       1916.315     29  3890.631     3895.519     4005.350
 15  WAG+F+G4      1916.378     29  3890.756     3895.643     4005.475
 16  WAG+F+I+G4    1916.501     30  3893.003     3898.242     4011.678
 18  JTT+I         1940.100     10  3900.200     3900.786     3939.758
 19  JTT+G4        1940.772     10  3901.545     3902.131     3941.103
 20  JTT+I+G4      1940.143     11  3902.285     3902.991     3945.800
 22  JTT+F+I       1916.276     29  3890.553     3895.440     4005.272
 23  JTT+F+G4      1916.465     29  3890.929     3895.817     4005.649
 24  JTT+F+I+G4    1916.296     30  3892.591     3897.831     4011.266
WARNING: Normalizing state frequencies so that sum of them equals to 1
 26  Q.pfam+I      1942.765     10  3905.529     3906.116     3945.087
WARNING: Normalizing state frequencies so that sum of them equals to 1
 27  Q.pfam+G4     1942.794     10  3905.588     3906.175     3945.147
WARNING: Normalizing state frequencies so that sum of them equals to 1
 28  Q.pfam+I+G4   1942.701     11  3907.402     3908.108     3950.916
WARNING: Normalizing state frequencies so that sum of them equals to 1
 30  Q.pfam+F+I    1921.161     29  3900.322     3905.209     4015.041
WARNING: Normalizing state frequencies so that sum of them equals to 1
 31  Q.pfam+F+G4   1920.709     29  3899.417     3904.305     4014.137
WARNING: Normalizing state frequencies so that sum of them equals to 1
 32  Q.pfam+F+I+G4 1920.912     30  3901.824     3907.064     4020.499
WARNING: Normalizing state frequencies so that sum of them equals to 1
 34  Q.bird+I      1950.270     10  3920.540     3921.127     3960.098
WARNING: Normalizing state frequencies so that sum of them equals to 1
 35  Q.bird+G4     1951.073     10  3922.146     3922.733     3961.704
WARNING: Normalizing state frequencies so that sum of them equals to 1
 36  Q.bird+I+G4   1950.398     11  3922.796     3923.501     3966.310
WARNING: Normalizing state frequencies so that sum of them equals to 1
 38  Q.bird+F+I    1924.559     29  3907.118     3912.006     4021.837
WARNING: Normalizing state frequencies so that sum of them equals to 1
 39  Q.bird+F+G4   1924.047     29  3906.093     3910.981     4020.813
WARNING: Normalizing state frequencies so that sum of them equals to 1
 40  Q.bird+F+I+G4 1923.888     30  3907.776     3913.016     4026.451
WARNING: Normalizing state frequencies so that sum of them equals to 1
 42  Q.mammal+I    1949.326     10  3918.652     3919.239     3958.210
WARNING: Normalizing state frequencies so that sum of them equals to 1
 43  Q.mammal+G4   1949.807     10  3919.613     3920.200     3959.172
WARNING: Normalizing state frequencies so that sum of them equals to 1
 44  Q.mammal+I+G4 1949.367     11  3920.734     3921.440     3964.249
WARNING: Normalizing state frequencies so that sum of them equals to 1
 46  Q.mammal+F+I  1922.414     29  3902.829     3907.716     4017.548
WARNING: Normalizing state frequencies so that sum of them equals to 1
 47  Q.mammal+F+G4 1921.954     29  3901.909     3906.797     4016.628
WARNING: Normalizing state frequencies so that sum of them equals to 1
 48  Q.mammal+F+I+G4 1921.979     30  3903.958     3909.197     4022.633
 50  Q.insect+I    1957.937     10  3935.874     3936.460     3975.432
 51  Q.insect+G4   1958.033     10  3936.067     3936.653     3975.625
 52  Q.insect+I+G4 1957.854     11  3937.708     3938.414     3981.222
 54  Q.insect+F+I  1922.062     29  3902.123     3907.011     4016.842
 55  Q.insect+F+G4 1921.483     29  3900.966     3905.854     4015.685
 56  Q.insect+F+I+G4 1921.667     30  3903.333     3908.573     4022.008
WARNING: Normalizing state frequencies so that sum of them equals to 1
 58  Q.plant+I     1944.321     10  3908.642     3909.228     3948.200
WARNING: Normalizing state frequencies so that sum of them equals to 1
 59  Q.plant+G4    1945.479     10  3910.959     3911.545     3950.517
WARNING: Normalizing state frequencies so that sum of them equals to 1
 60  Q.plant+I+G4  1944.751     11  3911.502     3912.208     3955.016
WARNING: Normalizing state frequencies so that sum of them equals to 1
 62  Q.plant+F+I   1922.273     29  3902.546     3907.434     4017.265
WARNING: Normalizing state frequencies so that sum of them equals to 1
 63  Q.plant+F+G4  1922.336     29  3902.671     3907.559     4017.391
WARNING: Normalizing state frequencies so that sum of them equals to 1
 64  Q.plant+F+I+G4 1922.019     30  3904.039     3909.278     4022.714
WARNING: Normalizing state frequencies so that sum of them equals to 1
 66  Q.yeast+I     1964.287     10  3948.575     3949.161     3988.133
WARNING: Normalizing state frequencies so that sum of them equals to 1
 67  Q.yeast+G4    1964.513     10  3949.026     3949.612     3988.584
WARNING: Normalizing state frequencies so that sum of them equals to 1
 68  Q.yeast+I+G4  1964.236     11  3950.472     3951.178     3993.986
WARNING: Normalizing state frequencies so that sum of them equals to 1
 70  Q.yeast+F+I   1920.366     29  3898.731     3903.619     4013.451
WARNING: Normalizing state frequencies so that sum of them equals to 1
 71  Q.yeast+F+G4  1920.001     29  3898.003     3902.891     4012.722
WARNING: Normalizing state frequencies so that sum of them equals to 1
 72  Q.yeast+F+I+G4 1920.037     30  3900.073     3905.313     4018.748
 74  JTTDCMut+I    1940.615     10  3901.230     3901.816     3940.788
 75  JTTDCMut+G4   1941.272     10  3902.544     3903.130     3942.102
 76  JTTDCMut+I+G4 1940.653     11  3903.306     3904.012     3946.821
 78  JTTDCMut+F+I  1916.173     29  3890.346     3895.234     4005.066
 79  JTTDCMut+F+G4 1916.364     29  3890.729     3895.617     4005.448
 80  JTTDCMut+F+I+G4 1916.193     30  3892.387     3897.626     4011.062
 82  DCMut+I       1968.797     10  3957.595     3958.182     3997.153
 83  DCMut+G4      1969.674     10  3959.348     3959.935     3998.907
 84  DCMut+I+G4    1968.984     11  3959.968     3960.673     4003.482
 86  DCMut+F+I     1922.447     29  3902.895     3907.783     4017.614
 87  DCMut+F+G4    1922.349     29  3902.697     3907.585     4017.416
 88  DCMut+F+I+G4  1922.311     30  3904.622     3909.862     4023.298
 90  VT+I          1940.350     10  3900.700     3901.286     3940.258
 91  VT+G4         1940.478     10  3900.955     3901.542     3940.514
 92  VT+I+G4       1940.939     11  3903.879     3904.585     3947.393
 94  VT+F+I        1914.632     29  3887.263     3892.151     4001.983
 95  VT+F+G4       1914.705     29  3887.409     3892.297     4002.129
 96  VT+F+I+G4     1915.420     30  3890.840     3896.079     4009.515
 98  PMB+I         1937.068     10  3894.136     3894.723     3933.695
 99  PMB+G4        1937.095     10  3894.190     3894.776     3933.748
100  PMB+I+G4      1938.112     11  3898.224     3898.930     3941.738
102  PMB+F+I       1919.064     29  3896.129     3901.017     4010.848
103  PMB+F+G4      1919.098     29  3896.195     3901.083     4010.915
104  PMB+F+I+G4    1920.106     30  3900.212     3905.451     4018.887
106  Blosum62+I    1940.507     10  3901.013     3901.600     3940.572
107  Blosum62+G4   1940.542     10  3901.084     3901.671     3940.643
108  Blosum62+I+G4 1941.425     11  3904.850     3905.556     3948.364
110  Blosum62+F+I  1915.899     29  3889.798     3894.685     4004.517
111  Blosum62+F+G4 1915.922     29  3889.844     3894.732     4004.563
112  Blosum62+F+I+G4 1916.969     30  3893.937     3899.177     4012.612
114  Dayhoff+I     1968.725     10  3957.450     3958.037     3997.008
115  Dayhoff+G4    1969.623     10  3959.246     3959.833     3998.804
116  Dayhoff+I+G4  1968.917     11  3959.835     3960.541     4003.349
118  Dayhoff+F+I   1922.375     29  3902.750     3907.637     4017.469
119  Dayhoff+F+G4  1922.291     29  3902.582     3907.469     4017.301
120  Dayhoff+F+I+G4 1922.241     30  3904.481     3909.721     4023.156
122  mtREV+I       2024.166     10  4068.332     4068.919     4107.890
123  mtREV+G4      2019.444     10  4058.888     4059.475     4098.447
124  mtREV+I+G4    2019.765     11  4061.531     4062.237     4105.045
126  mtREV+F+I     1941.887     29  3941.773     3946.661     4056.492
127  mtREV+F+G4    1938.536     29  3935.073     3939.961     4049.792
128  mtREV+F+I+G4  1938.865     30  3937.729     3942.969     4056.404
130  mtART+I       2037.624     10  4095.248     4095.835     4134.807
131  mtART+G4      2026.991     10  4073.981     4074.568     4113.540
132  mtART+I+G4    2028.082     11  4078.164     4078.870     4121.678
134  mtART+F+I     1962.081     29  3982.161     3987.049     4096.881
135  mtART+F+G4    1950.578     29  3959.157     3964.044     4073.876
136  mtART+F+I+G4  1951.876     30  3963.752     3968.991     4082.427
138  mtZOA+I       2003.197     10  4026.393     4026.980     4065.952
139  mtZOA+G4      1996.615     10  4013.230     4013.817     4052.789
140  mtZOA+I+G4    1997.140     11  4016.279     4016.985     4059.793
142  mtZOA+F+I     1943.678     29  3945.356     3950.244     4060.076
143  mtZOA+F+G4    1938.239     29  3934.479     3939.367     4049.198
144  mtZOA+F+I+G4  1938.743     30  3937.487     3942.726     4056.162
146  mtMet+I       2034.560     10  4089.119     4089.706     4128.677
147  mtMet+G4      2031.126     10  4082.252     4082.839     4121.811
148  mtMet+I+G4    2031.293     11  4084.586     4085.292     4128.100
150  mtMet+F+I     1935.080     29  3928.159     3933.047     4042.878
151  mtMet+F+G4    1932.315     29  3922.630     3927.518     4037.350
152  mtMet+F+I+G4  1932.558     30  3925.117     3930.356     4043.792
154  mtVer+I       2031.869     10  4083.737     4084.324     4123.296
155  mtVer+G4      2028.485     10  4076.970     4077.556     4116.528
156  mtVer+I+G4    2028.343     11  4078.685     4079.391     4122.199
158  mtVer+F+I     1937.707     29  3933.413     3938.301     4048.133
159  mtVer+F+G4    1934.626     29  3927.252     3932.140     4041.972
160  mtVer+F+I+G4  1934.704     30  3929.408     3934.647     4048.083
162  mtInv+I       2060.215     10  4140.429     4141.016     4179.988
163  mtInv+G4      2058.093     10  4136.186     4136.772     4175.744
164  mtInv+I+G4    2058.250     11  4138.500     4139.206     4182.014
166  mtInv+F+I     1932.877     29  3923.753     3928.641     4038.473
167  mtInv+F+G4    1930.895     29  3919.789     3924.677     4034.508
168  mtInv+F+I+G4  1931.208     30  3922.416     3927.656     4041.091
170  mtMAM+I       2029.409     10  4078.818     4079.405     4118.377
171  mtMAM+G4      2023.244     10  4066.488     4067.074     4106.046
172  mtMAM+I+G4    2023.315     11  4068.629     4069.335     4112.144
174  mtMAM+F+I     1947.996     29  3953.991     3958.879     4068.711
175  mtMAM+F+G4    1941.259     29  3940.518     3945.405     4055.237
176  mtMAM+F+I+G4  1941.609     30  3943.219     3948.458     4061.894
WARNING: Normalizing state frequencies so that sum of them equals to 1
178  FLAVI+I       1955.344     10  3930.689     3931.276     3970.247
WARNING: Normalizing state frequencies so that sum of them equals to 1
179  FLAVI+G4      1954.098     10  3928.195     3928.782     3967.754
WARNING: Normalizing state frequencies so that sum of them equals to 1
180  FLAVI+I+G4    1953.737     11  3929.474     3930.180     3972.988
WARNING: Normalizing state frequencies so that sum of them equals to 1
182  FLAVI+F+I     1933.281     29  3924.563     3929.450     4039.282
WARNING: Normalizing state frequencies so that sum of them equals to 1
183  FLAVI+F+G4    1930.750     29  3919.501     3924.388     4034.220
WARNING: Normalizing state frequencies so that sum of them equals to 1
184  FLAVI+F+I+G4  1930.723     30  3921.446     3926.686     4040.121
186  HIVb+I        1954.598     10  3929.196     3929.782     3968.754
187  HIVb+G4       1957.219     10  3934.437     3935.024     3973.995
188  HIVb+I+G4     1955.570     11  3933.139     3933.845     3976.653
190  HIVb+F+I      1921.977     29  3901.954     3906.842     4016.674
191  HIVb+F+G4     1923.085     29  3904.171     3909.058     4018.890
192  HIVb+F+I+G4   1922.202     30  3904.404     3909.643     4023.079
194  HIVw+I        1998.423     10  4016.847     4017.434     4056.405
195  HIVw+G4       1998.892     10  4017.784     4018.370     4057.342
196  HIVw+I+G4     1998.281     11  4018.561     4019.267     4062.075
198  HIVw+F+I      1924.155     29  3906.310     3911.197     4021.029
199  HIVw+F+G4     1922.937     29  3903.875     3908.763     4018.594
200  HIVw+F+I+G4   1922.996     30  3905.991     3911.231     4024.666
202  FLU+I         1956.749     10  3933.498     3934.085     3973.057
203  FLU+G4        1957.409     10  3934.817     3935.404     3974.376
204  FLU+I+G4      1956.719     11  3935.437     3936.143     3978.952
206  FLU+F+I       1918.154     29  3894.307     3899.195     4009.027
207  FLU+F+G4      1916.788     29  3891.575     3896.463     4006.295
208  FLU+F+I+G4    1917.183     30  3894.367     3899.606     4013.042
210  rtREV+I       1978.874     10  3977.748     3978.335     4017.306
211  rtREV+G4      1978.651     10  3977.301     3977.888     4016.860
212  rtREV+I+G4    1978.640     11  3979.281     3979.986     4022.795
214  rtREV+F+I     1925.465     29  3908.929     3913.817     4023.649
215  rtREV+F+G4    1925.128     29  3908.255     3913.143     4022.974
216  rtREV+F+I+G4  1925.145     30  3910.289     3915.528     4028.964
218  cpREV+I       1943.843     10  3907.686     3908.273     3947.245
219  cpREV+G4      1944.952     10  3909.904     3910.491     3949.463
220  cpREV+I+G4    1944.132     11  3910.264     3910.970     3953.779
222  cpREV+F+I     1923.206     29  3904.412     3909.299     4019.131
223  cpREV+F+G4    1923.667     29  3905.334     3910.222     4020.054
224  cpREV+F+I+G4  1923.274     30  3906.548     3911.788     4025.223
Akaike Information Criterion:           VT+F+I
Corrected Akaike Information Criterion: VT+F+I
Bayesian Information Criterion:         PMB+I
Best-fit model: PMB+I chosen according to BIC

All model information printed to ../results/molecular_evolution_analyses/phylogenetic_trees/F99369_MLIG_G1/F99369_MLIG_G1.model.gz
CPU time for ModelFinder: 2.827 seconds (0h:0m:2s)
Wall-clock time for ModelFinder: 2.827 seconds (0h:0m:2s)
Generating 1000 samples for ultrafast bootstrap (seed: 681458)...

NOTE: 0 MB RAM (0 GB) is required!
Estimate model parameters (epsilon = 0.100)
1. Initial log-likelihood: -1937.068
Optimal log-likelihood: -1937.059
Proportion of invariable sites: 0.026
Parameters optimization took 1 rounds (0.001 sec)
Wrote distance file to... 
Computing ML distances based on estimated model parameters...
Calculating distance matrix: done in 0.00134897 secs using 100% CPU
Computing ML distances took 0.001374 sec (of wall-clock time) 0.001375 sec (of CPU time)
Setting up auxiliary I and S matrices: done in 2.5034e-05 secs using 99.86% CPU
Constructing RapidNJ tree: done in 2.28882e-05 secs using 100.5% CPU
Computing RapidNJ tree took 0.000093 sec (of wall-clock time) 0.000093 sec (of CPU time)
Log-likelihood of RapidNJ tree: -1937.060
--------------------------------------------------------------------
|             INITIALIZING CANDIDATE TREE SET                      |
--------------------------------------------------------------------
Generating 98 parsimony trees... 0.018 second
Computing log-likelihood of 13 initial trees ... 0.004 seconds
Current best score: -1937.059

Do NNI search on 15 best initial trees
Optimizing NNI: done in 0.00120592 secs using 199.7% CPU
Optimizing NNI: done in 0.00140715 secs using 200% CPU
UPDATE BEST LOG-LIKELIHOOD: -1937.059
Optimizing NNI: done in 0.00140905 secs using 200.1% CPU
Optimizing NNI: done in 0.00264907 secs using 200% CPU
Optimizing NNI: done in 0.00268197 secs using 200% CPU
Optimizing NNI: done in 0.00268984 secs using 199.8% CPU
Optimizing NNI: done in 0.00262904 secs using 200% CPU
Optimizing NNI: done in 0.00267911 secs using 199.9% CPU
Optimizing NNI: done in 0.00266194 secs
Optimizing NNI: done in 0.00447702 secs using 170.4% CPU
Iteration 10 / LogL: -1937.059 / Time: 0h:0m:0s
Optimizing NNI: done in 0.00445485 secs using 200% CPU
Optimizing NNI: done in 0.00437689 secs using 200% CPU
Optimizing NNI: done in 0.00432801 secs using 200% CPU
Optimizing NNI: done in 0.00410986 secs using 199.9% CPU
Optimizing NNI: done in 0.00419402 secs using 200% CPU
Finish initializing candidate tree set (15)
Current best tree score: -1937.059 / CPU time: 0.074
Number of iterations: 15
--------------------------------------------------------------------
|               OPTIMIZING CANDIDATE TREE SET                      |
--------------------------------------------------------------------
Optimizing NNI: done in 0.003932 secs using 199.9% CPU
Optimizing NNI: done in 0.00287294 secs using 199.9% CPU
Optimizing NNI: done in 0.00383997 secs using 199.9% CPU
Optimizing NNI: done in 0.00250983 secs using 199.9% CPU
Optimizing NNI: done in 0.00134301 secs using 199.7% CPU
Iteration 20 / LogL: -1937.059 / Time: 0h:0m:0s
Optimizing NNI: done in 0.00245118 secs using 140.1% CPU
Optimizing NNI: done in 0.00241613 secs using 99.95% CPU
Optimizing NNI: done in 0.00278687 secs using 243.6% CPU
Optimizing NNI: done in 0.00255799 secs using 256.2% CPU
Optimizing NNI: done in 0.00250483 secs using 100% CPU
Optimizing NNI: done in 0.00109005 secs using 100% CPU
Optimizing NNI: done in 0.00247884 secs using 261.1% CPU
Optimizing NNI: done in 0.00253415 secs using 258% CPU
Optimizing NNI: done in 0.00237489 secs using 100% CPU
Optimizing NNI: done in 0.00239706 secs using 266.7% CPU
Iteration 30 / LogL: -1937.059 / Time: 0h:0m:0s (0h:0m:0s left)
Optimizing NNI: done in 0.00387716 secs using 203% CPU
Optimizing NNI: done in 0.002563 secs using 255.8% CPU
Optimizing NNI: done in 0.00268388 secs using 100% CPU
Optimizing NNI: done in 0.0029099 secs using 237.2% CPU
Optimizing NNI: done in 0.00245595 secs using 262.7% CPU
Optimizing NNI: done in 0.00392103 secs using 201.8% CPU
Optimizing NNI: done in 0.00247097 secs using 261.8% CPU
Optimizing NNI: done in 0.00250506 secs using 99.96% CPU
Optimizing NNI: done in 0.00109911 secs using 99.99% CPU
Optimizing NNI: done in 0.00269699 secs using 99.89% CPU
Iteration 40 / LogL: -1937.060 / Time: 0h:0m:0s (0h:0m:0s left)
Optimizing NNI: done in 0.00136399 secs using 99.93% CPU
Optimizing NNI: done in 0.00248504 secs using 99.96% CPU
Optimizing NNI: done in 0.00250196 secs using 100% CPU
Optimizing NNI: done in 0.00243187 secs using 99.96% CPU
Optimizing NNI: done in 0.00263596 secs using 99.96% CPU
Optimizing NNI: done in 0.00387597 secs using 100% CPU
Optimizing NNI: done in 0.00249314 secs using 99.99% CPU
Optimizing NNI: done in 0.00247312 secs using 99.87% CPU
Optimizing NNI: done in 0.00241899 secs using 99.96% CPU
Optimizing NNI: done in 0.00250506 secs using 100% CPU
Iteration 50 / LogL: -1937.059 / Time: 0h:0m:0s (0h:0m:0s left)
Log-likelihood cutoff on original alignment: -1942.939
Optimizing NNI: done in 0.00281715 secs using 99.96% CPU
Optimizing NNI: done in 0.00111103 secs using 100.1% CPU
Optimizing NNI: done in 0.00244498 secs using 100% CPU
Optimizing NNI: done in 0.00244999 secs using 100% CPU
Optimizing NNI: done in 0.00239611 secs using 99.95% CPU
Optimizing NNI: done in 0.00250506 secs using 99.84% CPU
Optimizing NNI: done in 0.002496 secs using 100% CPU
Optimizing NNI: done in 0.00131321 secs using 99.98% CPU
Optimizing NNI: done in 0.00270796 secs using 100% CPU
Optimizing NNI: done in 0.00136209 secs using 99.77% CPU
Iteration 60 / LogL: -1937.060 / Time: 0h:0m:0s (0h:0m:0s left)
Optimizing NNI: done in 0.00268292 secs using 100% CPU
Optimizing NNI: done in 0.0024519 secs using 100% CPU
Optimizing NNI: done in 0.00408006 secs using 99.97% CPU
Optimizing NNI: done in 0.00289512 secs using 99.89% CPU
Optimizing NNI: done in 0.00388598 secs using 99.97% CPU
Optimizing NNI: done in 0.00383711 secs using 99.92% CPU
Optimizing NNI: done in 0.0010879 secs using 100% CPU
Optimizing NNI: done in 0.00250196 secs using 99.96% CPU
Optimizing NNI: done in 0.00377297 secs using 100% CPU
Optimizing NNI: done in 0.00135803 secs using 100% CPU
Iteration 70 / LogL: -1937.059 / Time: 0h:0m:0s (0h:0m:0s left)
Optimizing NNI: done in 0.00251794 secs using 100% CPU
Optimizing NNI: done in 0.00134492 secs using 99.63% CPU
Optimizing NNI: done in 0.00134087 secs using 100% CPU
Optimizing NNI: done in 0.00242591 secs using 99.96% CPU
UPDATE BEST LOG-LIKELIHOOD: -1937.059
Optimizing NNI: done in 0.00398803 secs using 99.85% CPU
Optimizing NNI: done in 0.00112295 secs using 99.56% CPU
Optimizing NNI: done in 0.0025301 secs using 99.96% CPU
Optimizing NNI: done in 0.00248003 secs using 100% CPU
Optimizing NNI: done in 0.00247812 secs using 100% CPU
Optimizing NNI: done in 0.00136995 secs using 100.1% CPU
UPDATE BEST LOG-LIKELIHOOD: -1937.059
Iteration 80 / LogL: -1937.059 / Time: 0h:0m:0s (0h:0m:0s left)
Optimizing NNI: done in 0.00247884 secs using 99.6% CPU
Optimizing NNI: done in 0.00251794 secs using 99.96% CPU
Optimizing NNI: done in 0.00133705 secs using 100% CPU
Optimizing NNI: done in 0.00274801 secs using 99.89% CPU
Optimizing NNI: done in 0.00264096 secs using 99.96% CPU
Optimizing NNI: done in 0.00251412 secs using 99.84% CPU
Optimizing NNI: done in 0.00387311 secs using 100% CPU
Optimizing NNI: done in 0.00134897 secs using 100% CPU
Optimizing NNI: done in 0.00108409 secs using 99.99% CPU
Optimizing NNI: done in 0.002496 secs using 100% CPU
Iteration 90 / LogL: -1937.060 / Time: 0h:0m:0s (0h:0m:0s left)
Optimizing NNI: done in 0.00248408 secs using 99.84% CPU
Optimizing NNI: done in 0.00250387 secs using 100% CPU
Optimizing NNI: done in 0.00110602 secs using 100% CPU
Optimizing NNI: done in 0.00244594 secs using 100% CPU
Optimizing NNI: done in 0.00389314 secs using 99.92% CPU
Optimizing NNI: done in 0.00135899 secs using 100% CPU
Optimizing NNI: done in 0.00245595 secs using 99.84% CPU
Optimizing NNI: done in 0.0038991 secs using 100% CPU
Optimizing NNI: done in 0.00110102 secs using 99.73% CPU
Optimizing NNI: done in 0.00377202 secs using 100% CPU
Iteration 100 / LogL: -1937.069 / Time: 0h:0m:0s (0h:0m:0s left)
Log-likelihood cutoff on original alignment: -1942.939
NOTE: Bootstrap correlation coefficient of split occurrence frequencies: 0.997
Optimizing NNI: done in 0.00135279 secs using 100% CPU
TREE SEARCH COMPLETED AFTER 101 ITERATIONS / Time: 0h:0m:0s

--------------------------------------------------------------------
|                    FINALIZING TREE SEARCH                        |
--------------------------------------------------------------------
Performs final model parameters optimization
Estimate model parameters (epsilon = 0.010)
1. Initial log-likelihood: -1937.059
Optimal log-likelihood: -1937.056
Proportion of invariable sites: 0.019
Parameters optimization took 1 rounds (0.001 sec)
BEST SCORE FOUND : -1937.056

Testing tree branches by SH-like aLRT with 1000 replicates...
0.026 sec.
Creating bootstrap support values...
Split supports printed to NEXUS file ../results/molecular_evolution_analyses/phylogenetic_trees/F99369_MLIG_G1/F99369_MLIG_G1.splits.nex
Total tree length: 0.757

Total number of iterations: 101
CPU time used for tree search: 0.739 sec (0h:0m:0s)
Wall-clock time used for tree search: 0.548 sec (0h:0m:0s)
Total CPU time used: 0.795 sec (0h:0m:0s)
Total wall-clock time used: 0.603 sec (0h:0m:0s)

Computing bootstrap consensus tree...
Reading input file ../results/molecular_evolution_analyses/phylogenetic_trees/F99369_MLIG_G1/F99369_MLIG_G1.splits.nex...
6 taxa and 13 splits.
Consensus tree written to ../results/molecular_evolution_analyses/phylogenetic_trees/F99369_MLIG_G1/F99369_MLIG_G1.contree
Reading input trees file ../results/molecular_evolution_analyses/phylogenetic_trees/F99369_MLIG_G1/F99369_MLIG_G1.contree
Log-likelihood of consensus tree: -1937.057

Analysis results written to: 
  IQ-TREE report:                ../results/molecular_evolution_analyses/phylogenetic_trees/F99369_MLIG_G1/F99369_MLIG_G1.iqtree
  Maximum-likelihood tree:       ../results/molecular_evolution_analyses/phylogenetic_trees/F99369_MLIG_G1/F99369_MLIG_G1.treefile
  Likelihood distances:          ../results/molecular_evolution_analyses/phylogenetic_trees/F99369_MLIG_G1/F99369_MLIG_G1.mldist

Ultrafast bootstrap approximation results written to:
  Split support values:          ../results/molecular_evolution_analyses/phylogenetic_trees/F99369_MLIG_G1/F99369_MLIG_G1.splits.nex
  Consensus tree:                ../results/molecular_evolution_analyses/phylogenetic_trees/F99369_MLIG_G1/F99369_MLIG_G1.contree
  Screen log file:               ../results/molecular_evolution_analyses/phylogenetic_trees/F99369_MLIG_G1/F99369_MLIG_G1.log

Date and Time: Wed May  1 09:19:37 2024
