IQ-TREE multicore version 2.2.2.6 COVID-edition for Linux 64-bit built May 27 2023
Developed by Bui Quang Minh, James Barbetti, Nguyen Lam Tung,
Olga Chernomor, Heiko Schmidt, Dominik Schrempf, Michael Woodhams, Ly Trong Nhan.

Host:    lbc5 (AVX2, FMA3, 125 GB RAM)
Command: /home/mauricio/mauricio_PROGRAMAS/iqtree-2.2.2.6-Linux/bin/iqtree2 -s ../results/molecular_evolution_analyses/alignments_gblocks/F22544_MLIG_G1/F22544_MLIG_G1.aln.gblo -m TEST --threads-max 32 --alrt 1000 --ufboot 1000 --prefix ../results/molecular_evolution_analyses/phylogenetic_trees/F22544_MLIG_G1/F22544_MLIG_G1 -keep-ident -redo
Seed:    283084 (Using SPRNG - Scalable Parallel Random Number Generator)
Time:    Wed May  1 09:51:10 2024
Kernel:  AVX+FMA - 1 threads (32 CPU cores detected)

HINT: Use -nt option to specify number of threads because your CPU has 32 cores!
HINT: -nt AUTO will automatically determine the best number of threads to use.

Reading alignment file ../results/molecular_evolution_analyses/alignments_gblocks/F22544_MLIG_G1/F22544_MLIG_G1.aln.gblo ... Fasta format detected
Reading fasta file: done in 0.000102997 secs using 98.06% CPU
Alignment most likely contains protein sequences
Constructing alignment: done in 0.000275135 secs using 99.95% CPU
Alignment has 12 sequences with 237 columns, 165 distinct patterns
156 parsimony-informative, 2 singleton sites, 79 constant sites
            Gap/Ambiguity  Composition  p-value
Analyzing sequences: done in 1.19209e-05 secs using 100.7% CPU
   1  Mlig.19336    0.00%    passed     67.48%
   2  Mlig.19334    0.00%    passed     70.19%
   3  Mlig.19335    0.00%    passed     87.89%
   4  Mlig.16172    0.00%    passed     90.21%
   5  Mlig.34374    0.00%    passed     90.21%
   6  Mlig.40199    0.00%    passed     90.21%
   7  Mlig.33281    0.00%    passed     99.89%
   8  Mlig.10226    0.00%    passed     99.97%
   9  Mlig.36714    0.00%    passed     99.97%
  10  Mlig.45973    0.00%    passed    100.00%
  11  Mlig.45974    0.00%    passed     99.98%
  12  Mlig.45975    0.00%    passed     99.98%
****  TOTAL         0.00%  0 sequences failed composition chi2 test (p-value<5%; df=19)


Create initial parsimony tree by phylogenetic likelihood library (PLL)... 0.001 seconds
Perform fast likelihood tree search using LG+I+G model...
Estimate model parameters (epsilon = 5.000)
Perform nearest neighbor interchange...
Optimizing NNI: done in 0.014277 secs using 99.97% CPU
Estimate model parameters (epsilon = 1.000)
1. Initial log-likelihood: -1825.996
Optimal log-likelihood: -1825.950
Proportion of invariable sites: 0.153
Gamma shape alpha: 3.993
Parameters optimization took 1 rounds (0.011 sec)
Time for fast ML tree search: 0.071 seconds

NOTE: ModelFinder requires 2 MB RAM!
ModelFinder will test up to 224 protein models (sample size: 237) ...
 No. Model         -LnL         df  AIC          AICc         BIC
  1  LG            1836.823     21  3715.646     3719.944     3788.476
  2  LG+I          1827.253     22  3698.505     3703.234     3774.803
  3  LG+G4         1825.777     22  3695.555     3700.284     3771.852
  4  LG+I+G4       1825.880     23  3697.760     3702.943     3777.525
  6  LG+F+I        1798.964     41  3679.928     3697.590     3822.119
  7  LG+F+G4       1795.411     41  3672.822     3690.483     3815.012
  8  LG+F+I+G4     1795.942     42  3675.884     3694.503     3821.543
 10  WAG+I         1835.522     22  3715.043     3719.772     3791.341
 11  WAG+G4        1835.880     22  3715.760     3720.489     3792.057
 12  WAG+I+G4      1835.259     23  3716.519     3721.702     3796.284
 14  WAG+F+I       1796.941     41  3675.882     3693.543     3818.072
 15  WAG+F+G4      1796.127     41  3674.255     3691.916     3816.445
 16  WAG+F+I+G4    1796.257     42  3676.514     3695.132     3822.172
 18  JTT+I         1836.749     22  3717.498     3722.227     3793.795
 19  JTT+G4        1835.671     22  3715.343     3720.072     3791.640
 20  JTT+I+G4      1835.653     23  3717.306     3722.489     3797.072
 22  JTT+F+I       1798.805     41  3679.609     3697.271     3821.800
 23  JTT+F+G4      1796.806     41  3675.613     3693.275     3817.803
 24  JTT+F+I+G4    1797.161     42  3678.322     3696.941     3823.981
WARNING: Normalizing state frequencies so that sum of them equals to 1
 26  Q.pfam+I      1829.233     22  3702.465     3707.194     3778.762
WARNING: Normalizing state frequencies so that sum of them equals to 1
 27  Q.pfam+G4     1828.164     22  3700.328     3705.056     3776.625
WARNING: Normalizing state frequencies so that sum of them equals to 1
 28  Q.pfam+I+G4   1828.167     23  3702.333     3707.516     3782.099
WARNING: Normalizing state frequencies so that sum of them equals to 1
 30  Q.pfam+F+I    1801.951     41  3685.902     3703.564     3828.093
WARNING: Normalizing state frequencies so that sum of them equals to 1
 31  Q.pfam+F+G4   1798.204     41  3678.408     3696.070     3820.599
WARNING: Normalizing state frequencies so that sum of them equals to 1
 32  Q.pfam+F+I+G4 1798.815     42  3681.630     3700.248     3827.288
WARNING: Normalizing state frequencies so that sum of them equals to 1
 34  Q.bird+I      1858.970     22  3761.939     3766.668     3838.236
WARNING: Normalizing state frequencies so that sum of them equals to 1
 35  Q.bird+G4     1854.073     22  3752.146     3756.875     3828.443
WARNING: Normalizing state frequencies so that sum of them equals to 1
 36  Q.bird+I+G4   1854.651     23  3755.302     3760.485     3835.067
WARNING: Normalizing state frequencies so that sum of them equals to 1
 38  Q.bird+F+I    1818.263     41  3718.526     3736.187     3860.716
WARNING: Normalizing state frequencies so that sum of them equals to 1
 39  Q.bird+F+G4   1810.144     41  3702.287     3719.949     3844.478
WARNING: Normalizing state frequencies so that sum of them equals to 1
 40  Q.bird+F+I+G4 1810.835     42  3705.671     3724.290     3851.329
WARNING: Normalizing state frequencies so that sum of them equals to 1
 42  Q.mammal+I    1856.408     22  3756.815     3761.544     3833.112
WARNING: Normalizing state frequencies so that sum of them equals to 1
 43  Q.mammal+G4   1852.933     22  3749.866     3754.595     3826.163
WARNING: Normalizing state frequencies so that sum of them equals to 1
 44  Q.mammal+I+G4 1853.509     23  3753.019     3758.202     3832.784
WARNING: Normalizing state frequencies so that sum of them equals to 1
 46  Q.mammal+F+I  1810.191     41  3702.382     3720.043     3844.572
WARNING: Normalizing state frequencies so that sum of them equals to 1
 47  Q.mammal+F+G4 1804.222     41  3690.444     3708.105     3832.634
WARNING: Normalizing state frequencies so that sum of them equals to 1
 48  Q.mammal+F+I+G4 1804.935     42  3693.869     3712.488     3839.528
 50  Q.insect+I    1830.015     22  3704.030     3708.759     3780.327
 51  Q.insect+G4   1827.935     22  3699.871     3704.600     3776.168
 52  Q.insect+I+G4 1828.245     23  3702.490     3707.673     3782.255
 54  Q.insect+F+I  1800.114     41  3682.229     3699.891     3824.419
 55  Q.insect+F+G4 1796.534     41  3675.067     3692.729     3817.258
 56  Q.insect+F+I+G4 1797.061     42  3678.122     3696.741     3823.781
WARNING: Normalizing state frequencies so that sum of them equals to 1
 58  Q.plant+I     1832.317     22  3708.634     3713.363     3784.931
WARNING: Normalizing state frequencies so that sum of them equals to 1
 59  Q.plant+G4    1827.350     22  3698.700     3703.429     3774.997
WARNING: Normalizing state frequencies so that sum of them equals to 1
 60  Q.plant+I+G4  1827.819     23  3701.637     3706.820     3781.402
WARNING: Normalizing state frequencies so that sum of them equals to 1
 62  Q.plant+F+I   1805.741     41  3693.482     3711.144     3835.673
WARNING: Normalizing state frequencies so that sum of them equals to 1
 63  Q.plant+F+G4  1798.574     41  3679.148     3696.810     3821.339
WARNING: Normalizing state frequencies so that sum of them equals to 1
 64  Q.plant+F+I+G4 1799.286     42  3682.571     3701.190     3828.230
WARNING: Normalizing state frequencies so that sum of them equals to 1
 66  Q.yeast+I     1839.736     22  3723.472     3728.201     3799.770
WARNING: Normalizing state frequencies so that sum of them equals to 1
 67  Q.yeast+G4    1837.726     22  3719.451     3724.180     3795.749
WARNING: Normalizing state frequencies so that sum of them equals to 1
 68  Q.yeast+I+G4  1837.843     23  3721.685     3726.868     3801.451
WARNING: Normalizing state frequencies so that sum of them equals to 1
 70  Q.yeast+F+I   1804.618     41  3691.237     3708.898     3833.427
WARNING: Normalizing state frequencies so that sum of them equals to 1
 71  Q.yeast+F+G4  1800.568     41  3683.136     3700.798     3825.327
WARNING: Normalizing state frequencies so that sum of them equals to 1
 72  Q.yeast+F+I+G4 1800.992     42  3685.984     3704.602     3831.642
 74  JTTDCMut+I    1836.673     22  3717.346     3722.075     3793.644
 75  JTTDCMut+G4   1835.613     22  3715.226     3719.955     3791.523
 76  JTTDCMut+I+G4 1835.594     23  3717.189     3722.372     3796.954
 78  JTTDCMut+F+I  1798.269     41  3678.539     3696.200     3820.729
 79  JTTDCMut+F+G4 1796.296     41  3674.592     3692.254     3816.782
 80  JTTDCMut+F+I+G4 1796.640     42  3677.280     3695.899     3822.939
 82  DCMut+I       1855.795     22  3755.591     3760.320     3831.888
 83  DCMut+G4      1853.831     22  3751.662     3756.391     3827.959
 84  DCMut+I+G4    1853.702     23  3753.405     3758.588     3833.170
 86  DCMut+F+I     1804.051     41  3690.103     3707.765     3832.293
 87  DCMut+F+G4    1801.883     41  3685.767     3703.428     3827.957
 88  DCMut+F+I+G4  1802.092     42  3688.184     3706.802     3833.842
 90  VT+I          1838.497     22  3720.995     3725.724     3797.292
 91  VT+G4         1839.505     22  3723.009     3727.738     3799.306
 92  VT+I+G4       1838.509     23  3723.017     3728.200     3802.783
 94  VT+F+I        1802.860     41  3687.719     3705.381     3829.910
 95  VT+F+G4       1803.006     41  3688.013     3705.675     3830.203
 96  VT+F+I+G4     1802.707     42  3689.415     3708.033     3835.073
 98  PMB+I         1834.351     22  3712.703     3717.432     3789.000
 99  PMB+G4        1835.338     22  3714.675     3719.404     3790.973
100  PMB+I+G4      1834.355     23  3714.710     3719.893     3794.475
102  PMB+F+I       1810.407     41  3702.814     3720.476     3845.005
103  PMB+F+G4      1810.565     41  3703.129     3720.791     3845.320
104  PMB+F+I+G4    1810.316     42  3704.632     3723.251     3850.291
106  Blosum62+I    1832.278     22  3708.556     3713.284     3784.853
107  Blosum62+G4   1833.336     22  3710.672     3715.400     3786.969
108  Blosum62+I+G4 1832.284     23  3710.568     3715.751     3790.333
110  Blosum62+F+I  1811.375     41  3704.750     3722.411     3846.940
111  Blosum62+F+G4 1811.580     41  3705.160     3722.822     3847.351
112  Blosum62+F+I+G4 1811.240     42  3706.479     3725.098     3852.138
114  Dayhoff+I     1855.760     22  3755.519     3760.248     3831.817
115  Dayhoff+G4    1853.737     22  3751.473     3756.202     3827.771
116  Dayhoff+I+G4  1853.616     23  3753.232     3758.416     3832.998
118  Dayhoff+F+I   1803.998     41  3689.995     3707.657     3832.186
119  Dayhoff+F+G4  1801.786     41  3685.571     3703.233     3827.762
120  Dayhoff+F+I+G4 1801.999     42  3687.999     3706.617     3833.657
122  mtREV+I       1895.969     22  3835.937     3840.666     3912.235
123  mtREV+G4      1887.827     22  3819.654     3824.383     3895.951
124  mtREV+I+G4    1888.494     23  3822.988     3828.171     3902.754
126  mtREV+F+I     1819.166     41  3720.332     3737.993     3862.522
127  mtREV+F+G4    1812.842     41  3707.685     3725.346     3849.875
128  mtREV+F+I+G4  1813.355     42  3710.711     3729.329     3856.369
130  mtART+I       1889.828     22  3823.655     3828.384     3899.953
131  mtART+G4      1872.858     22  3789.717     3794.446     3866.014
132  mtART+I+G4    1873.620     23  3793.240     3798.423     3873.006
134  mtART+F+I     1845.645     41  3773.290     3790.952     3915.480
135  mtART+F+G4    1828.446     41  3738.891     3756.553     3881.082
136  mtART+F+I+G4  1829.129     42  3742.259     3760.877     3887.917
138  mtZOA+I       1862.194     22  3768.389     3773.118     3844.686
139  mtZOA+G4      1849.567     22  3743.133     3747.862     3819.431
140  mtZOA+I+G4    1850.297     23  3746.593     3751.776     3826.359
142  mtZOA+F+I     1828.983     41  3739.965     3757.627     3882.156
143  mtZOA+F+G4    1817.593     41  3717.185     3734.847     3859.376
144  mtZOA+F+I+G4  1818.210     42  3720.420     3739.039     3866.079
146  mtMet+I       1878.116     22  3800.231     3804.960     3876.529
147  mtMet+G4      1868.924     22  3781.848     3786.577     3858.146
148  mtMet+I+G4    1869.552     23  3785.104     3790.287     3864.869
150  mtMet+F+I     1821.774     41  3725.548     3743.210     3867.739
151  mtMet+F+G4    1813.999     41  3709.998     3727.660     3852.189
152  mtMet+F+I+G4  1814.594     42  3713.187     3731.806     3858.846
154  mtVer+I       1904.770     22  3853.539     3858.268     3929.836
155  mtVer+G4      1890.186     22  3824.372     3829.101     3900.669
156  mtVer+I+G4    1891.018     23  3828.035     3833.218     3907.801
158  mtVer+F+I     1831.271     41  3744.541     3762.203     3886.732
159  mtVer+F+G4    1821.027     41  3724.053     3741.715     3866.244
160  mtVer+F+I+G4  1821.735     42  3727.470     3746.088     3873.128
162  mtInv+I       1885.715     22  3815.429     3820.158     3891.726
163  mtInv+G4      1880.319     22  3804.639     3809.368     3880.936
164  mtInv+I+G4    1880.931     23  3807.862     3813.045     3887.627
166  mtInv+F+I     1817.908     41  3717.815     3735.477     3860.006
167  mtInv+F+G4    1812.946     41  3707.892     3725.553     3850.082
168  mtInv+F+I+G4  1813.424     42  3710.848     3729.466     3856.506
170  mtMAM+I       1927.620     22  3899.239     3903.968     3975.536
171  mtMAM+G4      1902.427     22  3848.855     3853.584     3925.152
172  mtMAM+I+G4    1903.252     23  3852.504     3857.687     3932.269
174  mtMAM+F+I     1850.645     41  3783.289     3800.951     3925.480
175  mtMAM+F+G4    1831.600     41  3745.200     3762.861     3887.390
176  mtMAM+F+I+G4  1832.331     42  3748.662     3767.280     3894.320
WARNING: Normalizing state frequencies so that sum of them equals to 1
178  FLAVI+I       1879.135     22  3802.269     3806.998     3878.567
WARNING: Normalizing state frequencies so that sum of them equals to 1
179  FLAVI+G4      1867.694     22  3779.388     3784.117     3855.685
WARNING: Normalizing state frequencies so that sum of them equals to 1
180  FLAVI+I+G4    1868.421     23  3782.842     3788.026     3862.608
WARNING: Normalizing state frequencies so that sum of them equals to 1
182  FLAVI+F+I     1844.428     41  3770.857     3788.518     3913.047
WARNING: Normalizing state frequencies so that sum of them equals to 1
183  FLAVI+F+G4    1832.416     41  3746.833     3764.494     3889.023
WARNING: Normalizing state frequencies so that sum of them equals to 1
184  FLAVI+F+I+G4  1833.138     42  3750.275     3768.894     3895.934
186  HIVb+I        1861.848     22  3767.697     3772.426     3843.994
187  HIVb+G4       1857.776     22  3759.552     3764.281     3835.849
188  HIVb+I+G4     1858.047     23  3762.093     3767.276     3841.859
190  HIVb+F+I      1819.160     41  3720.321     3737.983     3862.511
191  HIVb+F+G4     1812.824     41  3707.648     3725.309     3849.838
192  HIVb+F+I+G4   1813.312     42  3710.623     3729.242     3856.282
194  HIVw+I        1924.566     22  3893.132     3897.861     3969.430
195  HIVw+G4       1919.137     22  3882.274     3887.003     3958.572
196  HIVw+I+G4     1919.487     23  3884.974     3890.157     3964.740
198  HIVw+F+I      1847.247     41  3776.494     3794.156     3918.685
199  HIVw+F+G4     1840.436     41  3762.872     3780.533     3905.062
200  HIVw+F+I+G4   1841.036     42  3766.072     3784.691     3911.731
202  FLU+I         1852.860     22  3749.719     3754.448     3826.016
203  FLU+G4        1848.098     22  3740.195     3744.924     3816.493
204  FLU+I+G4      1848.690     23  3743.380     3748.563     3823.146
206  FLU+F+I       1803.679     41  3689.359     3707.020     3831.549
207  FLU+F+G4      1795.828     41  3673.656     3691.318     3815.847
208  FLU+F+I+G4    1796.441     42  3676.883     3695.501     3822.541
210  rtREV+I       1865.310     22  3774.620     3779.349     3850.917
211  rtREV+G4      1864.436     22  3772.871     3777.600     3849.168
212  rtREV+I+G4    1864.156     23  3774.311     3779.494     3854.077
214  rtREV+F+I     1816.648     41  3715.297     3732.958     3857.487
215  rtREV+F+G4    1813.154     41  3708.309     3725.970     3850.499
216  rtREV+F+I+G4  1813.504     42  3711.009     3729.627     3856.667
218  cpREV+I       1839.853     22  3723.706     3728.435     3800.003
219  cpREV+G4      1839.121     22  3722.243     3726.972     3798.540
220  cpREV+I+G4    1838.797     23  3723.594     3728.777     3803.360
222  cpREV+F+I     1812.868     41  3707.735     3725.397     3849.926
223  cpREV+F+G4    1811.736     41  3705.472     3723.134     3847.663
224  cpREV+F+I+G4  1811.628     42  3707.257     3725.875     3852.915
Akaike Information Criterion:           LG+F+G4
Corrected Akaike Information Criterion: LG+F+G4
Bayesian Information Criterion:         LG+G4
Best-fit model: LG+G4 chosen according to BIC

All model information printed to ../results/molecular_evolution_analyses/phylogenetic_trees/F22544_MLIG_G1/F22544_MLIG_G1.model.gz
CPU time for ModelFinder: 6.319 seconds (0h:0m:6s)
Wall-clock time for ModelFinder: 6.325 seconds (0h:0m:6s)
Generating 1000 samples for ultrafast bootstrap (seed: 283084)...

NOTE: 2 MB RAM (0 GB) is required!
Estimate model parameters (epsilon = 0.100)
1. Initial log-likelihood: -1825.777
Optimal log-likelihood: -1825.777
Gamma shape alpha: 1.449
Parameters optimization took 1 rounds (0.010 sec)
Wrote distance file to... 
Computing ML distances based on estimated model parameters...
Calculating distance matrix: done in 0.013108 secs using 99.9% CPU
Computing ML distances took 0.013138 sec (of wall-clock time) 0.013127 sec (of CPU time)
Setting up auxiliary I and S matrices: done in 4.60148e-05 secs using 97.79% CPU
Constructing RapidNJ tree: done in 4.79221e-05 secs using 102.2% CPU
Computing RapidNJ tree took 0.000151 sec (of wall-clock time) 0.000151 sec (of CPU time)
Log-likelihood of RapidNJ tree: -1825.778
--------------------------------------------------------------------
|             INITIALIZING CANDIDATE TREE SET                      |
--------------------------------------------------------------------
Generating 99 parsimony trees... 0.051 second
Computing log-likelihood of 96 initial trees ... 0.289 seconds
Current best score: -1825.777

Do NNI search on 20 best initial trees
Optimizing NNI: done in 0.0150139 secs using 99.99% CPU
Estimate model parameters (epsilon = 0.100)
BETTER TREE FOUND at iteration 1: -1825.777
Optimizing NNI: done in 0.027272 secs using 99.97% CPU
BETTER TREE FOUND at iteration 2: -1825.777
Optimizing NNI: done in 0.0272231 secs using 99.98% CPU
Optimizing NNI: done in 0.027133 secs using 99.97% CPU
UPDATE BEST LOG-LIKELIHOOD: -1825.777
Optimizing NNI: done in 0.027138 secs using 99.98% CPU
Optimizing NNI: done in 0.0271349 secs using 99.97% CPU
Optimizing NNI: done in 0.027132 secs using 99.98% CPU
Optimizing NNI: done in 0.0271189 secs using 99.98% CPU
Optimizing NNI: done in 0.027117 secs using 99.97% CPU
Optimizing NNI: done in 0.0408578 secs using 99.98% CPU
Iteration 10 / LogL: -1825.777 / Time: 0h:0m:0s
Optimizing NNI: done in 0.0364799 secs using 99.97% CPU
Optimizing NNI: done in 0.036479 secs using 99.97% CPU
Optimizing NNI: done in 0.040884 secs using 99.97% CPU
Optimizing NNI: done in 0.0407908 secs using 99.97% CPU
Optimizing NNI: done in 0.0378361 secs using 99.97% CPU
Optimizing NNI: done in 0.0378499 secs using 99.97% CPU
Optimizing NNI: done in 0.0452249 secs using 99.98% CPU
UPDATE BEST LOG-LIKELIHOOD: -1825.777
Optimizing NNI: done in 0.0454371 secs using 99.98% CPU
Optimizing NNI: done in 0.0484271 secs using 99.97% CPU
UPDATE BEST LOG-LIKELIHOOD: -1825.777
Optimizing NNI: done in 0.0497811 secs using 99.98% CPU
UPDATE BEST LOG-LIKELIHOOD: -1825.777
Iteration 20 / LogL: -1825.777 / Time: 0h:0m:1s
Finish initializing candidate tree set (3)
Current best tree score: -1825.777 / CPU time: 1.061
Number of iterations: 20
--------------------------------------------------------------------
|               OPTIMIZING CANDIDATE TREE SET                      |
--------------------------------------------------------------------
Optimizing NNI: done in 0.0854819 secs using 99.97% CPU
Optimizing NNI: done in 0.075109 secs using 99.98% CPU
Optimizing NNI: done in 0.0320861 secs using 99.97% CPU
UPDATE BEST LOG-LIKELIHOOD: -1825.777
Optimizing NNI: done in 0.0300419 secs using 99.97% CPU
UPDATE BEST LOG-LIKELIHOOD: -1825.777
Optimizing NNI: done in 0.079237 secs using 99.97% CPU
Optimizing NNI: done in 0.0970471 secs using 99.98% CPU
Optimizing NNI: done in 0.049715 secs using 99.97% CPU
Optimizing NNI: done in 0.037976 secs using 99.98% CPU
Optimizing NNI: done in 0.0977449 secs using 99.97% CPU
Optimizing NNI: done in 0.100524 secs using 99.97% CPU
Iteration 30 / LogL: -1825.778 / Time: 0h:0m:1s (0h:0m:4s left)
Optimizing NNI: done in 0.0648279 secs using 99.97% CPU
Optimizing NNI: done in 0.053422 secs using 99.98% CPU
Optimizing NNI: done in 0.106242 secs using 99.98% CPU
Optimizing NNI: done in 0.0297329 secs using 99.97% CPU
Optimizing NNI: done in 0.0610099 secs using 99.97% CPU
Optimizing NNI: done in 0.053972 secs using 99.98% CPU
Optimizing NNI: done in 0.086796 secs using 99.98% CPU
Optimizing NNI: done in 0.0658031 secs using 99.98% CPU
Optimizing NNI: done in 0.0602689 secs using 99.98% CPU
Optimizing NNI: done in 0.0514009 secs using 99.97% CPU
Iteration 40 / LogL: -1825.777 / Time: 0h:0m:2s (0h:0m:3s left)
Optimizing NNI: done in 0.055521 secs using 99.97% CPU
Optimizing NNI: done in 0.051656 secs using 99.97% CPU
Optimizing NNI: done in 0.046906 secs using 99.97% CPU
Optimizing NNI: done in 0.0476801 secs using 99.98% CPU
Optimizing NNI: done in 0.078398 secs using 99.98% CPU
Optimizing NNI: done in 0.0657589 secs using 99.97% CPU
Optimizing NNI: done in 0.060504 secs using 99.98% CPU
Optimizing NNI: done in 0.0727868 secs using 99.98% CPU
Optimizing NNI: done in 0.0956302 secs using 99.98% CPU
Optimizing NNI: done in 0.080117 secs using 99.98% CPU
Iteration 50 / LogL: -1825.778 / Time: 0h:0m:3s (0h:0m:3s left)
Log-likelihood cutoff on original alignment: -1848.396
Optimizing NNI: done in 0.0657208 secs using 99.97% CPU
Optimizing NNI: done in 0.0271862 secs using 99.97% CPU
Optimizing NNI: done in 0.0740969 secs using 99.98% CPU
Optimizing NNI: done in 0.12152 secs using 99.98% CPU
Optimizing NNI: done in 0.0674288 secs using 99.98% CPU
Optimizing NNI: done in 0.0698299 secs using 99.98% CPU
Optimizing NNI: done in 0.0638769 secs using 99.98% CPU
Optimizing NNI: done in 0.080884 secs using 99.98% CPU
Optimizing NNI: done in 0.067142 secs using 99.98% CPU
Optimizing NNI: done in 0.055069 secs using 99.97% CPU
Iteration 60 / LogL: -1825.777 / Time: 0h:0m:3s (0h:0m:2s left)
Optimizing NNI: done in 0.0613811 secs using 99.98% CPU
Optimizing NNI: done in 0.0678749 secs using 99.98% CPU
Optimizing NNI: done in 0.045891 secs using 99.98% CPU
Optimizing NNI: done in 0.0725322 secs using 99.98% CPU
Optimizing NNI: done in 0.05021 secs using 99.97% CPU
Optimizing NNI: done in 0.027837 secs using 99.98% CPU
Optimizing NNI: done in 0.062557 secs using 99.98% CPU
Optimizing NNI: done in 0.0274711 secs using 99.98% CPU
Optimizing NNI: done in 0.0469301 secs using 99.97% CPU
Optimizing NNI: done in 0.0737848 secs using 99.98% CPU
Iteration 70 / LogL: -1825.778 / Time: 0h:0m:4s (0h:0m:2s left)
Optimizing NNI: done in 0.091768 secs using 99.98% CPU
Optimizing NNI: done in 0.054297 secs using 99.98% CPU
Optimizing NNI: done in 0.09477 secs using 99.98% CPU
Optimizing NNI: done in 0.0550449 secs using 99.97% CPU
Optimizing NNI: done in 0.0555699 secs using 99.98% CPU
Optimizing NNI: done in 0.083602 secs using 99.97% CPU
Optimizing NNI: done in 0.0587552 secs using 99.98% CPU
Optimizing NNI: done in 0.0511739 secs using 99.97% CPU
Optimizing NNI: done in 0.0642462 secs using 99.98% CPU
Optimizing NNI: done in 0.014684 secs using 99.97% CPU
Iteration 80 / LogL: -1825.777 / Time: 0h:0m:5s (0h:0m:1s left)
Optimizing NNI: done in 0.0378051 secs using 99.98% CPU
Optimizing NNI: done in 0.0278332 secs using 99.98% CPU
Optimizing NNI: done in 0.041944 secs using 99.97% CPU
Optimizing NNI: done in 0.0648301 secs using 99.98% CPU
Optimizing NNI: done in 0.0764949 secs using 99.97% CPU
Optimizing NNI: done in 0.035682 secs using 99.97% CPU
Optimizing NNI: done in 0.0480318 secs using 99.98% CPU
Optimizing NNI: done in 0.0600729 secs using 99.98% CPU
Optimizing NNI: done in 0.049392 secs using 99.98% CPU
Optimizing NNI: done in 0.062906 secs using 99.97% CPU
Iteration 90 / LogL: -1825.777 / Time: 0h:0m:5s (0h:0m:0s left)
Optimizing NNI: done in 0.0462511 secs using 99.98% CPU
Optimizing NNI: done in 0.0629089 secs using 99.98% CPU
Optimizing NNI: done in 0.0941021 secs using 99.97% CPU
Optimizing NNI: done in 0.027333 secs using 99.97% CPU
Optimizing NNI: done in 0.0804908 secs using 99.98% CPU
Optimizing NNI: done in 0.037693 secs using 99.98% CPU
Optimizing NNI: done in 0.06884 secs using 99.98% CPU
Optimizing NNI: done in 0.046927 secs using 99.98% CPU
Optimizing NNI: done in 0.014708 secs using 99.96% CPU
Optimizing NNI: done in 0.061136 secs using 99.98% CPU
Iteration 100 / LogL: -1825.781 / Time: 0h:0m:6s (0h:0m:0s left)
Log-likelihood cutoff on original alignment: -1847.963
NOTE: Bootstrap correlation coefficient of split occurrence frequencies: 0.994
Optimizing NNI: done in 0.048703 secs using 99.96% CPU
Optimizing NNI: done in 0.0620201 secs using 99.96% CPU
Optimizing NNI: done in 0.058706 secs using 99.97% CPU
TREE SEARCH COMPLETED AFTER 103 ITERATIONS / Time: 0h:0m:6s

--------------------------------------------------------------------
|                    FINALIZING TREE SEARCH                        |
--------------------------------------------------------------------
Performs final model parameters optimization
Estimate model parameters (epsilon = 0.010)
1. Initial log-likelihood: -1825.777
Optimal log-likelihood: -1825.777
Gamma shape alpha: 1.449
Parameters optimization took 1 rounds (0.009 sec)
BEST SCORE FOUND : -1825.777

Testing tree branches by SH-like aLRT with 1000 replicates...
0.057 sec.
Creating bootstrap support values...
Split supports printed to NEXUS file ../results/molecular_evolution_analyses/phylogenetic_trees/F22544_MLIG_G1/F22544_MLIG_G1.splits.nex
Total tree length: 1.707

Total number of iterations: 103
CPU time used for tree search: 6.624 sec (0h:0m:6s)
Wall-clock time used for tree search: 6.440 sec (0h:0m:6s)
Total CPU time used: 6.764 sec (0h:0m:6s)
Total wall-clock time used: 6.573 sec (0h:0m:6s)

Computing bootstrap consensus tree...
Reading input file ../results/molecular_evolution_analyses/phylogenetic_trees/F22544_MLIG_G1/F22544_MLIG_G1.splits.nex...
12 taxa and 34 splits.
Consensus tree written to ../results/molecular_evolution_analyses/phylogenetic_trees/F22544_MLIG_G1/F22544_MLIG_G1.contree
Reading input trees file ../results/molecular_evolution_analyses/phylogenetic_trees/F22544_MLIG_G1/F22544_MLIG_G1.contree
Log-likelihood of consensus tree: -1825.779

Analysis results written to: 
  IQ-TREE report:                ../results/molecular_evolution_analyses/phylogenetic_trees/F22544_MLIG_G1/F22544_MLIG_G1.iqtree
  Maximum-likelihood tree:       ../results/molecular_evolution_analyses/phylogenetic_trees/F22544_MLIG_G1/F22544_MLIG_G1.treefile
  Likelihood distances:          ../results/molecular_evolution_analyses/phylogenetic_trees/F22544_MLIG_G1/F22544_MLIG_G1.mldist

Ultrafast bootstrap approximation results written to:
  Split support values:          ../results/molecular_evolution_analyses/phylogenetic_trees/F22544_MLIG_G1/F22544_MLIG_G1.splits.nex
  Consensus tree:                ../results/molecular_evolution_analyses/phylogenetic_trees/F22544_MLIG_G1/F22544_MLIG_G1.contree
  Screen log file:               ../results/molecular_evolution_analyses/phylogenetic_trees/F22544_MLIG_G1/F22544_MLIG_G1.log

Date and Time: Wed May  1 09:51:23 2024
