IQ-TREE multicore version 2.2.2.6 COVID-edition for Linux 64-bit built May 27 2023
Developed by Bui Quang Minh, James Barbetti, Nguyen Lam Tung,
Olga Chernomor, Heiko Schmidt, Dominik Schrempf, Michael Woodhams, Ly Trong Nhan.

Host:    lbc5 (AVX2, FMA3, 125 GB RAM)
Command: /home/mauricio/mauricio_PROGRAMAS/iqtree-2.2.2.6-Linux/bin/iqtree2 -s ../results/molecular_evolution_analyses/alignments_gblocks/F30568_MLIG_G1/F30568_MLIG_G1.aln.gblo -m TEST --threads-max 32 --alrt 1000 --ufboot 1000 --prefix ../results/molecular_evolution_analyses/phylogenetic_trees/F30568_MLIG_G1/F30568_MLIG_G1 -keep-ident -redo
Seed:    857849 (Using SPRNG - Scalable Parallel Random Number Generator)
Time:    Wed May  1 11:16:41 2024
Kernel:  AVX+FMA - 1 threads (32 CPU cores detected)

HINT: Use -nt option to specify number of threads because your CPU has 32 cores!
HINT: -nt AUTO will automatically determine the best number of threads to use.

Reading alignment file ../results/molecular_evolution_analyses/alignments_gblocks/F30568_MLIG_G1/F30568_MLIG_G1.aln.gblo ... Fasta format detected
Reading fasta file: done in 0.000105143 secs using 98.91% CPU
Alignment most likely contains protein sequences
Constructing alignment: done in 0.000321865 secs using 100% CPU
Alignment has 10 sequences with 288 columns, 185 distinct patterns
110 parsimony-informative, 77 singleton sites, 101 constant sites
            Gap/Ambiguity  Composition  p-value
Analyzing sequences: done in 1.19209e-05 secs using 100.7% CPU
   1  Mlig.25630    0.00%    passed     98.14%
   2  Mlig.20202    0.00%    passed     99.99%
   3  Mlig.20203    0.00%    passed     99.98%
   4  Mlig.10250    0.00%    passed     99.98%
   5  Mlig.12256    0.00%    passed    100.00%
   6  Mlig.18501    0.00%    passed    100.00%
   7  Mlig.25632    0.00%    passed    100.00%
   8  Mlig.12255    0.00%    passed    100.00%
   9  Mlig.18500    0.00%    passed    100.00%
  10  Mlig.25631    0.00%    passed    100.00%
****  TOTAL         0.00%  0 sequences failed composition chi2 test (p-value<5%; df=19)


Create initial parsimony tree by phylogenetic likelihood library (PLL)... 0.000 seconds
Perform fast likelihood tree search using LG+I+G model...
Estimate model parameters (epsilon = 5.000)
Perform nearest neighbor interchange...
Optimizing NNI: done in 0.021245 secs using 99.98% CPU
Estimate model parameters (epsilon = 1.000)
1. Initial log-likelihood: -2069.338
Optimal log-likelihood: -2069.086
Proportion of invariable sites: 0.143
Gamma shape alpha: 2.113
Parameters optimization took 1 rounds (0.018 sec)
Time for fast ML tree search: 0.085 seconds

NOTE: ModelFinder requires 2 MB RAM!
ModelFinder will test up to 224 protein models (sample size: 288) ...
 No. Model         -LnL         df  AIC          AICc         BIC
  1  LG            2080.838     17  4195.675     4197.942     4257.946
  2  LG+I          2073.247     18  4182.494     4185.037     4248.428
  3  LG+G4         2067.371     18  4170.743     4173.285     4236.676
  4  LG+I+G4       2068.417     19  4174.834     4177.670     4244.430
  7  LG+F+G4       2008.285     37  4090.571     4101.819     4226.101
  8  LG+F+I+G4     2009.319     38  4094.637     4106.541     4233.830
 11  WAG+G4        2061.836     18  4159.672     4162.215     4225.606
 12  WAG+I+G4      2062.827     19  4163.654     4166.490     4233.251
 15  WAG+F+G4      2003.239     37  4080.477     4091.725     4216.007
 16  WAG+F+I+G4    2004.195     38  4084.391     4096.294     4223.583
 19  JTT+G4        2059.622     18  4155.245     4157.787     4221.178
 20  JTT+I+G4      2060.665     19  4159.331     4162.166     4228.927
 23  JTT+F+G4      2007.708     37  4089.416     4100.664     4224.946
 24  JTT+F+I+G4    2008.694     38  4093.388     4105.291     4232.580
WARNING: Normalizing state frequencies so that sum of them equals to 1
 27  Q.pfam+G4     2060.607     18  4157.213     4159.756     4223.147
WARNING: Normalizing state frequencies so that sum of them equals to 1
 28  Q.pfam+I+G4   2061.560     19  4161.121     4163.956     4230.717
WARNING: Normalizing state frequencies so that sum of them equals to 1
 31  Q.pfam+F+G4   2008.305     37  4090.609     4101.857     4226.139
WARNING: Normalizing state frequencies so that sum of them equals to 1
 32  Q.pfam+F+I+G4 2009.262     38  4094.524     4106.427     4233.716
WARNING: Normalizing state frequencies so that sum of them equals to 1
 35  Q.bird+G4     2077.659     18  4191.318     4193.860     4257.251
WARNING: Normalizing state frequencies so that sum of them equals to 1
 36  Q.bird+I+G4   2078.562     19  4195.124     4197.960     4264.721
WARNING: Normalizing state frequencies so that sum of them equals to 1
 39  Q.bird+F+G4   2035.373     37  4144.745     4155.993     4280.275
WARNING: Normalizing state frequencies so that sum of them equals to 1
 40  Q.bird+F+I+G4 2036.208     38  4148.416     4160.319     4287.608
WARNING: Normalizing state frequencies so that sum of them equals to 1
 43  Q.mammal+G4   2070.266     18  4176.532     4179.075     4242.465
WARNING: Normalizing state frequencies so that sum of them equals to 1
 44  Q.mammal+I+G4 2071.166     19  4180.332     4183.168     4249.928
WARNING: Normalizing state frequencies so that sum of them equals to 1
 47  Q.mammal+F+G4 2027.115     37  4128.230     4139.478     4263.760
WARNING: Normalizing state frequencies so that sum of them equals to 1
 48  Q.mammal+F+I+G4 2027.932     38  4131.864     4143.767     4271.056
 51  Q.insect+G4   2086.267     18  4208.534     4211.077     4274.467
 52  Q.insect+I+G4 2087.300     19  4212.601     4215.437     4282.197
 55  Q.insect+F+G4 2007.251     37  4088.502     4099.750     4224.032
 56  Q.insect+F+I+G4 2008.242     38  4092.484     4104.388     4231.677
WARNING: Normalizing state frequencies so that sum of them equals to 1
 59  Q.plant+G4    2076.226     18  4188.453     4190.995     4254.386
WARNING: Normalizing state frequencies so that sum of them equals to 1
 60  Q.plant+I+G4  2077.304     19  4192.608     4195.444     4262.204
WARNING: Normalizing state frequencies so that sum of them equals to 1
 63  Q.plant+F+G4  2016.547     37  4107.094     4118.342     4242.624
WARNING: Normalizing state frequencies so that sum of them equals to 1
 64  Q.plant+F+I+G4 2017.542     38  4111.084     4122.988     4250.277
WARNING: Normalizing state frequencies so that sum of them equals to 1
 67  Q.yeast+G4    2110.780     18  4257.561     4260.103     4323.494
WARNING: Normalizing state frequencies so that sum of them equals to 1
 68  Q.yeast+I+G4  2111.725     19  4261.450     4264.286     4331.046
WARNING: Normalizing state frequencies so that sum of them equals to 1
 71  Q.yeast+F+G4  2012.908     37  4099.816     4111.064     4235.346
WARNING: Normalizing state frequencies so that sum of them equals to 1
 72  Q.yeast+F+I+G4 2013.852     38  4103.704     4115.607     4242.896
 75  JTTDCMut+G4   2060.230     18  4156.461     4159.004     4222.394
 76  JTTDCMut+I+G4 2061.287     19  4160.574     4163.409     4230.170
 79  JTTDCMut+F+G4 2007.503     37  4089.007     4100.255     4224.536
 80  JTTDCMut+F+I+G4 2008.509     38  4093.018     4104.922     4232.211
 83  DCMut+G4      2065.713     18  4167.426     4169.969     4233.360
 84  DCMut+I+G4    2066.702     19  4171.404     4174.240     4241.000
 87  DCMut+F+G4    1999.371     37  4072.743     4083.991     4208.272
 88  DCMut+F+I+G4  2000.309     38  4076.619     4088.523     4215.811
 91  VT+G4         2065.865     18  4167.730     4170.272     4233.663
 92  VT+I+G4       2066.687     19  4171.374     4174.210     4240.971
 95  VT+F+G4       2009.731     37  4093.463     4104.711     4228.992
 96  VT+F+I+G4     2010.540     38  4097.080     4108.984     4236.273
 99  PMB+G4        2070.394     18  4176.789     4179.332     4242.722
100  PMB+I+G4      2071.126     19  4180.252     4183.088     4249.849
103  PMB+F+G4      2020.696     37  4115.392     4126.640     4250.922
104  PMB+F+I+G4    2021.447     38  4118.894     4130.797     4258.086
107  Blosum62+G4   2077.242     18  4190.484     4193.027     4256.417
108  Blosum62+I+G4 2078.001     19  4194.003     4196.839     4263.599
111  Blosum62+F+G4 2023.270     37  4120.539     4131.787     4256.069
112  Blosum62+F+I+G4 2024.051     38  4124.102     4136.005     4263.294
115  Dayhoff+G4    2065.677     18  4167.354     4169.896     4233.287
116  Dayhoff+I+G4  2066.668     19  4171.336     4174.171     4240.932
119  Dayhoff+F+G4  1999.273     37  4072.545     4083.793     4208.075
120  Dayhoff+F+I+G4 2000.213     38  4076.426     4088.330     4215.619
123  mtREV+G4      2196.949     18  4429.898     4432.441     4495.831
124  mtREV+I+G4    2198.028     19  4434.057     4436.893     4503.653
127  mtREV+F+G4    2029.081     37  4132.162     4143.410     4267.691
128  mtREV+F+I+G4  2030.082     38  4136.164     4148.067     4275.356
131  mtART+G4      2230.793     18  4497.586     4500.129     4563.519
132  mtART+I+G4    2231.883     19  4501.766     4504.602     4571.363
135  mtART+F+G4    2058.209     37  4190.418     4201.666     4325.948
136  mtART+F+I+G4  2059.460     38  4194.920     4206.824     4334.113
139  mtZOA+G4      2178.310     18  4392.620     4395.162     4458.553
140  mtZOA+I+G4    2179.528     19  4397.055     4399.891     4466.651
143  mtZOA+F+G4    2041.510     37  4157.021     4168.269     4292.550
144  mtZOA+F+I+G4  2042.575     38  4161.151     4173.054     4300.343
147  mtMet+G4      2238.084     18  4512.168     4514.710     4578.101
148  mtMet+I+G4    2239.204     19  4516.407     4519.243     4586.004
151  mtMet+F+G4    2031.034     37  4136.068     4147.316     4271.597
152  mtMet+F+I+G4  2032.098     38  4140.196     4152.099     4279.388
155  mtVer+G4      2214.809     18  4465.617     4468.160     4531.551
156  mtVer+I+G4    2215.851     19  4469.703     4472.538     4539.299
159  mtVer+F+G4    2037.703     37  4149.405     4160.653     4284.935
160  mtVer+F+I+G4  2038.769     38  4153.538     4165.442     4292.730
163  mtInv+G4      2277.137     18  4590.274     4592.817     4656.207
164  mtInv+I+G4    2278.207     19  4594.413     4597.249     4664.010
167  mtInv+F+G4    2028.598     37  4131.196     4142.444     4266.725
168  mtInv+F+I+G4  2029.663     38  4135.326     4147.230     4274.519
171  mtMAM+G4      2215.713     18  4467.425     4469.968     4533.359
172  mtMAM+I+G4    2216.834     19  4471.668     4474.503     4541.264
175  mtMAM+F+G4    2045.968     37  4165.936     4177.184     4301.466
176  mtMAM+F+I+G4  2047.060     38  4170.119     4182.023     4309.312
WARNING: Normalizing state frequencies so that sum of them equals to 1
179  FLAVI+G4      2115.880     18  4267.760     4270.303     4333.693
WARNING: Normalizing state frequencies so that sum of them equals to 1
180  FLAVI+I+G4    2116.743     19  4271.486     4274.322     4341.083
WARNING: Normalizing state frequencies so that sum of them equals to 1
183  FLAVI+F+G4    2035.391     37  4144.783     4156.031     4280.312
WARNING: Normalizing state frequencies so that sum of them equals to 1
184  FLAVI+F+I+G4  2036.343     38  4148.685     4160.589     4287.878
187  HIVb+G4       2099.531     18  4235.062     4237.605     4300.995
188  HIVb+I+G4     2100.519     19  4239.038     4241.874     4308.634
191  HIVb+F+G4     2035.974     37  4145.948     4157.196     4281.477
192  HIVb+F+I+G4   2037.018     38  4150.036     4161.940     4289.229
195  HIVw+G4       2219.149     18  4474.298     4476.841     4540.232
196  HIVw+I+G4     2219.995     19  4477.991     4480.827     4547.587
199  HIVw+F+G4     2070.783     37  4215.567     4226.815     4351.096
200  HIVw+F+I+G4   2071.576     38  4219.153     4231.056     4358.345
203  FLU+G4        2136.550     18  4309.099     4311.642     4375.033
204  FLU+I+G4      2137.466     19  4312.932     4315.768     4382.529
207  FLU+F+G4      2024.771     37  4123.542     4134.790     4259.072
208  FLU+F+I+G4    2025.699     38  4127.397     4139.301     4266.590
211  rtREV+G4      2102.485     18  4240.970     4243.513     4306.904
212  rtREV+I+G4    2103.389     19  4244.778     4247.614     4314.374
215  rtREV+F+G4    2021.174     37  4116.348     4127.596     4251.878
216  rtREV+F+I+G4  2022.011     38  4120.022     4131.925     4259.214
219  cpREV+G4      2086.062     18  4208.124     4210.667     4274.058
220  cpREV+I+G4    2087.125     19  4212.250     4215.086     4281.846
223  cpREV+F+G4    2012.736     37  4099.472     4110.720     4235.001
224  cpREV+F+I+G4  2013.702     38  4103.405     4115.308     4242.597
Akaike Information Criterion:           Dayhoff+F+G4
Corrected Akaike Information Criterion: Dayhoff+F+G4
Bayesian Information Criterion:         Dayhoff+F+G4
Best-fit model: Dayhoff+F+G4 chosen according to BIC

All model information printed to ../results/molecular_evolution_analyses/phylogenetic_trees/F30568_MLIG_G1/F30568_MLIG_G1.model.gz
CPU time for ModelFinder: 7.961 seconds (0h:0m:7s)
Wall-clock time for ModelFinder: 7.963 seconds (0h:0m:7s)
Generating 1000 samples for ultrafast bootstrap (seed: 857849)...

NOTE: 2 MB RAM (0 GB) is required!
Estimate model parameters (epsilon = 0.100)
1. Initial log-likelihood: -1999.273
Optimal log-likelihood: -1999.273
Gamma shape alpha: 1.484
Parameters optimization took 1 rounds (0.009 sec)
Wrote distance file to... 
Computing ML distances based on estimated model parameters...
Calculating distance matrix: done in 0.00707412 secs using 99.94% CPU
Computing ML distances took 0.007105 sec (of wall-clock time) 0.007103 sec (of CPU time)
Setting up auxiliary I and S matrices: done in 4.60148e-05 secs using 97.79% CPU
Constructing RapidNJ tree: done in 4.29153e-05 secs using 100.2% CPU
Computing RapidNJ tree took 0.000156 sec (of wall-clock time) 0.000155 sec (of CPU time)
Log-likelihood of RapidNJ tree: -1999.275
--------------------------------------------------------------------
|             INITIALIZING CANDIDATE TREE SET                      |
--------------------------------------------------------------------
Generating 98 parsimony trees... 0.037 second
Computing log-likelihood of 87 initial trees ... 0.222 seconds
Current best score: -1999.273

Do NNI search on 20 best initial trees
Optimizing NNI: done in 0.012377 secs using 99.97% CPU
Estimate model parameters (epsilon = 0.100)
BETTER TREE FOUND at iteration 1: -1999.273
Optimizing NNI: done in 0.012517 secs using 99.97% CPU
Optimizing NNI: done in 0.029464 secs using 99.98% CPU
Optimizing NNI: done in 0.031641 secs using 99.97% CPU
UPDATE BEST LOG-LIKELIHOOD: -1999.272
Optimizing NNI: done in 0.031615 secs using 99.97% CPU
Optimizing NNI: done in 0.0313299 secs using 99.97% CPU
Optimizing NNI: done in 0.031321 secs using 99.97% CPU
Optimizing NNI: done in 0.031445 secs using 99.97% CPU
Optimizing NNI: done in 0.0314491 secs using 99.96% CPU
Optimizing NNI: done in 0.0323482 secs using 99.97% CPU
Iteration 10 / LogL: -1999.273 / Time: 0h:0m:0s
Optimizing NNI: done in 0.034502 secs using 99.96% CPU
UPDATE BEST LOG-LIKELIHOOD: -1999.272
Optimizing NNI: done in 0.0346129 secs using 99.87% CPU
Optimizing NNI: done in 0.034559 secs using 99.97% CPU
Optimizing NNI: done in 0.034523 secs using 99.96% CPU
Optimizing NNI: done in 0.034215 secs using 99.97% CPU
Optimizing NNI: done in 0.0341971 secs using 99.97% CPU
Optimizing NNI: done in 0.0342011 secs using 99.98% CPU
Optimizing NNI: done in 0.0342181 secs using 99.96% CPU
Optimizing NNI: done in 0.0343409 secs using 99.98% CPU
Optimizing NNI: done in 0.034327 secs using 99.98% CPU
Iteration 20 / LogL: -1999.272 / Time: 0h:0m:0s
Finish initializing candidate tree set (1)
Current best tree score: -1999.272 / CPU time: 0.906
Number of iterations: 20
--------------------------------------------------------------------
|               OPTIMIZING CANDIDATE TREE SET                      |
--------------------------------------------------------------------
Optimizing NNI: done in 0.0766039 secs using 99.69% CPU
Optimizing NNI: done in 0.0562789 secs using 99.97% CPU
Optimizing NNI: done in 0.0311589 secs using 99.98% CPU
Optimizing NNI: done in 0.0450051 secs using 99.97% CPU
Optimizing NNI: done in 0.054575 secs using 99.97% CPU
UPDATE BEST LOG-LIKELIHOOD: -1999.272
Optimizing NNI: done in 0.0259111 secs using 99.96% CPU
UPDATE BEST LOG-LIKELIHOOD: -1999.272
Optimizing NNI: done in 0.040904 secs using 99.97% CPU
Optimizing NNI: done in 0.0514741 secs using 99.96% CPU
Optimizing NNI: done in 0.0671511 secs using 99.97% CPU
Optimizing NNI: done in 0.0715408 secs using 99.96% CPU
Iteration 30 / LogL: -1999.273 / Time: 0h:0m:1s (0h:0m:3s left)
Optimizing NNI: done in 0.064106 secs using 99.98% CPU
Optimizing NNI: done in 0.026752 secs using 99.98% CPU
UPDATE BEST LOG-LIKELIHOOD: -1999.272
Optimizing NNI: done in 0.012552 secs using 96.69% CPU
Optimizing NNI: done in 0.045207 secs using 99.97% CPU
Optimizing NNI: done in 0.0239549 secs using 99.98% CPU
Optimizing NNI: done in 0.0122688 secs using 99.98% CPU
UPDATE BEST LOG-LIKELIHOOD: -1999.272
Optimizing NNI: done in 0.06599 secs using 99.37% CPU
Optimizing NNI: done in 0.0409369 secs using 99.98% CPU
Optimizing NNI: done in 0.0408161 secs using 99.98% CPU
Optimizing NNI: done in 0.0258119 secs using 99.98% CPU
UPDATE BEST LOG-LIKELIHOOD: -1999.272
Iteration 40 / LogL: -1999.272 / Time: 0h:0m:1s (0h:0m:2s left)
Optimizing NNI: done in 0.012434 secs using 99.96% CPU
UPDATE BEST LOG-LIKELIHOOD: -1999.272
Optimizing NNI: done in 0.0219951 secs using 99.99% CPU
Optimizing NNI: done in 0.0606532 secs using 99.98% CPU
Optimizing NNI: done in 0.077189 secs using 99.98% CPU
Optimizing NNI: done in 0.0547738 secs using 99.97% CPU
Optimizing NNI: done in 0.0122092 secs using 99.97% CPU
Optimizing NNI: done in 0.012372 secs using 99.98% CPU
Optimizing NNI: done in 0.0796549 secs using 99.97% CPU
Optimizing NNI: done in 0.0126891 secs using 99.96% CPU
Optimizing NNI: done in 0.0221541 secs using 99.98% CPU
Iteration 50 / LogL: -2000.397 / Time: 0h:0m:2s (0h:0m:2s left)
Log-likelihood cutoff on original alignment: -2012.780
Optimizing NNI: done in 0.0541751 secs using 99.96% CPU
Optimizing NNI: done in 0.0565331 secs using 99.97% CPU
Optimizing NNI: done in 0.0268061 secs using 99.98% CPU
Optimizing NNI: done in 0.035881 secs using 99.97% CPU
Optimizing NNI: done in 0.0561509 secs using 99.98% CPU
Optimizing NNI: done in 0.0122552 secs using 99.96% CPU
Optimizing NNI: done in 0.044889 secs using 99.97% CPU
Optimizing NNI: done in 0.0119829 secs using 99.98% CPU
Optimizing NNI: done in 0.0453329 secs using 99.97% CPU
Optimizing NNI: done in 0.062839 secs using 99.97% CPU
Iteration 60 / LogL: -1999.272 / Time: 0h:0m:2s (0h:0m:1s left)
Optimizing NNI: done in 0.0655239 secs using 99.98% CPU
Optimizing NNI: done in 0.0125709 secs using 99.98% CPU
Optimizing NNI: done in 0.0422089 secs using 99.97% CPU
Optimizing NNI: done in 0.0124559 secs using 99.98% CPU
Optimizing NNI: done in 0.048619 secs using 99.98% CPU
Optimizing NNI: done in 0.0355601 secs using 99.98% CPU
Optimizing NNI: done in 0.0269411 secs using 99.98% CPU
Optimizing NNI: done in 0.0314429 secs using 99.98% CPU
Optimizing NNI: done in 0.078624 secs using 99.98% CPU
Optimizing NNI: done in 0.0124152 secs using 99.97% CPU
Iteration 70 / LogL: -1999.272 / Time: 0h:0m:3s (0h:0m:1s left)
Optimizing NNI: done in 0.0220308 secs using 99.97% CPU
Optimizing NNI: done in 0.0534248 secs using 99.98% CPU
Optimizing NNI: done in 0.043545 secs using 99.97% CPU
Optimizing NNI: done in 0.021842 secs using 99.98% CPU
Optimizing NNI: done in 0.0456891 secs using 99.98% CPU
Optimizing NNI: done in 0.0257599 secs using 99.98% CPU
Optimizing NNI: done in 0.0502341 secs using 99.97% CPU
Optimizing NNI: done in 0.0657911 secs using 99.98% CPU
Optimizing NNI: done in 0.0534382 secs using 99.98% CPU
Optimizing NNI: done in 0.050262 secs using 99.97% CPU
Iteration 80 / LogL: -1999.272 / Time: 0h:0m:3s (0h:0m:0s left)
Optimizing NNI: done in 0.0439792 secs using 99.98% CPU
Optimizing NNI: done in 0.0268161 secs using 99.98% CPU
Optimizing NNI: done in 0.0266411 secs using 99.97% CPU
Optimizing NNI: done in 0.090672 secs using 99.98% CPU
Optimizing NNI: done in 0.0124931 secs using 99.97% CPU
Optimizing NNI: done in 0.04391 secs using 99.98% CPU
Optimizing NNI: done in 0.089427 secs using 99.98% CPU
Optimizing NNI: done in 0.02566 secs using 99.98% CPU
Optimizing NNI: done in 0.0783229 secs using 99.98% CPU
Optimizing NNI: done in 0.078728 secs using 99.98% CPU
Iteration 90 / LogL: -1999.272 / Time: 0h:0m:4s (0h:0m:0s left)
Optimizing NNI: done in 0.065345 secs using 99.97% CPU
Optimizing NNI: done in 0.0453749 secs using 99.98% CPU
Optimizing NNI: done in 0.0468411 secs using 99.98% CPU
Optimizing NNI: done in 0.0267339 secs using 99.98% CPU
Optimizing NNI: done in 0.0122879 secs using 99.98% CPU
Optimizing NNI: done in 0.023808 secs using 99.98% CPU
Optimizing NNI: done in 0.044982 secs using 99.98% CPU
Optimizing NNI: done in 0.039444 secs using 99.98% CPU
Optimizing NNI: done in 0.0959189 secs using 99.98% CPU
Optimizing NNI: done in 0.0258269 secs using 99.98% CPU
Iteration 100 / LogL: -1999.272 / Time: 0h:0m:4s (0h:0m:0s left)
Log-likelihood cutoff on original alignment: -2012.785
NOTE: Bootstrap correlation coefficient of split occurrence frequencies: 0.999
Optimizing NNI: done in 0.035423 secs using 99.97% CPU
Optimizing NNI: done in 0.022078 secs using 99.99% CPU
TREE SEARCH COMPLETED AFTER 102 ITERATIONS / Time: 0h:0m:4s

--------------------------------------------------------------------
|                    FINALIZING TREE SEARCH                        |
--------------------------------------------------------------------
Performs final model parameters optimization
Estimate model parameters (epsilon = 0.010)
1. Initial log-likelihood: -1999.272
Optimal log-likelihood: -1999.272
Gamma shape alpha: 1.482
Parameters optimization took 1 rounds (0.012 sec)
BEST SCORE FOUND : -1999.272

Testing tree branches by SH-like aLRT with 1000 replicates...
0.052 sec.
Creating bootstrap support values...
Split supports printed to NEXUS file ../results/molecular_evolution_analyses/phylogenetic_trees/F30568_MLIG_G1/F30568_MLIG_G1.splits.nex
Total tree length: 1.877

Total number of iterations: 102
CPU time used for tree search: 4.835 sec (0h:0m:4s)
Wall-clock time used for tree search: 4.677 sec (0h:0m:4s)
Total CPU time used: 4.971 sec (0h:0m:4s)
Total wall-clock time used: 4.800 sec (0h:0m:4s)

Computing bootstrap consensus tree...
Reading input file ../results/molecular_evolution_analyses/phylogenetic_trees/F30568_MLIG_G1/F30568_MLIG_G1.splits.nex...
10 taxa and 36 splits.
Consensus tree written to ../results/molecular_evolution_analyses/phylogenetic_trees/F30568_MLIG_G1/F30568_MLIG_G1.contree
Reading input trees file ../results/molecular_evolution_analyses/phylogenetic_trees/F30568_MLIG_G1/F30568_MLIG_G1.contree
Log-likelihood of consensus tree: -1999.277

Analysis results written to: 
  IQ-TREE report:                ../results/molecular_evolution_analyses/phylogenetic_trees/F30568_MLIG_G1/F30568_MLIG_G1.iqtree
  Maximum-likelihood tree:       ../results/molecular_evolution_analyses/phylogenetic_trees/F30568_MLIG_G1/F30568_MLIG_G1.treefile
  Likelihood distances:          ../results/molecular_evolution_analyses/phylogenetic_trees/F30568_MLIG_G1/F30568_MLIG_G1.mldist

Ultrafast bootstrap approximation results written to:
  Split support values:          ../results/molecular_evolution_analyses/phylogenetic_trees/F30568_MLIG_G1/F30568_MLIG_G1.splits.nex
  Consensus tree:                ../results/molecular_evolution_analyses/phylogenetic_trees/F30568_MLIG_G1/F30568_MLIG_G1.contree
  Screen log file:               ../results/molecular_evolution_analyses/phylogenetic_trees/F30568_MLIG_G1/F30568_MLIG_G1.log

Date and Time: Wed May  1 11:16:54 2024
