IQ-TREE multicore version 2.2.2.6 COVID-edition for Linux 64-bit built May 27 2023
Developed by Bui Quang Minh, James Barbetti, Nguyen Lam Tung,
Olga Chernomor, Heiko Schmidt, Dominik Schrempf, Michael Woodhams, Ly Trong Nhan.

Host:    lbc5 (AVX2, FMA3, 125 GB RAM)
Command: /home/mauricio/mauricio_PROGRAMAS/iqtree-2.2.2.6-Linux/bin/iqtree2 -s ../results/molecular_evolution_analyses/alignments_gblocks/F9427_TREG_G1/F9427_TREG_G1.aln.gblo -m TEST --threads-max 32 --alrt 1000 --ufboot 1000 --prefix ../results/molecular_evolution_analyses/phylogenetic_trees/F9427_TREG_G1/F9427_TREG_G1 -keep-ident -redo
Seed:    94427 (Using SPRNG - Scalable Parallel Random Number Generator)
Time:    Wed May  1 12:12:58 2024
Kernel:  AVX+FMA - 1 threads (32 CPU cores detected)

HINT: Use -nt option to specify number of threads because your CPU has 32 cores!
HINT: -nt AUTO will automatically determine the best number of threads to use.

Reading alignment file ../results/molecular_evolution_analyses/alignments_gblocks/F9427_TREG_G1/F9427_TREG_G1.aln.gblo ... Fasta format detected
Reading fasta file: done in 0.00022006 secs using 99.52% CPU
Alignment most likely contains protein sequences
Constructing alignment: done in 0.000292063 secs using 99.98% CPU
Alignment has 30 sequences with 240 columns, 114 distinct patterns
33 parsimony-informative, 63 singleton sites, 144 constant sites
            Gap/Ambiguity  Composition  p-value
Analyzing sequences: done in 1.69277e-05 secs using 94.52% CPU
   1  Treg.4922     0.00%    passed    100.00%
   2  Treg.10691    0.00%    passed    100.00%
   3  Treg.5094     0.00%    passed    100.00%
   4  Treg.1086     0.00%    passed    100.00%
   5  Treg.13189    0.00%    passed    100.00%
   6  Treg.2573     0.00%    passed    100.00%
   7  Treg.10967    0.00%    passed    100.00%
   8  Treg.12222    0.00%    passed    100.00%
   9  Treg.6220     0.00%    passed    100.00%
  10  Treg.7880     0.00%    passed    100.00%
  11  Treg.10102    0.00%    passed    100.00%
  12  Treg.1481     0.00%    passed    100.00%
  13  Treg.81       0.00%    passed    100.00%
  14  Treg.3854     0.00%    passed    100.00%
  15  Treg.9388     0.00%    passed    100.00%
  16  Treg.6216     0.00%    passed      6.00%
  17  Treg.1373     0.00%    passed    100.00%
  18  Treg.3848     0.00%    passed    100.00%
  19  Treg.1592     0.00%    passed    100.00%
  20  Treg.2450     0.00%    passed    100.00%
  21  Treg.4160     0.00%    passed    100.00%
  22  Treg.6477     0.00%    passed    100.00%
  23  Treg.11497    0.00%    passed    100.00%
  24  Treg.13975    0.00%    passed    100.00%
  25  Treg.11408    0.00%    passed    100.00%
  26  Treg.4571     0.00%    passed    100.00%
  27  Treg.10829    0.00%    passed    100.00%
  28  Treg.12449    0.00%    passed     99.99%
  29  Treg.1166     0.00%    passed    100.00%
  30  Treg.10564    0.00%    passed     99.98%
****  TOTAL         0.00%  0 sequences failed composition chi2 test (p-value<5%; df=19)


Create initial parsimony tree by phylogenetic likelihood library (PLL)... 0.002 seconds
Perform fast likelihood tree search using LG+I+G model...
Estimate model parameters (epsilon = 5.000)
Perform nearest neighbor interchange...
Optimizing NNI: done in 0.0982678 secs using 99.97% CPU
Estimate model parameters (epsilon = 1.000)
1. Initial log-likelihood: -2060.084
Optimal log-likelihood: -2060.072
Proportion of invariable sites: 0.293
Gamma shape alpha: 0.770
Parameters optimization took 1 rounds (0.044 sec)
Time for fast ML tree search: 0.191 seconds

NOTE: ModelFinder requires 3 MB RAM!
ModelFinder will test up to 224 protein models (sample size: 240) ...
 No. Model         -LnL         df  AIC          AICc         BIC
  1  LG            2120.539     57  4355.078     4391.408     4553.475
  2  LG+I          2074.690     58  4265.381     4303.193     4467.258
  3  LG+G4         2061.150     58  4238.300     4276.112     4440.177
  4  LG+I+G4       2060.071     59  4238.141     4277.475     4443.499
  7  LG+F+G4       2048.711     77  4251.421     4325.569     4519.430
  8  LG+F+I+G4     2047.486     78  4250.973     4327.519     4522.463
 11  WAG+G4        2039.838     58  4195.676     4233.488     4397.553
 12  WAG+I+G4      2039.083     59  4196.166     4235.500     4401.524
 15  WAG+F+G4      2024.291     77  4202.582     4276.730     4470.591
 16  WAG+F+I+G4    2023.517     78  4203.034     4279.581     4474.524
 19  JTT+G4        2006.399     58  4128.799     4166.611     4330.676
 20  JTT+I+G4      2005.659     59  4129.319     4168.652     4334.676
 23  JTT+F+G4      1993.576     77  4141.152     4215.300     4409.161
 24  JTT+F+I+G4    1992.786     78  4141.573     4218.119     4413.062
WARNING: Normalizing state frequencies so that sum of them equals to 1
 27  Q.pfam+G4     2061.541     58  4239.081     4276.893     4440.958
WARNING: Normalizing state frequencies so that sum of them equals to 1
 28  Q.pfam+I+G4   2060.528     59  4239.056     4278.389     4444.413
WARNING: Normalizing state frequencies so that sum of them equals to 1
 31  Q.pfam+F+G4   2045.120     77  4244.241     4318.389     4512.250
WARNING: Normalizing state frequencies so that sum of them equals to 1
 32  Q.pfam+F+I+G4 2043.998     78  4243.997     4320.543     4515.487
WARNING: Normalizing state frequencies so that sum of them equals to 1
 35  Q.bird+G4     1992.526     58  4101.052     4138.864     4302.929
WARNING: Normalizing state frequencies so that sum of them equals to 1
 36  Q.bird+I+G4   1991.629     59  4101.258     4140.592     4306.616
WARNING: Normalizing state frequencies so that sum of them equals to 1
 39  Q.bird+F+G4   1983.717     77  4121.434     4195.582     4389.443
WARNING: Normalizing state frequencies so that sum of them equals to 1
 40  Q.bird+F+I+G4 1982.844     78  4121.689     4198.236     4393.179
WARNING: Normalizing state frequencies so that sum of them equals to 1
 43  Q.mammal+G4   1992.361     58  4100.722     4138.534     4302.599
WARNING: Normalizing state frequencies so that sum of them equals to 1
 44  Q.mammal+I+G4 1991.534     59  4101.069     4140.402     4306.427
WARNING: Normalizing state frequencies so that sum of them equals to 1
 47  Q.mammal+F+G4 1982.814     77  4119.627     4193.776     4387.637
WARNING: Normalizing state frequencies so that sum of them equals to 1
 48  Q.mammal+F+I+G4 1982.013     78  4120.026     4196.573     4391.516
 51  Q.insect+G4   2036.302     58  4188.605     4226.417     4390.482
 52  Q.insect+I+G4 2035.306     59  4188.613     4227.946     4393.970
 55  Q.insect+F+G4 2028.924     77  4211.849     4285.997     4479.858
 56  Q.insect+F+I+G4 2027.825     78  4211.650     4288.196     4483.140
WARNING: Normalizing state frequencies so that sum of them equals to 1
 59  Q.plant+G4    2015.168     58  4146.336     4184.148     4348.213
WARNING: Normalizing state frequencies so that sum of them equals to 1
 60  Q.plant+I+G4  2013.976     59  4145.953     4185.286     4351.311
WARNING: Normalizing state frequencies so that sum of them equals to 1
 63  Q.plant+F+G4  2002.515     77  4159.030     4233.178     4427.039
WARNING: Normalizing state frequencies so that sum of them equals to 1
 64  Q.plant+F+I+G4 2001.203     78  4158.406     4234.953     4429.896
WARNING: Normalizing state frequencies so that sum of them equals to 1
 67  Q.yeast+G4    2057.121     58  4230.241     4268.053     4432.118
WARNING: Normalizing state frequencies so that sum of them equals to 1
 68  Q.yeast+I+G4  2056.004     59  4230.008     4269.341     4435.365
WARNING: Normalizing state frequencies so that sum of them equals to 1
 71  Q.yeast+F+G4  2044.242     77  4242.484     4316.632     4510.493
WARNING: Normalizing state frequencies so that sum of them equals to 1
 72  Q.yeast+F+I+G4 2043.009     78  4242.018     4318.565     4513.508
 75  JTTDCMut+G4   2006.089     58  4128.177     4165.989     4330.054
 76  JTTDCMut+I+G4 2005.361     59  4128.722     4168.055     4334.079
 79  JTTDCMut+F+G4 1993.312     77  4140.624     4214.772     4408.633
 80  JTTDCMut+F+I+G4 1992.539     78  4141.078     4217.625     4412.568
 83  DCMut+G4      2049.918     58  4215.836     4253.648     4417.713
 84  DCMut+I+G4    2049.218     59  4216.436     4255.770     4421.794
 87  DCMut+F+G4    2035.999     77  4225.997     4300.145     4494.006
 88  DCMut+F+I+G4  2035.364     78  4226.727     4303.274     4498.217
 91  VT+G4         2042.681     58  4201.361     4239.173     4403.238
 92  VT+I+G4       2041.903     59  4201.805     4241.138     4407.163
 95  VT+F+G4       2030.398     77  4214.797     4288.945     4482.806
 96  VT+F+I+G4     2029.586     78  4215.171     4291.718     4486.661
 99  PMB+G4        2066.054     58  4248.108     4285.920     4449.985
100  PMB+I+G4      2065.370     59  4248.739     4288.073     4454.097
103  PMB+F+G4      2053.855     77  4261.711     4335.859     4529.720
104  PMB+F+I+G4    2053.157     78  4262.314     4338.861     4533.804
107  Blosum62+G4   2076.986     58  4269.973     4307.785     4471.850
108  Blosum62+I+G4 2076.196     59  4270.392     4309.726     4475.750
111  Blosum62+F+G4 2063.665     77  4281.331     4355.479     4549.340
112  Blosum62+F+I+G4 2062.801     78  4281.603     4358.149     4553.092
115  Dayhoff+G4    2049.831     58  4215.663     4253.475     4417.540
116  Dayhoff+I+G4  2049.130     59  4216.260     4255.594     4421.618
119  Dayhoff+F+G4  2035.973     77  4225.946     4300.095     4493.956
120  Dayhoff+F+I+G4 2035.336     78  4226.673     4303.219     4498.163
123  mtREV+G4      2106.917     58  4329.834     4367.646     4531.711
124  mtREV+I+G4    2105.398     59  4328.797     4368.130     4534.155
127  mtREV+F+G4    2043.911     77  4241.822     4315.970     4509.831
128  mtREV+F+I+G4  2042.205     78  4240.411     4316.958     4511.901
131  mtART+G4      2191.915     58  4499.830     4537.642     4701.707
132  mtART+I+G4    2189.425     59  4496.851     4536.184     4702.209
135  mtART+F+G4    2120.420     77  4394.840     4468.989     4662.850
136  mtART+F+I+G4  2118.113     78  4392.226     4468.772     4663.715
139  mtZOA+G4      2132.435     58  4380.870     4418.682     4582.747
140  mtZOA+I+G4    2130.856     59  4379.711     4419.044     4585.069
143  mtZOA+F+G4    2069.912     77  4293.824     4367.972     4561.833
144  mtZOA+F+I+G4  2068.545     78  4293.090     4369.636     4564.580
147  mtMet+G4      2091.995     58  4299.989     4337.801     4501.866
148  mtMet+I+G4    2090.899     59  4299.798     4339.131     4505.155
151  mtMet+F+G4    2023.027     77  4200.053     4274.201     4468.063
152  mtMet+F+I+G4  2021.961     78  4199.922     4276.469     4471.412
155  mtVer+G4      2083.058     58  4282.115     4319.928     4483.992
156  mtVer+I+G4    2082.235     59  4282.469     4321.802     4487.827
159  mtVer+F+G4    2011.894     77  4177.788     4251.937     4445.798
160  mtVer+F+I+G4  2010.991     78  4177.982     4254.529     4449.472
163  mtInv+G4      2123.787     58  4363.574     4401.387     4565.451
164  mtInv+I+G4    2122.630     59  4363.259     4402.592     4568.617
167  mtInv+F+G4    2034.597     77  4223.193     4297.342     4491.203
168  mtInv+F+I+G4  2033.517     78  4223.034     4299.580     4494.523
171  mtMAM+G4      2126.626     58  4369.253     4407.065     4571.130
172  mtMAM+I+G4    2124.855     59  4367.710     4407.043     4573.068
175  mtMAM+F+G4    2052.719     77  4259.439     4333.587     4527.448
176  mtMAM+F+I+G4  2051.000     78  4257.999     4334.546     4529.489
WARNING: Normalizing state frequencies so that sum of them equals to 1
179  FLAVI+G4      2034.879     58  4185.758     4223.570     4387.635
WARNING: Normalizing state frequencies so that sum of them equals to 1
180  FLAVI+I+G4    2034.145     59  4186.289     4225.623     4391.647
WARNING: Normalizing state frequencies so that sum of them equals to 1
183  FLAVI+F+G4    2002.183     77  4158.367     4232.515     4426.376
WARNING: Normalizing state frequencies so that sum of them equals to 1
184  FLAVI+F+I+G4  2001.421     78  4158.842     4235.388     4430.331
187  HIVb+G4       2018.106     58  4152.212     4190.024     4354.089
188  HIVb+I+G4     2016.930     59  4151.860     4191.193     4357.218
191  HIVb+F+G4     1998.754     77  4151.508     4225.656     4419.517
192  HIVb+F+I+G4   1997.324     78  4150.648     4227.195     4422.138
195  HIVw+G4       2021.800     58  4159.599     4197.412     4361.476
196  HIVw+I+G4     2021.513     59  4161.025     4200.359     4366.383
199  HIVw+F+G4     1992.035     77  4138.071     4212.219     4406.080
200  HIVw+F+I+G4   1991.464     78  4138.928     4215.474     4410.418
203  FLU+G4        2033.114     58  4182.229     4220.041     4384.106
204  FLU+I+G4      2032.686     59  4183.371     4222.704     4388.729
207  FLU+F+G4      2020.994     77  4195.987     4270.135     4463.996
208  FLU+F+I+G4    2020.461     78  4196.922     4273.468     4468.411
211  rtREV+G4      2099.869     58  4315.738     4353.550     4517.615
212  rtREV+I+G4    2098.534     59  4315.068     4354.401     4520.425
215  rtREV+F+G4    2084.227     77  4322.454     4396.602     4590.463
216  rtREV+F+I+G4  2082.657     78  4321.314     4397.860     4592.804
219  cpREV+G4      2051.733     58  4219.466     4257.278     4421.343
220  cpREV+I+G4    2050.967     59  4219.934     4259.267     4425.292
223  cpREV+F+G4    2039.514     77  4233.028     4307.176     4501.037
224  cpREV+F+I+G4  2038.625     78  4233.251     4309.797     4504.741
Akaike Information Criterion:           Q.mammal+G4
Corrected Akaike Information Criterion: Q.mammal+G4
Bayesian Information Criterion:         Q.mammal+G4
Best-fit model: Q.mammal+G4 chosen according to BIC

All model information printed to ../results/molecular_evolution_analyses/phylogenetic_trees/F9427_TREG_G1/F9427_TREG_G1.model.gz
CPU time for ModelFinder: 7.391 seconds (0h:0m:7s)
Wall-clock time for ModelFinder: 7.417 seconds (0h:0m:7s)
Generating 1000 samples for ultrafast bootstrap (seed: 94427)...
WARNING: Normalizing state frequencies so that sum of them equals to 1

NOTE: 3 MB RAM (0 GB) is required!
Estimate model parameters (epsilon = 0.100)
1. Initial log-likelihood: -1992.361
Optimal log-likelihood: -1992.360
Gamma shape alpha: 0.443
Parameters optimization took 1 rounds (0.020 sec)
Wrote distance file to... 
Computing ML distances based on estimated model parameters...
Calculating distance matrix: done in 0.077606 secs using 99.97% CPU
Computing ML distances took 0.077650 sec (of wall-clock time) 0.077627 sec (of CPU time)
Setting up auxiliary I and S matrices: done in 7.82013e-05 secs using 99.74% CPU
Constructing RapidNJ tree: done in 0.000164986 secs using 100% CPU
Computing RapidNJ tree took 0.000304 sec (of wall-clock time) 0.000303 sec (of CPU time)
Log-likelihood of RapidNJ tree: -2007.561
--------------------------------------------------------------------
|             INITIALIZING CANDIDATE TREE SET                      |
--------------------------------------------------------------------
Generating 98 parsimony trees... 0.166 second
Computing log-likelihood of 98 initial trees ... 0.639 seconds
Current best score: -1985.604

Do NNI search on 20 best initial trees
Optimizing NNI: done in 0.0996408 secs using 99.97% CPU
Estimate model parameters (epsilon = 0.100)
BETTER TREE FOUND at iteration 1: -1984.781
Optimizing NNI: done in 0.110835 secs using 99.97% CPU
Optimizing NNI: done in 0.079705 secs using 99.98% CPU
Optimizing NNI: done in 0.108263 secs using 99.98% CPU
Optimizing NNI: done in 0.0970509 secs using 99.97% CPU
Optimizing NNI: done in 0.128235 secs using 99.97% CPU
Optimizing NNI: done in 0.100725 secs using 99.98% CPU
Optimizing NNI: done in 0.0537899 secs using 99.98% CPU
Optimizing NNI: done in 0.115755 secs using 99.98% CPU
Optimizing NNI: done in 0.125282 secs using 99.97% CPU
Iteration 10 / LogL: -1985.490 / Time: 0h:0m:2s
Optimizing NNI: done in 0.115468 secs using 99.97% CPU
Optimizing NNI: done in 0.0981882 secs using 99.97% CPU
Optimizing NNI: done in 0.137371 secs using 99.98% CPU
Estimate model parameters (epsilon = 0.100)
BETTER TREE FOUND at iteration 13: -1984.087
Optimizing NNI: done in 0.0763161 secs using 99.97% CPU
Optimizing NNI: done in 0.103584 secs using 99.98% CPU
Optimizing NNI: done in 0.086349 secs using 99.97% CPU
Optimizing NNI: done in 0.112492 secs using 99.97% CPU
Optimizing NNI: done in 0.099992 secs using 99.97% CPU
Optimizing NNI: done in 0.104651 secs using 99.97% CPU
Optimizing NNI: done in 0.047873 secs using 99.98% CPU
Iteration 20 / LogL: -1995.446 / Time: 0h:0m:3s
Finish initializing candidate tree set (20)
Current best tree score: -1984.087 / CPU time: 2.888
Number of iterations: 20
--------------------------------------------------------------------
|               OPTIMIZING CANDIDATE TREE SET                      |
--------------------------------------------------------------------
Optimizing NNI: done in 0.109786 secs using 99.97% CPU
Estimate model parameters (epsilon = 0.100)
BETTER TREE FOUND at iteration 21: -1982.672
Optimizing NNI: done in 0.148997 secs using 99.97% CPU
Optimizing NNI: done in 0.138418 secs using 99.97% CPU
Optimizing NNI: done in 0.185854 secs using 99.97% CPU
Optimizing NNI: done in 0.181962 secs using 99.97% CPU
Optimizing NNI: done in 0.158067 secs using 99.97% CPU
Optimizing NNI: done in 0.177167 secs using 99.97% CPU
Optimizing NNI: done in 0.147029 secs using 99.97% CPU
Optimizing NNI: done in 0.184713 secs using 99.97% CPU
Optimizing NNI: done in 0.143171 secs using 99.97% CPU
Iteration 30 / LogL: -1982.673 / Time: 0h:0m:4s (0h:0m:14s left)
Optimizing NNI: done in 0.148149 secs using 99.97% CPU
Optimizing NNI: done in 0.224976 secs using 99.97% CPU
Optimizing NNI: done in 0.11488 secs using 99.97% CPU
Optimizing NNI: done in 0.165296 secs using 99.97% CPU
Optimizing NNI: done in 0.242631 secs using 99.97% CPU
Optimizing NNI: done in 0.158298 secs using 99.97% CPU
Optimizing NNI: done in 0.140143 secs using 99.97% CPU
Optimizing NNI: done in 0.204237 secs using 99.97% CPU
Optimizing NNI: done in 0.178277 secs using 99.97% CPU
Optimizing NNI: done in 0.166801 secs using 99.97% CPU
Iteration 40 / LogL: -1998.786 / Time: 0h:0m:6s (0h:0m:13s left)
Optimizing NNI: done in 0.110346 secs using 99.97% CPU
Optimizing NNI: done in 0.193655 secs using 99.97% CPU
Optimizing NNI: done in 0.144902 secs using 99.97% CPU
Optimizing NNI: done in 0.103907 secs using 99.97% CPU
Optimizing NNI: done in 0.147763 secs using 99.97% CPU
Estimate model parameters (epsilon = 0.100)
BETTER TREE FOUND at iteration 45: -1981.273
Optimizing NNI: done in 0.176919 secs using 99.97% CPU
Optimizing NNI: done in 0.204197 secs using 99.97% CPU
Optimizing NNI: done in 0.15278 secs using 99.97% CPU
Optimizing NNI: done in 0.0870271 secs using 99.97% CPU
Optimizing NNI: done in 0.148835 secs using 99.97% CPU
Iteration 50 / LogL: -1981.277 / Time: 0h:0m:8s (0h:0m:15s left)
Log-likelihood cutoff on original alignment: -2017.045
Optimizing NNI: done in 0.181775 secs using 99.97% CPU
Optimizing NNI: done in 0.121243 secs using 99.98% CPU
Optimizing NNI: done in 0.089664 secs using 99.98% CPU
Optimizing NNI: done in 0.150362 secs using 99.97% CPU
Optimizing NNI: done in 0.09693 secs using 99.97% CPU
Optimizing NNI: done in 0.165649 secs using 99.97% CPU
Optimizing NNI: done in 0.186439 secs using 99.97% CPU
Optimizing NNI: done in 0.174651 secs using 99.98% CPU
Optimizing NNI: done in 0.161363 secs using 99.97% CPU
Optimizing NNI: done in 0.0957849 secs using 99.97% CPU
Iteration 60 / LogL: -1981.275 / Time: 0h:0m:9s (0h:0m:13s left)
Optimizing NNI: done in 0.171443 secs using 99.97% CPU
Optimizing NNI: done in 0.16295 secs using 99.97% CPU
Optimizing NNI: done in 0.094789 secs using 99.98% CPU
Optimizing NNI: done in 0.137406 secs using 99.97% CPU
Optimizing NNI: done in 0.126324 secs using 99.98% CPU
Optimizing NNI: done in 0.142552 secs using 99.97% CPU
Optimizing NNI: done in 0.136673 secs using 99.97% CPU
Optimizing NNI: done in 0.120368 secs using 99.97% CPU
Optimizing NNI: done in 0.191636 secs using 99.97% CPU
Optimizing NNI: done in 0.212938 secs using 99.97% CPU
Iteration 70 / LogL: -1986.189 / Time: 0h:0m:11s (0h:0m:12s left)
Optimizing NNI: done in 0.167788 secs using 99.97% CPU
Optimizing NNI: done in 0.159435 secs using 99.97% CPU
Optimizing NNI: done in 0.194035 secs using 99.97% CPU
Optimizing NNI: done in 0.159088 secs using 99.97% CPU
Optimizing NNI: done in 0.196756 secs using 99.98% CPU
Optimizing NNI: done in 0.111292 secs using 99.97% CPU
Optimizing NNI: done in 0.198102 secs using 99.97% CPU
Optimizing NNI: done in 0.207801 secs using 99.97% CPU
Optimizing NNI: done in 0.0851741 secs using 99.97% CPU
Optimizing NNI: done in 0.171876 secs using 99.97% CPU
Iteration 80 / LogL: -1981.273 / Time: 0h:0m:12s (0h:0m:10s left)
Optimizing NNI: done in 0.122088 secs using 99.97% CPU
Optimizing NNI: done in 0.131142 secs using 96.93% CPU
Optimizing NNI: done in 0.128518 secs using 99.97% CPU
Optimizing NNI: done in 0.110607 secs using 99.97% CPU
Optimizing NNI: done in 0.204096 secs using 99.97% CPU
Optimizing NNI: done in 0.145811 secs using 99.98% CPU
UPDATE BEST LOG-LIKELIHOOD: -1981.273
Optimizing NNI: done in 0.137368 secs using 99.97% CPU
Optimizing NNI: done in 0.13351 secs using 99.97% CPU
Optimizing NNI: done in 0.146069 secs using 99.97% CPU
Optimizing NNI: done in 0.135939 secs using 99.97% CPU
Iteration 90 / LogL: -1985.880 / Time: 0h:0m:14s (0h:0m:8s left)
Optimizing NNI: done in 0.136416 secs using 99.97% CPU
Optimizing NNI: done in 0.13722 secs using 99.97% CPU
Optimizing NNI: done in 0.229784 secs using 99.97% CPU
Optimizing NNI: done in 0.140321 secs using 99.97% CPU
Optimizing NNI: done in 0.0972769 secs using 99.98% CPU
Optimizing NNI: done in 0.105779 secs using 99.97% CPU
Optimizing NNI: done in 0.11898 secs using 99.97% CPU
Optimizing NNI: done in 0.151661 secs using 99.98% CPU
Optimizing NNI: done in 0.191698 secs using 99.97% CPU
Optimizing NNI: done in 0.144568 secs using 99.97% CPU
Iteration 100 / LogL: -1989.268 / Time: 0h:0m:15s (0h:0m:7s left)
Log-likelihood cutoff on original alignment: -2017.045
NOTE: Bootstrap correlation coefficient of split occurrence frequencies: 0.995
Optimizing NNI: done in 0.137499 secs using 99.97% CPU
Optimizing NNI: done in 0.186802 secs using 99.97% CPU
Optimizing NNI: done in 0.127977 secs using 99.97% CPU
Optimizing NNI: done in 0.228473 secs using 99.97% CPU
Optimizing NNI: done in 0.131293 secs using 99.97% CPU
Optimizing NNI: done in 0.145427 secs using 99.97% CPU
Optimizing NNI: done in 0.125245 secs using 99.97% CPU
Optimizing NNI: done in 0.143003 secs using 99.97% CPU
Optimizing NNI: done in 0.14132 secs using 99.97% CPU
Optimizing NNI: done in 0.135358 secs using 99.97% CPU
Iteration 110 / LogL: -1981.274 / Time: 0h:0m:17s (0h:0m:14s left)
Optimizing NNI: done in 0.111002 secs using 99.97% CPU
Optimizing NNI: done in 0.151301 secs using 99.97% CPU
Optimizing NNI: done in 0.12096 secs using 99.97% CPU
Optimizing NNI: done in 0.0856462 secs using 99.97% CPU
Optimizing NNI: done in 0.199099 secs using 99.98% CPU
Optimizing NNI: done in 0.145689 secs using 99.97% CPU
Optimizing NNI: done in 0.219345 secs using 99.97% CPU
Optimizing NNI: done in 0.153502 secs using 99.97% CPU
Optimizing NNI: done in 0.154107 secs using 99.97% CPU
Optimizing NNI: done in 0.143331 secs using 99.97% CPU
Iteration 120 / LogL: -1981.274 / Time: 0h:0m:18s (0h:0m:12s left)
Optimizing NNI: done in 0.186432 secs using 99.97% CPU
Optimizing NNI: done in 0.118892 secs using 99.96% CPU
Optimizing NNI: done in 0.169219 secs using 99.97% CPU
Optimizing NNI: done in 0.161302 secs using 99.97% CPU
Optimizing NNI: done in 0.118554 secs using 99.98% CPU
Optimizing NNI: done in 0.112804 secs using 99.97% CPU
UPDATE BEST LOG-LIKELIHOOD: -1981.273
Optimizing NNI: done in 0.175047 secs using 99.97% CPU
Optimizing NNI: done in 0.242047 secs using 99.97% CPU
Optimizing NNI: done in 0.1554 secs using 99.97% CPU
Optimizing NNI: done in 0.150551 secs using 99.97% CPU
Iteration 130 / LogL: -1983.108 / Time: 0h:0m:20s (0h:0m:11s left)
Optimizing NNI: done in 0.142167 secs using 99.97% CPU
Optimizing NNI: done in 0.145239 secs using 99.96% CPU
Optimizing NNI: done in 0.17898 secs using 99.97% CPU
Optimizing NNI: done in 0.132854 secs using 99.98% CPU
Optimizing NNI: done in 0.179703 secs using 99.97% CPU
Optimizing NNI: done in 0.236024 secs using 99.97% CPU
Optimizing NNI: done in 0.110633 secs using 99.98% CPU
Optimizing NNI: done in 0.127707 secs using 99.96% CPU
Optimizing NNI: done in 0.115712 secs using 99.98% CPU
Optimizing NNI: done in 0.143333 secs using 99.98% CPU
UPDATE BEST LOG-LIKELIHOOD: -1981.273
Iteration 140 / LogL: -1981.273 / Time: 0h:0m:22s (0h:0m:9s left)
Optimizing NNI: done in 0.134981 secs using 99.97% CPU
Optimizing NNI: done in 0.19525 secs using 99.97% CPU
Optimizing NNI: done in 0.140087 secs using 99.98% CPU
Optimizing NNI: done in 0.204897 secs using 99.97% CPU
Optimizing NNI: done in 0.15024 secs using 99.97% CPU
Optimizing NNI: done in 0.0926971 secs using 99.97% CPU
TREE SEARCH COMPLETED AFTER 146 ITERATIONS / Time: 0h:0m:23s

--------------------------------------------------------------------
|                    FINALIZING TREE SEARCH                        |
--------------------------------------------------------------------
Performs final model parameters optimization
Estimate model parameters (epsilon = 0.010)
1. Initial log-likelihood: -1981.273
Optimal log-likelihood: -1981.273
Gamma shape alpha: 0.442
Parameters optimization took 1 rounds (0.019 sec)
BEST SCORE FOUND : -1981.273

Testing tree branches by SH-like aLRT with 1000 replicates...
0.157 sec.
Creating bootstrap support values...
Split supports printed to NEXUS file ../results/molecular_evolution_analyses/phylogenetic_trees/F9427_TREG_G1/F9427_TREG_G1.splits.nex
Total tree length: 0.968

Total number of iterations: 146
CPU time used for tree search: 23.147 sec (0h:0m:23s)
Wall-clock time used for tree search: 23.015 sec (0h:0m:23s)
Total CPU time used: 23.535 sec (0h:0m:23s)
Total wall-clock time used: 23.381 sec (0h:0m:23s)

Computing bootstrap consensus tree...
Reading input file ../results/molecular_evolution_analyses/phylogenetic_trees/F9427_TREG_G1/F9427_TREG_G1.splits.nex...
30 taxa and 401 splits.
Consensus tree written to ../results/molecular_evolution_analyses/phylogenetic_trees/F9427_TREG_G1/F9427_TREG_G1.contree
Reading input trees file ../results/molecular_evolution_analyses/phylogenetic_trees/F9427_TREG_G1/F9427_TREG_G1.contree
Log-likelihood of consensus tree: -1981.274

Analysis results written to: 
  IQ-TREE report:                ../results/molecular_evolution_analyses/phylogenetic_trees/F9427_TREG_G1/F9427_TREG_G1.iqtree
  Maximum-likelihood tree:       ../results/molecular_evolution_analyses/phylogenetic_trees/F9427_TREG_G1/F9427_TREG_G1.treefile
  Likelihood distances:          ../results/molecular_evolution_analyses/phylogenetic_trees/F9427_TREG_G1/F9427_TREG_G1.mldist

Ultrafast bootstrap approximation results written to:
  Split support values:          ../results/molecular_evolution_analyses/phylogenetic_trees/F9427_TREG_G1/F9427_TREG_G1.splits.nex
  Consensus tree:                ../results/molecular_evolution_analyses/phylogenetic_trees/F9427_TREG_G1/F9427_TREG_G1.contree
  Screen log file:               ../results/molecular_evolution_analyses/phylogenetic_trees/F9427_TREG_G1/F9427_TREG_G1.log

Date and Time: Wed May  1 12:13:28 2024
