IQ-TREE multicore version 2.2.2.6 COVID-edition for Linux 64-bit built May 27 2023
Developed by Bui Quang Minh, James Barbetti, Nguyen Lam Tung,
Olga Chernomor, Heiko Schmidt, Dominik Schrempf, Michael Woodhams, Ly Trong Nhan.

Host:    lbc5 (AVX2, FMA3, 125 GB RAM)
Command: /home/mauricio/mauricio_PROGRAMAS/iqtree-2.2.2.6-Linux/bin/iqtree2 -s ../results/molecular_evolution_analyses/alignments_gblocks/F90607_SMED_G1/F90607_SMED_G1.aln.gblo -m TEST --threads-max 32 --alrt 1000 --ufboot 1000 --prefix ../results/molecular_evolution_analyses/phylogenetic_trees/F90607_SMED_G1/F90607_SMED_G1
Seed:    424626 (Using SPRNG - Scalable Parallel Random Number Generator)
Time:    Thu Mar 28 11:22:55 2024
Kernel:  AVX+FMA - 1 threads (32 CPU cores detected)

HINT: Use -nt option to specify number of threads because your CPU has 32 cores!
HINT: -nt AUTO will automatically determine the best number of threads to use.

Reading alignment file ../results/molecular_evolution_analyses/alignments_gblocks/F90607_SMED_G1/F90607_SMED_G1.aln.gblo ... Fasta format detected
Reading fasta file: done in 4.69685e-05 secs using 97.94% CPU
Alignment most likely contains protein sequences
Constructing alignment: done in 7.89165e-05 secs using 100.1% CPU
Alignment has 10 sequences with 58 columns, 53 distinct patterns
17 parsimony-informative, 28 singleton sites, 13 constant sites
            Gap/Ambiguity  Composition  p-value
Analyzing sequences: done in 7.86781e-06 secs using 101.7% CPU
   1  Smed.11566    0.00%    passed     94.90%
   2  Smed.26070    0.00%    passed     94.14%
   3  Smed.18765    0.00%    passed     23.42%
   4  Smed.12459    0.00%    passed    100.00%
   5  Smed.28594    0.00%    passed    100.00%
   6  Smed.28158    0.00%    passed    100.00%
   7  Smed.5479     0.00%    passed    100.00%
   8  Smed.9474     0.00%    passed    100.00%
   9  Smed.23621    0.00%    passed    100.00%
  10  Smed.25958    0.00%    passed     99.98%
****  TOTAL         0.00%  0 sequences failed composition chi2 test (p-value<5%; df=18)
Checking for duplicate sequences: done in 2.40803e-05 secs using 99.67% CPU


Create initial parsimony tree by phylogenetic likelihood library (PLL)... 0.000 seconds
Perform fast likelihood tree search using LG+I+G model...
Estimate model parameters (epsilon = 5.000)
Perform nearest neighbor interchange...
Optimizing NNI: done in 0.0180871 secs using 99.86% CPU
Estimate model parameters (epsilon = 1.000)
1. Initial log-likelihood: -560.896
Optimal log-likelihood: -560.895
Proportion of invariable sites: 0.149
Gamma shape alpha: 998.312
Parameters optimization took 1 rounds (0.010 sec)
Time for fast ML tree search: 0.063 seconds

NOTE: ModelFinder requires 0 MB RAM!
ModelFinder will test up to 224 protein models (sample size: 58) ...
 No. Model         -LnL         df  AIC          AICc         BIC
  1  LG            564.532      17  1163.065     1178.365     1198.092
  2  LG+I          560.893      18  1157.786     1175.324     1194.874
  3  LG+G4         562.731      18  1161.462     1179.001     1198.550
  4  LG+I+G4       560.895      19  1159.791     1179.791     1198.939
  5  LG+F          561.186      36  1194.373     1321.230     1268.549
  6  LG+F+I        558.298      37  1190.597     1331.197     1266.833
  7  LG+F+G4       559.212      37  1192.424     1333.024     1268.661
  8  LG+F+I+G4     558.270      38  1192.541     1348.541     1270.838
  9  WAG           571.060      17  1176.120     1191.420     1211.148
 10  WAG+I         567.680      18  1171.360     1188.898     1208.448
 11  WAG+G4        569.742      18  1175.485     1193.023     1212.573
 12  WAG+I+G4      567.684      19  1173.368     1193.368     1212.517
 13  WAG+F         563.011      36  1198.022     1324.879     1272.198
 14  WAG+F+I       560.599      37  1195.198     1335.798     1271.434
 15  WAG+F+G4      561.876      37  1197.751     1338.351     1273.988
 16  WAG+F+I+G4    560.602      38  1197.204     1353.204     1275.501
 17  JTT           567.143      17  1168.286     1183.586     1203.314
 18  JTT+I         563.984      18  1163.967     1181.506     1201.055
 19  JTT+G4        566.026      18  1168.052     1185.590     1205.140
 20  JTT+I+G4      563.988      19  1165.976     1185.976     1205.124
 21  JTT+F         559.328      36  1190.656     1317.513     1264.832
 22  JTT+F+I       556.835      37  1187.671     1328.271     1263.907
 23  JTT+F+G4      558.215      37  1190.430     1331.030     1266.666
 24  JTT+F+I+G4    556.840      38  1189.679     1345.679     1267.976
WARNING: Normalizing state frequencies so that sum of them equals to 1
 25  Q.pfam        564.479      17  1162.958     1178.258     1197.985
WARNING: Normalizing state frequencies so that sum of them equals to 1
 26  Q.pfam+I      561.102      18  1158.205     1175.743     1195.293
WARNING: Normalizing state frequencies so that sum of them equals to 1
 27  Q.pfam+G4     562.911      18  1161.822     1179.360     1198.910
WARNING: Normalizing state frequencies so that sum of them equals to 1
 28  Q.pfam+I+G4   561.105      19  1160.210     1180.210     1199.358
WARNING: Normalizing state frequencies so that sum of them equals to 1
 29  Q.pfam+F      559.368      36  1190.735     1317.593     1264.911
WARNING: Normalizing state frequencies so that sum of them equals to 1
 30  Q.pfam+F+I    556.997      37  1187.995     1328.595     1264.231
WARNING: Normalizing state frequencies so that sum of them equals to 1
 31  Q.pfam+F+G4   557.628      37  1189.256     1329.856     1265.493
WARNING: Normalizing state frequencies so that sum of them equals to 1
 32  Q.pfam+F+I+G4 556.932      38  1189.863     1345.863     1268.160
WARNING: Normalizing state frequencies so that sum of them equals to 1
 33  Q.bird        568.129      17  1170.257     1185.557     1205.285
WARNING: Normalizing state frequencies so that sum of them equals to 1
 34  Q.bird+I      564.912      18  1165.825     1183.363     1202.913
WARNING: Normalizing state frequencies so that sum of them equals to 1
 35  Q.bird+G4     565.901      18  1167.803     1185.341     1204.891
WARNING: Normalizing state frequencies so that sum of them equals to 1
 36  Q.bird+I+G4   564.908      19  1167.815     1187.815     1206.964
WARNING: Normalizing state frequencies so that sum of them equals to 1
 37  Q.bird+F      561.090      36  1194.181     1321.038     1268.357
WARNING: Normalizing state frequencies so that sum of them equals to 1
 38  Q.bird+F+I    557.934      37  1189.869     1330.469     1266.105
WARNING: Normalizing state frequencies so that sum of them equals to 1
 39  Q.bird+F+G4   557.939      37  1189.878     1330.478     1266.114
WARNING: Normalizing state frequencies so that sum of them equals to 1
 40  Q.bird+F+I+G4 557.427      38  1190.854     1346.854     1269.151
WARNING: Normalizing state frequencies so that sum of them equals to 1
 41  Q.mammal      566.134      17  1166.268     1181.568     1201.295
WARNING: Normalizing state frequencies so that sum of them equals to 1
 42  Q.mammal+I    563.281      18  1162.562     1180.100     1199.650
WARNING: Normalizing state frequencies so that sum of them equals to 1
 43  Q.mammal+G4   564.694      18  1165.387     1182.926     1202.475
WARNING: Normalizing state frequencies so that sum of them equals to 1
 44  Q.mammal+I+G4 563.285      19  1164.570     1184.570     1203.718
WARNING: Normalizing state frequencies so that sum of them equals to 1
 45  Q.mammal+F    558.745      36  1189.489     1316.346     1263.665
WARNING: Normalizing state frequencies so that sum of them equals to 1
 46  Q.mammal+F+I  556.184      37  1186.368     1326.968     1262.604
WARNING: Normalizing state frequencies so that sum of them equals to 1
 47  Q.mammal+F+G4 556.754      37  1187.507     1328.107     1263.743
WARNING: Normalizing state frequencies so that sum of them equals to 1
 48  Q.mammal+F+I+G4 556.047      38  1188.095     1344.095     1266.392
 49  Q.insect      559.770      17  1153.540     1168.840     1188.568
 50  Q.insect+I    556.829      18  1149.657     1167.196     1186.745
 51  Q.insect+G4   558.262      18  1152.525     1170.063     1189.613
 52  Q.insect+I+G4 556.834      19  1151.668     1171.668     1190.816
 53  Q.insect+F    559.322      36  1190.645     1317.502     1264.821
 54  Q.insect+F+I  556.855      37  1187.711     1328.311     1263.947
 55  Q.insect+F+G4 557.492      37  1188.983     1329.583     1265.220
 56  Q.insect+F+I+G4 556.782      38  1189.565     1345.565     1267.862
WARNING: Normalizing state frequencies so that sum of them equals to 1
 57  Q.plant       563.705      17  1161.409     1176.709     1196.437
WARNING: Normalizing state frequencies so that sum of them equals to 1
 58  Q.plant+I     559.884      18  1155.767     1173.306     1192.855
WARNING: Normalizing state frequencies so that sum of them equals to 1
 59  Q.plant+G4    561.055      18  1158.109     1175.648     1195.197
WARNING: Normalizing state frequencies so that sum of them equals to 1
 60  Q.plant+I+G4  559.877      19  1157.754     1177.754     1196.903
WARNING: Normalizing state frequencies so that sum of them equals to 1
 61  Q.plant+F     559.519      36  1191.037     1317.895     1265.213
WARNING: Normalizing state frequencies so that sum of them equals to 1
 62  Q.plant+F+I   555.898      37  1185.796     1326.396     1262.032
WARNING: Normalizing state frequencies so that sum of them equals to 1
 63  Q.plant+F+G4  556.319      37  1186.638     1327.238     1262.874
WARNING: Normalizing state frequencies so that sum of them equals to 1
 64  Q.plant+F+I+G4 555.576      38  1187.152     1343.152     1265.449
WARNING: Normalizing state frequencies so that sum of them equals to 1
 65  Q.yeast       560.187      17  1154.375     1169.675     1189.402
WARNING: Normalizing state frequencies so that sum of them equals to 1
 66  Q.yeast+I     557.676      18  1151.352     1168.890     1188.440
WARNING: Normalizing state frequencies so that sum of them equals to 1
 67  Q.yeast+G4    558.760      18  1153.519     1171.058     1190.607
WARNING: Normalizing state frequencies so that sum of them equals to 1
 68  Q.yeast+I+G4  557.684      19  1153.368     1173.368     1192.517
WARNING: Normalizing state frequencies so that sum of them equals to 1
 69  Q.yeast+F     558.573      36  1189.147     1316.004     1263.323
WARNING: Normalizing state frequencies so that sum of them equals to 1
 70  Q.yeast+F+I   556.363      37  1186.726     1327.326     1262.962
WARNING: Normalizing state frequencies so that sum of them equals to 1
 71  Q.yeast+F+G4  556.833      37  1187.666     1328.266     1263.902
WARNING: Normalizing state frequencies so that sum of them equals to 1
 72  Q.yeast+F+I+G4 556.278      38  1188.556     1344.556     1266.852
 73  JTTDCMut      567.505      17  1169.010     1184.310     1204.037
 74  JTTDCMut+I    564.350      18  1164.700     1182.239     1201.788
 75  JTTDCMut+G4   566.378      18  1168.755     1186.294     1205.843
 76  JTTDCMut+I+G4 564.355      19  1166.709     1186.709     1205.857
 77  JTTDCMut+F    559.576      36  1191.152     1318.009     1265.328
 78  JTTDCMut+F+I  557.101      37  1188.202     1328.802     1264.439
 79  JTTDCMut+F+G4 558.462      37  1190.924     1331.524     1267.161
 80  JTTDCMut+F+I+G4 557.106      38  1190.211     1346.211     1268.508
 81  DCMut         579.317      17  1192.633     1207.933     1227.661
 82  DCMut+I       574.997      18  1185.994     1203.532     1223.082
 83  DCMut+G4      577.062      18  1190.124     1207.662     1227.212
 84  DCMut+I+G4    574.999      19  1187.999     1207.999     1227.147
 85  DCMut+F       565.714      36  1203.429     1330.286     1277.605
 86  DCMut+F+I     563.227      37  1200.454     1341.054     1276.690
 87  DCMut+F+G4    564.045      37  1202.091     1342.691     1278.327
 88  DCMut+F+I+G4  563.207      38  1202.413     1358.413     1280.710
 89  VT            564.957      17  1163.915     1179.215     1198.942
 90  VT+I          562.332      18  1160.665     1178.203     1197.753
 91  VT+G4         564.322      18  1164.644     1182.182     1201.732
 92  VT+I+G4       562.338      19  1162.676     1182.676     1201.825
 93  VT+F          560.933      36  1193.866     1320.723     1268.042
 94  VT+F+I        558.846      37  1191.692     1332.292     1267.928
 95  VT+F+G4       560.362      37  1194.724     1335.324     1270.960
 96  VT+F+I+G4     558.853      38  1193.705     1349.705     1272.002
 97  PMB           569.400      17  1172.800     1188.100     1207.828
 98  PMB+I         566.949      18  1169.898     1187.436     1206.986
 99  PMB+G4        568.786      18  1173.572     1191.110     1210.660
100  PMB+I+G4      566.954      19  1171.909     1191.909     1211.057
101  PMB+F         566.866      36  1205.732     1332.589     1279.907
102  PMB+F+I       564.753      37  1203.506     1344.106     1279.742
103  PMB+F+G4      566.098      37  1206.196     1346.796     1282.432
104  PMB+F+I+G4    564.758      38  1205.515     1361.515     1283.812
105  Blosum62      570.203      17  1174.405     1189.705     1209.433
106  Blosum62+I    567.368      18  1170.736     1188.274     1207.824
107  Blosum62+G4   569.434      18  1174.868     1192.406     1211.956
108  Blosum62+I+G4 567.373      19  1172.747     1192.747     1211.895
109  Blosum62+F    568.052      36  1208.104     1334.961     1282.280
110  Blosum62+F+I  565.651      37  1205.301     1345.901     1281.538
111  Blosum62+F+G4 567.174      37  1208.349     1348.949     1284.585
112  Blosum62+F+I+G4 565.655      38  1207.309     1363.309     1285.606
113  Dayhoff       579.380      17  1192.759     1208.059     1227.787
114  Dayhoff+I     575.034      18  1186.069     1203.607     1223.157
115  Dayhoff+G4    577.099      18  1190.197     1207.736     1227.285
116  Dayhoff+I+G4  575.037      19  1188.074     1208.074     1227.222
117  Dayhoff+F     565.762      36  1203.523     1330.380     1277.699
118  Dayhoff+F+I   563.265      37  1200.530     1341.130     1276.767
119  Dayhoff+F+G4  564.069      37  1202.138     1342.738     1278.375
120  Dayhoff+F+I+G4 563.241      38  1202.483     1358.483     1280.779
121  mtREV         589.970      17  1213.941     1229.241     1248.968
122  mtREV+I       584.363      18  1204.726     1222.264     1241.814
123  mtREV+G4      585.338      18  1206.675     1224.214     1243.763
124  mtREV+I+G4    584.130      19  1206.260     1226.260     1245.409
125  mtREV+F       571.204      36  1214.409     1341.266     1288.585
126  mtREV+F+I     566.834      37  1207.668     1348.268     1283.905
127  mtREV+F+G4    566.460      37  1206.920     1347.520     1283.156
128  mtREV+F+I+G4  565.913      38  1207.827     1363.827     1286.124
129  mtART         611.289      17  1256.578     1271.878     1291.605
130  mtART+I       603.600      18  1243.200     1260.739     1280.288
131  mtART+G4      600.710      18  1237.420     1254.959     1274.508
132  mtART+I+G4    600.450      19  1238.899     1258.899     1278.047
133  mtART+F       586.427      36  1244.854     1371.711     1319.030
134  mtART+F+I     580.174      37  1234.349     1374.949     1310.585
135  mtART+F+G4    575.259      37  1224.518     1365.118     1300.755
136  mtART+F+I+G4  575.193      38  1226.386     1382.386     1304.683
137  mtZOA         595.148      17  1224.295     1239.595     1259.323
138  mtZOA+I       588.804      18  1213.608     1231.147     1250.696
139  mtZOA+G4      588.605      18  1213.210     1230.748     1250.298
140  mtZOA+I+G4    587.741      19  1213.481     1233.481     1252.630
141  mtZOA+F       574.394      36  1220.788     1347.645     1294.964
142  mtZOA+F+I     569.842      37  1213.683     1354.283     1289.920
143  mtZOA+F+G4    567.654      37  1209.308     1349.908     1285.544
144  mtZOA+F+I+G4  567.400      38  1210.800     1366.800     1289.096
145  mtMet         586.051      17  1206.103     1221.403     1241.130
146  mtMet+I       581.578      18  1199.157     1216.695     1236.245
147  mtMet+G4      582.700      18  1201.400     1218.938     1238.488
148  mtMet+I+G4    581.459      19  1200.917     1220.917     1240.065
149  mtMet+F       566.837      36  1205.673     1332.530     1279.849
150  mtMet+F+I     563.433      37  1200.867     1341.467     1277.103
151  mtMet+F+G4    562.768      37  1199.537     1340.137     1275.773
152  mtMet+F+I+G4  562.375      38  1200.750     1356.750     1279.047
153  mtVer         591.336      17  1216.672     1231.972     1251.700
154  mtVer+I       585.551      18  1207.101     1224.640     1244.189
155  mtVer+G4      585.986      18  1207.972     1225.510     1245.060
156  mtVer+I+G4    584.980      19  1207.960     1227.960     1247.109
157  mtVer+F       569.602      36  1211.205     1338.062     1285.381
158  mtVer+F+I     565.839      37  1205.679     1346.279     1281.915
159  mtVer+F+G4    564.015      37  1202.029     1342.629     1278.265
160  mtVer+F+I+G4  563.831      38  1203.661     1359.661     1281.958
161  mtInv         591.181      17  1216.362     1231.662     1251.390
162  mtInv+I       587.275      18  1210.549     1228.088     1247.637
163  mtInv+G4      588.663      18  1213.326     1230.864     1250.414
164  mtInv+I+G4    587.268      19  1212.536     1232.536     1251.684
165  mtInv+F       566.262      36  1204.524     1331.381     1278.700
166  mtInv+F+I     562.926      37  1199.851     1340.451     1276.088
167  mtInv+F+G4    563.056      37  1200.112     1340.712     1276.349
168  mtInv+F+I+G4  562.429      38  1200.859     1356.859     1279.156
169  mtMAM         606.028      17  1246.056     1261.356     1281.083
170  mtMAM+I       597.595      18  1231.189     1248.728     1268.277
171  mtMAM+G4      595.354      18  1226.707     1244.246     1263.795
172  mtMAM+I+G4    594.860      19  1227.720     1247.720     1266.869
173  mtMAM+F       584.112      36  1240.225     1367.082     1314.401
174  mtMAM+F+I     577.735      37  1229.470     1370.070     1305.706
175  mtMAM+F+G4    573.281      37  1220.562     1361.162     1296.799
176  mtMAM+F+I+G4  573.172      38  1222.343     1378.343     1300.640
WARNING: Normalizing state frequencies so that sum of them equals to 1
177  FLAVI         584.167      17  1202.334     1217.634     1237.361
WARNING: Normalizing state frequencies so that sum of them equals to 1
178  FLAVI+I       576.242      18  1188.483     1206.022     1225.571
WARNING: Normalizing state frequencies so that sum of them equals to 1
179  FLAVI+G4      577.915      18  1191.829     1209.368     1228.917
WARNING: Normalizing state frequencies so that sum of them equals to 1
180  FLAVI+I+G4    576.129      19  1190.257     1210.257     1229.406
WARNING: Normalizing state frequencies so that sum of them equals to 1
181  FLAVI+F       576.563      36  1225.127     1351.984     1299.303
WARNING: Normalizing state frequencies so that sum of them equals to 1
182  FLAVI+F+I     568.530      37  1211.059     1351.659     1287.295
WARNING: Normalizing state frequencies so that sum of them equals to 1
183  FLAVI+F+G4    569.647      37  1213.294     1353.894     1289.530
WARNING: Normalizing state frequencies so that sum of them equals to 1
184  FLAVI+F+I+G4  568.019      38  1212.037     1368.037     1290.334
185  HIVb          568.456      17  1170.912     1186.212     1205.940
186  HIVb+I        562.955      18  1161.910     1179.449     1198.998
187  HIVb+G4       564.658      18  1165.316     1182.854     1202.404
188  HIVb+I+G4     562.954      19  1163.907     1183.907     1203.055
189  HIVb+F        565.599      36  1203.198     1330.055     1277.374
190  HIVb+F+I      559.589      37  1193.177     1333.777     1269.414
191  HIVb+F+G4     560.935      37  1195.870     1336.470     1272.106
192  HIVb+F+I+G4   559.424      38  1194.847     1350.847     1273.144
193  HIVw          582.142      17  1198.284     1213.584     1233.312
194  HIVw+I        577.074      18  1190.147     1207.686     1227.235
195  HIVw+G4       578.521      18  1193.043     1210.581     1230.131
196  HIVw+I+G4     577.066      19  1192.131     1212.131     1231.280
197  HIVw+F        572.763      36  1217.525     1344.383     1291.701
198  HIVw+F+I      566.639      37  1207.278     1347.878     1283.514
199  HIVw+F+G4     568.764      37  1211.528     1352.128     1287.764
200  HIVw+F+I+G4   566.640      38  1209.280     1365.280     1287.577
201  FLU           570.998      17  1175.995     1191.295     1211.023
202  FLU+I         566.420      18  1168.840     1186.379     1205.928
203  FLU+G4        567.956      18  1171.912     1189.450     1209.000
204  FLU+I+G4      566.415      19  1170.831     1190.831     1209.979
205  FLU+F         569.229      36  1210.457     1337.314     1284.633
206  FLU+F+I       564.283      37  1202.567     1343.167     1278.803
207  FLU+F+G4      564.930      37  1203.859     1344.459     1280.096
208  FLU+F+I+G4    563.888      38  1203.777     1359.777     1282.073
209  rtREV         569.036      17  1172.071     1187.371     1207.099
210  rtREV+I       565.213      18  1166.426     1183.964     1203.514
211  rtREV+G4      567.298      18  1170.595     1188.134     1207.683
212  rtREV+I+G4    565.216      19  1168.431     1188.431     1207.580
213  rtREV+F       562.810      36  1197.620     1324.477     1271.796
214  rtREV+F+I     559.983      37  1193.966     1334.566     1270.202
215  rtREV+F+G4    561.079      37  1196.158     1336.758     1272.395
216  rtREV+F+I+G4  559.982      38  1195.963     1351.963     1274.260
217  cpREV         566.542      17  1167.085     1182.385     1202.112
218  cpREV+I       560.756      18  1157.513     1175.051     1194.601
219  cpREV+G4      564.102      18  1164.204     1181.742     1201.292
220  cpREV+I+G4    560.763      19  1159.525     1179.525     1198.674
221  cpREV+F       566.055      36  1204.111     1330.968     1278.286
222  cpREV+F+I     560.916      37  1195.831     1336.431     1272.068
223  cpREV+F+G4    563.664      37  1201.328     1341.928     1277.564
224  cpREV+F+I+G4  560.920      38  1197.839     1353.839     1276.136
Akaike Information Criterion:           Q.insect+I
Corrected Akaike Information Criterion: Q.insect+I
Bayesian Information Criterion:         Q.insect+I
Best-fit model: Q.insect+I chosen according to BIC

All model information printed to ../results/molecular_evolution_analyses/phylogenetic_trees/F90607_SMED_G1/F90607_SMED_G1.model.gz
CPU time for ModelFinder: 4.092 seconds (0h:0m:4s)
Wall-clock time for ModelFinder: 4.135 seconds (0h:0m:4s)
NOTE: State(s) W not present in alignment and thus removed from Markov process to prevent numerical problems
NOTE: 1 states (see above) are not present and thus removed from Markov process to prevent numerical problems
Generating 1000 samples for ultrafast bootstrap (seed: 424626)...

NOTE: 0 MB RAM (0 GB) is required!
Estimate model parameters (epsilon = 0.100)
1. Initial log-likelihood: -556.829
Optimal log-likelihood: -556.829
Proportion of invariable sites: 0.137
Parameters optimization took 1 rounds (0.002 sec)
Wrote distance file to... 
Computing ML distances based on estimated model parameters...
Calculating distance matrix: done in 0.00316882 secs using 99.66% CPU
Computing ML distances took 0.003219 sec (of wall-clock time) 0.003209 sec (of CPU time)
Setting up auxiliary I and S matrices: done in 2.81334e-05 secs using 95.97% CPU
Constructing RapidNJ tree: done in 4.00543e-05 secs using 97.37% CPU
Computing RapidNJ tree took 0.000113 sec (of wall-clock time) 0.000111 sec (of CPU time)
Log-likelihood of RapidNJ tree: -556.829
--------------------------------------------------------------------
|             INITIALIZING CANDIDATE TREE SET                      |
--------------------------------------------------------------------
Generating 98 parsimony trees... 0.031 second
Computing log-likelihood of 98 initial trees ... 0.045 seconds
Current best score: -556.829

Do NNI search on 20 best initial trees
Optimizing NNI: done in 0.00227904 secs using 199.6% CPU
Estimate model parameters (epsilon = 0.100)
BETTER TREE FOUND at iteration 1: -556.829
Optimizing NNI: done in 0.00220895 secs using 199.9% CPU
Optimizing NNI: done in 0.00448108 secs using 199.8% CPU
BETTER TREE FOUND at iteration 3: -556.829
Optimizing NNI: done in 0.00465989 secs using 186.9% CPU
Optimizing NNI: done in 0.00447607 secs using 200.2% CPU
Optimizing NNI: done in 0.00442791 secs using 200% CPU
Optimizing NNI: done in 0.00441885 secs using 199.8% CPU
Optimizing NNI: done in 0.0044539 secs using 199.8% CPU
Optimizing NNI: done in 0.00442004 secs using 199.9% CPU
Optimizing NNI: done in 0.00449204 secs using 189.1% CPU
Iteration 10 / LogL: -556.829 / Time: 0h:0m:0s
Optimizing NNI: done in 0.00459886 secs using 191% CPU
Optimizing NNI: done in 0.00464106 secs using 183.9% CPU
Optimizing NNI: done in 0.00444698 secs using 200% CPU
Optimizing NNI: done in 0.00443602 secs using 199.7% CPU
Optimizing NNI: done in 0.0043509 secs using 200.1% CPU
BETTER TREE FOUND at iteration 15: -556.829
Optimizing NNI: done in 0.00447893 secs using 199.8% CPU
Optimizing NNI: done in 0.0043819 secs using 200.1% CPU
Optimizing NNI: done in 0.00439501 secs using 200% CPU
Optimizing NNI: done in 0.00440907 secs using 199.7% CPU
BETTER TREE FOUND at iteration 19: -556.829
Optimizing NNI: done in 0.00441408 secs using 109.4% CPU
Iteration 20 / LogL: -556.829 / Time: 0h:0m:0s
Finish initializing candidate tree set (20)
Current best tree score: -556.829 / CPU time: 0.171
Number of iterations: 20
--------------------------------------------------------------------
|               OPTIMIZING CANDIDATE TREE SET                      |
--------------------------------------------------------------------
Optimizing NNI: done in 0.0104492 secs using 199.9% CPU
BETTER TREE FOUND at iteration 21: -556.829
Optimizing NNI: done in 0.00860786 secs using 199.6% CPU
BETTER TREE FOUND at iteration 22: -556.829
Optimizing NNI: done in 0.008847 secs using 122% CPU
BETTER TREE FOUND at iteration 23: -556.828
Optimizing NNI: done in 0.00196099 secs using 99.69% CPU
BETTER TREE FOUND at iteration 24: -556.828
Optimizing NNI: done in 0.00295997 secs using 99.7% CPU
UPDATE BEST LOG-LIKELIHOOD: -556.828
Optimizing NNI: done in 0.00671792 secs using 99.82% CPU
Optimizing NNI: done in 0.00516486 secs using 100% CPU
Optimizing NNI: done in 0.00480294 secs using 100% CPU
UPDATE BEST LOG-LIKELIHOOD: -556.828
Optimizing NNI: done in 0.00170588 secs using 99.6% CPU
BETTER TREE FOUND at iteration 29: -556.828
Optimizing NNI: done in 0.00679612 secs using 99.87% CPU
Iteration 30 / LogL: -556.828 / Time: 0h:0m:0s (0h:0m:0s left)
Optimizing NNI: done in 0.00171518 secs using 100% CPU
Optimizing NNI: done in 0.00171113 secs using 99.64% CPU
UPDATE BEST LOG-LIKELIHOOD: -556.828
Optimizing NNI: done in 0.00908518 secs using 99.78% CPU
Optimizing NNI: done in 0.0154171 secs using 99.87% CPU
Optimizing NNI: done in 0.00314808 secs using 99.68% CPU
Optimizing NNI: done in 0.00560689 secs using 99.97% CPU
Optimizing NNI: done in 0.00633812 secs using 99.98% CPU
Optimizing NNI: done in 0.0122859 secs using 99.93% CPU
Optimizing NNI: done in 0.00634789 secs using 100% CPU
Optimizing NNI: done in 0.00318289 secs using 99.97% CPU
UPDATE BEST LOG-LIKELIHOOD: -556.828
Iteration 40 / LogL: -556.828 / Time: 0h:0m:0s (0h:0m:0s left)
Optimizing NNI: done in 0.00315785 secs using 99.97% CPU
BETTER TREE FOUND at iteration 41: -556.828
Optimizing NNI: done in 0.0123382 secs using 99.93% CPU
Optimizing NNI: done in 0.00321388 secs using 99.97% CPU
Optimizing NNI: done in 0.00315309 secs using 100% CPU
Optimizing NNI: done in 0.0123739 secs using 99.92% CPU
Optimizing NNI: done in 0.00595403 secs using 100% CPU
Optimizing NNI: done in 0.00316381 secs using 99.97% CPU
Optimizing NNI: done in 0.00316882 secs using 100% CPU
Optimizing NNI: done in 0.0116429 secs using 99.93% CPU
Optimizing NNI: done in 0.0125861 secs using 99.86% CPU
Iteration 50 / LogL: -556.829 / Time: 0h:0m:0s (0h:0m:0s left)
Log-likelihood cutoff on original alignment: -562.630
Optimizing NNI: done in 0.00321198 secs using 99.97% CPU
Optimizing NNI: done in 0.00320315 secs using 99.71% CPU
Optimizing NNI: done in 0.0122912 secs using 99.67% CPU
Optimizing NNI: done in 0.00577021 secs using 100% CPU
Optimizing NNI: done in 0.00306988 secs using 99.97% CPU
Optimizing NNI: done in 0.015337 secs using 99.9% CPU
Optimizing NNI: done in 0.00545907 secs using 99.85% CPU
Optimizing NNI: done in 0.0125279 secs using 99.86% CPU
Optimizing NNI: done in 0.003196 secs using 99.69% CPU
Optimizing NNI: done in 0.00644588 secs using 99.85% CPU
Iteration 60 / LogL: -556.828 / Time: 0h:0m:0s (0h:0m:0s left)
Optimizing NNI: done in 0.0118039 secs using 99.92% CPU
Optimizing NNI: done in 0.011605 secs using 99.91% CPU
Optimizing NNI: done in 0.0120671 secs using 99.93% CPU
Optimizing NNI: done in 0.00318313 secs using 99.93% CPU
Optimizing NNI: done in 0.00321293 secs using 99.72% CPU
Optimizing NNI: done in 0.00317407 secs using 99.71% CPU
Optimizing NNI: done in 0.00322104 secs using 99.72% CPU
Optimizing NNI: done in 0.00646114 secs using 99.84% CPU
Optimizing NNI: done in 0.011981 secs using 99.91% CPU
Optimizing NNI: done in 0.005898 secs using 99.98% CPU
Iteration 70 / LogL: -556.828 / Time: 0h:0m:0s (0h:0m:0s left)
Optimizing NNI: done in 0.00314999 secs using 100% CPU
Optimizing NNI: done in 0.00309587 secs using 99.68% CPU
Optimizing NNI: done in 0.0158081 secs using 99.88% CPU
Optimizing NNI: done in 0.0125279 secs using 99.94% CPU
Optimizing NNI: done in 0.012625 secs using 99.94% CPU
Optimizing NNI: done in 0.0181429 secs using 99.91% CPU
Optimizing NNI: done in 0.00319409 secs using 100% CPU
Optimizing NNI: done in 0.00319195 secs using 99.72% CPU
Optimizing NNI: done in 0.00315595 secs using 99.68% CPU
Optimizing NNI: done in 0.012547 secs using 99.85% CPU
Iteration 80 / LogL: -556.828 / Time: 0h:0m:0s (0h:0m:0s left)
Optimizing NNI: done in 0.006356 secs using 100% CPU
Optimizing NNI: done in 0.00314808 secs using 99.97% CPU
Optimizing NNI: done in 0.00322914 secs using 99.96% CPU
Optimizing NNI: done in 0.00550604 secs using 99.82% CPU
Optimizing NNI: done in 0.00303102 secs using 100% CPU
Optimizing NNI: done in 0.00273299 secs using 100% CPU
Optimizing NNI: done in 0.00592709 secs using 99.98% CPU
Optimizing NNI: done in 0.00545311 secs using 100% CPU
Optimizing NNI: done in 0.0148609 secs using 99.9% CPU
Optimizing NNI: done in 0.00625014 secs using 99.89% CPU
Iteration 90 / LogL: -556.828 / Time: 0h:0m:1s (0h:0m:0s left)
Optimizing NNI: done in 0.0124719 secs using 99.93% CPU
Optimizing NNI: done in 0.00310302 secs using 99.77% CPU
Optimizing NNI: done in 0.00309587 secs using 100% CPU
Optimizing NNI: done in 0.0125411 secs using 99.94% CPU
Optimizing NNI: done in 0.010778 secs using 99.94% CPU
Optimizing NNI: done in 0.0031569 secs using 100% CPU
Optimizing NNI: done in 0.012213 secs using 99.93% CPU
Optimizing NNI: done in 0.0030899 secs using 100% CPU
Optimizing NNI: done in 0.00315022 secs using 99.99% CPU
Optimizing NNI: done in 0.00320697 secs using 99.75% CPU
Iteration 100 / LogL: -556.828 / Time: 0h:0m:1s (0h:0m:0s left)
Log-likelihood cutoff on original alignment: -562.564
NOTE: Bootstrap correlation coefficient of split occurrence frequencies: 0.961
NOTE: UFBoot does not converge, continue at least 100 more iterations
Optimizing NNI: done in 0.0125201 secs using 99.93% CPU
Optimizing NNI: done in 0.00316501 secs using 100% CPU
Optimizing NNI: done in 0.00311613 secs using 100% CPU
Optimizing NNI: done in 0.0119779 secs using 99.9% CPU
Optimizing NNI: done in 0.00321698 secs using 100% CPU
Optimizing NNI: done in 0.00317001 secs using 99.97% CPU
Optimizing NNI: done in 0.012671 secs using 99.87% CPU
Optimizing NNI: done in 0.012686 secs using 99.8% CPU
Optimizing NNI: done in 0.012635 secs using 99.91% CPU
Optimizing NNI: done in 0.00306892 secs using 100% CPU
Iteration 110 / LogL: -556.828 / Time: 0h:0m:1s (0h:0m:1s left)
Optimizing NNI: done in 0.015687 secs using 99.93% CPU
Optimizing NNI: done in 0.0126388 secs using 99.89% CPU
Optimizing NNI: done in 0.0123219 secs using 99.85% CPU
Optimizing NNI: done in 0.00317597 secs using 99.75% CPU
Optimizing NNI: done in 0.00325298 secs using 99.75% CPU
Optimizing NNI: done in 0.00311899 secs using 100% CPU
Optimizing NNI: done in 0.00314403 secs using 99.97% CPU
Optimizing NNI: done in 0.0122621 secs using 99.93% CPU
Optimizing NNI: done in 0.00644708 secs using 99.89% CPU
Optimizing NNI: done in 0.00321889 secs using 99.75% CPU
Iteration 120 / LogL: -556.829 / Time: 0h:0m:1s (0h:0m:0s left)
Optimizing NNI: done in 0.00318885 secs using 100% CPU
Optimizing NNI: done in 0.00304317 secs using 99.99% CPU
Optimizing NNI: done in 0.00972414 secs using 99.93% CPU
Optimizing NNI: done in 0.00321507 secs using 99.97% CPU
Optimizing NNI: done in 0.00325179 secs using 99.73% CPU
Optimizing NNI: done in 0.0123839 secs using 99.87% CPU
Optimizing NNI: done in 0.0123091 secs using 99.94% CPU
Optimizing NNI: done in 0.00639701 secs using 99.86% CPU
BETTER TREE FOUND at iteration 128: -556.828
Optimizing NNI: done in 0.00321007 secs using 99.75% CPU
Optimizing NNI: done in 0.0125449 secs using 99.74% CPU
Iteration 130 / LogL: -556.829 / Time: 0h:0m:1s (0h:0m:1s left)
Optimizing NNI: done in 0.012893 secs using 99.82% CPU
Optimizing NNI: done in 0.00633883 secs using 99.83% CPU
Optimizing NNI: done in 0.00304985 secs using 100% CPU
Optimizing NNI: done in 0.0121861 secs using 99.93% CPU
Optimizing NNI: done in 0.00321007 secs using 100% CPU
Optimizing NNI: done in 0.00326705 secs using 99.69% CPU
Optimizing NNI: done in 0.0124609 secs using 99.83% CPU
Optimizing NNI: done in 0.00318122 secs using 99.55% CPU
Optimizing NNI: done in 0.00326514 secs using 99.93% CPU
Optimizing NNI: done in 0.00319505 secs using 100% CPU
Iteration 140 / LogL: -556.828 / Time: 0h:0m:1s (0h:0m:1s left)
Optimizing NNI: done in 0.00319195 secs using 99.97% CPU
Optimizing NNI: done in 0.00321198 secs using 99.97% CPU
Optimizing NNI: done in 0.00637603 secs using 99.86% CPU
Optimizing NNI: done in 0.00543499 secs using 99.8% CPU
Optimizing NNI: done in 0.0032618 secs using 99.61% CPU
Optimizing NNI: done in 0.00647712 secs using 99.8% CPU
Optimizing NNI: done in 0.00279403 secs using 99.68% CPU
Optimizing NNI: done in 0.00600004 secs using 99.78% CPU
UPDATE BEST LOG-LIKELIHOOD: -556.828
Optimizing NNI: done in 0.0120709 secs using 99.91% CPU
Optimizing NNI: done in 0.011889 secs using 99.92% CPU
Iteration 150 / LogL: -556.829 / Time: 0h:0m:1s (0h:0m:0s left)
Log-likelihood cutoff on original alignment: -562.495
Optimizing NNI: done in 0.00322294 secs using 99.94% CPU
Optimizing NNI: done in 0.00328112 secs using 99.66% CPU
Optimizing NNI: done in 0.00306392 secs using 100% CPU
Optimizing NNI: done in 0.00637913 secs using 100% CPU
Optimizing NNI: done in 0.011869 secs using 99.92% CPU
Estimate model parameters (epsilon = 0.100)
BETTER TREE FOUND at iteration 155: -556.564
Optimizing NNI: done in 0.00321507 secs using 100% CPU
Optimizing NNI: done in 0.012557 secs using 99.86% CPU
Optimizing NNI: done in 0.0091629 secs using 99.76% CPU
Optimizing NNI: done in 0.0123971 secs using 99.85% CPU
Optimizing NNI: done in 0.0128739 secs using 99.92% CPU
Iteration 160 / LogL: -556.844 / Time: 0h:0m:1s (0h:0m:1s left)
Optimizing NNI: done in 0.0033102 secs using 100% CPU
UPDATE BEST LOG-LIKELIHOOD: -556.564
Optimizing NNI: done in 0.0061729 secs using 99.99% CPU
Optimizing NNI: done in 0.00336599 secs using 99.94% CPU
Optimizing NNI: done in 0.00924587 secs using 99.88% CPU
Optimizing NNI: done in 0.00324202 secs using 100% CPU
Optimizing NNI: done in 0.00320888 secs using 99.97% CPU
UPDATE BEST LOG-LIKELIHOOD: -556.564
Optimizing NNI: done in 0.00589609 secs using 99.71% CPU
Optimizing NNI: done in 0.00906396 secs using 99.87% CPU
Optimizing NNI: done in 0.00625396 secs using 99.98% CPU
Optimizing NNI: done in 0.00331116 secs using 100% CPU
Iteration 170 / LogL: -556.564 / Time: 0h:0m:2s (0h:0m:1s left)
Optimizing NNI: done in 0.00334907 secs using 100% CPU
Optimizing NNI: done in 0.00640607 secs using 99.98% CPU
Optimizing NNI: done in 0.00938487 secs using 99.89% CPU
Optimizing NNI: done in 0.00586104 secs using 99.83% CPU
Optimizing NNI: done in 0.00593591 secs using 100% CPU
UPDATE BEST LOG-LIKELIHOOD: -556.564
Optimizing NNI: done in 0.00628591 secs using 99.99% CPU
Optimizing NNI: done in 0.00327206 secs using 100% CPU
UPDATE BEST LOG-LIKELIHOOD: -556.564
Optimizing NNI: done in 0.0077281 secs using 99.8% CPU
Optimizing NNI: done in 0.00876307 secs using 99.9% CPU
Optimizing NNI: done in 0.00549603 secs using 100% CPU
Iteration 180 / LogL: -556.564 / Time: 0h:0m:2s (0h:0m:0s left)
Optimizing NNI: done in 0.00597191 secs using 100% CPU
Optimizing NNI: done in 0.0125599 secs using 99.91% CPU
Optimizing NNI: done in 0.00562096 secs using 99.79% CPU
Optimizing NNI: done in 0.00334191 secs using 99.64% CPU
Optimizing NNI: done in 0.00926495 secs using 99.87% CPU
Optimizing NNI: done in 0.0115569 secs using 99.9% CPU
Optimizing NNI: done in 0.00896406 secs using 99.87% CPU
Optimizing NNI: done in 0.0126431 secs using 99.88% CPU
Optimizing NNI: done in 0.002841 secs using 99.58% CPU
Optimizing NNI: done in 0.00331497 secs using 100% CPU
Iteration 190 / LogL: -556.564 / Time: 0h:0m:2s (0h:0m:0s left)
Optimizing NNI: done in 0.00515985 secs using 100% CPU
Optimizing NNI: done in 0.00596189 secs using 99.98% CPU
Optimizing NNI: done in 0.00566983 secs using 100% CPU
Optimizing NNI: done in 0.0127501 secs using 99.94% CPU
Optimizing NNI: done in 0.00623083 secs using 99.83% CPU
Optimizing NNI: done in 0.00837493 secs using 99.87% CPU
Optimizing NNI: done in 0.00526309 secs using 99.83% CPU
Optimizing NNI: done in 0.00602508 secs using 99.83% CPU
Optimizing NNI: done in 0.00614095 secs using 99.79% CPU
Optimizing NNI: done in 0.00612402 secs using 99.85% CPU
Iteration 200 / LogL: -556.564 / Time: 0h:0m:2s (0h:0m:0s left)
Log-likelihood cutoff on original alignment: -562.568
NOTE: Bootstrap correlation coefficient of split occurrence frequencies: 0.580
NOTE: UFBoot does not converge, continue at least 100 more iterations
Optimizing NNI: done in 0.00850391 secs using 99.87% CPU
Optimizing NNI: done in 0.00336909 secs using 99.67% CPU
Optimizing NNI: done in 0.00634909 secs using 99.86% CPU
Optimizing NNI: done in 0.00468898 secs using 99.79% CPU
Optimizing NNI: done in 0.0100069 secs using 99.88% CPU
Optimizing NNI: done in 0.00637317 secs using 100% CPU
Optimizing NNI: done in 0.00326586 secs using 99.97% CPU
UPDATE BEST LOG-LIKELIHOOD: -556.564
Optimizing NNI: done in 0.00527501 secs using 99.85% CPU
Optimizing NNI: done in 0.009269 secs using 99.87% CPU
Optimizing NNI: done in 0.00960088 secs using 99.87% CPU
Iteration 210 / LogL: -556.564 / Time: 0h:0m:2s (0h:0m:1s left)
Optimizing NNI: done in 0.006253 secs using 100% CPU
Optimizing NNI: done in 0.0122981 secs using 99.92% CPU
Optimizing NNI: done in 0.00568604 secs using 99.98% CPU
Optimizing NNI: done in 0.00337315 secs using 100% CPU
UPDATE BEST LOG-LIKELIHOOD: -556.564
Optimizing NNI: done in 0.00526905 secs using 99.66% CPU
Optimizing NNI: done in 0.00962687 secs using 99.87% CPU
Optimizing NNI: done in 0.00335217 secs using 100% CPU
Optimizing NNI: done in 0.00330091 secs using 100% CPU
Optimizing NNI: done in 0.00947404 secs using 99.98% CPU
Optimizing NNI: done in 0.00963187 secs using 99.92% CPU
Iteration 220 / LogL: -556.564 / Time: 0h:0m:2s (0h:0m:1s left)
Optimizing NNI: done in 0.00918198 secs using 99.89% CPU
Optimizing NNI: done in 0.00890708 secs using 99.9% CPU
Optimizing NNI: done in 0.00339699 secs using 99.68% CPU
Optimizing NNI: done in 0.00338101 secs using 100% CPU
Optimizing NNI: done in 0.00648308 secs using 99.83% CPU
Optimizing NNI: done in 0.00324988 secs using 99.67% CPU
Optimizing NNI: done in 0.00466681 secs using 99.75% CPU
Optimizing NNI: done in 0.00949883 secs using 99.86% CPU
Optimizing NNI: done in 0.00970411 secs using 100% CPU
Optimizing NNI: done in 0.00616789 secs using 99.86% CPU
Iteration 230 / LogL: -556.564 / Time: 0h:0m:2s (0h:0m:0s left)
Optimizing NNI: done in 0.00624204 secs using 99.86% CPU
Optimizing NNI: done in 0.00628018 secs using 99.82% CPU
Optimizing NNI: done in 0.00286007 secs using 100% CPU
UPDATE BEST LOG-LIKELIHOOD: -556.564
Optimizing NNI: done in 0.00562692 secs using 99.86% CPU
Optimizing NNI: done in 0.00974083 secs using 99.88% CPU
Optimizing NNI: done in 0.00591183 secs using 99.85% CPU
Optimizing NNI: done in 0.00317216 secs using 99.99% CPU
Optimizing NNI: done in 0.00968003 secs using 99.89% CPU
Optimizing NNI: done in 0.00343513 secs using 99.62% CPU
Optimizing NNI: done in 0.00929999 secs using 99.86% CPU
Iteration 240 / LogL: -557.009 / Time: 0h:0m:3s (0h:0m:0s left)
Optimizing NNI: done in 0.00471997 secs using 100% CPU
Optimizing NNI: done in 0.00557995 secs using 99.88% CPU
Optimizing NNI: done in 0.0117052 secs using 99.84% CPU
Optimizing NNI: done in 0.00904298 secs using 99.87% CPU
Optimizing NNI: done in 0.00336289 secs using 99.68% CPU
Optimizing NNI: done in 0.00651097 secs using 99.99% CPU
Optimizing NNI: done in 0.00592613 secs using 99.86% CPU
Optimizing NNI: done in 0.00644612 secs using 99.86% CPU
Optimizing NNI: done in 0.00611401 secs using 99.85% CPU
Optimizing NNI: done in 0.008214 secs using 99.88% CPU
Iteration 250 / LogL: -556.565 / Time: 0h:0m:3s (0h:0m:0s left)
Log-likelihood cutoff on original alignment: -563.555
Optimizing NNI: done in 0.003438 secs using 100% CPU
Optimizing NNI: done in 0.00636101 secs using 100% CPU
Optimizing NNI: done in 0.00641894 secs using 99.83% CPU
Optimizing NNI: done in 0.0092001 secs using 99.89% CPU
Optimizing NNI: done in 0.00560999 secs using 100% CPU
Optimizing NNI: done in 0.00570011 secs using 99.82% CPU
Optimizing NNI: done in 0.00633216 secs using 99.98% CPU
Optimizing NNI: done in 0.00613785 secs using 99.87% CPU
Optimizing NNI: done in 0.00598717 secs using 99.88% CPU
Optimizing NNI: done in 0.00961685 secs using 99.87% CPU
Iteration 260 / LogL: -556.564 / Time: 0h:0m:3s (0h:0m:0s left)
Optimizing NNI: done in 0.0064981 secs using 100% CPU
Optimizing NNI: done in 0.00328684 secs using 100% CPU
Optimizing NNI: done in 0.00315189 secs using 100% CPU
Optimizing NNI: done in 0.00621104 secs using 100% CPU
Optimizing NNI: done in 0.00910807 secs using 99.89% CPU
Optimizing NNI: done in 0.00556588 secs using 99.82% CPU
Optimizing NNI: done in 0.0128081 secs using 99.91% CPU
Optimizing NNI: done in 0.00320983 secs using 99.76% CPU
Optimizing NNI: done in 0.00954103 secs using 100% CPU
Optimizing NNI: done in 0.00333405 secs using 99.67% CPU
Iteration 270 / LogL: -556.564 / Time: 0h:0m:3s (0h:0m:0s left)
Optimizing NNI: done in 0.00318694 secs using 99.78% CPU
Optimizing NNI: done in 0.012882 secs using 99.83% CPU
Optimizing NNI: done in 0.00336385 secs using 99.71% CPU
Optimizing NNI: done in 0.015702 secs using 99.95% CPU
Optimizing NNI: done in 0.00523496 secs using 99.79% CPU
Optimizing NNI: done in 0.00913715 secs using 99.9% CPU
Optimizing NNI: done in 0.00962901 secs using 99.9% CPU
Optimizing NNI: done in 0.00657511 secs using 100% CPU
Optimizing NNI: done in 0.00333714 secs using 100% CPU
Optimizing NNI: done in 0.00330615 secs using 99.97% CPU
Iteration 280 / LogL: -556.564 / Time: 0h:0m:3s (0h:0m:0s left)
Optimizing NNI: done in 0.00311589 secs using 99.97% CPU
Optimizing NNI: done in 0.0059948 secs using 99.25% CPU
Optimizing NNI: done in 0.00613999 secs using 100% CPU
Optimizing NNI: done in 0.00647306 secs using 99.8% CPU
Optimizing NNI: done in 0.00612497 secs using 99.98% CPU
Optimizing NNI: done in 0.006392 secs using 99.78% CPU
Optimizing NNI: done in 0.00325513 secs using 100% CPU
Optimizing NNI: done in 0.00643015 secs using 99.8% CPU
Optimizing NNI: done in 0.00950909 secs using 99.88% CPU
Optimizing NNI: done in 0.00660706 secs using 99.85% CPU
Iteration 290 / LogL: -556.564 / Time: 0h:0m:3s (0h:0m:0s left)
Optimizing NNI: done in 0.00576305 secs using 99.83% CPU
Optimizing NNI: done in 0.00652695 secs using 99.88% CPU
Optimizing NNI: done in 0.00332403 secs using 99.97% CPU
Optimizing NNI: done in 0.00667191 secs using 99.84% CPU
Optimizing NNI: done in 0.00329804 secs using 99.97% CPU
Optimizing NNI: done in 0.00547814 secs using 99.98% CPU
Optimizing NNI: done in 0.00604105 secs using 99.83% CPU
Optimizing NNI: done in 0.00292897 secs using 99.52% CPU
Optimizing NNI: done in 0.00634003 secs using 99.81% CPU
Optimizing NNI: done in 0.00920081 secs using 99.89% CPU
Iteration 300 / LogL: -556.564 / Time: 0h:0m:3s (0h:0m:0s left)
Log-likelihood cutoff on original alignment: -564.092
NOTE: Bootstrap correlation coefficient of split occurrence frequencies: 0.619
NOTE: UFBoot does not converge, continue at least 100 more iterations
Optimizing NNI: done in 0.00967908 secs using 99.92% CPU
Optimizing NNI: done in 0.00556612 secs using 100% CPU
Optimizing NNI: done in 0.00670004 secs using 99.82% CPU
Optimizing NNI: done in 0.00653315 secs using 100% CPU
Optimizing NNI: done in 0.00329399 secs using 100.1% CPU
Optimizing NNI: done in 0.00771284 secs using 99.87% CPU
Optimizing NNI: done in 0.00328112 secs using 99.66% CPU
Optimizing NNI: done in 0.00623894 secs using 100% CPU
Optimizing NNI: done in 0.00335503 secs using 100% CPU
Optimizing NNI: done in 0.006212 secs using 99.82% CPU
Iteration 310 / LogL: -556.564 / Time: 0h:0m:4s (0h:0m:1s left)
Optimizing NNI: done in 0.00615406 secs using 99.8% CPU
Optimizing NNI: done in 0.0093689 secs using 99.92% CPU
Optimizing NNI: done in 0.00867796 secs using 99.99% CPU
Optimizing NNI: done in 0.00590396 secs using 99.81% CPU
Optimizing NNI: done in 0.00329804 secs using 100% CPU
Optimizing NNI: done in 0.00338006 secs using 99.64% CPU
Optimizing NNI: done in 0.00961494 secs using 100% CPU
Optimizing NNI: done in 0.00284982 secs using 100% CPU
Optimizing NNI: done in 0.00331998 secs using 99.97% CPU
Optimizing NNI: done in 0.00323892 secs using 99.94% CPU
Iteration 320 / LogL: -556.564 / Time: 0h:0m:4s (0h:0m:1s left)
Optimizing NNI: done in 0.00947809 secs using 99.87% CPU
Optimizing NNI: done in 0.0066278 secs using 99.79% CPU
Optimizing NNI: done in 0.0125701 secs using 99.91% CPU
Optimizing NNI: done in 0.00656581 secs using 99.84% CPU
Optimizing NNI: done in 0.00956678 secs using 99.89% CPU
Optimizing NNI: done in 0.00331903 secs using 100% CPU
Optimizing NNI: done in 0.00667 secs using 99.81% CPU
Optimizing NNI: done in 0.0102479 secs using 99.55% CPU
Optimizing NNI: done in 0.00950193 secs using 99.91% CPU
Optimizing NNI: done in 0.00527978 secs using 99.83% CPU
Iteration 330 / LogL: -556.564 / Time: 0h:0m:4s (0h:0m:0s left)
Optimizing NNI: done in 0.00966501 secs using 99.77% CPU
Optimizing NNI: done in 0.00615597 secs using 99.89% CPU
Optimizing NNI: done in 0.00643587 secs using 100% CPU
Optimizing NNI: done in 0.00946093 secs using 99.9% CPU
Optimizing NNI: done in 0.00662589 secs using 99.87% CPU
Optimizing NNI: done in 0.0126271 secs using 99.88% CPU
Optimizing NNI: done in 0.00283694 secs using 100% CPU
Optimizing NNI: done in 0.00956392 secs using 99.9% CPU
Optimizing NNI: done in 0.00938916 secs using 99.91% CPU
Optimizing NNI: done in 0.00605297 secs using 100% CPU
Iteration 340 / LogL: -556.564 / Time: 0h:0m:4s (0h:0m:0s left)
Optimizing NNI: done in 0.00945997 secs using 99.93% CPU
Optimizing NNI: done in 0.00856709 secs using 99.86% CPU
Optimizing NNI: done in 0.00578499 secs using 99.83% CPU
Optimizing NNI: done in 0.00908399 secs using 99.89% CPU
Optimizing NNI: done in 0.005229 secs using 100% CPU
Optimizing NNI: done in 0.00521803 secs using 99.79% CPU
Optimizing NNI: done in 0.00615191 secs using 99.99% CPU
Optimizing NNI: done in 0.00865316 secs using 99.85% CPU
Optimizing NNI: done in 0.00640512 secs using 100% CPU
Optimizing NNI: done in 0.00649405 secs using 99.81% CPU
Iteration 350 / LogL: -556.564 / Time: 0h:0m:4s (0h:0m:0s left)
Log-likelihood cutoff on original alignment: -564.092
Optimizing NNI: done in 0.00334883 secs using 99.98% CPU
Optimizing NNI: done in 0.00593901 secs using 99.8% CPU
Optimizing NNI: done in 0.0096662 secs using 99.82% CPU
Optimizing NNI: done in 0.00561404 secs using 99.18% CPU
Optimizing NNI: done in 0.00605416 secs using 99.77% CPU
Optimizing NNI: done in 0.00544596 secs using 99.98% CPU
Optimizing NNI: done in 0.00316095 secs using 99.97% CPU
Optimizing NNI: done in 0.00321698 secs using 99.97% CPU
Optimizing NNI: done in 0.00958705 secs using 99.87% CPU
Optimizing NNI: done in 0.00966501 secs using 99.86% CPU
Iteration 360 / LogL: -556.564 / Time: 0h:0m:4s (0h:0m:0s left)
Optimizing NNI: done in 0.00621986 secs using 99.83% CPU
Optimizing NNI: done in 0.011833 secs using 99.91% CPU
Optimizing NNI: done in 0.00909781 secs using 99.89% CPU
Optimizing NNI: done in 0.00612593 secs using 99.82% CPU
Optimizing NNI: done in 0.00663805 secs using 99.82% CPU
Optimizing NNI: done in 0.00543714 secs using 99.81% CPU
Optimizing NNI: done in 0.00963807 secs using 99.99% CPU
Optimizing NNI: done in 0.0061841 secs using 99.85% CPU
Optimizing NNI: done in 0.012794 secs using 99.84% CPU
Optimizing NNI: done in 0.00928903 secs using 99.88% CPU
Iteration 370 / LogL: -556.564 / Time: 0h:0m:5s (0h:0m:0s left)
Optimizing NNI: done in 0.00612593 secs using 99.81% CPU
Optimizing NNI: done in 0.00912499 secs using 99.88% CPU
Optimizing NNI: done in 0.00848794 secs using 100% CPU
Optimizing NNI: done in 0.00606298 secs using 99.82% CPU
Optimizing NNI: done in 0.0127301 secs using 99.93% CPU
Optimizing NNI: done in 0.00912094 secs using 99.87% CPU
Optimizing NNI: done in 0.00662708 secs using 99.8% CPU
Optimizing NNI: done in 0.00627613 secs using 99.82% CPU
Optimizing NNI: done in 0.00492001 secs using 100% CPU
Optimizing NNI: done in 0.00244999 secs using 100% CPU
Iteration 380 / LogL: -556.564 / Time: 0h:0m:5s (0h:0m:0s left)
Optimizing NNI: done in 0.00735903 secs using 99.88% CPU
Optimizing NNI: done in 0.00393295 secs using 100% CPU
Optimizing NNI: done in 0.00183201 secs using 99.94% CPU
Optimizing NNI: done in 0.0220921 secs using 45.73% CPU
Optimizing NNI: done in 0.0165219 secs using 27.32% CPU
Optimizing NNI: done in 0.00273299 secs using 99.96% CPU
Optimizing NNI: done in 0.0236971 secs using 39.81% CPU
Optimizing NNI: done in 0.00887108 secs using 99.8% CPU
Optimizing NNI: done in 0.00537205 secs using 99.79% CPU
Optimizing NNI: done in 0.00689292 secs using 99.89% CPU
Iteration 390 / LogL: -556.565 / Time: 0h:0m:5s (0h:0m:0s left)
Optimizing NNI: done in 0.004004 secs using 100% CPU
Optimizing NNI: done in 0.00695705 secs using 99.81% CPU
Optimizing NNI: done in 0.00455999 secs using 99.76% CPU
Optimizing NNI: done in 0.00593781 secs using 99.67% CPU
Optimizing NNI: done in 0.00596595 secs using 100% CPU
Optimizing NNI: done in 0.00863814 secs using 99.85% CPU
UPDATE BEST LOG-LIKELIHOOD: -556.564
Optimizing NNI: done in 0.00918698 secs using 99.76% CPU
Optimizing NNI: done in 0.00593185 secs using 99.78% CPU
Optimizing NNI: done in 0.00310302 secs using 99.97% CPU
Optimizing NNI: done in 0.00321794 secs using 99.97% CPU
UPDATE BEST LOG-LIKELIHOOD: -556.564
Iteration 400 / LogL: -556.564 / Time: 0h:0m:5s (0h:0m:0s left)
Log-likelihood cutoff on original alignment: -564.092
NOTE: Bootstrap correlation coefficient of split occurrence frequencies: 0.939
NOTE: UFBoot does not converge, continue at least 100 more iterations
Optimizing NNI: done in 0.003196 secs using 99.75% CPU
Optimizing NNI: done in 0.00570798 secs using 99.72% CPU
Optimizing NNI: done in 0.00638318 secs using 99.78% CPU
Optimizing NNI: done in 0.0107541 secs using 99.88% CPU
Optimizing NNI: done in 0.00525713 secs using 99.75% CPU
Optimizing NNI: done in 0.00319409 secs using 99.93% CPU
Optimizing NNI: done in 0.00543189 secs using 100% CPU
Optimizing NNI: done in 0.012356 secs using 99.91% CPU
Optimizing NNI: done in 0.002913 secs using 100% CPU
Optimizing NNI: done in 0.00626302 secs using 99.82% CPU
Iteration 410 / LogL: -556.564 / Time: 0h:0m:5s (0h:0m:1s left)
Optimizing NNI: done in 0.00598502 secs using 99.77% CPU
Optimizing NNI: done in 0.00629401 secs using 99.78% CPU
Optimizing NNI: done in 0.00302005 secs using 100% CPU
Optimizing NNI: done in 0.00599003 secs using 99.73% CPU
Optimizing NNI: done in 0.00481319 secs using 99.75% CPU
Optimizing NNI: done in 0.00613093 secs using 99.79% CPU
Optimizing NNI: done in 0.00805497 secs using 99.73% CPU
Optimizing NNI: done in 0.00925398 secs using 99.89% CPU
Optimizing NNI: done in 0.00616503 secs using 100% CPU
Optimizing NNI: done in 0.00301385 secs using 100% CPU
Iteration 420 / LogL: -556.564 / Time: 0h:0m:5s (0h:0m:1s left)
Optimizing NNI: done in 0.00314283 secs using 99.69% CPU
UPDATE BEST LOG-LIKELIHOOD: -556.564
Optimizing NNI: done in 0.00593805 secs using 100% CPU
Optimizing NNI: done in 0.00547981 secs using 99.8% CPU
Optimizing NNI: done in 0.00302005 secs using 99.47% CPU
Optimizing NNI: done in 0.00569391 secs using 99.76% CPU
Optimizing NNI: done in 0.00277996 secs using 100% CPU
Optimizing NNI: done in 0.005795 secs using 100% CPU
Optimizing NNI: done in 0.00311995 secs using 100% CPU
UPDATE BEST LOG-LIKELIHOOD: -556.564
Optimizing NNI: done in 0.00595593 secs using 99.78% CPU
Optimizing NNI: done in 0.005687 secs using 99.79% CPU
Iteration 430 / LogL: -557.980 / Time: 0h:0m:6s (0h:0m:0s left)
Optimizing NNI: done in 0.00283599 secs using 99.97% CPU
Optimizing NNI: done in 0.00625014 secs using 100% CPU
Optimizing NNI: done in 0.00609899 secs using 99.79% CPU
Optimizing NNI: done in 0.0118968 secs using 99.77% CPU
Optimizing NNI: done in 0.00941014 secs using 99.99% CPU
Optimizing NNI: done in 0.0053699 secs using 99.7% CPU
Optimizing NNI: done in 0.00921988 secs using 99.8% CPU
Optimizing NNI: done in 0.0110171 secs using 99.9% CPU
Optimizing NNI: done in 0.0060339 secs using 99.52% CPU
Optimizing NNI: done in 0.00638103 secs using 99.7% CPU
Iteration 440 / LogL: -557.980 / Time: 0h:0m:6s (0h:0m:0s left)
Optimizing NNI: done in 0.00854611 secs using 100% CPU
Optimizing NNI: done in 0.010474 secs using 99.88% CPU
Optimizing NNI: done in 0.00772119 secs using 99.83% CPU
Optimizing NNI: done in 0.00845814 secs using 100% CPU
Optimizing NNI: done in 0.00319982 secs using 99.72% CPU
Optimizing NNI: done in 0.00266385 secs using 100% CPU
Optimizing NNI: done in 0.0117579 secs using 99.87% CPU
Optimizing NNI: done in 0.0125828 secs using 99.92% CPU
Optimizing NNI: done in 0.00595808 secs using 99.81% CPU
Optimizing NNI: done in 0.00455594 secs using 99.98% CPU
Iteration 450 / LogL: -558.584 / Time: 0h:0m:6s (0h:0m:0s left)
Log-likelihood cutoff on original alignment: -564.092
Optimizing NNI: done in 0.00533414 secs using 99.98% CPU
Optimizing NNI: done in 0.0111589 secs using 99.89% CPU
Optimizing NNI: done in 0.00637484 secs using 99.78% CPU
Optimizing NNI: done in 0.012264 secs using 99.92% CPU
Optimizing NNI: done in 0.00492311 secs using 99.98% CPU
Optimizing NNI: done in 0.00531292 secs using 99.78% CPU
Optimizing NNI: done in 0.00796795 secs using 99.57% CPU
Optimizing NNI: done in 0.00487709 secs using 99.65% CPU
Optimizing NNI: done in 0.00916696 secs using 100% CPU
Optimizing NNI: done in 0.0044291 secs using 99.98% CPU
Iteration 460 / LogL: -556.564 / Time: 0h:0m:6s (0h:0m:0s left)
Optimizing NNI: done in 0.00318813 secs using 99.59% CPU
Optimizing NNI: done in 0.005198 secs using 99.96% CPU
Optimizing NNI: done in 0.00911403 secs using 99.81% CPU
Optimizing NNI: done in 0.00592399 secs using 99.98% CPU
Optimizing NNI: done in 0.00541592 secs using 99.82% CPU
Optimizing NNI: done in 0.00597811 secs using 100% CPU
Optimizing NNI: done in 0.00313497 secs using 100% CPU
Optimizing NNI: done in 0.00315809 secs using 100% CPU
Optimizing NNI: done in 0.00314116 secs using 99.96% CPU
Optimizing NNI: done in 0.00809503 secs using 99.84% CPU
Iteration 470 / LogL: -556.564 / Time: 0h:0m:6s (0h:0m:0s left)
Optimizing NNI: done in 0.00641894 secs using 99.74% CPU
Optimizing NNI: done in 0.00322199 secs using 100% CPU
Optimizing NNI: done in 0.005656 secs using 99.66% CPU
Optimizing NNI: done in 0.00319481 secs using 99.66% CPU
Optimizing NNI: done in 0.00315404 secs using 100% CPU
Optimizing NNI: done in 0.00323915 secs using 100% CPU
Optimizing NNI: done in 0.00317812 secs using 99.96% CPU
Optimizing NNI: done in 0.00573492 secs using 99.79% CPU
Optimizing NNI: done in 0.00543594 secs using 100% CPU
Optimizing NNI: done in 0.00586414 secs using 99.83% CPU
Iteration 480 / LogL: -556.564 / Time: 0h:0m:6s (0h:0m:0s left)
Optimizing NNI: done in 0.0205781 secs using 99.95% CPU
Optimizing NNI: done in 0.00302815 secs using 99.6% CPU
Optimizing NNI: done in 0.00806403 secs using 99.84% CPU
Optimizing NNI: done in 0.00518107 secs using 99.98% CPU
Optimizing NNI: done in 0.00870895 secs using 99.87% CPU
Optimizing NNI: done in 0.002846 secs using 100% CPU
Optimizing NNI: done in 0.00314498 secs using 100% CPU
Optimizing NNI: done in 0.00545788 secs using 99.82% CPU
Optimizing NNI: done in 0.00447893 secs using 99.78% CPU
Optimizing NNI: done in 0.00318694 secs using 100% CPU
Iteration 490 / LogL: -556.564 / Time: 0h:0m:7s (0h:0m:0s left)
Optimizing NNI: done in 0.00820088 secs using 99.9% CPU
Optimizing NNI: done in 0.00324011 secs using 99.69% CPU
Optimizing NNI: done in 0.00593305 secs using 99.97% CPU
Optimizing NNI: done in 0.00317907 secs using 99.75% CPU
Optimizing NNI: done in 0.00585222 secs using 100% CPU
Optimizing NNI: done in 0.00573206 secs using 99.84% CPU
Optimizing NNI: done in 0.00327015 secs using 100% CPU
Optimizing NNI: done in 0.00644493 secs using 100% CPU
Optimizing NNI: done in 0.00329709 secs using 100% CPU
Optimizing NNI: done in 0.00893402 secs using 99.88% CPU
Iteration 500 / LogL: -556.564 / Time: 0h:0m:7s (0h:0m:0s left)
Log-likelihood cutoff on original alignment: -565.389
NOTE: Bootstrap correlation coefficient of split occurrence frequencies: 0.957
NOTE: UFBoot does not converge, continue at least 100 more iterations
Optimizing NNI: done in 0.00322008 secs using 99.94% CPU
Optimizing NNI: done in 0.00590587 secs using 99.85% CPU
Optimizing NNI: done in 0.00704193 secs using 99.84% CPU
Optimizing NNI: done in 0.00544 secs using 99.78% CPU
Optimizing NNI: done in 0.006495 secs using 99.85% CPU
Optimizing NNI: done in 0.00934291 secs using 99.77% CPU
Optimizing NNI: done in 0.00850797 secs using 99.88% CPU
Optimizing NNI: done in 0.00876808 secs using 99.89% CPU
Optimizing NNI: done in 0.00299406 secs using 99.96% CPU
Optimizing NNI: done in 0.00610614 secs using 99.8% CPU
Iteration 510 / LogL: -556.564 / Time: 0h:0m:7s (0h:0m:1s left)
Optimizing NNI: done in 0.00560713 secs using 99.84% CPU
Optimizing NNI: done in 0.00632 secs using 99.81% CPU
Optimizing NNI: done in 0.00915694 secs using 100% CPU
Optimizing NNI: done in 0.00318098 secs using 99.69% CPU
Optimizing NNI: done in 0.00314593 secs using 100% CPU
Optimizing NNI: done in 0.00557113 secs using 99.84% CPU
Optimizing NNI: done in 0.00598907 secs using 99.82% CPU
Optimizing NNI: done in 0.00569892 secs using 100% CPU
Optimizing NNI: done in 0.00318813 secs using 100% CPU
Optimizing NNI: done in 0.00644302 secs using 99.78% CPU
Iteration 520 / LogL: -557.980 / Time: 0h:0m:7s (0h:0m:1s left)
Optimizing NNI: done in 0.0061121 secs using 100% CPU
Optimizing NNI: done in 0.00535512 secs using 99.83% CPU
Optimizing NNI: done in 0.012552 secs using 99.9% CPU
Optimizing NNI: done in 0.00278997 secs using 99.61% CPU
Optimizing NNI: done in 0.00595307 secs using 99.81% CPU
Optimizing NNI: done in 0.00297308 secs using 100% CPU
Optimizing NNI: done in 0.00319505 secs using 100% CPU
Optimizing NNI: done in 0.00794101 secs using 100% CPU
Optimizing NNI: done in 0.00550699 secs using 99.85% CPU
Optimizing NNI: done in 0.00318885 secs using 100% CPU
Iteration 530 / LogL: -556.564 / Time: 0h:0m:7s (0h:0m:1s left)
Optimizing NNI: done in 0.00836587 secs using 99.86% CPU
Optimizing NNI: done in 0.00320911 secs using 99.65% CPU
Optimizing NNI: done in 0.00603604 secs using 100% CPU
Optimizing NNI: done in 0.00278592 secs using 99.72% CPU
Optimizing NNI: done in 0.00890899 secs using 99.89% CPU
Optimizing NNI: done in 0.00518799 secs using 100% CPU
Optimizing NNI: done in 0.00272298 secs using 100% CPU
Optimizing NNI: done in 0.00646687 secs using 99.99% CPU
Optimizing NNI: done in 0.00606799 secs using 99.85% CPU
Optimizing NNI: done in 0.00316286 secs using 99.62% CPU
Iteration 540 / LogL: -556.564 / Time: 0h:0m:7s (0h:0m:0s left)
Optimizing NNI: done in 0.0064199 secs using 99.81% CPU
Optimizing NNI: done in 0.00510001 secs using 99.67% CPU
Optimizing NNI: done in 0.00549984 secs using 99.75% CPU
Optimizing NNI: done in 0.00950789 secs using 99.87% CPU
Optimizing NNI: done in 0.00351 secs using 99.97% CPU
Optimizing NNI: done in 0.00331092 secs using 98.85% CPU
Optimizing NNI: done in 0.00534987 secs using 99.8% CPU
Optimizing NNI: done in 0.00535202 secs using 100% CPU
Optimizing NNI: done in 0.00832415 secs using 99.99% CPU
Optimizing NNI: done in 0.0058279 secs using 99.8% CPU
Iteration 550 / LogL: -556.564 / Time: 0h:0m:8s (0h:0m:0s left)
Log-likelihood cutoff on original alignment: -566.874
Optimizing NNI: done in 0.0028348 secs using 99.97% CPU
UPDATE BEST LOG-LIKELIHOOD: -556.564
Optimizing NNI: done in 0.00543499 secs using 100% CPU
Optimizing NNI: done in 0.00281596 secs using 99.5% CPU
Optimizing NNI: done in 0.00557399 secs using 99.86% CPU
Optimizing NNI: done in 0.00990891 secs using 99.89% CPU
Optimizing NNI: done in 0.00875878 secs using 99.88% CPU
Optimizing NNI: done in 0.00973701 secs using 99.99% CPU
Optimizing NNI: done in 0.00281811 secs using 99.96% CPU
Optimizing NNI: done in 0.00773001 secs using 99.86% CPU
Optimizing NNI: done in 0.0053091 secs using 99.77% CPU
Iteration 560 / LogL: -556.564 / Time: 0h:0m:8s (0h:0m:0s left)
Optimizing NNI: done in 0.00280285 secs using 100% CPU
Optimizing NNI: done in 0.0030551 secs using 99.57% CPU
Optimizing NNI: done in 0.00532794 secs using 99.81% CPU
Optimizing NNI: done in 0.00531507 secs using 100% CPU
Optimizing NNI: done in 0.00513101 secs using 100% CPU
Optimizing NNI: done in 0.00802994 secs using 99.88% CPU
Optimizing NNI: done in 0.00281215 secs using 99.96% CPU
Optimizing NNI: done in 0.00629306 secs using 99.81% CPU
Optimizing NNI: done in 0.00474215 secs using 99.95% CPU
Optimizing NNI: done in 0.00270891 secs using 99.56% CPU
Iteration 570 / LogL: -556.564 / Time: 0h:0m:8s (0h:0m:0s left)
Optimizing NNI: done in 0.00305986 secs using 99.97% CPU
Optimizing NNI: done in 0.00551295 secs using 100% CPU
Optimizing NNI: done in 0.00608015 secs using 99.85% CPU
Optimizing NNI: done in 0.00571299 secs using 99.81% CPU
Optimizing NNI: done in 0.00285196 secs using 100% CPU
Optimizing NNI: done in 0.00303102 secs using 100% CPU
Optimizing NNI: done in 0.0059731 secs using 99.8% CPU
Optimizing NNI: done in 0.0055511 secs using 99.98% CPU
Optimizing NNI: done in 0.005445 secs using 100% CPU
Optimizing NNI: done in 0.00829101 secs using 99.86% CPU
Iteration 580 / LogL: -556.564 / Time: 0h:0m:8s (0h:0m:0s left)
Optimizing NNI: done in 0.00552106 secs using 100% CPU
Optimizing NNI: done in 0.00311112 secs using 99.64% CPU
Optimizing NNI: done in 0.00300384 secs using 100% CPU
Optimizing NNI: done in 0.00238085 secs using 99.96% CPU
Optimizing NNI: done in 0.00580382 secs using 99.69% CPU
Optimizing NNI: done in 0.00277495 secs using 100% CPU
Optimizing NNI: done in 0.00480795 secs using 99.71% CPU
Optimizing NNI: done in 0.00594902 secs using 99.95% CPU
Optimizing NNI: done in 0.00568295 secs using 99.82% CPU
Optimizing NNI: done in 0.0116241 secs using 99.91% CPU
Iteration 590 / LogL: -556.564 / Time: 0h:0m:8s (0h:0m:0s left)
Optimizing NNI: done in 0.0100369 secs using 99.84% CPU
Optimizing NNI: done in 0.00587106 secs using 99.78% CPU
Optimizing NNI: done in 0.00868893 secs using 99.87% CPU
Optimizing NNI: done in 0.00509501 secs using 99.74% CPU
Optimizing NNI: done in 0.00524998 secs using 99.79% CPU
Optimizing NNI: done in 0.00277305 secs using 100% CPU
Optimizing NNI: done in 0.00243092 secs using 99.59% CPU
Optimizing NNI: done in 0.00789881 secs using 99.86% CPU
Optimizing NNI: done in 0.00560021 secs using 100% CPU
Optimizing NNI: done in 0.00629401 secs using 99.81% CPU
Iteration 600 / LogL: -556.564 / Time: 0h:0m:8s (0h:0m:0s left)
Log-likelihood cutoff on original alignment: -567.884
NOTE: Bootstrap correlation coefficient of split occurrence frequencies: 0.959
NOTE: UFBoot does not converge, continue at least 100 more iterations
Optimizing NNI: done in 0.00281 secs using 99.96% CPU
Optimizing NNI: done in 0.00304413 secs using 100% CPU
Optimizing NNI: done in 0.00779605 secs using 99.86% CPU
Optimizing NNI: done in 0.00268388 secs using 100% CPU
Optimizing NNI: done in 0.00608492 secs using 99.82% CPU
Optimizing NNI: done in 0.00555015 secs using 99.73% CPU
Optimizing NNI: done in 0.00582695 secs using 99.74% CPU
Optimizing NNI: done in 0.00284386 secs using 99.97% CPU
Optimizing NNI: done in 0.00604105 secs using 99.78% CPU
Optimizing NNI: done in 0.0110211 secs using 99.89% CPU
Iteration 610 / LogL: -556.564 / Time: 0h:0m:9s (0h:0m:1s left)
Optimizing NNI: done in 0.00918484 secs using 99.83% CPU
Optimizing NNI: done in 0.00896597 secs using 99.87% CPU
Optimizing NNI: done in 0.00828218 secs using 100% CPU
Optimizing NNI: done in 0.00294089 secs using 100% CPU
Optimizing NNI: done in 0.00674701 secs using 100% CPU
Optimizing NNI: done in 0.00239706 secs using 100% CPU
Optimizing NNI: done in 0.00567293 secs using 100% CPU
Optimizing NNI: done in 0.00278783 secs using 99.97% CPU
Optimizing NNI: done in 0.00609112 secs using 99.8% CPU
Optimizing NNI: done in 0.00578189 secs using 99.98% CPU
Iteration 620 / LogL: -556.564 / Time: 0h:0m:9s (0h:0m:1s left)
Optimizing NNI: done in 0.00533581 secs using 100% CPU
Optimizing NNI: done in 0.00286913 secs using 99.65% CPU
Optimizing NNI: done in 0.00766802 secs using 99.84% CPU
Optimizing NNI: done in 0.0031321 secs using 100% CPU
Optimizing NNI: done in 0.00815487 secs using 99.85% CPU
Optimizing NNI: done in 0.00615978 secs using 99.97% CPU
Optimizing NNI: done in 0.00305915 secs using 100% CPU
Optimizing NNI: done in 0.00281501 secs using 99.96% CPU
Optimizing NNI: done in 0.00285816 secs using 99.99% CPU
Optimizing NNI: done in 0.00566506 secs using 99.98% CPU
Iteration 630 / LogL: -556.564 / Time: 0h:0m:9s (0h:0m:1s left)
Optimizing NNI: done in 0.00289083 secs using 99.56% CPU
Optimizing NNI: done in 0.011503 secs using 99.88% CPU
Optimizing NNI: done in 0.00813103 secs using 99.88% CPU
Optimizing NNI: done in 0.00561786 secs using 100% CPU
Optimizing NNI: done in 0.0100501 secs using 99.87% CPU
Optimizing NNI: done in 0.00566411 secs using 99.98% CPU
Optimizing NNI: done in 0.00299692 secs using 100% CPU
Optimizing NNI: done in 0.00778604 secs using 99.99% CPU
Optimizing NNI: done in 0.00267696 secs using 99.4% CPU
Optimizing NNI: done in 0.00281286 secs using 100% CPU
Iteration 640 / LogL: -556.564 / Time: 0h:0m:9s (0h:0m:0s left)
Optimizing NNI: done in 0.00807095 secs using 99.86% CPU
Optimizing NNI: done in 0.00563598 secs using 99.98% CPU
Optimizing NNI: done in 0.00274801 secs using 99.96% CPU
Optimizing NNI: done in 0.00624895 secs using 100% CPU
Optimizing NNI: done in 0.00508094 secs using 99.8% CPU
Optimizing NNI: done in 0.00280786 secs using 99.61% CPU
Optimizing NNI: done in 0.00886583 secs using 99.86% CPU
Optimizing NNI: done in 0.00769019 secs using 99.87% CPU
Optimizing NNI: done in 0.00591803 secs using 100% CPU
Optimizing NNI: done in 0.00283813 secs using 99.64% CPU
Iteration 650 / LogL: -556.564 / Time: 0h:0m:9s (0h:0m:0s left)
Log-likelihood cutoff on original alignment: -567.795
Optimizing NNI: done in 0.00527811 secs using 100% CPU
Optimizing NNI: done in 0.00271988 secs using 100% CPU
Optimizing NNI: done in 0.00605512 secs using 99.77% CPU
Optimizing NNI: done in 0.00869203 secs using 99.82% CPU
Optimizing NNI: done in 0.00556183 secs using 99.79% CPU
Optimizing NNI: done in 0.00527406 secs using 99.83% CPU
Optimizing NNI: done in 0.00448489 secs using 99.76% CPU
Optimizing NNI: done in 0.00538492 secs using 100% CPU
Optimizing NNI: done in 0.0122421 secs using 99.92% CPU
Optimizing NNI: done in 0.00309706 secs using 100.1% CPU
Iteration 660 / LogL: -556.564 / Time: 0h:0m:10s (0h:0m:0s left)
Optimizing NNI: done in 0.00897288 secs using 99.88% CPU
UPDATE BEST LOG-LIKELIHOOD: -556.564
Optimizing NNI: done in 0.00299096 secs using 100% CPU
Optimizing NNI: done in 0.00623894 secs using 100% CPU
Optimizing NNI: done in 0.00490689 secs using 100% CPU
Optimizing NNI: done in 0.00174999 secs using 100% CPU
Optimizing NNI: done in 0.00504088 secs using 99.76% CPU
Optimizing NNI: done in 0.00565004 secs using 99.79% CPU
Optimizing NNI: done in 0.00919485 secs using 99.88% CPU
Optimizing NNI: done in 0.00880408 secs using 99.82% CPU
Optimizing NNI: done in 0.0096159 secs using 99.86% CPU
Iteration 670 / LogL: -557.980 / Time: 0h:0m:10s (0h:0m:0s left)
Optimizing NNI: done in 0.00899601 secs using 99.87% CPU
Optimizing NNI: done in 0.00324488 secs using 100% CPU
Optimizing NNI: done in 0.00932097 secs using 99.86% CPU
Optimizing NNI: done in 0.00968003 secs using 100% CPU
Optimizing NNI: done in 0.00725102 secs using 100% CPU
Optimizing NNI: done in 0.00623512 secs using 99.77% CPU
Optimizing NNI: done in 0.00336099 secs using 99.67% CPU
Optimizing NNI: done in 0.00344706 secs using 99.97% CPU
Optimizing NNI: done in 0.00562 secs using 99.72% CPU
Optimizing NNI: done in 0.00586605 secs using 99.71% CPU
Iteration 680 / LogL: -556.564 / Time: 0h:0m:10s (0h:0m:0s left)
Optimizing NNI: done in 0.00985789 secs using 99.81% CPU
Optimizing NNI: done in 0.005656 secs using 99.7% CPU
Optimizing NNI: done in 0.00652909 secs using 99.68% CPU
Optimizing NNI: done in 0.00917196 secs using 68.93% CPU
Optimizing NNI: done in 0.00285101 secs using 99.61% CPU
Optimizing NNI: done in 0.00340009 secs using 100% CPU
Optimizing NNI: done in 0.0057981 secs using 99.62% CPU
Optimizing NNI: done in 0.00967312 secs using 99.85% CPU
Optimizing NNI: done in 0.00343204 secs using 100% CPU
Optimizing NNI: done in 0.00342298 secs using 99.21% CPU
Iteration 690 / LogL: -556.564 / Time: 0h:0m:10s (0h:0m:0s left)
Optimizing NNI: done in 0.00337195 secs using 99.97% CPU
Optimizing NNI: done in 0.00680304 secs using 99.72% CPU
Optimizing NNI: done in 0.00325799 secs using 100% CPU
Optimizing NNI: done in 0.00339603 secs using 100% CPU
Optimizing NNI: done in 0.00646114 secs using 99.8% CPU
Optimizing NNI: done in 0.00691485 secs using 99.79% CPU
Optimizing NNI: done in 0.006742 secs using 99.84% CPU
Optimizing NNI: done in 0.006459 secs using 99.85% CPU
Optimizing NNI: done in 0.00629711 secs using 100% CPU
Optimizing NNI: done in 0.00340891 secs using 99.97% CPU
UPDATE BEST LOG-LIKELIHOOD: -556.564
Iteration 700 / LogL: -556.564 / Time: 0h:0m:10s (0h:0m:0s left)
Log-likelihood cutoff on original alignment: -567.854
NOTE: Bootstrap correlation coefficient of split occurrence frequencies: 0.977
NOTE: UFBoot does not converge, continue at least 100 more iterations
Optimizing NNI: done in 0.00653505 secs using 99.75% CPU
Optimizing NNI: done in 0.013392 secs using 99.59% CPU
Optimizing NNI: done in 0.00990605 secs using 99.84% CPU
Optimizing NNI: done in 0.0028491 secs using 99.43% CPU
Optimizing NNI: done in 0.0122552 secs using 99.89% CPU
Optimizing NNI: done in 0.00681496 secs using 99.8% CPU
Optimizing NNI: done in 0.00332189 secs using 99.97% CPU
Optimizing NNI: done in 0.00683117 secs using 99.98% CPU
Optimizing NNI: done in 0.00967002 secs using 99.86% CPU
Optimizing NNI: done in 0.00975895 secs using 99.87% CPU
Iteration 710 / LogL: -556.564 / Time: 0h:0m:11s (0h:0m:1s left)
Optimizing NNI: done in 0.00331903 secs using 100% CPU
Optimizing NNI: done in 0.010062 secs using 99.84% CPU
Optimizing NNI: done in 0.00701404 secs using 99.84% CPU
Optimizing NNI: done in 0.00339603 secs using 99.53% CPU
Optimizing NNI: done in 0.0131791 secs using 99.81% CPU
Optimizing NNI: done in 0.00965905 secs using 99.85% CPU
Optimizing NNI: done in 0.00342798 secs using 99.56% CPU
UPDATE BEST LOG-LIKELIHOOD: -556.564
Optimizing NNI: done in 0.00834179 secs using 99.75% CPU
Optimizing NNI: done in 0.00950789 secs using 99.86% CPU
Optimizing NNI: done in 0.00983191 secs using 100% CPU
Iteration 720 / LogL: -556.564 / Time: 0h:0m:11s (0h:0m:1s left)
Optimizing NNI: done in 0.00653505 secs using 99.72% CPU
Optimizing NNI: done in 0.00581002 secs using 99.79% CPU
Optimizing NNI: done in 0.00630379 secs using 100% CPU
Optimizing NNI: done in 0.00590301 secs using 100% CPU
Optimizing NNI: done in 0.00936699 secs using 99.86% CPU
Optimizing NNI: done in 0.00351405 secs using 99.63% CPU
Optimizing NNI: done in 0.00689602 secs using 100% CPU
Optimizing NNI: done in 0.0034039 secs using 99.97% CPU
UPDATE BEST LOG-LIKELIHOOD: -556.564
Optimizing NNI: done in 0.00959301 secs using 99.84% CPU
Optimizing NNI: done in 0.00651193 secs using 99.26% CPU
Iteration 730 / LogL: -556.564 / Time: 0h:0m:11s (0h:0m:1s left)
Optimizing NNI: done in 0.00684905 secs using 100% CPU
Optimizing NNI: done in 0.0065639 secs using 99.79% CPU
Optimizing NNI: done in 0.00693011 secs using 99.8% CPU
Optimizing NNI: done in 0.00336313 secs using 100% CPU
Optimizing NNI: done in 0.00664783 secs using 99.81% CPU
Optimizing NNI: done in 0.00901198 secs using 99.81% CPU
Optimizing NNI: done in 0.00609016 secs using 99.75% CPU
Optimizing NNI: done in 0.00328588 secs using 100% CPU
Optimizing NNI: done in 0.00583291 secs using 99.8% CPU
Optimizing NNI: done in 0.00640512 secs using 99.76% CPU
Iteration 740 / LogL: -556.564 / Time: 0h:0m:11s (0h:0m:0s left)
Optimizing NNI: done in 0.00339794 secs using 100% CPU
Optimizing NNI: done in 0.00323701 secs using 99.97% CPU
Optimizing NNI: done in 0.00650096 secs using 99.69% CPU
Optimizing NNI: done in 0.0103509 secs using 99.84% CPU
Optimizing NNI: done in 0.00344706 secs using 100% CPU
Optimizing NNI: done in 0.00999188 secs using 99.71% CPU
Optimizing NNI: done in 0.00951481 secs using 99.82% CPU
Optimizing NNI: done in 0.00923204 secs using 99.86% CPU
Optimizing NNI: done in 0.00917292 secs using 99.85% CPU
Optimizing NNI: done in 0.00340796 secs using 99.53% CPU
UPDATE BEST LOG-LIKELIHOOD: -556.564
Iteration 750 / LogL: -556.564 / Time: 0h:0m:12s (0h:0m:0s left)
Log-likelihood cutoff on original alignment: -567.858
Optimizing NNI: done in 0.00334311 secs using 99.97% CPU
Optimizing NNI: done in 0.00579309 secs using 99.69% CPU
Optimizing NNI: done in 0.00579715 secs using 99.98% CPU
Optimizing NNI: done in 0.00283194 secs using 99.97% CPU
Optimizing NNI: done in 0.00597191 secs using 99.95% CPU
Optimizing NNI: done in 0.00786519 secs using 99.78% CPU
Optimizing NNI: done in 0.00897193 secs using 99.82% CPU
Optimizing NNI: done in 0.00674605 secs using 99.98% CPU
Optimizing NNI: done in 0.00586796 secs using 99.98% CPU
Optimizing NNI: done in 0.00612092 secs using 99.77% CPU
Iteration 760 / LogL: -556.564 / Time: 0h:0m:12s (0h:0m:0s left)
Optimizing NNI: done in 0.00640202 secs using 99.86% CPU
Optimizing NNI: done in 0.00334001 secs using 100% CPU
Optimizing NNI: done in 0.00283217 secs using 99.99% CPU
UPDATE BEST LOG-LIKELIHOOD: -556.564
Optimizing NNI: done in 0.009444 secs using 99.81% CPU
Optimizing NNI: done in 0.00972795 secs using 99.57% CPU
Optimizing NNI: done in 0.00315714 secs using 100% CPU
Optimizing NNI: done in 0.00905704 secs using 99.87% CPU
Optimizing NNI: done in 0.00883293 secs using 99.76% CPU
Optimizing NNI: done in 0.00613999 secs using 99.98% CPU
Optimizing NNI: done in 0.00959897 secs using 99.68% CPU
Iteration 770 / LogL: -556.565 / Time: 0h:0m:12s (0h:0m:0s left)
Optimizing NNI: done in 0.0122468 secs using 99.88% CPU
Optimizing NNI: done in 0.00917292 secs using 99.85% CPU
Optimizing NNI: done in 0.00534296 secs using 99.98% CPU
Optimizing NNI: done in 0.00286412 secs using 99.96% CPU
Optimizing NNI: done in 0.00642896 secs using 99.21% CPU
Optimizing NNI: done in 0.00253797 secs using 99.37% CPU
Optimizing NNI: done in 0.00337505 secs using 99.94% CPU
Optimizing NNI: done in 0.00973916 secs using 99.86% CPU
Optimizing NNI: done in 0.00339413 secs using 99.97% CPU
Optimizing NNI: done in 0.00587392 secs using 100% CPU
Iteration 780 / LogL: -558.584 / Time: 0h:0m:12s (0h:0m:0s left)
Optimizing NNI: done in 0.00675392 secs using 99.78% CPU
Optimizing NNI: done in 0.00337696 secs using 99.59% CPU
Optimizing NNI: done in 0.00955915 secs using 99.84% CPU
Optimizing NNI: done in 0.00510192 secs using 99.96% CPU
Optimizing NNI: done in 0.00627899 secs using 99.98% CPU
Optimizing NNI: done in 0.00622797 secs using 99.74% CPU
Optimizing NNI: done in 0.00320792 secs using 99.5% CPU
Optimizing NNI: done in 0.00666595 secs using 99.81% CPU
Optimizing NNI: done in 0.00959897 secs using 99.99% CPU
Optimizing NNI: done in 0.00821805 secs using 99.84% CPU
Iteration 790 / LogL: -556.581 / Time: 0h:0m:12s (0h:0m:0s left)
Optimizing NNI: done in 0.00868082 secs using 99.85% CPU
Optimizing NNI: done in 0.013036 secs using 99.79% CPU
Optimizing NNI: done in 0.0034709 secs using 100% CPU
Optimizing NNI: done in 0.00974417 secs using 99.85% CPU
Optimizing NNI: done in 0.00286293 secs using 100.1% CPU
Optimizing NNI: done in 0.00647211 secs using 99.8% CPU
Optimizing NNI: done in 0.00874591 secs using 99.81% CPU
Optimizing NNI: done in 0.011771 secs using 99.87% CPU
Optimizing NNI: done in 0.00566506 secs using 99.75% CPU
Optimizing NNI: done in 0.0052321 secs using 99.71% CPU
Iteration 800 / LogL: -556.564 / Time: 0h:0m:13s (0h:0m:0s left)
Log-likelihood cutoff on original alignment: -567.854
NOTE: Bootstrap correlation coefficient of split occurrence frequencies: 0.977
NOTE: UFBoot does not converge, continue at least 100 more iterations
Optimizing NNI: done in 0.00643206 secs using 99.78% CPU
Optimizing NNI: done in 0.00344706 secs using 99.97% CPU
Optimizing NNI: done in 0.00890493 secs using 99.84% CPU
Optimizing NNI: done in 0.00872087 secs using 99.83% CPU
Optimizing NNI: done in 0.0100291 secs using 99.85% CPU
Optimizing NNI: done in 0.00999808 secs using 99.83% CPU
Optimizing NNI: done in 0.00342607 secs using 100.1% CPU
Optimizing NNI: done in 0.00651479 secs using 99.5% CPU
Optimizing NNI: done in 0.00674605 secs using 99.78% CPU
Optimizing NNI: done in 0.00637889 secs using 100% CPU
Iteration 810 / LogL: -556.564 / Time: 0h:0m:13s (0h:0m:1s left)
Optimizing NNI: done in 0.00574088 secs using 99.62% CPU
Optimizing NNI: done in 0.00683212 secs using 100% CPU
Optimizing NNI: done in 0.0051651 secs using 99.73% CPU
Optimizing NNI: done in 0.00632787 secs using 100% CPU
Optimizing NNI: done in 0.00982189 secs using 99.84% CPU
Optimizing NNI: done in 0.00676894 secs using 99.81% CPU
Optimizing NNI: done in 0.00352693 secs using 100% CPU
Optimizing NNI: done in 0.0033989 secs using 99.97% CPU
Optimizing NNI: done in 0.00655508 secs using 99.75% CPU
Optimizing NNI: done in 0.00316715 secs using 99.27% CPU
Iteration 820 / LogL: -556.564 / Time: 0h:0m:13s (0h:0m:1s left)
Optimizing NNI: done in 0.00585794 secs using 99.98% CPU
Optimizing NNI: done in 0.00619197 secs using 99.77% CPU
Optimizing NNI: done in 0.00608706 secs using 99.77% CPU
Optimizing NNI: done in 0.01262 secs using 99.9% CPU
Optimizing NNI: done in 0.00659919 secs using 99.8% CPU
Optimizing NNI: done in 0.00345588 secs using 100% CPU
Optimizing NNI: done in 0.00673795 secs using 99.82% CPU
Optimizing NNI: done in 0.00631785 secs using 100% CPU
Optimizing NNI: done in 0.0134058 secs using 99.78% CPU
Optimizing NNI: done in 0.00666213 secs using 100% CPU
Iteration 830 / LogL: -556.564 / Time: 0h:0m:13s (0h:0m:1s left)
Optimizing NNI: done in 0.00520492 secs using 99.96% CPU
Optimizing NNI: done in 0.00540519 secs using 99.94% CPU
Optimizing NNI: done in 0.00956011 secs using 99.99% CPU
Optimizing NNI: done in 0.00646377 secs using 99.79% CPU
Optimizing NNI: done in 0.00681806 secs using 99.82% CPU
Optimizing NNI: done in 0.00880909 secs using 99.86% CPU
Optimizing NNI: done in 0.00664711 secs using 99.76% CPU
Optimizing NNI: done in 0.00925994 secs using 99.85% CPU
Optimizing NNI: done in 0.00964212 secs using 100% CPU
Optimizing NNI: done in 0.00588703 secs using 99.71% CPU
Iteration 840 / LogL: -556.564 / Time: 0h:0m:14s (0h:0m:1s left)
Optimizing NNI: done in 0.00673199 secs using 99.79% CPU
Optimizing NNI: done in 0.0123789 secs using 99.86% CPU
Optimizing NNI: done in 0.00335813 secs using 100% CPU
Optimizing NNI: done in 0.00289202 secs using 99.93% CPU
Optimizing NNI: done in 0.00337601 secs using 100% CPU
Optimizing NNI: done in 0.0120399 secs using 99.88% CPU
Optimizing NNI: done in 0.00890589 secs using 100% CPU
Optimizing NNI: done in 0.00649595 secs using 100% CPU
Optimizing NNI: done in 0.0110772 secs using 99.88% CPU
Optimizing NNI: done in 0.00999498 secs using 99.87% CPU
Iteration 850 / LogL: -556.564 / Time: 0h:0m:14s (0h:0m:0s left)
Log-likelihood cutoff on original alignment: -567.795
Optimizing NNI: done in 0.00974107 secs using 99.87% CPU
Optimizing NNI: done in 0.003232 secs using 100% CPU
Optimizing NNI: done in 0.00995588 secs using 99.78% CPU
Optimizing NNI: done in 0.00673103 secs using 99.76% CPU
Optimizing NNI: done in 0.00652814 secs using 99.98% CPU
Optimizing NNI: done in 0.00660706 secs using 99.82% CPU
Optimizing NNI: done in 0.0034349 secs using 99.54% CPU
Optimizing NNI: done in 0.00342488 secs using 99.51% CPU
Optimizing NNI: done in 0.00516987 secs using 99.69% CPU
Optimizing NNI: done in 0.00634909 secs using 99.83% CPU
Iteration 860 / LogL: -556.564 / Time: 0h:0m:14s (0h:0m:0s left)
Optimizing NNI: done in 0.005615 secs using 99.77% CPU
Optimizing NNI: done in 0.00329709 secs using 100% CPU
Optimizing NNI: done in 0.0033741 secs using 99.97% CPU
Optimizing NNI: done in 0.00933695 secs using 99.83% CPU
Optimizing NNI: done in 0.0033102 secs using 99.99% CPU
Optimizing NNI: done in 0.00591803 secs using 100% CPU
Optimizing NNI: done in 0.0067482 secs using 100% CPU
Optimizing NNI: done in 0.00924706 secs using 99.85% CPU
Optimizing NNI: done in 0.00654888 secs using 99.77% CPU
Optimizing NNI: done in 0.00341606 secs using 99.59% CPU
Iteration 870 / LogL: -556.564 / Time: 0h:0m:14s (0h:0m:0s left)
Optimizing NNI: done in 0.00674105 secs using 99.78% CPU
Optimizing NNI: done in 0.00665283 secs using 99.99% CPU
Optimizing NNI: done in 0.00625706 secs using 100% CPU
Optimizing NNI: done in 0.00335503 secs using 99.94% CPU
Optimizing NNI: done in 0.00643587 secs using 100% CPU
Optimizing NNI: done in 0.00335312 secs using 99.97% CPU
Optimizing NNI: done in 0.00329399 secs using 99.94% CPU
UPDATE BEST LOG-LIKELIHOOD: -556.564
Optimizing NNI: done in 0.00606203 secs using 99.98% CPU
Optimizing NNI: done in 0.00333691 secs using 99.61% CPU
Optimizing NNI: done in 0.00956988 secs using 99.87% CPU
Iteration 880 / LogL: -557.980 / Time: 0h:0m:15s (0h:0m:0s left)
Optimizing NNI: done in 0.00625205 secs using 99.98% CPU
Optimizing NNI: done in 0.00930905 secs using 99.85% CPU
Optimizing NNI: done in 0.00945592 secs using 99.84% CPU
Optimizing NNI: done in 0.00964808 secs using 99.69% CPU
Optimizing NNI: done in 0.00334692 secs using 99.32% CPU
Optimizing NNI: done in 0.00334311 secs using 99.97% CPU
Optimizing NNI: done in 0.00626707 secs using 100% CPU
Optimizing NNI: done in 0.00913692 secs using 99.84% CPU
Optimizing NNI: done in 0.00622916 secs using 99.71% CPU
Optimizing NNI: done in 0.00660491 secs using 99.76% CPU
Iteration 890 / LogL: -556.564 / Time: 0h:0m:15s (0h:0m:0s left)
Optimizing NNI: done in 0.00608301 secs using 99.75% CPU
Optimizing NNI: done in 0.00335288 secs using 99.62% CPU
Optimizing NNI: done in 0.00336909 secs using 99.4% CPU
Optimizing NNI: done in 0.00338602 secs using 99.53% CPU
Optimizing NNI: done in 0.00675201 secs using 99.81% CPU
Optimizing NNI: done in 0.00336313 secs using 99.64% CPU
Optimizing NNI: done in 0.013011 secs using 99.84% CPU
Optimizing NNI: done in 0.0064621 secs using 99.86% CPU
Optimizing NNI: done in 0.00654817 secs using 100% CPU
Optimizing NNI: done in 0.00781012 secs using 99.86% CPU
Iteration 900 / LogL: -556.565 / Time: 0h:0m:15s (0h:0m:0s left)
Log-likelihood cutoff on original alignment: -567.858
NOTE: Bootstrap correlation coefficient of split occurrence frequencies: 0.937
NOTE: UFBoot does not converge, continue at least 100 more iterations
Optimizing NNI: done in 0.00327802 secs using 99.76% CPU
Optimizing NNI: done in 0.00539017 secs using 99.96% CPU
Optimizing NNI: done in 0.00347281 secs using 99.92% CPU
Optimizing NNI: done in 0.010185 secs using 99.85% CPU
Optimizing NNI: done in 0.00340915 secs using 99.97% CPU
Optimizing NNI: done in 0.00934792 secs using 99.69% CPU
Optimizing NNI: done in 0.00344896 secs using 100% CPU
Optimizing NNI: done in 0.00611401 secs using 99.74% CPU
Optimizing NNI: done in 0.00663495 secs using 99.83% CPU
Optimizing NNI: done in 0.0164411 secs using 99.92% CPU
Iteration 910 / LogL: -556.564 / Time: 0h:0m:15s (0h:0m:1s left)
Optimizing NNI: done in 0.00656295 secs using 100% CPU
Optimizing NNI: done in 0.00341082 secs using 99.98% CPU
Optimizing NNI: done in 0.00698304 secs using 99.74% CPU
Optimizing NNI: done in 0.00331712 secs using 99.94% CPU
Optimizing NNI: done in 0.0088582 secs using 99.46% CPU
Optimizing NNI: done in 0.00564003 secs using 99.8% CPU
Optimizing NNI: done in 0.0101581 secs using 99.88% CPU
Optimizing NNI: done in 0.0256591 secs using 53.12% CPU
Optimizing NNI: done in 0.0089221 secs using 99.79% CPU
Optimizing NNI: done in 0.00577211 secs using 100% CPU
Iteration 920 / LogL: -556.564 / Time: 0h:0m:16s (0h:0m:1s left)
Optimizing NNI: done in 0.0187309 secs using 35.86% CPU
Optimizing NNI: done in 0.025625 secs using 37.53% CPU
Optimizing NNI: done in 0.00562501 secs using 100% CPU
Optimizing NNI: done in 0.00636888 secs using 99.83% CPU
Optimizing NNI: done in 0.00862408 secs using 100% CPU
Optimizing NNI: done in 0.00833797 secs using 99.83% CPU
Optimizing NNI: done in 0.0060699 secs using 100% CPU
Optimizing NNI: done in 0.00307393 secs using 99.97% CPU
Optimizing NNI: done in 0.00552702 secs using 99.62% CPU
Optimizing NNI: done in 0.00526404 secs using 99.77% CPU
Iteration 930 / LogL: -556.564 / Time: 0h:0m:16s (0h:0m:1s left)
Optimizing NNI: done in 0.00589085 secs using 96.66% CPU
Optimizing NNI: done in 0.0143969 secs using 99.8% CPU
Optimizing NNI: done in 0.00640583 secs using 100% CPU
Optimizing NNI: done in 0.00499892 secs using 99.74% CPU
Optimizing NNI: done in 0.0118861 secs using 99.9% CPU
Optimizing NNI: done in 0.00302982 secs using 99.58% CPU
BETTER TREE FOUND at iteration 936: -556.564
Optimizing NNI: done in 0.00577807 secs using 100% CPU
Optimizing NNI: done in 0.00304222 secs using 100% CPU
Optimizing NNI: done in 0.00288486 secs using 99.55% CPU
Optimizing NNI: done in 0.00576687 secs using 99.72% CPU
Iteration 940 / LogL: -557.980 / Time: 0h:0m:16s (0h:0m:1s left)
Optimizing NNI: done in 0.00466704 secs using 99.63% CPU
Optimizing NNI: done in 0.00273609 secs using 100% CPU
Optimizing NNI: done in 0.011574 secs using 98.25% CPU
Optimizing NNI: done in 0.00633192 secs using 99.75% CPU
Optimizing NNI: done in 0.00592113 secs using 100% CPU
Optimizing NNI: done in 0.00597215 secs using 100% CPU
Optimizing NNI: done in 0.00890017 secs using 99.81% CPU
Optimizing NNI: done in 0.00308514 secs using 99.93% CPU
Optimizing NNI: done in 0.00572109 secs using 99.72% CPU
Optimizing NNI: done in 0.00442886 secs using 99.75% CPU
Iteration 950 / LogL: -556.564 / Time: 0h:0m:16s (0h:0m:1s left)
Log-likelihood cutoff on original alignment: -567.863
Optimizing NNI: done in 0.00536084 secs using 99.7% CPU
Optimizing NNI: done in 0.00575995 secs using 99.9% CPU
Optimizing NNI: done in 0.00866604 secs using 99.88% CPU
Optimizing NNI: done in 0.00335193 secs using 94.15% CPU
Optimizing NNI: done in 0.00593305 secs using 99.83% CPU
Optimizing NNI: done in 0.00600982 secs using 99.99% CPU
Optimizing NNI: done in 0.00559592 secs using 99.98% CPU
Optimizing NNI: done in 0.00556302 secs using 100% CPU
Optimizing NNI: done in 0.00525999 secs using 96.24% CPU
Optimizing NNI: done in 0.00287509 secs using 100% CPU
Iteration 960 / LogL: -556.564 / Time: 0h:0m:17s (0h:0m:1s left)
Optimizing NNI: done in 0.00496721 secs using 99.96% CPU
Optimizing NNI: done in 0.00777388 secs using 99.82% CPU
Optimizing NNI: done in 0.00615001 secs using 99.98% CPU
Optimizing NNI: done in 0.00605512 secs using 99.83% CPU
Optimizing NNI: done in 0.00557899 secs using 99.98% CPU
Optimizing NNI: done in 0.00296688 secs using 100% CPU
Optimizing NNI: done in 0.011626 secs using 99.9% CPU
Optimizing NNI: done in 0.00772405 secs using 100% CPU
Optimizing NNI: done in 0.00548697 secs using 99.98% CPU
Optimizing NNI: done in 0.00296402 secs using 99.63% CPU
Iteration 970 / LogL: -556.564 / Time: 0h:0m:17s (0h:0m:1s left)
Optimizing NNI: done in 0.00574207 secs using 100% CPU
Optimizing NNI: done in 0.00822592 secs using 99.78% CPU
Optimizing NNI: done in 0.00433493 secs using 100% CPU
Optimizing NNI: done in 0.0028069 secs using 99.54% CPU
Optimizing NNI: done in 0.00546288 secs using 99.73% CPU
Optimizing NNI: done in 0.00566006 secs using 99.77% CPU
Optimizing NNI: done in 0.00858712 secs using 97.72% CPU
Optimizing NNI: done in 0.00511003 secs using 99.69% CPU
Optimizing NNI: done in 0.00508904 secs using 99.7% CPU
Optimizing NNI: done in 0.00598097 secs using 100% CPU
Iteration 980 / LogL: -557.980 / Time: 0h:0m:17s (0h:0m:1s left)
Optimizing NNI: done in 0.00574708 secs using 100% CPU
Optimizing NNI: done in 0.00518894 secs using 99.98% CPU
Optimizing NNI: done in 0.00300121 secs using 99.99% CPU
Optimizing NNI: done in 0.00747895 secs using 99.81% CPU
Optimizing NNI: done in 0.00302601 secs using 99.44% CPU
Optimizing NNI: done in 0.00837898 secs using 99.82% CPU
Optimizing NNI: done in 0.00283217 secs using 99.96% CPU
Optimizing NNI: done in 0.00570989 secs using 99.81% CPU
Optimizing NNI: done in 0.00276995 secs using 100% CPU
Optimizing NNI: done in 0.0028069 secs using 100% CPU
Iteration 990 / LogL: -556.564 / Time: 0h:0m:17s (0h:0m:0s left)
Optimizing NNI: done in 0.00863886 secs using 99.9% CPU
Optimizing NNI: done in 0.00883007 secs using 99.85% CPU
Optimizing NNI: done in 0.00632405 secs using 99.56% CPU
Optimizing NNI: done in 0.00306892 secs using 99.55% CPU
Optimizing NNI: done in 0.00833392 secs using 99.86% CPU
Optimizing NNI: done in 0.00436401 secs using 99.72% CPU
Optimizing NNI: done in 0.00470901 secs using 99.98% CPU
Optimizing NNI: done in 0.00507689 secs using 99.73% CPU
Optimizing NNI: done in 0.00960684 secs using 100% CPU
Optimizing NNI: done in 0.00516605 secs using 99.81% CPU
Iteration 1000 / LogL: -556.564 / Time: 0h:0m:18s (0h:0m:0s left)
Log-likelihood cutoff on original alignment: -568.721
NOTE: Bootstrap correlation coefficient of split occurrence frequencies: 0.937
NOTE: UFBoot does not converge, continue at least 100 more iterations
Optimizing NNI: done in 0.00911784 secs using 99.84% CPU
WARNING: bootstrap analysis did not converge. You should rerun with higher number of iterations (-nm option)
TREE SEARCH COMPLETED AFTER 1001 ITERATIONS / Time: 0h:0m:18s

--------------------------------------------------------------------
|                    FINALIZING TREE SEARCH                        |
--------------------------------------------------------------------
Performs final model parameters optimization
Estimate model parameters (epsilon = 0.010)
1. Initial log-likelihood: -556.564
Optimal log-likelihood: -556.564
Proportion of invariable sites: 0.149
Parameters optimization took 1 rounds (0.003 sec)
BEST SCORE FOUND : -556.564

Testing tree branches by SH-like aLRT with 1000 replicates...
0.012 sec.
Creating bootstrap support values...
Split supports printed to NEXUS file ../results/molecular_evolution_analyses/phylogenetic_trees/F90607_SMED_G1/F90607_SMED_G1.splits.nex
Total tree length: 2.557

Total number of iterations: 1001
CPU time used for tree search: 18.105 sec (0h:0m:18s)
Wall-clock time used for tree search: 18.143 sec (0h:0m:18s)
Total CPU time used: 18.191 sec (0h:0m:18s)
Total wall-clock time used: 18.230 sec (0h:0m:18s)

Computing bootstrap consensus tree...
Reading input file ../results/molecular_evolution_analyses/phylogenetic_trees/F90607_SMED_G1/F90607_SMED_G1.splits.nex...
10 taxa and 219 splits.
Consensus tree written to ../results/molecular_evolution_analyses/phylogenetic_trees/F90607_SMED_G1/F90607_SMED_G1.contree
Reading input trees file ../results/molecular_evolution_analyses/phylogenetic_trees/F90607_SMED_G1/F90607_SMED_G1.contree
Log-likelihood of consensus tree: -556.943

Analysis results written to: 
  IQ-TREE report:                ../results/molecular_evolution_analyses/phylogenetic_trees/F90607_SMED_G1/F90607_SMED_G1.iqtree
  Maximum-likelihood tree:       ../results/molecular_evolution_analyses/phylogenetic_trees/F90607_SMED_G1/F90607_SMED_G1.treefile
  Likelihood distances:          ../results/molecular_evolution_analyses/phylogenetic_trees/F90607_SMED_G1/F90607_SMED_G1.mldist

Ultrafast bootstrap approximation results written to:
  Split support values:          ../results/molecular_evolution_analyses/phylogenetic_trees/F90607_SMED_G1/F90607_SMED_G1.splits.nex
  Consensus tree:                ../results/molecular_evolution_analyses/phylogenetic_trees/F90607_SMED_G1/F90607_SMED_G1.contree
  Screen log file:               ../results/molecular_evolution_analyses/phylogenetic_trees/F90607_SMED_G1/F90607_SMED_G1.log

Date and Time: Thu Mar 28 11:23:18 2024
