IQ-TREE multicore version 2.2.2.6 COVID-edition for Linux 64-bit built May 27 2023
Developed by Bui Quang Minh, James Barbetti, Nguyen Lam Tung,
Olga Chernomor, Heiko Schmidt, Dominik Schrempf, Michael Woodhams, Ly Trong Nhan.

Host:    lbc5 (AVX2, FMA3, 125 GB RAM)
Command: /home/mauricio/mauricio_PROGRAMAS/iqtree-2.2.2.6-Linux/bin/iqtree2 -s ../results/molecular_evolution_analyses/alignments_gblocks/F79167_MLIG_G1/F79167_MLIG_G1.aln.gblo -m TEST --threads-max 32 --alrt 1000 --ufboot 1000 --prefix ../results/molecular_evolution_analyses/phylogenetic_trees/F79167_MLIG_G1/F79167_MLIG_G1 -keep-ident -redo
Seed:    97371 (Using SPRNG - Scalable Parallel Random Number Generator)
Time:    Wed May  1 11:17:36 2024
Kernel:  AVX+FMA - 1 threads (32 CPU cores detected)

HINT: Use -nt option to specify number of threads because your CPU has 32 cores!
HINT: -nt AUTO will automatically determine the best number of threads to use.

Reading alignment file ../results/molecular_evolution_analyses/alignments_gblocks/F79167_MLIG_G1/F79167_MLIG_G1.aln.gblo ... Fasta format detected
Reading fasta file: done in 0.000141144 secs using 99.9% CPU
Alignment most likely contains protein sequences
Constructing alignment: done in 0.000791788 secs using 100% CPU
Alignment has 6 sequences with 791 columns, 269 distinct patterns
225 parsimony-informative, 109 singleton sites, 457 constant sites
            Gap/Ambiguity  Composition  p-value
Analyzing sequences: done in 1.28746e-05 secs using 101% CPU
   1  Mlig.31424    0.00%    passed    100.00%
   2  Mlig.43379    0.00%    passed     99.77%
   3  Mlig.47615    0.00%    passed     99.99%
   4  Mlig.47616    0.00%    passed     99.97%
   5  Mlig.3526     0.00%    passed    100.00%
   6  Mlig.13165    0.00%    passed    100.00%
****  TOTAL         0.00%  0 sequences failed composition chi2 test (p-value<5%; df=19)


Create initial parsimony tree by phylogenetic likelihood library (PLL)... 0.000 seconds
Perform fast likelihood tree search using LG+I+G model...
Estimate model parameters (epsilon = 5.000)
Perform nearest neighbor interchange...
Optimizing NNI: done in 0.00599909 secs using 99.92% CPU
Estimate model parameters (epsilon = 1.000)
1. Initial log-likelihood: -4341.251
Optimal log-likelihood: -4341.241
Proportion of invariable sites: 0.289
Gamma shape alpha: 2.146
Parameters optimization took 1 rounds (0.007 sec)
Time for fast ML tree search: 0.040 seconds

NOTE: ModelFinder requires 2 MB RAM!
ModelFinder will test up to 224 protein models (sample size: 791) ...
 No. Model         -LnL         df  AIC          AICc         BIC
  1  LG            4372.981     9   8763.962     8764.193     8806.022
  2  LG+I          4343.060     10  8706.120     8706.402     8752.853
  3  LG+G4         4340.875     10  8701.750     8702.032     8748.483
  4  LG+I+G4       4341.234     11  8704.467     8704.806     8755.873
  6  LG+F+I        4301.898     29  8661.795     8664.082     8797.321
  7  LG+F+G4       4299.455     29  8656.910     8659.197     8792.436
  8  LG+F+I+G4     4299.903     30  8659.805     8662.253     8800.004
 10  WAG+I         4371.777     10  8763.554     8763.836     8810.287
 11  WAG+G4        4370.802     10  8761.604     8761.886     8808.337
 12  WAG+I+G4      4370.964     11  8763.928     8764.267     8815.334
 14  WAG+F+I       4322.572     29  8703.143     8705.429     8838.669
 15  WAG+F+G4      4321.273     29  8700.546     8702.833     8836.072
 16  WAG+F+I+G4    4321.492     30  8702.983     8705.431     8843.182
 18  JTT+I         4335.196     10  8690.393     8690.675     8737.125
 19  JTT+G4        4333.529     10  8687.059     8687.341     8733.792
 20  JTT+I+G4      4333.916     11  8689.833     8690.172     8741.239
 22  JTT+F+I       4287.555     29  8633.110     8635.397     8768.636
 23  JTT+F+G4      4285.875     29  8629.751     8632.037     8765.277
 24  JTT+F+I+G4    4286.220     30  8632.441     8634.888     8772.640
WARNING: Normalizing state frequencies so that sum of them equals to 1
 26  Q.pfam+I      4343.635     10  8707.269     8707.551     8754.002
WARNING: Normalizing state frequencies so that sum of them equals to 1
 27  Q.pfam+G4     4342.212     10  8704.424     8704.706     8751.157
WARNING: Normalizing state frequencies so that sum of them equals to 1
 28  Q.pfam+I+G4   4342.378     11  8706.757     8707.096     8758.163
WARNING: Normalizing state frequencies so that sum of them equals to 1
 30  Q.pfam+F+I    4305.508     29  8669.016     8671.302     8804.542
WARNING: Normalizing state frequencies so that sum of them equals to 1
 31  Q.pfam+F+G4   4303.785     29  8665.570     8667.856     8801.095
WARNING: Normalizing state frequencies so that sum of them equals to 1
 32  Q.pfam+F+I+G4 4304.074     30  8668.148     8670.595     8808.347
WARNING: Normalizing state frequencies so that sum of them equals to 1
 34  Q.bird+I      4338.845     10  8697.690     8697.972     8744.423
WARNING: Normalizing state frequencies so that sum of them equals to 1
 35  Q.bird+G4     4332.824     10  8685.648     8685.930     8732.381
WARNING: Normalizing state frequencies so that sum of them equals to 1
 36  Q.bird+I+G4   4333.372     11  8688.744     8689.083     8740.150
WARNING: Normalizing state frequencies so that sum of them equals to 1
 38  Q.bird+F+I    4303.394     29  8664.788     8667.075     8800.314
WARNING: Normalizing state frequencies so that sum of them equals to 1
 39  Q.bird+F+G4   4297.675     29  8653.351     8655.637     8788.876
WARNING: Normalizing state frequencies so that sum of them equals to 1
 40  Q.bird+F+I+G4 4298.148     30  8656.296     8658.743     8796.495
WARNING: Normalizing state frequencies so that sum of them equals to 1
 42  Q.mammal+I    4327.655     10  8675.311     8675.593     8722.044
WARNING: Normalizing state frequencies so that sum of them equals to 1
 43  Q.mammal+G4   4323.405     10  8666.810     8667.092     8713.543
WARNING: Normalizing state frequencies so that sum of them equals to 1
 44  Q.mammal+I+G4 4323.959     11  8669.918     8670.257     8721.325
WARNING: Normalizing state frequencies so that sum of them equals to 1
 46  Q.mammal+F+I  4296.224     29  8650.448     8652.735     8785.974
WARNING: Normalizing state frequencies so that sum of them equals to 1
 47  Q.mammal+F+G4 4292.257     29  8642.514     8644.801     8778.040
WARNING: Normalizing state frequencies so that sum of them equals to 1
 48  Q.mammal+F+I+G4 4292.740     30  8645.481     8647.928     8785.680
 50  Q.insect+I    4339.953     10  8699.907     8700.189     8746.640
 51  Q.insect+G4   4338.130     10  8696.260     8696.542     8742.993
 52  Q.insect+I+G4 4338.354     11  8698.708     8699.047     8750.114
 54  Q.insect+F+I  4278.716     29  8615.433     8617.719     8750.958
 55  Q.insect+F+G4 4276.797     29  8611.595     8613.881     8747.121
 56  Q.insect+F+I+G4 4277.113     30  8614.226     8616.674     8754.425
WARNING: Normalizing state frequencies so that sum of them equals to 1
 58  Q.plant+I     4328.582     10  8677.163     8677.445     8723.896
WARNING: Normalizing state frequencies so that sum of them equals to 1
 59  Q.plant+G4    4322.973     10  8665.945     8666.227     8712.678
WARNING: Normalizing state frequencies so that sum of them equals to 1
 60  Q.plant+I+G4  4323.566     11  8669.133     8669.472     8720.539
WARNING: Normalizing state frequencies so that sum of them equals to 1
 62  Q.plant+F+I   4283.264     29  8624.528     8626.814     8760.054
WARNING: Normalizing state frequencies so that sum of them equals to 1
 63  Q.plant+F+G4  4277.310     29  8612.619     8614.906     8748.145
WARNING: Normalizing state frequencies so that sum of them equals to 1
 64  Q.plant+F+I+G4 4278.015     30  8616.030     8618.478     8756.229
WARNING: Normalizing state frequencies so that sum of them equals to 1
 66  Q.yeast+I     4370.154     10  8760.308     8760.590     8807.041
WARNING: Normalizing state frequencies so that sum of them equals to 1
 67  Q.yeast+G4    4368.325     10  8756.649     8756.931     8803.382
WARNING: Normalizing state frequencies so that sum of them equals to 1
 68  Q.yeast+I+G4  4368.520     11  8759.040     8759.379     8810.447
WARNING: Normalizing state frequencies so that sum of them equals to 1
 70  Q.yeast+F+I   4291.248     29  8640.497     8642.783     8776.022
WARNING: Normalizing state frequencies so that sum of them equals to 1
 71  Q.yeast+F+G4  4289.302     29  8636.604     8638.890     8772.130
WARNING: Normalizing state frequencies so that sum of them equals to 1
 72  Q.yeast+F+I+G4 4289.569     30  8639.139     8641.586     8779.338
 74  JTTDCMut+I    4335.753     10  8691.505     8691.787     8738.238
 75  JTTDCMut+G4   4334.052     10  8688.103     8688.385     8734.836
 76  JTTDCMut+I+G4 4334.461     11  8690.922     8691.261     8742.329
 78  JTTDCMut+F+I  4288.014     29  8634.029     8636.315     8769.554
 79  JTTDCMut+F+G4 4286.275     29  8630.549     8632.836     8766.075
 80  JTTDCMut+F+I+G4 4286.646     30  8633.291     8635.738     8773.490
 82  DCMut+I       4372.102     10  8764.205     8764.487     8810.938
 83  DCMut+G4      4369.484     10  8758.968     8759.250     8805.701
 84  DCMut+I+G4    4369.982     11  8761.963     8762.302     8813.370
 86  DCMut+F+I     4308.635     29  8675.270     8677.557     8810.796
 87  DCMut+F+G4    4305.975     29  8669.949     8672.236     8805.475
 88  DCMut+F+I+G4  4306.392     30  8672.784     8675.231     8812.983
 90  VT+I          4362.884     10  8745.768     8746.050     8792.501
 91  VT+G4         4363.167     10  8746.335     8746.617     8793.068
 92  VT+I+G4       4362.816     11  8747.631     8747.970     8799.038
 94  VT+F+I        4320.099     29  8698.199     8700.485     8833.724
 95  VT+F+G4       4320.234     29  8698.468     8700.754     8833.993
 96  VT+F+I+G4     4319.965     30  8699.930     8702.378     8840.129
 98  PMB+I         4413.702     10  8847.403     8847.686     8894.136
 99  PMB+G4        4414.365     10  8848.729     8849.011     8895.462
100  PMB+I+G4      4413.808     11  8849.615     8849.954     8901.022
102  PMB+F+I       4355.052     29  8768.103     8770.389     8903.629
103  PMB+F+G4      4355.334     29  8768.668     8770.954     8904.193
104  PMB+F+I+G4    4355.003     30  8770.005     8772.453     8910.204
106  Blosum62+I    4419.965     10  8859.930     8860.212     8906.663
107  Blosum62+G4   4420.736     10  8861.472     8861.754     8908.205
108  Blosum62+I+G4 4420.096     11  8862.192     8862.531     8913.599
110  Blosum62+F+I  4353.717     29  8765.434     8767.720     8900.960
111  Blosum62+F+G4 4354.052     29  8766.105     8768.391     8901.630
112  Blosum62+F+I+G4 4353.673     30  8767.347     8769.794     8907.546
114  Dayhoff+I     4371.921     10  8763.842     8764.125     8810.575
115  Dayhoff+G4    4369.234     10  8758.468     8758.750     8805.201
116  Dayhoff+I+G4  4369.744     11  8761.487     8761.826     8812.894
118  Dayhoff+F+I   4308.472     29  8674.944     8677.231     8810.470
119  Dayhoff+F+G4  4305.752     29  8669.503     8671.790     8805.029
120  Dayhoff+F+I+G4 4306.177     30  8672.354     8674.801     8812.553
122  mtREV+I       4645.013     10  9310.026     9310.308     9356.759
123  mtREV+G4      4635.885     10  9291.770     9292.052     9338.503
124  mtREV+I+G4    4636.697     11  9295.394     9295.733     9346.800
126  mtREV+F+I     4349.349     29  8756.699     8758.985     8892.224
127  mtREV+F+G4    4339.754     29  8737.508     8739.794     8873.033
128  mtREV+F+I+G4  4340.926     30  8741.853     8744.300     8882.052
130  mtART+I       4707.205     10  9434.411     9434.693     9481.144
131  mtART+G4      4683.386     10  9386.772     9387.054     9433.505
132  mtART+I+G4    4683.563     11  9389.126     9389.465     9440.533
134  mtART+F+I     4371.758     29  8801.515     8803.802     8937.041
135  mtART+F+G4    4345.822     29  8749.644     8751.930     8885.169
136  mtART+F+I+G4  4347.141     30  8754.281     8756.729     8894.480
138  mtZOA+I       4613.162     10  9246.325     9246.607     9293.058
139  mtZOA+G4      4597.772     10  9215.544     9215.826     9262.277
140  mtZOA+I+G4    4598.342     11  9218.684     9219.023     9270.090
142  mtZOA+F+I     4338.097     29  8734.194     8736.481     8869.720
143  mtZOA+F+G4    4323.401     29  8704.803     8707.089     8840.328
144  mtZOA+F+I+G4  4324.486     30  8708.973     8711.420     8849.172
146  mtMet+I       4692.687     10  9405.373     9405.655     9452.106
147  mtMet+G4      4683.790     10  9387.580     9387.862     9434.313
148  mtMet+I+G4    4684.329     11  9390.658     9390.997     9442.064
150  mtMet+F+I     4324.197     29  8706.394     8708.680     8841.919
151  mtMet+F+G4    4316.132     29  8690.265     8692.551     8825.790
152  mtMet+F+I+G4  4316.920     30  8693.840     8696.288     8834.039
154  mtVer+I       4682.375     10  9384.749     9385.031     9431.482
155  mtVer+G4      4665.770     10  9351.540     9351.822     9398.273
156  mtVer+I+G4    4666.506     11  9355.011     9355.350     9406.417
158  mtVer+F+I     4356.226     29  8770.453     8772.739     8905.979
159  mtVer+F+G4    4343.376     29  8744.753     8747.039     8880.278
160  mtVer+F+I+G4  4344.207     30  8748.413     8750.860     8888.612
162  mtInv+I       4767.964     10  9555.927     9556.209     9602.660
163  mtInv+G4      4761.849     10  9543.698     9543.980     9590.431
164  mtInv+I+G4    4762.305     11  9546.610     9546.949     9598.016
166  mtInv+F+I     4316.699     29  8691.397     8693.684     8826.923
167  mtInv+F+G4    4310.782     29  8679.564     8681.851     8815.090
168  mtInv+F+I+G4  4311.505     30  8683.010     8685.457     8823.209
170  mtMAM+I       4695.986     10  9411.972     9412.254     9458.705
171  mtMAM+G4      4670.273     10  9360.546     9360.828     9407.279
172  mtMAM+I+G4    4670.673     11  9363.345     9363.684     9414.751
174  mtMAM+F+I     4372.495     29  8802.990     8805.276     8938.515
175  mtMAM+F+G4    4353.699     29  8765.397     8767.684     8900.923
176  mtMAM+F+I+G4  4354.576     30  8769.151     8771.599     8909.350
WARNING: Normalizing state frequencies so that sum of them equals to 1
178  FLAVI+I       4449.065     10  8918.130     8918.412     8964.863
WARNING: Normalizing state frequencies so that sum of them equals to 1
179  FLAVI+G4      4435.116     10  8890.232     8890.514     8936.965
WARNING: Normalizing state frequencies so that sum of them equals to 1
180  FLAVI+I+G4    4435.347     11  8892.694     8893.033     8944.101
WARNING: Normalizing state frequencies so that sum of them equals to 1
182  FLAVI+F+I     4346.929     29  8751.859     8754.145     8887.384
WARNING: Normalizing state frequencies so that sum of them equals to 1
183  FLAVI+F+G4    4334.206     29  8726.412     8728.699     8861.938
WARNING: Normalizing state frequencies so that sum of them equals to 1
184  FLAVI+F+I+G4  4334.251     30  8728.503     8730.950     8868.702
186  HIVb+I        4418.729     10  8857.458     8857.740     8904.191
187  HIVb+G4       4409.912     10  8839.824     8840.106     8886.557
188  HIVb+I+G4     4410.446     11  8842.891     8843.230     8894.298
190  HIVb+F+I      4335.074     29  8728.148     8730.435     8863.674
191  HIVb+F+G4     4326.189     29  8710.378     8712.665     8845.904
192  HIVb+F+I+G4   4326.663     30  8713.325     8715.772     8853.524
194  HIVw+I        4595.121     10  9210.242     9210.524     9256.975
195  HIVw+G4       4582.162     10  9184.324     9184.606     9231.057
196  HIVw+I+G4     4582.688     11  9187.376     9187.715     9238.782
198  HIVw+F+I      4377.368     29  8812.737     8815.023     8948.262
199  HIVw+F+G4     4367.830     29  8793.660     8795.946     8929.186
200  HIVw+F+I+G4   4367.912     30  8795.824     8798.271     8936.023
202  FLU+I         4451.155     10  8922.310     8922.592     8969.043
203  FLU+G4        4446.056     10  8912.112     8912.394     8958.845
204  FLU+I+G4      4446.232     11  8914.463     8914.802     8965.870
206  FLU+F+I       4315.366     29  8688.732     8691.018     8824.257
207  FLU+F+G4      4310.818     29  8679.637     8681.923     8815.163
208  FLU+F+I+G4    4310.790     30  8681.581     8684.028     8821.780
210  rtREV+I       4389.837     10  8799.675     8799.957     8846.408
211  rtREV+G4      4388.471     10  8796.943     8797.225     8843.676
212  rtREV+I+G4    4388.561     11  8799.123     8799.462     8850.529
214  rtREV+F+I     4312.892     29  8683.784     8686.070     8819.309
215  rtREV+F+G4    4310.994     29  8679.988     8682.275     8815.514
216  rtREV+F+I+G4  4311.244     30  8682.488     8684.935     8822.687
218  cpREV+I       4411.688     10  8843.376     8843.658     8890.109
219  cpREV+G4      4408.095     10  8836.189     8836.471     8882.922
220  cpREV+I+G4    4408.563     11  8839.126     8839.465     8890.532
222  cpREV+F+I     4345.642     29  8749.283     8751.570     8884.809
223  cpREV+F+G4    4340.986     29  8739.973     8742.259     8875.498
224  cpREV+F+I+G4  4341.538     30  8743.077     8745.524     8883.275
Akaike Information Criterion:           Q.insect+F+G4
Corrected Akaike Information Criterion: Q.insect+F+G4
Bayesian Information Criterion:         Q.plant+G4
Best-fit model: Q.plant+G4 chosen according to BIC

All model information printed to ../results/molecular_evolution_analyses/phylogenetic_trees/F79167_MLIG_G1/F79167_MLIG_G1.model.gz
CPU time for ModelFinder: 3.249 seconds (0h:0m:3s)
Wall-clock time for ModelFinder: 3.250 seconds (0h:0m:3s)
Generating 1000 samples for ultrafast bootstrap (seed: 97371)...
WARNING: Normalizing state frequencies so that sum of them equals to 1

NOTE: 2 MB RAM (0 GB) is required!
Estimate model parameters (epsilon = 0.100)
1. Initial log-likelihood: -4322.973
Optimal log-likelihood: -4322.971
Gamma shape alpha: 0.561
Parameters optimization took 1 rounds (0.006 sec)
Wrote distance file to... 
Computing ML distances based on estimated model parameters...
Calculating distance matrix: done in 0.00295901 secs using 99.83% CPU
Computing ML distances took 0.002990 sec (of wall-clock time) 0.002984 sec (of CPU time)
Setting up auxiliary I and S matrices: done in 4.00543e-05 secs using 99.86% CPU
Constructing RapidNJ tree: done in 2.5034e-05 secs using 99.86% CPU
Computing RapidNJ tree took 0.000131 sec (of wall-clock time) 0.000130 sec (of CPU time)
Log-likelihood of RapidNJ tree: -4322.972
--------------------------------------------------------------------
|             INITIALIZING CANDIDATE TREE SET                      |
--------------------------------------------------------------------
Generating 99 parsimony trees... 0.025 second
Computing log-likelihood of 6 initial trees ... 0.012 seconds
Current best score: -4322.971

Do NNI search on 7 best initial trees
Optimizing NNI: done in 0.00639296 secs using 199.9% CPU
Optimizing NNI: done in 0.014281 secs using 200% CPU
Optimizing NNI: done in 0.0142298 secs using 200% CPU
Optimizing NNI: done in 0.014488 secs using 200% CPU
Optimizing NNI: done in 0.014493 secs using 200% CPU
Optimizing NNI: done in 0.014209 secs using 199.9% CPU
Optimizing NNI: done in 0.014236 secs using 200% CPU
Finish initializing candidate tree set (7)
Current best tree score: -4322.971 / CPU time: 0.136
Number of iterations: 7
--------------------------------------------------------------------
|               OPTIMIZING CANDIDATE TREE SET                      |
--------------------------------------------------------------------
Optimizing NNI: done in 0.014056 secs using 199.9% CPU
Optimizing NNI: done in 0.021816 secs using 199.9% CPU
Optimizing NNI: done in 0.0212989 secs using 105.8% CPU
Iteration 10 / LogL: -4322.997 / Time: 0h:0m:0s
Optimizing NNI: done in 0.0139248 secs using 99.96% CPU
Optimizing NNI: done in 0.021939 secs using 99.97% CPU
Optimizing NNI: done in 0.023644 secs using 99.97% CPU
Optimizing NNI: done in 0.0155988 secs using 99.98% CPU
UPDATE BEST LOG-LIKELIHOOD: -4322.970
Optimizing NNI: done in 0.0137422 secs using 99.98% CPU
UPDATE BEST LOG-LIKELIHOOD: -4322.970
Optimizing NNI: done in 0.022064 secs using 99.97% CPU
Optimizing NNI: done in 0.013706 secs using 99.96% CPU
UPDATE BEST LOG-LIKELIHOOD: -4322.970
Optimizing NNI: done in 0.0218542 secs using 99.97% CPU
Optimizing NNI: done in 0.0136421 secs using 99.95% CPU
UPDATE BEST LOG-LIKELIHOOD: -4322.970
Optimizing NNI: done in 0.0213881 secs using 99.97% CPU
Iteration 20 / LogL: -4323.014 / Time: 0h:0m:0s
Optimizing NNI: done in 0.0138068 secs using 99.99% CPU
Optimizing NNI: done in 0.015682 secs using 99.96% CPU
Optimizing NNI: done in 0.0139449 secs using 99.98% CPU
Optimizing NNI: done in 0.01366 secs using 99.99% CPU
UPDATE BEST LOG-LIKELIHOOD: -4322.970
Optimizing NNI: done in 0.0217481 secs using 99.97% CPU
Optimizing NNI: done in 0.013638 secs using 99.97% CPU
UPDATE BEST LOG-LIKELIHOOD: -4322.970
Optimizing NNI: done in 0.0136812 secs using 99.97% CPU
UPDATE BEST LOG-LIKELIHOOD: -4322.970
Optimizing NNI: done in 0.0137708 secs using 99.97% CPU
Optimizing NNI: done in 0.013968 secs using 99.95% CPU
Optimizing NNI: done in 0.0217009 secs using 99.96% CPU
Iteration 30 / LogL: -4322.998 / Time: 0h:0m:0s (0h:0m:1s left)
Optimizing NNI: done in 0.0139959 secs using 99.96% CPU
Optimizing NNI: done in 0.013864 secs using 99.97% CPU
Optimizing NNI: done in 0.0215149 secs using 99.97% CPU
Optimizing NNI: done in 0.0215299 secs using 99.96% CPU
Optimizing NNI: done in 0.0139999 secs using 99.97% CPU
Optimizing NNI: done in 0.0135162 secs using 99.98% CPU
Optimizing NNI: done in 0.021455 secs using 99.97% CPU
Optimizing NNI: done in 0.014101 secs using 99.97% CPU
Optimizing NNI: done in 0.021837 secs using 99.99% CPU
Optimizing NNI: done in 0.0218861 secs using 99.97% CPU
Iteration 40 / LogL: -4323.003 / Time: 0h:0m:0s (0h:0m:1s left)
Optimizing NNI: done in 0.0154819 secs using 99.98% CPU
Optimizing NNI: done in 0.023083 secs using 99.97% CPU
Optimizing NNI: done in 0.0138488 secs using 99.95% CPU
Optimizing NNI: done in 0.0142231 secs using 99.97% CPU
Optimizing NNI: done in 0.0218329 secs using 99.97% CPU
Optimizing NNI: done in 0.0231462 secs using 99.97% CPU
Optimizing NNI: done in 0.037313 secs using 99.98% CPU
Optimizing NNI: done in 0.013782 secs using 99.99% CPU
Optimizing NNI: done in 0.0141799 secs using 99.95% CPU
Optimizing NNI: done in 0.021708 secs using 99.97% CPU
Iteration 50 / LogL: -4322.998 / Time: 0h:0m:1s (0h:0m:1s left)
Log-likelihood cutoff on original alignment: -4326.753
Optimizing NNI: done in 0.0157001 secs using 99.95% CPU
Optimizing NNI: done in 0.021167 secs using 99.96% CPU
Optimizing NNI: done in 0.013479 secs using 99.98% CPU
Optimizing NNI: done in 0.0137699 secs using 99.95% CPU
Optimizing NNI: done in 0.013768 secs using 99.95% CPU
Optimizing NNI: done in 0.021292 secs using 99.97% CPU
Optimizing NNI: done in 0.021625 secs using 99.97% CPU
Optimizing NNI: done in 0.0217929 secs using 99.98% CPU
Optimizing NNI: done in 0.0140648 secs using 99.97% CPU
Optimizing NNI: done in 0.0154479 secs using 99.96% CPU
Iteration 60 / LogL: -4322.970 / Time: 0h:0m:1s (0h:0m:0s left)
Optimizing NNI: done in 0.0135698 secs using 99.97% CPU
Optimizing NNI: done in 0.0215931 secs using 99.98% CPU
Optimizing NNI: done in 0.022496 secs using 99.97% CPU
Optimizing NNI: done in 0.014056 secs using 99.98% CPU
Optimizing NNI: done in 0.021666 secs using 99.96% CPU
Optimizing NNI: done in 0.0216599 secs using 99.97% CPU
Optimizing NNI: done in 0.014226 secs using 99.98% CPU
Optimizing NNI: done in 0.0214331 secs using 99.96% CPU
Optimizing NNI: done in 0.0218401 secs using 99.96% CPU
Optimizing NNI: done in 0.021729 secs using 99.97% CPU
Iteration 70 / LogL: -4323.003 / Time: 0h:0m:1s (0h:0m:0s left)
Optimizing NNI: done in 0.0136659 secs using 99.97% CPU
Optimizing NNI: done in 0.0140479 secs using 99.98% CPU
Optimizing NNI: done in 0.0218811 secs using 99.97% CPU
Optimizing NNI: done in 0.021457 secs using 99.97% CPU
Optimizing NNI: done in 0.0219741 secs using 99.97% CPU
Optimizing NNI: done in 0.0217059 secs using 99.97% CPU
Optimizing NNI: done in 0.0138209 secs using 99.94% CPU
Optimizing NNI: done in 0.0213909 secs using 99.97% CPU
Optimizing NNI: done in 0.013773 secs using 99.98% CPU
Optimizing NNI: done in 0.0213828 secs using 99.97% CPU
Iteration 80 / LogL: -4322.997 / Time: 0h:0m:1s (0h:0m:0s left)
Optimizing NNI: done in 0.0157499 secs using 99.96% CPU
Optimizing NNI: done in 0.01405 secs using 99.97% CPU
Optimizing NNI: done in 0.0157239 secs using 99.96% CPU
Optimizing NNI: done in 0.021831 secs using 99.97% CPU
Optimizing NNI: done in 0.0214272 secs using 99.97% CPU
Optimizing NNI: done in 0.0137649 secs using 99.96% CPU
Optimizing NNI: done in 0.0156989 secs using 99.97% CPU
Optimizing NNI: done in 0.0217628 secs using 99.98% CPU
Optimizing NNI: done in 0.0139611 secs using 99.98% CPU
Optimizing NNI: done in 0.0155311 secs using 99.97% CPU
Iteration 90 / LogL: -4322.970 / Time: 0h:0m:1s (0h:0m:0s left)
Optimizing NNI: done in 0.0228181 secs using 99.98% CPU
Optimizing NNI: done in 0.0138211 secs using 99.97% CPU
Optimizing NNI: done in 0.013963 secs using 99.95% CPU
Optimizing NNI: done in 0.0226901 secs using 99.97% CPU
Optimizing NNI: done in 0.0137131 secs using 99.98% CPU
Optimizing NNI: done in 0.0216091 secs using 99.98% CPU
Optimizing NNI: done in 0.0137699 secs using 99.98% CPU
Optimizing NNI: done in 0.0156391 secs using 99.95% CPU
Optimizing NNI: done in 0.0139959 secs using 99.98% CPU
Optimizing NNI: done in 0.0218811 secs using 99.97% CPU
Iteration 100 / LogL: -4322.990 / Time: 0h:0m:2s (0h:0m:0s left)
Log-likelihood cutoff on original alignment: -4326.805
NOTE: Bootstrap correlation coefficient of split occurrence frequencies: 1.000
Optimizing NNI: done in 0.0139971 secs using 99.96% CPU
TREE SEARCH COMPLETED AFTER 101 ITERATIONS / Time: 0h:0m:2s

--------------------------------------------------------------------
|                    FINALIZING TREE SEARCH                        |
--------------------------------------------------------------------
Performs final model parameters optimization
Estimate model parameters (epsilon = 0.010)
1. Initial log-likelihood: -4322.970
Optimal log-likelihood: -4322.970
Gamma shape alpha: 0.561
Parameters optimization took 1 rounds (0.009 sec)
BEST SCORE FOUND : -4322.970

Testing tree branches by SH-like aLRT with 1000 replicates...
0.053 sec.
Creating bootstrap support values...
Split supports printed to NEXUS file ../results/molecular_evolution_analyses/phylogenetic_trees/F79167_MLIG_G1/F79167_MLIG_G1.splits.nex
Total tree length: 0.976

Total number of iterations: 101
CPU time used for tree search: 2.311 sec (0h:0m:2s)
Wall-clock time used for tree search: 2.135 sec (0h:0m:2s)
Total CPU time used: 2.434 sec (0h:0m:2s)
Total wall-clock time used: 2.249 sec (0h:0m:2s)

Computing bootstrap consensus tree...
Reading input file ../results/molecular_evolution_analyses/phylogenetic_trees/F79167_MLIG_G1/F79167_MLIG_G1.splits.nex...
6 taxa and 11 splits.
Consensus tree written to ../results/molecular_evolution_analyses/phylogenetic_trees/F79167_MLIG_G1/F79167_MLIG_G1.contree
Reading input trees file ../results/molecular_evolution_analyses/phylogenetic_trees/F79167_MLIG_G1/F79167_MLIG_G1.contree
Log-likelihood of consensus tree: -4322.971

Analysis results written to: 
  IQ-TREE report:                ../results/molecular_evolution_analyses/phylogenetic_trees/F79167_MLIG_G1/F79167_MLIG_G1.iqtree
  Maximum-likelihood tree:       ../results/molecular_evolution_analyses/phylogenetic_trees/F79167_MLIG_G1/F79167_MLIG_G1.treefile
  Likelihood distances:          ../results/molecular_evolution_analyses/phylogenetic_trees/F79167_MLIG_G1/F79167_MLIG_G1.mldist

Ultrafast bootstrap approximation results written to:
  Split support values:          ../results/molecular_evolution_analyses/phylogenetic_trees/F79167_MLIG_G1/F79167_MLIG_G1.splits.nex
  Consensus tree:                ../results/molecular_evolution_analyses/phylogenetic_trees/F79167_MLIG_G1/F79167_MLIG_G1.contree
  Screen log file:               ../results/molecular_evolution_analyses/phylogenetic_trees/F79167_MLIG_G1/F79167_MLIG_G1.log

Date and Time: Wed May  1 11:17:41 2024
