IQ-TREE multicore version 2.2.2.6 COVID-edition for Linux 64-bit built May 27 2023
Developed by Bui Quang Minh, James Barbetti, Nguyen Lam Tung,
Olga Chernomor, Heiko Schmidt, Dominik Schrempf, Michael Woodhams, Ly Trong Nhan.

Host:    lbc5 (AVX2, FMA3, 125 GB RAM)
Command: /home/mauricio/mauricio_PROGRAMAS/iqtree-2.2.2.6-Linux/bin/iqtree2 -s ../results/molecular_evolution_analyses/alignments_gblocks/F55329_SMED_G1/F55329_SMED_G1.aln.gblo -m TEST --threads-max 32 --alrt 1000 --ufboot 1000 --prefix ../results/molecular_evolution_analyses/phylogenetic_trees/F55329_SMED_G1/F55329_SMED_G1
Seed:    251072 (Using SPRNG - Scalable Parallel Random Number Generator)
Time:    Thu Mar 28 11:21:38 2024
Kernel:  AVX+FMA - 1 threads (32 CPU cores detected)

HINT: Use -nt option to specify number of threads because your CPU has 32 cores!
HINT: -nt AUTO will automatically determine the best number of threads to use.

Reading alignment file ../results/molecular_evolution_analyses/alignments_gblocks/F55329_SMED_G1/F55329_SMED_G1.aln.gblo ... Fasta format detected
Reading fasta file: done in 9.799e-05 secs using 98.99% CPU
Alignment most likely contains protein sequences
Constructing alignment: done in 6.69956e-05 secs using 100% CPU
Alignment has 48 sequences with 39 columns, 39 distinct patterns
23 parsimony-informative, 11 singleton sites, 5 constant sites
            Gap/Ambiguity  Composition  p-value
Analyzing sequences: done in 1.3113e-05 secs using 99.14% CPU
   1  Smed.670      0.00%    failed      0.18%
   2  Smed.8514     0.00%    passed     89.64%
   3  Smed.6361     0.00%    passed     99.13%
   4  Smed.9111     0.00%    failed      0.02%
   5  Smed.11184    0.00%    passed     99.81%
   6  Smed.149      0.00%    passed     99.37%
   7  Smed.5893     0.00%    passed     99.91%
   8  Smed.4345     0.00%    passed     76.44%
   9  Smed.19525    0.00%    passed     99.95%
  10  Smed.3969     0.00%    passed     81.69%
  11  Smed.11563    0.00%    passed     77.54%
  12  Smed.2192     0.00%    passed    100.00%
  13  Smed.2509     0.00%    passed     99.97%
  14  Smed.12865    0.00%    passed    100.00%
  15  Smed.403      0.00%    passed    100.00%
  16  Smed.423      0.00%    passed     99.31%
  17  Smed.2688     0.00%    passed    100.00%
  18  Smed.566      0.00%    passed     99.96%
  19  Smed.2305     0.00%    passed    100.00%
  20  Smed.564      0.00%    passed     99.99%
  21  Smed.5982     0.00%    passed    100.00%
  22  Smed.4916     0.00%    passed     99.98%
  23  Smed.3949     0.00%    passed    100.00%
  24  Smed.21075    0.00%    passed    100.00%
  25  Smed.593      0.00%    passed    100.00%
  26  Smed.2577     0.00%    passed    100.00%
  27  Smed.12258    0.00%    passed     99.92%
  28  Smed.29379    0.00%    passed     86.35%
  29  Smed.7350     0.00%    passed     98.73%
  30  Smed.23628    0.00%    passed     95.56%
  31  Smed.1597     0.00%    passed     86.01%
  32  Smed.10764    0.00%    passed     99.99%
  33  Smed.3737     0.00%    passed     99.95%
  34  Smed.3824     0.00%    passed     99.46%
  35  Smed.4101     0.00%    passed     99.87%
  36  Smed.153      0.00%    passed     99.81%
  37  Smed.4040     0.00%    passed     99.94%
  38  Smed.65       0.00%    passed     94.40%
  39  Smed.18609    0.00%    passed     96.85%
  40  Smed.67       0.00%    passed    100.00%
  41  Smed.10765    0.00%    passed     99.46%
  42  Smed.1730     0.00%    passed    100.00%
  43  Smed.15239    0.00%    passed     14.50%
  44  Smed.5981     0.00%    passed    100.00%
  45  Smed.1291     0.00%    passed    100.00%
  46  Smed.4620     0.00%    passed    100.00%
  47  Smed.1288     0.00%    passed     94.04%
  48  Smed.12022    0.00%    passed    100.00%
****  TOTAL         0.00%  2 sequences failed composition chi2 test (p-value<5%; df=19)
NOTE: Smed.153 is identical to Smed.11184 but kept for subsequent analysis
NOTE: Smed.2305 is identical to Smed.403 but kept for subsequent analysis
NOTE: Smed.21075 is identical to Smed.3949 but kept for subsequent analysis
NOTE: Smed.2577 is identical to Smed.593 but kept for subsequent analysis
NOTE: Smed.4620 is identical to Smed.1291 but kept for subsequent analysis
Checking for duplicate sequences: done in 0.000130177 secs using 99.86% CPU
Identifying sites to remove: done in 5.38826e-05 secs using 100.2% CPU
NOTE: 1 identical sequences (see below) will be ignored for subsequent analysis
NOTE: Smed.5981 (identical to Smed.403) is ignored but added at the end
Alignment was printed to ../results/molecular_evolution_analyses/phylogenetic_trees/F55329_SMED_G1/F55329_SMED_G1.uniqueseq.phy

For your convenience alignment with unique sequences printed to ../results/molecular_evolution_analyses/phylogenetic_trees/F55329_SMED_G1/F55329_SMED_G1.uniqueseq.phy


Create initial parsimony tree by phylogenetic likelihood library (PLL)... 0.005 seconds
Perform fast likelihood tree search using LG+I+G model...
Estimate model parameters (epsilon = 5.000)
Perform nearest neighbor interchange...
Optimizing NNI: done in 0.181835 secs using 99.88% CPU
Estimate model parameters (epsilon = 1.000)
1. Initial log-likelihood: -1077.967
Optimal log-likelihood: -1077.862
Proportion of invariable sites: 0.026
Gamma shape alpha: 0.803
Parameters optimization took 1 rounds (0.060 sec)
Time for fast ML tree search: 0.377 seconds

NOTE: ModelFinder requires 1 MB RAM!
ModelFinder will test up to 224 protein models (sample size: 39) ...
 No. Model         -LnL         df  AIC          AICc         BIC
  1  LG            1126.629     91  2435.259     19179.259    2586.643
  2  LG+I          1116.607     92  2417.214     19529.214    2570.261
  3  LG+G4         1077.701     92  2339.402     19451.402    2492.450
  4  LG+I+G4       1077.826     93  2341.651     19825.651    2496.363
  7  LG+F+G4       1079.982     111 2381.964     27245.964    2566.620
  8  LG+F+I+G4     1080.068     112 2384.135     27696.135    2570.454
 11  WAG+G4        1068.723     92  2321.447     19433.447    2474.494
 12  WAG+I+G4      1068.705     93  2323.410     19807.410    2478.121
 15  WAG+F+G4      1068.896     111 2359.793     27223.793    2544.448
 16  WAG+F+I+G4    1068.927     112 2361.854     27673.854    2548.173
 19  JTT+G4        1055.213     92  2294.426     19406.426    2447.474
 20  JTT+I+G4      1055.190     93  2296.380     19780.380    2451.091
 23  JTT+F+G4      1053.199     111 2328.399     27192.399    2513.054
 24  JTT+F+I+G4    1053.250     112 2330.499     27642.499    2516.818
WARNING: Normalizing state frequencies so that sum of them equals to 1
 27  Q.pfam+G4     1078.836     92  2341.672     19453.672    2494.720
WARNING: Normalizing state frequencies so that sum of them equals to 1
 28  Q.pfam+I+G4   1078.940     93  2343.880     19827.880    2498.592
WARNING: Normalizing state frequencies so that sum of them equals to 1
 31  Q.pfam+F+G4   1079.765     111 2381.530     27245.530    2566.185
WARNING: Normalizing state frequencies so that sum of them equals to 1
 32  Q.pfam+F+I+G4 1079.851     112 2383.702     27695.702    2570.021
WARNING: Normalizing state frequencies so that sum of them equals to 1
 35  Q.bird+G4     1055.216     92  2294.432     19406.432    2447.479
WARNING: Normalizing state frequencies so that sum of them equals to 1
 36  Q.bird+I+G4   1055.339     93  2296.678     19780.678    2451.389
WARNING: Normalizing state frequencies so that sum of them equals to 1
 39  Q.bird+F+G4   1051.105     111 2324.209     27188.209    2508.864
WARNING: Normalizing state frequencies so that sum of them equals to 1
 40  Q.bird+F+I+G4 1051.229     112 2326.459     27638.459    2512.778
WARNING: Normalizing state frequencies so that sum of them equals to 1
 43  Q.mammal+G4   1058.280     92  2300.560     19412.560    2453.608
WARNING: Normalizing state frequencies so that sum of them equals to 1
 44  Q.mammal+I+G4 1058.405     93  2302.810     19786.810    2457.521
WARNING: Normalizing state frequencies so that sum of them equals to 1
 47  Q.mammal+F+G4 1057.775     111 2337.549     27201.549    2522.204
WARNING: Normalizing state frequencies so that sum of them equals to 1
 48  Q.mammal+F+I+G4 1057.905     112 2339.810     27651.810    2526.129
 51  Q.insect+G4   1076.801     92  2337.602     19449.602    2490.650
 52  Q.insect+I+G4 1076.900     93  2339.800     19823.800    2494.511
 55  Q.insect+F+G4 1085.158     111 2392.316     27256.316    2576.972
 56  Q.insect+F+I+G4 1085.254     112 2394.509     27706.509    2580.828
WARNING: Normalizing state frequencies so that sum of them equals to 1
 59  Q.plant+G4    1055.697     92  2295.394     19407.394    2448.442
WARNING: Normalizing state frequencies so that sum of them equals to 1
 60  Q.plant+I+G4  1055.809     93  2297.618     19781.618    2452.329
WARNING: Normalizing state frequencies so that sum of them equals to 1
 63  Q.plant+F+G4  1056.712     111 2335.424     27199.424    2520.079
WARNING: Normalizing state frequencies so that sum of them equals to 1
 64  Q.plant+F+I+G4 1056.820     112 2337.640     27649.640    2523.959
WARNING: Normalizing state frequencies so that sum of them equals to 1
 67  Q.yeast+G4    1081.678     92  2347.357     19459.357    2500.404
WARNING: Normalizing state frequencies so that sum of them equals to 1
 68  Q.yeast+I+G4  1081.783     93  2349.565     19833.565    2504.276
WARNING: Normalizing state frequencies so that sum of them equals to 1
 71  Q.yeast+F+G4  1085.648     111 2393.295     27257.295    2577.951
WARNING: Normalizing state frequencies so that sum of them equals to 1
 72  Q.yeast+F+I+G4 1085.755     112 2395.511     27707.511    2581.830
 75  JTTDCMut+G4   1055.970     92  2295.940     19407.940    2448.988
 76  JTTDCMut+I+G4 1055.942     93  2297.885     19781.885    2452.596
 79  JTTDCMut+F+G4 1054.074     111 2330.148     27194.148    2514.804
 80  JTTDCMut+F+I+G4 1054.123     112 2332.246     27644.246    2518.565
 83  DCMut+G4      1090.161     92  2364.321     19476.321    2517.369
 84  DCMut+I+G4    1089.983     93  2365.966     19849.966    2520.677
 87  DCMut+F+G4    1088.975     111 2399.951     27263.951    2584.606
 88  DCMut+F+I+G4  1088.981     112 2401.961     27713.961    2588.280
 91  VT+G4         1072.015     92  2328.031     19440.031    2481.078
 92  VT+I+G4       1072.047     93  2330.094     19814.094    2484.805
 95  VT+F+G4       1074.332     111 2370.664     27234.664    2555.319
 96  VT+F+I+G4     1074.367     112 2372.734     27684.734    2559.053
 99  PMB+G4        1086.905     92  2357.809     19469.809    2510.857
100  PMB+I+G4      1086.946     93  2359.893     19843.893    2514.604
103  PMB+F+G4      1095.160     111 2412.319     27276.319    2596.974
104  PMB+F+I+G4    1095.168     112 2414.335     27726.335    2600.654
107  Blosum62+G4   1093.098     92  2370.196     19482.196    2523.243
108  Blosum62+I+G4 1093.131     93  2372.262     19856.262    2526.973
111  Blosum62+F+G4 1100.931     111 2423.861     27287.861    2608.517
112  Blosum62+F+I+G4 1100.974     112 2425.947     27737.947    2612.266
115  Dayhoff+G4    1090.116     92  2364.232     19476.232    2517.279
116  Dayhoff+I+G4  1089.936     93  2365.872     19849.872    2520.583
119  Dayhoff+F+G4  1088.946     111 2399.892     27263.892    2584.547
120  Dayhoff+F+I+G4 1088.950     112 2401.900     27713.900    2588.219
123  mtREV+G4      1115.771     92  2415.541     19527.541    2568.589
124  mtREV+I+G4    1115.852     93  2417.704     19901.704    2572.415
127  mtREV+F+G4    1063.244     111 2348.488     27212.488    2533.144
128  mtREV+F+I+G4  1063.354     112 2350.707     27662.707    2537.026
131  mtART+G4      1155.999     92  2495.998     19607.998    2649.046
132  mtART+I+G4    1156.015     93  2498.031     19982.031    2652.742
135  mtART+F+G4    1127.046     111 2476.092     27340.092    2660.748
136  mtART+F+I+G4  1127.133     112 2478.266     27790.266    2664.585
139  mtZOA+G4      1122.554     92  2429.107     19541.107    2582.155
140  mtZOA+I+G4    1122.611     93  2431.223     19915.223    2585.934
143  mtZOA+F+G4    1093.987     111 2409.974     27273.974    2594.629
144  mtZOA+F+I+G4  1094.060     112 2412.121     27724.121    2598.440
147  mtMet+G4      1094.829     92  2373.657     19485.657    2526.705
148  mtMet+I+G4    1094.916     93  2375.831     19859.831    2530.543
151  mtMet+F+G4    1062.387     111 2346.775     27210.775    2531.430
152  mtMet+F+I+G4  1062.464     112 2348.928     27660.928    2535.247
155  mtVer+G4      1109.690     92  2403.380     19515.380    2556.428
156  mtVer+I+G4    1109.757     93  2405.514     19889.514    2560.226
159  mtVer+F+G4    1060.435     111 2342.870     27206.870    2527.525
160  mtVer+F+I+G4  1060.391     112 2344.782     27656.782    2531.101
163  mtInv+G4      1100.871     92  2385.742     19497.742    2538.790
164  mtInv+I+G4    1100.959     93  2387.919     19871.919    2542.630
167  mtInv+F+G4    1070.903     111 2363.805     27227.805    2548.461
168  mtInv+F+I+G4  1070.988     112 2365.977     27677.977    2552.296
171  mtMAM+G4      1130.842     92  2445.683     19557.683    2598.731
172  mtMAM+I+G4    1130.765     93  2447.529     19931.529    2602.240
175  mtMAM+F+G4    1080.000     111 2382.001     27246.001    2566.656
176  mtMAM+F+I+G4  1080.048     112 2384.096     27696.096    2570.415
WARNING: Normalizing state frequencies so that sum of them equals to 1
179  FLAVI+G4      1078.061     92  2340.123     19452.123    2493.171
WARNING: Normalizing state frequencies so that sum of them equals to 1
180  FLAVI+I+G4    1078.070     93  2342.141     19826.141    2496.852
WARNING: Normalizing state frequencies so that sum of them equals to 1
183  FLAVI+F+G4    1075.497     111 2372.993     27236.993    2557.648
WARNING: Normalizing state frequencies so that sum of them equals to 1
184  FLAVI+F+I+G4  1075.545     112 2375.089     27687.089    2561.408
187  HIVb+G4       1061.296     92  2306.592     19418.592    2459.640
188  HIVb+I+G4     1061.351     93  2308.702     19792.702    2463.413
191  HIVb+F+G4     1060.444     111 2342.888     27206.888    2527.543
192  HIVb+F+I+G4   1060.518     112 2345.037     27657.037    2531.356
195  HIVw+G4       1066.758     92  2317.516     19429.516    2470.564
196  HIVw+I+G4     1066.854     93  2319.708     19803.708    2474.419
199  HIVw+F+G4     1058.894     111 2339.789     27203.789    2524.444
200  HIVw+F+I+G4   1058.915     112 2341.831     27653.831    2528.150
203  FLU+G4        1064.792     92  2313.584     19425.584    2466.632
204  FLU+I+G4      1064.884     93  2315.768     19799.768    2470.479
207  FLU+F+G4      1072.083     111 2366.166     27230.166    2550.822
208  FLU+F+I+G4    1072.194     112 2368.387     27680.387    2554.706
211  rtREV+G4      1104.513     92  2393.025     19505.025    2546.073
212  rtREV+I+G4    1104.621     93  2395.242     19879.242    2549.953
215  rtREV+F+G4    1098.984     111 2419.968     27283.968    2604.623
216  rtREV+F+I+G4  1099.089     112 2422.178     27734.178    2608.497
219  cpREV+G4      1064.419     92  2312.837     19424.837    2465.885
220  cpREV+I+G4    1064.501     93  2315.003     19799.003    2469.714
223  cpREV+F+G4    1064.758     111 2351.516     27215.516    2536.171
224  cpREV+F+I+G4  1064.801     112 2353.602     27665.602    2539.921
Akaike Information Criterion:           JTT+G4
Corrected Akaike Information Criterion: LG
Bayesian Information Criterion:         JTT+G4
Best-fit model: JTT+G4 chosen according to BIC

All model information printed to ../results/molecular_evolution_analyses/phylogenetic_trees/F55329_SMED_G1/F55329_SMED_G1.model.gz
CPU time for ModelFinder: 12.960 seconds (0h:0m:12s)
Wall-clock time for ModelFinder: 12.987 seconds (0h:0m:12s)
Generating 1000 samples for ultrafast bootstrap (seed: 251072)...

NOTE: 1 MB RAM (0 GB) is required!
Estimate model parameters (epsilon = 0.100)
1. Initial log-likelihood: -1055.213
Optimal log-likelihood: -1055.206
Gamma shape alpha: 0.839
Parameters optimization took 1 rounds (0.038 sec)
Wrote distance file to... 
Computing ML distances based on estimated model parameters...
Calculating distance matrix: done in 0.3253 secs using 99.86% CPU
Computing ML distances took 0.325383 sec (of wall-clock time) 0.324927 sec (of CPU time)
Setting up auxiliary I and S matrices: done in 0.000102997 secs using 100% CPU
Constructing RapidNJ tree: done in 0.000307083 secs using 99.97% CPU
Computing RapidNJ tree took 0.000507 sec (of wall-clock time) 0.000506 sec (of CPU time)
Log-likelihood of RapidNJ tree: -1046.672
--------------------------------------------------------------------
|             INITIALIZING CANDIDATE TREE SET                      |
--------------------------------------------------------------------
Generating 98 parsimony trees... 0.517 second
Computing log-likelihood of 98 initial trees ... 1.117 seconds
Current best score: -1037.927

Do NNI search on 20 best initial trees
Optimizing NNI: done in 0.420069 secs using 99.87% CPU
Estimate model parameters (epsilon = 0.100)
BETTER TREE FOUND at iteration 1: -1033.239
Optimizing NNI: done in 0.470796 secs using 99.86% CPU
Estimate model parameters (epsilon = 0.100)
BETTER TREE FOUND at iteration 2: -1032.312
Optimizing NNI: done in 0.585257 secs using 99.85% CPU
Optimizing NNI: done in 0.41912 secs using 99.86% CPU
Estimate model parameters (epsilon = 0.100)
BETTER TREE FOUND at iteration 4: -1030.034
Optimizing NNI: done in 0.597804 secs using 99.84% CPU
Optimizing NNI: done in 0.480332 secs using 99.85% CPU
Optimizing NNI: done in 0.476837 secs using 99.86% CPU
Optimizing NNI: done in 0.519455 secs using 99.85% CPU
Optimizing NNI: done in 0.538043 secs using 99.87% CPU
Optimizing NNI: done in 0.440713 secs using 99.86% CPU
Iteration 10 / LogL: -1039.292 / Time: 0h:0m:7s
Optimizing NNI: done in 0.435659 secs using 99.88% CPU
Optimizing NNI: done in 0.537284 secs using 99.85% CPU
Optimizing NNI: done in 0.321554 secs using 99.85% CPU
Optimizing NNI: done in 0.707549 secs using 99.85% CPU
Optimizing NNI: done in 0.644891 secs using 99.87% CPU
Optimizing NNI: done in 0.565843 secs using 99.88% CPU
Optimizing NNI: done in 0.562782 secs using 99.86% CPU
Optimizing NNI: done in 0.457263 secs using 99.88% CPU
Optimizing NNI: done in 0.427298 secs using 99.88% CPU
Optimizing NNI: done in 0.650745 secs using 99.86% CPU
Iteration 20 / LogL: -1040.784 / Time: 0h:0m:12s
Finish initializing candidate tree set (20)
Current best tree score: -1030.034 / CPU time: 12.243
Number of iterations: 20
--------------------------------------------------------------------
|               OPTIMIZING CANDIDATE TREE SET                      |
--------------------------------------------------------------------
Optimizing NNI: done in 0.382154 secs using 99.84% CPU
Optimizing NNI: done in 0.422827 secs using 97.56% CPU
Optimizing NNI: done in 0.34683 secs using 99.85% CPU
Optimizing NNI: done in 0.236205 secs using 99.82% CPU
Estimate model parameters (epsilon = 0.100)
BETTER TREE FOUND at iteration 24: -1029.689
Optimizing NNI: done in 0.422593 secs using 99.83% CPU
Estimate model parameters (epsilon = 0.100)
BETTER TREE FOUND at iteration 25: -1026.159
Optimizing NNI: done in 0.359251 secs using 99.84% CPU
Optimizing NNI: done in 0.2921 secs using 99.89% CPU
Optimizing NNI: done in 0.486373 secs using 99.86% CPU
Optimizing NNI: done in 0.452674 secs using 99.85% CPU
Optimizing NNI: done in 0.437655 secs using 99.86% CPU
Iteration 30 / LogL: -1029.938 / Time: 0h:0m:16s (0h:0m:54s left)
Optimizing NNI: done in 0.428673 secs using 99.85% CPU
Optimizing NNI: done in 0.309772 secs using 99.88% CPU
Optimizing NNI: done in 0.41604 secs using 99.86% CPU
Optimizing NNI: done in 0.429082 secs using 99.84% CPU
Optimizing NNI: done in 0.300697 secs using 99.87% CPU
Optimizing NNI: done in 0.410131 secs using 99.86% CPU
Optimizing NNI: done in 0.305837 secs using 99.85% CPU
Optimizing NNI: done in 0.435657 secs using 99.87% CPU
Optimizing NNI: done in 0.475235 secs using 99.87% CPU
Optimizing NNI: done in 0.424241 secs using 99.88% CPU
Iteration 40 / LogL: -1026.159 / Time: 0h:0m:20s (0h:0m:45s left)
Optimizing NNI: done in 0.244897 secs using 99.87% CPU
Optimizing NNI: done in 0.365935 secs using 99.86% CPU
Optimizing NNI: done in 0.438115 secs using 99.86% CPU
Optimizing NNI: done in 0.282968 secs using 99.85% CPU
Optimizing NNI: done in 0.422561 secs using 99.85% CPU
Optimizing NNI: done in 0.383327 secs using 99.86% CPU
Optimizing NNI: done in 0.345037 secs using 99.86% CPU
Optimizing NNI: done in 0.298927 secs using 99.86% CPU
Optimizing NNI: done in 0.304927 secs using 99.86% CPU
Optimizing NNI: done in 0.296114 secs using 99.85% CPU
Iteration 50 / LogL: -1028.640 / Time: 0h:0m:24s (0h:0m:37s left)
Log-likelihood cutoff on original alignment: -1060.016
Optimizing NNI: done in 0.30522 secs using 99.8% CPU
Optimizing NNI: done in 0.484877 secs using 99.87% CPU
Optimizing NNI: done in 0.285338 secs using 99.77% CPU
Optimizing NNI: done in 0.465977 secs using 99.22% CPU
Optimizing NNI: done in 0.386329 secs using 99.85% CPU
Optimizing NNI: done in 0.322631 secs using 99.85% CPU
Optimizing NNI: done in 0.43447 secs using 99.86% CPU
Optimizing NNI: done in 0.321802 secs using 99.88% CPU
Optimizing NNI: done in 0.417172 secs using 99.85% CPU
Optimizing NNI: done in 0.321046 secs using 99.86% CPU
Iteration 60 / LogL: -1028.385 / Time: 0h:0m:28s (0h:0m:31s left)
Optimizing NNI: done in 0.320812 secs using 99.88% CPU
Optimizing NNI: done in 0.477059 secs using 99.59% CPU
Optimizing NNI: done in 0.582468 secs using 99.85% CPU
Optimizing NNI: done in 0.217711 secs using 99.86% CPU
Optimizing NNI: done in 0.155384 secs using 99.86% CPU
Optimizing NNI: done in 0.273315 secs using 99.88% CPU
Optimizing NNI: done in 0.421653 secs using 99.87% CPU
Optimizing NNI: done in 0.373578 secs using 99.89% CPU
Optimizing NNI: done in 0.445307 secs using 99.86% CPU
Optimizing NNI: done in 0.421861 secs using 99.85% CPU
Iteration 70 / LogL: -1028.009 / Time: 0h:0m:32s (0h:0m:25s left)
Optimizing NNI: done in 0.42847 secs using 99.86% CPU
Optimizing NNI: done in 0.299659 secs using 99.88% CPU
Optimizing NNI: done in 0.262718 secs using 99.87% CPU
Optimizing NNI: done in 0.383798 secs using 99.78% CPU
Optimizing NNI: done in 0.400497 secs using 99.83% CPU
Optimizing NNI: done in 0.221221 secs using 99.8% CPU
Optimizing NNI: done in 0.281579 secs using 99.78% CPU
Optimizing NNI: done in 0.337571 secs using 99.78% CPU
Optimizing NNI: done in 0.397895 secs using 99.78% CPU
Optimizing NNI: done in 0.397251 secs using 99.83% CPU
Iteration 80 / LogL: -1026.159 / Time: 0h:0m:35s (0h:0m:20s left)
Optimizing NNI: done in 0.274984 secs using 99.58% CPU
Optimizing NNI: done in 0.397976 secs using 98.76% CPU
Optimizing NNI: done in 0.277256 secs using 99.78% CPU
Optimizing NNI: done in 0.279545 secs using 99.81% CPU
Optimizing NNI: done in 0.281431 secs using 99.82% CPU
Optimizing NNI: done in 0.548946 secs using 99.81% CPU
Optimizing NNI: done in 0.472981 secs using 99.82% CPU
Optimizing NNI: done in 0.336305 secs using 99.86% CPU
Optimizing NNI: done in 0.402333 secs using 99.86% CPU
Optimizing NNI: done in 0.29064 secs using 99.88% CPU
Iteration 90 / LogL: -1028.534 / Time: 0h:0m:39s (0h:0m:15s left)
Optimizing NNI: done in 0.340559 secs using 99.87% CPU
Optimizing NNI: done in 0.366807 secs using 99.83% CPU
Optimizing NNI: done in 0.363284 secs using 99.85% CPU
Optimizing NNI: done in 0.50772 secs using 99.87% CPU
Optimizing NNI: done in 0.38329 secs using 99.87% CPU
Optimizing NNI: done in 0.392319 secs using 98.85% CPU
Optimizing NNI: done in 0.336391 secs using 99.87% CPU
Optimizing NNI: done in 0.27335 secs using 99.86% CPU
Optimizing NNI: done in 0.388344 secs using 99.86% CPU
Optimizing NNI: done in 0.382662 secs using 99.88% CPU
Iteration 100 / LogL: -1027.301 / Time: 0h:0m:43s (0h:0m:10s left)
Log-likelihood cutoff on original alignment: -1059.227
NOTE: Bootstrap correlation coefficient of split occurrence frequencies: 0.989
NOTE: UFBoot does not converge, continue at least 100 more iterations
Optimizing NNI: done in 0.279925 secs using 99.7% CPU
Optimizing NNI: done in 0.287519 secs using 99.84% CPU
Optimizing NNI: done in 0.346913 secs using 99.86% CPU
Optimizing NNI: done in 0.220245 secs using 99.86% CPU
Optimizing NNI: done in 0.505414 secs using 92.68% CPU
Optimizing NNI: done in 0.267016 secs using 95.37% CPU
Optimizing NNI: done in 0.274463 secs using 99.86% CPU
Optimizing NNI: done in 0.23243 secs using 99.85% CPU
Optimizing NNI: done in 0.501662 secs using 99.86% CPU
Optimizing NNI: done in 0.357556 secs using 99.85% CPU
Iteration 110 / LogL: -1028.640 / Time: 0h:0m:46s (0h:0m:38s left)
Optimizing NNI: done in 0.599951 secs using 99.33% CPU
Optimizing NNI: done in 0.338844 secs using 99.85% CPU
Optimizing NNI: done in 0.480399 secs using 99.87% CPU
Optimizing NNI: done in 0.276253 secs using 99.85% CPU
Optimizing NNI: done in 0.292199 secs using 99.86% CPU
Optimizing NNI: done in 0.293572 secs using 99.87% CPU
Optimizing NNI: done in 0.3339 secs using 99.86% CPU
Optimizing NNI: done in 0.275815 secs using 99.86% CPU
Optimizing NNI: done in 0.351223 secs using 99.85% CPU
Optimizing NNI: done in 0.295591 secs using 99.85% CPU
Iteration 120 / LogL: -1026.159 / Time: 0h:0m:50s (0h:0m:33s left)
Optimizing NNI: done in 0.43555 secs using 99.84% CPU
Optimizing NNI: done in 0.452698 secs using 99.85% CPU
Optimizing NNI: done in 0.248408 secs using 99.88% CPU
Optimizing NNI: done in 0.248392 secs using 99.85% CPU
Optimizing NNI: done in 0.36406 secs using 99.56% CPU
Optimizing NNI: done in 0.351825 secs using 99.45% CPU
Optimizing NNI: done in 0.227298 secs using 99.85% CPU
Optimizing NNI: done in 0.342998 secs using 99.53% CPU
Optimizing NNI: done in 0.279188 secs using 99.82% CPU
Optimizing NNI: done in 0.413631 secs using 99.56% CPU
Iteration 130 / LogL: -1030.540 / Time: 0h:0m:53s (0h:0m:29s left)
Optimizing NNI: done in 0.336887 secs using 99.53% CPU
Optimizing NNI: done in 0.293119 secs using 99.35% CPU
Optimizing NNI: done in 0.337974 secs using 99.86% CPU
Optimizing NNI: done in 0.304465 secs using 99.57% CPU
Optimizing NNI: done in 0.42622 secs using 99.34% CPU
Optimizing NNI: done in 0.251069 secs using 99.8% CPU
Optimizing NNI: done in 0.259256 secs using 99.52% CPU
Optimizing NNI: done in 0.366023 secs using 99.47% CPU
Optimizing NNI: done in 0.331979 secs using 98.63% CPU
Optimizing NNI: done in 0.199983 secs using 99.33% CPU
Iteration 140 / LogL: -1030.065 / Time: 0h:0m:57s (0h:0m:24s left)
Optimizing NNI: done in 0.258665 secs using 99.84% CPU
Optimizing NNI: done in 0.30577 secs using 99.4% CPU
Optimizing NNI: done in 0.198209 secs using 99.81% CPU
Optimizing NNI: done in 0.206786 secs using 99.42% CPU
Optimizing NNI: done in 0.25102 secs using 99.77% CPU
Optimizing NNI: done in 0.357086 secs using 99.49% CPU
Optimizing NNI: done in 0.272824 secs using 98.39% CPU
Optimizing NNI: done in 0.396569 secs using 99.11% CPU
Optimizing NNI: done in 0.235892 secs using 99.71% CPU
Optimizing NNI: done in 0.351162 secs using 99.85% CPU
Iteration 150 / LogL: -1031.013 / Time: 0h:1m:0s (0h:0m:20s left)
Log-likelihood cutoff on original alignment: -1059.227
Optimizing NNI: done in 0.461103 secs using 99.91% CPU
Optimizing NNI: done in 0.290829 secs using 99.62% CPU
Optimizing NNI: done in 0.310047 secs using 99.16% CPU
Optimizing NNI: done in 0.258043 secs using 99.9% CPU
Optimizing NNI: done in 0.354044 secs using 99.85% CPU
Optimizing NNI: done in 0.398858 secs using 99.84% CPU
Optimizing NNI: done in 0.360833 secs using 99.88% CPU
Optimizing NNI: done in 0.331194 secs using 99.88% CPU
Optimizing NNI: done in 0.324215 secs using 99.89% CPU
Optimizing NNI: done in 0.373355 secs using 99.89% CPU
Iteration 160 / LogL: -1026.159 / Time: 0h:1m:3s (0h:0m:16s left)
Optimizing NNI: done in 0.474986 secs using 99.87% CPU
Optimizing NNI: done in 0.346535 secs using 99.88% CPU
Optimizing NNI: done in 0.290035 secs using 99.88% CPU
Optimizing NNI: done in 0.381205 secs using 99.89% CPU
Optimizing NNI: done in 0.327538 secs using 99.89% CPU
Optimizing NNI: done in 0.404877 secs using 99.89% CPU
Optimizing NNI: done in 0.160573 secs using 99.73% CPU
Optimizing NNI: done in 0.254861 secs using 99.85% CPU
Estimate model parameters (epsilon = 0.100)
BETTER TREE FOUND at iteration 168: -1025.057
Optimizing NNI: done in 0.282197 secs using 99.85% CPU
Optimizing NNI: done in 0.2806 secs using 99.89% CPU
Iteration 170 / LogL: -1027.851 / Time: 0h:1m:7s (0h:0m:39s left)
Optimizing NNI: done in 0.284177 secs using 99.87% CPU
Optimizing NNI: done in 0.334912 secs using 99.91% CPU
Optimizing NNI: done in 0.280543 secs using 99.87% CPU
Optimizing NNI: done in 0.332998 secs using 99.87% CPU
Optimizing NNI: done in 0.33178 secs using 99.88% CPU
Optimizing NNI: done in 0.219905 secs using 99.9% CPU
Optimizing NNI: done in 0.283856 secs using 99.87% CPU
Optimizing NNI: done in 0.281766 secs using 99.89% CPU
Optimizing NNI: done in 0.339203 secs using 99.85% CPU
Optimizing NNI: done in 0.261605 secs using 99.91% CPU
Iteration 180 / LogL: -1028.560 / Time: 0h:1m:10s (0h:0m:34s left)
Optimizing NNI: done in 0.332559 secs using 99.88% CPU
Optimizing NNI: done in 0.512878 secs using 99.84% CPU
Optimizing NNI: done in 0.227133 secs using 99.83% CPU
Optimizing NNI: done in 0.34567 secs using 99.89% CPU
Optimizing NNI: done in 0.157942 secs using 99.82% CPU
Optimizing NNI: done in 0.320074 secs using 99.88% CPU
Optimizing NNI: done in 0.339765 secs using 99.89% CPU
Optimizing NNI: done in 0.302663 secs using 99.81% CPU
Optimizing NNI: done in 0.41585 secs using 99.86% CPU
Optimizing NNI: done in 0.261111 secs using 99.89% CPU
BETTER TREE FOUND at iteration 190: -1025.057
Iteration 190 / LogL: -1025.057 / Time: 0h:1m:13s (0h:0m:39s left)
Optimizing NNI: done in 0.256824 secs using 99.85% CPU
Optimizing NNI: done in 0.258836 secs using 99.82% CPU
BETTER TREE FOUND at iteration 192: -1025.057
Optimizing NNI: done in 0.242564 secs using 99.87% CPU
Optimizing NNI: done in 0.390744 secs using 99.84% CPU
Optimizing NNI: done in 0.520154 secs using 99.86% CPU
Optimizing NNI: done in 0.39524 secs using 99.88% CPU
Optimizing NNI: done in 0.330869 secs using 99.83% CPU
Optimizing NNI: done in 0.278276 secs using 99.88% CPU
Optimizing NNI: done in 0.351209 secs using 99.85% CPU
Optimizing NNI: done in 0.25263 secs using 99.88% CPU
Iteration 200 / LogL: -1025.057 / Time: 0h:1m:17s (0h:0m:35s left)
Log-likelihood cutoff on original alignment: -1059.227
NOTE: Bootstrap correlation coefficient of split occurrence frequencies: 0.986
NOTE: UFBoot does not converge, continue at least 100 more iterations
Optimizing NNI: done in 0.201463 secs using 99.89% CPU
Optimizing NNI: done in 0.370517 secs using 99.89% CPU
Optimizing NNI: done in 0.155658 secs using 99.88% CPU
Optimizing NNI: done in 0.311807 secs using 99.87% CPU
Optimizing NNI: done in 0.59035 secs using 99.66% CPU
Optimizing NNI: done in 0.182298 secs using 99.88% CPU
Optimizing NNI: done in 0.352947 secs using 99.87% CPU
Optimizing NNI: done in 0.282257 secs using 99.86% CPU
Optimizing NNI: done in 0.289371 secs using 99.86% CPU
Optimizing NNI: done in 0.459648 secs using 99.88% CPU
Iteration 210 / LogL: -1044.126 / Time: 0h:1m:21s (0h:0m:34s left)
Optimizing NNI: done in 0.234558 secs using 99.88% CPU
Optimizing NNI: done in 0.190479 secs using 99.85% CPU
Optimizing NNI: done in 0.324763 secs using 99.85% CPU
Optimizing NNI: done in 0.447035 secs using 99.87% CPU
Optimizing NNI: done in 0.348911 secs using 99.88% CPU
Optimizing NNI: done in 0.412494 secs using 99.87% CPU
Optimizing NNI: done in 0.302093 secs using 99.85% CPU
Optimizing NNI: done in 0.309038 secs using 99.88% CPU
Optimizing NNI: done in 0.249436 secs using 99.89% CPU
Optimizing NNI: done in 0.212447 secs using 99.88% CPU
Iteration 220 / LogL: -1025.057 / Time: 0h:1m:24s (0h:0m:30s left)
Optimizing NNI: done in 0.4076 secs using 99.85% CPU
Optimizing NNI: done in 0.443803 secs using 99.84% CPU
Optimizing NNI: done in 0.228292 secs using 99.86% CPU
Optimizing NNI: done in 0.277745 secs using 99.85% CPU
Optimizing NNI: done in 0.358169 secs using 99.86% CPU
Optimizing NNI: done in 0.502211 secs using 99.83% CPU
Optimizing NNI: done in 0.570906 secs using 99.82% CPU
Optimizing NNI: done in 0.397129 secs using 99.87% CPU
Optimizing NNI: done in 0.300757 secs using 99.88% CPU
Optimizing NNI: done in 0.171923 secs using 99.84% CPU
Iteration 230 / LogL: -1027.232 / Time: 0h:1m:28s (0h:0m:26s left)
Optimizing NNI: done in 0.437515 secs using 99.88% CPU
Optimizing NNI: done in 0.353847 secs using 99.84% CPU
Optimizing NNI: done in 0.22303 secs using 99.81% CPU
Optimizing NNI: done in 0.285972 secs using 99.87% CPU
Optimizing NNI: done in 0.396617 secs using 99.84% CPU
Optimizing NNI: done in 0.395175 secs using 99.85% CPU
Optimizing NNI: done in 0.444888 secs using 99.88% CPU
Optimizing NNI: done in 0.464356 secs using 99.88% CPU
Optimizing NNI: done in 0.379628 secs using 98.82% CPU
Optimizing NNI: done in 0.484889 secs using 99.87% CPU
Iteration 240 / LogL: -1025.057 / Time: 0h:1m:32s (0h:0m:23s left)
Optimizing NNI: done in 0.340129 secs using 99.86% CPU
BETTER TREE FOUND at iteration 241: -1025.057
Optimizing NNI: done in 0.436426 secs using 99.85% CPU
Optimizing NNI: done in 0.339316 secs using 99.86% CPU
Optimizing NNI: done in 0.196051 secs using 99.87% CPU
Optimizing NNI: done in 0.419031 secs using 99.88% CPU
Optimizing NNI: done in 0.354127 secs using 99.86% CPU
Optimizing NNI: done in 0.214241 secs using 99.83% CPU
Optimizing NNI: done in 0.193154 secs using 99.82% CPU
Optimizing NNI: done in 0.299577 secs using 99.85% CPU
Optimizing NNI: done in 0.335716 secs using 99.81% CPU
Iteration 250 / LogL: -1026.001 / Time: 0h:1m:35s (0h:0m:34s left)
Log-likelihood cutoff on original alignment: -1059.227
Optimizing NNI: done in 0.207489 secs using 99.86% CPU
Optimizing NNI: done in 0.20629 secs using 99.84% CPU
Optimizing NNI: done in 0.282308 secs using 99.85% CPU
Optimizing NNI: done in 0.310066 secs using 99.87% CPU
Optimizing NNI: done in 0.259916 secs using 99.06% CPU
Optimizing NNI: done in 0.299976 secs using 99.58% CPU
Optimizing NNI: done in 0.323295 secs using 99.83% CPU
Optimizing NNI: done in 0.506495 secs using 99.85% CPU
Optimizing NNI: done in 0.335843 secs using 99.45% CPU
Optimizing NNI: done in 0.279226 secs using 99.83% CPU
Iteration 260 / LogL: -1026.743 / Time: 0h:1m:39s (0h:0m:31s left)
Optimizing NNI: done in 0.284514 secs using 99.85% CPU
Optimizing NNI: done in 0.330352 secs using 99.88% CPU
Optimizing NNI: done in 0.392243 secs using 99.87% CPU
Optimizing NNI: done in 0.537397 secs using 99.87% CPU
Optimizing NNI: done in 0.387594 secs using 99.86% CPU
Optimizing NNI: done in 0.377814 secs using 99.29% CPU
Optimizing NNI: done in 0.368827 secs using 99.85% CPU
Optimizing NNI: done in 0.311392 secs using 99.83% CPU
Optimizing NNI: done in 0.514739 secs using 99.86% CPU
Optimizing NNI: done in 0.422536 secs using 99.82% CPU
Iteration 270 / LogL: -1025.057 / Time: 0h:1m:43s (0h:0m:27s left)
Optimizing NNI: done in 0.301932 secs using 99.83% CPU
Optimizing NNI: done in 0.294039 secs using 99.4% CPU
Optimizing NNI: done in 0.302534 secs using 99.84% CPU
Optimizing NNI: done in 0.412115 secs using 99.86% CPU
Optimizing NNI: done in 0.309126 secs using 99.82% CPU
Optimizing NNI: done in 0.371184 secs using 99.84% CPU
Optimizing NNI: done in 0.422041 secs using 99.85% CPU
Optimizing NNI: done in 0.298525 secs using 99.84% CPU
Optimizing NNI: done in 0.361967 secs using 99.86% CPU
Optimizing NNI: done in 0.177586 secs using 99.84% CPU
Iteration 280 / LogL: -1025.057 / Time: 0h:1m:46s (0h:0m:23s left)
Optimizing NNI: done in 0.427018 secs using 99.81% CPU
Optimizing NNI: done in 0.390023 secs using 99.87% CPU
Optimizing NNI: done in 0.308516 secs using 99.88% CPU
Optimizing NNI: done in 0.550402 secs using 99.87% CPU
Optimizing NNI: done in 0.203975 secs using 99.89% CPU
Optimizing NNI: done in 0.381768 secs using 99.86% CPU
Optimizing NNI: done in 0.426456 secs using 99.72% CPU
Optimizing NNI: done in 0.319461 secs using 99.86% CPU
Optimizing NNI: done in 0.376568 secs using 99.86% CPU
Optimizing NNI: done in 0.614394 secs using 99.04% CPU
Iteration 290 / LogL: -1025.057 / Time: 0h:1m:51s (0h:0m:19s left)
Optimizing NNI: done in 0.303067 secs using 99.84% CPU
Optimizing NNI: done in 0.437653 secs using 99.86% CPU
Optimizing NNI: done in 0.304745 secs using 99.89% CPU
Optimizing NNI: done in 0.200866 secs using 99.87% CPU
Optimizing NNI: done in 0.308094 secs using 99.87% CPU
Optimizing NNI: done in 0.262168 secs using 99.87% CPU
Optimizing NNI: done in 0.304646 secs using 99.86% CPU
Optimizing NNI: done in 0.421285 secs using 99.87% CPU
Optimizing NNI: done in 0.415369 secs using 99.88% CPU
Optimizing NNI: done in 0.31213 secs using 99.84% CPU
Iteration 300 / LogL: -1027.232 / Time: 0h:1m:54s (0h:0m:15s left)
Log-likelihood cutoff on original alignment: -1059.227
NOTE: Bootstrap correlation coefficient of split occurrence frequencies: 0.976
NOTE: UFBoot does not converge, continue at least 100 more iterations
Optimizing NNI: done in 0.327917 secs using 99.86% CPU
Optimizing NNI: done in 0.265652 secs using 99.85% CPU
Optimizing NNI: done in 0.371225 secs using 99.87% CPU
Optimizing NNI: done in 0.204056 secs using 99.88% CPU
Optimizing NNI: done in 0.25601 secs using 99.87% CPU
Optimizing NNI: done in 0.287765 secs using 99.85% CPU
Optimizing NNI: done in 0.322541 secs using 99.87% CPU
Optimizing NNI: done in 0.208099 secs using 99.1% CPU
Optimizing NNI: done in 0.358361 secs using 99.64% CPU
Optimizing NNI: done in 0.467794 secs using 99.86% CPU
Iteration 310 / LogL: -1027.358 / Time: 0h:1m:58s (0h:0m:34s left)
Optimizing NNI: done in 0.241785 secs using 99.53% CPU
Optimizing NNI: done in 0.360433 secs using 99.86% CPU
Optimizing NNI: done in 0.430569 secs using 99.88% CPU
Optimizing NNI: done in 0.245407 secs using 99.86% CPU
Optimizing NNI: done in 0.29149 secs using 99.85% CPU
Optimizing NNI: done in 0.357425 secs using 95.1% CPU
Optimizing NNI: done in 0.329091 secs using 99.08% CPU
Optimizing NNI: done in 0.280122 secs using 99.31% CPU
Optimizing NNI: done in 0.257309 secs using 99.85% CPU
Optimizing NNI: done in 0.344062 secs using 99.84% CPU
Iteration 320 / LogL: -1025.057 / Time: 0h:2m:1s (0h:0m:30s left)
Optimizing NNI: done in 0.271979 secs using 99.84% CPU
Optimizing NNI: done in 0.231244 secs using 99.89% CPU
Optimizing NNI: done in 0.362273 secs using 99.86% CPU
Optimizing NNI: done in 0.3857 secs using 99.86% CPU
Optimizing NNI: done in 0.439975 secs using 99.86% CPU
Optimizing NNI: done in 0.334378 secs using 99.87% CPU
Optimizing NNI: done in 0.268268 secs using 99.81% CPU
Optimizing NNI: done in 0.386628 secs using 99.85% CPU
Optimizing NNI: done in 0.3469 secs using 99.87% CPU
Optimizing NNI: done in 0.432513 secs using 99.88% CPU
Iteration 330 / LogL: -1028.602 / Time: 0h:2m:5s (0h:0m:26s left)
Optimizing NNI: done in 0.422186 secs using 99.89% CPU
Optimizing NNI: done in 0.348434 secs using 99.87% CPU
Optimizing NNI: done in 0.232523 secs using 99.86% CPU
Optimizing NNI: done in 0.289373 secs using 99.86% CPU
Optimizing NNI: done in 0.459835 secs using 99.86% CPU
Optimizing NNI: done in 0.345492 secs using 99.87% CPU
Optimizing NNI: done in 0.287756 secs using 77.65% CPU
Optimizing NNI: done in 0.233413 secs using 88.26% CPU
Optimizing NNI: done in 0.285043 secs using 99.86% CPU
Optimizing NNI: done in 0.254596 secs using 99.38% CPU
Iteration 340 / LogL: -1028.657 / Time: 0h:2m:9s (0h:0m:22s left)
Optimizing NNI: done in 0.436392 secs using 99.55% CPU
Optimizing NNI: done in 0.42012 secs using 99.85% CPU
Optimizing NNI: done in 0.28841 secs using 99.87% CPU
Optimizing NNI: done in 0.286617 secs using 99.88% CPU
Optimizing NNI: done in 0.315187 secs using 99.88% CPU
Optimizing NNI: done in 0.255404 secs using 99.88% CPU
Optimizing NNI: done in 0.155194 secs using 99.88% CPU
Optimizing NNI: done in 0.396578 secs using 99.87% CPU
Optimizing NNI: done in 0.258029 secs using 99.89% CPU
Optimizing NNI: done in 0.197356 secs using 99.85% CPU
Iteration 350 / LogL: -1027.028 / Time: 0h:2m:12s (0h:0m:18s left)
Log-likelihood cutoff on original alignment: -1059.227
Optimizing NNI: done in 0.36995 secs using 96.82% CPU
Optimizing NNI: done in 0.201934 secs using 99.86% CPU
Optimizing NNI: done in 0.167801 secs using 99.84% CPU
Optimizing NNI: done in 0.41487 secs using 99.87% CPU
Optimizing NNI: done in 0.42488 secs using 99.61% CPU
Optimizing NNI: done in 0.29458 secs using 99.89% CPU
Optimizing NNI: done in 0.286429 secs using 99.87% CPU
Optimizing NNI: done in 0.331493 secs using 99.86% CPU
Optimizing NNI: done in 0.286186 secs using 99.86% CPU
Optimizing NNI: done in 0.280114 secs using 99.63% CPU
Iteration 360 / LogL: -1025.057 / Time: 0h:2m:15s (0h:0m:15s left)
Optimizing NNI: done in 0.225409 secs using 99.63% CPU
Optimizing NNI: done in 0.16388 secs using 99.85% CPU
Optimizing NNI: done in 0.278548 secs using 99.84% CPU
BETTER TREE FOUND at iteration 363: -1025.057
Optimizing NNI: done in 0.245866 secs using 99.84% CPU
Optimizing NNI: done in 0.371866 secs using 99.84% CPU
Optimizing NNI: done in 0.370297 secs using 98.76% CPU
Optimizing NNI: done in 0.383977 secs using 99.7% CPU
Optimizing NNI: done in 0.292471 secs using 99.54% CPU
Optimizing NNI: done in 0.555876 secs using 99.82% CPU
Optimizing NNI: done in 0.321775 secs using 99.83% CPU
Iteration 370 / LogL: -1025.057 / Time: 0h:2m:19s (0h:0m:35s left)
Optimizing NNI: done in 0.29981 secs using 99.86% CPU
Optimizing NNI: done in 0.283657 secs using 98.42% CPU
Optimizing NNI: done in 0.349017 secs using 99.83% CPU
Optimizing NNI: done in 0.467559 secs using 99.84% CPU
Optimizing NNI: done in 0.290856 secs using 99.87% CPU
Optimizing NNI: done in 0.629483 secs using 99.15% CPU
Optimizing NNI: done in 0.313452 secs using 99.83% CPU
Optimizing NNI: done in 0.282539 secs using 99.86% CPU
Optimizing NNI: done in 0.342631 secs using 99.84% CPU
Optimizing NNI: done in 0.351184 secs using 99.86% CPU
Iteration 380 / LogL: -1029.729 / Time: 0h:2m:23s (0h:0m:31s left)
Optimizing NNI: done in 0.364664 secs using 99.86% CPU
Optimizing NNI: done in 0.347033 secs using 99.85% CPU
Optimizing NNI: done in 0.447919 secs using 99.84% CPU
Optimizing NNI: done in 0.450267 secs using 99.84% CPU
Optimizing NNI: done in 0.306995 secs using 99.63% CPU
Optimizing NNI: done in 0.294463 secs using 99.87% CPU
Optimizing NNI: done in 0.300966 secs using 99.4% CPU
Optimizing NNI: done in 0.358348 secs using 99.73% CPU
Optimizing NNI: done in 0.36224 secs using 99.85% CPU
Optimizing NNI: done in 0.237706 secs using 99.85% CPU
Iteration 390 / LogL: -1027.401 / Time: 0h:2m:27s (0h:0m:27s left)
Optimizing NNI: done in 0.353089 secs using 99.87% CPU
Optimizing NNI: done in 0.376369 secs using 99.87% CPU
Optimizing NNI: done in 0.232545 secs using 99.86% CPU
Optimizing NNI: done in 0.349336 secs using 99.86% CPU
Optimizing NNI: done in 0.410302 secs using 99.85% CPU
Optimizing NNI: done in 0.228281 secs using 99.84% CPU
Optimizing NNI: done in 0.305362 secs using 99.85% CPU
Optimizing NNI: done in 0.353436 secs using 99.8% CPU
Optimizing NNI: done in 0.518364 secs using 98.67% CPU
Optimizing NNI: done in 0.300369 secs using 99.08% CPU
Iteration 400 / LogL: -1025.057 / Time: 0h:2m:31s (0h:0m:23s left)
Log-likelihood cutoff on original alignment: -1059.227
NOTE: Bootstrap correlation coefficient of split occurrence frequencies: 0.989
NOTE: UFBoot does not converge, continue at least 100 more iterations
Optimizing NNI: done in 0.417882 secs using 99.76% CPU
Optimizing NNI: done in 0.4982 secs using 99.74% CPU
Optimizing NNI: done in 0.301857 secs using 99.61% CPU
Optimizing NNI: done in 0.3031 secs using 99.75% CPU
Optimizing NNI: done in 0.590146 secs using 99.82% CPU
Optimizing NNI: done in 0.424464 secs using 99.82% CPU
Optimizing NNI: done in 0.235593 secs using 99.78% CPU
Optimizing NNI: done in 0.358664 secs using 99.78% CPU
Optimizing NNI: done in 0.435964 secs using 99.83% CPU
Optimizing NNI: done in 0.493947 secs using 99.87% CPU
Iteration 410 / LogL: -1032.308 / Time: 0h:2m:35s (0h:0m:34s left)
Optimizing NNI: done in 0.405369 secs using 99.85% CPU
Optimizing NNI: done in 0.350862 secs using 99.43% CPU
Optimizing NNI: done in 0.362901 secs using 99.84% CPU
Optimizing NNI: done in 0.340884 secs using 99.87% CPU
Optimizing NNI: done in 0.224538 secs using 99.86% CPU
Optimizing NNI: done in 0.288211 secs using 99.84% CPU
Optimizing NNI: done in 0.359829 secs using 96.31% CPU
Optimizing NNI: done in 0.346872 secs using 99.84% CPU
Optimizing NNI: done in 0.296562 secs using 99.87% CPU
Optimizing NNI: done in 0.394909 secs using 99.86% CPU
Iteration 420 / LogL: -1025.057 / Time: 0h:2m:39s (0h:0m:30s left)
Optimizing NNI: done in 0.291034 secs using 99.87% CPU
Optimizing NNI: done in 0.67141 secs using 99.86% CPU
Optimizing NNI: done in 0.227616 secs using 99.4% CPU
Optimizing NNI: done in 0.232189 secs using 99.86% CPU
Optimizing NNI: done in 0.226827 secs using 99.86% CPU
Optimizing NNI: done in 0.231934 secs using 99.84% CPU
Optimizing NNI: done in 0.356798 secs using 99.86% CPU
Optimizing NNI: done in 0.413897 secs using 99.85% CPU
Optimizing NNI: done in 0.358506 secs using 89.08% CPU
Optimizing NNI: done in 0.348506 secs using 99.86% CPU
Iteration 430 / LogL: -1027.358 / Time: 0h:2m:43s (0h:0m:26s left)
Optimizing NNI: done in 0.413775 secs using 99.85% CPU
Optimizing NNI: done in 0.348857 secs using 99.86% CPU
Optimizing NNI: done in 0.266129 secs using 99.86% CPU
Optimizing NNI: done in 0.43371 secs using 99.84% CPU
Optimizing NNI: done in 0.362111 secs using 99.86% CPU
Optimizing NNI: done in 0.361195 secs using 99.86% CPU
Optimizing NNI: done in 0.436939 secs using 99.86% CPU
Optimizing NNI: done in 0.367166 secs using 99.87% CPU
Optimizing NNI: done in 0.479398 secs using 99.65% CPU
Estimate model parameters (epsilon = 0.100)
BETTER TREE FOUND at iteration 439: -1023.503
Optimizing NNI: done in 0.303611 secs using 99.85% CPU
Iteration 440 / LogL: -1026.928 / Time: 0h:2m:47s (0h:0m:37s left)
Optimizing NNI: done in 0.28773 secs using 99.84% CPU
Optimizing NNI: done in 0.420126 secs using 99.85% CPU
Optimizing NNI: done in 0.531657 secs using 99.85% CPU
Optimizing NNI: done in 0.353629 secs using 99.88% CPU
Optimizing NNI: done in 0.236358 secs using 99.86% CPU
Optimizing NNI: done in 0.23309 secs using 99.88% CPU
Optimizing NNI: done in 0.530389 secs using 99.87% CPU
Optimizing NNI: done in 0.305964 secs using 99.86% CPU
Optimizing NNI: done in 0.352373 secs using 99.86% CPU
Optimizing NNI: done in 0.363847 secs using 99.84% CPU
Iteration 450 / LogL: -1023.503 / Time: 0h:2m:51s (0h:0m:34s left)
Log-likelihood cutoff on original alignment: -1059.227
Optimizing NNI: done in 0.605095 secs using 99.86% CPU
Optimizing NNI: done in 0.454877 secs using 99.87% CPU
Optimizing NNI: done in 0.457239 secs using 99.87% CPU
Optimizing NNI: done in 0.492491 secs using 82.03% CPU
Optimizing NNI: done in 0.241732 secs using 99.87% CPU
Optimizing NNI: done in 0.43259 secs using 99.87% CPU
Optimizing NNI: done in 0.294439 secs using 99.83% CPU
Optimizing NNI: done in 0.305362 secs using 99.87% CPU
Optimizing NNI: done in 0.558574 secs using 99.86% CPU
BETTER TREE FOUND at iteration 459: -1023.503
Optimizing NNI: done in 0.371013 secs using 99.86% CPU
Iteration 460 / LogL: -1023.503 / Time: 0h:2m:56s (0h:0m:38s left)
Optimizing NNI: done in 0.431202 secs using 99.86% CPU
Optimizing NNI: done in 0.254849 secs using 99.82% CPU
Optimizing NNI: done in 0.378092 secs using 99.88% CPU
Optimizing NNI: done in 0.306784 secs using 99.87% CPU
Optimizing NNI: done in 0.303611 secs using 99.88% CPU
Optimizing NNI: done in 0.242866 secs using 99.86% CPU
Optimizing NNI: done in 0.296215 secs using 99.85% CPU
Optimizing NNI: done in 0.34043 secs using 99.86% CPU
Optimizing NNI: done in 0.314948 secs using 98.26% CPU
Optimizing NNI: done in 0.494523 secs using 99.86% CPU
BETTER TREE FOUND at iteration 470: -1023.503
Iteration 470 / LogL: -1023.503 / Time: 0h:3m:0s (0h:0m:38s left)
Optimizing NNI: done in 0.459574 secs using 99.84% CPU
Optimizing NNI: done in 0.364006 secs using 99.87% CPU
Optimizing NNI: done in 0.472451 secs using 99.87% CPU
Optimizing NNI: done in 0.30269 secs using 99.88% CPU
Optimizing NNI: done in 0.236324 secs using 99.88% CPU
Optimizing NNI: done in 0.355734 secs using 99.88% CPU
Optimizing NNI: done in 0.360618 secs using 99.87% CPU
Optimizing NNI: done in 0.299863 secs using 99.88% CPU
Optimizing NNI: done in 0.349247 secs using 99.86% CPU
Optimizing NNI: done in 0.351084 secs using 98.96% CPU
Iteration 480 / LogL: -1052.315 / Time: 0h:3m:4s (0h:0m:34s left)
Optimizing NNI: done in 0.363097 secs using 99.85% CPU
Optimizing NNI: done in 0.44505 secs using 99.85% CPU
Optimizing NNI: done in 0.445735 secs using 99.8% CPU
Optimizing NNI: done in 0.257368 secs using 99.88% CPU
Optimizing NNI: done in 0.269789 secs using 99.87% CPU
Optimizing NNI: done in 0.279261 secs using 99.84% CPU
Optimizing NNI: done in 0.213685 secs using 99.88% CPU
Optimizing NNI: done in 0.215127 secs using 99.31% CPU
Optimizing NNI: done in 0.349247 secs using 99.59% CPU
Optimizing NNI: done in 0.401217 secs using 99.86% CPU
Iteration 490 / LogL: -1023.503 / Time: 0h:3m:8s (0h:0m:30s left)
Optimizing NNI: done in 0.232761 secs using 99.87% CPU
Optimizing NNI: done in 0.231179 secs using 99.86% CPU
Optimizing NNI: done in 0.402889 secs using 99.86% CPU
Optimizing NNI: done in 0.350182 secs using 99.87% CPU
Optimizing NNI: done in 0.479912 secs using 99.85% CPU
Optimizing NNI: done in 0.358116 secs using 99.87% CPU
Optimizing NNI: done in 0.204537 secs using 99.86% CPU
Optimizing NNI: done in 0.353434 secs using 98.51% CPU
Optimizing NNI: done in 0.290451 secs using 99.83% CPU
Optimizing NNI: done in 0.350595 secs using 99.86% CPU
Iteration 500 / LogL: -1025.632 / Time: 0h:3m:11s (0h:0m:26s left)
Log-likelihood cutoff on original alignment: -1059.227
NOTE: Bootstrap correlation coefficient of split occurrence frequencies: 0.984
NOTE: UFBoot does not converge, continue at least 100 more iterations
Optimizing NNI: done in 0.358859 secs using 99.87% CPU
Optimizing NNI: done in 0.308364 secs using 99.87% CPU
Optimizing NNI: done in 0.340901 secs using 99.86% CPU
Optimizing NNI: done in 0.553456 secs using 99.85% CPU
Optimizing NNI: done in 0.526205 secs using 99.86% CPU
Optimizing NNI: done in 0.391616 secs using 99.88% CPU
Optimizing NNI: done in 0.286375 secs using 99.87% CPU
Optimizing NNI: done in 0.329124 secs using 99.88% CPU
Optimizing NNI: done in 0.402739 secs using 99.88% CPU
Optimizing NNI: done in 0.419738 secs using 99.84% CPU
Iteration 510 / LogL: -1028.270 / Time: 0h:3m:16s (0h:0m:34s left)
Optimizing NNI: done in 0.308709 secs using 99.87% CPU
Optimizing NNI: done in 0.789198 secs using 99.85% CPU
Optimizing NNI: done in 0.336251 secs using 99.85% CPU
Optimizing NNI: done in 0.233877 secs using 99.87% CPU
Optimizing NNI: done in 0.40938 secs using 99.87% CPU
Optimizing NNI: done in 0.483693 secs using 99.87% CPU
Optimizing NNI: done in 0.35627 secs using 99.88% CPU
Optimizing NNI: done in 0.300807 secs using 99.88% CPU
Optimizing NNI: done in 0.398069 secs using 99.79% CPU
Optimizing NNI: done in 0.308 secs using 99.84% CPU
Iteration 520 / LogL: -1025.383 / Time: 0h:3m:20s (0h:0m:30s left)
Optimizing NNI: done in 0.409364 secs using 99.83% CPU
Optimizing NNI: done in 0.404598 secs using 99.87% CPU
Optimizing NNI: done in 0.236679 secs using 99.87% CPU
Optimizing NNI: done in 0.294304 secs using 99.86% CPU
Optimizing NNI: done in 0.299464 secs using 99.86% CPU
Optimizing NNI: done in 0.360065 secs using 99.86% CPU
Optimizing NNI: done in 0.229277 secs using 99.87% CPU
Optimizing NNI: done in 0.357233 secs using 99.86% CPU
Optimizing NNI: done in 0.430368 secs using 99.85% CPU
Optimizing NNI: done in 0.21517 secs using 99.86% CPU
Iteration 530 / LogL: -1023.503 / Time: 0h:3m:24s (0h:0m:27s left)
Optimizing NNI: done in 0.373542 secs using 99.87% CPU
Optimizing NNI: done in 0.161549 secs using 99.79% CPU
Optimizing NNI: done in 0.371575 secs using 99.84% CPU
Optimizing NNI: done in 0.383032 secs using 99.85% CPU
Optimizing NNI: done in 0.234577 secs using 99.88% CPU
Optimizing NNI: done in 0.548594 secs using 99.85% CPU
Optimizing NNI: done in 0.262322 secs using 99.87% CPU
Optimizing NNI: done in 0.277555 secs using 99.81% CPU
Optimizing NNI: done in 0.305919 secs using 99.87% CPU
Optimizing NNI: done in 0.400826 secs using 99.88% CPU
Iteration 540 / LogL: -1026.121 / Time: 0h:3m:28s (0h:0m:23s left)
Optimizing NNI: done in 0.249206 secs using 99.86% CPU
Optimizing NNI: done in 0.212617 secs using 99.87% CPU
Optimizing NNI: done in 0.333021 secs using 99.86% CPU
Optimizing NNI: done in 0.249736 secs using 99.85% CPU
Optimizing NNI: done in 0.215766 secs using 99.84% CPU
Optimizing NNI: done in 0.317121 secs using 98.61% CPU
Optimizing NNI: done in 0.257781 secs using 99.85% CPU
Optimizing NNI: done in 0.424744 secs using 99.87% CPU
Optimizing NNI: done in 0.453792 secs using 99.86% CPU
Optimizing NNI: done in 0.308479 secs using 99.54% CPU
Iteration 550 / LogL: -1024.505 / Time: 0h:3m:32s (0h:0m:19s left)
Log-likelihood cutoff on original alignment: -1059.227
Optimizing NNI: done in 0.298126 secs using 99.86% CPU
Optimizing NNI: done in 0.40509 secs using 99.87% CPU
Optimizing NNI: done in 0.417079 secs using 99.87% CPU
Optimizing NNI: done in 0.201764 secs using 99.87% CPU
Optimizing NNI: done in 0.440988 secs using 99.85% CPU
Optimizing NNI: done in 0.151573 secs using 97.48% CPU
Optimizing NNI: done in 0.237043 secs using 99.89% CPU
Optimizing NNI: done in 0.267875 secs using 99.85% CPU
Optimizing NNI: done in 0.271838 secs using 99.87% CPU
Optimizing NNI: done in 0.231476 secs using 99.87% CPU
Iteration 560 / LogL: -1030.844 / Time: 0h:3m:35s (0h:0m:15s left)
Optimizing NNI: done in 0.173747 secs using 99.86% CPU
Optimizing NNI: done in 0.253174 secs using 99.86% CPU
Optimizing NNI: done in 0.475217 secs using 99.88% CPU
Optimizing NNI: done in 0.390324 secs using 99.86% CPU
Optimizing NNI: done in 0.679499 secs using 99.87% CPU
Optimizing NNI: done in 0.487072 secs using 99.88% CPU
Optimizing NNI: done in 0.355212 secs using 99.89% CPU
Optimizing NNI: done in 0.635264 secs using 99.87% CPU
Optimizing NNI: done in 0.226411 secs using 99.86% CPU
Optimizing NNI: done in 0.337391 secs using 99.86% CPU
Iteration 570 / LogL: -1025.594 / Time: 0h:3m:40s (0h:0m:11s left)
Optimizing NNI: done in 0.164239 secs using 99.89% CPU
Optimizing NNI: done in 0.393902 secs using 99.88% CPU
Optimizing NNI: done in 0.376657 secs using 99.84% CPU
Optimizing NNI: done in 0.238936 secs using 79.79% CPU
Optimizing NNI: done in 0.24488 secs using 99.88% CPU
Optimizing NNI: done in 0.495844 secs using 99.86% CPU
Optimizing NNI: done in 0.516046 secs using 99.85% CPU
Optimizing NNI: done in 0.253579 secs using 99.78% CPU
Optimizing NNI: done in 0.34625 secs using 99.86% CPU
Optimizing NNI: done in 0.279445 secs using 99.85% CPU
Iteration 580 / LogL: -1044.287 / Time: 0h:3m:44s (0h:0m:7s left)
Optimizing NNI: done in 0.328154 secs using 85.27% CPU
Optimizing NNI: done in 0.755408 secs using 98.26% CPU
Optimizing NNI: done in 0.286059 secs using 99.87% CPU
Optimizing NNI: done in 0.285949 secs using 99.86% CPU
Optimizing NNI: done in 0.233324 secs using 99.87% CPU
Optimizing NNI: done in 0.235138 secs using 99.89% CPU
Optimizing NNI: done in 0.327271 secs using 99.86% CPU
Optimizing NNI: done in 0.212145 secs using 96.07% CPU
Optimizing NNI: done in 0.211205 secs using 99.89% CPU
Optimizing NNI: done in 0.114426 secs using 96.4% CPU
Iteration 590 / LogL: -1027.521 / Time: 0h:3m:47s (0h:0m:3s left)
Optimizing NNI: done in 0.329477 secs using 99.87% CPU
Optimizing NNI: done in 0.267598 secs using 99.87% CPU
Optimizing NNI: done in 0.278225 secs using 99.87% CPU
Optimizing NNI: done in 0.338544 secs using 99.84% CPU
Optimizing NNI: done in 0.275379 secs using 99.82% CPU
Optimizing NNI: done in 0.283121 secs using 99.87% CPU
Optimizing NNI: done in 0.214008 secs using 99.86% CPU
Optimizing NNI: done in 0.370084 secs using 99.86% CPU
Optimizing NNI: done in 0.34469 secs using 99.52% CPU
Optimizing NNI: done in 0.363896 secs using 99.76% CPU
Iteration 600 / LogL: -1027.370 / Time: 0h:3m:51s (0h:0m:0s left)
Log-likelihood cutoff on original alignment: -1059.227
NOTE: Bootstrap correlation coefficient of split occurrence frequencies: 0.969
NOTE: UFBoot does not converge, continue at least 100 more iterations
Optimizing NNI: done in 0.184909 secs using 99.8% CPU
Optimizing NNI: done in 0.304939 secs using 99.82% CPU
Optimizing NNI: done in 0.247073 secs using 99.87% CPU
Optimizing NNI: done in 0.358858 secs using 99.85% CPU
Optimizing NNI: done in 0.381241 secs using 99.81% CPU
Optimizing NNI: done in 0.374702 secs using 99.85% CPU
Optimizing NNI: done in 0.288452 secs using 99.49% CPU
Optimizing NNI: done in 0.274956 secs using 99.87% CPU
Optimizing NNI: done in 0.268668 secs using 99.86% CPU
Optimizing NNI: done in 0.359361 secs using 99.87% CPU
Iteration 610 / LogL: -1024.636 / Time: 0h:3m:55s (0h:0m:34s left)
Optimizing NNI: done in 0.254648 secs using 99.84% CPU
Optimizing NNI: done in 0.245487 secs using 99.89% CPU
Optimizing NNI: done in 0.195963 secs using 99.84% CPU
Optimizing NNI: done in 0.347018 secs using 99.71% CPU
Optimizing NNI: done in 0.28882 secs using 99.85% CPU
Optimizing NNI: done in 0.225357 secs using 99.85% CPU
Optimizing NNI: done in 0.254197 secs using 90.45% CPU
Optimizing NNI: done in 0.230124 secs using 99.27% CPU
Optimizing NNI: done in 0.227385 secs using 99.85% CPU
Optimizing NNI: done in 0.431763 secs using 99.87% CPU
Iteration 620 / LogL: -1024.866 / Time: 0h:3m:58s (0h:0m:30s left)
Optimizing NNI: done in 0.427972 secs using 99.85% CPU
Optimizing NNI: done in 0.372638 secs using 99.87% CPU
Optimizing NNI: done in 0.415801 secs using 99.88% CPU
Optimizing NNI: done in 0.349239 secs using 99.89% CPU
Optimizing NNI: done in 0.304846 secs using 99.88% CPU
Optimizing NNI: done in 0.301207 secs using 99.88% CPU
Optimizing NNI: done in 0.245005 secs using 99.83% CPU
Optimizing NNI: done in 0.33667 secs using 99.85% CPU
Optimizing NNI: done in 0.254921 secs using 99.83% CPU
Optimizing NNI: done in 0.299348 secs using 99.87% CPU
Iteration 630 / LogL: -1028.397 / Time: 0h:4m:2s (0h:0m:26s left)
Optimizing NNI: done in 0.152824 secs using 99.86% CPU
Optimizing NNI: done in 0.304264 secs using 99.87% CPU
Optimizing NNI: done in 0.501963 secs using 99.86% CPU
Optimizing NNI: done in 0.418852 secs using 99.86% CPU
Optimizing NNI: done in 0.358017 secs using 99.86% CPU
Optimizing NNI: done in 0.349681 secs using 99.81% CPU
Optimizing NNI: done in 0.251046 secs using 99.85% CPU
Optimizing NNI: done in 0.19625 secs using 99.86% CPU
Optimizing NNI: done in 0.196835 secs using 99.86% CPU
Optimizing NNI: done in 0.221962 secs using 99.41% CPU
Iteration 640 / LogL: -1027.090 / Time: 0h:4m:5s (0h:0m:23s left)
Optimizing NNI: done in 0.290849 secs using 99.64% CPU
Optimizing NNI: done in 0.359422 secs using 99.81% CPU
Optimizing NNI: done in 0.308009 secs using 99.85% CPU
Optimizing NNI: done in 0.435611 secs using 99.81% CPU
Optimizing NNI: done in 0.257463 secs using 99.81% CPU
Optimizing NNI: done in 0.2474 secs using 99.87% CPU
Optimizing NNI: done in 0.451924 secs using 99.84% CPU
Optimizing NNI: done in 0.294265 secs using 99.89% CPU
Optimizing NNI: done in 0.358734 secs using 99.82% CPU
Optimizing NNI: done in 0.545531 secs using 99.84% CPU
Iteration 650 / LogL: -1030.932 / Time: 0h:4m:10s (0h:0m:19s left)
Log-likelihood cutoff on original alignment: -1059.227
Optimizing NNI: done in 0.292088 secs using 99.85% CPU
Optimizing NNI: done in 0.548019 secs using 99.87% CPU
Optimizing NNI: done in 0.37243 secs using 99.87% CPU
Optimizing NNI: done in 0.235958 secs using 99.88% CPU
Optimizing NNI: done in 0.423137 secs using 99.87% CPU
Optimizing NNI: done in 0.411848 secs using 99.86% CPU
Optimizing NNI: done in 0.313321 secs using 99.83% CPU
Optimizing NNI: done in 0.254488 secs using 99.85% CPU
Optimizing NNI: done in 0.294754 secs using 99.87% CPU
Optimizing NNI: done in 0.460442 secs using 99.86% CPU
Iteration 660 / LogL: -1024.505 / Time: 0h:4m:14s (0h:0m:15s left)
Optimizing NNI: done in 0.498012 secs using 99.85% CPU
Optimizing NNI: done in 0.361557 secs using 99.87% CPU
Optimizing NNI: done in 0.42017 secs using 99.87% CPU
Optimizing NNI: done in 0.356715 secs using 99.86% CPU
Optimizing NNI: done in 0.355973 secs using 99.84% CPU
Optimizing NNI: done in 0.355071 secs using 99.89% CPU
Optimizing NNI: done in 0.368337 secs using 99.87% CPU
Optimizing NNI: done in 0.368177 secs using 99.87% CPU
Optimizing NNI: done in 0.349481 secs using 99.87% CPU
Optimizing NNI: done in 0.399772 secs using 99.85% CPU
Iteration 670 / LogL: -1029.402 / Time: 0h:4m:19s (0h:0m:11s left)
Optimizing NNI: done in 0.529845 secs using 99.11% CPU
Optimizing NNI: done in 0.497978 secs using 99.86% CPU
Optimizing NNI: done in 0.136783 secs using 99.87% CPU
Optimizing NNI: done in 0.415882 secs using 99.86% CPU
Optimizing NNI: done in 0.34535 secs using 99.88% CPU
Optimizing NNI: done in 0.35771 secs using 99.85% CPU
Optimizing NNI: done in 0.335184 secs using 99.87% CPU
Optimizing NNI: done in 0.504143 secs using 99.87% CPU
Optimizing NNI: done in 0.403289 secs using 99.84% CPU
Optimizing NNI: done in 0.601785 secs using 99.88% CPU
Iteration 680 / LogL: -1026.419 / Time: 0h:4m:23s (0h:0m:7s left)
Optimizing NNI: done in 0.360083 secs using 99.87% CPU
Optimizing NNI: done in 0.212945 secs using 99.88% CPU
Optimizing NNI: done in 0.385916 secs using 99.89% CPU
Optimizing NNI: done in 0.280196 secs using 99.87% CPU
Optimizing NNI: done in 0.164064 secs using 99.88% CPU
Optimizing NNI: done in 0.173401 secs using 99.91% CPU
Optimizing NNI: done in 0.160083 secs using 99.9% CPU
Optimizing NNI: done in 0.0861912 secs using 99.9% CPU
Optimizing NNI: done in 0.215868 secs using 99.89% CPU
Optimizing NNI: done in 0.171884 secs using 99.89% CPU
Iteration 690 / LogL: -1029.248 / Time: 0h:4m:26s (0h:0m:3s left)
Optimizing NNI: done in 0.145296 secs using 99.88% CPU
Optimizing NNI: done in 0.138653 secs using 99.9% CPU
Optimizing NNI: done in 0.148265 secs using 99.9% CPU
Optimizing NNI: done in 0.168363 secs using 99.9% CPU
Optimizing NNI: done in 0.229859 secs using 99.89% CPU
Optimizing NNI: done in 0.116683 secs using 99.89% CPU
Optimizing NNI: done in 0.1931 secs using 99.89% CPU
Optimizing NNI: done in 0.151766 secs using 99.89% CPU
Optimizing NNI: done in 0.178816 secs using 99.89% CPU
Optimizing NNI: done in 0.178096 secs using 99.89% CPU
Iteration 700 / LogL: -1030.859 / Time: 0h:4m:28s (0h:0m:0s left)
Log-likelihood cutoff on original alignment: -1059.227
NOTE: Bootstrap correlation coefficient of split occurrence frequencies: 0.958
NOTE: UFBoot does not converge, continue at least 100 more iterations
Optimizing NNI: done in 0.176911 secs using 99.85% CPU
Optimizing NNI: done in 0.176843 secs using 99.88% CPU
Optimizing NNI: done in 0.210347 secs using 99.9% CPU
Optimizing NNI: done in 0.146616 secs using 99.89% CPU
Optimizing NNI: done in 0.176866 secs using 99.91% CPU
Optimizing NNI: done in 0.209032 secs using 99.89% CPU
Optimizing NNI: done in 0.212052 secs using 99.9% CPU
Optimizing NNI: done in 0.182877 secs using 99.91% CPU
Optimizing NNI: done in 0.142016 secs using 99.89% CPU
Optimizing NNI: done in 0.143644 secs using 99.89% CPU
Iteration 710 / LogL: -1023.503 / Time: 0h:4m:30s (0h:0m:34s left)
Optimizing NNI: done in 0.198386 secs using 99.9% CPU
Optimizing NNI: done in 0.179755 secs using 99.9% CPU
Optimizing NNI: done in 0.14612 secs using 99.89% CPU
Optimizing NNI: done in 0.163155 secs using 99.89% CPU
Optimizing NNI: done in 0.117452 secs using 99.89% CPU
Optimizing NNI: done in 0.144857 secs using 99.9% CPU
Optimizing NNI: done in 0.0881739 secs using 99.88% CPU
Optimizing NNI: done in 0.144514 secs using 99.89% CPU
Optimizing NNI: done in 0.178969 secs using 99.9% CPU
Optimizing NNI: done in 0.174264 secs using 99.91% CPU
Iteration 720 / LogL: -1023.503 / Time: 0h:4m:32s (0h:0m:30s left)
Optimizing NNI: done in 0.117925 secs using 99.9% CPU
Optimizing NNI: done in 0.148008 secs using 99.89% CPU
Optimizing NNI: done in 0.143975 secs using 99.9% CPU
Optimizing NNI: done in 0.310473 secs using 99.9% CPU
Optimizing NNI: done in 0.211036 secs using 99.9% CPU
Optimizing NNI: done in 0.206214 secs using 99.91% CPU
Optimizing NNI: done in 0.175501 secs using 99.91% CPU
Optimizing NNI: done in 0.239527 secs using 99.9% CPU
Optimizing NNI: done in 0.142347 secs using 99.91% CPU
Optimizing NNI: done in 0.144055 secs using 99.9% CPU
Iteration 730 / LogL: -1025.594 / Time: 0h:4m:35s (0h:0m:26s left)
Optimizing NNI: done in 0.200958 secs using 97.91% CPU
Optimizing NNI: done in 0.205559 secs using 99.9% CPU
Optimizing NNI: done in 0.191388 secs using 99.89% CPU
Optimizing NNI: done in 0.144922 secs using 99.91% CPU
Optimizing NNI: done in 0.116407 secs using 99.9% CPU
Optimizing NNI: done in 0.201088 secs using 99.9% CPU
Optimizing NNI: done in 0.149794 secs using 99.91% CPU
Optimizing NNI: done in 0.146967 secs using 99.9% CPU
Optimizing NNI: done in 0.248589 secs using 99.9% CPU
Optimizing NNI: done in 0.117311 secs using 99.9% CPU
Iteration 740 / LogL: -1027.177 / Time: 0h:4m:37s (0h:0m:22s left)
Optimizing NNI: done in 0.147374 secs using 99.91% CPU
Optimizing NNI: done in 0.141174 secs using 99.91% CPU
Optimizing NNI: done in 0.115993 secs using 99.91% CPU
Optimizing NNI: done in 0.105957 secs using 99.91% CPU
Optimizing NNI: done in 0.116222 secs using 99.93% CPU
Optimizing NNI: done in 0.152562 secs using 99.9% CPU
Optimizing NNI: done in 0.142032 secs using 99.92% CPU
Optimizing NNI: done in 0.117292 secs using 99.92% CPU
Optimizing NNI: done in 0.147295 secs using 99.89% CPU
Optimizing NNI: done in 0.19806 secs using 99.91% CPU
Iteration 750 / LogL: -1038.666 / Time: 0h:4m:39s (0h:0m:18s left)
Log-likelihood cutoff on original alignment: -1059.227
Optimizing NNI: done in 0.156868 secs using 99.91% CPU
Optimizing NNI: done in 0.156239 secs using 99.92% CPU
Optimizing NNI: done in 0.205229 secs using 99.9% CPU
Optimizing NNI: done in 0.278584 secs using 99.91% CPU
Optimizing NNI: done in 0.185684 secs using 99.91% CPU
Optimizing NNI: done in 0.119447 secs using 99.9% CPU
Optimizing NNI: done in 0.153321 secs using 99.89% CPU
Optimizing NNI: done in 0.145506 secs using 99.91% CPU
Optimizing NNI: done in 0.148322 secs using 99.9% CPU
Optimizing NNI: done in 0.181644 secs using 99.9% CPU
Iteration 760 / LogL: -1030.457 / Time: 0h:4m:41s (0h:0m:14s left)
Optimizing NNI: done in 0.23057 secs using 99.91% CPU
Optimizing NNI: done in 0.181857 secs using 99.91% CPU
Optimizing NNI: done in 0.146756 secs using 99.91% CPU
Optimizing NNI: done in 0.0888689 secs using 99.91% CPU
Optimizing NNI: done in 0.242755 secs using 99.9% CPU
Optimizing NNI: done in 0.152005 secs using 99.91% CPU
Optimizing NNI: done in 0.217542 secs using 99.9% CPU
Optimizing NNI: done in 0.24579 secs using 99.91% CPU
Optimizing NNI: done in 0.128736 secs using 99.9% CPU
Optimizing NNI: done in 0.174413 secs using 99.91% CPU
Iteration 770 / LogL: -1024.505 / Time: 0h:4m:43s (0h:0m:11s left)
Optimizing NNI: done in 0.192477 secs using 99.91% CPU
Optimizing NNI: done in 0.212713 secs using 99.91% CPU
Optimizing NNI: done in 0.18361 secs using 99.91% CPU
Optimizing NNI: done in 0.174177 secs using 99.91% CPU
Optimizing NNI: done in 0.121685 secs using 99.91% CPU
Optimizing NNI: done in 0.241674 secs using 99.91% CPU
Optimizing NNI: done in 0.183118 secs using 97.73% CPU
Optimizing NNI: done in 0.176041 secs using 99.92% CPU
Optimizing NNI: done in 0.178227 secs using 99.91% CPU
Optimizing NNI: done in 0.246367 secs using 99.91% CPU
Iteration 780 / LogL: -1025.383 / Time: 0h:4m:46s (0h:0m:7s left)
Optimizing NNI: done in 0.116289 secs using 99.91% CPU
Optimizing NNI: done in 0.146315 secs using 99.9% CPU
Optimizing NNI: done in 0.146502 secs using 99.91% CPU
Optimizing NNI: done in 0.2047 secs using 99.91% CPU
Optimizing NNI: done in 0.116917 secs using 99.91% CPU
Optimizing NNI: done in 0.147361 secs using 99.9% CPU
Optimizing NNI: done in 0.115592 secs using 99.91% CPU
Optimizing NNI: done in 0.172917 secs using 99.91% CPU
Optimizing NNI: done in 0.147331 secs using 99.9% CPU
Optimizing NNI: done in 0.156834 secs using 99.91% CPU
Iteration 790 / LogL: -1025.226 / Time: 0h:4m:48s (0h:0m:3s left)
Optimizing NNI: done in 0.179722 secs using 99.91% CPU
Optimizing NNI: done in 0.208076 secs using 99.9% CPU
Optimizing NNI: done in 0.174621 secs using 99.91% CPU
Optimizing NNI: done in 0.179101 secs using 99.91% CPU
BETTER TREE FOUND at iteration 794: -1023.503
Optimizing NNI: done in 0.142434 secs using 99.9% CPU
Optimizing NNI: done in 0.237048 secs using 99.92% CPU
Optimizing NNI: done in 0.25206 secs using 99.92% CPU
Optimizing NNI: done in 0.146247 secs using 99.91% CPU
Optimizing NNI: done in 0.226984 secs using 99.92% CPU
Optimizing NNI: done in 0.201858 secs using 99.93% CPU
Iteration 800 / LogL: -1025.820 / Time: 0h:4m:50s (0h:0m:34s left)
Log-likelihood cutoff on original alignment: -1059.227
NOTE: Bootstrap correlation coefficient of split occurrence frequencies: 0.950
NOTE: UFBoot does not converge, continue at least 100 more iterations
Optimizing NNI: done in 0.171115 secs using 99.93% CPU
Optimizing NNI: done in 0.16849 secs using 99.93% CPU
Optimizing NNI: done in 0.239065 secs using 99.92% CPU
Optimizing NNI: done in 0.170469 secs using 99.91% CPU
Optimizing NNI: done in 0.226169 secs using 98.15% CPU
Optimizing NNI: done in 0.11544 secs using 99.92% CPU
Optimizing NNI: done in 0.14826 secs using 99.93% CPU
Optimizing NNI: done in 0.175014 secs using 99.92% CPU
Optimizing NNI: done in 0.142632 secs using 99.92% CPU
Optimizing NNI: done in 0.22566 secs using 99.92% CPU
Iteration 810 / LogL: -1023.503 / Time: 0h:4m:52s (0h:0m:32s left)
Optimizing NNI: done in 0.202535 secs using 99.92% CPU
Optimizing NNI: done in 0.175404 secs using 99.93% CPU
Optimizing NNI: done in 0.147697 secs using 99.92% CPU
Optimizing NNI: done in 0.14426 secs using 99.94% CPU
Optimizing NNI: done in 0.14014 secs using 99.94% CPU
Optimizing NNI: done in 0.197722 secs using 99.94% CPU
Optimizing NNI: done in 0.112166 secs using 99.94% CPU
Optimizing NNI: done in 0.140623 secs using 99.93% CPU
Optimizing NNI: done in 0.168772 secs using 99.94% CPU
Optimizing NNI: done in 0.223293 secs using 99.94% CPU
Iteration 820 / LogL: -1023.729 / Time: 0h:4m:55s (0h:0m:28s left)
Optimizing NNI: done in 0.142411 secs using 97.14% CPU
Optimizing NNI: done in 0.167248 secs using 99.93% CPU
Optimizing NNI: done in 0.111429 secs using 99.93% CPU
Optimizing NNI: done in 0.190941 secs using 99.94% CPU
Optimizing NNI: done in 0.217531 secs using 99.95% CPU
Optimizing NNI: done in 0.216207 secs using 99.94% CPU
Optimizing NNI: done in 0.140266 secs using 99.93% CPU
Optimizing NNI: done in 0.137155 secs using 99.94% CPU
Optimizing NNI: done in 0.143088 secs using 99.94% CPU
Optimizing NNI: done in 0.138744 secs using 99.94% CPU
Iteration 830 / LogL: -1025.696 / Time: 0h:4m:57s (0h:0m:25s left)
Optimizing NNI: done in 0.173333 secs using 99.94% CPU
Optimizing NNI: done in 0.112288 secs using 99.95% CPU
Optimizing NNI: done in 0.167863 secs using 99.94% CPU
BETTER TREE FOUND at iteration 833: -1023.503
Optimizing NNI: done in 0.112229 secs using 99.94% CPU
Optimizing NNI: done in 0.136302 secs using 99.94% CPU
Optimizing NNI: done in 0.135998 secs using 99.94% CPU
Optimizing NNI: done in 0.203125 secs using 99.94% CPU
Optimizing NNI: done in 0.135098 secs using 99.95% CPU
Optimizing NNI: done in 0.105902 secs using 99.93% CPU
Optimizing NNI: done in 0.159609 secs using 99.95% CPU
Iteration 840 / LogL: -1023.503 / Time: 0h:4m:59s (0h:0m:33s left)
Optimizing NNI: done in 0.167308 secs using 99.95% CPU
Optimizing NNI: done in 0.264032 secs using 99.94% CPU
Optimizing NNI: done in 0.134265 secs using 96.98% CPU
Optimizing NNI: done in 0.205802 secs using 99.95% CPU
Optimizing NNI: done in 0.187978 secs using 99.95% CPU
Optimizing NNI: done in 0.142369 secs using 99.94% CPU
Optimizing NNI: done in 0.106315 secs using 99.95% CPU
Optimizing NNI: done in 0.132555 secs using 99.94% CPU
Optimizing NNI: done in 0.137507 secs using 99.95% CPU
Optimizing NNI: done in 0.108972 secs using 99.94% CPU
Iteration 850 / LogL: -1023.503 / Time: 0h:5m:1s (0h:0m:29s left)
Log-likelihood cutoff on original alignment: -1059.227
Optimizing NNI: done in 0.144513 secs using 99.94% CPU
Optimizing NNI: done in 0.159577 secs using 99.95% CPU
Optimizing NNI: done in 0.187062 secs using 99.94% CPU
Optimizing NNI: done in 0.13855 secs using 99.95% CPU
Optimizing NNI: done in 0.111545 secs using 99.94% CPU
Optimizing NNI: done in 0.138395 secs using 99.94% CPU
Optimizing NNI: done in 0.22556 secs using 99.93% CPU
Optimizing NNI: done in 0.189152 secs using 99.95% CPU
Optimizing NNI: done in 0.159261 secs using 99.94% CPU
Optimizing NNI: done in 0.285106 secs using 99.95% CPU
Iteration 860 / LogL: -1024.636 / Time: 0h:5m:3s (0h:0m:25s left)
Optimizing NNI: done in 0.146306 secs using 99.94% CPU
Optimizing NNI: done in 0.163332 secs using 99.95% CPU
Optimizing NNI: done in 0.133312 secs using 99.95% CPU
Optimizing NNI: done in 0.183592 secs using 99.94% CPU
Optimizing NNI: done in 0.180239 secs using 99.95% CPU
Optimizing NNI: done in 0.132021 secs using 99.95% CPU
Optimizing NNI: done in 0.138041 secs using 99.93% CPU
Optimizing NNI: done in 0.165275 secs using 99.93% CPU
Optimizing NNI: done in 0.190234 secs using 99.95% CPU
Optimizing NNI: done in 0.0772099 secs using 99.94% CPU
Iteration 870 / LogL: -1040.686 / Time: 0h:5m:5s (0h:0m:22s left)
Optimizing NNI: done in 0.139629 secs using 99.93% CPU
Optimizing NNI: done in 0.155677 secs using 99.93% CPU
Optimizing NNI: done in 0.159582 secs using 99.93% CPU
Optimizing NNI: done in 0.166751 secs using 99.95% CPU
Optimizing NNI: done in 0.250869 secs using 99.94% CPU
Optimizing NNI: done in 0.141366 secs using 99.95% CPU
Optimizing NNI: done in 0.162872 secs using 99.95% CPU
Optimizing NNI: done in 0.140143 secs using 99.95% CPU
Optimizing NNI: done in 0.108496 secs using 99.94% CPU
Optimizing NNI: done in 0.141168 secs using 99.93% CPU
Iteration 880 / LogL: -1025.820 / Time: 0h:5m:7s (0h:0m:18s left)
Optimizing NNI: done in 0.202336 secs using 99.94% CPU
Optimizing NNI: done in 0.192148 secs using 99.95% CPU
Optimizing NNI: done in 0.142037 secs using 99.94% CPU
Optimizing NNI: done in 0.135944 secs using 99.95% CPU
Optimizing NNI: done in 0.113023 secs using 99.94% CPU
Optimizing NNI: done in 0.166299 secs using 99.95% CPU
Optimizing NNI: done in 0.121034 secs using 99.95% CPU
Optimizing NNI: done in 0.167966 secs using 99.94% CPU
Optimizing NNI: done in 0.109315 secs using 99.93% CPU
Optimizing NNI: done in 0.111056 secs using 99.94% CPU
BETTER TREE FOUND at iteration 890: -1023.503
Iteration 890 / LogL: -1023.503 / Time: 0h:5m:9s (0h:0m:34s left)
Optimizing NNI: done in 0.137214 secs using 99.95% CPU
Optimizing NNI: done in 0.225621 secs using 99.94% CPU
Optimizing NNI: done in 0.110978 secs using 99.94% CPU
Optimizing NNI: done in 0.168426 secs using 99.95% CPU
Optimizing NNI: done in 0.220406 secs using 99.95% CPU
Optimizing NNI: done in 0.18858 secs using 99.95% CPU
Optimizing NNI: done in 0.240941 secs using 99.94% CPU
Optimizing NNI: done in 0.107281 secs using 99.95% CPU
Optimizing NNI: done in 0.187296 secs using 99.95% CPU
Optimizing NNI: done in 0.242535 secs using 99.94% CPU
Iteration 900 / LogL: -1023.503 / Time: 0h:5m:11s (0h:0m:31s left)
Log-likelihood cutoff on original alignment: -1059.227
NOTE: Bootstrap correlation coefficient of split occurrence frequencies: 0.960
NOTE: UFBoot does not converge, continue at least 100 more iterations
Optimizing NNI: done in 0.162029 secs using 99.95% CPU
Optimizing NNI: done in 0.0816791 secs using 99.94% CPU
Optimizing NNI: done in 0.139597 secs using 99.94% CPU
Optimizing NNI: done in 0.215335 secs using 99.94% CPU
Optimizing NNI: done in 0.107896 secs using 99.95% CPU
Optimizing NNI: done in 0.2197 secs using 99.94% CPU
Optimizing NNI: done in 0.16799 secs using 99.94% CPU
Optimizing NNI: done in 0.194627 secs using 99.95% CPU
Optimizing NNI: done in 0.186774 secs using 99.95% CPU
Optimizing NNI: done in 0.191861 secs using 99.95% CPU
Iteration 910 / LogL: -1035.424 / Time: 0h:5m:14s (0h:0m:31s left)
Optimizing NNI: done in 0.109697 secs using 99.95% CPU
Optimizing NNI: done in 0.119371 secs using 99.94% CPU
Optimizing NNI: done in 0.165352 secs using 99.95% CPU
Optimizing NNI: done in 0.24117 secs using 99.96% CPU
Optimizing NNI: done in 0.164331 secs using 99.95% CPU
Optimizing NNI: done in 0.132269 secs using 99.94% CPU
Optimizing NNI: done in 0.195479 secs using 99.95% CPU
Optimizing NNI: done in 0.137986 secs using 99.95% CPU
Optimizing NNI: done in 0.273654 secs using 99.94% CPU
Optimizing NNI: done in 0.109415 secs using 99.95% CPU
Iteration 920 / LogL: -1029.534 / Time: 0h:5m:16s (0h:0m:27s left)
Optimizing NNI: done in 0.196715 secs using 99.95% CPU
Optimizing NNI: done in 0.106997 secs using 99.96% CPU
Optimizing NNI: done in 0.187351 secs using 99.96% CPU
Optimizing NNI: done in 0.107871 secs using 99.96% CPU
Optimizing NNI: done in 0.159961 secs using 99.95% CPU
Optimizing NNI: done in 0.137581 secs using 99.96% CPU
Optimizing NNI: done in 0.16747 secs using 99.95% CPU
Optimizing NNI: done in 0.187518 secs using 99.96% CPU
Optimizing NNI: done in 0.244695 secs using 99.96% CPU
Optimizing NNI: done in 0.133857 secs using 99.96% CPU
Iteration 930 / LogL: -1029.229 / Time: 0h:5m:18s (0h:0m:23s left)
Optimizing NNI: done in 0.135041 secs using 99.96% CPU
Optimizing NNI: done in 0.167178 secs using 99.96% CPU
Optimizing NNI: done in 0.164832 secs using 99.96% CPU
Optimizing NNI: done in 0.106975 secs using 99.96% CPU
Optimizing NNI: done in 0.268582 secs using 99.96% CPU
Optimizing NNI: done in 0.106469 secs using 99.96% CPU
Optimizing NNI: done in 0.19188 secs using 99.97% CPU
Optimizing NNI: done in 0.162386 secs using 99.96% CPU
Optimizing NNI: done in 0.183486 secs using 99.95% CPU
Optimizing NNI: done in 0.266874 secs using 99.96% CPU
Iteration 940 / LogL: -1023.503 / Time: 0h:5m:20s (0h:0m:20s left)
Optimizing NNI: done in 0.108121 secs using 99.97% CPU
Optimizing NNI: done in 0.169862 secs using 99.95% CPU
Optimizing NNI: done in 0.193201 secs using 99.95% CPU
Optimizing NNI: done in 0.134503 secs using 99.96% CPU
Optimizing NNI: done in 0.135831 secs using 99.96% CPU
Optimizing NNI: done in 0.104542 secs using 99.96% CPU
Optimizing NNI: done in 0.133226 secs using 99.96% CPU
Optimizing NNI: done in 0.136982 secs using 99.96% CPU
Optimizing NNI: done in 0.108387 secs using 99.93% CPU
Optimizing NNI: done in 0.159258 secs using 99.96% CPU
Iteration 950 / LogL: -1024.636 / Time: 0h:5m:22s (0h:0m:16s left)
Log-likelihood cutoff on original alignment: -1059.227
Optimizing NNI: done in 0.137223 secs using 99.96% CPU
Optimizing NNI: done in 0.104503 secs using 99.97% CPU
Optimizing NNI: done in 0.166122 secs using 99.97% CPU
Optimizing NNI: done in 0.185993 secs using 99.97% CPU
Optimizing NNI: done in 0.107792 secs using 99.96% CPU
Optimizing NNI: done in 0.18047 secs using 99.96% CPU
Optimizing NNI: done in 0.109658 secs using 99.96% CPU
Optimizing NNI: done in 0.162414 secs using 99.96% CPU
Optimizing NNI: done in 0.167235 secs using 99.96% CPU
Optimizing NNI: done in 0.137732 secs using 99.96% CPU
Iteration 960 / LogL: -1024.636 / Time: 0h:5m:24s (0h:0m:13s left)
Optimizing NNI: done in 0.162688 secs using 99.96% CPU
Optimizing NNI: done in 0.106726 secs using 99.95% CPU
Optimizing NNI: done in 0.15927 secs using 99.94% CPU
Optimizing NNI: done in 0.104958 secs using 99.96% CPU
Optimizing NNI: done in 0.163573 secs using 99.96% CPU
Optimizing NNI: done in 0.160702 secs using 99.96% CPU
Optimizing NNI: done in 0.169557 secs using 99.96% CPU
Optimizing NNI: done in 0.150454 secs using 99.97% CPU
Optimizing NNI: done in 0.250472 secs using 99.96% CPU
Optimizing NNI: done in 0.104672 secs using 99.96% CPU
Iteration 970 / LogL: -1027.090 / Time: 0h:5m:26s (0h:0m:10s left)
Optimizing NNI: done in 0.18528 secs using 99.96% CPU
Optimizing NNI: done in 0.0783911 secs using 99.96% CPU
Optimizing NNI: done in 0.162006 secs using 99.96% CPU
Optimizing NNI: done in 0.189526 secs using 99.94% CPU
Optimizing NNI: done in 0.187859 secs using 99.96% CPU
Optimizing NNI: done in 0.153856 secs using 99.96% CPU
Optimizing NNI: done in 0.193786 secs using 99.95% CPU
Optimizing NNI: done in 0.22854 secs using 99.96% CPU
Optimizing NNI: done in 0.268641 secs using 99.96% CPU
Optimizing NNI: done in 0.164652 secs using 99.96% CPU
Iteration 980 / LogL: -1023.503 / Time: 0h:5m:29s (0h:0m:6s left)
Optimizing NNI: done in 0.283574 secs using 99.96% CPU
Optimizing NNI: done in 0.168067 secs using 99.96% CPU
Optimizing NNI: done in 0.133641 secs using 99.96% CPU
Optimizing NNI: done in 0.133456 secs using 99.96% CPU
Optimizing NNI: done in 0.1317 secs using 99.96% CPU
Optimizing NNI: done in 0.165616 secs using 99.97% CPU
Optimizing NNI: done in 0.183797 secs using 99.96% CPU
Optimizing NNI: done in 0.137111 secs using 99.96% CPU
Optimizing NNI: done in 0.135205 secs using 99.96% CPU
Optimizing NNI: done in 0.104346 secs using 99.97% CPU
Iteration 990 / LogL: -1025.569 / Time: 0h:5m:31s (0h:0m:3s left)
Optimizing NNI: done in 0.180773 secs using 99.95% CPU
Optimizing NNI: done in 0.190732 secs using 99.96% CPU
Optimizing NNI: done in 0.104778 secs using 99.96% CPU
Optimizing NNI: done in 0.162325 secs using 99.96% CPU
Optimizing NNI: done in 0.179915 secs using 99.96% CPU
Optimizing NNI: done in 0.131734 secs using 99.96% CPU
Optimizing NNI: done in 0.214261 secs using 99.96% CPU
Optimizing NNI: done in 0.135544 secs using 99.95% CPU
Optimizing NNI: done in 0.155551 secs using 99.96% CPU
Optimizing NNI: done in 0.161065 secs using 99.96% CPU
Iteration 1000 / LogL: -1023.503 / Time: 0h:5m:33s (0h:0m:0s left)
Log-likelihood cutoff on original alignment: -1059.227
NOTE: Bootstrap correlation coefficient of split occurrence frequencies: 0.978
NOTE: UFBoot does not converge, continue at least 100 more iterations
Optimizing NNI: done in 0.19481 secs using 99.96% CPU
WARNING: bootstrap analysis did not converge. You should rerun with higher number of iterations (-nm option)
TREE SEARCH COMPLETED AFTER 1001 ITERATIONS / Time: 0h:5m:33s

--------------------------------------------------------------------
|                    FINALIZING TREE SEARCH                        |
--------------------------------------------------------------------
Performs final model parameters optimization
Estimate model parameters (epsilon = 0.010)
1. Initial log-likelihood: -1023.503
Optimal log-likelihood: -1023.502
Gamma shape alpha: 0.720
Parameters optimization took 1 rounds (0.016 sec)
BEST SCORE FOUND : -1023.502

Testing tree branches by SH-like aLRT with 1000 replicates...
0.061 sec.
Creating bootstrap support values...
Split supports printed to NEXUS file ../results/molecular_evolution_analyses/phylogenetic_trees/F55329_SMED_G1/F55329_SMED_G1.splits.nex
Total tree length: 10.465

Total number of iterations: 1001
CPU time used for tree search: 332.311 sec (0h:5m:32s)
Wall-clock time used for tree search: 333.412 sec (0h:5m:33s)
Total CPU time used: 332.982 sec (0h:5m:32s)
Total wall-clock time used: 334.067 sec (0h:5m:34s)

Computing bootstrap consensus tree...
Reading input file ../results/molecular_evolution_analyses/phylogenetic_trees/F55329_SMED_G1/F55329_SMED_G1.splits.nex...
47 taxa and 1173 splits.
Consensus tree written to ../results/molecular_evolution_analyses/phylogenetic_trees/F55329_SMED_G1/F55329_SMED_G1.contree
Reading input trees file ../results/molecular_evolution_analyses/phylogenetic_trees/F55329_SMED_G1/F55329_SMED_G1.contree
Log-likelihood of consensus tree: -1023.503

Analysis results written to: 
  IQ-TREE report:                ../results/molecular_evolution_analyses/phylogenetic_trees/F55329_SMED_G1/F55329_SMED_G1.iqtree
  Maximum-likelihood tree:       ../results/molecular_evolution_analyses/phylogenetic_trees/F55329_SMED_G1/F55329_SMED_G1.treefile
  Likelihood distances:          ../results/molecular_evolution_analyses/phylogenetic_trees/F55329_SMED_G1/F55329_SMED_G1.mldist

Ultrafast bootstrap approximation results written to:
  Split support values:          ../results/molecular_evolution_analyses/phylogenetic_trees/F55329_SMED_G1/F55329_SMED_G1.splits.nex
  Consensus tree:                ../results/molecular_evolution_analyses/phylogenetic_trees/F55329_SMED_G1/F55329_SMED_G1.contree
  Screen log file:               ../results/molecular_evolution_analyses/phylogenetic_trees/F55329_SMED_G1/F55329_SMED_G1.log

Date and Time: Thu Mar 28 11:27:25 2024
