IQ-TREE multicore version 2.2.2.6 COVID-edition for Linux 64-bit built May 27 2023
Developed by Bui Quang Minh, James Barbetti, Nguyen Lam Tung,
Olga Chernomor, Heiko Schmidt, Dominik Schrempf, Michael Woodhams, Ly Trong Nhan.

Host:    lbc5 (AVX2, FMA3, 125 GB RAM)
Command: /home/mauricio/mauricio_PROGRAMAS/iqtree-2.2.2.6-Linux/bin/iqtree2 -s ../results/molecular_evolution_analyses/alignments_gblocks/F68548_SMAR_G1/F68548_SMAR_G1.aln.gblo -m TEST --threads-max 32 --alrt 1000 --ufboot 1000 --prefix ../results/molecular_evolution_analyses/phylogenetic_trees/F68548_SMAR_G1/F68548_SMAR_G1
Seed:    615040 (Using SPRNG - Scalable Parallel Random Number Generator)
Time:    Thu Mar 28 11:19:59 2024
Kernel:  AVX+FMA - 1 threads (32 CPU cores detected)

HINT: Use -nt option to specify number of threads because your CPU has 32 cores!
HINT: -nt AUTO will automatically determine the best number of threads to use.

Reading alignment file ../results/molecular_evolution_analyses/alignments_gblocks/F68548_SMAR_G1/F68548_SMAR_G1.aln.gblo ... Fasta format detected
Reading fasta file: done in 8.39233e-05 secs
Alignment most likely contains protein sequences
Constructing alignment: done in 0.000337839 secs
Alignment has 6 sequences with 384 columns, 78 distinct patterns
5 parsimony-informative, 56 singleton sites, 323 constant sites
           Gap/Ambiguity  Composition  p-value
Analyzing sequences: done in 6.91414e-06 secs
   1  Smar.8076    0.00%    passed    100.00%
   2  Smar.3017    0.00%    passed    100.00%
   3  Smar.5242    0.00%    passed    100.00%
   4  Smar.8881    0.00%    passed    100.00%
   5  Smar.7710    0.00%    passed    100.00%
   6  Smar.8326    0.00%    passed    100.00%
****  TOTAL        0.00%  0 sequences failed composition chi2 test (p-value<5%; df=19)
Checking for duplicate sequences: done in 1.81198e-05 secs


Create initial parsimony tree by phylogenetic likelihood library (PLL)... 0.000 seconds
Perform fast likelihood tree search using LG+I+G model...
Estimate model parameters (epsilon = 5.000)
Perform nearest neighbor interchange...
Optimizing NNI: done in 0.00436497 secs using 100% CPU
Estimate model parameters (epsilon = 1.000)
1. Initial log-likelihood: -1613.614
Optimal log-likelihood: -1613.614
Proportion of invariable sites: 0.423
Gamma shape alpha: 998.331
Parameters optimization took 1 rounds (0.008 sec)
Time for fast ML tree search: 0.024 seconds

NOTE: ModelFinder requires 0 MB RAM!
ModelFinder will test up to 224 protein models (sample size: 384) ...
 No. Model         -LnL         df  AIC          AICc         BIC
  1  LG            1614.657     9   3247.314     3247.795     3282.870
  2  LG+I          1613.613     10  3247.226     3247.816     3286.733
  3  LG+G4         1613.715     10  3247.430     3248.020     3286.937
  4  LG+I+G4       1613.614     11  3249.228     3249.938     3292.685
  5  LG+F          1572.844     28  3201.687     3206.262     3312.305
  6  LG+F+I        1571.918     29  3201.835     3206.750     3316.404
  7  LG+F+G4       1572.017     29  3202.034     3206.949     3316.603
  8  LG+F+I+G4     1571.920     30  3203.839     3209.109     3322.359
  9  WAG           1608.749     9   3235.498     3235.979     3271.053
 10  WAG+I         1607.969     10  3235.937     3236.527     3275.444
 11  WAG+G4        1608.052     10  3236.103     3236.693     3275.610
 12  WAG+I+G4      1607.984     11  3237.968     3238.678     3281.425
 13  WAG+F         1563.902     28  3183.803     3188.378     3294.421
 14  WAG+F+I       1563.211     29  3184.422     3189.337     3298.990
 15  WAG+F+G4      1563.283     29  3184.566     3189.482     3299.135
 16  WAG+F+I+G4    1563.244     30  3186.488     3191.757     3305.007
 17  JTT           1591.549     9   3201.097     3201.578     3236.653
 18  JTT+I         1591.091     10  3202.182     3202.772     3241.689
 19  JTT+G4        1591.175     10  3202.349     3202.939     3241.855
 20  JTT+I+G4      1591.220     11  3204.441     3205.150     3247.898
 21  JTT+F         1550.293     28  3156.586     3161.161     3267.204
 22  JTT+F+I       1549.861     29  3157.722     3162.637     3272.290
 23  JTT+F+G4      1549.943     29  3157.887     3162.802     3272.455
 24  JTT+F+I+G4    1550.003     30  3160.005     3165.274     3278.525
WARNING: Normalizing state frequencies so that sum of them equals to 1
 25  Q.pfam        1616.440     9   3250.879     3251.361     3286.435
WARNING: Normalizing state frequencies so that sum of them equals to 1
 26  Q.pfam+I      1615.648     10  3251.296     3251.886     3290.802
WARNING: Normalizing state frequencies so that sum of them equals to 1
 27  Q.pfam+G4     1615.747     10  3251.493     3252.083     3291.000
WARNING: Normalizing state frequencies so that sum of them equals to 1
 28  Q.pfam+I+G4   1615.663     11  3253.326     3254.036     3296.784
WARNING: Normalizing state frequencies so that sum of them equals to 1
 29  Q.pfam+F      1569.254     28  3194.508     3199.082     3305.126
WARNING: Normalizing state frequencies so that sum of them equals to 1
 30  Q.pfam+F+I    1568.605     29  3195.209     3200.125     3309.778
WARNING: Normalizing state frequencies so that sum of them equals to 1
 31  Q.pfam+F+G4   1568.691     29  3195.381     3200.296     3309.950
WARNING: Normalizing state frequencies so that sum of them equals to 1
 32  Q.pfam+F+I+G4 1568.649     30  3197.298     3202.567     3315.817
WARNING: Normalizing state frequencies so that sum of them equals to 1
 33  Q.bird        1584.038     9   3186.076     3186.557     3221.632
WARNING: Normalizing state frequencies so that sum of them equals to 1
 34  Q.bird+I      1583.309     10  3186.619     3187.209     3226.125
WARNING: Normalizing state frequencies so that sum of them equals to 1
 35  Q.bird+G4     1583.437     10  3186.873     3187.463     3226.380
WARNING: Normalizing state frequencies so that sum of them equals to 1
 36  Q.bird+I+G4   1583.355     11  3188.711     3189.421     3232.168
WARNING: Normalizing state frequencies so that sum of them equals to 1
 37  Q.bird+F      1543.574     28  3143.147     3147.722     3253.765
WARNING: Normalizing state frequencies so that sum of them equals to 1
 38  Q.bird+F+I    1542.912     29  3143.823     3148.739     3258.392
WARNING: Normalizing state frequencies so that sum of them equals to 1
 39  Q.bird+F+G4   1543.035     29  3144.069     3148.985     3258.638
WARNING: Normalizing state frequencies so that sum of them equals to 1
 40  Q.bird+F+I+G4 1542.981     30  3145.962     3151.231     3264.481
WARNING: Normalizing state frequencies so that sum of them equals to 1
 41  Q.mammal      1588.560     9   3195.120     3195.602     3230.676
WARNING: Normalizing state frequencies so that sum of them equals to 1
 42  Q.mammal+I    1588.039     10  3196.078     3196.668     3235.585
WARNING: Normalizing state frequencies so that sum of them equals to 1
 43  Q.mammal+G4   1588.156     10  3196.313     3196.903     3235.819
WARNING: Normalizing state frequencies so that sum of them equals to 1
 44  Q.mammal+I+G4 1588.145     11  3198.291     3199.000     3241.748
WARNING: Normalizing state frequencies so that sum of them equals to 1
 45  Q.mammal+F    1545.304     28  3146.608     3151.183     3257.226
WARNING: Normalizing state frequencies so that sum of them equals to 1
 46  Q.mammal+F+I  1544.860     29  3147.721     3152.636     3262.290
WARNING: Normalizing state frequencies so that sum of them equals to 1
 47  Q.mammal+F+G4 1544.968     29  3147.937     3152.852     3262.505
WARNING: Normalizing state frequencies so that sum of them equals to 1
 48  Q.mammal+F+I+G4 1545.011     30  3150.023     3155.292     3268.542
 49  Q.insect      1596.829     9   3211.657     3212.139     3247.213
 50  Q.insect+I    1596.199     10  3212.398     3212.988     3251.905
 51  Q.insect+G4   1596.307     10  3212.613     3213.203     3252.120
 52  Q.insect+I+G4 1596.251     11  3214.503     3215.212     3257.960
 53  Q.insect+F    1565.296     28  3186.592     3191.167     3297.210
 54  Q.insect+F+I  1564.688     29  3187.377     3192.292     3301.945
 55  Q.insect+F+G4 1564.797     29  3187.594     3192.509     3302.163
 56  Q.insect+F+I+G4 1564.748     30  3189.495     3194.764     3308.015
WARNING: Normalizing state frequencies so that sum of them equals to 1
 57  Q.plant       1595.739     9   3209.479     3209.960     3245.034
WARNING: Normalizing state frequencies so that sum of them equals to 1
 58  Q.plant+I     1594.759     10  3209.518     3210.108     3249.024
WARNING: Normalizing state frequencies so that sum of them equals to 1
 59  Q.plant+G4    1594.916     10  3209.832     3210.422     3249.339
WARNING: Normalizing state frequencies so that sum of them equals to 1
 60  Q.plant+I+G4  1594.761     11  3211.522     3212.232     3254.979
WARNING: Normalizing state frequencies so that sum of them equals to 1
 61  Q.plant+F     1555.014     28  3166.028     3170.602     3276.646
WARNING: Normalizing state frequencies so that sum of them equals to 1
 62  Q.plant+F+I   1554.015     29  3166.031     3170.946     3280.600
WARNING: Normalizing state frequencies so that sum of them equals to 1
 63  Q.plant+F+G4  1554.180     29  3166.359     3171.274     3280.928
WARNING: Normalizing state frequencies so that sum of them equals to 1
 64  Q.plant+F+I+G4 1554.018     30  3168.036     3173.305     3286.555
WARNING: Normalizing state frequencies so that sum of them equals to 1
 65  Q.yeast       1601.137     9   3220.274     3220.755     3255.829
WARNING: Normalizing state frequencies so that sum of them equals to 1
 66  Q.yeast+I     1600.492     10  3220.985     3221.574     3260.491
WARNING: Normalizing state frequencies so that sum of them equals to 1
 67  Q.yeast+G4    1600.591     10  3221.181     3221.771     3260.688
WARNING: Normalizing state frequencies so that sum of them equals to 1
 68  Q.yeast+I+G4  1600.541     11  3223.082     3223.792     3266.539
WARNING: Normalizing state frequencies so that sum of them equals to 1
 69  Q.yeast+F     1568.171     28  3192.343     3196.917     3302.961
WARNING: Normalizing state frequencies so that sum of them equals to 1
 70  Q.yeast+F+I   1567.571     29  3193.143     3198.058     3307.711
WARNING: Normalizing state frequencies so that sum of them equals to 1
 71  Q.yeast+F+G4  1567.666     29  3193.332     3198.247     3307.901
WARNING: Normalizing state frequencies so that sum of them equals to 1
 72  Q.yeast+F+I+G4 1567.635     30  3195.269     3200.538     3313.789
 73  JTTDCMut      1592.178     9   3202.356     3202.837     3237.912
 74  JTTDCMut+I    1591.707     10  3203.414     3204.004     3242.920
 75  JTTDCMut+G4   1591.791     10  3203.582     3204.172     3243.088
 76  JTTDCMut+I+G4 1591.829     11  3205.657     3206.367     3249.114
 77  JTTDCMut+F    1550.763     28  3157.526     3162.101     3268.144
 78  JTTDCMut+F+I  1550.318     29  3158.636     3163.551     3273.204
 79  JTTDCMut+F+G4 1550.400     29  3158.799     3163.714     3273.368
 80  JTTDCMut+F+I+G4 1550.456     30  3160.913     3166.182     3279.432
 81  DCMut         1623.370     9   3264.741     3265.222     3300.296
 82  DCMut+I       1620.780     10  3261.561     3262.151     3301.067
 83  DCMut+G4      1621.001     10  3262.001     3262.591     3301.508
 84  DCMut+I+G4    1620.927     11  3263.854     3264.564     3307.311
 85  DCMut+F       1572.434     28  3200.867     3205.442     3311.485
 86  DCMut+F+I     1569.908     29  3197.816     3202.732     3312.385
 87  DCMut+F+G4    1570.178     29  3198.355     3203.271     3312.924
 88  DCMut+F+I+G4  1570.069     30  3200.138     3205.407     3318.657
 89  VT            1600.743     9   3219.487     3219.968     3255.042
 90  VT+I          1600.309     10  3220.617     3221.207     3260.124
 91  VT+G4         1600.378     10  3220.756     3221.346     3260.262
 92  VT+I+G4       1600.443     11  3222.887     3223.597     3266.344
 93  VT+F          1561.335     28  3178.670     3183.244     3289.288
 94  VT+F+I        1560.949     29  3179.898     3184.813     3294.466
 95  VT+F+G4       1561.012     29  3180.024     3184.939     3294.592
 96  VT+F+I+G4     1561.116     30  3182.233     3187.502     3300.752
 97  PMB           1619.581     9   3257.162     3257.643     3292.718
 98  PMB+I         1618.793     10  3257.586     3258.176     3297.093
 99  PMB+G4        1618.844     10  3257.688     3258.277     3297.194
100  PMB+I+G4      1618.805     11  3259.610     3260.320     3303.067
101  PMB+F         1575.309     28  3206.617     3211.192     3317.235
102  PMB+F+I       1574.626     29  3207.251     3212.167     3321.820
103  PMB+F+G4      1574.668     29  3207.336     3212.252     3321.905
104  PMB+F+I+G4    1574.657     30  3209.313     3214.582     3327.832
105  Blosum62      1620.784     9   3259.568     3260.049     3295.124
106  Blosum62+I    1619.872     10  3259.744     3260.334     3299.250
107  Blosum62+G4   1619.922     10  3259.843     3260.433     3299.350
108  Blosum62+I+G4 1619.873     11  3261.747     3262.457     3305.204
109  Blosum62+F    1577.921     28  3211.842     3216.417     3322.460
110  Blosum62+F+I  1577.114     29  3212.228     3217.143     3326.797
111  Blosum62+F+G4 1577.164     29  3212.328     3217.244     3326.897
112  Blosum62+F+I+G4 1577.124     30  3214.248     3219.517     3332.767
113  Dayhoff       1623.424     9   3264.848     3265.330     3300.404
114  Dayhoff+I     1620.813     10  3261.626     3262.216     3301.132
115  Dayhoff+G4    1621.034     10  3262.067     3262.657     3301.574
116  Dayhoff+I+G4  1620.962     11  3263.923     3264.633     3307.380
117  Dayhoff+F     1572.514     28  3201.027     3205.602     3311.645
118  Dayhoff+F+I   1569.964     29  3197.928     3202.843     3312.496
119  Dayhoff+F+G4  1570.235     29  3198.469     3203.385     3313.038
120  Dayhoff+F+I+G4 1570.128     30  3200.255     3205.525     3318.775
121  mtREV         1687.526     9   3393.051     3393.533     3428.607
122  mtREV+I       1685.122     10  3390.243     3390.833     3429.750
123  mtREV+G4      1685.132     10  3390.264     3390.854     3429.770
124  mtREV+I+G4    1685.129     11  3392.259     3392.968     3435.716
125  mtREV+F       1576.938     28  3209.875     3214.450     3320.493
126  mtREV+F+I     1575.327     29  3208.655     3213.570     3323.223
127  mtREV+F+G4    1575.410     29  3208.819     3213.734     3323.388
128  mtREV+F+I+G4  1575.362     30  3210.724     3215.993     3329.243
129  mtART         1719.289     9   3456.578     3457.059     3492.134
130  mtART+I       1707.009     10  3434.018     3434.608     3473.524
131  mtART+G4      1706.361     10  3432.722     3433.312     3472.229
132  mtART+I+G4    1705.454     11  3432.907     3433.617     3476.365
133  mtART+F       1613.112     28  3282.223     3286.798     3392.841
134  mtART+F+I     1603.508     29  3265.016     3269.931     3379.585
135  mtART+F+G4    1603.218     29  3264.437     3269.352     3379.005
136  mtART+F+I+G4  1602.906     30  3265.811     3271.080     3384.331
137  mtZOA         1693.532     9   3405.064     3405.545     3440.620
138  mtZOA+I       1689.632     10  3399.263     3399.853     3438.770
139  mtZOA+G4      1689.486     10  3398.973     3399.563     3438.479
140  mtZOA+I+G4    1689.472     11  3400.943     3401.653     3444.400
141  mtZOA+F       1586.614     28  3229.229     3233.804     3339.847
142  mtZOA+F+I     1584.083     29  3226.166     3231.081     3340.735
143  mtZOA+F+G4    1584.115     29  3226.230     3231.145     3340.799
144  mtZOA+F+I+G4  1584.114     30  3228.227     3233.496     3346.747
145  mtMet         1652.347     9   3322.693     3323.174     3358.249
146  mtMet+I       1651.081     10  3322.162     3322.752     3361.668
147  mtMet+G4      1651.097     10  3322.194     3322.784     3361.700
148  mtMet+I+G4    1651.083     11  3324.167     3324.876     3367.624
149  mtMet+F       1556.943     28  3169.886     3174.460     3280.504
150  mtMet+F+I     1556.191     29  3170.383     3175.298     3284.951
151  mtMet+F+G4    1556.277     29  3170.554     3175.469     3285.122
152  mtMet+F+I+G4  1556.217     30  3172.434     3177.703     3290.953
153  mtVer         1672.125     9   3362.251     3362.732     3397.806
154  mtVer+I       1671.035     10  3362.069     3362.659     3401.576
155  mtVer+G4      1670.994     10  3361.989     3362.578     3401.495
156  mtVer+I+G4    1671.035     11  3364.069     3364.779     3407.526
157  mtVer+F       1555.662     28  3167.324     3171.899     3277.942
158  mtVer+F+I     1554.968     29  3167.936     3172.851     3282.505
159  mtVer+F+G4    1555.077     29  3168.153     3173.069     3282.722
160  mtVer+F+I+G4  1555.014     30  3170.028     3175.297     3288.547
161  mtInv         1669.883     9   3357.765     3358.246     3393.321
162  mtInv+I       1668.593     10  3357.186     3357.776     3396.693
163  mtInv+G4      1668.656     10  3357.312     3357.902     3396.819
164  mtInv+I+G4    1668.605     11  3359.209     3359.919     3402.666
165  mtInv+F       1562.344     28  3180.688     3185.262     3291.306
166  mtInv+F+I     1561.477     29  3180.954     3185.869     3295.523
167  mtInv+F+G4    1561.574     29  3181.149     3186.064     3295.717
168  mtInv+F+I+G4  1561.483     30  3182.967     3188.236     3301.486
169  mtMAM         1698.132     9   3414.264     3414.745     3449.820
170  mtMAM+I       1691.143     10  3402.286     3402.875     3441.792
171  mtMAM+G4      1690.583     10  3401.165     3401.755     3440.672
172  mtMAM+I+G4    1690.414     11  3402.827     3403.537     3446.284
173  mtMAM+F       1584.270     28  3224.539     3229.114     3335.157
174  mtMAM+F+I     1579.050     29  3216.099     3221.014     3330.668
175  mtMAM+F+G4    1579.007     29  3216.014     3220.929     3330.582
176  mtMAM+F+I+G4  1579.021     30  3218.042     3223.311     3336.561
WARNING: Normalizing state frequencies so that sum of them equals to 1
177  FLAVI         1630.267     9   3278.535     3279.016     3314.091
WARNING: Normalizing state frequencies so that sum of them equals to 1
178  FLAVI+I       1627.663     10  3275.327     3275.916     3314.833
WARNING: Normalizing state frequencies so that sum of them equals to 1
179  FLAVI+G4      1627.743     10  3275.487     3276.077     3314.993
WARNING: Normalizing state frequencies so that sum of them equals to 1
180  FLAVI+I+G4    1627.711     11  3277.423     3278.132     3320.880
WARNING: Normalizing state frequencies so that sum of them equals to 1
181  FLAVI+F       1550.335     28  3156.671     3161.245     3267.289
WARNING: Normalizing state frequencies so that sum of them equals to 1
182  FLAVI+F+I     1548.424     29  3154.847     3159.763     3269.416
WARNING: Normalizing state frequencies so that sum of them equals to 1
183  FLAVI+F+G4    1548.557     29  3155.113     3160.029     3269.682
WARNING: Normalizing state frequencies so that sum of them equals to 1
184  FLAVI+F+I+G4  1548.460     30  3156.919     3162.188     3275.438
185  HIVb          1607.932     9   3233.864     3234.345     3269.420
186  HIVb+I        1606.931     10  3233.861     3234.451     3273.368
187  HIVb+G4       1607.036     10  3234.072     3234.662     3273.578
188  HIVb+I+G4     1606.934     11  3235.867     3236.577     3279.324
189  HIVb+F        1551.281     28  3158.563     3163.137     3269.181
190  HIVb+F+I      1549.947     29  3157.893     3162.809     3272.462
191  HIVb+F+G4     1550.112     29  3158.224     3163.140     3272.793
192  HIVb+F+I+G4   1549.956     30  3159.912     3165.181     3278.431
193  HIVw          1601.242     9   3220.484     3220.965     3256.040
194  HIVw+I        1600.352     10  3220.703     3221.293     3260.210
195  HIVw+G4       1600.392     10  3220.785     3221.375     3260.291
196  HIVw+I+G4     1600.375     11  3222.749     3223.459     3266.206
197  HIVw+F        1542.594     28  3141.187     3145.762     3251.805
198  HIVw+F+I      1542.015     29  3142.030     3146.946     3256.599
199  HIVw+F+G4     1542.089     29  3142.179     3147.094     3256.747
200  HIVw+F+I+G4   1542.132     30  3144.264     3149.533     3262.784
201  FLU           1588.062     9   3194.123     3194.604     3229.679
202  FLU+I         1587.144     10  3194.289     3194.879     3233.795
203  FLU+G4        1587.185     10  3194.371     3194.961     3233.877
204  FLU+I+G4      1587.151     11  3196.302     3197.012     3239.759
205  FLU+F         1552.377     28  3160.754     3165.328     3271.372
206  FLU+F+I       1551.723     29  3161.445     3166.360     3276.014
207  FLU+F+G4      1551.776     29  3161.551     3166.466     3276.120
208  FLU+F+I+G4    1551.778     30  3163.555     3168.824     3282.074
209  rtREV         1645.768     9   3309.536     3310.017     3345.092
210  rtREV+I       1643.957     10  3307.914     3308.504     3347.420
211  rtREV+G4      1644.057     10  3308.114     3308.704     3347.620
212  rtREV+I+G4    1644.012     11  3310.024     3310.734     3353.481
213  rtREV+F       1585.064     28  3226.127     3230.702     3336.745
214  rtREV+F+I     1583.343     29  3224.686     3229.601     3339.254
215  rtREV+F+G4    1583.452     29  3224.904     3229.820     3339.473
216  rtREV+F+I+G4  1583.395     30  3226.790     3232.059     3345.309
217  cpREV         1627.583     9   3273.165     3273.647     3308.721
218  cpREV+I       1626.322     10  3272.644     3273.234     3312.150
219  cpREV+G4      1626.397     10  3272.795     3273.385     3312.301
220  cpREV+I+G4    1626.336     11  3274.673     3275.383     3318.130
221  cpREV+F       1570.518     28  3197.036     3201.610     3307.654
222  cpREV+F+I     1569.113     29  3196.226     3201.141     3310.795
223  cpREV+F+G4    1569.208     29  3196.415     3201.331     3310.984
224  cpREV+F+I+G4  1569.141     30  3198.282     3203.551     3316.801
Akaike Information Criterion:           HIVw+F
Corrected Akaike Information Criterion: HIVw+F
Bayesian Information Criterion:         Q.bird
Best-fit model: Q.bird chosen according to BIC

All model information printed to ../results/molecular_evolution_analyses/phylogenetic_trees/F68548_SMAR_G1/F68548_SMAR_G1.model.gz
CPU time for ModelFinder: 1.746 seconds (0h:0m:1s)
Wall-clock time for ModelFinder: 1.766 seconds (0h:0m:1s)
Generating 1000 samples for ultrafast bootstrap (seed: 615040)...
WARNING: Normalizing state frequencies so that sum of them equals to 1

NOTE: 0 MB RAM (0 GB) is required!
Estimate model parameters (epsilon = 0.100)
1. Initial log-likelihood: -1584.038
Optimal log-likelihood: -1584.038
Parameters optimization took 1 rounds (0.001 sec)
Wrote distance file to... 
Computing ML distances based on estimated model parameters...
Calculating distance matrix: done in 0.00233316 secs using 99.52% CPU
Computing ML distances took 0.002394 sec (of wall-clock time) 0.002383 sec (of CPU time)
Setting up auxiliary I and S matrices: done in 3.79086e-05 secs using 100.2% CPU
Constructing RapidNJ tree: done in 2.19345e-05 secs using 100.3% CPU
Computing RapidNJ tree took 0.000137 sec (of wall-clock time) 0.000137 sec (of CPU time)
Log-likelihood of RapidNJ tree: -1584.528
--------------------------------------------------------------------
|             INITIALIZING CANDIDATE TREE SET                      |
--------------------------------------------------------------------
Generating 98 parsimony trees... 0.034 second
Computing log-likelihood of 17 initial trees ... 0.008 seconds
Current best score: -1584.038

Do NNI search on 19 best initial trees
Optimizing NNI: done in 0.00155902 secs using 100.1% CPU
Optimizing NNI: done in 0.0138929 secs using 71.27% CPU
Optimizing NNI: done in 0.00147915 secs using 99.18% CPU
Optimizing NNI: done in 0.00317502 secs using 100% CPU
Optimizing NNI: done in 0.00750303 secs using 130.6% CPU
Optimizing NNI: done in 0.00348902 secs using 200.3% CPU
Optimizing NNI: done in 0.00335503 secs using 199.9% CPU
Optimizing NNI: done in 0.00339699 secs using 199.1% CPU
Optimizing NNI: done in 0.00340199 secs using 199.9% CPU
Optimizing NNI: done in 0.00343084 secs using 199.8% CPU
Iteration 10 / LogL: -1584.528 / Time: 0h:0m:0s
Optimizing NNI: done in 0.00336599 secs using 199.8% CPU
Optimizing NNI: done in 0.00346613 secs using 199.3% CPU
Optimizing NNI: done in 0.00361705 secs using 200% CPU
Optimizing NNI: done in 0.00421286 secs using 199.3% CPU
Optimizing NNI: done in 0.00417709 secs using 199.9% CPU
Optimizing NNI: done in 0.00362086 secs using 199.8% CPU
Optimizing NNI: done in 0.00377703 secs using 199.1% CPU
Optimizing NNI: done in 0.00374508 secs using 199.2% CPU
Optimizing NNI: done in 0.00335693 secs using 199.3% CPU
Finish initializing candidate tree set (19)
Current best tree score: -1584.038 / CPU time: 0.130
Number of iterations: 19
--------------------------------------------------------------------
|               OPTIMIZING CANDIDATE TREE SET                      |
--------------------------------------------------------------------
Optimizing NNI: done in 0.00350308 secs using 200.1% CPU
Iteration 20 / LogL: -1584.038 / Time: 0h:0m:0s
Optimizing NNI: done in 0.00345302 secs using 199.7% CPU
UPDATE BEST LOG-LIKELIHOOD: -1584.038
Optimizing NNI: done in 0.00357413 secs using 199.3% CPU
Optimizing NNI: done in 0.00338483 secs using 199.5% CPU
Optimizing NNI: done in 0.00159192 secs using 199.2% CPU
Optimizing NNI: done in 0.0036509 secs using 199.8% CPU
Optimizing NNI: done in 0.00370002 secs using 199.6% CPU
Optimizing NNI: done in 0.00364399 secs using 199.9% CPU
Optimizing NNI: done in 0.00381804 secs using 100% CPU
Optimizing NNI: done in 0.00366092 secs using 99.54% CPU
Optimizing NNI: done in 0.00336599 secs using 99.97% CPU
Iteration 30 / LogL: -1584.038 / Time: 0h:0m:0s (0h:0m:0s left)
Optimizing NNI: done in 0.00154495 secs using 100.1% CPU
Optimizing NNI: done in 0.00380611 secs using 99.58% CPU
Optimizing NNI: done in 0.00346112 secs using 99.97% CPU
Optimizing NNI: done in 0.00345492 secs using 100% CPU
Optimizing NNI: done in 0.00348806 secs using 100% CPU
Optimizing NNI: done in 0.00183201 secs using 100% CPU
Optimizing NNI: done in 0.00362015 secs using 99.97% CPU
Optimizing NNI: done in 0.00359201 secs using 100% CPU
Optimizing NNI: done in 0.00341916 secs using 99.94% CPU
Optimizing NNI: done in 0.00356388 secs using 99.98% CPU
Iteration 40 / LogL: -1584.528 / Time: 0h:0m:0s (0h:0m:0s left)
Optimizing NNI: done in 0.00179315 secs using 100% CPU
Optimizing NNI: done in 0.00187612 secs using 98.93% CPU
Optimizing NNI: done in 0.00345397 secs using 99.97% CPU
Optimizing NNI: done in 0.00364304 secs using 99.59% CPU
Optimizing NNI: done in 0.00350809 secs using 100% CPU
Optimizing NNI: done in 0.00350714 secs using 100% CPU
Optimizing NNI: done in 0.00421 secs using 100% CPU
Optimizing NNI: done in 0.00360322 secs using 99.99% CPU
Optimizing NNI: done in 0.00356793 secs using 100% CPU
Optimizing NNI: done in 0.00354695 secs using 99.63% CPU
Iteration 50 / LogL: -1584.038 / Time: 0h:0m:0s (0h:0m:0s left)
Log-likelihood cutoff on original alignment: -1593.400
Optimizing NNI: done in 0.00363302 secs using 99.94% CPU
Optimizing NNI: done in 0.00347805 secs using 98.16% CPU
Optimizing NNI: done in 0.00153399 secs using 100% CPU
Optimizing NNI: done in 0.00420308 secs using 100% CPU
Optimizing NNI: done in 0.00364685 secs using 99.46% CPU
Optimizing NNI: done in 0.00354099 secs using 100% CPU
Optimizing NNI: done in 0.00154185 secs using 100% CPU
Optimizing NNI: done in 0.00183916 secs using 100% CPU
Optimizing NNI: done in 0.00357604 secs using 100.1% CPU
Optimizing NNI: done in 0.00353408 secs using 99.97% CPU
Iteration 60 / LogL: -1584.038 / Time: 0h:0m:0s (0h:0m:0s left)
Optimizing NNI: done in 0.00323486 secs using 100% CPU
Optimizing NNI: done in 0.00319505 secs using 100% CPU
Optimizing NNI: done in 0.00342202 secs using 99.97% CPU
Optimizing NNI: done in 0.00317311 secs using 100.1% CPU
Optimizing NNI: done in 0.003613 secs using 100% CPU
Optimizing NNI: done in 0.00346708 secs using 99.59% CPU
Optimizing NNI: done in 0.00348997 secs using 99.54% CPU
Optimizing NNI: done in 0.00377893 secs using 99.95% CPU
Optimizing NNI: done in 0.003546 secs using 100% CPU
Optimizing NNI: done in 0.00332403 secs using 100% CPU
Iteration 70 / LogL: -1584.038 / Time: 0h:0m:0s (0h:0m:0s left)
Optimizing NNI: done in 0.00423789 secs using 99.98% CPU
Optimizing NNI: done in 0.00356507 secs using 99.91% CPU
Optimizing NNI: done in 0.00378108 secs using 99.94% CPU
Optimizing NNI: done in 0.00159097 secs using 99.12% CPU
Optimizing NNI: done in 0.00341988 secs using 100% CPU
Optimizing NNI: done in 0.00361085 secs using 100% CPU
Optimizing NNI: done in 0.00154805 secs using 100% CPU
Optimizing NNI: done in 0.00183296 secs using 100.1% CPU
Optimizing NNI: done in 0.00349212 secs using 100% CPU
Optimizing NNI: done in 0.00335217 secs using 100% CPU
Iteration 80 / LogL: -1584.038 / Time: 0h:0m:0s (0h:0m:0s left)
Optimizing NNI: done in 0.00181198 secs using 99.95% CPU
Optimizing NNI: done in 0.00366592 secs using 99.97% CPU
Optimizing NNI: done in 0.00342798 secs using 99.97% CPU
Optimizing NNI: done in 0.00346112 secs using 99.56% CPU
Optimizing NNI: done in 0.00342584 secs using 99.86% CPU
Optimizing NNI: done in 0.00349998 secs using 99.89% CPU
Optimizing NNI: done in 0.003654 secs using 99.51% CPU
Optimizing NNI: done in 0.00156188 secs using 99.94% CPU
Optimizing NNI: done in 0.00181603 secs using 100% CPU
Optimizing NNI: done in 0.003443 secs using 99.97% CPU
Iteration 90 / LogL: -1584.038 / Time: 0h:0m:0s (0h:0m:0s left)
Optimizing NNI: done in 0.00340605 secs using 99.62% CPU
Optimizing NNI: done in 0.00339913 secs using 99.58% CPU
Optimizing NNI: done in 0.00352407 secs using 100% CPU
Optimizing NNI: done in 0.00348878 secs using 100% CPU
Optimizing NNI: done in 0.00345898 secs using 100% CPU
Optimizing NNI: done in 0.00346804 secs using 99.94% CPU
Optimizing NNI: done in 0.00374603 secs using 99.57% CPU
Optimizing NNI: done in 0.00413489 secs using 100% CPU
Optimizing NNI: done in 0.00409698 secs using 100% CPU
Optimizing NNI: done in 0.00359893 secs using 99.61% CPU
Iteration 100 / LogL: -1584.528 / Time: 0h:0m:0s (0h:0m:0s left)
Log-likelihood cutoff on original alignment: -1593.280
NOTE: Bootstrap correlation coefficient of split occurrence frequencies: 0.997
Optimizing NNI: done in 0.00162101 secs using 99.14% CPU
TREE SEARCH COMPLETED AFTER 101 ITERATIONS / Time: 0h:0m:0s

--------------------------------------------------------------------
|                    FINALIZING TREE SEARCH                        |
--------------------------------------------------------------------
Performs final model parameters optimization
Estimate model parameters (epsilon = 0.010)
1. Initial log-likelihood: -1584.038
Optimal log-likelihood: -1584.038
Parameters optimization took 1 rounds (0.001 sec)
BEST SCORE FOUND : -1584.038

Testing tree branches by SH-like aLRT with 1000 replicates...
0.049 sec.
Creating bootstrap support values...
Split supports printed to NEXUS file ../results/molecular_evolution_analyses/phylogenetic_trees/F68548_SMAR_G1/F68548_SMAR_G1.splits.nex
Total tree length: 0.180

Total number of iterations: 101
CPU time used for tree search: 0.952 sec (0h:0m:0s)
Wall-clock time used for tree search: 0.835 sec (0h:0m:0s)
Total CPU time used: 1.028 sec (0h:0m:1s)
Total wall-clock time used: 0.953 sec (0h:0m:0s)

Computing bootstrap consensus tree...
Reading input file ../results/molecular_evolution_analyses/phylogenetic_trees/F68548_SMAR_G1/F68548_SMAR_G1.splits.nex...
6 taxa and 27 splits.
Consensus tree written to ../results/molecular_evolution_analyses/phylogenetic_trees/F68548_SMAR_G1/F68548_SMAR_G1.contree
Reading input trees file ../results/molecular_evolution_analyses/phylogenetic_trees/F68548_SMAR_G1/F68548_SMAR_G1.contree
Log-likelihood of consensus tree: -1584.528

Analysis results written to: 
  IQ-TREE report:                ../results/molecular_evolution_analyses/phylogenetic_trees/F68548_SMAR_G1/F68548_SMAR_G1.iqtree
  Maximum-likelihood tree:       ../results/molecular_evolution_analyses/phylogenetic_trees/F68548_SMAR_G1/F68548_SMAR_G1.treefile
  Likelihood distances:          ../results/molecular_evolution_analyses/phylogenetic_trees/F68548_SMAR_G1/F68548_SMAR_G1.mldist

Ultrafast bootstrap approximation results written to:
  Split support values:          ../results/molecular_evolution_analyses/phylogenetic_trees/F68548_SMAR_G1/F68548_SMAR_G1.splits.nex
  Consensus tree:                ../results/molecular_evolution_analyses/phylogenetic_trees/F68548_SMAR_G1/F68548_SMAR_G1.contree
  Screen log file:               ../results/molecular_evolution_analyses/phylogenetic_trees/F68548_SMAR_G1/F68548_SMAR_G1.log

Date and Time: Thu Mar 28 11:20:02 2024
