IQ-TREE multicore version 2.2.2.6 COVID-edition for Linux 64-bit built May 27 2023
Developed by Bui Quang Minh, James Barbetti, Nguyen Lam Tung,
Olga Chernomor, Heiko Schmidt, Dominik Schrempf, Michael Woodhams, Ly Trong Nhan.

Host:    lbc5 (AVX2, FMA3, 125 GB RAM)
Command: /home/mauricio/mauricio_PROGRAMAS/iqtree-2.2.2.6-Linux/bin/iqtree2 -s ../results/molecular_evolution_analyses/alignments_gblocks/F89287_MLIG_G1/F89287_MLIG_G1.aln.gblo -m TEST --threads-max 32 --alrt 1000 --ufboot 1000 --prefix ../results/molecular_evolution_analyses/phylogenetic_trees/F89287_MLIG_G1/F89287_MLIG_G1 -keep-ident -redo
Seed:    201191 (Using SPRNG - Scalable Parallel Random Number Generator)
Time:    Wed May  1 11:16:11 2024
Kernel:  AVX+FMA - 1 threads (32 CPU cores detected)

HINT: Use -nt option to specify number of threads because your CPU has 32 cores!
HINT: -nt AUTO will automatically determine the best number of threads to use.

Reading alignment file ../results/molecular_evolution_analyses/alignments_gblocks/F89287_MLIG_G1/F89287_MLIG_G1.aln.gblo ... Fasta format detected
Reading fasta file: done in 0.000116825 secs using 99.29% CPU
Alignment most likely contains protein sequences
Constructing alignment: done in 0.000684023 secs using 100% CPU
Alignment has 5 sequences with 732 columns, 135 distinct patterns
146 parsimony-informative, 30 singleton sites, 556 constant sites
            Gap/Ambiguity  Composition  p-value
Analyzing sequences: done in 8.82149e-06 secs using 102% CPU
   1  Mlig.27417    0.00%    passed     99.95%
   2  Mlig.27418    0.00%    passed     99.95%
   3  Mlig.731      0.00%    passed     99.94%
   4  Mlig.732      0.00%    passed    100.00%
   5  Mlig.733      0.00%    passed    100.00%
****  TOTAL         0.00%  0 sequences failed composition chi2 test (p-value<5%; df=19)


Create initial parsimony tree by phylogenetic likelihood library (PLL)... 0.000 seconds
Perform fast likelihood tree search using LG+I+G model...
Estimate model parameters (epsilon = 5.000)
Perform nearest neighbor interchange...
Optimizing NNI: done in 0.00217295 secs using 99.82% CPU
Estimate model parameters (epsilon = 1.000)
1. Initial log-likelihood: -3108.487
Optimal log-likelihood: -3108.468
Proportion of invariable sites: 0.381
Gamma shape alpha: 998.602
Parameters optimization took 1 rounds (0.003 sec)
Time for fast ML tree search: 0.017 seconds

NOTE: ModelFinder requires 1 MB RAM!
ModelFinder will test up to 224 protein models (sample size: 732) ...
 No. Model         -LnL         df  AIC          AICc         BIC
  1  LG            3108.811     7   6231.623     6231.777     6263.793
  2  LG+I          3108.087     8   6232.175     6232.374     6268.941
  3  LG+G4         3107.868     8   6231.736     6231.935     6268.502
  4  LG+I+G4       3108.434     9   6234.868     6235.118     6276.230
  5  LG+F          3095.652     26  6243.304     6245.295     6362.794
  6  LG+F+I        3094.941     27  6243.881     6246.029     6367.967
  7  LG+F+G4       3094.719     27  6243.438     6245.585     6367.524
  9  WAG           3118.487     7   6250.973     6251.128     6283.143
 10  WAG+I         3118.453     8   6252.906     6253.105     6289.672
 11  WAG+G4        3118.422     8   6252.844     6253.043     6289.610
 13  WAG+F         3096.379     26  6244.758     6246.750     6364.249
 14  WAG+F+I       3096.362     27  6246.725     6248.873     6370.811
 15  WAG+F+G4      3096.336     27  6246.673     6248.820     6370.759
 17  JTT           3105.283     7   6224.565     6224.720     6256.736
 18  JTT+I         3104.985     8   6225.970     6226.169     6262.736
 19  JTT+G4        3104.959     8   6225.919     6226.118     6262.685
 21  JTT+F         3093.158     26  6238.317     6240.308     6357.807
 22  JTT+F+I       3092.946     27  6239.891     6242.039     6363.977
 23  JTT+F+G4      3092.920     27  6239.839     6241.987     6363.926
WARNING: Normalizing state frequencies so that sum of them equals to 1
 25  Q.pfam        3105.005     7   6224.011     6224.165     6256.181
WARNING: Normalizing state frequencies so that sum of them equals to 1
 26  Q.pfam+I      3104.889     8   6225.778     6225.977     6262.545
WARNING: Normalizing state frequencies so that sum of them equals to 1
 27  Q.pfam+G4     3104.811     8   6225.623     6225.822     6262.389
WARNING: Normalizing state frequencies so that sum of them equals to 1
 29  Q.pfam+F      3091.698     26  6235.395     6237.387     6354.886
WARNING: Normalizing state frequencies so that sum of them equals to 1
 30  Q.pfam+F+I    3091.476     27  6236.952     6239.100     6361.038
WARNING: Normalizing state frequencies so that sum of them equals to 1
 31  Q.pfam+F+G4   3091.393     27  6236.786     6238.934     6360.872
WARNING: Normalizing state frequencies so that sum of them equals to 1
 33  Q.bird        3153.121     7   6320.241     6320.396     6352.412
WARNING: Normalizing state frequencies so that sum of them equals to 1
 34  Q.bird+I      3141.582     8   6299.164     6299.364     6335.931
WARNING: Normalizing state frequencies so that sum of them equals to 1
 35  Q.bird+G4     3142.338     8   6300.676     6300.875     6337.442
WARNING: Normalizing state frequencies so that sum of them equals to 1
 37  Q.bird+F      3135.039     26  6322.079     6324.070     6441.569
WARNING: Normalizing state frequencies so that sum of them equals to 1
 38  Q.bird+F+I    3123.066     27  6300.131     6302.279     6424.217
WARNING: Normalizing state frequencies so that sum of them equals to 1
 39  Q.bird+F+G4   3123.708     27  6301.415     6303.563     6425.501
WARNING: Normalizing state frequencies so that sum of them equals to 1
 41  Q.mammal      3140.201     7   6294.403     6294.558     6326.573
WARNING: Normalizing state frequencies so that sum of them equals to 1
 42  Q.mammal+I    3135.776     8   6287.552     6287.751     6324.318
WARNING: Normalizing state frequencies so that sum of them equals to 1
 43  Q.mammal+G4   3136.188     8   6288.375     6288.574     6325.141
WARNING: Normalizing state frequencies so that sum of them equals to 1
 45  Q.mammal+F    3117.681     26  6287.362     6289.354     6406.852
WARNING: Normalizing state frequencies so that sum of them equals to 1
 46  Q.mammal+F+I  3112.783     27  6279.567     6281.714     6403.653
WARNING: Normalizing state frequencies so that sum of them equals to 1
 47  Q.mammal+F+G4 3113.211     27  6280.422     6282.569     6404.508
 49  Q.insect      3121.670     7   6257.340     6257.495     6289.511
 50  Q.insect+I    3121.365     8   6258.731     6258.930     6295.497
 51  Q.insect+G4   3121.330     8   6258.661     6258.860     6295.427
 53  Q.insect+F    3085.110     26  6222.220     6224.212     6341.711
 54  Q.insect+F+I  3084.934     27  6223.867     6226.015     6347.953
 55  Q.insect+F+G4 3084.897     27  6223.794     6225.941     6347.880
WARNING: Normalizing state frequencies so that sum of them equals to 1
 57  Q.plant       3139.685     7   6293.370     6293.524     6325.540
WARNING: Normalizing state frequencies so that sum of them equals to 1
 58  Q.plant+I     3132.448     8   6280.895     6281.094     6317.661
WARNING: Normalizing state frequencies so that sum of them equals to 1
 59  Q.plant+G4    3132.541     8   6281.083     6281.282     6317.849
WARNING: Normalizing state frequencies so that sum of them equals to 1
 61  Q.plant+F     3118.400     26  6288.800     6290.791     6408.290
WARNING: Normalizing state frequencies so that sum of them equals to 1
 62  Q.plant+F+I   3111.868     27  6277.736     6279.884     6401.822
WARNING: Normalizing state frequencies so that sum of them equals to 1
 63  Q.plant+F+G4  3111.884     27  6277.767     6279.915     6401.853
WARNING: Normalizing state frequencies so that sum of them equals to 1
 65  Q.yeast       3138.649     7   6291.298     6291.453     6323.468
WARNING: Normalizing state frequencies so that sum of them equals to 1
 66  Q.yeast+I     3138.209     8   6292.418     6292.617     6329.184
WARNING: Normalizing state frequencies so that sum of them equals to 1
 67  Q.yeast+G4    3138.096     8   6292.193     6292.392     6328.959
WARNING: Normalizing state frequencies so that sum of them equals to 1
 69  Q.yeast+F     3087.596     26  6227.193     6229.184     6346.683
WARNING: Normalizing state frequencies so that sum of them equals to 1
 70  Q.yeast+F+I   3087.247     27  6228.494     6230.642     6352.580
WARNING: Normalizing state frequencies so that sum of them equals to 1
 71  Q.yeast+F+G4  3087.141     27  6228.282     6230.430     6352.368
 73  JTTDCMut      3106.444     7   6226.888     6227.043     6259.059
 74  JTTDCMut+I    3106.075     8   6228.150     6228.349     6264.916
 75  JTTDCMut+G4   3106.042     8   6228.085     6228.284     6264.851
 77  JTTDCMut+F    3093.778     26  6239.555     6241.547     6359.046
 78  JTTDCMut+F+I  3093.508     27  6241.016     6243.164     6365.102
 79  JTTDCMut+F+G4 3093.474     27  6240.948     6243.096     6365.034
 81  DCMut         3150.633     7   6315.266     6315.420     6347.436
 82  DCMut+I       3147.429     8   6310.859     6311.058     6347.625
 83  DCMut+G4      3147.591     8   6311.181     6311.380     6347.947
 85  DCMut+F       3106.520     26  6265.039     6267.031     6384.529
 86  DCMut+F+I     3103.822     27  6261.645     6263.792     6385.731
 87  DCMut+F+G4    3103.919     27  6261.838     6263.985     6385.924
 89  VT            3100.043     7   6214.086     6214.241     6246.256
 90  VT+I          3100.043     8   6216.086     6216.285     6252.852
 91  VT+G4         3100.045     8   6216.090     6216.289     6252.856
 93  VT+F          3087.029     26  6226.058     6228.049     6345.548
 94  VT+F+I        3087.029     27  6228.058     6230.205     6352.144
 95  VT+F+G4       3087.031     27  6228.062     6230.209     6352.148
 97  PMB           3105.789     7   6225.578     6225.733     6257.748
 98  PMB+I         3105.789     8   6227.578     6227.777     6264.344
 99  PMB+G4        3105.791     8   6227.583     6227.782     6264.349
101  PMB+F         3095.665     26  6243.331     6245.322     6362.821
102  PMB+F+I       3095.665     27  6245.331     6247.478     6369.417
103  PMB+F+G4      3095.667     27  6245.335     6247.483     6369.421
105  Blosum62      3102.457     7   6218.913     6219.068     6251.084
106  Blosum62+I    3102.457     8   6220.913     6221.112     6257.679
107  Blosum62+G4   3102.459     8   6220.917     6221.117     6257.684
109  Blosum62+F    3092.485     26  6236.970     6238.961     6356.460
110  Blosum62+F+I  3092.485     27  6238.970     6241.117     6363.056
111  Blosum62+F+G4 3092.487     27  6238.974     6241.121     6363.060
113  Dayhoff       3150.760     7   6315.519     6315.674     6347.689
114  Dayhoff+I     3147.506     8   6311.012     6311.211     6347.778
115  Dayhoff+G4    3147.648     8   6311.296     6311.495     6348.062
117  Dayhoff+F     3106.591     26  6265.183     6267.174     6384.673
118  Dayhoff+F+I   3103.870     27  6261.741     6263.888     6385.827
119  Dayhoff+F+G4  3103.953     27  6261.906     6264.054     6385.993
121  mtREV         3270.352     7   6554.703     6554.858     6586.874
122  mtREV+I       3256.734     8   6529.469     6529.668     6566.235
123  mtREV+G4      3255.712     8   6527.424     6527.623     6564.190
125  mtREV+F       3140.618     26  6333.235     6335.227     6452.726
126  mtREV+F+I     3129.657     27  6313.314     6315.462     6437.400
127  mtREV+F+G4    3128.908     27  6311.816     6313.964     6435.902
129  mtART         3323.033     7   6660.066     6660.221     6692.237
130  mtART+I       3286.273     8   6588.545     6588.744     6625.311
131  mtART+G4      3280.639     8   6577.278     6577.478     6614.045
133  mtART+F       3181.320     26  6414.640     6416.631     6534.130
134  mtART+F+I     3152.123     27  6358.245     6360.393     6482.331
135  mtART+F+G4    3148.091     27  6350.181     6352.329     6474.267
137  mtZOA         3249.105     7   6512.211     6512.365     6544.381
138  mtZOA+I       3233.204     8   6482.408     6482.607     6519.174
139  mtZOA+G4      3230.755     8   6477.511     6477.710     6514.277
141  mtZOA+F       3134.223     26  6320.446     6322.438     6439.936
142  mtZOA+F+I     3122.526     27  6299.053     6301.200     6423.139
143  mtZOA+F+G4    3121.168     27  6296.335     6298.483     6420.422
145  mtMet         3288.082     7   6590.163     6590.318     6622.333
146  mtMet+I       3276.609     8   6569.218     6569.417     6605.984
147  mtMet+G4      3275.751     8   6567.502     6567.701     6604.269
149  mtMet+F       3126.798     26  6305.596     6307.587     6425.086
150  mtMet+F+I     3118.303     27  6290.606     6292.753     6414.692
151  mtMet+F+G4    3117.918     27  6289.835     6291.983     6413.921
153  mtVer         3311.437     7   6636.873     6637.028     6669.044
154  mtVer+I       3289.455     8   6594.910     6595.110     6631.677
155  mtVer+G4      3288.017     8   6592.033     6592.232     6628.799
157  mtVer+F       3160.459     26  6372.919     6374.910     6492.409
158  mtVer+F+I     3142.876     27  6339.752     6341.900     6463.838
159  mtVer+F+G4    3142.322     27  6338.643     6340.791     6462.729
161  mtInv         3317.662     7   6649.323     6649.478     6681.494
162  mtInv+I       3312.217     8   6640.434     6640.633     6677.200
163  mtInv+G4      3311.632     8   6639.264     6639.464     6676.031
165  mtInv+F       3107.645     26  6267.290     6269.281     6386.780
166  mtInv+F+I     3104.548     27  6263.095     6265.243     6387.181
167  mtInv+F+G4    3104.190     27  6262.379     6264.527     6386.465
169  mtMAM         3347.270     7   6708.540     6708.695     6740.711
170  mtMAM+I       3299.743     8   6615.485     6615.684     6652.251
171  mtMAM+G4      3294.879     8   6605.759     6605.958     6642.525
173  mtMAM+F       3208.295     26  6468.589     6470.581     6588.080
174  mtMAM+F+I     3167.101     27  6388.203     6390.350     6512.289
175  mtMAM+F+G4    3164.094     27  6382.188     6384.336     6506.274
WARNING: Normalizing state frequencies so that sum of them equals to 1
177  FLAVI         3222.120     7   6458.240     6458.395     6490.411
WARNING: Normalizing state frequencies so that sum of them equals to 1
178  FLAVI+I       3185.618     8   6387.236     6387.435     6424.002
WARNING: Normalizing state frequencies so that sum of them equals to 1
179  FLAVI+G4      3184.132     8   6384.264     6384.464     6421.031
WARNING: Normalizing state frequencies so that sum of them equals to 1
181  FLAVI+F       3202.916     26  6457.831     6459.823     6577.321
WARNING: Normalizing state frequencies so that sum of them equals to 1
182  FLAVI+F+I     3167.170     27  6388.340     6390.488     6512.427
WARNING: Normalizing state frequencies so that sum of them equals to 1
183  FLAVI+F+G4    3165.718     27  6385.435     6387.583     6509.522
185  HIVb          3184.588     7   6383.175     6383.330     6415.346
186  HIVb+I        3161.078     8   6338.155     6338.355     6374.922
187  HIVb+G4       3161.850     8   6339.701     6339.900     6376.467
189  HIVb+F        3163.184     26  6378.367     6380.359     6497.858
190  HIVb+F+I      3140.151     27  6334.303     6336.451     6458.389
191  HIVb+F+G4     3140.593     27  6335.187     6337.334     6459.273
193  HIVw          3287.546     7   6589.092     6589.247     6621.262
194  HIVw+I        3249.878     8   6515.757     6515.956     6552.523
195  HIVw+G4       3250.206     8   6516.413     6516.612     6553.179
197  HIVw+F        3206.803     26  6465.606     6467.597     6585.096
198  HIVw+F+I      3172.459     27  6398.918     6401.066     6523.004
199  HIVw+F+G4     3172.624     27  6399.247     6401.395     6523.333
201  FLU           3205.748     7   6425.496     6425.650     6457.666
202  FLU+I         3187.064     8   6390.128     6390.327     6426.894
203  FLU+G4        3187.697     8   6391.393     6391.592     6428.159
205  FLU+F         3161.681     26  6375.362     6377.353     6494.852
206  FLU+F+I       3142.004     27  6338.007     6340.155     6462.093
207  FLU+F+G4      3142.353     27  6338.707     6340.855     6462.793
209  rtREV         3147.125     7   6308.250     6308.405     6340.420
210  rtREV+I       3145.211     8   6306.422     6306.621     6343.188
211  rtREV+G4      3145.020     8   6306.040     6306.239     6342.806
213  rtREV+F       3108.090     26  6268.181     6270.172     6387.671
214  rtREV+F+I     3105.912     27  6265.824     6267.972     6389.910
215  rtREV+F+G4    3105.691     27  6265.381     6267.529     6389.467
217  cpREV         3134.000     7   6282.001     6282.155     6314.171
218  cpREV+I       3131.532     8   6279.064     6279.263     6315.830
219  cpREV+G4      3131.321     8   6278.642     6278.841     6315.408
221  cpREV+F       3119.686     26  6291.372     6293.363     6410.862
222  cpREV+F+I     3117.207     27  6288.413     6290.561     6412.500
223  cpREV+F+G4    3117.003     27  6288.006     6290.154     6412.093
Akaike Information Criterion:           VT
Corrected Akaike Information Criterion: VT
Bayesian Information Criterion:         VT
Best-fit model: VT chosen according to BIC

All model information printed to ../results/molecular_evolution_analyses/phylogenetic_trees/F89287_MLIG_G1/F89287_MLIG_G1.model.gz
CPU time for ModelFinder: 1.001 seconds (0h:0m:1s)
Wall-clock time for ModelFinder: 1.010 seconds (0h:0m:1s)
Generating 1000 samples for ultrafast bootstrap (seed: 201191)...

NOTE: 0 MB RAM (0 GB) is required!
Estimate model parameters (epsilon = 0.100)
1. Initial log-likelihood: -3100.043
Optimal log-likelihood: -3100.043
Parameters optimization took 1 rounds (0.001 sec)
Wrote distance file to... 
Computing ML distances based on estimated model parameters...
Calculating distance matrix: done in 0.000649214 secs using 98.43% CPU
Computing ML distances took 0.000673 sec (of wall-clock time) 0.000664 sec (of CPU time)
Setting up auxiliary I and S matrices: done in 3.88622e-05 secs using 100.4% CPU
Constructing RapidNJ tree: done in 1.90735e-05 secs using 99.61% CPU
Computing RapidNJ tree took 0.000116 sec (of wall-clock time) 0.000114 sec (of CPU time)
Log-likelihood of RapidNJ tree: -3100.044
--------------------------------------------------------------------
|             INITIALIZING CANDIDATE TREE SET                      |
--------------------------------------------------------------------
Generating 99 parsimony trees... 0.014 second
Computing log-likelihood of 6 initial trees ... 0.002 seconds
Current best score: -3100.043

Do NNI search on 7 best initial trees
Optimizing NNI: done in 0.000816107 secs using 199.6% CPU
Optimizing NNI: done in 0.0017271 secs using 200% CPU
Optimizing NNI: done in 0.00173616 secs using 200.1% CPU
Optimizing NNI: done in 0.00262809 secs using 200% CPU
Optimizing NNI: done in 0.0026269 secs using 199.9% CPU
Optimizing NNI: done in 0.00165796 secs using 200.1% CPU
Optimizing NNI: done in 0.00168705 secs using 199.7% CPU
Finish initializing candidate tree set (7)
Current best tree score: -3100.043 / CPU time: 0.032
Number of iterations: 7
--------------------------------------------------------------------
|               OPTIMIZING CANDIDATE TREE SET                      |
--------------------------------------------------------------------
Optimizing NNI: done in 0.00160193 secs using 200.1% CPU
Optimizing NNI: done in 0.00314593 secs using 199.9% CPU
Optimizing NNI: done in 0.00164294 secs using 199.8% CPU
Iteration 10 / LogL: -3100.044 / Time: 0h:0m:0s
Optimizing NNI: done in 0.001616 secs using 199.9% CPU
Optimizing NNI: done in 0.00250411 secs using 199.8% CPU
Optimizing NNI: done in 0.00157404 secs using 200.1% CPU
Optimizing NNI: done in 0.00162005 secs using 199.9% CPU
Optimizing NNI: done in 0.00249696 secs using 199.9% CPU
Optimizing NNI: done in 0.00248408 secs
Optimizing NNI: done in 0.00313497 secs using 72.31% CPU
Optimizing NNI: done in 0.00320888 secs using 199.6% CPU
Optimizing NNI: done in 0.000712156 secs using 200.1% CPU
Optimizing NNI: done in 0.00313687 secs using 199.8% CPU
Iteration 20 / LogL: -3100.044 / Time: 0h:0m:0s
Optimizing NNI: done in 0.00242901 secs using 199.9% CPU
Optimizing NNI: done in 0.00307989 secs using 199.9% CPU
Optimizing NNI: done in 0.00318003 secs using 200% CPU
Optimizing NNI: done in 0.00243402 secs using 200% CPU
Optimizing NNI: done in 0.00159311 secs using 199.9% CPU
Optimizing NNI: done in 0.00307608 secs using 199.9% CPU
Optimizing NNI: done in 0.00339103 secs using 199.9% CPU
Optimizing NNI: done in 0.00161886 secs using 200% CPU
Optimizing NNI: done in 0.00314999 secs using 196.9% CPU
Optimizing NNI: done in 0.0014739 secs using 199.3% CPU
Iteration 30 / LogL: -3100.138 / Time: 0h:0m:0s (0h:0m:0s left)
Optimizing NNI: done in 0.00251317 secs using 199.8% CPU
Optimizing NNI: done in 0.00159907 secs
Optimizing NNI: done in 0.00341201 secs using 199.9% CPU
Optimizing NNI: done in 0.00324202 secs using 199.9% CPU
Optimizing NNI: done in 0.00251007 secs using 199.9% CPU
Optimizing NNI: done in 0.00312495 secs using 199.9% CPU
Optimizing NNI: done in 0.00244999 secs using 199.8% CPU
Optimizing NNI: done in 0.00312901 secs using 196.1% CPU
Optimizing NNI: done in 0.00318599 secs using 134.7% CPU
Optimizing NNI: done in 0.00317883 secs using 100% CPU
Iteration 40 / LogL: -3100.044 / Time: 0h:0m:0s (0h:0m:0s left)
Optimizing NNI: done in 0.00339293 secs using 100% CPU
Optimizing NNI: done in 0.00155497 secs using 100% CPU
Optimizing NNI: done in 0.00248194 secs using 100% CPU
Optimizing NNI: done in 0.0016048 secs using 100% CPU
Optimizing NNI: done in 0.0023911 secs using 100% CPU
Optimizing NNI: done in 0.000705004 secs using 100% CPU
Optimizing NNI: done in 0.00247788 secs using 99.92% CPU
Optimizing NNI: done in 0.0016129 secs using 99.94% CPU
Optimizing NNI: done in 0.00239992 secs using 100% CPU
Optimizing NNI: done in 0.00156212 secs using 99.99% CPU
Iteration 50 / LogL: -3100.043 / Time: 0h:0m:0s (0h:0m:0s left)
Log-likelihood cutoff on original alignment: -3104.232
Optimizing NNI: done in 0.0015161 secs using 99.93% CPU
Optimizing NNI: done in 0.00348496 secs using 100% CPU
Optimizing NNI: done in 0.0024271 secs using 100% CPU
Optimizing NNI: done in 0.00243998 secs using 100% CPU
Optimizing NNI: done in 0.00249386 secs using 99.89% CPU
Optimizing NNI: done in 0.00158286 secs using 100% CPU
Optimizing NNI: done in 0.00322509 secs using 100% CPU
Optimizing NNI: done in 0.002496 secs using 99.96% CPU
Optimizing NNI: done in 0.0034368 secs using 99.98% CPU
Optimizing NNI: done in 0.00312805 secs using 99.97% CPU
Iteration 60 / LogL: -3100.044 / Time: 0h:0m:0s (0h:0m:0s left)
Optimizing NNI: done in 0.000699997 secs using 100% CPU
Optimizing NNI: done in 0.00146103 secs using 100% CPU
Optimizing NNI: done in 0.00239205 secs using 100% CPU
Optimizing NNI: done in 0.00242615 secs using 99.83% CPU
Optimizing NNI: done in 0.00310802 secs using 100% CPU
Optimizing NNI: done in 0.00309014 secs using 99.9% CPU
Optimizing NNI: done in 0.00240898 secs using 100% CPU
Optimizing NNI: done in 0.00246 secs using 100% CPU
Optimizing NNI: done in 0.00245714 secs using 99.95% CPU
Optimizing NNI: done in 0.00307202 secs using 99.97% CPU
Iteration 70 / LogL: -3100.044 / Time: 0h:0m:0s (0h:0m:0s left)
Optimizing NNI: done in 0.00159502 secs using 100% CPU
Optimizing NNI: done in 0.0015831 secs using 99.93% CPU
Optimizing NNI: done in 0.002491 secs using 99.88% CPU
Optimizing NNI: done in 0.00243902 secs using 100% CPU
Optimizing NNI: done in 0.000713825 secs using 100% CPU
Optimizing NNI: done in 0.00147295 secs using 100.1% CPU
Optimizing NNI: done in 0.00245309 secs using 100% CPU
Optimizing NNI: done in 0.000699043 secs using 99.99% CPU
Optimizing NNI: done in 0.00241184 secs using 100% CPU
Optimizing NNI: done in 0.00146914 secs using 99.85% CPU
Iteration 80 / LogL: -3100.138 / Time: 0h:0m:0s (0h:0m:0s left)
Optimizing NNI: done in 0.00307202 secs using 100% CPU
Optimizing NNI: done in 0.00240993 secs using 100% CPU
Optimizing NNI: done in 0.00154495 secs using 100.1% CPU
Optimizing NNI: done in 0.00247478 secs using 99.85% CPU
Optimizing NNI: done in 0.00245404 secs using 99.96% CPU
Optimizing NNI: done in 0.00155497 secs using 100% CPU
Optimizing NNI: done in 0.00307298 secs using 100% CPU
Optimizing NNI: done in 0.00147986 secs using 100% CPU
Optimizing NNI: done in 0.00148797 secs using 99.8% CPU
Optimizing NNI: done in 0.00249004 secs using 99.96% CPU
Iteration 90 / LogL: -3100.044 / Time: 0h:0m:0s (0h:0m:0s left)
Optimizing NNI: done in 0.00315213 secs using 99.96% CPU
Optimizing NNI: done in 0.0024929 secs using 100% CPU
Optimizing NNI: done in 0.00155401 secs using 100% CPU
Optimizing NNI: done in 0.00314808 secs using 100% CPU
Optimizing NNI: done in 0.00245595 secs using 99.84% CPU
Optimizing NNI: done in 0.00146008 secs using 100.1% CPU
Optimizing NNI: done in 0.00240493 secs using 100% CPU
Optimizing NNI: done in 0.002527 secs using 99.8% CPU
Optimizing NNI: done in 0.00162816 secs using 100.1% CPU
Optimizing NNI: done in 0.00314498 secs using 100% CPU
Iteration 100 / LogL: -3100.044 / Time: 0h:0m:0s (0h:0m:0s left)
Log-likelihood cutoff on original alignment: -3104.047
NOTE: Bootstrap correlation coefficient of split occurrence frequencies: 1.000
Optimizing NNI: done in 0.00251794 secs using 100% CPU
TREE SEARCH COMPLETED AFTER 101 ITERATIONS / Time: 0h:0m:0s

--------------------------------------------------------------------
|                    FINALIZING TREE SEARCH                        |
--------------------------------------------------------------------
Performs final model parameters optimization
Estimate model parameters (epsilon = 0.010)
1. Initial log-likelihood: -3100.043
Optimal log-likelihood: -3100.043
Parameters optimization took 1 rounds (0.001 sec)
BEST SCORE FOUND : -3100.043

Testing tree branches by SH-like aLRT with 1000 replicates...
0.029 sec.
Creating bootstrap support values...
Split supports printed to NEXUS file ../results/molecular_evolution_analyses/phylogenetic_trees/F89287_MLIG_G1/F89287_MLIG_G1.splits.nex
Total tree length: 0.281

Total number of iterations: 101
CPU time used for tree search: 0.700 sec (0h:0m:0s)
Wall-clock time used for tree search: 0.524 sec (0h:0m:0s)
Total CPU time used: 0.762 sec (0h:0m:0s)
Total wall-clock time used: 0.586 sec (0h:0m:0s)

Computing bootstrap consensus tree...
Reading input file ../results/molecular_evolution_analyses/phylogenetic_trees/F89287_MLIG_G1/F89287_MLIG_G1.splits.nex...
5 taxa and 9 splits.
Consensus tree written to ../results/molecular_evolution_analyses/phylogenetic_trees/F89287_MLIG_G1/F89287_MLIG_G1.contree
Reading input trees file ../results/molecular_evolution_analyses/phylogenetic_trees/F89287_MLIG_G1/F89287_MLIG_G1.contree
Log-likelihood of consensus tree: -3100.044

Analysis results written to: 
  IQ-TREE report:                ../results/molecular_evolution_analyses/phylogenetic_trees/F89287_MLIG_G1/F89287_MLIG_G1.iqtree
  Maximum-likelihood tree:       ../results/molecular_evolution_analyses/phylogenetic_trees/F89287_MLIG_G1/F89287_MLIG_G1.treefile
  Likelihood distances:          ../results/molecular_evolution_analyses/phylogenetic_trees/F89287_MLIG_G1/F89287_MLIG_G1.mldist

Ultrafast bootstrap approximation results written to:
  Split support values:          ../results/molecular_evolution_analyses/phylogenetic_trees/F89287_MLIG_G1/F89287_MLIG_G1.splits.nex
  Consensus tree:                ../results/molecular_evolution_analyses/phylogenetic_trees/F89287_MLIG_G1/F89287_MLIG_G1.contree
  Screen log file:               ../results/molecular_evolution_analyses/phylogenetic_trees/F89287_MLIG_G1/F89287_MLIG_G1.log

Date and Time: Wed May  1 11:16:12 2024
