IQ-TREE multicore version 2.2.2.6 COVID-edition for Linux 64-bit built May 27 2023
Developed by Bui Quang Minh, James Barbetti, Nguyen Lam Tung,
Olga Chernomor, Heiko Schmidt, Dominik Schrempf, Michael Woodhams, Ly Trong Nhan.

Host:    lbc5 (AVX2, FMA3, 125 GB RAM)
Command: /home/mauricio/mauricio_PROGRAMAS/iqtree-2.2.2.6-Linux/bin/iqtree2 -s ../results/molecular_evolution_analyses/alignments_gblocks/F40967_MLIG_G1/F40967_MLIG_G1.aln.gblo -m TEST --threads-max 32 --alrt 1000 --ufboot 1000 --prefix ../results/molecular_evolution_analyses/phylogenetic_trees/F40967_MLIG_G1/F40967_MLIG_G1 -keep-ident -redo
Seed:    548991 (Using SPRNG - Scalable Parallel Random Number Generator)
Time:    Wed May  1 10:51:19 2024
Kernel:  AVX+FMA - 1 threads (32 CPU cores detected)

HINT: Use -nt option to specify number of threads because your CPU has 32 cores!
HINT: -nt AUTO will automatically determine the best number of threads to use.

Reading alignment file ../results/molecular_evolution_analyses/alignments_gblocks/F40967_MLIG_G1/F40967_MLIG_G1.aln.gblo ... Fasta format detected
Reading fasta file: done in 0.000106096 secs using 99.91% CPU
Alignment most likely contains protein sequences
Constructing alignment: done in 0.000567913 secs using 99.84% CPU
Alignment has 6 sequences with 506 columns, 315 distinct patterns
328 parsimony-informative, 7 singleton sites, 171 constant sites
            Gap/Ambiguity  Composition  p-value
Analyzing sequences: done in 1.21593e-05 secs using 106.9% CPU
   1  Mlig.37164    0.00%    passed     98.09%
   2  Mlig.37165    0.00%    passed     99.40%
   3  Mlig.45351    0.00%    passed     89.41%
   4  Mlig.45350    0.00%    passed     89.41%
   5  Mlig.7266     0.00%    passed     24.75%
   6  Mlig.43943    0.00%    passed     18.86%
****  TOTAL         0.00%  0 sequences failed composition chi2 test (p-value<5%; df=19)


Create initial parsimony tree by phylogenetic likelihood library (PLL)... 0.000 seconds
Perform fast likelihood tree search using LG+I+G model...
Estimate model parameters (epsilon = 5.000)
Perform nearest neighbor interchange...
Optimizing NNI: done in 0.00727606 secs using 99.93% CPU
Estimate model parameters (epsilon = 1.000)
1. Initial log-likelihood: -3549.496
Optimal log-likelihood: -3549.359
Proportion of invariable sites: 0.177
Gamma shape alpha: 3.643
Parameters optimization took 1 rounds (0.015 sec)
Time for fast ML tree search: 0.055 seconds

NOTE: ModelFinder requires 2 MB RAM!
ModelFinder will test up to 224 protein models (sample size: 506) ...
 No. Model         -LnL         df  AIC          AICc         BIC
  1  LG            3579.186     9   7176.371     7176.734     7214.410
  2  LG+I          3549.974     10  7119.947     7120.392     7162.212
  3  LG+G4         3551.150     10  7122.299     7122.744     7164.565
  4  LG+I+G4       3549.343     11  7120.686     7121.220     7167.178
  6  LG+F+I        3531.362     29  7120.725     7124.380     7243.294
  7  LG+F+G4       3533.913     29  7125.825     7129.481     7248.395
  8  LG+F+I+G4     3531.269     30  7122.538     7126.454     7249.334
 10  WAG+I         3551.341     10  7122.682     7123.127     7164.948
 11  WAG+G4        3554.076     10  7128.152     7128.596     7170.417
 12  WAG+I+G4      3551.344     11  7124.689     7125.223     7171.181
 14  WAG+F+I       3520.907     29  7099.814     7103.470     7222.384
 15  WAG+F+G4      3524.173     29  7106.346     7110.001     7228.915
 16  WAG+F+I+G4    3520.911     30  7101.822     7105.738     7228.618
 18  JTT+I         3546.336     10  7112.671     7113.116     7154.937
 19  JTT+G4        3547.587     10  7115.175     7115.619     7157.440
 20  JTT+I+G4      3546.017     11  7114.034     7114.569     7160.526
 22  JTT+F+I       3526.647     29  7111.293     7114.949     7233.863
 23  JTT+F+G4      3528.820     29  7115.641     7119.296     7238.210
 24  JTT+F+I+G4    3526.623     30  7113.245     7117.161     7240.042
WARNING: Normalizing state frequencies so that sum of them equals to 1
 26  Q.pfam+I      3550.763     10  7121.526     7121.970     7163.791
WARNING: Normalizing state frequencies so that sum of them equals to 1
 27  Q.pfam+G4     3552.962     10  7125.925     7126.369     7168.190
WARNING: Normalizing state frequencies so that sum of them equals to 1
 28  Q.pfam+I+G4   3550.618     11  7123.235     7123.770     7169.727
WARNING: Normalizing state frequencies so that sum of them equals to 1
 30  Q.pfam+F+I    3536.293     29  7130.585     7134.241     7253.155
WARNING: Normalizing state frequencies so that sum of them equals to 1
 31  Q.pfam+F+G4   3539.228     29  7136.456     7140.111     7259.025
WARNING: Normalizing state frequencies so that sum of them equals to 1
 32  Q.pfam+F+I+G4 3536.382     30  7132.764     7136.680     7259.560
WARNING: Normalizing state frequencies so that sum of them equals to 1
 34  Q.bird+I      3562.402     10  7144.804     7145.249     7187.070
WARNING: Normalizing state frequencies so that sum of them equals to 1
 35  Q.bird+G4     3557.485     10  7134.970     7135.415     7177.236
WARNING: Normalizing state frequencies so that sum of them equals to 1
 36  Q.bird+I+G4   3557.457     11  7136.915     7137.449     7183.407
WARNING: Normalizing state frequencies so that sum of them equals to 1
 38  Q.bird+F+I    3557.713     29  7173.426     7177.081     7295.995
WARNING: Normalizing state frequencies so that sum of them equals to 1
 39  Q.bird+F+G4   3553.126     29  7164.252     7167.908     7286.822
WARNING: Normalizing state frequencies so that sum of them equals to 1
 40  Q.bird+F+I+G4 3552.800     30  7165.600     7169.516     7292.397
WARNING: Normalizing state frequencies so that sum of them equals to 1
 42  Q.mammal+I    3552.968     10  7125.937     7126.381     7168.202
WARNING: Normalizing state frequencies so that sum of them equals to 1
 43  Q.mammal+G4   3550.468     10  7120.936     7121.380     7163.201
WARNING: Normalizing state frequencies so that sum of them equals to 1
 44  Q.mammal+I+G4 3550.145     11  7122.291     7122.825     7168.782
WARNING: Normalizing state frequencies so that sum of them equals to 1
 46  Q.mammal+F+I  3549.988     29  7157.975     7161.631     7280.545
WARNING: Normalizing state frequencies so that sum of them equals to 1
 47  Q.mammal+F+G4 3547.872     29  7153.745     7157.400     7276.314
WARNING: Normalizing state frequencies so that sum of them equals to 1
 48  Q.mammal+F+I+G4 3547.200     30  7154.400     7158.315     7281.196
 50  Q.insect+I    3555.431     10  7130.862     7131.306     7173.127
 51  Q.insect+G4   3555.328     10  7130.657     7131.101     7172.922
 52  Q.insect+I+G4 3554.102     11  7130.204     7130.739     7176.696
 54  Q.insect+F+I  3543.501     29  7145.003     7148.658     7267.572
 55  Q.insect+F+G4 3544.318     29  7146.635     7150.291     7269.205
 56  Q.insect+F+I+G4 3542.556     30  7145.112     7149.028     7271.908
WARNING: Normalizing state frequencies so that sum of them equals to 1
 58  Q.plant+I     3547.054     10  7114.108     7114.553     7156.373
WARNING: Normalizing state frequencies so that sum of them equals to 1
 59  Q.plant+G4    3545.690     10  7111.380     7111.824     7153.645
WARNING: Normalizing state frequencies so that sum of them equals to 1
 60  Q.plant+I+G4  3544.469     11  7110.938     7111.472     7157.430
WARNING: Normalizing state frequencies so that sum of them equals to 1
 62  Q.plant+F+I   3537.267     29  7132.535     7136.190     7255.104
WARNING: Normalizing state frequencies so that sum of them equals to 1
 63  Q.plant+F+G4  3537.717     29  7133.434     7137.089     7256.003
WARNING: Normalizing state frequencies so that sum of them equals to 1
 64  Q.plant+F+I+G4 3535.639     30  7131.279     7135.194     7258.075
WARNING: Normalizing state frequencies so that sum of them equals to 1
 66  Q.yeast+I     3562.569     10  7145.137     7145.582     7187.403
WARNING: Normalizing state frequencies so that sum of them equals to 1
 67  Q.yeast+G4    3562.922     10  7145.844     7146.288     7188.109
WARNING: Normalizing state frequencies so that sum of them equals to 1
 68  Q.yeast+I+G4  3561.395     11  7144.790     7145.324     7191.282
WARNING: Normalizing state frequencies so that sum of them equals to 1
 70  Q.yeast+F+I   3541.230     29  7140.459     7144.115     7263.029
WARNING: Normalizing state frequencies so that sum of them equals to 1
 71  Q.yeast+F+G4  3543.076     29  7144.151     7147.806     7266.721
WARNING: Normalizing state frequencies so that sum of them equals to 1
 72  Q.yeast+F+I+G4 3540.701     30  7141.403     7145.319     7268.199
 74  JTTDCMut+I    3546.778     10  7113.556     7114.001     7155.822
 75  JTTDCMut+G4   3547.988     10  7115.976     7116.420     7158.241
 76  JTTDCMut+I+G4 3546.451     11  7114.902     7115.436     7161.394
 78  JTTDCMut+F+I  3526.482     29  7110.965     7114.620     7233.534
 79  JTTDCMut+F+G4 3528.651     29  7115.302     7118.958     7237.872
 80  JTTDCMut+F+I+G4 3526.457     30  7112.914     7116.830     7239.710
 82  DCMut+I       3585.216     10  7190.431     7190.876     7232.697
 83  DCMut+G4      3585.776     10  7191.552     7191.997     7233.818
 84  DCMut+I+G4    3584.374     11  7190.748     7191.283     7237.240
 86  DCMut+F+I     3533.740     29  7125.480     7129.135     7248.050
 87  DCMut+F+G4    3535.853     29  7129.705     7133.361     7252.275
 88  DCMut+F+I+G4  3533.544     30  7127.088     7131.003     7253.884
 90  VT+I          3550.846     10  7121.693     7122.137     7163.958
 91  VT+G4         3553.964     10  7127.928     7128.373     7170.194
 92  VT+I+G4       3550.860     11  7123.720     7124.254     7170.212
 94  VT+F+I        3534.093     29  7126.186     7129.842     7248.756
 95  VT+F+G4       3537.653     29  7133.306     7136.961     7255.875
 96  VT+F+I+G4     3534.105     30  7128.209     7132.125     7255.005
 98  PMB+I         3573.900     10  7167.799     7168.244     7210.065
 99  PMB+G4        3578.221     10  7176.441     7176.886     7218.706
100  PMB+I+G4      3573.916     11  7169.833     7170.367     7216.325
102  PMB+F+I       3550.941     29  7159.882     7163.537     7282.451
103  PMB+F+G4      3555.111     29  7168.221     7171.877     7290.791
104  PMB+F+I+G4    3550.963     30  7161.926     7165.841     7288.722
106  Blosum62+I    3584.221     10  7188.443     7188.887     7230.708
107  Blosum62+G4   3587.846     10  7195.693     7196.137     7237.958
108  Blosum62+I+G4 3584.229     11  7190.457     7190.991     7236.949
110  Blosum62+F+I  3550.353     29  7158.706     7162.361     7281.276
111  Blosum62+F+G4 3554.153     29  7166.306     7169.961     7288.876
112  Blosum62+F+I+G4 3550.364     30  7160.729     7164.645     7287.525
114  Dayhoff+I     3585.041     10  7190.081     7190.526     7232.346
115  Dayhoff+G4    3585.583     10  7191.166     7191.610     7233.431
116  Dayhoff+I+G4  3584.179     11  7190.359     7190.893     7236.851
118  Dayhoff+F+I   3533.517     29  7125.034     7128.689     7247.603
119  Dayhoff+F+G4  3535.626     29  7129.252     7132.908     7251.822
120  Dayhoff+F+I+G4 3533.313     30  7126.626     7130.541     7253.422
122  mtREV+I       3760.290     10  7540.580     7541.025     7582.846
123  mtREV+G4      3749.074     10  7518.148     7518.593     7560.414
124  mtREV+I+G4    3749.014     11  7520.029     7520.563     7566.521
126  mtREV+F+I     3576.891     29  7211.782     7215.438     7334.352
127  mtREV+F+G4    3570.852     29  7199.705     7203.360     7322.274
128  mtREV+F+I+G4  3570.795     30  7201.589     7205.505     7328.385
130  mtART+I       3810.430     10  7640.860     7641.304     7683.125
131  mtART+G4      3790.207     10  7600.413     7600.858     7642.679
132  mtART+I+G4    3789.163     11  7600.326     7600.860     7646.818
134  mtART+F+I     3626.001     29  7310.001     7313.657     7432.571
135  mtART+F+G4    3608.234     29  7274.468     7278.124     7397.038
136  mtART+F+I+G4  3608.067     30  7276.135     7280.050     7402.931
138  mtZOA+I       3740.597     10  7501.194     7501.639     7543.460
139  mtZOA+G4      3729.525     10  7479.050     7479.494     7521.315
140  mtZOA+I+G4    3728.055     11  7478.110     7478.645     7524.602
142  mtZOA+F+I     3583.115     29  7224.231     7227.886     7346.800
143  mtZOA+F+G4    3576.460     29  7210.920     7214.575     7333.490
144  mtZOA+F+I+G4  3575.223     30  7210.446     7214.362     7337.242
146  mtMet+I       3767.489     10  7554.978     7555.422     7597.243
147  mtMet+G4      3758.014     10  7536.029     7536.473     7578.294
148  mtMet+I+G4    3757.402     11  7536.804     7537.338     7583.296
150  mtMet+F+I     3572.296     29  7202.592     7206.248     7325.162
151  mtMet+F+G4    3566.953     29  7191.906     7195.562     7314.476
152  mtMet+F+I+G4  3566.488     30  7192.977     7196.892     7319.773
154  mtVer+I       3785.118     10  7590.237     7590.681     7632.502
155  mtVer+G4      3769.723     10  7559.447     7559.891     7601.712
156  mtVer+I+G4    3769.322     11  7560.644     7561.178     7607.136
158  mtVer+F+I     3590.765     29  7239.529     7243.185     7362.099
159  mtVer+F+G4    3582.155     29  7222.309     7225.965     7344.879
160  mtVer+F+I+G4  3581.713     30  7223.426     7227.342     7350.222
162  mtInv+I       3810.060     10  7640.121     7640.565     7682.386
163  mtInv+G4      3805.902     10  7631.803     7632.248     7674.068
164  mtInv+I+G4    3804.674     11  7631.349     7631.883     7677.840
166  mtInv+F+I     3566.043     29  7190.085     7193.741     7312.655
167  mtInv+F+G4    3563.641     29  7185.282     7188.937     7307.851
168  mtInv+F+I+G4  3562.777     30  7185.555     7189.471     7312.351
170  mtMAM+I       3806.054     10  7632.108     7632.552     7674.373
171  mtMAM+G4      3776.129     10  7572.259     7572.703     7614.524
172  mtMAM+I+G4    3775.952     11  7573.904     7574.439     7620.396
174  mtMAM+F+I     3616.012     29  7290.024     7293.679     7412.593
175  mtMAM+F+G4    3597.837     29  7253.674     7257.329     7376.243
176  mtMAM+F+I+G4  3597.829     30  7255.658     7259.574     7382.454
WARNING: Normalizing state frequencies so that sum of them equals to 1
178  FLAVI+I       3625.989     10  7271.977     7272.422     7314.243
WARNING: Normalizing state frequencies so that sum of them equals to 1
179  FLAVI+G4      3615.509     10  7251.019     7251.463     7293.284
WARNING: Normalizing state frequencies so that sum of them equals to 1
180  FLAVI+I+G4    3615.706     11  7253.411     7253.946     7299.903
WARNING: Normalizing state frequencies so that sum of them equals to 1
182  FLAVI+F+I     3572.582     29  7203.164     7206.819     7325.734
WARNING: Normalizing state frequencies so that sum of them equals to 1
183  FLAVI+F+G4    3562.935     29  7183.870     7187.525     7306.439
WARNING: Normalizing state frequencies so that sum of them equals to 1
184  FLAVI+F+I+G4  3562.962     30  7185.924     7189.839     7312.720
186  HIVb+I        3582.114     10  7184.227     7184.672     7226.493
187  HIVb+G4       3578.728     10  7177.456     7177.900     7219.721
188  HIVb+I+G4     3578.281     11  7178.562     7179.096     7225.053
190  HIVb+F+I      3538.561     29  7135.122     7138.777     7257.692
191  HIVb+F+G4     3535.441     29  7128.882     7132.537     7251.451
192  HIVb+F+I+G4   3534.621     30  7129.241     7133.157     7256.037
194  HIVw+I        3690.537     10  7401.074     7401.518     7443.339
195  HIVw+G4       3681.169     10  7382.338     7382.782     7424.603
196  HIVw+I+G4     3681.760     11  7385.521     7386.055     7432.013
198  HIVw+F+I      3576.686     29  7211.372     7215.028     7333.942
199  HIVw+F+G4     3573.536     29  7205.072     7208.727     7327.641
200  HIVw+F+I+G4   3572.805     30  7205.610     7209.526     7332.406
202  FLU+I         3563.386     10  7146.772     7147.217     7189.038
203  FLU+G4        3563.584     10  7147.167     7147.612     7189.433
204  FLU+I+G4      3562.102     11  7146.205     7146.739     7192.696
206  FLU+F+I       3512.593     29  7083.185     7086.841     7205.755
207  FLU+F+G4      3512.899     29  7083.798     7087.454     7206.368
208  FLU+F+I+G4    3511.413     30  7082.827     7086.742     7209.623
210  rtREV+I       3596.175     10  7212.350     7212.794     7254.615
211  rtREV+G4      3598.578     10  7217.157     7217.601     7259.422
212  rtREV+I+G4    3595.933     11  7213.867     7214.401     7260.358
214  rtREV+F+I     3544.927     29  7147.855     7151.510     7270.424
215  rtREV+F+G4    3548.259     29  7154.518     7158.173     7277.088
216  rtREV+F+I+G4  3545.054     30  7150.108     7154.024     7276.904
218  cpREV+I       3564.564     10  7149.128     7149.573     7191.394
219  cpREV+G4      3565.758     10  7151.515     7151.960     7193.780
220  cpREV+I+G4    3564.114     11  7150.228     7150.762     7196.720
222  cpREV+F+I     3535.113     29  7128.226     7131.882     7250.796
223  cpREV+F+G4    3537.500     29  7133.000     7136.655     7255.569
224  cpREV+F+I+G4  3535.045     30  7130.091     7134.007     7256.887
Akaike Information Criterion:           FLU+F+I+G4
Corrected Akaike Information Criterion: FLU+F+I+G4
Bayesian Information Criterion:         Q.plant+G4
Best-fit model: Q.plant+G4 chosen according to BIC

All model information printed to ../results/molecular_evolution_analyses/phylogenetic_trees/F40967_MLIG_G1/F40967_MLIG_G1.model.gz
CPU time for ModelFinder: 4.378 seconds (0h:0m:4s)
Wall-clock time for ModelFinder: 4.383 seconds (0h:0m:4s)
Generating 1000 samples for ultrafast bootstrap (seed: 548991)...
WARNING: Normalizing state frequencies so that sum of them equals to 1

NOTE: 2 MB RAM (0 GB) is required!
Estimate model parameters (epsilon = 0.100)
1. Initial log-likelihood: -3545.690
Optimal log-likelihood: -3545.690
Gamma shape alpha: 0.864
Parameters optimization took 1 rounds (0.007 sec)
Wrote distance file to... 
Computing ML distances based on estimated model parameters...
Calculating distance matrix: done in 0.002316 secs using 99.48% CPU
Computing ML distances took 0.002349 sec (of wall-clock time) 0.002337 sec (of CPU time)
Setting up auxiliary I and S matrices: done in 4.00543e-05 secs using 97.37% CPU
Constructing RapidNJ tree: done in 2.38419e-05 secs using 100.7% CPU
Computing RapidNJ tree took 0.000122 sec (of wall-clock time) 0.000121 sec (of CPU time)
Log-likelihood of RapidNJ tree: -3545.690
--------------------------------------------------------------------
|             INITIALIZING CANDIDATE TREE SET                      |
--------------------------------------------------------------------
Generating 99 parsimony trees... 0.026 second
Computing log-likelihood of 6 initial trees ... 0.013 seconds
Current best score: -3545.690

Do NNI search on 7 best initial trees
Optimizing NNI: done in 0.00750399 secs using 199.9% CPU
Optimizing NNI: done in 0.0164251 secs using 199.9% CPU
Optimizing NNI: done in 0.0163529 secs using 199.9% CPU
Optimizing NNI: done in 0.0168741 secs using 199.9% CPU
Optimizing NNI: done in 0.016808 secs using 200% CPU
Optimizing NNI: done in 0.0167048 secs using 200% CPU
Optimizing NNI: done in 0.0165141 secs using 175.7% CPU
Finish initializing candidate tree set (7)
Current best tree score: -3545.690 / CPU time: 0.154
Number of iterations: 7
--------------------------------------------------------------------
|               OPTIMIZING CANDIDATE TREE SET                      |
--------------------------------------------------------------------
Optimizing NNI: done in 0.016134 secs using 199.9% CPU
Optimizing NNI: done in 0.0246961 secs using 144.9% CPU
Optimizing NNI: done in 0.0273602 secs using 99.98% CPU
Iteration 10 / LogL: -3546.827 / Time: 0h:0m:0s
Optimizing NNI: done in 0.027519 secs using 99.97% CPU
Optimizing NNI: done in 0.0162482 secs using 99.98% CPU
Optimizing NNI: done in 0.016176 secs using 99.97% CPU
Optimizing NNI: done in 0.0270021 secs using 97.41% CPU
Optimizing NNI: done in 0.02739 secs using 99.98% CPU
Optimizing NNI: done in 0.027859 secs using 99.97% CPU
Optimizing NNI: done in 0.0249751 secs using 99.98% CPU
Optimizing NNI: done in 0.016355 secs using 99.96% CPU
Optimizing NNI: done in 0.015847 secs using 99.96% CPU
UPDATE BEST LOG-LIKELIHOOD: -3545.690
Optimizing NNI: done in 0.0269558 secs using 99.96% CPU
Iteration 20 / LogL: -3546.757 / Time: 0h:0m:0s
Optimizing NNI: done in 0.0272579 secs using 99.97% CPU
Optimizing NNI: done in 0.027441 secs using 99.96% CPU
Optimizing NNI: done in 0.0271111 secs using 99.96% CPU
Optimizing NNI: done in 0.0248911 secs using 99.98% CPU
Optimizing NNI: done in 0.0272532 secs using 99.98% CPU
Optimizing NNI: done in 0.027426 secs using 99.98% CPU
Optimizing NNI: done in 0.027369 secs using 99.98% CPU
Optimizing NNI: done in 0.024931 secs using 99.98% CPU
Optimizing NNI: done in 0.0273788 secs using 99.96% CPU
Optimizing NNI: done in 0.0273809 secs using 99.97% CPU
Iteration 30 / LogL: -3546.827 / Time: 0h:0m:0s (0h:0m:1s left)
Optimizing NNI: done in 0.0250521 secs using 99.98% CPU
Optimizing NNI: done in 0.016263 secs using 99.99% CPU
UPDATE BEST LOG-LIKELIHOOD: -3545.690
Optimizing NNI: done in 0.0269771 secs using 99.97% CPU
Optimizing NNI: done in 0.0158131 secs using 99.96% CPU
UPDATE BEST LOG-LIKELIHOOD: -3545.690
Optimizing NNI: done in 0.0164101 secs using 99.96% CPU
Optimizing NNI: done in 0.0157979 secs using 99.98% CPU
UPDATE BEST LOG-LIKELIHOOD: -3545.690
Optimizing NNI: done in 0.027853 secs using 99.97% CPU
Optimizing NNI: done in 0.0246842 secs using 99.97% CPU
Optimizing NNI: done in 0.024858 secs using 99.97% CPU
Optimizing NNI: done in 0.0160079 secs using 99.97% CPU
Iteration 40 / LogL: -3546.880 / Time: 0h:0m:1s (0h:0m:1s left)
Optimizing NNI: done in 0.027122 secs using 99.97% CPU
Optimizing NNI: done in 0.016346 secs using 99.96% CPU
Optimizing NNI: done in 0.0271211 secs using 99.97% CPU
Optimizing NNI: done in 0.0268919 secs using 99.98% CPU
Optimizing NNI: done in 0.0161321 secs using 99.96% CPU
Optimizing NNI: done in 0.0277309 secs using 99.98% CPU
Optimizing NNI: done in 0.0164251 secs using 99.97% CPU
Optimizing NNI: done in 0.0269101 secs using 99.97% CPU
Optimizing NNI: done in 0.027483 secs using 99.98% CPU
Optimizing NNI: done in 0.016098 secs using 99.96% CPU
Iteration 50 / LogL: -3546.880 / Time: 0h:0m:1s (0h:0m:1s left)
Log-likelihood cutoff on original alignment: -3547.931
Optimizing NNI: done in 0.027627 secs using 99.97% CPU
Optimizing NNI: done in 0.0272729 secs using 99.97% CPU
Optimizing NNI: done in 0.0274339 secs using 99.98% CPU
Optimizing NNI: done in 0.027041 secs using 99.97% CPU
Optimizing NNI: done in 0.027385 secs using 99.98% CPU
Optimizing NNI: done in 0.0278258 secs using 99.98% CPU
Optimizing NNI: done in 0.0274501 secs using 99.96% CPU
Optimizing NNI: done in 0.027508 secs using 99.97% CPU
Optimizing NNI: done in 0.027693 secs using 99.96% CPU
Optimizing NNI: done in 0.024847 secs using 99.98% CPU
Iteration 60 / LogL: -3545.793 / Time: 0h:0m:1s (0h:0m:1s left)
Optimizing NNI: done in 0.0161572 secs using 99.97% CPU
Optimizing NNI: done in 0.0162089 secs using 99.95% CPU
Optimizing NNI: done in 0.0161951 secs using 99.99% CPU
Optimizing NNI: done in 0.0270591 secs using 99.98% CPU
Optimizing NNI: done in 0.0269599 secs using 99.97% CPU
Optimizing NNI: done in 0.027344 secs using 99.96% CPU
Optimizing NNI: done in 0.024663 secs using 99.96% CPU
Optimizing NNI: done in 0.025208 secs using 99.97% CPU
Optimizing NNI: done in 0.0267749 secs using 99.97% CPU
Optimizing NNI: done in 0.0162041 secs using 99.98% CPU
Iteration 70 / LogL: -3545.717 / Time: 0h:0m:1s (0h:0m:0s left)
Optimizing NNI: done in 0.015841 secs using 99.97% CPU
Optimizing NNI: done in 0.027498 secs using 99.97% CPU
Optimizing NNI: done in 0.027169 secs using 99.98% CPU
Optimizing NNI: done in 0.016278 secs using 99.96% CPU
Optimizing NNI: done in 0.01583 secs using 99.96% CPU
Optimizing NNI: done in 0.015945 secs using 99.95% CPU
Optimizing NNI: done in 0.0270131 secs using 99.98% CPU
Optimizing NNI: done in 0.0276971 secs using 99.97% CPU
Optimizing NNI: done in 0.0272119 secs using 99.98% CPU
Optimizing NNI: done in 0.0249588 secs using 99.98% CPU
Iteration 80 / LogL: -3545.793 / Time: 0h:0m:2s (0h:0m:0s left)
Optimizing NNI: done in 0.0277898 secs using 99.97% CPU
Optimizing NNI: done in 0.0251949 secs using 99.96% CPU
Optimizing NNI: done in 0.0247772 secs using 99.96% CPU
Optimizing NNI: done in 0.027003 secs using 99.98% CPU
Optimizing NNI: done in 0.02703 secs using 99.97% CPU
Optimizing NNI: done in 0.0273681 secs using 99.97% CPU
Optimizing NNI: done in 0.025176 secs using 99.98% CPU
Optimizing NNI: done in 0.0162249 secs using 99.98% CPU
Optimizing NNI: done in 0.0164192 secs using 99.97% CPU
Optimizing NNI: done in 0.0160029 secs using 99.98% CPU
Iteration 90 / LogL: -3547.201 / Time: 0h:0m:2s (0h:0m:0s left)
Optimizing NNI: done in 0.027663 secs using 99.98% CPU
Optimizing NNI: done in 0.027168 secs using 99.98% CPU
Optimizing NNI: done in 0.016109 secs using 99.96% CPU
Optimizing NNI: done in 0.026988 secs using 99.97% CPU
Optimizing NNI: done in 0.0270112 secs using 99.97% CPU
Optimizing NNI: done in 0.0249989 secs using 99.96% CPU
Optimizing NNI: done in 0.0275221 secs using 99.97% CPU
Optimizing NNI: done in 0.0248308 secs using 99.98% CPU
Optimizing NNI: done in 0.0277779 secs using 99.97% CPU
Optimizing NNI: done in 0.0248549 secs using 99.98% CPU
Iteration 100 / LogL: -3545.698 / Time: 0h:0m:2s (0h:0m:0s left)
Log-likelihood cutoff on original alignment: -3547.931
NOTE: Bootstrap correlation coefficient of split occurrence frequencies: 1.000
Optimizing NNI: done in 0.016197 secs using 99.95% CPU
TREE SEARCH COMPLETED AFTER 101 ITERATIONS / Time: 0h:0m:2s

--------------------------------------------------------------------
|                    FINALIZING TREE SEARCH                        |
--------------------------------------------------------------------
Performs final model parameters optimization
Estimate model parameters (epsilon = 0.010)
1. Initial log-likelihood: -3545.690
Optimal log-likelihood: -3545.690
Gamma shape alpha: 0.864
Parameters optimization took 1 rounds (0.010 sec)
BEST SCORE FOUND : -3545.690

Testing tree branches by SH-like aLRT with 1000 replicates...
0.039 sec.
Creating bootstrap support values...
Split supports printed to NEXUS file ../results/molecular_evolution_analyses/phylogenetic_trees/F40967_MLIG_G1/F40967_MLIG_G1.splits.nex
Total tree length: 2.464

Total number of iterations: 101
CPU time used for tree search: 2.870 sec (0h:0m:2s)
Wall-clock time used for tree search: 2.706 sec (0h:0m:2s)
Total CPU time used: 2.975 sec (0h:0m:2s)
Total wall-clock time used: 2.803 sec (0h:0m:2s)

Computing bootstrap consensus tree...
Reading input file ../results/molecular_evolution_analyses/phylogenetic_trees/F40967_MLIG_G1/F40967_MLIG_G1.splits.nex...
6 taxa and 9 splits.
Consensus tree written to ../results/molecular_evolution_analyses/phylogenetic_trees/F40967_MLIG_G1/F40967_MLIG_G1.contree
Reading input trees file ../results/molecular_evolution_analyses/phylogenetic_trees/F40967_MLIG_G1/F40967_MLIG_G1.contree
Log-likelihood of consensus tree: -3545.692

Analysis results written to: 
  IQ-TREE report:                ../results/molecular_evolution_analyses/phylogenetic_trees/F40967_MLIG_G1/F40967_MLIG_G1.iqtree
  Maximum-likelihood tree:       ../results/molecular_evolution_analyses/phylogenetic_trees/F40967_MLIG_G1/F40967_MLIG_G1.treefile
  Likelihood distances:          ../results/molecular_evolution_analyses/phylogenetic_trees/F40967_MLIG_G1/F40967_MLIG_G1.mldist

Ultrafast bootstrap approximation results written to:
  Split support values:          ../results/molecular_evolution_analyses/phylogenetic_trees/F40967_MLIG_G1/F40967_MLIG_G1.splits.nex
  Consensus tree:                ../results/molecular_evolution_analyses/phylogenetic_trees/F40967_MLIG_G1/F40967_MLIG_G1.contree
  Screen log file:               ../results/molecular_evolution_analyses/phylogenetic_trees/F40967_MLIG_G1/F40967_MLIG_G1.log

Date and Time: Wed May  1 10:51:26 2024
