IQ-TREE multicore version 2.2.2.6 COVID-edition for Linux 64-bit built May 27 2023
Developed by Bui Quang Minh, James Barbetti, Nguyen Lam Tung,
Olga Chernomor, Heiko Schmidt, Dominik Schrempf, Michael Woodhams, Ly Trong Nhan.

Host:    lbc5 (AVX2, FMA3, 125 GB RAM)
Command: /home/mauricio/mauricio_PROGRAMAS/iqtree-2.2.2.6-Linux/bin/iqtree2 -s ../results/molecular_evolution_analyses/alignments_gblocks/F30913_MCOR_G1/F30913_MCOR_G1.aln.gblo -m TEST --threads-max 32 --alrt 1000 --ufboot 1000 --prefix ../results/molecular_evolution_analyses/phylogenetic_trees/F30913_MCOR_G1/F30913_MCOR_G1 -keep-ident -redo
Seed:    219612 (Using SPRNG - Scalable Parallel Random Number Generator)
Time:    Wed May  1 12:36:00 2024
Kernel:  AVX+FMA - 1 threads (32 CPU cores detected)

HINT: Use -nt option to specify number of threads because your CPU has 32 cores!
HINT: -nt AUTO will automatically determine the best number of threads to use.

Reading alignment file ../results/molecular_evolution_analyses/alignments_gblocks/F30913_MCOR_G1/F30913_MCOR_G1.aln.gblo ... Fasta format detected
Reading fasta file: done in 4.3869e-05 secs using 100.3% CPU
Alignment most likely contains protein sequences
Constructing alignment: done in 9.70364e-05 secs using 98.93% CPU
Alignment has 7 sequences with 71 columns, 62 distinct patterns
14 parsimony-informative, 35 singleton sites, 22 constant sites
            Gap/Ambiguity  Composition  p-value
Analyzing sequences: done in 7.86781e-06 secs using 101.7% CPU
   1  Mcor.2737     0.00%    passed     99.23%
   2  Mcor.12237    0.00%    passed     83.38%
   3  Mcor.13540    0.00%    passed    100.00%
   4  Mcor.378      0.00%    passed     99.92%
   5  Mcor.12238    0.00%    passed     99.90%
   6  Mcor.2738     0.00%    passed     99.99%
   7  Mcor.14538    0.00%    passed     99.22%
****  TOTAL         0.00%  0 sequences failed composition chi2 test (p-value<5%; df=19)


Create initial parsimony tree by phylogenetic likelihood library (PLL)... 0.000 seconds
Perform fast likelihood tree search using LG+I+G model...
Estimate model parameters (epsilon = 5.000)
Perform nearest neighbor interchange...
Optimizing NNI: done in 0.00513291 secs using 99.92% CPU
Estimate model parameters (epsilon = 1.000)
1. Initial log-likelihood: -696.171
Optimal log-likelihood: -696.147
Proportion of invariable sites: 0.150
Gamma shape alpha: 2.349
Parameters optimization took 1 rounds (0.005 sec)
Time for fast ML tree search: 0.022 seconds

NOTE: ModelFinder requires 0 MB RAM!
ModelFinder will test up to 224 protein models (sample size: 71) ...
 No. Model         -LnL         df  AIC          AICc         BIC
  1  LG            705.182      11  1432.363     1436.838     1457.253
  2  LG+I          697.901      12  1419.802     1425.181     1446.954
  3  LG+G4         696.274      12  1416.547     1421.927     1443.700
  4  LG+I+G4       696.141      13  1418.283     1424.669     1447.698
  6  LG+F+I        690.467      31  1442.934     1493.806     1513.077
  7  LG+F+G4       688.226      31  1438.452     1489.324     1508.595
  8  LG+F+I+G4     688.289      32  1440.577     1496.156     1512.983
 10  WAG+I         697.083      12  1418.167     1423.546     1445.319
 11  WAG+G4        695.365      12  1414.730     1420.109     1441.882
 12  WAG+I+G4      695.500      13  1417.001     1423.387     1446.416
 14  WAG+F+I       688.186      31  1438.371     1489.243     1508.514
 15  WAG+F+G4      686.115      31  1434.231     1485.102     1504.374
 16  WAG+F+I+G4    686.316      32  1436.632     1492.211     1509.037
 18  JTT+I         694.827      12  1413.653     1419.033     1440.806
 19  JTT+G4        692.673      12  1409.347     1414.726     1436.499
 20  JTT+I+G4      692.849      13  1411.697     1418.083     1441.112
 22  JTT+F+I       687.678      31  1437.356     1488.228     1507.499
 23  JTT+F+G4      685.113      31  1432.226     1483.097     1502.369
 24  JTT+F+I+G4    685.379      32  1434.758     1490.337     1507.164
WARNING: Normalizing state frequencies so that sum of them equals to 1
 26  Q.pfam+I      697.990      12  1419.981     1425.360     1447.133
WARNING: Normalizing state frequencies so that sum of them equals to 1
 27  Q.pfam+G4     696.306      12  1416.612     1421.991     1443.764
WARNING: Normalizing state frequencies so that sum of them equals to 1
 28  Q.pfam+I+G4   696.181      13  1418.362     1424.748     1447.777
WARNING: Normalizing state frequencies so that sum of them equals to 1
 30  Q.pfam+F+I    690.601      31  1443.201     1494.073     1513.344
WARNING: Normalizing state frequencies so that sum of them equals to 1
 31  Q.pfam+F+G4   688.303      31  1438.606     1489.478     1508.749
WARNING: Normalizing state frequencies so that sum of them equals to 1
 32  Q.pfam+F+I+G4 688.354      32  1440.707     1496.286     1513.113
WARNING: Normalizing state frequencies so that sum of them equals to 1
 34  Q.bird+I      697.219      12  1418.438     1423.818     1445.591
WARNING: Normalizing state frequencies so that sum of them equals to 1
 35  Q.bird+G4     693.369      12  1410.738     1416.117     1437.890
WARNING: Normalizing state frequencies so that sum of them equals to 1
 36  Q.bird+I+G4   693.292      13  1412.585     1418.971     1442.000
WARNING: Normalizing state frequencies so that sum of them equals to 1
 38  Q.bird+F+I    693.141      31  1448.282     1499.154     1518.425
WARNING: Normalizing state frequencies so that sum of them equals to 1
 39  Q.bird+F+G4   688.874      31  1439.748     1490.619     1509.891
WARNING: Normalizing state frequencies so that sum of them equals to 1
 40  Q.bird+F+I+G4 688.902      32  1441.803     1497.382     1514.209
WARNING: Normalizing state frequencies so that sum of them equals to 1
 42  Q.mammal+I    696.307      12  1416.614     1421.994     1443.767
WARNING: Normalizing state frequencies so that sum of them equals to 1
 43  Q.mammal+G4   693.128      12  1410.256     1415.635     1437.408
WARNING: Normalizing state frequencies so that sum of them equals to 1
 44  Q.mammal+I+G4 693.110      13  1412.219     1418.605     1441.634
WARNING: Normalizing state frequencies so that sum of them equals to 1
 46  Q.mammal+F+I  691.652      31  1445.304     1496.176     1515.447
WARNING: Normalizing state frequencies so that sum of them equals to 1
 47  Q.mammal+F+G4 688.254      31  1438.508     1489.380     1508.651
WARNING: Normalizing state frequencies so that sum of them equals to 1
 48  Q.mammal+F+I+G4 688.300      32  1440.600     1496.179     1513.006
 50  Q.insect+I    702.483      12  1428.966     1434.345     1456.118
 51  Q.insect+G4   700.098      12  1424.197     1429.576     1451.349
 52  Q.insect+I+G4 700.115      13  1426.231     1432.617     1455.645
 54  Q.insect+F+I  693.611      31  1449.222     1500.094     1519.365
 55  Q.insect+F+G4 690.676      31  1443.353     1494.225     1513.496
 56  Q.insect+F+I+G4 690.882      32  1445.764     1501.343     1518.170
WARNING: Normalizing state frequencies so that sum of them equals to 1
 58  Q.plant+I     696.607      12  1417.215     1422.594     1444.367
WARNING: Normalizing state frequencies so that sum of them equals to 1
 59  Q.plant+G4    693.638      12  1411.276     1416.655     1438.428
WARNING: Normalizing state frequencies so that sum of them equals to 1
 60  Q.plant+I+G4  693.542      13  1413.085     1419.471     1442.500
WARNING: Normalizing state frequencies so that sum of them equals to 1
 62  Q.plant+F+I   688.014      31  1438.028     1488.900     1508.171
WARNING: Normalizing state frequencies so that sum of them equals to 1
 63  Q.plant+F+G4  684.797      31  1431.594     1482.466     1501.737
WARNING: Normalizing state frequencies so that sum of them equals to 1
 64  Q.plant+F+I+G4 684.780      32  1433.561     1489.140     1505.967
WARNING: Normalizing state frequencies so that sum of them equals to 1
 66  Q.yeast+I     707.747      12  1439.495     1444.874     1466.647
WARNING: Normalizing state frequencies so that sum of them equals to 1
 67  Q.yeast+G4    705.600      12  1435.200     1440.580     1462.353
WARNING: Normalizing state frequencies so that sum of them equals to 1
 68  Q.yeast+I+G4  705.508      13  1437.017     1443.403     1466.432
WARNING: Normalizing state frequencies so that sum of them equals to 1
 70  Q.yeast+F+I   693.312      31  1448.625     1499.497     1518.768
WARNING: Normalizing state frequencies so that sum of them equals to 1
 71  Q.yeast+F+G4  690.601      31  1443.202     1494.074     1513.345
WARNING: Normalizing state frequencies so that sum of them equals to 1
 72  Q.yeast+F+I+G4 690.699      32  1445.397     1500.976     1517.803
 74  JTTDCMut+I    694.850      12  1413.701     1419.080     1440.853
 75  JTTDCMut+G4   692.745      12  1409.491     1414.870     1436.643
 76  JTTDCMut+I+G4 692.927      13  1411.853     1418.239     1441.268
 78  JTTDCMut+F+I  687.506      31  1437.012     1487.884     1507.155
 79  JTTDCMut+F+G4 684.966      31  1431.932     1482.804     1502.075
 80  JTTDCMut+F+I+G4 685.244      32  1434.487     1490.066     1506.893
 82  DCMut+I       711.614      12  1447.229     1452.608     1474.381
 83  DCMut+G4      708.718      12  1441.436     1446.815     1468.588
 84  DCMut+I+G4    708.995      13  1443.990     1450.376     1473.405
 86  DCMut+F+I     699.141      31  1460.281     1511.153     1530.424
 87  DCMut+F+G4    695.446      31  1452.891     1503.763     1523.034
 88  DCMut+F+I+G4  695.825      32  1455.650     1511.229     1528.056
 90  VT+I          696.759      12  1417.517     1422.897     1444.669
 91  VT+G4         695.316      12  1414.633     1420.012     1441.785
 92  VT+I+G4       695.455      13  1416.909     1423.295     1446.324
 94  VT+F+I        689.413      31  1440.825     1491.697     1510.968
 95  VT+F+G4       687.720      31  1437.441     1488.312     1507.584
 96  VT+F+I+G4     687.940      32  1439.880     1495.459     1512.285
 98  PMB+I         701.396      12  1426.793     1432.172     1453.945
 99  PMB+G4        700.064      12  1424.128     1429.507     1451.280
100  PMB+I+G4      700.156      13  1426.313     1432.699     1455.728
102  PMB+F+I       697.040      31  1456.080     1506.952     1526.223
103  PMB+F+G4      695.355      31  1452.711     1503.583     1522.854
104  PMB+F+I+G4    695.540      32  1455.080     1510.659     1527.486
106  Blosum62+I    703.584      12  1431.168     1436.548     1458.321
107  Blosum62+G4   702.333      12  1428.667     1434.046     1455.819
108  Blosum62+I+G4 702.341      13  1430.682     1437.068     1460.097
110  Blosum62+F+I  696.690      31  1455.381     1506.253     1525.524
111  Blosum62+F+G4 695.112      31  1452.225     1503.097     1522.368
112  Blosum62+F+I+G4 695.222      32  1454.443     1510.022     1526.849
114  Dayhoff+I     711.662      12  1447.323     1452.702     1474.475
115  Dayhoff+G4    708.713      12  1441.426     1446.805     1468.578
116  Dayhoff+I+G4  709.003      13  1444.006     1450.392     1473.421
118  Dayhoff+F+I   699.184      31  1460.368     1511.239     1530.511
119  Dayhoff+F+G4  695.432      31  1452.864     1503.735     1523.007
120  Dayhoff+F+I+G4 695.823      32  1455.646     1511.225     1528.052
122  mtREV+I       740.393      12  1504.786     1510.165     1531.938
123  mtREV+G4      730.791      12  1485.582     1490.961     1512.734
124  mtREV+I+G4    731.051      13  1488.103     1494.489     1517.517
126  mtREV+F+I     707.075      31  1476.149     1527.021     1546.292
127  mtREV+F+G4    699.907      31  1461.814     1512.686     1531.958
128  mtREV+F+I+G4  700.207      32  1464.414     1519.992     1536.819
130  mtART+I       770.449      12  1564.898     1570.277     1592.050
131  mtART+G4      751.743      12  1527.487     1532.866     1554.639
132  mtART+I+G4    752.117      13  1530.234     1536.619     1559.648
134  mtART+F+I     731.082      31  1524.164     1575.036     1594.307
135  mtART+F+G4    717.575      31  1497.150     1548.022     1567.293
136  mtART+F+I+G4  717.932      32  1499.864     1555.443     1572.270
138  mtZOA+I       744.776      12  1513.552     1518.931     1540.704
139  mtZOA+G4      732.287      12  1488.573     1493.953     1515.726
140  mtZOA+I+G4    732.608      13  1491.215     1497.601     1520.630
142  mtZOA+F+I     713.847      31  1489.694     1540.566     1559.838
143  mtZOA+F+G4    705.153      31  1472.307     1523.179     1542.450
144  mtZOA+F+I+G4  705.437      32  1474.874     1530.453     1547.280
146  mtMet+I       738.611      12  1501.222     1506.601     1528.374
147  mtMet+G4      730.563      12  1485.127     1490.506     1512.279
148  mtMet+I+G4    730.797      13  1487.593     1493.979     1517.008
150  mtMet+F+I     701.525      31  1465.050     1515.921     1535.193
151  mtMet+F+G4    695.546      31  1453.092     1503.964     1523.236
152  mtMet+F+I+G4  695.824      32  1455.648     1511.227     1528.053
154  mtVer+I       737.322      12  1498.645     1504.024     1525.797
155  mtVer+G4      728.596      12  1481.193     1486.572     1508.345
156  mtVer+I+G4    728.733      13  1483.467     1489.853     1512.882
158  mtVer+F+I     702.416      31  1466.832     1517.704     1536.975
159  mtVer+F+G4    695.827      31  1453.653     1504.525     1523.796
160  mtVer+F+I+G4  696.072      32  1456.143     1511.722     1528.549
162  mtInv+I       748.174      12  1520.348     1525.727     1547.500
163  mtInv+G4      740.970      12  1505.940     1511.320     1533.092
164  mtInv+I+G4    741.272      13  1508.544     1514.930     1537.959
166  mtInv+F+I     701.026      31  1464.052     1514.924     1534.195
167  mtInv+F+G4    695.797      31  1453.594     1504.466     1523.737
168  mtInv+F+I+G4  696.076      32  1456.152     1511.731     1528.558
170  mtMAM+I       751.456      12  1526.913     1532.292     1554.065
171  mtMAM+G4      734.311      12  1492.622     1498.001     1519.774
172  mtMAM+I+G4    734.626      13  1495.251     1501.637     1524.666
174  mtMAM+F+I     715.891      31  1493.782     1544.653     1563.925
175  mtMAM+F+G4    704.672      31  1471.344     1522.216     1541.487
176  mtMAM+F+I+G4  704.927      32  1473.854     1529.433     1546.260
WARNING: Normalizing state frequencies so that sum of them equals to 1
178  FLAVI+I       713.395      12  1450.789     1456.168     1477.941
WARNING: Normalizing state frequencies so that sum of them equals to 1
179  FLAVI+G4      709.826      12  1443.651     1449.031     1470.803
WARNING: Normalizing state frequencies so that sum of them equals to 1
180  FLAVI+I+G4    709.502      13  1445.005     1451.391     1474.420
WARNING: Normalizing state frequencies so that sum of them equals to 1
182  FLAVI+F+I     698.107      31  1458.213     1509.085     1528.356
WARNING: Normalizing state frequencies so that sum of them equals to 1
183  FLAVI+F+G4    694.642      31  1451.284     1502.156     1521.427
WARNING: Normalizing state frequencies so that sum of them equals to 1
184  FLAVI+F+I+G4  694.346      32  1452.691     1508.270     1525.097
186  HIVb+I        695.031      12  1414.061     1419.441     1441.214
187  HIVb+G4       693.251      12  1410.502     1415.881     1437.654
188  HIVb+I+G4     692.838      13  1411.677     1418.063     1441.091
190  HIVb+F+I      683.792      31  1429.585     1480.456     1499.728
191  HIVb+F+G4     681.252      31  1424.503     1475.375     1494.646
192  HIVb+F+I+G4   681.025      32  1426.050     1481.629     1498.456
194  HIVw+I        723.944      12  1471.889     1477.268     1499.041
195  HIVw+G4       719.834      12  1463.667     1469.046     1490.819
196  HIVw+I+G4     719.760      13  1465.520     1471.906     1494.934
198  HIVw+F+I      695.947      31  1453.894     1504.766     1524.037
199  HIVw+F+G4     691.586      31  1445.172     1496.044     1515.316
200  HIVw+F+I+G4   691.526      32  1447.052     1502.631     1519.458
202  FLU+I         712.698      12  1449.396     1454.775     1476.548
203  FLU+G4        710.514      12  1445.028     1450.407     1472.180
204  FLU+I+G4      710.047      13  1446.094     1452.480     1475.508
206  FLU+F+I       700.943      31  1463.886     1514.758     1534.029
207  FLU+F+G4      697.569      31  1457.137     1508.009     1527.280
208  FLU+F+I+G4    697.208      32  1458.416     1513.995     1530.822
210  rtREV+I       713.547      12  1451.095     1456.474     1478.247
211  rtREV+G4      712.151      12  1448.302     1453.681     1475.454
212  rtREV+I+G4    711.790      13  1449.580     1455.966     1478.995
214  rtREV+F+I     699.650      31  1461.300     1512.172     1531.443
215  rtREV+F+G4    697.009      31  1456.019     1506.890     1526.162
216  rtREV+F+I+G4  697.004      32  1458.008     1513.587     1530.414
218  cpREV+I       701.474      12  1426.947     1432.327     1454.100
219  cpREV+G4      698.930      12  1421.861     1427.240     1449.013
220  cpREV+I+G4    699.065      13  1424.130     1430.516     1453.545
222  cpREV+F+I     689.187      31  1440.374     1491.246     1510.517
223  cpREV+F+G4    686.452      31  1434.903     1485.775     1505.046
224  cpREV+F+I+G4  686.547      32  1437.094     1492.673     1509.500
Akaike Information Criterion:           JTT+G4
Corrected Akaike Information Criterion: JTT+G4
Bayesian Information Criterion:         JTT+G4
Best-fit model: JTT+G4 chosen according to BIC

All model information printed to ../results/molecular_evolution_analyses/phylogenetic_trees/F30913_MCOR_G1/F30913_MCOR_G1.model.gz
CPU time for ModelFinder: 1.178 seconds (0h:0m:1s)
Wall-clock time for ModelFinder: 1.183 seconds (0h:0m:1s)
Generating 1000 samples for ultrafast bootstrap (seed: 219612)...

NOTE: 0 MB RAM (0 GB) is required!
Estimate model parameters (epsilon = 0.100)
1. Initial log-likelihood: -692.673
Optimal log-likelihood: -692.673
Gamma shape alpha: 1.236
Parameters optimization took 1 rounds (0.002 sec)
Wrote distance file to... 
Computing ML distances based on estimated model parameters...
Calculating distance matrix: done in 0.0034821 secs using 99.74% CPU
Computing ML distances took 0.003505 sec (of wall-clock time) 0.003497 sec (of CPU time)
Setting up auxiliary I and S matrices: done in 4.00543e-05 secs using 99.86% CPU
Constructing RapidNJ tree: done in 2.7895e-05 secs using 100.4% CPU
Computing RapidNJ tree took 0.000127 sec (of wall-clock time) 0.000126 sec (of CPU time)
Log-likelihood of RapidNJ tree: -695.994
--------------------------------------------------------------------
|             INITIALIZING CANDIDATE TREE SET                      |
--------------------------------------------------------------------
Generating 98 parsimony trees... 0.017 second
Computing log-likelihood of 53 initial trees ... 0.040 seconds
Current best score: -691.171

Do NNI search on 20 best initial trees
Optimizing NNI: done in 0.00257421 secs using 199.8% CPU
Estimate model parameters (epsilon = 0.100)
BETTER TREE FOUND at iteration 1: -691.054
Optimizing NNI: done in 0.00552511 secs using 200% CPU
Optimizing NNI: done in 0.0056181 secs using 199.9% CPU
Optimizing NNI: done in 0.00489616 secs using 200% CPU
Optimizing NNI: done in 0.00243998 secs using 199.9% CPU
Optimizing NNI: done in 0.00542092 secs using 200% CPU
Optimizing NNI: done in 0.00542784 secs using 200% CPU
Optimizing NNI: done in 0.00546408 secs using 199.9% CPU
Optimizing NNI: done in 0.00781703 secs using 199.9% CPU
Optimizing NNI: done in 0.00246596 secs using 199.8% CPU
Iteration 10 / LogL: -693.136 / Time: 0h:0m:0s
Optimizing NNI: done in 0.00844407 secs using 200% CPU
Optimizing NNI: done in 0.00476408 secs using 199.8% CPU
Optimizing NNI: done in 0.00545001 secs using 200% CPU
Optimizing NNI: done in 0.00543404 secs using 199.9% CPU
Optimizing NNI: done in 0.00541806 secs using 200% CPU
Optimizing NNI: done in 0.00782919 secs using 199.9% CPU
Optimizing NNI: done in 0.00839901 secs using 200% CPU
Optimizing NNI: done in 0.00849605 secs using 199.9% CPU
Optimizing NNI: done in 0.0054419 secs using 200% CPU
Optimizing NNI: done in 0.00562811 secs using 199.9% CPU
Iteration 20 / LogL: -692.682 / Time: 0h:0m:0s
Finish initializing candidate tree set (3)
Current best tree score: -691.054 / CPU time: 0.187
Number of iterations: 20
--------------------------------------------------------------------
|               OPTIMIZING CANDIDATE TREE SET                      |
--------------------------------------------------------------------
Optimizing NNI: done in 0.0139751 secs using 143.6% CPU
Optimizing NNI: done in 0.0084908 secs using 99.96% CPU
Optimizing NNI: done in 0.00544691 secs using 99.98% CPU
UPDATE BEST LOG-LIKELIHOOD: -691.053
Optimizing NNI: done in 0.0023911 secs using 100% CPU
Optimizing NNI: done in 0.00550985 secs using 99.93% CPU
Optimizing NNI: done in 0.00548506 secs using 99.94% CPU
Optimizing NNI: done in 0.00855708 secs using 99.96% CPU
Optimizing NNI: done in 0.0056231 secs using 99.96% CPU
Optimizing NNI: done in 0.00851703 secs using 99.98% CPU
Optimizing NNI: done in 0.00801015 secs using 99.96% CPU
Iteration 30 / LogL: -692.681 / Time: 0h:0m:0s (0h:0m:0s left)
Optimizing NNI: done in 0.00799012 secs using 99.95% CPU
Optimizing NNI: done in 0.00547194 secs using 99.95% CPU
Optimizing NNI: done in 0.00535202 secs using 100% CPU
Optimizing NNI: done in 0.00249314 secs using 99.99% CPU
UPDATE BEST LOG-LIKELIHOOD: -691.053
Optimizing NNI: done in 0.00244403 secs using 99.96% CPU
Optimizing NNI: done in 0.00560522 secs using 100% CPU
Optimizing NNI: done in 0.00552583 secs using 99.95% CPU
Optimizing NNI: done in 0.00548196 secs using 99.93% CPU
Optimizing NNI: done in 0.0054729 secs using 99.95% CPU
Optimizing NNI: done in 0.00550103 secs using 99.96% CPU
Iteration 40 / LogL: -691.054 / Time: 0h:0m:0s (0h:0m:0s left)
Optimizing NNI: done in 0.00551891 secs using 99.97% CPU
Optimizing NNI: done in 0.00843787 secs using 100% CPU
Optimizing NNI: done in 0.0114119 secs using 99.97% CPU
Optimizing NNI: done in 0.01072 secs using 99.96% CPU
Optimizing NNI: done in 0.00550413 secs using 100% CPU
Optimizing NNI: done in 0.00249505 secs using 99.92% CPU
Optimizing NNI: done in 0.00244498 secs using 100% CPU
Optimizing NNI: done in 0.00554419 secs using 99.96% CPU
Optimizing NNI: done in 0.00555086 secs using 100% CPU
Optimizing NNI: done in 0.00546288 secs using 100% CPU
Iteration 50 / LogL: -693.036 / Time: 0h:0m:0s (0h:0m:0s left)
Log-likelihood cutoff on original alignment: -699.062
Optimizing NNI: done in 0.00243807 secs using 99.96% CPU
Optimizing NNI: done in 0.00868416 secs using 100% CPU
Optimizing NNI: done in 0.00478101 secs using 100% CPU
UPDATE BEST LOG-LIKELIHOOD: -691.053
Optimizing NNI: done in 0.00546813 secs using 99.98% CPU
Optimizing NNI: done in 0.00859714 secs using 99.94% CPU
Optimizing NNI: done in 0.00789404 secs using 99.99% CPU
Optimizing NNI: done in 0.00551987 secs using 100% CPU
Optimizing NNI: done in 0.00785804 secs using 99.99% CPU
Optimizing NNI: done in 0.00784492 secs using 99.96% CPU
Optimizing NNI: done in 0.00491309 secs using 100% CPU
Iteration 60 / LogL: -691.054 / Time: 0h:0m:0s (0h:0m:0s left)
Optimizing NNI: done in 0.00542998 secs using 99.95% CPU
Optimizing NNI: done in 0.00248003 secs using 100% CPU
UPDATE BEST LOG-LIKELIHOOD: -691.053
Optimizing NNI: done in 0.00840211 secs using 99.96% CPU
Optimizing NNI: done in 0.00552297 secs using 99.95% CPU
Optimizing NNI: done in 0.004776 secs using 99.96% CPU
Optimizing NNI: done in 0.00549483 secs using 99.98% CPU
Optimizing NNI: done in 0.00548506 secs using 100% CPU
Optimizing NNI: done in 0.00549698 secs using 99.98% CPU
Optimizing NNI: done in 0.00843406 secs using 99.96% CPU
Optimizing NNI: done in 0.00236201 secs using 100% CPU
Iteration 70 / LogL: -692.680 / Time: 0h:0m:0s (0h:0m:0s left)
Optimizing NNI: done in 0.0084672 secs using 99.96% CPU
Optimizing NNI: done in 0.00243497 secs using 99.92% CPU
Optimizing NNI: done in 0.00540996 secs using 100% CPU
Optimizing NNI: done in 0.00855112 secs using 99.96% CPU
Optimizing NNI: done in 0.00549507 secs using 99.94% CPU
Optimizing NNI: done in 0.00771499 secs using 99.96% CPU
Optimizing NNI: done in 0.00543499 secs using 99.94% CPU
Optimizing NNI: done in 0.00484991 secs using 100% CPU
UPDATE BEST LOG-LIKELIHOOD: -691.053
Optimizing NNI: done in 0.00236702 secs using 99.96% CPU
Optimizing NNI: done in 0.0085299 secs using 99.97% CPU
Iteration 80 / LogL: -692.680 / Time: 0h:0m:0s (0h:0m:0s left)
Optimizing NNI: done in 0.00856996 secs using 99.97% CPU
Optimizing NNI: done in 0.00546813 secs using 100% CPU
Optimizing NNI: done in 0.00478101 secs using 99.94% CPU
Optimizing NNI: done in 0.00542808 secs using 99.94% CPU
Optimizing NNI: done in 0.00489211 secs using 100% CPU
Optimizing NNI: done in 0.00556087 secs using 99.95% CPU
Optimizing NNI: done in 0.00546002 secs using 99.96% CPU
Optimizing NNI: done in 0.00550914 secs using 99.94% CPU
Optimizing NNI: done in 0.00550294 secs using 99.95% CPU
Optimizing NNI: done in 0.00559497 secs using 100% CPU
Iteration 90 / LogL: -691.061 / Time: 0h:0m:0s (0h:0m:0s left)
Optimizing NNI: done in 0.00554609 secs using 100% CPU
Optimizing NNI: done in 0.00801396 secs using 99.96% CPU
Optimizing NNI: done in 0.00531697 secs using 99.93% CPU
Optimizing NNI: done in 0.00852299 secs using 99.96% CPU
Optimizing NNI: done in 0.00850797 secs using 99.98% CPU
Optimizing NNI: done in 0.00850296 secs using 100% CPU
Optimizing NNI: done in 0.005512 secs using 100% CPU
Optimizing NNI: done in 0.00552201 secs using 99.93% CPU
Optimizing NNI: done in 0.00483584 secs using 100% CPU
Optimizing NNI: done in 0.00555086 secs using 100% CPU
Iteration 100 / LogL: -692.681 / Time: 0h:0m:0s (0h:0m:0s left)
Log-likelihood cutoff on original alignment: -700.289
NOTE: Bootstrap correlation coefficient of split occurrence frequencies: 0.998
Optimizing NNI: done in 0.00865412 secs using 99.94% CPU
Optimizing NNI: done in 0.00539899 secs using 100% CPU
TREE SEARCH COMPLETED AFTER 102 ITERATIONS / Time: 0h:0m:0s

--------------------------------------------------------------------
|                    FINALIZING TREE SEARCH                        |
--------------------------------------------------------------------
Performs final model parameters optimization
Estimate model parameters (epsilon = 0.010)
1. Initial log-likelihood: -691.053
Optimal log-likelihood: -691.053
Gamma shape alpha: 1.182
Parameters optimization took 1 rounds (0.002 sec)
BEST SCORE FOUND : -691.053

Testing tree branches by SH-like aLRT with 1000 replicates...
0.009 sec.
Creating bootstrap support values...
Split supports printed to NEXUS file ../results/molecular_evolution_analyses/phylogenetic_trees/F30913_MCOR_G1/F30913_MCOR_G1.splits.nex
Total tree length: 1.910

Total number of iterations: 102
CPU time used for tree search: 1.134 sec (0h:0m:1s)
Wall-clock time used for tree search: 0.948 sec (0h:0m:0s)
Total CPU time used: 1.175 sec (0h:0m:1s)
Total wall-clock time used: 0.987 sec (0h:0m:0s)

Computing bootstrap consensus tree...
Reading input file ../results/molecular_evolution_analyses/phylogenetic_trees/F30913_MCOR_G1/F30913_MCOR_G1.splits.nex...
7 taxa and 51 splits.
Consensus tree written to ../results/molecular_evolution_analyses/phylogenetic_trees/F30913_MCOR_G1/F30913_MCOR_G1.contree
Reading input trees file ../results/molecular_evolution_analyses/phylogenetic_trees/F30913_MCOR_G1/F30913_MCOR_G1.contree
Log-likelihood of consensus tree: -691.054

Analysis results written to: 
  IQ-TREE report:                ../results/molecular_evolution_analyses/phylogenetic_trees/F30913_MCOR_G1/F30913_MCOR_G1.iqtree
  Maximum-likelihood tree:       ../results/molecular_evolution_analyses/phylogenetic_trees/F30913_MCOR_G1/F30913_MCOR_G1.treefile
  Likelihood distances:          ../results/molecular_evolution_analyses/phylogenetic_trees/F30913_MCOR_G1/F30913_MCOR_G1.mldist

Ultrafast bootstrap approximation results written to:
  Split support values:          ../results/molecular_evolution_analyses/phylogenetic_trees/F30913_MCOR_G1/F30913_MCOR_G1.splits.nex
  Consensus tree:                ../results/molecular_evolution_analyses/phylogenetic_trees/F30913_MCOR_G1/F30913_MCOR_G1.contree
  Screen log file:               ../results/molecular_evolution_analyses/phylogenetic_trees/F30913_MCOR_G1/F30913_MCOR_G1.log

Date and Time: Wed May  1 12:36:02 2024
