IQ-TREE multicore version 2.2.2.6 COVID-edition for Linux 64-bit built May 27 2023
Developed by Bui Quang Minh, James Barbetti, Nguyen Lam Tung,
Olga Chernomor, Heiko Schmidt, Dominik Schrempf, Michael Woodhams, Ly Trong Nhan.

Host:    lbc5 (AVX2, FMA3, 125 GB RAM)
Command: /home/mauricio/mauricio_PROGRAMAS/iqtree-2.2.2.6-Linux/bin/iqtree2 -s ../results/molecular_evolution_analyses/alignments_gblocks/F35560_SMED_G1/F35560_SMED_G1.aln.gblo -m TEST --threads-max 32 --alrt 1000 --ufboot 1000 --prefix ../results/molecular_evolution_analyses/phylogenetic_trees/F35560_SMED_G1/F35560_SMED_G1
Seed:    902954 (Using SPRNG - Scalable Parallel Random Number Generator)
Time:    Thu Mar 28 11:23:46 2024
Kernel:  AVX+FMA - 1 threads (32 CPU cores detected)

HINT: Use -nt option to specify number of threads because your CPU has 32 cores!
HINT: -nt AUTO will automatically determine the best number of threads to use.

Reading alignment file ../results/molecular_evolution_analyses/alignments_gblocks/F35560_SMED_G1/F35560_SMED_G1.aln.gblo ... Fasta format detected
Reading fasta file: done in 6.29425e-05 secs
Alignment most likely contains protein sequences
Constructing alignment: done in 0.000267029 secs
Alignment has 6 sequences with 282 columns, 106 distinct patterns
86 parsimony-informative, 23 singleton sites, 173 constant sites
            Gap/Ambiguity  Composition  p-value
Analyzing sequences: done in 7.15256e-06 secs
   1  Smed.28496    0.00%    passed     83.23%
   2  Smed.28598    0.00%    passed     86.08%
   3  Smed.6386     0.00%    passed     99.97%
   4  Smed.20582    0.00%    passed     99.99%
   5  Smed.6473     0.00%    passed     99.99%
   6  Smed.7194     0.00%    passed     99.99%
****  TOTAL         0.00%  0 sequences failed composition chi2 test (p-value<5%; df=18)
Checking for duplicate sequences: done in 1.5974e-05 secs


Create initial parsimony tree by phylogenetic likelihood library (PLL)... 0.000 seconds
Perform fast likelihood tree search using LG+I+G model...
Estimate model parameters (epsilon = 5.000)
Perform nearest neighbor interchange...
Optimizing NNI: done in 0.006495 secs using 99.85% CPU
Estimate model parameters (epsilon = 1.000)
1. Initial log-likelihood: -1428.299
Optimal log-likelihood: -1428.246
Proportion of invariable sites: 0.299
Gamma shape alpha: 998.645
Parameters optimization took 1 rounds (0.008 sec)
Time for fast ML tree search: 0.038 seconds

NOTE: ModelFinder requires 0 MB RAM!
ModelFinder will test up to 224 protein models (sample size: 282) ...
 No. Model         -LnL         df  AIC          AICc         BIC
  1  LG            1428.995     9   2875.990     2876.652     2908.768
  2  LG+I          1427.950     10  2875.900     2876.712     2912.319
  3  LG+G4         1427.546     10  2875.091     2875.903     2911.510
  4  LG+I+G4       1428.167     11  2878.334     2879.312     2918.395
  5  LG+F          1422.456     28  2900.911     2907.330     3002.885
  6  LG+F+I        1421.149     29  2900.299     2907.203     3005.914
  7  LG+F+G4       1420.724     29  2899.449     2906.353     3005.064
  8  LG+F+I+G4     1421.290     30  2902.580     2909.991     3011.837
  9  WAG           1434.682     9   2887.364     2888.026     2920.141
 10  WAG+I         1434.471     10  2888.943     2889.755     2925.362
 11  WAG+G4        1434.368     10  2888.735     2889.547     2925.154
 12  WAG+I+G4      1435.206     11  2892.411     2893.389     2932.472
 13  WAG+F         1422.795     28  2901.590     2908.009     3003.563
 14  WAG+F+I       1422.314     29  2902.629     2909.533     3008.244
 15  WAG+F+G4      1422.173     29  2902.345     2909.250     3007.961
 16  WAG+F+I+G4    1422.822     30  2905.644     2913.055     3014.902
 17  JTT           1435.828     9   2889.657     2890.318     2922.434
 18  JTT+I         1435.149     10  2890.299     2891.111     2926.718
 19  JTT+G4        1434.911     10  2889.822     2890.634     2926.241
 20  JTT+I+G4      1435.526     11  2893.052     2894.030     2933.113
 21  JTT+F         1424.443     28  2904.886     2911.305     3006.860
 22  JTT+F+I       1423.305     29  2904.611     2911.515     3010.226
 23  JTT+F+G4      1423.068     29  2904.136     2911.041     3009.751
 24  JTT+F+I+G4    1423.480     30  2906.961     2914.371     3016.218
WARNING: Normalizing state frequencies so that sum of them equals to 1
 25  Q.pfam        1432.612     9   2883.223     2883.885     2916.000
WARNING: Normalizing state frequencies so that sum of them equals to 1
 26  Q.pfam+I      1431.677     10  2883.353     2884.165     2919.772
WARNING: Normalizing state frequencies so that sum of them equals to 1
 27  Q.pfam+G4     1431.382     10  2882.764     2883.575     2919.183
WARNING: Normalizing state frequencies so that sum of them equals to 1
 28  Q.pfam+I+G4   1431.942     11  2885.884     2886.861     2925.945
WARNING: Normalizing state frequencies so that sum of them equals to 1
 29  Q.pfam+F      1424.409     28  2904.819     2911.238     3006.792
WARNING: Normalizing state frequencies so that sum of them equals to 1
 30  Q.pfam+F+I    1422.994     29  2903.988     2910.893     3009.604
WARNING: Normalizing state frequencies so that sum of them equals to 1
 31  Q.pfam+F+G4   1422.691     29  2903.382     2910.287     3008.997
WARNING: Normalizing state frequencies so that sum of them equals to 1
 32  Q.pfam+F+I+G4 1423.120     30  2906.240     2913.651     3015.498
WARNING: Normalizing state frequencies so that sum of them equals to 1
 33  Q.bird        1466.693     9   2951.387     2952.049     2984.164
WARNING: Normalizing state frequencies so that sum of them equals to 1
 34  Q.bird+I      1461.103     10  2942.206     2943.017     2978.625
WARNING: Normalizing state frequencies so that sum of them equals to 1
 35  Q.bird+G4     1460.263     10  2940.525     2941.337     2976.944
WARNING: Normalizing state frequencies so that sum of them equals to 1
 36  Q.bird+I+G4   1460.597     11  2943.193     2944.171     2983.254
WARNING: Normalizing state frequencies so that sum of them equals to 1
 37  Q.bird+F      1453.476     28  2962.952     2969.371     3064.925
WARNING: Normalizing state frequencies so that sum of them equals to 1
 38  Q.bird+F+I    1445.791     29  2949.581     2956.486     3055.197
WARNING: Normalizing state frequencies so that sum of them equals to 1
 39  Q.bird+F+G4   1444.959     29  2947.919     2954.824     3053.534
WARNING: Normalizing state frequencies so that sum of them equals to 1
 40  Q.bird+F+I+G4 1445.184     30  2950.368     2957.779     3059.625
WARNING: Normalizing state frequencies so that sum of them equals to 1
 41  Q.mammal      1458.130     9   2934.260     2934.922     2967.037
WARNING: Normalizing state frequencies so that sum of them equals to 1
 42  Q.mammal+I    1455.127     10  2930.255     2931.067     2966.674
WARNING: Normalizing state frequencies so that sum of them equals to 1
 43  Q.mammal+G4   1454.624     10  2929.248     2930.059     2965.667
WARNING: Normalizing state frequencies so that sum of them equals to 1
 44  Q.mammal+I+G4 1454.987     11  2931.974     2932.952     2972.035
WARNING: Normalizing state frequencies so that sum of them equals to 1
 45  Q.mammal+F    1442.033     28  2940.066     2946.485     3042.039
WARNING: Normalizing state frequencies so that sum of them equals to 1
 46  Q.mammal+F+I  1437.282     29  2932.565     2939.470     3038.180
WARNING: Normalizing state frequencies so that sum of them equals to 1
 47  Q.mammal+F+G4 1436.881     29  2931.762     2938.667     3037.377
WARNING: Normalizing state frequencies so that sum of them equals to 1
 48  Q.mammal+F+I+G4 1437.069     30  2934.137     2941.548     3043.394
 49  Q.insect      1429.514     9   2877.027     2877.689     2909.804
 50  Q.insect+I    1428.300     10  2876.599     2877.411     2913.018
 51  Q.insect+G4   1427.902     10  2875.805     2876.617     2912.224
 52  Q.insect+I+G4 1428.452     11  2878.904     2879.881     2918.965
 53  Q.insect+F    1421.781     28  2899.562     2905.981     3001.535
 54  Q.insect+F+I  1420.399     29  2898.799     2905.704     3004.414
 55  Q.insect+F+G4 1420.026     29  2898.052     2904.956     3003.667
 56  Q.insect+F+I+G4 1420.511     30  2901.022     2908.432     3010.279
WARNING: Normalizing state frequencies so that sum of them equals to 1
 57  Q.plant       1438.076     9   2894.153     2894.814     2926.930
WARNING: Normalizing state frequencies so that sum of them equals to 1
 58  Q.plant+I     1434.482     10  2888.964     2889.776     2925.384
WARNING: Normalizing state frequencies so that sum of them equals to 1
 59  Q.plant+G4    1433.766     10  2887.531     2888.343     2923.950
WARNING: Normalizing state frequencies so that sum of them equals to 1
 60  Q.plant+I+G4  1434.224     11  2890.448     2891.426     2930.509
WARNING: Normalizing state frequencies so that sum of them equals to 1
 61  Q.plant+F     1430.975     28  2917.950     2924.369     3019.923
WARNING: Normalizing state frequencies so that sum of them equals to 1
 62  Q.plant+F+I   1426.773     29  2911.547     2918.451     3017.162
WARNING: Normalizing state frequencies so that sum of them equals to 1
 63  Q.plant+F+G4  1426.025     29  2910.049     2916.954     3015.665
WARNING: Normalizing state frequencies so that sum of them equals to 1
 64  Q.plant+F+I+G4 1426.440     30  2912.880     2920.290     3022.137
WARNING: Normalizing state frequencies so that sum of them equals to 1
 65  Q.yeast       1429.013     9   2876.026     2876.688     2908.803
WARNING: Normalizing state frequencies so that sum of them equals to 1
 66  Q.yeast+I     1427.837     10  2875.675     2876.487     2912.094
WARNING: Normalizing state frequencies so that sum of them equals to 1
 67  Q.yeast+G4    1427.312     10  2874.625     2875.436     2911.044
WARNING: Normalizing state frequencies so that sum of them equals to 1
 68  Q.yeast+I+G4  1428.014     11  2878.027     2879.005     2918.088
WARNING: Normalizing state frequencies so that sum of them equals to 1
 69  Q.yeast+F     1422.414     28  2900.828     2907.247     3002.801
WARNING: Normalizing state frequencies so that sum of them equals to 1
 70  Q.yeast+F+I   1421.022     29  2900.043     2906.948     3005.658
WARNING: Normalizing state frequencies so that sum of them equals to 1
 71  Q.yeast+F+G4  1420.526     29  2899.053     2905.957     3004.668
WARNING: Normalizing state frequencies so that sum of them equals to 1
 72  Q.yeast+F+I+G4 1421.144     30  2902.288     2909.698     3011.545
 73  JTTDCMut      1435.562     9   2889.123     2889.785     2921.900
 74  JTTDCMut+I    1434.925     10  2889.851     2890.662     2926.270
 75  JTTDCMut+G4   1434.697     10  2889.394     2890.206     2925.813
 76  JTTDCMut+I+G4 1435.330     11  2892.661     2893.638     2932.722
 77  JTTDCMut+F    1424.063     28  2904.127     2910.546     3006.100
 78  JTTDCMut+F+I  1422.971     29  2903.942     2910.847     3009.557
 79  JTTDCMut+F+G4 1422.739     29  2903.478     2910.383     3009.093
 80  JTTDCMut+F+I+G4 1423.162     30  2906.323     2913.734     3015.581
 81  DCMut         1455.942     9   2929.885     2930.546     2962.662
 82  DCMut+I       1454.230     10  2928.459     2929.271     2964.878
 83  DCMut+G4      1453.886     10  2927.772     2928.584     2964.191
 84  DCMut+I+G4    1454.314     11  2930.628     2931.606     2970.689
 85  DCMut+F       1435.746     28  2927.492     2933.911     3029.465
 86  DCMut+F+I     1433.088     29  2924.176     2931.081     3029.792
 87  DCMut+F+G4    1432.768     29  2923.535     2930.440     3029.150
 88  DCMut+F+I+G4  1433.052     30  2926.103     2933.514     3035.361
 89  VT            1429.529     9   2877.059     2877.721     2909.836
 90  VT+I          1429.503     10  2879.005     2879.817     2915.424
 91  VT+G4         1429.487     10  2878.974     2879.785     2915.393
 92  VT+I+G4       1430.465     11  2882.930     2883.908     2922.991
 93  VT+F          1421.525     28  2899.049     2905.468     3001.023
 94  VT+F+I        1421.439     29  2900.878     2907.783     3006.493
 95  VT+F+G4       1421.416     29  2900.831     2907.736     3006.447
 96  VT+F+I+G4     1422.299     30  2904.599     2912.009     3013.856
 97  PMB           1445.004     9   2908.008     2908.670     2940.786
 98  PMB+I         1444.964     10  2909.927     2910.739     2946.346
 99  PMB+G4        1444.959     10  2909.917     2910.729     2946.336
100  PMB+I+G4      1445.869     11  2913.739     2914.717     2953.800
101  PMB+F         1427.022     28  2910.044     2916.463     3012.017
102  PMB+F+I       1426.892     29  2911.784     2918.689     3017.400
103  PMB+F+G4      1426.877     29  2911.754     2918.659     3017.370
104  PMB+F+I+G4    1427.645     30  2915.290     2922.700     3024.547
105  Blosum62      1439.329     9   2896.659     2897.321     2929.436
106  Blosum62+I    1439.234     10  2898.467     2899.279     2934.886
107  Blosum62+G4   1439.199     10  2898.398     2899.209     2934.817
108  Blosum62+I+G4 1440.073     11  2902.146     2903.124     2942.207
109  Blosum62+F    1427.080     28  2910.159     2916.578     3012.133
110  Blosum62+F+I  1426.916     29  2911.832     2918.737     3017.448
111  Blosum62+F+G4 1426.868     29  2911.735     2918.640     3017.351
112  Blosum62+F+I+G4 1427.700     30  2915.399     2922.810     3024.656
113  Dayhoff       1456.072     9   2930.145     2930.806     2962.922
114  Dayhoff+I     1454.304     10  2928.608     2929.420     2965.027
115  Dayhoff+G4    1453.948     10  2927.895     2928.707     2964.314
116  Dayhoff+I+G4  1454.380     11  2930.760     2931.738     2970.821
117  Dayhoff+F     1435.902     28  2927.804     2934.223     3029.778
118  Dayhoff+F+I   1433.170     29  2924.341     2931.245     3029.956
119  Dayhoff+F+G4  1432.840     29  2923.680     2930.585     3029.296
120  Dayhoff+F+I+G4 1433.125     30  2926.251     2933.661     3035.508
121  mtREV         1524.529     9   3067.058     3067.720     3099.835
122  mtREV+I       1519.259     10  3058.519     3059.331     3094.938
123  mtREV+G4      1518.554     10  3057.107     3057.919     3093.526
124  mtREV+I+G4    1518.926     11  3059.851     3060.829     3099.912
125  mtREV+F       1434.499     28  2924.997     2931.416     3026.971
126  mtREV+F+I     1431.324     29  2920.648     2927.553     3026.263
127  mtREV+F+G4    1430.638     29  2919.276     2926.181     3024.892
128  mtREV+F+I+G4  1431.170     30  2922.340     2929.750     3031.597
129  mtART         1545.505     9   3109.010     3109.672     3141.787
130  mtART+I       1532.899     10  3085.797     3086.609     3122.216
131  mtART+G4      1529.976     10  3079.952     3080.763     3116.371
132  mtART+I+G4    1530.401     11  3082.802     3083.780     3122.863
133  mtART+F       1448.125     28  2952.249     2958.668     3054.223
134  mtART+F+I     1439.719     29  2937.439     2944.344     3043.054
135  mtART+F+G4    1437.524     29  2933.049     2939.953     3038.664
136  mtART+F+I+G4  1438.008     30  2936.016     2943.427     3045.273
137  mtZOA         1527.243     9   3072.487     3073.148     3105.264
138  mtZOA+I       1518.781     10  3057.563     3058.375     3093.982
139  mtZOA+G4      1516.997     10  3053.994     3054.806     3090.413
140  mtZOA+I+G4    1517.453     11  3056.906     3057.884     3096.967
141  mtZOA+F       1439.411     28  2934.823     2941.242     3036.796
142  mtZOA+F+I     1434.387     29  2926.774     2933.678     3032.389
143  mtZOA+F+G4    1433.186     29  2924.372     2931.277     3029.987
144  mtZOA+F+I+G4  1433.668     30  2927.337     2934.747     3036.594
145  mtMet         1531.417     9   3080.833     3081.495     3113.610
146  mtMet+I       1524.873     10  3069.747     3070.559     3106.166
147  mtMet+G4      1523.625     10  3067.249     3068.061     3103.668
148  mtMet+I+G4    1524.070     11  3070.141     3071.119     3110.202
149  mtMet+F       1441.631     28  2939.263     2945.682     3041.236
150  mtMet+F+I     1436.903     29  2931.805     2938.710     3037.421
151  mtMet+F+G4    1435.964     29  2929.928     2936.832     3035.543
152  mtMet+F+I+G4  1436.391     30  2932.781     2940.191     3042.038
153  mtVer         1547.784     9   3113.568     3114.230     3146.345
154  mtVer+I       1536.494     10  3092.989     3093.800     3129.408
155  mtVer+G4      1534.648     10  3089.296     3090.108     3125.715
156  mtVer+I+G4    1535.043     11  3092.086     3093.064     3132.147
157  mtVer+F       1452.222     28  2960.444     2966.863     3062.417
158  mtVer+F+I     1444.398     29  2946.795     2953.700     3052.411
159  mtVer+F+G4    1443.196     29  2944.391     2951.296     3050.006
160  mtVer+F+I+G4  1443.544     30  2947.088     2954.499     3056.346
161  mtInv         1535.893     9   3089.786     3090.448     3122.563
162  mtInv+I       1532.350     10  3084.700     3085.512     3121.119
163  mtInv+G4      1531.650     10  3083.300     3084.111     3119.719
164  mtInv+I+G4    1532.117     11  3086.234     3087.211     3126.295
165  mtInv+F       1430.022     28  2916.045     2922.464     3018.018
166  mtInv+F+I     1427.581     29  2913.162     2920.067     3018.778
167  mtInv+F+G4    1427.042     29  2912.084     2918.989     3017.700
168  mtInv+F+I+G4  1427.501     30  2915.002     2922.412     3024.259
169  mtMAM         1562.967     9   3143.934     3144.596     3176.711
170  mtMAM+I       1544.199     10  3108.397     3109.209     3144.816
171  mtMAM+G4      1540.941     10  3101.882     3102.694     3138.301
172  mtMAM+I+G4    1541.310     11  3104.620     3105.597     3144.681
173  mtMAM+F       1466.720     28  2989.439     2995.858     3091.413
174  mtMAM+F+I     1453.554     29  2965.108     2972.013     3070.723
175  mtMAM+F+G4    1451.846     29  2961.691     2968.596     3067.307
176  mtMAM+F+I+G4  1452.059     30  2964.117     2971.528     3073.375
WARNING: Normalizing state frequencies so that sum of them equals to 1
177  FLAVI         1496.390     9   3010.781     3011.443     3043.558
WARNING: Normalizing state frequencies so that sum of them equals to 1
178  FLAVI+I       1483.429     10  2986.858     2987.670     3023.277
WARNING: Normalizing state frequencies so that sum of them equals to 1
179  FLAVI+G4      1482.533     10  2985.066     2985.877     3021.485
WARNING: Normalizing state frequencies so that sum of them equals to 1
180  FLAVI+I+G4    1482.578     11  2987.157     2988.134     3027.218
WARNING: Normalizing state frequencies so that sum of them equals to 1
181  FLAVI+F       1470.046     28  2996.091     3002.510     3098.065
WARNING: Normalizing state frequencies so that sum of them equals to 1
182  FLAVI+F+I     1457.245     29  2972.490     2979.395     3078.105
WARNING: Normalizing state frequencies so that sum of them equals to 1
183  FLAVI+F+G4    1456.287     29  2970.574     2977.479     3076.189
WARNING: Normalizing state frequencies so that sum of them equals to 1
184  FLAVI+F+I+G4  1456.350     30  2972.701     2980.111     3081.958
185  HIVb          1466.110     9   2950.219     2950.881     2982.996
186  HIVb+I        1460.088     10  2940.175     2940.987     2976.594
187  HIVb+G4       1459.731     10  2939.461     2940.273     2975.880
188  HIVb+I+G4     1459.867     11  2941.734     2942.712     2981.795
189  HIVb+F        1446.597     28  2949.193     2955.612     3051.167
190  HIVb+F+I      1439.997     29  2937.995     2944.900     3043.610
191  HIVb+F+G4     1439.227     29  2936.454     2943.358     3042.069
192  HIVb+F+I+G4   1439.502     30  2939.004     2946.414     3048.261
193  HIVw          1506.114     9   3030.229     3030.891     3063.006
194  HIVw+I        1497.226     10  3014.452     3015.264     3050.871
195  HIVw+G4       1496.855     10  3013.710     3014.522     3050.129
196  HIVw+I+G4     1496.914     11  3015.828     3016.806     3055.889
197  HIVw+F        1471.828     28  2999.656     3006.075     3101.629
198  HIVw+F+I      1462.206     29  2982.413     2989.318     3088.028
199  HIVw+F+G4     1461.614     29  2981.228     2988.132     3086.843
200  HIVw+F+I+G4   1461.723     30  2983.447     2990.857     3092.704
201  FLU           1473.745     9   2965.490     2966.152     2998.267
202  FLU+I         1466.141     10  2952.282     2953.094     2988.701
203  FLU+G4        1465.648     10  2951.295     2952.107     2987.714
204  FLU+I+G4      1465.769     11  2953.538     2954.516     2993.599
205  FLU+F         1456.109     28  2968.217     2974.636     3070.191
206  FLU+F+I       1446.035     29  2950.070     2956.974     3055.685
207  FLU+F+G4      1445.534     29  2949.068     2955.972     3054.683
208  FLU+F+I+G4    1445.580     30  2951.161     2958.571     3060.418
209  rtREV         1440.459     9   2898.918     2899.580     2931.695
210  rtREV+I       1439.442     10  2898.883     2899.695     2935.303
211  rtREV+G4      1439.045     10  2898.090     2898.902     2934.509
212  rtREV+I+G4    1439.679     11  2901.357     2902.335     2941.418
213  rtREV+F       1422.657     28  2901.314     2907.733     3003.287
214  rtREV+F+I     1421.521     29  2901.042     2907.946     3006.657
215  rtREV+F+G4    1421.085     29  2900.171     2907.075     3005.786
216  rtREV+F+I+G4  1421.709     30  2903.419     2910.829     3012.676
217  cpREV         1440.114     9   2898.228     2898.890     2931.005
218  cpREV+I       1439.220     10  2898.440     2899.252     2934.859
219  cpREV+G4      1439.219     10  2898.437     2899.249     2934.856
220  cpREV+I+G4    1439.515     11  2901.030     2902.007     2941.091
221  cpREV+F       1427.151     28  2910.303     2916.722     3012.276
222  cpREV+F+I     1425.688     29  2909.375     2916.280     3014.991
223  cpREV+F+G4    1425.663     29  2909.327     2916.231     3014.942
224  cpREV+F+I+G4  1425.801     30  2911.602     2919.013     3020.860
Akaike Information Criterion:           Q.yeast+G4
Corrected Akaike Information Criterion: Q.yeast+G4
Bayesian Information Criterion:         LG
Best-fit model: LG chosen according to BIC

All model information printed to ../results/molecular_evolution_analyses/phylogenetic_trees/F35560_SMED_G1/F35560_SMED_G1.model.gz
CPU time for ModelFinder: 3.490 seconds (0h:0m:3s)
Wall-clock time for ModelFinder: 3.559 seconds (0h:0m:3s)
NOTE: State(s) W not present in alignment and thus removed from Markov process to prevent numerical problems
NOTE: 1 states (see above) are not present and thus removed from Markov process to prevent numerical problems
Generating 1000 samples for ultrafast bootstrap (seed: 902954)...

NOTE: 0 MB RAM (0 GB) is required!
Estimate model parameters (epsilon = 0.100)
1. Initial log-likelihood: -1428.995
Optimal log-likelihood: -1428.995
Parameters optimization took 1 rounds (0.001 sec)
Wrote distance file to... 
Computing ML distances based on estimated model parameters...
Calculating distance matrix: done in 0.00196409 secs using 98.93% CPU
Computing ML distances took 0.002029 sec (of wall-clock time) 0.002008 sec (of CPU time)
Setting up auxiliary I and S matrices: done in 2.31266e-05 secs using 99.45% CPU
Constructing RapidNJ tree: done in 1.90735e-05 secs using 94.37% CPU
Computing RapidNJ tree took 0.000108 sec (of wall-clock time) 0.000107 sec (of CPU time)
Log-likelihood of RapidNJ tree: -1428.997
--------------------------------------------------------------------
|             INITIALIZING CANDIDATE TREE SET                      |
--------------------------------------------------------------------
Generating 98 parsimony trees... 0.027 second
Computing log-likelihood of 9 initial trees ... 0.011 seconds
Current best score: -1428.995

Do NNI search on 11 best initial trees
Optimizing NNI: done in 0.001297 secs using 199.9% CPU
Optimizing NNI: done in 0.00143695 secs using 199.2% CPU
Optimizing NNI: done in 0.00433803 secs using 200% CPU
UPDATE BEST LOG-LIKELIHOOD: -1428.995
Optimizing NNI: done in 0.00288486 secs using 199.9% CPU
Optimizing NNI: done in 0.00292587 secs using 199.9% CPU
Optimizing NNI: done in 0.00295901 secs using 199.3% CPU
Optimizing NNI: done in 0.00296712 secs using 200% CPU
Optimizing NNI: done in 0.00430489 secs using 200.1% CPU
Optimizing NNI: done in 0.00436807 secs using 199.6% CPU
Optimizing NNI: done in 0.00437403 secs using 199.6% CPU
Iteration 10 / LogL: -1428.996 / Time: 0h:0m:0s
Optimizing NNI: done in 0.00431299 secs using 199.6% CPU
Finish initializing candidate tree set (11)
Current best tree score: -1428.995 / CPU time: 0.081
Number of iterations: 11
--------------------------------------------------------------------
|               OPTIMIZING CANDIDATE TREE SET                      |
--------------------------------------------------------------------
Optimizing NNI: done in 0.00138998 secs using 198.8% CPU
Optimizing NNI: done in 0.00278807 secs using 199.8% CPU
Optimizing NNI: done in 0.00284195 secs using 199.8% CPU
Optimizing NNI: done in 0.00287986 secs using 199.9% CPU
Optimizing NNI: done in 0.00277591 secs using 200% CPU
Optimizing NNI: done in 0.00413918 secs using 199.5% CPU
Optimizing NNI: done in 0.00143909 secs using 198.3% CPU
UPDATE BEST LOG-LIKELIHOOD: -1428.995
Optimizing NNI: done in 0.00142002 secs using 199.6% CPU
Optimizing NNI: done in 0.005481 secs using 127.1% CPU
Iteration 20 / LogL: -1428.996 / Time: 0h:0m:0s
Optimizing NNI: done in 0.00289583 secs using 199.8% CPU
Optimizing NNI: done in 0.00413513 secs using 199.7% CPU
Optimizing NNI: done in 0.00552797 secs using 199.7% CPU
Optimizing NNI: done in 0.00409102 secs using 199.8% CPU
Optimizing NNI: done in 0.00141692 secs using 199.2% CPU
Optimizing NNI: done in 0.00136685 secs using 200.1% CPU
Optimizing NNI: done in 0.00258708 secs
UPDATE BEST LOG-LIKELIHOOD: -1428.995
Optimizing NNI: done in 0.00283694 secs using 198.5% CPU
Optimizing NNI: done in 0.00228095 secs using 99.96% CPU
Optimizing NNI: done in 0.00589895 secs using 100% CPU
Iteration 30 / LogL: -1428.996 / Time: 0h:0m:0s (0h:0m:0s left)
Optimizing NNI: done in 0.00377202 secs using 100% CPU
Optimizing NNI: done in 0.00191402 secs using 99.95% CPU
Optimizing NNI: done in 0.0048461 secs using 100% CPU
Optimizing NNI: done in 0.00453305 secs using 99.73% CPU
Optimizing NNI: done in 0.00464797 secs using 99.81% CPU
Optimizing NNI: done in 0.00113988 secs using 99.84% CPU
Optimizing NNI: done in 0.00225902 secs using 99.69% CPU
Optimizing NNI: done in 0.00454712 secs using 99.71% CPU
Optimizing NNI: done in 0.00349784 secs using 100% CPU
Optimizing NNI: done in 0.00514388 secs using 100% CPU
Iteration 40 / LogL: -1428.996 / Time: 0h:0m:0s (0h:0m:0s left)
Optimizing NNI: done in 0.00232911 secs using 99.95% CPU
Optimizing NNI: done in 0.00413609 secs using 99.71% CPU
Optimizing NNI: done in 0.00162816 secs using 99.99% CPU
Optimizing NNI: done in 0.00410199 secs using 99.73% CPU
Optimizing NNI: done in 0.00365591 secs using 99.59% CPU
Optimizing NNI: done in 0.00118589 secs using 100% CPU
Optimizing NNI: done in 0.00394487 secs using 99.65% CPU
Optimizing NNI: done in 0.00388694 secs using 99.38% CPU
Optimizing NNI: done in 0.00134397 secs using 98.74% CPU
Optimizing NNI: done in 0.00258994 secs using 99.5% CPU
Iteration 50 / LogL: -1428.995 / Time: 0h:0m:0s (0h:0m:0s left)
Log-likelihood cutoff on original alignment: -1434.146
Optimizing NNI: done in 0.00479794 secs using 99.77% CPU
Optimizing NNI: done in 0.0050149 secs using 99.98% CPU
Optimizing NNI: done in 0.00290203 secs using 100% CPU
Optimizing NNI: done in 0.00114012 secs using 100.1% CPU
Optimizing NNI: done in 0.00205803 secs using 99.17% CPU
Optimizing NNI: done in 0.00109792 secs using 100% CPU
Optimizing NNI: done in 0.00243497 secs using 100% CPU
Optimizing NNI: done in 0.00257301 secs using 99.96% CPU
Optimizing NNI: done in 0.00361991 secs using 99.75% CPU
Optimizing NNI: done in 0.00234199 secs using 99.96% CPU
Iteration 60 / LogL: -1428.995 / Time: 0h:0m:0s (0h:0m:0s left)
Optimizing NNI: done in 0.00506496 secs using 100% CPU
Optimizing NNI: done in 0.00424385 secs using 99.98% CPU
UPDATE BEST LOG-LIKELIHOOD: -1428.995
Optimizing NNI: done in 0.00481701 secs using 99.71% CPU
Optimizing NNI: done in 0.00853205 secs using 100% CPU
Optimizing NNI: done in 0.00217509 secs using 100% CPU
Optimizing NNI: done in 0.00203609 secs using 100% CPU
Optimizing NNI: done in 0.00215197 secs using 100% CPU
Optimizing NNI: done in 0.00438404 secs using 99.98% CPU
Optimizing NNI: done in 0.00443506 secs using 99.57% CPU
Optimizing NNI: done in 0.00404382 secs using 99.71% CPU
Iteration 70 / LogL: -1428.995 / Time: 0h:0m:0s (0h:0m:0s left)
Optimizing NNI: done in 0.00234389 secs using 99.96% CPU
Optimizing NNI: done in 0.00447512 secs using 100% CPU
Optimizing NNI: done in 0.00092721 secs using 99.98% CPU
Optimizing NNI: done in 0.00446391 secs using 100% CPU
Optimizing NNI: done in 0.00789094 secs using 100% CPU
Optimizing NNI: done in 0.00348115 secs using 100% CPU
UPDATE BEST LOG-LIKELIHOOD: -1428.995
Optimizing NNI: done in 0.00589585 secs using 99.83% CPU
Optimizing NNI: done in 0.00407696 secs using 100% CPU
Optimizing NNI: done in 0.00832891 secs using 100% CPU
Optimizing NNI: done in 0.00395107 secs using 100% CPU
Iteration 80 / LogL: -1432.285 / Time: 0h:0m:0s (0h:0m:0s left)
Optimizing NNI: done in 0.00380993 secs using 100% CPU
Optimizing NNI: done in 0.0032711 secs using 99.02% CPU
Optimizing NNI: done in 0.00210094 secs using 99.96% CPU
Optimizing NNI: done in 0.00431299 secs using 99.58% CPU
Optimizing NNI: done in 0.00207305 secs using 100% CPU
Optimizing NNI: done in 0.00815582 secs using 99.88% CPU
Optimizing NNI: done in 0.0042181 secs using 100% CPU
Optimizing NNI: done in 0.00615096 secs using 100% CPU
Optimizing NNI: done in 0.00383496 secs using 99.97% CPU
Optimizing NNI: done in 0.0020659 secs using 99.52% CPU
Iteration 90 / LogL: -1428.995 / Time: 0h:0m:0s (0h:0m:0s left)
Optimizing NNI: done in 0.00372291 secs using 99.68% CPU
Optimizing NNI: done in 0.00362587 secs using 100% CPU
Optimizing NNI: done in 0.00426888 secs using 100% CPU
Optimizing NNI: done in 0.00415206 secs using 100% CPU
Optimizing NNI: done in 0.00203991 secs using 100% CPU
Optimizing NNI: done in 0.004215 secs using 99.72% CPU
Optimizing NNI: done in 0.00402808 secs using 99.72% CPU
Optimizing NNI: done in 0.00171208 secs using 100% CPU
Optimizing NNI: done in 0.00460696 secs using 100% CPU
Optimizing NNI: done in 0.00381303 secs using 99.68% CPU
Iteration 100 / LogL: -1432.285 / Time: 0h:0m:0s (0h:0m:0s left)
Log-likelihood cutoff on original alignment: -1434.147
NOTE: Bootstrap correlation coefficient of split occurrence frequencies: 0.991
Optimizing NNI: done in 0.00387406 secs using 99.95% CPU
TREE SEARCH COMPLETED AFTER 101 ITERATIONS / Time: 0h:0m:0s

--------------------------------------------------------------------
|                    FINALIZING TREE SEARCH                        |
--------------------------------------------------------------------
Performs final model parameters optimization
Estimate model parameters (epsilon = 0.010)
1. Initial log-likelihood: -1428.995
Optimal log-likelihood: -1428.995
Parameters optimization took 1 rounds (0.001 sec)
BEST SCORE FOUND : -1428.995

Testing tree branches by SH-like aLRT with 1000 replicates...
0.021 sec.
Creating bootstrap support values...
Split supports printed to NEXUS file ../results/molecular_evolution_analyses/phylogenetic_trees/F35560_SMED_G1/F35560_SMED_G1.splits.nex
Total tree length: 0.527

Total number of iterations: 101
CPU time used for tree search: 0.972 sec (0h:0m:0s)
Wall-clock time used for tree search: 0.801 sec (0h:0m:0s)
Total CPU time used: 1.056 sec (0h:0m:1s)
Total wall-clock time used: 0.885 sec (0h:0m:0s)

Computing bootstrap consensus tree...
Reading input file ../results/molecular_evolution_analyses/phylogenetic_trees/F35560_SMED_G1/F35560_SMED_G1.splits.nex...
6 taxa and 17 splits.
Consensus tree written to ../results/molecular_evolution_analyses/phylogenetic_trees/F35560_SMED_G1/F35560_SMED_G1.contree
Reading input trees file ../results/molecular_evolution_analyses/phylogenetic_trees/F35560_SMED_G1/F35560_SMED_G1.contree
Log-likelihood of consensus tree: -1428.997

Analysis results written to: 
  IQ-TREE report:                ../results/molecular_evolution_analyses/phylogenetic_trees/F35560_SMED_G1/F35560_SMED_G1.iqtree
  Maximum-likelihood tree:       ../results/molecular_evolution_analyses/phylogenetic_trees/F35560_SMED_G1/F35560_SMED_G1.treefile
  Likelihood distances:          ../results/molecular_evolution_analyses/phylogenetic_trees/F35560_SMED_G1/F35560_SMED_G1.mldist

Ultrafast bootstrap approximation results written to:
  Split support values:          ../results/molecular_evolution_analyses/phylogenetic_trees/F35560_SMED_G1/F35560_SMED_G1.splits.nex
  Consensus tree:                ../results/molecular_evolution_analyses/phylogenetic_trees/F35560_SMED_G1/F35560_SMED_G1.contree
  Screen log file:               ../results/molecular_evolution_analyses/phylogenetic_trees/F35560_SMED_G1/F35560_SMED_G1.log

Date and Time: Thu Mar 28 11:23:51 2024
