IQ-TREE multicore version 2.2.2.6 COVID-edition for Linux 64-bit built May 27 2023
Developed by Bui Quang Minh, James Barbetti, Nguyen Lam Tung,
Olga Chernomor, Heiko Schmidt, Dominik Schrempf, Michael Woodhams, Ly Trong Nhan.

Host:    lbc5 (AVX2, FMA3, 125 GB RAM)
Command: /home/mauricio/mauricio_PROGRAMAS/iqtree-2.2.2.6-Linux/bin/iqtree2 -s ../results/molecular_evolution_analyses/alignments_gblocks/F84805_MLIG_G1/F84805_MLIG_G1.aln.gblo -m TEST --threads-max 32 --alrt 1000 --ufboot 1000 --prefix ../results/molecular_evolution_analyses/phylogenetic_trees/F84805_MLIG_G1/F84805_MLIG_G1 -keep-ident -redo
Seed:    240835 (Using SPRNG - Scalable Parallel Random Number Generator)
Time:    Wed May  1 09:57:28 2024
Kernel:  AVX+FMA - 1 threads (32 CPU cores detected)

HINT: Use -nt option to specify number of threads because your CPU has 32 cores!
HINT: -nt AUTO will automatically determine the best number of threads to use.

Reading alignment file ../results/molecular_evolution_analyses/alignments_gblocks/F84805_MLIG_G1/F84805_MLIG_G1.aln.gblo ... Fasta format detected
Reading fasta file: done in 8.4877e-05 secs using 98.97% CPU
Alignment most likely contains protein sequences
Constructing alignment: done in 0.000317097 secs using 99.97% CPU
Alignment has 7 sequences with 300 columns, 132 distinct patterns
172 parsimony-informative, 1 singleton sites, 127 constant sites
            Gap/Ambiguity  Composition  p-value
Analyzing sequences: done in 9.05991e-06 secs using 99.34% CPU
   1  Mlig.17625    0.00%    passed     89.75%
   2  Mlig.28341    0.00%    passed     89.75%
   3  Mlig.32543    0.00%    passed     90.80%
   4  Mlig.9971     0.00%    passed     99.61%
   5  Mlig.9972     0.00%    passed     99.61%
   6  Mlig.9973     0.00%    passed     99.61%
   7  Mlig.30431    0.00%    passed     99.58%
****  TOTAL         0.00%  0 sequences failed composition chi2 test (p-value<5%; df=19)


Create initial parsimony tree by phylogenetic likelihood library (PLL)... 0.000 seconds
Perform fast likelihood tree search using LG+I+G model...
Estimate model parameters (epsilon = 5.000)
Perform nearest neighbor interchange...
Optimizing NNI: done in 0.0137179 secs using 99.98% CPU
Estimate model parameters (epsilon = 1.000)
1. Initial log-likelihood: -1550.336
2. Current log-likelihood: -1549.160
3. Current log-likelihood: -1547.913
Optimal log-likelihood: -1547.270
Proportion of invariable sites: 0.195
Gamma shape alpha: 38.179
Parameters optimization took 3 rounds (0.025 sec)
Time for fast ML tree search: 0.049 seconds

NOTE: ModelFinder requires 1 MB RAM!
ModelFinder will test up to 224 protein models (sample size: 300) ...
 No. Model         -LnL         df  AIC          AICc         BIC
  1  LG            1547.570     11  3117.139     3118.056     3157.881
  2  LG+I          1546.766     12  3117.532     3118.619     3161.978
  3  LG+G4         1546.424     12  3116.849     3117.936     3161.294
  4  LG+I+G4       1547.071     13  3120.142     3121.415     3168.292
  5  LG+F          1500.609     30  3061.218     3068.132     3172.331
  6  LG+F+I        1500.421     31  3062.842     3070.245     3177.659
  7  LG+F+G4       1500.079     31  3062.159     3069.562     3176.976
  9  WAG           1533.413     11  3088.827     3089.743     3129.568
 10  WAG+I         1533.414     12  3090.828     3091.916     3135.274
 11  WAG+G4        1533.444     12  3090.887     3091.974     3135.333
 13  WAG+F         1497.504     30  3055.008     3061.922     3166.121
 14  WAG+F+I       1497.504     31  3057.008     3064.411     3171.825
 15  WAG+F+G4      1497.505     31  3057.010     3064.413     3171.828
 17  JTT           1540.119     11  3102.238     3103.154     3142.979
 18  JTT+I         1539.276     12  3102.552     3103.639     3146.997
 19  JTT+G4        1539.264     12  3102.529     3103.616     3146.974
 21  JTT+F         1504.303     30  3068.607     3075.521     3179.720
 22  JTT+F+I       1503.704     31  3069.408     3076.811     3184.225
 23  JTT+F+G4      1503.697     31  3069.394     3076.797     3184.211
WARNING: Normalizing state frequencies so that sum of them equals to 1
 25  Q.pfam        1539.007     11  3100.015     3100.931     3140.756
WARNING: Normalizing state frequencies so that sum of them equals to 1
 26  Q.pfam+I      1538.604     12  3101.208     3102.295     3145.653
WARNING: Normalizing state frequencies so that sum of them equals to 1
 27  Q.pfam+G4     1538.604     12  3101.208     3102.295     3145.653
WARNING: Normalizing state frequencies so that sum of them equals to 1
 29  Q.pfam+F      1499.620     30  3059.240     3066.154     3170.353
WARNING: Normalizing state frequencies so that sum of them equals to 1
 30  Q.pfam+F+I    1499.623     31  3061.247     3068.650     3176.064
WARNING: Normalizing state frequencies so that sum of them equals to 1
 31  Q.pfam+F+G4   1499.597     31  3061.193     3068.596     3176.011
WARNING: Normalizing state frequencies so that sum of them equals to 1
 33  Q.bird        1556.937     11  3135.874     3136.790     3176.615
WARNING: Normalizing state frequencies so that sum of them equals to 1
 34  Q.bird+I      1548.457     12  3120.913     3122.000     3165.359
WARNING: Normalizing state frequencies so that sum of them equals to 1
 35  Q.bird+G4     1548.738     12  3121.477     3122.564     3165.922
WARNING: Normalizing state frequencies so that sum of them equals to 1
 37  Q.bird+F      1521.536     30  3103.071     3109.986     3214.185
WARNING: Normalizing state frequencies so that sum of them equals to 1
 38  Q.bird+F+I    1514.127     31  3090.253     3097.656     3205.070
WARNING: Normalizing state frequencies so that sum of them equals to 1
 39  Q.bird+F+G4   1514.636     31  3091.272     3098.675     3206.089
WARNING: Normalizing state frequencies so that sum of them equals to 1
 41  Q.mammal      1549.930     11  3121.860     3122.777     3162.602
WARNING: Normalizing state frequencies so that sum of them equals to 1
 42  Q.mammal+I    1544.519     12  3113.038     3114.125     3157.483
WARNING: Normalizing state frequencies so that sum of them equals to 1
 43  Q.mammal+G4   1544.871     12  3113.743     3114.830     3158.188
WARNING: Normalizing state frequencies so that sum of them equals to 1
 45  Q.mammal+F    1516.835     30  3093.670     3100.585     3204.784
WARNING: Normalizing state frequencies so that sum of them equals to 1
 46  Q.mammal+F+I  1512.434     31  3086.868     3094.271     3201.686
WARNING: Normalizing state frequencies so that sum of them equals to 1
 47  Q.mammal+F+G4 1512.850     31  3087.700     3095.103     3202.517
 49  Q.insect      1569.447     11  3160.893     3161.810     3201.635
 50  Q.insect+I    1568.019     12  3160.038     3161.125     3204.483
 51  Q.insect+G4   1568.008     12  3160.017     3161.104     3204.462
 53  Q.insect+F    1505.189     30  3070.379     3077.293     3181.492
 54  Q.insect+F+I  1504.413     31  3070.827     3078.230     3185.644
 55  Q.insect+F+G4 1504.091     31  3070.183     3077.586     3185.000
WARNING: Normalizing state frequencies so that sum of them equals to 1
 57  Q.plant       1552.579     11  3127.158     3128.075     3167.900
WARNING: Normalizing state frequencies so that sum of them equals to 1
 58  Q.plant+I     1547.724     12  3119.447     3120.534     3163.892
WARNING: Normalizing state frequencies so that sum of them equals to 1
 59  Q.plant+G4    1547.623     12  3119.245     3120.332     3163.691
WARNING: Normalizing state frequencies so that sum of them equals to 1
 61  Q.plant+F     1507.473     30  3074.946     3081.860     3186.059
WARNING: Normalizing state frequencies so that sum of them equals to 1
 62  Q.plant+F+I   1504.576     31  3071.152     3078.555     3185.969
WARNING: Normalizing state frequencies so that sum of them equals to 1
 63  Q.plant+F+G4  1504.135     31  3070.269     3077.672     3185.086
WARNING: Normalizing state frequencies so that sum of them equals to 1
 65  Q.yeast       1570.304     11  3162.608     3163.525     3203.350
WARNING: Normalizing state frequencies so that sum of them equals to 1
 66  Q.yeast+I     1568.345     12  3160.689     3161.776     3205.134
WARNING: Normalizing state frequencies so that sum of them equals to 1
 67  Q.yeast+G4    1568.314     12  3160.629     3161.716     3205.074
WARNING: Normalizing state frequencies so that sum of them equals to 1
 69  Q.yeast+F     1504.267     30  3068.534     3075.448     3179.647
WARNING: Normalizing state frequencies so that sum of them equals to 1
 70  Q.yeast+F+I   1503.447     31  3068.894     3076.297     3183.712
WARNING: Normalizing state frequencies so that sum of them equals to 1
 71  Q.yeast+F+G4  1503.202     31  3068.405     3075.808     3183.222
 73  JTTDCMut      1539.966     11  3101.931     3102.848     3142.673
 74  JTTDCMut+I    1539.138     12  3102.277     3103.364     3146.722
 75  JTTDCMut+G4   1539.105     12  3102.211     3103.298     3146.656
 77  JTTDCMut+F    1504.240     30  3068.480     3075.395     3179.594
 78  JTTDCMut+F+I  1503.637     31  3069.274     3076.677     3184.091
 79  JTTDCMut+F+G4 1503.622     31  3069.244     3076.647     3184.062
 81  DCMut         1544.581     11  3111.163     3112.079     3151.904
 82  DCMut+I       1542.699     12  3109.399     3110.486     3153.844
 83  DCMut+G4      1542.744     12  3109.488     3110.575     3153.933
 85  DCMut+F       1508.615     30  3077.230     3084.145     3188.344
 86  DCMut+F+I     1506.115     31  3074.230     3081.633     3189.048
 87  DCMut+F+G4    1506.292     31  3074.584     3081.987     3189.401
 89  VT            1538.293     11  3098.585     3099.502     3139.327
 90  VT+I          1538.293     12  3100.585     3101.673     3145.031
 91  VT+G4         1538.296     12  3100.591     3101.678     3145.037
 93  VT+F          1499.969     30  3059.938     3066.852     3171.051
 94  VT+F+I        1499.969     31  3061.938     3069.341     3176.755
 95  VT+F+G4       1499.973     31  3061.946     3069.349     3176.763
 97  PMB           1549.909     11  3121.818     3122.735     3162.560
 98  PMB+I         1549.909     12  3123.818     3124.905     3168.263
 99  PMB+G4        1549.913     12  3123.825     3124.912     3168.271
101  PMB+F         1503.960     30  3067.919     3074.834     3179.033
102  PMB+F+I       1503.960     31  3069.919     3077.322     3184.736
103  PMB+F+G4      1503.964     31  3069.929     3077.332     3184.746
105  Blosum62      1554.898     11  3131.796     3132.713     3172.538
106  Blosum62+I    1554.898     12  3133.796     3134.883     3178.242
107  Blosum62+G4   1554.901     12  3133.802     3134.889     3178.247
109  Blosum62+F    1502.788     30  3065.576     3072.491     3176.690
110  Blosum62+F+I  1502.788     31  3067.576     3074.979     3182.393
111  Blosum62+F+G4 1502.792     31  3067.584     3074.987     3182.401
113  Dayhoff       1544.605     11  3111.209     3112.126     3151.951
114  Dayhoff+I     1542.680     12  3109.360     3110.447     3153.805
115  Dayhoff+G4    1542.724     12  3109.448     3110.535     3153.893
117  Dayhoff+F     1508.636     30  3077.272     3084.187     3188.386
118  Dayhoff+F+I   1506.090     31  3074.181     3081.584     3188.998
119  Dayhoff+F+G4  1506.268     31  3074.535     3081.938     3189.352
121  mtREV         1669.923     11  3361.846     3362.763     3402.588
122  mtREV+I       1656.041     12  3336.081     3337.168     3380.526
123  mtREV+G4      1654.538     12  3333.076     3334.163     3377.522
125  mtREV+F       1515.031     30  3090.062     3096.977     3201.176
126  mtREV+F+I     1509.871     31  3081.741     3089.144     3196.559
127  mtREV+F+G4    1508.725     31  3079.449     3086.852     3194.267
129  mtART         1708.569     11  3439.139     3440.055     3479.880
130  mtART+I       1671.517     12  3367.034     3368.121     3411.479
131  mtART+G4      1665.778     12  3355.555     3356.642     3400.000
133  mtART+F       1551.172     30  3162.345     3169.259     3273.458
134  mtART+F+I     1527.353     31  3116.707     3124.110     3231.524
135  mtART+F+G4    1520.375     31  3102.750     3110.153     3217.567
137  mtZOA         1662.984     11  3347.969     3348.885     3388.710
138  mtZOA+I       1642.293     12  3308.587     3309.674     3353.032
139  mtZOA+G4      1639.688     12  3303.376     3304.464     3347.822
141  mtZOA+F       1531.900     30  3123.799     3130.714     3234.913
142  mtZOA+F+I     1519.247     31  3100.494     3107.897     3215.311
143  mtZOA+F+G4    1515.140     31  3092.280     3099.683     3207.098
145  mtMet         1701.105     11  3424.209     3425.126     3464.951
146  mtMet+I       1683.076     12  3390.151     3391.239     3434.597
147  mtMet+G4      1684.512     12  3393.024     3394.111     3437.470
149  mtMet+F       1522.483     30  3104.966     3111.881     3216.080
150  mtMet+F+I     1514.512     31  3091.024     3098.427     3205.841
151  mtMet+F+G4    1513.787     31  3089.574     3096.977     3204.392
153  mtVer         1696.869     11  3415.738     3416.655     3456.480
154  mtVer+I       1672.687     12  3369.375     3370.462     3413.820
155  mtVer+G4      1674.379     12  3372.759     3373.846     3417.204
157  mtVer+F       1528.335     30  3116.671     3123.585     3227.784
158  mtVer+F+I     1517.335     31  3096.670     3104.073     3211.487
159  mtVer+F+G4    1516.622     31  3095.244     3102.647     3210.061
161  mtInv         1723.704     11  3469.409     3470.325     3510.150
162  mtInv+I       1712.358     12  3448.716     3449.803     3493.161
163  mtInv+G4      1713.090     12  3450.181     3451.268     3494.626
165  mtInv+F       1517.565     30  3095.130     3102.045     3206.244
166  mtInv+F+I     1512.651     31  3087.302     3094.705     3202.119
167  mtInv+F+G4    1511.519     31  3085.039     3092.442     3199.856
169  mtMAM         1708.340     11  3438.679     3439.596     3479.421
170  mtMAM+I       1670.971     12  3365.942     3367.029     3410.387
171  mtMAM+G4      1668.552     12  3361.103     3362.191     3405.549
173  mtMAM+F       1539.222     30  3138.444     3145.358     3249.557
174  mtMAM+F+I     1524.478     31  3110.955     3118.358     3225.773
175  mtMAM+F+G4    1520.460     31  3102.920     3110.323     3217.737
WARNING: Normalizing state frequencies so that sum of them equals to 1
177  FLAVI         1605.302     11  3232.604     3233.520     3273.345
WARNING: Normalizing state frequencies so that sum of them equals to 1
178  FLAVI+I       1588.113     12  3200.226     3201.313     3244.671
WARNING: Normalizing state frequencies so that sum of them equals to 1
179  FLAVI+G4      1586.809     12  3197.619     3198.706     3242.064
WARNING: Normalizing state frequencies so that sum of them equals to 1
181  FLAVI+F       1530.951     30  3121.901     3128.816     3233.015
WARNING: Normalizing state frequencies so that sum of them equals to 1
182  FLAVI+F+I     1518.220     31  3098.440     3105.843     3213.257
WARNING: Normalizing state frequencies so that sum of them equals to 1
183  FLAVI+F+G4    1517.561     31  3097.123     3104.526     3211.940
185  HIVb          1583.460     11  3188.920     3189.837     3229.662
186  HIVb+I        1574.400     12  3172.799     3173.887     3217.245
187  HIVb+G4       1574.739     12  3173.478     3174.565     3217.923
189  HIVb+F        1518.054     30  3096.108     3103.023     3207.222
190  HIVb+F+I      1510.444     31  3082.888     3090.291     3197.706
191  HIVb+F+G4     1510.926     31  3083.853     3091.256     3198.670
193  HIVw          1648.574     11  3319.149     3320.065     3359.890
194  HIVw+I        1630.252     12  3284.505     3285.592     3328.950
195  HIVw+G4       1627.606     12  3279.213     3280.300     3323.658
197  HIVw+F        1543.579     30  3147.158     3154.073     3258.272
198  HIVw+F+I      1530.292     31  3122.584     3129.987     3237.401
199  HIVw+F+G4     1528.636     31  3119.272     3126.675     3234.089
201  FLU           1590.067     11  3202.133     3203.050     3242.875
202  FLU+I         1580.660     12  3185.320     3186.407     3229.765
203  FLU+G4        1580.114     12  3184.229     3185.316     3228.674
205  FLU+F         1518.834     30  3097.669     3104.583     3208.782
206  FLU+F+I       1514.360     31  3090.719     3098.122     3205.536
207  FLU+F+G4      1513.753     31  3089.505     3096.908     3204.323
209  rtREV         1569.730     11  3161.460     3162.377     3202.201
210  rtREV+I       1568.979     12  3161.959     3163.046     3206.404
211  rtREV+G4      1568.698     12  3161.396     3162.483     3205.841
213  rtREV+F       1503.879     30  3067.757     3074.672     3178.871
214  rtREV+F+I     1503.548     31  3069.096     3076.499     3183.913
215  rtREV+F+G4    1503.269     31  3068.538     3075.941     3183.355
217  cpREV         1559.869     11  3141.737     3142.654     3182.479
218  cpREV+I       1558.748     12  3141.497     3142.584     3185.942
219  cpREV+G4      1558.576     12  3141.152     3142.239     3185.597
221  cpREV+F       1504.658     30  3069.315     3076.230     3180.429
222  cpREV+F+I     1503.939     31  3069.878     3077.281     3184.695
223  cpREV+F+G4    1503.656     31  3069.313     3076.716     3184.130
Akaike Information Criterion:           WAG+F
Corrected Akaike Information Criterion: WAG+F
Bayesian Information Criterion:         WAG
Best-fit model: WAG chosen according to BIC

All model information printed to ../results/molecular_evolution_analyses/phylogenetic_trees/F84805_MLIG_G1/F84805_MLIG_G1.model.gz
CPU time for ModelFinder: 2.047 seconds (0h:0m:2s)
Wall-clock time for ModelFinder: 2.047 seconds (0h:0m:2s)
Generating 1000 samples for ultrafast bootstrap (seed: 240835)...

NOTE: 0 MB RAM (0 GB) is required!
Estimate model parameters (epsilon = 0.100)
1. Initial log-likelihood: -1533.413
Optimal log-likelihood: -1533.413
Parameters optimization took 1 rounds (0.001 sec)
Wrote distance file to... 
Computing ML distances based on estimated model parameters...
Calculating distance matrix: done in 0.00121188 secs using 99.35% CPU
Computing ML distances took 0.001239 sec (of wall-clock time) 0.001230 sec (of CPU time)
Setting up auxiliary I and S matrices: done in 3.40939e-05 secs using 96.79% CPU
Constructing RapidNJ tree: done in 2.59876e-05 secs using 100% CPU
Computing RapidNJ tree took 0.000111 sec (of wall-clock time) 0.000110 sec (of CPU time)
Log-likelihood of RapidNJ tree: -1533.415
--------------------------------------------------------------------
|             INITIALIZING CANDIDATE TREE SET                      |
--------------------------------------------------------------------
Generating 98 parsimony trees... 0.020 second
Computing log-likelihood of 62 initial trees ... 0.021 seconds
Current best score: -1533.413

Do NNI search on 20 best initial trees
Optimizing NNI: done in 0.00169587 secs using 199.9% CPU
Estimate model parameters (epsilon = 0.100)
BETTER TREE FOUND at iteration 1: -1533.413
Optimizing NNI: done in 0.00162816 secs using 199.9% CPU
Optimizing NNI: done in 0.00167799 secs using 199.9% CPU
Optimizing NNI: done in 0.00166798 secs using 200.1% CPU
Optimizing NNI: done in 0.00166702 secs using 200.1% CPU
Optimizing NNI: done in 0.00166512 secs using 200% CPU
Optimizing NNI: done in 0.00166988 secs using 199.8% CPU
Optimizing NNI: done in 0.00161004 secs using 199.9% CPU
Optimizing NNI: done in 0.00165701 secs using 199.9% CPU
Optimizing NNI: done in 0.00437498 secs using 200% CPU
Iteration 10 / LogL: -1533.413 / Time: 0h:0m:0s
Optimizing NNI: done in 0.00436401 secs using 200% CPU
Optimizing NNI: done in 0.00434995 secs using 200% CPU
Optimizing NNI: done in 0.00434303 secs using 200% CPU
Optimizing NNI: done in 0.00156403 secs using 199.9% CPU
Optimizing NNI: done in 0.00156999 secs using 199.9% CPU
Optimizing NNI: done in 0.00154901 secs using 200% CPU
Optimizing NNI: done in 0.00154996 secs using 200.1% CPU
Optimizing NNI: done in 0.00156093 secs using 199.9% CPU
Optimizing NNI: done in 0.00440621 secs using 200% CPU
Optimizing NNI: done in 0.00440288 secs using 200% CPU
Iteration 20 / LogL: -1533.413 / Time: 0h:0m:0s
Finish initializing candidate tree set (6)
Current best tree score: -1533.413 / CPU time: 0.097
Number of iterations: 20
--------------------------------------------------------------------
|               OPTIMIZING CANDIDATE TREE SET                      |
--------------------------------------------------------------------
Optimizing NNI: done in 0.00157714 secs using 199.7% CPU
Optimizing NNI: done in 0.00549698 secs using 199.9% CPU
Optimizing NNI: done in 0.00443411 secs using 199.9% CPU
Optimizing NNI: done in 0.00595689 secs using 199.9% CPU
Optimizing NNI: done in 0.00312185 secs using 200% CPU
Optimizing NNI: done in 0.00298715 secs using 199.8% CPU
Optimizing NNI: done in 0.00298595 secs using 200% CPU
UPDATE BEST LOG-LIKELIHOOD: -1533.413
Optimizing NNI: done in 0.00158691 secs using 199.5% CPU
Optimizing NNI: done in 0.00425315 secs using 199.8% CPU
Optimizing NNI: done in 0.0042479 secs using 199.9% CPU
Iteration 30 / LogL: -1533.413 / Time: 0h:0m:0s (0h:0m:0s left)
Optimizing NNI: done in 0.00578189 secs using 199.9% CPU
Optimizing NNI: done in 0.00887585 secs using 199.9% CPU
Optimizing NNI: done in 0.00728297 secs using 199.9% CPU
Optimizing NNI: done in 0.00318599 secs using 199.9% CPU
Optimizing NNI: done in 0.00304413 secs using 100% CPU
Optimizing NNI: done in 0.00278497 secs using 99.97% CPU
Optimizing NNI: done in 0.00623417 secs using 99.93% CPU
Optimizing NNI: done in 0.00163984 secs using 100% CPU
Optimizing NNI: done in 0.00276399 secs using 100% CPU
Optimizing NNI: done in 0.00907302 secs using 100% CPU
Iteration 40 / LogL: -1533.414 / Time: 0h:0m:0s (0h:0m:0s left)
Optimizing NNI: done in 0.00163507 secs using 100% CPU
Optimizing NNI: done in 0.00303793 secs using 100% CPU
Optimizing NNI: done in 0.00625587 secs using 100% CPU
Optimizing NNI: done in 0.00163317 secs using 99.99% CPU
Optimizing NNI: done in 0.00302505 secs using 100% CPU
Optimizing NNI: done in 0.00164008 secs using 99.93% CPU
Optimizing NNI: done in 0.00163794 secs using 100% CPU
Optimizing NNI: done in 0.00134897 secs using 100% CPU
Optimizing NNI: done in 0.00449586 secs using 100% CPU
Optimizing NNI: done in 0.00164199 secs using 99.82% CPU
Iteration 50 / LogL: -1533.413 / Time: 0h:0m:0s (0h:0m:0s left)
Log-likelihood cutoff on original alignment: -1543.394
Optimizing NNI: done in 0.00489807 secs using 99.79% CPU
Optimizing NNI: done in 0.00134683 secs using 99.94% CPU
Optimizing NNI: done in 0.00317812 secs using 99.9% CPU
Optimizing NNI: done in 0.00275803 secs using 100% CPU
Optimizing NNI: done in 0.00163102 secs using 100% CPU
Optimizing NNI: done in 0.00469303 secs using 100% CPU
Optimizing NNI: done in 0.00134516 secs using 99.99% CPU
Optimizing NNI: done in 0.00482702 secs using 99.96% CPU
Optimizing NNI: done in 0.00324011 secs using 99.9% CPU
Optimizing NNI: done in 0.00271082 secs using 100% CPU
Iteration 60 / LogL: -1533.413 / Time: 0h:0m:0s (0h:0m:0s left)
Optimizing NNI: done in 0.00466895 secs using 99.92% CPU
Optimizing NNI: done in 0.00883794 secs using 99.96% CPU
Optimizing NNI: done in 0.00275397 secs using 100% CPU
Optimizing NNI: done in 0.00299191 secs using 100% CPU
Optimizing NNI: done in 0.00420403 secs using 99.93% CPU
Optimizing NNI: done in 0.002949 secs using 99.97% CPU
Optimizing NNI: done in 0.00275397 secs using 99.89% CPU
Optimizing NNI: done in 0.00296903 secs using 100% CPU
Optimizing NNI: done in 0.00586081 secs using 99.94% CPU
Optimizing NNI: done in 0.001297 secs using 100% CPU
Iteration 70 / LogL: -1533.413 / Time: 0h:0m:0s (0h:0m:0s left)
Optimizing NNI: done in 0.00163007 secs using 100% CPU
Optimizing NNI: done in 0.00950313 secs using 99.97% CPU
Optimizing NNI: done in 0.00913 secs using 99.97% CPU
Optimizing NNI: done in 0.00426483 secs using 99.98% CPU
Optimizing NNI: done in 0.00163603 secs using 100% CPU
Optimizing NNI: done in 0.00276303 secs using 100% CPU
Optimizing NNI: done in 0.00163889 secs using 99.88% CPU
Optimizing NNI: done in 0.00299096 secs using 100% CPU
Optimizing NNI: done in 0.00162792 secs using 99.94% CPU
Optimizing NNI: done in 0.00298882 secs using 100% CPU
Iteration 80 / LogL: -1533.413 / Time: 0h:0m:0s (0h:0m:0s left)
Optimizing NNI: done in 0.00299287 secs using 99.9% CPU
Optimizing NNI: done in 0.00162911 secs using 99.99% CPU
Optimizing NNI: done in 0.00162816 secs using 99.99% CPU
Optimizing NNI: done in 0.00482488 secs using 100% CPU
Optimizing NNI: done in 0.00548601 secs using 99.95% CPU
Optimizing NNI: done in 0.00275993 secs using 99.89% CPU
Optimizing NNI: done in 0.00482416 secs using 100% CPU
Optimizing NNI: done in 0.00302196 secs using 99.9% CPU
Optimizing NNI: done in 0.00274491 secs using 100% CPU
Optimizing NNI: done in 0.00586605 secs using 99.93% CPU
Iteration 90 / LogL: -1533.415 / Time: 0h:0m:0s (0h:0m:0s left)
Optimizing NNI: done in 0.0046699 secs using 100% CPU
Optimizing NNI: done in 0.00592184 secs using 99.95% CPU
Optimizing NNI: done in 0.00303793 secs using 99.94% CPU
Optimizing NNI: done in 0.00308895 secs using 100% CPU
Optimizing NNI: done in 0.00539494 secs using 99.95% CPU
Optimizing NNI: done in 0.00164413 secs using 99.81% CPU
Optimizing NNI: done in 0.00304008 secs using 100% CPU
Optimizing NNI: done in 0.00137591 secs using 99.93% CPU
Optimizing NNI: done in 0.0070951 secs using 99.97% CPU
Optimizing NNI: done in 0.00165105 secs using 99.94% CPU
Iteration 100 / LogL: -1533.414 / Time: 0h:0m:0s (0h:0m:0s left)
Log-likelihood cutoff on original alignment: -1543.394
NOTE: Bootstrap correlation coefficient of split occurrence frequencies: 0.996
Optimizing NNI: done in 0.00488901 secs using 100% CPU
Optimizing NNI: done in 0.00761485 secs using 99.96% CPU
TREE SEARCH COMPLETED AFTER 102 ITERATIONS / Time: 0h:0m:0s

--------------------------------------------------------------------
|                    FINALIZING TREE SEARCH                        |
--------------------------------------------------------------------
Performs final model parameters optimization
Estimate model parameters (epsilon = 0.010)
1. Initial log-likelihood: -1533.413
Optimal log-likelihood: -1533.413
Parameters optimization took 1 rounds (0.001 sec)
BEST SCORE FOUND : -1533.413

Testing tree branches by SH-like aLRT with 1000 replicates...
0.026 sec.
Creating bootstrap support values...
Split supports printed to NEXUS file ../results/molecular_evolution_analyses/phylogenetic_trees/F84805_MLIG_G1/F84805_MLIG_G1.splits.nex
Total tree length: 0.981

Total number of iterations: 102
CPU time used for tree search: 0.842 sec (0h:0m:0s)
Wall-clock time used for tree search: 0.654 sec (0h:0m:0s)
Total CPU time used: 0.897 sec (0h:0m:0s)
Total wall-clock time used: 0.708 sec (0h:0m:0s)

Computing bootstrap consensus tree...
Reading input file ../results/molecular_evolution_analyses/phylogenetic_trees/F84805_MLIG_G1/F84805_MLIG_G1.splits.nex...
7 taxa and 21 splits.
Consensus tree written to ../results/molecular_evolution_analyses/phylogenetic_trees/F84805_MLIG_G1/F84805_MLIG_G1.contree
Reading input trees file ../results/molecular_evolution_analyses/phylogenetic_trees/F84805_MLIG_G1/F84805_MLIG_G1.contree
Log-likelihood of consensus tree: -1533.417

Analysis results written to: 
  IQ-TREE report:                ../results/molecular_evolution_analyses/phylogenetic_trees/F84805_MLIG_G1/F84805_MLIG_G1.iqtree
  Maximum-likelihood tree:       ../results/molecular_evolution_analyses/phylogenetic_trees/F84805_MLIG_G1/F84805_MLIG_G1.treefile
  Likelihood distances:          ../results/molecular_evolution_analyses/phylogenetic_trees/F84805_MLIG_G1/F84805_MLIG_G1.mldist

Ultrafast bootstrap approximation results written to:
  Split support values:          ../results/molecular_evolution_analyses/phylogenetic_trees/F84805_MLIG_G1/F84805_MLIG_G1.splits.nex
  Consensus tree:                ../results/molecular_evolution_analyses/phylogenetic_trees/F84805_MLIG_G1/F84805_MLIG_G1.contree
  Screen log file:               ../results/molecular_evolution_analyses/phylogenetic_trees/F84805_MLIG_G1/F84805_MLIG_G1.log

Date and Time: Wed May  1 09:57:31 2024
