IQ-TREE multicore version 2.2.2.6 COVID-edition for Linux 64-bit built May 27 2023
Developed by Bui Quang Minh, James Barbetti, Nguyen Lam Tung,
Olga Chernomor, Heiko Schmidt, Dominik Schrempf, Michael Woodhams, Ly Trong Nhan.

Host:    lbc5 (AVX2, FMA3, 125 GB RAM)
Command: /home/mauricio/mauricio_PROGRAMAS/iqtree-2.2.2.6-Linux/bin/iqtree2 -s ../results/molecular_evolution_analyses/alignments_gblocks/F37900_MLIG_G1/F37900_MLIG_G1.aln.gblo -m TEST --threads-max 32 --alrt 1000 --ufboot 1000 --prefix ../results/molecular_evolution_analyses/phylogenetic_trees/F37900_MLIG_G1/F37900_MLIG_G1 -keep-ident -redo
Seed:    683653 (Using SPRNG - Scalable Parallel Random Number Generator)
Time:    Wed May  1 10:25:37 2024
Kernel:  AVX+FMA - 1 threads (32 CPU cores detected)

HINT: Use -nt option to specify number of threads because your CPU has 32 cores!
HINT: -nt AUTO will automatically determine the best number of threads to use.

Reading alignment file ../results/molecular_evolution_analyses/alignments_gblocks/F37900_MLIG_G1/F37900_MLIG_G1.aln.gblo ... Fasta format detected
Reading fasta file: done in 9.29832e-05 secs using 98.94% CPU
Alignment most likely contains protein sequences
Constructing alignment: done in 0.000420094 secs using 99.98% CPU
Alignment has 6 sequences with 445 columns, 99 distinct patterns
110 parsimony-informative, 3 singleton sites, 332 constant sites
            Gap/Ambiguity  Composition  p-value
Analyzing sequences: done in 7.86781e-06 secs using 114.4% CPU
   1  Mlig.15783    0.00%    passed     99.99%
   2  Mlig.15785    0.00%    passed     99.99%
   3  Mlig.15786    0.00%    passed     99.99%
   4  Mlig.5128     0.00%    passed     99.98%
   5  Mlig.5130     0.00%    passed     99.99%
   6  Mlig.24418    0.00%    passed     99.99%
****  TOTAL         0.00%  0 sequences failed composition chi2 test (p-value<5%; df=19)


Create initial parsimony tree by phylogenetic likelihood library (PLL)... 0.000 seconds
Perform fast likelihood tree search using LG+I+G model...
Estimate model parameters (epsilon = 5.000)
Perform nearest neighbor interchange...
Optimizing NNI: done in 0.00539207 secs using 99.98% CPU
Estimate model parameters (epsilon = 1.000)
1. Initial log-likelihood: -1868.744
Optimal log-likelihood: -1868.730
Proportion of invariable sites: 0.370
Gamma shape alpha: 0.850
Parameters optimization took 1 rounds (0.006 sec)
Time for fast ML tree search: 0.019 seconds

NOTE: ModelFinder requires 0 MB RAM!
ModelFinder will test up to 224 protein models (sample size: 445) ...
 No. Model         -LnL         df  AIC          AICc         BIC
  1  LG            1875.586     9   3769.173     3769.587     3806.056
  2  LG+I          1869.468     10  3758.936     3759.443     3799.917
  3  LG+G4         1868.854     10  3757.708     3758.215     3798.689
  4  LG+I+G4       1868.729     11  3759.458     3760.068     3804.537
  5  LG+F          1859.212     28  3774.424     3778.328     3889.170
  6  LG+F+I        1852.612     29  3763.224     3767.417     3882.068
  7  LG+F+G4       1852.020     29  3762.041     3766.234     3880.885
  8  LG+F+I+G4     1851.897     30  3763.794     3768.287     3886.737
  9  WAG           1880.283     9   3778.566     3778.980     3815.449
 10  WAG+I         1877.366     10  3774.732     3775.239     3815.713
 11  WAG+G4        1876.987     10  3773.973     3774.480     3814.954
 12  WAG+I+G4      1877.022     11  3776.044     3776.654     3821.123
 13  WAG+F         1862.046     28  3780.092     3783.996     3894.839
 14  WAG+F+I       1857.165     29  3772.331     3776.523     3891.175
 15  WAG+F+G4      1856.905     29  3771.810     3776.003     3890.654
 16  WAG+F+I+G4    1856.896     30  3773.792     3778.285     3896.734
 17  JTT           1873.122     9   3764.244     3764.658     3801.127
 18  JTT+I         1868.744     10  3757.487     3757.994     3798.468
 19  JTT+G4        1868.308     10  3756.616     3757.122     3797.596
 20  JTT+I+G4      1868.318     11  3758.636     3759.245     3803.715
 21  JTT+F         1855.866     28  3767.732     3771.636     3882.478
 22  JTT+F+I       1850.017     29  3758.033     3762.226     3876.878
 23  JTT+F+G4      1849.695     29  3757.390     3761.583     3876.234
 24  JTT+F+I+G4    1849.679     30  3759.358     3763.851     3882.300
WARNING: Normalizing state frequencies so that sum of them equals to 1
 25  Q.pfam        1871.839     9   3761.677     3762.091     3798.560
WARNING: Normalizing state frequencies so that sum of them equals to 1
 26  Q.pfam+I      1866.888     10  3753.777     3754.284     3794.758
WARNING: Normalizing state frequencies so that sum of them equals to 1
 27  Q.pfam+G4     1866.502     10  3753.005     3753.512     3793.985
WARNING: Normalizing state frequencies so that sum of them equals to 1
 28  Q.pfam+I+G4   1866.438     11  3754.877     3755.487     3799.956
WARNING: Normalizing state frequencies so that sum of them equals to 1
 29  Q.pfam+F      1857.649     28  3771.299     3775.202     3886.045
WARNING: Normalizing state frequencies so that sum of them equals to 1
 30  Q.pfam+F+I    1852.599     29  3763.198     3767.391     3882.042
WARNING: Normalizing state frequencies so that sum of them equals to 1
 31  Q.pfam+F+G4   1852.223     29  3762.447     3766.640     3881.291
WARNING: Normalizing state frequencies so that sum of them equals to 1
 32  Q.pfam+F+I+G4 1852.170     30  3764.340     3768.833     3887.282
WARNING: Normalizing state frequencies so that sum of them equals to 1
 33  Q.bird        1894.372     9   3806.745     3807.158     3843.627
WARNING: Normalizing state frequencies so that sum of them equals to 1
 34  Q.bird+I      1872.626     10  3765.253     3765.759     3806.233
WARNING: Normalizing state frequencies so that sum of them equals to 1
 35  Q.bird+G4     1872.667     10  3765.334     3765.841     3806.315
WARNING: Normalizing state frequencies so that sum of them equals to 1
 36  Q.bird+I+G4   1872.693     11  3767.386     3767.996     3812.465
WARNING: Normalizing state frequencies so that sum of them equals to 1
 37  Q.bird+F      1878.000     28  3812.000     3815.903     3926.746
WARNING: Normalizing state frequencies so that sum of them equals to 1
 38  Q.bird+F+I    1855.698     29  3769.396     3773.588     3888.240
WARNING: Normalizing state frequencies so that sum of them equals to 1
 39  Q.bird+F+G4   1855.935     29  3769.870     3774.062     3888.714
WARNING: Normalizing state frequencies so that sum of them equals to 1
 40  Q.bird+F+I+G4 1856.076     30  3772.151     3776.644     3895.093
WARNING: Normalizing state frequencies so that sum of them equals to 1
 41  Q.mammal      1882.814     9   3783.629     3784.042     3820.511
WARNING: Normalizing state frequencies so that sum of them equals to 1
 42  Q.mammal+I    1869.839     10  3759.679     3760.186     3800.660
WARNING: Normalizing state frequencies so that sum of them equals to 1
 43  Q.mammal+G4   1869.835     10  3759.669     3760.176     3800.650
WARNING: Normalizing state frequencies so that sum of them equals to 1
 44  Q.mammal+I+G4 1869.837     11  3761.673     3762.283     3806.752
WARNING: Normalizing state frequencies so that sum of them equals to 1
 45  Q.mammal+F    1866.283     28  3788.566     3792.469     3903.312
WARNING: Normalizing state frequencies so that sum of them equals to 1
 46  Q.mammal+F+I  1852.700     29  3763.400     3767.592     3882.244
WARNING: Normalizing state frequencies so that sum of them equals to 1
 47  Q.mammal+F+G4 1852.845     29  3763.690     3767.883     3882.535
WARNING: Normalizing state frequencies so that sum of them equals to 1
 48  Q.mammal+F+I+G4 1852.904     30  3765.808     3770.301     3888.750
 49  Q.insect      1871.255     9   3760.509     3760.923     3797.392
 50  Q.insect+I    1865.482     10  3750.963     3751.470     3791.944
 51  Q.insect+G4   1865.198     10  3750.395     3750.902     3791.376
 52  Q.insect+I+G4 1865.150     11  3752.300     3752.910     3797.379
 53  Q.insect+F    1849.606     28  3755.213     3759.117     3869.959
 54  Q.insect+F+I  1844.817     29  3747.634     3751.827     3866.478
 55  Q.insect+F+G4 1844.426     29  3746.853     3751.045     3865.697
 56  Q.insect+F+I+G4 1844.404     30  3748.808     3753.301     3871.750
WARNING: Normalizing state frequencies so that sum of them equals to 1
 57  Q.plant       1886.799     9   3791.599     3792.012     3828.481
WARNING: Normalizing state frequencies so that sum of them equals to 1
 58  Q.plant+I     1866.939     10  3753.877     3754.384     3794.858
WARNING: Normalizing state frequencies so that sum of them equals to 1
 59  Q.plant+G4    1866.529     10  3753.059     3753.566     3794.040
WARNING: Normalizing state frequencies so that sum of them equals to 1
 60  Q.plant+I+G4  1866.408     11  3754.816     3755.426     3799.895
WARNING: Normalizing state frequencies so that sum of them equals to 1
 61  Q.plant+F     1871.751     28  3799.501     3803.405     3914.247
WARNING: Normalizing state frequencies so that sum of them equals to 1
 62  Q.plant+F+I   1851.115     29  3760.230     3764.422     3879.074
WARNING: Normalizing state frequencies so that sum of them equals to 1
 63  Q.plant+F+G4  1850.910     29  3759.820     3764.012     3878.664
WARNING: Normalizing state frequencies so that sum of them equals to 1
 64  Q.plant+F+I+G4 1850.922     30  3761.845     3766.338     3884.787
WARNING: Normalizing state frequencies so that sum of them equals to 1
 65  Q.yeast       1881.287     9   3780.574     3780.988     3817.456
WARNING: Normalizing state frequencies so that sum of them equals to 1
 66  Q.yeast+I     1873.374     10  3766.748     3767.255     3807.729
WARNING: Normalizing state frequencies so that sum of them equals to 1
 67  Q.yeast+G4    1872.892     10  3765.783     3766.290     3806.764
WARNING: Normalizing state frequencies so that sum of them equals to 1
 68  Q.yeast+I+G4  1872.767     11  3767.533     3768.143     3812.612
WARNING: Normalizing state frequencies so that sum of them equals to 1
 69  Q.yeast+F     1855.846     28  3767.691     3771.595     3882.437
WARNING: Normalizing state frequencies so that sum of them equals to 1
 70  Q.yeast+F+I   1849.081     29  3756.163     3760.355     3875.007
WARNING: Normalizing state frequencies so that sum of them equals to 1
 71  Q.yeast+F+G4  1848.551     29  3755.101     3759.294     3873.945
WARNING: Normalizing state frequencies so that sum of them equals to 1
 72  Q.yeast+F+I+G4 1848.442     30  3756.883     3761.376     3879.826
 73  JTTDCMut      1874.038     9   3766.077     3766.490     3802.959
 74  JTTDCMut+I    1869.417     10  3758.834     3759.341     3799.815
 75  JTTDCMut+G4   1868.975     10  3757.950     3758.457     3798.931
 76  JTTDCMut+I+G4 1868.982     11  3759.964     3760.573     3805.042
 77  JTTDCMut+F    1856.615     28  3769.229     3773.133     3883.976
 78  JTTDCMut+F+I  1850.390     29  3758.780     3762.972     3877.624
 79  JTTDCMut+F+G4 1850.072     29  3758.143     3762.336     3876.987
 80  JTTDCMut+F+I+G4 1850.078     30  3760.156     3764.648     3883.098
 81  DCMut         1893.561     9   3805.123     3805.536     3842.005
 82  DCMut+I       1884.761     10  3789.522     3790.029     3830.503
 83  DCMut+G4      1883.566     10  3787.132     3787.639     3828.113
 84  DCMut+I+G4    1883.311     11  3788.622     3789.232     3833.701
 85  DCMut+F       1867.883     28  3791.765     3795.669     3906.511
 86  DCMut+F+I     1855.347     29  3768.694     3772.886     3887.538
 87  DCMut+F+G4    1854.614     29  3767.228     3771.421     3886.072
 88  DCMut+F+I+G4  1854.358     30  3768.717     3773.209     3891.659
 89  VT            1870.020     9   3758.039     3758.453     3794.922
 90  VT+I          1869.592     10  3759.183     3759.690     3800.164
 91  VT+G4         1869.438     10  3758.876     3759.383     3799.857
 92  VT+I+G4       1869.644     11  3761.288     3761.897     3806.367
 93  VT+F          1853.965     28  3763.930     3767.834     3878.676
 94  VT+F+I        1853.209     29  3764.418     3768.610     3883.262
 95  VT+F+G4       1853.055     29  3764.109     3768.302     3882.953
 96  VT+F+I+G4     1853.184     30  3766.367     3770.860     3889.310
 97  PMB           1884.394     9   3786.788     3787.202     3823.670
 98  PMB+I         1884.151     10  3788.302     3788.809     3829.282
 99  PMB+G4        1884.056     10  3788.112     3788.619     3829.093
100  PMB+I+G4      1884.288     11  3790.575     3791.185     3835.654
101  PMB+F         1858.689     28  3773.377     3777.281     3888.124
102  PMB+F+I       1858.137     29  3774.273     3778.466     3893.117
103  PMB+F+G4      1858.016     29  3774.032     3778.225     3892.876
104  PMB+F+I+G4    1858.150     30  3776.301     3780.794     3899.243
105  Blosum62      1883.337     9   3784.674     3785.087     3821.556
106  Blosum62+I    1882.999     10  3785.997     3786.504     3826.978
107  Blosum62+G4   1882.871     10  3785.742     3786.249     3826.723
108  Blosum62+I+G4 1883.083     11  3788.166     3788.776     3833.245
109  Blosum62+F    1858.997     28  3773.994     3777.898     3888.740
110  Blosum62+F+I  1858.277     29  3774.554     3778.746     3893.398
111  Blosum62+F+G4 1858.138     29  3774.276     3778.469     3893.120
112  Blosum62+F+I+G4 1858.257     30  3776.515     3781.008     3899.457
113  Dayhoff       1893.628     9   3805.257     3805.670     3842.139
114  Dayhoff+I     1884.713     10  3789.425     3789.932     3830.406
115  Dayhoff+G4    1883.504     10  3787.008     3787.515     3827.989
116  Dayhoff+I+G4  1883.244     11  3788.488     3789.098     3833.567
117  Dayhoff+F     1867.962     28  3791.924     3795.828     3906.670
118  Dayhoff+F+I   1855.283     29  3768.567     3772.759     3887.411
119  Dayhoff+F+G4  1854.542     29  3767.084     3771.277     3885.928
120  Dayhoff+F+I+G4 1854.274     30  3768.547     3773.040     3891.489
121  mtREV         2020.642     9   4059.284     4059.698     4096.167
122  mtREV+I       2004.314     10  4028.627     4029.134     4069.608
123  mtREV+G4      2002.829     10  4025.658     4026.165     4066.638
124  mtREV+I+G4    2002.359     11  4026.718     4027.328     4071.797
125  mtREV+F       1876.036     28  3808.072     3811.976     3922.818
126  mtREV+F+I     1861.199     29  3780.397     3784.590     3899.242
127  mtREV+F+G4    1860.160     29  3778.320     3782.513     3897.164
128  mtREV+F+I+G4  1859.912     30  3779.824     3784.316     3902.766
129  mtART         2060.857     9   4139.713     4140.127     4176.596
130  mtART+I       2013.407     10  4046.814     4047.321     4087.795
131  mtART+G4      2009.690     10  4039.379     4039.886     4080.360
132  mtART+I+G4    2008.104     11  4038.209     4038.818     4083.287
133  mtART+F       1904.595     28  3865.191     3869.095     3979.937
134  mtART+F+I     1864.520     29  3787.040     3791.232     3905.884
135  mtART+F+G4    1860.569     29  3779.139     3783.332     3897.983
136  mtART+F+I+G4  1858.953     30  3777.907     3782.400     3900.849
137  mtZOA         2025.138     9   4068.276     4068.690     4105.158
138  mtZOA+I       1995.609     10  4011.217     4011.724     4052.198
139  mtZOA+G4      1993.472     10  4006.944     4007.451     4047.925
140  mtZOA+I+G4    1992.608     11  4007.216     4007.825     4052.294
141  mtZOA+F       1885.821     28  3827.642     3831.546     3942.388
142  mtZOA+F+I     1860.462     29  3778.924     3783.117     3897.768
143  mtZOA+F+G4    1857.961     29  3773.922     3778.115     3892.766
144  mtZOA+F+I+G4  1856.926     30  3773.853     3778.345     3896.795
145  mtMet         2035.493     9   4088.985     4089.399     4125.868
146  mtMet+I       2013.057     10  4046.114     4046.621     4087.094
147  mtMet+G4      2012.442     10  4044.884     4045.391     4085.864
148  mtMet+I+G4    2012.111     11  4046.223     4046.832     4091.302
149  mtMet+F       1877.252     28  3810.504     3814.408     3925.250
150  mtMet+F+I     1859.174     29  3776.349     3780.541     3895.193
151  mtMet+F+G4    1858.077     29  3774.154     3778.347     3892.999
152  mtMet+F+I+G4  1857.611     30  3775.221     3779.714     3898.163
153  mtVer         2055.664     9   4129.328     4129.742     4166.211
154  mtVer+I       2023.491     10  4066.983     4067.489     4107.963
155  mtVer+G4      2022.651     10  4065.302     4065.809     4106.283
156  mtVer+I+G4    2022.021     11  4066.042     4066.652     4111.121
157  mtVer+F       1892.873     28  3841.745     3845.649     3956.491
158  mtVer+F+I     1864.228     29  3786.456     3790.649     3905.300
159  mtVer+F+G4    1863.090     29  3784.179     3788.372     3903.023
160  mtVer+F+I+G4  1862.568     30  3785.137     3789.629     3908.079
161  mtInv         2052.847     9   4123.695     4124.109     4160.577
162  mtInv+I       2037.387     10  4094.773     4095.280     4135.754
163  mtInv+G4      2036.976     10  4093.952     4094.459     4134.933
164  mtInv+I+G4    2036.794     11  4095.588     4096.198     4140.667
165  mtInv+F       1868.337     28  3792.675     3796.579     3907.421
166  mtInv+F+I     1856.226     29  3770.452     3774.645     3889.296
167  mtInv+F+G4    1855.330     29  3768.660     3772.852     3887.504
168  mtInv+F+I+G4  1855.020     30  3770.039     3774.532     3892.981
169  mtMAM         2066.959     9   4151.917     4152.331     4188.800
170  mtMAM+I       2018.777     10  4057.554     4058.061     4098.535
171  mtMAM+G4      2015.563     10  4051.127     4051.634     4092.108
172  mtMAM+I+G4    2013.925     11  4049.850     4050.460     4094.929
173  mtMAM+F       1906.546     28  3869.092     3872.995     3983.838
174  mtMAM+F+I     1870.265     29  3798.530     3802.722     3917.374
175  mtMAM+F+G4    1868.113     29  3794.226     3798.419     3913.070
176  mtMAM+F+I+G4  1866.710     30  3793.421     3797.914     3916.363
WARNING: Normalizing state frequencies so that sum of them equals to 1
177  FLAVI         1947.117     9   3912.233     3912.647     3949.116
WARNING: Normalizing state frequencies so that sum of them equals to 1
178  FLAVI+I       1909.050     10  3838.100     3838.607     3879.081
WARNING: Normalizing state frequencies so that sum of them equals to 1
179  FLAVI+G4      1908.238     10  3836.476     3836.983     3877.456
WARNING: Normalizing state frequencies so that sum of them equals to 1
180  FLAVI+I+G4    1907.390     11  3836.781     3837.390     3881.860
WARNING: Normalizing state frequencies so that sum of them equals to 1
181  FLAVI+F       1908.439     28  3872.877     3876.781     3987.623
WARNING: Normalizing state frequencies so that sum of them equals to 1
182  FLAVI+F+I     1867.188     29  3792.376     3796.569     3911.220
WARNING: Normalizing state frequencies so that sum of them equals to 1
183  FLAVI+F+G4    1866.502     29  3791.004     3795.196     3909.848
WARNING: Normalizing state frequencies so that sum of them equals to 1
184  FLAVI+F+I+G4  1866.237     30  3792.474     3796.967     3915.416
185  HIVb          1920.859     9   3859.718     3860.131     3896.600
186  HIVb+I        1893.678     10  3807.356     3807.863     3848.337
187  HIVb+G4       1893.476     10  3806.953     3807.460     3847.933
188  HIVb+I+G4     1893.569     11  3809.138     3809.748     3854.217
189  HIVb+F        1886.312     28  3828.623     3832.527     3943.369
190  HIVb+F+I      1856.976     29  3771.952     3776.144     3890.796
191  HIVb+F+G4     1856.719     29  3771.439     3775.632     3890.283
192  HIVb+F+I+G4   1856.894     30  3773.789     3778.282     3896.731
193  HIVw          1985.027     9   3988.053     3988.467     4024.936
194  HIVw+I        1949.781     10  3919.562     3920.069     3960.543
195  HIVw+G4       1948.997     10  3917.994     3918.501     3958.975
196  HIVw+I+G4     1949.167     11  3920.335     3920.944     3965.414
197  HIVw+F        1909.007     28  3874.015     3877.919     3988.761
198  HIVw+F+I      1871.700     29  3801.399     3805.592     3920.243
199  HIVw+F+G4     1871.520     29  3801.039     3805.232     3919.883
200  HIVw+F+I+G4   1872.057     30  3804.113     3808.606     3927.056
201  FLU           1917.416     9   3852.831     3853.245     3889.714
202  FLU+I         1898.206     10  3816.412     3816.919     3857.393
203  FLU+G4        1898.050     10  3816.100     3816.607     3857.081
204  FLU+I+G4      1897.962     11  3817.924     3818.533     3863.003
205  FLU+F         1880.321     28  3816.641     3820.545     3931.388
206  FLU+F+I       1858.049     29  3774.098     3778.291     3892.942
207  FLU+F+G4      1858.180     29  3774.360     3778.552     3893.204
208  FLU+F+I+G4    1858.274     30  3776.548     3781.041     3899.491
209  rtREV         1900.546     9   3819.093     3819.506     3855.975
210  rtREV+I       1895.637     10  3811.273     3811.780     3852.254
211  rtREV+G4      1895.123     10  3810.245     3810.752     3851.226
212  rtREV+I+G4    1895.100     11  3812.201     3812.811     3857.280
213  rtREV+F       1857.668     28  3771.337     3775.240     3886.083
214  rtREV+F+I     1852.065     29  3762.130     3766.322     3880.974
215  rtREV+F+G4    1851.627     29  3761.254     3765.447     3880.099
216  rtREV+F+I+G4  1851.574     30  3763.149     3767.641     3886.091
217  cpREV         1904.780     9   3827.561     3827.975     3864.444
218  cpREV+I       1895.960     10  3811.920     3812.427     3852.901
219  cpREV+G4      1895.633     10  3811.266     3811.773     3852.247
220  cpREV+I+G4    1895.560     11  3813.121     3813.730     3858.199
221  cpREV+F       1874.525     28  3805.050     3808.953     3919.796
222  cpREV+F+I     1861.219     29  3780.438     3784.631     3899.282
223  cpREV+F+G4    1861.220     29  3780.441     3784.633     3899.285
224  cpREV+F+I+G4  1861.277     30  3782.555     3787.048     3905.497
Akaike Information Criterion:           Q.insect+F+G4
Corrected Akaike Information Criterion: Q.insect+G4
Bayesian Information Criterion:         Q.insect+G4
Best-fit model: Q.insect+G4 chosen according to BIC

All model information printed to ../results/molecular_evolution_analyses/phylogenetic_trees/F37900_MLIG_G1/F37900_MLIG_G1.model.gz
CPU time for ModelFinder: 1.780 seconds (0h:0m:1s)
Wall-clock time for ModelFinder: 1.784 seconds (0h:0m:1s)
Generating 1000 samples for ultrafast bootstrap (seed: 683653)...

NOTE: 0 MB RAM (0 GB) is required!
Estimate model parameters (epsilon = 0.100)
1. Initial log-likelihood: -1865.198
Optimal log-likelihood: -1865.194
Gamma shape alpha: 0.334
Parameters optimization took 1 rounds (0.003 sec)
Wrote distance file to... 
Computing ML distances based on estimated model parameters...
Calculating distance matrix: done in 0.00396991 secs using 99.57% CPU
Computing ML distances took 0.003994 sec (of wall-clock time) 0.003977 sec (of CPU time)
Setting up auxiliary I and S matrices: done in 3.40939e-05 secs using 99.72% CPU
Constructing RapidNJ tree: done in 2.19345e-05 secs using 100.3% CPU
Computing RapidNJ tree took 0.000104 sec (of wall-clock time) 0.000104 sec (of CPU time)
Log-likelihood of RapidNJ tree: -1865.195
--------------------------------------------------------------------
|             INITIALIZING CANDIDATE TREE SET                      |
--------------------------------------------------------------------
Generating 99 parsimony trees... 0.015 second
Computing log-likelihood of 14 initial trees ... 0.011 seconds
Current best score: -1865.194

Do NNI search on 15 best initial trees
Optimizing NNI: done in 0.00261617 secs using 199.8% CPU
Optimizing NNI: done in 0.00565505 secs using 199.9% CPU
Optimizing NNI: done in 0.0056479 secs using 200% CPU
Optimizing NNI: done in 0.0057199 secs using 199.9% CPU
Optimizing NNI: done in 0.00572205 secs using 199.9% CPU
Optimizing NNI: done in 0.0056839 secs using 200% CPU
Optimizing NNI: done in 0.00569201 secs using 130.2% CPU
Optimizing NNI: done in 0.00896311 secs using 199.5% CPU
Optimizing NNI: done in 0.00883985 secs using 154.8% CPU
Optimizing NNI: done in 0.0121269 secs using 199.9% CPU
Iteration 10 / LogL: -1865.195 / Time: 0h:0m:0s
Optimizing NNI: done in 0.012162 secs using 200% CPU
Optimizing NNI: done in 0.00927901 secs using 199.9% CPU
Optimizing NNI: done in 0.00927901 secs using 199.9% CPU
Optimizing NNI: done in 0.00925994 secs using 200% CPU
Optimizing NNI: done in 0.00926399 secs using 156.9% CPU
Finish initializing candidate tree set (15)
Current best tree score: -1865.194 / CPU time: 0.148
Number of iterations: 15
--------------------------------------------------------------------
|               OPTIMIZING CANDIDATE TREE SET                      |
--------------------------------------------------------------------
Optimizing NNI: done in 0.005615 secs using 199.7% CPU
Optimizing NNI: done in 0.00882792 secs using 200% CPU
Optimizing NNI: done in 0.00551987 secs using 200% CPU
Optimizing NNI: done in 0.00561094 secs using 200% CPU
Optimizing NNI: done in 0.00554299 secs using 200% CPU
Iteration 20 / LogL: -1865.218 / Time: 0h:0m:0s
Optimizing NNI: done in 0.00244284 secs using 100% CPU
Optimizing NNI: done in 0.00560999 secs using 99.95% CPU
Optimizing NNI: done in 0.00560999 secs using 100% CPU
Optimizing NNI: done in 0.00560999 secs using 99.96% CPU
Optimizing NNI: done in 0.0118821 secs using 99.96% CPU
Optimizing NNI: done in 0.0055449 secs using 100% CPU
Optimizing NNI: done in 0.00549793 secs using 100% CPU
Optimizing NNI: done in 0.00885892 secs using 99.97% CPU
Optimizing NNI: done in 0.00561905 secs using 99.95% CPU
Optimizing NNI: done in 0.00549102 secs using 99.95% CPU
Iteration 30 / LogL: -1865.199 / Time: 0h:0m:0s (0h:0m:0s left)
Optimizing NNI: done in 0.00615501 secs using 99.98% CPU
UPDATE BEST LOG-LIKELIHOOD: -1865.194
Optimizing NNI: done in 0.00617385 secs using 99.89% CPU
UPDATE BEST LOG-LIKELIHOOD: -1865.194
Optimizing NNI: done in 0.002455 secs
Optimizing NNI: done in 0.00548291 secs using 99.67% CPU
Optimizing NNI: done in 0.00244594 secs using 99.88% CPU
Optimizing NNI: done in 0.00550294 secs using 100% CPU
UPDATE BEST LOG-LIKELIHOOD: -1865.194
Optimizing NNI: done in 0.00554609 secs using 100% CPU
Optimizing NNI: done in 0.00243616 secs using 99.95% CPU
Optimizing NNI: done in 0.00911093 secs using 99.98% CPU
Optimizing NNI: done in 0.00549603 secs using 100% CPU
UPDATE BEST LOG-LIKELIHOOD: -1865.194
Iteration 40 / LogL: -1865.194 / Time: 0h:0m:0s (0h:0m:0s left)
Optimizing NNI: done in 0.00562406 secs using 99.91% CPU
Optimizing NNI: done in 0.008775 secs using 99.97% CPU
Optimizing NNI: done in 0.00548792 secs using 100% CPU
Optimizing NNI: done in 0.00549006 secs using 99.94% CPU
Optimizing NNI: done in 0.00561595 secs using 99.93% CPU
Optimizing NNI: done in 0.00560498 secs using 100% CPU
Optimizing NNI: done in 0.00887609 secs using 99.99% CPU
Optimizing NNI: done in 0.00553489 secs using 100% CPU
Optimizing NNI: done in 0.0119259 secs using 99.98% CPU
Optimizing NNI: done in 0.00563693 secs using 99.88% CPU
Iteration 50 / LogL: -1865.194 / Time: 0h:0m:0s (0h:0m:0s left)
Log-likelihood cutoff on original alignment: -1869.627
Optimizing NNI: done in 0.00568795 secs using 99.95% CPU
UPDATE BEST LOG-LIKELIHOOD: -1865.194
Optimizing NNI: done in 0.011899 secs using 99.97% CPU
Optimizing NNI: done in 0.00611591 secs using 100% CPU
Optimizing NNI: done in 0.00554395 secs using 100% CPU
Optimizing NNI: done in 0.011893 secs using 99.97% CPU
Optimizing NNI: done in 0.00612116 secs using 99.95% CPU
Optimizing NNI: done in 0.01191 secs using 99.97% CPU
Optimizing NNI: done in 0.00545096 secs using 99.95% CPU
Optimizing NNI: done in 0.00559902 secs using 99.95% CPU
Optimizing NNI: done in 0.00875521 secs using 99.96% CPU
Iteration 60 / LogL: -1865.589 / Time: 0h:0m:0s (0h:0m:0s left)
Optimizing NNI: done in 0.0090971 secs using 99.97% CPU
Optimizing NNI: done in 0.0118902 secs using 99.97% CPU
Optimizing NNI: done in 0.00550485 secs using 99.95% CPU
Optimizing NNI: done in 0.00545382 secs using 99.97% CPU
Optimizing NNI: done in 0.00243998 secs using 100% CPU
Optimizing NNI: done in 0.00545192 secs using 99.91% CPU
Optimizing NNI: done in 0.00559711 secs using 100% CPU
Optimizing NNI: done in 0.00549412 secs using 100% CPU
Optimizing NNI: done in 0.00893116 secs using 100% CPU
Optimizing NNI: done in 0.0055759 secs using 100% CPU
Iteration 70 / LogL: -1865.589 / Time: 0h:0m:0s (0h:0m:0s left)
Optimizing NNI: done in 0.009094 secs using 99.97% CPU
Optimizing NNI: done in 0.00548005 secs using 99.96% CPU
Optimizing NNI: done in 0.00559711 secs using 99.98% CPU
Optimizing NNI: done in 0.00544691 secs using 99.95% CPU
Optimizing NNI: done in 0.0119059 secs using 99.98% CPU
Optimizing NNI: done in 0.00244212 secs using 99.91% CPU
Optimizing NNI: done in 0.0056181 secs using 99.98% CPU
Optimizing NNI: done in 0.00553083 secs using 100% CPU
Optimizing NNI: done in 0.0056169 secs using 99.95% CPU
Optimizing NNI: done in 0.00547695 secs using 100% CPU
Iteration 80 / LogL: -1865.199 / Time: 0h:0m:0s (0h:0m:0s left)
Optimizing NNI: done in 0.0055449 secs using 100% CPU
Optimizing NNI: done in 0.00560999 secs using 99.95% CPU
Optimizing NNI: done in 0.00553489 secs using 99.95% CPU
Optimizing NNI: done in 0.00243115 secs using 100% CPU
Optimizing NNI: done in 0.00870609 secs using 100% CPU
Optimizing NNI: done in 0.0087049 secs using 100% CPU
Optimizing NNI: done in 0.00909805 secs using 99.99% CPU
Optimizing NNI: done in 0.00611711 secs using 100% CPU
Optimizing NNI: done in 0.00874805 secs using 100% CPU
Optimizing NNI: done in 0.00546908 secs using 100% CPU
Iteration 90 / LogL: -1865.199 / Time: 0h:0m:0s (0h:0m:0s left)
Optimizing NNI: done in 0.0054419 secs using 99.95% CPU
Optimizing NNI: done in 0.00554395 secs using 100% CPU
Optimizing NNI: done in 0.00243998 secs using 99.96% CPU
Optimizing NNI: done in 0.00555396 secs using 99.93% CPU
Optimizing NNI: done in 0.00550699 secs using 99.96% CPU
Optimizing NNI: done in 0.00875711 secs using 99.96% CPU
Optimizing NNI: done in 0.00555205 secs using 99.95% CPU
Optimizing NNI: done in 0.00910711 secs using 99.98% CPU
Optimizing NNI: done in 0.00550508 secs using 99.94% CPU
Optimizing NNI: done in 0.00909805 secs using 99.98% CPU
Iteration 100 / LogL: -1865.197 / Time: 0h:0m:0s (0h:0m:0s left)
Log-likelihood cutoff on original alignment: -1870.256
NOTE: Bootstrap correlation coefficient of split occurrence frequencies: 0.999
Optimizing NNI: done in 0.00566506 secs using 99.93% CPU
TREE SEARCH COMPLETED AFTER 101 ITERATIONS / Time: 0h:0m:0s

--------------------------------------------------------------------
|                    FINALIZING TREE SEARCH                        |
--------------------------------------------------------------------
Performs final model parameters optimization
Estimate model parameters (epsilon = 0.010)
1. Initial log-likelihood: -1865.194
Optimal log-likelihood: -1865.194
Gamma shape alpha: 0.332
Parameters optimization took 1 rounds (0.003 sec)
BEST SCORE FOUND : -1865.194

Testing tree branches by SH-like aLRT with 1000 replicates...
0.030 sec.
Creating bootstrap support values...
Split supports printed to NEXUS file ../results/molecular_evolution_analyses/phylogenetic_trees/F37900_MLIG_G1/F37900_MLIG_G1.splits.nex
Total tree length: 0.485

Total number of iterations: 101
CPU time used for tree search: 1.141 sec (0h:0m:1s)
Wall-clock time used for tree search: 0.968 sec (0h:0m:0s)
Total CPU time used: 1.213 sec (0h:0m:1s)
Total wall-clock time used: 1.036 sec (0h:0m:1s)

Computing bootstrap consensus tree...
Reading input file ../results/molecular_evolution_analyses/phylogenetic_trees/F37900_MLIG_G1/F37900_MLIG_G1.splits.nex...
6 taxa and 13 splits.
Consensus tree written to ../results/molecular_evolution_analyses/phylogenetic_trees/F37900_MLIG_G1/F37900_MLIG_G1.contree
Reading input trees file ../results/molecular_evolution_analyses/phylogenetic_trees/F37900_MLIG_G1/F37900_MLIG_G1.contree
Log-likelihood of consensus tree: -1865.195

Analysis results written to: 
  IQ-TREE report:                ../results/molecular_evolution_analyses/phylogenetic_trees/F37900_MLIG_G1/F37900_MLIG_G1.iqtree
  Maximum-likelihood tree:       ../results/molecular_evolution_analyses/phylogenetic_trees/F37900_MLIG_G1/F37900_MLIG_G1.treefile
  Likelihood distances:          ../results/molecular_evolution_analyses/phylogenetic_trees/F37900_MLIG_G1/F37900_MLIG_G1.mldist

Ultrafast bootstrap approximation results written to:
  Split support values:          ../results/molecular_evolution_analyses/phylogenetic_trees/F37900_MLIG_G1/F37900_MLIG_G1.splits.nex
  Consensus tree:                ../results/molecular_evolution_analyses/phylogenetic_trees/F37900_MLIG_G1/F37900_MLIG_G1.contree
  Screen log file:               ../results/molecular_evolution_analyses/phylogenetic_trees/F37900_MLIG_G1/F37900_MLIG_G1.log

Date and Time: Wed May  1 10:25:40 2024
