IQ-TREE multicore version 2.2.2.6 COVID-edition for Linux 64-bit built May 27 2023
Developed by Bui Quang Minh, James Barbetti, Nguyen Lam Tung,
Olga Chernomor, Heiko Schmidt, Dominik Schrempf, Michael Woodhams, Ly Trong Nhan.

Host:    lbc5 (AVX2, FMA3, 125 GB RAM)
Command: /home/mauricio/mauricio_PROGRAMAS/iqtree-2.2.2.6-Linux/bin/iqtree2 -s ../results/molecular_evolution_analyses/alignments_gblocks/F106160_SMED_G1/F106160_SMED_G1.aln.gblo -m TEST --threads-max 32 --alrt 1000 --ufboot 1000 --prefix ../results/molecular_evolution_analyses/phylogenetic_trees/F106160_SMED_G1/F106160_SMED_G1 -keep-ident -redo
Seed:    502428 (Using SPRNG - Scalable Parallel Random Number Generator)
Time:    Wed May  1 11:26:41 2024
Kernel:  AVX+FMA - 1 threads (32 CPU cores detected)

HINT: Use -nt option to specify number of threads because your CPU has 32 cores!
HINT: -nt AUTO will automatically determine the best number of threads to use.

Reading alignment file ../results/molecular_evolution_analyses/alignments_gblocks/F106160_SMED_G1/F106160_SMED_G1.aln.gblo ... Fasta format detected
Reading fasta file: done in 8.60691e-05 secs
Alignment most likely contains protein sequences
Constructing alignment: done in 0.000418901 secs
Alignment has 6 sequences with 381 columns, 247 distinct patterns
87 parsimony-informative, 151 singleton sites, 143 constant sites
            Gap/Ambiguity  Composition  p-value
Analyzing sequences: done in 1.09673e-05 secs
   1  Smed.19303    0.00%    passed     99.94%
   2  Smed.8134     0.00%    passed     99.97%
   3  Smed.12523    0.00%    passed     98.38%
   4  Smed.12524    0.00%    passed     99.96%
   5  Smed.10124    0.00%    passed    100.00%
   6  Smed.12925    0.00%    passed     99.94%
****  TOTAL         0.00%  0 sequences failed composition chi2 test (p-value<5%; df=19)


Create initial parsimony tree by phylogenetic likelihood library (PLL)... 0.000 seconds
Perform fast likelihood tree search using LG+I+G model...
Estimate model parameters (epsilon = 5.000)
Perform nearest neighbor interchange...
Optimizing NNI: done in 0.0119979 secs using 99.88% CPU
Estimate model parameters (epsilon = 1.000)
1. Initial log-likelihood: -3395.318
Optimal log-likelihood: -3395.081
Proportion of invariable sites: 0.154
Gamma shape alpha: 1.393
Parameters optimization took 1 rounds (0.006 sec)
Time for fast ML tree search: 0.043 seconds

NOTE: ModelFinder requires 2 MB RAM!
ModelFinder will test up to 224 protein models (sample size: 381) ...
 No. Model         -LnL         df  AIC          AICc         BIC
  1  LG            3449.956     9   6917.912     6918.397     6953.397
  2  LG+I          3413.565     10  6847.131     6847.726     6886.559
  3  LG+G4         3393.122     10  6806.244     6806.839     6845.672
  4  LG+I+G4       3394.370     11  6810.741     6811.456     6854.112
  7  LG+F+G4       3348.950     29  6755.899     6760.856     6870.240
  8  LG+F+I+G4     3350.228     30  6760.456     6765.771     6878.740
 11  WAG+G4        3385.620     10  6791.240     6791.835     6830.668
 12  WAG+I+G4      3386.751     11  6795.503     6796.218     6838.874
 15  WAG+F+G4      3321.029     29  6700.058     6705.015     6814.399
 16  WAG+F+I+G4    3322.243     30  6704.485     6709.800     6822.769
 19  JTT+G4        3391.485     10  6802.970     6803.565     6842.398
 20  JTT+I+G4      3392.672     11  6807.345     6808.060     6850.716
 23  JTT+F+G4      3332.452     29  6722.905     6727.862     6837.246
 24  JTT+F+I+G4    3333.705     30  6727.410     6732.724     6845.693
WARNING: Normalizing state frequencies so that sum of them equals to 1
 27  Q.pfam+G4     3402.088     10  6824.177     6824.771     6863.605
WARNING: Normalizing state frequencies so that sum of them equals to 1
 28  Q.pfam+I+G4   3403.276     11  6828.553     6829.268     6871.923
WARNING: Normalizing state frequencies so that sum of them equals to 1
 31  Q.pfam+F+G4   3350.176     29  6758.352     6763.309     6872.693
WARNING: Normalizing state frequencies so that sum of them equals to 1
 32  Q.pfam+F+I+G4 3351.428     30  6762.856     6768.170     6881.140
WARNING: Normalizing state frequencies so that sum of them equals to 1
 35  Q.bird+G4     3436.079     10  6892.158     6892.752     6931.586
WARNING: Normalizing state frequencies so that sum of them equals to 1
 36  Q.bird+I+G4   3437.435     11  6896.870     6897.586     6940.241
WARNING: Normalizing state frequencies so that sum of them equals to 1
 39  Q.bird+F+G4   3364.101     29  6786.201     6791.159     6900.543
WARNING: Normalizing state frequencies so that sum of them equals to 1
 40  Q.bird+F+I+G4 3365.492     30  6790.985     6796.299     6909.269
WARNING: Normalizing state frequencies so that sum of them equals to 1
 43  Q.mammal+G4   3435.073     10  6890.146     6890.740     6929.574
WARNING: Normalizing state frequencies so that sum of them equals to 1
 44  Q.mammal+I+G4 3436.365     11  6894.729     6895.445     6938.100
WARNING: Normalizing state frequencies so that sum of them equals to 1
 47  Q.mammal+F+G4 3356.204     29  6770.407     6775.364     6884.748
WARNING: Normalizing state frequencies so that sum of them equals to 1
 48  Q.mammal+F+I+G4 3357.580     30  6775.160     6780.474     6893.444
 51  Q.insect+G4   3387.563     10  6795.126     6795.721     6834.554
 52  Q.insect+I+G4 3388.843     11  6799.685     6800.401     6843.056
 55  Q.insect+F+G4 3364.390     29  6786.780     6791.737     6901.121
 56  Q.insect+F+I+G4 3365.705     30  6791.411     6796.725     6909.695
WARNING: Normalizing state frequencies so that sum of them equals to 1
 59  Q.plant+G4    3389.366     10  6798.733     6799.327     6838.161
WARNING: Normalizing state frequencies so that sum of them equals to 1
 60  Q.plant+I+G4  3390.577     11  6803.154     6803.870     6846.525
WARNING: Normalizing state frequencies so that sum of them equals to 1
 63  Q.plant+F+G4  3345.851     29  6749.702     6754.660     6864.044
WARNING: Normalizing state frequencies so that sum of them equals to 1
 64  Q.plant+F+I+G4 3347.094     30  6754.187     6759.501     6872.471
WARNING: Normalizing state frequencies so that sum of them equals to 1
 67  Q.yeast+G4    3384.998     10  6789.996     6790.591     6829.424
WARNING: Normalizing state frequencies so that sum of them equals to 1
 68  Q.yeast+I+G4  3386.270     11  6794.541     6795.256     6837.911
WARNING: Normalizing state frequencies so that sum of them equals to 1
 71  Q.yeast+F+G4  3363.153     29  6784.307     6789.264     6898.648
WARNING: Normalizing state frequencies so that sum of them equals to 1
 72  Q.yeast+F+I+G4 3364.417     30  6788.835     6794.149     6907.119
 75  JTTDCMut+G4   3391.861     10  6803.721     6804.316     6843.149
 76  JTTDCMut+I+G4 3393.047     11  6808.095     6808.810     6851.465
 79  JTTDCMut+F+G4 3332.254     29  6722.509     6727.466     6836.850
 80  JTTDCMut+F+I+G4 3333.506     30  6727.013     6732.327     6845.297
 83  DCMut+G4      3424.182     10  6868.363     6868.958     6907.791
 84  DCMut+I+G4    3425.265     11  6872.530     6873.246     6915.901
 87  DCMut+F+G4    3340.883     29  6739.765     6744.722     6854.106
 88  DCMut+F+I+G4  3342.087     30  6744.173     6749.488     6862.457
 91  VT+G4         3385.782     10  6791.563     6792.158     6830.991
 92  VT+I+G4       3386.828     11  6795.656     6796.371     6839.027
 95  VT+F+G4       3336.005     29  6730.010     6734.967     6844.351
 96  VT+F+I+G4     3337.098     30  6734.196     6739.510     6852.480
 99  PMB+G4        3408.767     10  6837.534     6838.128     6876.962
100  PMB+I+G4      3409.934     11  6841.868     6842.583     6885.239
103  PMB+F+G4      3353.252     29  6764.504     6769.461     6878.845
104  PMB+F+I+G4    3354.493     30  6768.985     6774.300     6887.269
107  Blosum62+G4   3400.554     10  6821.109     6821.703     6860.537
108  Blosum62+I+G4 3401.722     11  6825.444     6826.160     6868.815
111  Blosum62+F+G4 3357.964     29  6773.927     6778.884     6888.268
112  Blosum62+F+I+G4 3359.131     30  6778.261     6783.576     6896.545
115  Dayhoff+G4    3424.177     10  6868.354     6868.948     6907.782
116  Dayhoff+I+G4  3425.262     11  6872.523     6873.239     6915.894
119  Dayhoff+F+G4  3340.886     29  6739.773     6744.730     6854.114
120  Dayhoff+F+I+G4 3342.091     30  6744.182     6749.497     6862.466
123  mtREV+G4      3500.380     10  7020.759     7021.354     7060.187
124  mtREV+I+G4    3501.625     11  7025.250     7025.965     7068.620
127  mtREV+F+G4    3355.644     29  6769.288     6774.245     6883.629
128  mtREV+F+I+G4  3356.843     30  6773.687     6779.001     6891.971
131  mtART+G4      3548.581     10  7117.161     7117.756     7156.589
132  mtART+I+G4    3549.828     11  7121.657     7122.372     7165.028
135  mtART+F+G4    3420.041     29  6898.082     6903.039     7012.423
136  mtART+F+I+G4  3421.232     30  6902.464     6907.778     7020.748
139  mtZOA+G4      3516.531     10  7053.061     7053.656     7092.489
140  mtZOA+I+G4    3517.789     11  7057.577     7058.293     7100.948
143  mtZOA+F+G4    3384.087     29  6826.173     6831.130     6940.514
144  mtZOA+F+I+G4  3385.327     30  6830.653     6835.968     6948.937
147  mtMet+G4      3468.025     10  6956.050     6956.645     6995.478
148  mtMet+I+G4    3469.357     11  6960.714     6961.429     7004.084
151  mtMet+F+G4    3368.358     29  6794.715     6799.673     6909.057
152  mtMet+F+I+G4  3369.569     30  6799.138     6804.453     6917.422
155  mtVer+G4      3530.391     10  7080.781     7081.376     7120.209
156  mtVer+I+G4    3531.697     11  7085.393     7086.109     7128.764
159  mtVer+F+G4    3388.845     29  6835.689     6840.646     6950.030
160  mtVer+F+I+G4  3390.069     30  6840.138     6845.452     6958.422
163  mtInv+G4      3474.121     10  6968.242     6968.837     7007.670
164  mtInv+I+G4    3475.442     11  6972.883     6973.599     7016.254
167  mtInv+F+G4    3357.382     29  6772.764     6777.721     6887.105
168  mtInv+F+I+G4  3358.597     30  6777.195     6782.509     6895.479
171  mtMAM+G4      3548.030     10  7116.061     7116.655     7155.489
172  mtMAM+I+G4    3549.333     11  7120.666     7121.381     7164.036
175  mtMAM+F+G4    3404.603     29  6867.206     6872.163     6981.547
176  mtMAM+F+I+G4  3405.848     30  6871.695     6877.010     6989.979
WARNING: Normalizing state frequencies so that sum of them equals to 1
179  FLAVI+G4      3468.680     10  6957.360     6957.955     6996.788
WARNING: Normalizing state frequencies so that sum of them equals to 1
180  FLAVI+I+G4    3470.029     11  6962.058     6962.773     7005.428
WARNING: Normalizing state frequencies so that sum of them equals to 1
183  FLAVI+F+G4    3394.557     29  6847.114     6852.071     6961.455
WARNING: Normalizing state frequencies so that sum of them equals to 1
184  FLAVI+F+I+G4  3395.860     30  6851.721     6857.035     6970.005
187  HIVb+G4       3411.254     10  6842.508     6843.102     6881.936
188  HIVb+I+G4     3412.387     11  6846.773     6847.489     6890.144
191  HIVb+F+G4     3352.398     29  6762.796     6767.753     6877.137
192  HIVb+F+I+G4   3353.573     30  6767.147     6772.461     6885.431
195  HIVw+G4       3443.030     10  6906.060     6906.655     6945.488
196  HIVw+I+G4     3443.980     11  6909.960     6910.675     6953.331
199  HIVw+F+G4     3382.503     29  6823.006     6827.964     6937.348
200  HIVw+F+I+G4   3383.364     30  6826.727     6832.041     6945.011
203  FLU+G4        3388.220     10  6796.439     6797.034     6835.867
204  FLU+I+G4      3389.553     11  6801.105     6801.821     6844.476
207  FLU+F+G4      3347.453     29  6752.907     6757.864     6867.248
208  FLU+F+I+G4    3348.806     30  6757.611     6762.926     6875.895
211  rtREV+G4      3439.452     10  6898.904     6899.499     6938.332
212  rtREV+I+G4    3440.537     11  6903.075     6903.790     6946.446
215  rtREV+F+G4    3367.783     29  6793.566     6798.523     6907.907
216  rtREV+F+I+G4  3369.085     30  6798.170     6803.484     6916.454
219  cpREV+G4      3376.306     10  6772.613     6773.207     6812.041
220  cpREV+I+G4    3377.412     11  6776.824     6777.540     6820.195
223  cpREV+F+G4    3330.931     29  6719.861     6724.818     6834.202
224  cpREV+F+I+G4  3332.064     30  6724.128     6729.442     6842.411
Akaike Information Criterion:           WAG+F+G4
Corrected Akaike Information Criterion: WAG+F+G4
Bayesian Information Criterion:         cpREV+G4
Best-fit model: cpREV+G4 chosen according to BIC

All model information printed to ../results/molecular_evolution_analyses/phylogenetic_trees/F106160_SMED_G1/F106160_SMED_G1.model.gz
CPU time for ModelFinder: 3.899 seconds (0h:0m:3s)
Wall-clock time for ModelFinder: 3.900 seconds (0h:0m:3s)
Generating 1000 samples for ultrafast bootstrap (seed: 502428)...

NOTE: 2 MB RAM (0 GB) is required!
Estimate model parameters (epsilon = 0.100)
1. Initial log-likelihood: -3376.306
Optimal log-likelihood: -3376.306
Gamma shape alpha: 1.022
Parameters optimization took 1 rounds (0.005 sec)
Wrote distance file to... 
Computing ML distances based on estimated model parameters...
Calculating distance matrix: done in 0.00363111 secs using 99.78% CPU
Computing ML distances took 0.003662 sec (of wall-clock time) 0.003656 sec (of CPU time)
Setting up auxiliary I and S matrices: done in 3.98159e-05 secs using 100.5% CPU
Constructing RapidNJ tree: done in 2.19345e-05 secs using 100.3% CPU
Computing RapidNJ tree took 0.000123 sec (of wall-clock time) 0.000123 sec (of CPU time)
Log-likelihood of RapidNJ tree: -3376.306
--------------------------------------------------------------------
|             INITIALIZING CANDIDATE TREE SET                      |
--------------------------------------------------------------------
Generating 99 parsimony trees... 0.022 second
Computing log-likelihood of 6 initial trees ... 0.011 seconds
Current best score: -3376.306

Do NNI search on 7 best initial trees
Optimizing NNI: done in 0.00561714 secs using 199.7% CPU
Optimizing NNI: done in 0.0124359 secs using 200% CPU
Optimizing NNI: done in 0.012471 secs using 168.1% CPU
Optimizing NNI: done in 0.0126359 secs using 199.9% CPU
Optimizing NNI: done in 0.0125911 secs using 168.1% CPU
Optimizing NNI: done in 0.0197601 secs using 200% CPU
Optimizing NNI: done in 0.019876 secs using 200% CPU
Finish initializing candidate tree set (7)
Current best tree score: -3376.306 / CPU time: 0.135
Number of iterations: 7
--------------------------------------------------------------------
|               OPTIMIZING CANDIDATE TREE SET                      |
--------------------------------------------------------------------
Optimizing NNI: done in 0.0194709 secs using 158.9% CPU
Optimizing NNI: done in 0.012507 secs using 168% CPU
Optimizing NNI: done in 0.012471 secs using 200% CPU
Iteration 10 / LogL: -3376.316 / Time: 0h:0m:0s
Optimizing NNI: done in 0.01211 secs using 108.2% CPU
UPDATE BEST LOG-LIKELIHOOD: -3376.306
Optimizing NNI: done in 0.012481 secs using 99.97% CPU
Optimizing NNI: done in 0.0192261 secs using 99.89% CPU
Optimizing NNI: done in 0.0122502 secs using 99.97% CPU
UPDATE BEST LOG-LIKELIHOOD: -3376.306
Optimizing NNI: done in 0.0122879 secs using 99.97% CPU
Optimizing NNI: done in 0.0124781 secs using 99.98% CPU
Optimizing NNI: done in 0.0123601 secs using 99.97% CPU
Optimizing NNI: done in 0.0123391 secs using 99.97% CPU
Optimizing NNI: done in 0.00541806 secs using 100% CPU
Optimizing NNI: done in 0.0123708 secs using 99.99% CPU
Iteration 20 / LogL: -3376.307 / Time: 0h:0m:0s
Optimizing NNI: done in 0.0123599 secs using 99.95% CPU
Optimizing NNI: done in 0.0194931 secs using 99.98% CPU
Optimizing NNI: done in 0.0121989 secs using 99.98% CPU
Optimizing NNI: done in 0.0124311 secs using 99.97% CPU
Optimizing NNI: done in 0.0121949 secs using 99.98% CPU
Optimizing NNI: done in 0.0124221 secs using 99.98% CPU
Optimizing NNI: done in 0.0123901 secs using 99.98% CPU
Optimizing NNI: done in 0.0192668 secs using 99.97% CPU
Optimizing NNI: done in 0.0198081 secs using 99.97% CPU
Optimizing NNI: done in 0.0123231 secs using 99.97% CPU
Iteration 30 / LogL: -3376.306 / Time: 0h:0m:0s (0h:0m:1s left)
Optimizing NNI: done in 0.0192308 secs using 99.94% CPU
Optimizing NNI: done in 0.012543 secs using 99.98% CPU
Optimizing NNI: done in 0.0125711 secs using 99.96% CPU
Optimizing NNI: done in 0.0126321 secs using 99.98% CPU
Optimizing NNI: done in 0.019804 secs using 99.96% CPU
Optimizing NNI: done in 0.0193241 secs using 99.98% CPU
Optimizing NNI: done in 0.019423 secs using 99.97% CPU
Optimizing NNI: done in 0.012476 secs using 99.98% CPU
Optimizing NNI: done in 0.0122502 secs using 99.97% CPU
Optimizing NNI: done in 0.019918 secs using 99.98% CPU
Iteration 40 / LogL: -3376.331 / Time: 0h:0m:0s (0h:0m:1s left)
Optimizing NNI: done in 0.00549197 secs using 100% CPU
Optimizing NNI: done in 0.012486 secs using 99.98% CPU
Optimizing NNI: done in 0.0194192 secs using 99.97% CPU
Optimizing NNI: done in 0.012387 secs using 99.95% CPU
Optimizing NNI: done in 0.019712 secs using 99.98% CPU
Optimizing NNI: done in 0.0125821 secs using 99.98% CPU
Optimizing NNI: done in 0.0196731 secs using 99.97% CPU
Optimizing NNI: done in 0.0121431 secs using 99.97% CPU
Optimizing NNI: done in 0.0192869 secs using 99.97% CPU
Optimizing NNI: done in 0.0122991 secs using 99.97% CPU
Iteration 50 / LogL: -3376.306 / Time: 0h:0m:0s (0h:0m:0s left)
Log-likelihood cutoff on original alignment: -3392.987
Optimizing NNI: done in 0.019634 secs using 99.95% CPU
Optimizing NNI: done in 0.012507 secs using 99.98% CPU
Optimizing NNI: done in 0.01933 secs using 99.97% CPU
Optimizing NNI: done in 0.0194428 secs using 99.98% CPU
Optimizing NNI: done in 0.0123298 secs using 99.97% CPU
Optimizing NNI: done in 0.0123479 secs using 99.98% CPU
Optimizing NNI: done in 0.0197899 secs using 99.99% CPU
Optimizing NNI: done in 0.0196259 secs using 99.97% CPU
Optimizing NNI: done in 0.00548697 secs using 100% CPU
Optimizing NNI: done in 0.0125539 secs using 99.96% CPU
Iteration 60 / LogL: -3376.314 / Time: 0h:0m:1s (0h:0m:0s left)
Optimizing NNI: done in 0.0122509 secs using 99.98% CPU
Optimizing NNI: done in 0.012332 secs using 99.97% CPU
Optimizing NNI: done in 0.019402 secs using 99.97% CPU
Optimizing NNI: done in 0.0122051 secs using 99.98% CPU
Optimizing NNI: done in 0.0124719 secs using 99.96% CPU
Optimizing NNI: done in 0.0122962 secs using 99.97% CPU
Optimizing NNI: done in 0.019542 secs using 99.98% CPU
Optimizing NNI: done in 0.0195761 secs using 99.97% CPU
Optimizing NNI: done in 0.0124409 secs using 99.98% CPU
Optimizing NNI: done in 0.0121722 secs using 99.97% CPU
Iteration 70 / LogL: -3376.306 / Time: 0h:0m:1s (0h:0m:0s left)
Optimizing NNI: done in 0.0196719 secs using 99.97% CPU
Optimizing NNI: done in 0.01946 secs using 99.97% CPU
Optimizing NNI: done in 0.00539589 secs using 99.93% CPU
Optimizing NNI: done in 0.0200121 secs using 99.97% CPU
Optimizing NNI: done in 0.0194039 secs using 99.97% CPU
Optimizing NNI: done in 0.0123229 secs using 99.98% CPU
Optimizing NNI: done in 0.0123851 secs using 99.97% CPU
Optimizing NNI: done in 0.012696 secs using 99.98% CPU
Optimizing NNI: done in 0.012429 secs using 99.96% CPU
Optimizing NNI: done in 0.0122652 secs using 99.97% CPU
Iteration 80 / LogL: -3376.306 / Time: 0h:0m:1s (0h:0m:0s left)
Optimizing NNI: done in 0.0196581 secs using 99.97% CPU
Optimizing NNI: done in 0.012315 secs using 99.97% CPU
Optimizing NNI: done in 0.0054121 secs using 100% CPU
Optimizing NNI: done in 0.012311 secs using 99.98% CPU
Optimizing NNI: done in 0.0195272 secs using 99.98% CPU
Optimizing NNI: done in 0.0124831 secs using 99.95% CPU
Optimizing NNI: done in 0.0196688 secs using 99.99% CPU
Optimizing NNI: done in 0.00542998 secs using 100% CPU
Optimizing NNI: done in 0.0124569 secs using 99.96% CPU
Optimizing NNI: done in 0.012315 secs using 99.98% CPU
Iteration 90 / LogL: -3376.307 / Time: 0h:0m:1s (0h:0m:0s left)
Optimizing NNI: done in 0.0122411 secs using 99.97% CPU
Optimizing NNI: done in 0.00551391 secs using 99.97% CPU
Optimizing NNI: done in 0.0125029 secs using 99.98% CPU
Optimizing NNI: done in 0.0125721 secs using 99.98% CPU
Optimizing NNI: done in 0.0125148 secs using 99.97% CPU
Optimizing NNI: done in 0.012074 secs using 99.97% CPU
Optimizing NNI: done in 0.0123768 secs using 99.99% CPU
Optimizing NNI: done in 0.0122571 secs using 99.95% CPU
Optimizing NNI: done in 0.00551915 secs using 99.94% CPU
Optimizing NNI: done in 0.0194709 secs using 99.97% CPU
Iteration 100 / LogL: -3376.313 / Time: 0h:0m:1s (0h:0m:0s left)
Log-likelihood cutoff on original alignment: -3392.987
NOTE: Bootstrap correlation coefficient of split occurrence frequencies: 1.000
Optimizing NNI: done in 0.012681 secs using 99.97% CPU
TREE SEARCH COMPLETED AFTER 101 ITERATIONS / Time: 0h:0m:1s

--------------------------------------------------------------------
|                    FINALIZING TREE SEARCH                        |
--------------------------------------------------------------------
Performs final model parameters optimization
Estimate model parameters (epsilon = 0.010)
1. Initial log-likelihood: -3376.306
Optimal log-likelihood: -3376.306
Gamma shape alpha: 1.022
Parameters optimization took 1 rounds (0.005 sec)
BEST SCORE FOUND : -3376.306

Testing tree branches by SH-like aLRT with 1000 replicates...
0.030 sec.
Creating bootstrap support values...
Split supports printed to NEXUS file ../results/molecular_evolution_analyses/phylogenetic_trees/F106160_SMED_G1/F106160_SMED_G1.splits.nex
Total tree length: 1.615

Total number of iterations: 101
CPU time used for tree search: 1.926 sec (0h:0m:1s)
Wall-clock time used for tree search: 1.773 sec (0h:0m:1s)
Total CPU time used: 2.008 sec (0h:0m:2s)
Total wall-clock time used: 1.848 sec (0h:0m:1s)

Computing bootstrap consensus tree...
Reading input file ../results/molecular_evolution_analyses/phylogenetic_trees/F106160_SMED_G1/F106160_SMED_G1.splits.nex...
6 taxa and 13 splits.
Consensus tree written to ../results/molecular_evolution_analyses/phylogenetic_trees/F106160_SMED_G1/F106160_SMED_G1.contree
Reading input trees file ../results/molecular_evolution_analyses/phylogenetic_trees/F106160_SMED_G1/F106160_SMED_G1.contree
Log-likelihood of consensus tree: -3376.306

Analysis results written to: 
  IQ-TREE report:                ../results/molecular_evolution_analyses/phylogenetic_trees/F106160_SMED_G1/F106160_SMED_G1.iqtree
  Maximum-likelihood tree:       ../results/molecular_evolution_analyses/phylogenetic_trees/F106160_SMED_G1/F106160_SMED_G1.treefile
  Likelihood distances:          ../results/molecular_evolution_analyses/phylogenetic_trees/F106160_SMED_G1/F106160_SMED_G1.mldist

Ultrafast bootstrap approximation results written to:
  Split support values:          ../results/molecular_evolution_analyses/phylogenetic_trees/F106160_SMED_G1/F106160_SMED_G1.splits.nex
  Consensus tree:                ../results/molecular_evolution_analyses/phylogenetic_trees/F106160_SMED_G1/F106160_SMED_G1.contree
  Screen log file:               ../results/molecular_evolution_analyses/phylogenetic_trees/F106160_SMED_G1/F106160_SMED_G1.log

Date and Time: Wed May  1 11:26:47 2024
