IQ-TREE multicore version 2.2.2.6 COVID-edition for Linux 64-bit built May 27 2023
Developed by Bui Quang Minh, James Barbetti, Nguyen Lam Tung,
Olga Chernomor, Heiko Schmidt, Dominik Schrempf, Michael Woodhams, Ly Trong Nhan.

Host:    lbc5 (AVX2, FMA3, 125 GB RAM)
Command: /home/mauricio/mauricio_PROGRAMAS/iqtree-2.2.2.6-Linux/bin/iqtree2 -s ../results/molecular_evolution_analyses/alignments_gblocks/F32729_MLIG_G1/F32729_MLIG_G1.aln.gblo -m TEST --threads-max 32 --alrt 1000 --ufboot 1000 --prefix ../results/molecular_evolution_analyses/phylogenetic_trees/F32729_MLIG_G1/F32729_MLIG_G1 -keep-ident -redo
Seed:    5370 (Using SPRNG - Scalable Parallel Random Number Generator)
Time:    Wed May  1 09:48:20 2024
Kernel:  AVX+FMA - 1 threads (32 CPU cores detected)

HINT: Use -nt option to specify number of threads because your CPU has 32 cores!
HINT: -nt AUTO will automatically determine the best number of threads to use.

Reading alignment file ../results/molecular_evolution_analyses/alignments_gblocks/F32729_MLIG_G1/F32729_MLIG_G1.aln.gblo ... Fasta format detected
Reading fasta file: done in 5.38826e-05 secs using 98.36% CPU
Alignment most likely contains protein sequences
Constructing alignment: done in 0.00019598 secs using 100% CPU
Alignment has 6 sequences with 237 columns, 97 distinct patterns
118 parsimony-informative, 1 singleton sites, 118 constant sites
            Gap/Ambiguity  Composition  p-value
Analyzing sequences: done in 7.15256e-06 secs using 97.87% CPU
   1  Mlig.17166    0.00%    passed     84.18%
   2  Mlig.26806    0.00%    passed     84.18%
   3  Mlig.28070    0.00%    passed     84.18%
   4  Mlig.21976    0.00%    passed     82.47%
   5  Mlig.88       0.00%    passed     86.25%
   6  Mlig.5692     0.00%    passed     82.47%
****  TOTAL         0.00%  0 sequences failed composition chi2 test (p-value<5%; df=19)


Create initial parsimony tree by phylogenetic likelihood library (PLL)... 0.000 seconds
Perform fast likelihood tree search using LG+I+G model...
Estimate model parameters (epsilon = 5.000)
Perform nearest neighbor interchange...
Optimizing NNI: done in 0.00417399 secs using 99.86% CPU
Estimate model parameters (epsilon = 1.000)
1. Initial log-likelihood: -1188.028
Optimal log-likelihood: -1187.821
Proportion of invariable sites: 0.251
Gamma shape alpha: 4.503
Parameters optimization took 1 rounds (0.009 sec)
Time for fast ML tree search: 0.032 seconds

NOTE: ModelFinder requires 0 MB RAM!
ModelFinder will test up to 224 protein models (sample size: 237) ...
 No. Model         -LnL         df  AIC          AICc         BIC
  1  LG            1190.768     9   2399.535     2400.328     2430.748
  2  LG+I          1187.744     10  2395.487     2396.461     2430.168
  3  LG+G4         1187.775     10  2395.550     2396.523     2430.230
  4  LG+I+G4       1187.737     11  2397.474     2398.647     2435.622
  5  LG+F          1149.915     28  2355.831     2363.638     2452.936
  6  LG+F+I        1147.730     29  2353.460     2361.866     2454.034
  7  LG+F+G4       1147.636     29  2353.272     2361.677     2453.845
  8  LG+F+I+G4     1147.809     30  2355.618     2364.647     2459.660
  9  WAG           1188.645     9   2395.291     2396.084     2426.504
 10  WAG+I         1186.925     10  2393.851     2394.824     2428.531
 11  WAG+G4        1186.635     10  2393.270     2394.244     2427.951
 12  WAG+I+G4      1186.913     11  2395.825     2396.999     2433.974
 13  WAG+F         1153.294     28  2362.588     2370.395     2459.693
 14  WAG+F+I       1152.659     29  2363.319     2371.724     2463.892
 15  WAG+F+G4      1152.346     29  2362.693     2371.099     2463.266
 16  WAG+F+I+G4    1152.833     30  2365.666     2374.695     2469.708
 17  JTT           1185.512     9   2389.024     2389.817     2420.237
 18  JTT+I         1183.577     10  2387.153     2388.127     2421.834
 19  JTT+G4        1182.778     10  2385.555     2386.529     2420.236
 20  JTT+I+G4      1183.389     11  2388.779     2389.952     2426.928
 21  JTT+F         1151.164     28  2358.329     2366.136     2455.434
 22  JTT+F+I       1149.967     29  2357.934     2366.340     2458.508
 23  JTT+F+G4      1149.142     29  2356.283     2364.689     2456.857
 24  JTT+F+I+G4    1149.948     30  2359.895     2368.924     2463.937
WARNING: Normalizing state frequencies so that sum of them equals to 1
 25  Q.pfam        1183.733     9   2385.466     2386.259     2416.678
WARNING: Normalizing state frequencies so that sum of them equals to 1
 26  Q.pfam+I      1182.017     10  2384.034     2385.007     2418.714
WARNING: Normalizing state frequencies so that sum of them equals to 1
 27  Q.pfam+G4     1182.206     10  2384.411     2385.385     2419.092
WARNING: Normalizing state frequencies so that sum of them equals to 1
 28  Q.pfam+I+G4   1182.064     11  2386.128     2387.301     2424.276
WARNING: Normalizing state frequencies so that sum of them equals to 1
 29  Q.pfam+F      1147.821     28  2351.643     2359.451     2448.749
WARNING: Normalizing state frequencies so that sum of them equals to 1
 30  Q.pfam+F+I    1146.657     29  2351.314     2359.720     2451.888
WARNING: Normalizing state frequencies so that sum of them equals to 1
 31  Q.pfam+F+G4   1146.679     29  2351.359     2359.765     2451.933
WARNING: Normalizing state frequencies so that sum of them equals to 1
 32  Q.pfam+F+I+G4 1146.798     30  2353.595     2362.624     2457.637
WARNING: Normalizing state frequencies so that sum of them equals to 1
 33  Q.bird        1197.555     9   2413.110     2413.903     2444.322
WARNING: Normalizing state frequencies so that sum of them equals to 1
 34  Q.bird+I      1191.503     10  2403.007     2403.980     2437.687
WARNING: Normalizing state frequencies so that sum of them equals to 1
 35  Q.bird+G4     1190.084     10  2400.168     2401.142     2434.849
WARNING: Normalizing state frequencies so that sum of them equals to 1
 36  Q.bird+I+G4   1190.526     11  2403.052     2404.226     2441.201
WARNING: Normalizing state frequencies so that sum of them equals to 1
 37  Q.bird+F      1161.184     28  2378.369     2386.176     2475.474
WARNING: Normalizing state frequencies so that sum of them equals to 1
 38  Q.bird+F+I    1155.918     29  2369.836     2378.241     2470.409
WARNING: Normalizing state frequencies so that sum of them equals to 1
 39  Q.bird+F+G4   1153.814     29  2365.627     2374.033     2466.201
WARNING: Normalizing state frequencies so that sum of them equals to 1
 40  Q.bird+F+I+G4 1154.509     30  2369.019     2378.048     2473.061
WARNING: Normalizing state frequencies so that sum of them equals to 1
 41  Q.mammal      1194.694     9   2407.387     2408.180     2438.600
WARNING: Normalizing state frequencies so that sum of them equals to 1
 42  Q.mammal+I    1191.046     10  2402.091     2403.065     2436.772
WARNING: Normalizing state frequencies so that sum of them equals to 1
 43  Q.mammal+G4   1190.188     10  2400.376     2401.350     2435.057
WARNING: Normalizing state frequencies so that sum of them equals to 1
 44  Q.mammal+I+G4 1190.601     11  2403.202     2404.376     2441.351
WARNING: Normalizing state frequencies so that sum of them equals to 1
 45  Q.mammal+F    1156.102     28  2368.204     2376.012     2465.310
WARNING: Normalizing state frequencies so that sum of them equals to 1
 46  Q.mammal+F+I  1153.232     29  2364.465     2372.870     2465.038
WARNING: Normalizing state frequencies so that sum of them equals to 1
 47  Q.mammal+F+G4 1151.963     29  2361.926     2370.332     2462.500
WARNING: Normalizing state frequencies so that sum of them equals to 1
 48  Q.mammal+F+I+G4 1152.650     30  2365.301     2374.330     2469.343
 49  Q.insect      1205.743     9   2429.487     2430.280     2460.699
 50  Q.insect+I    1202.614     10  2425.228     2426.201     2459.908
 51  Q.insect+G4   1202.479     10  2424.959     2425.932     2459.639
 52  Q.insect+I+G4 1202.545     11  2427.090     2428.264     2465.239
 53  Q.insect+F    1150.950     28  2357.899     2365.707     2455.005
 54  Q.insect+F+I  1148.482     29  2354.964     2363.369     2455.537
 55  Q.insect+F+G4 1148.091     29  2354.181     2362.587     2454.755
 56  Q.insect+F+I+G4 1148.382     30  2356.763     2365.792     2460.805
WARNING: Normalizing state frequencies so that sum of them equals to 1
 57  Q.plant       1195.155     9   2408.309     2409.102     2439.522
WARNING: Normalizing state frequencies so that sum of them equals to 1
 58  Q.plant+I     1188.229     10  2396.459     2397.432     2431.139
WARNING: Normalizing state frequencies so that sum of them equals to 1
 59  Q.plant+G4    1187.619     10  2395.237     2396.211     2429.918
WARNING: Normalizing state frequencies so that sum of them equals to 1
 60  Q.plant+I+G4  1187.808     11  2397.617     2398.790     2435.765
WARNING: Normalizing state frequencies so that sum of them equals to 1
 61  Q.plant+F     1155.149     28  2366.298     2374.106     2463.404
WARNING: Normalizing state frequencies so that sum of them equals to 1
 62  Q.plant+F+I   1149.452     29  2356.904     2365.310     2457.478
WARNING: Normalizing state frequencies so that sum of them equals to 1
 63  Q.plant+F+G4  1148.478     29  2354.957     2363.362     2455.530
WARNING: Normalizing state frequencies so that sum of them equals to 1
 64  Q.plant+F+I+G4 1148.892     30  2357.784     2366.813     2461.826
WARNING: Normalizing state frequencies so that sum of them equals to 1
 65  Q.yeast       1210.711     9   2439.422     2440.215     2470.635
WARNING: Normalizing state frequencies so that sum of them equals to 1
 66  Q.yeast+I     1207.760     10  2435.519     2436.493     2470.200
WARNING: Normalizing state frequencies so that sum of them equals to 1
 67  Q.yeast+G4    1207.708     10  2435.417     2436.390     2470.097
WARNING: Normalizing state frequencies so that sum of them equals to 1
 68  Q.yeast+I+G4  1207.743     11  2437.486     2438.659     2475.634
WARNING: Normalizing state frequencies so that sum of them equals to 1
 69  Q.yeast+F     1147.484     28  2350.969     2358.776     2448.074
WARNING: Normalizing state frequencies so that sum of them equals to 1
 70  Q.yeast+F+I   1145.625     29  2349.250     2357.655     2449.823
WARNING: Normalizing state frequencies so that sum of them equals to 1
 71  Q.yeast+F+G4  1145.524     29  2349.048     2357.454     2449.622
WARNING: Normalizing state frequencies so that sum of them equals to 1
 72  Q.yeast+F+I+G4 1145.688     30  2351.377     2360.406     2455.419
 73  JTTDCMut      1186.041     9   2390.083     2390.876     2421.296
 74  JTTDCMut+I    1184.025     10  2388.051     2389.024     2422.731
 75  JTTDCMut+G4   1183.153     10  2386.306     2387.279     2420.986
 76  JTTDCMut+I+G4 1183.788     11  2389.576     2390.750     2427.725
 77  JTTDCMut+F    1151.693     28  2359.387     2367.194     2456.492
 78  JTTDCMut+F+I  1150.458     29  2358.915     2367.321     2459.489
 79  JTTDCMut+F+G4 1149.566     29  2357.132     2365.538     2457.705
 80  JTTDCMut+F+I+G4 1150.389     30  2360.778     2369.808     2464.820
 81  DCMut         1211.145     9   2440.290     2441.083     2471.502
 82  DCMut+I       1202.057     10  2424.114     2425.087     2458.795
 83  DCMut+G4      1197.268     10  2414.537     2415.510     2449.217
 84  DCMut+I+G4    1198.170     11  2418.339     2419.513     2456.488
 85  DCMut+F       1169.715     28  2395.430     2403.237     2492.535
 86  DCMut+F+I     1163.121     29  2384.242     2392.648     2484.816
 87  DCMut+F+G4    1158.628     29  2375.256     2383.661     2475.829
 88  DCMut+F+I+G4  1159.574     30  2379.148     2388.177     2483.189
 89  VT            1184.625     9   2387.250     2388.043     2418.462
 90  VT+I          1184.630     10  2389.261     2390.234     2423.941
 91  VT+G4         1184.663     10  2389.326     2390.300     2424.007
 92  VT+I+G4       1185.526     11  2393.052     2394.226     2431.201
 93  VT+F          1145.748     28  2347.495     2355.303     2444.601
 94  VT+F+I        1145.747     29  2349.495     2357.901     2450.069
 95  VT+F+G4       1145.749     29  2349.497     2357.903     2450.071
 96  VT+F+I+G4     1146.930     30  2353.860     2362.889     2457.902
 97  PMB           1179.483     9   2376.967     2377.759     2408.179
 98  PMB+I         1179.494     10  2378.988     2379.961     2413.668
 99  PMB+G4        1179.471     10  2378.941     2379.915     2413.622
100  PMB+I+G4      1180.196     11  2382.392     2383.565     2420.541
101  PMB+F         1153.370     28  2362.741     2370.548     2459.846
102  PMB+F+I       1153.377     29  2364.754     2373.159     2465.327
103  PMB+F+G4      1153.415     29  2364.829     2373.235     2465.403
104  PMB+F+I+G4    1154.312     30  2368.625     2377.654     2472.667
105  Blosum62      1182.726     9   2383.453     2384.246     2414.665
106  Blosum62+I    1182.726     10  2385.453     2386.426     2420.133
107  Blosum62+G4   1182.770     10  2385.540     2386.514     2420.221
108  Blosum62+I+G4 1183.683     11  2389.366     2390.540     2427.515
109  Blosum62+F    1148.318     28  2352.636     2360.444     2449.742
110  Blosum62+F+I  1148.318     29  2354.636     2363.041     2455.209
111  Blosum62+F+G4 1148.319     29  2354.638     2363.044     2455.212
112  Blosum62+F+I+G4 1149.377     30  2358.754     2367.783     2462.796
113  Dayhoff       1211.158     9   2440.317     2441.110     2471.529
114  Dayhoff+I     1202.016     10  2424.032     2425.005     2458.712
115  Dayhoff+G4    1197.222     10  2414.444     2415.418     2449.125
116  Dayhoff+I+G4  1198.121     11  2418.242     2419.416     2456.391
117  Dayhoff+F     1169.703     28  2395.405     2403.213     2492.511
118  Dayhoff+F+I   1163.080     29  2384.160     2392.566     2484.734
119  Dayhoff+F+G4  1158.577     29  2375.155     2383.561     2475.729
120  Dayhoff+F+I+G4 1159.522     30  2379.044     2388.073     2483.086
121  mtREV         1232.052     9   2482.104     2482.896     2513.316
122  mtREV+I       1220.873     10  2461.746     2462.720     2496.427
123  mtREV+G4      1218.811     10  2457.622     2458.596     2492.303
124  mtREV+I+G4    1219.097     11  2460.194     2461.367     2498.342
125  mtREV+F       1158.442     28  2372.885     2380.692     2469.990
126  mtREV+F+I     1150.896     29  2359.791     2368.197     2460.365
127  mtREV+F+G4    1149.660     29  2357.321     2365.727     2457.895
128  mtREV+F+I+G4  1150.021     30  2360.041     2369.070     2464.083
129  mtART         1236.329     9   2490.659     2491.451     2521.871
130  mtART+I       1219.216     10  2458.433     2459.406     2493.113
131  mtART+G4      1214.098     10  2448.197     2449.170     2482.877
132  mtART+I+G4    1214.706     11  2451.412     2452.585     2489.561
133  mtART+F       1164.281     28  2384.563     2392.371     2481.669
134  mtART+F+I     1152.051     29  2362.102     2370.508     2462.676
135  mtART+F+G4    1146.866     29  2351.733     2360.139     2452.307
136  mtART+F+I+G4  1147.697     30  2355.393     2364.423     2459.435
137  mtZOA         1203.516     9   2425.032     2425.825     2456.245
138  mtZOA+I       1195.539     10  2411.078     2412.052     2445.759
139  mtZOA+G4      1193.079     10  2406.157     2407.131     2440.838
140  mtZOA+I+G4    1193.609     11  2409.217     2410.391     2447.366
141  mtZOA+F       1150.318     28  2356.635     2364.443     2453.741
142  mtZOA+F+I     1144.629     29  2347.259     2355.664     2447.832
143  mtZOA+F+G4    1142.508     29  2343.016     2351.422     2443.590
144  mtZOA+F+I+G4  1143.245     30  2346.490     2355.519     2450.531
145  mtMet         1236.794     9   2491.588     2492.381     2522.800
146  mtMet+I       1230.719     10  2481.438     2482.411     2516.118
147  mtMet+G4      1229.139     10  2478.278     2479.252     2512.959
148  mtMet+I+G4    1229.660     11  2481.319     2482.493     2519.468
149  mtMet+F       1148.711     28  2353.421     2361.229     2450.527
150  mtMet+F+I     1144.989     29  2347.978     2356.384     2448.552
151  mtMet+F+G4    1143.811     29  2345.623     2354.028     2446.196
152  mtMet+F+I+G4  1144.559     30  2349.118     2358.147     2453.160
153  mtVer         1245.187     9   2508.373     2509.166     2539.586
154  mtVer+I       1232.533     10  2485.065     2486.039     2519.746
155  mtVer+G4      1229.561     10  2479.122     2480.096     2513.803
156  mtVer+I+G4    1229.937     11  2481.874     2483.047     2520.022
157  mtVer+F       1162.108     28  2380.216     2388.023     2477.321
158  mtVer+F+I     1153.235     29  2364.469     2372.875     2465.043
159  mtVer+F+G4    1151.290     29  2360.580     2368.986     2461.154
160  mtVer+F+I+G4  1151.726     30  2363.452     2372.481     2467.494
161  mtInv         1253.133     9   2524.266     2525.059     2555.478
162  mtInv+I       1249.019     10  2518.039     2519.012     2552.719
163  mtInv+G4      1248.479     10  2516.958     2517.931     2551.639
164  mtInv+I+G4    1248.776     11  2519.552     2520.726     2557.701
165  mtInv+F       1144.490     28  2344.980     2352.788     2442.086
166  mtInv+F+I     1142.710     29  2343.420     2351.826     2443.994
167  mtInv+F+G4    1142.056     29  2342.111     2350.517     2442.685
168  mtInv+F+I+G4  1142.770     30  2345.539     2354.568     2449.581
169  mtMAM         1251.496     9   2520.992     2521.785     2552.204
170  mtMAM+I       1228.001     10  2476.002     2476.976     2510.683
171  mtMAM+G4      1222.214     10  2464.428     2465.402     2499.109
172  mtMAM+I+G4    1222.685     11  2467.369     2468.543     2505.518
173  mtMAM+F       1174.731     28  2405.463     2413.270     2502.568
174  mtMAM+F+I     1157.980     29  2373.960     2382.366     2474.534
175  mtMAM+F+G4    1152.983     29  2363.966     2372.371     2464.539
176  mtMAM+F+I+G4  1153.560     30  2367.119     2376.148     2471.161
WARNING: Normalizing state frequencies so that sum of them equals to 1
177  FLAVI         1213.168     9   2444.336     2445.129     2475.549
WARNING: Normalizing state frequencies so that sum of them equals to 1
178  FLAVI+I       1194.842     10  2409.684     2410.657     2444.364
WARNING: Normalizing state frequencies so that sum of them equals to 1
179  FLAVI+G4      1189.143     10  2398.286     2399.259     2432.966
WARNING: Normalizing state frequencies so that sum of them equals to 1
180  FLAVI+I+G4    1189.729     11  2401.458     2402.631     2439.607
WARNING: Normalizing state frequencies so that sum of them equals to 1
181  FLAVI+F       1182.067     28  2420.133     2427.941     2517.239
WARNING: Normalizing state frequencies so that sum of them equals to 1
182  FLAVI+F+I     1164.035     29  2386.071     2394.477     2486.645
WARNING: Normalizing state frequencies so that sum of them equals to 1
183  FLAVI+F+G4    1159.246     29  2376.492     2384.897     2477.065
WARNING: Normalizing state frequencies so that sum of them equals to 1
184  FLAVI+F+I+G4  1159.824     30  2379.648     2388.677     2483.690
185  HIVb          1209.436     9   2436.872     2437.665     2468.084
186  HIVb+I        1197.111     10  2414.222     2415.196     2448.903
187  HIVb+G4       1195.379     10  2410.758     2411.731     2445.438
188  HIVb+I+G4     1195.636     11  2413.271     2414.445     2451.420
189  HIVb+F        1171.614     28  2399.229     2407.037     2496.335
190  HIVb+F+I      1159.148     29  2376.296     2384.702     2476.870
191  HIVb+F+G4     1158.472     29  2374.943     2383.349     2475.517
192  HIVb+F+I+G4   1158.513     30  2377.026     2386.055     2481.068
193  HIVw          1263.988     9   2545.975     2546.768     2577.188
194  HIVw+I        1247.600     10  2515.200     2516.174     2549.881
195  HIVw+G4       1236.832     10  2493.663     2494.637     2528.344
196  HIVw+I+G4     1237.829     11  2497.659     2498.832     2535.807
197  HIVw+F        1185.451     28  2426.902     2434.709     2524.007
198  HIVw+F+I      1172.726     29  2403.453     2411.859     2504.026
199  HIVw+F+G4     1163.638     29  2385.276     2393.682     2485.850
200  HIVw+F+I+G4   1164.749     30  2389.497     2398.526     2493.539
201  FLU           1231.346     9   2480.693     2481.486     2511.905
202  FLU+I         1222.616     10  2465.232     2466.205     2499.912
203  FLU+G4        1214.349     10  2448.698     2449.672     2483.379
204  FLU+I+G4      1215.375     11  2452.749     2453.923     2490.898
205  FLU+F         1175.617     28  2407.234     2415.042     2504.340
206  FLU+F+I       1169.041     29  2396.081     2404.487     2496.655
207  FLU+F+G4      1161.481     29  2380.961     2389.367     2481.535
208  FLU+F+I+G4    1162.671     30  2385.341     2394.371     2489.383
209  rtREV         1195.836     9   2409.671     2410.464     2440.884
210  rtREV+I       1193.851     10  2407.703     2408.676     2442.384
211  rtREV+G4      1194.154     10  2408.309     2409.282     2442.989
212  rtREV+I+G4    1193.907     11  2409.814     2410.987     2447.962
213  rtREV+F       1147.339     28  2350.677     2358.485     2447.783
214  rtREV+F+I     1145.517     29  2349.035     2357.441     2449.608
215  rtREV+F+G4    1145.987     29  2349.974     2358.379     2450.547
216  rtREV+F+I+G4  1145.619     30  2351.238     2360.267     2455.279
217  cpREV         1181.352     9   2380.704     2381.496     2411.916
218  cpREV+I       1179.218     10  2378.435     2379.409     2413.116
219  cpREV+G4      1179.147     10  2378.294     2379.268     2412.975
220  cpREV+I+G4    1179.259     11  2380.517     2381.691     2418.666
221  cpREV+F       1146.281     28  2348.561     2356.369     2445.667
222  cpREV+F+I     1145.140     29  2348.279     2356.685     2448.853
223  cpREV+F+G4    1144.971     29  2347.942     2356.348     2448.516
224  cpREV+F+I+G4  1145.339     30  2350.679     2359.708     2454.720
Akaike Information Criterion:           mtInv+F+G4
Corrected Akaike Information Criterion: mtInv+F+G4
Bayesian Information Criterion:         PMB
Best-fit model: PMB chosen according to BIC

All model information printed to ../results/molecular_evolution_analyses/phylogenetic_trees/F32729_MLIG_G1/F32729_MLIG_G1.model.gz
CPU time for ModelFinder: 2.379 seconds (0h:0m:2s)
Wall-clock time for ModelFinder: 2.384 seconds (0h:0m:2s)
Generating 1000 samples for ultrafast bootstrap (seed: 5370)...

NOTE: 0 MB RAM (0 GB) is required!
Estimate model parameters (epsilon = 0.100)
1. Initial log-likelihood: -1179.483
Optimal log-likelihood: -1179.483
Parameters optimization took 1 rounds (0.000 sec)
Wrote distance file to... 
Computing ML distances based on estimated model parameters...
Calculating distance matrix: done in 0.000969887 secs using 99.29% CPU
Computing ML distances took 0.000993 sec (of wall-clock time) 0.000985 sec (of CPU time)
Setting up auxiliary I and S matrices: done in 3.98159e-05 secs using 97.95% CPU
Constructing RapidNJ tree: done in 2.40803e-05 secs using 99.67% CPU
Computing RapidNJ tree took 0.000137 sec (of wall-clock time) 0.000135 sec (of CPU time)
Log-likelihood of RapidNJ tree: -1179.483
--------------------------------------------------------------------
|             INITIALIZING CANDIDATE TREE SET                      |
--------------------------------------------------------------------
Generating 98 parsimony trees... 0.015 second
Computing log-likelihood of 13 initial trees ... 0.003 seconds
Current best score: -1179.483

Do NNI search on 15 best initial trees
Optimizing NNI: done in 0.000928879 secs using 199.8% CPU
Optimizing NNI: done in 0.001091 secs using 200% CPU
Optimizing NNI: done in 0.00195599 secs using 200% CPU
Optimizing NNI: done in 0.00198889 secs using 200% CPU
Optimizing NNI: done in 0.00196695 secs using 200% CPU
Optimizing NNI: done in 0.00198412 secs using 199.8% CPU
Optimizing NNI: done in 0.00197816 secs using 199.9% CPU
Optimizing NNI: done in 0.00198603 secs using 199.9% CPU
Optimizing NNI: done in 0.00408411 secs using 157.9% CPU
Optimizing NNI: done in 0.00193501 secs using 94.06% CPU
Iteration 10 / LogL: -1179.488 / Time: 0h:0m:0s
Optimizing NNI: done in 0.00201893 secs using 200.1% CPU
Optimizing NNI: done in 0.00202298 secs using 200% CPU
Optimizing NNI: done in 0.00203013 secs using 199.9% CPU
Optimizing NNI: done in 0.00203919 secs using 199.9% CPU
Optimizing NNI: done in 0.00195789 secs using 200% CPU
Finish initializing candidate tree set (15)
Current best tree score: -1179.483 / CPU time: 0.053
Number of iterations: 15
--------------------------------------------------------------------
|               OPTIMIZING CANDIDATE TREE SET                      |
--------------------------------------------------------------------
Optimizing NNI: done in 0.00189805 secs using 200% CPU
Optimizing NNI: done in 0.000849009 secs using 200% CPU
UPDATE BEST LOG-LIKELIHOOD: -1179.483
Optimizing NNI: done in 0.00184608 secs using 199.7% CPU
Optimizing NNI: done in 0.00184608 secs using 200% CPU
UPDATE BEST LOG-LIKELIHOOD: -1179.483
Optimizing NNI: done in 0.000857115 secs using 199.4% CPU
Iteration 20 / LogL: -1179.486 / Time: 0h:0m:0s
Optimizing NNI: done in 0.001791 secs using 199.8% CPU
Optimizing NNI: done in 0.000835896 secs using 199.7% CPU
Optimizing NNI: done in 0.00176597 secs using 200% CPU
Optimizing NNI: done in 0.00188589 secs using 199.7% CPU
Optimizing NNI: done in 0.00183606 secs using 200.1% CPU
Optimizing NNI: done in 0.00182295 secs using 200% CPU
Optimizing NNI: done in 0.000833035 secs using 200.4% CPU
Optimizing NNI: done in 0.00181413 secs using 199.9% CPU
Optimizing NNI: done in 0.00175714 secs using 200% CPU
Optimizing NNI: done in 0.00287104 secs using 200.1% CPU
Iteration 30 / LogL: -1179.483 / Time: 0h:0m:0s (0h:0m:0s left)
Optimizing NNI: done in 0.00188994 secs using 199.8% CPU
Optimizing NNI: done in 0.00288606 secs using 199.9% CPU
Optimizing NNI: done in 0.00188994 secs using 200% CPU
Optimizing NNI: done in 0.000841856 secs using 199.8% CPU
Optimizing NNI: done in 0.00192118 secs using 199.8% CPU
Optimizing NNI: done in 0.000849962 secs using 200% CPU
Optimizing NNI: done in 0.0029068 secs using 199.8% CPU
Optimizing NNI: done in 0.000843048 secs using 200% CPU
Optimizing NNI: done in 0.00290084 secs using 200% CPU
Optimizing NNI: done in 0.00189114 secs using 200% CPU
Iteration 40 / LogL: -1179.558 / Time: 0h:0m:0s (0h:0m:0s left)
Optimizing NNI: done in 0.00180888 secs using 200.2% CPU
Optimizing NNI: done in 0.00189304 secs using 199.8% CPU
Optimizing NNI: done in 0.00279999 secs using 200% CPU
Optimizing NNI: done in 0.00183606 secs using 200% CPU
Optimizing NNI: done in 0.00182986 secs using 200% CPU
Optimizing NNI: done in 0.000848055 secs using 199.9% CPU
Optimizing NNI: done in 0.00190997 secs using 139.6% CPU
Optimizing NNI: done in 0.00189495 secs using 100% CPU
Optimizing NNI: done in 0.00181603 secs using 100% CPU
Optimizing NNI: done in 0.00289607 secs using 100% CPU
Iteration 50 / LogL: -1179.559 / Time: 0h:0m:0s (0h:0m:0s left)
Log-likelihood cutoff on original alignment: -1181.270
Optimizing NNI: done in 0.00192785 secs using 99.96% CPU
Optimizing NNI: done in 0.00187111 secs using 99.94% CPU
UPDATE BEST LOG-LIKELIHOOD: -1179.483
Optimizing NNI: done in 0.00193191 secs using 99.69% CPU
Optimizing NNI: done in 0.00187683 secs using 100% CPU
UPDATE BEST LOG-LIKELIHOOD: -1179.483
Optimizing NNI: done in 0.00284505 secs using 99.82% CPU
Optimizing NNI: done in 0.00178504 secs using 100% CPU
Optimizing NNI: done in 0.00176191 secs using 100% CPU
Optimizing NNI: done in 0.00389314 secs using 99.92% CPU
Optimizing NNI: done in 0.00183511 secs using 99.99% CPU
UPDATE BEST LOG-LIKELIHOOD: -1179.483
Optimizing NNI: done in 0.00190282 secs using 99.8% CPU
Iteration 60 / LogL: -1179.486 / Time: 0h:0m:0s (0h:0m:0s left)
Optimizing NNI: done in 0.000841856 secs using 100% CPU
Optimizing NNI: done in 0.000844002 secs using 100% CPU
Optimizing NNI: done in 0.00184298 secs using 100% CPU
UPDATE BEST LOG-LIKELIHOOD: -1179.483
Optimizing NNI: done in 0.00194001 secs using 99.74% CPU
Optimizing NNI: done in 0.000844955 secs using 100% CPU
Optimizing NNI: done in 0.000829935 secs using 100% CPU
Optimizing NNI: done in 0.000828028 secs using 100% CPU
Optimizing NNI: done in 0.00180793 secs using 100% CPU
Optimizing NNI: done in 0.00176096 secs using 100% CPU
Optimizing NNI: done in 0.000838995 secs using 100% CPU
Iteration 70 / LogL: -1179.483 / Time: 0h:0m:0s (0h:0m:0s left)
Optimizing NNI: done in 0.000844002 secs using 100% CPU
Optimizing NNI: done in 0.00179005 secs using 100% CPU
Optimizing NNI: done in 0.000838041 secs using 100% CPU
Optimizing NNI: done in 0.00180697 secs using 100.1% CPU
Optimizing NNI: done in 0.00180387 secs using 99.79% CPU
Optimizing NNI: done in 0.000849009 secs using 100% CPU
Optimizing NNI: done in 0.0019238 secs using 99.96% CPU
Optimizing NNI: done in 0.00179482 secs using 100% CPU
Optimizing NNI: done in 0.00182319 secs using 99.99% CPU
Optimizing NNI: done in 0.00280499 secs using 100% CPU
Iteration 80 / LogL: -1179.558 / Time: 0h:0m:0s (0h:0m:0s left)
Optimizing NNI: done in 0.00278497 secs using 100% CPU
Optimizing NNI: done in 0.00177693 secs using 100.1% CPU
Optimizing NNI: done in 0.0028429 secs using 99.97% CPU
Optimizing NNI: done in 0.000830173 secs using 99.98% CPU
Optimizing NNI: done in 0.00282884 secs using 99.97% CPU
Optimizing NNI: done in 0.0018971 secs using 99.99% CPU
Optimizing NNI: done in 0.000856876 secs using 99.9% CPU
Optimizing NNI: done in 0.00191498 secs using 100% CPU
Optimizing NNI: done in 0.000841856 secs using 99.9% CPU
UPDATE BEST LOG-LIKELIHOOD: -1179.483
Optimizing NNI: done in 0.00183606 secs using 99.78% CPU
Iteration 90 / LogL: -1179.558 / Time: 0h:0m:0s (0h:0m:0s left)
Optimizing NNI: done in 0.00182104 secs using 99.83% CPU
Optimizing NNI: done in 0.000849009 secs using 99.88% CPU
Optimizing NNI: done in 0.00186086 secs using 99.85% CPU
UPDATE BEST LOG-LIKELIHOOD: -1179.483
Optimizing NNI: done in 0.00190496 secs using 99.79% CPU
Optimizing NNI: done in 0.00279713 secs using 100% CPU
Optimizing NNI: done in 0.0017879 secs using 100.1% CPU
Optimizing NNI: done in 0.00393605 secs using 100% CPU
Optimizing NNI: done in 0.00280094 secs using 100% CPU
Optimizing NNI: done in 0.000836134 secs using 99.98% CPU
Optimizing NNI: done in 0.00182295 secs using 99.84% CPU
Iteration 100 / LogL: -1179.558 / Time: 0h:0m:0s (0h:0m:0s left)
Log-likelihood cutoff on original alignment: -1181.269
NOTE: Bootstrap correlation coefficient of split occurrence frequencies: 0.987
NOTE: UFBoot does not converge, continue at least 100 more iterations
Optimizing NNI: done in 0.000852108 secs using 99.87% CPU
Optimizing NNI: done in 0.00286198 secs using 100% CPU
Optimizing NNI: done in 0.00294995 secs using 100% CPU
Optimizing NNI: done in 0.00180984 secs using 100% CPU
Optimizing NNI: done in 0.00293899 secs using 99.9% CPU
Optimizing NNI: done in 0.00190282 secs using 100% CPU
Optimizing NNI: done in 0.00385499 secs using 99.92% CPU
Optimizing NNI: done in 0.00385404 secs using 100% CPU
Optimizing NNI: done in 0.00187612 secs using 99.99% CPU
Optimizing NNI: done in 0.00292087 secs using 100% CPU
Iteration 110 / LogL: -1179.487 / Time: 0h:0m:0s (0h:0m:0s left)
Optimizing NNI: done in 0.00178599 secs using 100% CPU
Optimizing NNI: done in 0.00181699 secs using 100% CPU
Optimizing NNI: done in 0.000822067 secs using 99.99% CPU
Optimizing NNI: done in 0.00174904 secs using 100% CPU
Optimizing NNI: done in 0.00185204 secs using 100.1% CPU
Optimizing NNI: done in 0.0018971 secs using 99.84% CPU
Optimizing NNI: done in 0.00387406 secs using 100% CPU
Optimizing NNI: done in 0.00180888 secs using 100% CPU
Optimizing NNI: done in 0.00279713 secs using 100% CPU
Optimizing NNI: done in 0.00189495 secs using 100.1% CPU
Iteration 120 / LogL: -1179.547 / Time: 0h:0m:0s (0h:0m:0s left)
Optimizing NNI: done in 0.00290489 secs using 100% CPU
Optimizing NNI: done in 0.00278711 secs using 99.96% CPU
Optimizing NNI: done in 0.000825167 secs using 99.98% CPU
Optimizing NNI: done in 0.00186396 secs using 100% CPU
Optimizing NNI: done in 0.000828981 secs using 100% CPU
Optimizing NNI: done in 0.00175405 secs using 100.1% CPU
Optimizing NNI: done in 0.000823975 secs using 100% CPU
Optimizing NNI: done in 0.000822067 secs using 100.1% CPU
Optimizing NNI: done in 0.00180888 secs using 99.79% CPU
Optimizing NNI: done in 0.000831127 secs using 99.86% CPU
Iteration 130 / LogL: -1179.483 / Time: 0h:0m:0s (0h:0m:0s left)
Optimizing NNI: done in 0.00177097 secs using 99.95% CPU
Optimizing NNI: done in 0.00188804 secs using 100.1% CPU
Optimizing NNI: done in 0.000845909 secs using 99.89% CPU
Optimizing NNI: done in 0.000854969 secs using 99.89% CPU
Optimizing NNI: done in 0.000852108 secs using 99.99% CPU
Optimizing NNI: done in 0.00185895 secs using 99.95% CPU
Optimizing NNI: done in 0.00295997 secs using 99.9% CPU
Optimizing NNI: done in 0.00184488 secs using 99.95% CPU
Optimizing NNI: done in 0.000840902 secs using 100% CPU
Optimizing NNI: done in 0.00182605 secs using 99.83% CPU
Iteration 140 / LogL: -1179.483 / Time: 0h:0m:0s (0h:0m:0s left)
Optimizing NNI: done in 0.002882 secs using 100% CPU
Optimizing NNI: done in 0.000842094 secs using 99.87% CPU
Optimizing NNI: done in 0.00182486 secs using 99.95% CPU
Optimizing NNI: done in 0.00177407 secs using 100% CPU
Optimizing NNI: done in 0.00191712 secs using 99.84% CPU
Optimizing NNI: done in 0.00182891 secs using 100% CPU
Optimizing NNI: done in 0.00387478 secs using 100% CPU
Optimizing NNI: done in 0.00289297 secs using 100% CPU
Optimizing NNI: done in 0.0018189 secs using 100.1% CPU
Optimizing NNI: done in 0.00279999 secs using 100% CPU
Iteration 150 / LogL: -1179.558 / Time: 0h:0m:0s (0h:0m:0s left)
Log-likelihood cutoff on original alignment: -1181.270
Optimizing NNI: done in 0.00192595 secs using 99.95% CPU
Optimizing NNI: done in 0.00278497 secs using 99.89% CPU
Optimizing NNI: done in 0.0017972 secs using 99.99% CPU
Optimizing NNI: done in 0.00278711 secs using 99.96% CPU
Optimizing NNI: done in 0.0018189 secs using 100% CPU
Optimizing NNI: done in 0.00183201 secs using 99.94% CPU
Optimizing NNI: done in 0.00177097 secs using 100% CPU
Optimizing NNI: done in 0.00388503 secs using 99.95% CPU
Optimizing NNI: done in 0.00292611 secs using 100% CPU
Optimizing NNI: done in 0.000839949 secs using 99.89% CPU
Iteration 160 / LogL: -1179.483 / Time: 0h:0m:0s (0h:0m:0s left)
Optimizing NNI: done in 0.000828028 secs using 100.1% CPU
Optimizing NNI: done in 0.00189495 secs using 100% CPU
Optimizing NNI: done in 0.0018239 secs using 100% CPU
Optimizing NNI: done in 0.00189996 secs using 99.79% CPU
Optimizing NNI: done in 0.000838995 secs using 100.1% CPU
Optimizing NNI: done in 0.000838995 secs using 100% CPU
Optimizing NNI: done in 0.00290704 secs using 99.9% CPU
Optimizing NNI: done in 0.00184178 secs using 100% CPU
Optimizing NNI: done in 0.000833988 secs using 100% CPU
Optimizing NNI: done in 0.001863 secs using 100% CPU
Iteration 170 / LogL: -1179.486 / Time: 0h:0m:0s (0h:0m:0s left)
Optimizing NNI: done in 0.00382805 secs using 100% CPU
Optimizing NNI: done in 0.00082612 secs using 99.99% CPU
Optimizing NNI: done in 0.000823021 secs using 100% CPU
Optimizing NNI: done in 0.00387502 secs using 99.92% CPU
Optimizing NNI: done in 0.0018909 secs using 100% CPU
Optimizing NNI: done in 0.00189781 secs using 100% CPU
Optimizing NNI: done in 0.001899 secs using 100% CPU
Optimizing NNI: done in 0.00183797 secs using 99.95% CPU
Optimizing NNI: done in 0.002918 secs using 100% CPU
Optimizing NNI: done in 0.00293088 secs using 100% CPU
Iteration 180 / LogL: -1179.487 / Time: 0h:0m:0s (0h:0m:0s left)
Optimizing NNI: done in 0.00190997 secs using 99.84% CPU
Optimizing NNI: done in 0.000839949 secs using 100% CPU
Optimizing NNI: done in 0.00293493 secs using 99.9% CPU
Optimizing NNI: done in 0.00290799 secs using 100% CPU
Optimizing NNI: done in 0.00295901 secs using 99.9% CPU
Optimizing NNI: done in 0.00183082 secs using 99.96% CPU
Optimizing NNI: done in 0.00181508 secs using 100.1% CPU
Optimizing NNI: done in 0.00188494 secs using 99.95% CPU
Optimizing NNI: done in 0.000833988 secs using 100% CPU
Optimizing NNI: done in 0.00188303 secs using 99.84% CPU
Iteration 190 / LogL: -1179.486 / Time: 0h:0m:0s (0h:0m:0s left)
Optimizing NNI: done in 0.000834942 secs using 100% CPU
Optimizing NNI: done in 0.00183988 secs using 99.95% CPU
Optimizing NNI: done in 0.00179195 secs using 99.78% CPU
Optimizing NNI: done in 0.00286794 secs using 99.97% CPU
Optimizing NNI: done in 0.00186181 secs using 100% CPU
Optimizing NNI: done in 0.00181699 secs using 99.95% CPU
Optimizing NNI: done in 0.00183082 secs using 99.85% CPU
Optimizing NNI: done in 0.00196314 secs using 99.99% CPU
Optimizing NNI: done in 0.00182295 secs using 100.1% CPU
Optimizing NNI: done in 0.0028069 secs using 100% CPU
Iteration 200 / LogL: -1179.558 / Time: 0h:0m:0s (0h:0m:0s left)
Log-likelihood cutoff on original alignment: -1181.270
NOTE: Bootstrap correlation coefficient of split occurrence frequencies: 1.000
TREE SEARCH COMPLETED AFTER 200 ITERATIONS / Time: 0h:0m:0s

--------------------------------------------------------------------
|                    FINALIZING TREE SEARCH                        |
--------------------------------------------------------------------
Performs final model parameters optimization
Estimate model parameters (epsilon = 0.010)
1. Initial log-likelihood: -1179.483
Optimal log-likelihood: -1179.483
Parameters optimization took 1 rounds (0.001 sec)
BEST SCORE FOUND : -1179.483

Testing tree branches by SH-like aLRT with 1000 replicates...
0.015 sec.
Creating bootstrap support values...
Split supports printed to NEXUS file ../results/molecular_evolution_analyses/phylogenetic_trees/F32729_MLIG_G1/F32729_MLIG_G1.splits.nex
Total tree length: 0.789

Total number of iterations: 200
CPU time used for tree search: 1.154 sec (0h:0m:1s)
Wall-clock time used for tree search: 0.962 sec (0h:0m:0s)
Total CPU time used: 1.194 sec (0h:0m:1s)
Total wall-clock time used: 1.002 sec (0h:0m:1s)

Computing bootstrap consensus tree...
Reading input file ../results/molecular_evolution_analyses/phylogenetic_trees/F32729_MLIG_G1/F32729_MLIG_G1.splits.nex...
6 taxa and 13 splits.
Consensus tree written to ../results/molecular_evolution_analyses/phylogenetic_trees/F32729_MLIG_G1/F32729_MLIG_G1.contree
Reading input trees file ../results/molecular_evolution_analyses/phylogenetic_trees/F32729_MLIG_G1/F32729_MLIG_G1.contree
Log-likelihood of consensus tree: -1179.484

Analysis results written to: 
  IQ-TREE report:                ../results/molecular_evolution_analyses/phylogenetic_trees/F32729_MLIG_G1/F32729_MLIG_G1.iqtree
  Maximum-likelihood tree:       ../results/molecular_evolution_analyses/phylogenetic_trees/F32729_MLIG_G1/F32729_MLIG_G1.treefile
  Likelihood distances:          ../results/molecular_evolution_analyses/phylogenetic_trees/F32729_MLIG_G1/F32729_MLIG_G1.mldist

Ultrafast bootstrap approximation results written to:
  Split support values:          ../results/molecular_evolution_analyses/phylogenetic_trees/F32729_MLIG_G1/F32729_MLIG_G1.splits.nex
  Consensus tree:                ../results/molecular_evolution_analyses/phylogenetic_trees/F32729_MLIG_G1/F32729_MLIG_G1.contree
  Screen log file:               ../results/molecular_evolution_analyses/phylogenetic_trees/F32729_MLIG_G1/F32729_MLIG_G1.log

Date and Time: Wed May  1 09:48:24 2024
