IQ-TREE multicore version 2.2.2.6 COVID-edition for Linux 64-bit built May 27 2023
Developed by Bui Quang Minh, James Barbetti, Nguyen Lam Tung,
Olga Chernomor, Heiko Schmidt, Dominik Schrempf, Michael Woodhams, Ly Trong Nhan.

Host:    lbc5 (AVX2, FMA3, 125 GB RAM)
Command: /home/mauricio/mauricio_PROGRAMAS/iqtree-2.2.2.6-Linux/bin/iqtree2 -s ../results/molecular_evolution_analyses/alignments_gblocks/F54264_MLIG_G1/F54264_MLIG_G1.aln.gblo -m TEST --threads-max 32 --alrt 1000 --ufboot 1000 --prefix ../results/molecular_evolution_analyses/phylogenetic_trees/F54264_MLIG_G1/F54264_MLIG_G1 -keep-ident -redo
Seed:    172828 (Using SPRNG - Scalable Parallel Random Number Generator)
Time:    Wed May  1 10:49:31 2024
Kernel:  AVX+FMA - 1 threads (32 CPU cores detected)

HINT: Use -nt option to specify number of threads because your CPU has 32 cores!
HINT: -nt AUTO will automatically determine the best number of threads to use.

Reading alignment file ../results/molecular_evolution_analyses/alignments_gblocks/F54264_MLIG_G1/F54264_MLIG_G1.aln.gblo ... Fasta format detected
Reading fasta file: done in 0.000180006 secs using 98.89% CPU
Alignment most likely contains protein sequences
Constructing alignment: done in 0.000997066 secs using 99.99% CPU
Alignment has 6 sequences with 1059 columns, 266 distinct patterns
500 parsimony-informative, 3 singleton sites, 556 constant sites
            Gap/Ambiguity  Composition  p-value
Analyzing sequences: done in 1.09673e-05 secs using 109.4% CPU
   1  Mlig.28120    0.00%    passed     99.24%
   2  Mlig.28121    0.00%    passed     99.24%
   3  Mlig.28122    0.00%    passed     99.19%
   4  Mlig.30697    0.00%    passed     99.40%
   5  Mlig.47214    0.00%    passed     98.10%
   6  Mlig.47215    0.00%    passed     99.16%
****  TOTAL         0.00%  0 sequences failed composition chi2 test (p-value<5%; df=19)


Create initial parsimony tree by phylogenetic likelihood library (PLL)... 0.000 seconds
Perform fast likelihood tree search using LG+I+G model...
Estimate model parameters (epsilon = 5.000)
Perform nearest neighbor interchange...
Optimizing NNI: done in 0.00598979 secs using 100% CPU
Estimate model parameters (epsilon = 1.000)
1. Initial log-likelihood: -5432.203
Optimal log-likelihood: -5432.104
Proportion of invariable sites: 0.263
Gamma shape alpha: 1.657
Parameters optimization took 1 rounds (0.013 sec)
Time for fast ML tree search: 0.046 seconds

NOTE: ModelFinder requires 2 MB RAM!
ModelFinder will test up to 224 protein models (sample size: 1059) ...
 No. Model         -LnL         df  AIC          AICc         BIC
  1  LG            5465.428     9   10948.855    10949.027    10993.541
  2  LG+I          5433.613     10  10887.226    10887.436    10936.877
  3  LG+G4         5431.834     10  10883.668    10883.878    10933.319
  4  LG+I+G4       5432.082     11  10886.164    10886.416    10940.780
  6  LG+F+I        5389.786     29  10837.573    10839.264    10981.560
  7  LG+F+G4       5388.702     29  10835.405    10837.096    10979.392
  8  LG+F+I+G4     5388.776     30  10837.553    10839.362    10986.505
 10  WAG+I         5428.584     10  10877.168    10877.378    10926.819
 11  WAG+G4        5428.442     10  10876.884    10877.094    10926.535
 12  WAG+I+G4      5428.440     11  10878.879    10879.132    10933.495
 14  WAG+F+I       5378.315     29  10814.630    10816.321    10958.617
 15  WAG+F+G4      5378.270     29  10814.540    10816.231    10958.527
 16  WAG+F+I+G4    5378.240     30  10816.480    10818.289    10965.432
 18  JTT+I         5413.679     10  10847.358    10847.568    10897.008
 19  JTT+G4        5414.071     10  10848.143    10848.353    10897.794
 20  JTT+I+G4      5413.633     11  10849.266    10849.518    10903.882
 22  JTT+F+I       5381.077     29  10820.155    10821.846    10964.142
 23  JTT+F+G4      5381.693     29  10821.386    10823.076    10965.373
 24  JTT+F+I+G4    5381.146     30  10822.292    10824.101    10971.244
WARNING: Normalizing state frequencies so that sum of them equals to 1
 26  Q.pfam+I      5432.784     10  10885.567    10885.777    10935.218
WARNING: Normalizing state frequencies so that sum of them equals to 1
 27  Q.pfam+G4     5431.209     10  10882.419    10882.628    10932.069
WARNING: Normalizing state frequencies so that sum of them equals to 1
 28  Q.pfam+I+G4   5431.535     11  10885.069    10885.321    10939.685
WARNING: Normalizing state frequencies so that sum of them equals to 1
 30  Q.pfam+F+I    5391.169     29  10840.339    10842.030    10984.326
WARNING: Normalizing state frequencies so that sum of them equals to 1
 31  Q.pfam+F+G4   5390.342     29  10838.683    10840.374    10982.671
WARNING: Normalizing state frequencies so that sum of them equals to 1
 32  Q.pfam+F+I+G4 5390.393     30  10840.786    10842.595    10989.738
WARNING: Normalizing state frequencies so that sum of them equals to 1
 34  Q.bird+I      5436.272     10  10892.544    10892.753    10942.194
WARNING: Normalizing state frequencies so that sum of them equals to 1
 35  Q.bird+G4     5437.122     10  10894.244    10894.454    10943.895
WARNING: Normalizing state frequencies so that sum of them equals to 1
 36  Q.bird+I+G4   5436.094     11  10894.189    10894.441    10948.804
WARNING: Normalizing state frequencies so that sum of them equals to 1
 38  Q.bird+F+I    5410.383     29  10878.766    10880.457    11022.753
WARNING: Normalizing state frequencies so that sum of them equals to 1
 39  Q.bird+F+G4   5411.716     29  10881.432    10883.123    11025.419
WARNING: Normalizing state frequencies so that sum of them equals to 1
 40  Q.bird+F+I+G4 5410.516     30  10881.033    10882.842    11029.985
WARNING: Normalizing state frequencies so that sum of them equals to 1
 42  Q.mammal+I    5431.990     10  10883.980    10884.190    10933.631
WARNING: Normalizing state frequencies so that sum of them equals to 1
 43  Q.mammal+G4   5432.766     10  10885.532    10885.742    10935.183
WARNING: Normalizing state frequencies so that sum of them equals to 1
 44  Q.mammal+I+G4 5431.985     11  10885.970    10886.222    10940.586
WARNING: Normalizing state frequencies so that sum of them equals to 1
 46  Q.mammal+F+I  5403.458     29  10864.917    10866.608    11008.904
WARNING: Normalizing state frequencies so that sum of them equals to 1
 47  Q.mammal+F+G4 5404.492     29  10866.983    10868.674    11010.970
WARNING: Normalizing state frequencies so that sum of them equals to 1
 48  Q.mammal+F+I+G4 5403.599     30  10867.198    10869.007    11016.150
 50  Q.insect+I    5473.410     10  10966.820    10967.030    11016.471
 51  Q.insect+G4   5472.583     10  10965.165    10965.375    11014.816
 52  Q.insect+I+G4 5472.482     11  10966.965    10967.217    11021.581
 54  Q.insect+F+I  5394.876     29  10847.751    10849.442    10991.739
 55  Q.insect+F+G4 5394.344     29  10846.689    10848.380    10990.676
 56  Q.insect+F+I+G4 5394.240     30  10848.480    10850.290    10997.433
WARNING: Normalizing state frequencies so that sum of them equals to 1
 58  Q.plant+I     5442.156     10  10904.313    10904.523    10953.964
WARNING: Normalizing state frequencies so that sum of them equals to 1
 59  Q.plant+G4    5441.826     10  10903.652    10903.862    10953.303
WARNING: Normalizing state frequencies so that sum of them equals to 1
 60  Q.plant+I+G4  5441.227     11  10904.453    10904.705    10959.069
WARNING: Normalizing state frequencies so that sum of them equals to 1
 62  Q.plant+F+I   5395.793     29  10849.585    10851.276    10993.573
WARNING: Normalizing state frequencies so that sum of them equals to 1
 63  Q.plant+F+G4  5396.620     29  10851.241    10852.932    10995.228
WARNING: Normalizing state frequencies so that sum of them equals to 1
 64  Q.plant+F+I+G4 5395.742     30  10851.483    10853.293    11000.436
WARNING: Normalizing state frequencies so that sum of them equals to 1
 66  Q.yeast+I     5503.337     10  11026.675    11026.885    11076.325
WARNING: Normalizing state frequencies so that sum of them equals to 1
 67  Q.yeast+G4    5501.157     10  11022.314    11022.524    11071.965
WARNING: Normalizing state frequencies so that sum of them equals to 1
 68  Q.yeast+I+G4  5501.355     11  11024.711    11024.963    11079.327
WARNING: Normalizing state frequencies so that sum of them equals to 1
 70  Q.yeast+F+I   5397.136     29  10852.272    10853.963    10996.259
WARNING: Normalizing state frequencies so that sum of them equals to 1
 71  Q.yeast+F+G4  5396.329     29  10850.658    10852.349    10994.645
WARNING: Normalizing state frequencies so that sum of them equals to 1
 72  Q.yeast+F+I+G4 5396.241     30  10852.482    10854.292    11001.435
 74  JTTDCMut+I    5415.160     10  10850.321    10850.531    10899.971
 75  JTTDCMut+G4   5415.572     10  10851.143    10851.353    10900.794
 76  JTTDCMut+I+G4 5415.122     11  10852.244    10852.497    10906.860
 78  JTTDCMut+F+I  5381.366     29  10820.732    10822.423    10964.719
 79  JTTDCMut+F+G4 5382.026     29  10822.053    10823.744    10966.040
 80  JTTDCMut+F+I+G4 5381.469     30  10822.939    10824.748    10971.891
 82  DCMut+I       5482.024     10  10984.047    10984.257    11033.698
 83  DCMut+G4      5480.271     10  10980.541    10980.751    11030.192
 84  DCMut+I+G4    5480.393     11  10982.787    10983.039    11037.403
 86  DCMut+F+I     5396.148     29  10850.295    10851.986    10994.283
 87  DCMut+F+G4    5394.838     29  10847.676    10849.367    10991.663
 88  DCMut+F+I+G4  5394.901     30  10849.802    10851.611    10998.754
 90  VT+I          5423.570     10  10867.140    10867.350    10916.791
 91  VT+G4         5423.435     10  10866.869    10867.079    10916.520
 92  VT+I+G4       5423.632     11  10869.265    10869.517    10923.881
 94  VT+F+I        5384.708     29  10827.415    10829.106    10971.402
 95  VT+F+G4       5384.663     29  10827.327    10829.018    10971.314
 96  VT+F+I+G4     5384.906     30  10829.812    10831.621    10978.765
 98  PMB+I         5428.834     10  10877.668    10877.878    10927.319
 99  PMB+G4        5428.650     10  10877.300    10877.510    10926.951
100  PMB+I+G4      5429.240     11  10880.480    10880.732    10935.096
102  PMB+F+I       5396.663     29  10851.327    10853.018    10995.314
103  PMB+F+G4      5396.487     29  10850.975    10852.666    10994.962
104  PMB+F+I+G4    5397.193     30  10854.385    10856.195    11003.338
106  Blosum62+I    5446.012     10  10912.025    10912.235    10961.676
107  Blosum62+G4   5445.679     10  10911.359    10911.569    10961.009
108  Blosum62+I+G4 5446.195     11  10914.390    10914.642    10969.006
110  Blosum62+F+I  5396.814     29  10851.628    10853.319    10995.615
111  Blosum62+F+G4 5396.538     29  10851.077    10852.768    10995.064
112  Blosum62+F+I+G4 5397.128     30  10854.257    10856.066    11003.209
114  Dayhoff+I     5482.104     10  10984.207    10984.417    11033.858
115  Dayhoff+G4    5480.338     10  10980.675    10980.885    11030.326
116  Dayhoff+I+G4  5480.451     11  10982.902    10983.154    11037.518
118  Dayhoff+F+I   5396.241     29  10850.482    10852.173    10994.470
119  Dayhoff+F+G4  5394.925     29  10847.849    10849.540    10991.837
120  Dayhoff+F+I+G4 5394.978     30  10849.956    10851.766    10998.909
122  mtREV+I       5707.809     10  11435.619    11435.828    11485.269
123  mtREV+G4      5705.762     10  11431.523    11431.733    11481.174
124  mtREV+I+G4    5704.677     11  11431.355    11431.607    11485.971
126  mtREV+F+I     5416.483     29  10890.965    10892.656    11034.952
127  mtREV+F+G4    5416.366     29  10890.733    10892.424    11034.720
128  mtREV+F+I+G4  5415.353     30  10890.706    10892.515    11039.658
130  mtART+I       5768.299     10  11556.599    11556.808    11606.249
131  mtART+G4      5745.678     10  11511.357    11511.567    11561.007
132  mtART+I+G4    5746.035     11  11514.069    11514.322    11568.685
134  mtART+F+I     5477.824     29  11013.649    11015.340    11157.636
135  mtART+F+G4    5452.321     29  10962.643    10964.334    11106.630
136  mtART+F+I+G4  5453.884     30  10967.768    10969.578    11116.721
138  mtZOA+I       5676.877     10  11373.755    11373.965    11423.406
139  mtZOA+G4      5666.185     10  11352.370    11352.580    11402.021
140  mtZOA+I+G4    5666.010     11  11354.020    11354.272    11408.636
142  mtZOA+F+I     5436.356     29  10930.712    10932.403    11074.700
143  mtZOA+F+G4    5425.500     29  10909.000    10910.691    11052.987
144  mtZOA+F+I+G4  5426.009     30  10912.017    10913.827    11060.970
146  mtMet+I       5770.397     10  11560.794    11561.004    11610.445
147  mtMet+G4      5768.023     10  11556.045    11556.255    11605.696
148  mtMet+I+G4    5766.975     11  11555.950    11556.202    11610.566
150  mtMet+F+I     5421.716     29  10901.431    10903.122    11045.418
151  mtMet+F+G4    5417.858     29  10893.716    10895.407    11037.703
152  mtMet+F+I+G4  5417.707     30  10895.415    10897.224    11044.367
154  mtVer+I       5762.227     10  11544.454    11544.664    11594.105
155  mtVer+G4      5761.984     10  11543.968    11544.178    11593.619
156  mtVer+I+G4    5760.107     11  11542.215    11542.467    11596.831
158  mtVer+F+I     5433.336     29  10924.672    10926.363    11068.659
159  mtVer+F+G4    5431.170     29  10920.339    10922.030    11064.326
160  mtVer+F+I+G4  5430.338     30  10920.675    10922.485    11069.628
162  mtInv+I       5854.581     10  11729.161    11729.371    11778.812
163  mtInv+G4      5850.975     10  11721.951    11722.161    11771.602
164  mtInv+I+G4    5850.773     11  11723.546    11723.798    11778.161
166  mtInv+F+I     5416.858     29  10891.716    10893.407    11035.703
167  mtInv+F+G4    5411.316     29  10880.633    10882.324    11024.620
168  mtInv+F+I+G4  5412.006     30  10884.013    10885.822    11032.965
170  mtMAM+I       5755.268     10  11530.535    11530.745    11580.186
171  mtMAM+G4      5746.804     10  11513.609    11513.818    11563.259
172  mtMAM+I+G4    5745.325     11  11512.651    11512.903    11567.267
174  mtMAM+F+I     5461.448     29  10980.896    10982.587    11124.884
175  mtMAM+F+G4    5453.408     29  10964.816    10966.507    11108.804
176  mtMAM+F+I+G4  5452.499     30  10964.998    10966.807    11113.951
WARNING: Normalizing state frequencies so that sum of them equals to 1
178  FLAVI+I       5521.064     10  11062.128    11062.338    11111.779
WARNING: Normalizing state frequencies so that sum of them equals to 1
179  FLAVI+G4      5518.300     10  11056.600    11056.810    11106.250
WARNING: Normalizing state frequencies so that sum of them equals to 1
180  FLAVI+I+G4    5517.251     11  11056.501    11056.753    11111.117
WARNING: Normalizing state frequencies so that sum of them equals to 1
182  FLAVI+F+I     5430.817     29  10919.633    10921.324    11063.621
WARNING: Normalizing state frequencies so that sum of them equals to 1
183  FLAVI+F+G4    5428.714     29  10915.428    10917.119    11059.415
WARNING: Normalizing state frequencies so that sum of them equals to 1
184  FLAVI+F+I+G4  5427.745     30  10915.491    10917.300    11064.443
186  HIVb+I        5459.263     10  10938.525    10938.735    10988.176
187  HIVb+G4       5463.280     10  10946.561    10946.770    10996.211
188  HIVb+I+G4     5461.118     11  10944.237    10944.489    10998.853
190  HIVb+F+I      5409.353     29  10876.705    10878.396    11020.692
191  HIVb+F+G4     5413.162     29  10884.325    10886.016    11028.312
192  HIVb+F+I+G4   5411.157     30  10882.314    10884.124    11031.267
194  HIVw+I        5621.555     10  11263.110    11263.320    11312.761
195  HIVw+G4       5621.749     10  11263.499    11263.709    11313.149
196  HIVw+I+G4     5620.499     11  11262.998    11263.250    11317.614
198  HIVw+F+I      5445.239     29  10948.478    10950.169    11092.465
199  HIVw+F+G4     5445.000     29  10948.001    10949.692    11091.988
200  HIVw+F+I+G4   5444.026     30  10948.052    10949.861    11097.004
202  FLU+I         5478.177     10  10976.354    10976.564    11026.004
203  FLU+G4        5480.922     10  10981.843    10982.053    11031.494
204  FLU+I+G4      5478.882     11  10979.764    10980.016    11034.379
206  FLU+F+I       5390.931     29  10839.862    10841.553    10983.849
207  FLU+F+G4      5392.499     29  10842.997    10844.688    10986.985
208  FLU+F+I+G4    5390.876     30  10841.753    10843.562    10990.705
210  rtREV+I       5478.678     10  10977.357    10977.567    11027.008
211  rtREV+G4      5477.633     10  10975.266    10975.476    11024.917
212  rtREV+I+G4    5477.708     11  10977.416    10977.668    11032.031
214  rtREV+F+I     5399.912     29  10857.824    10859.515    11001.811
215  rtREV+F+G4    5399.549     29  10857.098    10858.789    11001.086
216  rtREV+F+I+G4  5399.389     30  10858.779    10860.588    11007.731
218  cpREV+I       5460.233     10  10940.467    10940.677    10990.118
219  cpREV+G4      5460.249     10  10940.498    10940.708    10990.149
220  cpREV+I+G4    5459.740     11  10941.481    10941.733    10996.096
222  cpREV+F+I     5407.615     29  10873.231    10874.922    11017.218
223  cpREV+F+G4    5407.813     29  10873.627    10875.318    11017.614
224  cpREV+F+I+G4  5407.284     30  10874.568    10876.377    11023.520
Akaike Information Criterion:           WAG+F+G4
Corrected Akaike Information Criterion: WAG+F+G4
Bayesian Information Criterion:         JTT+I
Best-fit model: JTT+I chosen according to BIC

All model information printed to ../results/molecular_evolution_analyses/phylogenetic_trees/F54264_MLIG_G1/F54264_MLIG_G1.model.gz
CPU time for ModelFinder: 5.050 seconds (0h:0m:5s)
Wall-clock time for ModelFinder: 5.061 seconds (0h:0m:5s)
Generating 1000 samples for ultrafast bootstrap (seed: 172828)...

NOTE: 1 MB RAM (0 GB) is required!
Estimate model parameters (epsilon = 0.100)
1. Initial log-likelihood: -5413.679
Optimal log-likelihood: -5413.679
Proportion of invariable sites: 0.342
Parameters optimization took 1 rounds (0.002 sec)
Wrote distance file to... 
Computing ML distances based on estimated model parameters...
Calculating distance matrix: done in 0.00117707 secs using 99.82% CPU
Computing ML distances took 0.001208 sec (of wall-clock time) 0.001206 sec (of CPU time)
Setting up auxiliary I and S matrices: done in 3.69549e-05 secs using 102.8% CPU
Constructing RapidNJ tree: done in 2.31266e-05 secs using 99.45% CPU
Computing RapidNJ tree took 0.000118 sec (of wall-clock time) 0.000117 sec (of CPU time)
Log-likelihood of RapidNJ tree: -5413.681
--------------------------------------------------------------------
|             INITIALIZING CANDIDATE TREE SET                      |
--------------------------------------------------------------------
Generating 99 parsimony trees... 0.031 second
Computing log-likelihood of 6 initial trees ... 0.003 seconds
Current best score: -5413.679

Do NNI search on 7 best initial trees
Optimizing NNI: done in 0.00209308 secs using 199.7% CPU
Optimizing NNI: done in 0.00426006 secs using 200% CPU
Optimizing NNI: done in 0.00423598 secs using 105.6% CPU
Optimizing NNI: done in 0.00429606 secs using 199.9% CPU
Optimizing NNI: done in 0.00429106 secs using 199.9% CPU
Optimizing NNI: done in 0.00456619 secs using 199.9% CPU
Optimizing NNI: done in 0.004457 secs using 200% CPU
Finish initializing candidate tree set (7)
Current best tree score: -5413.679 / CPU time: 0.067
Number of iterations: 7
--------------------------------------------------------------------
|               OPTIMIZING CANDIDATE TREE SET                      |
--------------------------------------------------------------------
Optimizing NNI: done in 0.00410295 secs using 200% CPU
Optimizing NNI: done in 0.00620604 secs using 199.9% CPU
Optimizing NNI: done in 0.00624514 secs using 199.9% CPU
Iteration 10 / LogL: -5414.985 / Time: 0h:0m:0s
Optimizing NNI: done in 0.00644207 secs using 199.9% CPU
Optimizing NNI: done in 0.00612187 secs using 199.9% CPU
Optimizing NNI: done in 0.00396299 secs using 199.9% CPU
Optimizing NNI: done in 0.003968 secs using 199.8% CPU
Optimizing NNI: done in 0.00637698 secs using 137.2% CPU
Optimizing NNI: done in 0.00393701 secs using 199.9% CPU
Optimizing NNI: done in 0.0060761 secs using 200% CPU
Optimizing NNI: done in 0.00398684 secs using 200% CPU
UPDATE BEST LOG-LIKELIHOOD: -5413.679
Optimizing NNI: done in 0.00170493 secs using 199.1% CPU
Optimizing NNI: done in 0.00392795 secs using 199.8% CPU
Iteration 20 / LogL: -5414.048 / Time: 0h:0m:0s
Optimizing NNI: done in 0.00170517 secs using 199.6% CPU
Optimizing NNI: done in 0.00393796 secs using 200% CPU
Optimizing NNI: done in 0.00634885 secs using 199.9% CPU
Optimizing NNI: done in 0.00609684 secs using 154.5% CPU
Optimizing NNI: done in 0.00397706 secs using 99.9% CPU
UPDATE BEST LOG-LIKELIHOOD: -5413.679
Optimizing NNI: done in 0.0017221 secs using 99.76% CPU
Optimizing NNI: done in 0.00631118 secs using 99.98% CPU
Optimizing NNI: done in 0.001683 secs using 99.94% CPU
Optimizing NNI: done in 0.00600314 secs using 100% CPU
Optimizing NNI: done in 0.00585103 secs using 99.95% CPU
Iteration 30 / LogL: -5414.985 / Time: 0h:0m:0s (0h:0m:0s left)
Optimizing NNI: done in 0.00391293 secs using 100% CPU
Optimizing NNI: done in 0.00605202 secs using 99.92% CPU
Optimizing NNI: done in 0.00390196 secs using 100% CPU
Optimizing NNI: done in 0.00406289 secs using 99.93% CPU
Optimizing NNI: done in 0.00633097 secs using 99.97% CPU
Optimizing NNI: done in 0.00396204 secs using 100% CPU
Optimizing NNI: done in 0.0041492 secs using 100% CPU
Optimizing NNI: done in 0.004071 secs using 100% CPU
Optimizing NNI: done in 0.00388503 secs using 100% CPU
Optimizing NNI: done in 0.00410509 secs using 100% CPU
Iteration 40 / LogL: -5413.679 / Time: 0h:0m:0s (0h:0m:0s left)
Optimizing NNI: done in 0.00411701 secs using 100% CPU
Optimizing NNI: done in 0.00605607 secs using 99.92% CPU
Optimizing NNI: done in 0.00394201 secs using 99.9% CPU
Optimizing NNI: done in 0.00393796 secs using 100% CPU
Optimizing NNI: done in 0.00608897 secs using 99.98% CPU
Optimizing NNI: done in 0.00607395 secs using 99.93% CPU
Optimizing NNI: done in 0.00638604 secs using 99.94% CPU
Optimizing NNI: done in 0.00601602 secs using 100% CPU
Optimizing NNI: done in 0.00392795 secs using 99.9% CPU
Optimizing NNI: done in 0.00390601 secs using 99.92% CPU
Iteration 50 / LogL: -5413.859 / Time: 0h:0m:0s (0h:0m:0s left)
Log-likelihood cutoff on original alignment: -5424.343
Optimizing NNI: done in 0.00419402 secs using 99.83% CPU
Optimizing NNI: done in 0.00386381 secs using 99.98% CPU
Optimizing NNI: done in 0.0040822 secs using 100% CPU
Optimizing NNI: done in 0.00393009 secs using 99.92% CPU
Optimizing NNI: done in 0.00616002 secs using 99.89% CPU
Optimizing NNI: done in 0.00385213 secs using 100% CPU
Optimizing NNI: done in 0.006078 secs using 99.95% CPU
Optimizing NNI: done in 0.00602198 secs using 99.95% CPU
Optimizing NNI: done in 0.00408006 secs using 100% CPU
Optimizing NNI: done in 0.00630188 secs using 99.95% CPU
Iteration 60 / LogL: -5413.901 / Time: 0h:0m:0s (0h:0m:0s left)
Optimizing NNI: done in 0.00381684 secs using 99.98% CPU
Optimizing NNI: done in 0.00388503 secs using 99.9% CPU
Optimizing NNI: done in 0.00393295 secs using 99.92% CPU
Optimizing NNI: done in 0.00577402 secs using 99.93% CPU
Optimizing NNI: done in 0.00630116 secs using 100% CPU
Optimizing NNI: done in 0.00598907 secs using 100% CPU
Optimizing NNI: done in 0.00583601 secs using 99.93% CPU
Optimizing NNI: done in 0.00391793 secs using 99.9% CPU
Optimizing NNI: done in 0.00402498 secs using 100% CPU
Optimizing NNI: done in 0.00607514 secs using 100% CPU
Iteration 70 / LogL: -5417.539 / Time: 0h:0m:0s (0h:0m:0s left)
Optimizing NNI: done in 0.00610113 secs using 100% CPU
Optimizing NNI: done in 0.00392294 secs using 99.9% CPU
Optimizing NNI: done in 0.00407505 secs using 100% CPU
Optimizing NNI: done in 0.0016799 secs using 100% CPU
Optimizing NNI: done in 0.001683 secs using 100% CPU
Optimizing NNI: done in 0.00576591 secs using 99.95% CPU
Optimizing NNI: done in 0.00633383 secs using 99.96% CPU
Optimizing NNI: done in 0.00391603 secs using 100% CPU
Optimizing NNI: done in 0.00170112 secs using 99.76% CPU
Optimizing NNI: done in 0.00402188 secs using 100% CPU
Iteration 80 / LogL: -5415.034 / Time: 0h:0m:0s (0h:0m:0s left)
Optimizing NNI: done in 0.0060091 secs using 99.97% CPU
Optimizing NNI: done in 0.00390387 secs using 99.9% CPU
Optimizing NNI: done in 0.00411701 secs using 99.93% CPU
Optimizing NNI: done in 0.00409198 secs using 99.66% CPU
Optimizing NNI: done in 0.0062871 secs using 100% CPU
Optimizing NNI: done in 0.00167799 secs using 100% CPU
Optimizing NNI: done in 0.00631094 secs using 99.97% CPU
Optimizing NNI: done in 0.00402784 secs using 100% CPU
Optimizing NNI: done in 0.00391603 secs using 100% CPU
Optimizing NNI: done in 0.00388694 secs using 99.9% CPU
Iteration 90 / LogL: -5413.679 / Time: 0h:0m:0s (0h:0m:0s left)
Optimizing NNI: done in 0.00391102 secs using 100% CPU
Optimizing NNI: done in 0.00637293 secs using 100% CPU
Optimizing NNI: done in 0.00629115 secs using 100% CPU
Optimizing NNI: done in 0.00392199 secs using 99.92% CPU
Optimizing NNI: done in 0.00613785 secs using 99.95% CPU
Optimizing NNI: done in 0.00385904 secs using 100% CPU
Optimizing NNI: done in 0.00168204 secs using 100% CPU
Optimizing NNI: done in 0.00629091 secs using 100% CPU
Optimizing NNI: done in 0.00390911 secs using 99.89% CPU
Optimizing NNI: done in 0.00408196 secs using 100% CPU
Iteration 100 / LogL: -5413.681 / Time: 0h:0m:0s (0h:0m:0s left)
Log-likelihood cutoff on original alignment: -5424.343
NOTE: Bootstrap correlation coefficient of split occurrence frequencies: 1.000
Optimizing NNI: done in 0.00398898 secs using 99.88% CPU
TREE SEARCH COMPLETED AFTER 101 ITERATIONS / Time: 0h:0m:0s

--------------------------------------------------------------------
|                    FINALIZING TREE SEARCH                        |
--------------------------------------------------------------------
Performs final model parameters optimization
Estimate model parameters (epsilon = 0.010)
1. Initial log-likelihood: -5413.679
Optimal log-likelihood: -5413.679
Proportion of invariable sites: 0.342
Parameters optimization took 1 rounds (0.002 sec)
BEST SCORE FOUND : -5413.679

Testing tree branches by SH-like aLRT with 1000 replicates...
0.063 sec.
Creating bootstrap support values...
Split supports printed to NEXUS file ../results/molecular_evolution_analyses/phylogenetic_trees/F54264_MLIG_G1/F54264_MLIG_G1.splits.nex
Total tree length: 1.055

Total number of iterations: 101
CPU time used for tree search: 0.961 sec (0h:0m:0s)
Wall-clock time used for tree search: 0.782 sec (0h:0m:0s)
Total CPU time used: 1.077 sec (0h:0m:1s)
Total wall-clock time used: 0.893 sec (0h:0m:0s)

Computing bootstrap consensus tree...
Reading input file ../results/molecular_evolution_analyses/phylogenetic_trees/F54264_MLIG_G1/F54264_MLIG_G1.splits.nex...
6 taxa and 11 splits.
Consensus tree written to ../results/molecular_evolution_analyses/phylogenetic_trees/F54264_MLIG_G1/F54264_MLIG_G1.contree
Reading input trees file ../results/molecular_evolution_analyses/phylogenetic_trees/F54264_MLIG_G1/F54264_MLIG_G1.contree
Log-likelihood of consensus tree: -5413.684

Analysis results written to: 
  IQ-TREE report:                ../results/molecular_evolution_analyses/phylogenetic_trees/F54264_MLIG_G1/F54264_MLIG_G1.iqtree
  Maximum-likelihood tree:       ../results/molecular_evolution_analyses/phylogenetic_trees/F54264_MLIG_G1/F54264_MLIG_G1.treefile
  Likelihood distances:          ../results/molecular_evolution_analyses/phylogenetic_trees/F54264_MLIG_G1/F54264_MLIG_G1.mldist

Ultrafast bootstrap approximation results written to:
  Split support values:          ../results/molecular_evolution_analyses/phylogenetic_trees/F54264_MLIG_G1/F54264_MLIG_G1.splits.nex
  Consensus tree:                ../results/molecular_evolution_analyses/phylogenetic_trees/F54264_MLIG_G1/F54264_MLIG_G1.contree
  Screen log file:               ../results/molecular_evolution_analyses/phylogenetic_trees/F54264_MLIG_G1/F54264_MLIG_G1.log

Date and Time: Wed May  1 10:49:37 2024
