IQ-TREE multicore version 2.2.2.6 COVID-edition for Linux 64-bit built May 27 2023
Developed by Bui Quang Minh, James Barbetti, Nguyen Lam Tung,
Olga Chernomor, Heiko Schmidt, Dominik Schrempf, Michael Woodhams, Ly Trong Nhan.

Host:    lbc5 (AVX2, FMA3, 125 GB RAM)
Command: /home/mauricio/mauricio_PROGRAMAS/iqtree-2.2.2.6-Linux/bin/iqtree2 -s ../results/molecular_evolution_analyses/alignments_gblocks/F67128_MLIG_G1/F67128_MLIG_G1.aln.gblo -m TEST --threads-max 32 --alrt 1000 --ufboot 1000 --prefix ../results/molecular_evolution_analyses/phylogenetic_trees/F67128_MLIG_G1/F67128_MLIG_G1 -keep-ident -redo
Seed:    974977 (Using SPRNG - Scalable Parallel Random Number Generator)
Time:    Wed May  1 09:09:44 2024
Kernel:  AVX+FMA - 1 threads (32 CPU cores detected)

HINT: Use -nt option to specify number of threads because your CPU has 32 cores!
HINT: -nt AUTO will automatically determine the best number of threads to use.

Reading alignment file ../results/molecular_evolution_analyses/alignments_gblocks/F67128_MLIG_G1/F67128_MLIG_G1.aln.gblo ... Fasta format detected
Reading fasta file: done in 8.4877e-05 secs
Alignment most likely contains protein sequences
Constructing alignment: done in 0.000339985 secs
Alignment has 7 sequences with 321 columns, 131 distinct patterns
122 parsimony-informative, 7 singleton sites, 191 constant sites
            Gap/Ambiguity  Composition  p-value
Analyzing sequences: done in 9.05991e-06 secs
   1  Mlig.2451     0.00%    passed     99.88%
   2  Mlig.2452     0.00%    passed     99.60%
   3  Mlig.17162    0.00%    passed    100.00%
   4  Mlig.17164    0.00%    passed    100.00%
   5  Mlig.35767    0.00%    passed     99.94%
   6  Mlig.35768    0.00%    passed     99.72%
   7  Mlig.17163    0.00%    passed     99.91%
****  TOTAL         0.00%  0 sequences failed composition chi2 test (p-value<5%; df=19)


Create initial parsimony tree by phylogenetic likelihood library (PLL)... 0.000 seconds
Perform fast likelihood tree search using LG+I+G model...
Estimate model parameters (epsilon = 5.000)
Perform nearest neighbor interchange...
Optimizing NNI: done in 0.00422287 secs using 99.7% CPU
Estimate model parameters (epsilon = 1.000)
1. Initial log-likelihood: -1698.674
Optimal log-likelihood: -1698.514
Proportion of invariable sites: 0.272
Gamma shape alpha: 998.426
Parameters optimization took 1 rounds (0.006 sec)
Time for fast ML tree search: 0.024 seconds

NOTE: ModelFinder requires 1 MB RAM!
ModelFinder will test up to 224 protein models (sample size: 321) ...
 No. Model         -LnL         df  AIC          AICc         BIC
  1  LG            1697.945     11  3417.890     3418.745     3459.376
  2  LG+I          1697.570     12  3419.140     3420.153     3464.397
  3  LG+G4         1697.481     12  3418.961     3419.974     3464.219
  4  LG+I+G4       1698.195     13  3422.389     3423.575     3471.418
  5  LG+F          1680.929     30  3421.858     3428.272     3535.001
  6  LG+F+I        1680.648     31  3423.296     3430.161     3540.211
  7  LG+F+G4       1680.502     31  3423.004     3429.869     3539.918
  9  WAG           1697.601     11  3417.202     3418.057     3458.688
 10  WAG+I         1697.503     12  3419.005     3420.018     3464.263
 11  WAG+G4        1697.568     12  3419.136     3420.149     3464.393
 13  WAG+F         1680.211     30  3420.423     3426.837     3533.566
 14  WAG+F+I       1680.196     31  3422.392     3429.257     3539.307
 15  WAG+F+G4      1680.209     31  3422.417     3429.282     3539.332
 17  JTT           1693.927     11  3409.855     3410.709     3451.340
 18  JTT+I         1693.496     12  3410.993     3412.006     3456.250
 19  JTT+G4        1693.546     12  3411.091     3412.104     3456.349
 21  JTT+F         1678.553     30  3417.107     3423.520     3530.250
 22  JTT+F+I       1678.277     31  3418.555     3425.420     3535.469
 23  JTT+F+G4      1678.283     31  3418.566     3425.431     3535.480
WARNING: Normalizing state frequencies so that sum of them equals to 1
 25  Q.pfam        1694.626     11  3411.251     3412.106     3452.737
WARNING: Normalizing state frequencies so that sum of them equals to 1
 26  Q.pfam+I      1694.505     12  3413.010     3414.023     3458.267
WARNING: Normalizing state frequencies so that sum of them equals to 1
 27  Q.pfam+G4     1694.453     12  3412.905     3413.918     3458.162
WARNING: Normalizing state frequencies so that sum of them equals to 1
 29  Q.pfam+F      1679.698     30  3419.395     3425.809     3532.539
WARNING: Normalizing state frequencies so that sum of them equals to 1
 30  Q.pfam+F+I    1679.636     31  3421.273     3428.138     3538.187
WARNING: Normalizing state frequencies so that sum of them equals to 1
 31  Q.pfam+F+G4   1679.559     31  3421.117     3427.982     3538.032
WARNING: Normalizing state frequencies so that sum of them equals to 1
 33  Q.bird        1711.749     11  3445.498     3446.353     3486.984
WARNING: Normalizing state frequencies so that sum of them equals to 1
 34  Q.bird+I      1708.868     12  3441.737     3442.750     3486.994
WARNING: Normalizing state frequencies so that sum of them equals to 1
 35  Q.bird+G4     1708.609     12  3441.217     3442.230     3486.475
WARNING: Normalizing state frequencies so that sum of them equals to 1
 37  Q.bird+F      1692.787     30  3445.574     3451.988     3558.717
WARNING: Normalizing state frequencies so that sum of them equals to 1
 38  Q.bird+F+I    1689.745     31  3441.490     3448.355     3558.404
WARNING: Normalizing state frequencies so that sum of them equals to 1
 39  Q.bird+F+G4   1689.422     31  3440.844     3447.709     3557.759
WARNING: Normalizing state frequencies so that sum of them equals to 1
 41  Q.mammal      1705.961     11  3433.922     3434.776     3475.407
WARNING: Normalizing state frequencies so that sum of them equals to 1
 42  Q.mammal+I    1704.956     12  3433.912     3434.925     3479.170
WARNING: Normalizing state frequencies so that sum of them equals to 1
 43  Q.mammal+G4   1704.795     12  3433.591     3434.604     3478.848
WARNING: Normalizing state frequencies so that sum of them equals to 1
 45  Q.mammal+F    1685.029     30  3430.058     3436.472     3543.201
WARNING: Normalizing state frequencies so that sum of them equals to 1
 46  Q.mammal+F+I  1684.014     31  3430.028     3436.893     3546.943
WARNING: Normalizing state frequencies so that sum of them equals to 1
 47  Q.mammal+F+G4 1683.775     31  3429.551     3436.416     3546.466
 49  Q.insect      1709.827     11  3441.653     3442.508     3483.139
 50  Q.insect+I    1709.522     12  3443.043     3444.056     3488.301
 51  Q.insect+G4   1709.434     12  3442.869     3443.881     3488.126
 53  Q.insect+F    1680.722     30  3421.443     3427.857     3534.586
 54  Q.insect+F+I  1680.502     31  3423.003     3429.868     3539.918
 55  Q.insect+F+G4 1680.366     31  3422.732     3429.597     3539.646
WARNING: Normalizing state frequencies so that sum of them equals to 1
 57  Q.plant       1695.605     11  3413.209     3414.064     3454.695
WARNING: Normalizing state frequencies so that sum of them equals to 1
 58  Q.plant+I     1693.575     12  3411.149     3412.162     3456.407
WARNING: Normalizing state frequencies so that sum of them equals to 1
 59  Q.plant+G4    1693.201     12  3410.403     3411.415     3455.660
WARNING: Normalizing state frequencies so that sum of them equals to 1
 61  Q.plant+F     1680.442     30  3420.885     3427.299     3534.028
WARNING: Normalizing state frequencies so that sum of them equals to 1
 62  Q.plant+F+I   1678.834     31  3419.667     3426.532     3536.582
WARNING: Normalizing state frequencies so that sum of them equals to 1
 63  Q.plant+F+G4  1678.333     31  3418.666     3425.531     3535.580
WARNING: Normalizing state frequencies so that sum of them equals to 1
 65  Q.yeast       1711.593     11  3445.186     3446.040     3486.672
WARNING: Normalizing state frequencies so that sum of them equals to 1
 66  Q.yeast+I     1711.215     12  3446.429     3447.442     3491.687
WARNING: Normalizing state frequencies so that sum of them equals to 1
 67  Q.yeast+G4    1711.095     12  3446.191     3447.204     3491.448
WARNING: Normalizing state frequencies so that sum of them equals to 1
 69  Q.yeast+F     1681.115     30  3422.231     3428.644     3535.374
WARNING: Normalizing state frequencies so that sum of them equals to 1
 70  Q.yeast+F+I   1680.916     31  3423.832     3430.697     3540.747
WARNING: Normalizing state frequencies so that sum of them equals to 1
 71  Q.yeast+F+G4  1680.764     31  3423.529     3430.394     3540.443
 73  JTTDCMut      1693.642     11  3409.285     3410.139     3450.771
 74  JTTDCMut+I    1693.225     12  3410.450     3411.463     3455.707
 75  JTTDCMut+G4   1693.282     12  3410.564     3411.577     3455.821
 77  JTTDCMut+F    1678.044     30  3416.088     3422.501     3529.231
 78  JTTDCMut+F+I  1677.778     31  3417.556     3424.421     3534.471
 79  JTTDCMut+F+G4 1677.788     31  3417.577     3424.442     3534.492
 81  DCMut         1715.247     11  3452.493     3453.348     3493.979
 82  DCMut+I       1714.232     12  3452.464     3453.477     3497.721
 83  DCMut+G4      1714.459     12  3452.919     3453.932     3498.176
 85  DCMut+F       1689.621     30  3439.243     3445.656     3552.386
 86  DCMut+F+I     1689.053     31  3440.106     3446.971     3557.021
 87  DCMut+F+G4    1689.149     31  3440.298     3447.163     3557.212
 89  VT            1698.667     11  3419.335     3420.189     3460.821
 90  VT+I          1698.667     12  3421.334     3422.347     3466.591
 91  VT+G4         1698.668     12  3421.336     3422.349     3466.593
 93  VT+F          1683.599     30  3427.198     3433.612     3540.342
 94  VT+F+I        1683.599     31  3429.198     3436.064     3546.113
 95  VT+F+G4       1683.600     31  3429.201     3436.066     3546.115
 97  PMB           1707.697     11  3437.394     3438.248     3478.880
 98  PMB+I         1707.697     12  3439.394     3440.407     3484.651
 99  PMB+G4        1707.699     12  3439.397     3440.410     3484.654
101  PMB+F         1695.461     30  3450.922     3457.336     3564.066
102  PMB+F+I       1695.461     31  3452.922     3459.788     3569.837
103  PMB+F+G4      1695.463     31  3452.926     3459.791     3569.840
105  Blosum62      1711.830     11  3445.660     3446.515     3487.146
106  Blosum62+I    1711.829     12  3447.659     3448.672     3492.916
107  Blosum62+G4   1711.831     12  3447.661     3448.674     3492.918
109  Blosum62+F    1697.667     30  3455.335     3461.748     3568.478
110  Blosum62+F+I  1697.667     31  3457.334     3464.199     3574.249
111  Blosum62+F+G4 1697.668     31  3457.335     3464.200     3574.250
113  Dayhoff       1715.291     11  3452.581     3453.436     3494.067
114  Dayhoff+I     1714.237     12  3452.474     3453.487     3497.731
115  Dayhoff+G4    1714.469     12  3452.937     3453.950     3498.194
117  Dayhoff+F     1689.634     30  3439.268     3445.682     3552.412
118  Dayhoff+F+I   1689.039     31  3440.078     3446.943     3556.992
119  Dayhoff+F+G4  1689.137     31  3440.273     3447.138     3557.188
121  mtREV         1750.909     11  3523.817     3524.672     3565.303
122  mtREV+I       1746.009     12  3516.018     3517.031     3561.275
123  mtREV+G4      1744.735     12  3513.470     3514.483     3558.727
125  mtREV+F       1690.004     30  3440.007     3446.421     3553.150
126  mtREV+F+I     1686.805     31  3435.611     3442.476     3552.526
127  mtREV+F+G4    1686.200     31  3434.399     3441.264     3551.314
129  mtART         1773.565     11  3569.129     3569.983     3610.615
130  mtART+I       1761.175     12  3546.351     3547.364     3591.608
131  mtART+G4      1755.232     12  3534.465     3535.478     3579.722
133  mtART+F       1710.930     30  3481.861     3488.275     3595.004
134  mtART+F+I     1703.701     31  3469.401     3476.266     3586.316
135  mtART+F+G4    1699.613     31  3461.227     3468.092     3578.141
137  mtZOA         1744.705     11  3511.409     3512.263     3552.895
138  mtZOA+I       1737.337     12  3498.674     3499.687     3543.931
139  mtZOA+G4      1734.131     12  3492.262     3493.275     3537.519
141  mtZOA+F       1698.297     30  3456.593     3463.007     3569.736
142  mtZOA+F+I     1693.581     31  3449.162     3456.027     3566.077
143  mtZOA+F+G4    1692.096     31  3446.192     3453.057     3563.107
145  mtMet         1762.445     11  3546.890     3547.745     3588.376
146  mtMet+I       1757.354     12  3538.708     3539.721     3583.966
147  mtMet+G4      1755.958     12  3535.916     3536.929     3581.173
149  mtMet+F       1687.619     30  3435.239     3441.652     3548.382
150  mtMet+F+I     1684.198     31  3430.397     3437.262     3547.312
151  mtMet+F+G4    1683.747     31  3429.494     3436.359     3546.409
153  mtVer         1770.351     11  3562.701     3563.556     3604.187
154  mtVer+I       1762.004     12  3548.008     3549.021     3593.265
155  mtVer+G4      1760.330     12  3544.661     3545.674     3589.918
157  mtVer+F       1695.355     30  3450.711     3457.125     3563.854
158  mtVer+F+I     1690.324     31  3442.648     3449.514     3559.563
159  mtVer+F+G4    1689.656     31  3441.312     3448.177     3558.226
161  mtInv         1789.218     11  3600.436     3601.290     3641.922
162  mtInv+I       1785.726     12  3595.453     3596.466     3640.710
163  mtInv+G4      1784.552     12  3593.104     3594.117     3638.361
165  mtInv+F       1690.120     30  3440.239     3446.653     3553.382
166  mtInv+F+I     1687.865     31  3437.730     3444.595     3554.645
167  mtInv+F+G4    1687.441     31  3436.882     3443.747     3553.797
169  mtMAM         1780.014     11  3582.029     3582.883     3623.515
170  mtMAM+I       1762.746     12  3549.492     3550.505     3594.749
171  mtMAM+G4      1758.257     12  3540.514     3541.527     3585.771
173  mtMAM+F       1713.390     30  3486.779     3493.193     3599.923
174  mtMAM+F+I     1701.907     31  3465.814     3472.679     3582.729
175  mtMAM+F+G4    1699.085     31  3460.170     3467.035     3577.085
WARNING: Normalizing state frequencies so that sum of them equals to 1
177  FLAVI         1735.444     11  3492.888     3493.742     3534.374
WARNING: Normalizing state frequencies so that sum of them equals to 1
178  FLAVI+I       1728.331     12  3480.662     3481.675     3525.920
WARNING: Normalizing state frequencies so that sum of them equals to 1
179  FLAVI+G4      1727.528     12  3479.055     3480.068     3524.313
WARNING: Normalizing state frequencies so that sum of them equals to 1
181  FLAVI+F       1710.355     30  3480.711     3487.125     3593.854
WARNING: Normalizing state frequencies so that sum of them equals to 1
182  FLAVI+F+I     1704.074     31  3470.149     3477.014     3587.064
WARNING: Normalizing state frequencies so that sum of them equals to 1
183  FLAVI+F+G4    1703.143     31  3468.285     3475.150     3585.200
185  HIVb          1727.164     11  3476.327     3477.182     3517.813
186  HIVb+I        1721.944     12  3467.888     3468.901     3513.145
187  HIVb+G4       1721.998     12  3467.997     3469.010     3513.254
189  HIVb+F        1692.554     30  3445.107     3451.521     3558.250
190  HIVb+F+I      1687.743     31  3437.486     3444.351     3554.400
191  HIVb+F+G4     1687.485     31  3436.969     3443.834     3553.884
193  HIVw          1795.082     11  3612.164     3613.019     3653.650
194  HIVw+I        1786.421     12  3596.842     3597.855     3642.099
195  HIVw+G4       1786.715     12  3597.430     3598.443     3642.688
197  HIVw+F        1728.512     30  3517.024     3523.438     3630.167
198  HIVw+F+I      1721.209     31  3504.418     3511.283     3621.333
199  HIVw+F+G4     1721.133     31  3504.266     3511.131     3621.181
201  FLU           1736.524     11  3495.048     3495.903     3536.534
202  FLU+I         1732.595     12  3489.189     3490.202     3534.447
203  FLU+G4        1732.915     12  3489.830     3490.843     3535.088
205  FLU+F         1695.577     30  3451.155     3457.568     3564.298
206  FLU+F+I       1692.645     31  3447.291     3454.156     3564.205
207  FLU+F+G4      1692.472     31  3446.944     3453.809     3563.858
209  rtREV         1724.680     11  3471.359     3472.214     3512.845
210  rtREV+I       1724.221     12  3472.442     3473.455     3517.699
211  rtREV+G4      1724.042     12  3472.084     3473.097     3517.341
213  rtREV+F       1691.910     30  3443.821     3450.234     3556.964
214  rtREV+F+I     1691.400     31  3444.799     3451.664     3561.714
215  rtREV+F+G4    1691.043     31  3444.085     3450.950     3561.000
217  cpREV         1700.493     11  3422.986     3423.840     3464.472
218  cpREV+I       1698.848     12  3421.697     3422.710     3466.954
219  cpREV+G4      1699.086     12  3422.172     3423.185     3467.429
221  cpREV+F       1684.626     30  3429.252     3435.666     3542.395
222  cpREV+F+I     1683.443     31  3428.885     3435.750     3545.800
223  cpREV+F+G4    1683.601     31  3429.202     3436.067     3546.117
Akaike Information Criterion:           JTTDCMut
Corrected Akaike Information Criterion: JTTDCMut
Bayesian Information Criterion:         JTTDCMut
Best-fit model: JTTDCMut chosen according to BIC

All model information printed to ../results/molecular_evolution_analyses/phylogenetic_trees/F67128_MLIG_G1/F67128_MLIG_G1.model.gz
CPU time for ModelFinder: 1.478 seconds (0h:0m:1s)
Wall-clock time for ModelFinder: 1.479 seconds (0h:0m:1s)
Generating 1000 samples for ultrafast bootstrap (seed: 974977)...

NOTE: 0 MB RAM (0 GB) is required!
Estimate model parameters (epsilon = 0.100)
1. Initial log-likelihood: -1693.642
Optimal log-likelihood: -1693.642
Parameters optimization took 1 rounds (0.001 sec)
Wrote distance file to... 
Computing ML distances based on estimated model parameters...
Calculating distance matrix: done in 0.00114799 secs using 99.48% CPU
Computing ML distances took 0.001173 sec (of wall-clock time) 0.001168 sec (of CPU time)
Setting up auxiliary I and S matrices: done in 2.5034e-05 secs using 103.9% CPU
Constructing RapidNJ tree: done in 2.71797e-05 secs using 95.66% CPU
Computing RapidNJ tree took 0.000095 sec (of wall-clock time) 0.000096 sec (of CPU time)
Log-likelihood of RapidNJ tree: -1693.643
--------------------------------------------------------------------
|             INITIALIZING CANDIDATE TREE SET                      |
--------------------------------------------------------------------
Generating 99 parsimony trees... 0.022 second
Computing log-likelihood of 42 initial trees ... 0.016 seconds
Current best score: -1693.642

Do NNI search on 20 best initial trees
Optimizing NNI: done in 0.0015049 secs using 100% CPU
Estimate model parameters (epsilon = 0.100)
BETTER TREE FOUND at iteration 1: -1693.642
Optimizing NNI: done in 0.0031569 secs using 226.6% CPU
Optimizing NNI: done in 0.00314212 secs using 227.4% CPU
Optimizing NNI: done in 0.0032351 secs using 223.4% CPU
Optimizing NNI: done in 0.00328207 secs using 100% CPU
Optimizing NNI: done in 0.00328088 secs using 221.9% CPU
Optimizing NNI: done in 0.00330496 secs using 221.1% CPU
Optimizing NNI: done in 0.00333595 secs using 219.7% CPU
Optimizing NNI: done in 0.00330591 secs using 221.2% CPU
Optimizing NNI: done in 0.00325704 secs using 222.6% CPU
Iteration 10 / LogL: -1693.642 / Time: 0h:0m:0s
Optimizing NNI: done in 0.00322008 secs using 224.2% CPU
Optimizing NNI: done in 0.00497699 secs using 180.4% CPU
Optimizing NNI: done in 0.00510097 secs using 178.3% CPU
Optimizing NNI: done in 0.00508499 secs using 257.3% CPU
Optimizing NNI: done in 0.00489116 secs using 181.7% CPU
Optimizing NNI: done in 0.00489593 secs using 181.7% CPU
Optimizing NNI: done in 0.004879 secs using 181.8% CPU
Optimizing NNI: done in 0.00321507 secs using 224.5% CPU
Optimizing NNI: done in 0.00319982 secs using 224.9% CPU
Optimizing NNI: done in 0.00324988 secs using 223.1% CPU
Iteration 20 / LogL: -1694.095 / Time: 0h:0m:0s
Finish initializing candidate tree set (1)
Current best tree score: -1693.642 / CPU time: 0.118
Number of iterations: 20
--------------------------------------------------------------------
|               OPTIMIZING CANDIDATE TREE SET                      |
--------------------------------------------------------------------
Optimizing NNI: done in 0.004529 secs using 188.3% CPU
Optimizing NNI: done in 0.00295115 secs using 235.6% CPU
Optimizing NNI: done in 0.00294399 secs using 235.9% CPU
Optimizing NNI: done in 0.00297093 secs using 234.6% CPU
Optimizing NNI: done in 0.00293016 secs using 99.99% CPU
Optimizing NNI: done in 0.00496006 secs using 180.6% CPU
Optimizing NNI: done in 0.00453305 secs using 188.1% CPU
Optimizing NNI: done in 0.00293589 secs using 236.2% CPU
Optimizing NNI: done in 0.0029521 secs using 235.3% CPU
Optimizing NNI: done in 0.00453997 secs using 188.1% CPU
Iteration 30 / LogL: -1693.643 / Time: 0h:0m:0s (0h:0m:0s left)
Optimizing NNI: done in 0.00133991 secs using 100% CPU
Optimizing NNI: done in 0.0049901 secs using 180.2% CPU
Optimizing NNI: done in 0.00330997 secs using 154.4% CPU
Optimizing NNI: done in 0.00295305 secs using 99.9% CPU
Optimizing NNI: done in 0.00285697 secs using 100% CPU
Optimizing NNI: done in 0.00487304 secs using 99.96% CPU
Optimizing NNI: done in 0.00441718 secs using 99.95% CPU
Optimizing NNI: done in 0.00133801 secs using 99.92% CPU
Optimizing NNI: done in 0.00504112 secs using 99.96% CPU
Optimizing NNI: done in 0.0074861 secs using 99.96% CPU
Iteration 40 / LogL: -1693.916 / Time: 0h:0m:0s (0h:0m:0s left)
Optimizing NNI: done in 0.00289917 secs using 99.99% CPU
Optimizing NNI: done in 0.00290489 secs using 100% CPU
Optimizing NNI: done in 0.00451994 secs using 100% CPU
Optimizing NNI: done in 0.00135493 secs using 100% CPU
Optimizing NNI: done in 0.00291395 secs using 100% CPU
Optimizing NNI: done in 0.00496006 secs using 100% CPU
Optimizing NNI: done in 0.00488997 secs using 99.92% CPU
Optimizing NNI: done in 0.00494409 secs using 100% CPU
Optimizing NNI: done in 0.00453281 secs using 99.94% CPU
Optimizing NNI: done in 0.00291419 secs using 99.92% CPU
Iteration 50 / LogL: -1694.118 / Time: 0h:0m:0s (0h:0m:0s left)
Log-likelihood cutoff on original alignment: -1722.814
Optimizing NNI: done in 0.00138998 secs using 100% CPU
Optimizing NNI: done in 0.00295305 secs using 100% CPU
Optimizing NNI: done in 0.00462794 secs using 99.91% CPU
Optimizing NNI: done in 0.00292301 secs using 100% CPU
Optimizing NNI: done in 0.00326109 secs using 99.87% CPU
Optimizing NNI: done in 0.00456214 secs using 99.93% CPU
Optimizing NNI: done in 0.00466299 secs using 99.98% CPU
Optimizing NNI: done in 0.004637 secs using 100% CPU
Optimizing NNI: done in 0.00468397 secs using 100% CPU
Optimizing NNI: done in 0.00134897 secs using 100% CPU
Iteration 60 / LogL: -1693.642 / Time: 0h:0m:0s (0h:0m:0s left)
Optimizing NNI: done in 0.0029211 secs using 100% CPU
Optimizing NNI: done in 0.0031929 secs using 100% CPU
Optimizing NNI: done in 0.00489211 secs using 99.96% CPU
Optimizing NNI: done in 0.00477004 secs using 99.94% CPU
Optimizing NNI: done in 0.00447798 secs using 100% CPU
Optimizing NNI: done in 0.00457096 secs using 100% CPU
Optimizing NNI: done in 0.00331593 secs using 99.91% CPU
Optimizing NNI: done in 0.00442195 secs using 100% CPU
Optimizing NNI: done in 0.00452113 secs using 99.95% CPU
Optimizing NNI: done in 0.00289989 secs using 100% CPU
Iteration 70 / LogL: -1694.094 / Time: 0h:0m:0s (0h:0m:0s left)
Optimizing NNI: done in 0.00133085 secs using 100% CPU
Optimizing NNI: done in 0.0044899 secs using 100% CPU
Optimizing NNI: done in 0.00444698 secs using 100% CPU
Optimizing NNI: done in 0.00455308 secs using 99.91% CPU
Optimizing NNI: done in 0.00326586 secs using 100% CPU
Optimizing NNI: done in 0.00490499 secs using 100% CPU
Optimizing NNI: done in 0.00453496 secs using 100% CPU
Optimizing NNI: done in 0.00452805 secs using 99.98% CPU
Optimizing NNI: done in 0.00133395 secs using 100% CPU
Optimizing NNI: done in 0.00488305 secs using 99.94% CPU
Iteration 80 / LogL: -1693.642 / Time: 0h:0m:0s (0h:0m:0s left)
Optimizing NNI: done in 0.0013411 secs using 99.99% CPU
Optimizing NNI: done in 0.00454712 secs using 99.93% CPU
Optimizing NNI: done in 0.00288796 secs using 100% CPU
Optimizing NNI: done in 0.0044899 secs using 100% CPU
Optimizing NNI: done in 0.00133491 secs using 100% CPU
Optimizing NNI: done in 0.00486302 secs using 100% CPU
Optimizing NNI: done in 0.00132585 secs using 99.94% CPU
Optimizing NNI: done in 0.00486183 secs using 100% CPU
Optimizing NNI: done in 0.0029242 secs using 99.99% CPU
Optimizing NNI: done in 0.0045352 secs using 100% CPU
Iteration 90 / LogL: -1693.643 / Time: 0h:0m:0s (0h:0m:0s left)
Optimizing NNI: done in 0.00135589 secs using 100% CPU
Optimizing NNI: done in 0.00465107 secs using 99.98% CPU
Optimizing NNI: done in 0.00495481 secs using 100% CPU
Optimizing NNI: done in 0.00492501 secs using 99.98% CPU
Optimizing NNI: done in 0.00744104 secs using 99.96% CPU
Optimizing NNI: done in 0.00737095 secs using 99.96% CPU
Optimizing NNI: done in 0.00292897 secs using 99.9% CPU
Optimizing NNI: done in 0.00442696 secs using 100% CPU
Optimizing NNI: done in 0.00295806 secs using 99.93% CPU
Optimizing NNI: done in 0.00492501 secs using 100% CPU
Iteration 100 / LogL: -1694.032 / Time: 0h:0m:0s (0h:0m:0s left)
Log-likelihood cutoff on original alignment: -1722.819
NOTE: Bootstrap correlation coefficient of split occurrence frequencies: 1.000
Optimizing NNI: done in 0.00301385 secs using 99.97% CPU
Optimizing NNI: done in 0.00294113 secs using 100% CPU
TREE SEARCH COMPLETED AFTER 102 ITERATIONS / Time: 0h:0m:0s

--------------------------------------------------------------------
|                    FINALIZING TREE SEARCH                        |
--------------------------------------------------------------------
Performs final model parameters optimization
Estimate model parameters (epsilon = 0.010)
1. Initial log-likelihood: -1693.642
Optimal log-likelihood: -1693.642
Parameters optimization took 1 rounds (0.001 sec)
BEST SCORE FOUND : -1693.642

Testing tree branches by SH-like aLRT with 1000 replicates...
0.028 sec.
Creating bootstrap support values...
Split supports printed to NEXUS file ../results/molecular_evolution_analyses/phylogenetic_trees/F67128_MLIG_G1/F67128_MLIG_G1.splits.nex
Total tree length: 0.559

Total number of iterations: 102
CPU time used for tree search: 0.872 sec (0h:0m:0s)
Wall-clock time used for tree search: 0.677 sec (0h:0m:0s)
Total CPU time used: 0.930 sec (0h:0m:0s)
Total wall-clock time used: 0.733 sec (0h:0m:0s)

Computing bootstrap consensus tree...
Reading input file ../results/molecular_evolution_analyses/phylogenetic_trees/F67128_MLIG_G1/F67128_MLIG_G1.splits.nex...
7 taxa and 14 splits.
Consensus tree written to ../results/molecular_evolution_analyses/phylogenetic_trees/F67128_MLIG_G1/F67128_MLIG_G1.contree
Reading input trees file ../results/molecular_evolution_analyses/phylogenetic_trees/F67128_MLIG_G1/F67128_MLIG_G1.contree
Log-likelihood of consensus tree: -1693.644

Analysis results written to: 
  IQ-TREE report:                ../results/molecular_evolution_analyses/phylogenetic_trees/F67128_MLIG_G1/F67128_MLIG_G1.iqtree
  Maximum-likelihood tree:       ../results/molecular_evolution_analyses/phylogenetic_trees/F67128_MLIG_G1/F67128_MLIG_G1.treefile
  Likelihood distances:          ../results/molecular_evolution_analyses/phylogenetic_trees/F67128_MLIG_G1/F67128_MLIG_G1.mldist

Ultrafast bootstrap approximation results written to:
  Split support values:          ../results/molecular_evolution_analyses/phylogenetic_trees/F67128_MLIG_G1/F67128_MLIG_G1.splits.nex
  Consensus tree:                ../results/molecular_evolution_analyses/phylogenetic_trees/F67128_MLIG_G1/F67128_MLIG_G1.contree
  Screen log file:               ../results/molecular_evolution_analyses/phylogenetic_trees/F67128_MLIG_G1/F67128_MLIG_G1.log

Date and Time: Wed May  1 09:09:47 2024
