IQ-TREE multicore version 2.2.2.6 COVID-edition for Linux 64-bit built May 27 2023
Developed by Bui Quang Minh, James Barbetti, Nguyen Lam Tung,
Olga Chernomor, Heiko Schmidt, Dominik Schrempf, Michael Woodhams, Ly Trong Nhan.

Host:    lbc5 (AVX2, FMA3, 125 GB RAM)
Command: /home/mauricio/mauricio_PROGRAMAS/iqtree-2.2.2.6-Linux/bin/iqtree2 -s ../results/molecular_evolution_analyses/alignments_gblocks/F83047_MLIG_G1/F83047_MLIG_G1.aln.gblo -m TEST --threads-max 32 --alrt 1000 --ufboot 1000 --prefix ../results/molecular_evolution_analyses/phylogenetic_trees/F83047_MLIG_G1/F83047_MLIG_G1
Seed:    501680 (Using SPRNG - Scalable Parallel Random Number Generator)
Time:    Thu Mar 28 11:13:47 2024
Kernel:  AVX+FMA - 1 threads (32 CPU cores detected)

HINT: Use -nt option to specify number of threads because your CPU has 32 cores!
HINT: -nt AUTO will automatically determine the best number of threads to use.

Reading alignment file ../results/molecular_evolution_analyses/alignments_gblocks/F83047_MLIG_G1/F83047_MLIG_G1.aln.gblo ... Fasta format detected
Reading fasta file: done in 3.40939e-05 secs
Alignment most likely contains protein sequences
Constructing alignment: done in 0.000125885 secs
Alignment has 6 sequences with 196 columns, 83 distinct patterns
87 parsimony-informative, 1 singleton sites, 107 constant sites
            Gap/Ambiguity  Composition  p-value
Analyzing sequences: done in 4.05312e-06 secs
   1  Mlig.35480    0.00%    passed     99.94%
   2  Mlig.32930    0.00%    passed     99.90%
   3  Mlig.32931    0.00%    passed     99.88%
   4  Mlig.32932    0.00%    passed     99.88%
   5  Mlig.35481    0.00%    passed     99.59%
   6  Mlig.35482    0.00%    passed     99.92%
****  TOTAL         0.00%  0 sequences failed composition chi2 test (p-value<5%; df=19)
NOTE: Mlig.32932 is identical to Mlig.32931 but kept for subsequent analysis
Checking for duplicate sequences: done in 1.40667e-05 secs


Create initial parsimony tree by phylogenetic likelihood library (PLL)... 0.000 seconds
Perform fast likelihood tree search using LG+I+G model...
Estimate model parameters (epsilon = 5.000)
Perform nearest neighbor interchange...
Optimizing NNI: done in 0.00961804 secs using 99.01% CPU
Estimate model parameters (epsilon = 1.000)
1. Initial log-likelihood: -933.528
Optimal log-likelihood: -932.505
Proportion of invariable sites: 0.285
Gamma shape alpha: 998.438
Parameters optimization took 1 rounds (0.009 sec)
Time for fast ML tree search: 0.029 seconds

NOTE: ModelFinder requires 0 MB RAM!
ModelFinder will test up to 224 protein models (sample size: 196) ...
 No. Model         -LnL         df  AIC          AICc         BIC
  1  LG            932.607      9   1883.215     1884.183     1912.718
  2  LG+I          932.163      10  1884.326     1885.515     1917.107
  3  LG+G4         932.298      10  1884.595     1885.785     1917.376
  4  LG+I+G4       932.407      11  1886.814     1888.249     1922.873
  5  LG+F          898.615      28  1853.229     1862.954     1945.016
  6  LG+F+I        897.844      29  1853.689     1864.171     1948.754
  7  LG+F+G4       898.048      29  1854.097     1864.579     1949.162
  9  WAG           944.395      9   1906.790     1907.758     1936.293
 10  WAG+I         944.262      10  1908.525     1909.714     1941.306
 11  WAG+G4        944.353      10  1908.706     1909.896     1941.487
 13  WAG+F         905.069      28  1866.139     1875.863     1957.926
 14  WAG+F+I       904.279      29  1866.558     1877.040     1961.623
 15  WAG+F+G4      904.615      29  1867.229     1877.711     1962.295
 17  JTT           937.465      9   1892.930     1893.898     1922.433
 18  JTT+I         936.830      10  1893.660     1894.849     1926.441
 19  JTT+G4        937.059      10  1894.119     1895.308     1926.900
 21  JTT+F         898.254      28  1852.508     1862.232     1944.295
 22  JTT+F+I       897.562      29  1853.125     1863.607     1948.190
 23  JTT+F+G4      897.840      29  1853.679     1864.161     1948.744
WARNING: Normalizing state frequencies so that sum of them equals to 1
 25  Q.pfam        930.605      9   1879.209     1880.177     1908.712
WARNING: Normalizing state frequencies so that sum of them equals to 1
 26  Q.pfam+I      930.455      10  1880.911     1882.100     1913.692
WARNING: Normalizing state frequencies so that sum of them equals to 1
 27  Q.pfam+G4     930.539      10  1881.079     1882.268     1913.860
WARNING: Normalizing state frequencies so that sum of them equals to 1
 29  Q.pfam+F      898.036      28  1852.071     1861.796     1943.858
WARNING: Normalizing state frequencies so that sum of them equals to 1
 30  Q.pfam+F+I    897.676      29  1853.352     1863.834     1948.417
WARNING: Normalizing state frequencies so that sum of them equals to 1
 31  Q.pfam+F+G4   897.836      29  1853.671     1864.153     1948.736
WARNING: Normalizing state frequencies so that sum of them equals to 1
 33  Q.bird        938.067      9   1894.134     1895.102     1923.637
WARNING: Normalizing state frequencies so that sum of them equals to 1
 34  Q.bird+I      933.386      10  1886.772     1887.961     1919.553
WARNING: Normalizing state frequencies so that sum of them equals to 1
 35  Q.bird+G4     934.359      10  1888.717     1889.906     1921.498
WARNING: Normalizing state frequencies so that sum of them equals to 1
 37  Q.bird+F      904.010      28  1864.021     1873.745     1955.808
WARNING: Normalizing state frequencies so that sum of them equals to 1
 38  Q.bird+F+I    899.656      29  1857.311     1867.793     1952.377
WARNING: Normalizing state frequencies so that sum of them equals to 1
 39  Q.bird+F+G4   900.674      29  1859.347     1869.829     1954.413
WARNING: Normalizing state frequencies so that sum of them equals to 1
 41  Q.mammal      931.565      9   1881.129     1882.097     1910.632
WARNING: Normalizing state frequencies so that sum of them equals to 1
 42  Q.mammal+I    928.860      10  1877.719     1878.908     1910.500
WARNING: Normalizing state frequencies so that sum of them equals to 1
 43  Q.mammal+G4   929.670      10  1879.339     1880.528     1912.120
WARNING: Normalizing state frequencies so that sum of them equals to 1
 45  Q.mammal+F    899.672      28  1855.344     1865.068     1947.131
WARNING: Normalizing state frequencies so that sum of them equals to 1
 46  Q.mammal+F+I  897.312      29  1852.624     1863.106     1947.689
WARNING: Normalizing state frequencies so that sum of them equals to 1
 47  Q.mammal+F+G4 898.076      29  1854.152     1864.634     1949.218
 49  Q.insect      927.428      9   1872.856     1873.824     1902.359
 50  Q.insect+I    927.011      10  1874.022     1875.211     1906.803
 51  Q.insect+G4   927.211      10  1874.421     1875.611     1907.203
 53  Q.insect+F    892.212      28  1840.424     1850.148     1932.211
 54  Q.insect+F+I  891.801      29  1841.602     1852.084     1936.667
 55  Q.insect+F+G4 891.989      29  1841.978     1852.460     1937.044
WARNING: Normalizing state frequencies so that sum of them equals to 1
 57  Q.plant       936.056      9   1890.111     1891.079     1919.614
WARNING: Normalizing state frequencies so that sum of them equals to 1
 58  Q.plant+I     933.270      10  1886.541     1887.730     1919.322
WARNING: Normalizing state frequencies so that sum of them equals to 1
 59  Q.plant+G4    933.991      10  1887.982     1889.171     1920.763
WARNING: Normalizing state frequencies so that sum of them equals to 1
 61  Q.plant+F     898.077      28  1852.155     1861.880     1943.942
WARNING: Normalizing state frequencies so that sum of them equals to 1
 62  Q.plant+F+I   895.417      29  1848.834     1859.316     1943.899
WARNING: Normalizing state frequencies so that sum of them equals to 1
 63  Q.plant+F+G4  896.067      29  1850.134     1860.616     1945.199
WARNING: Normalizing state frequencies so that sum of them equals to 1
 65  Q.yeast       935.587      9   1889.174     1890.142     1918.677
WARNING: Normalizing state frequencies so that sum of them equals to 1
 66  Q.yeast+I     935.244      10  1890.488     1891.677     1923.269
WARNING: Normalizing state frequencies so that sum of them equals to 1
 67  Q.yeast+G4    935.332      10  1890.665     1891.854     1923.446
WARNING: Normalizing state frequencies so that sum of them equals to 1
 69  Q.yeast+F     895.192      28  1846.383     1856.108     1938.170
WARNING: Normalizing state frequencies so that sum of them equals to 1
 70  Q.yeast+F+I   894.638      29  1847.276     1857.758     1942.342
WARNING: Normalizing state frequencies so that sum of them equals to 1
 71  Q.yeast+F+G4  894.762      29  1847.524     1858.006     1942.589
 73  JTTDCMut      938.458      9   1894.917     1895.885     1924.420
 74  JTTDCMut+I    937.678      10  1895.355     1896.544     1928.136
 75  JTTDCMut+G4   937.932      10  1895.863     1897.052     1928.644
 77  JTTDCMut+F    899.132      28  1854.263     1863.988     1946.051
 78  JTTDCMut+F+I  898.246      29  1854.492     1864.974     1949.557
 79  JTTDCMut+F+G4 898.568      29  1855.136     1865.618     1950.201
 81  DCMut         953.940      9   1925.879     1926.847     1955.382
 82  DCMut+I       951.621      10  1923.242     1924.431     1956.023
 83  DCMut+G4      951.970      10  1923.940     1925.129     1956.721
 85  DCMut+F       908.340      28  1872.680     1882.405     1964.467
 86  DCMut+F+I     904.572      29  1867.143     1877.625     1962.208
 87  DCMut+F+G4    905.453      29  1868.906     1879.387     1963.971
 89  VT            936.483      9   1890.966     1891.934     1920.469
 90  VT+I          936.483      10  1892.966     1894.155     1925.747
 91  VT+G4         936.484      10  1892.969     1894.158     1925.750
 93  VT+F          900.914      28  1857.828     1867.553     1949.615
 94  VT+F+I        900.916      29  1859.832     1870.314     1954.897
 95  VT+F+G4       900.915      29  1859.829     1870.311     1954.895
 97  PMB           948.603      9   1915.206     1916.174     1944.709
 98  PMB+I         948.603      10  1917.206     1918.395     1949.987
 99  PMB+G4        948.605      10  1917.209     1918.399     1949.991
101  PMB+F         905.592      28  1867.184     1876.908     1958.971
102  PMB+F+I       905.603      29  1869.206     1879.688     1964.272
103  PMB+F+G4      905.594      29  1869.188     1879.669     1964.253
105  Blosum62      950.683      9   1919.366     1920.333     1948.869
106  Blosum62+I    950.683      10  1921.366     1922.555     1954.147
107  Blosum62+G4   950.684      10  1921.368     1922.557     1954.149
109  Blosum62+F    907.839      28  1871.679     1881.403     1963.466
110  Blosum62+F+I  907.659      29  1873.318     1883.800     1968.383
111  Blosum62+F+G4 907.783      29  1873.567     1884.049     1968.632
113  Dayhoff       953.975      9   1925.950     1926.918     1955.453
114  Dayhoff+I     951.617      10  1923.235     1924.424     1956.016
115  Dayhoff+G4    951.973      10  1923.945     1925.134     1956.726
117  Dayhoff+F     908.387      28  1872.774     1882.499     1964.562
118  Dayhoff+F+I   904.567      29  1867.134     1877.616     1962.199
119  Dayhoff+F+G4  905.461      29  1868.922     1879.404     1963.988
121  mtREV         1004.286     9   2026.571     2027.539     2056.074
122  mtREV+I       998.386      10  2016.772     2017.961     2049.553
123  mtREV+G4      999.130      10  2018.260     2019.449     2051.041
125  mtREV+F       907.912      28  1871.824     1881.548     1963.611
126  mtREV+F+I     904.144      29  1866.288     1876.770     1961.353
127  mtREV+F+G4    904.680      29  1867.360     1877.842     1962.426
129  mtART         1030.284     9   2078.568     2079.535     2108.071
130  mtART+I       1016.703     10  2053.406     2054.596     2086.187
131  mtART+G4      1017.155     10  2054.309     2055.499     2087.090
133  mtART+F       912.398      28  1880.795     1890.520     1972.583
134  mtART+F+I     901.447      29  1860.894     1871.376     1955.960
135  mtART+F+G4    902.406      29  1862.812     1873.294     1957.878
137  mtZOA         1008.001     9   2034.001     2034.969     2063.504
138  mtZOA+I       999.318      10  2018.636     2019.825     2051.417
139  mtZOA+G4      999.962      10  2019.924     2021.113     2052.705
141  mtZOA+F       905.970      28  1867.940     1877.665     1959.728
142  mtZOA+F+I     899.388      29  1856.776     1867.258     1951.841
143  mtZOA+F+G4    900.186      29  1858.372     1868.854     1953.437
145  mtMet         1027.599     9   2073.197     2074.165     2102.701
146  mtMet+I       1021.218     10  2062.437     2063.626     2095.218
147  mtMet+G4      1021.990     10  2063.980     2065.169     2096.761
149  mtMet+F       905.345      28  1866.690     1876.414     1958.477
150  mtMet+F+I     900.201      29  1858.402     1868.884     1953.467
151  mtMet+F+G4    901.375      29  1860.750     1871.232     1955.815
153  mtVer         1014.547     9   2047.094     2048.062     2076.597
154  mtVer+I       1004.959     10  2029.918     2031.107     2062.699
155  mtVer+G4      1005.792     10  2031.583     2032.773     2064.365
157  mtVer+F       910.779      28  1877.557     1887.282     1969.345
158  mtVer+F+I     903.546      29  1865.092     1875.574     1960.157
159  mtVer+F+G4    905.093      29  1868.186     1878.668     1963.251
161  mtInv         1045.722     9   2109.445     2110.413     2138.948
162  mtInv+I       1041.709     10  2103.417     2104.606     2136.198
163  mtInv+G4      1042.408     10  2104.816     2106.006     2137.598
165  mtInv+F       901.759      28  1859.518     1869.242     1951.305
166  mtInv+F+I     898.614      29  1855.228     1865.710     1950.293
167  mtInv+F+G4    899.383      29  1856.766     1867.247     1951.831
169  mtMAM         1024.808     9   2067.616     2068.584     2097.119
170  mtMAM+I       1010.821     10  2041.642     2042.831     2074.423
171  mtMAM+G4      1010.139     10  2040.278     2041.467     2073.059
173  mtMAM+F       919.005      28  1894.010     1903.734     1985.797
174  mtMAM+F+I     910.050      29  1878.100     1888.582     1973.166
175  mtMAM+F+G4    910.608      29  1879.215     1889.697     1974.280
WARNING: Normalizing state frequencies so that sum of them equals to 1
177  FLAVI         964.759      9   1947.518     1948.486     1977.021
WARNING: Normalizing state frequencies so that sum of them equals to 1
178  FLAVI+I       954.404      10  1928.807     1929.997     1961.589
WARNING: Normalizing state frequencies so that sum of them equals to 1
179  FLAVI+G4      955.202      10  1930.403     1931.592     1963.184
WARNING: Normalizing state frequencies so that sum of them equals to 1
181  FLAVI+F       910.612      28  1877.223     1886.948     1969.010
WARNING: Normalizing state frequencies so that sum of them equals to 1
182  FLAVI+F+I     902.739      29  1863.478     1873.960     1958.544
WARNING: Normalizing state frequencies so that sum of them equals to 1
183  FLAVI+F+G4    903.197      29  1864.394     1874.875     1959.459
185  HIVb          953.503      9   1925.007     1925.974     1954.510
186  HIVb+I        946.987      10  1913.973     1915.163     1946.755
187  HIVb+G4       947.447      10  1914.894     1916.083     1947.675
189  HIVb+F        908.996      28  1873.993     1883.717     1965.780
190  HIVb+F+I      902.990      29  1863.980     1874.462     1959.045
191  HIVb+F+G4     903.526      29  1865.052     1875.534     1960.117
193  HIVw          1012.158     9   2042.315     2043.283     2071.818
194  HIVw+I        1001.164     10  2022.328     2023.517     2055.109
195  HIVw+G4       999.749      10  2019.499     2020.688     2052.280
197  HIVw+F        926.925      28  1909.850     1919.575     2001.637
198  HIVw+F+I      917.865      29  1893.730     1904.212     1988.796
199  HIVw+F+G4     917.352      29  1892.705     1903.187     1987.770
201  FLU           974.714      9   1967.427     1968.395     1996.930
202  FLU+I         969.783      10  1959.566     1960.755     1992.347
203  FLU+G4        970.262      10  1960.524     1961.713     1993.305
205  FLU+F         913.711      28  1883.423     1893.147     1975.210
206  FLU+F+I       908.253      29  1874.505     1884.987     1969.571
207  FLU+F+G4      908.470      29  1874.939     1885.421     1970.005
209  rtREV         935.773      9   1889.545     1890.513     1919.048
210  rtREV+I       935.685      10  1891.369     1892.558     1924.150
211  rtREV+G4      935.731      10  1891.463     1892.652     1924.244
213  rtREV+F       896.339      28  1848.679     1858.403     1940.466
214  rtREV+F+I     895.958      29  1849.917     1860.399     1944.982
215  rtREV+F+G4    896.085      29  1850.171     1860.653     1945.236
217  cpREV         954.752      9   1927.505     1928.473     1957.008
218  cpREV+I       952.972      10  1925.943     1927.132     1958.724
219  cpREV+G4      953.367      10  1926.734     1927.923     1959.515
221  cpREV+F       910.907      28  1877.814     1887.539     1969.602
222  cpREV+F+I     907.103      29  1872.207     1882.689     1967.272
223  cpREV+F+G4    907.963      29  1873.926     1884.407     1968.991
Akaike Information Criterion:           Q.insect+F
Corrected Akaike Information Criterion: Q.insect+F
Bayesian Information Criterion:         Q.insect
Best-fit model: Q.insect chosen according to BIC

All model information printed to ../results/molecular_evolution_analyses/phylogenetic_trees/F83047_MLIG_G1/F83047_MLIG_G1.model.gz
CPU time for ModelFinder: 1.774 seconds (0h:0m:1s)
Wall-clock time for ModelFinder: 1.809 seconds (0h:0m:1s)
Generating 1000 samples for ultrafast bootstrap (seed: 501680)...

NOTE: 0 MB RAM (0 GB) is required!
Estimate model parameters (epsilon = 0.100)
1. Initial log-likelihood: -927.428
Optimal log-likelihood: -927.428
Parameters optimization took 1 rounds (0.001 sec)
Wrote distance file to... 
Computing ML distances based on estimated model parameters...
Calculating distance matrix: done in 0.002285 secs using 99.56% CPU
Computing ML distances took 0.002331 sec (of wall-clock time) 0.002321 sec (of CPU time)
Setting up auxiliary I and S matrices: done in 2.7895e-05 secs using 100.4% CPU
Constructing RapidNJ tree: done in 2.09808e-05 secs using 100.1% CPU
Computing RapidNJ tree took 0.000093 sec (of wall-clock time) 0.000093 sec (of CPU time)
Log-likelihood of RapidNJ tree: -927.429
--------------------------------------------------------------------
|             INITIALIZING CANDIDATE TREE SET                      |
--------------------------------------------------------------------
Generating 98 parsimony trees... 0.029 second
Computing log-likelihood of 21 initial trees ... 0.008 seconds
Current best score: -927.428

Do NNI search on 20 best initial trees
Optimizing NNI: done in 0.00135517 secs using 152.7% CPU
Estimate model parameters (epsilon = 0.100)
BETTER TREE FOUND at iteration 1: -927.428
Optimizing NNI: done in 0.00188303 secs using 104.7% CPU
Optimizing NNI: done in 0.00123596 secs using 199.7% CPU
Optimizing NNI: done in 0.00226903 secs using 198.8% CPU
Optimizing NNI: done in 0.00349593 secs using 100% CPU
Optimizing NNI: done in 0.00352979 secs using 100% CPU
Optimizing NNI: done in 0.00264502 secs using 183% CPU
Optimizing NNI: done in 0.00227618 secs using 199.9% CPU
Optimizing NNI: done in 0.0022459 secs using 200.1% CPU
Optimizing NNI: done in 0.00643802 secs using 137.2% CPU
Iteration 10 / LogL: -927.428 / Time: 0h:0m:0s
Optimizing NNI: done in 0.00631499 secs using 134.6% CPU
Optimizing NNI: done in 0.00623894 secs using 141.2% CPU
Optimizing NNI: done in 0.00503087 secs using 199.7% CPU
Optimizing NNI: done in 0.00635505 secs using 136.2% CPU
Optimizing NNI: done in 0.00462008 secs using 132.7% CPU
Optimizing NNI: done in 0.00512719 secs using 109.3% CPU
Optimizing NNI: done in 0.00353885 secs using 199.9% CPU
Optimizing NNI: done in 0.00389719 secs using 196.1% CPU
Optimizing NNI: done in 0.0036931 secs using 199.5% CPU
Optimizing NNI: done in 0.00351119 secs using 200% CPU
Iteration 20 / LogL: -927.428 / Time: 0h:0m:0s
Finish initializing candidate tree set (3)
Current best tree score: -927.428 / CPU time: 0.138
Number of iterations: 20
--------------------------------------------------------------------
|               OPTIMIZING CANDIDATE TREE SET                      |
--------------------------------------------------------------------
Optimizing NNI: done in 0.00220203 secs using 162.3% CPU
Optimizing NNI: done in 0.000988007 secs using 100% CPU
Optimizing NNI: done in 0.00235009 secs using 268.3% CPU
Optimizing NNI: done in 0.00201797 secs using 99.95% CPU
Optimizing NNI: done in 0.00201893 secs using 297.2% CPU
Optimizing NNI: done in 0.00210714 secs using 289.9% CPU
Optimizing NNI: done in 0.00202513 secs using 99.99% CPU
Optimizing NNI: done in 0.00209999 secs using 290.5% CPU
Optimizing NNI: done in 0.00325203 secs using 100.2% CPU
Optimizing NNI: done in 0.00165796 secs using 99.94% CPU
Iteration 30 / LogL: -927.428 / Time: 0h:0m:0s (0h:0m:0s left)
Optimizing NNI: done in 0.00351214 secs using 100% CPU
Optimizing NNI: done in 0.00345111 secs using 99.71% CPU
UPDATE BEST LOG-LIKELIHOOD: -927.428
Optimizing NNI: done in 0.00184488 secs using 99.14% CPU
Optimizing NNI: done in 0.00179791 secs using 100.1% CPU
UPDATE BEST LOG-LIKELIHOOD: -927.428
Optimizing NNI: done in 0.00183606 secs using 99.45% CPU
Optimizing NNI: done in 0.00322795 secs using 99.72% CPU
Optimizing NNI: done in 0.00346804 secs using 99.8% CPU
Optimizing NNI: done in 0.00177717 secs using 99.99% CPU
Optimizing NNI: done in 0.0018239 secs using 99.62% CPU
Optimizing NNI: done in 0.00149584 secs using 99.94% CPU
Iteration 40 / LogL: -927.428 / Time: 0h:0m:0s (0h:0m:0s left)
Optimizing NNI: done in 0.00502896 secs using 99.74% CPU
Optimizing NNI: done in 0.00515103 secs using 99.96% CPU
Optimizing NNI: done in 0.00352502 secs using 99.63% CPU
Optimizing NNI: done in 0.00324488 secs using 99.76% CPU
Optimizing NNI: done in 0.00322509 secs using 99.66% CPU
Optimizing NNI: done in 0.00178194 secs using 99.95% CPU
Optimizing NNI: done in 0.00336695 secs using 99.97% CPU
Optimizing NNI: done in 0.00321412 secs using 99.97% CPU
Optimizing NNI: done in 0.00138092 secs using 100% CPU
Optimizing NNI: done in 0.00150394 secs using 99.94% CPU
Iteration 50 / LogL: -927.428 / Time: 0h:0m:0s (0h:0m:0s left)
Log-likelihood cutoff on original alignment: -930.129
Optimizing NNI: done in 0.00154805 secs using 99.93% CPU
Optimizing NNI: done in 0.00350213 secs using 100% CPU
Optimizing NNI: done in 0.003546 secs using 100% CPU
Optimizing NNI: done in 0.0035069 secs using 99.97% CPU
Optimizing NNI: done in 0.00310993 secs using 99.97% CPU
Optimizing NNI: done in 0.001827 secs using 99.45% CPU
Optimizing NNI: done in 0.00180602 secs using 98.5% CPU
Optimizing NNI: done in 0.00350285 secs using 100% CPU
Optimizing NNI: done in 0.00176096 secs using 100.1% CPU
Optimizing NNI: done in 0.00297809 secs using 100% CPU
Iteration 60 / LogL: -927.428 / Time: 0h:0m:0s (0h:0m:0s left)
Optimizing NNI: done in 0.0037601 secs using 86.09% CPU
Optimizing NNI: done in 0.00342798 secs using 100% CPU
Optimizing NNI: done in 0.00373888 secs using 91.58% CPU
Optimizing NNI: done in 0.0034349 secs using 100% CPU
Optimizing NNI: done in 0.00323105 secs using 100% CPU
Optimizing NNI: done in 0.00312114 secs using 99.68% CPU
Optimizing NNI: done in 0.00177312 secs using 100% CPU
Optimizing NNI: done in 0.00353599 secs using 99.6% CPU
Optimizing NNI: done in 0.00352907 secs using 100% CPU
Optimizing NNI: done in 0.0014708 secs using 100% CPU
Iteration 70 / LogL: -927.428 / Time: 0h:0m:0s (0h:0m:0s left)
Optimizing NNI: done in 0.00508094 secs using 99.84% CPU
Optimizing NNI: done in 0.00320601 secs using 100% CPU
Optimizing NNI: done in 0.00318289 secs using 100% CPU
Optimizing NNI: done in 0.00317097 secs using 99.72% CPU
Optimizing NNI: done in 0.00319004 secs using 100% CPU
Optimizing NNI: done in 0.00327682 secs using 100% CPU
Optimizing NNI: done in 0.00512791 secs using 100% CPU
Optimizing NNI: done in 0.00336003 secs using 99.73% CPU
Optimizing NNI: done in 0.00314999 secs using 100% CPU
Optimizing NNI: done in 0.003196 secs using 100% CPU
Iteration 80 / LogL: -927.428 / Time: 0h:0m:0s (0h:0m:0s left)
Optimizing NNI: done in 0.00315404 secs using 99.75% CPU
Optimizing NNI: done in 0.00339484 secs using 99.77% CPU
Optimizing NNI: done in 0.00179601 secs using 100% CPU
Optimizing NNI: done in 0.00317788 secs using 100% CPU
Optimizing NNI: done in 0.00316882 secs using 99.97% CPU
Optimizing NNI: done in 0.00310421 secs using 99.99% CPU
Optimizing NNI: done in 0.00303316 secs using 99.76% CPU
Optimizing NNI: done in 0.00341988 secs using 100% CPU
Optimizing NNI: done in 0.00176501 secs using 100% CPU
Optimizing NNI: done in 0.00178599 secs using 100% CPU
Iteration 90 / LogL: -927.428 / Time: 0h:0m:0s (0h:0m:0s left)
Optimizing NNI: done in 0.00505781 secs using 99.98% CPU
Optimizing NNI: done in 0.00320506 secs using 100% CPU
Optimizing NNI: done in 0.00166512 secs using 99.93% CPU
Optimizing NNI: done in 0.00276613 secs using 99.96% CPU
Optimizing NNI: done in 0.00133395 secs using 100% CPU
Optimizing NNI: done in 0.00427008 secs using 100% CPU
Optimizing NNI: done in 0.00144815 secs using 99.99% CPU
Optimizing NNI: done in 0.00408888 secs using 100% CPU
Optimizing NNI: done in 0.00326991 secs using 100% CPU
Optimizing NNI: done in 0.00431609 secs using 99.81% CPU
Iteration 100 / LogL: -927.429 / Time: 0h:0m:0s (0h:0m:0s left)
Log-likelihood cutoff on original alignment: -930.129
NOTE: Bootstrap correlation coefficient of split occurrence frequencies: 0.998
Optimizing NNI: done in 0.00299978 secs using 100% CPU
Optimizing NNI: done in 0.00437212 secs using 99.75% CPU
TREE SEARCH COMPLETED AFTER 102 ITERATIONS / Time: 0h:0m:0s

--------------------------------------------------------------------
|                    FINALIZING TREE SEARCH                        |
--------------------------------------------------------------------
Performs final model parameters optimization
Estimate model parameters (epsilon = 0.010)
1. Initial log-likelihood: -927.428
Optimal log-likelihood: -927.428
Parameters optimization took 1 rounds (0.001 sec)
BEST SCORE FOUND : -927.428

Testing tree branches by SH-like aLRT with 1000 replicates...
0.012 sec.
Creating bootstrap support values...
Split supports printed to NEXUS file ../results/molecular_evolution_analyses/phylogenetic_trees/F83047_MLIG_G1/F83047_MLIG_G1.splits.nex
Total tree length: 0.695

Total number of iterations: 102
CPU time used for tree search: 0.867 sec (0h:0m:0s)
Wall-clock time used for tree search: 0.776 sec (0h:0m:0s)
Total CPU time used: 0.923 sec (0h:0m:0s)
Total wall-clock time used: 0.832 sec (0h:0m:0s)

Computing bootstrap consensus tree...
Reading input file ../results/molecular_evolution_analyses/phylogenetic_trees/F83047_MLIG_G1/F83047_MLIG_G1.splits.nex...
6 taxa and 13 splits.
Consensus tree written to ../results/molecular_evolution_analyses/phylogenetic_trees/F83047_MLIG_G1/F83047_MLIG_G1.contree
Reading input trees file ../results/molecular_evolution_analyses/phylogenetic_trees/F83047_MLIG_G1/F83047_MLIG_G1.contree
Log-likelihood of consensus tree: -927.429

Analysis results written to: 
  IQ-TREE report:                ../results/molecular_evolution_analyses/phylogenetic_trees/F83047_MLIG_G1/F83047_MLIG_G1.iqtree
  Maximum-likelihood tree:       ../results/molecular_evolution_analyses/phylogenetic_trees/F83047_MLIG_G1/F83047_MLIG_G1.treefile
  Likelihood distances:          ../results/molecular_evolution_analyses/phylogenetic_trees/F83047_MLIG_G1/F83047_MLIG_G1.mldist

Ultrafast bootstrap approximation results written to:
  Split support values:          ../results/molecular_evolution_analyses/phylogenetic_trees/F83047_MLIG_G1/F83047_MLIG_G1.splits.nex
  Consensus tree:                ../results/molecular_evolution_analyses/phylogenetic_trees/F83047_MLIG_G1/F83047_MLIG_G1.contree
  Screen log file:               ../results/molecular_evolution_analyses/phylogenetic_trees/F83047_MLIG_G1/F83047_MLIG_G1.log

Date and Time: Thu Mar 28 11:13:50 2024
