IQ-TREE multicore version 2.2.2.6 COVID-edition for Linux 64-bit built May 27 2023
Developed by Bui Quang Minh, James Barbetti, Nguyen Lam Tung,
Olga Chernomor, Heiko Schmidt, Dominik Schrempf, Michael Woodhams, Ly Trong Nhan.

Host:    lbc5 (AVX2, FMA3, 125 GB RAM)
Command: /home/mauricio/mauricio_PROGRAMAS/iqtree-2.2.2.6-Linux/bin/iqtree2 -s ../results/molecular_evolution_analyses/alignments_gblocks/F103671_TREG_G1/F103671_TREG_G1.aln.gblo -m TEST --threads-max 32 --alrt 1000 --ufboot 1000 --prefix ../results/molecular_evolution_analyses/phylogenetic_trees/F103671_TREG_G1/F103671_TREG_G1 -keep-ident -redo
Seed:    603327 (Using SPRNG - Scalable Parallel Random Number Generator)
Time:    Wed May  1 12:12:33 2024
Kernel:  AVX+FMA - 1 threads (32 CPU cores detected)

HINT: Use -nt option to specify number of threads because your CPU has 32 cores!
HINT: -nt AUTO will automatically determine the best number of threads to use.

Reading alignment file ../results/molecular_evolution_analyses/alignments_gblocks/F103671_TREG_G1/F103671_TREG_G1.aln.gblo ... Fasta format detected
Reading fasta file: done in 0.000155926 secs using 100% CPU
Alignment most likely contains protein sequences
Constructing alignment: done in 0.000308037 secs using 100.3% CPU
Alignment has 18 sequences with 251 columns, 175 distinct patterns
120 parsimony-informative, 41 singleton sites, 90 constant sites
            Gap/Ambiguity  Composition  p-value
Analyzing sequences: done in 1.5974e-05 secs using 100.2% CPU
   1  Treg.5008     0.00%    passed     99.81%
   2  Treg.10183    0.00%    passed    100.00%
   3  Treg.7064     0.00%    passed    100.00%
   4  Treg.7949     0.00%    passed    100.00%
   5  Treg.1058     0.00%    passed    100.00%
   6  Treg.9422     0.00%    passed     99.99%
   7  Treg.13757    0.00%    passed    100.00%
   8  Treg.3318     0.00%    passed    100.00%
   9  Treg.7811     0.00%    passed    100.00%
  10  Treg.3796     0.00%    passed     86.74%
  11  Treg.3248     0.00%    passed     86.74%
  12  Treg.8382     0.00%    passed     86.81%
  13  Treg.11273    0.00%    passed     99.99%
  14  Treg.5611     0.00%    passed     99.96%
  15  Treg.14055    0.00%    passed     99.95%
  16  Treg.5253     0.00%    passed    100.00%
  17  Treg.8379     0.00%    passed     99.98%
  18  Treg.12323    0.00%    passed     99.99%
****  TOTAL         0.00%  0 sequences failed composition chi2 test (p-value<5%; df=19)


Create initial parsimony tree by phylogenetic likelihood library (PLL)... 0.001 seconds
Perform fast likelihood tree search using LG+I+G model...
Estimate model parameters (epsilon = 5.000)
Perform nearest neighbor interchange...
Optimizing NNI: done in 0.030436 secs using 99.97% CPU
Estimate model parameters (epsilon = 1.000)
1. Initial log-likelihood: -2281.026
Optimal log-likelihood: -2280.923
Proportion of invariable sites: 0.212
Gamma shape alpha: 998.119
Parameters optimization took 1 rounds (0.024 sec)
Time for fast ML tree search: 0.123 seconds

NOTE: ModelFinder requires 2 MB RAM!
ModelFinder will test up to 224 protein models (sample size: 251) ...
 No. Model         -LnL         df  AIC          AICc         BIC
  1  LG            2296.125     33  4658.250     4668.591     4774.590
  2  LG+I          2280.861     34  4629.722     4640.741     4749.588
  3  LG+G4         2286.668     34  4641.337     4652.355     4761.202
  4  LG+I+G4       2280.887     35  4631.773     4643.494     4755.164
  6  LG+F+I        2245.157     53  4596.313     4625.369     4783.162
  8  LG+F+I+G4     2245.165     54  4598.331     4628.637     4788.705
 10  WAG+I         2285.562     34  4639.123     4650.142     4758.989
 12  WAG+I+G4      2285.572     35  4641.145     4652.866     4764.536
 14  WAG+F+I       2245.213     53  4596.426     4625.482     4783.275
 16  WAG+F+I+G4    2245.224     54  4598.449     4628.755     4788.823
 18  JTT+I         2260.467     34  4588.934     4599.952     4708.799
 20  JTT+I+G4      2260.473     35  4590.945     4602.666     4714.336
 22  JTT+F+I       2225.460     53  4556.921     4585.976     4743.770
 24  JTT+F+I+G4    2225.467     54  4558.933     4589.240     4749.308
WARNING: Normalizing state frequencies so that sum of them equals to 1
 26  Q.pfam+I      2283.274     34  4634.548     4645.567     4754.414
WARNING: Normalizing state frequencies so that sum of them equals to 1
 28  Q.pfam+I+G4   2283.286     35  4636.572     4648.293     4759.963
WARNING: Normalizing state frequencies so that sum of them equals to 1
 30  Q.pfam+F+I    2246.044     53  4598.088     4627.144     4784.937
WARNING: Normalizing state frequencies so that sum of them equals to 1
 32  Q.pfam+F+I+G4 2246.051     54  4600.102     4630.408     4790.476
WARNING: Normalizing state frequencies so that sum of them equals to 1
 34  Q.bird+I      2257.962     34  4583.925     4594.943     4703.790
WARNING: Normalizing state frequencies so that sum of them equals to 1
 36  Q.bird+I+G4   2257.539     35  4585.077     4596.798     4708.468
WARNING: Normalizing state frequencies so that sum of them equals to 1
 38  Q.bird+F+I    2231.503     53  4569.006     4598.062     4755.855
WARNING: Normalizing state frequencies so that sum of them equals to 1
 40  Q.bird+F+I+G4 2230.898     54  4569.796     4600.103     4760.171
WARNING: Normalizing state frequencies so that sum of them equals to 1
 42  Q.mammal+I    2255.258     34  4578.515     4589.534     4698.381
WARNING: Normalizing state frequencies so that sum of them equals to 1
 44  Q.mammal+I+G4 2255.256     35  4580.511     4592.232     4703.902
WARNING: Normalizing state frequencies so that sum of them equals to 1
 46  Q.mammal+F+I  2229.177     53  4564.354     4593.410     4751.203
WARNING: Normalizing state frequencies so that sum of them equals to 1
 48  Q.mammal+F+I+G4 2229.104     54  4566.207     4596.513     4756.582
 50  Q.insect+I    2256.648     34  4581.297     4592.315     4701.162
 52  Q.insect+I+G4 2256.661     35  4583.322     4595.043     4706.713
 54  Q.insect+F+I  2236.976     53  4579.951     4609.007     4766.800
 56  Q.insect+F+I+G4 2236.984     54  4581.968     4612.274     4772.342
WARNING: Normalizing state frequencies so that sum of them equals to 1
 58  Q.plant+I     2244.700     34  4557.400     4568.419     4677.266
WARNING: Normalizing state frequencies so that sum of them equals to 1
 60  Q.plant+I+G4  2244.693     35  4559.386     4571.106     4682.776
WARNING: Normalizing state frequencies so that sum of them equals to 1
 62  Q.plant+F+I   2222.932     53  4551.863     4580.919     4738.712
WARNING: Normalizing state frequencies so that sum of them equals to 1
 64  Q.plant+F+I+G4 2222.844     54  4553.687     4583.993     4744.062
WARNING: Normalizing state frequencies so that sum of them equals to 1
 66  Q.yeast+I     2263.116     34  4594.233     4605.251     4714.098
WARNING: Normalizing state frequencies so that sum of them equals to 1
 68  Q.yeast+I+G4  2263.124     35  4596.248     4607.969     4719.639
WARNING: Normalizing state frequencies so that sum of them equals to 1
 70  Q.yeast+F+I   2239.828     53  4585.656     4614.712     4772.505
WARNING: Normalizing state frequencies so that sum of them equals to 1
 72  Q.yeast+F+I+G4 2239.833     54  4587.667     4617.973     4778.041
 74  JTTDCMut+I    2261.522     34  4591.044     4602.063     4710.910
 76  JTTDCMut+I+G4 2261.528     35  4593.055     4604.776     4716.446
 78  JTTDCMut+F+I  2226.053     53  4558.105     4587.161     4744.954
 80  JTTDCMut+F+I+G4 2226.059     54  4560.117     4590.423     4750.492
 82  DCMut+I       2295.208     34  4658.416     4669.434     4778.281
 84  DCMut+I+G4    2295.216     35  4660.431     4672.152     4783.822
 86  DCMut+F+I     2245.679     53  4597.357     4626.413     4784.206
 88  DCMut+F+I+G4  2245.689     54  4599.378     4629.684     4789.753
 90  VT+I          2285.947     34  4639.894     4650.913     4759.760
 92  VT+I+G4       2285.959     35  4641.918     4653.639     4765.309
 94  VT+F+I        2254.726     53  4615.451     4644.507     4802.300
 96  VT+F+I+G4     2254.738     54  4617.476     4647.782     4807.850
 98  PMB+I         2314.906     34  4697.812     4708.831     4817.678
100  PMB+I+G4      2314.922     35  4699.843     4711.564     4823.234
102  PMB+F+I       2285.055     53  4676.111     4705.167     4862.960
104  PMB+F+I+G4    2285.068     54  4678.136     4708.442     4868.510
106  Blosum62+I    2321.288     34  4710.577     4721.595     4830.442
108  Blosum62+I+G4 2321.303     35  4712.606     4724.327     4835.997
110  Blosum62+F+I  2288.233     53  4682.467     4711.523     4869.316
112  Blosum62+F+I+G4 2288.246     54  4684.491     4714.797     4874.866
114  Dayhoff+I     2295.141     34  4658.282     4669.301     4778.148
116  Dayhoff+I+G4  2295.149     35  4660.298     4672.018     4783.688
118  Dayhoff+F+I   2245.579     53  4597.157     4626.213     4784.006
120  Dayhoff+F+I+G4 2245.589     54  4599.178     4629.484     4789.552
122  mtREV+I       2342.822     34  4753.644     4764.663     4873.510
124  mtREV+I+G4    2342.529     35  4755.059     4766.780     4878.449
126  mtREV+F+I     2245.679     53  4597.359     4626.415     4784.208
128  mtREV+F+I+G4  2245.682     54  4599.364     4629.670     4789.738
130  mtART+I       2396.085     34  4860.170     4871.188     4980.035
132  mtART+I+G4    2389.380     35  4848.761     4860.482     4972.152
134  mtART+F+I     2290.097     53  4686.195     4715.251     4873.044
136  mtART+F+I+G4  2289.045     54  4686.090     4716.396     4876.464
138  mtZOA+I       2349.359     34  4766.718     4777.737     4886.584
140  mtZOA+I+G4    2346.503     35  4763.006     4774.726     4886.396
142  mtZOA+F+I     2255.396     53  4616.792     4645.848     4803.641
144  mtZOA+F+I+G4  2255.347     54  4618.695     4649.001     4809.069
146  mtMet+I       2318.530     34  4705.060     4716.079     4824.926
148  mtMet+I+G4    2317.394     35  4704.788     4716.509     4828.179
150  mtMet+F+I     2228.086     53  4562.171     4591.227     4749.020
152  mtMet+F+I+G4  2228.090     54  4564.180     4594.486     4754.555
154  mtVer+I       2337.413     34  4742.826     4753.845     4862.692
156  mtVer+I+G4    2333.904     35  4737.809     4749.530     4861.200
158  mtVer+F+I     2236.898     53  4579.796     4608.851     4766.645
160  mtVer+F+I+G4  2236.753     54  4581.506     4611.812     4771.881
162  mtInv+I       2340.783     34  4749.567     4760.585     4869.432
164  mtInv+I+G4    2340.522     35  4751.044     4762.765     4874.435
166  mtInv+F+I     2234.220     53  4574.441     4603.496     4761.290
168  mtInv+F+I+G4  2234.231     54  4576.462     4606.769     4766.837
170  mtMAM+I       2371.021     34  4810.042     4821.061     4929.908
172  mtMAM+I+G4    2360.047     35  4790.093     4801.814     4913.484
174  mtMAM+F+I     2255.875     53  4617.750     4646.806     4804.600
176  mtMAM+F+I+G4  2253.339     54  4614.678     4644.984     4805.052
WARNING: Normalizing state frequencies so that sum of them equals to 1
178  FLAVI+I       2296.487     34  4660.974     4671.993     4780.840
WARNING: Normalizing state frequencies so that sum of them equals to 1
180  FLAVI+I+G4    2294.004     35  4658.008     4669.729     4781.399
WARNING: Normalizing state frequencies so that sum of them equals to 1
182  FLAVI+F+I     2249.194     53  4604.388     4633.444     4791.237
WARNING: Normalizing state frequencies so that sum of them equals to 1
184  FLAVI+F+I+G4  2247.209     54  4602.419     4632.725     4792.793
186  HIVb+I        2279.876     34  4627.752     4638.770     4747.617
188  HIVb+I+G4     2279.828     35  4629.656     4641.377     4753.047
190  HIVb+F+I      2244.682     53  4595.363     4624.419     4782.212
192  HIVb+F+I+G4   2244.346     54  4596.692     4626.998     4787.066
194  HIVw+I        2331.184     34  4730.367     4741.386     4850.233
196  HIVw+I+G4     2329.504     35  4729.008     4740.729     4852.399
198  HIVw+F+I      2274.139     53  4654.279     4683.334     4841.128
200  HIVw+F+I+G4   2273.026     54  4654.053     4684.359     4844.427
202  FLU+I         2267.829     34  4603.659     4614.677     4723.524
204  FLU+I+G4      2267.730     35  4605.459     4617.180     4728.850
206  FLU+F+I       2240.991     53  4587.982     4617.038     4774.831
208  FLU+F+I+G4    2240.710     54  4589.420     4619.726     4779.795
210  rtREV+I       2318.611     34  4705.223     4716.241     4825.088
212  rtREV+I+G4    2318.622     35  4707.245     4718.966     4830.636
214  rtREV+F+I     2271.242     53  4648.483     4677.539     4835.332
216  rtREV+F+I+G4  2271.252     54  4650.504     4680.810     4840.878
218  cpREV+I       2280.396     34  4628.792     4639.810     4748.657
220  cpREV+I+G4    2280.405     35  4630.809     4642.530     4754.200
222  cpREV+F+I     2251.517     53  4609.033     4638.089     4795.882
224  cpREV+F+I+G4  2251.527     54  4611.054     4641.360     4801.428
Akaike Information Criterion:           Q.plant+F+I
Corrected Akaike Information Criterion: Q.plant+I
Bayesian Information Criterion:         Q.plant+I
Best-fit model: Q.plant+I chosen according to BIC

All model information printed to ../results/molecular_evolution_analyses/phylogenetic_trees/F103671_TREG_G1/F103671_TREG_G1.model.gz
CPU time for ModelFinder: 4.346 seconds (0h:0m:4s)
Wall-clock time for ModelFinder: 4.353 seconds (0h:0m:4s)
Generating 1000 samples for ultrafast bootstrap (seed: 603327)...
WARNING: Normalizing state frequencies so that sum of them equals to 1

NOTE: 1 MB RAM (0 GB) is required!
Estimate model parameters (epsilon = 0.100)
1. Initial log-likelihood: -2244.700
Optimal log-likelihood: -2244.700
Proportion of invariable sites: 0.231
Parameters optimization took 1 rounds (0.005 sec)
Wrote distance file to... 
Computing ML distances based on estimated model parameters...
Calculating distance matrix: done in 0.00695491 secs using 100% CPU
Computing ML distances took 0.006988 sec (of wall-clock time) 0.006990 sec (of CPU time)
Setting up auxiliary I and S matrices: done in 6.00815e-05 secs using 98.2% CPU
Constructing RapidNJ tree: done in 8.39233e-05 secs using 100.1% CPU
Computing RapidNJ tree took 0.000213 sec (of wall-clock time) 0.000212 sec (of CPU time)
Log-likelihood of RapidNJ tree: -2248.217
--------------------------------------------------------------------
|             INITIALIZING CANDIDATE TREE SET                      |
--------------------------------------------------------------------
Generating 98 parsimony trees... 0.099 second
Computing log-likelihood of 98 initial trees ... 0.158 seconds
Current best score: -2244.700

Do NNI search on 20 best initial trees
Optimizing NNI: done in 0.00851393 secs using 99.93% CPU
Estimate model parameters (epsilon = 0.100)
BETTER TREE FOUND at iteration 1: -2244.700
Optimizing NNI: done in 0.014765 secs using 99.97% CPU
BETTER TREE FOUND at iteration 2: -2244.700
Optimizing NNI: done in 0.0195138 secs using 99.99% CPU
Optimizing NNI: done in 0.0146189 secs using 99.97% CPU
Optimizing NNI: done in 0.014647 secs using 99.98% CPU
Optimizing NNI: done in 0.0146589 secs using 99.98% CPU
Optimizing NNI: done in 0.0144892 secs using 99.98% CPU
UPDATE BEST LOG-LIKELIHOOD: -2244.700
Optimizing NNI: done in 0.0145521 secs using 99.96% CPU
Optimizing NNI: done in 0.0145631 secs using 99.99% CPU
Optimizing NNI: done in 0.014329 secs using 99.98% CPU
UPDATE BEST LOG-LIKELIHOOD: -2244.700
Iteration 10 / LogL: -2244.700 / Time: 0h:0m:0s
Optimizing NNI: done in 0.0144429 secs using 99.97% CPU
Optimizing NNI: done in 0.0144761 secs using 99.99% CPU
UPDATE BEST LOG-LIKELIHOOD: -2244.700
Optimizing NNI: done in 0.0145431 secs using 99.99% CPU
Optimizing NNI: done in 0.014369 secs using 99.98% CPU
UPDATE BEST LOG-LIKELIHOOD: -2244.700
Optimizing NNI: done in 0.014287 secs using 99.98% CPU
Optimizing NNI: done in 0.0142362 secs using 99.97% CPU
UPDATE BEST LOG-LIKELIHOOD: -2244.700
Optimizing NNI: done in 0.0143991 secs using 99.99% CPU
Optimizing NNI: done in 0.0144279 secs using 99.96% CPU
UPDATE BEST LOG-LIKELIHOOD: -2244.700
Optimizing NNI: done in 0.014468 secs using 99.98% CPU
Optimizing NNI: done in 0.0145071 secs using 99.98% CPU
UPDATE BEST LOG-LIKELIHOOD: -2244.700
Iteration 20 / LogL: -2244.700 / Time: 0h:0m:0s
Finish initializing candidate tree set (4)
Current best tree score: -2244.700 / CPU time: 0.566
Number of iterations: 20
--------------------------------------------------------------------
|               OPTIMIZING CANDIDATE TREE SET                      |
--------------------------------------------------------------------
Optimizing NNI: done in 0.0295401 secs using 99.97% CPU
Optimizing NNI: done in 0.0208089 secs using 99.98% CPU
Optimizing NNI: done in 0.0240111 secs using 99.97% CPU
Optimizing NNI: done in 0.0473099 secs using 99.97% CPU
Optimizing NNI: done in 0.0275409 secs using 99.97% CPU
Optimizing NNI: done in 0.021373 secs using 99.98% CPU
Optimizing NNI: done in 0.0341671 secs using 99.98% CPU
Optimizing NNI: done in 0.0359001 secs using 99.97% CPU
Optimizing NNI: done in 0.0189528 secs using 99.97% CPU
Optimizing NNI: done in 0.0392778 secs using 99.98% CPU
Iteration 30 / LogL: -2244.700 / Time: 0h:0m:0s (0h:0m:2s left)
Optimizing NNI: done in 0.0289309 secs using 99.96% CPU
Optimizing NNI: done in 0.027226 secs using 99.98% CPU
Optimizing NNI: done in 0.0339599 secs using 99.98% CPU
Optimizing NNI: done in 0.042927 secs using 99.98% CPU
Optimizing NNI: done in 0.040395 secs using 99.98% CPU
Optimizing NNI: done in 0.0216651 secs using 99.98% CPU
Optimizing NNI: done in 0.0200851 secs using 99.97% CPU
Optimizing NNI: done in 0.0370791 secs using 99.98% CPU
Optimizing NNI: done in 0.0269539 secs using 99.98% CPU
Optimizing NNI: done in 0.0331922 secs using 99.97% CPU
Iteration 40 / LogL: -2244.700 / Time: 0h:0m:1s (0h:0m:2s left)
Optimizing NNI: done in 0.0339789 secs using 99.98% CPU
Optimizing NNI: done in 0.0310252 secs using 99.98% CPU
Optimizing NNI: done in 0.0326688 secs using 99.98% CPU
Optimizing NNI: done in 0.018187 secs using 99.97% CPU
Optimizing NNI: done in 0.0342801 secs using 99.99% CPU
Optimizing NNI: done in 0.0413671 secs using 99.98% CPU
Optimizing NNI: done in 0.0270181 secs using 99.97% CPU
Optimizing NNI: done in 0.022172 secs using 100% CPU
Optimizing NNI: done in 0.039062 secs using 98.36% CPU
Optimizing NNI: done in 0.038403 secs using 99.98% CPU
Iteration 50 / LogL: -2244.701 / Time: 0h:0m:1s (0h:0m:1s left)
Log-likelihood cutoff on original alignment: -2268.730
Optimizing NNI: done in 0.0273631 secs using 99.93% CPU
Optimizing NNI: done in 0.0252008 secs using 99.98% CPU
Optimizing NNI: done in 0.0336549 secs using 99.97% CPU
Optimizing NNI: done in 0.021812 secs using 99.97% CPU
Optimizing NNI: done in 0.017189 secs using 99.97% CPU
Optimizing NNI: done in 0.0277359 secs using 99.97% CPU
UPDATE BEST LOG-LIKELIHOOD: -2244.700
Optimizing NNI: done in 0.0428619 secs using 99.92% CPU
Optimizing NNI: done in 0.026557 secs using 99.97% CPU
Optimizing NNI: done in 0.0355968 secs using 99.98% CPU
Optimizing NNI: done in 0.038419 secs using 99.98% CPU
Iteration 60 / LogL: -2244.700 / Time: 0h:0m:1s (0h:0m:1s left)
Optimizing NNI: done in 0.0329149 secs using 99.98% CPU
Optimizing NNI: done in 0.0169671 secs using 99.96% CPU
Optimizing NNI: done in 0.0284591 secs using 99.98% CPU
Optimizing NNI: done in 0.0286379 secs using 99.98% CPU
Optimizing NNI: done in 0.0337 secs using 99.98% CPU
UPDATE BEST LOG-LIKELIHOOD: -2244.700
Optimizing NNI: done in 0.0357242 secs using 99.97% CPU
Optimizing NNI: done in 0.0723422 secs using 99.98% CPU
Optimizing NNI: done in 0.0343251 secs using 99.98% CPU
Optimizing NNI: done in 0.03545 secs using 99.97% CPU
Optimizing NNI: done in 0.0332651 secs using 99.98% CPU
UPDATE BEST LOG-LIKELIHOOD: -2244.700
Iteration 70 / LogL: -2244.700 / Time: 0h:0m:2s (0h:0m:1s left)
Optimizing NNI: done in 0.020565 secs using 99.97% CPU
Optimizing NNI: done in 0.034447 secs using 99.97% CPU
Optimizing NNI: done in 0.052866 secs using 99.97% CPU
Optimizing NNI: done in 0.0257549 secs using 99.98% CPU
Optimizing NNI: done in 0.0329611 secs using 99.98% CPU
Optimizing NNI: done in 0.035871 secs using 99.97% CPU
Optimizing NNI: done in 0.029397 secs using 99.97% CPU
Optimizing NNI: done in 0.0238211 secs using 99.97% CPU
Optimizing NNI: done in 0.0278358 secs using 99.98% CPU
Optimizing NNI: done in 0.0342751 secs using 99.96% CPU
Iteration 80 / LogL: -2244.700 / Time: 0h:0m:2s (0h:0m:0s left)
Optimizing NNI: done in 0.0270529 secs using 99.97% CPU
Optimizing NNI: done in 0.011008 secs using 99.95% CPU
Optimizing NNI: done in 0.0271358 secs using 99.98% CPU
Optimizing NNI: done in 0.034919 secs using 99.97% CPU
Optimizing NNI: done in 0.00703287 secs using 99.97% CPU
Optimizing NNI: done in 0.0479941 secs using 99.98% CPU
Optimizing NNI: done in 0.0374689 secs using 99.97% CPU
Optimizing NNI: done in 0.0286369 secs using 99.97% CPU
Optimizing NNI: done in 0.0196769 secs using 99.99% CPU
Optimizing NNI: done in 0.032567 secs using 99.98% CPU
Iteration 90 / LogL: -2244.700 / Time: 0h:0m:3s (0h:0m:0s left)
Optimizing NNI: done in 0.0341768 secs using 99.97% CPU
Optimizing NNI: done in 0.0346529 secs using 99.98% CPU
Optimizing NNI: done in 0.0273669 secs using 99.98% CPU
Optimizing NNI: done in 0.0145109 secs using 99.96% CPU
Optimizing NNI: done in 0.038434 secs using 99.97% CPU
Optimizing NNI: done in 0.03373 secs using 99.97% CPU
Optimizing NNI: done in 0.022553 secs using 99.97% CPU
Optimizing NNI: done in 0.0268941 secs using 99.97% CPU
Optimizing NNI: done in 0.039561 secs using 99.97% CPU
Optimizing NNI: done in 0.021003 secs using 99.97% CPU
Iteration 100 / LogL: -2244.701 / Time: 0h:0m:3s (0h:0m:0s left)
Log-likelihood cutoff on original alignment: -2268.820
NOTE: Bootstrap correlation coefficient of split occurrence frequencies: 0.998
Optimizing NNI: done in 0.0290811 secs using 99.98% CPU
Optimizing NNI: done in 0.0253742 secs using 98.87% CPU
Optimizing NNI: done in 0.030478 secs using 99.98% CPU
TREE SEARCH COMPLETED AFTER 103 ITERATIONS / Time: 0h:0m:3s

--------------------------------------------------------------------
|                    FINALIZING TREE SEARCH                        |
--------------------------------------------------------------------
Performs final model parameters optimization
Estimate model parameters (epsilon = 0.010)
1. Initial log-likelihood: -2244.700
Optimal log-likelihood: -2244.700
Proportion of invariable sites: 0.231
Parameters optimization took 1 rounds (0.004 sec)
BEST SCORE FOUND : -2244.700

Testing tree branches by SH-like aLRT with 1000 replicates...
0.088 sec.
Creating bootstrap support values...
Split supports printed to NEXUS file ../results/molecular_evolution_analyses/phylogenetic_trees/F103671_TREG_G1/F103671_TREG_G1.splits.nex
Total tree length: 1.567

Total number of iterations: 103
CPU time used for tree search: 3.620 sec (0h:0m:3s)
Wall-clock time used for tree search: 3.461 sec (0h:0m:3s)
Total CPU time used: 3.784 sec (0h:0m:3s)
Total wall-clock time used: 3.616 sec (0h:0m:3s)

Computing bootstrap consensus tree...
Reading input file ../results/molecular_evolution_analyses/phylogenetic_trees/F103671_TREG_G1/F103671_TREG_G1.splits.nex...
18 taxa and 91 splits.
Consensus tree written to ../results/molecular_evolution_analyses/phylogenetic_trees/F103671_TREG_G1/F103671_TREG_G1.contree
Reading input trees file ../results/molecular_evolution_analyses/phylogenetic_trees/F103671_TREG_G1/F103671_TREG_G1.contree
Log-likelihood of consensus tree: -2244.706

Analysis results written to: 
  IQ-TREE report:                ../results/molecular_evolution_analyses/phylogenetic_trees/F103671_TREG_G1/F103671_TREG_G1.iqtree
  Maximum-likelihood tree:       ../results/molecular_evolution_analyses/phylogenetic_trees/F103671_TREG_G1/F103671_TREG_G1.treefile
  Likelihood distances:          ../results/molecular_evolution_analyses/phylogenetic_trees/F103671_TREG_G1/F103671_TREG_G1.mldist

Ultrafast bootstrap approximation results written to:
  Split support values:          ../results/molecular_evolution_analyses/phylogenetic_trees/F103671_TREG_G1/F103671_TREG_G1.splits.nex
  Consensus tree:                ../results/molecular_evolution_analyses/phylogenetic_trees/F103671_TREG_G1/F103671_TREG_G1.contree
  Screen log file:               ../results/molecular_evolution_analyses/phylogenetic_trees/F103671_TREG_G1/F103671_TREG_G1.log

Date and Time: Wed May  1 12:12:41 2024
