IQ-TREE multicore version 2.2.2.6 COVID-edition for Linux 64-bit built May 27 2023
Developed by Bui Quang Minh, James Barbetti, Nguyen Lam Tung,
Olga Chernomor, Heiko Schmidt, Dominik Schrempf, Michael Woodhams, Ly Trong Nhan.

Host:    lbc5 (AVX2, FMA3, 125 GB RAM)
Command: /home/mauricio/mauricio_PROGRAMAS/iqtree-2.2.2.6-Linux/bin/iqtree2 -s ../results/molecular_evolution_analyses/alignments_gblocks/F34402_MLIG_G1/F34402_MLIG_G1.aln.gblo -m TEST --threads-max 32 --alrt 1000 --ufboot 1000 --prefix ../results/molecular_evolution_analyses/phylogenetic_trees/F34402_MLIG_G1/F34402_MLIG_G1 -keep-ident -redo
Seed:    915758 (Using SPRNG - Scalable Parallel Random Number Generator)
Time:    Wed May  1 09:21:02 2024
Kernel:  AVX+FMA - 1 threads (32 CPU cores detected)

HINT: Use -nt option to specify number of threads because your CPU has 32 cores!
HINT: -nt AUTO will automatically determine the best number of threads to use.

Reading alignment file ../results/molecular_evolution_analyses/alignments_gblocks/F34402_MLIG_G1/F34402_MLIG_G1.aln.gblo ... Fasta format detected
Reading fasta file: done in 7.41482e-05 secs using 97.1% CPU
Alignment most likely contains protein sequences
Constructing alignment: done in 0.000267982 secs using 100.4% CPU
Alignment has 6 sequences with 271 columns, 49 distinct patterns
39 parsimony-informative, 0 singleton sites, 232 constant sites
            Gap/Ambiguity  Composition  p-value
Analyzing sequences: done in 7.86781e-06 secs using 101.7% CPU
   1  Mlig.14738    0.00%    passed    100.00%
   2  Mlig.14739    0.00%    passed    100.00%
   3  Mlig.14737    0.00%    passed    100.00%
   4  Mlig.45904    0.00%    passed    100.00%
   5  Mlig.45905    0.00%    passed    100.00%
   6  Mlig.45906    0.00%    passed    100.00%
****  TOTAL         0.00%  0 sequences failed composition chi2 test (p-value<5%; df=19)


Create initial parsimony tree by phylogenetic likelihood library (PLL)... 0.000 seconds
Perform fast likelihood tree search using LG+I+G model...
Estimate model parameters (epsilon = 5.000)
Perform nearest neighbor interchange...
Optimizing NNI: done in 0.00142002 secs using 99.93% CPU
Estimate model parameters (epsilon = 1.000)
1. Initial log-likelihood: -987.380
Optimal log-likelihood: -987.335
Proportion of invariable sites: 0.434
Gamma shape alpha: 998.288
Parameters optimization took 1 rounds (0.004 sec)
Time for fast ML tree search: 0.011 seconds

NOTE: ModelFinder requires 0 MB RAM!
ModelFinder will test up to 224 protein models (sample size: 271) ...
 No. Model         -LnL         df  AIC          AICc         BIC
  1  LG            987.558      9   1993.117     1993.806     2025.536
  2  LG+I          987.334      10  1994.667     1995.514     2030.689
  3  LG+G4         987.388      10  1994.776     1995.622     2030.797
  4  LG+I+G4       987.335      11  1996.670     1997.689     2036.293
  5  LG+F          956.620      28  1969.240     1975.950     2070.099
  6  LG+F+I        956.470      29  1970.939     1978.159     2075.401
  7  LG+F+G4       956.512      29  1971.023     1978.243     2075.485
  9  WAG           979.099      9   1976.197     1976.887     2008.616
 10  WAG+I         979.099      10  1978.197     1979.044     2014.219
 11  WAG+G4        979.099      10  1978.198     1979.044     2014.219
 13  WAG+F         958.972      28  1973.945     1980.655     2074.804
 14  WAG+F+I       958.972      29  1975.945     1983.164     2080.406
 15  WAG+F+G4      958.973      29  1975.945     1983.165     2080.407
 17  JTT           978.153      9   1974.306     1974.996     2006.725
 18  JTT+I         978.153      10  1976.306     1977.152     2012.327
 19  JTT+G4        978.153      10  1976.307     1977.153     2012.328
 21  JTT+F         955.281      28  1966.561     1973.272     2067.420
 22  JTT+F+I       955.281      29  1968.561     1975.781     2073.023
 23  JTT+F+G4      955.281      29  1968.562     1975.782     2073.023
WARNING: Normalizing state frequencies so that sum of them equals to 1
 25  Q.pfam        983.348      9   1984.695     1985.385     2017.114
WARNING: Normalizing state frequencies so that sum of them equals to 1
 26  Q.pfam+I      983.243      10  1986.485     1987.332     2022.507
WARNING: Normalizing state frequencies so that sum of them equals to 1
 27  Q.pfam+G4     983.281      10  1986.563     1987.409     2022.584
WARNING: Normalizing state frequencies so that sum of them equals to 1
 29  Q.pfam+F      957.669      28  1971.337     1978.048     2072.197
WARNING: Normalizing state frequencies so that sum of them equals to 1
 30  Q.pfam+F+I    957.593      29  1973.185     1980.405     2077.647
WARNING: Normalizing state frequencies so that sum of them equals to 1
 31  Q.pfam+F+G4   957.623      29  1973.247     1980.467     2077.708
WARNING: Normalizing state frequencies so that sum of them equals to 1
 33  Q.bird        987.930      9   1993.860     1994.549     2026.279
WARNING: Normalizing state frequencies so that sum of them equals to 1
 34  Q.bird+I      986.532      10  1993.064     1993.910     2029.085
WARNING: Normalizing state frequencies so that sum of them equals to 1
 35  Q.bird+G4     986.508      10  1993.016     1993.862     2029.037
WARNING: Normalizing state frequencies so that sum of them equals to 1
 37  Q.bird+F      960.093      28  1976.187     1982.898     2077.046
WARNING: Normalizing state frequencies so that sum of them equals to 1
 38  Q.bird+F+I    958.921      29  1975.843     1983.063     2080.304
WARNING: Normalizing state frequencies so that sum of them equals to 1
 39  Q.bird+F+G4   958.862      29  1975.723     1982.943     2080.185
WARNING: Normalizing state frequencies so that sum of them equals to 1
 41  Q.mammal      985.533      9   1989.066     1989.756     2021.485
WARNING: Normalizing state frequencies so that sum of them equals to 1
 42  Q.mammal+I    985.252      10  1990.504     1991.350     2026.525
WARNING: Normalizing state frequencies so that sum of them equals to 1
 43  Q.mammal+G4   985.252      10  1990.503     1991.349     2026.524
WARNING: Normalizing state frequencies so that sum of them equals to 1
 45  Q.mammal+F    957.782      28  1971.565     1978.275     2072.424
WARNING: Normalizing state frequencies so that sum of them equals to 1
 46  Q.mammal+F+I  957.584      29  1973.169     1980.389     2077.630
WARNING: Normalizing state frequencies so that sum of them equals to 1
 47  Q.mammal+F+G4 957.574      29  1973.149     1980.369     2077.610
 49  Q.insect      988.300      9   1994.601     1995.291     2027.020
 50  Q.insect+I    988.256      10  1996.513     1997.359     2032.534
 51  Q.insect+G4   988.276      10  1996.552     1997.398     2032.573
 53  Q.insect+F    953.021      28  1962.043     1968.754     2062.902
 54  Q.insect+F+I  953.021      29  1964.043     1971.263     2068.504
 55  Q.insect+F+G4 953.022      29  1964.043     1971.263     2068.504
WARNING: Normalizing state frequencies so that sum of them equals to 1
 57  Q.plant       982.913      9   1983.826     1984.515     2016.245
WARNING: Normalizing state frequencies so that sum of them equals to 1
 58  Q.plant+I     981.818      10  1983.637     1984.483     2019.658
WARNING: Normalizing state frequencies so that sum of them equals to 1
 59  Q.plant+G4    981.881      10  1983.761     1984.608     2019.783
WARNING: Normalizing state frequencies so that sum of them equals to 1
 61  Q.plant+F     955.748      28  1967.497     1974.208     2068.356
WARNING: Normalizing state frequencies so that sum of them equals to 1
 62  Q.plant+F+I   955.028      29  1968.056     1975.276     2072.517
WARNING: Normalizing state frequencies so that sum of them equals to 1
 63  Q.plant+F+G4  955.055      29  1968.110     1975.330     2072.572
WARNING: Normalizing state frequencies so that sum of them equals to 1
 65  Q.yeast       990.961      9   1999.921     2000.611     2032.340
WARNING: Normalizing state frequencies so that sum of them equals to 1
 66  Q.yeast+I     990.887      10  2001.774     2002.620     2037.795
WARNING: Normalizing state frequencies so that sum of them equals to 1
 67  Q.yeast+G4    990.917      10  2001.834     2002.680     2037.855
WARNING: Normalizing state frequencies so that sum of them equals to 1
 69  Q.yeast+F     954.567      28  1965.135     1971.845     2065.994
WARNING: Normalizing state frequencies so that sum of them equals to 1
 70  Q.yeast+F+I   954.558      29  1967.117     1974.337     2071.578
WARNING: Normalizing state frequencies so that sum of them equals to 1
 71  Q.yeast+F+G4  954.567      29  1967.133     1974.353     2071.595
 73  JTTDCMut      978.035      9   1974.070     1974.760     2006.489
 74  JTTDCMut+I    978.035      10  1976.070     1976.917     2012.092
 75  JTTDCMut+G4   978.035      10  1976.071     1976.917     2012.092
 77  JTTDCMut+F    955.233      28  1966.467     1973.178     2067.326
 78  JTTDCMut+F+I  955.233      29  1968.467     1975.687     2072.928
 79  JTTDCMut+F+G4 955.234      29  1968.468     1975.687     2072.929
 81  DCMut         979.647      9   1977.294     1977.984     2009.713
 82  DCMut+I       979.647      10  1979.294     1980.140     2015.315
 83  DCMut+G4      979.647      10  1979.294     1980.141     2015.316
 85  DCMut+F       955.158      28  1966.316     1973.027     2067.175
 86  DCMut+F+I     955.161      29  1968.323     1975.543     2072.784
 87  DCMut+F+G4    955.161      29  1968.323     1975.543     2072.784
 89  VT            983.058      9   1984.116     1984.805     2016.535
 90  VT+I          983.058      10  1986.116     1986.962     2022.137
 91  VT+G4         983.059      10  1986.117     1986.963     2022.138
 93  VT+F          957.981      28  1971.963     1978.673     2072.822
 94  VT+F+I        957.981      29  1973.963     1981.182     2078.424
 95  VT+F+G4       957.982      29  1973.964     1981.184     2078.425
 97  PMB           983.173      9   1984.346     1985.036     2016.765
 98  PMB+I         983.173      10  1986.346     1987.192     2022.367
 99  PMB+G4        983.174      10  1986.347     1987.193     2022.368
101  PMB+F         961.592      28  1979.184     1985.895     2080.044
102  PMB+F+I       961.592      29  1981.184     1988.404     2085.646
103  PMB+F+G4      961.593      29  1981.185     1988.405     2085.647
105  Blosum62      985.313      9   1988.626     1989.315     2021.045
106  Blosum62+I    985.313      10  1990.626     1991.472     2026.647
107  Blosum62+G4   985.313      10  1990.627     1991.473     2026.648
109  Blosum62+F    960.166      28  1976.331     1983.042     2077.191
110  Blosum62+F+I  960.166      29  1978.331     1985.551     2082.793
111  Blosum62+F+G4 960.166      29  1978.333     1985.552     2082.794
113  Dayhoff       979.638      9   1977.277     1977.967     2009.696
114  Dayhoff+I     979.638      10  1979.277     1980.123     2015.298
115  Dayhoff+G4    979.639      10  1979.277     1980.123     2015.299
117  Dayhoff+F     955.157      28  1966.314     1973.025     2067.174
118  Dayhoff+F+I   955.160      29  1968.319     1975.539     2072.781
119  Dayhoff+F+G4  955.161      29  1968.321     1975.541     2072.783
121  mtREV         1019.029     9   2056.058     2056.747     2088.477
122  mtREV+I       1017.726     10  2055.451     2056.297     2091.472
123  mtREV+G4      1017.752     10  2055.504     2056.350     2091.525
125  mtREV+F       956.452      28  1968.903     1975.614     2069.762
126  mtREV+F+I     955.751      29  1969.502     1976.722     2073.964
127  mtREV+F+G4    955.739      29  1969.477     1976.697     2073.939
129  mtART         1014.736     9   2047.472     2048.161     2079.891
130  mtART+I       1010.354     10  2040.708     2041.554     2076.729
131  mtART+G4      1010.687     10  2041.374     2042.220     2077.395
133  mtART+F       950.684      28  1957.368     1964.079     2058.228
134  mtART+F+I     949.070      29  1956.139     1963.359     2060.601
135  mtART+F+G4    949.278      29  1956.556     1963.776     2061.017
137  mtZOA         1003.232     9   2024.463     2025.153     2056.882
138  mtZOA+I       1002.029     10  2024.059     2024.905     2060.080
139  mtZOA+G4      1002.281     10  2024.563     2025.409     2060.584
141  mtZOA+F       947.397      28  1950.793     1957.504     2051.653
142  mtZOA+F+I     947.347      29  1952.693     1959.913     2057.155
143  mtZOA+F+G4    947.378      29  1952.756     1959.976     2057.218
145  mtMet         1019.468     9   2056.935     2057.625     2089.354
146  mtMet+I       1018.756     10  2057.512     2058.358     2093.533
147  mtMet+G4      1018.876     10  2057.751     2058.597     2093.772
149  mtMet+F       950.503      28  1957.005     1963.716     2057.864
150  mtMet+F+I     950.501      29  1959.003     1966.223     2063.464
151  mtMet+F+G4    950.504      29  1959.008     1966.228     2063.469
153  mtVer         1026.809     9   2071.618     2072.307     2104.037
154  mtVer+I       1024.056     10  2068.113     2068.959     2104.134
155  mtVer+G4      1024.180     10  2068.361     2069.207     2104.382
157  mtVer+F       958.416      28  1972.832     1979.543     2073.692
158  mtVer+F+I     957.073      29  1972.145     1979.365     2076.607
159  mtVer+F+G4    957.116      29  1972.233     1979.453     2076.694
161  mtInv         1035.237     9   2088.473     2089.163     2120.893
162  mtInv+I       1034.966     10  2089.931     2090.777     2125.952
163  mtInv+G4      1035.052     10  2090.104     2090.950     2126.125
165  mtInv+F       949.726      28  1955.452     1962.162     2056.311
166  mtInv+F+I     949.726      29  1957.452     1964.671     2061.913
167  mtInv+F+G4    949.726      29  1957.452     1964.672     2061.914
169  mtMAM         1026.466     9   2070.932     2071.622     2103.351
170  mtMAM+I       1019.711     10  2059.423     2060.269     2095.444
171  mtMAM+G4      1019.871     10  2059.742     2060.588     2095.763
173  mtMAM+F       961.288      28  1978.576     1985.286     2079.435
174  mtMAM+F+I     957.332      29  1972.665     1979.885     2077.126
175  mtMAM+F+G4    957.372      29  1972.744     1979.964     2077.205
WARNING: Normalizing state frequencies so that sum of them equals to 1
177  FLAVI         993.972      9   2005.944     2006.633     2038.363
WARNING: Normalizing state frequencies so that sum of them equals to 1
178  FLAVI+I       987.764      10  1995.529     1996.375     2031.550
WARNING: Normalizing state frequencies so that sum of them equals to 1
179  FLAVI+G4      987.786      10  1995.572     1996.418     2031.593
WARNING: Normalizing state frequencies so that sum of them equals to 1
181  FLAVI+F       969.423      28  1994.845     2001.556     2095.705
WARNING: Normalizing state frequencies so that sum of them equals to 1
182  FLAVI+F+I     964.207      29  1986.414     1993.633     2090.875
WARNING: Normalizing state frequencies so that sum of them equals to 1
183  FLAVI+F+G4    964.201      29  1986.402     1993.622     2090.864
185  HIVb          997.650      9   2013.299     2013.989     2045.718
186  HIVb+I        994.328      10  2008.657     2009.503     2044.678
187  HIVb+G4       994.321      10  2008.642     2009.488     2044.663
189  HIVb+F        966.021      28  1988.042     1994.753     2088.901
190  HIVb+F+I      963.025      29  1984.049     1991.269     2088.510
191  HIVb+F+G4     962.969      29  1983.937     1991.157     2088.399
193  HIVw          1017.561     9   2053.122     2053.811     2085.541
194  HIVw+I        1012.849     10  2045.697     2046.543     2081.718
195  HIVw+G4       1012.838     10  2045.675     2046.521     2081.696
197  HIVw+F        974.779      28  2005.558     2012.269     2106.418
198  HIVw+F+I      970.776      29  1999.551     2006.771     2104.013
199  HIVw+F+G4     970.729      29  1999.458     2006.678     2103.919
201  FLU           985.092      9   1988.184     1988.873     2020.603
202  FLU+I         981.528      10  1983.056     1983.903     2019.078
203  FLU+G4        981.606      10  1983.212     1984.059     2019.234
205  FLU+F         965.561      28  1987.122     1993.833     2087.981
206  FLU+F+I       962.679      29  1983.359     1990.578     2087.820
207  FLU+F+G4      962.734      29  1983.469     1990.689     2087.930
209  rtREV         996.671      9   2011.342     2012.031     2043.761
210  rtREV+I       996.675      10  2013.350     2014.196     2049.372
211  rtREV+G4      996.677      10  2013.355     2014.201     2049.376
213  rtREV+F       956.851      28  1969.702     1976.413     2070.561
214  rtREV+F+I     956.843      29  1971.685     1978.905     2076.147
215  rtREV+F+G4    956.854      29  1971.708     1978.928     2076.170
217  cpREV         988.089      9   1994.179     1994.869     2026.598
218  cpREV+I       988.066      10  1996.132     1996.978     2032.153
219  cpREV+G4      988.078      10  1996.157     1997.003     2032.178
221  cpREV+F       958.609      28  1973.218     1979.928     2074.077
222  cpREV+F+I     958.617      29  1975.233     1982.453     2079.695
223  cpREV+F+G4    958.616      29  1975.232     1982.452     2079.693
Akaike Information Criterion:           mtZOA+F
Corrected Akaike Information Criterion: mtZOA+F
Bayesian Information Criterion:         JTTDCMut
Best-fit model: JTTDCMut chosen according to BIC

All model information printed to ../results/molecular_evolution_analyses/phylogenetic_trees/F34402_MLIG_G1/F34402_MLIG_G1.model.gz
CPU time for ModelFinder: 0.613 seconds (0h:0m:0s)
Wall-clock time for ModelFinder: 0.613 seconds (0h:0m:0s)
Generating 1000 samples for ultrafast bootstrap (seed: 915758)...

NOTE: 0 MB RAM (0 GB) is required!
Estimate model parameters (epsilon = 0.100)
1. Initial log-likelihood: -978.035
Optimal log-likelihood: -978.035
Parameters optimization took 1 rounds (0.000 sec)
Wrote distance file to... 
Computing ML distances based on estimated model parameters...
Calculating distance matrix: done in 0.00111198 secs using 99.19% CPU
Computing ML distances took 0.001133 sec (of wall-clock time) 0.001125 sec (of CPU time)
Setting up auxiliary I and S matrices: done in 2.40803e-05 secs using 99.67% CPU
Constructing RapidNJ tree: done in 2.28882e-05 secs using 100.5% CPU
Computing RapidNJ tree took 0.000089 sec (of wall-clock time) 0.000088 sec (of CPU time)
Log-likelihood of RapidNJ tree: -978.036
--------------------------------------------------------------------
|             INITIALIZING CANDIDATE TREE SET                      |
--------------------------------------------------------------------
Generating 98 parsimony trees... 0.012 second
Computing log-likelihood of 16 initial trees ... 0.003 seconds
Current best score: -978.035

Do NNI search on 18 best initial trees
Optimizing NNI: done in 0.000651836 secs using 198.5% CPU
Optimizing NNI: done in 0.000608921 secs using 198.9% CPU
Optimizing NNI: done in 0.000598907 secs using 199.2% CPU
Optimizing NNI: done in 0.000595808 secs using 198.9% CPU
Optimizing NNI: done in 0.000591993 secs using 198.5% CPU
Optimizing NNI: done in 0.000591993 secs using 199.8% CPU
Optimizing NNI: done in 0.00059104 secs using 199.8% CPU
Optimizing NNI: done in 0.00058794 secs using 199.7% CPU
Optimizing NNI: done in 0.000576019 secs using 200% CPU
Optimizing NNI: done in 0.00134015 secs using 199.5% CPU
Iteration 10 / LogL: -978.036 / Time: 0h:0m:0s
Optimizing NNI: done in 0.00131798 secs using 199.9% CPU
Optimizing NNI: done in 0.00132704 secs using 200% CPU
Optimizing NNI: done in 0.00132704 secs using 200.1% CPU
Optimizing NNI: done in 0.00132608 secs using 199.9% CPU
Optimizing NNI: done in 0.00131202 secs using 200.1% CPU
Optimizing NNI: done in 0.00131011 secs using 200.1% CPU
Optimizing NNI: done in 0.00129414 secs using 199.9% CPU
Optimizing NNI: done in 0.00129104 secs using 199.9% CPU
Finish initializing candidate tree set (18)
Current best tree score: -978.035 / CPU time: 0.037
Number of iterations: 18
--------------------------------------------------------------------
|               OPTIMIZING CANDIDATE TREE SET                      |
--------------------------------------------------------------------
Optimizing NNI: done in 0.00117302 secs using 200% CPU
Optimizing NNI: done in 0.000557899 secs using 200% CPU
Iteration 20 / LogL: -978.035 / Time: 0h:0m:0s
Optimizing NNI: done in 0.00117898 secs using 200.1% CPU
Optimizing NNI: done in 0.000549078 secs using 199.8% CPU
Optimizing NNI: done in 0.00111508 secs using 199.9% CPU
Optimizing NNI: done in 0.000551939 secs using 199.8% CPU
Optimizing NNI: done in 0.000544786 secs using 200.3% CPU
Optimizing NNI: done in 0.000555038 secs using 200.3% CPU
Optimizing NNI: done in 0.00118303 secs using 200.1% CPU
Optimizing NNI: done in 0.000550985 secs using 200.2% CPU
Optimizing NNI: done in 0.000553131 secs using 197.6% CPU
Optimizing NNI: done in 0.000550985 secs using 200.4% CPU
Iteration 30 / LogL: -978.035 / Time: 0h:0m:0s (0h:0m:0s left)
Optimizing NNI: done in 0.000545979 secs using 199.6% CPU
Optimizing NNI: done in 0.00117087 secs using 199.9% CPU
Optimizing NNI: done in 0.000554085 secs using 200.1% CPU
Optimizing NNI: done in 0.00118995 secs using 199.8% CPU
Optimizing NNI: done in 0.000554085 secs
Optimizing NNI: done in 0.00116897 secs using 198.6% CPU
Optimizing NNI: done in 0.00116897 secs
Optimizing NNI: done in 0.00120592 secs using 198.2% CPU
Optimizing NNI: done in 0.00054884 secs using 199.7% CPU
Optimizing NNI: done in 0.000551939 secs using 199.8% CPU
Iteration 40 / LogL: -978.035 / Time: 0h:0m:0s (0h:0m:0s left)
Optimizing NNI: done in 0.000550032 secs using 200.2% CPU
Optimizing NNI: done in 0.00120997 secs using 199.8% CPU
Optimizing NNI: done in 0.00122309 secs using 200% CPU
Optimizing NNI: done in 0.00119686 secs using 199.9% CPU
Optimizing NNI: done in 0.00116611 secs using 200.1% CPU
Optimizing NNI: done in 0.000548124 secs using 200.5% CPU
Optimizing NNI: done in 0.00118184 secs using 199.9% CPU
Optimizing NNI: done in 0.000550985 secs using 200% CPU
Optimizing NNI: done in 0.000561953 secs using 199.1% CPU
Optimizing NNI: done in 0.000553131 secs using 199.4% CPU
Iteration 50 / LogL: -978.035 / Time: 0h:0m:0s (0h:0m:0s left)
Log-likelihood cutoff on original alignment: -978.229
Optimizing NNI: done in 0.000570774 secs using 199.6% CPU
Optimizing NNI: done in 0.00121212 secs using 200% CPU
Optimizing NNI: done in 0.000547886 secs using 200.2% CPU
Optimizing NNI: done in 0.0011611 secs using 199.9% CPU
Optimizing NNI: done in 0.000547171 secs using 200.1% CPU
Optimizing NNI: done in 0.000542879 secs using 199.9% CPU
Optimizing NNI: done in 0.000549793 secs using 199.9% CPU
Optimizing NNI: done in 0.000545979 secs using 199.5% CPU
Optimizing NNI: done in 0.000549078 secs using 199.6% CPU
Optimizing NNI: done in 0.000547171 secs using 200.1% CPU
Iteration 60 / LogL: -978.035 / Time: 0h:0m:0s (0h:0m:0s left)
Optimizing NNI: done in 0.00117493 secs using 177.5% CPU
Optimizing NNI: done in 0.000553846 secs using 100% CPU
Optimizing NNI: done in 0.00121498 secs using 100% CPU
Optimizing NNI: done in 0.00054884 secs using 100% CPU
Optimizing NNI: done in 0.00117803 secs using 99.66% CPU
Optimizing NNI: done in 0.000551939 secs using 100% CPU
Optimizing NNI: done in 0.000547171 secs using 99.97% CPU
Optimizing NNI: done in 0.00121498 secs using 100% CPU
Optimizing NNI: done in 0.000553846 secs using 100% CPU
Optimizing NNI: done in 0.000545025 secs using 100% CPU
Iteration 70 / LogL: -978.035 / Time: 0h:0m:0s (0h:0m:0s left)
Optimizing NNI: done in 0.000541925 secs using 100% CPU
Optimizing NNI: done in 0.000546217 secs using 99.96% CPU
Optimizing NNI: done in 0.000550032 secs using 99.99% CPU
Optimizing NNI: done in 0.000545979 secs using 100% CPU
Optimizing NNI: done in 0.00117898 secs using 99.92% CPU
Optimizing NNI: done in 0.00117898 secs using 100% CPU
Optimizing NNI: done in 0.000548124 secs using 99.79% CPU
Optimizing NNI: done in 0.00120091 secs using 100% CPU
Optimizing NNI: done in 0.000547886 secs using 99.84% CPU
Optimizing NNI: done in 0.000540972 secs using 100% CPU
Iteration 80 / LogL: -978.035 / Time: 0h:0m:0s (0h:0m:0s left)
Optimizing NNI: done in 0.000540972 secs using 100% CPU
Optimizing NNI: done in 0.00117993 secs using 99.92% CPU
Optimizing NNI: done in 0.000545979 secs using 100% CPU
Optimizing NNI: done in 0.00121593 secs using 100.1% CPU
Optimizing NNI: done in 0.000563145 secs using 99.09% CPU
Optimizing NNI: done in 0.00117207 secs using 100.1% CPU
Optimizing NNI: done in 0.000550032 secs using 99.99% CPU
Optimizing NNI: done in 0.000547886 secs using 100% CPU
Optimizing NNI: done in 0.000553131 secs using 99.98% CPU
Optimizing NNI: done in 0.00118113 secs using 99.99% CPU
Iteration 90 / LogL: -978.037 / Time: 0h:0m:0s (0h:0m:0s left)
Optimizing NNI: done in 0.00118113 secs using 99.99% CPU
Optimizing NNI: done in 0.000550985 secs using 99.82% CPU
Optimizing NNI: done in 0.000540972 secs using 100% CPU
Optimizing NNI: done in 0.00116706 secs using 99.99% CPU
Optimizing NNI: done in 0.000546217 secs using 99.96% CPU
Optimizing NNI: done in 0.000540972 secs using 100% CPU
Optimizing NNI: done in 0.00116801 secs using 100% CPU
Optimizing NNI: done in 0.00116897 secs using 100% CPU
Optimizing NNI: done in 0.000546932 secs using 99.83% CPU
Optimizing NNI: done in 0.00116706 secs using 99.99% CPU
Iteration 100 / LogL: -978.037 / Time: 0h:0m:0s (0h:0m:0s left)
Log-likelihood cutoff on original alignment: -978.229
NOTE: Bootstrap correlation coefficient of split occurrence frequencies: 0.951
NOTE: UFBoot does not converge, continue at least 100 more iterations
Optimizing NNI: done in 0.000563145 secs using 99.8% CPU
Optimizing NNI: done in 0.000556946 secs using 99.65% CPU
Optimizing NNI: done in 0.000540972 secs using 100% CPU
Optimizing NNI: done in 0.000549078 secs using 99.99% CPU
Optimizing NNI: done in 0.000550032 secs using 99.99% CPU
Optimizing NNI: done in 0.000543118 secs using 99.98% CPU
Optimizing NNI: done in 0.00120997 secs using 99.92% CPU
Optimizing NNI: done in 0.00116014 secs using 99.99% CPU
Optimizing NNI: done in 0.000540018 secs using 100% CPU
Optimizing NNI: done in 0.000538111 secs using 99.98% CPU
Iteration 110 / LogL: -978.035 / Time: 0h:0m:0s (0h:0m:0s left)
Optimizing NNI: done in 0.000554085 secs using 98.72% CPU
Optimizing NNI: done in 0.000543118 secs using 99.98% CPU
Optimizing NNI: done in 0.00120306 secs using 100% CPU
Optimizing NNI: done in 0.00121212 secs using 99.99% CPU
Optimizing NNI: done in 0.00121307 secs using 99.91% CPU
Optimizing NNI: done in 0.000545979 secs using 100% CPU
Optimizing NNI: done in 0.000541925 secs using 100% CPU
Optimizing NNI: done in 0.000543118 secs using 100.2% CPU
Optimizing NNI: done in 0.000546932 secs using 100% CPU
Optimizing NNI: done in 0.000551939 secs using 100% CPU
Iteration 120 / LogL: -978.035 / Time: 0h:0m:0s (0h:0m:0s left)
Optimizing NNI: done in 0.000545025 secs using 100% CPU
Optimizing NNI: done in 0.000550032 secs using 99.81% CPU
Optimizing NNI: done in 0.000543833 secs using 100% CPU
Optimizing NNI: done in 0.00119495 secs using 99.92% CPU
Optimizing NNI: done in 0.0011518 secs using 100% CPU
Optimizing NNI: done in 0.000537157 secs using 99.97% CPU
Optimizing NNI: done in 0.000545979 secs using 99.82% CPU
Optimizing NNI: done in 0.000543833 secs using 100.2% CPU
Optimizing NNI: done in 0.000549078 secs using 100.2% CPU
Optimizing NNI: done in 0.000548124 secs using 99.98% CPU
Iteration 130 / LogL: -978.035 / Time: 0h:0m:0s (0h:0m:0s left)
Optimizing NNI: done in 0.00120902 secs using 99.92% CPU
Optimizing NNI: done in 0.000549078 secs using 99.99% CPU
Optimizing NNI: done in 0.00119305 secs using 100% CPU
Optimizing NNI: done in 0.00054121 secs using 99.96% CPU
Optimizing NNI: done in 0.000547886 secs using 99.84% CPU
Optimizing NNI: done in 0.00117302 secs using 100% CPU
Optimizing NNI: done in 0.000537157 secs using 100.2% CPU
Optimizing NNI: done in 0.00115705 secs using 100% CPU
Optimizing NNI: done in 0.000550985 secs using 99.28% CPU
Optimizing NNI: done in 0.000542164 secs using 100.2% CPU
Iteration 140 / LogL: -978.035 / Time: 0h:0m:0s (0h:0m:0s left)
Optimizing NNI: done in 0.000540018 secs using 100% CPU
Optimizing NNI: done in 0.0011971 secs using 99.99% CPU
Optimizing NNI: done in 0.000553846 secs using 100.2% CPU
Optimizing NNI: done in 0.00119209 secs using 99.99% CPU
Optimizing NNI: done in 0.00119019 secs using 99.9% CPU
Optimizing NNI: done in 0.000556946 secs using 100% CPU
Optimizing NNI: done in 0.000550985 secs using 100.2% CPU
Optimizing NNI: done in 0.000545025 secs using 100% CPU
Optimizing NNI: done in 0.00117612 secs using 99.73% CPU
Optimizing NNI: done in 0.000550032 secs using 99.99% CPU
Iteration 150 / LogL: -978.035 / Time: 0h:0m:0s (0h:0m:0s left)
Log-likelihood cutoff on original alignment: -978.229
Optimizing NNI: done in 0.000569105 secs using 99.98% CPU
Optimizing NNI: done in 0.000556946 secs using 100% CPU
Optimizing NNI: done in 0.000550985 secs using 100.2% CPU
Optimizing NNI: done in 0.00117707 secs using 99.99% CPU
Optimizing NNI: done in 0.000546932 secs using 100% CPU
Optimizing NNI: done in 0.000555038 secs using 99.63% CPU
Optimizing NNI: done in 0.00120997 secs using 100% CPU
Optimizing NNI: done in 0.000545979 secs using 100% CPU
Optimizing NNI: done in 0.000540972 secs using 100% CPU
Optimizing NNI: done in 0.000537872 secs using 100% CPU
Iteration 160 / LogL: -978.035 / Time: 0h:0m:0s (0h:0m:0s left)
Optimizing NNI: done in 0.000541925 secs using 100% CPU
Optimizing NNI: done in 0.000545025 secs using 100% CPU
Optimizing NNI: done in 0.000536919 secs using 100% CPU
Optimizing NNI: done in 0.000540972 secs using 100% CPU
Optimizing NNI: done in 0.000547886 secs using 100% CPU
Optimizing NNI: done in 0.00118208 secs using 99.99% CPU
Optimizing NNI: done in 0.000545025 secs using 99.81% CPU
Optimizing NNI: done in 0.00117683 secs using 100% CPU
Optimizing NNI: done in 0.000544071 secs using 99.99% CPU
Optimizing NNI: done in 0.000545979 secs using 100.2% CPU
Iteration 170 / LogL: -978.035 / Time: 0h:0m:0s (0h:0m:0s left)
Optimizing NNI: done in 0.000543833 secs using 99.85% CPU
Optimizing NNI: done in 0.000546932 secs using 100.2% CPU
Optimizing NNI: done in 0.000542879 secs using 100% CPU
Optimizing NNI: done in 0.001194 secs using 100% CPU
Optimizing NNI: done in 0.000543833 secs using 100% CPU
Optimizing NNI: done in 0.000543118 secs using 99.98% CPU
Optimizing NNI: done in 0.00120902 secs using 100.1% CPU
Optimizing NNI: done in 0.000547171 secs using 99.97% CPU
Optimizing NNI: done in 0.00120902 secs using 100.1% CPU
Optimizing NNI: done in 0.000542879 secs using 100% CPU
Iteration 180 / LogL: -978.035 / Time: 0h:0m:0s (0h:0m:0s left)
Optimizing NNI: done in 0.00119209 secs using 99.99% CPU
Optimizing NNI: done in 0.00116801 secs using 100% CPU
Optimizing NNI: done in 0.000543118 secs using 100.2% CPU
Optimizing NNI: done in 0.000547886 secs using 100% CPU
Optimizing NNI: done in 0.000540018 secs using 100% CPU
Optimizing NNI: done in 0.00120687 secs using 100% CPU
Optimizing NNI: done in 0.00118399 secs using 100% CPU
Optimizing NNI: done in 0.00122094 secs using 99.92% CPU
Optimizing NNI: done in 0.0005548 secs using 99.86% CPU
Optimizing NNI: done in 0.000551939 secs using 100% CPU
Iteration 190 / LogL: -978.035 / Time: 0h:0m:0s (0h:0m:0s left)
Optimizing NNI: done in 0.00120807 secs using 99.99% CPU
Optimizing NNI: done in 0.00119591 secs using 100% CPU
Optimizing NNI: done in 0.00120997 secs using 99.92% CPU
Optimizing NNI: done in 0.000549078 secs using 99.8% CPU
Optimizing NNI: done in 0.000545979 secs using 100% CPU
Optimizing NNI: done in 0.000544071 secs using 99.99% CPU
Optimizing NNI: done in 0.000538826 secs using 100% CPU
Optimizing NNI: done in 0.000540018 secs using 100% CPU
Optimizing NNI: done in 0.00119305 secs using 100.1% CPU
Optimizing NNI: done in 0.0011909 secs using 100% CPU
Iteration 200 / LogL: -978.035 / Time: 0h:0m:0s (0h:0m:0s left)
Log-likelihood cutoff on original alignment: -978.229
NOTE: Bootstrap correlation coefficient of split occurrence frequencies: 0.930
NOTE: UFBoot does not converge, continue at least 100 more iterations
Optimizing NNI: done in 0.00123 secs using 99.92% CPU
Optimizing NNI: done in 0.000550032 secs using 100.2% CPU
Optimizing NNI: done in 0.000550985 secs using 100% CPU
Optimizing NNI: done in 0.000547886 secs using 99.84% CPU
Optimizing NNI: done in 0.0005548 secs using 99.86% CPU
Optimizing NNI: done in 0.000545025 secs using 100% CPU
Optimizing NNI: done in 0.000538826 secs using 99.85% CPU
Optimizing NNI: done in 0.000535965 secs using 100% CPU
Optimizing NNI: done in 0.00115991 secs using 99.92% CPU
Optimizing NNI: done in 0.000535965 secs using 100.2% CPU
Iteration 210 / LogL: -978.035 / Time: 0h:0m:0s (0h:0m:0s left)
Optimizing NNI: done in 0.00115895 secs using 100.1% CPU
Optimizing NNI: done in 0.000544071 secs using 99.8% CPU
Optimizing NNI: done in 0.00054121 secs using 99.96% CPU
Optimizing NNI: done in 0.000552177 secs using 99.42% CPU
Optimizing NNI: done in 0.000543118 secs using 99.98% CPU
Optimizing NNI: done in 0.000551939 secs using 100% CPU
Optimizing NNI: done in 0.000546932 secs using 100% CPU
Optimizing NNI: done in 0.00120306 secs using 100% CPU
Optimizing NNI: done in 0.000543118 secs using 99.98% CPU
Optimizing NNI: done in 0.000542879 secs using 100% CPU
Iteration 220 / LogL: -978.035 / Time: 0h:0m:0s (0h:0m:0s left)
Optimizing NNI: done in 0.000549078 secs using 99.99% CPU
Optimizing NNI: done in 0.000555038 secs using 99.27% CPU
Optimizing NNI: done in 0.000541925 secs using 100% CPU
Optimizing NNI: done in 0.000544071 secs using 99.99% CPU
Optimizing NNI: done in 0.000547171 secs using 99.97% CPU
Optimizing NNI: done in 0.00120401 secs using 99.92% CPU
Optimizing NNI: done in 0.000542879 secs using 99.84% CPU
Optimizing NNI: done in 0.00119996 secs using 100% CPU
Optimizing NNI: done in 0.00119805 secs using 99.91% CPU
Optimizing NNI: done in 0.000541925 secs using 100% CPU
Iteration 230 / LogL: -978.035 / Time: 0h:0m:0s (0h:0m:0s left)
Optimizing NNI: done in 0.000541925 secs using 100% CPU
Optimizing NNI: done in 0.000540018 secs using 100% CPU
Optimizing NNI: done in 0.000539064 secs using 99.99% CPU
Optimizing NNI: done in 0.000541925 secs using 100% CPU
Optimizing NNI: done in 0.000544786 secs using 100% CPU
Optimizing NNI: done in 0.00117493 secs using 100% CPU
Optimizing NNI: done in 0.000551939 secs using 100% CPU
Optimizing NNI: done in 0.000551939 secs using 100% CPU
Optimizing NNI: done in 0.00117493 secs using 100% CPU
Optimizing NNI: done in 0.000545979 secs using 100.2% CPU
Iteration 240 / LogL: -978.035 / Time: 0h:0m:0s (0h:0m:0s left)
Optimizing NNI: done in 0.000550985 secs using 100% CPU
Optimizing NNI: done in 0.00120997 secs using 100% CPU
Optimizing NNI: done in 0.000546932 secs using 99.83% CPU
Optimizing NNI: done in 0.00117898 secs using 99.75% CPU
Optimizing NNI: done in 0.00119996 secs using 100% CPU
Optimizing NNI: done in 0.00116897 secs using 100% CPU
Optimizing NNI: done in 0.000538111 secs using 99.98% CPU
Optimizing NNI: done in 0.000541925 secs using 100% CPU
Optimizing NNI: done in 0.00117803 secs using 99.91% CPU
Optimizing NNI: done in 0.000545025 secs using 100% CPU
Iteration 250 / LogL: -978.035 / Time: 0h:0m:0s (0h:0m:0s left)
Log-likelihood cutoff on original alignment: -978.229
Optimizing NNI: done in 0.000559807 secs using 99.86% CPU
Optimizing NNI: done in 0.000552893 secs using 100% CPU
Optimizing NNI: done in 0.00054121 secs using 99.78% CPU
Optimizing NNI: done in 0.000541925 secs using 100.2% CPU
Optimizing NNI: done in 0.000545979 secs using 100% CPU
Optimizing NNI: done in 0.000543118 secs using 99.98% CPU
Optimizing NNI: done in 0.000541925 secs using 100% CPU
Optimizing NNI: done in 0.000540018 secs using 100% CPU
Optimizing NNI: done in 0.000542879 secs using 99.84% CPU
Optimizing NNI: done in 0.000536919 secs using 100% CPU
Iteration 260 / LogL: -978.035 / Time: 0h:0m:0s (0h:0m:0s left)
Optimizing NNI: done in 0.00120211 secs using 99.99% CPU
Optimizing NNI: done in 0.00117517 secs using 99.99% CPU
Optimizing NNI: done in 0.000541925 secs using 100% CPU
Optimizing NNI: done in 0.000547886 secs using 100% CPU
Optimizing NNI: done in 0.000545025 secs using 100% CPU
Optimizing NNI: done in 0.000544071 secs using 99.99% CPU
Optimizing NNI: done in 0.000541925 secs using 100% CPU
Optimizing NNI: done in 0.00120091 secs using 100% CPU
Optimizing NNI: done in 0.00118089 secs using 99.59% CPU
Optimizing NNI: done in 0.000552893 secs using 100% CPU
Iteration 270 / LogL: -978.035 / Time: 0h:0m:0s (0h:0m:0s left)
Optimizing NNI: done in 0.000542879 secs using 99.84% CPU
Optimizing NNI: done in 0.000546932 secs using 99.83% CPU
Optimizing NNI: done in 0.000550985 secs using 99.82% CPU
Optimizing NNI: done in 0.000550032 secs using 99.99% CPU
Optimizing NNI: done in 0.00116706 secs using 99.91% CPU
Optimizing NNI: done in 0.000543118 secs using 99.98% CPU
Optimizing NNI: done in 0.00120091 secs using 99.92% CPU
Optimizing NNI: done in 0.000542164 secs using 99.97% CPU
Optimizing NNI: done in 0.000542879 secs using 100% CPU
Optimizing NNI: done in 0.000547886 secs using 100% CPU
Iteration 280 / LogL: -978.035 / Time: 0h:0m:1s (0h:0m:0s left)
Optimizing NNI: done in 0.000539064 secs using 99.99% CPU
Optimizing NNI: done in 0.000540018 secs using 100% CPU
Optimizing NNI: done in 0.000540018 secs using 100% CPU
Optimizing NNI: done in 0.00117111 secs using 99.99% CPU
Optimizing NNI: done in 0.000545979 secs using 100% CPU
Optimizing NNI: done in 0.00116491 secs using 100% CPU
Optimizing NNI: done in 0.00117302 secs using 100% CPU
Optimizing NNI: done in 0.000545979 secs using 100% CPU
Optimizing NNI: done in 0.000548124 secs using 99.98% CPU
Optimizing NNI: done in 0.000559092 secs using 99.27% CPU
Iteration 290 / LogL: -978.035 / Time: 0h:0m:1s (0h:0m:0s left)
Optimizing NNI: done in 0.000537872 secs using 100% CPU
Optimizing NNI: done in 0.000541925 secs using 100% CPU
Optimizing NNI: done in 0.00117493 secs using 99.92% CPU
Optimizing NNI: done in 0.000541925 secs using 99.83% CPU
Optimizing NNI: done in 0.00119686 secs using 100% CPU
Optimizing NNI: done in 0.00116611 secs using 99.99% CPU
Optimizing NNI: done in 0.00116396 secs using 100% CPU
Optimizing NNI: done in 0.000548124 secs using 99.98% CPU
Optimizing NNI: done in 0.000543118 secs using 99.98% CPU
Optimizing NNI: done in 0.000543118 secs using 99.79% CPU
Iteration 300 / LogL: -978.035 / Time: 0h:0m:1s (0h:0m:0s left)
Log-likelihood cutoff on original alignment: -978.229
NOTE: Bootstrap correlation coefficient of split occurrence frequencies: 0.994
TREE SEARCH COMPLETED AFTER 300 ITERATIONS / Time: 0h:0m:1s

--------------------------------------------------------------------
|                    FINALIZING TREE SEARCH                        |
--------------------------------------------------------------------
Performs final model parameters optimization
Estimate model parameters (epsilon = 0.010)
1. Initial log-likelihood: -978.035
Optimal log-likelihood: -978.035
Parameters optimization took 1 rounds (0.000 sec)
BEST SCORE FOUND : -978.035

Testing tree branches by SH-like aLRT with 1000 replicates...
0.018 sec.
Creating bootstrap support values...
Split supports printed to NEXUS file ../results/molecular_evolution_analyses/phylogenetic_trees/F34402_MLIG_G1/F34402_MLIG_G1.splits.nex
Total tree length: 0.156

Total number of iterations: 300
CPU time used for tree search: 1.273 sec (0h:0m:1s)
Wall-clock time used for tree search: 1.093 sec (0h:0m:1s)
Total CPU time used: 1.316 sec (0h:0m:1s)
Total wall-clock time used: 1.136 sec (0h:0m:1s)

Computing bootstrap consensus tree...
Reading input file ../results/molecular_evolution_analyses/phylogenetic_trees/F34402_MLIG_G1/F34402_MLIG_G1.splits.nex...
6 taxa and 13 splits.
Consensus tree written to ../results/molecular_evolution_analyses/phylogenetic_trees/F34402_MLIG_G1/F34402_MLIG_G1.contree
Reading input trees file ../results/molecular_evolution_analyses/phylogenetic_trees/F34402_MLIG_G1/F34402_MLIG_G1.contree
Log-likelihood of consensus tree: -978.039

Analysis results written to: 
  IQ-TREE report:                ../results/molecular_evolution_analyses/phylogenetic_trees/F34402_MLIG_G1/F34402_MLIG_G1.iqtree
  Maximum-likelihood tree:       ../results/molecular_evolution_analyses/phylogenetic_trees/F34402_MLIG_G1/F34402_MLIG_G1.treefile
  Likelihood distances:          ../results/molecular_evolution_analyses/phylogenetic_trees/F34402_MLIG_G1/F34402_MLIG_G1.mldist

Ultrafast bootstrap approximation results written to:
  Split support values:          ../results/molecular_evolution_analyses/phylogenetic_trees/F34402_MLIG_G1/F34402_MLIG_G1.splits.nex
  Consensus tree:                ../results/molecular_evolution_analyses/phylogenetic_trees/F34402_MLIG_G1/F34402_MLIG_G1.contree
  Screen log file:               ../results/molecular_evolution_analyses/phylogenetic_trees/F34402_MLIG_G1/F34402_MLIG_G1.log

Date and Time: Wed May  1 09:21:04 2024
