IQ-TREE multicore version 2.2.2.6 COVID-edition for Linux 64-bit built May 27 2023
Developed by Bui Quang Minh, James Barbetti, Nguyen Lam Tung,
Olga Chernomor, Heiko Schmidt, Dominik Schrempf, Michael Woodhams, Ly Trong Nhan.

Host:    lbc5 (AVX2, FMA3, 125 GB RAM)
Command: /home/mauricio/mauricio_PROGRAMAS/iqtree-2.2.2.6-Linux/bin/iqtree2 -s ../results/molecular_evolution_analyses/alignments_gblocks/F111255_MLIG_G1/F111255_MLIG_G1.aln.gblo -m TEST --threads-max 32 --alrt 1000 --ufboot 1000 --prefix ../results/molecular_evolution_analyses/phylogenetic_trees/F111255_MLIG_G1/F111255_MLIG_G1 -keep-ident -redo
Seed:    745021 (Using SPRNG - Scalable Parallel Random Number Generator)
Time:    Wed May  1 09:10:46 2024
Kernel:  AVX+FMA - 1 threads (32 CPU cores detected)

HINT: Use -nt option to specify number of threads because your CPU has 32 cores!
HINT: -nt AUTO will automatically determine the best number of threads to use.

Reading alignment file ../results/molecular_evolution_analyses/alignments_gblocks/F111255_MLIG_G1/F111255_MLIG_G1.aln.gblo ... Fasta format detected
Reading fasta file: done in 5.60284e-05 secs using 98.16% CPU
Alignment most likely contains protein sequences
Constructing alignment: done in 0.000160933 secs using 100% CPU
Alignment has 6 sequences with 143 columns, 62 distinct patterns
56 parsimony-informative, 0 singleton sites, 87 constant sites
            Gap/Ambiguity  Composition  p-value
Analyzing sequences: done in 8.10623e-06 secs using 86.35% CPU
   1  Mlig.28624    0.00%    passed     99.99%
   2  Mlig.28625    0.00%    passed     99.99%
   3  Mlig.28626    0.00%    passed     99.99%
   4  Mlig.35776    0.00%    passed     99.99%
   5  Mlig.35777    0.00%    passed     99.99%
   6  Mlig.35778    0.00%    passed     99.99%
****  TOTAL         0.00%  0 sequences failed composition chi2 test (p-value<5%; df=18)


Create initial parsimony tree by phylogenetic likelihood library (PLL)... 0.000 seconds
Perform fast likelihood tree search using LG+I+G model...
Estimate model parameters (epsilon = 5.000)
Perform nearest neighbor interchange...
Optimizing NNI: done in 0.00164294 secs using 99.88% CPU
Estimate model parameters (epsilon = 1.000)
1. Initial log-likelihood: -635.234
Optimal log-likelihood: -634.883
Proportion of invariable sites: 0.313
Gamma shape alpha: 998.483
Parameters optimization took 1 rounds (0.004 sec)
Time for fast ML tree search: 0.013 seconds

NOTE: ModelFinder requires 0 MB RAM!
ModelFinder will test up to 224 protein models (sample size: 143) ...
 No. Model         -LnL         df  AIC          AICc         BIC
  1  LG            634.675      9   1287.350     1288.704     1314.016
  2  LG+I          634.585      10  1289.170     1290.837     1318.799
  3  LG+G4         634.608      10  1289.215     1290.882     1318.844
  4  LG+I+G4       634.827      11  1291.653     1293.669     1324.245
  5  LG+F          619.452      28  1294.904     1309.150     1377.864
  6  LG+F+I        619.362      29  1296.724     1312.123     1382.647
  7  LG+F+G4       619.402      29  1296.805     1312.203     1382.727
  9  WAG           634.442      9   1286.884     1288.238     1313.550
 10  WAG+I         634.442      10  1288.884     1290.551     1318.513
 11  WAG+G4        634.443      10  1288.886     1290.553     1318.515
 13  WAG+F         618.399      28  1292.798     1307.044     1375.758
 14  WAG+F+I       618.399      29  1294.798     1310.196     1380.721
 15  WAG+F+G4      618.400      29  1294.800     1310.198     1380.722
 17  JTT           635.909      9   1289.817     1291.170     1316.483
 18  JTT+I         635.773      10  1291.546     1293.213     1321.175
 19  JTT+G4        635.821      10  1291.642     1293.308     1321.270
 21  JTT+F         620.136      28  1296.271     1310.517     1379.231
 22  JTT+F+I       619.992      29  1297.983     1313.381     1383.906
 23  JTT+F+G4      620.072      29  1298.143     1313.541     1384.066
WARNING: Normalizing state frequencies so that sum of them equals to 1
 25  Q.pfam        635.892      9   1289.783     1291.137     1316.449
WARNING: Normalizing state frequencies so that sum of them equals to 1
 26  Q.pfam+I      635.817      10  1291.633     1293.300     1321.262
WARNING: Normalizing state frequencies so that sum of them equals to 1
 27  Q.pfam+G4     635.833      10  1291.666     1293.333     1321.295
WARNING: Normalizing state frequencies so that sum of them equals to 1
 29  Q.pfam+F      620.994      28  1297.989     1312.234     1380.948
WARNING: Normalizing state frequencies so that sum of them equals to 1
 30  Q.pfam+F+I    620.950      29  1299.900     1315.298     1385.822
WARNING: Normalizing state frequencies so that sum of them equals to 1
 31  Q.pfam+F+G4   620.968      29  1299.936     1315.335     1385.859
WARNING: Normalizing state frequencies so that sum of them equals to 1
 33  Q.bird        644.694      9   1307.388     1308.742     1334.054
WARNING: Normalizing state frequencies so that sum of them equals to 1
 34  Q.bird+I      640.938      10  1301.876     1303.543     1331.505
WARNING: Normalizing state frequencies so that sum of them equals to 1
 35  Q.bird+G4     641.028      10  1302.056     1303.722     1331.684
WARNING: Normalizing state frequencies so that sum of them equals to 1
 37  Q.bird+F      628.590      28  1313.180     1327.426     1396.140
WARNING: Normalizing state frequencies so that sum of them equals to 1
 38  Q.bird+F+I    624.916      29  1307.831     1323.230     1393.754
WARNING: Normalizing state frequencies so that sum of them equals to 1
 39  Q.bird+F+G4   625.173      29  1308.346     1323.745     1394.269
WARNING: Normalizing state frequencies so that sum of them equals to 1
 41  Q.mammal      642.052      9   1302.103     1303.457     1328.769
WARNING: Normalizing state frequencies so that sum of them equals to 1
 42  Q.mammal+I    640.134      10  1300.267     1301.934     1329.896
WARNING: Normalizing state frequencies so that sum of them equals to 1
 43  Q.mammal+G4   640.255      10  1300.511     1302.178     1330.139
WARNING: Normalizing state frequencies so that sum of them equals to 1
 45  Q.mammal+F    625.809      28  1307.618     1321.864     1390.578
WARNING: Normalizing state frequencies so that sum of them equals to 1
 46  Q.mammal+F+I  623.908      29  1305.816     1321.214     1391.738
WARNING: Normalizing state frequencies so that sum of them equals to 1
 47  Q.mammal+F+G4 624.129      29  1306.258     1321.656     1392.180
 49  Q.insect      638.377      9   1294.754     1296.107     1321.419
 50  Q.insect+I    638.045      10  1296.089     1297.756     1325.717
 51  Q.insect+G4   638.060      10  1296.121     1297.788     1325.749
 53  Q.insect+F    620.040      28  1296.080     1310.325     1379.039
 54  Q.insect+F+I  619.859      29  1297.718     1313.117     1383.641
 55  Q.insect+F+G4 619.908      29  1297.817     1313.215     1383.739
WARNING: Normalizing state frequencies so that sum of them equals to 1
 57  Q.plant       644.080      9   1306.160     1307.514     1332.826
WARNING: Normalizing state frequencies so that sum of them equals to 1
 58  Q.plant+I     639.930      10  1299.861     1301.527     1329.489
WARNING: Normalizing state frequencies so that sum of them equals to 1
 59  Q.plant+G4    640.035      10  1300.069     1301.736     1329.698
WARNING: Normalizing state frequencies so that sum of them equals to 1
 61  Q.plant+F     627.847      28  1311.695     1325.940     1394.654
WARNING: Normalizing state frequencies so that sum of them equals to 1
 62  Q.plant+F+I   623.853      29  1305.705     1321.104     1391.628
WARNING: Normalizing state frequencies so that sum of them equals to 1
 63  Q.plant+F+G4  624.146      29  1306.292     1321.690     1392.215
WARNING: Normalizing state frequencies so that sum of them equals to 1
 65  Q.yeast       642.939      9   1303.879     1305.232     1330.545
WARNING: Normalizing state frequencies so that sum of them equals to 1
 66  Q.yeast+I     642.452      10  1304.903     1306.570     1334.532
WARNING: Normalizing state frequencies so that sum of them equals to 1
 67  Q.yeast+G4    642.424      10  1304.847     1306.514     1334.476
WARNING: Normalizing state frequencies so that sum of them equals to 1
 69  Q.yeast+F     621.036      28  1298.072     1312.318     1381.032
WARNING: Normalizing state frequencies so that sum of them equals to 1
 70  Q.yeast+F+I   620.567      29  1299.135     1314.533     1385.057
WARNING: Normalizing state frequencies so that sum of them equals to 1
 71  Q.yeast+F+G4  620.621      29  1299.241     1314.640     1385.164
 73  JTTDCMut      635.575      9   1289.150     1290.503     1315.815
 74  JTTDCMut+I    635.454      10  1290.908     1292.575     1320.537
 75  JTTDCMut+G4   635.498      10  1290.996     1292.663     1320.625
 77  JTTDCMut+F    619.833      28  1295.666     1309.912     1378.626
 78  JTTDCMut+F+I  619.699      29  1297.399     1312.797     1383.321
 79  JTTDCMut+F+G4 619.776      29  1297.551     1312.949     1383.474
 81  DCMut         632.288      9   1282.575     1283.929     1309.241
 82  DCMut+I       632.170      10  1284.340     1286.007     1313.969
 83  DCMut+G4      632.202      10  1284.405     1286.071     1314.033
 85  DCMut+F       615.530      28  1287.060     1301.306     1370.020
 86  DCMut+F+I     615.424      29  1288.848     1304.246     1374.770
 87  DCMut+F+G4    615.473      29  1288.946     1304.344     1374.868
 89  VT            636.067      9   1290.135     1291.488     1316.800
 90  VT+I          636.067      10  1292.135     1293.801     1321.763
 91  VT+G4         636.069      10  1292.138     1293.805     1321.766
 93  VT+F          620.085      28  1296.171     1310.416     1379.131
 94  VT+F+I        620.085      29  1298.171     1313.569     1384.093
 95  VT+F+G4       620.087      29  1298.174     1313.573     1384.097
 97  PMB           635.914      9   1289.829     1291.182     1316.495
 98  PMB+I         635.914      10  1291.829     1293.496     1321.457
 99  PMB+G4        635.917      10  1291.834     1293.500     1321.462
101  PMB+F         620.307      28  1296.614     1310.860     1379.574
102  PMB+F+I       620.307      29  1298.614     1314.013     1384.537
103  PMB+F+G4      620.310      29  1298.619     1314.017     1384.542
105  Blosum62      636.359      9   1290.718     1292.072     1317.384
106  Blosum62+I    636.359      10  1292.718     1294.385     1322.347
107  Blosum62+G4   636.361      10  1292.723     1294.389     1322.351
109  Blosum62+F    620.881      28  1297.763     1312.008     1380.723
110  Blosum62+F+I  620.881      29  1299.763     1315.161     1385.685
111  Blosum62+F+G4 620.884      29  1299.767     1315.165     1385.690
113  Dayhoff       632.238      9   1282.476     1283.829     1309.141
114  Dayhoff+I     632.117      10  1284.234     1285.901     1313.863
115  Dayhoff+G4    632.150      10  1284.301     1285.967     1313.929
117  Dayhoff+F     615.473      28  1286.945     1301.191     1369.905
118  Dayhoff+F+I   615.365      29  1288.729     1304.128     1374.652
119  Dayhoff+F+G4  615.415      29  1288.830     1304.228     1374.752
121  mtREV         694.888      9   1407.775     1409.129     1434.441
122  mtREV+I       690.440      10  1400.880     1402.546     1430.508
123  mtREV+G4      691.274      10  1402.548     1404.215     1432.177
125  mtREV+F       626.689      28  1309.379     1323.625     1392.339
126  mtREV+F+I     624.094      29  1306.188     1321.586     1392.111
127  mtREV+F+G4    624.673      29  1307.346     1322.744     1393.269
129  mtART         702.891      9   1423.781     1425.135     1450.447
130  mtART+I       690.004      10  1400.008     1401.675     1429.637
131  mtART+G4      690.359      10  1400.718     1402.385     1430.346
133  mtART+F       632.849      28  1321.697     1335.943     1404.657
134  mtART+F+I     625.514      29  1309.029     1324.427     1394.951
135  mtART+F+G4    625.263      29  1308.527     1323.925     1394.449
137  mtZOA         687.206      9   1392.413     1393.766     1419.078
138  mtZOA+I       679.938      10  1379.875     1381.542     1409.503
139  mtZOA+G4      680.224      10  1380.449     1382.115     1410.077
141  mtZOA+F       626.636      28  1309.273     1323.518     1392.232
142  mtZOA+F+I     622.897      29  1303.794     1319.192     1389.717
143  mtZOA+F+G4    622.863      29  1303.726     1319.124     1389.648
145  mtMet         695.359      9   1408.719     1410.072     1435.384
146  mtMet+I       690.797      10  1401.595     1403.261     1431.223
147  mtMet+G4      691.034      10  1402.068     1403.735     1431.697
149  mtMet+F       625.173      28  1306.346     1320.591     1389.305
150  mtMet+F+I     622.900      29  1303.801     1319.199     1389.723
151  mtMet+F+G4    623.047      29  1304.093     1319.492     1390.016
153  mtVer         704.851      9   1427.703     1429.056     1454.368
154  mtVer+I       697.390      10  1414.780     1416.446     1444.408
155  mtVer+G4      697.521      10  1415.043     1416.709     1444.671
157  mtVer+F       632.131      28  1320.261     1334.507     1403.221
158  mtVer+F+I     627.088      29  1312.177     1327.575     1398.099
159  mtVer+F+G4    627.145      29  1312.291     1327.689     1398.213
161  mtInv         701.607      9   1421.215     1422.568     1447.880
162  mtInv+I       699.204      10  1418.408     1420.075     1448.037
163  mtInv+G4      699.310      10  1418.620     1420.287     1448.248
165  mtInv+F       621.872      28  1299.745     1313.990     1382.704
166  mtInv+F+I     621.287      29  1300.574     1315.972     1386.496
167  mtInv+F+G4    621.275      29  1300.551     1315.949     1386.473
169  mtMAM         703.847      9   1425.694     1427.047     1452.360
170  mtMAM+I       693.743      10  1407.487     1409.153     1437.115
171  mtMAM+G4      693.798      10  1407.596     1409.263     1437.225
173  mtMAM+F       632.275      28  1320.550     1334.796     1403.510
174  mtMAM+F+I     626.166      29  1310.333     1325.731     1396.255
175  mtMAM+F+G4    626.465      29  1310.931     1326.329     1396.853
WARNING: Normalizing state frequencies so that sum of them equals to 1
177  FLAVI         655.008      9   1328.016     1329.370     1354.682
WARNING: Normalizing state frequencies so that sum of them equals to 1
178  FLAVI+I       648.160      10  1316.320     1317.987     1345.949
WARNING: Normalizing state frequencies so that sum of them equals to 1
179  FLAVI+G4      648.685      10  1317.371     1319.037     1346.999
WARNING: Normalizing state frequencies so that sum of them equals to 1
181  FLAVI+F       628.325      28  1312.651     1326.896     1395.610
WARNING: Normalizing state frequencies so that sum of them equals to 1
182  FLAVI+F+I     621.783      29  1301.566     1316.964     1387.488
WARNING: Normalizing state frequencies so that sum of them equals to 1
183  FLAVI+F+G4    622.651      29  1303.301     1318.699     1389.224
185  HIVb          651.474      9   1320.947     1322.301     1347.613
186  HIVb+I        646.237      10  1312.474     1314.141     1342.103
187  HIVb+G4       646.899      10  1313.797     1315.464     1343.426
189  HIVb+F        629.672      28  1315.344     1329.589     1398.303
190  HIVb+F+I      623.568      29  1305.135     1320.533     1391.058
191  HIVb+F+G4     624.535      29  1307.069     1322.467     1392.992
193  HIVw          673.339      9   1364.677     1366.031     1391.343
194  HIVw+I        666.504      10  1353.008     1354.675     1382.637
195  HIVw+G4       666.280      10  1352.559     1354.226     1382.188
197  HIVw+F        632.042      28  1320.083     1334.329     1403.043
198  HIVw+F+I      625.844      29  1309.688     1325.086     1395.610
199  HIVw+F+G4     626.397      29  1310.794     1326.192     1396.716
201  FLU           649.121      9   1316.241     1317.595     1342.907
202  FLU+I         645.646      10  1311.293     1312.960     1340.921
203  FLU+G4        645.971      10  1311.943     1313.609     1341.571
205  FLU+F         621.323      28  1298.646     1312.891     1381.605
206  FLU+F+I       617.390      29  1292.780     1308.178     1378.702
207  FLU+F+G4      618.188      29  1294.376     1309.774     1380.298
209  rtREV         648.259      9   1314.519     1315.872     1341.184
210  rtREV+I       648.197      10  1316.394     1318.061     1346.023
211  rtREV+G4      648.213      10  1316.427     1318.093     1346.055
213  rtREV+F       622.130      28  1300.260     1314.506     1383.220
214  rtREV+F+I     621.843      29  1301.686     1317.084     1387.609
215  rtREV+F+G4    621.932      29  1301.864     1317.262     1387.786
217  cpREV         643.798      9   1305.595     1306.948     1332.261
218  cpREV+I       643.786      10  1307.572     1309.239     1337.201
219  cpREV+G4      643.821      10  1307.641     1309.308     1337.270
221  cpREV+F       623.309      28  1302.619     1316.864     1385.578
222  cpREV+F+I     623.190      29  1304.380     1319.778     1390.302
223  cpREV+F+G4    623.280      29  1304.561     1319.959     1390.483
Akaike Information Criterion:           Dayhoff
Corrected Akaike Information Criterion: Dayhoff
Bayesian Information Criterion:         Dayhoff
Best-fit model: Dayhoff chosen according to BIC

All model information printed to ../results/molecular_evolution_analyses/phylogenetic_trees/F111255_MLIG_G1/F111255_MLIG_G1.model.gz
CPU time for ModelFinder: 0.770 seconds (0h:0m:0s)
Wall-clock time for ModelFinder: 0.770 seconds (0h:0m:0s)
NOTE: State(s) W not present in alignment and thus removed from Markov process to prevent numerical problems
NOTE: 1 states (see above) are not present and thus removed from Markov process to prevent numerical problems
Generating 1000 samples for ultrafast bootstrap (seed: 745021)...

NOTE: 0 MB RAM (0 GB) is required!
Estimate model parameters (epsilon = 0.100)
1. Initial log-likelihood: -632.238
Optimal log-likelihood: -632.238
Parameters optimization took 1 rounds (0.001 sec)
Wrote distance file to... 
Computing ML distances based on estimated model parameters...
Calculating distance matrix: done in 0.000653982 secs using 98.93% CPU
Computing ML distances took 0.000675 sec (of wall-clock time) 0.000670 sec (of CPU time)
Setting up auxiliary I and S matrices: done in 2.40803e-05 secs using 99.67% CPU
Constructing RapidNJ tree: done in 2.31266e-05 secs using 99.45% CPU
Computing RapidNJ tree took 0.000089 sec (of wall-clock time) 0.000089 sec (of CPU time)
Log-likelihood of RapidNJ tree: -632.238
--------------------------------------------------------------------
|             INITIALIZING CANDIDATE TREE SET                      |
--------------------------------------------------------------------
Generating 98 parsimony trees... 0.012 second
Computing log-likelihood of 18 initial trees ... 0.003 seconds
Current best score: -632.238

Do NNI search on 20 best initial trees
Optimizing NNI: done in 0.000730991 secs using 199.2% CPU
Optimizing NNI: done in 0.000672817 secs using 200.2% CPU
Optimizing NNI: done in 0.000664949 secs using 199.9% CPU
Optimizing NNI: done in 0.000659943 secs using 199.9% CPU
Optimizing NNI: done in 0.00065589 secs using 199.9% CPU
Optimizing NNI: done in 0.000659943 secs using 200% CPU
Optimizing NNI: done in 0.000658989 secs using 200.2% CPU
Optimizing NNI: done in 0.000654936 secs using 199.9% CPU
Optimizing NNI: done in 0.000787973 secs using 200% CPU
Optimizing NNI: done in 0.00150204 secs using 199.9% CPU
Iteration 10 / LogL: -632.238 / Time: 0h:0m:0s
Optimizing NNI: done in 0.00149202 secs
Optimizing NNI: done in 0.00148892 secs using 159.4% CPU
Optimizing NNI: done in 0.00149798 secs using 200.1% CPU
Optimizing NNI: done in 0.00148201 secs using 200.3% CPU
Optimizing NNI: done in 0.001477 secs using 199.8% CPU
Optimizing NNI: done in 0.0014801 secs using 200% CPU
Optimizing NNI: done in 0.00143695 secs using 200.2% CPU
Optimizing NNI: done in 0.00145507 secs using 199.7% CPU
Optimizing NNI: done in 0.00143719 secs using 199.8% CPU
Optimizing NNI: done in 0.00143504 secs using 199.9% CPU
Iteration 20 / LogL: -632.238 / Time: 0h:0m:0s
Finish initializing candidate tree set (20)
Current best tree score: -632.238 / CPU time: 0.043
Number of iterations: 20
--------------------------------------------------------------------
|               OPTIMIZING CANDIDATE TREE SET                      |
--------------------------------------------------------------------
Optimizing NNI: done in 0.000622988 secs using 200% CPU
Optimizing NNI: done in 0.00061512 secs using 200% CPU
Optimizing NNI: done in 0.00124192 secs using 199.9% CPU
Optimizing NNI: done in 0.00131297 secs using 200% CPU
Optimizing NNI: done in 0.000612974 secs using 199.8% CPU
Optimizing NNI: done in 0.000619888 secs using 200% CPU
Optimizing NNI: done in 0.000615835 secs using 200.1% CPU
Optimizing NNI: done in 0.00061512 secs using 199.8% CPU
Optimizing NNI: done in 0.000620842 secs using 199.2% CPU
Optimizing NNI: done in 0.000614166 secs using 199.9% CPU
Iteration 30 / LogL: -632.238 / Time: 0h:0m:0s (0h:0m:0s left)
Optimizing NNI: done in 0.00126314 secs using 200.1% CPU
Optimizing NNI: done in 0.000624895 secs using 199.9% CPU
Optimizing NNI: done in 0.00125003 secs using 200% CPU
Optimizing NNI: done in 0.000614882 secs using 199.9% CPU
Optimizing NNI: done in 0.00132394 secs using 199.9% CPU
Optimizing NNI: done in 0.00124311 secs using 199.8% CPU
Optimizing NNI: done in 0.000617027 secs using 200.3% CPU
Optimizing NNI: done in 0.000615835 secs using 199.7% CPU
Optimizing NNI: done in 0.00133896 secs using 200.1% CPU
Optimizing NNI: done in 0.000618935 secs using 200% CPU
Iteration 40 / LogL: -632.238 / Time: 0h:0m:0s (0h:0m:0s left)
Optimizing NNI: done in 0.000622034 secs using 200.5% CPU
Optimizing NNI: done in 0.000617027 secs using 200.2% CPU
Optimizing NNI: done in 0.000618935 secs using 199.9% CPU
Optimizing NNI: done in 0.000614882 secs using 199.9% CPU
Optimizing NNI: done in 0.000607014 secs using 199.7% CPU
Optimizing NNI: done in 0.00132394 secs using 200% CPU
Optimizing NNI: done in 0.00061202 secs using 200% CPU
Optimizing NNI: done in 0.00125599 secs using 200% CPU
Optimizing NNI: done in 0.000613928 secs using 198.4% CPU
Optimizing NNI: done in 0.00061202 secs using 199.8% CPU
Iteration 50 / LogL: -632.238 / Time: 0h:0m:0s (0h:0m:0s left)
Log-likelihood cutoff on original alignment: -632.931
Optimizing NNI: done in 0.000647068 secs using 199.5% CPU
Optimizing NNI: done in 0.000616074 secs using 199.7% CPU
Optimizing NNI: done in 0.000622034 secs using 200.3% CPU
Optimizing NNI: done in 0.00132513 secs using 199.8% CPU
Optimizing NNI: done in 0.00132895 secs using 200.2% CPU
Optimizing NNI: done in 0.000612974 secs using 200.3% CPU
Optimizing NNI: done in 0.00124907 secs using 199.7% CPU
Optimizing NNI: done in 0.00131607 secs using 200.1% CPU
Optimizing NNI: done in 0.000620842 secs using 199.9% CPU
Optimizing NNI: done in 0.000617027 secs using 200.2% CPU
Iteration 60 / LogL: -632.238 / Time: 0h:0m:0s (0h:0m:0s left)
Optimizing NNI: done in 0.000617981 secs using 200% CPU
Optimizing NNI: done in 0.00124693 secs using 200% CPU
Optimizing NNI: done in 0.000608921 secs using 100% CPU
Optimizing NNI: done in 0.00132203 secs using 100% CPU
Optimizing NNI: done in 0.00061512 secs using 99.98% CPU
Optimizing NNI: done in 0.000622034 secs using 99.35% CPU
Optimizing NNI: done in 0.000610113 secs using 99.82% CPU
Optimizing NNI: done in 0.000611067 secs using 99.99% CPU
Optimizing NNI: done in 0.00125504 secs using 100% CPU
Optimizing NNI: done in 0.000610113 secs using 100.1% CPU
Iteration 70 / LogL: -632.238 / Time: 0h:0m:0s (0h:0m:0s left)
Optimizing NNI: done in 0.000612974 secs using 100% CPU
Optimizing NNI: done in 0.000613928 secs using 100.2% CPU
Optimizing NNI: done in 0.000612974 secs using 99.84% CPU
Optimizing NNI: done in 0.000611782 secs using 100% CPU
Optimizing NNI: done in 0.000622034 secs using 99.51% CPU
Optimizing NNI: done in 0.000613213 secs using 100.1% CPU
Optimizing NNI: done in 0.000618219 secs using 100.1% CPU
Optimizing NNI: done in 0.000613928 secs using 100% CPU
Optimizing NNI: done in 0.000612974 secs using 100% CPU
Optimizing NNI: done in 0.000613928 secs using 100% CPU
Iteration 80 / LogL: -632.238 / Time: 0h:0m:0s (0h:0m:0s left)
Optimizing NNI: done in 0.00132418 secs using 99.99% CPU
Optimizing NNI: done in 0.00125408 secs using 99.99% CPU
Optimizing NNI: done in 0.000609159 secs using 99.97% CPU
Optimizing NNI: done in 0.00132179 secs using 100.1% CPU
Optimizing NNI: done in 0.000607967 secs using 100.2% CPU
Optimizing NNI: done in 0.000625849 secs using 99.54% CPU
Optimizing NNI: done in 0.00125599 secs using 100% CPU
Optimizing NNI: done in 0.000613213 secs using 99.97% CPU
Optimizing NNI: done in 0.00125718 secs using 99.75% CPU
Optimizing NNI: done in 0.000607967 secs using 100% CPU
Iteration 90 / LogL: -632.238 / Time: 0h:0m:0s (0h:0m:0s left)
Optimizing NNI: done in 0.00132513 secs using 100.1% CPU
Optimizing NNI: done in 0.000617981 secs using 100% CPU
Optimizing NNI: done in 0.000618219 secs using 99.96% CPU
Optimizing NNI: done in 0.000608921 secs using 100% CPU
Optimizing NNI: done in 0.000610113 secs using 99.98% CPU
Optimizing NNI: done in 0.000608206 secs using 100.1% CPU
Optimizing NNI: done in 0.00131702 secs using 100% CPU
Optimizing NNI: done in 0.000617981 secs using 99.36% CPU
Optimizing NNI: done in 0.000619888 secs using 100% CPU
Optimizing NNI: done in 0.000607967 secs using 100% CPU
Iteration 100 / LogL: -632.238 / Time: 0h:0m:0s (0h:0m:0s left)
Log-likelihood cutoff on original alignment: -632.931
NOTE: Bootstrap correlation coefficient of split occurrence frequencies: 0.980
NOTE: UFBoot does not converge, continue at least 100 more iterations
Optimizing NNI: done in 0.000632048 secs using 99.83% CPU
Optimizing NNI: done in 0.000623941 secs using 100% CPU
Optimizing NNI: done in 0.00132203 secs using 100% CPU
Optimizing NNI: done in 0.00125003 secs using 99.92% CPU
Optimizing NNI: done in 0.000610828 secs using 100% CPU
Optimizing NNI: done in 0.000612974 secs using 100.2% CPU
Optimizing NNI: done in 0.000625134 secs using 99.5% CPU
Optimizing NNI: done in 0.000617027 secs using 100% CPU
Optimizing NNI: done in 0.00126314 secs using 99.99% CPU
Optimizing NNI: done in 0.000611067 secs using 99.83% CPU
Iteration 110 / LogL: -632.238 / Time: 0h:0m:0s (0h:0m:0s left)
Optimizing NNI: done in 0.000613928 secs using 100.2% CPU
Optimizing NNI: done in 0.000612974 secs using 100% CPU
Optimizing NNI: done in 0.000607967 secs using 99.84% CPU
Optimizing NNI: done in 0.000609875 secs using 100% CPU
Optimizing NNI: done in 0.000626087 secs using 99.03% CPU
Optimizing NNI: done in 0.000607967 secs using 100.2% CPU
Optimizing NNI: done in 0.00124097 secs using 100% CPU
Optimizing NNI: done in 0.00060606 secs using 99.99% CPU
Optimizing NNI: done in 0.000602007 secs using 100% CPU
Optimizing NNI: done in 0.000611067 secs using 100.2% CPU
Iteration 120 / LogL: -632.238 / Time: 0h:0m:0s (0h:0m:0s left)
Optimizing NNI: done in 0.00124788 secs using 100% CPU
Optimizing NNI: done in 0.000611067 secs using 99.99% CPU
Optimizing NNI: done in 0.00125098 secs using 100% CPU
Optimizing NNI: done in 0.00061202 secs using 99.83% CPU
Optimizing NNI: done in 0.00060606 secs using 99.99% CPU
Optimizing NNI: done in 0.000620127 secs using 99.5% CPU
Optimizing NNI: done in 0.000614882 secs using 100% CPU
Optimizing NNI: done in 0.000613928 secs using 100% CPU
Optimizing NNI: done in 0.000610828 secs using 100% CPU
Optimizing NNI: done in 0.00061202 secs using 99.83% CPU
Iteration 130 / LogL: -632.238 / Time: 0h:0m:0s (0h:0m:0s left)
Optimizing NNI: done in 0.000611067 secs using 99.83% CPU
Optimizing NNI: done in 0.000608921 secs using 100% CPU
Optimizing NNI: done in 0.000612974 secs using 99.51% CPU
Optimizing NNI: done in 0.000602007 secs using 100% CPU
Optimizing NNI: done in 0.00131416 secs using 99.99% CPU
Optimizing NNI: done in 0.00124097 secs using 100% CPU
Optimizing NNI: done in 0.00132513 secs using 99.99% CPU
Optimizing NNI: done in 0.000611067 secs using 99.99% CPU
Optimizing NNI: done in 0.00127411 secs using 99.99% CPU
Optimizing NNI: done in 0.000612974 secs using 100.2% CPU
Iteration 140 / LogL: -632.238 / Time: 0h:0m:0s (0h:0m:0s left)
Optimizing NNI: done in 0.000613928 secs using 100.2% CPU
Optimizing NNI: done in 0.000608921 secs using 100% CPU
Optimizing NNI: done in 0.000610828 secs using 100% CPU
Optimizing NNI: done in 0.000613928 secs using 99.85% CPU
Optimizing NNI: done in 0.00127316 secs using 99.67% CPU
Optimizing NNI: done in 0.000606775 secs using 100% CPU
Optimizing NNI: done in 0.000619888 secs using 99.53% CPU
Optimizing NNI: done in 0.000607014 secs using 100% CPU
Optimizing NNI: done in 0.00132704 secs using 100% CPU
Optimizing NNI: done in 0.000605822 secs using 99.86% CPU
Iteration 150 / LogL: -632.238 / Time: 0h:0m:0s (0h:0m:0s left)
Log-likelihood cutoff on original alignment: -632.931
Optimizing NNI: done in 0.000632048 secs using 99.99% CPU
Optimizing NNI: done in 0.000617981 secs using 100% CPU
Optimizing NNI: done in 0.000620842 secs using 99.38% CPU
Optimizing NNI: done in 0.000606775 secs using 100% CPU
Optimizing NNI: done in 0.000617027 secs using 100.2% CPU
Optimizing NNI: done in 0.000610113 secs using 99.98% CPU
Optimizing NNI: done in 0.00061512 secs using 99.98% CPU
Optimizing NNI: done in 0.00124884 secs using 100% CPU
Optimizing NNI: done in 0.000611067 secs using 99.99% CPU
Optimizing NNI: done in 0.00061512 secs using 99.98% CPU
Iteration 160 / LogL: -632.238 / Time: 0h:0m:0s (0h:0m:0s left)
Optimizing NNI: done in 0.000608921 secs using 100% CPU
Optimizing NNI: done in 0.000613928 secs using 100.2% CPU
Optimizing NNI: done in 0.000611067 secs using 100.2% CPU
Optimizing NNI: done in 0.000609159 secs using 99.81% CPU
Optimizing NNI: done in 0.00125194 secs using 99.93% CPU
Optimizing NNI: done in 0.000607014 secs using 100% CPU
Optimizing NNI: done in 0.000602961 secs using 100.2% CPU
Optimizing NNI: done in 0.000607967 secs using 99.84% CPU
Optimizing NNI: done in 0.000602961 secs using 100.2% CPU
Optimizing NNI: done in 0.000611067 secs using 99.66% CPU
Iteration 170 / LogL: -632.238 / Time: 0h:0m:0s (0h:0m:0s left)
Optimizing NNI: done in 0.00061512 secs using 100.1% CPU
Optimizing NNI: done in 0.000610828 secs using 100.2% CPU
Optimizing NNI: done in 0.00132608 secs using 99.92% CPU
Optimizing NNI: done in 0.000604868 secs using 100% CPU
Optimizing NNI: done in 0.000601053 secs using 99.99% CPU
Optimizing NNI: done in 0.000608921 secs using 99.85% CPU
Optimizing NNI: done in 0.00124884 secs using 100.1% CPU
Optimizing NNI: done in 0.000612974 secs using 99.84% CPU
Optimizing NNI: done in 0.00125313 secs using 99.99% CPU
Optimizing NNI: done in 0.000609159 secs using 99.97% CPU
Iteration 180 / LogL: -632.238 / Time: 0h:0m:0s (0h:0m:0s left)
Optimizing NNI: done in 0.00132489 secs using 99.93% CPU
Optimizing NNI: done in 0.00125599 secs using 100% CPU
Optimizing NNI: done in 0.000614882 secs using 100% CPU
Optimizing NNI: done in 0.000613928 secs using 100% CPU
Optimizing NNI: done in 0.00061512 secs using 99.66% CPU
Optimizing NNI: done in 0.00123811 secs using 99.99% CPU
Optimizing NNI: done in 0.00124717 secs using 99.91% CPU
Optimizing NNI: done in 0.000616074 secs using 99.99% CPU
Optimizing NNI: done in 0.00132895 secs using 100% CPU
Optimizing NNI: done in 0.000605106 secs using 99.98% CPU
Iteration 190 / LogL: -632.238 / Time: 0h:0m:0s (0h:0m:0s left)
Optimizing NNI: done in 0.000605822 secs using 100% CPU
Optimizing NNI: done in 0.000607014 secs using 100% CPU
Optimizing NNI: done in 0.00125313 secs using 99.99% CPU
Optimizing NNI: done in 0.00124502 secs using 100% CPU
Optimizing NNI: done in 0.00124502 secs using 100% CPU
Optimizing NNI: done in 0.000602007 secs using 100% CPU
Optimizing NNI: done in 0.000604153 secs using 99.97% CPU
Optimizing NNI: done in 0.000614166 secs using 99.97% CPU
Optimizing NNI: done in 0.000623941 secs using 99.85% CPU
Optimizing NNI: done in 0.00061202 secs using 100.2% CPU
Iteration 200 / LogL: -632.238 / Time: 0h:0m:0s (0h:0m:0s left)
Log-likelihood cutoff on original alignment: -632.931
NOTE: Bootstrap correlation coefficient of split occurrence frequencies: 0.958
NOTE: UFBoot does not converge, continue at least 100 more iterations
Optimizing NNI: done in 0.00134301 secs using 99.92% CPU
Optimizing NNI: done in 0.00131917 secs using 99.99% CPU
Optimizing NNI: done in 0.000611067 secs using 99.99% CPU
Optimizing NNI: done in 0.000611067 secs using 100.2% CPU
Optimizing NNI: done in 0.000609159 secs using 99.81% CPU
Optimizing NNI: done in 0.000607967 secs using 100% CPU
Optimizing NNI: done in 0.00126314 secs using 100.1% CPU
Optimizing NNI: done in 0.000607014 secs using 99.83% CPU
Optimizing NNI: done in 0.000614882 secs using 100% CPU
Optimizing NNI: done in 0.000617027 secs using 99.67% CPU
Iteration 210 / LogL: -632.238 / Time: 0h:0m:0s (0h:0m:0s left)
Optimizing NNI: done in 0.00125599 secs using 100% CPU
Optimizing NNI: done in 0.00126004 secs using 99.68% CPU
Optimizing NNI: done in 0.000612974 secs using 100.2% CPU
Optimizing NNI: done in 0.000609159 secs using 99.81% CPU
Optimizing NNI: done in 0.000609875 secs using 100.2% CPU
Optimizing NNI: done in 0.00060606 secs using 99.99% CPU
Optimizing NNI: done in 0.000612974 secs using 100% CPU
Optimizing NNI: done in 0.00123906 secs using 99.91% CPU
Optimizing NNI: done in 0.000603914 secs using 100% CPU
Optimizing NNI: done in 0.000605106 secs using 100.1% CPU
Iteration 220 / LogL: -632.238 / Time: 0h:0m:0s (0h:0m:0s left)
Optimizing NNI: done in 0.00061512 secs using 99.98% CPU
Optimizing NNI: done in 0.000614166 secs using 99.97% CPU
Optimizing NNI: done in 0.001333 secs using 100% CPU
Optimizing NNI: done in 0.000610113 secs using 99.98% CPU
Optimizing NNI: done in 0.000605106 secs using 99.98% CPU
Optimizing NNI: done in 0.000604868 secs using 100% CPU
Optimizing NNI: done in 0.000608921 secs using 100% CPU
Optimizing NNI: done in 0.00125098 secs using 100% CPU
Optimizing NNI: done in 0.000614882 secs using 100% CPU
Optimizing NNI: done in 0.000610113 secs using 99.98% CPU
Iteration 230 / LogL: -632.238 / Time: 0h:0m:0s (0h:0m:0s left)
Optimizing NNI: done in 0.00132704 secs using 100% CPU
Optimizing NNI: done in 0.000613928 secs using 100% CPU
Optimizing NNI: done in 0.000618935 secs using 100% CPU
Optimizing NNI: done in 0.000617027 secs using 100% CPU
Optimizing NNI: done in 0.000610113 secs using 99.98% CPU
Optimizing NNI: done in 0.000608921 secs using 100% CPU
Optimizing NNI: done in 0.00125194 secs using 99.93% CPU
Optimizing NNI: done in 0.00125194 secs using 100.1% CPU
Optimizing NNI: done in 0.00123715 secs using 99.99% CPU
Optimizing NNI: done in 0.00131607 secs using 99.99% CPU
Iteration 240 / LogL: -632.239 / Time: 0h:0m:0s (0h:0m:0s left)
Optimizing NNI: done in 0.00060606 secs using 99.99% CPU
Optimizing NNI: done in 0.00124192 secs using 100% CPU
Optimizing NNI: done in 0.000607014 secs using 100% CPU
Optimizing NNI: done in 0.000611067 secs using 99.83% CPU
Optimizing NNI: done in 0.000604868 secs using 100% CPU
Optimizing NNI: done in 0.000608921 secs using 99.85% CPU
Optimizing NNI: done in 0.000612974 secs using 100% CPU
Optimizing NNI: done in 0.000622988 secs using 99.68% CPU
Optimizing NNI: done in 0.0013299 secs using 100.1% CPU
Optimizing NNI: done in 0.00133085 secs using 99.94% CPU
Iteration 250 / LogL: -632.239 / Time: 0h:0m:0s (0h:0m:0s left)
Log-likelihood cutoff on original alignment: -632.931
Optimizing NNI: done in 0.000627041 secs using 99.83% CPU
Optimizing NNI: done in 0.000610828 secs using 99.86% CPU
Optimizing NNI: done in 0.000605106 secs using 99.98% CPU
Optimizing NNI: done in 0.000607014 secs using 99.83% CPU
Optimizing NNI: done in 0.001333 secs using 99.93% CPU
Optimizing NNI: done in 0.000607967 secs using 100.2% CPU
Optimizing NNI: done in 0.00060606 secs using 99.99% CPU
Optimizing NNI: done in 0.000617981 secs using 99.36% CPU
Optimizing NNI: done in 0.000607967 secs using 100% CPU
Optimizing NNI: done in 0.000610828 secs using 100% CPU
Iteration 260 / LogL: -632.238 / Time: 0h:0m:0s (0h:0m:0s left)
Optimizing NNI: done in 0.000613928 secs using 100% CPU
Optimizing NNI: done in 0.000615835 secs using 100% CPU
Optimizing NNI: done in 0.000614166 secs using 99.97% CPU
Optimizing NNI: done in 0.000610828 secs using 100.2% CPU
Optimizing NNI: done in 0.000610113 secs using 99.82% CPU
Optimizing NNI: done in 0.00124502 secs using 100% CPU
Optimizing NNI: done in 0.00123906 secs using 100% CPU
Optimizing NNI: done in 0.000609875 secs using 100% CPU
Optimizing NNI: done in 0.000617981 secs using 99.68% CPU
Optimizing NNI: done in 0.000612974 secs using 100.2% CPU
Iteration 270 / LogL: -632.238 / Time: 0h:0m:1s (0h:0m:0s left)
Optimizing NNI: done in 0.000609159 secs using 100.1% CPU
Optimizing NNI: done in 0.000612974 secs using 99.84% CPU
Optimizing NNI: done in 0.00061202 secs using 100.2% CPU
Optimizing NNI: done in 0.000605106 secs using 99.98% CPU
Optimizing NNI: done in 0.000607967 secs using 100% CPU
Optimizing NNI: done in 0.000612974 secs using 100% CPU
Optimizing NNI: done in 0.000609875 secs using 100% CPU
Optimizing NNI: done in 0.00132298 secs using 99.77% CPU
Optimizing NNI: done in 0.00132108 secs using 99.99% CPU
Optimizing NNI: done in 0.000609159 secs using 99.81% CPU
Iteration 280 / LogL: -632.238 / Time: 0h:0m:1s (0h:0m:0s left)
Optimizing NNI: done in 0.000617981 secs using 99.52% CPU
Optimizing NNI: done in 0.00061202 secs using 100.2% CPU
Optimizing NNI: done in 0.000612974 secs using 100% CPU
Optimizing NNI: done in 0.00126386 secs using 99.93% CPU
Optimizing NNI: done in 0.00061202 secs using 100% CPU
Optimizing NNI: done in 0.000612974 secs using 100% CPU
Optimizing NNI: done in 0.000612974 secs using 100.2% CPU
Optimizing NNI: done in 0.000612974 secs using 99.84% CPU
Optimizing NNI: done in 0.00061202 secs using 100% CPU
Optimizing NNI: done in 0.00061202 secs using 100% CPU
Iteration 290 / LogL: -632.238 / Time: 0h:0m:1s (0h:0m:0s left)
Optimizing NNI: done in 0.000618935 secs using 99.36% CPU
Optimizing NNI: done in 0.00061202 secs using 100.2% CPU
Optimizing NNI: done in 0.00125003 secs using 100% CPU
Optimizing NNI: done in 0.000610828 secs using 99.86% CPU
Optimizing NNI: done in 0.000605106 secs using 99.98% CPU
Optimizing NNI: done in 0.000605106 secs using 99.82% CPU
Optimizing NNI: done in 0.000604868 secs using 100% CPU
Optimizing NNI: done in 0.000601053 secs using 99.99% CPU
Optimizing NNI: done in 0.00131392 secs using 100.1% CPU
Optimizing NNI: done in 0.00131798 secs using 100% CPU
Iteration 300 / LogL: -632.239 / Time: 0h:0m:1s (0h:0m:0s left)
Log-likelihood cutoff on original alignment: -632.931
NOTE: Bootstrap correlation coefficient of split occurrence frequencies: 0.952
NOTE: UFBoot does not converge, continue at least 100 more iterations
Optimizing NNI: done in 0.000646114 secs using 99.36% CPU
Optimizing NNI: done in 0.000616074 secs using 99.99% CPU
Optimizing NNI: done in 0.000610113 secs using 99.98% CPU
Optimizing NNI: done in 0.000605822 secs using 99.86% CPU
Optimizing NNI: done in 0.00130916 secs using 99.99% CPU
Optimizing NNI: done in 0.00132012 secs using 99.99% CPU
Optimizing NNI: done in 0.001333 secs using 100% CPU
Optimizing NNI: done in 0.000618935 secs using 100% CPU
Optimizing NNI: done in 0.000614166 secs using 99.97% CPU
Optimizing NNI: done in 0.000610113 secs using 99.98% CPU
Iteration 310 / LogL: -632.238 / Time: 0h:0m:1s (0h:0m:0s left)
Optimizing NNI: done in 0.000609875 secs using 99.86% CPU
Optimizing NNI: done in 0.000605106 secs using 99.98% CPU
Optimizing NNI: done in 0.00131989 secs using 99.93% CPU
Optimizing NNI: done in 0.00060606 secs using 99.83% CPU
Optimizing NNI: done in 0.00132799 secs using 100% CPU
Optimizing NNI: done in 0.00062108 secs using 99.5% CPU
Optimizing NNI: done in 0.000619173 secs using 99.97% CPU
Optimizing NNI: done in 0.001266 secs using 99.76% CPU
Optimizing NNI: done in 0.000608921 secs using 100% CPU
Optimizing NNI: done in 0.000607014 secs using 100% CPU
Iteration 320 / LogL: -632.238 / Time: 0h:0m:1s (0h:0m:0s left)
Optimizing NNI: done in 0.00131202 secs using 99.92% CPU
Optimizing NNI: done in 0.000604868 secs using 99.86% CPU
Optimizing NNI: done in 0.000608206 secs using 99.97% CPU
Optimizing NNI: done in 0.00132895 secs using 100% CPU
Optimizing NNI: done in 0.000619888 secs using 99.86% CPU
Optimizing NNI: done in 0.000618935 secs using 99.85% CPU
Optimizing NNI: done in 0.000610828 secs using 100% CPU
Optimizing NNI: done in 0.00131893 secs using 100% CPU
Optimizing NNI: done in 0.000607014 secs using 100% CPU
Optimizing NNI: done in 0.000609875 secs using 100% CPU
Iteration 330 / LogL: -632.238 / Time: 0h:0m:1s (0h:0m:0s left)
Optimizing NNI: done in 0.000618935 secs using 99.53% CPU
Optimizing NNI: done in 0.000609875 secs using 100% CPU
Optimizing NNI: done in 0.001333 secs using 99.93% CPU
Optimizing NNI: done in 0.000608921 secs using 100% CPU
Optimizing NNI: done in 0.000607967 secs using 100% CPU
Optimizing NNI: done in 0.00124598 secs using 99.92% CPU
Optimizing NNI: done in 0.000607967 secs using 100.2% CPU
Optimizing NNI: done in 0.000605106 secs using 99.98% CPU
Optimizing NNI: done in 0.0006001 secs using 99.98% CPU
Optimizing NNI: done in 0.00124407 secs using 99.99% CPU
Iteration 340 / LogL: -632.238 / Time: 0h:0m:1s (0h:0m:0s left)
Optimizing NNI: done in 0.00131297 secs using 100% CPU
Optimizing NNI: done in 0.000612974 secs using 100% CPU
Optimizing NNI: done in 0.000609875 secs using 100.2% CPU
Optimizing NNI: done in 0.000618935 secs using 99.53% CPU
Optimizing NNI: done in 0.000616074 secs using 100.2% CPU
Optimizing NNI: done in 0.00126481 secs using 99.7% CPU
Optimizing NNI: done in 0.00124907 secs using 99.99% CPU
Optimizing NNI: done in 0.000602961 secs using 100% CPU
Optimizing NNI: done in 0.000605822 secs using 100.2% CPU
Optimizing NNI: done in 0.000612974 secs using 100.2% CPU
Iteration 350 / LogL: -632.238 / Time: 0h:0m:1s (0h:0m:0s left)
Log-likelihood cutoff on original alignment: -632.931
Optimizing NNI: done in 0.000620127 secs using 99.98% CPU
Optimizing NNI: done in 0.000607967 secs using 100% CPU
Optimizing NNI: done in 0.00062108 secs using 99.34% CPU
Optimizing NNI: done in 0.000613928 secs using 100% CPU
Optimizing NNI: done in 0.000611067 secs using 99.99% CPU
Optimizing NNI: done in 0.000610113 secs using 99.98% CPU
Optimizing NNI: done in 0.000613928 secs using 99.85% CPU
Optimizing NNI: done in 0.000605106 secs using 99.98% CPU
Optimizing NNI: done in 0.000605822 secs using 100.2% CPU
Optimizing NNI: done in 0.00131798 secs using 100% CPU
Iteration 360 / LogL: -632.239 / Time: 0h:0m:1s (0h:0m:0s left)
Optimizing NNI: done in 0.000607014 secs using 100% CPU
Optimizing NNI: done in 0.000605822 secs using 100.2% CPU
Optimizing NNI: done in 0.000604868 secs using 100% CPU
Optimizing NNI: done in 0.000607967 secs using 100% CPU
Optimizing NNI: done in 0.000609875 secs using 100% CPU
Optimizing NNI: done in 0.000607014 secs using 99.83% CPU
Optimizing NNI: done in 0.00132799 secs using 100% CPU
Optimizing NNI: done in 0.000610113 secs using 99.82% CPU
Optimizing NNI: done in 0.00131297 secs using 100.1% CPU
Optimizing NNI: done in 0.000605822 secs using 100.2% CPU
Iteration 370 / LogL: -632.238 / Time: 0h:0m:1s (0h:0m:0s left)
Optimizing NNI: done in 0.000609875 secs using 100% CPU
Optimizing NNI: done in 0.000607014 secs using 100% CPU
Optimizing NNI: done in 0.00124502 secs using 100% CPU
Optimizing NNI: done in 0.000604868 secs using 100% CPU
Optimizing NNI: done in 0.000608921 secs using 100% CPU
Optimizing NNI: done in 0.00133204 secs using 100% CPU
Optimizing NNI: done in 0.000610113 secs using 99.98% CPU
Optimizing NNI: done in 0.000610113 secs using 99.98% CPU
Optimizing NNI: done in 0.000613928 secs using 100% CPU
Optimizing NNI: done in 0.000608921 secs using 100% CPU
Iteration 380 / LogL: -632.238 / Time: 0h:0m:1s (0h:0m:0s left)
Optimizing NNI: done in 0.00060606 secs using 99.99% CPU
Optimizing NNI: done in 0.000601053 secs using 99.99% CPU
Optimizing NNI: done in 0.000597 secs using 100% CPU
Optimizing NNI: done in 0.000597954 secs using 100% CPU
Optimizing NNI: done in 0.000602007 secs using 100% CPU
Optimizing NNI: done in 0.000605106 secs using 99.98% CPU
Optimizing NNI: done in 0.000609875 secs using 100% CPU
Optimizing NNI: done in 0.000614882 secs using 100% CPU
Optimizing NNI: done in 0.000613928 secs using 100% CPU
Optimizing NNI: done in 0.00134015 secs using 99.99% CPU
Iteration 390 / LogL: -632.239 / Time: 0h:0m:1s (0h:0m:0s left)
Optimizing NNI: done in 0.00061512 secs using 99.98% CPU
Optimizing NNI: done in 0.000614882 secs using 100.2% CPU
Optimizing NNI: done in 0.00131202 secs using 100% CPU
Optimizing NNI: done in 0.00123501 secs using 100.1% CPU
Optimizing NNI: done in 0.000604868 secs using 100% CPU
Optimizing NNI: done in 0.000604868 secs using 100.2% CPU
Optimizing NNI: done in 0.000600815 secs using 100% CPU
Optimizing NNI: done in 0.00131011 secs using 99.99% CPU
Optimizing NNI: done in 0.000604868 secs using 100.2% CPU
Optimizing NNI: done in 0.00060606 secs using 99.99% CPU
Iteration 400 / LogL: -632.238 / Time: 0h:0m:1s (0h:0m:0s left)
Log-likelihood cutoff on original alignment: -632.931
NOTE: Bootstrap correlation coefficient of split occurrence frequencies: 0.995
TREE SEARCH COMPLETED AFTER 400 ITERATIONS / Time: 0h:0m:1s

--------------------------------------------------------------------
|                    FINALIZING TREE SEARCH                        |
--------------------------------------------------------------------
Performs final model parameters optimization
Estimate model parameters (epsilon = 0.010)
1. Initial log-likelihood: -632.238
Optimal log-likelihood: -632.238
Parameters optimization took 1 rounds (0.000 sec)
BEST SCORE FOUND : -632.238

Testing tree branches by SH-like aLRT with 1000 replicates...
0.010 sec.
Creating bootstrap support values...
Split supports printed to NEXUS file ../results/molecular_evolution_analyses/phylogenetic_trees/F111255_MLIG_G1/F111255_MLIG_G1.splits.nex
Total tree length: 0.565

Total number of iterations: 400
CPU time used for tree search: 1.686 sec (0h:0m:1s)
Wall-clock time used for tree search: 1.492 sec (0h:0m:1s)
Total CPU time used: 1.719 sec (0h:0m:1s)
Total wall-clock time used: 1.524 sec (0h:0m:1s)

Computing bootstrap consensus tree...
Reading input file ../results/molecular_evolution_analyses/phylogenetic_trees/F111255_MLIG_G1/F111255_MLIG_G1.splits.nex...
6 taxa and 13 splits.
Consensus tree written to ../results/molecular_evolution_analyses/phylogenetic_trees/F111255_MLIG_G1/F111255_MLIG_G1.contree
Reading input trees file ../results/molecular_evolution_analyses/phylogenetic_trees/F111255_MLIG_G1/F111255_MLIG_G1.contree
Log-likelihood of consensus tree: -632.240

Analysis results written to: 
  IQ-TREE report:                ../results/molecular_evolution_analyses/phylogenetic_trees/F111255_MLIG_G1/F111255_MLIG_G1.iqtree
  Maximum-likelihood tree:       ../results/molecular_evolution_analyses/phylogenetic_trees/F111255_MLIG_G1/F111255_MLIG_G1.treefile
  Likelihood distances:          ../results/molecular_evolution_analyses/phylogenetic_trees/F111255_MLIG_G1/F111255_MLIG_G1.mldist

Ultrafast bootstrap approximation results written to:
  Split support values:          ../results/molecular_evolution_analyses/phylogenetic_trees/F111255_MLIG_G1/F111255_MLIG_G1.splits.nex
  Consensus tree:                ../results/molecular_evolution_analyses/phylogenetic_trees/F111255_MLIG_G1/F111255_MLIG_G1.contree
  Screen log file:               ../results/molecular_evolution_analyses/phylogenetic_trees/F111255_MLIG_G1/F111255_MLIG_G1.log

Date and Time: Wed May  1 09:10:49 2024
