IQ-TREE multicore version 2.2.2.6 COVID-edition for Linux 64-bit built May 27 2023
Developed by Bui Quang Minh, James Barbetti, Nguyen Lam Tung,
Olga Chernomor, Heiko Schmidt, Dominik Schrempf, Michael Woodhams, Ly Trong Nhan.

Host:    lbc5 (AVX2, FMA3, 125 GB RAM)
Command: /home/mauricio/mauricio_PROGRAMAS/iqtree-2.2.2.6-Linux/bin/iqtree2 -s ../results/molecular_evolution_analyses/alignments_gblocks/F59335_MLIG_G1/F59335_MLIG_G1.aln.gblo -m TEST --threads-max 32 --alrt 1000 --ufboot 1000 --prefix ../results/molecular_evolution_analyses/phylogenetic_trees/F59335_MLIG_G1/F59335_MLIG_G1 -keep-ident -redo
Seed:    612637 (Using SPRNG - Scalable Parallel Random Number Generator)
Time:    Wed May  1 10:26:45 2024
Kernel:  AVX+FMA - 1 threads (32 CPU cores detected)

HINT: Use -nt option to specify number of threads because your CPU has 32 cores!
HINT: -nt AUTO will automatically determine the best number of threads to use.

Reading alignment file ../results/molecular_evolution_analyses/alignments_gblocks/F59335_MLIG_G1/F59335_MLIG_G1.aln.gblo ... Fasta format detected
Reading fasta file: done in 0.000127077 secs using 99.15% CPU
Alignment most likely contains protein sequences
Constructing alignment: done in 0.000497103 secs using 99.98% CPU
Alignment has 8 sequences with 505 columns, 166 distinct patterns
172 parsimony-informative, 2 singleton sites, 331 constant sites
            Gap/Ambiguity  Composition  p-value
Analyzing sequences: done in 1.12057e-05 secs using 89.24% CPU
   1  Mlig.21634    0.00%    passed     99.99%
   2  Mlig.26490    0.00%    passed     99.98%
   3  Mlig.7943     0.00%    passed    100.00%
   4  Mlig.17753    0.00%    passed    100.00%
   5  Mlig.40587    0.00%    passed    100.00%
   6  Mlig.17521    0.00%    passed    100.00%
   7  Mlig.17520    0.00%    passed    100.00%
   8  Mlig.17522    0.00%    passed    100.00%
****  TOTAL         0.00%  0 sequences failed composition chi2 test (p-value<5%; df=19)


Create initial parsimony tree by phylogenetic likelihood library (PLL)... 0.000 seconds
Perform fast likelihood tree search using LG+I+G model...
Estimate model parameters (epsilon = 5.000)
Perform nearest neighbor interchange...
Optimizing NNI: done in 0.00631595 secs using 99.91% CPU
Estimate model parameters (epsilon = 1.000)
1. Initial log-likelihood: -2529.658
Optimal log-likelihood: -2529.655
Proportion of invariable sites: 0.329
Gamma shape alpha: 4.887
Parameters optimization took 1 rounds (0.012 sec)
Time for fast ML tree search: 0.047 seconds

NOTE: ModelFinder requires 1 MB RAM!
ModelFinder will test up to 224 protein models (sample size: 505) ...
 No. Model         -LnL         df  AIC          AICc         BIC
  1  LG            2537.997     13  5101.994     5102.736     5156.914
  2  LG+I          2529.862     14  5087.724     5088.582     5146.868
  3  LG+G4         2529.454     14  5086.909     5087.766     5146.053
  4  LG+I+G4       2529.653     15  5089.305     5090.287     5152.674
  6  LG+F+I        2515.215     33  5096.429     5101.194     5235.840
  7  LG+F+G4       2514.826     33  5095.652     5100.416     5235.062
  8  LG+F+I+G4     2514.989     34  5097.979     5103.043     5241.614
 10  WAG+I         2546.822     14  5121.643     5122.500     5180.787
 11  WAG+G4        2546.543     14  5121.086     5121.943     5180.230
 12  WAG+I+G4      2546.829     15  5123.658     5124.640     5187.027
 14  WAG+F+I       2525.951     33  5117.902     5122.666     5257.312
 15  WAG+F+G4      2525.636     33  5117.272     5122.036     5256.682
 16  WAG+F+I+G4    2525.899     34  5119.797     5124.861     5263.432
 18  JTT+I         2524.683     14  5077.366     5078.223     5136.510
 19  JTT+G4        2524.438     14  5076.875     5077.732     5136.019
 20  JTT+I+G4      2524.638     15  5079.275     5080.257     5142.643
 22  JTT+F+I       2511.184     33  5088.369     5093.133     5227.779
 23  JTT+F+G4      2510.919     33  5087.839     5092.603     5227.249
 24  JTT+F+I+G4    2511.119     34  5090.239     5095.302     5233.874
WARNING: Normalizing state frequencies so that sum of them equals to 1
 26  Q.pfam+I      2537.136     14  5102.271     5103.128     5161.415
WARNING: Normalizing state frequencies so that sum of them equals to 1
 27  Q.pfam+G4     2537.017     14  5102.034     5102.891     5161.177
WARNING: Normalizing state frequencies so that sum of them equals to 1
 28  Q.pfam+I+G4   2537.056     15  5104.112     5105.094     5167.481
WARNING: Normalizing state frequencies so that sum of them equals to 1
 30  Q.pfam+F+I    2519.737     33  5105.474     5110.238     5244.884
WARNING: Normalizing state frequencies so that sum of them equals to 1
 31  Q.pfam+F+G4   2519.601     33  5105.202     5109.966     5244.612
WARNING: Normalizing state frequencies so that sum of them equals to 1
 32  Q.pfam+F+I+G4 2519.634     34  5107.268     5112.332     5250.903
WARNING: Normalizing state frequencies so that sum of them equals to 1
 34  Q.bird+I      2543.147     14  5114.294     5115.151     5173.438
WARNING: Normalizing state frequencies so that sum of them equals to 1
 35  Q.bird+G4     2542.443     14  5112.887     5113.744     5172.031
WARNING: Normalizing state frequencies so that sum of them equals to 1
 36  Q.bird+I+G4   2542.530     15  5115.060     5116.041     5178.428
WARNING: Normalizing state frequencies so that sum of them equals to 1
 38  Q.bird+F+I    2534.697     33  5135.395     5140.159     5274.805
WARNING: Normalizing state frequencies so that sum of them equals to 1
 39  Q.bird+F+G4   2533.675     33  5133.351     5138.115     5272.761
WARNING: Normalizing state frequencies so that sum of them equals to 1
 40  Q.bird+F+I+G4 2533.846     34  5135.693     5140.756     5279.328
WARNING: Normalizing state frequencies so that sum of them equals to 1
 42  Q.mammal+I    2540.853     14  5109.707     5110.564     5168.851
WARNING: Normalizing state frequencies so that sum of them equals to 1
 43  Q.mammal+G4   2540.470     14  5108.941     5109.798     5168.085
WARNING: Normalizing state frequencies so that sum of them equals to 1
 44  Q.mammal+I+G4 2540.534     15  5111.068     5112.049     5174.436
WARNING: Normalizing state frequencies so that sum of them equals to 1
 46  Q.mammal+F+I  2529.778     33  5125.556     5130.320     5264.966
WARNING: Normalizing state frequencies so that sum of them equals to 1
 47  Q.mammal+F+G4 2529.170     33  5124.340     5129.105     5263.751
WARNING: Normalizing state frequencies so that sum of them equals to 1
 48  Q.mammal+F+I+G4 2529.304     34  5126.607     5131.671     5270.242
 50  Q.insect+I    2522.233     14  5072.465     5073.323     5131.609
 51  Q.insect+G4   2522.115     14  5072.229     5073.086     5131.373
 52  Q.insect+I+G4 2522.136     15  5074.272     5075.253     5137.640
 54  Q.insect+F+I  2504.373     33  5074.745     5079.509     5214.156
 55  Q.insect+F+G4 2504.207     33  5074.414     5079.178     5213.824
 56  Q.insect+F+I+G4 2504.260     34  5076.520     5081.584     5220.155
WARNING: Normalizing state frequencies so that sum of them equals to 1
 58  Q.plant+I     2527.554     14  5083.108     5083.965     5142.252
WARNING: Normalizing state frequencies so that sum of them equals to 1
 59  Q.plant+G4    2526.462     14  5080.924     5081.781     5140.068
WARNING: Normalizing state frequencies so that sum of them equals to 1
 60  Q.plant+I+G4  2526.732     15  5083.464     5084.446     5146.832
WARNING: Normalizing state frequencies so that sum of them equals to 1
 62  Q.plant+F+I   2511.178     33  5088.356     5093.120     5227.766
WARNING: Normalizing state frequencies so that sum of them equals to 1
 63  Q.plant+F+G4  2509.833     33  5085.666     5090.430     5225.076
WARNING: Normalizing state frequencies so that sum of them equals to 1
 64  Q.plant+F+I+G4 2510.201     34  5088.401     5093.465     5232.036
WARNING: Normalizing state frequencies so that sum of them equals to 1
 66  Q.yeast+I     2532.475     14  5092.949     5093.806     5152.093
WARNING: Normalizing state frequencies so that sum of them equals to 1
 67  Q.yeast+G4    2532.362     14  5092.724     5093.582     5151.868
WARNING: Normalizing state frequencies so that sum of them equals to 1
 68  Q.yeast+I+G4  2532.375     15  5094.750     5095.732     5158.119
WARNING: Normalizing state frequencies so that sum of them equals to 1
 70  Q.yeast+F+I   2506.067     33  5078.134     5082.899     5217.545
WARNING: Normalizing state frequencies so that sum of them equals to 1
 71  Q.yeast+F+G4  2505.945     33  5077.889     5082.654     5217.300
WARNING: Normalizing state frequencies so that sum of them equals to 1
 72  Q.yeast+F+I+G4 2505.969     34  5079.937     5085.001     5223.572
 74  JTTDCMut+I    2525.049     14  5078.097     5078.954     5137.241
 75  JTTDCMut+G4   2524.770     14  5077.540     5078.397     5136.683
 76  JTTDCMut+I+G4 2524.998     15  5079.996     5080.978     5143.365
 78  JTTDCMut+F+I  2511.381     33  5088.762     5093.527     5228.173
 79  JTTDCMut+F+G4 2511.081     33  5088.162     5092.927     5227.573
 80  JTTDCMut+F+I+G4 2511.305     34  5090.611     5095.674     5234.245
 82  DCMut+I       2550.126     14  5128.252     5129.109     5187.396
 83  DCMut+G4      2549.215     14  5126.430     5127.287     5185.574
 84  DCMut+I+G4    2549.773     15  5129.545     5130.527     5192.914
 86  DCMut+F+I     2519.855     33  5105.709     5110.474     5245.120
 87  DCMut+F+G4    2518.990     33  5103.981     5108.745     5243.391
 88  DCMut+F+I+G4  2519.403     34  5106.806     5111.870     5250.441
 90  VT+I          2541.644     14  5111.287     5112.144     5170.431
 91  VT+G4         2541.819     14  5111.638     5112.495     5170.782
 92  VT+I+G4       2541.706     15  5113.413     5114.395     5176.781
 94  VT+F+I        2529.321     33  5124.643     5129.407     5264.053
 95  VT+F+G4       2529.506     33  5125.012     5129.776     5264.422
 96  VT+F+I+G4     2529.359     34  5126.718     5131.782     5270.353
 98  PMB+I         2566.268     14  5160.535     5161.393     5219.679
 99  PMB+G4        2566.529     14  5161.057     5161.914     5220.201
100  PMB+I+G4      2566.270     15  5162.540     5163.521     5225.908
102  PMB+F+I       2551.559     33  5169.118     5173.882     5308.528
103  PMB+F+G4      2551.768     33  5169.537     5174.301     5308.947
104  PMB+F+I+G4    2551.560     34  5171.119     5176.183     5314.754
106  Blosum62+I    2566.223     14  5160.446     5161.303     5219.590
107  Blosum62+G4   2566.402     14  5160.804     5161.661     5219.948
108  Blosum62+I+G4 2566.224     15  5162.447     5163.429     5225.816
110  Blosum62+F+I  2550.325     33  5166.650     5171.415     5306.061
111  Blosum62+F+G4 2550.470     33  5166.940     5171.704     5306.350
112  Blosum62+F+I+G4 2550.328     34  5168.656     5173.720     5312.291
114  Dayhoff+I     2550.076     14  5128.153     5129.010     5187.297
115  Dayhoff+G4    2549.145     14  5126.291     5127.148     5185.435
116  Dayhoff+I+G4  2549.707     15  5129.415     5130.397     5192.783
118  Dayhoff+F+I   2519.815     33  5105.630     5110.395     5245.041
119  Dayhoff+F+G4  2518.934     33  5103.868     5108.633     5243.279
120  Dayhoff+F+I+G4 2519.349     34  5106.699     5111.763     5250.334
122  mtREV+I       2682.070     14  5392.140     5392.997     5451.284
123  mtREV+G4      2680.172     14  5388.345     5389.202     5447.489
124  mtREV+I+G4    2680.283     15  5390.566     5391.548     5453.934
126  mtREV+F+I     2563.221     33  5192.441     5197.205     5331.851
127  mtREV+F+G4    2560.756     33  5187.513     5192.277     5326.923
128  mtREV+F+I+G4  2561.194     34  5190.388     5195.452     5334.023
130  mtART+I       2689.497     14  5406.995     5407.852     5466.139
131  mtART+G4      2681.854     14  5391.708     5392.565     5450.852
132  mtART+I+G4    2681.736     15  5393.471     5394.453     5456.839
134  mtART+F+I     2569.643     33  5205.286     5210.051     5344.697
135  mtART+F+G4    2562.643     33  5191.285     5196.050     5330.696
136  mtART+F+I+G4  2562.588     34  5193.176     5198.240     5336.811
138  mtZOA+I       2653.989     14  5335.979     5336.836     5395.122
139  mtZOA+G4      2650.524     14  5329.047     5329.905     5388.191
140  mtZOA+I+G4    2650.654     15  5331.309     5332.290     5394.677
142  mtZOA+F+I     2543.521     33  5153.041     5157.805     5292.452
143  mtZOA+F+G4    2540.408     33  5146.816     5151.581     5286.227
144  mtZOA+F+I+G4  2540.687     34  5149.374     5154.438     5293.009
146  mtMet+I       2675.910     14  5379.819     5380.676     5438.963
147  mtMet+G4      2674.088     14  5376.176     5377.034     5435.320
148  mtMet+I+G4    2674.154     15  5378.308     5379.290     5441.677
150  mtMet+F+I     2546.651     33  5159.303     5164.067     5298.713
151  mtMet+F+G4    2545.009     33  5156.019     5160.783     5295.429
152  mtMet+F+I+G4  2545.288     34  5158.577     5163.640     5302.212
154  mtVer+I       2700.194     14  5428.388     5429.245     5487.532
155  mtVer+G4      2696.761     14  5421.522     5422.380     5480.666
156  mtVer+I+G4    2696.885     15  5423.771     5424.752     5487.139
158  mtVer+F+I     2568.451     33  5202.902     5207.666     5342.312
159  mtVer+F+G4    2565.365     33  5196.731     5201.495     5336.141
160  mtVer+F+I+G4  2565.649     34  5199.298     5204.362     5342.933
162  mtInv+I       2702.077     14  5432.153     5433.010     5491.297
163  mtInv+G4      2700.644     14  5429.288     5430.146     5488.432
164  mtInv+I+G4    2700.756     15  5431.513     5432.494     5494.881
166  mtInv+F+I     2540.133     33  5146.266     5151.031     5285.677
167  mtInv+F+G4    2538.717     33  5143.434     5148.198     5282.844
168  mtInv+F+I+G4  2539.119     34  5146.237     5151.301     5289.872
170  mtMAM+I       2707.833     14  5443.666     5444.523     5502.810
171  mtMAM+G4      2699.960     14  5427.919     5428.776     5487.063
172  mtMAM+I+G4    2700.017     15  5430.034     5431.015     5493.402
174  mtMAM+F+I     2585.367     33  5236.734     5241.499     5376.145
175  mtMAM+F+G4    2579.826     33  5225.652     5230.416     5365.062
176  mtMAM+F+I+G4  2579.810     34  5227.620     5232.684     5371.255
WARNING: Normalizing state frequencies so that sum of them equals to 1
178  FLAVI+I       2602.849     14  5233.697     5234.554     5292.841
WARNING: Normalizing state frequencies so that sum of them equals to 1
179  FLAVI+G4      2600.187     14  5228.374     5229.231     5287.518
WARNING: Normalizing state frequencies so that sum of them equals to 1
180  FLAVI+I+G4    2600.298     15  5230.596     5231.578     5293.965
WARNING: Normalizing state frequencies so that sum of them equals to 1
182  FLAVI+F+I     2556.014     33  5178.029     5182.793     5317.439
WARNING: Normalizing state frequencies so that sum of them equals to 1
183  FLAVI+F+G4    2552.819     33  5171.639     5176.403     5311.049
WARNING: Normalizing state frequencies so that sum of them equals to 1
184  FLAVI+F+I+G4  2553.096     34  5174.191     5179.255     5317.826
186  HIVb+I        2556.395     14  5140.790     5141.647     5199.933
187  HIVb+G4       2553.678     14  5135.356     5136.213     5194.500
188  HIVb+I+G4     2554.148     15  5138.296     5139.277     5201.664
190  HIVb+F+I      2537.691     33  5141.382     5146.146     5280.793
191  HIVb+F+G4     2535.126     33  5136.253     5141.017     5275.663
192  HIVb+F+I+G4   2535.511     34  5139.022     5144.085     5282.657
194  HIVw+I        2643.315     14  5314.631     5315.488     5373.774
195  HIVw+G4       2639.079     14  5306.158     5307.015     5365.302
196  HIVw+I+G4     2639.494     15  5308.987     5309.969     5372.355
198  HIVw+F+I      2582.479     33  5230.958     5235.723     5370.369
199  HIVw+F+G4     2579.223     33  5224.447     5229.211     5363.857
200  HIVw+F+I+G4   2579.529     34  5227.059     5232.122     5370.694
202  FLU+I         2570.541     14  5169.082     5169.939     5228.226
203  FLU+G4        2569.155     14  5166.310     5167.168     5225.454
204  FLU+I+G4      2569.334     15  5168.668     5169.649     5232.036
206  FLU+F+I       2545.094     33  5156.188     5160.952     5295.598
207  FLU+F+G4      2543.740     33  5153.479     5158.244     5292.890
208  FLU+F+I+G4    2543.881     34  5155.762     5160.826     5299.397
210  rtREV+I       2551.716     14  5131.432     5132.289     5190.576
211  rtREV+G4      2551.336     14  5130.671     5131.529     5189.815
212  rtREV+I+G4    2551.525     15  5133.050     5134.032     5196.419
214  rtREV+F+I     2525.836     33  5117.671     5122.436     5257.082
215  rtREV+F+G4    2525.593     33  5117.187     5121.951     5256.597
216  rtREV+F+I+G4  2525.671     34  5119.341     5124.405     5262.976
218  cpREV+I       2556.811     14  5141.621     5142.479     5200.765
219  cpREV+G4      2555.685     14  5139.371     5140.228     5198.514
220  cpREV+I+G4    2556.398     15  5142.795     5143.777     5206.163
222  cpREV+F+I     2532.327     33  5130.653     5135.417     5270.063
223  cpREV+F+G4    2531.052     33  5128.104     5132.868     5267.515
224  cpREV+F+I+G4  2531.825     34  5131.651     5136.715     5275.286
Akaike Information Criterion:           Q.insect+G4
Corrected Akaike Information Criterion: Q.insect+G4
Bayesian Information Criterion:         Q.insect+G4
Best-fit model: Q.insect+G4 chosen according to BIC

All model information printed to ../results/molecular_evolution_analyses/phylogenetic_trees/F59335_MLIG_G1/F59335_MLIG_G1.model.gz
CPU time for ModelFinder: 3.098 seconds (0h:0m:3s)
Wall-clock time for ModelFinder: 3.103 seconds (0h:0m:3s)
Generating 1000 samples for ultrafast bootstrap (seed: 612637)...

NOTE: 1 MB RAM (0 GB) is required!
Estimate model parameters (epsilon = 0.100)
1. Initial log-likelihood: -2522.115
Optimal log-likelihood: -2522.114
Gamma shape alpha: 0.792
Parameters optimization took 1 rounds (0.006 sec)
Wrote distance file to... 
Computing ML distances based on estimated model parameters...
Calculating distance matrix: done in 0.0047791 secs using 99.83% CPU
Computing ML distances took 0.004808 sec (of wall-clock time) 0.004800 sec (of CPU time)
Setting up auxiliary I and S matrices: done in 3.19481e-05 secs using 100.2% CPU
Constructing RapidNJ tree: done in 2.12193e-05 secs using 94.25% CPU
Computing RapidNJ tree took 0.000097 sec (of wall-clock time) 0.000096 sec (of CPU time)
Log-likelihood of RapidNJ tree: -2522.115
--------------------------------------------------------------------
|             INITIALIZING CANDIDATE TREE SET                      |
--------------------------------------------------------------------
Generating 98 parsimony trees... 0.028 second
Computing log-likelihood of 63 initial trees ... 0.109 seconds
Current best score: -2522.114

Do NNI search on 20 best initial trees
Optimizing NNI: done in 0.00674796 secs using 199.3% CPU
Estimate model parameters (epsilon = 0.100)
BETTER TREE FOUND at iteration 1: -2522.114
Optimizing NNI: done in 0.006675 secs using 200% CPU
Optimizing NNI: done in 0.00664091 secs using 200% CPU
Optimizing NNI: done in 0.014796 secs using 200% CPU
Optimizing NNI: done in 0.014879 secs using 177.6% CPU
Optimizing NNI: done in 0.0150292 secs using 99.94% CPU
Optimizing NNI: done in 0.015027 secs using 99.97% CPU
Optimizing NNI: done in 0.014801 secs using 99.99% CPU
Optimizing NNI: done in 0.014931 secs using 99.98% CPU
Optimizing NNI: done in 0.0227458 secs using 99.98% CPU
UPDATE BEST LOG-LIKELIHOOD: -2522.114
Iteration 10 / LogL: -2522.114 / Time: 0h:0m:0s
Optimizing NNI: done in 0.022881 secs using 99.98% CPU
Optimizing NNI: done in 0.0229352 secs using 99.98% CPU
Optimizing NNI: done in 0.0228181 secs using 99.97% CPU
Optimizing NNI: done in 0.022795 secs using 99.96% CPU
Optimizing NNI: done in 0.0227158 secs using 99.99% CPU
Optimizing NNI: done in 0.0228989 secs using 99.99% CPU
Optimizing NNI: done in 0.0227799 secs using 99.97% CPU
Optimizing NNI: done in 0.0226901 secs using 99.98% CPU
Optimizing NNI: done in 0.0232821 secs using 99.98% CPU
Optimizing NNI: done in 0.023391 secs using 99.98% CPU
Iteration 20 / LogL: -2522.115 / Time: 0h:0m:0s
Finish initializing candidate tree set (3)
Current best tree score: -2522.114 / CPU time: 0.518
Number of iterations: 20
--------------------------------------------------------------------
|               OPTIMIZING CANDIDATE TREE SET                      |
--------------------------------------------------------------------
Optimizing NNI: done in 0.040118 secs using 99.97% CPU
Optimizing NNI: done in 0.037648 secs using 99.98% CPU
UPDATE BEST LOG-LIKELIHOOD: -2522.114
Optimizing NNI: done in 0.0313959 secs using 99.97% CPU
Optimizing NNI: done in 0.0158761 secs using 99.96% CPU
UPDATE BEST LOG-LIKELIHOOD: -2522.114
Optimizing NNI: done in 0.0313349 secs using 99.97% CPU
Optimizing NNI: done in 0.0321341 secs using 99.97% CPU
Optimizing NNI: done in 0.0161972 secs using 99.98% CPU
UPDATE BEST LOG-LIKELIHOOD: -2522.114
Optimizing NNI: done in 0.0315402 secs using 99.97% CPU
Optimizing NNI: done in 0.015763 secs using 99.96% CPU
Optimizing NNI: done in 0.014492 secs using 99.97% CPU
Iteration 30 / LogL: -2522.115 / Time: 0h:0m:0s (0h:0m:2s left)
Optimizing NNI: done in 0.023056 secs using 99.97% CPU
Optimizing NNI: done in 0.0302632 secs using 99.97% CPU
Optimizing NNI: done in 0.0247259 secs using 99.98% CPU
Optimizing NNI: done in 0.00791693 secs using 100% CPU
Optimizing NNI: done in 0.0143719 secs using 99.96% CPU
Optimizing NNI: done in 0.0144351 secs using 99.97% CPU
Optimizing NNI: done in 0.0159578 secs using 99.98% CPU
Optimizing NNI: done in 0.014529 secs using 99.99% CPU
Optimizing NNI: done in 0.0307069 secs using 99.97% CPU
Optimizing NNI: done in 0.0232258 secs using 99.98% CPU
Iteration 40 / LogL: -2522.399 / Time: 0h:0m:1s (0h:0m:1s left)
Optimizing NNI: done in 0.037554 secs using 99.98% CPU
Optimizing NNI: done in 0.0214722 secs using 99.97% CPU
Optimizing NNI: done in 0.014576 secs using 99.98% CPU
Optimizing NNI: done in 0.0147729 secs using 99.97% CPU
Optimizing NNI: done in 0.0213499 secs using 99.98% CPU
Optimizing NNI: done in 0.00774813 secs using 99.96% CPU
Optimizing NNI: done in 0.014493 secs using 99.98% CPU
Optimizing NNI: done in 0.0212419 secs using 99.98% CPU
Optimizing NNI: done in 0.0234301 secs using 99.97% CPU
Optimizing NNI: done in 0.0079391 secs using 99.96% CPU
Iteration 50 / LogL: -2522.114 / Time: 0h:0m:1s (0h:0m:1s left)
Log-likelihood cutoff on original alignment: -2532.605
Optimizing NNI: done in 0.00819516 secs using 99.91% CPU
Optimizing NNI: done in 0.0143759 secs using 99.96% CPU
Optimizing NNI: done in 0.0161979 secs using 99.97% CPU
Optimizing NNI: done in 0.014735 secs using 99.99% CPU
Optimizing NNI: done in 0.023489 secs using 99.99% CPU
Optimizing NNI: done in 0.00776792 secs using 100% CPU
UPDATE BEST LOG-LIKELIHOOD: -2522.114
Optimizing NNI: done in 0.023478 secs using 99.97% CPU
Optimizing NNI: done in 0.00798082 secs using 99.96% CPU
Optimizing NNI: done in 0.023315 secs using 99.98% CPU
Optimizing NNI: done in 0.0306101 secs using 99.97% CPU
Iteration 60 / LogL: -2522.400 / Time: 0h:0m:1s (0h:0m:1s left)
Optimizing NNI: done in 0.021209 secs using 99.97% CPU
Optimizing NNI: done in 0.0231919 secs using 99.98% CPU
Optimizing NNI: done in 0.0216529 secs using 99.98% CPU
Optimizing NNI: done in 0.044172 secs using 99.98% CPU
Optimizing NNI: done in 0.0230041 secs using 99.97% CPU
Optimizing NNI: done in 0.00653982 secs using 100% CPU
Optimizing NNI: done in 0.0146041 secs using 99.98% CPU
Optimizing NNI: done in 0.0144379 secs using 99.97% CPU
Optimizing NNI: done in 0.00641799 secs using 99.97% CPU
Optimizing NNI: done in 0.0374849 secs using 99.98% CPU
Iteration 70 / LogL: -2522.114 / Time: 0h:0m:1s (0h:0m:0s left)
Optimizing NNI: done in 0.014647 secs using 99.98% CPU
Optimizing NNI: done in 0.014302 secs using 99.98% CPU
Optimizing NNI: done in 0.015867 secs using 99.96% CPU
Optimizing NNI: done in 0.021481 secs using 99.97% CPU
Optimizing NNI: done in 0.0450289 secs using 99.98% CPU
Optimizing NNI: done in 0.045114 secs using 99.98% CPU
Optimizing NNI: done in 0.0213311 secs using 99.98% CPU
Optimizing NNI: done in 0.0304492 secs using 99.98% CPU
Optimizing NNI: done in 0.016315 secs using 99.99% CPU
Optimizing NNI: done in 0.00640798 secs using 99.95% CPU
Iteration 80 / LogL: -2522.114 / Time: 0h:0m:2s (0h:0m:0s left)
Optimizing NNI: done in 0.023329 secs using 99.97% CPU
Optimizing NNI: done in 0.0452511 secs using 99.98% CPU
Optimizing NNI: done in 0.0160069 secs using 99.96% CPU
Optimizing NNI: done in 0.0454271 secs using 99.98% CPU
Optimizing NNI: done in 0.0232689 secs using 99.98% CPU
Optimizing NNI: done in 0.0163381 secs using 99.97% CPU
Optimizing NNI: done in 0.0159109 secs using 99.97% CPU
Optimizing NNI: done in 0.0319409 secs using 99.97% CPU
Optimizing NNI: done in 0.014447 secs using 99.98% CPU
UPDATE BEST LOG-LIKELIHOOD: -2522.114
Optimizing NNI: done in 0.0212629 secs using 99.93% CPU
Iteration 90 / LogL: -2522.114 / Time: 0h:0m:2s (0h:0m:0s left)
Optimizing NNI: done in 0.0364771 secs using 99.98% CPU
Optimizing NNI: done in 0.021399 secs using 99.98% CPU
Optimizing NNI: done in 0.0144541 secs using 99.98% CPU
Optimizing NNI: done in 0.021276 secs using 99.98% CPU
Optimizing NNI: done in 0.0227771 secs using 99.97% CPU
Optimizing NNI: done in 0.022712 secs using 99.96% CPU
Optimizing NNI: done in 0.00634885 secs using 99.97% CPU
Optimizing NNI: done in 0.0158749 secs using 99.97% CPU
Optimizing NNI: done in 0.03071 secs using 99.98% CPU
Optimizing NNI: done in 0.00643015 secs using 100% CPU
Iteration 100 / LogL: -2522.114 / Time: 0h:0m:2s (0h:0m:0s left)
Log-likelihood cutoff on original alignment: -2532.543
NOTE: Bootstrap correlation coefficient of split occurrence frequencies: 0.994
Optimizing NNI: done in 0.0214169 secs using 99.96% CPU
Optimizing NNI: done in 0.00645304 secs using 99.97% CPU
TREE SEARCH COMPLETED AFTER 102 ITERATIONS / Time: 0h:0m:2s

--------------------------------------------------------------------
|                    FINALIZING TREE SEARCH                        |
--------------------------------------------------------------------
Performs final model parameters optimization
Estimate model parameters (epsilon = 0.010)
1. Initial log-likelihood: -2522.114
Optimal log-likelihood: -2522.114
Gamma shape alpha: 0.792
Parameters optimization took 1 rounds (0.005 sec)
BEST SCORE FOUND : -2522.114

Testing tree branches by SH-like aLRT with 1000 replicates...
0.060 sec.
Creating bootstrap support values...
Split supports printed to NEXUS file ../results/molecular_evolution_analyses/phylogenetic_trees/F59335_MLIG_G1/F59335_MLIG_G1.splits.nex
Total tree length: 0.579

Total number of iterations: 102
CPU time used for tree search: 2.717 sec (0h:0m:2s)
Wall-clock time used for tree search: 2.546 sec (0h:0m:2s)
Total CPU time used: 2.832 sec (0h:0m:2s)
Total wall-clock time used: 2.656 sec (0h:0m:2s)

Computing bootstrap consensus tree...
Reading input file ../results/molecular_evolution_analyses/phylogenetic_trees/F59335_MLIG_G1/F59335_MLIG_G1.splits.nex...
8 taxa and 17 splits.
Consensus tree written to ../results/molecular_evolution_analyses/phylogenetic_trees/F59335_MLIG_G1/F59335_MLIG_G1.contree
Reading input trees file ../results/molecular_evolution_analyses/phylogenetic_trees/F59335_MLIG_G1/F59335_MLIG_G1.contree
Log-likelihood of consensus tree: -2522.121

Analysis results written to: 
  IQ-TREE report:                ../results/molecular_evolution_analyses/phylogenetic_trees/F59335_MLIG_G1/F59335_MLIG_G1.iqtree
  Maximum-likelihood tree:       ../results/molecular_evolution_analyses/phylogenetic_trees/F59335_MLIG_G1/F59335_MLIG_G1.treefile
  Likelihood distances:          ../results/molecular_evolution_analyses/phylogenetic_trees/F59335_MLIG_G1/F59335_MLIG_G1.mldist

Ultrafast bootstrap approximation results written to:
  Split support values:          ../results/molecular_evolution_analyses/phylogenetic_trees/F59335_MLIG_G1/F59335_MLIG_G1.splits.nex
  Consensus tree:                ../results/molecular_evolution_analyses/phylogenetic_trees/F59335_MLIG_G1/F59335_MLIG_G1.contree
  Screen log file:               ../results/molecular_evolution_analyses/phylogenetic_trees/F59335_MLIG_G1/F59335_MLIG_G1.log

Date and Time: Wed May  1 10:26:51 2024
