IQ-TREE multicore version 2.2.2.6 COVID-edition for Linux 64-bit built May 27 2023
Developed by Bui Quang Minh, James Barbetti, Nguyen Lam Tung,
Olga Chernomor, Heiko Schmidt, Dominik Schrempf, Michael Woodhams, Ly Trong Nhan.

Host:    lbc5 (AVX2, FMA3, 125 GB RAM)
Command: /home/mauricio/mauricio_PROGRAMAS/iqtree-2.2.2.6-Linux/bin/iqtree2 -s ../results/molecular_evolution_analyses/alignments_gblocks/F127409_MLIG_G1/F127409_MLIG_G1.aln.gblo -m TEST --threads-max 32 --alrt 1000 --ufboot 1000 --prefix ../results/molecular_evolution_analyses/phylogenetic_trees/F127409_MLIG_G1/F127409_MLIG_G1
Seed:    569067 (Using SPRNG - Scalable Parallel Random Number Generator)
Time:    Thu Mar 28 11:15:24 2024
Kernel:  AVX+FMA - 1 threads (32 CPU cores detected)

HINT: Use -nt option to specify number of threads because your CPU has 32 cores!
HINT: -nt AUTO will automatically determine the best number of threads to use.

Reading alignment file ../results/molecular_evolution_analyses/alignments_gblocks/F127409_MLIG_G1/F127409_MLIG_G1.aln.gblo ... Fasta format detected
Reading fasta file: done in 7.29561e-05 secs using 97.32% CPU
Alignment most likely contains protein sequences
Constructing alignment: done in 0.000271797 secs using 100.1% CPU
Alignment has 6 sequences with 315 columns, 39 distinct patterns
23 parsimony-informative, 0 singleton sites, 292 constant sites
           Gap/Ambiguity  Composition  p-value
Analyzing sequences: done in 8.10623e-06 secs using 86.35% CPU
   1  Mlig.514     0.00%    passed    100.00%
   2  Mlig.512     0.00%    passed    100.00%
   3  Mlig.513     0.00%    passed    100.00%
   4  Mlig.5769    0.00%    passed    100.00%
   5  Mlig.5770    0.00%    passed    100.00%
   6  Mlig.5771    0.00%    passed    100.00%
****  TOTAL        0.00%  0 sequences failed composition chi2 test (p-value<5%; df=19)
NOTE: Mlig.512 is identical to Mlig.514 but kept for subsequent analysis
NOTE: Mlig.5770 is identical to Mlig.5769 but kept for subsequent analysis
Checking for duplicate sequences: done in 2.69413e-05 secs using 96.51% CPU
Identifying sites to remove: done in 0.000114918 secs using 100.1% CPU
NOTE: 1 identical sequences (see below) will be ignored for subsequent analysis
NOTE: Mlig.513 (identical to Mlig.514) is ignored but added at the end
Alignment was printed to ../results/molecular_evolution_analyses/phylogenetic_trees/F127409_MLIG_G1/F127409_MLIG_G1.uniqueseq.phy

For your convenience alignment with unique sequences printed to ../results/molecular_evolution_analyses/phylogenetic_trees/F127409_MLIG_G1/F127409_MLIG_G1.uniqueseq.phy


Create initial parsimony tree by phylogenetic likelihood library (PLL)... 0.000 seconds
Perform fast likelihood tree search using LG+I+G model...
Estimate model parameters (epsilon = 5.000)
Perform nearest neighbor interchange...
Optimizing NNI: done in 0.00175405 secs using 100.1% CPU
Estimate model parameters (epsilon = 1.000)
1. Initial log-likelihood: -1029.741
Optimal log-likelihood: -1029.726
Proportion of invariable sites: 0.465
Gamma shape alpha: 998.366
Parameters optimization took 1 rounds (0.004 sec)
Time for fast ML tree search: 0.012 seconds

NOTE: ModelFinder requires 0 MB RAM!
ModelFinder will test up to 224 protein models (sample size: 315) ...
 No. Model         -LnL         df  AIC          AICc         BIC
  1  LG            1029.724     7   2073.449     2073.814     2099.717
  2  LG+I          1029.723     8   2075.445     2075.916     2105.466
  3  LG+G4         1029.724     8   2075.448     2075.919     2105.469
  4  LG+I+G4       1029.726     9   2077.451     2078.041     2111.224
  5  LG+F          1017.806     26  2087.612     2092.487     2185.179
  6  LG+F+I        1017.804     27  2089.607     2094.875     2190.927
  7  LG+F+G4       1017.805     27  2089.611     2094.879     2190.930
  9  WAG           1031.105     7   2076.210     2076.575     2102.478
 10  WAG+I         1031.105     8   2078.210     2078.681     2108.231
 11  WAG+G4        1031.105     8   2078.211     2078.681     2108.231
 13  WAG+F         1015.925     26  2083.850     2088.725     2181.417
 14  WAG+F+I       1015.925     27  2085.850     2091.118     2187.169
 15  WAG+F+G4      1015.925     27  2085.850     2091.118     2187.170
 17  JTT           1031.060     7   2076.120     2076.485     2102.388
 18  JTT+I         1031.060     8   2078.120     2078.591     2108.141
 19  JTT+G4        1031.060     8   2078.120     2078.591     2108.141
 21  JTT+F         1015.800     26  2083.600     2088.475     2181.167
 22  JTT+F+I       1015.800     27  2085.600     2090.869     2186.920
 23  JTT+F+G4      1015.800     27  2085.600     2090.869     2186.920
WARNING: Normalizing state frequencies so that sum of them equals to 1
 25  Q.pfam        1029.900     7   2073.801     2074.166     2100.069
WARNING: Normalizing state frequencies so that sum of them equals to 1
 26  Q.pfam+I      1029.906     8   2075.811     2076.282     2105.832
WARNING: Normalizing state frequencies so that sum of them equals to 1
 27  Q.pfam+G4     1029.901     8   2075.801     2076.272     2105.822
WARNING: Normalizing state frequencies so that sum of them equals to 1
 29  Q.pfam+F      1017.850     26  2087.700     2092.575     2185.266
WARNING: Normalizing state frequencies so that sum of them equals to 1
 30  Q.pfam+F+I    1017.858     27  2089.716     2094.984     2191.035
WARNING: Normalizing state frequencies so that sum of them equals to 1
 31  Q.pfam+F+G4   1017.854     27  2089.708     2094.976     2191.028
WARNING: Normalizing state frequencies so that sum of them equals to 1
 33  Q.bird        1039.663     7   2093.325     2093.690     2119.593
WARNING: Normalizing state frequencies so that sum of them equals to 1
 34  Q.bird+I      1038.592     8   2093.184     2093.655     2123.205
WARNING: Normalizing state frequencies so that sum of them equals to 1
 35  Q.bird+G4     1038.617     8   2093.234     2093.704     2123.254
WARNING: Normalizing state frequencies so that sum of them equals to 1
 37  Q.bird+F      1020.065     26  2092.130     2097.005     2189.697
WARNING: Normalizing state frequencies so that sum of them equals to 1
 38  Q.bird+F+I    1018.767     27  2091.534     2096.802     2192.854
WARNING: Normalizing state frequencies so that sum of them equals to 1
 39  Q.bird+F+G4   1018.826     27  2091.652     2096.920     2192.972
WARNING: Normalizing state frequencies so that sum of them equals to 1
 41  Q.mammal      1038.597     7   2091.193     2091.558     2117.461
WARNING: Normalizing state frequencies so that sum of them equals to 1
 42  Q.mammal+I    1038.441     8   2092.881     2093.352     2122.902
WARNING: Normalizing state frequencies so that sum of them equals to 1
 43  Q.mammal+G4   1038.443     8   2092.886     2093.356     2122.906
WARNING: Normalizing state frequencies so that sum of them equals to 1
 45  Q.mammal+F    1018.018     26  2088.036     2092.911     2185.602
WARNING: Normalizing state frequencies so that sum of them equals to 1
 46  Q.mammal+F+I  1017.714     27  2089.429     2094.697     2190.748
WARNING: Normalizing state frequencies so that sum of them equals to 1
 47  Q.mammal+F+G4 1017.715     27  2089.429     2094.698     2190.749
 49  Q.insect      1034.538     7   2083.075     2083.440     2109.343
 50  Q.insect+I    1034.538     8   2085.075     2085.546     2115.096
 51  Q.insect+G4   1034.538     8   2085.075     2085.546     2115.096
 53  Q.insect+F    1015.348     26  2082.696     2087.571     2180.263
 54  Q.insect+F+I  1015.348     27  2084.696     2089.965     2186.016
 55  Q.insect+F+G4 1015.348     27  2084.696     2089.965     2186.016
WARNING: Normalizing state frequencies so that sum of them equals to 1
 57  Q.plant       1030.727     7   2075.454     2075.819     2101.722
WARNING: Normalizing state frequencies so that sum of them equals to 1
 58  Q.plant+I     1029.940     8   2075.881     2076.352     2105.902
WARNING: Normalizing state frequencies so that sum of them equals to 1
 59  Q.plant+G4    1029.940     8   2075.881     2076.352     2105.902
WARNING: Normalizing state frequencies so that sum of them equals to 1
 61  Q.plant+F     1017.423     26  2086.846     2091.721     2184.413
WARNING: Normalizing state frequencies so that sum of them equals to 1
 62  Q.plant+F+I   1016.621     27  2087.242     2092.511     2188.562
WARNING: Normalizing state frequencies so that sum of them equals to 1
 63  Q.plant+F+G4  1016.621     27  2087.242     2092.510     2188.561
WARNING: Normalizing state frequencies so that sum of them equals to 1
 65  Q.yeast       1035.535     7   2085.070     2085.434     2111.338
WARNING: Normalizing state frequencies so that sum of them equals to 1
 66  Q.yeast+I     1035.543     8   2087.085     2087.556     2117.106
WARNING: Normalizing state frequencies so that sum of them equals to 1
 67  Q.yeast+G4    1035.540     8   2087.080     2087.551     2117.101
WARNING: Normalizing state frequencies so that sum of them equals to 1
 69  Q.yeast+F     1016.704     26  2085.408     2090.283     2182.975
WARNING: Normalizing state frequencies so that sum of them equals to 1
 70  Q.yeast+F+I   1016.704     27  2087.408     2092.677     2188.728
WARNING: Normalizing state frequencies so that sum of them equals to 1
 71  Q.yeast+F+G4  1016.704     27  2087.408     2092.677     2188.728
 73  JTTDCMut      1031.149     7   2076.298     2076.663     2102.566
 74  JTTDCMut+I    1031.149     8   2078.298     2078.769     2108.319
 75  JTTDCMut+G4   1031.149     8   2078.298     2078.769     2108.319
 77  JTTDCMut+F    1015.726     26  2083.452     2088.327     2181.019
 78  JTTDCMut+F+I  1015.726     27  2085.452     2090.720     2186.772
 79  JTTDCMut+F+G4 1015.726     27  2085.452     2090.721     2186.772
 81  DCMut         1034.242     7   2082.484     2082.849     2108.752
 82  DCMut+I       1034.242     8   2084.484     2084.954     2114.504
 83  DCMut+G4      1034.242     8   2084.484     2084.955     2114.505
 85  DCMut+F       1012.684     26  2077.368     2082.243     2174.935
 86  DCMut+F+I     1012.684     27  2079.368     2084.637     2180.688
 87  DCMut+F+G4    1012.684     27  2079.369     2084.637     2180.688
 89  VT            1030.376     7   2074.752     2075.117     2101.020
 90  VT+I          1030.376     8   2076.752     2077.222     2106.772
 91  VT+G4         1030.376     8   2076.752     2077.223     2106.773
 93  VT+F          1017.491     26  2086.982     2091.857     2184.549
 94  VT+F+I        1017.491     27  2088.982     2094.250     2190.301
 95  VT+F+G4       1017.491     27  2088.982     2094.251     2190.302
 97  PMB           1043.638     7   2101.276     2101.641     2127.544
 98  PMB+I         1043.638     8   2103.276     2103.746     2133.296
 99  PMB+G4        1043.638     8   2103.276     2103.747     2133.297
101  PMB+F         1020.440     26  2092.880     2097.755     2190.447
102  PMB+F+I       1020.440     27  2094.880     2100.148     2196.200
103  PMB+F+G4      1020.440     27  2094.880     2100.149     2196.200
105  Blosum62      1039.638     7   2093.276     2093.641     2119.544
106  Blosum62+I    1039.638     8   2095.276     2095.747     2125.297
107  Blosum62+G4   1039.638     8   2095.276     2095.747     2125.297
109  Blosum62+F    1021.449     26  2094.898     2099.773     2192.465
110  Blosum62+F+I  1021.449     27  2096.898     2102.167     2198.218
111  Blosum62+F+G4 1021.449     27  2096.898     2102.167     2198.218
113  Dayhoff       1034.226     7   2082.452     2082.817     2108.720
114  Dayhoff+I     1034.226     8   2084.452     2084.922     2114.472
115  Dayhoff+G4    1034.226     8   2084.452     2084.923     2114.473
117  Dayhoff+F     1012.673     26  2077.346     2082.221     2174.913
118  Dayhoff+F+I   1012.673     27  2079.346     2084.615     2180.666
119  Dayhoff+F+G4  1012.673     27  2079.347     2084.615     2180.666
121  mtREV         1100.089     7   2214.178     2214.543     2240.446
122  mtREV+I       1096.640     8   2209.280     2209.750     2239.300
123  mtREV+G4      1097.505     8   2211.010     2211.481     2241.031
125  mtREV+F       1022.586     26  2097.171     2102.046     2194.738
126  mtREV+F+I     1020.353     27  2094.706     2099.975     2196.026
127  mtREV+F+G4    1020.667     27  2095.334     2100.603     2196.654
129  mtART         1117.033     7   2248.066     2248.431     2274.334
130  mtART+I       1106.077     8   2228.154     2228.624     2258.174
131  mtART+G4      1110.101     8   2236.202     2236.673     2266.223
133  mtART+F       1030.139     26  2112.277     2117.152     2209.844
134  mtART+F+I     1022.498     27  2098.997     2104.265     2200.316
135  mtART+F+G4    1024.727     27  2103.455     2108.723     2204.774
137  mtZOA         1102.734     7   2219.468     2219.833     2245.736
138  mtZOA+I       1096.450     8   2208.900     2209.370     2238.920
139  mtZOA+G4      1098.344     8   2212.687     2213.158     2242.708
141  mtZOA+F       1025.180     26  2102.359     2107.234     2199.926
142  mtZOA+F+I     1021.027     27  2096.055     2101.323     2197.374
143  mtZOA+F+G4    1021.880     27  2097.759     2103.027     2199.079
145  mtMet         1110.018     7   2234.036     2234.401     2260.304
146  mtMet+I       1106.466     8   2228.933     2229.403     2258.953
147  mtMet+G4      1107.334     8   2230.669     2231.139     2260.689
149  mtMet+F       1022.239     26  2096.477     2101.352     2194.044
150  mtMet+F+I     1020.255     27  2094.511     2099.779     2195.830
151  mtMet+F+G4    1020.483     27  2094.966     2100.234     2196.285
153  mtVer         1105.910     7   2225.819     2226.184     2252.087
154  mtVer+I       1101.333     8   2218.667     2219.137     2248.687
155  mtVer+G4      1102.450     8   2220.901     2221.371     2250.921
157  mtVer+F       1023.334     26  2098.668     2103.543     2196.235
158  mtVer+F+I     1020.753     27  2095.506     2100.774     2196.826
159  mtVer+F+G4    1021.075     27  2096.150     2101.418     2197.469
161  mtInv         1130.382     7   2274.764     2275.129     2301.032
162  mtInv+I       1127.309     8   2270.618     2271.089     2300.639
163  mtInv+G4      1128.101     8   2272.203     2272.673     2302.223
165  mtInv+F       1021.987     26  2095.975     2100.850     2193.541
166  mtInv+F+I     1020.381     27  2094.762     2100.031     2196.082
167  mtInv+F+G4    1020.558     27  2095.116     2100.384     2196.435
169  mtMAM         1111.801     7   2237.603     2237.968     2263.871
170  mtMAM+I       1101.525     8   2219.050     2219.521     2249.071
171  mtMAM+G4      1104.515     8   2225.029     2225.500     2255.050
173  mtMAM+F       1030.253     26  2112.506     2117.381     2210.073
174  mtMAM+F+I     1022.574     27  2099.149     2104.417     2200.468
175  mtMAM+F+G4    1024.243     27  2102.485     2107.753     2203.805
WARNING: Normalizing state frequencies so that sum of them equals to 1
177  FLAVI         1051.551     7   2117.103     2117.468     2143.371
WARNING: Normalizing state frequencies so that sum of them equals to 1
178  FLAVI+I       1046.793     8   2109.586     2110.057     2139.607
WARNING: Normalizing state frequencies so that sum of them equals to 1
179  FLAVI+G4      1047.761     8   2111.521     2111.992     2141.542
WARNING: Normalizing state frequencies so that sum of them equals to 1
181  FLAVI+F       1026.988     26  2105.976     2110.851     2203.543
WARNING: Normalizing state frequencies so that sum of them equals to 1
182  FLAVI+F+I     1022.135     27  2098.270     2103.538     2199.589
WARNING: Normalizing state frequencies so that sum of them equals to 1
183  FLAVI+F+G4    1023.100     27  2100.200     2105.468     2201.520
185  HIVb          1048.189     7   2110.379     2110.743     2136.647
186  HIVb+I        1045.929     8   2107.859     2108.330     2137.880
187  HIVb+G4       1046.002     8   2108.004     2108.475     2138.025
189  HIVb+F        1018.618     26  2089.235     2094.110     2186.802
190  HIVb+F+I      1016.485     27  2086.970     2092.238     2188.289
191  HIVb+F+G4     1016.526     27  2087.053     2092.321     2188.372
193  HIVw          1074.400     7   2162.801     2163.166     2189.069
194  HIVw+I        1071.651     8   2159.302     2159.772     2189.322
195  HIVw+G4       1072.208     8   2160.417     2160.887     2190.437
197  HIVw+F        1027.135     26  2106.269     2111.144     2203.836
198  HIVw+F+I      1024.970     27  2103.940     2109.208     2205.259
199  HIVw+F+G4     1025.431     27  2104.861     2110.130     2206.181
201  FLU           1052.266     7   2118.532     2118.897     2144.800
202  FLU+I         1051.795     8   2119.589     2120.060     2149.610
203  FLU+G4        1051.791     8   2119.583     2120.053     2149.603
205  FLU+F         1018.236     26  2088.471     2093.346     2186.038
206  FLU+F+I       1017.837     27  2089.675     2094.943     2190.994
207  FLU+F+G4      1017.831     27  2089.662     2094.931     2190.982
209  rtREV         1043.738     7   2101.477     2101.841     2127.745
210  rtREV+I       1043.687     8   2103.373     2103.844     2133.394
211  rtREV+G4      1043.694     8   2103.387     2103.858     2133.408
213  rtREV+F       1018.471     26  2088.942     2093.817     2186.509
214  rtREV+F+I     1018.424     27  2090.849     2096.117     2192.168
215  rtREV+F+G4    1018.432     27  2090.863     2096.132     2192.183
217  cpREV         1039.925     7   2093.850     2094.215     2120.118
218  cpREV+I       1039.922     8   2095.845     2096.315     2125.865
219  cpREV+G4      1039.925     8   2095.850     2096.321     2125.871
221  cpREV+F       1018.410     26  2088.820     2093.695     2186.386
222  cpREV+F+I     1018.401     27  2090.801     2096.070     2192.121
223  cpREV+F+G4    1018.405     27  2090.809     2096.078     2192.129
Akaike Information Criterion:           LG
Corrected Akaike Information Criterion: LG
Bayesian Information Criterion:         LG
Best-fit model: LG chosen according to BIC

All model information printed to ../results/molecular_evolution_analyses/phylogenetic_trees/F127409_MLIG_G1/F127409_MLIG_G1.model.gz
CPU time for ModelFinder: 0.791 seconds (0h:0m:0s)
Wall-clock time for ModelFinder: 0.796 seconds (0h:0m:0s)
Generating 1000 samples for ultrafast bootstrap (seed: 569067)...

NOTE: 0 MB RAM (0 GB) is required!
Estimate model parameters (epsilon = 0.100)
1. Initial log-likelihood: -1029.724
Optimal log-likelihood: -1029.724
Parameters optimization took 1 rounds (0.001 sec)
Wrote distance file to... 
Computing ML distances based on estimated model parameters...
Calculating distance matrix: done in 0.00323701 secs using 99.81% CPU
Computing ML distances took 0.003311 sec (of wall-clock time) 0.003304 sec (of CPU time)
Setting up auxiliary I and S matrices: done in 2.59876e-05 secs using 100% CPU
Constructing RapidNJ tree: done in 1.62125e-05 secs using 1388% CPU
Computing RapidNJ tree took 0.000105 sec (of wall-clock time) 0.000323 sec (of CPU time)
Log-likelihood of RapidNJ tree: -1029.725
--------------------------------------------------------------------
|             INITIALIZING CANDIDATE TREE SET                      |
--------------------------------------------------------------------
Generating 99 parsimony trees... 0.014 second
Computing log-likelihood of 4 initial trees ... 0.001 seconds
Current best score: -1029.724

Do NNI search on 5 best initial trees
Optimizing NNI: done in 0.000610113 secs using 198.2% CPU
Optimizing NNI: done in 0.00124812 secs using 199.7% CPU
Optimizing NNI: done in 0.00131798 secs using 199.2% CPU
Optimizing NNI: done in 0.00122499 secs using 200.1% CPU
Optimizing NNI: done in 0.00121689 secs using 199.9% CPU
Finish initializing candidate tree set (5)
Current best tree score: -1029.724 / CPU time: 0.027
Number of iterations: 5
--------------------------------------------------------------------
|               OPTIMIZING CANDIDATE TREE SET                      |
--------------------------------------------------------------------
Optimizing NNI: done in 0.00213504 secs using 197.6% CPU
Optimizing NNI: done in 0.00139284 secs using 200% CPU
Optimizing NNI: done in 0.00123096 secs using 199.4% CPU
Optimizing NNI: done in 0.00131512 secs using 199.6% CPU
Optimizing NNI: done in 0.000832081 secs using 199.1% CPU
Iteration 10 / LogL: -1029.725 / Time: 0h:0m:0s
Optimizing NNI: done in 0.000808954 secs using 200.6% CPU
Optimizing NNI: done in 0.00127101 secs using 199.8% CPU
Optimizing NNI: done in 0.00131297 secs using 199.2% CPU
Optimizing NNI: done in 0.000849962 secs using 200% CPU
Optimizing NNI: done in 0.00125599 secs using 199.3% CPU
Optimizing NNI: done in 0.00152802 secs using 199.1% CPU
Optimizing NNI: done in 0.00123286 secs using 199.9% CPU
Optimizing NNI: done in 0.00191903 secs using 199.5% CPU
Optimizing NNI: done in 0.00218797 secs using 199.9% CPU
Optimizing NNI: done in 0.00234294 secs using 200% CPU
Iteration 20 / LogL: -1029.727 / Time: 0h:0m:0s
Optimizing NNI: done in 0.00137687 secs using 199.9% CPU
Optimizing NNI: done in 0.000611067 secs using 200.6% CPU
Optimizing NNI: done in 0.00159192 secs using 191.5% CPU
Optimizing NNI: done in 0.00207114 secs using 199.8% CPU
Optimizing NNI: done in 0.00154614 secs using 199.2% CPU
Optimizing NNI: done in 0.00140309 secs using 198.9% CPU
Optimizing NNI: done in 0.00237393 secs using 199.3% CPU
Optimizing NNI: done in 0.00139999 secs using 200.3% CPU
Optimizing NNI: done in 0.000607967 secs using 199.7% CPU
Optimizing NNI: done in 0.00225806 secs using 199.9% CPU
Iteration 30 / LogL: -1029.727 / Time: 0h:0m:0s (0h:0m:0s left)
Optimizing NNI: done in 0.00212002 secs using 199.7% CPU
Optimizing NNI: done in 0.00220394 secs using 199.6% CPU
Optimizing NNI: done in 0.001966 secs using 199.7% CPU
Optimizing NNI: done in 0.00141788 secs using 199.6% CPU
Optimizing NNI: done in 0.00208092 secs using 99.91% CPU
Optimizing NNI: done in 0.000611067 secs using 99.66% CPU
Optimizing NNI: done in 0.00149703 secs using 99.8% CPU
Optimizing NNI: done in 0.00139093 secs using 100% CPU
Optimizing NNI: done in 0.00226688 secs using 99.87% CPU
Optimizing NNI: done in 0.00138497 secs using 99.86% CPU
Iteration 40 / LogL: -1029.724 / Time: 0h:0m:0s (0h:0m:0s left)
Optimizing NNI: done in 0.00233197 secs using 99.23% CPU
Optimizing NNI: done in 0.000620842 secs using 99.38% CPU
Optimizing NNI: done in 0.00212598 secs using 99.25% CPU
Optimizing NNI: done in 0.00140786 secs using 100% CPU
Optimizing NNI: done in 0.00206995 secs using 99.28% CPU
Optimizing NNI: done in 0.00151801 secs using 99.8% CPU
Optimizing NNI: done in 0.00137997 secs using 99.79% CPU
Optimizing NNI: done in 0.000601053 secs using 99.82% CPU
Optimizing NNI: done in 0.00240993 secs using 99.34% CPU
Optimizing NNI: done in 0.00226998 secs using 99.96% CPU
Iteration 50 / LogL: -1029.725 / Time: 0h:0m:0s (0h:0m:0s left)
Log-likelihood cutoff on original alignment: -1040.709
Optimizing NNI: done in 0.00146103 secs using 99.86% CPU
Optimizing NNI: done in 0.00140381 secs using 99.87% CPU
Optimizing NNI: done in 0.00208092 secs using 99.91% CPU
Optimizing NNI: done in 0.00234103 secs using 99.91% CPU
Optimizing NNI: done in 0.001436 secs using 100% CPU
Optimizing NNI: done in 0.000611067 secs using 99.66% CPU
Optimizing NNI: done in 0.00155091 secs using 98.91% CPU
Optimizing NNI: done in 0.00139403 secs using 99.93% CPU
Optimizing NNI: done in 0.0014472 secs using 99.09% CPU
Optimizing NNI: done in 0.00129008 secs using 99.99% CPU
Iteration 60 / LogL: -1029.725 / Time: 0h:0m:0s (0h:0m:0s left)
Optimizing NNI: done in 0.00212193 secs using 99.86% CPU
Optimizing NNI: done in 0.00149107 secs using 99.86% CPU
Optimizing NNI: done in 0.00151277 secs using 99.82% CPU
Optimizing NNI: done in 0.00138807 secs using 99.85% CPU
Optimizing NNI: done in 0.00218391 secs using 99.87% CPU
Optimizing NNI: done in 0.000575066 secs using 99.81% CPU
Optimizing NNI: done in 0.00146484 secs using 98.85% CPU
Optimizing NNI: done in 0.00122595 secs using 99.92% CPU
Optimizing NNI: done in 0.00135207 secs using 99.11% CPU
Optimizing NNI: done in 0.000612974 secs using 99.84% CPU
Iteration 70 / LogL: -1033.647 / Time: 0h:0m:0s (0h:0m:0s left)
Optimizing NNI: done in 0.00138402 secs using 100% CPU
Optimizing NNI: done in 0.00212216 secs using 99.99% CPU
Optimizing NNI: done in 0.000523806 secs using 99.66% CPU
Optimizing NNI: done in 0.00118494 secs using 99.84% CPU
Optimizing NNI: done in 0.00129604 secs using 99.84% CPU
Optimizing NNI: done in 0.00208497 secs using 99.95% CPU
Optimizing NNI: done in 0.000617027 secs using 99.67% CPU
Optimizing NNI: done in 0.00138903 secs using 100% CPU
Optimizing NNI: done in 0.0023129 secs using 99.92% CPU
Optimizing NNI: done in 0.00217605 secs using 99.86% CPU
Iteration 80 / LogL: -1029.726 / Time: 0h:0m:0s (0h:0m:0s left)
Optimizing NNI: done in 0.00215912 secs using 98.98% CPU
Optimizing NNI: done in 0.00211406 secs using 99.9% CPU
Optimizing NNI: done in 0.00149703 secs using 99.93% CPU
Optimizing NNI: done in 0.00154305 secs using 99.8% CPU
Optimizing NNI: done in 0.00149989 secs using 99.94% CPU
Optimizing NNI: done in 0.00237489 secs using 99.88% CPU
Optimizing NNI: done in 0.00216007 secs using 99.95% CPU
Optimizing NNI: done in 0.0013938 secs using 99.87% CPU
Optimizing NNI: done in 0.00142217 secs using 99.85% CPU
Optimizing NNI: done in 0.0020771 secs using 99.9% CPU
Iteration 90 / LogL: -1029.726 / Time: 0h:0m:0s (0h:0m:0s left)
Optimizing NNI: done in 0.00207305 secs using 100% CPU
Optimizing NNI: done in 0.00144815 secs using 99.78% CPU
Optimizing NNI: done in 0.00214291 secs using 99.96% CPU
Optimizing NNI: done in 0.00134397 secs using 99.85% CPU
Optimizing NNI: done in 0.00205612 secs using 99.99% CPU
Optimizing NNI: done in 0.00122881 secs using 100% CPU
Optimizing NNI: done in 0.00142097 secs using 99.93% CPU
Optimizing NNI: done in 0.00229001 secs using 100% CPU
Optimizing NNI: done in 0.00153589 secs using 99.88% CPU
Optimizing NNI: done in 0.00237608 secs using 99.91% CPU
Iteration 100 / LogL: -1029.727 / Time: 0h:0m:0s (0h:0m:0s left)
Log-likelihood cutoff on original alignment: -1040.709
NOTE: Bootstrap correlation coefficient of split occurrence frequencies: 0.999
Optimizing NNI: done in 0.000690937 secs using 97.84% CPU
TREE SEARCH COMPLETED AFTER 101 ITERATIONS / Time: 0h:0m:0s

--------------------------------------------------------------------
|                    FINALIZING TREE SEARCH                        |
--------------------------------------------------------------------
Performs final model parameters optimization
Estimate model parameters (epsilon = 0.010)
1. Initial log-likelihood: -1029.724
Optimal log-likelihood: -1029.724
Parameters optimization took 1 rounds (0.001 sec)
BEST SCORE FOUND : -1029.724

Testing tree branches by SH-like aLRT with 1000 replicates...
0.008 sec.
Creating bootstrap support values...
Split supports printed to NEXUS file ../results/molecular_evolution_analyses/phylogenetic_trees/F127409_MLIG_G1/F127409_MLIG_G1.splits.nex
Total tree length: 0.075

Total number of iterations: 101
CPU time used for tree search: 0.829 sec (0h:0m:0s)
Wall-clock time used for tree search: 0.639 sec (0h:0m:0s)
Total CPU time used: 0.873 sec (0h:0m:0s)
Total wall-clock time used: 0.682 sec (0h:0m:0s)

Computing bootstrap consensus tree...
Reading input file ../results/molecular_evolution_analyses/phylogenetic_trees/F127409_MLIG_G1/F127409_MLIG_G1.splits.nex...
5 taxa and 9 splits.
Consensus tree written to ../results/molecular_evolution_analyses/phylogenetic_trees/F127409_MLIG_G1/F127409_MLIG_G1.contree
Reading input trees file ../results/molecular_evolution_analyses/phylogenetic_trees/F127409_MLIG_G1/F127409_MLIG_G1.contree
Log-likelihood of consensus tree: -1029.727

Analysis results written to: 
  IQ-TREE report:                ../results/molecular_evolution_analyses/phylogenetic_trees/F127409_MLIG_G1/F127409_MLIG_G1.iqtree
  Maximum-likelihood tree:       ../results/molecular_evolution_analyses/phylogenetic_trees/F127409_MLIG_G1/F127409_MLIG_G1.treefile
  Likelihood distances:          ../results/molecular_evolution_analyses/phylogenetic_trees/F127409_MLIG_G1/F127409_MLIG_G1.mldist

Ultrafast bootstrap approximation results written to:
  Split support values:          ../results/molecular_evolution_analyses/phylogenetic_trees/F127409_MLIG_G1/F127409_MLIG_G1.splits.nex
  Consensus tree:                ../results/molecular_evolution_analyses/phylogenetic_trees/F127409_MLIG_G1/F127409_MLIG_G1.contree
  Screen log file:               ../results/molecular_evolution_analyses/phylogenetic_trees/F127409_MLIG_G1/F127409_MLIG_G1.log

Date and Time: Thu Mar 28 11:15:26 2024
