IQ-TREE multicore version 2.2.2.6 COVID-edition for Linux 64-bit built May 27 2023
Developed by Bui Quang Minh, James Barbetti, Nguyen Lam Tung,
Olga Chernomor, Heiko Schmidt, Dominik Schrempf, Michael Woodhams, Ly Trong Nhan.

Host:    lbc5 (AVX2, FMA3, 125 GB RAM)
Command: /home/mauricio/mauricio_PROGRAMAS/iqtree-2.2.2.6-Linux/bin/iqtree2 -s ../results/molecular_evolution_analyses/alignments_gblocks/F5865_SMED_G1/F5865_SMED_G1.aln.gblo -m TEST --threads-max 32 --alrt 1000 --ufboot 1000 --prefix ../results/molecular_evolution_analyses/phylogenetic_trees/F5865_SMED_G1/F5865_SMED_G1
Seed:    555344 (Using SPRNG - Scalable Parallel Random Number Generator)
Time:    Thu Mar 28 11:17:52 2024
Kernel:  AVX+FMA - 1 threads (32 CPU cores detected)

HINT: Use -nt option to specify number of threads because your CPU has 32 cores!
HINT: -nt AUTO will automatically determine the best number of threads to use.

Reading alignment file ../results/molecular_evolution_analyses/alignments_gblocks/F5865_SMED_G1/F5865_SMED_G1.aln.gblo ... Fasta format detected
Reading fasta file: done in 5.48363e-05 secs using 96.65% CPU
Alignment most likely contains protein sequences
Constructing alignment: done in 5.38826e-05 secs using 100.2% CPU
Alignment has 11 sequences with 39 columns, 24 distinct patterns
4 parsimony-informative, 6 singleton sites, 29 constant sites
            Gap/Ambiguity  Composition  p-value
Analyzing sequences: done in 7.86781e-06 secs using 88.97% CPU
   1  Smed.24909    0.00%    passed     99.48%
   2  Smed.23527    0.00%    passed    100.00%
   3  Smed.23151    0.00%    passed     99.49%
   4  Smed.4206     0.00%    passed    100.00%
   5  Smed.4518     0.00%    passed    100.00%
   6  Smed.11008    0.00%    passed    100.00%
   7  Smed.11203    0.00%    passed    100.00%
   8  Smed.13795    0.00%    passed    100.00%
   9  Smed.12801    0.00%    passed    100.00%
  10  Smed.3374     0.00%    passed    100.00%
  11  Smed.11916    0.00%    passed    100.00%
****  TOTAL         0.00%  0 sequences failed composition chi2 test (p-value<5%; df=16)
NOTE: Smed.11008 is identical to Smed.4206 but kept for subsequent analysis
Checking for duplicate sequences: done in 3.09944e-05 secs using 100% CPU
Identifying sites to remove: done in 2.71797e-05 secs using 99.34% CPU
NOTE: 1 identical sequences (see below) will be ignored for subsequent analysis
NOTE: Smed.11203 (identical to Smed.4206) is ignored but added at the end
Alignment was printed to ../results/molecular_evolution_analyses/phylogenetic_trees/F5865_SMED_G1/F5865_SMED_G1.uniqueseq.phy

For your convenience alignment with unique sequences printed to ../results/molecular_evolution_analyses/phylogenetic_trees/F5865_SMED_G1/F5865_SMED_G1.uniqueseq.phy


Create initial parsimony tree by phylogenetic likelihood library (PLL)... 0.000 seconds
Perform fast likelihood tree search using LG+I+G model...
Estimate model parameters (epsilon = 5.000)
Perform nearest neighbor interchange...
Optimizing NNI: done in 0.00532889 secs using 98.37% CPU
Estimate model parameters (epsilon = 1.000)
1. Initial log-likelihood: -184.475
Optimal log-likelihood: -184.429
Proportion of invariable sites: 0.337
Gamma shape alpha: 998.446
Parameters optimization took 1 rounds (0.007 sec)
Time for fast ML tree search: 0.022 seconds

NOTE: ModelFinder requires 0 MB RAM!
ModelFinder will test up to 224 protein models (sample size: 39) ...
 No. Model         -LnL         df  AIC          AICc         BIC
  1  LG            183.874      17  401.747      430.890      430.028
  2  LG+I          183.874      18  403.747      437.947      433.691
  3  LG+G4         183.874      18  403.749      437.949      433.693
  4  LG+I+G4       184.390      19  406.779      446.779      438.387
  5  LG+F          168.118      36  408.235      1740.235     468.124
  6  LG+F+I        168.118      37  410.235      3222.235     471.787
  7  LG+F+G4       168.118      37  410.237      3222.237     471.789
  8  LG+F+I+G4     168.663      38  413.326      3377.326     476.541
  9  WAG           182.898      17  399.796      428.939      428.076
 10  WAG+I         182.898      18  401.796      435.996      431.740
 11  WAG+G4        182.899      18  401.798      435.998      431.742
 12  WAG+I+G4      183.517      19  405.035      445.035      436.642
 13  WAG+F         167.255      36  406.510      1738.510     466.398
 14  WAG+F+I       167.255      37  408.510      3220.510     470.062
 15  WAG+F+G4      167.256      37  408.512      3220.512     470.064
 16  WAG+F+I+G4    167.868      38  411.736      3375.736     474.952
 17  JTT           179.386      17  392.771      421.914      421.052
 18  JTT+I         179.386      18  394.771      428.971      424.715
 19  JTT+G4        179.387      18  394.773      428.973      424.717
 20  JTT+I+G4      180.024      19  398.048      438.048      429.656
 21  JTT+F         164.335      36  400.669      1732.669     460.557
 22  JTT+F+I       164.335      37  402.669      3214.669     464.221
 23  JTT+F+G4      164.336      37  402.671      3214.671     464.223
 24  JTT+F+I+G4    164.989      38  405.977      3369.977     469.193
WARNING: Normalizing state frequencies so that sum of them equals to 1
 25  Q.pfam        183.655      17  401.311      430.454      429.592
WARNING: Normalizing state frequencies so that sum of them equals to 1
 26  Q.pfam+I      183.655      18  403.311      437.511      433.255
WARNING: Normalizing state frequencies so that sum of them equals to 1
 27  Q.pfam+G4     183.656      18  403.312      437.512      433.257
WARNING: Normalizing state frequencies so that sum of them equals to 1
 28  Q.pfam+I+G4   184.168      19  406.336      446.336      437.944
WARNING: Normalizing state frequencies so that sum of them equals to 1
 29  Q.pfam+F      168.148      36  408.297      1740.297     468.185
WARNING: Normalizing state frequencies so that sum of them equals to 1
 30  Q.pfam+F+I    168.148      37  410.297      3222.297     471.849
WARNING: Normalizing state frequencies so that sum of them equals to 1
 31  Q.pfam+F+G4   168.149      37  410.298      3222.298     471.850
WARNING: Normalizing state frequencies so that sum of them equals to 1
 32  Q.pfam+F+I+G4 168.654      38  413.308      3377.308     476.523
WARNING: Normalizing state frequencies so that sum of them equals to 1
 33  Q.bird        176.578      17  387.156      416.299      415.437
WARNING: Normalizing state frequencies so that sum of them equals to 1
 34  Q.bird+I      176.578      18  389.156      423.356      419.100
WARNING: Normalizing state frequencies so that sum of them equals to 1
 35  Q.bird+G4     176.579      18  389.158      423.358      419.102
WARNING: Normalizing state frequencies so that sum of them equals to 1
 36  Q.bird+I+G4   177.142      19  392.284      432.284      423.891
WARNING: Normalizing state frequencies so that sum of them equals to 1
 37  Q.bird+F      163.294      36  398.588      1730.588     458.476
WARNING: Normalizing state frequencies so that sum of them equals to 1
 38  Q.bird+F+I    163.294      37  400.588      3212.588     462.140
WARNING: Normalizing state frequencies so that sum of them equals to 1
 39  Q.bird+F+G4   163.295      37  400.590      3212.590     462.141
WARNING: Normalizing state frequencies so that sum of them equals to 1
 40  Q.bird+F+I+G4 163.918      38  403.835      3367.835     467.050
WARNING: Normalizing state frequencies so that sum of them equals to 1
 41  Q.mammal      177.349      17  388.697      417.840      416.978
WARNING: Normalizing state frequencies so that sum of them equals to 1
 42  Q.mammal+I    177.349      18  390.697      424.897      420.641
WARNING: Normalizing state frequencies so that sum of them equals to 1
 43  Q.mammal+G4   177.349      18  390.699      424.899      420.643
WARNING: Normalizing state frequencies so that sum of them equals to 1
 44  Q.mammal+I+G4 177.927      19  393.855      433.855      425.462
WARNING: Normalizing state frequencies so that sum of them equals to 1
 45  Q.mammal+F    164.092      36  400.184      1732.184     460.072
WARNING: Normalizing state frequencies so that sum of them equals to 1
 46  Q.mammal+F+I  164.092      37  402.184      3214.184     463.736
WARNING: Normalizing state frequencies so that sum of them equals to 1
 47  Q.mammal+F+G4 164.093      37  402.186      3214.186     463.737
WARNING: Normalizing state frequencies so that sum of them equals to 1
 48  Q.mammal+F+I+G4 164.693      38  405.386      3369.386     468.601
 49  Q.insect      181.407      17  396.813      425.956      425.094
 50  Q.insect+I    181.407      18  398.813      433.013      428.757
 51  Q.insect+G4   181.407      18  398.815      433.015      428.759
 52  Q.insect+I+G4 181.983      19  401.967      441.967      433.575
 53  Q.insect+F    166.438      36  404.877      1736.877     464.765
 54  Q.insect+F+I  166.438      37  406.877      3218.877     468.429
 55  Q.insect+F+G4 166.439      37  406.879      3218.879     468.430
 56  Q.insect+F+I+G4 167.069      38  410.138      3374.138     473.353
WARNING: Normalizing state frequencies so that sum of them equals to 1
 57  Q.plant       179.869      17  393.737      422.880      422.018
WARNING: Normalizing state frequencies so that sum of them equals to 1
 58  Q.plant+I     179.869      18  395.737      429.937      425.682
WARNING: Normalizing state frequencies so that sum of them equals to 1
 59  Q.plant+G4    179.870      18  395.739      429.939      425.683
WARNING: Normalizing state frequencies so that sum of them equals to 1
 60  Q.plant+I+G4  180.452      19  398.904      438.904      430.511
WARNING: Normalizing state frequencies so that sum of them equals to 1
 61  Q.plant+F     165.350      36  402.700      1734.700     462.589
WARNING: Normalizing state frequencies so that sum of them equals to 1
 62  Q.plant+F+I   165.350      37  404.700      3216.700     466.252
WARNING: Normalizing state frequencies so that sum of them equals to 1
 63  Q.plant+F+G4  165.351      37  404.702      3216.702     466.254
WARNING: Normalizing state frequencies so that sum of them equals to 1
 64  Q.plant+F+I+G4 165.942      38  407.883      3371.883     471.099
WARNING: Normalizing state frequencies so that sum of them equals to 1
 65  Q.yeast       182.151      17  398.303      427.446      426.583
WARNING: Normalizing state frequencies so that sum of them equals to 1
 66  Q.yeast+I     182.151      18  400.303      434.503      430.247
WARNING: Normalizing state frequencies so that sum of them equals to 1
 67  Q.yeast+G4    182.152      18  400.304      434.504      430.248
WARNING: Normalizing state frequencies so that sum of them equals to 1
 68  Q.yeast+I+G4  182.716      19  403.431      443.431      435.039
WARNING: Normalizing state frequencies so that sum of them equals to 1
 69  Q.yeast+F     167.223      36  406.447      1738.447     466.335
WARNING: Normalizing state frequencies so that sum of them equals to 1
 70  Q.yeast+F+I   167.223      37  408.447      3220.447     469.999
WARNING: Normalizing state frequencies so that sum of them equals to 1
 71  Q.yeast+F+G4  167.224      37  408.448      3220.448     470.000
WARNING: Normalizing state frequencies so that sum of them equals to 1
 72  Q.yeast+F+I+G4 167.814      38  411.628      3375.628     474.843
 73  JTTDCMut      179.621      17  393.243      422.386      421.523
 74  JTTDCMut+I    179.621      18  395.243      429.443      425.187
 75  JTTDCMut+G4   179.622      18  395.245      429.445      425.189
 76  JTTDCMut+I+G4 180.256      19  398.513      438.513      430.121
 77  JTTDCMut+F    164.464      36  400.929      1732.929     460.817
 78  JTTDCMut+F+I  164.464      37  402.929      3214.929     464.481
 79  JTTDCMut+F+G4 164.465      37  402.931      3214.931     464.483
 80  JTTDCMut+F+I+G4 165.116      38  406.231      3370.231     469.447
 81  DCMut         183.700      17  401.399      430.542      429.680
 82  DCMut+I       183.700      18  403.399      437.599      433.343
 83  DCMut+G4      183.700      18  403.401      437.601      433.345
 84  DCMut+I+G4    184.318      19  406.635      446.635      438.243
 85  DCMut+F       167.014      36  406.028      1738.028     465.917
 86  DCMut+F+I     167.014      37  408.028      3220.028     469.580
 87  DCMut+F+G4    167.015      37  408.030      3220.030     469.582
 88  DCMut+F+I+G4  167.595      38  411.190      3375.190     474.406
 89  VT            181.695      17  397.391      426.534      425.671
 90  VT+I          181.695      18  399.391      433.591      429.335
 91  VT+G4         181.696      18  399.393      433.593      429.337
 92  VT+I+G4       182.316      19  402.633      442.633      434.240
 93  VT+F          166.832      36  405.664      1737.664     465.553
 94  VT+F+I        166.832      37  407.664      3219.664     469.216
 95  VT+F+G4       166.833      37  407.666      3219.666     469.218
 96  VT+F+I+G4     167.430      38  410.860      3374.860     474.076
 97  PMB           184.757      17  403.514      432.657      431.795
 98  PMB+I         184.757      18  405.514      439.714      435.458
 99  PMB+G4        184.758      18  405.516      439.716      435.460
100  PMB+I+G4      185.273      19  408.547      448.547      440.155
101  PMB+F         169.742      36  411.484      1743.484     471.372
102  PMB+F+I       169.742      37  413.484      3225.484     475.036
103  PMB+F+G4      169.743      37  413.485      3225.485     475.037
104  PMB+F+I+G4    170.262      38  416.524      3380.524     479.740
105  Blosum62      185.021      17  404.043      433.185      432.323
106  Blosum62+I    185.021      18  406.043      440.243      435.987
107  Blosum62+G4   185.022      18  406.044      440.244      435.988
108  Blosum62+I+G4 185.520      19  409.040      449.040      440.648
109  Blosum62+F    169.368      36  410.735      1742.735     470.624
110  Blosum62+F+I  169.368      37  412.735      3224.735     474.287
111  Blosum62+F+G4 169.368      37  412.737      3224.737     474.289
112  Blosum62+F+I+G4 169.872      38  415.744      3379.744     478.959
113  Dayhoff       183.705      17  401.410      430.553      429.691
114  Dayhoff+I     183.705      18  403.410      437.610      433.355
115  Dayhoff+G4    183.706      18  403.412      437.612      433.356
116  Dayhoff+I+G4  184.322      19  406.644      446.644      438.251
117  Dayhoff+F     167.017      36  406.034      1738.034     465.922
118  Dayhoff+F+I   167.017      37  408.034      3220.034     469.586
119  Dayhoff+F+G4  167.018      37  408.036      3220.036     469.587
120  Dayhoff+F+I+G4 167.597      38  411.194      3375.194     474.409
121  mtREV         185.146      17  404.292      433.435      432.573
122  mtREV+I       185.146      18  406.292      440.492      436.236
123  mtREV+G4      185.146      18  406.293      440.493      436.237
124  mtREV+I+G4    185.375      19  408.750      448.750      440.357
125  mtREV+F       165.371      36  402.741      1734.741     462.629
126  mtREV+F+I     165.371      37  404.741      3216.741     466.293
127  mtREV+F+G4    165.371      37  404.743      3216.743     466.295
128  mtREV+F+I+G4  165.987      38  407.973      3371.973     471.189
129  mtART         193.598      17  421.197      450.340      449.477
130  mtART+I       192.794      18  421.587      455.787      451.532
131  mtART+G4      193.058      18  422.116      456.316      452.060
132  mtART+I+G4    193.038      19  424.075      464.075      455.683
133  mtART+F       173.924      36  419.848      1751.848     479.736
134  mtART+F+I     173.725      37  421.449      3233.449     483.001
135  mtART+F+G4    173.811      37  421.622      3233.622     483.173
136  mtART+F+I+G4  173.731      38  423.461      3387.461     486.677
137  mtZOA         188.473      17  410.946      440.088      439.226
138  mtZOA+I       188.403      18  412.807      447.007      442.751
139  mtZOA+G4      188.464      18  412.928      447.128      442.872
140  mtZOA+I+G4    188.404      19  414.807      454.807      446.415
141  mtZOA+F       168.486      36  408.973      1740.973     468.861
142  mtZOA+F+I     168.486      37  410.973      3222.973     472.525
143  mtZOA+F+G4    168.487      37  410.974      3222.974     472.526
144  mtZOA+F+I+G4  168.831      38  413.663      3377.663     476.878
145  mtMet         182.929      17  399.859      429.002      428.139
146  mtMet+I       182.929      18  401.859      436.059      431.803
147  mtMet+G4      182.930      18  401.859      436.059      431.803
148  mtMet+I+G4    183.161      19  404.323      444.323      435.931
149  mtMet+F       164.210      36  400.419      1732.419     460.308
150  mtMet+F+I     164.210      37  402.419      3214.419     463.971
151  mtMet+F+G4    164.211      37  402.421      3214.421     463.973
152  mtMet+F+I+G4  164.818      38  405.637      3369.637     468.852
153  mtVer         184.062      17  402.124      431.267      430.405
154  mtVer+I       184.062      18  404.124      438.324      434.068
155  mtVer+G4      184.062      18  404.124      438.324      434.069
156  mtVer+I+G4    184.240      19  406.480      446.480      438.088
157  mtVer+F       163.162      36  398.323      1730.323     458.212
158  mtVer+F+I     163.162      37  400.323      3212.323     461.875
159  mtVer+F+G4    163.163      37  400.326      3212.326     461.877
160  mtVer+F+I+G4  163.877      38  403.754      3367.754     466.969
161  mtInv         186.002      17  406.004      435.147      434.285
162  mtInv+I       186.002      18  408.004      442.204      437.948
163  mtInv+G4      186.003      18  408.005      442.205      437.949
164  mtInv+I+G4    186.286      19  410.573      450.573      442.180
165  mtInv+F       166.265      36  404.529      1736.529     464.418
166  mtInv+F+I     166.265      37  406.530      3218.530     468.081
167  mtInv+F+G4    166.266      37  406.531      3218.531     468.083
168  mtInv+F+I+G4  166.843      38  409.687      3373.687     472.902
169  mtMAM         185.641      17  405.282      434.425      433.563
170  mtMAM+I       185.570      18  407.140      441.340      437.084
171  mtMAM+G4      185.625      18  407.251      441.451      437.195
172  mtMAM+I+G4    185.572      19  409.143      449.143      440.751
173  mtMAM+F       165.700      36  403.401      1735.401     463.289
174  mtMAM+F+I     165.700      37  405.401      3217.401     466.952
175  mtMAM+F+G4    165.701      37  405.402      3217.402     466.954
176  mtMAM+F+I+G4  166.295      38  408.590      3372.590     471.805
WARNING: Normalizing state frequencies so that sum of them equals to 1
177  FLAVI         181.658      17  397.317      426.460      425.597
WARNING: Normalizing state frequencies so that sum of them equals to 1
178  FLAVI+I       181.658      18  399.317      433.517      429.261
WARNING: Normalizing state frequencies so that sum of them equals to 1
179  FLAVI+G4      181.659      18  399.318      433.518      429.262
WARNING: Normalizing state frequencies so that sum of them equals to 1
180  FLAVI+I+G4    182.019      19  402.038      442.038      433.645
WARNING: Normalizing state frequencies so that sum of them equals to 1
181  FLAVI+F       164.276      36  400.553      1732.553     460.441
WARNING: Normalizing state frequencies so that sum of them equals to 1
182  FLAVI+F+I     164.276      37  402.553      3214.553     464.104
WARNING: Normalizing state frequencies so that sum of them equals to 1
183  FLAVI+F+G4    164.277      37  402.554      3214.554     464.106
WARNING: Normalizing state frequencies so that sum of them equals to 1
184  FLAVI+F+I+G4  164.893      38  405.785      3369.785     469.001
185  HIVb          179.065      17  392.130      421.272      420.410
186  HIVb+I        179.065      18  394.130      428.330      424.074
187  HIVb+G4       179.066      18  394.131      428.331      424.075
188  HIVb+I+G4     179.653      19  397.307      437.307      428.914
189  HIVb+F        163.436      36  398.871      1730.871     458.760
190  HIVb+F+I      163.436      37  400.871      3212.871     462.423
191  HIVb+F+G4     163.437      37  400.873      3212.873     462.425
192  HIVb+F+I+G4   164.093      38  404.187      3368.187     467.402
193  HIVw          183.517      17  401.033      430.176      429.314
194  HIVw+I        183.517      18  403.033      437.233      432.977
195  HIVw+G4       183.517      18  403.035      437.235      432.979
196  HIVw+I+G4     184.085      19  406.169      446.169      437.777
197  HIVw+F        162.415      36  396.830      1728.830     456.718
198  HIVw+F+I      162.415      37  398.830      3210.830     460.382
199  HIVw+F+G4     162.416      37  398.832      3210.832     460.384
200  HIVw+F+I+G4   163.086      38  402.172      3366.172     465.388
201  FLU           180.655      17  395.311      424.454      423.591
202  FLU+I         180.655      18  397.311      431.511      427.255
203  FLU+G4        180.656      18  397.312      431.512      427.256
204  FLU+I+G4      181.057      19  400.114      440.114      431.722
205  FLU+F         166.571      36  405.143      1737.143     465.031
206  FLU+F+I       166.571      37  407.143      3219.143     468.694
207  FLU+F+G4      166.572      37  407.143      3219.143     468.695
208  FLU+F+I+G4    166.940      38  409.880      3373.880     473.095
209  rtREV         185.869      17  405.738      434.881      434.019
210  rtREV+I       185.869      18  407.738      441.938      437.682
211  rtREV+G4      185.870      18  407.739      441.939      437.683
212  rtREV+I+G4    186.306      19  410.612      450.612      442.220
213  rtREV+F       169.499      36  410.997      1742.997     470.886
214  rtREV+F+I     169.499      37  412.997      3224.997     474.549
215  rtREV+F+G4    169.499      37  412.999      3224.999     474.550
216  rtREV+F+I+G4  169.995      38  415.990      3379.990     479.206
217  cpREV         183.727      17  401.455      430.598      429.735
218  cpREV+I       183.727      18  403.455      437.655      433.399
219  cpREV+G4      183.728      18  403.456      437.656      433.400
220  cpREV+I+G4    184.293      19  406.585      446.585      438.193
221  cpREV+F       167.335      36  406.671      1738.671     466.559
222  cpREV+F+I     167.335      37  408.671      3220.671     470.222
223  cpREV+F+G4    167.336      37  408.672      3220.672     470.224
224  cpREV+F+I+G4  167.918      38  411.837      3375.837     475.052
Akaike Information Criterion:           Q.bird
Corrected Akaike Information Criterion: Q.bird
Bayesian Information Criterion:         Q.bird
Best-fit model: Q.bird chosen according to BIC

All model information printed to ../results/molecular_evolution_analyses/phylogenetic_trees/F5865_SMED_G1/F5865_SMED_G1.model.gz
CPU time for ModelFinder: 1.679 seconds (0h:0m:1s)
Wall-clock time for ModelFinder: 1.700 seconds (0h:0m:1s)
NOTE: State(s) A, F, T not present in alignment and thus removed from Markov process to prevent numerical problems
NOTE: 3 states (see above) are not present and thus removed from Markov process to prevent numerical problems
Generating 1000 samples for ultrafast bootstrap (seed: 555344)...
WARNING: Normalizing state frequencies so that sum of them equals to 1

NOTE: 0 MB RAM (0 GB) is required!
Estimate model parameters (epsilon = 0.100)
1. Initial log-likelihood: -176.578
Optimal log-likelihood: -176.578
Parameters optimization took 1 rounds (0.001 sec)
Wrote distance file to... 
Computing ML distances based on estimated model parameters...
Calculating distance matrix: done in 0.00574899 secs using 99.63% CPU
Computing ML distances took 0.005796 sec (of wall-clock time) 0.005775 sec (of CPU time)
Setting up auxiliary I and S matrices: done in 3.29018e-05 secs using 191.5% CPU
Constructing RapidNJ tree: done in 3.98159e-05 secs using 195.9% CPU
Computing RapidNJ tree took 0.000145 sec (of wall-clock time) 0.000289 sec (of CPU time)
Log-likelihood of RapidNJ tree: -176.578
--------------------------------------------------------------------
|             INITIALIZING CANDIDATE TREE SET                      |
--------------------------------------------------------------------
Generating 98 parsimony trees... 0.029 second
Computing log-likelihood of 98 initial trees ... 0.041 seconds
Current best score: -176.578

Do NNI search on 20 best initial trees
Optimizing NNI: done in 0.00217891 secs using 161% CPU
Estimate model parameters (epsilon = 0.100)
BETTER TREE FOUND at iteration 1: -176.578
Optimizing NNI: done in 0.00202417 secs using 199.7% CPU
Optimizing NNI: done in 0.00196004 secs using 199.5% CPU
Optimizing NNI: done in 0.00202203 secs using 200.3% CPU
Optimizing NNI: done in 0.00193 secs using 199.7% CPU
Optimizing NNI: done in 0.00193286 secs using 199% CPU
Optimizing NNI: done in 0.00177097 secs using 199.8% CPU
Optimizing NNI: done in 0.00196385 secs using 200% CPU
Optimizing NNI: done in 0.00197911 secs using 199.7% CPU
Optimizing NNI: done in 0.00201607 secs using 198.7% CPU
BETTER TREE FOUND at iteration 10: -176.578
Iteration 10 / LogL: -176.578 / Time: 0h:0m:0s
Optimizing NNI: done in 0.0019362 secs using 199.8% CPU
Optimizing NNI: done in 0.00203896 secs using 200.5% CPU
Optimizing NNI: done in 0.00191784 secs using 199.5% CPU
Optimizing NNI: done in 0.00190711 secs using 199.7% CPU
Optimizing NNI: done in 0.002033 secs using 200.1% CPU
Optimizing NNI: done in 0.00193715 secs using 200.4% CPU
Optimizing NNI: done in 0.00198722 secs using 200.3% CPU
Optimizing NNI: done in 0.00193501 secs using 199.7% CPU
Optimizing NNI: done in 0.00193596 secs using 198.7% CPU
Optimizing NNI: done in 0.00194216 secs using 199.5% CPU
Iteration 20 / LogL: -176.578 / Time: 0h:0m:0s
Finish initializing candidate tree set (18)
Current best tree score: -176.578 / CPU time: 0.119
Number of iterations: 20
--------------------------------------------------------------------
|               OPTIMIZING CANDIDATE TREE SET                      |
--------------------------------------------------------------------
Optimizing NNI: done in 0.003618 secs using 199.2% CPU
Optimizing NNI: done in 0.00392795 secs using 199.3% CPU
Optimizing NNI: done in 0.00381303 secs using 199.1% CPU
Optimizing NNI: done in 0.00385404 secs using 199.2% CPU
Optimizing NNI: done in 0.00174999 secs using 199.2% CPU
BETTER TREE FOUND at iteration 25: -176.578
Optimizing NNI: done in 0.00338006 secs using 198.5% CPU
Optimizing NNI: done in 0.00181007 secs using 198.7% CPU
Optimizing NNI: done in 0.00188899 secs using 199% CPU
Optimizing NNI: done in 0.0034101 secs using 198% CPU
Optimizing NNI: done in 0.00347114 secs using 199.8% CPU
Iteration 30 / LogL: -176.578 / Time: 0h:0m:0s (0h:0m:0s left)
Optimizing NNI: done in 0.00338101 secs using 100% CPU
Optimizing NNI: done in 0.00186396 secs using 100.1% CPU
Optimizing NNI: done in 0.00379014 secs using 99.65% CPU
Optimizing NNI: done in 0.00200582 secs using 100.1% CPU
BETTER TREE FOUND at iteration 34: -176.578
Optimizing NNI: done in 0.003438 secs using 99.68% CPU
Optimizing NNI: done in 0.00339389 secs using 100% CPU
Optimizing NNI: done in 0.001966 secs using 100.1% CPU
Optimizing NNI: done in 0.00351882 secs using 99.55% CPU
Optimizing NNI: done in 0.003371 secs using 100% CPU
Optimizing NNI: done in 0.00189018 secs using 100% CPU
Iteration 40 / LogL: -176.578 / Time: 0h:0m:0s (0h:0m:0s left)
Optimizing NNI: done in 0.00344801 secs using 99.59% CPU
Optimizing NNI: done in 0.00192189 secs using 99.28% CPU
Optimizing NNI: done in 0.00383806 secs using 99.63% CPU
Optimizing NNI: done in 0.00340796 secs using 100% CPU
Optimizing NNI: done in 0.00196004 secs using 100% CPU
Optimizing NNI: done in 0.00350904 secs using 99.4% CPU
Optimizing NNI: done in 0.003546 secs using 99.97% CPU
Optimizing NNI: done in 0.00190997 secs using 100.1% CPU
Optimizing NNI: done in 0.00378203 secs using 99.66% CPU
Optimizing NNI: done in 0.00313711 secs using 99.61% CPU
Iteration 50 / LogL: -176.578 / Time: 0h:0m:0s (0h:0m:0s left)
Log-likelihood cutoff on original alignment: -191.655
Optimizing NNI: done in 0.00187898 secs using 99.95% CPU
Optimizing NNI: done in 0.00407195 secs using 99.63% CPU
Optimizing NNI: done in 0.00336599 secs using 100% CPU
Optimizing NNI: done in 0.00194478 secs using 100.1% CPU
Optimizing NNI: done in 0.00354099 secs using 99.97% CPU
Optimizing NNI: done in 0.00380421 secs using 100% CPU
Optimizing NNI: done in 0.00349283 secs using 99.69% CPU
Optimizing NNI: done in 0.00356793 secs using 99.97% CPU
Optimizing NNI: done in 0.00338006 secs using 99.97% CPU
Optimizing NNI: done in 0.00189614 secs using 99.99% CPU
Iteration 60 / LogL: -176.578 / Time: 0h:0m:0s (0h:0m:0s left)
Optimizing NNI: done in 0.00202894 secs using 100% CPU
Optimizing NNI: done in 0.00458312 secs using 99.76% CPU
Optimizing NNI: done in 0.00346208 secs using 100% CPU
Optimizing NNI: done in 0.00192904 secs using 100% CPU
UPDATE BEST LOG-LIKELIHOOD: -176.578
Optimizing NNI: done in 0.00304008 secs using 99.5% CPU
Optimizing NNI: done in 0.00349712 secs using 99.65% CPU
Optimizing NNI: done in 0.00376201 secs using 99.52% CPU
Optimizing NNI: done in 0.00192881 secs using 100.1% CPU
Optimizing NNI: done in 0.00351596 secs using 99.63% CPU
Optimizing NNI: done in 0.00310302 secs using 99.97% CPU
Iteration 70 / LogL: -176.578 / Time: 0h:0m:0s (0h:0m:0s left)
Optimizing NNI: done in 0.00341511 secs using 100% CPU
Optimizing NNI: done in 0.00191998 secs using 100.1% CPU
Optimizing NNI: done in 0.00376296 secs using 99.55% CPU
Optimizing NNI: done in 0.00201797 secs using 100% CPU
Optimizing NNI: done in 0.00386906 secs using 99.97% CPU
Optimizing NNI: done in 0.00197196 secs using 99.04% CPU
Optimizing NNI: done in 0.00191188 secs using 99.27% CPU
Optimizing NNI: done in 0.00186992 secs using 100% CPU
Optimizing NNI: done in 0.003829 secs using 100% CPU
Optimizing NNI: done in 0.0037632 secs using 100% CPU
Iteration 80 / LogL: -176.578 / Time: 0h:0m:0s (0h:0m:0s left)
Optimizing NNI: done in 0.00197601 secs using 99.19% CPU
Optimizing NNI: done in 0.00352979 secs using 99.98% CPU
Optimizing NNI: done in 0.00344682 secs using 99.98% CPU
Optimizing NNI: done in 0.00182796 secs using 100% CPU
Optimizing NNI: done in 0.00295281 secs using 100% CPU
Optimizing NNI: done in 0.00348091 secs using 99.97% CPU
Optimizing NNI: done in 0.0018208 secs using 100% CPU
Optimizing NNI: done in 0.00377107 secs using 99.49% CPU
Optimizing NNI: done in 0.0017271 secs using 100.1% CPU
Optimizing NNI: done in 0.00346994 secs using 100% CPU
Iteration 90 / LogL: -176.578 / Time: 0h:0m:0s (0h:0m:0s left)
Optimizing NNI: done in 0.00385809 secs using 99.48% CPU
Optimizing NNI: done in 0.00524998 secs using 99.75% CPU
Optimizing NNI: done in 0.00275803 secs using 99.96% CPU
Optimizing NNI: done in 0.00197887 secs using 100% CPU
Optimizing NNI: done in 0.00379419 secs using 99.68% CPU
Optimizing NNI: done in 0.0032928 secs using 100% CPU
Optimizing NNI: done in 0.00362802 secs using 99.97% CPU
Optimizing NNI: done in 0.00366616 secs using 100% CPU
Optimizing NNI: done in 0.00336599 secs using 100% CPU
Optimizing NNI: done in 0.00360084 secs using 98.59% CPU
Iteration 100 / LogL: -176.578 / Time: 0h:0m:0s (0h:0m:0s left)
Log-likelihood cutoff on original alignment: -191.655
NOTE: Bootstrap correlation coefficient of split occurrence frequencies: 0.918
NOTE: UFBoot does not converge, continue at least 100 more iterations
Optimizing NNI: done in 0.00190401 secs using 100% CPU
Optimizing NNI: done in 0.00320697 secs using 99.97% CPU
Optimizing NNI: done in 0.00349689 secs using 100% CPU
Optimizing NNI: done in 0.00304389 secs using 100% CPU
Optimizing NNI: done in 0.003896 secs using 100% CPU
Optimizing NNI: done in 0.00339985 secs using 99.98% CPU
Optimizing NNI: done in 0.00334096 secs using 99.94% CPU
Optimizing NNI: done in 0.00336099 secs using 99.55% CPU
Optimizing NNI: done in 0.00196791 secs using 100% CPU
Optimizing NNI: done in 0.00377107 secs using 100% CPU
Iteration 110 / LogL: -176.578 / Time: 0h:0m:0s (0h:0m:0s left)
Optimizing NNI: done in 0.00303793 secs using 100% CPU
Optimizing NNI: done in 0.00199389 secs using 100.1% CPU
Optimizing NNI: done in 0.00389314 secs using 100% CPU
Optimizing NNI: done in 0.00332308 secs using 100% CPU
Optimizing NNI: done in 0.00204206 secs using 100% CPU
Optimizing NNI: done in 0.00327587 secs using 99.97% CPU
Optimizing NNI: done in 0.00193596 secs using 100% CPU
Optimizing NNI: done in 0.001858 secs using 100% CPU
BETTER TREE FOUND at iteration 118: -176.578
Optimizing NNI: done in 0.00343895 secs using 99.71% CPU
Optimizing NNI: done in 0.00190306 secs using 100% CPU
Iteration 120 / LogL: -176.578 / Time: 0h:0m:1s (0h:0m:0s left)
Optimizing NNI: done in 0.00386596 secs using 99.98% CPU
Optimizing NNI: done in 0.00336504 secs using 100% CPU
Optimizing NNI: done in 0.00377202 secs using 99.97% CPU
Optimizing NNI: done in 0.00199199 secs using 100.1% CPU
Optimizing NNI: done in 0.00307298 secs using 99.97% CPU
Optimizing NNI: done in 0.00185609 secs using 99.08% CPU
Optimizing NNI: done in 0.00258088 secs using 99.93% CPU
Optimizing NNI: done in 0.00188589 secs using 99.95% CPU
Optimizing NNI: done in 0.00331783 secs using 100% CPU
Optimizing NNI: done in 0.00350189 secs using 99.97% CPU
Iteration 130 / LogL: -176.578 / Time: 0h:0m:1s (0h:0m:0s left)
Optimizing NNI: done in 0.00192404 secs using 99.43% CPU
Optimizing NNI: done in 0.00194287 secs using 99.29% CPU
BETTER TREE FOUND at iteration 132: -176.578
Optimizing NNI: done in 0.00191593 secs using 99.33% CPU
Optimizing NNI: done in 0.00188804 secs using 100% CPU
Optimizing NNI: done in 0.00202703 secs using 100% CPU
Optimizing NNI: done in 0.00504494 secs using 99.78% CPU
Optimizing NNI: done in 0.00198293 secs using 100% CPU
UPDATE BEST LOG-LIKELIHOOD: -176.578
Optimizing NNI: done in 0.00199008 secs using 99.44% CPU
Optimizing NNI: done in 0.00183392 secs using 100% CPU
Optimizing NNI: done in 0.00169802 secs using 100% CPU
Iteration 140 / LogL: -176.578 / Time: 0h:0m:1s (0h:0m:0s left)
Optimizing NNI: done in 0.00396609 secs using 99.92% CPU
Optimizing NNI: done in 0.00352287 secs using 99.98% CPU
Optimizing NNI: done in 0.00365019 secs using 99.99% CPU
Optimizing NNI: done in 0.00476193 secs using 100% CPU
Optimizing NNI: done in 0.00204492 secs using 99.47% CPU
Optimizing NNI: done in 0.00346994 secs using 99.68% CPU
Optimizing NNI: done in 0.00305295 secs using 99.71% CPU
Optimizing NNI: done in 0.00320792 secs using 100% CPU
Optimizing NNI: done in 0.00329685 secs using 99.7% CPU
Optimizing NNI: done in 0.00187302 secs using 99.47% CPU
Iteration 150 / LogL: -176.578 / Time: 0h:0m:1s (0h:0m:0s left)
Log-likelihood cutoff on original alignment: -191.655
Optimizing NNI: done in 0.00335097 secs using 100% CPU
Optimizing NNI: done in 0.00199509 secs using 99.95% CPU
Optimizing NNI: done in 0.0030849 secs using 100% CPU
Optimizing NNI: done in 0.00385499 secs using 100% CPU
Optimizing NNI: done in 0.00306106 secs using 100% CPU
Optimizing NNI: done in 0.00348091 secs using 100% CPU
Optimizing NNI: done in 0.00351 secs using 98.43% CPU
Optimizing NNI: done in 0.003227 secs using 100% CPU
Optimizing NNI: done in 0.00190282 secs using 100% CPU
Optimizing NNI: done in 0.00192094 secs using 99.22% CPU
Iteration 160 / LogL: -176.578 / Time: 0h:0m:1s (0h:0m:0s left)
Optimizing NNI: done in 0.00189018 secs using 99.14% CPU
Optimizing NNI: done in 0.00370717 secs using 99.97% CPU
Optimizing NNI: done in 0.00184989 secs using 100.1% CPU
Optimizing NNI: done in 0.00198889 secs using 99.96% CPU
Optimizing NNI: done in 0.00340605 secs using 99.65% CPU
Optimizing NNI: done in 0.00383306 secs using 100% CPU
Optimizing NNI: done in 0.00195098 secs using 99.44% CPU
Optimizing NNI: done in 0.0030179 secs using 99.97% CPU
Optimizing NNI: done in 0.00385404 secs using 100% CPU
Optimizing NNI: done in 0.00315499 secs using 100% CPU
Iteration 170 / LogL: -180.407 / Time: 0h:0m:1s (0h:0m:0s left)
Optimizing NNI: done in 0.00380802 secs using 100% CPU
Optimizing NNI: done in 0.00187802 secs using 99.95% CPU
Optimizing NNI: done in 0.0055089 secs using 99.8% CPU
Optimizing NNI: done in 0.00191617 secs using 99.16% CPU
Optimizing NNI: done in 0.00205803 secs using 100% CPU
Optimizing NNI: done in 0.00193596 secs using 100% CPU
Optimizing NNI: done in 0.00348616 secs using 100% CPU
Optimizing NNI: done in 0.00343919 secs using 100% CPU
Optimizing NNI: done in 0.00392318 secs using 99.97% CPU
Optimizing NNI: done in 0.00188994 secs using 100.1% CPU
Iteration 180 / LogL: -176.578 / Time: 0h:0m:1s (0h:0m:0s left)
Optimizing NNI: done in 0.00184107 secs using 100% CPU
Optimizing NNI: done in 0.00460815 secs using 99.97% CPU
Optimizing NNI: done in 0.00337005 secs using 99.97% CPU
Optimizing NNI: done in 0.00318217 secs using 99.99% CPU
Optimizing NNI: done in 0.00380397 secs using 99.66% CPU
Optimizing NNI: done in 0.00361991 secs using 99.97% CPU
Optimizing NNI: done in 0.00377703 secs using 99.71% CPU
Optimizing NNI: done in 0.00352502 secs using 99.74% CPU
Optimizing NNI: done in 0.00193214 secs using 99.22% CPU
Optimizing NNI: done in 0.0019021 secs using 99.94% CPU
Iteration 190 / LogL: -176.578 / Time: 0h:0m:1s (0h:0m:0s left)
Optimizing NNI: done in 0.00191116 secs using 99.94% CPU
Optimizing NNI: done in 0.002033 secs using 100% CPU
Optimizing NNI: done in 0.00355887 secs using 99.64% CPU
Optimizing NNI: done in 0.00311589 secs using 99.62% CPU
Optimizing NNI: done in 0.00209904 secs using 99.33% CPU
Optimizing NNI: done in 0.00382209 secs using 99.97% CPU
Optimizing NNI: done in 0.0018661 secs using 99.99% CPU
Optimizing NNI: done in 0.00200415 secs using 99.94% CPU
Optimizing NNI: done in 0.00377393 secs using 99.55% CPU
Optimizing NNI: done in 0.00530481 secs using 100% CPU
Iteration 200 / LogL: -176.578 / Time: 0h:0m:1s (0h:0m:0s left)
Log-likelihood cutoff on original alignment: -191.655
NOTE: Bootstrap correlation coefficient of split occurrence frequencies: 0.718
NOTE: UFBoot does not converge, continue at least 100 more iterations
Optimizing NNI: done in 0.00198197 secs using 100.1% CPU
Optimizing NNI: done in 0.00186706 secs using 100% CPU
Optimizing NNI: done in 0.00325894 secs using 100% CPU
Optimizing NNI: done in 0.00349808 secs using 100% CPU
Optimizing NNI: done in 0.00195193 secs using 99.54% CPU
Optimizing NNI: done in 0.00205302 secs using 99.95% CPU
Optimizing NNI: done in 0.0037291 secs using 99.62% CPU
Optimizing NNI: done in 0.00360894 secs using 99.64% CPU
Optimizing NNI: done in 0.00189304 secs using 99.94% CPU
Optimizing NNI: done in 0.00349498 secs using 100% CPU
Iteration 210 / LogL: -176.578 / Time: 0h:0m:1s (0h:0m:0s left)
Optimizing NNI: done in 0.00188899 secs using 99.95% CPU
Optimizing NNI: done in 0.00188303 secs using 100% CPU
Optimizing NNI: done in 0.00563097 secs using 100% CPU
Optimizing NNI: done in 0.00345612 secs using 99.94% CPU
Optimizing NNI: done in 0.00328398 secs using 99.97% CPU
Optimizing NNI: done in 0.00363493 secs using 100% CPU
Optimizing NNI: done in 0.00188112 secs using 100% CPU
Optimizing NNI: done in 0.00306296 secs using 100% CPU
Optimizing NNI: done in 0.00201297 secs using 99.31% CPU
Optimizing NNI: done in 0.00365806 secs using 100% CPU
Iteration 220 / LogL: -176.578 / Time: 0h:0m:2s (0h:0m:0s left)
Optimizing NNI: done in 0.00389218 secs using 100% CPU
Optimizing NNI: done in 0.00189996 secs using 100% CPU
Optimizing NNI: done in 0.00306702 secs using 99.67% CPU
Optimizing NNI: done in 0.00198698 secs using 99.95% CPU
Optimizing NNI: done in 0.00511193 secs using 99.98% CPU
Optimizing NNI: done in 0.00197792 secs using 100% CPU
BETTER TREE FOUND at iteration 226: -176.578
Optimizing NNI: done in 0.00314617 secs using 99.61% CPU
Optimizing NNI: done in 0.00193381 secs using 99.91% CPU
Optimizing NNI: done in 0.00329185 secs using 100% CPU
Optimizing NNI: done in 0.00395203 secs using 99.97% CPU
Iteration 230 / LogL: -176.578 / Time: 0h:0m:2s (0h:0m:0s left)
Optimizing NNI: done in 0.00184107 secs using 100.1% CPU
Optimizing NNI: done in 0.00450206 secs using 100% CPU
Optimizing NNI: done in 0.00370312 secs using 99.65% CPU
Optimizing NNI: done in 0.00202799 secs using 100% CPU
Optimizing NNI: done in 0.00385904 secs using 99.74% CPU
Optimizing NNI: done in 0.00197601 secs using 100% CPU
Optimizing NNI: done in 0.001863 secs using 99.95% CPU
Optimizing NNI: done in 0.00294399 secs using 100% CPU
Optimizing NNI: done in 0.00286913 secs using 100% CPU
Optimizing NNI: done in 0.00367403 secs using 99.97% CPU
Iteration 240 / LogL: -176.578 / Time: 0h:0m:2s (0h:0m:0s left)
Optimizing NNI: done in 0.002002 secs using 99.95% CPU
Optimizing NNI: done in 0.0019021 secs using 99.99% CPU
Optimizing NNI: done in 0.00373197 secs using 100% CPU
Optimizing NNI: done in 0.00200701 secs using 100.1% CPU
Optimizing NNI: done in 0.0030899 secs using 100% CPU
Optimizing NNI: done in 0.00339317 secs using 99.99% CPU
Optimizing NNI: done in 0.00193095 secs using 100% CPU
Optimizing NNI: done in 0.005162 secs using 99.81% CPU
Optimizing NNI: done in 0.00198197 secs using 100% CPU
Optimizing NNI: done in 0.0018301 secs using 100.1% CPU
Iteration 250 / LogL: -176.578 / Time: 0h:0m:2s (0h:0m:0s left)
Log-likelihood cutoff on original alignment: -191.696
Optimizing NNI: done in 0.00295496 secs using 99.97% CPU
Optimizing NNI: done in 0.00195503 secs using 99.95% CPU
Optimizing NNI: done in 0.00326014 secs using 100% CPU
Optimizing NNI: done in 0.00406408 secs using 99.65% CPU
Optimizing NNI: done in 0.00340199 secs using 99.53% CPU
Optimizing NNI: done in 0.00191307 secs using 100% CPU
Optimizing NNI: done in 0.00373006 secs using 99.6% CPU
Optimizing NNI: done in 0.00164318 secs using 99.99% CPU
UPDATE BEST LOG-LIKELIHOOD: -176.578
Optimizing NNI: done in 0.00396085 secs using 99.75% CPU
Optimizing NNI: done in 0.001899 secs using 100% CPU
Iteration 260 / LogL: -176.578 / Time: 0h:0m:2s (0h:0m:0s left)
Optimizing NNI: done in 0.0031209 secs using 100% CPU
Optimizing NNI: done in 0.00190997 secs using 100.1% CPU
Optimizing NNI: done in 0.0038712 secs using 99.71% CPU
Optimizing NNI: done in 0.00190496 secs using 100% CPU
Optimizing NNI: done in 0.00276303 secs using 100.1% CPU
Optimizing NNI: done in 0.00285506 secs using 99.93% CPU
Optimizing NNI: done in 0.00310206 secs using 99.97% CPU
Optimizing NNI: done in 0.007025 secs using 99.99% CPU
Optimizing NNI: done in 0.00414705 secs using 100% CPU
Optimizing NNI: done in 0.00206518 secs using 99.94% CPU
Iteration 270 / LogL: -191.159 / Time: 0h:0m:2s (0h:0m:0s left)
Optimizing NNI: done in 0.00301003 secs using 99.7% CPU
Optimizing NNI: done in 0.00208092 secs using 99.96% CPU
Optimizing NNI: done in 0.00261807 secs using 100% CPU
Optimizing NNI: done in 0.00189805 secs using 100.1% CPU
Optimizing NNI: done in 0.00239611 secs using 100% CPU
Optimizing NNI: done in 0.00192404 secs using 100% CPU
Optimizing NNI: done in 0.00258684 secs using 99.58% CPU
Optimizing NNI: done in 0.00260305 secs using 99.46% CPU
Optimizing NNI: done in 0.00310087 secs using 100% CPU
Optimizing NNI: done in 0.00159097 secs using 99.94% CPU
Iteration 280 / LogL: -176.578 / Time: 0h:0m:2s (0h:0m:0s left)
Optimizing NNI: done in 0.00249887 secs using 99.65% CPU
Optimizing NNI: done in 0.00119305 secs using 99.91% CPU
Optimizing NNI: done in 0.00197506 secs using 99.29% CPU
Optimizing NNI: done in 0.0031321 secs using 100% CPU
Optimizing NNI: done in 0.00117111 secs using 100.1% CPU
Optimizing NNI: done in 0.00118995 secs using 100% CPU
Optimizing NNI: done in 0.00318313 secs using 100% CPU
Optimizing NNI: done in 0.00122213 secs using 99.91% CPU
Optimizing NNI: done in 0.00204396 secs using 99.95% CPU
Optimizing NNI: done in 0.00241113 secs using 99.95% CPU
Iteration 290 / LogL: -176.578 / Time: 0h:0m:2s (0h:0m:0s left)
Optimizing NNI: done in 0.00214982 secs using 99.92% CPU
Optimizing NNI: done in 0.00118399 secs using 99.92% CPU
Optimizing NNI: done in 0.00122213 secs using 99.91% CPU
Optimizing NNI: done in 0.00241518 secs using 99.37% CPU
Optimizing NNI: done in 0.00192881 secs using 99.96% CPU
Optimizing NNI: done in 0.00237393 secs using 100% CPU
Optimizing NNI: done in 0.00123 secs using 99.92% CPU
Optimizing NNI: done in 0.00123692 secs using 100% CPU
Optimizing NNI: done in 0.00238299 secs using 99.96% CPU
Optimizing NNI: done in 0.00120115 secs using 99.99% CPU
Iteration 300 / LogL: -176.578 / Time: 0h:0m:2s (0h:0m:0s left)
Log-likelihood cutoff on original alignment: -191.696
NOTE: Bootstrap correlation coefficient of split occurrence frequencies: 0.791
NOTE: UFBoot does not converge, continue at least 100 more iterations
Optimizing NNI: done in 0.00127006 secs using 99.92% CPU
Optimizing NNI: done in 0.00234509 secs using 99.95% CPU
Optimizing NNI: done in 0.0034399 secs using 99.57% CPU
Optimizing NNI: done in 0.00303102 secs using 100% CPU
Optimizing NNI: done in 0.00354409 secs using 100% CPU
Optimizing NNI: done in 0.00281596 secs using 99.97% CPU
Optimizing NNI: done in 0.00330281 secs using 99.76% CPU
Optimizing NNI: done in 0.00350094 secs using 99.72% CPU
Optimizing NNI: done in 0.00211 secs using 100% CPU
Optimizing NNI: done in 0.00618005 secs using 100% CPU
Iteration 310 / LogL: -176.578 / Time: 0h:0m:2s (0h:0m:0s left)
Optimizing NNI: done in 0.00388908 secs using 99.69% CPU
Optimizing NNI: done in 0.00387788 secs using 99.98% CPU
Optimizing NNI: done in 0.0022161 secs using 99.95% CPU
Optimizing NNI: done in 0.00215983 secs using 100% CPU
Optimizing NNI: done in 0.00344491 secs using 99.94% CPU
Optimizing NNI: done in 0.00220013 secs using 99.99% CPU
Optimizing NNI: done in 0.00402904 secs using 100% CPU
Optimizing NNI: done in 0.00444508 secs using 100% CPU
Optimizing NNI: done in 0.00640297 secs using 100% CPU
Optimizing NNI: done in 0.0039072 secs using 100% CPU
Iteration 320 / LogL: -176.578 / Time: 0h:0m:3s (0h:0m:0s left)
Optimizing NNI: done in 0.00209093 secs using 100.1% CPU
Optimizing NNI: done in 0.00424314 secs using 99.95% CPU
Optimizing NNI: done in 0.0019269 secs using 100% CPU
Optimizing NNI: done in 0.00424099 secs using 99.67% CPU
Optimizing NNI: done in 0.00221109 secs using 99.05% CPU
Optimizing NNI: done in 0.00213718 secs using 99.94% CPU
Optimizing NNI: done in 0.00505304 secs using 99.98% CPU
Optimizing NNI: done in 0.003793 secs using 99.6% CPU
Optimizing NNI: done in 0.00178289 secs using 99.95% CPU
Optimizing NNI: done in 0.00376678 secs using 99.95% CPU
Iteration 330 / LogL: -176.578 / Time: 0h:0m:3s (0h:0m:0s left)
Optimizing NNI: done in 0.00206494 secs using 99.95% CPU
Optimizing NNI: done in 0.0034318 secs using 100% CPU
Optimizing NNI: done in 0.00224996 secs using 99.96% CPU
Optimizing NNI: done in 0.00391698 secs using 100% CPU
Optimizing NNI: done in 0.00324488 secs using 100% CPU
Optimizing NNI: done in 0.00208998 secs using 100% CPU
Optimizing NNI: done in 0.00343585 secs using 100% CPU
Optimizing NNI: done in 0.00422311 secs using 100% CPU
Optimizing NNI: done in 0.003824 secs using 99.95% CPU
Optimizing NNI: done in 0.00385809 secs using 90.95% CPU
Iteration 340 / LogL: -176.578 / Time: 0h:0m:3s (0h:0m:0s left)
Optimizing NNI: done in 0.00710678 secs using 99.78% CPU
Optimizing NNI: done in 0.0036881 secs using 100% CPU
Optimizing NNI: done in 0.003654 secs using 99.29% CPU
Optimizing NNI: done in 0.00197816 secs using 99.99% CPU
Optimizing NNI: done in 0.0033741 secs using 99.88% CPU
Optimizing NNI: done in 0.00215602 secs using 99.95% CPU
Optimizing NNI: done in 0.00210786 secs using 99.96% CPU
Optimizing NNI: done in 0.00212216 secs using 99.99% CPU
Optimizing NNI: done in 0.00208306 secs using 100% CPU
Optimizing NNI: done in 0.00207281 secs using 100% CPU
Iteration 350 / LogL: -176.578 / Time: 0h:0m:3s (0h:0m:0s left)
Log-likelihood cutoff on original alignment: -191.655
Optimizing NNI: done in 0.00377584 secs using 99.61% CPU
Optimizing NNI: done in 0.00413609 secs using 99.66% CPU
Optimizing NNI: done in 0.00426102 secs using 99.67% CPU
Optimizing NNI: done in 0.00379014 secs using 99.94% CPU
Optimizing NNI: done in 0.00342393 secs using 99.91% CPU
Optimizing NNI: done in 0.00376296 secs using 100% CPU
Optimizing NNI: done in 0.00443292 secs using 100% CPU
Optimizing NNI: done in 0.00438499 secs using 100% CPU
Optimizing NNI: done in 0.00360012 secs using 100% CPU
Optimizing NNI: done in 0.00360417 secs using 100% CPU
Iteration 360 / LogL: -191.159 / Time: 0h:0m:3s (0h:0m:0s left)
Optimizing NNI: done in 0.00213408 secs using 100% CPU
Optimizing NNI: done in 0.00214911 secs using 99.95% CPU
Optimizing NNI: done in 0.00178099 secs using 99.94% CPU
Optimizing NNI: done in 0.00598097 secs using 99.97% CPU
Optimizing NNI: done in 0.00389695 secs using 99.98% CPU
Optimizing NNI: done in 0.00395799 secs using 99.7% CPU
Optimizing NNI: done in 0.00367498 secs using 99.59% CPU
Optimizing NNI: done in 0.00579286 secs using 99.97% CPU
Optimizing NNI: done in 0.00426507 secs using 100% CPU
Optimizing NNI: done in 0.0038352 secs using 99.63% CPU
Iteration 370 / LogL: -176.578 / Time: 0h:0m:3s (0h:0m:0s left)
Optimizing NNI: done in 0.00224113 secs using 99.99% CPU
Optimizing NNI: done in 0.00357985 secs using 100% CPU
Optimizing NNI: done in 0.00218821 secs using 99.99% CPU
Optimizing NNI: done in 0.00341296 secs using 99.97% CPU
Optimizing NNI: done in 0.0022521 secs using 100% CPU
Optimizing NNI: done in 0.00400186 secs using 99.98% CPU
Optimizing NNI: done in 0.00450301 secs using 100% CPU
Optimizing NNI: done in 0.00409198 secs using 99.66% CPU
Optimizing NNI: done in 0.00400186 secs using 99.63% CPU
Optimizing NNI: done in 0.00185585 secs using 99.25% CPU
Iteration 380 / LogL: -176.578 / Time: 0h:0m:3s (0h:0m:0s left)
Optimizing NNI: done in 0.00427198 secs using 99.98% CPU
Optimizing NNI: done in 0.00214601 secs using 100% CPU
Optimizing NNI: done in 0.00405502 secs using 100% CPU
Optimizing NNI: done in 0.00363898 secs using 99.97% CPU
Optimizing NNI: done in 0.00223303 secs using 99.95% CPU
Optimizing NNI: done in 0.0040729 secs using 100% CPU
Optimizing NNI: done in 0.00391388 secs using 99.98% CPU
Optimizing NNI: done in 0.00427818 secs using 100% CPU
Optimizing NNI: done in 0.00190592 secs using 99.32% CPU
Optimizing NNI: done in 0.00224113 secs using 99.95% CPU
Iteration 390 / LogL: -176.578 / Time: 0h:0m:3s (0h:0m:0s left)
Optimizing NNI: done in 0.00226903 secs using 99.43% CPU
Optimizing NNI: done in 0.00383615 secs using 99.6% CPU
Optimizing NNI: done in 0.003932 secs using 100% CPU
Optimizing NNI: done in 0.00215816 secs using 99.99% CPU
Optimizing NNI: done in 0.00208282 secs using 99.96% CPU
Optimizing NNI: done in 0.00387216 secs using 99.97% CPU
Optimizing NNI: done in 0.00211382 secs using 100% CPU
Optimizing NNI: done in 0.00443912 secs using 99.97% CPU
Optimizing NNI: done in 0.00336981 secs using 99.98% CPU
Optimizing NNI: done in 0.00211692 secs using 100% CPU
Iteration 400 / LogL: -176.578 / Time: 0h:0m:3s (0h:0m:0s left)
Log-likelihood cutoff on original alignment: -191.655
NOTE: Bootstrap correlation coefficient of split occurrence frequencies: 0.804
NOTE: UFBoot does not converge, continue at least 100 more iterations
Optimizing NNI: done in 0.00217199 secs using 100% CPU
Optimizing NNI: done in 0.00399804 secs using 100% CPU
Optimizing NNI: done in 0.00436592 secs using 99.96% CPU
Optimizing NNI: done in 0.00419188 secs using 100% CPU
Optimizing NNI: done in 0.00420403 secs using 100% CPU
Optimizing NNI: done in 0.002213 secs using 100% CPU
Optimizing NNI: done in 0.00211191 secs using 99.96% CPU
Optimizing NNI: done in 0.00217199 secs using 100.1% CPU
Optimizing NNI: done in 0.00368094 secs using 100% CPU
Optimizing NNI: done in 0.00217485 secs using 100.1% CPU
Iteration 410 / LogL: -176.578 / Time: 0h:0m:4s (0h:0m:0s left)
Optimizing NNI: done in 0.00438213 secs using 99.68% CPU
Optimizing NNI: done in 0.00358605 secs using 99.52% CPU
Optimizing NNI: done in 0.00384521 secs using 99.99% CPU
Optimizing NNI: done in 0.00530696 secs using 99.98% CPU
Optimizing NNI: done in 0.00372005 secs using 99.95% CPU
Optimizing NNI: done in 0.00370288 secs using 100% CPU
Optimizing NNI: done in 0.00221395 secs using 99.91% CPU
Optimizing NNI: done in 0.00386286 secs using 99.69% CPU
Optimizing NNI: done in 0.00447702 secs using 99.95% CPU
Optimizing NNI: done in 0.00604081 secs using 99.79% CPU
Iteration 420 / LogL: -176.578 / Time: 0h:0m:4s (0h:0m:0s left)
Optimizing NNI: done in 0.00416493 secs using 100% CPU
Optimizing NNI: done in 0.00362515 secs using 100% CPU
Optimizing NNI: done in 0.00215006 secs using 99.95% CPU
Optimizing NNI: done in 0.00219202 secs using 99.91% CPU
Optimizing NNI: done in 0.0036552 secs using 99.58% CPU
Optimizing NNI: done in 0.0034759 secs using 99.66% CPU
Optimizing NNI: done in 0.00219584 secs using 99.96% CPU
Optimizing NNI: done in 0.00379586 secs using 100% CPU
Optimizing NNI: done in 0.00220609 secs using 99.95% CPU
Optimizing NNI: done in 0.00429201 secs using 100% CPU
Iteration 430 / LogL: -176.578 / Time: 0h:0m:4s (0h:0m:0s left)
Optimizing NNI: done in 0.00366497 secs using 99.62% CPU
Optimizing NNI: done in 0.0021472 secs using 99.9% CPU
Optimizing NNI: done in 0.00400496 secs using 100% CPU
Optimizing NNI: done in 0.00211811 secs using 100% CPU
Optimizing NNI: done in 0.00341415 secs using 99.97% CPU
Optimizing NNI: done in 0.004318 secs using 99.68% CPU
Optimizing NNI: done in 0.00223899 secs using 99.96% CPU
Optimizing NNI: done in 0.00212598 secs using 99.91% CPU
Optimizing NNI: done in 0.00217104 secs using 100% CPU
Optimizing NNI: done in 0.00433517 secs using 99.95% CPU
Iteration 440 / LogL: -176.578 / Time: 0h:0m:4s (0h:0m:0s left)
Optimizing NNI: done in 0.00402904 secs using 99.65% CPU
Optimizing NNI: done in 0.00394797 secs using 100% CPU
Optimizing NNI: done in 0.00212502 secs using 99.9% CPU
Optimizing NNI: done in 0.002177 secs using 99.91% CPU
Optimizing NNI: done in 0.00213408 secs using 99.95% CPU
Optimizing NNI: done in 0.002249 secs using 99.96% CPU
Optimizing NNI: done in 0.00396585 secs using 100% CPU
Optimizing NNI: done in 0.00223517 secs using 99.99% CPU
Optimizing NNI: done in 0.00212812 secs using 99.99% CPU
Optimizing NNI: done in 0.00402212 secs using 99.95% CPU
Iteration 450 / LogL: -176.578 / Time: 0h:0m:4s (0h:0m:0s left)
Log-likelihood cutoff on original alignment: -191.655
Optimizing NNI: done in 0.00222778 secs using 100.1% CPU
Optimizing NNI: done in 0.00214195 secs using 99.96% CPU
Optimizing NNI: done in 0.00426507 secs using 99.97% CPU
Optimizing NNI: done in 0.00224495 secs using 99.91% CPU
Optimizing NNI: done in 0.00357103 secs using 99.97% CPU
Optimizing NNI: done in 0.00421691 secs using 99.6% CPU
Optimizing NNI: done in 0.00337696 secs using 100% CPU
Optimizing NNI: done in 0.00223207 secs using 99.28% CPU
Optimizing NNI: done in 0.00619602 secs using 99.74% CPU
Optimizing NNI: done in 0.00437093 secs using 99.98% CPU
Iteration 460 / LogL: -176.578 / Time: 0h:0m:4s (0h:0m:0s left)
Optimizing NNI: done in 0.00400686 secs using 99.98% CPU
Optimizing NNI: done in 0.00420403 secs using 99.55% CPU
Optimizing NNI: done in 0.00433683 secs using 100% CPU
Optimizing NNI: done in 0.00208712 secs using 99.99% CPU
Optimizing NNI: done in 0.0022409 secs using 99.87% CPU
Optimizing NNI: done in 0.00410509 secs using 99.95% CPU
Optimizing NNI: done in 0.00581598 secs using 99.74% CPU
Optimizing NNI: done in 0.00630188 secs using 100% CPU
Optimizing NNI: done in 0.0020659 secs using 100.1% CPU
Optimizing NNI: done in 0.00356913 secs using 99.55% CPU
Iteration 470 / LogL: -191.159 / Time: 0h:0m:4s (0h:0m:0s left)
Optimizing NNI: done in 0.00210786 secs using 100% CPU
Optimizing NNI: done in 0.00659895 secs using 100% CPU
Optimizing NNI: done in 0.00415897 secs using 99.95% CPU
Optimizing NNI: done in 0.00462008 secs using 99.93% CPU
Optimizing NNI: done in 0.00217891 secs using 100.1% CPU
Optimizing NNI: done in 0.004565 secs using 100% CPU
Optimizing NNI: done in 0.00203085 secs using 100.1% CPU
Optimizing NNI: done in 0.00326896 secs using 99.97% CPU
Optimizing NNI: done in 0.00366592 secs using 99.95% CPU
Optimizing NNI: done in 0.00360394 secs using 100% CPU
Iteration 480 / LogL: -191.159 / Time: 0h:0m:5s (0h:0m:0s left)
Optimizing NNI: done in 0.00220203 secs using 100% CPU
Optimizing NNI: done in 0.00206089 secs using 99.96% CPU
Optimizing NNI: done in 0.00221086 secs using 100.1% CPU
Optimizing NNI: done in 0.00452209 secs using 100% CPU
Optimizing NNI: done in 0.00213504 secs using 99.95% CPU
Optimizing NNI: done in 0.00425601 secs using 99.72% CPU
Optimizing NNI: done in 0.00442815 secs using 99.66% CPU
Optimizing NNI: done in 0.00218797 secs using 99.96% CPU
Optimizing NNI: done in 0.0021348 secs using 99.96% CPU
Optimizing NNI: done in 0.00437212 secs using 100% CPU
Iteration 490 / LogL: -176.578 / Time: 0h:0m:5s (0h:0m:0s left)
Optimizing NNI: done in 0.00213003 secs using 100% CPU
Optimizing NNI: done in 0.00442505 secs using 99.98% CPU
Optimizing NNI: done in 0.002105 secs using 100% CPU
Optimizing NNI: done in 0.00526905 secs using 99.96% CPU
Optimizing NNI: done in 0.0049119 secs using 99.96% CPU
Optimizing NNI: done in 0.00434995 secs using 99.73% CPU
Optimizing NNI: done in 0.00212908 secs using 99.34% CPU
Optimizing NNI: done in 0.00188112 secs using 99.2% CPU
Optimizing NNI: done in 0.00693011 secs using 99.48% CPU
Optimizing NNI: done in 0.00351691 secs using 99.6% CPU
Iteration 500 / LogL: -191.159 / Time: 0h:0m:5s (0h:0m:0s left)
Log-likelihood cutoff on original alignment: -192.710
NOTE: Bootstrap correlation coefficient of split occurrence frequencies: 0.838
NOTE: UFBoot does not converge, continue at least 100 more iterations
Optimizing NNI: done in 0.00216007 secs using 99.95% CPU
Optimizing NNI: done in 0.00602293 secs using 100% CPU
Optimizing NNI: done in 0.00220919 secs using 99.99% CPU
Optimizing NNI: done in 0.00213814 secs using 99.9% CPU
Optimizing NNI: done in 0.00432301 secs using 99.98% CPU
Optimizing NNI: done in 0.00210285 secs using 100.1% CPU
Optimizing NNI: done in 0.00217795 secs using 100% CPU
Optimizing NNI: done in 0.00458002 secs using 99.61% CPU
Optimizing NNI: done in 0.00429296 secs using 99.98% CPU
Optimizing NNI: done in 0.00421095 secs using 99.62% CPU
Iteration 510 / LogL: -176.578 / Time: 0h:0m:5s (0h:0m:0s left)
Optimizing NNI: done in 0.00397301 secs using 100% CPU
Optimizing NNI: done in 0.00348401 secs using 99.6% CPU
Optimizing NNI: done in 0.00374103 secs using 99.97% CPU
Optimizing NNI: done in 0.00393701 secs using 99.67% CPU
Optimizing NNI: done in 0.00221801 secs using 100% CPU
Optimizing NNI: done in 0.00413299 secs using 100% CPU
Optimizing NNI: done in 0.0038631 secs using 100% CPU
Optimizing NNI: done in 0.00453591 secs using 99.67% CPU
Optimizing NNI: done in 0.00394106 secs using 99.97% CPU
Optimizing NNI: done in 0.00414991 secs using 99.66% CPU
Iteration 520 / LogL: -176.578 / Time: 0h:0m:5s (0h:0m:0s left)
Optimizing NNI: done in 0.00212121 secs using 99.42% CPU
Optimizing NNI: done in 0.00398207 secs using 99.97% CPU
Optimizing NNI: done in 0.00221896 secs using 100% CPU
Optimizing NNI: done in 0.00401306 secs using 99.67% CPU
Optimizing NNI: done in 0.00323486 secs using 100% CPU
Optimizing NNI: done in 0.003824 secs using 100% CPU
Optimizing NNI: done in 0.00218391 secs using 99.32% CPU
Optimizing NNI: done in 0.00400996 secs using 99.98% CPU
Optimizing NNI: done in 0.00221491 secs using 100% CPU
Optimizing NNI: done in 0.00447488 secs using 99.6% CPU
Iteration 530 / LogL: -176.578 / Time: 0h:0m:5s (0h:0m:0s left)
Optimizing NNI: done in 0.00376415 secs using 99.62% CPU
Optimizing NNI: done in 0.00434804 secs using 100% CPU
Optimizing NNI: done in 0.00395703 secs using 99.95% CPU
Optimizing NNI: done in 0.00370216 secs using 99.27% CPU
Optimizing NNI: done in 0.00391388 secs using 99.98% CPU
Optimizing NNI: done in 0.00219011 secs using 99.99% CPU
Optimizing NNI: done in 0.00222707 secs using 100% CPU
Optimizing NNI: done in 0.00660491 secs using 99.82% CPU
Optimizing NNI: done in 0.00220418 secs using 99.36% CPU
Optimizing NNI: done in 0.00225306 secs using 99.24% CPU
Iteration 540 / LogL: -176.578 / Time: 0h:0m:5s (0h:0m:0s left)
Optimizing NNI: done in 0.00229216 secs using 99.95% CPU
Optimizing NNI: done in 0.00368595 secs using 100% CPU
Optimizing NNI: done in 0.00384617 secs using 100% CPU
Optimizing NNI: done in 0.0041821 secs using 100% CPU
Optimizing NNI: done in 0.00396895 secs using 100% CPU
Optimizing NNI: done in 0.00223088 secs using 100.1% CPU
Optimizing NNI: done in 0.00215101 secs using 100% CPU
Optimizing NNI: done in 0.00211406 secs using 100% CPU
Optimizing NNI: done in 0.00425911 secs using 100% CPU
Optimizing NNI: done in 0.00395298 secs using 100% CPU
Iteration 550 / LogL: -176.578 / Time: 0h:0m:6s (0h:0m:0s left)
Log-likelihood cutoff on original alignment: -192.710
Optimizing NNI: done in 0.00412107 secs using 99.95% CPU
Optimizing NNI: done in 0.00389791 secs using 100% CPU
Optimizing NNI: done in 0.00188208 secs using 100% CPU
Optimizing NNI: done in 0.00196505 secs using 99.95% CPU
Optimizing NNI: done in 0.00396705 secs using 99.97% CPU
Optimizing NNI: done in 0.00215197 secs using 100% CPU
Optimizing NNI: done in 0.00200391 secs using 100% CPU
Optimizing NNI: done in 0.00378203 secs using 100% CPU
Optimizing NNI: done in 0.00401497 secs using 99.95% CPU
Optimizing NNI: done in 0.00386 secs using 99.97% CPU
Iteration 560 / LogL: -191.159 / Time: 0h:0m:6s (0h:0m:0s left)
Optimizing NNI: done in 0.00399113 secs using 99.75% CPU
Optimizing NNI: done in 0.00403714 secs using 100% CPU
Optimizing NNI: done in 0.00380087 secs using 100% CPU
Optimizing NNI: done in 0.00404596 secs using 100% CPU
Optimizing NNI: done in 0.00323701 secs using 100% CPU
Optimizing NNI: done in 0.00211096 secs using 99.95% CPU
Optimizing NNI: done in 0.00217795 secs using 99.96% CPU
Optimizing NNI: done in 0.00419617 secs using 99.73% CPU
Optimizing NNI: done in 0.00209808 secs using 100% CPU
Optimizing NNI: done in 0.00421786 secs using 100% CPU
Iteration 570 / LogL: -176.578 / Time: 0h:0m:6s (0h:0m:0s left)
Optimizing NNI: done in 0.00398183 secs using 100% CPU
Optimizing NNI: done in 0.00434589 secs using 100% CPU
Optimizing NNI: done in 0.00208807 secs using 100% CPU
Optimizing NNI: done in 0.0041821 secs using 99.97% CPU
Optimizing NNI: done in 0.00555396 secs using 99.98% CPU
Optimizing NNI: done in 0.00180697 secs using 99.95% CPU
Optimizing NNI: done in 0.00184703 secs using 99.94% CPU
Optimizing NNI: done in 0.00420809 secs using 100% CPU
Optimizing NNI: done in 0.00209308 secs using 99.95% CPU
Optimizing NNI: done in 0.00404692 secs using 100% CPU
Iteration 580 / LogL: -176.578 / Time: 0h:0m:6s (0h:0m:0s left)
Optimizing NNI: done in 0.00216103 secs using 99.95% CPU
Optimizing NNI: done in 0.00351095 secs using 100% CPU
Optimizing NNI: done in 0.00212693 secs using 100% CPU
Optimizing NNI: done in 0.00189209 secs using 100% CPU
Optimizing NNI: done in 0.00423694 secs using 100% CPU
Optimizing NNI: done in 0.00206089 secs using 99.96% CPU
Optimizing NNI: done in 0.00427508 secs using 100% CPU
Optimizing NNI: done in 0.00390506 secs using 99.95% CPU
Optimizing NNI: done in 0.00205898 secs using 100% CPU
Optimizing NNI: done in 0.003474 secs using 100% CPU
Iteration 590 / LogL: -180.407 / Time: 0h:0m:6s (0h:0m:0s left)
Optimizing NNI: done in 0.00317693 secs using 99.97% CPU
Optimizing NNI: done in 0.00396681 secs using 99.98% CPU
Optimizing NNI: done in 0.00413179 secs using 99.74% CPU
Optimizing NNI: done in 0.00352907 secs using 100% CPU
Optimizing NNI: done in 0.00391603 secs using 99.72% CPU
Optimizing NNI: done in 0.00368094 secs using 99.97% CPU
Optimizing NNI: done in 0.00400209 secs using 99.97% CPU
Optimizing NNI: done in 0.00335813 secs using 99.94% CPU
Optimizing NNI: done in 0.00200295 secs using 99.95% CPU
Optimizing NNI: done in 0.00417495 secs using 99.95% CPU
Iteration 600 / LogL: -180.407 / Time: 0h:0m:6s (0h:0m:0s left)
Log-likelihood cutoff on original alignment: -191.655
NOTE: Bootstrap correlation coefficient of split occurrence frequencies: 0.932
NOTE: UFBoot does not converge, continue at least 100 more iterations
Optimizing NNI: done in 0.0020411 secs using 100% CPU
Optimizing NNI: done in 0.00388503 secs using 100% CPU
Optimizing NNI: done in 0.0038569 secs using 100% CPU
Optimizing NNI: done in 0.00197411 secs using 99.99% CPU
Optimizing NNI: done in 0.00209212 secs using 99.99% CPU
Optimizing NNI: done in 0.00391316 secs using 100% CPU
Optimizing NNI: done in 0.00207901 secs using 99.95% CPU
Optimizing NNI: done in 0.00423408 secs using 99.71% CPU
Optimizing NNI: done in 0.0020349 secs using 100% CPU
Optimizing NNI: done in 0.00418019 secs using 99.97% CPU
Iteration 610 / LogL: -176.578 / Time: 0h:0m:6s (0h:0m:1s left)
Optimizing NNI: done in 0.00413609 secs using 99.68% CPU
Optimizing NNI: done in 0.00220108 secs using 99.95% CPU
Optimizing NNI: done in 0.00207996 secs using 99.91% CPU
Optimizing NNI: done in 0.00440097 secs using 100% CPU
Optimizing NNI: done in 0.00423384 secs using 99.98% CPU
Optimizing NNI: done in 0.00214911 secs using 100% CPU
Optimizing NNI: done in 0.00643206 secs using 99.81% CPU
Optimizing NNI: done in 0.00465798 secs using 99.98% CPU
Optimizing NNI: done in 0.00418997 secs using 100% CPU
Optimizing NNI: done in 0.00381088 secs using 99.61% CPU
Iteration 620 / LogL: -176.578 / Time: 0h:0m:7s (0h:0m:0s left)
Optimizing NNI: done in 0.00434995 secs using 99.98% CPU
Optimizing NNI: done in 0.00219202 secs using 99.86% CPU
Optimizing NNI: done in 0.00204706 secs using 100% CPU
Optimizing NNI: done in 0.00400901 secs using 99.97% CPU
Optimizing NNI: done in 0.0021069 secs using 99.48% CPU
Optimizing NNI: done in 0.003654 secs using 100% CPU
Optimizing NNI: done in 0.00205183 secs using 99.37% CPU
Optimizing NNI: done in 0.00345802 secs using 99.68% CPU
Optimizing NNI: done in 0.00205708 secs using 99.46% CPU
Optimizing NNI: done in 0.00346994 secs using 100% CPU
Iteration 630 / LogL: -180.407 / Time: 0h:0m:7s (0h:0m:0s left)
Optimizing NNI: done in 0.00206804 secs using 99.95% CPU
Optimizing NNI: done in 0.00216103 secs using 99.44% CPU
Optimizing NNI: done in 0.00622797 secs using 100% CPU
Optimizing NNI: done in 0.00554109 secs using 99.76% CPU
Optimizing NNI: done in 0.00377011 secs using 99.97% CPU
Optimizing NNI: done in 0.00202513 secs using 99.94% CPU
Optimizing NNI: done in 0.00355911 secs using 99.97% CPU
Optimizing NNI: done in 0.00410295 secs using 100% CPU
Optimizing NNI: done in 0.00379109 secs using 99.6% CPU
Optimizing NNI: done in 0.00412416 secs using 100% CPU
Iteration 640 / LogL: -176.578 / Time: 0h:0m:7s (0h:0m:0s left)
Optimizing NNI: done in 0.00327301 secs using 99.94% CPU
Optimizing NNI: done in 0.00261497 secs using 99.92% CPU
Optimizing NNI: done in 0.00219393 secs using 100% CPU
Optimizing NNI: done in 0.00632 secs using 99.98% CPU
Optimizing NNI: done in 0.00645494 secs using 99.78% CPU
Optimizing NNI: done in 0.00347614 secs using 100% CPU
Optimizing NNI: done in 0.00387597 secs using 99.97% CPU
Optimizing NNI: done in 0.00354195 secs using 99.97% CPU
Optimizing NNI: done in 0.00197983 secs using 100% CPU
Optimizing NNI: done in 0.00205493 secs using 99.91% CPU
Iteration 650 / LogL: -176.578 / Time: 0h:0m:7s (0h:0m:0s left)
Log-likelihood cutoff on original alignment: -191.655
Optimizing NNI: done in 0.00208497 secs using 99.91% CPU
Optimizing NNI: done in 0.00381994 secs using 99.98% CPU
Optimizing NNI: done in 0.00206208 secs using 99.95% CPU
Optimizing NNI: done in 0.0022099 secs using 100% CPU
Optimizing NNI: done in 0.00212812 secs using 99.9% CPU
Optimizing NNI: done in 0.00195599 secs using 100% CPU
Optimizing NNI: done in 0.00196385 secs using 100% CPU
Optimizing NNI: done in 0.00205302 secs using 99.95% CPU
Optimizing NNI: done in 0.00342512 secs using 99.65% CPU
Optimizing NNI: done in 0.0020411 secs using 99.36% CPU
Iteration 660 / LogL: -176.578 / Time: 0h:0m:7s (0h:0m:0s left)
Optimizing NNI: done in 0.00371885 secs using 99.98% CPU
Optimizing NNI: done in 0.00201583 secs using 100% CPU
Optimizing NNI: done in 0.00389504 secs using 99.97% CPU
Optimizing NNI: done in 0.00368094 secs using 100% CPU
Optimizing NNI: done in 0.00214505 secs using 99.95% CPU
Optimizing NNI: done in 0.00201392 secs using 100.1% CPU
Optimizing NNI: done in 0.0037241 secs using 100% CPU
Optimizing NNI: done in 0.00202107 secs using 99.95% CPU
Optimizing NNI: done in 0.00412989 secs using 99.98% CPU
Optimizing NNI: done in 0.00327992 secs using 100% CPU
Iteration 670 / LogL: -180.407 / Time: 0h:0m:7s (0h:0m:0s left)
Optimizing NNI: done in 0.00355721 secs using 99.99% CPU
Optimizing NNI: done in 0.00357318 secs using 99.97% CPU
Optimizing NNI: done in 0.00197601 secs using 99.95% CPU
Optimizing NNI: done in 0.00388408 secs using 99.61% CPU
Optimizing NNI: done in 0.00410795 secs using 99.98% CPU
Optimizing NNI: done in 0.00415683 secs using 99.72% CPU
Optimizing NNI: done in 0.00212693 secs using 99.91% CPU
Optimizing NNI: done in 0.00357294 secs using 100.1% CPU
Optimizing NNI: done in 0.00429702 secs using 100% CPU
Optimizing NNI: done in 0.00365996 secs using 99.65% CPU
Iteration 680 / LogL: -176.578 / Time: 0h:0m:7s (0h:0m:0s left)
Optimizing NNI: done in 0.00362086 secs using 99.98% CPU
Optimizing NNI: done in 0.00412893 secs using 99.98% CPU
Optimizing NNI: done in 0.00213194 secs using 99.96% CPU
Optimizing NNI: done in 0.0021019 secs using 100% CPU
Optimizing NNI: done in 0.00657105 secs using 99.82% CPU
Optimizing NNI: done in 0.00430202 secs using 99.72% CPU
Optimizing NNI: done in 0.0036819 secs using 99.98% CPU
Optimizing NNI: done in 0.00310707 secs using 99.97% CPU
Optimizing NNI: done in 0.00191498 secs using 99.27% CPU
Optimizing NNI: done in 0.00617003 secs using 99.98% CPU
Iteration 690 / LogL: -176.578 / Time: 0h:0m:8s (0h:0m:0s left)
Optimizing NNI: done in 0.00356007 secs using 99.97% CPU
Optimizing NNI: done in 0.00230289 secs using 100% CPU
Optimizing NNI: done in 0.00212693 secs using 100% CPU
Optimizing NNI: done in 0.00358796 secs using 99.61% CPU
Optimizing NNI: done in 0.00553918 secs using 100% CPU
Optimizing NNI: done in 0.00198317 secs using 99.89% CPU
Optimizing NNI: done in 0.0039711 secs using 99.64% CPU
Optimizing NNI: done in 0.00198197 secs using 99.95% CPU
Optimizing NNI: done in 0.00211096 secs using 100% CPU
Optimizing NNI: done in 0.00534201 secs using 99.72% CPU
Iteration 700 / LogL: -176.578 / Time: 0h:0m:8s (0h:0m:0s left)
Log-likelihood cutoff on original alignment: -191.655
NOTE: Bootstrap correlation coefficient of split occurrence frequencies: 0.942
NOTE: UFBoot does not converge, continue at least 100 more iterations
Optimizing NNI: done in 0.00438619 secs using 99.7% CPU
Optimizing NNI: done in 0.00600004 secs using 99.75% CPU
Optimizing NNI: done in 0.00197887 secs using 100% CPU
Optimizing NNI: done in 0.00345898 secs using 99.54% CPU
Optimizing NNI: done in 0.00217485 secs using 99.18% CPU
Optimizing NNI: done in 0.003865 secs using 100% CPU
Optimizing NNI: done in 0.00416398 secs using 99.98% CPU
Optimizing NNI: done in 0.00389194 secs using 100% CPU
Optimizing NNI: done in 0.00398088 secs using 99.68% CPU
Optimizing NNI: done in 0.00365686 secs using 100% CPU
Iteration 710 / LogL: -176.578 / Time: 0h:0m:8s (0h:0m:1s left)
Optimizing NNI: done in 0.00197291 secs using 99.95% CPU
Optimizing NNI: done in 0.00337696 secs using 99.97% CPU
Optimizing NNI: done in 0.00423288 secs using 100% CPU
Optimizing NNI: done in 0.00354004 secs using 100% CPU
Optimizing NNI: done in 0.00202703 secs using 99.95% CPU
Optimizing NNI: done in 0.00201893 secs using 100% CPU
Optimizing NNI: done in 0.00212908 secs using 100.1% CPU
Optimizing NNI: done in 0.00340819 secs using 99.96% CPU
Optimizing NNI: done in 0.00357199 secs using 99.55% CPU
Optimizing NNI: done in 0.00218797 secs using 99.91% CPU
Iteration 720 / LogL: -176.578 / Time: 0h:0m:8s (0h:0m:0s left)
Optimizing NNI: done in 0.00384307 secs using 100% CPU
Optimizing NNI: done in 0.00383496 secs using 99.77% CPU
Optimizing NNI: done in 0.00396395 secs using 100% CPU
Optimizing NNI: done in 0.00222015 secs using 99.99% CPU
Optimizing NNI: done in 0.00393319 secs using 99.97% CPU
Optimizing NNI: done in 0.00207901 secs using 100% CPU
Optimizing NNI: done in 0.00214386 secs using 99.91% CPU
Optimizing NNI: done in 0.00424504 secs using 99.65% CPU
Optimizing NNI: done in 0.00420499 secs using 99.98% CPU
Optimizing NNI: done in 0.00335002 secs using 100% CPU
Iteration 730 / LogL: -180.407 / Time: 0h:0m:8s (0h:0m:0s left)
Optimizing NNI: done in 0.00546408 secs using 99.78% CPU
Optimizing NNI: done in 0.00415516 secs using 99.71% CPU
Optimizing NNI: done in 0.0021019 secs using 100.1% CPU
Optimizing NNI: done in 0.00206709 secs using 99.95% CPU
Optimizing NNI: done in 0.00611901 secs using 99.79% CPU
Optimizing NNI: done in 0.00427794 secs using 99.95% CPU
Optimizing NNI: done in 0.0038259 secs using 99.69% CPU
Optimizing NNI: done in 0.0012691 secs using 100.1% CPU
Optimizing NNI: done in 0.00240111 secs using 99.45% CPU
Optimizing NNI: done in 0.00406504 secs using 100% CPU
Iteration 740 / LogL: -176.578 / Time: 0h:0m:8s (0h:0m:0s left)
Optimizing NNI: done in 0.00206494 secs using 100% CPU
Optimizing NNI: done in 0.00227904 secs using 99.95% CPU
Optimizing NNI: done in 0.00402617 secs using 99.65% CPU
Optimizing NNI: done in 0.00397205 secs using 100% CPU
Optimizing NNI: done in 0.00230789 secs using 99.35% CPU
Optimizing NNI: done in 0.00213099 secs using 99.91% CPU
Optimizing NNI: done in 0.00185919 secs using 99.99% CPU
Optimizing NNI: done in 0.00400496 secs using 100.1% CPU
Optimizing NNI: done in 0.00404811 secs using 100% CPU
Optimizing NNI: done in 0.00380707 secs using 99.97% CPU
Iteration 750 / LogL: -176.578 / Time: 0h:0m:9s (0h:0m:0s left)
Log-likelihood cutoff on original alignment: -191.655
Optimizing NNI: done in 0.00213909 secs using 100% CPU
Optimizing NNI: done in 0.00211406 secs using 100% CPU
Optimizing NNI: done in 0.00437307 secs using 99.61% CPU
Optimizing NNI: done in 0.00212407 secs
Optimizing NNI: done in 0.00353193 secs using 100% CPU
Optimizing NNI: done in 0.00368285 secs using 99.98% CPU
Optimizing NNI: done in 0.00324297 secs using 99.63% CPU
Optimizing NNI: done in 0.004318 secs using 99.72% CPU
Optimizing NNI: done in 0.00649714 secs using 100% CPU
Optimizing NNI: done in 0.00436783 secs using 100% CPU
Iteration 760 / LogL: -176.578 / Time: 0h:0m:9s (0h:0m:0s left)
Optimizing NNI: done in 0.00410581 secs using 99.79% CPU
Optimizing NNI: done in 0.00216103 secs using 99.95% CPU
Optimizing NNI: done in 0.003546 secs using 100% CPU
Optimizing NNI: done in 0.00457597 secs using 99.65% CPU
Optimizing NNI: done in 0.00734806 secs using 99.8% CPU
Optimizing NNI: done in 0.00439596 secs using 99.73% CPU
Optimizing NNI: done in 0.0036149 secs using 99.98% CPU
Optimizing NNI: done in 0.00428796 secs using 99.7% CPU
Optimizing NNI: done in 0.00225782 secs using 99.3% CPU
Optimizing NNI: done in 0.00217009 secs using 99.9% CPU
Iteration 770 / LogL: -176.578 / Time: 0h:0m:9s (0h:0m:0s left)
Optimizing NNI: done in 0.00215006 secs using 100% CPU
Optimizing NNI: done in 0.00215101 secs using 99.95% CPU
Optimizing NNI: done in 0.00217795 secs using 99.96% CPU
Optimizing NNI: done in 0.00381494 secs using 100% CPU
Optimizing NNI: done in 0.00376678 secs using 99.98% CPU
Optimizing NNI: done in 0.00190592 secs using 100% CPU
Optimizing NNI: done in 0.00392509 secs using 100% CPU
Optimizing NNI: done in 0.00414896 secs using 99.62% CPU
Optimizing NNI: done in 0.00406384 secs using 100% CPU
Optimizing NNI: done in 0.00423884 secs using 99.63% CPU
Iteration 780 / LogL: -176.578 / Time: 0h:0m:9s (0h:0m:0s left)
Optimizing NNI: done in 0.00215292 secs using 99.35% CPU
Optimizing NNI: done in 0.00377798 secs using 100% CPU
Optimizing NNI: done in 0.00411606 secs using 100% CPU
Optimizing NNI: done in 0.00217199 secs using 99.95% CPU
Optimizing NNI: done in 0.00213408 secs using 100% CPU
Optimizing NNI: done in 0.00222206 secs using 99.19% CPU
Optimizing NNI: done in 0.00219893 secs using 99.23% CPU
Optimizing NNI: done in 0.00372601 secs using 100% CPU
Optimizing NNI: done in 0.00597692 secs using 99.98% CPU
Optimizing NNI: done in 0.0020802 secs using 99.99% CPU
Iteration 790 / LogL: -176.578 / Time: 0h:0m:9s (0h:0m:0s left)
Optimizing NNI: done in 0.00201201 secs using 99.85% CPU
Optimizing NNI: done in 0.00423002 secs using 99.64% CPU
Optimizing NNI: done in 0.00423598 secs using 99.98% CPU
Optimizing NNI: done in 0.00204897 secs using 99.86% CPU
Optimizing NNI: done in 0.0038631 secs using 100% CPU
Optimizing NNI: done in 0.002141 secs using 97.48% CPU
Optimizing NNI: done in 0.00411701 secs using 100% CPU
Optimizing NNI: done in 0.00226903 secs using 95.11% CPU
Optimizing NNI: done in 0.00425386 secs using 99.98% CPU
Optimizing NNI: done in 0.00369692 secs using 99.49% CPU
Iteration 800 / LogL: -191.159 / Time: 0h:0m:9s (0h:0m:0s left)
Log-likelihood cutoff on original alignment: -191.655
NOTE: Bootstrap correlation coefficient of split occurrence frequencies: 0.980
NOTE: UFBoot does not converge, continue at least 100 more iterations
Optimizing NNI: done in 0.00447798 secs using 99.71% CPU
Optimizing NNI: done in 0.00211406 secs using 99.95% CPU
Optimizing NNI: done in 0.00216508 secs using 98.52% CPU
Optimizing NNI: done in 0.00386882 secs using 99.98% CPU
Optimizing NNI: done in 0.00197101 secs using 100.1% CPU
Optimizing NNI: done in 0.00740719 secs using 99.82% CPU
Optimizing NNI: done in 0.00342989 secs using 100% CPU
Optimizing NNI: done in 0.00394988 secs using 100% CPU
Optimizing NNI: done in 0.00423503 secs using 99.67% CPU
Optimizing NNI: done in 0.00212002 secs using 99.86% CPU
Iteration 810 / LogL: -176.578 / Time: 0h:0m:10s (0h:0m:1s left)
Optimizing NNI: done in 0.00219917 secs using 99.36% CPU
Optimizing NNI: done in 0.00407887 secs using 99.93% CPU
Optimizing NNI: done in 0.00440097 secs using 99.77% CPU
Optimizing NNI: done in 0.0063839 secs using 99.81% CPU
Optimizing NNI: done in 0.00393796 secs using 99.75% CPU
Optimizing NNI: done in 0.00358891 secs using 99.67% CPU
Optimizing NNI: done in 0.00342703 secs using 99.97% CPU
Optimizing NNI: done in 0.00391698 secs using 100% CPU
Optimizing NNI: done in 0.00210404 secs using 100% CPU
Optimizing NNI: done in 0.00624204 secs using 99.82% CPU
Iteration 820 / LogL: -176.578 / Time: 0h:0m:10s (0h:0m:1s left)
Optimizing NNI: done in 0.00207496 secs using 100% CPU
Optimizing NNI: done in 0.00397015 secs using 99.74% CPU
Optimizing NNI: done in 0.00381994 secs using 99.66% CPU
Optimizing NNI: done in 0.0044601 secs using 99.71% CPU
Optimizing NNI: done in 0.00370812 secs using 99.97% CPU
Optimizing NNI: done in 0.00433922 secs using 99.6% CPU
Optimizing NNI: done in 0.00200796 secs using 99.95% CPU
Optimizing NNI: done in 0.00208998 secs using 99.95% CPU
Optimizing NNI: done in 0.0020752 secs using 99.99% CPU
Optimizing NNI: done in 0.00437379 secs using 99.71% CPU
Iteration 830 / LogL: -176.578 / Time: 0h:0m:10s (0h:0m:0s left)
Optimizing NNI: done in 0.00183511 secs using 99.99% CPU
Optimizing NNI: done in 0.00223708 secs using 100% CPU
Optimizing NNI: done in 0.00218105 secs using 99.45% CPU
Optimizing NNI: done in 0.00393701 secs using 99.57% CPU
Optimizing NNI: done in 0.00386906 secs using 100% CPU
Optimizing NNI: done in 0.00446105 secs using 99.69% CPU
Optimizing NNI: done in 0.00441194 secs using 99.96% CPU
Optimizing NNI: done in 0.00208092 secs using 99.96% CPU
Optimizing NNI: done in 0.00460792 secs using 99.72% CPU
Optimizing NNI: done in 0.00216699 secs using 100% CPU
Iteration 840 / LogL: -176.578 / Time: 0h:0m:10s (0h:0m:0s left)
Optimizing NNI: done in 0.00454211 secs using 99.2% CPU
Optimizing NNI: done in 0.00356007 secs using 99.97% CPU
Optimizing NNI: done in 0.00212598 secs using 98.78% CPU
Optimizing NNI: done in 0.00216699 secs using 100% CPU
Optimizing NNI: done in 0.00434613 secs using 99.7% CPU
Optimizing NNI: done in 0.00366306 secs using 100% CPU
Optimizing NNI: done in 0.00428605 secs using 99.77% CPU
Optimizing NNI: done in 0.00214815 secs using 99.99% CPU
Optimizing NNI: done in 0.00405407 secs using 100% CPU
Optimizing NNI: done in 0.0022409 secs using 99.38% CPU
Iteration 850 / LogL: -176.578 / Time: 0h:0m:10s (0h:0m:0s left)
Log-likelihood cutoff on original alignment: -191.655
Optimizing NNI: done in 0.00427794 secs using 100% CPU
Optimizing NNI: done in 0.003896 secs using 99.97% CPU
Optimizing NNI: done in 0.00219393 secs using 100% CPU
Optimizing NNI: done in 0.00364518 secs using 99.58% CPU
Optimizing NNI: done in 0.002105 secs using 100% CPU
Optimizing NNI: done in 0.00387001 secs using 100% CPU
Optimizing NNI: done in 0.00214005 secs using 99.62% CPU
Optimizing NNI: done in 0.00211501 secs using 99.95% CPU
Optimizing NNI: done in 0.00221014 secs using 99.31% CPU
Optimizing NNI: done in 0.00219607 secs using 100% CPU
Iteration 860 / LogL: -176.578 / Time: 0h:0m:10s (0h:0m:0s left)
Optimizing NNI: done in 0.00389409 secs using 99.59% CPU
Optimizing NNI: done in 0.00215411 secs using 99.95% CPU
Optimizing NNI: done in 0.00214195 secs using 100% CPU
Optimizing NNI: done in 0.00439596 secs using 100% CPU
Optimizing NNI: done in 0.00391698 secs using 99.62% CPU
Optimizing NNI: done in 0.00209212 secs using 99.9% CPU
Optimizing NNI: done in 0.00431705 secs using 99.65% CPU
Optimizing NNI: done in 0.00223613 secs using 99.99% CPU
Optimizing NNI: done in 0.00374293 secs using 99.95% CPU
Optimizing NNI: done in 0.00430989 secs using 99.96% CPU
Iteration 870 / LogL: -176.578 / Time: 0h:0m:11s (0h:0m:0s left)
Optimizing NNI: done in 0.00407004 secs using 99.65% CPU
Optimizing NNI: done in 0.00416112 secs using 100% CPU
Optimizing NNI: done in 0.00209188 secs using 99.96% CPU
Optimizing NNI: done in 0.00211596 secs using 99.91% CPU
Optimizing NNI: done in 0.00390697 secs using 100% CPU
Optimizing NNI: done in 0.0022068 secs using 99.37% CPU
Optimizing NNI: done in 0.00393796 secs using 100% CPU
Optimizing NNI: done in 0.00400496 secs using 99.98% CPU
Optimizing NNI: done in 0.0021832 secs using 99.35% CPU
Optimizing NNI: done in 0.00371099 secs using 99.97% CPU
Iteration 880 / LogL: -180.407 / Time: 0h:0m:11s (0h:0m:0s left)
Optimizing NNI: done in 0.00390387 secs using 99.67% CPU
Optimizing NNI: done in 0.00392103 secs using 99.97% CPU
Optimizing NNI: done in 0.00384283 secs using 99.59% CPU
Optimizing NNI: done in 0.00211096 secs using 99.95% CPU
Optimizing NNI: done in 0.00215101 secs using 99.91% CPU
Optimizing NNI: done in 0.00387597 secs using 99.97% CPU
Optimizing NNI: done in 0.00211811 secs using 99.38% CPU
Optimizing NNI: done in 0.0036459 secs using 99.98% CPU
Optimizing NNI: done in 0.00411892 secs using 100% CPU
Optimizing NNI: done in 0.0043509 secs using 99.75% CPU
Iteration 890 / LogL: -176.578 / Time: 0h:0m:11s (0h:0m:0s left)
Optimizing NNI: done in 0.00360894 secs using 100% CPU
Optimizing NNI: done in 0.00190401 secs using 100.1% CPU
Optimizing NNI: done in 0.00202918 secs using 99.94% CPU
Optimizing NNI: done in 0.00424504 secs using 100% CPU
Optimizing NNI: done in 0.0035789 secs using 99.58% CPU
Optimizing NNI: done in 0.004426 secs using 99.77% CPU
Optimizing NNI: done in 0.00427198 secs using 100% CPU
Optimizing NNI: done in 0.0043118 secs using 99.68% CPU
Optimizing NNI: done in 0.00385213 secs using 100% CPU
Optimizing NNI: done in 0.00506997 secs using 99.76% CPU
Iteration 900 / LogL: -176.578 / Time: 0h:0m:11s (0h:0m:0s left)
Log-likelihood cutoff on original alignment: -191.655
NOTE: Bootstrap correlation coefficient of split occurrence frequencies: 0.980
NOTE: UFBoot does not converge, continue at least 100 more iterations
Optimizing NNI: done in 0.00410604 secs using 100% CPU
Optimizing NNI: done in 0.00413799 secs using 99.71% CPU
Optimizing NNI: done in 0.00356579 secs using 99.67% CPU
Optimizing NNI: done in 0.00405002 secs using 100% CPU
Optimizing NNI: done in 0.0021739 secs using 99.96% CPU
Optimizing NNI: done in 0.00435114 secs using 100% CPU
Optimizing NNI: done in 0.00385189 secs using 99.54% CPU
Optimizing NNI: done in 0.00222707 secs using 99.91% CPU
Optimizing NNI: done in 0.00217319 secs using 99.99% CPU
Optimizing NNI: done in 0.00216198 secs using 100% CPU
Iteration 910 / LogL: -176.578 / Time: 0h:0m:11s (0h:0m:1s left)
Optimizing NNI: done in 0.00219989 secs using 100% CPU
Optimizing NNI: done in 0.00211 secs using 100% CPU
Optimizing NNI: done in 0.00218892 secs using 99.96% CPU
Optimizing NNI: done in 0.00569201 secs using 99.95% CPU
Optimizing NNI: done in 0.00374103 secs using 100% CPU
Optimizing NNI: done in 0.00208092 secs using 100% CPU
Optimizing NNI: done in 0.00400996 secs using 100% CPU
Optimizing NNI: done in 0.0021069 secs using 99.96% CPU
Optimizing NNI: done in 0.00394201 secs using 99.64% CPU
Optimizing NNI: done in 0.00409198 secs using 99.68% CPU
Iteration 920 / LogL: -176.578 / Time: 0h:0m:12s (0h:0m:1s left)
Optimizing NNI: done in 0.00393295 secs using 100% CPU
Optimizing NNI: done in 0.00210214 secs using 100.1% CPU
Optimizing NNI: done in 0.00211501 secs using 99.95% CPU
Optimizing NNI: done in 0.002177 secs using 99.95% CPU
Optimizing NNI: done in 0.00221896 secs using 99.42% CPU
Optimizing NNI: done in 0.00219297 secs using 100% CPU
Optimizing NNI: done in 0.00222421 secs using 99.95% CPU
Optimizing NNI: done in 0.00435781 secs using 99.94% CPU
Optimizing NNI: done in 0.00217891 secs using 99.96% CPU
Optimizing NNI: done in 0.00401402 secs using 99.7% CPU
Iteration 930 / LogL: -180.407 / Time: 0h:0m:12s (0h:0m:0s left)
Optimizing NNI: done in 0.00443006 secs using 100% CPU
Optimizing NNI: done in 0.00714588 secs using 99.85% CPU
Optimizing NNI: done in 0.00211692 secs using 99.96% CPU
Optimizing NNI: done in 0.00213385 secs using 100.1% CPU
Optimizing NNI: done in 0.00377512 secs using 99.97% CPU
Optimizing NNI: done in 0.0038631 secs using 99.97% CPU
Optimizing NNI: done in 0.0020678 secs using 100% CPU
Optimizing NNI: done in 0.00349903 secs using 99.6% CPU
Optimizing NNI: done in 0.00209308 secs using 100% CPU
Optimizing NNI: done in 0.00385404 secs using 99.61% CPU
Iteration 940 / LogL: -176.578 / Time: 0h:0m:12s (0h:0m:0s left)
Optimizing NNI: done in 0.00219011 secs using 99.26% CPU
Optimizing NNI: done in 0.00214887 secs using 100% CPU
Optimizing NNI: done in 0.00711799 secs using 99.83% CPU
Optimizing NNI: done in 0.00380707 secs using 99.66% CPU
Optimizing NNI: done in 0.00345302 secs using 100% CPU
Optimizing NNI: done in 0.00222206 secs using 100% CPU
Optimizing NNI: done in 0.00445986 secs using 98.84% CPU
Optimizing NNI: done in 0.00356102 secs using 99.66% CPU
Optimizing NNI: done in 0.00178099 secs using 100.1% CPU
Optimizing NNI: done in 0.00354791 secs using 100% CPU
Iteration 950 / LogL: -180.407 / Time: 0h:0m:12s (0h:0m:0s left)
Log-likelihood cutoff on original alignment: -191.655
Optimizing NNI: done in 0.00221205 secs using 99.91% CPU
Optimizing NNI: done in 0.00366998 secs using 98.88% CPU
Optimizing NNI: done in 0.00391912 secs using 100% CPU
Optimizing NNI: done in 0.00206184 secs using 100.1% CPU
Optimizing NNI: done in 0.002177 secs using 100% CPU
Optimizing NNI: done in 0.00443506 secs using 99.98% CPU
Optimizing NNI: done in 0.00218797 secs using 99.96% CPU
Optimizing NNI: done in 0.00205708 secs using 100% CPU
Optimizing NNI: done in 0.00428319 secs using 99.44% CPU
Optimizing NNI: done in 0.00640202 secs using 99.8% CPU
Iteration 960 / LogL: -176.578 / Time: 0h:0m:12s (0h:0m:0s left)
Optimizing NNI: done in 0.00387692 secs using 100% CPU
Optimizing NNI: done in 0.00389695 secs using 100% CPU
Optimizing NNI: done in 0.00365901 secs using 100% CPU
Optimizing NNI: done in 0.00339413 secs using 99.58% CPU
Optimizing NNI: done in 0.00350499 secs using 99.91% CPU
Optimizing NNI: done in 0.00211 secs using 100% CPU
Optimizing NNI: done in 0.00210214 secs using 99.99% CPU
Optimizing NNI: done in 0.00212407 secs using 99.34% CPU
Optimizing NNI: done in 0.00384688 secs using 100% CPU
Optimizing NNI: done in 0.00595903 secs using 99.98% CPU
Iteration 970 / LogL: -176.578 / Time: 0h:0m:12s (0h:0m:0s left)
Optimizing NNI: done in 0.00209188 secs using 99.96% CPU
Optimizing NNI: done in 0.00419211 secs using 99.64% CPU
Optimizing NNI: done in 0.00211692 secs using 99.96% CPU
Optimizing NNI: done in 0.00207806 secs using 99.95% CPU
Optimizing NNI: done in 0.00615096 secs using 99.81% CPU
Optimizing NNI: done in 0.00210714 secs using 99.99% CPU
Optimizing NNI: done in 0.00419593 secs using 99.98% CPU
Optimizing NNI: done in 0.00427604 secs using 100% CPU
Optimizing NNI: done in 0.00412583 secs using 99.71% CPU
Optimizing NNI: done in 0.00208998 secs using 100% CPU
Iteration 980 / LogL: -176.578 / Time: 0h:0m:13s (0h:0m:0s left)
Optimizing NNI: done in 0.00419211 secs using 99.95% CPU
Optimizing NNI: done in 0.00620413 secs using 99.93% CPU
Optimizing NNI: done in 0.00517583 secs using 99.75% CPU
Optimizing NNI: done in 0.00420022 secs using 99.69% CPU
Optimizing NNI: done in 0.00399089 secs using 100% CPU
Optimizing NNI: done in 0.00366092 secs using 100% CPU
Optimizing NNI: done in 0.00219989 secs using 99.37% CPU
Optimizing NNI: done in 0.00429392 secs using 99.98% CPU
Optimizing NNI: done in 0.00423717 secs using 100% CPU
Optimizing NNI: done in 0.00600696 secs using 100% CPU
Iteration 990 / LogL: -176.578 / Time: 0h:0m:13s (0h:0m:0s left)
Optimizing NNI: done in 0.00351 secs using 99.6% CPU
Optimizing NNI: done in 0.00436115 secs using 99.61% CPU
Optimizing NNI: done in 0.00355482 secs using 99.98% CPU
Optimizing NNI: done in 0.00397801 secs using 99.97% CPU
Optimizing NNI: done in 0.00216794 secs using 100% CPU
Optimizing NNI: done in 0.00422788 secs using 99.67% CPU
Optimizing NNI: done in 0.002074 secs using 100% CPU
Optimizing NNI: done in 0.00335097 secs using 100% CPU
Optimizing NNI: done in 0.00207901 secs using 100% CPU
Optimizing NNI: done in 0.00212884 secs using 99.96% CPU
Iteration 1000 / LogL: -176.578 / Time: 0h:0m:13s (0h:0m:0s left)
Log-likelihood cutoff on original alignment: -191.655
NOTE: Bootstrap correlation coefficient of split occurrence frequencies: 0.979
NOTE: UFBoot does not converge, continue at least 100 more iterations
Optimizing NNI: done in 0.00215197 secs using 99.91% CPU
WARNING: bootstrap analysis did not converge. You should rerun with higher number of iterations (-nm option)
TREE SEARCH COMPLETED AFTER 1001 ITERATIONS / Time: 0h:0m:13s

--------------------------------------------------------------------
|                    FINALIZING TREE SEARCH                        |
--------------------------------------------------------------------
Performs final model parameters optimization
Estimate model parameters (epsilon = 0.010)
1. Initial log-likelihood: -176.578
Optimal log-likelihood: -176.578
Parameters optimization took 1 rounds (0.001 sec)
BEST SCORE FOUND : -176.578

Testing tree branches by SH-like aLRT with 1000 replicates...
0.008 sec.
Creating bootstrap support values...
Split supports printed to NEXUS file ../results/molecular_evolution_analyses/phylogenetic_trees/F5865_SMED_G1/F5865_SMED_G1.splits.nex
Total tree length: 0.289

Total number of iterations: 1001
CPU time used for tree search: 13.620 sec (0h:0m:13s)
Wall-clock time used for tree search: 13.542 sec (0h:0m:13s)
Total CPU time used: 13.700 sec (0h:0m:13s)
Total wall-clock time used: 13.625 sec (0h:0m:13s)

Computing bootstrap consensus tree...
Reading input file ../results/molecular_evolution_analyses/phylogenetic_trees/F5865_SMED_G1/F5865_SMED_G1.splits.nex...
10 taxa and 147 splits.
Consensus tree written to ../results/molecular_evolution_analyses/phylogenetic_trees/F5865_SMED_G1/F5865_SMED_G1.contree
Reading input trees file ../results/molecular_evolution_analyses/phylogenetic_trees/F5865_SMED_G1/F5865_SMED_G1.contree
Log-likelihood of consensus tree: -176.579

Analysis results written to: 
  IQ-TREE report:                ../results/molecular_evolution_analyses/phylogenetic_trees/F5865_SMED_G1/F5865_SMED_G1.iqtree
  Maximum-likelihood tree:       ../results/molecular_evolution_analyses/phylogenetic_trees/F5865_SMED_G1/F5865_SMED_G1.treefile
  Likelihood distances:          ../results/molecular_evolution_analyses/phylogenetic_trees/F5865_SMED_G1/F5865_SMED_G1.mldist

Ultrafast bootstrap approximation results written to:
  Split support values:          ../results/molecular_evolution_analyses/phylogenetic_trees/F5865_SMED_G1/F5865_SMED_G1.splits.nex
  Consensus tree:                ../results/molecular_evolution_analyses/phylogenetic_trees/F5865_SMED_G1/F5865_SMED_G1.contree
  Screen log file:               ../results/molecular_evolution_analyses/phylogenetic_trees/F5865_SMED_G1/F5865_SMED_G1.log

Date and Time: Thu Mar 28 11:18:08 2024
