IQ-TREE multicore version 2.2.2.6 COVID-edition for Linux 64-bit built May 27 2023
Developed by Bui Quang Minh, James Barbetti, Nguyen Lam Tung,
Olga Chernomor, Heiko Schmidt, Dominik Schrempf, Michael Woodhams, Ly Trong Nhan.

Host:    lbc5 (AVX2, FMA3, 125 GB RAM)
Command: /home/mauricio/mauricio_PROGRAMAS/iqtree-2.2.2.6-Linux/bin/iqtree2 -s ../results/molecular_evolution_analyses/alignments_gblocks/F114325_EMUL_G1/F114325_EMUL_G1.aln.gblo -m TEST --threads-max 32 --alrt 1000 --ufboot 1000 --prefix ../results/molecular_evolution_analyses/phylogenetic_trees/F114325_EMUL_G1/F114325_EMUL_G1 -keep-ident -redo
Seed:    825347 (Using SPRNG - Scalable Parallel Random Number Generator)
Time:    Wed May  1 11:56:15 2024
Kernel:  AVX+FMA - 1 threads (32 CPU cores detected)

HINT: Use -nt option to specify number of threads because your CPU has 32 cores!
HINT: -nt AUTO will automatically determine the best number of threads to use.

Reading alignment file ../results/molecular_evolution_analyses/alignments_gblocks/F114325_EMUL_G1/F114325_EMUL_G1.aln.gblo ... Fasta format detected
Reading fasta file: done in 6.10352e-05 secs using 96.67% CPU
Alignment most likely contains protein sequences
Constructing alignment: done in 0.000219107 secs using 100.4% CPU
Alignment has 6 sequences with 198 columns, 100 distinct patterns
59 parsimony-informative, 26 singleton sites, 113 constant sites
            Gap/Ambiguity  Composition  p-value
Analyzing sequences: done in 8.10623e-06 secs using 98.69% CPU
   1  Emul.3040     0.00%    passed    100.00%
   2  Emul.3041     0.00%    passed    100.00%
   3  Emul.10584    0.00%    passed    100.00%
   4  Emul.487      0.00%    passed     99.99%
   5  Emul.2764     0.00%    passed    100.00%
   6  Emul.10485    0.00%    passed    100.00%
****  TOTAL         0.00%  0 sequences failed composition chi2 test (p-value<5%; df=19)


Create initial parsimony tree by phylogenetic likelihood library (PLL)... 0.000 seconds
Perform fast likelihood tree search using LG+I+G model...
Estimate model parameters (epsilon = 5.000)
Perform nearest neighbor interchange...
Optimizing NNI: done in 0.00297594 secs using 99.97% CPU
Estimate model parameters (epsilon = 1.000)
1. Initial log-likelihood: -1128.353
Optimal log-likelihood: -1128.319
Proportion of invariable sites: 0.295
Gamma shape alpha: 2.741
Parameters optimization took 1 rounds (0.005 sec)
Time for fast ML tree search: 0.016 seconds

NOTE: ModelFinder requires 0 MB RAM!
ModelFinder will test up to 224 protein models (sample size: 198) ...
 No. Model         -LnL         df  AIC          AICc         BIC
  1  LG            1136.065     9   2290.130     2291.088     2319.725
  2  LG+I          1127.972     10  2275.944     2277.120     2308.827
  3  LG+G4         1128.666     10  2277.332     2278.509     2310.215
  4  LG+I+G4       1128.310     11  2278.619     2280.039     2314.790
  6  LG+F+I        1119.610     29  2297.221     2307.578     2392.581
  7  LG+F+G4       1120.339     29  2298.677     2309.035     2394.037
  8  LG+F+I+G4     1119.980     30  2299.960     2311.098     2398.609
 10  WAG+I         1123.874     10  2267.748     2268.924     2300.630
 11  WAG+G4        1124.463     10  2268.926     2270.103     2301.809
 12  WAG+I+G4      1124.015     11  2270.030     2271.449     2306.201
 14  WAG+F+I       1112.985     29  2283.971     2294.328     2379.331
 15  WAG+F+G4      1113.555     29  2285.110     2295.467     2380.470
 16  WAG+F+I+G4    1113.148     30  2286.296     2297.434     2384.944
 18  JTT+I         1131.242     10  2282.484     2283.660     2315.367
 19  JTT+G4        1131.678     10  2283.357     2284.533     2316.239
 20  JTT+I+G4      1131.423     11  2284.846     2286.266     2321.017
 22  JTT+F+I       1119.636     29  2297.272     2307.629     2392.631
 23  JTT+F+G4      1120.068     29  2298.137     2308.494     2393.496
 24  JTT+F+I+G4    1119.836     30  2299.672     2310.809     2398.320
WARNING: Normalizing state frequencies so that sum of them equals to 1
 26  Q.pfam+I      1128.119     10  2276.238     2277.415     2309.121
WARNING: Normalizing state frequencies so that sum of them equals to 1
 27  Q.pfam+G4     1128.913     10  2277.827     2279.003     2310.710
WARNING: Normalizing state frequencies so that sum of them equals to 1
 28  Q.pfam+I+G4   1128.480     11  2278.961     2280.380     2315.132
WARNING: Normalizing state frequencies so that sum of them equals to 1
 30  Q.pfam+F+I    1119.129     29  2296.258     2306.616     2391.618
WARNING: Normalizing state frequencies so that sum of them equals to 1
 31  Q.pfam+F+G4   1119.908     29  2297.816     2308.173     2393.176
WARNING: Normalizing state frequencies so that sum of them equals to 1
 32  Q.pfam+F+I+G4 1119.503     30  2299.006     2310.143     2397.654
WARNING: Normalizing state frequencies so that sum of them equals to 1
 34  Q.bird+I      1149.457     10  2318.914     2320.091     2351.797
WARNING: Normalizing state frequencies so that sum of them equals to 1
 35  Q.bird+G4     1149.248     10  2318.495     2319.672     2351.378
WARNING: Normalizing state frequencies so that sum of them equals to 1
 36  Q.bird+I+G4   1149.265     11  2320.529     2321.949     2356.700
WARNING: Normalizing state frequencies so that sum of them equals to 1
 38  Q.bird+F+I    1135.810     29  2329.620     2339.977     2424.980
WARNING: Normalizing state frequencies so that sum of them equals to 1
 39  Q.bird+F+G4   1135.395     29  2328.790     2339.147     2424.150
WARNING: Normalizing state frequencies so that sum of them equals to 1
 40  Q.bird+F+I+G4 1135.475     30  2330.950     2342.088     2429.598
WARNING: Normalizing state frequencies so that sum of them equals to 1
 42  Q.mammal+I    1144.362     10  2308.724     2309.901     2341.607
WARNING: Normalizing state frequencies so that sum of them equals to 1
 43  Q.mammal+G4   1144.392     10  2308.785     2309.961     2341.667
WARNING: Normalizing state frequencies so that sum of them equals to 1
 44  Q.mammal+I+G4 1144.343     11  2310.686     2312.105     2346.857
WARNING: Normalizing state frequencies so that sum of them equals to 1
 46  Q.mammal+F+I  1130.524     29  2319.048     2329.405     2414.408
WARNING: Normalizing state frequencies so that sum of them equals to 1
 47  Q.mammal+F+G4 1130.336     29  2318.672     2329.029     2414.032
WARNING: Normalizing state frequencies so that sum of them equals to 1
 48  Q.mammal+F+I+G4 1130.356     30  2320.713     2331.850     2419.361
 50  Q.insect+I    1134.125     10  2288.249     2289.426     2321.132
 51  Q.insect+G4   1134.668     10  2289.337     2290.513     2322.220
 52  Q.insect+I+G4 1134.439     11  2290.879     2292.298     2327.050
 54  Q.insect+F+I  1123.919     29  2305.838     2316.195     2401.198
 55  Q.insect+F+G4 1124.518     29  2307.037     2317.394     2402.396
 56  Q.insect+F+I+G4 1124.267     30  2308.534     2319.672     2407.182
WARNING: Normalizing state frequencies so that sum of them equals to 1
 58  Q.plant+I     1139.323     10  2298.646     2299.822     2331.529
WARNING: Normalizing state frequencies so that sum of them equals to 1
 59  Q.plant+G4    1139.209     10  2298.418     2299.594     2331.301
WARNING: Normalizing state frequencies so that sum of them equals to 1
 60  Q.plant+I+G4  1139.174     11  2300.347     2301.767     2336.518
WARNING: Normalizing state frequencies so that sum of them equals to 1
 62  Q.plant+F+I   1128.334     29  2314.668     2325.025     2410.027
WARNING: Normalizing state frequencies so that sum of them equals to 1
 63  Q.plant+F+G4  1128.150     29  2314.300     2324.657     2409.660
WARNING: Normalizing state frequencies so that sum of them equals to 1
 64  Q.plant+F+I+G4 1128.129     30  2316.258     2327.396     2414.906
WARNING: Normalizing state frequencies so that sum of them equals to 1
 66  Q.yeast+I     1136.478     10  2292.955     2294.132     2325.838
WARNING: Normalizing state frequencies so that sum of them equals to 1
 67  Q.yeast+G4    1137.316     10  2294.631     2295.808     2327.514
WARNING: Normalizing state frequencies so that sum of them equals to 1
 68  Q.yeast+I+G4  1136.959     11  2295.917     2297.336     2332.088
WARNING: Normalizing state frequencies so that sum of them equals to 1
 70  Q.yeast+F+I   1123.940     29  2305.881     2316.238     2401.241
WARNING: Normalizing state frequencies so that sum of them equals to 1
 71  Q.yeast+F+G4  1124.763     29  2307.525     2317.883     2402.885
WARNING: Normalizing state frequencies so that sum of them equals to 1
 72  Q.yeast+F+I+G4 1124.411     30  2308.822     2319.960     2407.470
 74  JTTDCMut+I    1131.625     10  2283.251     2284.427     2316.133
 75  JTTDCMut+G4   1132.056     10  2284.111     2285.288     2316.994
 76  JTTDCMut+I+G4 1131.805     11  2285.610     2287.029     2321.781
 78  JTTDCMut+F+I  1119.996     29  2297.993     2308.350     2393.352
 79  JTTDCMut+F+G4 1120.429     29  2298.858     2309.215     2394.218
 80  JTTDCMut+F+I+G4 1120.198     30  2300.396     2311.534     2399.044
 82  DCMut+I       1142.474     10  2304.949     2306.125     2337.831
 83  DCMut+G4      1142.633     10  2305.267     2306.443     2338.150
 84  DCMut+I+G4    1142.469     11  2306.938     2308.358     2343.109
 86  DCMut+F+I     1126.340     29  2310.680     2321.037     2406.040
 87  DCMut+F+G4    1126.286     29  2310.572     2320.929     2405.931
 88  DCMut+F+I+G4  1126.194     30  2312.389     2323.526     2411.037
 90  VT+I          1126.539     10  2273.079     2274.255     2305.961
 91  VT+G4         1127.163     10  2274.326     2275.503     2307.209
 92  VT+I+G4       1126.569     11  2275.138     2276.557     2311.309
 94  VT+F+I        1115.803     29  2289.606     2299.963     2384.966
 95  VT+F+G4       1116.471     29  2290.941     2301.298     2386.301
 96  VT+F+I+G4     1115.851     30  2291.701     2302.839     2390.349
 98  PMB+I         1135.680     10  2291.361     2292.537     2324.244
 99  PMB+G4        1136.187     10  2292.373     2293.550     2325.256
100  PMB+I+G4      1135.705     11  2293.410     2294.830     2329.581
102  PMB+F+I       1119.896     29  2297.792     2308.149     2393.151
103  PMB+F+G4      1120.398     29  2298.795     2309.152     2394.155
104  PMB+F+I+G4    1119.929     30  2299.859     2310.997     2398.507
106  Blosum62+I    1133.380     10  2286.760     2287.937     2319.643
107  Blosum62+G4   1133.852     10  2287.703     2288.880     2320.586
108  Blosum62+I+G4 1133.428     11  2288.856     2290.276     2325.027
110  Blosum62+F+I  1120.055     29  2298.110     2308.467     2393.469
111  Blosum62+F+G4 1120.518     29  2299.035     2309.392     2394.395
112  Blosum62+F+I+G4 1120.108     30  2300.216     2311.353     2398.864
114  Dayhoff+I     1142.367     10  2304.734     2305.911     2337.617
115  Dayhoff+G4    1142.561     10  2305.122     2306.299     2338.005
116  Dayhoff+I+G4  1142.385     11  2306.770     2308.189     2342.941
118  Dayhoff+F+I   1126.218     29  2310.436     2320.793     2405.796
119  Dayhoff+F+G4  1126.208     29  2310.417     2320.774     2405.777
120  Dayhoff+F+I+G4 1126.105     30  2312.210     2323.347     2410.858
122  mtREV+I       1221.572     10  2463.145     2464.321     2496.027
123  mtREV+G4      1219.467     10  2458.933     2460.110     2491.816
124  mtREV+I+G4    1219.714     11  2461.429     2462.848     2497.600
126  mtREV+F+I     1134.840     29  2327.681     2338.038     2423.040
127  mtREV+F+G4    1133.884     29  2325.768     2336.125     2421.127
128  mtREV+F+I+G4  1133.920     30  2327.840     2338.978     2426.489
130  mtART+I       1256.581     10  2533.162     2534.338     2566.045
131  mtART+G4      1251.418     10  2522.837     2524.013     2555.719
132  mtART+I+G4    1251.590     11  2525.180     2526.599     2561.351
134  mtART+F+I     1162.814     29  2383.627     2393.984     2478.987
135  mtART+F+G4    1158.444     29  2374.888     2385.246     2470.248
136  mtART+F+I+G4  1158.515     30  2377.031     2388.169     2475.679
138  mtZOA+I       1230.130     10  2480.260     2481.436     2513.143
139  mtZOA+G4      1227.588     10  2475.175     2476.352     2508.058
140  mtZOA+I+G4    1227.765     11  2477.531     2478.950     2513.702
142  mtZOA+F+I     1149.188     29  2356.376     2366.733     2451.736
143  mtZOA+F+G4    1147.626     29  2353.252     2363.609     2448.612
144  mtZOA+F+I+G4  1147.643     30  2355.286     2366.424     2453.934
146  mtMet+I       1229.568     10  2479.137     2480.313     2512.020
147  mtMet+G4      1227.423     10  2474.846     2476.023     2507.729
148  mtMet+I+G4    1227.716     11  2477.433     2478.852     2513.604
150  mtMet+F+I     1141.525     29  2341.050     2351.407     2436.409
151  mtMet+F+G4    1140.387     29  2338.774     2349.131     2434.134
152  mtMet+F+I+G4  1140.530     30  2341.060     2352.197     2439.708
154  mtVer+I       1236.451     10  2492.901     2494.078     2525.784
155  mtVer+G4      1232.818     10  2485.636     2486.812     2518.518
156  mtVer+I+G4    1233.302     11  2488.605     2490.024     2524.776
158  mtVer+F+I     1147.996     29  2353.992     2364.350     2449.352
159  mtVer+F+G4    1146.043     29  2350.087     2360.444     2445.446
160  mtVer+F+I+G4  1146.277     30  2352.553     2363.691     2451.201
162  mtInv+I       1240.513     10  2501.026     2502.203     2533.909
163  mtInv+G4      1239.376     10  2498.752     2499.928     2531.635
164  mtInv+I+G4    1239.521     11  2501.041     2502.460     2537.212
166  mtInv+F+I     1134.535     29  2327.071     2337.428     2422.431
167  mtInv+F+G4    1134.336     29  2326.673     2337.030     2422.033
168  mtInv+F+I+G4  1134.290     30  2328.581     2339.718     2427.229
170  mtMAM+I       1248.477     10  2516.955     2518.131     2549.837
171  mtMAM+G4      1240.171     10  2500.341     2501.518     2533.224
172  mtMAM+I+G4    1241.010     11  2504.020     2505.440     2540.191
174  mtMAM+F+I     1158.649     29  2375.298     2385.655     2470.657
175  mtMAM+F+G4    1152.971     29  2363.943     2374.300     2459.303
176  mtMAM+F+I+G4  1153.509     30  2367.018     2378.156     2465.666
WARNING: Normalizing state frequencies so that sum of them equals to 1
178  FLAVI+I       1166.983     10  2353.966     2355.142     2386.848
WARNING: Normalizing state frequencies so that sum of them equals to 1
179  FLAVI+G4      1163.805     10  2347.610     2348.787     2380.493
WARNING: Normalizing state frequencies so that sum of them equals to 1
180  FLAVI+I+G4    1164.277     11  2350.555     2351.974     2386.725
WARNING: Normalizing state frequencies so that sum of them equals to 1
182  FLAVI+F+I     1146.402     29  2350.804     2361.161     2446.164
WARNING: Normalizing state frequencies so that sum of them equals to 1
183  FLAVI+F+G4    1143.418     29  2344.837     2355.194     2440.197
WARNING: Normalizing state frequencies so that sum of them equals to 1
184  FLAVI+F+I+G4  1143.941     30  2347.881     2359.019     2446.529
186  HIVb+I        1151.370     10  2322.741     2323.917     2355.623
187  HIVb+G4       1150.307     10  2320.615     2321.791     2353.498
188  HIVb+I+G4     1150.477     11  2322.953     2324.373     2359.124
190  HIVb+F+I      1131.316     29  2320.632     2330.989     2415.992
191  HIVb+F+G4     1130.213     29  2318.427     2328.784     2413.786
192  HIVb+F+I+G4   1130.371     30  2320.741     2331.879     2419.389
194  HIVw+I        1181.726     10  2383.451     2384.628     2416.334
195  HIVw+G4       1180.234     10  2380.468     2381.645     2413.351
196  HIVw+I+G4     1180.407     11  2382.813     2384.233     2418.984
198  HIVw+F+I      1138.909     29  2335.818     2346.175     2431.177
199  HIVw+F+G4     1138.223     29  2334.446     2344.803     2429.806
200  HIVw+F+I+G4   1138.272     30  2336.545     2347.683     2435.193
202  FLU+I         1149.249     10  2318.498     2319.675     2351.381
203  FLU+G4        1148.275     10  2316.550     2317.726     2349.432
204  FLU+I+G4      1148.452     11  2318.904     2320.323     2355.075
206  FLU+F+I       1126.240     29  2310.480     2320.837     2405.840
207  FLU+F+G4      1125.210     29  2308.420     2318.777     2403.780
208  FLU+F+I+G4    1125.405     30  2310.809     2321.947     2409.457
210  rtREV+I       1139.540     10  2299.079     2300.256     2331.962
211  rtREV+G4      1140.393     10  2300.786     2301.962     2333.669
212  rtREV+I+G4    1139.933     11  2301.865     2303.285     2338.036
214  rtREV+F+I     1122.606     29  2303.213     2313.570     2398.572
215  rtREV+F+G4    1123.326     29  2304.653     2315.010     2400.013
216  rtREV+F+I+G4  1122.965     30  2305.929     2317.067     2404.577
218  cpREV+I       1143.948     10  2307.896     2309.073     2340.779
219  cpREV+G4      1143.492     10  2306.985     2308.161     2339.867
220  cpREV+I+G4    1143.616     11  2309.232     2310.651     2345.403
222  cpREV+F+I     1122.813     29  2303.626     2313.983     2398.986
223  cpREV+F+G4    1122.597     29  2303.194     2313.551     2398.554
224  cpREV+F+I+G4  1122.588     30  2305.176     2316.314     2403.824
Akaike Information Criterion:           WAG+I
Corrected Akaike Information Criterion: WAG+I
Bayesian Information Criterion:         WAG+I
Best-fit model: WAG+I chosen according to BIC

All model information printed to ../results/molecular_evolution_analyses/phylogenetic_trees/F114325_EMUL_G1/F114325_EMUL_G1.model.gz
CPU time for ModelFinder: 1.458 seconds (0h:0m:1s)
Wall-clock time for ModelFinder: 1.462 seconds (0h:0m:1s)
Generating 1000 samples for ultrafast bootstrap (seed: 825347)...

NOTE: 0 MB RAM (0 GB) is required!
Estimate model parameters (epsilon = 0.100)
1. Initial log-likelihood: -1123.874
Optimal log-likelihood: -1123.874
Proportion of invariable sites: 0.356
Parameters optimization took 1 rounds (0.001 sec)
Wrote distance file to... 
Computing ML distances based on estimated model parameters...
Calculating distance matrix: done in 0.000555038 secs using 98.55% CPU
Computing ML distances took 0.000579 sec (of wall-clock time) 0.000571 sec (of CPU time)
Setting up auxiliary I and S matrices: done in 3.60012e-05 secs using 100% CPU
Constructing RapidNJ tree: done in 2.31266e-05 secs using 99.45% CPU
Computing RapidNJ tree took 0.000115 sec (of wall-clock time) 0.000115 sec (of CPU time)
Log-likelihood of RapidNJ tree: -1123.875
--------------------------------------------------------------------
|             INITIALIZING CANDIDATE TREE SET                      |
--------------------------------------------------------------------
Generating 98 parsimony trees... 0.014 second
Computing log-likelihood of 13 initial trees ... 0.004 seconds
Current best score: -1123.874

Do NNI search on 15 best initial trees
Optimizing NNI: done in 0.000896931 secs using 199.8% CPU
Optimizing NNI: done in 0.00102401 secs using 199.9% CPU
Optimizing NNI: done in 0.001863 secs using 199.9% CPU
Optimizing NNI: done in 0.00399494 secs using 200% CPU
Optimizing NNI: done in 0.00398302 secs using 199.9% CPU
Optimizing NNI: done in 0.00395703 secs using 200% CPU
Optimizing NNI: done in 0.00395799 secs using 200% CPU
Optimizing NNI: done in 0.002918 secs using 200% CPU
Optimizing NNI: done in 0.002918 secs using 200% CPU
Optimizing NNI: done in 0.00305796 secs using 199.9% CPU
Iteration 10 / LogL: -1123.874 / Time: 0h:0m:0s
Optimizing NNI: done in 0.00289583 secs using 200% CPU
Optimizing NNI: done in 0.00288796 secs using 199.9% CPU
Optimizing NNI: done in 0.00302887 secs using 199.9% CPU
Optimizing NNI: done in 0.00289893 secs using 199.9% CPU
Optimizing NNI: done in 0.00288892 secs using 200% CPU
Finish initializing candidate tree set (15)
Current best tree score: -1123.874 / CPU time: 0.066
Number of iterations: 15
--------------------------------------------------------------------
|               OPTIMIZING CANDIDATE TREE SET                      |
--------------------------------------------------------------------
Optimizing NNI: done in 0.00289202 secs using 199.8% CPU
Optimizing NNI: done in 0.0048058 secs using 199.9% CPU
Optimizing NNI: done in 0.00277305 secs using 200% CPU
Optimizing NNI: done in 0.00376892 secs using 200% CPU
Optimizing NNI: done in 0.00190878 secs using 200% CPU
Iteration 20 / LogL: -1123.874 / Time: 0h:0m:0s
Optimizing NNI: done in 0.00279212 secs using 200% CPU
Optimizing NNI: done in 0.00176787 secs using 199.8% CPU
Optimizing NNI: done in 0.00095892 secs using 199.7% CPU
Optimizing NNI: done in 0.000963926 secs using 199.8% CPU
Optimizing NNI: done in 0.000793219 secs using 199.6% CPU
Optimizing NNI: done in 0.00190997 secs using 200% CPU
Optimizing NNI: done in 0.00290895 secs using 199.9% CPU
Optimizing NNI: done in 0.00284195 secs using 199.9% CPU
Optimizing NNI: done in 0.00282788 secs using 200% CPU
Optimizing NNI: done in 0.00196004 secs using 199.9% CPU
Iteration 30 / LogL: -1123.874 / Time: 0h:0m:0s (0h:0m:0s left)
Optimizing NNI: done in 0.00479913 secs using 200% CPU
Optimizing NNI: done in 0.00390911 secs using 199.9% CPU
Optimizing NNI: done in 0.00379395 secs using 200% CPU
Optimizing NNI: done in 0.00477791 secs using 199.8% CPU
Optimizing NNI: done in 0.00177407 secs using 198.6% CPU
Optimizing NNI: done in 0.002949 secs using 199.9% CPU
Optimizing NNI: done in 0.00279498 secs using 200% CPU
Optimizing NNI: done in 0.00482297 secs using 199.9% CPU
Optimizing NNI: done in 0.00383806 secs using 102.3% CPU
Optimizing NNI: done in 0.00279999 secs using 100% CPU
Iteration 40 / LogL: -1123.874 / Time: 0h:0m:0s (0h:0m:0s left)
Optimizing NNI: done in 0.000928164 secs using 99.98% CPU
Optimizing NNI: done in 0.00267696 secs using 100% CPU
Optimizing NNI: done in 0.00186419 secs using 99.99% CPU
Optimizing NNI: done in 0.00465393 secs using 99.94% CPU
Optimizing NNI: done in 0.00462294 secs using 100% CPU
Optimizing NNI: done in 0.00204611 secs using 99.99% CPU
UPDATE BEST LOG-LIKELIHOOD: -1123.874
Optimizing NNI: done in 0.00263119 secs using 99.65% CPU
Optimizing NNI: done in 0.00452018 secs using 100% CPU
Optimizing NNI: done in 0.00168896 secs using 99.82% CPU
Optimizing NNI: done in 0.00279403 secs using 99.96% CPU
Iteration 50 / LogL: -1123.874 / Time: 0h:0m:0s (0h:0m:0s left)
Log-likelihood cutoff on original alignment: -1131.134
Optimizing NNI: done in 0.0036509 secs using 99.84% CPU
Optimizing NNI: done in 0.00261092 secs using 100% CPU
Optimizing NNI: done in 0.00357914 secs using 99.91% CPU
Optimizing NNI: done in 0.00264192 secs using 99.97% CPU
Optimizing NNI: done in 0.00265694 secs using 100% CPU
Optimizing NNI: done in 0.00471306 secs using 99.91% CPU
Optimizing NNI: done in 0.00268507 secs using 100% CPU
Optimizing NNI: done in 0.00358605 secs using 99.91% CPU
Optimizing NNI: done in 0.00357604 secs using 99.97% CPU
Optimizing NNI: done in 0.00263786 secs using 99.97% CPU
Iteration 60 / LogL: -1123.875 / Time: 0h:0m:0s (0h:0m:0s left)
Optimizing NNI: done in 0.00268507 secs using 100% CPU
Optimizing NNI: done in 0.00206399 secs using 99.86% CPU
Optimizing NNI: done in 0.0026381 secs using 100% CPU
Optimizing NNI: done in 0.000926018 secs using 100% CPU
UPDATE BEST LOG-LIKELIHOOD: -1123.874
Optimizing NNI: done in 0.00269508 secs using 99.77% CPU
Optimizing NNI: done in 0.00188804 secs using 99.79% CPU
Optimizing NNI: done in 0.0046382 secs using 100% CPU
Optimizing NNI: done in 0.00357914 secs using 99.94% CPU
Optimizing NNI: done in 0.00355506 secs using 100% CPU
Optimizing NNI: done in 0.00357008 secs using 100% CPU
Iteration 70 / LogL: -1123.874 / Time: 0h:0m:0s (0h:0m:0s left)
Optimizing NNI: done in 0.00263906 secs using 99.88% CPU
Optimizing NNI: done in 0.0036118 secs using 99.98% CPU
Optimizing NNI: done in 0.00282001 secs using 99.96% CPU
Optimizing NNI: done in 0.00462985 secs using 99.94% CPU
Optimizing NNI: done in 0.00188994 secs using 100.1% CPU
Optimizing NNI: done in 0.00368595 secs using 99.97% CPU
Optimizing NNI: done in 0.00470591 secs using 100% CPU
Optimizing NNI: done in 0.00355601 secs using 100% CPU
Optimizing NNI: done in 0.00451803 secs using 99.91% CPU
Optimizing NNI: done in 0.00263715 secs using 99.99% CPU
Iteration 80 / LogL: -1123.875 / Time: 0h:0m:0s (0h:0m:0s left)
Optimizing NNI: done in 0.0046761 secs using 99.93% CPU
Optimizing NNI: done in 0.00454903 secs using 99.93% CPU
Optimizing NNI: done in 0.000916958 secs using 100.1% CPU
Optimizing NNI: done in 0.00207305 secs using 99.8% CPU
Optimizing NNI: done in 0.00360489 secs using 100% CPU
Optimizing NNI: done in 0.00363493 secs using 99.89% CPU
Optimizing NNI: done in 0.00204802 secs using 100% CPU
Optimizing NNI: done in 0.004637 secs using 99.94% CPU
Optimizing NNI: done in 0.00267005 secs using 100% CPU
Optimizing NNI: done in 0.00268292 secs using 99.89% CPU
Iteration 90 / LogL: -1123.875 / Time: 0h:0m:0s (0h:0m:0s left)
Optimizing NNI: done in 0.00184488 secs using 100.1% CPU
Optimizing NNI: done in 0.00186205 secs using 99.94% CPU
Optimizing NNI: done in 0.00260782 secs using 99.97% CPU
Optimizing NNI: done in 0.0035851 secs using 99.89% CPU
Optimizing NNI: done in 0.00261307 secs using 99.84% CPU
Optimizing NNI: done in 0.000918865 secs using 100% CPU
Optimizing NNI: done in 0.00204301 secs using 100% CPU
Optimizing NNI: done in 0.00279999 secs using 99.89% CPU
Optimizing NNI: done in 0.00186515 secs using 99.99% CPU
Optimizing NNI: done in 0.00455403 secs using 100% CPU
Iteration 100 / LogL: -1123.874 / Time: 0h:0m:0s (0h:0m:0s left)
Log-likelihood cutoff on original alignment: -1131.440
NOTE: Bootstrap correlation coefficient of split occurrence frequencies: 0.999
Optimizing NNI: done in 0.00466299 secs using 99.89% CPU
TREE SEARCH COMPLETED AFTER 101 ITERATIONS / Time: 0h:0m:0s

--------------------------------------------------------------------
|                    FINALIZING TREE SEARCH                        |
--------------------------------------------------------------------
Performs final model parameters optimization
Estimate model parameters (epsilon = 0.010)
1. Initial log-likelihood: -1123.874
Optimal log-likelihood: -1123.874
Proportion of invariable sites: 0.356
Parameters optimization took 1 rounds (0.001 sec)
BEST SCORE FOUND : -1123.874

Testing tree branches by SH-like aLRT with 1000 replicates...
0.013 sec.
Creating bootstrap support values...
Split supports printed to NEXUS file ../results/molecular_evolution_analyses/phylogenetic_trees/F114325_EMUL_G1/F114325_EMUL_G1.splits.nex
Total tree length: 0.726

Total number of iterations: 101
CPU time used for tree search: 0.765 sec (0h:0m:0s)
Wall-clock time used for tree search: 0.577 sec (0h:0m:0s)
Total CPU time used: 0.802 sec (0h:0m:0s)
Total wall-clock time used: 0.614 sec (0h:0m:0s)

Computing bootstrap consensus tree...
Reading input file ../results/molecular_evolution_analyses/phylogenetic_trees/F114325_EMUL_G1/F114325_EMUL_G1.splits.nex...
6 taxa and 11 splits.
Consensus tree written to ../results/molecular_evolution_analyses/phylogenetic_trees/F114325_EMUL_G1/F114325_EMUL_G1.contree
Reading input trees file ../results/molecular_evolution_analyses/phylogenetic_trees/F114325_EMUL_G1/F114325_EMUL_G1.contree
Log-likelihood of consensus tree: -1123.875

Analysis results written to: 
  IQ-TREE report:                ../results/molecular_evolution_analyses/phylogenetic_trees/F114325_EMUL_G1/F114325_EMUL_G1.iqtree
  Maximum-likelihood tree:       ../results/molecular_evolution_analyses/phylogenetic_trees/F114325_EMUL_G1/F114325_EMUL_G1.treefile
  Likelihood distances:          ../results/molecular_evolution_analyses/phylogenetic_trees/F114325_EMUL_G1/F114325_EMUL_G1.mldist

Ultrafast bootstrap approximation results written to:
  Split support values:          ../results/molecular_evolution_analyses/phylogenetic_trees/F114325_EMUL_G1/F114325_EMUL_G1.splits.nex
  Consensus tree:                ../results/molecular_evolution_analyses/phylogenetic_trees/F114325_EMUL_G1/F114325_EMUL_G1.contree
  Screen log file:               ../results/molecular_evolution_analyses/phylogenetic_trees/F114325_EMUL_G1/F114325_EMUL_G1.log

Date and Time: Wed May  1 11:56:17 2024
