IQ-TREE multicore version 2.2.2.6 COVID-edition for Linux 64-bit built May 27 2023
Developed by Bui Quang Minh, James Barbetti, Nguyen Lam Tung,
Olga Chernomor, Heiko Schmidt, Dominik Schrempf, Michael Woodhams, Ly Trong Nhan.

Host:    lbc5 (AVX2, FMA3, 125 GB RAM)
Command: /home/mauricio/mauricio_PROGRAMAS/iqtree-2.2.2.6-Linux/bin/iqtree2 -s ../results/molecular_evolution_analyses/alignments_gblocks/F12342_MLIG_G1/F12342_MLIG_G1.aln.gblo -m TEST --threads-max 32 --alrt 1000 --ufboot 1000 --prefix ../results/molecular_evolution_analyses/phylogenetic_trees/F12342_MLIG_G1/F12342_MLIG_G1 -keep-ident -redo
Seed:    117577 (Using SPRNG - Scalable Parallel Random Number Generator)
Time:    Wed May  1 09:01:17 2024
Kernel:  AVX+FMA - 1 threads (32 CPU cores detected)

HINT: Use -nt option to specify number of threads because your CPU has 32 cores!
HINT: -nt AUTO will automatically determine the best number of threads to use.

Reading alignment file ../results/molecular_evolution_analyses/alignments_gblocks/F12342_MLIG_G1/F12342_MLIG_G1.aln.gblo ... Fasta format detected
Reading fasta file: done in 5.31673e-05 secs using 97.8% CPU
Alignment most likely contains protein sequences
Constructing alignment: done in 0.000128984 secs using 100% CPU
Alignment has 6 sequences with 126 columns, 20 distinct patterns
0 parsimony-informative, 1 singleton sites, 125 constant sites
            Gap/Ambiguity  Composition  p-value
Analyzing sequences: done in 8.10623e-06 secs using 86.35% CPU
   1  Mlig.42870    0.00%    passed    100.00%
   2  Mlig.42872    0.00%    passed    100.00%
   3  Mlig.42873    0.00%    passed    100.00%
   4  Mlig.42871    0.00%    passed    100.00%
   5  Mlig.42874    0.00%    passed    100.00%
   6  Mlig.11623    0.00%    passed    100.00%
****  TOTAL         0.00%  0 sequences failed composition chi2 test (p-value<5%; df=18)


Create initial parsimony tree by phylogenetic likelihood library (PLL)... 0.000 seconds
Perform fast likelihood tree search using LG+I+G model...
Estimate model parameters (epsilon = 5.000)
Perform nearest neighbor interchange...
Optimizing NNI: done in 0.000711203 secs using 99.97% CPU
Estimate model parameters (epsilon = 1.000)
1. Initial log-likelihood: -367.993
Optimal log-likelihood: -367.993
Proportion of invariable sites: 0.496
Gamma shape alpha: 0.020
Parameters optimization took 1 rounds (0.002 sec)
Time for fast ML tree search: 0.009 seconds

NOTE: ModelFinder requires 0 MB RAM!
ModelFinder will test up to 224 protein models (sample size: 126) ...
 No. Model         -LnL         df  AIC          AICc         BIC
  1  LG            368.002      9   754.004      755.556      779.530
  2  LG+I          367.878      10  755.756      757.669      784.118
  3  LG+G4         367.998      10  755.996      757.909      784.359
  4  LG+I+G4       367.993      11  757.986      760.302      789.185
  5  LG+F          356.465      28  768.930      785.672      848.346
  6  LG+F+I        356.367      29  770.734      788.859      852.986
  7  LG+F+G4       356.462      29  770.923      789.048      853.175
  8  LG+F+I+G4     356.457      30  772.914      792.493      858.003
  9  WAG           364.195      9   746.390      747.941      771.916
 10  WAG+I         364.195      10  748.390      750.303      776.752
 11  WAG+G4        364.195      10  748.390      750.303      776.752
 12  WAG+I+G4      364.195      11  750.391      752.707      781.590
 13  WAG+F         356.086      28  768.172      784.914      847.588
 14  WAG+F+I       356.086      29  770.172      788.297      852.424
 15  WAG+F+G4      356.086      29  770.172      788.297      852.424
 16  WAG+F+I+G4    356.087      30  772.174      791.753      857.262
 17  JTT           365.640      9   749.281      750.832      774.807
 18  JTT+I         365.640      10  751.281      753.194      779.643
 19  JTT+G4        365.640      10  751.281      753.194      779.643
 20  JTT+I+G4      365.641      11  753.281      755.597      784.480
 21  JTT+F         356.355      28  768.711      785.453      848.126
 22  JTT+F+I       356.355      29  770.711      788.836      852.963
 23  JTT+F+G4      356.355      29  770.711      788.836      852.963
 24  JTT+F+I+G4    356.355      30  772.711      792.290      857.799
WARNING: Normalizing state frequencies so that sum of them equals to 1
 25  Q.pfam        366.538      9   751.075      752.627      776.602
WARNING: Normalizing state frequencies so that sum of them equals to 1
 26  Q.pfam+I      366.095      10  752.190      754.103      780.553
WARNING: Normalizing state frequencies so that sum of them equals to 1
 27  Q.pfam+G4     366.530      10  753.060      754.973      781.422
WARNING: Normalizing state frequencies so that sum of them equals to 1
 28  Q.pfam+I+G4   366.519      11  755.038      757.354      786.237
WARNING: Normalizing state frequencies so that sum of them equals to 1
 29  Q.pfam+F      356.646      28  769.292      786.035      848.708
WARNING: Normalizing state frequencies so that sum of them equals to 1
 30  Q.pfam+F+I    356.220      29  770.440      788.565      852.692
WARNING: Normalizing state frequencies so that sum of them equals to 1
 31  Q.pfam+F+G4   356.638      29  771.277      789.402      853.529
WARNING: Normalizing state frequencies so that sum of them equals to 1
 32  Q.pfam+F+I+G4 356.628      30  773.256      792.835      858.344
WARNING: Normalizing state frequencies so that sum of them equals to 1
 33  Q.bird        365.950      9   749.899      751.451      775.426
WARNING: Normalizing state frequencies so that sum of them equals to 1
 34  Q.bird+I      365.950      10  751.899      753.812      780.262
WARNING: Normalizing state frequencies so that sum of them equals to 1
 35  Q.bird+G4     365.950      10  751.899      753.812      780.262
WARNING: Normalizing state frequencies so that sum of them equals to 1
 36  Q.bird+I+G4   365.950      11  753.900      756.216      785.099
WARNING: Normalizing state frequencies so that sum of them equals to 1
 37  Q.bird+F      356.394      28  768.789      785.531      848.205
WARNING: Normalizing state frequencies so that sum of them equals to 1
 38  Q.bird+F+I    356.394      29  770.789      788.914      853.041
WARNING: Normalizing state frequencies so that sum of them equals to 1
 39  Q.bird+F+G4   356.394      29  770.789      788.914      853.041
WARNING: Normalizing state frequencies so that sum of them equals to 1
 40  Q.bird+F+I+G4 356.395      30  772.790      792.368      857.878
WARNING: Normalizing state frequencies so that sum of them equals to 1
 41  Q.mammal      365.711      9   749.423      750.974      774.949
WARNING: Normalizing state frequencies so that sum of them equals to 1
 42  Q.mammal+I    365.705      10  751.411      753.324      779.774
WARNING: Normalizing state frequencies so that sum of them equals to 1
 43  Q.mammal+G4   365.710      10  751.421      753.334      779.784
WARNING: Normalizing state frequencies so that sum of them equals to 1
 44  Q.mammal+I+G4 365.709      11  753.418      755.734      784.617
WARNING: Normalizing state frequencies so that sum of them equals to 1
 45  Q.mammal+F    356.515      28  769.030      785.772      848.446
WARNING: Normalizing state frequencies so that sum of them equals to 1
 46  Q.mammal+F+I  356.502      29  771.004      789.129      853.256
WARNING: Normalizing state frequencies so that sum of them equals to 1
 47  Q.mammal+F+G4 356.513      29  771.026      789.151      853.279
WARNING: Normalizing state frequencies so that sum of them equals to 1
 48  Q.mammal+F+I+G4 356.511      30  773.022      792.601      858.110
 49  Q.insect      372.071      9   762.143      763.695      787.669
 50  Q.insect+I    371.514      10  763.029      764.942      791.391
 51  Q.insect+G4   372.065      10  764.131      766.044      792.494
 52  Q.insect+I+G4 372.057      11  766.114      768.430      797.313
 53  Q.insect+F    356.812      28  769.624      786.366      849.040
 54  Q.insect+F+I  356.258      29  770.515      788.640      852.767
 55  Q.insect+F+G4 356.806      29  771.613      789.738      853.865
 56  Q.insect+F+I+G4 356.799      30  773.598      793.177      858.686
WARNING: Normalizing state frequencies so that sum of them equals to 1
 57  Q.plant       365.817      9   749.634      751.186      775.160
WARNING: Normalizing state frequencies so that sum of them equals to 1
 58  Q.plant+I     365.719      10  751.437      753.351      779.800
WARNING: Normalizing state frequencies so that sum of them equals to 1
 59  Q.plant+G4    365.814      10  751.628      753.541      779.991
WARNING: Normalizing state frequencies so that sum of them equals to 1
 60  Q.plant+I+G4  365.810      11  753.620      755.936      784.819
WARNING: Normalizing state frequencies so that sum of them equals to 1
 61  Q.plant+F     356.610      28  769.219      785.962      848.635
WARNING: Normalizing state frequencies so that sum of them equals to 1
 62  Q.plant+F+I   356.610      29  771.219      789.344      853.472
WARNING: Normalizing state frequencies so that sum of them equals to 1
 63  Q.plant+F+G4  356.610      29  771.219      789.344      853.472
WARNING: Normalizing state frequencies so that sum of them equals to 1
 64  Q.plant+F+I+G4 356.610      30  773.220      792.799      858.308
WARNING: Normalizing state frequencies so that sum of them equals to 1
 65  Q.yeast       370.012      9   758.024      759.576      783.551
WARNING: Normalizing state frequencies so that sum of them equals to 1
 66  Q.yeast+I     369.387      10  758.774      760.687      787.137
WARNING: Normalizing state frequencies so that sum of them equals to 1
 67  Q.yeast+G4    370.003      10  760.006      761.919      788.369
WARNING: Normalizing state frequencies so that sum of them equals to 1
 68  Q.yeast+I+G4  369.990      11  761.981      764.297      793.180
WARNING: Normalizing state frequencies so that sum of them equals to 1
 69  Q.yeast+F     356.828      28  769.657      786.399      849.072
WARNING: Normalizing state frequencies so that sum of them equals to 1
 70  Q.yeast+F+I   356.233      29  770.466      788.591      852.718
WARNING: Normalizing state frequencies so that sum of them equals to 1
 71  Q.yeast+F+G4  356.820      29  771.640      789.765      853.892
WARNING: Normalizing state frequencies so that sum of them equals to 1
 72  Q.yeast+F+I+G4 356.809      30  773.617      793.196      858.706
 73  JTTDCMut      365.574      9   749.147      750.699      774.674
 74  JTTDCMut+I    365.574      10  751.147      753.060      779.510
 75  JTTDCMut+G4   365.574      10  751.147      753.060      779.510
 76  JTTDCMut+I+G4 365.574      11  753.148      755.463      784.347
 77  JTTDCMut+F    356.359      28  768.718      785.460      848.133
 78  JTTDCMut+F+I  356.359      29  770.718      788.843      852.970
 79  JTTDCMut+F+G4 356.359      29  770.718      788.843      852.970
 80  JTTDCMut+F+I+G4 356.359      30  772.718      792.297      857.807
 81  DCMut         364.645      9   747.290      748.842      772.817
 82  DCMut+I       364.645      10  749.290      751.204      777.653
 83  DCMut+G4      364.645      10  749.290      751.204      777.653
 84  DCMut+I+G4    364.647      11  751.294      753.610      782.494
 85  DCMut+F       355.968      28  767.936      784.678      847.352
 86  DCMut+F+I     355.968      29  769.936      788.061      852.188
 87  DCMut+F+G4    355.968      29  769.936      788.061      852.188
 88  DCMut+F+I+G4  355.970      30  771.939      791.518      857.028
 89  VT            365.579      9   749.158      750.710      774.685
 90  VT+I          365.544      10  751.089      753.002      779.451
 91  VT+G4         365.577      10  751.154      753.067      779.516
 92  VT+I+G4       365.574      11  753.147      755.463      784.346
 93  VT+F          356.359      28  768.718      785.460      848.134
 94  VT+F+I        356.327      29  770.653      788.778      852.905
 95  VT+F+G4       356.357      29  770.713      788.838      852.965
 96  VT+F+I+G4     356.354      30  772.707      792.286      857.795
 97  PMB           367.773      9   753.547      755.099      779.073
 98  PMB+I         367.594      10  755.188      757.101      783.551
 99  PMB+G4        367.768      10  755.536      757.449      783.899
100  PMB+I+G4      367.761      11  757.522      759.838      788.721
101  PMB+F         356.490      28  768.981      785.723      848.397
102  PMB+F+I       356.293      29  770.587      788.712      852.839
103  PMB+F+G4      356.485      29  770.969      789.094      853.222
104  PMB+F+I+G4    356.477      30  772.954      792.533      858.043
105  Blosum62      369.167      9   756.334      757.886      781.861
106  Blosum62+I    369.064      10  758.128      760.041      786.490
107  Blosum62+G4   369.163      10  758.325      760.238      786.688
108  Blosum62+I+G4 369.156      11  760.313      762.629      791.512
109  Blosum62+F    356.351      28  768.701      785.443      848.117
110  Blosum62+F+I  356.237      29  770.474      788.599      852.726
111  Blosum62+F+G4 356.346      29  770.691      788.816      852.943
112  Blosum62+F+I+G4 356.339      30  772.678      792.257      857.766
113  Dayhoff       364.646      9   747.291      748.843      772.818
114  Dayhoff+I     364.646      10  749.291      751.204      777.654
115  Dayhoff+G4    364.646      10  749.291      751.204      777.654
116  Dayhoff+I+G4  364.647      11  751.295      753.611      782.494
117  Dayhoff+F     355.968      28  767.937      784.679      847.353
118  Dayhoff+F+I   355.968      29  769.937      788.062      852.189
119  Dayhoff+F+G4  355.968      29  769.937      788.062      852.189
120  Dayhoff+F+I+G4 355.970      30  771.940      791.519      857.028
121  mtREV         386.397      9   790.794      792.346      816.320
122  mtREV+I       383.514      10  787.027      788.940      815.390
123  mtREV+G4      386.343      10  792.685      794.598      821.048
124  mtREV+I+G4    386.266      11  794.533      796.848      825.732
125  mtREV+F       359.060      28  774.120      790.863      853.536
126  mtREV+F+I     356.277      29  770.554      788.679      852.806
127  mtREV+F+G4    358.984      29  775.969      794.094      858.221
128  mtREV+F+I+G4  358.878      30  777.757      797.336      862.845
129  mtART         388.098      9   794.195      795.747      819.722
130  mtART+I       384.460      10  788.920      790.833      817.283
131  mtART+G4      388.047      10  796.094      798.007      824.457
132  mtART+I+G4    387.975      11  797.950      800.265      829.149
133  mtART+F       359.794      28  775.588      792.330      855.004
134  mtART+F+I     356.276      29  770.553      788.678      852.805
135  mtART+F+G4    359.678      29  777.355      795.480      859.607
136  mtART+F+I+G4  359.515      30  779.031      798.610      864.119
137  mtZOA         384.236      9   786.472      788.024      811.999
138  mtZOA+I       381.995      10  783.990      785.903      812.353
139  mtZOA+G4      384.207      10  788.415      790.328      816.777
140  mtZOA+I+G4    384.167      11  790.333      792.649      821.533
141  mtZOA+F       358.473      28  772.945      789.688      852.361
142  mtZOA+F+I     356.276      29  770.552      788.677      852.804
143  mtZOA+F+G4    358.422      29  774.843      792.968      857.095
144  mtZOA+F+I+G4  358.350      30  776.700      796.279      861.789
145  mtMet         388.390      9   794.781      796.332      820.307
146  mtMet+I       387.016      10  794.032      795.945      822.395
147  mtMet+G4      388.375      10  796.750      798.663      825.113
148  mtMet+I+G4    388.353      11  798.707      801.023      829.906
149  mtMet+F       357.594      28  771.189      787.931      850.604
150  mtMet+F+I     356.277      29  770.554      788.679      852.806
151  mtMet+F+G4    357.579      29  773.158      791.283      855.410
152  mtMet+F+I+G4  357.558      30  775.116      794.695      860.205
153  mtVer         388.240      9   794.480      796.032      820.007
154  mtVer+I       386.428      10  792.856      794.769      821.219
155  mtVer+G4      388.218      10  796.436      798.349      824.799
156  mtVer+I+G4    388.187      11  798.374      800.690      829.573
157  mtVer+F       357.987      28  771.974      788.717      851.390
158  mtVer+F+I     356.277      29  770.554      788.679      852.806
159  mtVer+F+G4    357.967      29  773.934      792.059      856.186
160  mtVer+F+I+G4  357.938      30  775.877      795.456      860.965
161  mtInv         394.691      9   807.381      808.933      832.908
162  mtInv+I       393.776      10  807.552      809.465      835.915
163  mtInv+G4      394.679      10  809.359      811.272      837.722
164  mtInv+I+G4    394.664      11  811.328      813.644      842.527
165  mtInv+F       357.159      28  770.319      787.061      849.735
166  mtInv+F+I     356.276      29  770.553      788.678      852.805
167  mtInv+F+G4    357.150      29  772.300      790.425      854.552
168  mtInv+F+I+G4  357.137      30  774.274      793.852      859.362
169  mtMAM         388.219      9   794.438      795.990      819.965
170  mtMAM+I       384.622      10  789.244      791.157      817.607
171  mtMAM+G4      388.136      10  796.272      798.185      824.635
172  mtMAM+I+G4    388.016      11  798.032      800.348      829.231
173  mtMAM+F       359.722      28  775.444      792.187      854.860
174  mtMAM+F+I     356.276      29  770.552      788.677      852.804
175  mtMAM+F+G4    359.630      29  777.259      795.384      859.512
176  mtMAM+F+I+G4  359.499      30  778.997      798.576      864.086
WARNING: Normalizing state frequencies so that sum of them equals to 1
177  FLAVI         370.079      9   758.158      759.710      783.684
WARNING: Normalizing state frequencies so that sum of them equals to 1
178  FLAVI+I       370.079      10  760.158      762.071      788.521
WARNING: Normalizing state frequencies so that sum of them equals to 1
179  FLAVI+G4      370.079      10  760.158      762.071      788.521
WARNING: Normalizing state frequencies so that sum of them equals to 1
180  FLAVI+I+G4    370.081      11  762.162      764.477      793.361
WARNING: Normalizing state frequencies so that sum of them equals to 1
181  FLAVI+F       356.526      28  769.052      785.795      848.468
WARNING: Normalizing state frequencies so that sum of them equals to 1
182  FLAVI+F+I     356.526      29  771.052      789.177      853.305
WARNING: Normalizing state frequencies so that sum of them equals to 1
183  FLAVI+F+G4    356.526      29  771.052      789.177      853.305
WARNING: Normalizing state frequencies so that sum of them equals to 1
184  FLAVI+F+I+G4  356.530      30  773.059      792.638      858.148
185  HIVb          371.632      9   761.264      762.816      786.791
186  HIVb+I        371.632      10  763.264      765.177      791.627
187  HIVb+G4       371.632      10  763.264      765.177      791.627
188  HIVb+I+G4     371.634      11  765.268      767.584      796.467
189  HIVb+F        355.756      28  767.512      784.255      846.928
190  HIVb+F+I      355.756      29  769.512      787.637      851.765
191  HIVb+F+G4     355.756      29  769.512      787.637      851.765
192  HIVb+F+I+G4   355.759      30  771.518      791.097      856.606
193  HIVw          377.271      9   772.541      774.093      798.068
194  HIVw+I        377.271      10  774.541      776.454      802.904
195  HIVw+G4       377.271      10  774.541      776.454      802.904
196  HIVw+I+G4     377.275      11  776.550      778.865      807.749
197  HIVw+F        355.511      28  767.021      783.764      846.437
198  HIVw+F+I      355.511      29  769.021      787.146      851.273
199  HIVw+F+G4     355.511      29  769.021      787.146      851.273
200  HIVw+F+I+G4   355.516      30  771.031      790.610      856.120
201  FLU           368.546      9   755.093      756.645      780.619
202  FLU+I         368.546      10  757.093      759.006      785.456
203  FLU+G4        368.546      10  757.093      759.006      785.456
204  FLU+I+G4      368.548      11  759.095      761.411      790.294
205  FLU+F         356.346      28  768.692      785.434      848.107
206  FLU+F+I       356.346      29  770.692      788.817      852.944
207  FLU+F+G4      356.346      29  770.692      788.817      852.944
208  FLU+F+I+G4    356.348      30  772.696      792.275      857.785
209  rtREV         368.280      9   754.560      756.112      780.087
210  rtREV+I       368.276      10  756.551      758.464      784.914
211  rtREV+G4      368.279      10  756.558      758.471      784.921
212  rtREV+I+G4    368.278      11  758.556      760.872      789.755
213  rtREV+F       356.252      28  768.504      785.246      847.920
214  rtREV+F+I     356.252      29  770.504      788.629      852.756
215  rtREV+F+G4    356.252      29  770.504      788.629      852.756
216  rtREV+F+I+G4  356.251      30  772.503      792.082      857.591
217  cpREV         367.623      9   753.245      754.797      778.772
218  cpREV+I       367.190      10  754.380      756.293      782.743
219  cpREV+G4      367.612      10  755.224      757.137      783.587
220  cpREV+I+G4    367.598      11  757.196      759.512      788.396
221  cpREV+F       356.680      28  769.360      786.102      848.776
222  cpREV+F+I     356.228      29  770.457      788.582      852.709
223  cpREV+F+G4    356.667      29  771.335      789.460      853.587
224  cpREV+F+I+G4  356.650      30  773.300      792.879      858.389
Akaike Information Criterion:           WAG
Corrected Akaike Information Criterion: WAG
Bayesian Information Criterion:         WAG
Best-fit model: WAG chosen according to BIC

All model information printed to ../results/molecular_evolution_analyses/phylogenetic_trees/F12342_MLIG_G1/F12342_MLIG_G1.model.gz
CPU time for ModelFinder: 0.441 seconds (0h:0m:0s)
Wall-clock time for ModelFinder: 0.445 seconds (0h:0m:0s)
NOTE: State(s) C not present in alignment and thus removed from Markov process to prevent numerical problems
NOTE: 1 states (see above) are not present and thus removed from Markov process to prevent numerical problems
Generating 1000 samples for ultrafast bootstrap (seed: 117577)...

NOTE: 0 MB RAM (0 GB) is required!
Estimate model parameters (epsilon = 0.100)
1. Initial log-likelihood: -364.195
Optimal log-likelihood: -364.195
Parameters optimization took 1 rounds (0.000 sec)
Wrote distance file to... 
Computing ML distances based on estimated model parameters...
Calculating distance matrix: done in 0.000669003 secs using 99.85% CPU
Computing ML distances took 0.000689 sec (of wall-clock time) 0.000688 sec (of CPU time)
Setting up auxiliary I and S matrices: done in 3.60012e-05 secs using 505.5% CPU
Constructing RapidNJ tree: done in 2.40803e-05 secs using 199.3% CPU
Computing RapidNJ tree took 0.000117 sec (of wall-clock time) 0.000335 sec (of CPU time)
Log-likelihood of RapidNJ tree: -364.195
--------------------------------------------------------------------
|             INITIALIZING CANDIDATE TREE SET                      |
--------------------------------------------------------------------
Generating 98 parsimony trees... 0.009 second
Computing log-likelihood of 61 initial trees ... 0.007 seconds
Current best score: -364.195

Do NNI search on 20 best initial trees
Optimizing NNI: done in 0.000442982 secs using 195.9% CPU
Estimate model parameters (epsilon = 0.100)
BETTER TREE FOUND at iteration 1: -364.195
Optimizing NNI: done in 0.00045085 secs using 196.7% CPU
Optimizing NNI: done in 0.000443935 secs
Optimizing NNI: done in 0.000365019 secs
BETTER TREE FOUND at iteration 4: -364.195
Optimizing NNI: done in 0.000365973 secs
Optimizing NNI: done in 0.000427008 secs
Optimizing NNI: done in 0.000362158 secs using 164.8% CPU
Optimizing NNI: done in 0.000360966 secs using 195.6% CPU
Optimizing NNI: done in 0.000360012 secs using 195% CPU
Optimizing NNI: done in 0.000359058 secs using 195% CPU
Iteration 10 / LogL: -364.195 / Time: 0h:0m:0s
Optimizing NNI: done in 0.000357866 secs using 195.9% CPU
Optimizing NNI: done in 0.000360966 secs using 199.5% CPU
Optimizing NNI: done in 0.000423193 secs using 200.1% CPU
Optimizing NNI: done in 0.000354052 secs using 200.3% CPU
Optimizing NNI: done in 0.000352859 secs using 200.4% CPU
Optimizing NNI: done in 0.000353098 secs using 200.2% CPU
Optimizing NNI: done in 0.000341177 secs using 199.9% CPU
Optimizing NNI: done in 0.000341177 secs using 199.6% CPU
Optimizing NNI: done in 0.000355005 secs using 199.4% CPU
Optimizing NNI: done in 0.000350952 secs using 200% CPU
Iteration 20 / LogL: -364.195 / Time: 0h:0m:0s
Finish initializing candidate tree set (19)
Current best tree score: -364.195 / CPU time: 0.029
Number of iterations: 20
--------------------------------------------------------------------
|               OPTIMIZING CANDIDATE TREE SET                      |
--------------------------------------------------------------------
Optimizing NNI: done in 0.000359058 secs using 200% CPU
Optimizing NNI: done in 0.000355959 secs using 200% CPU
Optimizing NNI: done in 0.000355959 secs using 200.3% CPU
Optimizing NNI: done in 0.000355005 secs using 199.4% CPU
Optimizing NNI: done in 0.000351906 secs using 199.8% CPU
Optimizing NNI: done in 0.000348806 secs using 200.1% CPU
Optimizing NNI: done in 0.000349998 secs using 199.4% CPU
Optimizing NNI: done in 0.000353098 secs using 194.3% CPU
Optimizing NNI: done in 0.000354052 secs using 200% CPU
Optimizing NNI: done in 0.000345945 secs using 194.5% CPU
Iteration 30 / LogL: -364.195 / Time: 0h:0m:0s (0h:0m:0s left)
Optimizing NNI: done in 0.000347853 secs using 200.4% CPU
Optimizing NNI: done in 0.000418186 secs using 200.2% CPU
Optimizing NNI: done in 0.000353813 secs using 200.1% CPU
Optimizing NNI: done in 0.00041914 secs using 199.7% CPU
Optimizing NNI: done in 0.000354052 secs using 200% CPU
Optimizing NNI: done in 0.000339985 secs using 199.7% CPU
Optimizing NNI: done in 0.000349998 secs using 200.3% CPU
Optimizing NNI: done in 0.000413179 secs using 199.9% CPU
Optimizing NNI: done in 0.000333071 secs using 200.6% CPU
Optimizing NNI: done in 0.000341892 secs using 200.6% CPU
Iteration 40 / LogL: -364.195 / Time: 0h:0m:0s (0h:0m:0s left)
Optimizing NNI: done in 0.000329971 secs using 199.7% CPU
Optimizing NNI: done in 0.000411034 secs using 200% CPU
Optimizing NNI: done in 0.000348091 secs using 199.9% CPU
Optimizing NNI: done in 0.000349045 secs using 200% CPU
Optimizing NNI: done in 0.000346899 secs using 199.8% CPU
Optimizing NNI: done in 0.000349998 secs using 200% CPU
Optimizing NNI: done in 0.000335932 secs using 200.3% CPU
Optimizing NNI: done in 0.000347853 secs using 200.4% CPU
Optimizing NNI: done in 0.000348091 secs using 200.2% CPU
Optimizing NNI: done in 0.000344038 secs using 199.7% CPU
Iteration 50 / LogL: -364.195 / Time: 0h:0m:0s (0h:0m:0s left)
Log-likelihood cutoff on original alignment: -364.195
Optimizing NNI: done in 0.000353098 secs using 193.7% CPU
Optimizing NNI: done in 0.000334024 secs using 199.4% CPU
Optimizing NNI: done in 0.000348091 secs using 199.7% CPU
Optimizing NNI: done in 0.000351906 secs using 198.3% CPU
Optimizing NNI: done in 0.000336885 secs using 200.4% CPU
Optimizing NNI: done in 0.000340939 secs using 200% CPU
Optimizing NNI: done in 0.000330925 secs using 200% CPU
Optimizing NNI: done in 0.000341892 secs using 200.4% CPU
Optimizing NNI: done in 0.000347137 secs using 199.1% CPU
Optimizing NNI: done in 0.000344038 secs using 200% CPU
Iteration 60 / LogL: -364.195 / Time: 0h:0m:0s (0h:0m:0s left)
Optimizing NNI: done in 0.000348806 secs using 200.4% CPU
Optimizing NNI: done in 0.000340939 secs using 200% CPU
Optimizing NNI: done in 0.000350952 secs using 199.2% CPU
Optimizing NNI: done in 0.000351906 secs using 200.1% CPU
Optimizing NNI: done in 0.000411987 secs using 200.2% CPU
Optimizing NNI: done in 0.000347853 secs using 199.8% CPU
Optimizing NNI: done in 0.000345945 secs using 199.5% CPU
Optimizing NNI: done in 0.000341892 secs using 199.2% CPU
Optimizing NNI: done in 0.000324011 secs using 200% CPU
Optimizing NNI: done in 0.000397921 secs using 199.8% CPU
Iteration 70 / LogL: -364.195 / Time: 0h:0m:0s (0h:0m:0s left)
Optimizing NNI: done in 0.000339985 secs using 100% CPU
Optimizing NNI: done in 0.000397921 secs using 100% CPU
Optimizing NNI: done in 0.000345945 secs using 100% CPU
Optimizing NNI: done in 0.000347853 secs using 100.3% CPU
Optimizing NNI: done in 0.00041604 secs using 99.99% CPU
Optimizing NNI: done in 0.000346899 secs using 100% CPU
Optimizing NNI: done in 0.000345945 secs using 100% CPU
Optimizing NNI: done in 0.000345945 secs using 100% CPU
Optimizing NNI: done in 0.000414133 secs using 99.73% CPU
Optimizing NNI: done in 0.00041604 secs using 99.99% CPU
Iteration 80 / LogL: -364.195 / Time: 0h:0m:0s (0h:0m:0s left)
Optimizing NNI: done in 0.000345945 secs using 100% CPU
Optimizing NNI: done in 0.000329971 secs using 100% CPU
Optimizing NNI: done in 0.000343084 secs using 99.98% CPU
Optimizing NNI: done in 0.000344038 secs using 99.99% CPU
Optimizing NNI: done in 0.000332117 secs using 100.3% CPU
Optimizing NNI: done in 0.000341177 secs using 99.66% CPU
Optimizing NNI: done in 0.000343084 secs using 99.98% CPU
Optimizing NNI: done in 0.000330925 secs using 100% CPU
Optimizing NNI: done in 0.000346899 secs using 99.74% CPU
Optimizing NNI: done in 0.000348091 secs using 99.97% CPU
Iteration 90 / LogL: -364.195 / Time: 0h:0m:0s (0h:0m:0s left)
Optimizing NNI: done in 0.000349998 secs using 100.3% CPU
Optimizing NNI: done in 0.000344992 secs using 100% CPU
Optimizing NNI: done in 0.000349045 secs using 99.99% CPU
Optimizing NNI: done in 0.000348091 secs using 99.97% CPU
Optimizing NNI: done in 0.000346899 secs using 99.74% CPU
Optimizing NNI: done in 0.000411034 secs using 99.99% CPU
Optimizing NNI: done in 0.000341892 secs using 100% CPU
Optimizing NNI: done in 0.000344992 secs using 100% CPU
Optimizing NNI: done in 0.000344992 secs using 100% CPU
Optimizing NNI: done in 0.000344992 secs using 100% CPU
Iteration 100 / LogL: -364.195 / Time: 0h:0m:0s (0h:0m:0s left)
Log-likelihood cutoff on original alignment: -364.195
NOTE: Bootstrap correlation coefficient of split occurrence frequencies: -0.075
NOTE: UFBoot does not converge, continue at least 100 more iterations
Optimizing NNI: done in 0.000361919 secs using 99.75% CPU
Optimizing NNI: done in 0.000348091 secs using 100.3% CPU
Optimizing NNI: done in 0.000414848 secs using 99.8% CPU
Optimizing NNI: done in 0.000339985 secs using 100% CPU
Optimizing NNI: done in 0.000406027 secs using 99.99% CPU
Optimizing NNI: done in 0.000416994 secs using 99.28% CPU
Optimizing NNI: done in 0.000336885 secs using 100.3% CPU
Optimizing NNI: done in 0.000324011 secs using 100% CPU
Optimizing NNI: done in 0.000339985 secs using 100% CPU
Optimizing NNI: done in 0.000345945 secs using 99.73% CPU
Iteration 110 / LogL: -364.195 / Time: 0h:0m:0s (0h:0m:0s left)
Optimizing NNI: done in 0.000351191 secs using 99.95% CPU
Optimizing NNI: done in 0.000409842 secs using 100% CPU
Optimizing NNI: done in 0.00041008 secs using 99.98% CPU
Optimizing NNI: done in 0.000344038 secs using 99.99% CPU
Optimizing NNI: done in 0.000345945 secs using 99.73% CPU
Optimizing NNI: done in 0.000344992 secs using 100% CPU
Optimizing NNI: done in 0.000413179 secs using 99.96% CPU
Optimizing NNI: done in 0.00040102 secs using 100% CPU
Optimizing NNI: done in 0.000345945 secs using 99.73% CPU
Optimizing NNI: done in 0.000406981 secs using 100.3% CPU
Iteration 120 / LogL: -364.195 / Time: 0h:0m:0s (0h:0m:0s left)
Optimizing NNI: done in 0.000356197 secs using 99.94% CPU
Optimizing NNI: done in 0.000409126 secs using 99.97% CPU
Optimizing NNI: done in 0.000345945 secs using 100% CPU
Optimizing NNI: done in 0.000348091 secs using 99.97% CPU
Optimizing NNI: done in 0.000409126 secs using 99.97% CPU
Optimizing NNI: done in 0.000346899 secs using 100% CPU
Optimizing NNI: done in 0.000407934 secs using 100.3% CPU
Optimizing NNI: done in 0.000346899 secs using 99.74% CPU
Optimizing NNI: done in 0.000341892 secs using 100% CPU
Optimizing NNI: done in 0.000339031 secs using 99.7% CPU
Iteration 130 / LogL: -364.195 / Time: 0h:0m:0s (0h:0m:0s left)
Optimizing NNI: done in 0.000329971 secs using 99.71% CPU
Optimizing NNI: done in 0.000328779 secs using 100.1% CPU
Optimizing NNI: done in 0.000344038 secs using 99.99% CPU
Optimizing NNI: done in 0.000344992 secs using 100.3% CPU
Optimizing NNI: done in 0.000343084 secs using 99.98% CPU
Optimizing NNI: done in 0.000328064 secs using 100.3% CPU
Optimizing NNI: done in 0.000344992 secs using 100.3% CPU
Optimizing NNI: done in 0.000344992 secs using 100% CPU
Optimizing NNI: done in 0.000348091 secs using 100.3% CPU
Optimizing NNI: done in 0.000344992 secs using 100.3% CPU
Iteration 140 / LogL: -364.195 / Time: 0h:0m:0s (0h:0m:0s left)
Optimizing NNI: done in 0.000346899 secs using 100% CPU
Optimizing NNI: done in 0.000344992 secs using 100.3% CPU
Optimizing NNI: done in 0.000331163 secs using 99.65% CPU
Optimizing NNI: done in 0.000342846 secs using 100.3% CPU
Optimizing NNI: done in 0.000402927 secs using 100.3% CPU
Optimizing NNI: done in 0.000344038 secs using 99.99% CPU
Optimizing NNI: done in 0.000344038 secs using 99.99% CPU
Optimizing NNI: done in 0.000347137 secs using 99.96% CPU
Optimizing NNI: done in 0.000346899 secs using 100% CPU
Optimizing NNI: done in 0.000411034 secs using 100.2% CPU
Iteration 150 / LogL: -364.195 / Time: 0h:0m:0s (0h:0m:0s left)
Log-likelihood cutoff on original alignment: -364.195
Optimizing NNI: done in 0.000357866 secs using 99.76% CPU
Optimizing NNI: done in 0.000411034 secs using 99.99% CPU
Optimizing NNI: done in 0.000341892 secs using 100.3% CPU
Optimizing NNI: done in 0.000330925 secs using 100% CPU
Optimizing NNI: done in 0.000347853 secs using 100% CPU
Optimizing NNI: done in 0.000411034 secs using 99.99% CPU
Optimizing NNI: done in 0.000343084 secs using 100.3% CPU
Optimizing NNI: done in 0.000340939 secs using 100% CPU
Optimizing NNI: done in 0.000325203 secs using 99.94% CPU
Optimizing NNI: done in 0.000343084 secs using 99.68% CPU
Iteration 160 / LogL: -364.195 / Time: 0h:0m:0s (0h:0m:0s left)
Optimizing NNI: done in 0.000333071 secs using 99.98% CPU
Optimizing NNI: done in 0.000344992 secs using 99.71% CPU
Optimizing NNI: done in 0.000345945 secs using 100% CPU
Optimizing NNI: done in 0.000347137 secs using 99.96% CPU
Optimizing NNI: done in 0.000348091 secs using 99.97% CPU
Optimizing NNI: done in 0.000344992 secs using 100% CPU
Optimizing NNI: done in 0.000344992 secs using 100% CPU
Optimizing NNI: done in 0.000408888 secs using 100% CPU
Optimizing NNI: done in 0.000338078 secs using 99.98% CPU
Optimizing NNI: done in 0.000397921 secs using 100% CPU
Iteration 170 / LogL: -364.195 / Time: 0h:0m:0s (0h:0m:0s left)
Optimizing NNI: done in 0.000340939 secs using 99.72% CPU
Optimizing NNI: done in 0.000339985 secs using 100% CPU
Optimizing NNI: done in 0.000344038 secs using 99.7% CPU
Optimizing NNI: done in 0.000342846 secs using 100% CPU
Optimizing NNI: done in 0.000408888 secs using 100% CPU
Optimizing NNI: done in 0.000339031 secs using 99.99% CPU
Optimizing NNI: done in 0.000337124 secs using 99.96% CPU
Optimizing NNI: done in 0.000326872 secs using 100% CPU
Optimizing NNI: done in 0.000355005 secs using 99.72% CPU
Optimizing NNI: done in 0.000346899 secs using 100% CPU
Iteration 180 / LogL: -364.195 / Time: 0h:0m:0s (0h:0m:0s left)
Optimizing NNI: done in 0.000329971 secs using 100% CPU
Optimizing NNI: done in 0.000344992 secs using 100% CPU
Optimizing NNI: done in 0.000344038 secs using 99.99% CPU
Optimizing NNI: done in 0.000339985 secs using 100% CPU
Optimizing NNI: done in 0.000339031 secs using 99.99% CPU
Optimizing NNI: done in 0.000344038 secs using 99.99% CPU
Optimizing NNI: done in 0.000339031 secs using 99.7% CPU
Optimizing NNI: done in 0.000339985 secs using 100% CPU
Optimizing NNI: done in 0.000404119 secs using 99.72% CPU
Optimizing NNI: done in 0.000340939 secs using 100% CPU
Iteration 190 / LogL: -364.195 / Time: 0h:0m:0s (0h:0m:0s left)
Optimizing NNI: done in 0.000329018 secs using 99.99% CPU
Optimizing NNI: done in 0.000352144 secs using 99.11% CPU
Optimizing NNI: done in 0.000325918 secs using 99.72% CPU
Optimizing NNI: done in 0.00041008 secs using 99.98% CPU
Optimizing NNI: done in 0.000331163 secs using 99.95% CPU
Optimizing NNI: done in 0.000339031 secs using 100.3% CPU
Optimizing NNI: done in 0.00032711 secs using 99.97% CPU
Optimizing NNI: done in 0.000334024 secs using 100.3% CPU
Optimizing NNI: done in 0.000341177 secs using 99.95% CPU
Optimizing NNI: done in 0.000339985 secs using 99.71% CPU
Iteration 200 / LogL: -364.195 / Time: 0h:0m:0s (0h:0m:0s left)
Log-likelihood cutoff on original alignment: -364.195
NOTE: Bootstrap correlation coefficient of split occurrence frequencies: 0.479
NOTE: UFBoot does not converge, continue at least 100 more iterations
Optimizing NNI: done in 0.000427008 secs using 100% CPU
Optimizing NNI: done in 0.00041604 secs using 99.99% CPU
Optimizing NNI: done in 0.000347137 secs using 99.96% CPU
Optimizing NNI: done in 0.000413895 secs using 99.78% CPU
Optimizing NNI: done in 0.000346184 secs
Optimizing NNI: done in 0.000344038 secs using 97.95% CPU
Optimizing NNI: done in 0.000342131 secs using 100.3% CPU
Optimizing NNI: done in 0.000340939 secs using 99.72% CPU
Optimizing NNI: done in 0.000324965 secs using 100% CPU
Optimizing NNI: done in 0.000398159 secs using 100.2% CPU
Iteration 210 / LogL: -364.195 / Time: 0h:0m:0s (0h:0m:0s left)
Optimizing NNI: done in 0.000335932 secs using 98.23% CPU
Optimizing NNI: done in 0.000338793 secs using 100.1% CPU
Optimizing NNI: done in 0.00040102 secs using 100% CPU
Optimizing NNI: done in 0.000403881 secs using 99.78% CPU
Optimizing NNI: done in 0.000325918 secs using 100% CPU
Optimizing NNI: done in 0.000344038 secs using 100.3% CPU
Optimizing NNI: done in 0.000424147 secs using 99.97% CPU
Optimizing NNI: done in 0.000341892 secs using 100.3% CPU
Optimizing NNI: done in 0.000344038 secs using 99.7% CPU
Optimizing NNI: done in 0.000344992 secs using 100% CPU
Iteration 220 / LogL: -364.195 / Time: 0h:0m:0s (0h:0m:0s left)
Optimizing NNI: done in 0.000345945 secs using 100% CPU
Optimizing NNI: done in 0.000346899 secs using 99.74% CPU
Optimizing NNI: done in 0.000344038 secs using 99.99% CPU
Optimizing NNI: done in 0.000344038 secs using 100.3% CPU
Optimizing NNI: done in 0.000340939 secs using 100% CPU
Optimizing NNI: done in 0.000339031 secs using 100.3% CPU
Optimizing NNI: done in 0.000339031 secs using 100.3% CPU
Optimizing NNI: done in 0.000403166 secs using 99.71% CPU
Optimizing NNI: done in 0.000339031 secs using 99.99% CPU
Optimizing NNI: done in 0.000340939 secs using 99.72% CPU
Iteration 230 / LogL: -364.195 / Time: 0h:0m:0s (0h:0m:0s left)
Optimizing NNI: done in 0.000351906 secs using 99.17% CPU
Optimizing NNI: done in 0.000341892 secs using 100% CPU
Optimizing NNI: done in 0.000344038 secs using 100.3% CPU
Optimizing NNI: done in 0.000345945 secs using 99.73% CPU
Optimizing NNI: done in 0.000343084 secs using 99.68% CPU
Optimizing NNI: done in 0.0003438 secs using 99.77% CPU
Optimizing NNI: done in 0.000341177 secs using 99.66% CPU
Optimizing NNI: done in 0.000354052 secs using 99.14% CPU
Optimizing NNI: done in 0.000340939 secs using 99.72% CPU
Optimizing NNI: done in 0.000324011 secs using 99.69% CPU
Iteration 240 / LogL: -364.195 / Time: 0h:0m:0s (0h:0m:0s left)
Optimizing NNI: done in 0.000339985 secs using 99.71% CPU
Optimizing NNI: done in 0.000341892 secs using 99.74% CPU
Optimizing NNI: done in 0.00032711 secs using 99.97% CPU
Optimizing NNI: done in 0.000406027 secs using 99.99% CPU
Optimizing NNI: done in 0.000340939 secs using 100% CPU
Optimizing NNI: done in 0.000342131 secs using 100.3% CPU
Optimizing NNI: done in 0.000341177 secs using 99.95% CPU
Optimizing NNI: done in 0.000328064 secs using 99.68% CPU
Optimizing NNI: done in 0.000344038 secs using 100.3% CPU
Optimizing NNI: done in 0.000342131 secs using 99.96% CPU
Iteration 250 / LogL: -364.195 / Time: 0h:0m:0s (0h:0m:0s left)
Log-likelihood cutoff on original alignment: -364.195
Optimizing NNI: done in 0.000353098 secs using 99.69% CPU
Optimizing NNI: done in 0.000407934 secs using 100% CPU
Optimizing NNI: done in 0.000344992 secs using 99.71% CPU
Optimizing NNI: done in 0.000343084 secs using 99.98% CPU
Optimizing NNI: done in 0.000337124 secs using 99.96% CPU
Optimizing NNI: done in 0.000337839 secs using 100% CPU
Optimizing NNI: done in 0.000337839 secs using 100% CPU
Optimizing NNI: done in 0.000339031 secs using 100.3% CPU
Optimizing NNI: done in 0.000330925 secs using 100% CPU
Optimizing NNI: done in 0.000347137 secs using 99.96% CPU
Iteration 260 / LogL: -364.195 / Time: 0h:0m:0s (0h:0m:0s left)
Optimizing NNI: done in 0.000347853 secs using 100% CPU
Optimizing NNI: done in 0.0003438 secs using 100.1% CPU
Optimizing NNI: done in 0.000342131 secs using 99.96% CPU
Optimizing NNI: done in 0.000338078 secs using 99.98% CPU
Optimizing NNI: done in 0.000340939 secs using 100% CPU
Optimizing NNI: done in 0.000339031 secs using 99.99% CPU
Optimizing NNI: done in 0.000400066 secs using 99.98% CPU
Optimizing NNI: done in 0.000339031 secs using 99.7% CPU
Optimizing NNI: done in 0.000334978 secs using 100% CPU
Optimizing NNI: done in 0.000404119 secs using 99.72% CPU
Iteration 270 / LogL: -364.195 / Time: 0h:0m:0s (0h:0m:0s left)
Optimizing NNI: done in 0.000342846 secs using 100.3% CPU
Optimizing NNI: done in 0.000329971 secs using 100% CPU
Optimizing NNI: done in 0.000406981 secs using 100% CPU
Optimizing NNI: done in 0.000343084 secs using 99.98% CPU
Optimizing NNI: done in 0.000340939 secs using 100% CPU
Optimizing NNI: done in 0.000340939 secs using 100% CPU
Optimizing NNI: done in 0.000336885 secs using 100% CPU
Optimizing NNI: done in 0.000354052 secs using 98.86% CPU
Optimizing NNI: done in 0.000343084 secs using 99.98% CPU
Optimizing NNI: done in 0.000402927 secs using 100.3% CPU
Iteration 280 / LogL: -364.195 / Time: 0h:0m:0s (0h:0m:0s left)
Optimizing NNI: done in 0.000339985 secs using 100% CPU
Optimizing NNI: done in 0.000340939 secs using 100% CPU
Optimizing NNI: done in 0.000345945 secs using 100.3% CPU
Optimizing NNI: done in 0.000347853 secs using 100% CPU
Optimizing NNI: done in 0.000330925 secs using 100.3% CPU
Optimizing NNI: done in 0.000342131 secs using 99.96% CPU
Optimizing NNI: done in 0.000339985 secs using 99.71% CPU
Optimizing NNI: done in 0.000326872 secs using 100% CPU
Optimizing NNI: done in 0.000339031 secs using 99.99% CPU
Optimizing NNI: done in 0.000339031 secs using 99.99% CPU
Iteration 290 / LogL: -364.195 / Time: 0h:0m:0s (0h:0m:0s left)
Optimizing NNI: done in 0.000342131 secs using 99.96% CPU
Optimizing NNI: done in 0.000345945 secs using 100% CPU
Optimizing NNI: done in 0.000350952 secs using 99.16% CPU
Optimizing NNI: done in 0.000340223 secs using 100.2% CPU
Optimizing NNI: done in 0.000340939 secs using 100% CPU
Optimizing NNI: done in 0.000340939 secs using 100% CPU
Optimizing NNI: done in 0.000341892 secs using 100% CPU
Optimizing NNI: done in 0.000341892 secs using 99.74% CPU
Optimizing NNI: done in 0.000329971 secs using 100% CPU
Optimizing NNI: done in 0.000346899 secs using 100% CPU
Iteration 300 / LogL: -364.195 / Time: 0h:0m:1s (0h:0m:0s left)
Log-likelihood cutoff on original alignment: -364.195
NOTE: Bootstrap correlation coefficient of split occurrence frequencies: -0.186
NOTE: UFBoot does not converge, continue at least 100 more iterations
Optimizing NNI: done in 0.000362873 secs using 99.76% CPU
Optimizing NNI: done in 0.000344992 secs using 100% CPU
Optimizing NNI: done in 0.000339985 secs using 100% CPU
Optimizing NNI: done in 0.000341892 secs using 99.74% CPU
Optimizing NNI: done in 0.000335932 secs using 99.72% CPU
Optimizing NNI: done in 0.000337124 secs using 100.3% CPU
Optimizing NNI: done in 0.000338078 secs using 99.68% CPU
Optimizing NNI: done in 0.000338078 secs using 99.68% CPU
Optimizing NNI: done in 0.000393152 secs using 99.71% CPU
Optimizing NNI: done in 0.000342846 secs using 100% CPU
Iteration 310 / LogL: -364.195 / Time: 0h:0m:1s (0h:0m:0s left)
Optimizing NNI: done in 0.000342846 secs using 100% CPU
Optimizing NNI: done in 0.000342131 secs using 99.96% CPU
Optimizing NNI: done in 0.000350952 secs using 98.87% CPU
Optimizing NNI: done in 0.000339031 secs using 99.99% CPU
Optimizing NNI: done in 0.000344038 secs using 99.7% CPU
Optimizing NNI: done in 0.000341892 secs using 100% CPU
Optimizing NNI: done in 0.00041008 secs using 99.98% CPU
Optimizing NNI: done in 0.000342131 secs using 99.96% CPU
Optimizing NNI: done in 0.000338793 secs using 100.1% CPU
Optimizing NNI: done in 0.000339985 secs using 99.71% CPU
Iteration 320 / LogL: -364.195 / Time: 0h:0m:1s (0h:0m:0s left)
Optimizing NNI: done in 0.000340939 secs using 100% CPU
Optimizing NNI: done in 0.000407934 secs using 99.77% CPU
Optimizing NNI: done in 0.000339985 secs using 100.3% CPU
Optimizing NNI: done in 0.000406027 secs using 99.99% CPU
Optimizing NNI: done in 0.000337124 secs using 99.96% CPU
Optimizing NNI: done in 0.000335932 secs using 100% CPU
Optimizing NNI: done in 0.000338078 secs using 99.98% CPU
Optimizing NNI: done in 0.000347853 secs using 99.18% CPU
Optimizing NNI: done in 0.000342131 secs using 99.96% CPU
Optimizing NNI: done in 0.000341892 secs using 100% CPU
Iteration 330 / LogL: -364.195 / Time: 0h:0m:1s (0h:0m:0s left)
Optimizing NNI: done in 0.000341177 secs using 99.66% CPU
Optimizing NNI: done in 0.000334978 secs using 100% CPU
Optimizing NNI: done in 0.000335932 secs using 100.3% CPU
Optimizing NNI: done in 0.000340939 secs using 99.72% CPU
Optimizing NNI: done in 0.000329018 secs using 99.69% CPU
Optimizing NNI: done in 0.000345945 secs using 99.73% CPU
Optimizing NNI: done in 0.000342846 secs using 100% CPU
Optimizing NNI: done in 0.000344038 secs using 99.99% CPU
Optimizing NNI: done in 0.000341892 secs using 100% CPU
Optimizing NNI: done in 0.000341892 secs using 99.74% CPU
Iteration 340 / LogL: -364.195 / Time: 0h:0m:1s (0h:0m:0s left)
Optimizing NNI: done in 0.000342131 secs using 99.96% CPU
Optimizing NNI: done in 0.000406027 secs using 100.2% CPU
Optimizing NNI: done in 0.000339985 secs using 100% CPU
Optimizing NNI: done in 0.000339031 secs using 99.99% CPU
Optimizing NNI: done in 0.00040102 secs using 100% CPU
Optimizing NNI: done in 0.00040102 secs using 100% CPU
Optimizing NNI: done in 0.000360966 secs using 100.3% CPU
Optimizing NNI: done in 0.000341177 secs using 99.95% CPU
Optimizing NNI: done in 0.000334978 secs using 99.71% CPU
Optimizing NNI: done in 0.000336885 secs using 100% CPU
Iteration 350 / LogL: -364.195 / Time: 0h:0m:1s (0h:0m:0s left)
Log-likelihood cutoff on original alignment: -364.195
Optimizing NNI: done in 0.000353098 secs using 99.97% CPU
Optimizing NNI: done in 0.000339985 secs using 100.3% CPU
Optimizing NNI: done in 0.000344038 secs using 99.99% CPU
Optimizing NNI: done in 0.000329971 secs using 99.71% CPU
Optimizing NNI: done in 0.000411987 secs using 99.76% CPU
Optimizing NNI: done in 0.000343084 secs using 99.98% CPU
Optimizing NNI: done in 0.000337124 secs using 99.67% CPU
Optimizing NNI: done in 0.000409842 secs using 100% CPU
Optimizing NNI: done in 0.000338078 secs using 99.98% CPU
Optimizing NNI: done in 0.000339031 secs using 99.99% CPU
Iteration 360 / LogL: -364.195 / Time: 0h:0m:1s (0h:0m:0s left)
Optimizing NNI: done in 0.000325918 secs using 100% CPU
Optimizing NNI: done in 0.000342131 secs using 100.3% CPU
Optimizing NNI: done in 0.000340939 secs using 99.72% CPU
Optimizing NNI: done in 0.000340939 secs using 99.72% CPU
Optimizing NNI: done in 0.000341892 secs using 100.3% CPU
Optimizing NNI: done in 0.000344992 secs using 100.3% CPU
Optimizing NNI: done in 0.000420809 secs using 99.33% CPU
Optimizing NNI: done in 0.000330925 secs using 100.3% CPU
Optimizing NNI: done in 0.000341177 secs using 99.66% CPU
Optimizing NNI: done in 0.000339031 secs using 99.7% CPU
Iteration 370 / LogL: -364.195 / Time: 0h:0m:1s (0h:0m:0s left)
Optimizing NNI: done in 0.000339031 secs using 99.99% CPU
Optimizing NNI: done in 0.000405073 secs using 99.98% CPU
Optimizing NNI: done in 0.000338078 secs using 99.98% CPU
Optimizing NNI: done in 0.000339985 secs using 99.71% CPU
Optimizing NNI: done in 0.000340939 secs using 100% CPU
Optimizing NNI: done in 0.000344038 secs using 99.99% CPU
Optimizing NNI: done in 0.000341892 secs using 99.74% CPU
Optimizing NNI: done in 0.000326872 secs using 100% CPU
Optimizing NNI: done in 0.000409842 secs using 100% CPU
Optimizing NNI: done in 0.000411034 secs using 100.2% CPU
Iteration 380 / LogL: -364.195 / Time: 0h:0m:1s (0h:0m:0s left)
Optimizing NNI: done in 0.00041008 secs using 99.98% CPU
Optimizing NNI: done in 0.000344992 secs using 100% CPU
Optimizing NNI: done in 0.000343084 secs using 99.68% CPU
Optimizing NNI: done in 0.000394106 secs using 100.2% CPU
Optimizing NNI: done in 0.000338078 secs using 99.98% CPU
Optimizing NNI: done in 0.000343084 secs using 99.98% CPU
Optimizing NNI: done in 0.000341892 secs using 100% CPU
Optimizing NNI: done in 0.000406027 secs using 99.99% CPU
Optimizing NNI: done in 0.000339985 secs using 100% CPU
Optimizing NNI: done in 0.000331879 secs using 100% CPU
Iteration 390 / LogL: -364.195 / Time: 0h:0m:1s (0h:0m:0s left)
Optimizing NNI: done in 0.000323057 secs using 100.3% CPU
Optimizing NNI: done in 0.000339985 secs using 99.71% CPU
Optimizing NNI: done in 0.000344038 secs using 99.7% CPU
Optimizing NNI: done in 0.000346184 secs using 100.2% CPU
Optimizing NNI: done in 0.000332117 secs using 100.3% CPU
Optimizing NNI: done in 0.000341892 secs using 100% CPU
Optimizing NNI: done in 0.000406981 secs using 100% CPU
Optimizing NNI: done in 0.000326157 secs using 99.95% CPU
Optimizing NNI: done in 0.000325918 secs using 99.72% CPU
Optimizing NNI: done in 0.000337839 secs using 100% CPU
Iteration 400 / LogL: -364.195 / Time: 0h:0m:1s (0h:0m:0s left)
Log-likelihood cutoff on original alignment: -364.195
NOTE: Bootstrap correlation coefficient of split occurrence frequencies: 0.495
NOTE: UFBoot does not converge, continue at least 100 more iterations
Optimizing NNI: done in 0.000348806 secs using 98.91% CPU
Optimizing NNI: done in 0.000409126 secs using 99.72% CPU
Optimizing NNI: done in 0.000344992 secs using 100% CPU
Optimizing NNI: done in 0.000326872 secs using 99.73% CPU
Optimizing NNI: done in 0.000343084 secs using 100.3% CPU
Optimizing NNI: done in 0.000411034 secs using 99.99% CPU
Optimizing NNI: done in 0.000404835 secs using 100% CPU
Optimizing NNI: done in 0.000343084 secs using 99.68% CPU
Optimizing NNI: done in 0.000409126 secs using 99.72% CPU
Optimizing NNI: done in 0.000406981 secs using 99.76% CPU
Iteration 410 / LogL: -364.195 / Time: 0h:0m:1s (0h:0m:0s left)
Optimizing NNI: done in 0.000338078 secs using 100.3% CPU
Optimizing NNI: done in 0.000339031 secs using 100.3% CPU
Optimizing NNI: done in 0.000349998 secs using 99.14% CPU
Optimizing NNI: done in 0.000339031 secs using 99.99% CPU
Optimizing NNI: done in 0.000339985 secs using 100% CPU
Optimizing NNI: done in 0.000341892 secs using 100% CPU
Optimizing NNI: done in 0.000342131 secs using 99.67% CPU
Optimizing NNI: done in 0.000406027 secs using 99.75% CPU
Optimizing NNI: done in 0.000339031 secs using 99.99% CPU
Optimizing NNI: done in 0.000344038 secs using 99.99% CPU
Iteration 420 / LogL: -364.195 / Time: 0h:0m:1s (0h:0m:0s left)
Optimizing NNI: done in 0.000341177 secs using 100.2% CPU
Optimizing NNI: done in 0.000338078 secs using 99.98% CPU
Optimizing NNI: done in 0.000329971 secs using 100% CPU
Optimizing NNI: done in 0.000324965 secs using 100% CPU
Optimizing NNI: done in 0.000339985 secs using 100% CPU
Optimizing NNI: done in 0.00041008 secs using 99.98% CPU
Optimizing NNI: done in 0.000341892 secs using 100.3% CPU
Optimizing NNI: done in 0.000324965 secs using 100.3% CPU
Optimizing NNI: done in 0.000340223 secs using 99.93% CPU
Optimizing NNI: done in 0.000328064 secs using 99.68% CPU
Iteration 430 / LogL: -364.195 / Time: 0h:0m:1s (0h:0m:0s left)
Optimizing NNI: done in 0.000411034 secs using 99.99% CPU
Optimizing NNI: done in 0.000340939 secs using 100% CPU
Optimizing NNI: done in 0.000402212 secs using 99.95% CPU
Optimizing NNI: done in 0.000409842 secs using 99.79% CPU
Optimizing NNI: done in 0.000403881 secs using 100% CPU
Optimizing NNI: done in 0.000335932 secs using 100% CPU
Optimizing NNI: done in 0.000400066 secs using 99.98% CPU
Optimizing NNI: done in 0.000338078 secs using 100.3% CPU
Optimizing NNI: done in 0.000326872 secs using 99.73% CPU
Optimizing NNI: done in 0.000341892 secs using 100% CPU
Iteration 440 / LogL: -364.195 / Time: 0h:0m:1s (0h:0m:0s left)
Optimizing NNI: done in 0.000402212 secs using 99.95% CPU
Optimizing NNI: done in 0.000406027 secs using 99.75% CPU
Optimizing NNI: done in 0.00040102 secs using 100% CPU
Optimizing NNI: done in 0.000337839 secs using 100% CPU
Optimizing NNI: done in 0.000332832 secs using 99.15% CPU
Optimizing NNI: done in 0.000337124 secs using 99.67% CPU
Optimizing NNI: done in 0.000335217 secs using 100.2% CPU
Optimizing NNI: done in 0.000404119 secs using 99.97% CPU
Optimizing NNI: done in 0.000342131 secs using 100.3% CPU
Optimizing NNI: done in 0.000408888 secs using 100% CPU
Iteration 450 / LogL: -364.195 / Time: 0h:0m:1s (0h:0m:0s left)
Log-likelihood cutoff on original alignment: -364.195
Optimizing NNI: done in 0.00041604 secs using 99.75% CPU
Optimizing NNI: done in 0.000343084 secs using 99.98% CPU
Optimizing NNI: done in 0.000350952 secs using 99.73% CPU
Optimizing NNI: done in 0.000343084 secs using 99.98% CPU
Optimizing NNI: done in 0.000345945 secs using 100% CPU
Optimizing NNI: done in 0.000349045 secs using 99.99% CPU
Optimizing NNI: done in 0.000343084 secs using 99.98% CPU
Optimizing NNI: done in 0.000340939 secs using 100% CPU
Optimizing NNI: done in 0.000402927 secs using 100% CPU
Optimizing NNI: done in 0.000400066 secs using 99.98% CPU
Iteration 460 / LogL: -364.195 / Time: 0h:0m:1s (0h:0m:0s left)
Optimizing NNI: done in 0.000403881 secs using 100.3% CPU
Optimizing NNI: done in 0.000329018 secs using 99.99% CPU
Optimizing NNI: done in 0.000409126 secs using 99.72% CPU
Optimizing NNI: done in 0.000347137 secs using 99.96% CPU
Optimizing NNI: done in 0.000339985 secs using 100.3% CPU
Optimizing NNI: done in 0.000338078 secs using 99.68% CPU
Optimizing NNI: done in 0.000344038 secs using 99.99% CPU
Optimizing NNI: done in 0.000326157 secs using 99.95% CPU
Optimizing NNI: done in 0.000340939 secs using 100% CPU
Optimizing NNI: done in 0.000343084 secs using 99.98% CPU
Iteration 470 / LogL: -364.195 / Time: 0h:0m:1s (0h:0m:0s left)
Optimizing NNI: done in 0.000339985 secs using 99.71% CPU
Optimizing NNI: done in 0.00033617 secs using 99.95% CPU
Optimizing NNI: done in 0.000337839 secs using 100.3% CPU
Optimizing NNI: done in 0.000343084 secs using 99.98% CPU
Optimizing NNI: done in 0.000344038 secs using 99.99% CPU
Optimizing NNI: done in 0.000344992 secs using 99.71% CPU
Optimizing NNI: done in 0.000341892 secs using 100% CPU
Optimizing NNI: done in 0.00032711 secs using 99.97% CPU
Optimizing NNI: done in 0.000347137 secs using 99.96% CPU
Optimizing NNI: done in 0.000350952 secs using 99.16% CPU
Iteration 480 / LogL: -364.195 / Time: 0h:0m:1s (0h:0m:0s left)
Optimizing NNI: done in 0.000337839 secs using 100% CPU
Optimizing NNI: done in 0.000339985 secs using 100% CPU
Optimizing NNI: done in 0.000341892 secs using 99.74% CPU
Optimizing NNI: done in 0.000344992 secs using 100% CPU
Optimizing NNI: done in 0.000337124 secs using 99.96% CPU
Optimizing NNI: done in 0.000335932 secs using 100% CPU
Optimizing NNI: done in 0.00033617 secs using 99.95% CPU
Optimizing NNI: done in 0.000340939 secs using 100.3% CPU
Optimizing NNI: done in 0.000345945 secs using 100% CPU
Optimizing NNI: done in 0.000341892 secs using 100% CPU
Iteration 490 / LogL: -364.195 / Time: 0h:0m:1s (0h:0m:0s left)
Optimizing NNI: done in 0.000341177 secs using 99.95% CPU
Optimizing NNI: done in 0.000339985 secs using 100% CPU
Optimizing NNI: done in 0.000344992 secs using 100% CPU
Optimizing NNI: done in 0.00032711 secs using 99.97% CPU
Optimizing NNI: done in 0.000338078 secs using 99.98% CPU
Optimizing NNI: done in 0.000339031 secs using 99.7% CPU
Optimizing NNI: done in 0.000339031 secs using 99.99% CPU
Optimizing NNI: done in 0.000400066 secs using 99.98% CPU
Optimizing NNI: done in 0.000338078 secs using 99.98% CPU
Optimizing NNI: done in 0.000338078 secs using 100.3% CPU
Iteration 500 / LogL: -364.195 / Time: 0h:0m:1s (0h:0m:0s left)
Log-likelihood cutoff on original alignment: -364.195
NOTE: Bootstrap correlation coefficient of split occurrence frequencies: -0.048
NOTE: UFBoot does not converge, continue at least 100 more iterations
Optimizing NNI: done in 0.000354052 secs using 99.99% CPU
Optimizing NNI: done in 0.000353098 secs using 98.84% CPU
Optimizing NNI: done in 0.000320911 secs using 100% CPU
Optimizing NNI: done in 0.000333071 secs using 99.98% CPU
Optimizing NNI: done in 0.000334978 secs using 100% CPU
Optimizing NNI: done in 0.000336885 secs using 100.3% CPU
Optimizing NNI: done in 0.000339985 secs using 100% CPU
Optimizing NNI: done in 0.000342131 secs using 99.96% CPU
Optimizing NNI: done in 0.000345945 secs using 100% CPU
Optimizing NNI: done in 0.000408888 secs using 100% CPU
Iteration 510 / LogL: -364.195 / Time: 0h:0m:1s (0h:0m:0s left)
Optimizing NNI: done in 0.000339031 secs using 99.99% CPU
Optimizing NNI: done in 0.000340939 secs using 100.3% CPU
Optimizing NNI: done in 0.000341892 secs using 99.74% CPU
Optimizing NNI: done in 0.000390053 secs using 99.99% CPU
Optimizing NNI: done in 0.000403881 secs using 100% CPU
Optimizing NNI: done in 0.000326872 secs using 100% CPU
Optimizing NNI: done in 0.000353098 secs using 99.12% CPU
Optimizing NNI: done in 0.000411987 secs using 100% CPU
Optimizing NNI: done in 0.000342131 secs using 99.96% CPU
Optimizing NNI: done in 0.000403881 secs using 100% CPU
Iteration 520 / LogL: -364.195 / Time: 0h:0m:1s (0h:0m:0s left)
Optimizing NNI: done in 0.000325918 secs using 100% CPU
Optimizing NNI: done in 0.000339031 secs using 99.99% CPU
Optimizing NNI: done in 0.000342131 secs using 99.96% CPU
Optimizing NNI: done in 0.0003438 secs using 99.77% CPU
Optimizing NNI: done in 0.000326872 secs using 100.3% CPU
Optimizing NNI: done in 0.000408888 secs using 100.3% CPU
Optimizing NNI: done in 0.000339985 secs using 100% CPU
Optimizing NNI: done in 0.000406027 secs using 99.99% CPU
Optimizing NNI: done in 0.000339031 secs using 99.99% CPU
Optimizing NNI: done in 0.000340939 secs using 100% CPU
Iteration 530 / LogL: -364.195 / Time: 0h:0m:1s (0h:0m:0s left)
Optimizing NNI: done in 0.000339031 secs using 99.99% CPU
Optimizing NNI: done in 0.000399113 secs using 99.72% CPU
Optimizing NNI: done in 0.000331879 secs using 100% CPU
Optimizing NNI: done in 0.000338793 secs using 99.77% CPU
Optimizing NNI: done in 0.000341892 secs using 100% CPU
Optimizing NNI: done in 0.000409126 secs using 99.97% CPU
Optimizing NNI: done in 0.0003438 secs using 100.3% CPU
Optimizing NNI: done in 0.000344992 secs using 100% CPU
Optimizing NNI: done in 0.000341892 secs using 100% CPU
Optimizing NNI: done in 0.000344992 secs using 100% CPU
Iteration 540 / LogL: -364.195 / Time: 0h:0m:1s (0h:0m:0s left)
Optimizing NNI: done in 0.000407219 secs using 99.95% CPU
Optimizing NNI: done in 0.000344038 secs using 99.99% CPU
Optimizing NNI: done in 0.000323057 secs using 99.98% CPU
Optimizing NNI: done in 0.000339031 secs using 99.99% CPU
Optimizing NNI: done in 0.000340939 secs using 100% CPU
Optimizing NNI: done in 0.000339985 secs using 100% CPU
Optimizing NNI: done in 0.000338078 secs using 99.98% CPU
Optimizing NNI: done in 0.000401974 secs using 100% CPU
Optimizing NNI: done in 0.000344038 secs using 99.7% CPU
Optimizing NNI: done in 0.000351906 secs using 98.89% CPU
Iteration 550 / LogL: -364.195 / Time: 0h:0m:1s (0h:0m:0s left)
Log-likelihood cutoff on original alignment: -364.195
Optimizing NNI: done in 0.000355005 secs using 99.72% CPU
Optimizing NNI: done in 0.000344038 secs using 99.99% CPU
Optimizing NNI: done in 0.000339985 secs using 100% CPU
Optimizing NNI: done in 0.000343084 secs using 99.98% CPU
Optimizing NNI: done in 0.000342846 secs using 100% CPU
Optimizing NNI: done in 0.000404119 secs using 99.97% CPU
Optimizing NNI: done in 0.000337124 secs using 100.3% CPU
Optimizing NNI: done in 0.000335932 secs using 100% CPU
Optimizing NNI: done in 0.00040102 secs using 100% CPU
Optimizing NNI: done in 0.000334978 secs using 100% CPU
Iteration 560 / LogL: -364.195 / Time: 0h:0m:1s (0h:0m:0s left)
Optimizing NNI: done in 0.000322104 secs using 99.97% CPU
Optimizing NNI: done in 0.00041008 secs using 99.98% CPU
Optimizing NNI: done in 0.000344038 secs using 99.99% CPU
Optimizing NNI: done in 0.000340939 secs using 100.3% CPU
Optimizing NNI: done in 0.000402927 secs using 99.77% CPU
Optimizing NNI: done in 0.000337124 secs using 99.96% CPU
Optimizing NNI: done in 0.000339031 secs using 100.3% CPU
Optimizing NNI: done in 0.000341892 secs using 99.74% CPU
Optimizing NNI: done in 0.000342131 secs using 99.67% CPU
Optimizing NNI: done in 0.000396013 secs using 100% CPU
Iteration 570 / LogL: -364.195 / Time: 0h:0m:2s (0h:0m:0s left)
Optimizing NNI: done in 0.000344038 secs using 99.99% CPU
Optimizing NNI: done in 0.000337124 secs using 99.96% CPU
Optimizing NNI: done in 0.000337124 secs using 99.96% CPU
Optimizing NNI: done in 0.000335932 secs using 100% CPU
Optimizing NNI: done in 0.000337839 secs using 100% CPU
Optimizing NNI: done in 0.000339985 secs using 100% CPU
Optimizing NNI: done in 0.000341177 secs using 99.95% CPU
Optimizing NNI: done in 0.000323057 secs using 99.98% CPU
Optimizing NNI: done in 0.000334978 secs using 100% CPU
Optimizing NNI: done in 0.000344992 secs using 99.42% CPU
Iteration 580 / LogL: -364.195 / Time: 0h:0m:2s (0h:0m:0s left)
Optimizing NNI: done in 0.000338078 secs using 100.3% CPU
Optimizing NNI: done in 0.000341177 secs using 99.95% CPU
Optimizing NNI: done in 0.000415802 secs using 100% CPU
Optimizing NNI: done in 0.000346899 secs using 99.74% CPU
Optimizing NNI: done in 0.000346899 secs using 100% CPU
Optimizing NNI: done in 0.000344992 secs using 100% CPU
Optimizing NNI: done in 0.000328064 secs using 100.3% CPU
Optimizing NNI: done in 0.000408888 secs using 99.78% CPU
Optimizing NNI: done in 0.000335932 secs using 100% CPU
Optimizing NNI: done in 0.000338793 secs using 100.1% CPU
Iteration 590 / LogL: -364.195 / Time: 0h:0m:2s (0h:0m:0s left)
Optimizing NNI: done in 0.00032711 secs using 99.97% CPU
Optimizing NNI: done in 0.000406027 secs using 99.99% CPU
Optimizing NNI: done in 0.000339031 secs using 99.99% CPU
Optimizing NNI: done in 0.000335932 secs using 100% CPU
Optimizing NNI: done in 0.000341892 secs using 100.3% CPU
Optimizing NNI: done in 0.000343084 secs using 99.68% CPU
Optimizing NNI: done in 0.000340939 secs using 100% CPU
Optimizing NNI: done in 0.000340939 secs using 100% CPU
Optimizing NNI: done in 0.000328064 secs using 99.98% CPU
Optimizing NNI: done in 0.000406027 secs using 99.75% CPU
Iteration 600 / LogL: -364.195 / Time: 0h:0m:2s (0h:0m:0s left)
Log-likelihood cutoff on original alignment: -364.195
NOTE: Bootstrap correlation coefficient of split occurrence frequencies: -0.162
NOTE: UFBoot does not converge, continue at least 100 more iterations
Optimizing NNI: done in 0.000355005 secs using 99.72% CPU
Optimizing NNI: done in 0.000411034 secs using 99.99% CPU
Optimizing NNI: done in 0.000325918 secs using 100% CPU
Optimizing NNI: done in 0.000336885 secs using 100% CPU
Optimizing NNI: done in 0.000399828 secs using 100% CPU
Optimizing NNI: done in 0.000339031 secs using 99.99% CPU
Optimizing NNI: done in 0.000406981 secs using 100% CPU
Optimizing NNI: done in 0.000342846 secs using 99.75% CPU
Optimizing NNI: done in 0.000408888 secs using 99.78% CPU
Optimizing NNI: done in 0.000406981 secs using 99.76% CPU
Iteration 610 / LogL: -364.195 / Time: 0h:0m:2s (0h:0m:0s left)
Optimizing NNI: done in 0.000328064 secs using 99.98% CPU
Optimizing NNI: done in 0.000406027 secs using 99.99% CPU
Optimizing NNI: done in 0.000339985 secs using 100% CPU
Optimizing NNI: done in 0.000342131 secs using 99.96% CPU
Optimizing NNI: done in 0.000342131 secs using 99.96% CPU
Optimizing NNI: done in 0.000399828 secs using 100% CPU
Optimizing NNI: done in 0.000401974 secs using 100% CPU
Optimizing NNI: done in 0.000338078 secs using 99.68% CPU
Optimizing NNI: done in 0.000339985 secs using 100% CPU
Optimizing NNI: done in 0.000350952 secs using 98.87% CPU
Iteration 620 / LogL: -364.195 / Time: 0h:0m:2s (0h:0m:0s left)
Optimizing NNI: done in 0.000344038 secs using 99.99% CPU
Optimizing NNI: done in 0.000340939 secs using 100% CPU
Optimizing NNI: done in 0.000406981 secs using 100% CPU
Optimizing NNI: done in 0.000404119 secs using 99.97% CPU
Optimizing NNI: done in 0.000324965 secs using 100% CPU
Optimizing NNI: done in 0.000337839 secs using 100% CPU
Optimizing NNI: done in 0.000325203 secs using 99.94% CPU
Optimizing NNI: done in 0.000338078 secs using 100.3% CPU
Optimizing NNI: done in 0.000328064 secs using 99.68% CPU
Optimizing NNI: done in 0.000339031 secs using 99.99% CPU
Iteration 630 / LogL: -364.195 / Time: 0h:0m:2s (0h:0m:0s left)
Optimizing NNI: done in 0.000337839 secs using 100% CPU
Optimizing NNI: done in 0.000339985 secs using 99.71% CPU
Optimizing NNI: done in 0.000339985 secs using 100.3% CPU
Optimizing NNI: done in 0.000340939 secs using 100.3% CPU
Optimizing NNI: done in 0.000344992 secs using 99.71% CPU
Optimizing NNI: done in 0.000344038 secs using 99.99% CPU
Optimizing NNI: done in 0.000338078 secs using 99.68% CPU
Optimizing NNI: done in 0.000333071 secs using 99.68% CPU
Optimizing NNI: done in 0.000335932 secs using 100% CPU
Optimizing NNI: done in 0.000335932 secs using 100% CPU
Iteration 640 / LogL: -364.195 / Time: 0h:0m:2s (0h:0m:0s left)
Optimizing NNI: done in 0.000324965 secs using 99.7% CPU
Optimizing NNI: done in 0.000341892 secs using 100% CPU
Optimizing NNI: done in 0.000340939 secs using 100% CPU
Optimizing NNI: done in 0.000341177 secs using 99.95% CPU
Optimizing NNI: done in 0.000327826 secs using 100.1% CPU
Optimizing NNI: done in 0.000343084 secs using 99.68% CPU
Optimizing NNI: done in 0.000344038 secs using 99.12% CPU
Optimizing NNI: done in 0.000326157 secs using 99.95% CPU
Optimizing NNI: done in 0.000406981 secs using 100.3% CPU
Optimizing NNI: done in 0.000341892 secs using 99.74% CPU
Iteration 650 / LogL: -364.195 / Time: 0h:0m:2s (0h:0m:0s left)
Log-likelihood cutoff on original alignment: -364.195
Optimizing NNI: done in 0.000422955 secs using 100% CPU
Optimizing NNI: done in 0.000341892 secs using 99.74% CPU
Optimizing NNI: done in 0.000336885 secs using 100% CPU
Optimizing NNI: done in 0.000338793 secs using 99.77% CPU
Optimizing NNI: done in 0.00033617 secs using 99.95% CPU
Optimizing NNI: done in 0.000349998 secs using 100% CPU
Optimizing NNI: done in 0.000343084 secs using 99.98% CPU
Optimizing NNI: done in 0.000344992 secs using 100% CPU
Optimizing NNI: done in 0.0003438 secs using 100.1% CPU
Optimizing NNI: done in 0.000341892 secs using 99.74% CPU
Iteration 660 / LogL: -364.195 / Time: 0h:0m:2s (0h:0m:0s left)
Optimizing NNI: done in 0.000339031 secs using 99.99% CPU
Optimizing NNI: done in 0.000336885 secs using 100% CPU
Optimizing NNI: done in 0.000340939 secs using 100% CPU
Optimizing NNI: done in 0.000325918 secs using 100% CPU
Optimizing NNI: done in 0.000335932 secs using 100% CPU
Optimizing NNI: done in 0.000335932 secs using 100% CPU
Optimizing NNI: done in 0.000339031 secs using 99.99% CPU
Optimizing NNI: done in 0.000326872 secs using 99.73% CPU
Optimizing NNI: done in 0.000411987 secs using 100% CPU
Optimizing NNI: done in 0.000329018 secs using 99.99% CPU
Iteration 670 / LogL: -364.195 / Time: 0h:0m:2s (0h:0m:0s left)
Optimizing NNI: done in 0.000342131 secs using 99.67% CPU
Optimizing NNI: done in 0.000338078 secs using 99.98% CPU
Optimizing NNI: done in 0.000339031 secs using 99.11% CPU
Optimizing NNI: done in 0.000319958 secs using 100% CPU
Optimizing NNI: done in 0.000339985 secs using 100% CPU
Optimizing NNI: done in 0.000406981 secs using 100% CPU
Optimizing NNI: done in 0.000344038 secs using 99.99% CPU
Optimizing NNI: done in 0.000339985 secs using 100% CPU
Optimizing NNI: done in 0.00033617 secs using 99.95% CPU
Optimizing NNI: done in 0.000337124 secs using 99.96% CPU
Iteration 680 / LogL: -364.195 / Time: 0h:0m:2s (0h:0m:0s left)
Optimizing NNI: done in 0.000407934 secs using 100% CPU
Optimizing NNI: done in 0.000342131 secs using 99.96% CPU
Optimizing NNI: done in 0.000403881 secs using 100.3% CPU
Optimizing NNI: done in 0.000338793 secs using 100.1% CPU
Optimizing NNI: done in 0.000334024 secs using 99.99% CPU
Optimizing NNI: done in 0.000336885 secs using 100% CPU
Optimizing NNI: done in 0.000407934 secs using 100% CPU
Optimizing NNI: done in 0.000342131 secs using 99.67% CPU
Optimizing NNI: done in 0.000341177 secs using 99.66% CPU
Optimizing NNI: done in 0.000337124 secs using 99.96% CPU
Iteration 690 / LogL: -364.195 / Time: 0h:0m:2s (0h:0m:0s left)
Optimizing NNI: done in 0.000336885 secs using 100% CPU
Optimizing NNI: done in 0.000341892 secs using 100% CPU
Optimizing NNI: done in 0.000341892 secs using 100% CPU
Optimizing NNI: done in 0.000340939 secs using 99.72% CPU
Optimizing NNI: done in 0.000399828 secs using 100% CPU
Optimizing NNI: done in 0.000339985 secs using 100% CPU
Optimizing NNI: done in 0.000341177 secs using 99.95% CPU
Optimizing NNI: done in 0.00032711 secs using 99.66% CPU
Optimizing NNI: done in 0.000336885 secs using 100% CPU
Optimizing NNI: done in 0.000333071 secs using 100.3% CPU
Iteration 700 / LogL: -364.195 / Time: 0h:0m:2s (0h:0m:0s left)
Log-likelihood cutoff on original alignment: -364.195
NOTE: Bootstrap correlation coefficient of split occurrence frequencies: 0.177
NOTE: UFBoot does not converge, continue at least 100 more iterations
Optimizing NNI: done in 0.0004251 secs using 99.98% CPU
Optimizing NNI: done in 0.000344038 secs using 99.99% CPU
Optimizing NNI: done in 0.000409126 secs using 99.72% CPU
Optimizing NNI: done in 0.000336885 secs using 100% CPU
Optimizing NNI: done in 0.000338078 secs using 99.98% CPU
Optimizing NNI: done in 0.000339985 secs using 100% CPU
Optimizing NNI: done in 0.000344038 secs using 99.99% CPU
Optimizing NNI: done in 0.000340939 secs using 100% CPU
Optimizing NNI: done in 0.000339031 secs using 99.99% CPU
Optimizing NNI: done in 0.000337839 secs using 100% CPU
Iteration 710 / LogL: -364.195 / Time: 0h:0m:2s (0h:0m:0s left)
Optimizing NNI: done in 0.000336885 secs using 100% CPU
Optimizing NNI: done in 0.000335932 secs using 100% CPU
Optimizing NNI: done in 0.000336885 secs using 99.74% CPU
Optimizing NNI: done in 0.000344992 secs using 99.71% CPU
Optimizing NNI: done in 0.000355005 secs using 98.87% CPU
Optimizing NNI: done in 0.000408888 secs using 100% CPU
Optimizing NNI: done in 0.000344038 secs using 99.99% CPU
Optimizing NNI: done in 0.000404835 secs using 100.3% CPU
Optimizing NNI: done in 0.000328064 secs using 99.98% CPU
Optimizing NNI: done in 0.000411987 secs using 99.76% CPU
Iteration 720 / LogL: -364.195 / Time: 0h:0m:2s (0h:0m:0s left)
Optimizing NNI: done in 0.000344038 secs using 99.99% CPU
Optimizing NNI: done in 0.000339985 secs using 100% CPU
Optimizing NNI: done in 0.000403881 secs using 100% CPU
Optimizing NNI: done in 0.000406981 secs using 100% CPU
Optimizing NNI: done in 0.000344992 secs using 100% CPU
Optimizing NNI: done in 0.000341892 secs using 100% CPU
Optimizing NNI: done in 0.000340939 secs using 100% CPU
Optimizing NNI: done in 0.000406981 secs using 100% CPU
Optimizing NNI: done in 0.000406981 secs using 100% CPU
Optimizing NNI: done in 0.000338793 secs using 100.1% CPU
Iteration 730 / LogL: -364.195 / Time: 0h:0m:2s (0h:0m:0s left)
Optimizing NNI: done in 0.000339031 secs using 99.99% CPU
Optimizing NNI: done in 0.000400066 secs using 99.98% CPU
Optimizing NNI: done in 0.000334978 secs using 100% CPU
Optimizing NNI: done in 0.000344992 secs using 99.42% CPU
Optimizing NNI: done in 0.000339985 secs using 100% CPU
Optimizing NNI: done in 0.000348091 secs using 99.11% CPU
Optimizing NNI: done in 0.000348091 secs using 99.97% CPU
Optimizing NNI: done in 0.000344038 secs using 99.99% CPU
Optimizing NNI: done in 0.000351191 secs using 99.38% CPU
Optimizing NNI: done in 0.000329018 secs using 99.99% CPU
Iteration 740 / LogL: -364.195 / Time: 0h:0m:2s (0h:0m:0s left)
Optimizing NNI: done in 0.000330925 secs using 100% CPU
Optimizing NNI: done in 0.000329971 secs using 100% CPU
Optimizing NNI: done in 0.000334024 secs using 99.99% CPU
Optimizing NNI: done in 0.000338078 secs using 99.98% CPU
Optimizing NNI: done in 0.000340939 secs using 100% CPU
Optimizing NNI: done in 0.000329018 secs using 99.99% CPU
Optimizing NNI: done in 0.000329018 secs using 99.99% CPU
Optimizing NNI: done in 0.000407934 secs using 99.77% CPU
Optimizing NNI: done in 0.000339985 secs using 100.3% CPU
Optimizing NNI: done in 0.000337839 secs using 100% CPU
Iteration 750 / LogL: -364.195 / Time: 0h:0m:2s (0h:0m:0s left)
Log-likelihood cutoff on original alignment: -364.195
Optimizing NNI: done in 0.000349998 secs using 100% CPU
Optimizing NNI: done in 0.00041008 secs using 99.98% CPU
Optimizing NNI: done in 0.000343084 secs using 99.68% CPU
Optimizing NNI: done in 0.000347137 secs using 99.96% CPU
Optimizing NNI: done in 0.000344038 secs using 99.99% CPU
Optimizing NNI: done in 0.000341892 secs using 100% CPU
Optimizing NNI: done in 0.000344992 secs using 100% CPU
Optimizing NNI: done in 0.000329018 secs using 99.99% CPU
Optimizing NNI: done in 0.000339985 secs using 100% CPU
Optimizing NNI: done in 0.000340939 secs using 100% CPU
Iteration 760 / LogL: -364.195 / Time: 0h:0m:2s (0h:0m:0s left)
Optimizing NNI: done in 0.000408888 secs using 99.78% CPU
Optimizing NNI: done in 0.000336885 secs using 99.74% CPU
Optimizing NNI: done in 0.000402927 secs using 100% CPU
Optimizing NNI: done in 0.000401974 secs using 100% CPU
Optimizing NNI: done in 0.000339031 secs using 100.3% CPU
Optimizing NNI: done in 0.000340939 secs using 99.72% CPU
Optimizing NNI: done in 0.000323057 secs using 99.98% CPU
Optimizing NNI: done in 0.000339031 secs using 99.99% CPU
Optimizing NNI: done in 0.000407219 secs using 99.95% CPU
Optimizing NNI: done in 0.000341177 secs using 99.95% CPU
Iteration 770 / LogL: -364.195 / Time: 0h:0m:2s (0h:0m:0s left)
Optimizing NNI: done in 0.000342131 secs using 99.96% CPU
Optimizing NNI: done in 0.000407934 secs using 100% CPU
Optimizing NNI: done in 0.000339031 secs using 99.99% CPU
Optimizing NNI: done in 0.000350952 secs using 98.87% CPU
Optimizing NNI: done in 0.000334978 secs using 100% CPU
Optimizing NNI: done in 0.000349998 secs using 99.14% CPU
Optimizing NNI: done in 0.000338078 secs using 99.98% CPU
Optimizing NNI: done in 0.000348091 secs using 99.11% CPU
Optimizing NNI: done in 0.000341892 secs using 100% CPU
Optimizing NNI: done in 0.000344038 secs using 100.3% CPU
Iteration 780 / LogL: -364.195 / Time: 0h:0m:2s (0h:0m:0s left)
Optimizing NNI: done in 0.000339031 secs using 98.81% CPU
Optimizing NNI: done in 0.00041604 secs using 99.99% CPU
Optimizing NNI: done in 0.000353813 secs using 99.2% CPU
Optimizing NNI: done in 0.000347137 secs using 99.96% CPU
Optimizing NNI: done in 0.000342846 secs using 99.75% CPU
Optimizing NNI: done in 0.000382185 secs using 99.95% CPU
Optimizing NNI: done in 0.00033617 secs using 99.65% CPU
Optimizing NNI: done in 0.000345945 secs using 98.86% CPU
Optimizing NNI: done in 0.000344038 secs using 99.99% CPU
Optimizing NNI: done in 0.000424147 secs using 99.02% CPU
Iteration 790 / LogL: -364.195 / Time: 0h:0m:2s (0h:0m:0s left)
Optimizing NNI: done in 0.000340939 secs using 100% CPU
Optimizing NNI: done in 0.000342846 secs using 100% CPU
Optimizing NNI: done in 0.000339985 secs using 100% CPU
Optimizing NNI: done in 0.000340939 secs using 100% CPU
Optimizing NNI: done in 0.000333786 secs using 100.1% CPU
Optimizing NNI: done in 0.000334978 secs using 100% CPU
Optimizing NNI: done in 0.000336885 secs using 100% CPU
Optimizing NNI: done in 0.000339985 secs using 100% CPU
Optimizing NNI: done in 0.000349998 secs using 98.86% CPU
Optimizing NNI: done in 0.000347853 secs using 100% CPU
Iteration 800 / LogL: -364.195 / Time: 0h:0m:2s (0h:0m:0s left)
Log-likelihood cutoff on original alignment: -364.195
NOTE: Bootstrap correlation coefficient of split occurrence frequencies: 0.657
NOTE: UFBoot does not converge, continue at least 100 more iterations
Optimizing NNI: done in 0.000441074 secs using 99.98% CPU
Optimizing NNI: done in 0.000356913 secs using 98.9% CPU
Optimizing NNI: done in 0.000344038 secs using 99.99% CPU
Optimizing NNI: done in 0.000350952 secs using 99.44% CPU
Optimizing NNI: done in 0.000345945 secs using 100% CPU
Optimizing NNI: done in 0.000340939 secs using 99.72% CPU
Optimizing NNI: done in 0.000333786 secs using 99.76% CPU
Optimizing NNI: done in 0.000336885 secs using 99.74% CPU
Optimizing NNI: done in 0.000406981 secs using 100% CPU
Optimizing NNI: done in 0.000408173 secs using 99.96% CPU
Iteration 810 / LogL: -364.195 / Time: 0h:0m:3s (0h:0m:0s left)
Optimizing NNI: done in 0.000406981 secs using 100% CPU
Optimizing NNI: done in 0.000344038 secs using 99.99% CPU
Optimizing NNI: done in 0.000329971 secs using 100% CPU
Optimizing NNI: done in 0.000344038 secs using 99.99% CPU
Optimizing NNI: done in 0.000340939 secs using 100.3% CPU
Optimizing NNI: done in 0.000339031 secs using 99.99% CPU
Optimizing NNI: done in 0.000339031 secs using 99.99% CPU
Optimizing NNI: done in 0.000400066 secs using 99.73% CPU
Optimizing NNI: done in 0.000337839 secs using 100% CPU
Optimizing NNI: done in 0.000339985 secs using 99.71% CPU
Iteration 820 / LogL: -364.195 / Time: 0h:0m:3s (0h:0m:0s left)
Optimizing NNI: done in 0.000337839 secs using 100.3% CPU
Optimizing NNI: done in 0.000340939 secs using 99.72% CPU
Optimizing NNI: done in 0.000339985 secs using 100.3% CPU
Optimizing NNI: done in 0.000404119 secs using 99.97% CPU
Optimizing NNI: done in 0.00040102 secs using 100.2% CPU
Optimizing NNI: done in 0.000339031 secs using 100.3% CPU
Optimizing NNI: done in 0.000338078 secs using 100.3% CPU
Optimizing NNI: done in 0.000339031 secs using 99.99% CPU
Optimizing NNI: done in 0.000339031 secs using 99.99% CPU
Optimizing NNI: done in 0.000407934 secs using 100% CPU
Iteration 830 / LogL: -364.195 / Time: 0h:0m:3s (0h:0m:0s left)
Optimizing NNI: done in 0.000339031 secs using 99.99% CPU
Optimizing NNI: done in 0.000340939 secs using 99.72% CPU
Optimizing NNI: done in 0.000344038 secs using 99.99% CPU
Optimizing NNI: done in 0.0003438 secs using 100.1% CPU
Optimizing NNI: done in 0.000341892 secs using 100% CPU
Optimizing NNI: done in 0.000341177 secs using 99.66% CPU
Optimizing NNI: done in 0.000339031 secs using 99.7% CPU
Optimizing NNI: done in 0.000406027 secs using 99.75% CPU
Optimizing NNI: done in 0.000340939 secs using 100% CPU
Optimizing NNI: done in 0.00033021 secs using 99.94% CPU
Iteration 840 / LogL: -364.195 / Time: 0h:0m:3s (0h:0m:0s left)
Optimizing NNI: done in 0.0003438 secs using 100.1% CPU
Optimizing NNI: done in 0.000343084 secs using 99.98% CPU
Optimizing NNI: done in 0.000400066 secs using 99.98% CPU
Optimizing NNI: done in 0.000319004 secs using 100% CPU
Optimizing NNI: done in 0.000322104 secs using 99.97% CPU
Optimizing NNI: done in 0.000324011 secs using 100% CPU
Optimizing NNI: done in 0.000341892 secs using 99.74% CPU
Optimizing NNI: done in 0.000344038 secs using 99.99% CPU
Optimizing NNI: done in 0.000341892 secs using 100% CPU
Optimizing NNI: done in 0.000336885 secs using 99.74% CPU
Iteration 850 / LogL: -364.195 / Time: 0h:0m:3s (0h:0m:0s left)
Log-likelihood cutoff on original alignment: -364.195
Optimizing NNI: done in 0.000349045 secs using 99.7% CPU
Optimizing NNI: done in 0.000396013 secs using 100% CPU
Optimizing NNI: done in 0.000323057 secs using 99.98% CPU
Optimizing NNI: done in 0.000334024 secs using 99.99% CPU
Optimizing NNI: done in 0.000339031 secs using 99.7% CPU
Optimizing NNI: done in 0.000344038 secs using 99.99% CPU
Optimizing NNI: done in 0.000342131 secs using 99.67% CPU
Optimizing NNI: done in 0.000408173 secs using 99.71% CPU
Optimizing NNI: done in 0.000341892 secs using 100% CPU
Optimizing NNI: done in 0.000409842 secs using 99.79% CPU
Iteration 860 / LogL: -364.195 / Time: 0h:0m:3s (0h:0m:0s left)
Optimizing NNI: done in 0.000340939 secs using 100% CPU
Optimizing NNI: done in 0.000407934 secs using 100% CPU
Optimizing NNI: done in 0.000339985 secs using 100.3% CPU
Optimizing NNI: done in 0.000339985 secs using 100% CPU
Optimizing NNI: done in 0.000331163 secs using 99.95% CPU
Optimizing NNI: done in 0.000345945 secs using 100% CPU
Optimizing NNI: done in 0.000345945 secs using 100% CPU
Optimizing NNI: done in 0.000324011 secs using 100% CPU
Optimizing NNI: done in 0.000344038 secs using 99.99% CPU
Optimizing NNI: done in 0.000408888 secs using 99.29% CPU
Iteration 870 / LogL: -364.195 / Time: 0h:0m:3s (0h:0m:0s left)
Optimizing NNI: done in 0.000339031 secs using 99.99% CPU
Optimizing NNI: done in 0.000339985 secs using 99.71% CPU
Optimizing NNI: done in 0.000405073 secs using 99.74% CPU
Optimizing NNI: done in 0.000406027 secs using 99.75% CPU
Optimizing NNI: done in 0.000335932 secs using 99.72% CPU
Optimizing NNI: done in 0.000336885 secs using 100% CPU
Optimizing NNI: done in 0.000339985 secs using 100% CPU
Optimizing NNI: done in 0.000337839 secs using 100% CPU
Optimizing NNI: done in 0.000335932 secs using 100% CPU
Optimizing NNI: done in 0.000341177 secs using 99.95% CPU
Iteration 880 / LogL: -364.195 / Time: 0h:0m:3s (0h:0m:0s left)
Optimizing NNI: done in 0.000408173 secs using 99.96% CPU
Optimizing NNI: done in 0.000328779 secs using 100.1% CPU
Optimizing NNI: done in 0.000339985 secs using 99.71% CPU
Optimizing NNI: done in 0.000406027 secs using 100.2% CPU
Optimizing NNI: done in 0.000337839 secs using 100% CPU
Optimizing NNI: done in 0.000402927 secs using 100% CPU
Optimizing NNI: done in 0.000325918 secs using 100% CPU
Optimizing NNI: done in 0.000341892 secs using 100% CPU
Optimizing NNI: done in 0.000325918 secs using 100% CPU
Optimizing NNI: done in 0.000343084 secs using 100.3% CPU
Iteration 890 / LogL: -364.195 / Time: 0h:0m:3s (0h:0m:0s left)
Optimizing NNI: done in 0.000349045 secs using 99.99% CPU
Optimizing NNI: done in 0.000335932 secs using 100% CPU
Optimizing NNI: done in 0.000406981 secs using 100% CPU
Optimizing NNI: done in 0.000338793 secs using 100.1% CPU
Optimizing NNI: done in 0.000407934 secs using 100% CPU
Optimizing NNI: done in 0.000406981 secs using 100% CPU
Optimizing NNI: done in 0.000344038 secs using 99.99% CPU
Optimizing NNI: done in 0.000337839 secs using 100% CPU
Optimizing NNI: done in 0.000338078 secs using 99.68% CPU
Optimizing NNI: done in 0.000339031 secs using 99.7% CPU
Iteration 900 / LogL: -364.195 / Time: 0h:0m:3s (0h:0m:0s left)
Log-likelihood cutoff on original alignment: -364.195
NOTE: Bootstrap correlation coefficient of split occurrence frequencies: 0.597
NOTE: UFBoot does not converge, continue at least 100 more iterations
Optimizing NNI: done in 0.000340939 secs using 100% CPU
Optimizing NNI: done in 0.000344992 secs using 100% CPU
Optimizing NNI: done in 0.000341892 secs using 100% CPU
Optimizing NNI: done in 0.000339031 secs using 99.99% CPU
Optimizing NNI: done in 0.000335932 secs using 100% CPU
Optimizing NNI: done in 0.000338078 secs using 99.98% CPU
Optimizing NNI: done in 0.000323057 secs using 99.98% CPU
Optimizing NNI: done in 0.000335932 secs using 100% CPU
Optimizing NNI: done in 0.000349998 secs using 98.57% CPU
Optimizing NNI: done in 0.000341892 secs using 100.3% CPU
Iteration 910 / LogL: -364.195 / Time: 0h:0m:3s (0h:0m:0s left)
Optimizing NNI: done in 0.000339031 secs using 99.7% CPU
Optimizing NNI: done in 0.000339031 secs using 99.99% CPU
Optimizing NNI: done in 0.000341177 secs using 99.95% CPU
Optimizing NNI: done in 0.000328064 secs using 99.98% CPU
Optimizing NNI: done in 0.000407934 secs using 100% CPU
Optimizing NNI: done in 0.000338078 secs using 99.68% CPU
Optimizing NNI: done in 0.000324965 secs using 100% CPU
Optimizing NNI: done in 0.000338078 secs using 99.98% CPU
Optimizing NNI: done in 0.000334978 secs using 100.3% CPU
Optimizing NNI: done in 0.000334978 secs using 100.3% CPU
Iteration 920 / LogL: -364.195 / Time: 0h:0m:3s (0h:0m:0s left)
Optimizing NNI: done in 0.000334978 secs using 99.71% CPU
Optimizing NNI: done in 0.000337839 secs using 99.75% CPU
Optimizing NNI: done in 0.000332117 secs using 100.3% CPU
Optimizing NNI: done in 0.000333071 secs using 99.98% CPU
Optimizing NNI: done in 0.000337839 secs using 100.3% CPU
Optimizing NNI: done in 0.000340939 secs using 99.72% CPU
Optimizing NNI: done in 0.000342846 secs using 100% CPU
Optimizing NNI: done in 0.000344992 secs using 100.3% CPU
Optimizing NNI: done in 0.000342131 secs using 100.3% CPU
Optimizing NNI: done in 0.000340223 secs using 99.93% CPU
Iteration 930 / LogL: -364.195 / Time: 0h:0m:3s (0h:0m:0s left)
Optimizing NNI: done in 0.000339985 secs using 100% CPU
Optimizing NNI: done in 0.000406981 secs using 100.3% CPU
Optimizing NNI: done in 0.000325918 secs using 99.72% CPU
Optimizing NNI: done in 0.000406027 secs using 99.75% CPU
Optimizing NNI: done in 0.000334978 secs using 100% CPU
Optimizing NNI: done in 0.000335932 secs using 100% CPU
Optimizing NNI: done in 0.000338078 secs using 99.98% CPU
Optimizing NNI: done in 0.000406981 secs using 100% CPU
Optimizing NNI: done in 0.000329018 secs using 100.3% CPU
Optimizing NNI: done in 0.000407219 secs using 99.7% CPU
Iteration 940 / LogL: -364.195 / Time: 0h:0m:3s (0h:0m:0s left)
Optimizing NNI: done in 0.000407219 secs using 99.95% CPU
Optimizing NNI: done in 0.000406027 secs using 99.99% CPU
Optimizing NNI: done in 0.000344038 secs using 99.99% CPU
Optimizing NNI: done in 0.000342846 secs using 100% CPU
Optimizing NNI: done in 0.000340939 secs using 100% CPU
Optimizing NNI: done in 0.000336885 secs using 100% CPU
Optimizing NNI: done in 0.000339031 secs using 99.99% CPU
Optimizing NNI: done in 0.000340939 secs using 99.72% CPU
Optimizing NNI: done in 0.000324011 secs using 100% CPU
Optimizing NNI: done in 0.000337839 secs using 100% CPU
Iteration 950 / LogL: -364.195 / Time: 0h:0m:3s (0h:0m:0s left)
Log-likelihood cutoff on original alignment: -364.195
Optimizing NNI: done in 0.000353098 secs using 99.97% CPU
Optimizing NNI: done in 0.000340939 secs using 99.72% CPU
Optimizing NNI: done in 0.000340939 secs using 100.3% CPU
Optimizing NNI: done in 0.000343084 secs using 99.98% CPU
Optimizing NNI: done in 0.000339031 secs using 100.3% CPU
Optimizing NNI: done in 0.000339985 secs using 100% CPU
Optimizing NNI: done in 0.000407934 secs using 100% CPU
Optimizing NNI: done in 0.000340939 secs using 99.72% CPU
Optimizing NNI: done in 0.000343084 secs using 99.98% CPU
Optimizing NNI: done in 0.000349998 secs using 100% CPU
Iteration 960 / LogL: -364.195 / Time: 0h:0m:3s (0h:0m:0s left)
Optimizing NNI: done in 0.000418901 secs using 99.07% CPU
Optimizing NNI: done in 0.000340939 secs using 99.72% CPU
Optimizing NNI: done in 0.000338078 secs using 100.3% CPU
Optimizing NNI: done in 0.000322819 secs using 100.1% CPU
Optimizing NNI: done in 0.000337839 secs using 100% CPU
Optimizing NNI: done in 0.000338793 secs using 100.1% CPU
Optimizing NNI: done in 0.000337839 secs using 100.3% CPU
Optimizing NNI: done in 0.000339985 secs using 99.71% CPU
Optimizing NNI: done in 0.000338078 secs using 99.98% CPU
Optimizing NNI: done in 0.000339985 secs using 100.3% CPU
Iteration 970 / LogL: -364.195 / Time: 0h:0m:3s (0h:0m:0s left)
Optimizing NNI: done in 0.000342846 secs using 100% CPU
Optimizing NNI: done in 0.000407219 secs using 99.95% CPU
Optimizing NNI: done in 0.00040102 secs using 100.2% CPU
Optimizing NNI: done in 0.000323057 secs using 99.67% CPU
Optimizing NNI: done in 0.000338078 secs using 99.68% CPU
Optimizing NNI: done in 0.000342846 secs using 100% CPU
Optimizing NNI: done in 0.000344992 secs using 99.71% CPU
Optimizing NNI: done in 0.000348091 secs using 99.11% CPU
Optimizing NNI: done in 0.000338078 secs using 99.98% CPU
Optimizing NNI: done in 0.000339985 secs using 100.3% CPU
Iteration 980 / LogL: -364.195 / Time: 0h:0m:3s (0h:0m:0s left)
Optimizing NNI: done in 0.000409842 secs using 100.3% CPU
Optimizing NNI: done in 0.000406981 secs using 100% CPU
Optimizing NNI: done in 0.000340939 secs using 100% CPU
Optimizing NNI: done in 0.000397921 secs using 99.77% CPU
Optimizing NNI: done in 0.000324011 secs using 99.69% CPU
Optimizing NNI: done in 0.000335932 secs using 100% CPU
Optimizing NNI: done in 0.000339985 secs using 100% CPU
Optimizing NNI: done in 0.000342131 secs using 100.3% CPU
Optimizing NNI: done in 0.000340939 secs using 100% CPU
Optimizing NNI: done in 0.000341177 secs using 99.66% CPU
Iteration 990 / LogL: -364.195 / Time: 0h:0m:3s (0h:0m:0s left)
Optimizing NNI: done in 0.000339985 secs using 100% CPU
Optimizing NNI: done in 0.000340939 secs using 100% CPU
Optimizing NNI: done in 0.000344038 secs using 99.7% CPU
Optimizing NNI: done in 0.000344038 secs using 100.3% CPU
Optimizing NNI: done in 0.000399828 secs using 100.3% CPU
Optimizing NNI: done in 0.000406027 secs using 99.75% CPU
Optimizing NNI: done in 0.000342131 secs using 99.67% CPU
Optimizing NNI: done in 0.000339985 secs using 100% CPU
Optimizing NNI: done in 0.000411034 secs using 99.99% CPU
Optimizing NNI: done in 0.000340939 secs using 100.3% CPU
Iteration 1000 / LogL: -364.195 / Time: 0h:0m:3s (0h:0m:0s left)
Log-likelihood cutoff on original alignment: -364.195
NOTE: Bootstrap correlation coefficient of split occurrence frequencies: 0.721
NOTE: UFBoot does not converge, continue at least 100 more iterations
Optimizing NNI: done in 0.000351906 secs using 99.74% CPU
WARNING: bootstrap analysis did not converge. You should rerun with higher number of iterations (-nm option)
TREE SEARCH COMPLETED AFTER 1001 ITERATIONS / Time: 0h:0m:3s

--------------------------------------------------------------------
|                    FINALIZING TREE SEARCH                        |
--------------------------------------------------------------------
Performs final model parameters optimization
Estimate model parameters (epsilon = 0.010)
1. Initial log-likelihood: -364.195
Optimal log-likelihood: -364.195
Parameters optimization took 1 rounds (0.000 sec)
BEST SCORE FOUND : -364.195

Testing tree branches by SH-like aLRT with 1000 replicates...
0.009 sec.
Creating bootstrap support values...
Split supports printed to NEXUS file ../results/molecular_evolution_analyses/phylogenetic_trees/F12342_MLIG_G1/F12342_MLIG_G1.splits.nex
Total tree length: 0.008

Total number of iterations: 1001
CPU time used for tree search: 3.994 sec (0h:0m:3s)
Wall-clock time used for tree search: 3.820 sec (0h:0m:3s)
Total CPU time used: 4.025 sec (0h:0m:4s)
Total wall-clock time used: 3.850 sec (0h:0m:3s)

Computing bootstrap consensus tree...
Reading input file ../results/molecular_evolution_analyses/phylogenetic_trees/F12342_MLIG_G1/F12342_MLIG_G1.splits.nex...
6 taxa and 31 splits.
Consensus tree written to ../results/molecular_evolution_analyses/phylogenetic_trees/F12342_MLIG_G1/F12342_MLIG_G1.contree
Reading input trees file ../results/molecular_evolution_analyses/phylogenetic_trees/F12342_MLIG_G1/F12342_MLIG_G1.contree
Log-likelihood of consensus tree: -364.197

Analysis results written to: 
  IQ-TREE report:                ../results/molecular_evolution_analyses/phylogenetic_trees/F12342_MLIG_G1/F12342_MLIG_G1.iqtree
  Maximum-likelihood tree:       ../results/molecular_evolution_analyses/phylogenetic_trees/F12342_MLIG_G1/F12342_MLIG_G1.treefile
  Likelihood distances:          ../results/molecular_evolution_analyses/phylogenetic_trees/F12342_MLIG_G1/F12342_MLIG_G1.mldist

Ultrafast bootstrap approximation results written to:
  Split support values:          ../results/molecular_evolution_analyses/phylogenetic_trees/F12342_MLIG_G1/F12342_MLIG_G1.splits.nex
  Consensus tree:                ../results/molecular_evolution_analyses/phylogenetic_trees/F12342_MLIG_G1/F12342_MLIG_G1.contree
  Screen log file:               ../results/molecular_evolution_analyses/phylogenetic_trees/F12342_MLIG_G1/F12342_MLIG_G1.log

Date and Time: Wed May  1 09:01:21 2024
