IQ-TREE multicore version 2.2.2.6 COVID-edition for Linux 64-bit built May 27 2023
Developed by Bui Quang Minh, James Barbetti, Nguyen Lam Tung,
Olga Chernomor, Heiko Schmidt, Dominik Schrempf, Michael Woodhams, Ly Trong Nhan.

Host:    lbc5 (AVX2, FMA3, 125 GB RAM)
Command: /home/mauricio/mauricio_PROGRAMAS/iqtree-2.2.2.6-Linux/bin/iqtree2 -s ../results/molecular_evolution_analyses/alignments_gblocks/F122404_MLIG_G1/F122404_MLIG_G1.aln.gblo -m TEST --threads-max 32 --alrt 1000 --ufboot 1000 --prefix ../results/molecular_evolution_analyses/phylogenetic_trees/F122404_MLIG_G1/F122404_MLIG_G1 -keep-ident -redo
Seed:    607572 (Using SPRNG - Scalable Parallel Random Number Generator)
Time:    Wed May  1 11:17:01 2024
Kernel:  AVX+FMA - 1 threads (32 CPU cores detected)

HINT: Use -nt option to specify number of threads because your CPU has 32 cores!
HINT: -nt AUTO will automatically determine the best number of threads to use.

Reading alignment file ../results/molecular_evolution_analyses/alignments_gblocks/F122404_MLIG_G1/F122404_MLIG_G1.aln.gblo ... Fasta format detected
Reading fasta file: done in 0.000126123 secs using 99.11% CPU
Alignment most likely contains protein sequences
Constructing alignment: done in 0.000741005 secs using 100% CPU
Alignment has 5 sequences with 831 columns, 124 distinct patterns
183 parsimony-informative, 1 singleton sites, 647 constant sites
            Gap/Ambiguity  Composition  p-value
Analyzing sequences: done in 9.05991e-06 secs using 88.3% CPU
   1  Mlig.44170    0.00%    passed     99.59%
   2  Mlig.44169    0.00%    passed     99.35%
   3  Mlig.11597    0.00%    passed    100.00%
   4  Mlig.11598    0.00%    passed    100.00%
   5  Mlig.46835    0.00%    passed    100.00%
****  TOTAL         0.00%  0 sequences failed composition chi2 test (p-value<5%; df=19)


Create initial parsimony tree by phylogenetic likelihood library (PLL)... 0.000 seconds
Perform fast likelihood tree search using LG+I+G model...
Estimate model parameters (epsilon = 5.000)
Perform nearest neighbor interchange...
Optimizing NNI: done in 0.00194097 secs using 100% CPU
Estimate model parameters (epsilon = 1.000)
1. Initial log-likelihood: -3289.478
Optimal log-likelihood: -3289.017
Proportion of invariable sites: 0.397
Gamma shape alpha: 9.692
Parameters optimization took 1 rounds (0.006 sec)
Time for fast ML tree search: 0.015 seconds

NOTE: ModelFinder requires 0 MB RAM!
ModelFinder will test up to 224 protein models (sample size: 831) ...
 No. Model         -LnL         df  AIC          AICc         BIC
  1  LG            3289.767     7   6593.533     6593.669     6626.592
  2  LG+I          3288.879     8   6593.758     6593.934     6631.539
  3  LG+G4         3288.920     8   6593.840     6594.015     6631.621
  4  LG+I+G4       3288.915     9   6595.829     6596.049     6638.333
  5  LG+F          3279.728     26  6611.456     6613.203     6734.245
  6  LG+F+I        3278.701     27  6611.402     6613.285     6738.913
  7  LG+F+G4       3278.742     27  6611.485     6613.368     6738.996
  9  WAG           3293.046     7   6600.093     6600.229     6633.151
 10  WAG+I         3293.046     8   6602.093     6602.268     6639.874
 11  WAG+G4        3293.047     8   6602.095     6602.270     6639.876
 13  WAG+F         3273.469     26  6598.937     6600.683     6721.725
 14  WAG+F+I       3273.469     27  6600.937     6602.820     6728.448
 15  WAG+F+G4      3273.470     27  6600.939     6602.822     6728.450
 17  JTT           3285.152     7   6584.304     6584.440     6617.363
 18  JTT+I         3284.728     8   6585.456     6585.631     6623.237
 19  JTT+G4        3284.744     8   6585.489     6585.664     6623.270
 21  JTT+F         3274.796     26  6601.593     6603.339     6724.381
 22  JTT+F+I       3274.367     27  6602.735     6604.617     6730.246
 23  JTT+F+G4      3274.378     27  6602.756     6604.639     6730.267
WARNING: Normalizing state frequencies so that sum of them equals to 1
 25  Q.pfam        3290.187     7   6594.374     6594.510     6627.432
WARNING: Normalizing state frequencies so that sum of them equals to 1
 26  Q.pfam+I      3289.746     8   6595.492     6595.668     6633.273
WARNING: Normalizing state frequencies so that sum of them equals to 1
 27  Q.pfam+G4     3289.806     8   6595.612     6595.787     6633.393
WARNING: Normalizing state frequencies so that sum of them equals to 1
 29  Q.pfam+F      3280.184     26  6612.367     6614.114     6735.156
WARNING: Normalizing state frequencies so that sum of them equals to 1
 30  Q.pfam+F+I    3279.531     27  6613.062     6614.945     6740.573
WARNING: Normalizing state frequencies so that sum of them equals to 1
 31  Q.pfam+F+G4   3279.601     27  6613.202     6615.085     6740.713
WARNING: Normalizing state frequencies so that sum of them equals to 1
 33  Q.bird        3327.942     7   6669.884     6670.020     6702.942
WARNING: Normalizing state frequencies so that sum of them equals to 1
 34  Q.bird+I      3312.376     8   6640.751     6640.927     6678.532
WARNING: Normalizing state frequencies so that sum of them equals to 1
 35  Q.bird+G4     3312.444     8   6640.888     6641.063     6678.669
WARNING: Normalizing state frequencies so that sum of them equals to 1
 37  Q.bird+F      3313.374     26  6678.747     6680.494     6801.536
WARNING: Normalizing state frequencies so that sum of them equals to 1
 38  Q.bird+F+I    3296.906     27  6647.811     6649.694     6775.322
WARNING: Normalizing state frequencies so that sum of them equals to 1
 39  Q.bird+F+G4   3296.841     27  6647.681     6649.564     6775.192
WARNING: Normalizing state frequencies so that sum of them equals to 1
 41  Q.mammal      3317.668     7   6649.336     6649.473     6682.395
WARNING: Normalizing state frequencies so that sum of them equals to 1
 42  Q.mammal+I    3310.946     8   6637.892     6638.067     6675.673
WARNING: Normalizing state frequencies so that sum of them equals to 1
 43  Q.mammal+G4   3311.073     8   6638.146     6638.321     6675.927
WARNING: Normalizing state frequencies so that sum of them equals to 1
 45  Q.mammal+F    3299.428     26  6650.857     6652.603     6773.645
WARNING: Normalizing state frequencies so that sum of them equals to 1
 46  Q.mammal+F+I  3292.308     27  6638.615     6640.498     6766.126
WARNING: Normalizing state frequencies so that sum of them equals to 1
 47  Q.mammal+F+G4 3292.332     27  6638.664     6640.547     6766.175
 49  Q.insect      3298.575     7   6611.150     6611.286     6644.208
 50  Q.insect+I    3297.599     8   6611.199     6611.374     6648.980
 51  Q.insect+G4   3297.668     8   6611.335     6611.510     6649.116
 53  Q.insect+F    3273.862     26  6599.724     6601.470     6722.512
 54  Q.insect+F+I  3273.155     27  6600.310     6602.193     6727.821
 55  Q.insect+F+G4 3273.195     27  6600.390     6602.273     6727.901
WARNING: Normalizing state frequencies so that sum of them equals to 1
 57  Q.plant       3309.312     7   6632.625     6632.761     6665.683
WARNING: Normalizing state frequencies so that sum of them equals to 1
 58  Q.plant+I     3298.451     8   6612.902     6613.077     6650.683
WARNING: Normalizing state frequencies so that sum of them equals to 1
 59  Q.plant+G4    3298.351     8   6612.703     6612.878     6650.484
WARNING: Normalizing state frequencies so that sum of them equals to 1
 61  Q.plant+F     3293.248     26  6638.496     6640.242     6761.284
WARNING: Normalizing state frequencies so that sum of them equals to 1
 62  Q.plant+F+I   3283.107     27  6620.215     6622.098     6747.726
WARNING: Normalizing state frequencies so that sum of them equals to 1
 63  Q.plant+F+G4  3282.907     27  6619.815     6621.698     6747.326
WARNING: Normalizing state frequencies so that sum of them equals to 1
 65  Q.yeast       3310.290     7   6634.580     6634.716     6667.639
WARNING: Normalizing state frequencies so that sum of them equals to 1
 66  Q.yeast+I     3308.868     8   6633.736     6633.911     6671.517
WARNING: Normalizing state frequencies so that sum of them equals to 1
 67  Q.yeast+G4    3308.950     8   6633.899     6634.074     6671.680
WARNING: Normalizing state frequencies so that sum of them equals to 1
 69  Q.yeast+F     3276.471     26  6604.943     6606.689     6727.731
WARNING: Normalizing state frequencies so that sum of them equals to 1
 70  Q.yeast+F+I   3275.239     27  6604.478     6606.361     6731.989
WARNING: Normalizing state frequencies so that sum of them equals to 1
 71  Q.yeast+F+G4  3275.306     27  6604.611     6606.494     6732.122
 73  JTTDCMut      3286.220     7   6586.441     6586.577     6619.499
 74  JTTDCMut+I    3285.739     8   6587.478     6587.653     6625.259
 75  JTTDCMut+G4   3285.756     8   6587.512     6587.687     6625.293
 77  JTTDCMut+F    3275.369     26  6602.737     6604.484     6725.526
 78  JTTDCMut+F+I  3274.856     27  6603.712     6605.595     6731.223
 79  JTTDCMut+F+G4 3274.867     27  6603.733     6605.616     6731.244
 81  DCMut         3311.365     7   6636.730     6636.866     6669.788
 82  DCMut+I       3310.264     8   6636.529     6636.704     6674.310
 83  DCMut+G4      3310.361     8   6636.721     6636.896     6674.502
 85  DCMut+F       3276.853     26  6605.707     6607.453     6728.495
 86  DCMut+F+I     3275.498     27  6604.995     6606.878     6732.506
 87  DCMut+F+G4    3275.579     27  6605.159     6607.042     6732.670
 89  VT            3284.474     7   6582.948     6583.084     6616.006
 90  VT+I          3284.474     8   6584.948     6585.123     6622.729
 91  VT+G4         3284.477     8   6584.954     6585.129     6622.735
 93  VT+F          3275.763     26  6603.526     6605.272     6726.314
 94  VT+F+I        3275.763     27  6605.526     6607.409     6733.037
 95  VT+F+G4       3275.766     27  6605.532     6607.415     6733.043
 97  PMB           3302.626     7   6619.251     6619.387     6652.310
 98  PMB+I         3302.626     8   6621.251     6621.426     6659.032
 99  PMB+G4        3302.629     8   6621.258     6621.433     6659.039
101  PMB+F         3287.828     26  6627.656     6629.402     6750.444
102  PMB+F+I       3287.828     27  6629.656     6631.539     6757.167
103  PMB+F+G4      3287.831     27  6629.662     6631.545     6757.173
105  Blosum62      3299.685     7   6613.370     6613.506     6646.428
106  Blosum62+I    3299.685     8   6615.370     6615.545     6653.151
107  Blosum62+G4   3299.687     8   6615.374     6615.550     6653.156
109  Blosum62+F    3287.941     26  6627.882     6629.628     6750.670
110  Blosum62+F+I  3287.941     27  6629.882     6631.765     6757.393
111  Blosum62+F+G4 3287.943     27  6629.887     6631.769     6757.398
113  Dayhoff       3311.455     7   6636.911     6637.047     6669.969
114  Dayhoff+I     3310.255     8   6636.509     6636.684     6674.290
115  Dayhoff+G4    3310.355     8   6636.711     6636.886     6674.492
117  Dayhoff+F     3276.964     26  6605.929     6607.675     6728.717
118  Dayhoff+F+I   3275.497     27  6604.994     6606.877     6732.505
119  Dayhoff+F+G4  3275.583     27  6605.165     6607.048     6732.676
121  mtREV         3493.320     7   7000.639     7000.775     7033.697
122  mtREV+I       3472.625     8   6961.251     6961.426     6999.032
123  mtREV+G4      3471.215     8   6958.429     6958.604     6996.210
125  mtREV+F       3326.697     26  6705.394     6707.140     6828.182
126  mtREV+F+I     3311.285     27  6676.570     6678.453     6804.081
127  mtREV+F+G4    3310.589     27  6675.178     6677.061     6802.689
129  mtART         3558.296     7   7130.592     7130.728     7163.651
130  mtART+I       3495.790     8   7007.581     7007.756     7045.362
131  mtART+G4      3490.282     8   6996.563     6996.738     7034.344
133  mtART+F       3375.680     26  6803.360     6805.106     6926.148
134  mtART+F+I     3331.593     27  6717.186     6719.069     6844.697
135  mtART+F+G4    3326.889     27  6707.778     6709.661     6835.289
137  mtZOA         3487.087     7   6988.173     6988.309     7021.232
138  mtZOA+I       3455.610     8   6927.221     6927.396     6965.002
139  mtZOA+G4      3452.368     8   6920.735     6920.910     6958.516
141  mtZOA+F       3332.898     26  6717.796     6719.543     6840.585
142  mtZOA+F+I     3312.173     27  6678.345     6680.228     6805.856
143  mtZOA+F+G4    3310.215     27  6674.429     6676.312     6801.940
145  mtMet         3527.688     7   7069.376     7069.512     7102.434
146  mtMet+I       3500.515     8   7017.030     7017.206     7054.812
147  mtMet+G4      3498.789     8   7013.578     7013.753     7051.359
149  mtMet+F       3333.394     26  6718.788     6720.534     6841.576
150  mtMet+F+I     3313.681     27  6681.362     6683.245     6808.873
151  mtMet+F+G4    3312.876     27  6679.751     6681.634     6807.262
153  mtVer         3551.551     7   7117.102     7117.238     7150.161
154  mtVer+I       3510.637     8   7037.274     7037.449     7075.055
155  mtVer+G4      3506.952     8   7029.904     7030.079     7067.685
157  mtVer+F       3359.692     26  6771.385     6773.131     6894.173
158  mtVer+F+I     3325.766     27  6705.533     6707.416     6833.044
159  mtVer+F+G4    3323.766     27  6701.532     6703.415     6829.043
161  mtInv         3561.303     7   7136.606     7136.743     7169.665
162  mtInv+I       3545.332     8   7106.664     7106.839     7144.445
163  mtInv+G4      3544.512     8   7105.024     7105.199     7142.805
165  mtInv+F       3312.282     26  6676.564     6678.310     6799.352
166  mtInv+F+I     3303.782     27  6661.564     6663.447     6789.075
167  mtInv+F+G4    3303.313     27  6660.625     6662.508     6788.136
169  mtMAM         3558.837     7   7131.675     7131.811     7164.733
170  mtMAM+I       3497.292     8   7010.583     7010.758     7048.364
171  mtMAM+G4      3489.772     8   6995.544     6995.719     7033.325
173  mtMAM+F       3375.947     26  6803.894     6805.640     6926.682
174  mtMAM+F+I     3328.659     27  6711.318     6713.201     6838.829
175  mtMAM+F+G4    3324.679     27  6703.359     6705.241     6830.870
WARNING: Normalizing state frequencies so that sum of them equals to 1
177  FLAVI         3392.595     7   6799.190     6799.326     6832.248
WARNING: Normalizing state frequencies so that sum of them equals to 1
178  FLAVI+I       3358.219     8   6732.438     6732.614     6770.219
WARNING: Normalizing state frequencies so that sum of them equals to 1
179  FLAVI+G4      3355.244     8   6726.488     6726.663     6764.269
WARNING: Normalizing state frequencies so that sum of them equals to 1
181  FLAVI+F       3345.090     26  6742.179     6743.925     6864.967
WARNING: Normalizing state frequencies so that sum of them equals to 1
182  FLAVI+F+I     3311.656     27  6677.311     6679.194     6804.822
WARNING: Normalizing state frequencies so that sum of them equals to 1
183  FLAVI+F+G4    3308.769     27  6671.538     6673.421     6799.049
185  HIVb          3356.317     7   6726.633     6726.769     6759.692
186  HIVb+I        3335.131     8   6686.262     6686.437     6724.043
187  HIVb+G4       3333.944     8   6683.887     6684.062     6721.668
189  HIVb+F        3323.473     26  6698.946     6700.692     6821.734
190  HIVb+F+I      3299.859     27  6653.718     6655.601     6781.229
191  HIVb+F+G4     3298.747     27  6651.495     6653.377     6779.006
193  HIVw          3439.869     7   6893.738     6893.874     6926.796
194  HIVw+I        3407.469     8   6830.938     6831.113     6868.719
195  HIVw+G4       3404.748     8   6825.497     6825.672     6863.278
197  HIVw+F        3352.454     26  6756.907     6758.653     6879.696
198  HIVw+F+I      3322.428     27  6698.856     6700.739     6826.367
199  HIVw+F+G4     3320.639     27  6695.278     6697.161     6822.789
201  FLU           3345.722     7   6705.444     6705.580     6738.502
202  FLU+I         3333.240     8   6682.480     6682.656     6720.261
203  FLU+G4        3332.690     8   6681.381     6681.556     6719.162
205  FLU+F         3300.365     26  6652.731     6654.477     6775.519
206  FLU+F+I       3288.164     27  6630.329     6632.212     6757.840
207  FLU+F+G4      3287.596     27  6629.192     6631.075     6756.703
209  rtREV         3325.689     7   6665.378     6665.514     6698.436
210  rtREV+I       3324.968     8   6665.936     6666.111     6703.717
211  rtREV+G4      3325.038     8   6666.077     6666.252     6703.858
213  rtREV+F       3279.978     26  6611.956     6613.703     6734.745
214  rtREV+F+I     3278.845     27  6611.690     6613.573     6739.201
215  rtREV+F+G4    3278.918     27  6611.836     6613.719     6739.347
217  cpREV         3318.474     7   6650.949     6651.085     6684.007
218  cpREV+I       3316.024     8   6648.048     6648.223     6685.829
219  cpREV+G4      3315.900     8   6647.800     6647.975     6685.581
221  cpREV+F       3297.698     26  6647.396     6649.142     6770.184
222  cpREV+F+I     3294.847     27  6643.694     6645.577     6771.205
223  cpREV+F+G4    3294.726     27  6643.452     6645.335     6770.963
Akaike Information Criterion:           VT
Corrected Akaike Information Criterion: VT
Bayesian Information Criterion:         VT
Best-fit model: VT chosen according to BIC

All model information printed to ../results/molecular_evolution_analyses/phylogenetic_trees/F122404_MLIG_G1/F122404_MLIG_G1.model.gz
CPU time for ModelFinder: 0.969 seconds (0h:0m:0s)
Wall-clock time for ModelFinder: 0.969 seconds (0h:0m:0s)
Generating 1000 samples for ultrafast bootstrap (seed: 607572)...

NOTE: 0 MB RAM (0 GB) is required!
Estimate model parameters (epsilon = 0.100)
1. Initial log-likelihood: -3284.474
Optimal log-likelihood: -3284.474
Parameters optimization took 1 rounds (0.000 sec)
Wrote distance file to... 
Computing ML distances based on estimated model parameters...
Calculating distance matrix: done in 0.000674009 secs using 99.26% CPU
Computing ML distances took 0.000697 sec (of wall-clock time) 0.000693 sec (of CPU time)
Setting up auxiliary I and S matrices: done in 3.88622e-05 secs using 100.4% CPU
Constructing RapidNJ tree: done in 1.88351e-05 secs
Computing RapidNJ tree took 0.000140 sec (of wall-clock time) 0.000048 sec (of CPU time)
Log-likelihood of RapidNJ tree: -3284.476
--------------------------------------------------------------------
|             INITIALIZING CANDIDATE TREE SET                      |
--------------------------------------------------------------------
Generating 99 parsimony trees... 0.014 second
Computing log-likelihood of 4 initial trees ... 0.001 seconds
Current best score: -3284.474

Do NNI search on 5 best initial trees
Optimizing NNI: done in 0.000752926 secs using 199.6% CPU
Optimizing NNI: done in 0.00160313 secs using 200% CPU
Optimizing NNI: done in 0.00158691 secs using 200.1% CPU
Optimizing NNI: done in 0.00156307 secs using 199.9% CPU
Optimizing NNI: done in 0.00152278 secs using 200.1% CPU
Finish initializing candidate tree set (5)
Current best tree score: -3284.474 / CPU time: 0.025
Number of iterations: 5
--------------------------------------------------------------------
|               OPTIMIZING CANDIDATE TREE SET                      |
--------------------------------------------------------------------
Optimizing NNI: done in 0.00140905 secs using 199.8% CPU
Optimizing NNI: done in 0.00229692 secs using 199.9% CPU
Optimizing NNI: done in 0.00148702 secs using 199.5% CPU
UPDATE BEST LOG-LIKELIHOOD: -3284.474
Optimizing NNI: done in 0.00204515 secs using 199.8% CPU
Optimizing NNI: done in 0.00146294 secs using 200% CPU
Iteration 10 / LogL: -3284.476 / Time: 0h:0m:0s
Optimizing NNI: done in 0.00209498 secs using 200.1% CPU
Optimizing NNI: done in 0.0013988 secs using 200% CPU
Optimizing NNI: done in 0.00142407 secs using 199.9% CPU
Optimizing NNI: done in 0.00149107 secs using 200% CPU
Optimizing NNI: done in 0.00232697 secs using 199.9% CPU
Optimizing NNI: done in 0.00238895 secs using 200% CPU
Optimizing NNI: done in 0.001405 secs using 200.1% CPU
Optimizing NNI: done in 0.00215006 secs using 199.9% CPU
Optimizing NNI: done in 0.0022521 secs using 200% CPU
Optimizing NNI: done in 0.000602007 secs using 199.8% CPU
Iteration 20 / LogL: -3287.496 / Time: 0h:0m:0s
Optimizing NNI: done in 0.00138688 secs using 200.1% CPU
Optimizing NNI: done in 0.00227499 secs using 199.7% CPU
Optimizing NNI: done in 0.00208688 secs using 200% CPU
Optimizing NNI: done in 0.000616074 secs using 200.1% CPU
Optimizing NNI: done in 0.00219512 secs using 199.9% CPU
Optimizing NNI: done in 0.00221992 secs using 200% CPU
Optimizing NNI: done in 0.00147319 secs using 199.9% CPU
Optimizing NNI: done in 0.00233889 secs using 200.1% CPU
Optimizing NNI: done in 0.00234199 secs using 199.9% CPU
Optimizing NNI: done in 0.00212908 secs using 199.9% CPU
Iteration 30 / LogL: -3284.475 / Time: 0h:0m:0s (0h:0m:0s left)
Optimizing NNI: done in 0.00214219 secs using 200% CPU
Optimizing NNI: done in 0.00139499 secs using 200% CPU
Optimizing NNI: done in 0.00212598 secs using 199.8% CPU
Optimizing NNI: done in 0.001472 secs using 200% CPU
Optimizing NNI: done in 0.00143695 secs using 200.1% CPU
Optimizing NNI: done in 0.00213814 secs using 199.8% CPU
Optimizing NNI: done in 0.000607014 secs using 200% CPU
Optimizing NNI: done in 0.000607967 secs using 199.4% CPU
Optimizing NNI: done in 0.00148487 secs using 200.1% CPU
Optimizing NNI: done in 0.00141692 secs using 199.9% CPU
Iteration 40 / LogL: -3284.475 / Time: 0h:0m:0s (0h:0m:0s left)
Optimizing NNI: done in 0.00234509 secs using 199.8% CPU
Optimizing NNI: done in 0.00145912 secs using 200.1% CPU
Optimizing NNI: done in 0.00212002 secs using 200% CPU
Optimizing NNI: done in 0.00138688 secs using 100% CPU
Optimizing NNI: done in 0.000602007 secs using 100% CPU
Optimizing NNI: done in 0.00139093 secs using 99.93% CPU
Optimizing NNI: done in 0.00234604 secs using 99.96% CPU
Optimizing NNI: done in 0.00226188 secs using 99.83% CPU
Optimizing NNI: done in 0.00205898 secs using 100% CPU
Optimizing NNI: done in 0.00212097 secs using 100% CPU
Iteration 50 / LogL: -3284.475 / Time: 0h:0m:0s (0h:0m:0s left)
Log-likelihood cutoff on original alignment: -3293.771
Optimizing NNI: done in 0.00218797 secs using 99.77% CPU
Optimizing NNI: done in 0.00216508 secs using 100% CPU
Optimizing NNI: done in 0.00151896 secs using 100% CPU
UPDATE BEST LOG-LIKELIHOOD: -3284.474
Optimizing NNI: done in 0.00144792 secs using 99.59% CPU
Optimizing NNI: done in 0.001405 secs using 100% CPU
Optimizing NNI: done in 0.00226998 secs using 99.96% CPU
Optimizing NNI: done in 0.00144291 secs using 99.73% CPU
Optimizing NNI: done in 0.00213695 secs using 100% CPU
Optimizing NNI: done in 0.000614882 secs using 100% CPU
Optimizing NNI: done in 0.00233603 secs using 99.87% CPU
Iteration 60 / LogL: -3284.478 / Time: 0h:0m:0s (0h:0m:0s left)
Optimizing NNI: done in 0.00146198 secs using 99.93% CPU
Optimizing NNI: done in 0.00214696 secs using 99.96% CPU
Optimizing NNI: done in 0.001508 secs using 100% CPU
UPDATE BEST LOG-LIKELIHOOD: -3284.474
Optimizing NNI: done in 0.00144506 secs using 99.72% CPU
Optimizing NNI: done in 0.00061202 secs using 100% CPU
Optimizing NNI: done in 0.00142503 secs using 100% CPU
Optimizing NNI: done in 0.00143194 secs using 99.93% CPU
Optimizing NNI: done in 0.00149894 secs using 100% CPU
UPDATE BEST LOG-LIKELIHOOD: -3284.474
Optimizing NNI: done in 0.000622988 secs using 99.2% CPU
Optimizing NNI: done in 0.00146008 secs using 99.99% CPU
Iteration 70 / LogL: -3284.476 / Time: 0h:0m:0s (0h:0m:0s left)
Optimizing NNI: done in 0.00233603 secs using 100% CPU
Optimizing NNI: done in 0.00213289 secs using 99.77% CPU
Optimizing NNI: done in 0.00152612 secs using 99.99% CPU
Optimizing NNI: done in 0.00148201 secs using 100.1% CPU
Optimizing NNI: done in 0.000607967 secs using 99.84% CPU
Optimizing NNI: done in 0.001477 secs using 100% CPU
Optimizing NNI: done in 0.00214291 secs using 99.96% CPU
Optimizing NNI: done in 0.00148892 secs using 100% CPU
Optimizing NNI: done in 0.00147581 secs using 100% CPU
Optimizing NNI: done in 0.00207019 secs using 100% CPU
Iteration 80 / LogL: -3284.475 / Time: 0h:0m:0s (0h:0m:0s left)
Optimizing NNI: done in 0.00215602 secs using 100% CPU
Optimizing NNI: done in 0.00224495 secs using 99.91% CPU
Optimizing NNI: done in 0.00202703 secs using 99.95% CPU
Optimizing NNI: done in 0.000607014 secs using 100% CPU
Optimizing NNI: done in 0.00208497 secs using 100% CPU
Optimizing NNI: done in 0.00215602 secs using 100% CPU
Optimizing NNI: done in 0.00237393 secs using 99.83% CPU
Optimizing NNI: done in 0.00220895 secs using 100% CPU
Optimizing NNI: done in 0.00209093 secs using 100.1% CPU
Optimizing NNI: done in 0.00149703 secs using 99.93% CPU
Iteration 90 / LogL: -3284.474 / Time: 0h:0m:0s (0h:0m:0s left)
Optimizing NNI: done in 0.00140095 secs using 100% CPU
Optimizing NNI: done in 0.00223303 secs using 100% CPU
Optimizing NNI: done in 0.00151801 secs using 100.1% CPU
Optimizing NNI: done in 0.00146794 secs using 99.73% CPU
Optimizing NNI: done in 0.000615835 secs using 100% CPU
Optimizing NNI: done in 0.001441 secs using 99.72% CPU
Optimizing NNI: done in 0.00210404 secs using 100% CPU
Optimizing NNI: done in 0.001369 secs using 100.1% CPU
Optimizing NNI: done in 0.00231409 secs using 99.95% CPU
Optimizing NNI: done in 0.00142503 secs using 100% CPU
Iteration 100 / LogL: -3287.470 / Time: 0h:0m:0s (0h:0m:0s left)
Log-likelihood cutoff on original alignment: -3293.771
NOTE: Bootstrap correlation coefficient of split occurrence frequencies: 0.999
Optimizing NNI: done in 0.00230002 secs using 100% CPU
TREE SEARCH COMPLETED AFTER 101 ITERATIONS / Time: 0h:0m:0s

--------------------------------------------------------------------
|                    FINALIZING TREE SEARCH                        |
--------------------------------------------------------------------
Performs final model parameters optimization
Estimate model parameters (epsilon = 0.010)
1. Initial log-likelihood: -3284.474
Optimal log-likelihood: -3284.474
Parameters optimization took 1 rounds (0.001 sec)
BEST SCORE FOUND : -3284.474

Testing tree branches by SH-like aLRT with 1000 replicates...
0.033 sec.
Creating bootstrap support values...
Split supports printed to NEXUS file ../results/molecular_evolution_analyses/phylogenetic_trees/F122404_MLIG_G1/F122404_MLIG_G1.splits.nex
Total tree length: 0.252

Total number of iterations: 101
CPU time used for tree search: 0.661 sec (0h:0m:0s)
Wall-clock time used for tree search: 0.467 sec (0h:0m:0s)
Total CPU time used: 0.727 sec (0h:0m:0s)
Total wall-clock time used: 0.534 sec (0h:0m:0s)

Computing bootstrap consensus tree...
Reading input file ../results/molecular_evolution_analyses/phylogenetic_trees/F122404_MLIG_G1/F122404_MLIG_G1.splits.nex...
5 taxa and 9 splits.
Consensus tree written to ../results/molecular_evolution_analyses/phylogenetic_trees/F122404_MLIG_G1/F122404_MLIG_G1.contree
Reading input trees file ../results/molecular_evolution_analyses/phylogenetic_trees/F122404_MLIG_G1/F122404_MLIG_G1.contree
Log-likelihood of consensus tree: -3284.478

Analysis results written to: 
  IQ-TREE report:                ../results/molecular_evolution_analyses/phylogenetic_trees/F122404_MLIG_G1/F122404_MLIG_G1.iqtree
  Maximum-likelihood tree:       ../results/molecular_evolution_analyses/phylogenetic_trees/F122404_MLIG_G1/F122404_MLIG_G1.treefile
  Likelihood distances:          ../results/molecular_evolution_analyses/phylogenetic_trees/F122404_MLIG_G1/F122404_MLIG_G1.mldist

Ultrafast bootstrap approximation results written to:
  Split support values:          ../results/molecular_evolution_analyses/phylogenetic_trees/F122404_MLIG_G1/F122404_MLIG_G1.splits.nex
  Consensus tree:                ../results/molecular_evolution_analyses/phylogenetic_trees/F122404_MLIG_G1/F122404_MLIG_G1.contree
  Screen log file:               ../results/molecular_evolution_analyses/phylogenetic_trees/F122404_MLIG_G1/F122404_MLIG_G1.log

Date and Time: Wed May  1 11:17:03 2024
