IQ-TREE multicore version 2.2.2.6 COVID-edition for Linux 64-bit built May 27 2023
Developed by Bui Quang Minh, James Barbetti, Nguyen Lam Tung,
Olga Chernomor, Heiko Schmidt, Dominik Schrempf, Michael Woodhams, Ly Trong Nhan.

Host:    lbc5 (AVX2, FMA3, 125 GB RAM)
Command: /home/mauricio/mauricio_PROGRAMAS/iqtree-2.2.2.6-Linux/bin/iqtree2 -s ../results/molecular_evolution_analyses/alignments_gblocks/F14746_ECAN_G1/F14746_ECAN_G1.aln.gblo -m TEST --threads-max 32 --alrt 1000 --ufboot 1000 --prefix ../results/molecular_evolution_analyses/phylogenetic_trees/F14746_ECAN_G1/F14746_ECAN_G1 -keep-ident -redo
Seed:    670372 (Using SPRNG - Scalable Parallel Random Number Generator)
Time:    Wed May  1 12:40:27 2024
Kernel:  AVX+FMA - 1 threads (32 CPU cores detected)

HINT: Use -nt option to specify number of threads because your CPU has 32 cores!
HINT: -nt AUTO will automatically determine the best number of threads to use.

Reading alignment file ../results/molecular_evolution_analyses/alignments_gblocks/F14746_ECAN_G1/F14746_ECAN_G1.aln.gblo ... Fasta format detected
Reading fasta file: done in 4.1008e-05 secs using 97.54% CPU
Alignment most likely contains protein sequences
Constructing alignment: done in 9.58443e-05 secs using 100.2% CPU
Alignment has 5 sequences with 76 columns, 36 distinct patterns
13 parsimony-informative, 6 singleton sites, 57 constant sites
            Gap/Ambiguity  Composition  p-value
Analyzing sequences: done in 8.10623e-06 secs using 86.35% CPU
   1  Ecan.11296    0.00%    passed    100.00%
   2  Ecan.11077    0.00%    passed    100.00%
   3  Ecan.11088    0.00%    passed    100.00%
   4  Ecan.11378    0.00%    passed    100.00%
   5  Ecan.11185    0.00%    passed    100.00%
****  TOTAL         0.00%  0 sequences failed composition chi2 test (p-value<5%; df=19)


Create initial parsimony tree by phylogenetic likelihood library (PLL)... 0.000 seconds
Perform fast likelihood tree search using LG+I+G model...
Estimate model parameters (epsilon = 5.000)
Perform nearest neighbor interchange...
Optimizing NNI: done in 0.000785112 secs using 99.99% CPU
Estimate model parameters (epsilon = 1.000)
1. Initial log-likelihood: -336.883
Optimal log-likelihood: -336.856
Proportion of invariable sites: 0.361
Gamma shape alpha: 998.442
Parameters optimization took 1 rounds (0.001 sec)
Time for fast ML tree search: 0.006 seconds

NOTE: ModelFinder requires 0 MB RAM!
ModelFinder will test up to 224 protein models (sample size: 76) ...
 No. Model         -LnL         df  AIC          AICc         BIC
  1  LG            336.293      7   686.586      688.233      702.901
  2  LG+I          336.293      8   688.586      690.735      707.232
  3  LG+G4         336.293      8   688.587      690.736      707.233
  4  LG+I+G4       336.831      9   691.661      694.389      712.638
  5  LG+F          328.099      26  708.198      736.852      768.798
  6  LG+F+I        328.099      27  710.198      741.698      773.128
  7  LG+F+G4       328.100      27  710.200      741.700      773.130
  8  LG+F+I+G4     328.749      28  713.497      748.050      778.758
  9  WAG           331.741      7   677.482      679.129      693.797
 10  WAG+I         331.741      8   679.482      681.631      698.128
 11  WAG+G4        331.742      8   679.484      681.633      698.130
 12  WAG+I+G4      332.599      9   683.198      685.925      704.174
 13  WAG+F         327.500      26  707.000      735.653      767.599
 14  WAG+F+I       327.500      27  709.000      740.500      771.930
 15  WAG+F+G4      327.501      27  709.002      740.502      771.932
 16  WAG+F+I+G4    328.379      28  712.758      747.311      778.018
 17  JTT           331.569      7   677.137      678.784      693.452
 18  JTT+I         331.569      8   679.137      681.287      697.783
 19  JTT+G4        331.570      8   679.139      681.288      697.785
 20  JTT+I+G4      332.307      9   682.614      685.341      703.590
 21  JTT+F         325.858      26  703.715      732.368      764.314
 22  JTT+F+I       325.858      27  705.715      737.215      768.645
 23  JTT+F+G4      325.859      27  705.717      737.217      768.647
 24  JTT+F+I+G4    326.652      28  709.304      743.858      774.565
WARNING: Normalizing state frequencies so that sum of them equals to 1
 25  Q.pfam        334.397      7   682.793      684.440      699.108
WARNING: Normalizing state frequencies so that sum of them equals to 1
 26  Q.pfam+I      334.397      8   684.793      686.942      703.439
WARNING: Normalizing state frequencies so that sum of them equals to 1
 27  Q.pfam+G4     334.397      8   684.795      686.944      703.441
WARNING: Normalizing state frequencies so that sum of them equals to 1
 28  Q.pfam+I+G4   335.006      9   688.012      690.739      708.988
WARNING: Normalizing state frequencies so that sum of them equals to 1
 29  Q.pfam+F      327.322      26  706.644      735.297      767.243
WARNING: Normalizing state frequencies so that sum of them equals to 1
 30  Q.pfam+F+I    327.322      27  708.644      740.144      771.574
WARNING: Normalizing state frequencies so that sum of them equals to 1
 31  Q.pfam+F+G4   327.323      27  708.646      740.146      771.576
WARNING: Normalizing state frequencies so that sum of them equals to 1
 32  Q.pfam+F+I+G4 328.058      28  712.116      746.669      777.376
WARNING: Normalizing state frequencies so that sum of them equals to 1
 33  Q.bird        332.402      7   678.804      680.452      695.120
WARNING: Normalizing state frequencies so that sum of them equals to 1
 34  Q.bird+I      332.402      8   680.804      682.954      699.450
WARNING: Normalizing state frequencies so that sum of them equals to 1
 35  Q.bird+G4     332.402      8   680.805      682.954      699.451
WARNING: Normalizing state frequencies so that sum of them equals to 1
 36  Q.bird+I+G4   332.669      9   683.339      686.066      704.316
WARNING: Normalizing state frequencies so that sum of them equals to 1
 37  Q.bird+F      324.409      26  700.819      729.472      761.418
WARNING: Normalizing state frequencies so that sum of them equals to 1
 38  Q.bird+F+I    324.409      27  702.819      734.319      765.749
WARNING: Normalizing state frequencies so that sum of them equals to 1
 39  Q.bird+F+G4   324.410      27  702.820      734.320      765.750
WARNING: Normalizing state frequencies so that sum of them equals to 1
 40  Q.bird+F+I+G4 324.826      28  705.653      740.206      770.913
WARNING: Normalizing state frequencies so that sum of them equals to 1
 41  Q.mammal      332.658      7   679.317      680.964      695.632
WARNING: Normalizing state frequencies so that sum of them equals to 1
 42  Q.mammal+I    332.658      8   681.317      683.466      699.962
WARNING: Normalizing state frequencies so that sum of them equals to 1
 43  Q.mammal+G4   332.659      8   681.318      683.467      699.964
WARNING: Normalizing state frequencies so that sum of them equals to 1
 44  Q.mammal+I+G4 333.289      9   684.577      687.305      705.554
WARNING: Normalizing state frequencies so that sum of them equals to 1
 45  Q.mammal+F    324.066      26  700.133      728.786      760.732
WARNING: Normalizing state frequencies so that sum of them equals to 1
 46  Q.mammal+F+I  324.066      27  702.133      733.633      765.063
WARNING: Normalizing state frequencies so that sum of them equals to 1
 47  Q.mammal+F+G4 324.067      27  702.135      733.635      765.065
WARNING: Normalizing state frequencies so that sum of them equals to 1
 48  Q.mammal+F+I+G4 324.813      28  705.627      740.180      770.887
 49  Q.insect      340.179      7   694.358      696.005      710.673
 50  Q.insect+I    340.179      8   696.358      698.507      715.004
 51  Q.insect+G4   340.180      8   696.360      698.509      715.005
 52  Q.insect+I+G4 340.760      9   699.520      702.247      720.497
 53  Q.insect+F    327.444      26  706.887      735.540      767.486
 54  Q.insect+F+I  327.444      27  708.887      740.387      771.817
 55  Q.insect+F+G4 327.444      27  708.889      740.389      771.819
 56  Q.insect+F+I+G4 328.180      28  712.360      746.914      777.621
WARNING: Normalizing state frequencies so that sum of them equals to 1
 57  Q.plant       335.035      7   684.069      685.716      700.384
WARNING: Normalizing state frequencies so that sum of them equals to 1
 58  Q.plant+I     335.035      8   686.069      688.218      704.715
WARNING: Normalizing state frequencies so that sum of them equals to 1
 59  Q.plant+G4    335.035      8   686.070      688.219      704.716
WARNING: Normalizing state frequencies so that sum of them equals to 1
 60  Q.plant+I+G4  335.402      9   688.805      691.532      709.781
WARNING: Normalizing state frequencies so that sum of them equals to 1
 61  Q.plant+F     326.425      26  704.850      733.503      765.449
WARNING: Normalizing state frequencies so that sum of them equals to 1
 62  Q.plant+F+I   326.425      27  706.850      738.350      769.780
WARNING: Normalizing state frequencies so that sum of them equals to 1
 63  Q.plant+F+G4  326.426      27  706.851      738.351      769.781
WARNING: Normalizing state frequencies so that sum of them equals to 1
 64  Q.plant+F+I+G4 326.934      28  709.867      744.420      775.128
WARNING: Normalizing state frequencies so that sum of them equals to 1
 65  Q.yeast       339.862      7   693.724      695.372      710.040
WARNING: Normalizing state frequencies so that sum of them equals to 1
 66  Q.yeast+I     339.862      8   695.724      697.874      714.370
WARNING: Normalizing state frequencies so that sum of them equals to 1
 67  Q.yeast+G4    339.863      8   695.726      697.875      714.371
WARNING: Normalizing state frequencies so that sum of them equals to 1
 68  Q.yeast+I+G4  340.355      9   698.710      701.437      719.687
WARNING: Normalizing state frequencies so that sum of them equals to 1
 69  Q.yeast+F     328.078      26  708.156      736.809      768.755
WARNING: Normalizing state frequencies so that sum of them equals to 1
 70  Q.yeast+F+I   328.078      27  710.156      741.656      773.086
WARNING: Normalizing state frequencies so that sum of them equals to 1
 71  Q.yeast+F+G4  328.079      27  710.158      741.658      773.088
WARNING: Normalizing state frequencies so that sum of them equals to 1
 72  Q.yeast+F+I+G4 328.697      28  713.395      747.948      778.655
 73  JTTDCMut      331.723      7   677.447      679.094      693.762
 74  JTTDCMut+I    331.723      8   679.447      681.596      698.092
 75  JTTDCMut+G4   331.724      8   679.448      681.598      698.094
 76  JTTDCMut+I+G4 332.444      9   682.889      685.616      703.866
 77  JTTDCMut+F    326.254      26  704.508      733.161      765.107
 78  JTTDCMut+F+I  326.254      27  706.508      738.008      769.438
 79  JTTDCMut+F+G4 326.255      27  706.510      738.010      769.439
 80  JTTDCMut+F+I+G4 327.025      28  710.051      744.604      775.311
 81  DCMut         332.224      7   678.447      680.094      694.762
 82  DCMut+I       332.224      8   680.447      682.596      699.093
 83  DCMut+G4      332.224      8   680.449      682.598      699.094
 84  DCMut+I+G4    332.910      9   683.821      686.548      704.797
 85  DCMut+F       328.472      26  708.944      737.597      769.543
 86  DCMut+F+I     328.472      27  710.944      742.444      773.874
 87  DCMut+F+G4    328.473      27  710.946      742.446      773.875
 88  DCMut+F+I+G4  329.056      28  714.111      748.665      779.372
 89  VT            333.739      7   681.478      683.126      697.794
 90  VT+I          333.739      8   683.478      685.628      702.124
 91  VT+G4         333.740      8   683.481      685.630      702.127
 92  VT+I+G4       334.633      9   687.266      689.993      708.242
 93  VT+F          327.422      26  706.845      735.498      767.444
 94  VT+F+I        327.422      27  708.845      740.345      771.774
 95  VT+F+G4       327.424      27  708.847      740.347      771.777
 96  VT+F+I+G4     328.380      28  712.760      747.313      778.021
 97  PMB           337.283      7   688.567      690.214      704.882
 98  PMB+I         337.283      8   690.567      692.716      709.213
 99  PMB+G4        337.284      8   690.569      692.718      709.215
100  PMB+I+G4      338.147      9   694.293      697.020      715.270
101  PMB+F         329.533      26  711.067      739.720      771.666
102  PMB+F+I       329.533      27  713.067      744.567      775.997
103  PMB+F+G4      329.535      27  713.069      744.569      775.999
104  PMB+F+I+G4    330.458      28  716.917      751.470      782.177
105  Blosum62      337.502      7   689.004      690.651      705.319
106  Blosum62+I    337.502      8   691.004      693.153      709.650
107  Blosum62+G4   337.503      8   691.006      693.155      709.652
108  Blosum62+I+G4 338.330      9   694.660      697.387      715.636
109  Blosum62+F    329.806      26  711.613      740.266      772.212
110  Blosum62+F+I  329.806      27  713.613      745.113      776.543
111  Blosum62+F+G4 329.808      27  713.615      745.115      776.545
112  Blosum62+F+I+G4 330.713      28  717.427      751.980      782.687
113  Dayhoff       332.281      7   678.563      680.210      694.878
114  Dayhoff+I     332.281      8   680.563      682.712      699.209
115  Dayhoff+G4    332.282      8   680.564      682.713      699.210
116  Dayhoff+I+G4  332.955      9   683.910      686.637      704.887
117  Dayhoff+F     328.527      26  709.054      737.707      769.653
118  Dayhoff+F+I   328.527      27  711.054      742.554      773.984
119  Dayhoff+F+G4  328.528      27  711.055      742.555      773.985
120  Dayhoff+F+I+G4 329.096      28  714.192      748.745      779.452
121  mtREV         360.236      7   734.472      736.119      750.787
122  mtREV+I       360.001      8   736.003      738.152      754.649
123  mtREV+G4      360.010      8   736.020      738.170      754.666
124  mtREV+I+G4    360.002      9   738.005      740.732      758.981
125  mtREV+F       330.646      26  713.292      741.945      773.891
126  mtREV+F+I     330.646      27  715.292      746.792      778.222
127  mtREV+F+G4    330.650      27  715.300      746.800      778.230
128  mtREV+F+I+G4  330.909      28  717.817      752.371      783.078
129  mtART         366.655      7   747.311      748.958      763.626
130  mtART+I       364.568      8   745.136      747.286      763.782
131  mtART+G4      364.643      8   745.286      747.435      763.932
132  mtART+I+G4    364.632      9   747.263      749.990      768.240
133  mtART+F       336.299      26  724.598      753.251      785.197
134  mtART+F+I     335.800      27  725.599      757.099      788.529
135  mtART+F+G4    335.634      27  725.268      756.768      788.198
136  mtART+F+I+G4  335.678      28  727.356      761.909      792.617
137  mtZOA         359.436      7   732.872      734.519      749.187
138  mtZOA+I       359.015      8   734.031      736.180      752.677
139  mtZOA+G4      359.146      8   734.292      736.442      752.938
140  mtZOA+I+G4    359.060      9   736.119      738.847      757.096
141  mtZOA+F       331.860      26  715.720      744.373      776.319
142  mtZOA+F+I     331.860      27  717.720      749.220      780.650
143  mtZOA+F+G4    331.860      27  717.720      749.220      780.650
144  mtZOA+F+I+G4  332.177      28  720.354      754.907      785.615
145  mtMet         361.648      7   737.297      738.944      753.612
146  mtMet+I       361.462      8   738.924      741.073      757.570
147  mtMet+G4      361.542      8   739.084      741.233      757.730
148  mtMet+I+G4    361.462      9   740.924      743.652      761.901
149  mtMet+F       329.533      26  711.065      739.718      771.664
150  mtMet+F+I     329.533      27  713.065      744.565      775.995
151  mtMet+F+G4    329.533      27  713.066      744.566      775.995
152  mtMet+F+I+G4  329.856      28  715.712      750.265      780.972
153  mtVer         362.396      7   738.791      740.438      755.106
154  mtVer+I       361.665      8   739.331      741.480      757.977
155  mtVer+G4      361.856      8   739.713      741.862      758.358
156  mtVer+I+G4    361.758      9   741.516      744.243      762.492
157  mtVer+F       329.126      26  710.253      738.906      770.852
158  mtVer+F+I     329.126      27  712.253      743.753      775.182
159  mtVer+F+G4    329.126      27  712.253      743.753      775.183
160  mtVer+F+I+G4  329.386      28  714.772      749.325      780.033
161  mtInv         364.436      7   742.872      744.519      759.187
162  mtInv+I       364.436      8   744.872      747.022      763.518
163  mtInv+G4      364.436      8   744.873      747.022      763.519
164  mtInv+I+G4    364.706      9   747.412      750.139      768.389
165  mtInv+F       328.395      26  708.790      737.443      769.389
166  mtInv+F+I     328.395      27  710.790      742.290      773.720
167  mtInv+F+G4    328.396      27  710.791      742.291      773.721
168  mtInv+F+I+G4  328.997      28  713.995      748.548      779.255
169  mtMAM         363.858      7   741.715      743.362      758.030
170  mtMAM+I       361.336      8   738.671      740.821      757.317
171  mtMAM+G4      361.675      8   739.350      741.499      757.996
172  mtMAM+I+G4    361.644      9   741.289      744.016      762.266
173  mtMAM+F       331.232      26  714.463      743.117      775.063
174  mtMAM+F+I     331.028      27  716.055      747.555      778.985
175  mtMAM+F+G4    331.032      27  716.064      747.564      778.994
176  mtMAM+F+I+G4  331.030      28  718.060      752.613      783.320
WARNING: Normalizing state frequencies so that sum of them equals to 1
177  FLAVI         339.282      7   692.565      694.212      708.880
WARNING: Normalizing state frequencies so that sum of them equals to 1
178  FLAVI+I       339.247      8   694.493      696.642      713.139
WARNING: Normalizing state frequencies so that sum of them equals to 1
179  FLAVI+G4      339.257      8   694.515      696.664      713.161
WARNING: Normalizing state frequencies so that sum of them equals to 1
180  FLAVI+I+G4    339.293      9   696.586      699.313      717.563
WARNING: Normalizing state frequencies so that sum of them equals to 1
181  FLAVI+F       327.542      26  707.085      735.738      767.684
WARNING: Normalizing state frequencies so that sum of them equals to 1
182  FLAVI+F+I     327.542      27  709.085      740.585      772.015
WARNING: Normalizing state frequencies so that sum of them equals to 1
183  FLAVI+F+G4    327.543      27  709.085      740.585      772.015
WARNING: Normalizing state frequencies so that sum of them equals to 1
184  FLAVI+F+I+G4  327.919      28  711.839      746.392      777.099
185  HIVb          334.593      7   683.185      684.833      699.501
186  HIVb+I        334.593      8   685.185      687.335      703.831
187  HIVb+G4       334.593      8   685.186      687.335      703.832
188  HIVb+I+G4     334.866      9   687.733      690.460      708.709
189  HIVb+F        326.093      26  704.185      732.838      764.784
190  HIVb+F+I      326.093      27  706.185      737.685      769.115
191  HIVb+F+G4     326.093      27  706.185      737.685      769.115
192  HIVb+F+I+G4   326.404      28  708.807      743.360      774.068
193  HIVw          342.239      7   698.478      700.125      714.793
194  HIVw+I        342.180      8   700.360      702.510      719.006
195  HIVw+G4       342.161      8   700.323      702.472      718.969
196  HIVw+I+G4     342.272      9   702.544      705.272      723.521
197  HIVw+F        330.979      26  713.958      742.611      774.557
198  HIVw+F+I      330.962      27  715.924      747.424      778.854
199  HIVw+F+G4     330.962      27  715.924      747.424      778.853
200  HIVw+F+I+G4   331.131      28  718.263      752.816      783.523
201  FLU           333.953      7   681.906      683.553      698.221
202  FLU+I         333.953      8   683.906      686.055      702.552
203  FLU+G4        333.954      8   683.907      686.056      702.553
204  FLU+I+G4      334.522      9   687.043      689.771      708.020
205  FLU+F         325.708      26  703.417      732.070      764.016
206  FLU+F+I       325.708      27  705.417      736.917      768.346
207  FLU+F+G4      325.709      27  705.418      736.918      768.348
208  FLU+F+I+G4    326.396      28  708.792      743.345      774.052
209  rtREV         339.756      7   693.513      695.160      709.828
210  rtREV+I       339.756      8   695.513      697.662      714.159
211  rtREV+G4      339.757      8   695.514      697.663      714.159
212  rtREV+I+G4    340.152      9   698.305      701.032      719.281
213  rtREV+F       331.074      26  714.149      742.802      774.748
214  rtREV+F+I     331.074      27  716.149      747.649      779.079
215  rtREV+F+G4    331.075      27  716.150      747.650      779.080
216  rtREV+F+I+G4  331.590      28  719.179      753.733      784.440
217  cpREV         339.040      7   692.081      693.728      708.396
218  cpREV+I       339.040      8   694.081      696.230      712.726
219  cpREV+G4      339.041      8   694.082      696.231      712.728
220  cpREV+I+G4    339.652      9   697.304      700.031      718.280
221  cpREV+F       330.929      26  713.859      742.512      774.458
222  cpREV+F+I     330.929      27  715.859      747.359      778.788
223  cpREV+F+G4    330.930      27  715.860      747.360      778.790
224  cpREV+F+I+G4  331.546      28  719.091      753.644      784.352
Akaike Information Criterion:           JTT
Corrected Akaike Information Criterion: JTT
Bayesian Information Criterion:         JTT
Best-fit model: JTT chosen according to BIC

All model information printed to ../results/molecular_evolution_analyses/phylogenetic_trees/F14746_ECAN_G1/F14746_ECAN_G1.model.gz
CPU time for ModelFinder: 0.524 seconds (0h:0m:0s)
Wall-clock time for ModelFinder: 0.524 seconds (0h:0m:0s)
Generating 1000 samples for ultrafast bootstrap (seed: 670372)...

NOTE: 0 MB RAM (0 GB) is required!
Estimate model parameters (epsilon = 0.100)
1. Initial log-likelihood: -331.569
Optimal log-likelihood: -331.569
Parameters optimization took 1 rounds (0.000 sec)
Wrote distance file to... 
Computing ML distances based on estimated model parameters...
Calculating distance matrix: done in 0.000686884 secs using 99.14% CPU
Computing ML distances took 0.000707 sec (of wall-clock time) 0.000702 sec (of CPU time)
Setting up auxiliary I and S matrices: done in 3.71933e-05 secs using 102.2% CPU
Constructing RapidNJ tree: done in 1.81198e-05 secs using 99.34% CPU
Computing RapidNJ tree took 0.000112 sec (of wall-clock time) 0.000112 sec (of CPU time)
Log-likelihood of RapidNJ tree: -331.569
--------------------------------------------------------------------
|             INITIALIZING CANDIDATE TREE SET                      |
--------------------------------------------------------------------
Generating 99 parsimony trees... 0.009 second
Computing log-likelihood of 4 initial trees ... 0.001 seconds
Current best score: -331.569

Do NNI search on 5 best initial trees
Optimizing NNI: done in 0.000365973 secs using 199.5% CPU
Optimizing NNI: done in 0.000733852 secs using 199.9% CPU
Optimizing NNI: done in 0.00072813 secs using 200% CPU
Optimizing NNI: done in 0.000763893 secs using 198.8% CPU
Optimizing NNI: done in 0.000751019 secs using 200.1% CPU
Finish initializing candidate tree set (5)
Current best tree score: -331.569 / CPU time: 0.016
Number of iterations: 5
--------------------------------------------------------------------
|               OPTIMIZING CANDIDATE TREE SET                      |
--------------------------------------------------------------------
Optimizing NNI: done in 0.000690937 secs using 198.4% CPU
UPDATE BEST LOG-LIKELIHOOD: -331.569
Optimizing NNI: done in 0.00105715 secs using 199.4% CPU
Optimizing NNI: done in 0.00068593 secs using 200.2% CPU
Optimizing NNI: done in 0.00100613 secs using 200.2% CPU
Optimizing NNI: done in 0.00102305 secs using 199.9% CPU
Iteration 10 / LogL: -331.570 / Time: 0h:0m:0s
Optimizing NNI: done in 0.000681877 secs using 200% CPU
Optimizing NNI: done in 0.000674009 secs using 200% CPU
Optimizing NNI: done in 0.000967979 secs using 200% CPU
Optimizing NNI: done in 0.000675917 secs using 200.2% CPU
Optimizing NNI: done in 0.000677824 secs using 199.9% CPU
Optimizing NNI: done in 0.000681877 secs using 199.9% CPU
Optimizing NNI: done in 0.000640869 secs using 199.9% CPU
UPDATE BEST LOG-LIKELIHOOD: -331.569
Optimizing NNI: done in 0.000690937 secs using 199% CPU
Optimizing NNI: done in 0.000291109 secs using 199.6% CPU
Optimizing NNI: done in 0.000639915 secs using 200% CPU
Iteration 20 / LogL: -331.569 / Time: 0h:0m:0s
Optimizing NNI: done in 0.000684977 secs using 200.3% CPU
Optimizing NNI: done in 0.000688076 secs using 199% CPU
Optimizing NNI: done in 0.0010128 secs using 199.7% CPU
Optimizing NNI: done in 0.00100684 secs using 199.9% CPU
Optimizing NNI: done in 0.00100303 secs using 199.9% CPU
Optimizing NNI: done in 0.000956059 secs using 200% CPU
Optimizing NNI: done in 0.000665903 secs using 199.7% CPU
Optimizing NNI: done in 0.000959873 secs using 200.4% CPU
Optimizing NNI: done in 0.000674963 secs using 199.7% CPU
Optimizing NNI: done in 0.000670195 secs using 199% CPU
Iteration 30 / LogL: -331.570 / Time: 0h:0m:0s (0h:0m:0s left)
Optimizing NNI: done in 0.000997066 secs using 199.8% CPU
Optimizing NNI: done in 0.000674009 secs using 200% CPU
Optimizing NNI: done in 0.000974178 secs using 199.8% CPU
Optimizing NNI: done in 0.000681877 secs using 199.9% CPU
Optimizing NNI: done in 0.00104594 secs using 199.9% CPU
Optimizing NNI: done in 0.00068593 secs using 200.2% CPU
Optimizing NNI: done in 0.000679016 secs using 199.7% CPU
Optimizing NNI: done in 0.000672817 secs using 200.2% CPU
Optimizing NNI: done in 0.00028801 secs using 200.3% CPU
Optimizing NNI: done in 0.000998974 secs using 199.8% CPU
Iteration 40 / LogL: -331.592 / Time: 0h:0m:0s (0h:0m:0s left)
Optimizing NNI: done in 0.000633001 secs using 199.7% CPU
Optimizing NNI: done in 0.000288963 secs using 198.6% CPU
Optimizing NNI: done in 0.000668049 secs using 199.7% CPU
Optimizing NNI: done in 0.000686884 secs using 199.9% CPU
Optimizing NNI: done in 0.000984907 secs using 199.8% CPU
Optimizing NNI: done in 0.000298023 secs using 199% CPU
Optimizing NNI: done in 0.00067997 secs using 199.7% CPU
Optimizing NNI: done in 0.000968933 secs using 199.7% CPU
Optimizing NNI: done in 0.00101113 secs using 199.6% CPU
Optimizing NNI: done in 0.00100183 secs using 200% CPU
Iteration 50 / LogL: -331.592 / Time: 0h:0m:0s (0h:0m:0s left)
Log-likelihood cutoff on original alignment: -339.796
Optimizing NNI: done in 0.00105095 secs using 199.8% CPU
Optimizing NNI: done in 0.000639915 secs using 199.9% CPU
Optimizing NNI: done in 0.000668049 secs using 199.8% CPU
Optimizing NNI: done in 0.000677824 secs using 199.9% CPU
Optimizing NNI: done in 0.000640154 secs using 199.8% CPU
Optimizing NNI: done in 0.000677109 secs using 99.84% CPU
Optimizing NNI: done in 0.00101113 secs using 99.89% CPU
Optimizing NNI: done in 0.00103092 secs using 100% CPU
Optimizing NNI: done in 0.00102305 secs using 99.99% CPU
Optimizing NNI: done in 0.000674963 secs using 100% CPU
Iteration 60 / LogL: -331.570 / Time: 0h:0m:0s (0h:0m:0s left)
Optimizing NNI: done in 0.00103903 secs using 100% CPU
Optimizing NNI: done in 0.00102401 secs using 99.71% CPU
Optimizing NNI: done in 0.000291109 secs using 100.3% CPU
Optimizing NNI: done in 0.00100303 secs using 99.9% CPU
Optimizing NNI: done in 0.000686884 secs using 99.87% CPU
Optimizing NNI: done in 0.00101495 secs using 100% CPU
Optimizing NNI: done in 0.0010159 secs using 100% CPU
Optimizing NNI: done in 0.00067091 secs using 99.86% CPU
Optimizing NNI: done in 0.00101304 secs using 99.9% CPU
Optimizing NNI: done in 0.000666857 secs using 100% CPU
Iteration 70 / LogL: -331.572 / Time: 0h:0m:0s (0h:0m:0s left)
Optimizing NNI: done in 0.000668049 secs using 99.54% CPU
Optimizing NNI: done in 0.000286102 secs using 99.96% CPU
Optimizing NNI: done in 0.000993013 secs using 100% CPU
Optimizing NNI: done in 0.00099206 secs using 99.99% CPU
Optimizing NNI: done in 0.000945807 secs using 100% CPU
Optimizing NNI: done in 0.000658989 secs using 100% CPU
Optimizing NNI: done in 0.000663996 secs using 100% CPU
Optimizing NNI: done in 0.000289917 secs using 100% CPU
Optimizing NNI: done in 0.00104094 secs using 99.62% CPU
Optimizing NNI: done in 0.00100803 secs using 100% CPU
Iteration 80 / LogL: -331.592 / Time: 0h:0m:0s (0h:0m:0s left)
Optimizing NNI: done in 0.00100303 secs using 100% CPU
Optimizing NNI: done in 0.000677109 secs using 99.98% CPU
Optimizing NNI: done in 0.000968933 secs using 99.9% CPU
Optimizing NNI: done in 0.000674009 secs using 100% CPU
Optimizing NNI: done in 0.00102901 secs using 99.9% CPU
Optimizing NNI: done in 0.000665903 secs using 100% CPU
Optimizing NNI: done in 0.00103116 secs using 99.98% CPU
Optimizing NNI: done in 0.000672102 secs using 99.98% CPU
Optimizing NNI: done in 0.00101399 secs using 100% CPU
Optimizing NNI: done in 0.0010469 secs using 99.63% CPU
Iteration 90 / LogL: -331.570 / Time: 0h:0m:0s (0h:0m:0s left)
Optimizing NNI: done in 0.00067687 secs using 100% CPU
Optimizing NNI: done in 0.00102901 secs using 100% CPU
Optimizing NNI: done in 0.00103116 secs using 99.69% CPU
Optimizing NNI: done in 0.000987053 secs using 99.99% CPU
Optimizing NNI: done in 0.000679016 secs using 100% CPU
Optimizing NNI: done in 0.00103092 secs using 100.1% CPU
Optimizing NNI: done in 0.000674009 secs using 100.1% CPU
Optimizing NNI: done in 0.000962973 secs using 100% CPU
Optimizing NNI: done in 0.000669956 secs using 100.2% CPU
Optimizing NNI: done in 0.000673056 secs using 99.99% CPU
Iteration 100 / LogL: -331.570 / Time: 0h:0m:0s (0h:0m:0s left)
Log-likelihood cutoff on original alignment: -339.907
NOTE: Bootstrap correlation coefficient of split occurrence frequencies: 1.000
Optimizing NNI: done in 0.00104094 secs using 100.1% CPU
TREE SEARCH COMPLETED AFTER 101 ITERATIONS / Time: 0h:0m:0s

--------------------------------------------------------------------
|                    FINALIZING TREE SEARCH                        |
--------------------------------------------------------------------
Performs final model parameters optimization
Estimate model parameters (epsilon = 0.010)
1. Initial log-likelihood: -331.569
Optimal log-likelihood: -331.569
Parameters optimization took 1 rounds (0.000 sec)
BEST SCORE FOUND : -331.569

Testing tree branches by SH-like aLRT with 1000 replicates...
0.004 sec.
Creating bootstrap support values...
Split supports printed to NEXUS file ../results/molecular_evolution_analyses/phylogenetic_trees/F14746_ECAN_G1/F14746_ECAN_G1.splits.nex
Total tree length: 0.276

Total number of iterations: 101
CPU time used for tree search: 0.562 sec (0h:0m:0s)
Wall-clock time used for tree search: 0.369 sec (0h:0m:0s)
Total CPU time used: 0.584 sec (0h:0m:0s)
Total wall-clock time used: 0.391 sec (0h:0m:0s)

Computing bootstrap consensus tree...
Reading input file ../results/molecular_evolution_analyses/phylogenetic_trees/F14746_ECAN_G1/F14746_ECAN_G1.splits.nex...
5 taxa and 9 splits.
Consensus tree written to ../results/molecular_evolution_analyses/phylogenetic_trees/F14746_ECAN_G1/F14746_ECAN_G1.contree
Reading input trees file ../results/molecular_evolution_analyses/phylogenetic_trees/F14746_ECAN_G1/F14746_ECAN_G1.contree
Log-likelihood of consensus tree: -331.569

Analysis results written to: 
  IQ-TREE report:                ../results/molecular_evolution_analyses/phylogenetic_trees/F14746_ECAN_G1/F14746_ECAN_G1.iqtree
  Maximum-likelihood tree:       ../results/molecular_evolution_analyses/phylogenetic_trees/F14746_ECAN_G1/F14746_ECAN_G1.treefile
  Likelihood distances:          ../results/molecular_evolution_analyses/phylogenetic_trees/F14746_ECAN_G1/F14746_ECAN_G1.mldist

Ultrafast bootstrap approximation results written to:
  Split support values:          ../results/molecular_evolution_analyses/phylogenetic_trees/F14746_ECAN_G1/F14746_ECAN_G1.splits.nex
  Consensus tree:                ../results/molecular_evolution_analyses/phylogenetic_trees/F14746_ECAN_G1/F14746_ECAN_G1.contree
  Screen log file:               ../results/molecular_evolution_analyses/phylogenetic_trees/F14746_ECAN_G1/F14746_ECAN_G1.log

Date and Time: Wed May  1 12:40:28 2024
