IQ-TREE multicore version 2.2.2.6 COVID-edition for Linux 64-bit built May 27 2023
Developed by Bui Quang Minh, James Barbetti, Nguyen Lam Tung,
Olga Chernomor, Heiko Schmidt, Dominik Schrempf, Michael Woodhams, Ly Trong Nhan.

Host:    lbc5 (AVX2, FMA3, 125 GB RAM)
Command: /home/mauricio/mauricio_PROGRAMAS/iqtree-2.2.2.6-Linux/bin/iqtree2 -s ../results/molecular_evolution_analyses/alignments_gblocks/F71060_MLIG_G1/F71060_MLIG_G1.aln.gblo -m TEST --threads-max 32 --alrt 1000 --ufboot 1000 --prefix ../results/molecular_evolution_analyses/phylogenetic_trees/F71060_MLIG_G1/F71060_MLIG_G1 -keep-ident -redo
Seed:    169456 (Using SPRNG - Scalable Parallel Random Number Generator)
Time:    Wed May  1 11:15:46 2024
Kernel:  AVX+FMA - 1 threads (32 CPU cores detected)

HINT: Use -nt option to specify number of threads because your CPU has 32 cores!
HINT: -nt AUTO will automatically determine the best number of threads to use.

Reading alignment file ../results/molecular_evolution_analyses/alignments_gblocks/F71060_MLIG_G1/F71060_MLIG_G1.aln.gblo ... Fasta format detected
Reading fasta file: done in 0.000128031 secs using 99.19% CPU
Alignment most likely contains protein sequences
Constructing alignment: done in 0.000642061 secs using 99.99% CPU
Alignment has 6 sequences with 680 columns, 168 distinct patterns
301 parsimony-informative, 2 singleton sites, 377 constant sites
            Gap/Ambiguity  Composition  p-value
Analyzing sequences: done in 1.00136e-05 secs using 99.86% CPU
   1  Mlig.16288    0.00%    passed     98.01%
   2  Mlig.40362    0.00%    passed     98.74%
   3  Mlig.40361    0.00%    passed     99.14%
   4  Mlig.30775    0.00%    passed     98.78%
   5  Mlig.30774    0.00%    passed     98.78%
   6  Mlig.30776    0.00%    passed     98.63%
****  TOTAL         0.00%  0 sequences failed composition chi2 test (p-value<5%; df=19)


Create initial parsimony tree by phylogenetic likelihood library (PLL)... 0.000 seconds
Perform fast likelihood tree search using LG+I+G model...
Estimate model parameters (epsilon = 5.000)
Perform nearest neighbor interchange...
Optimizing NNI: done in 0.00838709 secs using 99.95% CPU
Estimate model parameters (epsilon = 1.000)
1. Initial log-likelihood: -3171.358
Optimal log-likelihood: -3170.571
Proportion of invariable sites: 0.288
Gamma shape alpha: 998.353
Parameters optimization took 1 rounds (0.008 sec)
Time for fast ML tree search: 0.038 seconds

NOTE: ModelFinder requires 1 MB RAM!
ModelFinder will test up to 224 protein models (sample size: 680) ...
 No. Model         -LnL         df  AIC          AICc         BIC
  1  LG            3173.159     9   6364.319     6364.588     6405.018
  2  LG+I          3170.237     10  6360.474     6360.803     6405.695
  3  LG+G4         3170.413     10  6360.827     6361.156     6406.048
  4  LG+I+G4       3170.474     11  6362.948     6363.343     6412.691
  5  LG+F          3086.334     28  6228.669     6231.164     6355.288
  6  LG+F+I        3084.527     29  6227.053     6229.730     6358.194
  7  LG+F+G4       3084.747     29  6227.494     6230.171     6358.635
  8  LG+F+I+G4     3085.049     30  6230.098     6232.964     6365.761
  9  WAG           3163.472     9   6344.945     6345.214     6385.644
 10  WAG+I         3163.093     10  6346.186     6346.515     6391.407
 11  WAG+G4        3163.216     10  6346.431     6346.760     6391.652
 12  WAG+I+G4      3164.036     11  6350.072     6350.468     6399.815
 13  WAG+F         3091.515     28  6239.030     6241.525     6365.649
 14  WAG+F+I       3091.433     29  6240.867     6243.544     6372.008
 15  WAG+F+G4      3091.506     29  6241.012     6243.689     6372.152
 16  WAG+F+I+G4    3092.585     30  6245.171     6248.037     6380.834
 17  JTT           3178.993     9   6375.986     6376.255     6416.685
 18  JTT+I         3174.646     10  6369.291     6369.620     6414.512
 19  JTT+G4        3174.842     10  6369.685     6370.014     6414.906
 20  JTT+I+G4      3174.667     11  6371.334     6371.730     6421.077
 21  JTT+F         3106.201     28  6268.402     6270.896     6395.020
 22  JTT+F+I       3102.437     29  6262.873     6265.550     6394.014
 23  JTT+F+G4      3102.704     29  6263.409     6266.085     6394.549
 24  JTT+F+I+G4    3102.564     30  6265.129     6267.995     6400.792
WARNING: Normalizing state frequencies so that sum of them equals to 1
 25  Q.pfam        3153.428     9   6324.856     6325.125     6365.555
WARNING: Normalizing state frequencies so that sum of them equals to 1
 26  Q.pfam+I      3152.145     10  6324.289     6324.618     6369.510
WARNING: Normalizing state frequencies so that sum of them equals to 1
 27  Q.pfam+G4     3152.335     10  6324.669     6324.998     6369.890
WARNING: Normalizing state frequencies so that sum of them equals to 1
 28  Q.pfam+I+G4   3152.767     11  6327.533     6327.929     6377.276
WARNING: Normalizing state frequencies so that sum of them equals to 1
 29  Q.pfam+F      3084.165     28  6224.330     6226.824     6350.948
WARNING: Normalizing state frequencies so that sum of them equals to 1
 30  Q.pfam+F+I    3083.541     29  6225.082     6227.759     6356.223
WARNING: Normalizing state frequencies so that sum of them equals to 1
 31  Q.pfam+F+G4   3083.658     29  6225.316     6227.993     6356.457
WARNING: Normalizing state frequencies so that sum of them equals to 1
 32  Q.pfam+F+I+G4 3084.317     30  6228.634     6231.500     6364.297
WARNING: Normalizing state frequencies so that sum of them equals to 1
 33  Q.bird        3221.004     9   6460.007     6460.276     6500.706
WARNING: Normalizing state frequencies so that sum of them equals to 1
 34  Q.bird+I      3195.869     10  6411.738     6412.067     6456.959
WARNING: Normalizing state frequencies so that sum of them equals to 1
 35  Q.bird+G4     3195.918     10  6411.836     6412.165     6457.057
WARNING: Normalizing state frequencies so that sum of them equals to 1
 36  Q.bird+I+G4   3195.663     11  6413.327     6413.722     6463.070
WARNING: Normalizing state frequencies so that sum of them equals to 1
 37  Q.bird+F      3145.898     28  6347.796     6350.290     6474.414
WARNING: Normalizing state frequencies so that sum of them equals to 1
 38  Q.bird+F+I    3120.240     29  6298.480     6301.157     6429.621
WARNING: Normalizing state frequencies so that sum of them equals to 1
 39  Q.bird+F+G4   3119.576     29  6297.152     6299.829     6428.292
WARNING: Normalizing state frequencies so that sum of them equals to 1
 40  Q.bird+F+I+G4 3119.453     30  6298.906     6301.772     6434.569
WARNING: Normalizing state frequencies so that sum of them equals to 1
 41  Q.mammal      3203.803     9   6425.605     6425.874     6466.304
WARNING: Normalizing state frequencies so that sum of them equals to 1
 42  Q.mammal+I    3188.927     10  6397.853     6398.182     6443.074
WARNING: Normalizing state frequencies so that sum of them equals to 1
 43  Q.mammal+G4   3189.263     10  6398.525     6398.854     6443.746
WARNING: Normalizing state frequencies so that sum of them equals to 1
 44  Q.mammal+I+G4 3188.974     11  6399.947     6400.342     6449.690
WARNING: Normalizing state frequencies so that sum of them equals to 1
 45  Q.mammal+F    3130.006     28  6316.012     6318.506     6442.630
WARNING: Normalizing state frequencies so that sum of them equals to 1
 46  Q.mammal+F+I  3114.965     29  6287.930     6290.607     6419.071
WARNING: Normalizing state frequencies so that sum of them equals to 1
 47  Q.mammal+F+G4 3114.936     29  6287.873     6290.550     6419.013
WARNING: Normalizing state frequencies so that sum of them equals to 1
 48  Q.mammal+F+I+G4 3114.764     30  6289.528     6292.394     6425.191
 49  Q.insect      3217.966     9   6453.931     6454.200     6494.630
 50  Q.insect+I    3213.957     10  6447.915     6448.244     6493.136
 51  Q.insect+G4   3214.239     10  6448.478     6448.807     6493.699
 52  Q.insect+I+G4 3213.980     11  6449.960     6450.355     6499.703
 53  Q.insect+F    3093.686     28  6243.372     6245.867     6369.991
 54  Q.insect+F+I  3090.634     29  6239.268     6241.945     6370.409
 55  Q.insect+F+G4 3090.792     29  6239.583     6242.260     6370.724
 56  Q.insect+F+I+G4 3090.869     30  6241.739     6244.605     6377.401
WARNING: Normalizing state frequencies so that sum of them equals to 1
 57  Q.plant       3194.487     9   6406.975     6407.243     6447.674
WARNING: Normalizing state frequencies so that sum of them equals to 1
 58  Q.plant+I     3176.689     10  6373.379     6373.708     6418.600
WARNING: Normalizing state frequencies so that sum of them equals to 1
 59  Q.plant+G4    3177.118     10  6374.235     6374.564     6419.456
WARNING: Normalizing state frequencies so that sum of them equals to 1
 60  Q.plant+I+G4  3176.755     11  6375.511     6375.906     6425.254
WARNING: Normalizing state frequencies so that sum of them equals to 1
 61  Q.plant+F     3114.525     28  6285.050     6287.545     6411.669
WARNING: Normalizing state frequencies so that sum of them equals to 1
 62  Q.plant+F+I   3099.978     29  6257.956     6260.633     6389.097
WARNING: Normalizing state frequencies so that sum of them equals to 1
 63  Q.plant+F+G4  3099.702     29  6257.404     6260.081     6388.545
WARNING: Normalizing state frequencies so that sum of them equals to 1
 64  Q.plant+F+I+G4 3099.704     30  6259.408     6262.274     6395.071
WARNING: Normalizing state frequencies so that sum of them equals to 1
 65  Q.yeast       3229.836     9   6477.671     6477.940     6518.370
WARNING: Normalizing state frequencies so that sum of them equals to 1
 66  Q.yeast+I     3225.946     10  6471.892     6472.221     6517.113
WARNING: Normalizing state frequencies so that sum of them equals to 1
 67  Q.yeast+G4    3225.949     10  6471.897     6472.226     6517.118
WARNING: Normalizing state frequencies so that sum of them equals to 1
 68  Q.yeast+I+G4  3226.004     11  6474.007     6474.403     6523.750
WARNING: Normalizing state frequencies so that sum of them equals to 1
 69  Q.yeast+F     3090.479     28  6236.958     6239.453     6363.577
WARNING: Normalizing state frequencies so that sum of them equals to 1
 70  Q.yeast+F+I   3087.605     29  6233.210     6235.887     6364.351
WARNING: Normalizing state frequencies so that sum of them equals to 1
 71  Q.yeast+F+G4  3087.659     29  6233.319     6235.996     6364.459
WARNING: Normalizing state frequencies so that sum of them equals to 1
 72  Q.yeast+F+I+G4 3087.977     30  6235.953     6238.819     6371.616
 73  JTTDCMut      3179.639     9   6377.277     6377.546     6417.976
 74  JTTDCMut+I    3175.157     10  6370.314     6370.643     6415.535
 75  JTTDCMut+G4   3175.368     10  6370.735     6371.064     6415.956
 76  JTTDCMut+I+G4 3175.173     11  6372.347     6372.742     6422.090
 77  JTTDCMut+F    3106.750     28  6269.501     6271.995     6396.119
 78  JTTDCMut+F+I  3102.897     29  6263.793     6266.470     6394.934
 79  JTTDCMut+F+G4 3103.177     29  6264.355     6267.032     6395.495
 80  JTTDCMut+F+I+G4 3103.017     30  6266.034     6268.900     6401.697
 81  DCMut         3200.491     9   6418.981     6419.250     6459.680
 82  DCMut+I       3192.384     10  6404.768     6405.097     6449.989
 83  DCMut+G4      3192.611     10  6405.223     6405.552     6450.444
 84  DCMut+I+G4    3192.389     11  6406.778     6407.173     6456.521
 85  DCMut+F       3119.293     28  6294.585     6297.080     6421.204
 86  DCMut+F+I     3110.421     29  6278.843     6281.520     6409.983
 87  DCMut+F+G4    3110.611     29  6279.221     6281.898     6410.362
 88  DCMut+F+I+G4  3110.414     30  6280.828     6283.694     6416.491
 89  VT            3167.606     9   6353.213     6353.481     6393.912
 90  VT+I          3167.606     10  6355.213     6355.542     6400.434
 91  VT+G4         3167.610     10  6355.221     6355.550     6400.442
 92  VT+I+G4       3169.778     11  6361.556     6361.951     6411.299
 93  VT+F          3089.396     28  6234.793     6237.287     6361.411
 94  VT+F+I        3089.396     29  6236.793     6239.470     6367.933
 95  VT+F+G4       3089.402     29  6236.803     6239.480     6367.944
 96  VT+F+I+G4     3091.632     30  6243.263     6246.129     6378.926
 97  PMB           3177.651     9   6373.301     6373.570     6414.000
 98  PMB+I         3177.651     10  6375.301     6375.630     6420.522
 99  PMB+G4        3177.656     10  6375.312     6375.641     6420.533
100  PMB+I+G4      3179.886     11  6381.773     6382.168     6431.516
101  PMB+F         3098.646     28  6253.292     6255.787     6379.911
102  PMB+F+I       3098.646     29  6255.292     6257.969     6386.433
103  PMB+F+G4      3098.652     29  6255.305     6257.982     6386.446
104  PMB+F+I+G4    3100.900     30  6261.800     6264.666     6397.463
105  Blosum62      3183.200     9   6384.400     6384.668     6425.098
106  Blosum62+I    3183.200     10  6386.400     6386.728     6431.621
107  Blosum62+G4   3183.204     10  6386.408     6386.737     6431.629
108  Blosum62+I+G4 3185.380     11  6392.759     6393.154     6442.502
109  Blosum62+F    3095.859     28  6247.719     6250.214     6374.338
110  Blosum62+F+I  3095.859     29  6249.719     6252.396     6380.860
111  Blosum62+F+G4 3095.865     29  6249.730     6252.407     6380.870
112  Blosum62+F+I+G4 3097.990     30  6255.980     6258.846     6391.643
113  Dayhoff       3200.579     9   6419.158     6419.427     6459.857
114  Dayhoff+I     3192.295     10  6404.589     6404.918     6449.810
115  Dayhoff+G4    3192.536     10  6405.072     6405.401     6450.293
116  Dayhoff+I+G4  3192.301     11  6406.603     6406.998     6456.346
117  Dayhoff+F     3119.376     28  6294.753     6297.247     6421.371
118  Dayhoff+F+I   3110.331     29  6278.661     6281.338     6409.802
119  Dayhoff+F+G4  3110.536     29  6279.071     6281.748     6410.212
120  Dayhoff+F+I+G4 3110.325     30  6280.650     6283.516     6416.312
121  mtREV         3414.125     9   6846.251     6846.519     6886.949
122  mtREV+I       3372.641     10  6765.283     6765.611     6810.503
123  mtREV+G4      3372.930     10  6765.859     6766.188     6811.080
124  mtREV+I+G4    3372.176     11  6766.353     6766.748     6816.096
125  mtREV+F       3137.369     28  6330.739     6333.234     6457.358
126  mtREV+F+I     3113.573     29  6285.145     6287.822     6416.286
127  mtREV+F+G4    3113.566     29  6285.132     6287.809     6416.273
128  mtREV+F+I+G4  3113.210     30  6286.420     6289.286     6422.083
129  mtART         3462.635     9   6943.270     6943.539     6983.969
130  mtART+I       3387.652     10  6795.304     6795.633     6840.525
131  mtART+G4      3379.713     10  6779.427     6779.756     6824.648
132  mtART+I+G4    3379.972     11  6781.944     6782.339     6831.687
133  mtART+F       3186.771     28  6429.541     6432.036     6556.160
134  mtART+F+I     3131.339     29  6320.678     6323.355     6451.819
135  mtART+F+G4    3118.986     29  6295.971     6298.648     6427.112
136  mtART+F+I+G4  3120.446     30  6300.892     6303.758     6436.555
137  mtZOA         3364.738     9   6747.476     6747.744     6788.175
138  mtZOA+I       3319.774     10  6659.548     6659.877     6704.769
139  mtZOA+G4      3316.037     10  6652.073     6652.402     6697.294
140  mtZOA+I+G4    3316.138     11  6654.277     6654.672     6704.020
141  mtZOA+F       3148.795     28  6353.589     6356.084     6480.208
142  mtZOA+F+I     3116.304     29  6290.608     6293.285     6421.749
143  mtZOA+F+G4    3110.888     29  6279.776     6282.453     6410.917
144  mtZOA+F+I+G4  3111.683     30  6283.367     6286.232     6419.029
145  mtMet         3473.822     9   6965.645     6965.913     7006.344
146  mtMet+I       3436.447     10  6892.893     6893.222     6938.114
147  mtMet+G4      3435.974     10  6891.948     6892.277     6937.169
148  mtMet+I+G4    3435.531     11  6893.062     6893.457     6942.805
149  mtMet+F       3139.463     28  6334.925     6337.420     6461.544
150  mtMet+F+I     3114.972     29  6287.944     6290.621     6419.084
151  mtMet+F+G4    3112.689     29  6283.377     6286.054     6414.518
152  mtMet+F+I+G4  3113.004     30  6286.009     6288.875     6421.672
153  mtVer         3469.100     9   6956.201     6956.470     6996.900
154  mtVer+I       3407.370     10  6834.740     6835.069     6879.961
155  mtVer+G4      3406.918     10  6833.837     6834.166     6879.058
156  mtVer+I+G4    3406.177     11  6834.354     6834.750     6884.097
157  mtVer+F       3161.852     28  6379.705     6382.200     6506.323
158  mtVer+F+I     3125.030     29  6308.060     6310.737     6439.201
159  mtVer+F+G4    3121.771     29  6301.542     6304.219     6432.682
160  mtVer+F+I+G4  3122.039     30  6304.077     6306.943     6439.740
161  mtInv         3518.214     9   7054.428     7054.696     7095.127
162  mtInv+I       3495.836     10  7011.671     7012.000     7056.892
163  mtInv+G4      3495.782     10  7011.563     7011.892     7056.784
164  mtInv+I+G4    3495.507     11  7013.013     7013.408     7062.756
165  mtInv+F       3125.065     28  6306.131     6308.625     6432.749
166  mtInv+F+I     3109.641     29  6277.281     6279.958     6408.422
167  mtInv+F+G4    3108.287     29  6274.575     6277.252     6405.715
168  mtInv+F+I+G4  3108.690     30  6277.379     6280.245     6413.042
169  mtMAM         3485.418     9   6988.835     6989.104     7029.534
170  mtMAM+I       3392.969     10  6805.938     6806.267     6851.159
171  mtMAM+G4      3386.394     10  6792.788     6793.116     6838.009
172  mtMAM+I+G4    3386.301     11  6794.601     6794.996     6844.344
173  mtMAM+F       3181.013     28  6418.027     6420.522     6544.646
174  mtMAM+F+I     3128.315     29  6314.630     6317.307     6445.771
175  mtMAM+F+G4    3121.986     29  6301.971     6304.648     6433.112
176  mtMAM+F+I+G4  3122.528     30  6305.056     6307.922     6440.719
WARNING: Normalizing state frequencies so that sum of them equals to 1
177  FLAVI         3287.035     9   6592.070     6592.338     6632.768
WARNING: Normalizing state frequencies so that sum of them equals to 1
178  FLAVI+I       3230.664     10  6481.328     6481.657     6526.549
WARNING: Normalizing state frequencies so that sum of them equals to 1
179  FLAVI+G4      3228.785     10  6477.570     6477.899     6522.791
WARNING: Normalizing state frequencies so that sum of them equals to 1
180  FLAVI+I+G4    3228.538     11  6479.075     6479.471     6528.818
WARNING: Normalizing state frequencies so that sum of them equals to 1
181  FLAVI+F       3180.066     28  6416.133     6418.627     6542.751
WARNING: Normalizing state frequencies so that sum of them equals to 1
182  FLAVI+F+I     3133.403     29  6324.806     6327.483     6455.947
WARNING: Normalizing state frequencies so that sum of them equals to 1
183  FLAVI+F+G4    3130.344     29  6318.687     6321.364     6449.828
WARNING: Normalizing state frequencies so that sum of them equals to 1
184  FLAVI+F+I+G4  3130.425     30  6320.849     6323.715     6456.512
185  HIVb          3269.777     9   6557.553     6557.822     6598.252
186  HIVb+I        3235.506     10  6491.012     6491.341     6536.233
187  HIVb+G4       3237.272     10  6494.544     6494.873     6539.765
188  HIVb+I+G4     3236.320     11  6494.641     6495.036     6544.384
189  HIVb+F        3150.584     28  6357.168     6359.663     6483.787
190  HIVb+F+I      3121.339     29  6300.678     6303.355     6431.819
191  HIVb+F+G4     3121.011     29  6300.022     6302.699     6431.163
192  HIVb+F+I+G4   3120.723     30  6301.445     6304.311     6437.108
193  HIVw          3432.964     9   6883.928     6884.197     6924.627
194  HIVw+I        3379.048     10  6778.097     6778.426     6823.318
195  HIVw+G4       3372.946     10  6765.891     6766.220     6811.112
196  HIVw+I+G4     3373.247     11  6768.493     6768.889     6818.236
197  HIVw+F        3204.112     28  6464.224     6466.719     6590.843
198  HIVw+F+I      3157.756     29  6373.512     6376.189     6504.652
199  HIVw+F+G4     3151.286     29  6360.572     6363.248     6491.712
200  HIVw+F+I+G4   3151.861     30  6363.722     6366.588     6499.385
201  FLU           3302.322     9   6622.644     6622.913     6663.343
202  FLU+I         3273.491     10  6566.982     6567.311     6612.203
203  FLU+G4        3273.992     10  6567.984     6568.313     6613.205
204  FLU+I+G4      3273.424     11  6568.849     6569.244     6618.592
205  FLU+F         3144.738     28  6345.476     6347.971     6472.095
206  FLU+F+I       3125.399     29  6308.799     6311.476     6439.940
207  FLU+F+G4      3124.280     29  6306.560     6309.237     6437.700
208  FLU+F+I+G4    3124.456     30  6308.913     6311.779     6444.575
209  rtREV         3229.138     9   6476.275     6476.544     6516.974
210  rtREV+I       3226.445     10  6472.890     6473.219     6518.111
211  rtREV+G4      3226.614     10  6473.228     6473.557     6518.449
212  rtREV+I+G4    3226.817     11  6475.635     6476.030     6525.378
213  rtREV+F       3086.117     28  6228.234     6230.729     6354.853
214  rtREV+F+I     3084.308     29  6226.615     6229.292     6357.756
215  rtREV+F+G4    3084.555     29  6227.111     6229.788     6358.252
216  rtREV+F+I+G4  3084.848     30  6229.695     6232.561     6365.358
217  cpREV         3198.351     9   6414.702     6414.971     6455.401
218  cpREV+I       3191.805     10  6403.609     6403.938     6448.830
219  cpREV+G4      3193.084     10  6406.167     6406.496     6451.388
220  cpREV+I+G4    3191.810     11  6405.620     6406.015     6455.363
221  cpREV+F       3103.093     28  6262.187     6264.681     6388.805
222  cpREV+F+I     3098.638     29  6255.276     6257.952     6386.416
223  cpREV+F+G4    3099.543     29  6257.086     6259.763     6388.227
224  cpREV+F+I+G4  3098.805     30  6257.611     6260.477     6393.273
Akaike Information Criterion:           Q.pfam+F
Corrected Akaike Information Criterion: Q.pfam+F
Bayesian Information Criterion:         Q.pfam+F
Best-fit model: Q.pfam+F chosen according to BIC

All model information printed to ../results/molecular_evolution_analyses/phylogenetic_trees/F71060_MLIG_G1/F71060_MLIG_G1.model.gz
CPU time for ModelFinder: 3.902 seconds (0h:0m:3s)
Wall-clock time for ModelFinder: 3.907 seconds (0h:0m:3s)
Generating 1000 samples for ultrafast bootstrap (seed: 169456)...
WARNING: Normalizing state frequencies so that sum of them equals to 1

NOTE: 0 MB RAM (0 GB) is required!
Estimate model parameters (epsilon = 0.100)
1. Initial log-likelihood: -3084.165
Optimal log-likelihood: -3084.165
Parameters optimization took 1 rounds (0.001 sec)
Wrote distance file to... 
Computing ML distances based on estimated model parameters...
Calculating distance matrix: done in 0.001333 secs using 99.4% CPU
Computing ML distances took 0.001359 sec (of wall-clock time) 0.001352 sec (of CPU time)
Setting up auxiliary I and S matrices: done in 3.91006e-05 secs using 102.3% CPU
Constructing RapidNJ tree: done in 2.40803e-05 secs using 99.67% CPU
Computing RapidNJ tree took 0.000123 sec (of wall-clock time) 0.000122 sec (of CPU time)
Log-likelihood of RapidNJ tree: -3084.167
--------------------------------------------------------------------
|             INITIALIZING CANDIDATE TREE SET                      |
--------------------------------------------------------------------
Generating 98 parsimony trees... 0.022 second
Computing log-likelihood of 19 initial trees ... 0.007 seconds
Current best score: -3084.164

Do NNI search on 20 best initial trees
Optimizing NNI: done in 0.0015831 secs using 199.9% CPU
Estimate model parameters (epsilon = 0.100)
BETTER TREE FOUND at iteration 1: -3084.164
Optimizing NNI: done in 0.00128603 secs using 200.2% CPU
Optimizing NNI: done in 0.00155997 secs using 199.7% CPU
Optimizing NNI: done in 0.00277615 secs using 200% CPU
Optimizing NNI: done in 0.00278187 secs using 199.9% CPU
Optimizing NNI: done in 0.00281191 secs using 199.8% CPU
Optimizing NNI: done in 0.00280881 secs using 200.1% CPU
Optimizing NNI: done in 0.00280595 secs using 200% CPU
Optimizing NNI: done in 0.00283599 secs using 200.1% CPU
Optimizing NNI: done in 0.00476718 secs using 199.9% CPU
Iteration 10 / LogL: -3084.165 / Time: 0h:0m:0s
Optimizing NNI: done in 0.00482082 secs using 200% CPU
Optimizing NNI: done in 0.00595784 secs using 200% CPU
Optimizing NNI: done in 0.00590587 secs using 200% CPU
Optimizing NNI: done in 0.00449109 secs using 200% CPU
Optimizing NNI: done in 0.00455093 secs using 199.8% CPU
Optimizing NNI: done in 0.00450206 secs using 200% CPU
Optimizing NNI: done in 0.00449896 secs using 199.9% CPU
Optimizing NNI: done in 0.00326204 secs using 77.34% CPU
Optimizing NNI: done in 0.00329113 secs using 199.7% CPU
Optimizing NNI: done in 0.0044198 secs using 199.9% CPU
Iteration 20 / LogL: -3084.268 / Time: 0h:0m:0s
Finish initializing candidate tree set (1)
Current best tree score: -3084.164 / CPU time: 0.107
Number of iterations: 20
--------------------------------------------------------------------
|               OPTIMIZING CANDIDATE TREE SET                      |
--------------------------------------------------------------------
Optimizing NNI: done in 0.00304198 secs using 199.9% CPU
UPDATE BEST LOG-LIKELIHOOD: -3084.164
Optimizing NNI: done in 0.00297999 secs using 199.8% CPU
Optimizing NNI: done in 0.00148702 secs using 200.1% CPU
Optimizing NNI: done in 0.00293708 secs using 200% CPU
Optimizing NNI: done in 0.0044961 secs using 200% CPU
Optimizing NNI: done in 0.00146604 secs using 199.9% CPU
Optimizing NNI: done in 0.0014751 secs using 199.9% CPU
Optimizing NNI: done in 0.00447202 secs using 200% CPU
Optimizing NNI: done in 0.0029211 secs using 199.9% CPU
Optimizing NNI: done in 0.00300002 secs using 200% CPU
UPDATE BEST LOG-LIKELIHOOD: -3084.164
Iteration 30 / LogL: -3084.164 / Time: 0h:0m:0s (0h:0m:0s left)
Optimizing NNI: done in 0.00150418 secs using 199.6% CPU
UPDATE BEST LOG-LIKELIHOOD: -3084.164
Optimizing NNI: done in 0.003016 secs using 199.7% CPU
Optimizing NNI: done in 0.0029161 secs using 200% CPU
Optimizing NNI: done in 0.00299692 secs using 200% CPU
Optimizing NNI: done in 0.00149322 secs using 199.6% CPU
Optimizing NNI: done in 0.00455093 secs using 111.9% CPU
Optimizing NNI: done in 0.00261497 secs using 99.85% CPU
Optimizing NNI: done in 0.00457406 secs using 100% CPU
Optimizing NNI: done in 0.00294304 secs using 99.86% CPU
Optimizing NNI: done in 0.00291896 secs using 100% CPU
Iteration 40 / LogL: -3084.164 / Time: 0h:0m:0s (0h:0m:0s left)
Optimizing NNI: done in 0.00291991 secs using 99.9% CPU
Optimizing NNI: done in 0.00149798 secs using 100% CPU
Optimizing NNI: done in 0.00148582 secs using 100% CPU
Optimizing NNI: done in 0.0014739 secs using 100% CPU
Optimizing NNI: done in 0.00293994 secs using 99.93% CPU
Optimizing NNI: done in 0.00293279 secs using 100% CPU
Optimizing NNI: done in 0.00301909 secs using 99.96% CPU
Optimizing NNI: done in 0.00149322 secs using 99.99% CPU
Optimizing NNI: done in 0.00150204 secs using 99.8% CPU
Optimizing NNI: done in 0.00300813 secs using 99.96% CPU
Iteration 50 / LogL: -3084.164 / Time: 0h:0m:0s (0h:0m:0s left)
Log-likelihood cutoff on original alignment: -3091.421
Optimizing NNI: done in 0.00153208 secs using 99.73% CPU
Optimizing NNI: done in 0.00454307 secs using 100% CPU
Optimizing NNI: done in 0.00262094 secs using 99.85% CPU
Optimizing NNI: done in 0.00148702 secs using 100% CPU
Optimizing NNI: done in 0.00147986 secs using 100% CPU
Optimizing NNI: done in 0.00146198 secs using 99.93% CPU
Optimizing NNI: done in 0.00445509 secs using 100% CPU
Optimizing NNI: done in 0.00148606 secs using 100% CPU
Optimizing NNI: done in 0.00148106 secs using 99.93% CPU
Optimizing NNI: done in 0.001472 secs using 100% CPU
Iteration 60 / LogL: -3084.164 / Time: 0h:0m:0s (0h:0m:0s left)
Optimizing NNI: done in 0.00291491 secs using 99.87% CPU
Optimizing NNI: done in 0.00146198 secs using 100% CPU
Optimizing NNI: done in 0.00289989 secs using 100% CPU
Optimizing NNI: done in 0.00447702 secs using 100% CPU
Optimizing NNI: done in 0.00255108 secs using 100% CPU
Optimizing NNI: done in 0.003016 secs using 100% CPU
Optimizing NNI: done in 0.0029211 secs using 100% CPU
Optimizing NNI: done in 0.00291109 secs using 99.86% CPU
Optimizing NNI: done in 0.00292015 secs using 99.96% CPU
Optimizing NNI: done in 0.00448203 secs using 100% CPU
Iteration 70 / LogL: -3084.165 / Time: 0h:0m:0s (0h:0m:0s left)
Optimizing NNI: done in 0.0025661 secs using 99.96% CPU
Optimizing NNI: done in 0.00146914 secs using 99.99% CPU
Optimizing NNI: done in 0.002918 secs using 100% CPU
Optimizing NNI: done in 0.00290108 secs using 100% CPU
Optimizing NNI: done in 0.00146914 secs using 99.99% CPU
Optimizing NNI: done in 0.00146914 secs using 99.99% CPU
Optimizing NNI: done in 0.00303102 secs using 100% CPU
Optimizing NNI: done in 0.00150108 secs using 99.93% CPU
Optimizing NNI: done in 0.00151396 secs using 99.94% CPU
Optimizing NNI: done in 0.00149012 secs using 99.99% CPU
Iteration 80 / LogL: -3084.164 / Time: 0h:0m:0s (0h:0m:0s left)
Optimizing NNI: done in 0.00301194 secs using 100% CPU
Optimizing NNI: done in 0.00146198 secs using 100.1% CPU
Optimizing NNI: done in 0.00146818 secs using 99.65% CPU
Optimizing NNI: done in 0.00146413 secs using 99.99% CPU
Optimizing NNI: done in 0.00446415 secs using 99.93% CPU
Optimizing NNI: done in 0.00447917 secs using 100% CPU
Optimizing NNI: done in 0.00449705 secs using 99.93% CPU
Optimizing NNI: done in 0.00257993 secs using 99.89% CPU
Optimizing NNI: done in 0.0030129 secs using 100% CPU
Optimizing NNI: done in 0.00447702 secs using 100% CPU
Iteration 90 / LogL: -3084.165 / Time: 0h:0m:0s (0h:0m:0s left)
Optimizing NNI: done in 0.00148988 secs using 99.94% CPU
Optimizing NNI: done in 0.00451398 secs using 100% CPU
Optimizing NNI: done in 0.00147796 secs using 100.1% CPU
Optimizing NNI: done in 0.00149012 secs using 99.99% CPU
Optimizing NNI: done in 0.00293112 secs using 100% CPU
Optimizing NNI: done in 0.00295305 secs using 99.9% CPU
Optimizing NNI: done in 0.00295401 secs using 100% CPU
Optimizing NNI: done in 0.00290704 secs using 100% CPU
Optimizing NNI: done in 0.00146103 secs using 100.1% CPU
Optimizing NNI: done in 0.00147009 secs using 99.93% CPU
Iteration 100 / LogL: -3084.164 / Time: 0h:0m:0s (0h:0m:0s left)
Log-likelihood cutoff on original alignment: -3091.421
NOTE: Bootstrap correlation coefficient of split occurrence frequencies: 0.996
Optimizing NNI: done in 0.00152493 secs using 100% CPU
Optimizing NNI: done in 0.00146484 secs using 100% CPU
TREE SEARCH COMPLETED AFTER 102 ITERATIONS / Time: 0h:0m:0s

--------------------------------------------------------------------
|                    FINALIZING TREE SEARCH                        |
--------------------------------------------------------------------
Performs final model parameters optimization
Estimate model parameters (epsilon = 0.010)
1. Initial log-likelihood: -3084.164
Optimal log-likelihood: -3084.164
Parameters optimization took 1 rounds (0.001 sec)
BEST SCORE FOUND : -3084.164

Testing tree branches by SH-like aLRT with 1000 replicates...
0.042 sec.
Creating bootstrap support values...
Split supports printed to NEXUS file ../results/molecular_evolution_analyses/phylogenetic_trees/F71060_MLIG_G1/F71060_MLIG_G1.splits.nex
Total tree length: 0.669

Total number of iterations: 102
CPU time used for tree search: 0.750 sec (0h:0m:0s)
Wall-clock time used for tree search: 0.562 sec (0h:0m:0s)
Total CPU time used: 0.827 sec (0h:0m:0s)
Total wall-clock time used: 0.638 sec (0h:0m:0s)

Computing bootstrap consensus tree...
Reading input file ../results/molecular_evolution_analyses/phylogenetic_trees/F71060_MLIG_G1/F71060_MLIG_G1.splits.nex...
6 taxa and 13 splits.
Consensus tree written to ../results/molecular_evolution_analyses/phylogenetic_trees/F71060_MLIG_G1/F71060_MLIG_G1.contree
Reading input trees file ../results/molecular_evolution_analyses/phylogenetic_trees/F71060_MLIG_G1/F71060_MLIG_G1.contree
Log-likelihood of consensus tree: -3084.169

Analysis results written to: 
  IQ-TREE report:                ../results/molecular_evolution_analyses/phylogenetic_trees/F71060_MLIG_G1/F71060_MLIG_G1.iqtree
  Maximum-likelihood tree:       ../results/molecular_evolution_analyses/phylogenetic_trees/F71060_MLIG_G1/F71060_MLIG_G1.treefile
  Likelihood distances:          ../results/molecular_evolution_analyses/phylogenetic_trees/F71060_MLIG_G1/F71060_MLIG_G1.mldist

Ultrafast bootstrap approximation results written to:
  Split support values:          ../results/molecular_evolution_analyses/phylogenetic_trees/F71060_MLIG_G1/F71060_MLIG_G1.splits.nex
  Consensus tree:                ../results/molecular_evolution_analyses/phylogenetic_trees/F71060_MLIG_G1/F71060_MLIG_G1.contree
  Screen log file:               ../results/molecular_evolution_analyses/phylogenetic_trees/F71060_MLIG_G1/F71060_MLIG_G1.log

Date and Time: Wed May  1 11:15:50 2024
