IQ-TREE multicore version 2.2.2.6 COVID-edition for Linux 64-bit built May 27 2023
Developed by Bui Quang Minh, James Barbetti, Nguyen Lam Tung,
Olga Chernomor, Heiko Schmidt, Dominik Schrempf, Michael Woodhams, Ly Trong Nhan.

Host:    lbc5 (AVX2, FMA3, 125 GB RAM)
Command: /home/mauricio/mauricio_PROGRAMAS/iqtree-2.2.2.6-Linux/bin/iqtree2 -s ../results/molecular_evolution_analyses/alignments_gblocks/F113058_MLIG_G1/F113058_MLIG_G1.aln.gblo -m TEST --threads-max 32 --alrt 1000 --ufboot 1000 --prefix ../results/molecular_evolution_analyses/phylogenetic_trees/F113058_MLIG_G1/F113058_MLIG_G1 -keep-ident -redo
Seed:    976159 (Using SPRNG - Scalable Parallel Random Number Generator)
Time:    Wed May  1 10:42:54 2024
Kernel:  AVX+FMA - 1 threads (32 CPU cores detected)

HINT: Use -nt option to specify number of threads because your CPU has 32 cores!
HINT: -nt AUTO will automatically determine the best number of threads to use.

Reading alignment file ../results/molecular_evolution_analyses/alignments_gblocks/F113058_MLIG_G1/F113058_MLIG_G1.aln.gblo ... Fasta format detected
Reading fasta file: done in 0.000108004 secs using 100% CPU
Alignment most likely contains protein sequences
Constructing alignment: done in 0.000522137 secs using 100.2% CPU
Alignment has 6 sequences with 531 columns, 159 distinct patterns
255 parsimony-informative, 4 singleton sites, 272 constant sites
            Gap/Ambiguity  Composition  p-value
Analyzing sequences: done in 1.00136e-05 secs using 99.86% CPU
   1  Mlig.5530     0.00%    passed      5.60%
   2  Mlig.37604    0.00%    passed      5.63%
   3  Mlig.229      0.00%    passed     99.17%
   4  Mlig.226      0.00%    passed     99.17%
   5  Mlig.227      0.00%    passed     99.17%
   6  Mlig.228      0.00%    passed     99.17%
****  TOTAL         0.00%  0 sequences failed composition chi2 test (p-value<5%; df=19)


Create initial parsimony tree by phylogenetic likelihood library (PLL)... 0.000 seconds
Perform fast likelihood tree search using LG+I+G model...
Estimate model parameters (epsilon = 5.000)
Perform nearest neighbor interchange...
Optimizing NNI: done in 0.00854278 secs using 99.96% CPU
Estimate model parameters (epsilon = 1.000)
1. Initial log-likelihood: -2589.387
Optimal log-likelihood: -2588.820
Proportion of invariable sites: 0.259
Gamma shape alpha: 998.590
Parameters optimization took 1 rounds (0.008 sec)
Time for fast ML tree search: 0.036 seconds

NOTE: ModelFinder requires 1 MB RAM!
ModelFinder will test up to 224 protein models (sample size: 531) ...
 No. Model         -LnL         df  AIC          AICc         BIC
  1  LG            2589.304     9   5196.608     5196.954     5235.081
  2  LG+I          2588.003     10  5196.006     5196.429     5238.754
  3  LG+G4         2588.106     10  5196.213     5196.636     5238.961
  4  LG+I+G4       2588.484     11  5198.969     5199.477     5245.991
  5  LG+F          2561.729     28  5179.458     5182.693     5299.152
  6  LG+F+I        2560.644     29  5179.287     5182.760     5303.255
  7  LG+F+G4       2560.780     29  5179.559     5183.032     5303.527
  9  WAG           2589.593     9   5197.185     5197.531     5235.658
 10  WAG+I         2589.593     10  5199.185     5199.608     5241.933
 11  WAG+G4        2589.594     10  5199.187     5199.610     5241.935
 13  WAG+F         2562.986     28  5181.971     5185.206     5301.664
 14  WAG+F+I       2562.986     29  5183.971     5187.444     5307.939
 15  WAG+F+G4      2562.986     29  5183.973     5187.446     5307.941
 17  JTT           2583.395     9   5184.789     5185.135     5223.262
 18  JTT+I         2582.826     10  5185.652     5186.075     5228.400
 19  JTT+G4        2582.936     10  5185.871     5186.295     5228.619
 21  JTT+F         2562.645     28  5181.290     5184.526     5300.984
 22  JTT+F+I       2562.192     29  5182.384     5185.857     5306.352
 23  JTT+F+G4      2562.309     29  5182.619     5186.092     5306.587
WARNING: Normalizing state frequencies so that sum of them equals to 1
 25  Q.pfam        2588.250     9   5194.500     5194.846     5232.973
WARNING: Normalizing state frequencies so that sum of them equals to 1
 26  Q.pfam+I      2587.657     10  5195.314     5195.737     5238.061
WARNING: Normalizing state frequencies so that sum of them equals to 1
 27  Q.pfam+G4     2587.816     10  5195.632     5196.055     5238.380
WARNING: Normalizing state frequencies so that sum of them equals to 1
 29  Q.pfam+F      2562.448     28  5180.895     5184.130     5300.588
WARNING: Normalizing state frequencies so that sum of them equals to 1
 30  Q.pfam+F+I    2561.832     29  5181.664     5185.137     5305.632
WARNING: Normalizing state frequencies so that sum of them equals to 1
 31  Q.pfam+F+G4   2562.000     29  5182.000     5185.473     5305.968
WARNING: Normalizing state frequencies so that sum of them equals to 1
 33  Q.bird        2604.446     9   5226.891     5227.237     5265.364
WARNING: Normalizing state frequencies so that sum of them equals to 1
 34  Q.bird+I      2592.971     10  5205.943     5206.366     5248.690
WARNING: Normalizing state frequencies so that sum of them equals to 1
 35  Q.bird+G4     2592.932     10  5205.864     5206.287     5248.612
WARNING: Normalizing state frequencies so that sum of them equals to 1
 37  Q.bird+F      2590.601     28  5237.203     5240.438     5356.896
WARNING: Normalizing state frequencies so that sum of them equals to 1
 38  Q.bird+F+I    2579.192     29  5216.384     5219.857     5340.352
WARNING: Normalizing state frequencies so that sum of them equals to 1
 39  Q.bird+F+G4   2578.887     29  5215.773     5219.246     5339.741
WARNING: Normalizing state frequencies so that sum of them equals to 1
 41  Q.mammal      2597.690     9   5213.380     5213.726     5251.853
WARNING: Normalizing state frequencies so that sum of them equals to 1
 42  Q.mammal+I    2591.388     10  5202.777     5203.200     5245.524
WARNING: Normalizing state frequencies so that sum of them equals to 1
 43  Q.mammal+G4   2591.644     10  5203.289     5203.712     5246.036
WARNING: Normalizing state frequencies so that sum of them equals to 1
 45  Q.mammal+F    2583.279     28  5222.558     5225.793     5342.252
WARNING: Normalizing state frequencies so that sum of them equals to 1
 46  Q.mammal+F+I  2577.001     29  5212.003     5215.476     5335.971
WARNING: Normalizing state frequencies so that sum of them equals to 1
 47  Q.mammal+F+G4 2577.130     29  5212.260     5215.733     5336.229
 49  Q.insect      2600.931     9   5219.862     5220.207     5258.334
 50  Q.insect+I    2599.264     10  5218.528     5218.951     5261.275
 51  Q.insect+G4   2599.574     10  5219.149     5219.572     5261.896
 53  Q.insect+F    2560.570     28  5177.140     5180.376     5296.834
 54  Q.insect+F+I  2559.745     29  5177.489     5180.962     5301.457
 55  Q.insect+F+G4 2559.925     29  5177.849     5181.322     5301.817
WARNING: Normalizing state frequencies so that sum of them equals to 1
 57  Q.plant       2601.951     9   5221.901     5222.247     5260.374
WARNING: Normalizing state frequencies so that sum of them equals to 1
 58  Q.plant+I     2593.973     10  5207.946     5208.369     5250.693
WARNING: Normalizing state frequencies so that sum of them equals to 1
 59  Q.plant+G4    2594.071     10  5208.143     5208.566     5250.891
WARNING: Normalizing state frequencies so that sum of them equals to 1
 61  Q.plant+F     2571.187     28  5198.373     5201.608     5318.066
WARNING: Normalizing state frequencies so that sum of them equals to 1
 62  Q.plant+F+I   2564.296     29  5186.593     5190.066     5310.561
WARNING: Normalizing state frequencies so that sum of them equals to 1
 63  Q.plant+F+G4  2564.454     29  5186.908     5190.381     5310.876
WARNING: Normalizing state frequencies so that sum of them equals to 1
 65  Q.yeast       2619.992     9   5257.984     5258.329     5296.457
WARNING: Normalizing state frequencies so that sum of them equals to 1
 66  Q.yeast+I     2617.701     10  5255.401     5255.824     5298.149
WARNING: Normalizing state frequencies so that sum of them equals to 1
 67  Q.yeast+G4    2617.979     10  5255.957     5256.380     5298.705
WARNING: Normalizing state frequencies so that sum of them equals to 1
 69  Q.yeast+F     2561.400     28  5178.800     5182.035     5298.493
WARNING: Normalizing state frequencies so that sum of them equals to 1
 70  Q.yeast+F+I   2559.977     29  5177.953     5181.426     5301.921
WARNING: Normalizing state frequencies so that sum of them equals to 1
 71  Q.yeast+F+G4  2560.200     29  5178.401     5181.874     5302.369
 73  JTTDCMut      2584.840     9   5187.680     5188.026     5226.153
 74  JTTDCMut+I    2584.174     10  5188.349     5188.772     5231.096
 75  JTTDCMut+G4   2584.297     10  5188.593     5189.016     5231.341
 77  JTTDCMut+F    2563.696     28  5183.393     5186.628     5303.086
 78  JTTDCMut+F+I  2563.134     29  5184.267     5187.740     5308.235
 79  JTTDCMut+F+G4 2563.255     29  5184.509     5187.982     5308.478
 81  DCMut         2612.083     9   5242.166     5242.512     5280.639
 82  DCMut+I       2608.222     10  5236.444     5236.867     5279.191
 83  DCMut+G4      2608.125     10  5236.251     5236.674     5278.998
 85  DCMut+F       2574.727     28  5205.454     5208.689     5325.147
 86  DCMut+F+I     2570.279     29  5198.558     5202.031     5322.526
 87  DCMut+F+G4    2570.306     29  5198.612     5202.086     5322.581
 89  VT            2586.604     9   5191.209     5191.554     5229.681
 90  VT+I          2586.604     10  5193.209     5193.632     5235.956
 91  VT+G4         2586.610     10  5193.220     5193.643     5235.968
 93  VT+F          2562.953     28  5181.905     5185.141     5301.599
 94  VT+F+I        2562.953     29  5183.905     5187.379     5307.874
 95  VT+F+G4       2562.959     29  5183.918     5187.391     5307.886
 97  PMB           2597.160     9   5212.319     5212.664     5250.792
 98  PMB+I         2597.160     10  5214.319     5214.742     5257.067
 99  PMB+G4        2597.165     10  5214.329     5214.753     5257.077
101  PMB+F         2575.443     28  5206.886     5210.121     5326.579
102  PMB+F+I       2575.443     29  5208.886     5212.359     5332.854
103  PMB+F+G4      2575.448     29  5208.896     5212.369     5332.864
105  Blosum62      2600.992     9   5219.984     5220.330     5258.457
106  Blosum62+I    2600.992     10  5221.984     5222.407     5264.732
107  Blosum62+G4   2600.996     10  5221.992     5222.415     5264.740
109  Blosum62+F    2574.351     28  5204.702     5207.937     5324.395
110  Blosum62+F+I  2574.351     29  5206.702     5210.175     5330.670
111  Blosum62+F+G4 2574.355     29  5206.710     5210.183     5330.678
113  Dayhoff       2612.121     9   5242.242     5242.587     5280.715
114  Dayhoff+I     2608.145     10  5236.291     5236.714     5279.038
115  Dayhoff+G4    2608.052     10  5236.105     5236.528     5278.853
117  Dayhoff+F     2574.768     28  5205.536     5208.771     5325.229
118  Dayhoff+F+I   2570.202     29  5198.403     5201.877     5322.372
119  Dayhoff+F+G4  2570.237     29  5198.474     5201.947     5322.442
121  mtREV         2783.125     9   5584.251     5584.596     5622.723
122  mtREV+I       2759.851     10  5539.702     5540.125     5582.450
123  mtREV+G4      2758.979     10  5537.959     5538.382     5580.706
125  mtREV+F       2598.690     28  5253.380     5256.615     5373.073
126  mtREV+F+I     2584.710     29  5227.419     5230.892     5351.387
127  mtREV+F+G4    2584.406     29  5226.812     5230.285     5350.780
129  mtART         2836.860     9   5691.719     5692.064     5730.192
130  mtART+I       2778.909     10  5577.818     5578.241     5620.566
131  mtART+G4      2770.488     10  5560.977     5561.400     5603.725
133  mtART+F       2644.689     28  5345.378     5348.613     5465.071
134  mtART+F+I     2607.323     29  5272.647     5276.120     5396.615
135  mtART+F+G4    2598.277     29  5254.554     5258.027     5378.522
137  mtZOA         2759.601     9   5537.201     5537.547     5575.674
138  mtZOA+I       2729.492     10  5478.984     5479.407     5521.732
139  mtZOA+G4      2727.075     10  5474.149     5474.572     5516.897
141  mtZOA+F       2601.176     28  5258.352     5261.587     5378.046
142  mtZOA+F+I     2583.087     29  5224.174     5227.647     5348.142
143  mtZOA+F+G4    2580.153     29  5218.305     5221.778     5342.273
145  mtMet         2795.206     9   5608.412     5608.757     5646.885
146  mtMet+I       2773.405     10  5566.811     5567.234     5609.558
147  mtMet+G4      2773.633     10  5567.265     5567.688     5610.013
149  mtMet+F       2588.168     28  5232.336     5235.572     5352.030
150  mtMet+F+I     2577.510     29  5213.020     5216.493     5336.988
151  mtMet+F+G4    2576.686     29  5211.372     5214.845     5335.340
153  mtVer         2808.929     9   5635.858     5636.204     5674.331
154  mtVer+I       2774.276     10  5568.553     5568.976     5611.300
155  mtVer+G4      2773.933     10  5567.865     5568.288     5610.613
157  mtVer+F       2607.264     28  5270.529     5273.764     5390.222
158  mtVer+F+I     2586.285     29  5230.571     5234.044     5354.539
159  mtVer+F+G4    2585.402     29  5228.804     5232.277     5352.772
161  mtInv         2823.924     9   5665.847     5666.193     5704.320
162  mtInv+I       2810.228     10  5640.456     5640.879     5683.203
163  mtInv+G4      2810.702     10  5641.403     5641.826     5684.151
165  mtInv+F       2577.808     28  5211.615     5214.850     5331.308
166  mtInv+F+I     2572.665     29  5203.330     5206.803     5327.298
167  mtInv+F+G4    2571.916     29  5201.833     5205.306     5325.801
169  mtMAM         2835.141     9   5688.282     5688.628     5726.755
170  mtMAM+I       2774.735     10  5569.471     5569.894     5612.219
171  mtMAM+G4      2769.306     10  5558.612     5559.035     5601.360
173  mtMAM+F       2634.064     28  5324.127     5327.363     5443.821
174  mtMAM+F+I     2598.597     29  5255.195     5258.668     5379.163
175  mtMAM+F+G4    2594.307     29  5246.614     5250.087     5370.582
WARNING: Normalizing state frequencies so that sum of them equals to 1
177  FLAVI         2685.290     9   5388.579     5388.925     5427.052
WARNING: Normalizing state frequencies so that sum of them equals to 1
178  FLAVI+I       2656.015     10  5332.030     5332.453     5374.778
WARNING: Normalizing state frequencies so that sum of them equals to 1
179  FLAVI+G4      2652.184     10  5324.368     5324.791     5367.116
WARNING: Normalizing state frequencies so that sum of them equals to 1
181  FLAVI+F       2624.502     28  5305.003     5308.238     5424.696
WARNING: Normalizing state frequencies so that sum of them equals to 1
182  FLAVI+F+I     2598.830     29  5255.659     5259.132     5379.628
WARNING: Normalizing state frequencies so that sum of them equals to 1
183  FLAVI+F+G4    2595.921     29  5249.842     5253.315     5373.810
185  HIVb          2634.389     9   5286.778     5287.123     5325.251
186  HIVb+I        2619.359     10  5258.719     5259.142     5301.466
187  HIVb+G4       2619.533     10  5259.067     5259.490     5301.815
189  HIVb+F        2595.225     28  5246.451     5249.686     5366.144
190  HIVb+F+I      2581.198     29  5220.395     5223.868     5344.363
191  HIVb+F+G4     2581.354     29  5220.708     5224.181     5344.676
193  HIVw          2749.087     9   5516.174     5516.519     5554.647
194  HIVw+I        2717.386     10  5454.773     5455.196     5497.521
195  HIVw+G4       2713.290     10  5446.579     5447.002     5489.327
197  HIVw+F        2637.408     28  5330.816     5334.051     5450.509
198  HIVw+F+I      2612.962     29  5283.925     5287.398     5407.893
199  HIVw+F+G4     2609.684     29  5277.368     5280.841     5401.336
201  FLU           2666.867     9   5351.733     5352.079     5390.206
202  FLU+I         2648.752     10  5317.504     5317.927     5360.252
203  FLU+G4        2647.565     10  5315.130     5315.553     5357.877
205  FLU+F         2612.043     28  5280.086     5283.321     5399.779
206  FLU+F+I       2596.193     29  5250.386     5253.859     5374.355
207  FLU+F+G4      2595.007     29  5248.013     5251.486     5371.982
209  rtREV         2623.889     9   5265.778     5266.123     5304.251
210  rtREV+I       2622.313     10  5264.626     5265.049     5307.373
211  rtREV+G4      2622.514     10  5265.029     5265.452     5307.776
213  rtREV+F       2569.308     28  5194.616     5197.851     5314.309
214  rtREV+F+I     2567.765     29  5193.529     5197.002     5317.497
215  rtREV+F+G4    2568.006     29  5194.013     5197.486     5317.981
217  cpREV         2618.951     9   5255.903     5256.248     5294.376
218  cpREV+I       2616.872     10  5253.744     5254.167     5296.492
219  cpREV+G4      2617.040     10  5254.080     5254.503     5296.827
221  cpREV+F       2575.312     28  5206.623     5209.858     5326.316
222  cpREV+F+I     2573.017     29  5204.033     5207.506     5328.001
223  cpREV+F+G4    2573.255     29  5204.511     5207.984     5328.479
Akaike Information Criterion:           Q.insect+F
Corrected Akaike Information Criterion: Q.insect+F
Bayesian Information Criterion:         JTT
Best-fit model: JTT chosen according to BIC

All model information printed to ../results/molecular_evolution_analyses/phylogenetic_trees/F113058_MLIG_G1/F113058_MLIG_G1.model.gz
CPU time for ModelFinder: 2.001 seconds (0h:0m:2s)
Wall-clock time for ModelFinder: 2.007 seconds (0h:0m:2s)
Generating 1000 samples for ultrafast bootstrap (seed: 976159)...

NOTE: 0 MB RAM (0 GB) is required!
Estimate model parameters (epsilon = 0.100)
1. Initial log-likelihood: -2583.395
Optimal log-likelihood: -2583.395
Parameters optimization took 1 rounds (0.001 sec)
Wrote distance file to... 
Computing ML distances based on estimated model parameters...
Calculating distance matrix: done in 0.000880957 secs using 99.55% CPU
Computing ML distances took 0.000907 sec (of wall-clock time) 0.000902 sec (of CPU time)
Setting up auxiliary I and S matrices: done in 3.79086e-05 secs using 100.2% CPU
Constructing RapidNJ tree: done in 2.31266e-05 secs using 99.45% CPU
Computing RapidNJ tree took 0.000127 sec (of wall-clock time) 0.000126 sec (of CPU time)
Log-likelihood of RapidNJ tree: -2583.395
--------------------------------------------------------------------
|             INITIALIZING CANDIDATE TREE SET                      |
--------------------------------------------------------------------
Generating 98 parsimony trees... 0.021 second
Computing log-likelihood of 31 initial trees ... 0.010 seconds
Current best score: -2583.395

Do NNI search on 20 best initial trees
Optimizing NNI: done in 0.00147796 secs using 199.9% CPU
Estimate model parameters (epsilon = 0.100)
BETTER TREE FOUND at iteration 1: -2583.395
Optimizing NNI: done in 0.00117993 secs using 199.6% CPU
Optimizing NNI: done in 0.00427699 secs using 200% CPU
Optimizing NNI: done in 0.00426292 secs using 200% CPU
Optimizing NNI: done in 0.00427008 secs using 106.1% CPU
Optimizing NNI: done in 0.00425601 secs using 105.6% CPU
Optimizing NNI: done in 0.00425911 secs using 199.6% CPU
Optimizing NNI: done in 0.0042541 secs using 199.9% CPU
Optimizing NNI: done in 0.00424409 secs using 105.4% CPU
Optimizing NNI: done in 0.00423479 secs using 199.8% CPU
Iteration 10 / LogL: -2583.395 / Time: 0h:0m:0s
Optimizing NNI: done in 0.00423098 secs using 132.9% CPU
Optimizing NNI: done in 0.00423598 secs using 179.3% CPU
Optimizing NNI: done in 0.00424004 secs using 199.7% CPU
Optimizing NNI: done in 0.00419283 secs using 199.8% CPU
Optimizing NNI: done in 0.004179 secs using 105% CPU
Optimizing NNI: done in 0.00421 secs using 199.2% CPU
Optimizing NNI: done in 0.00421691 secs using 199.8% CPU
Optimizing NNI: done in 0.00425386 secs using 199.7% CPU
Optimizing NNI: done in 0.00431299 secs using 199.9% CPU
Optimizing NNI: done in 0.004287 secs using 106.3% CPU
Iteration 20 / LogL: -2583.395 / Time: 0h:0m:0s
Finish initializing candidate tree set (14)
Current best tree score: -2583.395 / CPU time: 0.117
Number of iterations: 20
--------------------------------------------------------------------
|               OPTIMIZING CANDIDATE TREE SET                      |
--------------------------------------------------------------------
Optimizing NNI: done in 0.00248599 secs using 40.95% CPU
Optimizing NNI: done in 0.00247097 secs using 198.5% CPU
Optimizing NNI: done in 0.004143 secs using 199.7% CPU
Optimizing NNI: done in 0.00138712 secs using 200.1% CPU
Optimizing NNI: done in 0.00246096 secs using 196.9% CPU
Optimizing NNI: done in 0.00409412 secs using 199.8% CPU
Optimizing NNI: done in 0.00247192 secs using 200% CPU
Optimizing NNI: done in 0.00413394 secs using 199.7% CPU
Optimizing NNI: done in 0.00246 secs using 200% CPU
Optimizing NNI: done in 0.00244403 secs
Iteration 30 / LogL: -2583.395 / Time: 0h:0m:0s (0h:0m:0s left)
Optimizing NNI: done in 0.0040729 secs using 199.9% CPU
Optimizing NNI: done in 0.00108099 secs using 199.9% CPU
Optimizing NNI: done in 0.0010829 secs using 200.1% CPU
Optimizing NNI: done in 0.00246286 secs using 198.1% CPU
Optimizing NNI: done in 0.00111389 secs using 199.9% CPU
Optimizing NNI: done in 0.00111318 secs using 99.71% CPU
Optimizing NNI: done in 0.00248003 secs using 100% CPU
Optimizing NNI: done in 0.00111294 secs using 100.1% CPU
Optimizing NNI: done in 0.00111985 secs using 99.92% CPU
Optimizing NNI: done in 0.00110507 secs using 99.99% CPU
Iteration 40 / LogL: -2583.395 / Time: 0h:0m:0s (0h:0m:0s left)
Optimizing NNI: done in 0.00243998 secs using 100% CPU
Optimizing NNI: done in 0.00108886 secs using 100% CPU
Optimizing NNI: done in 0.00136805 secs using 100% CPU
BETTER TREE FOUND at iteration 43: -2583.395
Optimizing NNI: done in 0.00112295 secs using 99.65% CPU
Optimizing NNI: done in 0.001122 secs using 99.91% CPU
Optimizing NNI: done in 0.00251698 secs using 100% CPU
Optimizing NNI: done in 0.00138688 secs using 100% CPU
Optimizing NNI: done in 0.00110006 secs using 99.9% CPU
Optimizing NNI: done in 0.00246 secs using 100% CPU
Optimizing NNI: done in 0.00108695 secs using 100% CPU
Iteration 50 / LogL: -2583.395 / Time: 0h:0m:0s (0h:0m:0s left)
Log-likelihood cutoff on original alignment: -2586.308
Optimizing NNI: done in 0.00417709 secs using 99.85% CPU
Optimizing NNI: done in 0.00249004 secs using 99.96% CPU
Optimizing NNI: done in 0.00412107 secs using 99.93% CPU
Optimizing NNI: done in 0.00137281 secs using 100% CPU
Optimizing NNI: done in 0.00138593 secs using 100% CPU
Optimizing NNI: done in 0.00135493 secs using 100% CPU
Optimizing NNI: done in 0.00411415 secs using 99.92% CPU
Optimizing NNI: done in 0.00135779 secs using 100% CPU
Optimizing NNI: done in 0.00409603 secs using 99.93% CPU
Optimizing NNI: done in 0.00248289 secs using 100% CPU
Iteration 60 / LogL: -2583.395 / Time: 0h:0m:0s (0h:0m:0s left)
Optimizing NNI: done in 0.00135803 secs using 99.92% CPU
Optimizing NNI: done in 0.00138092 secs using 100% CPU
Optimizing NNI: done in 0.00135207 secs using 99.99% CPU
Optimizing NNI: done in 0.00134182 secs using 100% CPU
Optimizing NNI: done in 0.00108695 secs using 100% CPU
Optimizing NNI: done in 0.00247598 secs using 100% CPU
Optimizing NNI: done in 0.00135994 secs using 99.78% CPU
Optimizing NNI: done in 0.00140309 secs using 99.99% CPU
Optimizing NNI: done in 0.00137997 secs using 100% CPU
Optimizing NNI: done in 0.00136518 secs using 99.77% CPU
Iteration 70 / LogL: -2583.395 / Time: 0h:0m:0s (0h:0m:0s left)
Optimizing NNI: done in 0.00243592 secs using 100% CPU
Optimizing NNI: done in 0.00135207 secs using 99.92% CPU
Optimizing NNI: done in 0.00135207 secs using 99.92% CPU
Optimizing NNI: done in 0.00135708 secs using 99.99% CPU
Optimizing NNI: done in 0.00110912 secs using 99.99% CPU
Optimizing NNI: done in 0.00250006 secs using 100% CPU
Optimizing NNI: done in 0.00137186 secs using 99.72% CPU
Optimizing NNI: done in 0.00113201 secs using 100% CPU
Optimizing NNI: done in 0.001122 secs using 99.73% CPU
Optimizing NNI: done in 0.00245881 secs using 100% CPU
Iteration 80 / LogL: -2583.395 / Time: 0h:0m:0s (0h:0m:0s left)
Optimizing NNI: done in 0.00134015 secs using 99.99% CPU
Optimizing NNI: done in 0.00134802 secs using 99.92% CPU
Optimizing NNI: done in 0.00414515 secs using 99.92% CPU
Optimizing NNI: done in 0.00137401 secs using 100.1% CPU
Optimizing NNI: done in 0.00248003 secs using 100% CPU
Optimizing NNI: done in 0.00110888 secs using 100% CPU
Optimizing NNI: done in 0.00411201 secs using 100% CPU
Optimizing NNI: done in 0.00405097 secs using 99.9% CPU
Optimizing NNI: done in 0.00134397 secs using 99.93% CPU
Optimizing NNI: done in 0.00247502 secs using 99.96% CPU
Iteration 90 / LogL: -2583.395 / Time: 0h:0m:0s (0h:0m:0s left)
Optimizing NNI: done in 0.00416708 secs using 99.93% CPU
Optimizing NNI: done in 0.00136185 secs using 100% CPU
Optimizing NNI: done in 0.0013659 secs using 100.1% CPU
Optimizing NNI: done in 0.00243807 secs using 99.96% CPU
Optimizing NNI: done in 0.00408697 secs using 100% CPU
Optimizing NNI: done in 0.00110984 secs using 100% CPU
Optimizing NNI: done in 0.00412083 secs using 99.93% CPU
Optimizing NNI: done in 0.00134706 secs using 100% CPU
Optimizing NNI: done in 0.00134397 secs using 100% CPU
Optimizing NNI: done in 0.0024569 secs using 100% CPU
Iteration 100 / LogL: -2583.395 / Time: 0h:0m:0s (0h:0m:0s left)
Log-likelihood cutoff on original alignment: -2586.308
NOTE: Bootstrap correlation coefficient of split occurrence frequencies: 0.890
NOTE: UFBoot does not converge, continue at least 100 more iterations
Optimizing NNI: done in 0.00141811 secs using 99.99% CPU
Optimizing NNI: done in 0.00135684 secs using 100% CPU
Optimizing NNI: done in 0.0013721 secs using 99.99% CPU
Optimizing NNI: done in 0.00136209 secs using 99.99% CPU
Optimizing NNI: done in 0.00410104 secs using 99.97% CPU
Optimizing NNI: done in 0.00110698 secs using 100% CPU
Optimizing NNI: done in 0.00136304 secs using 100% CPU
Optimizing NNI: done in 0.00136304 secs using 100% CPU
Optimizing NNI: done in 0.00133586 secs using 99.94% CPU
Optimizing NNI: done in 0.00248289 secs using 99.92% CPU
Iteration 110 / LogL: -2583.395 / Time: 0h:0m:0s (0h:0m:0s left)
Optimizing NNI: done in 0.00412607 secs using 100% CPU
Optimizing NNI: done in 0.00135183 secs using 99.79% CPU
Optimizing NNI: done in 0.00135803 secs using 100.1% CPU
Optimizing NNI: done in 0.00110888 secs using 99.74% CPU
Optimizing NNI: done in 0.00245619 secs using 99.99% CPU
Optimizing NNI: done in 0.00134993 secs using 100% CPU
Optimizing NNI: done in 0.00136399 secs using 100% CPU
Optimizing NNI: done in 0.00409698 secs using 100% CPU
Optimizing NNI: done in 0.00410891 secs using 100% CPU
Optimizing NNI: done in 0.00110698 secs using 99.82% CPU
Iteration 120 / LogL: -2583.395 / Time: 0h:0m:0s (0h:0m:0s left)
Optimizing NNI: done in 0.00110507 secs using 99.9% CPU
Optimizing NNI: done in 0.00135493 secs using 99.78% CPU
Optimizing NNI: done in 0.00135708 secs using 100.1% CPU
Optimizing NNI: done in 0.00136304 secs using 100% CPU
Optimizing NNI: done in 0.00111699 secs using 100% CPU
Optimizing NNI: done in 0.00248098 secs using 100% CPU
Optimizing NNI: done in 0.00110316 secs using 99.99% CPU
Optimizing NNI: done in 0.00134206 secs using 100% CPU
Optimizing NNI: done in 0.001333 secs using 100% CPU
Optimizing NNI: done in 0.00135589 secs using 100% CPU
Iteration 130 / LogL: -2583.395 / Time: 0h:0m:0s (0h:0m:0s left)
Optimizing NNI: done in 0.0041151 secs using 99.9% CPU
Optimizing NNI: done in 0.001369 secs using 100.1% CPU
Optimizing NNI: done in 0.00246596 secs using 99.84% CPU
Optimizing NNI: done in 0.00244999 secs using 100% CPU
Optimizing NNI: done in 0.00135493 secs using 100% CPU
Optimizing NNI: done in 0.00243998 secs using 100% CPU
Optimizing NNI: done in 0.00407791 secs using 99.93% CPU
Optimizing NNI: done in 0.00109887 secs using 99.92% CPU
Optimizing NNI: done in 0.00133991 secs using 100% CPU
Optimizing NNI: done in 0.00409102 secs using 100% CPU
Iteration 140 / LogL: -2583.395 / Time: 0h:0m:0s (0h:0m:0s left)
Optimizing NNI: done in 0.00110793 secs using 100% CPU
Optimizing NNI: done in 0.001122 secs using 99.91% CPU
Optimizing NNI: done in 0.00137091 secs using 100% CPU
Optimizing NNI: done in 0.00137496 secs using 99.93% CPU
Optimizing NNI: done in 0.00244093 secs using 100% CPU
Optimizing NNI: done in 0.00134182 secs using 99.79% CPU
Optimizing NNI: done in 0.00136709 secs using 99.99% CPU
Optimizing NNI: done in 0.00138593 secs using 99.79% CPU
Optimizing NNI: done in 0.00135899 secs using 99.93% CPU
Optimizing NNI: done in 0.00135708 secs using 99.99% CPU
Iteration 150 / LogL: -2583.395 / Time: 0h:0m:0s (0h:0m:0s left)
Log-likelihood cutoff on original alignment: -2586.308
Optimizing NNI: done in 0.00139499 secs using 99.64% CPU
Optimizing NNI: done in 0.00410509 secs using 99.97% CPU
Optimizing NNI: done in 0.00138307 secs using 99.85% CPU
Optimizing NNI: done in 0.00134993 secs using 100% CPU
Optimizing NNI: done in 0.00247622 secs using 99.99% CPU
Optimizing NNI: done in 0.00138378 secs using 99.94% CPU
Optimizing NNI: done in 0.00409317 secs using 100% CPU
Optimizing NNI: done in 0.00246096 secs using 100% CPU
Optimizing NNI: done in 0.00244904 secs using 99.88% CPU
Optimizing NNI: done in 0.00243783 secs using 100% CPU
Iteration 160 / LogL: -2583.395 / Time: 0h:0m:0s (0h:0m:0s left)
Optimizing NNI: done in 0.00133896 secs using 100% CPU
Optimizing NNI: done in 0.00132108 secs using 99.92% CPU
Optimizing NNI: done in 0.00135684 secs using 100% CPU
Optimizing NNI: done in 0.00136185 secs using 100% CPU
Optimizing NNI: done in 0.00134897 secs using 99.93% CPU
Optimizing NNI: done in 0.00244498 secs using 100% CPU
Optimizing NNI: done in 0.00136185 secs using 99.86% CPU
Optimizing NNI: done in 0.00135207 secs using 99.92% CPU
Optimizing NNI: done in 0.00401807 secs using 99.95% CPU
Optimizing NNI: done in 0.00404 secs using 100% CPU
Iteration 170 / LogL: -2583.395 / Time: 0h:0m:0s (0h:0m:0s left)
Optimizing NNI: done in 0.00135398 secs using 100% CPU
Optimizing NNI: done in 0.00405812 secs using 100% CPU
Optimizing NNI: done in 0.00134897 secs using 99.93% CPU
Optimizing NNI: done in 0.004107 secs using 100% CPU
Optimizing NNI: done in 0.00112104 secs using 100.1% CPU
Optimizing NNI: done in 0.00133896 secs using 100.1% CPU
Optimizing NNI: done in 0.00134611 secs using 99.99% CPU
Optimizing NNI: done in 0.00244308 secs using 100% CPU
Optimizing NNI: done in 0.00110984 secs using 100% CPU
Optimizing NNI: done in 0.00135589 secs using 99.79% CPU
Iteration 180 / LogL: -2583.395 / Time: 0h:0m:0s (0h:0m:0s left)
Optimizing NNI: done in 0.0013361 secs using 99.99% CPU
Optimizing NNI: done in 0.00133896 secs using 100% CPU
Optimizing NNI: done in 0.00407004 secs using 100% CPU
Optimizing NNI: done in 0.00244808 secs using 99.87% CPU
Optimizing NNI: done in 0.00240898 secs using 100% CPU
Optimizing NNI: done in 0.00135612 secs using 99.99% CPU
Optimizing NNI: done in 0.00415516 secs using 100% CPU
Optimizing NNI: done in 0.00136781 secs using 100% CPU
Optimizing NNI: done in 0.00136399 secs using 100% CPU
Optimizing NNI: done in 0.00406003 secs using 100% CPU
Iteration 190 / LogL: -2583.395 / Time: 0h:0m:0s (0h:0m:0s left)
Optimizing NNI: done in 0.00135303 secs using 100% CPU
Optimizing NNI: done in 0.00133109 secs using 100.1% CPU
Optimizing NNI: done in 0.00243902 secs using 100% CPU
Optimizing NNI: done in 0.00109196 secs using 99.73% CPU
Optimizing NNI: done in 0.00243115 secs using 99.95% CPU
Optimizing NNI: done in 0.00415897 secs using 99.93% CPU
Optimizing NNI: done in 0.00414205 secs using 100% CPU
Optimizing NNI: done in 0.00248098 secs using 99.88% CPU
Optimizing NNI: done in 0.00133896 secs using 100.1% CPU
Optimizing NNI: done in 0.00135708 secs using 99.99% CPU
Iteration 200 / LogL: -2583.395 / Time: 0h:0m:1s (0h:0m:0s left)
Log-likelihood cutoff on original alignment: -2586.308
NOTE: Bootstrap correlation coefficient of split occurrence frequencies: 0.927
NOTE: UFBoot does not converge, continue at least 100 more iterations
Optimizing NNI: done in 0.00415683 secs using 99.98% CPU
Optimizing NNI: done in 0.00135899 secs using 99.78% CPU
Optimizing NNI: done in 0.00133801 secs using 100% CPU
Optimizing NNI: done in 0.00133586 secs using 99.94% CPU
Optimizing NNI: done in 0.00242305 secs using 100% CPU
Optimizing NNI: done in 0.00133586 secs using 100% CPU
Optimizing NNI: done in 0.00241399 secs using 100% CPU
Optimizing NNI: done in 0.00136518 secs using 99.99% CPU
Optimizing NNI: done in 0.00111198 secs using 99.73% CPU
Optimizing NNI: done in 0.00134206 secs using 100% CPU
Iteration 210 / LogL: -2583.395 / Time: 0h:0m:1s (0h:0m:0s left)
Optimizing NNI: done in 0.00136113 secs using 99.92% CPU
Optimizing NNI: done in 0.00135994 secs using 100% CPU
Optimizing NNI: done in 0.00135207 secs using 99.99% CPU
Optimizing NNI: done in 0.00134492 secs using 100.1% CPU
Optimizing NNI: done in 0.00135207 secs using 100.1% CPU
Optimizing NNI: done in 0.00244594 secs using 99.96% CPU
Optimizing NNI: done in 0.00111604 secs using 99.73% CPU
Optimizing NNI: done in 0.00133896 secs using 99.93% CPU
Optimizing NNI: done in 0.00133896 secs using 99.93% CPU
Optimizing NNI: done in 0.00135684 secs using 100% CPU
Iteration 220 / LogL: -2583.395 / Time: 0h:0m:1s (0h:0m:0s left)
Optimizing NNI: done in 0.00110722 secs using 99.98% CPU
Optimizing NNI: done in 0.00134778 secs using 100% CPU
Optimizing NNI: done in 0.00134802 secs using 100% CPU
Optimizing NNI: done in 0.00110102 secs using 100% CPU
Optimizing NNI: done in 0.00110412 secs using 100.1% CPU
Optimizing NNI: done in 0.00109601 secs using 99.91% CPU
Optimizing NNI: done in 0.00241899 secs using 100% CPU
Optimizing NNI: done in 0.00133491 secs using 100.1% CPU
Optimizing NNI: done in 0.00409412 secs using 100% CPU
Optimizing NNI: done in 0.00133204 secs using 100% CPU
Iteration 230 / LogL: -2583.395 / Time: 0h:0m:1s (0h:0m:0s left)
Optimizing NNI: done in 0.00133014 secs using 99.91% CPU
Optimizing NNI: done in 0.00109887 secs using 100% CPU
Optimizing NNI: done in 0.00110197 secs using 100% CPU
Optimizing NNI: done in 0.0013659 secs using 99.86% CPU
Optimizing NNI: done in 0.00135994 secs using 99.93% CPU
Optimizing NNI: done in 0.00137115 secs using 99.77% CPU
Optimizing NNI: done in 0.00111508 secs using 99.99% CPU
Optimizing NNI: done in 0.00111198 secs using 100% CPU
Optimizing NNI: done in 0.00134492 secs using 100% CPU
Optimizing NNI: done in 0.00407314 secs using 99.92% CPU
Iteration 240 / LogL: -2583.395 / Time: 0h:0m:1s (0h:0m:0s left)
Optimizing NNI: done in 0.00134587 secs using 100% CPU
Optimizing NNI: done in 0.00132203 secs using 100% CPU
Optimizing NNI: done in 0.00243902 secs using 99.96% CPU
Optimizing NNI: done in 0.00133896 secs using 100% CPU
Optimizing NNI: done in 0.00135708 secs using 99.92% CPU
Optimizing NNI: done in 0.00135398 secs using 100.1% CPU
Optimizing NNI: done in 0.00246501 secs using 99.84% CPU
Optimizing NNI: done in 0.00109792 secs using 99.92% CPU
Optimizing NNI: done in 0.00136185 secs using 100.1% CPU
Optimizing NNI: done in 0.00134706 secs using 100% CPU
Iteration 250 / LogL: -2583.395 / Time: 0h:0m:1s (0h:0m:0s left)
Log-likelihood cutoff on original alignment: -2586.308
Optimizing NNI: done in 0.00139403 secs using 99.93% CPU
Optimizing NNI: done in 0.00134993 secs using 100% CPU
Optimizing NNI: done in 0.00134611 secs using 99.92% CPU
Optimizing NNI: done in 0.00109291 secs using 99.92% CPU
Optimizing NNI: done in 0.00109315 secs using 99.89% CPU
Optimizing NNI: done in 0.001091 secs using 100% CPU
Optimizing NNI: done in 0.00110817 secs using 100.1% CPU
Optimizing NNI: done in 0.00133705 secs using 100% CPU
Optimizing NNI: done in 0.00136495 secs using 100% CPU
Optimizing NNI: done in 0.00111389 secs using 100% CPU
Iteration 260 / LogL: -2583.395 / Time: 0h:0m:1s (0h:0m:0s left)
Optimizing NNI: done in 0.00409794 secs using 100% CPU
Optimizing NNI: done in 0.00135398 secs using 100.1% CPU
Optimizing NNI: done in 0.00134206 secs using 100% CPU
Optimizing NNI: done in 0.00406098 secs using 99.95% CPU
Optimizing NNI: done in 0.00109601 secs using 100% CPU
Optimizing NNI: done in 0.00134087 secs using 100.1% CPU
Optimizing NNI: done in 0.00412893 secs using 100% CPU
Optimizing NNI: done in 0.0024929 secs using 100% CPU
Optimizing NNI: done in 0.00109506 secs using 100.1% CPU
Optimizing NNI: done in 0.00134993 secs using 100% CPU
Iteration 270 / LogL: -2583.395 / Time: 0h:0m:1s (0h:0m:0s left)
Optimizing NNI: done in 0.00111699 secs using 99.91% CPU
Optimizing NNI: done in 0.00135994 secs using 100.1% CPU
Optimizing NNI: done in 0.00406313 secs using 99.95% CPU
Optimizing NNI: done in 0.00132608 secs using 99.99% CPU
Optimizing NNI: done in 0.00136995 secs using 99.86% CPU
Optimizing NNI: done in 0.00134301 secs using 100% CPU
Optimizing NNI: done in 0.00135994 secs using 99.71% CPU
Optimizing NNI: done in 0.00134301 secs using 100% CPU
Optimizing NNI: done in 0.00134587 secs using 100% CPU
Optimizing NNI: done in 0.00133896 secs using 100% CPU
Iteration 280 / LogL: -2583.395 / Time: 0h:0m:1s (0h:0m:0s left)
Optimizing NNI: done in 0.00133896 secs using 99.93% CPU
Optimizing NNI: done in 0.00247908 secs using 100% CPU
Optimizing NNI: done in 0.00137305 secs using 100% CPU
Optimizing NNI: done in 0.00134993 secs using 99.78% CPU
Optimizing NNI: done in 0.00136709 secs using 99.99% CPU
Optimizing NNI: done in 0.00136805 secs using 99.7% CPU
Optimizing NNI: done in 0.00135708 secs using 100.1% CPU
Optimizing NNI: done in 0.0024569 secs using 100% CPU
Optimizing NNI: done in 0.00409007 secs using 100% CPU
Optimizing NNI: done in 0.00136781 secs using 99.94% CPU
Iteration 290 / LogL: -2583.395 / Time: 0h:0m:1s (0h:0m:0s left)
Optimizing NNI: done in 0.001086 secs using 99.91% CPU
Optimizing NNI: done in 0.00405002 secs using 100% CPU
Optimizing NNI: done in 0.004071 secs using 99.95% CPU
Optimizing NNI: done in 0.00136185 secs using 100% CPU
Optimizing NNI: done in 0.00136399 secs using 100% CPU
Optimizing NNI: done in 0.00110698 secs using 100% CPU
Optimizing NNI: done in 0.00133991 secs using 100% CPU
Optimizing NNI: done in 0.00137019 secs using 99.99% CPU
Optimizing NNI: done in 0.00403786 secs using 99.93% CPU
Optimizing NNI: done in 0.00409007 secs using 99.92% CPU
Iteration 300 / LogL: -2583.395 / Time: 0h:0m:1s (0h:0m:0s left)
Log-likelihood cutoff on original alignment: -2586.308
NOTE: Bootstrap correlation coefficient of split occurrence frequencies: 0.985
NOTE: UFBoot does not converge, continue at least 100 more iterations
Optimizing NNI: done in 0.0024879 secs using 99.84% CPU
Optimizing NNI: done in 0.00134015 secs using 99.91% CPU
Optimizing NNI: done in 0.00110793 secs using 99.92% CPU
Optimizing NNI: done in 0.00137305 secs using 100% CPU
Optimizing NNI: done in 0.00136495 secs using 100.1% CPU
Optimizing NNI: done in 0.00243998 secs using 100% CPU
Optimizing NNI: done in 0.00132489 secs using 100% CPU
Optimizing NNI: done in 0.00406098 secs using 99.93% CPU
Optimizing NNI: done in 0.00134993 secs using 100% CPU
Optimizing NNI: done in 0.00110793 secs using 100% CPU
Iteration 310 / LogL: -2583.395 / Time: 0h:0m:1s (0h:0m:0s left)
Optimizing NNI: done in 0.00136805 secs using 100% CPU
Optimizing NNI: done in 0.00245214 secs using 99.87% CPU
Optimizing NNI: done in 0.004071 secs using 100% CPU
Optimizing NNI: done in 0.00245214 secs using 99.91% CPU
Optimizing NNI: done in 0.00245786 secs using 100% CPU
Optimizing NNI: done in 0.00242782 secs using 99.93% CPU
Optimizing NNI: done in 0.00133586 secs using 100% CPU
Optimizing NNI: done in 0.00136995 secs using 100.1% CPU
Optimizing NNI: done in 0.00135303 secs using 99.92% CPU
Optimizing NNI: done in 0.00135589 secs using 100% CPU
Iteration 320 / LogL: -2583.395 / Time: 0h:0m:1s (0h:0m:0s left)
Optimizing NNI: done in 0.00136399 secs using 100% CPU
Optimizing NNI: done in 0.00135398 secs using 100% CPU
Optimizing NNI: done in 0.00135303 secs using 100% CPU
Optimizing NNI: done in 0.00246406 secs using 100% CPU
Optimizing NNI: done in 0.00133014 secs using 99.99% CPU
Optimizing NNI: done in 0.001091 secs using 100% CPU
Optimizing NNI: done in 0.00132203 secs using 100% CPU
Optimizing NNI: done in 0.00134492 secs using 99.93% CPU
Optimizing NNI: done in 0.00110698 secs using 99.91% CPU
Optimizing NNI: done in 0.00112319 secs using 99.98% CPU
Iteration 330 / LogL: -2583.395 / Time: 0h:0m:1s (0h:0m:0s left)
Optimizing NNI: done in 0.001369 secs using 99.93% CPU
Optimizing NNI: done in 0.00137019 secs using 100.1% CPU
Optimizing NNI: done in 0.004071 secs using 100% CPU
Optimizing NNI: done in 0.00133491 secs using 100% CPU
Optimizing NNI: done in 0.0013361 secs using 99.92% CPU
Optimizing NNI: done in 0.00134587 secs using 100% CPU
Optimizing NNI: done in 0.00244403 secs using 100% CPU
Optimizing NNI: done in 0.00135612 secs using 99.99% CPU
Optimizing NNI: done in 0.00134897 secs using 99.93% CPU
Optimizing NNI: done in 0.00135303 secs using 100% CPU
Iteration 340 / LogL: -2583.395 / Time: 0h:0m:1s (0h:0m:0s left)
Optimizing NNI: done in 0.00245285 secs using 99.88% CPU
Optimizing NNI: done in 0.00411892 secs using 100% CPU
Optimizing NNI: done in 0.00245404 secs using 99.88% CPU
Optimizing NNI: done in 0.00133395 secs using 100% CPU
Optimizing NNI: done in 0.0010922 secs using 99.98% CPU
Optimizing NNI: done in 0.001091 secs using 100% CPU
Optimizing NNI: done in 0.00134301 secs using 99.92% CPU
Optimizing NNI: done in 0.00133491 secs using 100% CPU
Optimizing NNI: done in 0.00132513 secs using 99.99% CPU
Optimizing NNI: done in 0.00108695 secs using 100% CPU
Iteration 350 / LogL: -2583.395 / Time: 0h:0m:1s (0h:0m:0s left)
Log-likelihood cutoff on original alignment: -2586.308
Optimizing NNI: done in 0.00139904 secs using 99.93% CPU
Optimizing NNI: done in 0.00133109 secs using 99.99% CPU
Optimizing NNI: done in 0.00240612 secs using 100% CPU
Optimizing NNI: done in 0.00404215 secs using 99.97% CPU
Optimizing NNI: done in 0.00132489 secs using 100% CPU
Optimizing NNI: done in 0.00132585 secs using 100% CPU
Optimizing NNI: done in 0.00244594 secs using 99.96% CPU
Optimizing NNI: done in 0.00247908 secs using 99.88% CPU
Optimizing NNI: done in 0.0013721 secs using 99.99% CPU
Optimizing NNI: done in 0.00135899 secs using 100% CPU
Iteration 360 / LogL: -2583.395 / Time: 0h:0m:1s (0h:0m:0s left)
Optimizing NNI: done in 0.00111413 secs using 99.99% CPU
Optimizing NNI: done in 0.00412202 secs using 100% CPU
Optimizing NNI: done in 0.001333 secs using 100% CPU
Optimizing NNI: done in 0.00133586 secs using 100% CPU
Optimizing NNI: done in 0.00133109 secs using 99.99% CPU
Optimizing NNI: done in 0.00132108 secs using 99.99% CPU
Optimizing NNI: done in 0.00135899 secs using 99.85% CPU
Optimizing NNI: done in 0.00409508 secs using 100% CPU
Optimizing NNI: done in 0.00111389 secs using 100.1% CPU
Optimizing NNI: done in 0.00243497 secs using 99.96% CPU
Iteration 370 / LogL: -2583.395 / Time: 0h:0m:1s (0h:0m:0s left)
Optimizing NNI: done in 0.00406694 secs using 100% CPU
Optimizing NNI: done in 0.00134802 secs using 99.92% CPU
Optimizing NNI: done in 0.00134993 secs using 99.78% CPU
Optimizing NNI: done in 0.00110602 secs using 100.1% CPU
Optimizing NNI: done in 0.002455 secs using 99.96% CPU
Optimizing NNI: done in 0.00109911 secs using 100.1% CPU
Optimizing NNI: done in 0.00406384 secs using 99.93% CPU
Optimizing NNI: done in 0.0024159 secs using 100% CPU
Optimizing NNI: done in 0.00110793 secs using 100% CPU
Optimizing NNI: done in 0.00137305 secs using 100.1% CPU
Iteration 380 / LogL: -2583.395 / Time: 0h:0m:1s (0h:0m:0s left)
Optimizing NNI: done in 0.00247502 secs using 99.88% CPU
Optimizing NNI: done in 0.00135207 secs using 100.1% CPU
Optimizing NNI: done in 0.00134301 secs using 100% CPU
Optimizing NNI: done in 0.001091 secs using 100% CPU
Optimizing NNI: done in 0.00243497 secs using 99.88% CPU
Optimizing NNI: done in 0.0013442 secs using 99.98% CPU
Optimizing NNI: done in 0.00135708 secs using 99.85% CPU
Optimizing NNI: done in 0.00137186 secs using 100% CPU
Optimizing NNI: done in 0.0040741 secs using 100% CPU
Optimizing NNI: done in 0.00135803 secs using 99.78% CPU
Iteration 390 / LogL: -2583.395 / Time: 0h:0m:1s (0h:0m:0s left)
Optimizing NNI: done in 0.00402308 secs using 100% CPU
Optimizing NNI: done in 0.00401807 secs using 99.97% CPU
Optimizing NNI: done in 0.00405288 secs using 99.98% CPU
Optimizing NNI: done in 0.00409603 secs using 100% CPU
Optimizing NNI: done in 0.00408316 secs using 100% CPU
Optimizing NNI: done in 0.00242186 secs using 100% CPU
Optimizing NNI: done in 0.00133109 secs using 100.1% CPU
Optimizing NNI: done in 0.00134206 secs using 100.1% CPU
Optimizing NNI: done in 0.00405598 secs using 100% CPU
Optimizing NNI: done in 0.00109887 secs using 99.92% CPU
Iteration 400 / LogL: -2583.395 / Time: 0h:0m:2s (0h:0m:0s left)
Log-likelihood cutoff on original alignment: -2586.308
NOTE: Bootstrap correlation coefficient of split occurrence frequencies: 0.980
NOTE: UFBoot does not converge, continue at least 100 more iterations
Optimizing NNI: done in 0.00139284 secs using 100.1% CPU
Optimizing NNI: done in 0.00136518 secs using 99.91% CPU
Optimizing NNI: done in 0.0024519 secs using 99.96% CPU
Optimizing NNI: done in 0.00134015 secs using 99.99% CPU
Optimizing NNI: done in 0.0013361 secs using 99.92% CPU
Optimizing NNI: done in 0.00407505 secs using 99.95% CPU
Optimizing NNI: done in 0.00136304 secs using 99.7% CPU
Optimizing NNI: done in 0.00406885 secs using 100% CPU
Optimizing NNI: done in 0.00245214 secs using 99.87% CPU
Optimizing NNI: done in 0.00244904 secs using 100% CPU
Iteration 410 / LogL: -2583.395 / Time: 0h:0m:2s (0h:0m:0s left)
Optimizing NNI: done in 0.00136495 secs using 99.93% CPU
Optimizing NNI: done in 0.00134015 secs using 99.99% CPU
Optimizing NNI: done in 0.00135493 secs using 99.86% CPU
Optimizing NNI: done in 0.00134206 secs using 100% CPU
Optimizing NNI: done in 0.00246692 secs using 99.84% CPU
Optimizing NNI: done in 0.00110698 secs using 100.1% CPU
Optimizing NNI: done in 0.00109887 secs using 100% CPU
Optimizing NNI: done in 0.00110102 secs using 100% CPU
Optimizing NNI: done in 0.001091 secs using 100% CPU
Optimizing NNI: done in 0.00402188 secs using 100% CPU
Iteration 420 / LogL: -2583.395 / Time: 0h:0m:2s (0h:0m:0s left)
Optimizing NNI: done in 0.00240803 secs using 100% CPU
Optimizing NNI: done in 0.00108504 secs using 100% CPU
Optimizing NNI: done in 0.00242114 secs using 99.91% CPU
Optimizing NNI: done in 0.00134993 secs using 100% CPU
Optimizing NNI: done in 0.00408602 secs using 99.93% CPU
Optimizing NNI: done in 0.00409484 secs using 100% CPU
Optimizing NNI: done in 0.0013442 secs using 99.98% CPU
Optimizing NNI: done in 0.00246406 secs using 100% CPU
Optimizing NNI: done in 0.00135493 secs using 99.93% CPU
Optimizing NNI: done in 0.00135803 secs using 100% CPU
Iteration 430 / LogL: -2583.395 / Time: 0h:0m:2s (0h:0m:0s left)
Optimizing NNI: done in 0.00405407 secs using 99.97% CPU
Optimizing NNI: done in 0.00242305 secs using 100% CPU
Optimizing NNI: done in 0.00406408 secs using 100% CPU
Optimizing NNI: done in 0.00411701 secs using 99.98% CPU
Optimizing NNI: done in 0.00245786 secs using 100% CPU
Optimizing NNI: done in 0.00133896 secs using 100% CPU
Optimizing NNI: done in 0.00242996 secs using 100% CPU
Optimizing NNI: done in 0.00133896 secs using 99.7% CPU
Optimizing NNI: done in 0.00132203 secs using 100% CPU
Optimizing NNI: done in 0.00405908 secs using 100% CPU
Iteration 440 / LogL: -2583.395 / Time: 0h:0m:2s (0h:0m:0s left)
Optimizing NNI: done in 0.00135684 secs using 99.79% CPU
Optimizing NNI: done in 0.00134921 secs using 99.91% CPU
Optimizing NNI: done in 0.0013659 secs using 100% CPU
Optimizing NNI: done in 0.00110793 secs using 100% CPU
Optimizing NNI: done in 0.00136304 secs using 100% CPU
Optimizing NNI: done in 0.0013628 secs using 100% CPU
Optimizing NNI: done in 0.00135708 secs using 99.99% CPU
Optimizing NNI: done in 0.00407887 secs using 99.93% CPU
Optimizing NNI: done in 0.00406694 secs using 99.93% CPU
Optimizing NNI: done in 0.00405884 secs using 100% CPU
Iteration 450 / LogL: -2583.395 / Time: 0h:0m:2s (0h:0m:0s left)
Log-likelihood cutoff on original alignment: -2586.308
Optimizing NNI: done in 0.00141096 secs using 99.93% CPU
Optimizing NNI: done in 0.001122 secs using 99.64% CPU
Optimizing NNI: done in 0.00135398 secs using 100% CPU
Optimizing NNI: done in 0.00111485 secs using 100% CPU
Optimizing NNI: done in 0.00136304 secs using 100% CPU
Optimizing NNI: done in 0.00244379 secs using 100% CPU
Optimizing NNI: done in 0.00133014 secs using 99.99% CPU
Optimizing NNI: done in 0.00405192 secs using 100% CPU
Optimizing NNI: done in 0.00132108 secs using 99.99% CPU
Optimizing NNI: done in 0.00134397 secs using 100% CPU
Iteration 460 / LogL: -2583.395 / Time: 0h:0m:2s (0h:0m:0s left)
Optimizing NNI: done in 0.00412202 secs using 99.93% CPU
Optimizing NNI: done in 0.0041151 secs using 100% CPU
Optimizing NNI: done in 0.00137711 secs using 99.99% CPU
Optimizing NNI: done in 0.00246787 secs using 99.92% CPU
Optimizing NNI: done in 0.00243878 secs using 99.97% CPU
Optimizing NNI: done in 0.00108504 secs using 100.1% CPU
Optimizing NNI: done in 0.00109792 secs using 99.92% CPU
Optimizing NNI: done in 0.00133705 secs using 100.1% CPU
Optimizing NNI: done in 0.00245905 secs using 100% CPU
Optimizing NNI: done in 0.00244689 secs using 100% CPU
Iteration 470 / LogL: -2583.395 / Time: 0h:0m:2s (0h:0m:0s left)
Optimizing NNI: done in 0.00408411 secs using 99.9% CPU
Optimizing NNI: done in 0.00135207 secs using 99.99% CPU
Optimizing NNI: done in 0.00244713 secs using 99.99% CPU
Optimizing NNI: done in 0.00405097 secs using 100% CPU
Optimizing NNI: done in 0.0040729 secs using 99.9% CPU
Optimizing NNI: done in 0.00134015 secs using 100.1% CPU
Optimizing NNI: done in 0.00136185 secs using 100% CPU
Optimizing NNI: done in 0.00241494 secs using 100% CPU
Optimizing NNI: done in 0.00401211 secs using 99.95% CPU
Optimizing NNI: done in 0.00400996 secs using 100% CPU
Iteration 480 / LogL: -2583.395 / Time: 0h:0m:2s (0h:0m:0s left)
Optimizing NNI: done in 0.00133419 secs using 99.99% CPU
Optimizing NNI: done in 0.00240302 secs using 100% CPU
Optimizing NNI: done in 0.00109887 secs using 100% CPU
Optimizing NNI: done in 0.00111198 secs using 100% CPU
Optimizing NNI: done in 0.00111485 secs using 100% CPU
Optimizing NNI: done in 0.00246286 secs using 99.88% CPU
Optimizing NNI: done in 0.00134706 secs using 100.1% CPU
Optimizing NNI: done in 0.00408888 secs using 99.98% CPU
Optimizing NNI: done in 0.0010941 secs using 99.99% CPU
Optimizing NNI: done in 0.00401902 secs using 100% CPU
Iteration 490 / LogL: -2583.395 / Time: 0h:0m:2s (0h:0m:0s left)
Optimizing NNI: done in 0.00406694 secs using 99.9% CPU
Optimizing NNI: done in 0.00111222 secs using 99.8% CPU
Optimizing NNI: done in 0.00243998 secs using 100% CPU
Optimizing NNI: done in 0.00408196 secs using 100% CPU
Optimizing NNI: done in 0.00110912 secs using 99.99% CPU
Optimizing NNI: done in 0.00109601 secs using 100% CPU
Optimizing NNI: done in 0.00132108 secs using 99.99% CPU
Optimizing NNI: done in 0.00108218 secs using 100.1% CPU
Optimizing NNI: done in 0.00132799 secs using 100.1% CPU
Optimizing NNI: done in 0.0024209 secs using 100% CPU
Iteration 500 / LogL: -2583.395 / Time: 0h:0m:2s (0h:0m:0s left)
Log-likelihood cutoff on original alignment: -2586.308
NOTE: Bootstrap correlation coefficient of split occurrence frequencies: 0.986
NOTE: UFBoot does not converge, continue at least 100 more iterations
Optimizing NNI: done in 0.00141287 secs using 100% CPU
Optimizing NNI: done in 0.00137305 secs using 100% CPU
Optimizing NNI: done in 0.00410795 secs using 100% CPU
Optimizing NNI: done in 0.00406504 secs using 100% CPU
Optimizing NNI: done in 0.00240493 secs using 100% CPU
Optimizing NNI: done in 0.00132108 secs using 99.99% CPU
Optimizing NNI: done in 0.00133801 secs using 100% CPU
Optimizing NNI: done in 0.00244808 secs using 99.83% CPU
Optimizing NNI: done in 0.00135708 secs using 99.99% CPU
Optimizing NNI: done in 0.00136399 secs using 100% CPU
Iteration 510 / LogL: -2583.395 / Time: 0h:0m:2s (0h:0m:0s left)
Optimizing NNI: done in 0.00406384 secs using 100% CPU
Optimizing NNI: done in 0.0010941 secs using 99.99% CPU
Optimizing NNI: done in 0.00134802 secs using 100% CPU
Optimizing NNI: done in 0.00132704 secs using 100% CPU
Optimizing NNI: done in 0.00134611 secs using 99.92% CPU
Optimizing NNI: done in 0.00136304 secs using 100% CPU
Optimizing NNI: done in 0.00137496 secs using 99.78% CPU
Optimizing NNI: done in 0.00244403 secs using 99.96% CPU
Optimizing NNI: done in 0.00133801 secs using 100% CPU
Optimizing NNI: done in 0.00133801 secs using 100% CPU
Iteration 520 / LogL: -2583.395 / Time: 0h:0m:2s (0h:0m:0s left)
Optimizing NNI: done in 0.00133801 secs using 100% CPU
Optimizing NNI: done in 0.00401902 secs using 100% CPU
Optimizing NNI: done in 0.0040791 secs using 100% CPU
Optimizing NNI: done in 0.00134206 secs using 100% CPU
Optimizing NNI: done in 0.00136089 secs using 100% CPU
Optimizing NNI: done in 0.00248098 secs using 99.88% CPU
Optimizing NNI: done in 0.00134993 secs using 100% CPU
Optimizing NNI: done in 0.00135303 secs using 99.92% CPU
Optimizing NNI: done in 0.00134611 secs using 99.99% CPU
Optimizing NNI: done in 0.00135112 secs using 99.99% CPU
Iteration 530 / LogL: -2583.395 / Time: 0h:0m:2s (0h:0m:0s left)
Optimizing NNI: done in 0.00244188 secs using 99.96% CPU
Optimizing NNI: done in 0.00245285 secs using 100% CPU
Optimizing NNI: done in 0.00109792 secs using 100% CPU
Optimizing NNI: done in 0.00133896 secs using 100% CPU
Optimizing NNI: done in 0.00134182 secs using 100% CPU
Optimizing NNI: done in 0.00132012 secs using 99.99% CPU
Optimizing NNI: done in 0.00132895 secs using 99.93% CPU
Optimizing NNI: done in 0.00135303 secs using 100% CPU
Optimizing NNI: done in 0.00111103 secs using 100% CPU
Optimizing NNI: done in 0.00412607 secs using 99.93% CPU
Iteration 540 / LogL: -2583.395 / Time: 0h:0m:2s (0h:0m:0s left)
Optimizing NNI: done in 0.00135088 secs using 100% CPU
Optimizing NNI: done in 0.00136209 secs using 99.85% CPU
Optimizing NNI: done in 0.00132799 secs using 99.93% CPU
Optimizing NNI: done in 0.00133896 secs using 100% CPU
Optimizing NNI: done in 0.00136089 secs using 100% CPU
Optimizing NNI: done in 0.00111389 secs using 99.92% CPU
Optimizing NNI: done in 0.00137782 secs using 100% CPU
Optimizing NNI: done in 0.00411797 secs using 100% CPU
Optimizing NNI: done in 0.00135612 secs using 100.1% CPU
Optimizing NNI: done in 0.00243092 secs using 99.96% CPU
Iteration 550 / LogL: -2583.395 / Time: 0h:0m:2s (0h:0m:0s left)
Log-likelihood cutoff on original alignment: -2586.308
Optimizing NNI: done in 0.00245905 secs using 100% CPU
Optimizing NNI: done in 0.00242186 secs using 99.88% CPU
Optimizing NNI: done in 0.00244117 secs using 99.99% CPU
Optimizing NNI: done in 0.00405216 secs using 99.95% CPU
Optimizing NNI: done in 0.00110507 secs using 99.9% CPU
Optimizing NNI: done in 0.00133801 secs using 99.92% CPU
Optimizing NNI: done in 0.00135589 secs using 100% CPU
Optimizing NNI: done in 0.00109792 secs using 99.73% CPU
Optimizing NNI: done in 0.00109291 secs using 100% CPU
Optimizing NNI: done in 0.00134397 secs using 99.78% CPU
Iteration 560 / LogL: -2583.395 / Time: 0h:0m:2s (0h:0m:0s left)
Optimizing NNI: done in 0.00110507 secs using 99.99% CPU
Optimizing NNI: done in 0.00134683 secs using 100% CPU
Optimizing NNI: done in 0.00243497 secs using 100% CPU
Optimizing NNI: done in 0.00409198 secs using 99.93% CPU
Optimizing NNI: done in 0.00109887 secs using 100.1% CPU
Optimizing NNI: done in 0.00131989 secs using 100% CPU
Optimizing NNI: done in 0.00401092 secs using 100% CPU
Optimizing NNI: done in 0.00132394 secs using 99.93% CPU
Optimizing NNI: done in 0.00246096 secs using 100% CPU
Optimizing NNI: done in 0.00111389 secs using 99.83% CPU
Iteration 570 / LogL: -2583.395 / Time: 0h:0m:2s (0h:0m:0s left)
Optimizing NNI: done in 0.00111294 secs using 100% CPU
Optimizing NNI: done in 0.00413299 secs using 99.9% CPU
Optimizing NNI: done in 0.00247908 secs using 100% CPU
Optimizing NNI: done in 0.00135612 secs using 99.92% CPU
Optimizing NNI: done in 0.00109005 secs using 100% CPU
Optimizing NNI: done in 0.00132203 secs using 99.92% CPU
Optimizing NNI: done in 0.00108314 secs using 99.99% CPU
Optimizing NNI: done in 0.00134492 secs using 100% CPU
Optimizing NNI: done in 0.00110316 secs using 99.99% CPU
Optimizing NNI: done in 0.00407505 secs using 99.93% CPU
Iteration 580 / LogL: -2583.395 / Time: 0h:0m:3s (0h:0m:0s left)
Optimizing NNI: done in 0.00135303 secs using 100% CPU
Optimizing NNI: done in 0.00133801 secs using 99.85% CPU
Optimizing NNI: done in 0.00109506 secs using 99.99% CPU
Optimizing NNI: done in 0.00136185 secs using 99.79% CPU
Optimizing NNI: done in 0.00405884 secs using 100% CPU
Optimizing NNI: done in 0.00245023 secs using 99.87% CPU
Optimizing NNI: done in 0.00109005 secs using 100.1% CPU
Optimizing NNI: done in 0.00405812 secs using 99.92% CPU
Optimizing NNI: done in 0.00247002 secs using 100% CPU
Optimizing NNI: done in 0.00137091 secs using 100% CPU
Iteration 590 / LogL: -2583.395 / Time: 0h:0m:3s (0h:0m:0s left)
Optimizing NNI: done in 0.00135112 secs using 99.99% CPU
Optimizing NNI: done in 0.00133801 secs using 99.85% CPU
Optimizing NNI: done in 0.00135183 secs using 100% CPU
Optimizing NNI: done in 0.00109816 secs using 100.1% CPU
Optimizing NNI: done in 0.002455 secs using 99.96% CPU
Optimizing NNI: done in 0.00134802 secs using 99.92% CPU
Optimizing NNI: done in 0.00244594 secs using 100% CPU
Optimizing NNI: done in 0.00133801 secs using 100% CPU
Optimizing NNI: done in 0.00132799 secs using 100% CPU
Optimizing NNI: done in 0.001333 secs using 100% CPU
Iteration 600 / LogL: -2583.395 / Time: 0h:0m:3s (0h:0m:0s left)
Log-likelihood cutoff on original alignment: -2586.308
NOTE: Bootstrap correlation coefficient of split occurrence frequencies: 0.984
NOTE: UFBoot does not converge, continue at least 100 more iterations
Optimizing NNI: done in 0.00138402 secs using 99.93% CPU
Optimizing NNI: done in 0.00407195 secs using 100% CPU
Optimizing NNI: done in 0.00109196 secs using 100% CPU
Optimizing NNI: done in 0.00243998 secs using 100% CPU
Optimizing NNI: done in 0.00136209 secs using 100.1% CPU
Optimizing NNI: done in 0.00135493 secs using 99.86% CPU
Optimizing NNI: done in 0.00137687 secs using 100% CPU
Optimizing NNI: done in 0.00402403 secs using 99.9% CPU
Optimizing NNI: done in 0.00133991 secs using 100% CPU
Optimizing NNI: done in 0.00133801 secs using 99.85% CPU
Iteration 610 / LogL: -2583.395 / Time: 0h:0m:3s (0h:0m:0s left)
Optimizing NNI: done in 0.0040791 secs using 99.9% CPU
Optimizing NNI: done in 0.00135589 secs using 100.1% CPU
Optimizing NNI: done in 0.00110006 secs using 99.72% CPU
Optimizing NNI: done in 0.00133896 secs using 100.1% CPU
Optimizing NNI: done in 0.00135398 secs using 100% CPU
Optimizing NNI: done in 0.00134301 secs using 100% CPU
Optimizing NNI: done in 0.00136113 secs using 99.92% CPU
Optimizing NNI: done in 0.00409913 secs using 99.97% CPU
Optimizing NNI: done in 0.00136089 secs using 100.1% CPU
Optimizing NNI: done in 0.00244808 secs using 100% CPU
Iteration 620 / LogL: -2583.395 / Time: 0h:0m:3s (0h:0m:0s left)
Optimizing NNI: done in 0.0024159 secs using 99.92% CPU
Optimizing NNI: done in 0.00134492 secs using 100% CPU
Optimizing NNI: done in 0.004076 secs using 99.9% CPU
Optimizing NNI: done in 0.00134802 secs using 100% CPU
Optimizing NNI: done in 0.00134897 secs using 100% CPU
Optimizing NNI: done in 0.00109792 secs using 100.1% CPU
Optimizing NNI: done in 0.00134397 secs using 99.93% CPU
Optimizing NNI: done in 0.0024519 secs using 100% CPU
Optimizing NNI: done in 0.00135112 secs using 99.99% CPU
Optimizing NNI: done in 0.00109792 secs using 100% CPU
Iteration 630 / LogL: -2583.395 / Time: 0h:0m:3s (0h:0m:0s left)
Optimizing NNI: done in 0.0013299 secs using 100% CPU
Optimizing NNI: done in 0.00135398 secs using 100% CPU
Optimizing NNI: done in 0.0040431 secs using 100% CPU
Optimizing NNI: done in 0.00244594 secs using 100% CPU
Optimizing NNI: done in 0.00135303 secs using 99.78% CPU
Optimizing NNI: done in 0.00408697 secs using 100% CPU
Optimizing NNI: done in 0.00401902 secs using 99.9% CPU
Optimizing NNI: done in 0.00244904 secs using 100% CPU
Optimizing NNI: done in 0.00136495 secs using 99.86% CPU
Optimizing NNI: done in 0.00110602 secs using 100% CPU
Iteration 640 / LogL: -2583.395 / Time: 0h:0m:3s (0h:0m:0s left)
Optimizing NNI: done in 0.00404501 secs using 100% CPU
Optimizing NNI: done in 0.00245118 secs using 99.99% CPU
Optimizing NNI: done in 0.00135279 secs using 100% CPU
Optimizing NNI: done in 0.00407195 secs using 99.95% CPU
Optimizing NNI: done in 0.001091 secs using 100% CPU
Optimizing NNI: done in 0.00242305 secs using 99.83% CPU
Optimizing NNI: done in 0.00109601 secs using 100.1% CPU
Optimizing NNI: done in 0.00408983 secs using 99.93% CPU
Optimizing NNI: done in 0.00134301 secs using 100% CPU
Optimizing NNI: done in 0.00409198 secs using 99.9% CPU
Iteration 650 / LogL: -2583.395 / Time: 0h:0m:3s (0h:0m:0s left)
Log-likelihood cutoff on original alignment: -2586.308
Optimizing NNI: done in 0.00137901 secs using 100% CPU
Optimizing NNI: done in 0.00132918 secs using 99.99% CPU
Optimizing NNI: done in 0.00134182 secs using 100% CPU
Optimizing NNI: done in 0.00138211 secs using 99.77% CPU
Optimizing NNI: done in 0.00111103 secs using 99.91% CPU
Optimizing NNI: done in 0.00138307 secs using 99.71% CPU
Optimizing NNI: done in 0.00110698 secs using 100% CPU
Optimizing NNI: done in 0.001091 secs using 100% CPU
Optimizing NNI: done in 0.00133491 secs using 100.1% CPU
Optimizing NNI: done in 0.004071 secs using 99.98% CPU
Iteration 660 / LogL: -2583.395 / Time: 0h:0m:3s (0h:0m:0s left)
Optimizing NNI: done in 0.00133991 secs using 100% CPU
Optimizing NNI: done in 0.00134802 secs using 100% CPU
Optimizing NNI: done in 0.00402093 secs using 99.95% CPU
Optimizing NNI: done in 0.00405383 secs using 99.93% CPU
Optimizing NNI: done in 0.00134897 secs using 99.93% CPU
Optimizing NNI: done in 0.001122 secs using 99.91% CPU
Optimizing NNI: done in 0.00249195 secs using 99.96% CPU
Optimizing NNI: done in 0.00410199 secs using 99.98% CPU
Optimizing NNI: done in 0.00244808 secs using 99.96% CPU
Optimizing NNI: done in 0.00108504 secs using 99.9% CPU
Iteration 670 / LogL: -2583.395 / Time: 0h:0m:3s (0h:0m:0s left)
Optimizing NNI: done in 0.00109196 secs using 100% CPU
Optimizing NNI: done in 0.00135922 secs using 99.98% CPU
Optimizing NNI: done in 0.00133991 secs using 100% CPU
Optimizing NNI: done in 0.00134015 secs using 99.99% CPU
Optimizing NNI: done in 0.00243902 secs using 100% CPU
Optimizing NNI: done in 0.00109005 secs using 99.9% CPU
Optimizing NNI: done in 0.00134492 secs using 100% CPU
Optimizing NNI: done in 0.00110602 secs using 100% CPU
Optimizing NNI: done in 0.00133109 secs using 99.99% CPU
Optimizing NNI: done in 0.00133395 secs using 100% CPU
Iteration 680 / LogL: -2583.395 / Time: 0h:0m:3s (0h:0m:0s left)
Optimizing NNI: done in 0.00133705 secs using 100% CPU
Optimizing NNI: done in 0.00135803 secs using 99.92% CPU
Optimizing NNI: done in 0.00246286 secs using 99.92% CPU
Optimizing NNI: done in 0.00134993 secs using 100% CPU
Optimizing NNI: done in 0.00242686 secs using 99.96% CPU
Optimizing NNI: done in 0.00408697 secs using 100% CPU
Optimizing NNI: done in 0.001091 secs using 100.1% CPU
Optimizing NNI: done in 0.00134301 secs using 99.85% CPU
Optimizing NNI: done in 0.00134301 secs using 100.1% CPU
Optimizing NNI: done in 0.00137401 secs using 100% CPU
Iteration 690 / LogL: -2583.395 / Time: 0h:0m:3s (0h:0m:0s left)
Optimizing NNI: done in 0.00410104 secs using 100% CPU
Optimizing NNI: done in 0.00244498 secs using 100% CPU
Optimizing NNI: done in 0.00110006 secs using 100.1% CPU
Optimizing NNI: done in 0.00135398 secs using 100% CPU
Optimizing NNI: done in 0.00132799 secs using 99.93% CPU
Optimizing NNI: done in 0.00404191 secs using 100% CPU
Optimizing NNI: done in 0.00133085 secs using 100% CPU
Optimizing NNI: done in 0.00133109 secs using 99.99% CPU
Optimizing NNI: done in 0.0024519 secs using 99.84% CPU
Optimizing NNI: done in 0.00110006 secs using 99.99% CPU
Iteration 700 / LogL: -2583.395 / Time: 0h:0m:3s (0h:0m:0s left)
Log-likelihood cutoff on original alignment: -2586.308
NOTE: Bootstrap correlation coefficient of split occurrence frequencies: 0.994
TREE SEARCH COMPLETED AFTER 700 ITERATIONS / Time: 0h:0m:3s

--------------------------------------------------------------------
|                    FINALIZING TREE SEARCH                        |
--------------------------------------------------------------------
Performs final model parameters optimization
Estimate model parameters (epsilon = 0.010)
1. Initial log-likelihood: -2583.395
Optimal log-likelihood: -2583.395
Parameters optimization took 1 rounds (0.001 sec)
BEST SCORE FOUND : -2583.395

Testing tree branches by SH-like aLRT with 1000 replicates...
0.033 sec.
Creating bootstrap support values...
Split supports printed to NEXUS file ../results/molecular_evolution_analyses/phylogenetic_trees/F113058_MLIG_G1/F113058_MLIG_G1.splits.nex
Total tree length: 0.753

Total number of iterations: 700
CPU time used for tree search: 3.779 sec (0h:0m:3s)
Wall-clock time used for tree search: 3.625 sec (0h:0m:3s)
Total CPU time used: 3.845 sec (0h:0m:3s)
Total wall-clock time used: 3.689 sec (0h:0m:3s)

Computing bootstrap consensus tree...
Reading input file ../results/molecular_evolution_analyses/phylogenetic_trees/F113058_MLIG_G1/F113058_MLIG_G1.splits.nex...
6 taxa and 17 splits.
Consensus tree written to ../results/molecular_evolution_analyses/phylogenetic_trees/F113058_MLIG_G1/F113058_MLIG_G1.contree
Reading input trees file ../results/molecular_evolution_analyses/phylogenetic_trees/F113058_MLIG_G1/F113058_MLIG_G1.contree
Log-likelihood of consensus tree: -2583.401

Analysis results written to: 
  IQ-TREE report:                ../results/molecular_evolution_analyses/phylogenetic_trees/F113058_MLIG_G1/F113058_MLIG_G1.iqtree
  Maximum-likelihood tree:       ../results/molecular_evolution_analyses/phylogenetic_trees/F113058_MLIG_G1/F113058_MLIG_G1.treefile
  Likelihood distances:          ../results/molecular_evolution_analyses/phylogenetic_trees/F113058_MLIG_G1/F113058_MLIG_G1.mldist

Ultrafast bootstrap approximation results written to:
  Split support values:          ../results/molecular_evolution_analyses/phylogenetic_trees/F113058_MLIG_G1/F113058_MLIG_G1.splits.nex
  Consensus tree:                ../results/molecular_evolution_analyses/phylogenetic_trees/F113058_MLIG_G1/F113058_MLIG_G1.contree
  Screen log file:               ../results/molecular_evolution_analyses/phylogenetic_trees/F113058_MLIG_G1/F113058_MLIG_G1.log

Date and Time: Wed May  1 10:43:00 2024
