IQ-TREE multicore version 2.2.2.6 COVID-edition for Linux 64-bit built May 27 2023
Developed by Bui Quang Minh, James Barbetti, Nguyen Lam Tung,
Olga Chernomor, Heiko Schmidt, Dominik Schrempf, Michael Woodhams, Ly Trong Nhan.

Host:    lbc5 (AVX2, FMA3, 125 GB RAM)
Command: /home/mauricio/mauricio_PROGRAMAS/iqtree-2.2.2.6-Linux/bin/iqtree2 -s ../results/molecular_evolution_analyses/alignments_gblocks/F71525_MLIG_G1/F71525_MLIG_G1.aln.gblo -m TEST --threads-max 32 --alrt 1000 --ufboot 1000 --prefix ../results/molecular_evolution_analyses/phylogenetic_trees/F71525_MLIG_G1/F71525_MLIG_G1 -keep-ident -redo
Seed:    685286 (Using SPRNG - Scalable Parallel Random Number Generator)
Time:    Wed May  1 09:03:20 2024
Kernel:  AVX+FMA - 1 threads (32 CPU cores detected)

HINT: Use -nt option to specify number of threads because your CPU has 32 cores!
HINT: -nt AUTO will automatically determine the best number of threads to use.

Reading alignment file ../results/molecular_evolution_analyses/alignments_gblocks/F71525_MLIG_G1/F71525_MLIG_G1.aln.gblo ... Fasta format detected
Reading fasta file: done in 8.91685e-05 secs using 97.57% CPU
Alignment most likely contains protein sequences
Constructing alignment: done in 0.000432968 secs using 100% CPU
Alignment has 5 sequences with 449 columns, 86 distinct patterns
93 parsimony-informative, 1 singleton sites, 355 constant sites
            Gap/Ambiguity  Composition  p-value
Analyzing sequences: done in 8.10623e-06 secs using 111% CPU
   1  Mlig.8054     0.00%    passed    100.00%
   2  Mlig.20586    0.00%    passed    100.00%
   3  Mlig.32274    0.00%    passed    100.00%
   4  Mlig.32592    0.00%    passed    100.00%
   5  Mlig.34844    0.00%    passed    100.00%
****  TOTAL         0.00%  0 sequences failed composition chi2 test (p-value<5%; df=19)


Create initial parsimony tree by phylogenetic likelihood library (PLL)... 0.000 seconds
Perform fast likelihood tree search using LG+I+G model...
Estimate model parameters (epsilon = 5.000)
Perform nearest neighbor interchange...
Optimizing NNI: done in 0.00183988 secs using 99.95% CPU
Estimate model parameters (epsilon = 1.000)
1. Initial log-likelihood: -1765.618
Optimal log-likelihood: -1765.425
Proportion of invariable sites: 0.402
Gamma shape alpha: 998.536
Parameters optimization took 1 rounds (0.004 sec)
Time for fast ML tree search: 0.011 seconds

NOTE: ModelFinder requires 0 MB RAM!
ModelFinder will test up to 224 protein models (sample size: 449) ...
 No. Model         -LnL         df  AIC          AICc         BIC
  1  LG            1765.214     7   3544.429     3544.683     3573.178
  2  LG+I          1765.142     8   3546.283     3546.610     3579.139
  3  LG+G4         1765.155     8   3546.311     3546.638     3579.167
  4  LG+I+G4       1765.411     9   3548.823     3549.233     3585.786
  5  LG+F          1748.872     26  3549.743     3553.070     3656.526
  6  LG+F+I        1748.699     27  3551.397     3554.989     3662.287
  7  LG+F+G4       1748.729     27  3551.458     3555.049     3662.348
  9  WAG           1766.818     7   3547.637     3547.891     3576.386
 10  WAG+I         1766.818     8   3549.637     3549.964     3582.493
 11  WAG+G4        1766.819     8   3549.639     3549.966     3582.495
 13  WAG+F         1749.713     26  3551.427     3554.754     3658.209
 14  WAG+F+I       1749.713     27  3553.427     3557.018     3664.316
 15  WAG+F+G4      1749.714     27  3553.428     3557.019     3664.317
 17  JTT           1762.255     7   3538.510     3538.764     3567.260
 18  JTT+I         1762.234     8   3540.469     3540.796     3573.325
 19  JTT+G4        1762.251     8   3540.503     3540.830     3573.359
 21  JTT+F         1747.850     26  3547.701     3551.028     3654.484
 22  JTT+F+I       1747.724     27  3549.448     3553.039     3660.337
 23  JTT+F+G4      1747.781     27  3549.562     3553.154     3660.452
WARNING: Normalizing state frequencies so that sum of them equals to 1
 25  Q.pfam        1762.703     7   3539.405     3539.659     3568.154
WARNING: Normalizing state frequencies so that sum of them equals to 1
 26  Q.pfam+I      1762.704     8   3541.408     3541.735     3574.264
WARNING: Normalizing state frequencies so that sum of them equals to 1
 27  Q.pfam+G4     1762.706     8   3541.412     3541.740     3574.269
WARNING: Normalizing state frequencies so that sum of them equals to 1
 29  Q.pfam+F      1748.369     26  3548.738     3552.065     3655.521
WARNING: Normalizing state frequencies so that sum of them equals to 1
 30  Q.pfam+F+I    1748.358     27  3550.716     3554.307     3661.606
WARNING: Normalizing state frequencies so that sum of them equals to 1
 31  Q.pfam+F+G4   1748.364     27  3550.729     3554.320     3661.618
WARNING: Normalizing state frequencies so that sum of them equals to 1
 33  Q.bird        1773.202     7   3560.404     3560.658     3589.153
WARNING: Normalizing state frequencies so that sum of them equals to 1
 34  Q.bird+I      1768.280     8   3552.559     3552.886     3585.415
WARNING: Normalizing state frequencies so that sum of them equals to 1
 35  Q.bird+G4     1768.322     8   3552.643     3552.971     3585.500
WARNING: Normalizing state frequencies so that sum of them equals to 1
 37  Q.bird+F      1761.654     26  3575.309     3578.636     3682.091
WARNING: Normalizing state frequencies so that sum of them equals to 1
 38  Q.bird+F+I    1756.517     27  3567.035     3570.626     3677.924
WARNING: Normalizing state frequencies so that sum of them equals to 1
 39  Q.bird+F+G4   1756.593     27  3567.186     3570.777     3678.075
WARNING: Normalizing state frequencies so that sum of them equals to 1
 41  Q.mammal      1767.651     7   3549.301     3549.555     3578.051
WARNING: Normalizing state frequencies so that sum of them equals to 1
 42  Q.mammal+I    1765.864     8   3547.728     3548.055     3580.584
WARNING: Normalizing state frequencies so that sum of them equals to 1
 43  Q.mammal+G4   1765.919     8   3547.838     3548.165     3580.694
WARNING: Normalizing state frequencies so that sum of them equals to 1
 45  Q.mammal+F    1755.868     26  3563.736     3567.063     3670.519
WARNING: Normalizing state frequencies so that sum of them equals to 1
 46  Q.mammal+F+I  1753.899     27  3561.798     3565.390     3672.688
WARNING: Normalizing state frequencies so that sum of them equals to 1
 47  Q.mammal+F+G4 1753.972     27  3561.945     3565.536     3672.834
 49  Q.insect      1764.848     7   3543.696     3543.950     3572.445
 50  Q.insect+I    1764.757     8   3545.514     3545.841     3578.370
 51  Q.insect+G4   1764.788     8   3545.575     3545.903     3578.432
 53  Q.insect+F    1744.749     26  3541.499     3544.826     3648.281
 54  Q.insect+F+I  1744.631     27  3543.263     3546.854     3654.152
 55  Q.insect+F+G4 1744.674     27  3543.348     3546.939     3654.237
WARNING: Normalizing state frequencies so that sum of them equals to 1
 57  Q.plant       1764.970     7   3543.940     3544.194     3572.689
WARNING: Normalizing state frequencies so that sum of them equals to 1
 58  Q.plant+I     1762.905     8   3541.810     3542.137     3574.666
WARNING: Normalizing state frequencies so that sum of them equals to 1
 59  Q.plant+G4    1762.973     8   3541.946     3542.274     3574.802
WARNING: Normalizing state frequencies so that sum of them equals to 1
 61  Q.plant+F     1751.689     26  3555.377     3558.704     3662.160
WARNING: Normalizing state frequencies so that sum of them equals to 1
 62  Q.plant+F+I   1749.070     27  3552.141     3555.732     3663.030
WARNING: Normalizing state frequencies so that sum of them equals to 1
 63  Q.plant+F+G4  1749.212     27  3552.425     3556.016     3663.314
WARNING: Normalizing state frequencies so that sum of them equals to 1
 65  Q.yeast       1770.209     7   3554.418     3554.672     3583.167
WARNING: Normalizing state frequencies so that sum of them equals to 1
 66  Q.yeast+I     1770.085     8   3556.170     3556.497     3589.026
WARNING: Normalizing state frequencies so that sum of them equals to 1
 67  Q.yeast+G4    1770.105     8   3556.210     3556.538     3589.067
WARNING: Normalizing state frequencies so that sum of them equals to 1
 69  Q.yeast+F     1746.087     26  3544.174     3547.501     3650.957
WARNING: Normalizing state frequencies so that sum of them equals to 1
 70  Q.yeast+F+I   1745.969     27  3545.938     3549.529     3656.827
WARNING: Normalizing state frequencies so that sum of them equals to 1
 71  Q.yeast+F+G4  1745.992     27  3545.985     3549.576     3656.874
 73  JTTDCMut      1763.089     7   3540.179     3540.433     3568.928
 74  JTTDCMut+I    1763.058     8   3542.115     3542.443     3574.971
 75  JTTDCMut+G4   1763.079     8   3542.159     3542.486     3575.015
 77  JTTDCMut+F    1748.346     26  3548.693     3552.020     3655.476
 78  JTTDCMut+F+I  1748.182     27  3550.363     3553.955     3661.253
 79  JTTDCMut+F+G4 1748.247     27  3550.493     3554.085     3661.383
 81  DCMut         1777.217     7   3568.435     3568.689     3597.184
 82  DCMut+I       1776.666     8   3569.332     3569.660     3602.189
 83  DCMut+G4      1776.697     8   3569.395     3569.722     3602.251
 85  DCMut+F       1752.737     26  3557.474     3560.801     3664.256
 86  DCMut+F+I     1751.357     27  3556.715     3560.306     3667.605
 87  DCMut+F+G4    1751.472     27  3556.944     3560.535     3667.833
 89  VT            1766.492     7   3546.984     3547.238     3575.733
 90  VT+I          1766.492     8   3548.984     3549.311     3581.840
 91  VT+G4         1766.493     8   3548.986     3549.313     3581.842
 93  VT+F          1753.308     26  3558.617     3561.944     3665.399
 94  VT+F+I        1753.308     27  3560.617     3564.208     3671.506
 95  VT+F+G4       1753.309     27  3560.619     3564.210     3671.508
 97  PMB           1777.305     7   3568.609     3568.863     3597.358
 98  PMB+I         1777.305     8   3570.609     3570.937     3603.465
 99  PMB+G4        1777.306     8   3570.612     3570.939     3603.468
101  PMB+F         1759.578     26  3571.156     3574.483     3677.939
102  PMB+F+I       1759.578     27  3573.156     3576.748     3684.046
103  PMB+F+G4      1759.579     27  3573.158     3576.750     3684.048
105  Blosum62      1779.174     7   3572.348     3572.602     3601.097
106  Blosum62+I    1779.174     8   3574.348     3574.675     3607.204
107  Blosum62+G4   1779.175     8   3574.349     3574.677     3607.205
109  Blosum62+F    1760.024     26  3572.048     3575.375     3678.830
110  Blosum62+F+I  1760.024     27  3574.048     3577.639     3684.937
111  Blosum62+F+G4 1760.024     27  3574.049     3577.640     3684.939
113  Dayhoff       1777.236     7   3568.472     3568.726     3597.221
114  Dayhoff+I     1776.650     8   3569.300     3569.627     3602.156
115  Dayhoff+G4    1776.683     8   3569.366     3569.694     3602.223
117  Dayhoff+F     1752.778     26  3557.555     3560.882     3664.338
118  Dayhoff+F+I   1751.338     27  3556.676     3560.268     3667.566
119  Dayhoff+F+G4  1751.457     27  3556.915     3560.506     3667.804
121  mtREV         1878.730     7   3771.459     3771.713     3800.209
122  mtREV+I       1873.018     8   3762.035     3762.362     3794.891
123  mtREV+G4      1872.922     8   3761.844     3762.171     3794.700
125  mtREV+F       1765.232     26  3582.464     3585.791     3689.247
126  mtREV+F+I     1759.969     27  3573.939     3577.530     3684.829
127  mtREV+F+G4    1760.046     27  3574.092     3577.683     3684.981
129  mtART         1893.060     7   3800.120     3800.374     3828.869
130  mtART+I       1874.803     8   3765.605     3765.932     3798.461
131  mtART+G4      1872.246     8   3760.492     3760.819     3793.348
133  mtART+F       1778.643     26  3609.287     3612.614     3716.069
134  mtART+F+I     1764.216     27  3582.431     3586.023     3693.321
135  mtART+F+G4    1762.862     27  3579.724     3583.315     3690.613
137  mtZOA         1863.233     7   3740.466     3740.720     3769.215
138  mtZOA+I       1856.096     8   3728.192     3728.519     3761.048
139  mtZOA+G4      1855.411     8   3726.822     3727.149     3759.678
141  mtZOA+F       1762.826     26  3577.652     3580.979     3684.435
142  mtZOA+F+I     1757.205     27  3568.410     3572.001     3679.299
143  mtZOA+F+G4    1756.962     27  3567.925     3571.516     3678.815
145  mtMet         1888.648     7   3791.295     3791.549     3820.045
146  mtMet+I       1883.189     8   3782.377     3782.704     3815.233
147  mtMet+G4      1882.949     8   3781.898     3782.226     3814.754
149  mtMet+F       1762.395     26  3576.790     3580.117     3683.572
150  mtMet+F+I     1757.936     27  3569.872     3573.464     3680.762
151  mtMet+F+G4    1758.003     27  3570.006     3573.598     3680.896
153  mtVer         1897.234     7   3808.468     3808.722     3837.217
154  mtVer+I       1888.819     8   3793.637     3793.965     3826.494
155  mtVer+G4      1888.168     8   3792.336     3792.663     3825.192
157  mtVer+F       1769.843     26  3591.685     3595.012     3698.468
158  mtVer+F+I     1761.836     27  3577.673     3581.264     3688.562
159  mtVer+F+G4    1761.660     27  3577.320     3580.911     3688.209
161  mtInv         1911.602     7   3837.204     3837.458     3865.953
162  mtInv+I       1908.152     8   3832.303     3832.631     3865.160
163  mtInv+G4      1908.005     8   3832.010     3832.337     3864.866
165  mtInv+F       1759.796     26  3571.592     3574.919     3678.374
166  mtInv+F+I     1757.001     27  3568.002     3571.593     3678.891
167  mtInv+F+G4    1757.062     27  3568.124     3571.715     3679.014
169  mtMAM         1908.327     7   3830.653     3830.907     3859.403
170  mtMAM+I       1886.143     8   3788.285     3788.613     3821.142
171  mtMAM+G4      1883.505     8   3783.010     3783.337     3815.866
173  mtMAM+F       1785.420     26  3622.841     3626.168     3729.624
174  mtMAM+F+I     1767.382     27  3588.765     3592.356     3699.654
175  mtMAM+F+G4    1766.320     27  3586.639     3590.230     3697.529
WARNING: Normalizing state frequencies so that sum of them equals to 1
177  FLAVI         1821.367     7   3656.735     3656.989     3685.484
WARNING: Normalizing state frequencies so that sum of them equals to 1
178  FLAVI+I       1809.224     8   3634.447     3634.774     3667.303
WARNING: Normalizing state frequencies so that sum of them equals to 1
179  FLAVI+G4      1808.658     8   3633.317     3633.644     3666.173
WARNING: Normalizing state frequencies so that sum of them equals to 1
181  FLAVI+F       1776.496     26  3604.992     3608.319     3711.775
WARNING: Normalizing state frequencies so that sum of them equals to 1
182  FLAVI+F+I     1764.523     27  3583.046     3586.637     3693.936
WARNING: Normalizing state frequencies so that sum of them equals to 1
183  FLAVI+F+G4    1764.277     27  3582.553     3586.145     3693.443
185  HIVb          1798.558     7   3611.115     3611.369     3639.864
186  HIVb+I        1787.966     8   3591.933     3592.260     3624.789
187  HIVb+G4       1788.375     8   3592.751     3593.078     3625.607
189  HIVb+F        1769.675     26  3591.351     3594.678     3698.134
190  HIVb+F+I      1759.027     27  3572.053     3575.645     3682.943
191  HIVb+F+G4     1759.401     27  3572.801     3576.392     3683.691
193  HIVw          1851.496     7   3716.991     3717.245     3745.740
194  HIVw+I        1837.603     8   3691.207     3691.534     3724.063
195  HIVw+G4       1837.881     8   3691.763     3692.090     3724.619
197  HIVw+F        1783.265     26  3618.530     3621.857     3725.313
198  HIVw+F+I      1771.535     27  3597.071     3600.662     3707.960
199  HIVw+F+G4     1771.848     27  3597.696     3601.287     3708.586
201  FLU           1793.082     7   3600.164     3600.418     3628.913
202  FLU+I         1787.335     8   3590.669     3590.997     3623.526
203  FLU+G4        1787.531     8   3591.062     3591.390     3623.919
205  FLU+F         1763.025     26  3578.050     3581.377     3684.833
206  FLU+F+I       1757.632     27  3569.265     3572.856     3680.154
207  FLU+F+G4      1757.827     27  3569.653     3573.245     3680.543
209  rtREV         1792.475     7   3598.951     3599.205     3627.700
210  rtREV+I       1792.168     8   3600.336     3600.663     3633.192
211  rtREV+G4      1792.193     8   3600.385     3600.712     3633.241
213  rtREV+F       1754.856     26  3561.712     3565.039     3668.495
214  rtREV+F+I     1754.294     27  3562.588     3566.180     3673.478
215  rtREV+F+G4    1754.336     27  3562.673     3566.264     3673.562
217  cpREV         1787.680     7   3589.359     3589.613     3618.108
218  cpREV+I       1787.083     8   3590.165     3590.493     3623.021
219  cpREV+G4      1787.165     8   3590.330     3590.657     3623.186
221  cpREV+F       1760.733     26  3573.465     3576.792     3680.248
222  cpREV+F+I     1759.245     27  3572.490     3576.082     3683.380
223  cpREV+F+G4    1759.409     27  3572.817     3576.409     3683.707
Akaike Information Criterion:           JTT
Corrected Akaike Information Criterion: JTT
Bayesian Information Criterion:         JTT
Best-fit model: JTT chosen according to BIC

All model information printed to ../results/molecular_evolution_analyses/phylogenetic_trees/F71525_MLIG_G1/F71525_MLIG_G1.model.gz
CPU time for ModelFinder: 0.771 seconds (0h:0m:0s)
Wall-clock time for ModelFinder: 0.771 seconds (0h:0m:0s)
Generating 1000 samples for ultrafast bootstrap (seed: 685286)...

NOTE: 0 MB RAM (0 GB) is required!
Estimate model parameters (epsilon = 0.100)
1. Initial log-likelihood: -1762.255
Optimal log-likelihood: -1762.255
Parameters optimization took 1 rounds (0.001 sec)
Wrote distance file to... 
Computing ML distances based on estimated model parameters...
Calculating distance matrix: done in 0.000699997 secs using 99.29% CPU
Computing ML distances took 0.000722 sec (of wall-clock time) 0.000717 sec (of CPU time)
Setting up auxiliary I and S matrices: done in 3.79086e-05 secs using 100.2% CPU
Constructing RapidNJ tree: done in 2.00272e-05 secs using 104.9% CPU
Computing RapidNJ tree took 0.000137 sec (of wall-clock time) 0.000136 sec (of CPU time)
Log-likelihood of RapidNJ tree: -1762.256
--------------------------------------------------------------------
|             INITIALIZING CANDIDATE TREE SET                      |
--------------------------------------------------------------------
Generating 99 parsimony trees... 0.011 second
Computing log-likelihood of 8 initial trees ... 0.001 seconds
Current best score: -1762.255

Do NNI search on 9 best initial trees
Optimizing NNI: done in 0.000618219 secs using 200.1% CPU
Optimizing NNI: done in 0.000699997 secs using 200.3% CPU
UPDATE BEST LOG-LIKELIHOOD: -1762.255
Optimizing NNI: done in 0.00068903 secs using 199.8% CPU
Optimizing NNI: done in 0.00120211 secs
Optimizing NNI: done in 0.00132298 secs
Optimizing NNI: done in 0.00131512 secs using 199.1% CPU
Optimizing NNI: done in 0.00133395 secs using 199.2% CPU
Optimizing NNI: done in 0.00130796 secs using 199.9% CPU
Optimizing NNI: done in 0.00120401 secs using 200% CPU
Finish initializing candidate tree set (9)
Current best tree score: -1762.255 / CPU time: 0.026
Number of iterations: 9
--------------------------------------------------------------------
|               OPTIMIZING CANDIDATE TREE SET                      |
--------------------------------------------------------------------
Optimizing NNI: done in 0.0013361 secs using 200% CPU
Iteration 10 / LogL: -1762.257 / Time: 0h:0m:0s
Optimizing NNI: done in 0.001302 secs using 199.9% CPU
Optimizing NNI: done in 0.000473976 secs using 199.8% CPU
Optimizing NNI: done in 0.000460863 secs using 199.6% CPU
Optimizing NNI: done in 0.00049901 secs using 200.6% CPU
Optimizing NNI: done in 0.00106192 secs using 200% CPU
Optimizing NNI: done in 0.00106311 secs using 200% CPU
Optimizing NNI: done in 0.000507116 secs using 200.3% CPU
Optimizing NNI: done in 0.000502825 secs using 199.7% CPU
Optimizing NNI: done in 0.000634193 secs using 199.9% CPU
Optimizing NNI: done in 0.000495911 secs using 200.4% CPU
Iteration 20 / LogL: -1762.255 / Time: 0h:0m:0s
Optimizing NNI: done in 0.00119686 secs using 200.2% CPU
Optimizing NNI: done in 0.000471115 secs using 200% CPU
Optimizing NNI: done in 0.000499964 secs using 199.8% CPU
Optimizing NNI: done in 0.0013361 secs using 199.9% CPU
Optimizing NNI: done in 0.00167894 secs using 200.2% CPU
Optimizing NNI: done in 0.000475883 secs using 199.8% CPU
Optimizing NNI: done in 0.00048089 secs using 198% CPU
Optimizing NNI: done in 0.000519991 secs using 199.6% CPU
Optimizing NNI: done in 0.00110507 secs using 199.9% CPU
Optimizing NNI: done in 0.0010972 secs using 199.9% CPU
Iteration 30 / LogL: -1762.256 / Time: 0h:0m:0s (0h:0m:0s left)
Optimizing NNI: done in 0.00164413 secs using 199.9% CPU
Optimizing NNI: done in 0.000629902 secs using 199.1% CPU
Optimizing NNI: done in 0.000633955 secs using 199.9% CPU
Optimizing NNI: done in 0.00130105 secs using 200.1% CPU
Optimizing NNI: done in 0.00050807 secs using 200% CPU
Optimizing NNI: done in 0.000469923 secs using 199.8% CPU
Optimizing NNI: done in 0.000635147 secs using 200% CPU
Optimizing NNI: done in 0.00167799 secs using 200.1% CPU
Optimizing NNI: done in 0.00110197 secs using 200.2% CPU
Optimizing NNI: done in 0.00107002 secs using 197.8% CPU
Iteration 40 / LogL: -1762.256 / Time: 0h:0m:0s (0h:0m:0s left)
Optimizing NNI: done in 0.00117397 secs using 200% CPU
Optimizing NNI: done in 0.00166917 secs using 199.3% CPU
Optimizing NNI: done in 0.00165391 secs using 199.5% CPU
Optimizing NNI: done in 0.000627041 secs using 199.7% CPU
Optimizing NNI: done in 0.000627041 secs using 199.8% CPU
Optimizing NNI: done in 0.000634909 secs using 200.5% CPU
Optimizing NNI: done in 0.00118017 secs using 199.9% CPU
Optimizing NNI: done in 0.000634909 secs using 200.3% CPU
Optimizing NNI: done in 0.00124693 secs using 199.6% CPU
Optimizing NNI: done in 0.000629902 secs using 199.9% CPU
Iteration 50 / LogL: -1762.255 / Time: 0h:0m:0s (0h:0m:0s left)
Log-likelihood cutoff on original alignment: -1762.718
Optimizing NNI: done in 0.000658035 secs using 199.5% CPU
Optimizing NNI: done in 0.000633001 secs using 200% CPU
Optimizing NNI: done in 0.000634909 secs using 199.9% CPU
Optimizing NNI: done in 0.00118303 secs using 100% CPU
Optimizing NNI: done in 0.000509024 secs using 99.8% CPU
Optimizing NNI: done in 0.000472069 secs using 99.99% CPU
Optimizing NNI: done in 0.000468969 secs using 100% CPU
Optimizing NNI: done in 0.000468016 secs using 100% CPU
Optimizing NNI: done in 0.00120902 secs using 100% CPU
Optimizing NNI: done in 0.000634909 secs using 100% CPU
Iteration 60 / LogL: -1762.255 / Time: 0h:0m:0s (0h:0m:0s left)
Optimizing NNI: done in 0.000633001 secs using 99.84% CPU
Optimizing NNI: done in 0.000630856 secs using 99.86% CPU
Optimizing NNI: done in 0.00164604 secs using 99.82% CPU
Optimizing NNI: done in 0.000630856 secs using 100% CPU
Optimizing NNI: done in 0.000485897 secs using 99.4% CPU
Optimizing NNI: done in 0.00110006 secs using 100.1% CPU
Optimizing NNI: done in 0.00168014 secs using 99.99% CPU
Optimizing NNI: done in 0.000512123 secs using 99.59% CPU
Optimizing NNI: done in 0.000629902 secs using 100.2% CPU
Optimizing NNI: done in 0.000473022 secs using 100% CPU
Iteration 70 / LogL: -2190.987 / Time: 0h:0m:0s (0h:0m:0s left)
Optimizing NNI: done in 0.00121188 secs using 99.93% CPU
Optimizing NNI: done in 0.000463963 secs using 100.2% CPU
Optimizing NNI: done in 0.000627041 secs using 99.83% CPU
Optimizing NNI: done in 0.00166512 secs using 99.93% CPU
Optimizing NNI: done in 0.000473022 secs using 100% CPU
Optimizing NNI: done in 0.000629902 secs using 100% CPU
Optimizing NNI: done in 0.00121498 secs using 100% CPU
Optimizing NNI: done in 0.000473022 secs using 100% CPU
Optimizing NNI: done in 0.00063014 secs using 99.82% CPU
Optimizing NNI: done in 0.000462055 secs using 99.99% CPU
Iteration 80 / LogL: -2190.987 / Time: 0h:0m:0s (0h:0m:0s left)
Optimizing NNI: done in 0.00105381 secs using 100% CPU
Optimizing NNI: done in 0.00105095 secs using 99.91% CPU
Optimizing NNI: done in 0.000466108 secs using 99.98% CPU
Optimizing NNI: done in 0.00117993 secs using 100% CPU
Optimizing NNI: done in 0.00123119 secs using 99.9% CPU
Optimizing NNI: done in 0.00122809 secs using 99.99% CPU
Optimizing NNI: done in 0.00049901 secs using 99.8% CPU
Optimizing NNI: done in 0.000468969 secs using 100% CPU
Optimizing NNI: done in 0.00050807 secs using 99.99% CPU
Optimizing NNI: done in 0.00134587 secs using 99.79% CPU
Iteration 90 / LogL: -1762.257 / Time: 0h:0m:0s (0h:0m:0s left)
Optimizing NNI: done in 0.000504017 secs using 100.2% CPU
Optimizing NNI: done in 0.00117493 secs using 100% CPU
Optimizing NNI: done in 0.000473022 secs using 100% CPU
Optimizing NNI: done in 0.001091 secs using 100% CPU
Optimizing NNI: done in 0.000468016 secs using 100% CPU
Optimizing NNI: done in 0.000463963 secs using 100% CPU
Optimizing NNI: done in 0.00107813 secs using 100.1% CPU
Optimizing NNI: done in 0.000635147 secs using 99.98% CPU
Optimizing NNI: done in 0.00107193 secs using 99.73% CPU
Optimizing NNI: done in 0.000469208 secs using 99.96% CPU
Iteration 100 / LogL: -2190.987 / Time: 0h:0m:0s (0h:0m:0s left)
Log-likelihood cutoff on original alignment: -1762.718
NOTE: Bootstrap correlation coefficient of split occurrence frequencies: 0.996
Optimizing NNI: done in 0.00133014 secs using 99.91% CPU
TREE SEARCH COMPLETED AFTER 101 ITERATIONS / Time: 0h:0m:0s

--------------------------------------------------------------------
|                    FINALIZING TREE SEARCH                        |
--------------------------------------------------------------------
Performs final model parameters optimization
Estimate model parameters (epsilon = 0.010)
1. Initial log-likelihood: -1762.255
Optimal log-likelihood: -1762.255
Parameters optimization took 1 rounds (0.000 sec)
BEST SCORE FOUND : -1762.255

Testing tree branches by SH-like aLRT with 1000 replicates...
0.020 sec.
Creating bootstrap support values...
Split supports printed to NEXUS file ../results/molecular_evolution_analyses/phylogenetic_trees/F71525_MLIG_G1/F71525_MLIG_G1.splits.nex
Total tree length: 0.238

Total number of iterations: 101
CPU time used for tree search: 0.561 sec (0h:0m:0s)
Wall-clock time used for tree search: 0.377 sec (0h:0m:0s)
Total CPU time used: 0.604 sec (0h:0m:0s)
Total wall-clock time used: 0.424 sec (0h:0m:0s)

Computing bootstrap consensus tree...
Reading input file ../results/molecular_evolution_analyses/phylogenetic_trees/F71525_MLIG_G1/F71525_MLIG_G1.splits.nex...
5 taxa and 9 splits.
Consensus tree written to ../results/molecular_evolution_analyses/phylogenetic_trees/F71525_MLIG_G1/F71525_MLIG_G1.contree
Reading input trees file ../results/molecular_evolution_analyses/phylogenetic_trees/F71525_MLIG_G1/F71525_MLIG_G1.contree
Log-likelihood of consensus tree: -1762.257

Analysis results written to: 
  IQ-TREE report:                ../results/molecular_evolution_analyses/phylogenetic_trees/F71525_MLIG_G1/F71525_MLIG_G1.iqtree
  Maximum-likelihood tree:       ../results/molecular_evolution_analyses/phylogenetic_trees/F71525_MLIG_G1/F71525_MLIG_G1.treefile
  Likelihood distances:          ../results/molecular_evolution_analyses/phylogenetic_trees/F71525_MLIG_G1/F71525_MLIG_G1.mldist

Ultrafast bootstrap approximation results written to:
  Split support values:          ../results/molecular_evolution_analyses/phylogenetic_trees/F71525_MLIG_G1/F71525_MLIG_G1.splits.nex
  Consensus tree:                ../results/molecular_evolution_analyses/phylogenetic_trees/F71525_MLIG_G1/F71525_MLIG_G1.contree
  Screen log file:               ../results/molecular_evolution_analyses/phylogenetic_trees/F71525_MLIG_G1/F71525_MLIG_G1.log

Date and Time: Wed May  1 09:03:21 2024
