IQ-TREE multicore version 2.2.2.6 COVID-edition for Linux 64-bit built May 27 2023
Developed by Bui Quang Minh, James Barbetti, Nguyen Lam Tung,
Olga Chernomor, Heiko Schmidt, Dominik Schrempf, Michael Woodhams, Ly Trong Nhan.

Host:    lbc5 (AVX2, FMA3, 125 GB RAM)
Command: /home/mauricio/mauricio_PROGRAMAS/iqtree-2.2.2.6-Linux/bin/iqtree2 -s ../results/molecular_evolution_analyses/alignments_gblocks/F8716_SCUR_G1/F8716_SCUR_G1.aln.gblo -m TEST --threads-max 32 --alrt 1000 --ufboot 1000 --prefix ../results/molecular_evolution_analyses/phylogenetic_trees/F8716_SCUR_G1/F8716_SCUR_G1 -keep-ident -redo
Seed:    556260 (Using SPRNG - Scalable Parallel Random Number Generator)
Time:    Wed May  1 12:31:41 2024
Kernel:  AVX+FMA - 1 threads (32 CPU cores detected)

HINT: Use -nt option to specify number of threads because your CPU has 32 cores!
HINT: -nt AUTO will automatically determine the best number of threads to use.

Reading alignment file ../results/molecular_evolution_analyses/alignments_gblocks/F8716_SCUR_G1/F8716_SCUR_G1.aln.gblo ... Fasta format detected
Reading fasta file: done in 0.000188828 secs using 99.56% CPU
Alignment most likely contains protein sequences
Constructing alignment: done in 0.000525951 secs using 99.82% CPU
Alignment has 12 sequences with 553 columns, 94 distinct patterns
41 parsimony-informative, 35 singleton sites, 477 constant sites
           Gap/Ambiguity  Composition  p-value
Analyzing sequences: done in 1.00136e-05 secs using 109.9% CPU
   1  Scur.1700    0.00%    passed    100.00%
   2  Scur.4814    0.00%    passed    100.00%
   3  Scur.4815    0.00%    passed    100.00%
   4  Scur.1622    0.00%    passed    100.00%
   5  Scur.9062    0.00%    passed    100.00%
   6  Scur.935     0.00%    passed    100.00%
   7  Scur.3663    0.00%    passed    100.00%
   8  Scur.9847    0.00%    passed    100.00%
   9  Scur.8227    0.00%    passed    100.00%
  10  Scur.6731    0.00%    passed    100.00%
  11  Scur.7480    0.00%    passed    100.00%
  12  Scur.9047    0.00%    passed    100.00%
****  TOTAL        0.00%  0 sequences failed composition chi2 test (p-value<5%; df=19)


Create initial parsimony tree by phylogenetic likelihood library (PLL)... 0.000 seconds
Perform fast likelihood tree search using LG+I+G model...
Estimate model parameters (epsilon = 5.000)
Perform nearest neighbor interchange...
Optimizing NNI: done in 0.00855494 secs using 99.97% CPU
Estimate model parameters (epsilon = 1.000)
1. Initial log-likelihood: -2304.884
Optimal log-likelihood: -2304.884
Proportion of invariable sites: 0.432
Gamma shape alpha: 8.162
Parameters optimization took 1 rounds (0.013 sec)
Time for fast ML tree search: 0.039 seconds

NOTE: ModelFinder requires 1 MB RAM!
ModelFinder will test up to 224 protein models (sample size: 553) ...
 No. Model         -LnL         df  AIC          AICc         BIC
  1  LG            2307.141     21  4656.281     4658.021     4746.904
  2  LG+I          2304.831     22  4653.662     4655.571     4748.599
  3  LG+G4         2304.965     22  4653.930     4655.840     4748.868
  4  LG+I+G4       2304.884     23  4655.768     4657.855     4755.021
  5  LG+F          2279.767     40  4639.533     4645.939     4812.148
  6  LG+F+I        2277.492     41  4636.984     4643.724     4813.914
  7  LG+F+G4       2277.619     41  4637.237     4643.977     4814.167
  8  LG+F+I+G4     2277.541     42  4639.081     4646.164     4820.326
  9  WAG           2296.055     21  4634.110     4635.850     4724.732
 10  WAG+I         2294.196     22  4632.391     4634.301     4727.329
 11  WAG+G4        2294.358     22  4632.716     4634.626     4727.654
 12  WAG+I+G4      2294.211     23  4634.421     4636.508     4733.674
 13  WAG+F         2268.543     40  4617.085     4623.491     4789.699
 14  WAG+F+I       2266.623     41  4615.245     4621.985     4792.175
 15  WAG+F+G4      2266.780     41  4615.561     4622.300     4792.490
 16  WAG+F+I+G4    2266.645     42  4617.289     4624.372     4798.534
 17  JTT           2271.928     21  4585.857     4587.597     4676.479
 18  JTT+I         2270.241     22  4584.482     4586.392     4679.420
 19  JTT+G4        2270.426     22  4584.852     4586.761     4679.790
 20  JTT+I+G4      2270.244     23  4586.487     4588.574     4685.741
 21  JTT+F         2248.584     40  4577.168     4583.574     4749.782
 22  JTT+F+I       2246.915     41  4575.830     4582.570     4752.760
 23  JTT+F+G4      2247.099     41  4576.197     4582.937     4753.127
 24  JTT+F+I+G4    2246.917     42  4577.835     4584.917     4759.080
WARNING: Normalizing state frequencies so that sum of them equals to 1
 25  Q.pfam        2309.528     21  4661.056     4662.796     4751.679
WARNING: Normalizing state frequencies so that sum of them equals to 1
 26  Q.pfam+I      2307.083     22  4658.166     4660.076     4753.104
WARNING: Normalizing state frequencies so that sum of them equals to 1
 27  Q.pfam+G4     2307.236     22  4658.471     4660.380     4753.409
WARNING: Normalizing state frequencies so that sum of them equals to 1
 28  Q.pfam+I+G4   2307.152     23  4660.304     4662.391     4759.558
WARNING: Normalizing state frequencies so that sum of them equals to 1
 29  Q.pfam+F      2276.999     40  4633.999     4640.405     4806.613
WARNING: Normalizing state frequencies so that sum of them equals to 1
 30  Q.pfam+F+I    2274.505     41  4631.009     4637.749     4807.939
WARNING: Normalizing state frequencies so that sum of them equals to 1
 31  Q.pfam+F+G4   2274.646     41  4631.293     4638.033     4808.223
WARNING: Normalizing state frequencies so that sum of them equals to 1
 32  Q.pfam+F+I+G4 2274.574     42  4633.147     4640.230     4814.392
WARNING: Normalizing state frequencies so that sum of them equals to 1
 33  Q.bird        2256.420     21  4554.840     4556.580     4645.462
WARNING: Normalizing state frequencies so that sum of them equals to 1
 34  Q.bird+I      2254.273     22  4552.545     4554.455     4647.483
WARNING: Normalizing state frequencies so that sum of them equals to 1
 35  Q.bird+G4     2254.485     22  4552.970     4554.879     4647.907
WARNING: Normalizing state frequencies so that sum of them equals to 1
 36  Q.bird+I+G4   2254.319     23  4554.639     4556.726     4653.892
WARNING: Normalizing state frequencies so that sum of them equals to 1
 37  Q.bird+F      2237.021     40  4554.042     4560.449     4726.657
WARNING: Normalizing state frequencies so that sum of them equals to 1
 38  Q.bird+F+I    2234.709     41  4551.417     4558.157     4728.347
WARNING: Normalizing state frequencies so that sum of them equals to 1
 39  Q.bird+F+G4   2234.913     41  4551.825     4558.565     4728.755
WARNING: Normalizing state frequencies so that sum of them equals to 1
 40  Q.bird+F+I+G4 2234.774     42  4553.549     4560.631     4734.794
WARNING: Normalizing state frequencies so that sum of them equals to 1
 41  Q.mammal      2261.902     21  4565.803     4567.543     4656.426
WARNING: Normalizing state frequencies so that sum of them equals to 1
 42  Q.mammal+I    2260.028     22  4564.056     4565.965     4658.993
WARNING: Normalizing state frequencies so that sum of them equals to 1
 43  Q.mammal+G4   2260.237     22  4564.473     4566.383     4659.411
WARNING: Normalizing state frequencies so that sum of them equals to 1
 44  Q.mammal+I+G4 2260.042     23  4566.084     4568.171     4665.337
WARNING: Normalizing state frequencies so that sum of them equals to 1
 45  Q.mammal+F    2238.986     40  4557.971     4564.377     4730.585
WARNING: Normalizing state frequencies so that sum of them equals to 1
 46  Q.mammal+F+I  2236.859     41  4555.718     4562.458     4732.648
WARNING: Normalizing state frequencies so that sum of them equals to 1
 47  Q.mammal+F+G4 2237.065     41  4556.129     4562.869     4733.059
WARNING: Normalizing state frequencies so that sum of them equals to 1
 48  Q.mammal+F+I+G4 2236.904     42  4557.808     4564.890     4739.053
 49  Q.insect      2295.889     21  4633.778     4635.518     4724.401
 50  Q.insect+I    2293.728     22  4631.456     4633.366     4726.394
 51  Q.insect+G4   2293.893     22  4631.785     4633.695     4726.723
 52  Q.insect+I+G4 2293.776     23  4633.553     4635.640     4732.806
 53  Q.insect+F    2270.419     40  4620.838     4627.244     4793.452
 54  Q.insect+F+I  2268.265     41  4618.529     4625.269     4795.459
 55  Q.insect+F+G4 2268.415     41  4618.830     4625.570     4795.760
 56  Q.insect+F+I+G4 2268.310     42  4620.620     4627.703     4801.865
WARNING: Normalizing state frequencies so that sum of them equals to 1
 57  Q.plant       2274.926     21  4591.851     4593.591     4682.474
WARNING: Normalizing state frequencies so that sum of them equals to 1
 58  Q.plant+I     2272.742     22  4589.484     4591.393     4684.422
WARNING: Normalizing state frequencies so that sum of them equals to 1
 59  Q.plant+G4    2272.915     22  4589.829     4591.739     4684.767
WARNING: Normalizing state frequencies so that sum of them equals to 1
 60  Q.plant+I+G4  2272.793     23  4591.585     4593.672     4690.839
WARNING: Normalizing state frequencies so that sum of them equals to 1
 61  Q.plant+F     2251.520     40  4583.040     4589.447     4755.655
WARNING: Normalizing state frequencies so that sum of them equals to 1
 62  Q.plant+F+I   2249.385     41  4580.770     4587.510     4757.700
WARNING: Normalizing state frequencies so that sum of them equals to 1
 63  Q.plant+F+G4  2249.547     41  4581.095     4587.835     4758.025
WARNING: Normalizing state frequencies so that sum of them equals to 1
 64  Q.plant+F+I+G4 2249.430     42  4582.859     4589.941     4764.104
WARNING: Normalizing state frequencies so that sum of them equals to 1
 65  Q.yeast       2313.805     21  4669.609     4671.350     4760.232
WARNING: Normalizing state frequencies so that sum of them equals to 1
 66  Q.yeast+I     2311.388     22  4666.777     4668.686     4761.714
WARNING: Normalizing state frequencies so that sum of them equals to 1
 67  Q.yeast+G4    2311.534     22  4667.067     4668.977     4762.005
WARNING: Normalizing state frequencies so that sum of them equals to 1
 68  Q.yeast+I+G4  2311.452     23  4668.905     4670.992     4768.158
WARNING: Normalizing state frequencies so that sum of them equals to 1
 69  Q.yeast+F     2276.889     40  4633.778     4640.185     4806.393
WARNING: Normalizing state frequencies so that sum of them equals to 1
 70  Q.yeast+F+I   2274.493     41  4630.986     4637.726     4807.916
WARNING: Normalizing state frequencies so that sum of them equals to 1
 71  Q.yeast+F+G4  2274.622     41  4631.244     4637.984     4808.174
WARNING: Normalizing state frequencies so that sum of them equals to 1
 72  Q.yeast+F+I+G4 2274.550     42  4633.101     4640.183     4814.346
 73  JTTDCMut      2272.806     21  4587.611     4589.352     4678.234
 74  JTTDCMut+I    2271.122     22  4586.244     4588.153     4681.182
 75  JTTDCMut+G4   2271.305     22  4586.610     4588.520     4681.548
 76  JTTDCMut+I+G4 2271.124     23  4588.249     4590.336     4687.502
 77  JTTDCMut+F    2249.432     40  4578.864     4585.270     4751.478
 78  JTTDCMut+F+I  2247.755     41  4577.509     4584.249     4754.439
 79  JTTDCMut+F+G4 2247.937     41  4577.875     4584.614     4754.804
 80  JTTDCMut+F+I+G4 2247.757     42  4579.514     4586.597     4760.759
 81  DCMut         2311.658     21  4665.315     4667.056     4755.938
 82  DCMut+I       2308.993     22  4661.987     4663.896     4756.924
 83  DCMut+G4      2309.129     22  4662.259     4664.168     4757.197
 84  DCMut+I+G4    2309.052     23  4664.103     4666.190     4763.356
 85  DCMut+F       2278.003     40  4636.006     4642.413     4808.621
 86  DCMut+F+I     2275.195     41  4632.390     4639.130     4809.320
 87  DCMut+F+G4    2275.333     41  4632.667     4639.407     4809.597
 88  DCMut+F+I+G4  2275.264     42  4634.528     4641.611     4815.773
 89  VT            2293.646     21  4629.292     4631.032     4719.915
 90  VT+I          2291.788     22  4627.577     4629.486     4722.515
 91  VT+G4         2291.955     22  4627.910     4629.819     4722.848
 92  VT+I+G4       2291.805     23  4629.610     4631.697     4728.863
 93  VT+F          2267.811     40  4615.622     4622.028     4788.236
 94  VT+F+I        2265.958     41  4613.916     4620.656     4790.846
 95  VT+F+G4       2266.120     41  4614.240     4620.980     4791.170
 96  VT+F+I+G4     2265.974     42  4615.949     4623.031     4797.194
 97  PMB           2305.792     21  4653.584     4655.324     4744.206
 98  PMB+I         2303.747     22  4651.493     4653.403     4746.431
 99  PMB+G4        2303.904     22  4651.808     4653.718     4746.746
100  PMB+I+G4      2303.784     23  4653.568     4655.655     4752.821
101  PMB+F         2285.263     40  4650.526     4656.932     4823.140
102  PMB+F+I       2283.236     41  4648.471     4655.211     4825.401
103  PMB+F+G4      2283.383     41  4648.765     4655.505     4825.695
104  PMB+F+I+G4    2283.270     42  4650.540     4657.623     4831.785
105  Blosum62      2313.067     21  4668.134     4669.874     4758.757
106  Blosum62+I    2310.696     22  4665.392     4667.302     4760.330
107  Blosum62+G4   2310.824     22  4665.649     4667.558     4760.587
108  Blosum62+I+G4 2310.753     23  4667.506     4669.593     4766.760
109  Blosum62+F    2293.393     40  4666.786     4673.192     4839.400
110  Blosum62+F+I  2291.084     41  4664.169     4670.909     4841.099
111  Blosum62+F+G4 2291.198     41  4664.395     4671.135     4841.325
112  Blosum62+F+I+G4 2291.133     42  4666.266     4673.348     4847.511
113  Dayhoff       2311.637     21  4665.273     4667.013     4755.896
114  Dayhoff+I     2308.966     22  4661.932     4663.842     4756.870
115  Dayhoff+G4    2309.102     22  4662.205     4664.114     4757.143
116  Dayhoff+I+G4  2309.025     23  4664.050     4666.137     4763.303
117  Dayhoff+F     2277.987     40  4635.974     4642.381     4808.589
118  Dayhoff+F+I   2275.172     41  4632.345     4639.085     4809.275
119  Dayhoff+F+G4  2275.311     41  4632.623     4639.362     4809.552
120  Dayhoff+F+I+G4 2275.242     42  4634.484     4641.566     4815.729
121  mtREV         2429.682     21  4901.363     4903.103     4991.986
122  mtREV+I       2425.135     22  4894.270     4896.179     4989.207
123  mtREV+G4      2425.259     22  4894.517     4896.426     4989.455
124  mtREV+I+G4    2425.266     23  4896.532     4898.619     4995.785
125  mtREV+F       2279.156     40  4638.313     4644.719     4810.927
126  mtREV+F+I     2275.837     41  4633.674     4640.413     4810.603
127  mtREV+F+G4    2275.934     41  4633.868     4640.608     4810.798
128  mtREV+F+I+G4  2275.909     42  4635.818     4642.900     4817.063
129  mtART         2471.732     21  4985.464     4987.204     5076.086
130  mtART+I       2461.393     22  4966.787     4968.696     5061.725
131  mtART+G4      2461.214     22  4966.429     4968.338     5061.367
132  mtART+I+G4    2460.857     23  4967.714     4969.801     5066.968
133  mtART+F       2339.657     40  4759.315     4765.721     4931.929
134  mtART+F+I     2332.454     41  4746.909     4753.648     4923.838
135  mtART+F+G4    2332.257     41  4746.515     4753.254     4923.444
136  mtART+F+I+G4  2332.035     42  4748.070     4755.152     4929.315
137  mtZOA         2427.488     21  4896.976     4898.716     4987.598
138  mtZOA+I       2420.831     22  4885.662     4887.572     4980.600
139  mtZOA+G4      2420.839     22  4885.678     4887.587     4980.615
140  mtZOA+I+G4    2420.822     23  4887.643     4889.730     4986.897
141  mtZOA+F       2302.809     40  4685.618     4692.025     4858.233
142  mtZOA+F+I     2298.739     41  4679.479     4686.219     4856.409
143  mtZOA+F+G4    2298.806     41  4679.612     4686.352     4856.542
144  mtZOA+F+I+G4  2298.796     42  4681.592     4688.674     4862.837
145  mtMet         2399.740     21  4841.480     4843.220     4932.102
146  mtMet+I       2394.797     22  4833.594     4835.503     4928.532
147  mtMet+G4      2394.921     22  4833.843     4835.752     4928.781
148  mtMet+I+G4    2394.931     23  4835.862     4837.949     4935.115
149  mtMet+F       2268.001     40  4616.002     4622.409     4788.617
150  mtMet+F+I     2264.783     41  4611.566     4618.306     4788.496
151  mtMet+F+G4    2264.895     41  4611.789     4618.529     4788.719
152  mtMet+F+I+G4  2264.863     42  4613.726     4620.809     4794.971
153  mtVer         2431.152     21  4904.304     4906.044     4994.926
154  mtVer+I       2424.900     22  4893.800     4895.709     4988.738
155  mtVer+G4      2425.063     22  4894.126     4896.035     4989.064
156  mtVer+I+G4    2425.099     23  4896.197     4898.284     4995.451
157  mtVer+F       2265.492     40  4610.983     4617.389     4783.598
158  mtVer+F+I     2261.655     41  4605.311     4612.050     4782.240
159  mtVer+F+G4    2261.787     41  4605.575     4612.315     4782.504
160  mtVer+F+I+G4  2261.771     42  4607.543     4614.625     4788.788
161  mtInv         2419.574     21  4881.149     4882.889     4971.771
162  mtInv+I       2415.380     22  4874.759     4876.668     4969.697
163  mtInv+G4      2415.493     22  4874.987     4876.896     4969.925
164  mtInv+I+G4    2415.491     23  4876.983     4879.069     4976.236
165  mtInv+F       2272.798     40  4625.597     4632.003     4798.211
166  mtInv+F+I     2270.022     41  4622.044     4628.784     4798.974
167  mtInv+F+G4    2270.131     41  4622.263     4629.003     4799.193
168  mtInv+F+I+G4  2270.087     42  4624.173     4631.255     4805.418
169  mtMAM         2446.870     21  4935.740     4937.480     5026.362
170  mtMAM+I       2435.029     22  4914.057     4915.967     5008.995
171  mtMAM+G4      2435.143     22  4914.286     4916.195     5009.224
172  mtMAM+I+G4    2435.215     23  4916.430     4918.517     5015.683
173  mtMAM+F       2292.302     40  4664.604     4671.011     4837.219
174  mtMAM+F+I     2284.252     41  4650.505     4657.244     4827.434
175  mtMAM+F+G4    2284.331     41  4650.663     4657.403     4827.593
176  mtMAM+F+I+G4  2284.392     42  4652.785     4659.867     4834.030
WARNING: Normalizing state frequencies so that sum of them equals to 1
177  FLAVI         2296.915     21  4635.831     4637.571     4726.453
WARNING: Normalizing state frequencies so that sum of them equals to 1
178  FLAVI+I       2293.739     22  4631.479     4633.388     4726.417
WARNING: Normalizing state frequencies so that sum of them equals to 1
179  FLAVI+G4      2293.965     22  4631.930     4633.840     4726.868
WARNING: Normalizing state frequencies so that sum of them equals to 1
180  FLAVI+I+G4    2293.871     23  4633.741     4635.828     4732.995
WARNING: Normalizing state frequencies so that sum of them equals to 1
181  FLAVI+F       2249.751     40  4579.503     4585.909     4752.117
WARNING: Normalizing state frequencies so that sum of them equals to 1
182  FLAVI+F+I     2247.070     41  4576.140     4582.880     4753.070
WARNING: Normalizing state frequencies so that sum of them equals to 1
183  FLAVI+F+G4    2247.258     41  4576.515     4583.255     4753.445
WARNING: Normalizing state frequencies so that sum of them equals to 1
184  FLAVI+F+I+G4  2247.149     42  4578.298     4585.380     4759.543
185  HIVb          2282.816     21  4607.633     4609.373     4698.255
186  HIVb+I        2280.803     22  4605.606     4607.515     4700.544
187  HIVb+G4       2280.951     22  4605.902     4607.811     4700.840
188  HIVb+I+G4     2280.831     23  4607.663     4609.750     4706.916
189  HIVb+F        2241.824     40  4563.648     4570.054     4736.262
190  HIVb+F+I      2239.961     41  4561.922     4568.662     4738.852
191  HIVb+F+G4     2240.120     41  4562.241     4568.981     4739.171
192  HIVb+F+I+G4   2239.974     42  4563.948     4571.030     4745.193
193  HIVw          2309.815     21  4661.631     4663.371     4752.253
194  HIVw+I        2307.635     22  4659.271     4661.180     4754.209
195  HIVw+G4       2307.705     22  4659.409     4661.318     4754.347
196  HIVw+I+G4     2307.658     23  4661.316     4663.403     4760.569
197  HIVw+F        2239.727     40  4559.454     4565.860     4732.068
198  HIVw+F+I      2237.854     41  4557.708     4564.448     4734.638
199  HIVw+F+G4     2237.973     41  4557.947     4564.686     4734.876
200  HIVw+F+I+G4   2237.868     42  4559.736     4566.818     4740.981
201  FLU           2292.315     21  4626.630     4628.371     4717.253
202  FLU+I         2289.883     22  4623.765     4625.675     4718.703
203  FLU+G4        2289.969     22  4623.938     4625.847     4718.875
204  FLU+I+G4      2289.920     23  4625.841     4627.928     4725.094
205  FLU+F         2262.137     40  4604.275     4610.681     4776.889
206  FLU+F+I       2259.593     41  4601.186     4607.926     4778.116
207  FLU+F+G4      2259.669     41  4601.338     4608.078     4778.268
208  FLU+F+I+G4    2259.629     42  4603.258     4610.341     4784.503
209  rtREV         2340.551     21  4723.102     4724.842     4813.725
210  rtREV+I       2338.061     22  4720.121     4722.031     4815.059
211  rtREV+G4      2338.181     22  4720.361     4722.271     4815.299
212  rtREV+I+G4    2338.119     23  4722.237     4724.324     4821.490
213  rtREV+F       2288.094     40  4656.188     4662.594     4828.803
214  rtREV+F+I     2285.563     41  4653.126     4659.866     4830.056
215  rtREV+F+G4    2285.660     41  4653.321     4660.060     4830.250
216  rtREV+F+I+G4  2285.615     42  4655.229     4662.311     4836.474
217  cpREV         2317.670     21  4677.339     4679.080     4767.962
218  cpREV+I       2315.348     22  4674.695     4676.605     4769.633
219  cpREV+G4      2315.434     22  4674.867     4676.777     4769.805
220  cpREV+I+G4    2315.383     23  4676.765     4678.852     4776.019
221  cpREV+F       2272.957     40  4625.914     4632.320     4798.528
222  cpREV+F+I     2270.837     41  4623.673     4630.413     4800.603
223  cpREV+F+G4    2270.920     41  4623.840     4630.580     4800.770
224  cpREV+F+I+G4  2270.861     42  4625.722     4632.804     4806.967
Akaike Information Criterion:           Q.bird+F+I
Corrected Akaike Information Criterion: Q.bird+I
Bayesian Information Criterion:         Q.bird
Best-fit model: Q.bird chosen according to BIC

All model information printed to ../results/molecular_evolution_analyses/phylogenetic_trees/F8716_SCUR_G1/F8716_SCUR_G1.model.gz
CPU time for ModelFinder: 2.426 seconds (0h:0m:2s)
Wall-clock time for ModelFinder: 2.426 seconds (0h:0m:2s)
Generating 1000 samples for ultrafast bootstrap (seed: 556260)...
WARNING: Normalizing state frequencies so that sum of them equals to 1

NOTE: 0 MB RAM (0 GB) is required!
Estimate model parameters (epsilon = 0.100)
1. Initial log-likelihood: -2256.420
Optimal log-likelihood: -2256.420
Parameters optimization took 1 rounds (0.001 sec)
Wrote distance file to... 
Computing ML distances based on estimated model parameters...
Calculating distance matrix: done in 0.00463414 secs using 99.85% CPU
Computing ML distances took 0.004661 sec (of wall-clock time) 0.004654 sec (of CPU time)
Setting up auxiliary I and S matrices: done in 4.79221e-05 secs using 100.2% CPU
Constructing RapidNJ tree: done in 4.98295e-05 secs using 100.3% CPU
Computing RapidNJ tree took 0.000155 sec (of wall-clock time) 0.000154 sec (of CPU time)
Log-likelihood of RapidNJ tree: -2258.930
--------------------------------------------------------------------
|             INITIALIZING CANDIDATE TREE SET                      |
--------------------------------------------------------------------
Generating 98 parsimony trees... 0.038 second
Computing log-likelihood of 93 initial trees ... 0.056 seconds
Current best score: -2256.420

Do NNI search on 20 best initial trees
Optimizing NNI: done in 0.00270295 secs using 200% CPU
Estimate model parameters (epsilon = 0.100)
BETTER TREE FOUND at iteration 1: -2256.420
Optimizing NNI: done in 0.00524497 secs using 199.9% CPU
Optimizing NNI: done in 0.005234 secs using 199.9% CPU
Optimizing NNI: done in 0.00518608 secs using 200% CPU
Optimizing NNI: done in 0.00521994 secs using 199.9% CPU
Optimizing NNI: done in 0.00485206 secs using 200.1% CPU
Optimizing NNI: done in 0.00486398 secs using 200% CPU
Optimizing NNI: done in 0.00488281 secs using 199.9% CPU
Optimizing NNI: done in 0.00484991 secs using 200% CPU
Optimizing NNI: done in 0.00582695 secs using 200% CPU
Iteration 10 / LogL: -2256.423 / Time: 0h:0m:0s
Optimizing NNI: done in 0.00579786 secs using 200% CPU
UPDATE BEST LOG-LIKELIHOOD: -2256.419
Optimizing NNI: done in 0.00581813 secs using 199.9% CPU
Optimizing NNI: done in 0.00613713 secs using 200% CPU
UPDATE BEST LOG-LIKELIHOOD: -2256.419
Optimizing NNI: done in 0.00612593 secs using 199.9% CPU
Optimizing NNI: done in 0.00609779 secs using 200% CPU
Optimizing NNI: done in 0.00610805 secs using 200% CPU
Optimizing NNI: done in 0.00607395 secs using 200% CPU
Optimizing NNI: done in 0.00598693 secs using 144.2% CPU
Optimizing NNI: done in 0.00609899 secs using 99.95% CPU
Optimizing NNI: done in 0.00511408 secs using 100% CPU
Iteration 20 / LogL: -2256.421 / Time: 0h:0m:0s
Finish initializing candidate tree set (3)
Current best tree score: -2256.419 / CPU time: 0.211
Number of iterations: 20
--------------------------------------------------------------------
|               OPTIMIZING CANDIDATE TREE SET                      |
--------------------------------------------------------------------
Optimizing NNI: done in 0.0082109 secs using 99.95% CPU
Optimizing NNI: done in 0.010664 secs using 99.97% CPU
Optimizing NNI: done in 0.00578213 secs using 99.98% CPU
UPDATE BEST LOG-LIKELIHOOD: -2256.419
Optimizing NNI: done in 0.0115421 secs using 99.93% CPU
Optimizing NNI: done in 0.011368 secs using 99.97% CPU
Optimizing NNI: done in 0.00496292 secs using 99.98% CPU
Optimizing NNI: done in 0.0111461 secs using 99.97% CPU
Optimizing NNI: done in 0.00785398 secs using 99.96% CPU
Optimizing NNI: done in 0.00849891 secs using 99.97% CPU
Optimizing NNI: done in 0.0041461 secs using 99.95% CPU
Iteration 30 / LogL: -2256.419 / Time: 0h:0m:0s (0h:0m:0s left)
Optimizing NNI: done in 0.00294185 secs using 99.9% CPU
Optimizing NNI: done in 0.00591707 secs using 99.95% CPU
Optimizing NNI: done in 0.00519514 secs using 100% CPU
Optimizing NNI: done in 0.00532699 secs using 100% CPU
UPDATE BEST LOG-LIKELIHOOD: -2256.419
Optimizing NNI: done in 0.00469899 secs using 99.89% CPU
Optimizing NNI: done in 0.00828099 secs using 99.96% CPU
Optimizing NNI: done in 0.00775385 secs using 99.96% CPU
Optimizing NNI: done in 0.010365 secs using 99.97% CPU
Optimizing NNI: done in 0.00782204 secs using 99.99% CPU
UPDATE BEST LOG-LIKELIHOOD: -2256.419
Optimizing NNI: done in 0.00479102 secs using 99.92% CPU
Iteration 40 / LogL: -2256.419 / Time: 0h:0m:0s (0h:0m:0s left)
Optimizing NNI: done in 0.00504208 secs using 99.94% CPU
Optimizing NNI: done in 0.00514507 secs using 99.92% CPU
Optimizing NNI: done in 0.00498104 secs using 100% CPU
Optimizing NNI: done in 0.00821686 secs using 99.97% CPU
Optimizing NNI: done in 0.00777411 secs using 99.99% CPU
Optimizing NNI: done in 0.00754809 secs using 100% CPU
Optimizing NNI: done in 0.0106511 secs using 99.94% CPU
Optimizing NNI: done in 0.0086081 secs using 99.95% CPU
Optimizing NNI: done in 0.00534201 secs using 99.94% CPU
Optimizing NNI: done in 0.00768304 secs using 99.95% CPU
Iteration 50 / LogL: -2256.419 / Time: 0h:0m:0s (0h:0m:0s left)
Log-likelihood cutoff on original alignment: -2292.620
Optimizing NNI: done in 0.0112541 secs using 99.95% CPU
Optimizing NNI: done in 0.010612 secs using 99.99% CPU
Optimizing NNI: done in 0.00849819 secs using 99.97% CPU
Optimizing NNI: done in 0.0102501 secs using 99.97% CPU
Optimizing NNI: done in 0.00556898 secs using 99.93% CPU
Optimizing NNI: done in 0.00773787 secs using 100% CPU
Optimizing NNI: done in 0.00602984 secs using 100% CPU
UPDATE BEST LOG-LIKELIHOOD: -2256.419
Optimizing NNI: done in 0.00529003 secs using 100% CPU
Optimizing NNI: done in 0.00752997 secs using 99.99% CPU
Optimizing NNI: done in 0.00499415 secs using 100% CPU
Iteration 60 / LogL: -2256.419 / Time: 0h:0m:0s (0h:0m:0s left)
Optimizing NNI: done in 0.00373197 secs using 99.89% CPU
Optimizing NNI: done in 0.0103712 secs using 99.96% CPU
Optimizing NNI: done in 0.0113771 secs using 99.98% CPU
Optimizing NNI: done in 0.00511098 secs using 100% CPU
Optimizing NNI: done in 0.00774908 secs using 100% CPU
Optimizing NNI: done in 0.00553203 secs using 100% CPU
Optimizing NNI: done in 0.00814295 secs using 100% CPU
Optimizing NNI: done in 0.01039 secs using 100% CPU
Optimizing NNI: done in 0.0085001 secs using 99.99% CPU
Optimizing NNI: done in 0.00856709 secs using 100% CPU
Iteration 70 / LogL: -2256.420 / Time: 0h:0m:0s (0h:0m:0s left)
Optimizing NNI: done in 0.0103979 secs using 99.97% CPU
Optimizing NNI: done in 0.00787902 secs using 99.96% CPU
Optimizing NNI: done in 0.00837708 secs using 99.98% CPU
Optimizing NNI: done in 0.00760698 secs using 99.96% CPU
Optimizing NNI: done in 0.0106802 secs using 99.94% CPU
Optimizing NNI: done in 0.00769401 secs using 99.95% CPU
Optimizing NNI: done in 0.00456619 secs using 99.93% CPU
Optimizing NNI: done in 0.015347 secs using 99.99% CPU
Optimizing NNI: done in 0.00496888 secs using 100% CPU
Optimizing NNI: done in 0.00296497 secs using 99.93% CPU
Iteration 80 / LogL: -2256.419 / Time: 0h:0m:0s (0h:0m:0s left)
Optimizing NNI: done in 0.00462699 secs using 100% CPU
Optimizing NNI: done in 0.0104499 secs using 100% CPU
Optimizing NNI: done in 0.00774193 secs using 100% CPU
Optimizing NNI: done in 0.00756121 secs using 99.97% CPU
Optimizing NNI: done in 0.00504112 secs using 99.98% CPU
Optimizing NNI: done in 0.00853992 secs using 99.95% CPU
Optimizing NNI: done in 0.012454 secs using 99.95% CPU
Optimizing NNI: done in 0.010494 secs using 99.96% CPU
Optimizing NNI: done in 0.00454116 secs using 99.97% CPU
Optimizing NNI: done in 0.00476003 secs using 99.94% CPU
Iteration 90 / LogL: -2262.545 / Time: 0h:0m:0s (0h:0m:0s left)
Optimizing NNI: done in 0.0100851 secs using 99.97% CPU
Optimizing NNI: done in 0.00780201 secs using 99.96% CPU
Optimizing NNI: done in 0.00471497 secs using 100% CPU
Optimizing NNI: done in 0.0076139 secs using 99.98% CPU
Optimizing NNI: done in 0.00763011 secs using 100% CPU
Optimizing NNI: done in 0.0102229 secs using 100% CPU
Optimizing NNI: done in 0.00788212 secs using 100% CPU
Optimizing NNI: done in 0.0108211 secs using 100% CPU
Optimizing NNI: done in 0.00845098 secs using 99.98% CPU
Optimizing NNI: done in 0.00814295 secs using 99.96% CPU
Iteration 100 / LogL: -2256.423 / Time: 0h:0m:1s (0h:0m:0s left)
Log-likelihood cutoff on original alignment: -2294.295
NOTE: Bootstrap correlation coefficient of split occurrence frequencies: 0.997
Optimizing NNI: done in 0.00963497 secs using 99.93% CPU
Optimizing NNI: done in 0.011272 secs using 99.96% CPU
TREE SEARCH COMPLETED AFTER 102 ITERATIONS / Time: 0h:0m:1s

--------------------------------------------------------------------
|                    FINALIZING TREE SEARCH                        |
--------------------------------------------------------------------
Performs final model parameters optimization
Estimate model parameters (epsilon = 0.010)
1. Initial log-likelihood: -2256.419
Optimal log-likelihood: -2256.419
Parameters optimization took 1 rounds (0.001 sec)
BEST SCORE FOUND : -2256.419

Testing tree branches by SH-like aLRT with 1000 replicates...
0.105 sec.
Creating bootstrap support values...
Split supports printed to NEXUS file ../results/molecular_evolution_analyses/phylogenetic_trees/F8716_SCUR_G1/F8716_SCUR_G1.splits.nex
Total tree length: 0.157

Total number of iterations: 102
CPU time used for tree search: 1.326 sec (0h:0m:1s)
Wall-clock time used for tree search: 1.133 sec (0h:0m:1s)
Total CPU time used: 1.482 sec (0h:0m:1s)
Total wall-clock time used: 1.285 sec (0h:0m:1s)

Computing bootstrap consensus tree...
Reading input file ../results/molecular_evolution_analyses/phylogenetic_trees/F8716_SCUR_G1/F8716_SCUR_G1.splits.nex...
12 taxa and 51 splits.
Consensus tree written to ../results/molecular_evolution_analyses/phylogenetic_trees/F8716_SCUR_G1/F8716_SCUR_G1.contree
Reading input trees file ../results/molecular_evolution_analyses/phylogenetic_trees/F8716_SCUR_G1/F8716_SCUR_G1.contree
Log-likelihood of consensus tree: -2256.425

Analysis results written to: 
  IQ-TREE report:                ../results/molecular_evolution_analyses/phylogenetic_trees/F8716_SCUR_G1/F8716_SCUR_G1.iqtree
  Maximum-likelihood tree:       ../results/molecular_evolution_analyses/phylogenetic_trees/F8716_SCUR_G1/F8716_SCUR_G1.treefile
  Likelihood distances:          ../results/molecular_evolution_analyses/phylogenetic_trees/F8716_SCUR_G1/F8716_SCUR_G1.mldist

Ultrafast bootstrap approximation results written to:
  Split support values:          ../results/molecular_evolution_analyses/phylogenetic_trees/F8716_SCUR_G1/F8716_SCUR_G1.splits.nex
  Consensus tree:                ../results/molecular_evolution_analyses/phylogenetic_trees/F8716_SCUR_G1/F8716_SCUR_G1.contree
  Screen log file:               ../results/molecular_evolution_analyses/phylogenetic_trees/F8716_SCUR_G1/F8716_SCUR_G1.log

Date and Time: Wed May  1 12:31:45 2024
