IQ-TREE multicore version 2.2.2.6 COVID-edition for Linux 64-bit built May 27 2023
Developed by Bui Quang Minh, James Barbetti, Nguyen Lam Tung,
Olga Chernomor, Heiko Schmidt, Dominik Schrempf, Michael Woodhams, Ly Trong Nhan.

Host:    lbc5 (AVX2, FMA3, 125 GB RAM)
Command: /home/mauricio/mauricio_PROGRAMAS/iqtree-2.2.2.6-Linux/bin/iqtree2 -s ../results/molecular_evolution_analyses/alignments_gblocks/F91387_MCOR_G1/F91387_MCOR_G1.aln.gblo -m TEST --threads-max 32 --alrt 1000 --ufboot 1000 --prefix ../results/molecular_evolution_analyses/phylogenetic_trees/F91387_MCOR_G1/F91387_MCOR_G1 -keep-ident -redo
Seed:    427243 (Using SPRNG - Scalable Parallel Random Number Generator)
Time:    Wed May  1 12:35:46 2024
Kernel:  AVX+FMA - 1 threads (32 CPU cores detected)

HINT: Use -nt option to specify number of threads because your CPU has 32 cores!
HINT: -nt AUTO will automatically determine the best number of threads to use.

Reading alignment file ../results/molecular_evolution_analyses/alignments_gblocks/F91387_MCOR_G1/F91387_MCOR_G1.aln.gblo ... Fasta format detected
Reading fasta file: done in 4.19617e-05 secs using 97.71% CPU
Alignment most likely contains protein sequences
Constructing alignment: done in 7.82013e-05 secs using 99.74% CPU
Alignment has 7 sequences with 53 columns, 49 distinct patterns
10 parsimony-informative, 29 singleton sites, 14 constant sites
            Gap/Ambiguity  Composition  p-value
Analyzing sequences: done in 8.10623e-06 secs using 111% CPU
   1  Mcor.11637    0.00%    passed     99.97%
   2  Mcor.10772    0.00%    passed     83.65%
   3  Mcor.12173    0.00%    passed     97.17%
   4  Mcor.12812    0.00%    passed     99.56%
   5  Mcor.13035    0.00%    passed     99.94%
   6  Mcor.12013    0.00%    passed     99.99%
   7  Mcor.12487    0.00%    passed     99.99%
****  TOTAL         0.00%  0 sequences failed composition chi2 test (p-value<5%; df=19)


Create initial parsimony tree by phylogenetic likelihood library (PLL)... 0.000 seconds
Perform fast likelihood tree search using LG+I+G model...
Estimate model parameters (epsilon = 5.000)
Perform nearest neighbor interchange...
Optimizing NNI: done in 0.0019629 secs using 100% CPU
Estimate model parameters (epsilon = 1.000)
1. Initial log-likelihood: -503.680
Optimal log-likelihood: -503.598
Proportion of invariable sites: 0.103
Gamma shape alpha: 2.863
Parameters optimization took 1 rounds (0.004 sec)
Time for fast ML tree search: 0.014 seconds

NOTE: ModelFinder requires 0 MB RAM!
ModelFinder will test up to 224 protein models (sample size: 53) ...
 No. Model         -LnL         df  AIC          AICc         BIC
  1  LG            506.805      11  1035.609     1042.048     1057.283
  2  LG+I          504.928      12  1033.856     1041.656     1057.500
  3  LG+G4         503.245      12  1030.490     1038.290     1054.134
  4  LG+I+G4       503.540      13  1033.080     1042.413     1058.694
  5  LG+F          500.492      30  1060.984     1145.530     1120.093
  6  LG+F+I        499.385      31  1060.771     1155.247     1121.850
  7  LG+F+G4       497.395      31  1056.790     1151.266     1117.869
  8  LG+F+I+G4     497.755      32  1059.511     1165.111     1122.560
  9  WAG           499.397      11  1020.794     1027.233     1042.467
 10  WAG+I         497.729      12  1019.459     1027.259     1043.102
 11  WAG+G4        496.912      12  1017.825     1025.625     1041.468
 12  WAG+I+G4      497.055      13  1020.109     1029.442     1045.723
 13  WAG+F         493.482      30  1046.964     1131.509     1106.073
 14  WAG+F+I       492.624      31  1047.249     1141.725     1108.328
 15  WAG+F+G4      491.760      31  1045.520     1139.996     1106.599
 16  WAG+F+I+G4    491.995      32  1047.989     1153.589     1111.039
 17  JTT           499.455      11  1020.911     1027.350     1042.584
 18  JTT+I         497.683      12  1019.365     1027.165     1043.009
 19  JTT+G4        496.639      12  1017.278     1025.078     1040.921
 20  JTT+I+G4      496.820      13  1019.641     1028.974     1045.255
 21  JTT+F         491.012      30  1042.025     1126.570     1101.134
 22  JTT+F+I       489.901      31  1041.802     1136.278     1102.881
 23  JTT+F+G4      488.638      31  1039.277     1133.753     1100.356
 24  JTT+F+I+G4    488.912      32  1041.823     1147.423     1104.873
WARNING: Normalizing state frequencies so that sum of them equals to 1
 25  Q.pfam        506.433      11  1034.866     1041.305     1056.539
WARNING: Normalizing state frequencies so that sum of them equals to 1
 26  Q.pfam+I      504.511      12  1033.023     1040.823     1056.666
WARNING: Normalizing state frequencies so that sum of them equals to 1
 27  Q.pfam+G4     502.737      12  1029.474     1037.274     1053.118
WARNING: Normalizing state frequencies so that sum of them equals to 1
 28  Q.pfam+I+G4   503.002      13  1032.005     1041.338     1057.619
WARNING: Normalizing state frequencies so that sum of them equals to 1
 29  Q.pfam+F      500.528      30  1061.055     1145.601     1120.164
WARNING: Normalizing state frequencies so that sum of them equals to 1
 30  Q.pfam+F+I    499.398      31  1060.795     1155.271     1121.874
WARNING: Normalizing state frequencies so that sum of them equals to 1
 31  Q.pfam+F+G4   497.443      31  1056.886     1151.362     1117.965
WARNING: Normalizing state frequencies so that sum of them equals to 1
 32  Q.pfam+F+I+G4 497.803      32  1059.607     1165.207     1122.656
WARNING: Normalizing state frequencies so that sum of them equals to 1
 33  Q.bird        513.386      11  1048.772     1055.211     1070.445
WARNING: Normalizing state frequencies so that sum of them equals to 1
 34  Q.bird+I      508.951      12  1041.903     1049.703     1065.546
WARNING: Normalizing state frequencies so that sum of them equals to 1
 35  Q.bird+G4     506.759      12  1037.518     1045.318     1061.162
WARNING: Normalizing state frequencies so that sum of them equals to 1
 36  Q.bird+I+G4   506.830      13  1039.660     1048.993     1065.273
WARNING: Normalizing state frequencies so that sum of them equals to 1
 37  Q.bird+F      500.335      30  1060.671     1145.216     1119.780
WARNING: Normalizing state frequencies so that sum of them equals to 1
 38  Q.bird+F+I    497.230      31  1056.460     1150.936     1117.539
WARNING: Normalizing state frequencies so that sum of them equals to 1
 39  Q.bird+F+G4   494.419      31  1050.838     1145.315     1111.917
WARNING: Normalizing state frequencies so that sum of them equals to 1
 40  Q.bird+F+I+G4 494.638      32  1053.275     1158.875     1116.325
WARNING: Normalizing state frequencies so that sum of them equals to 1
 41  Q.mammal      511.241      11  1044.483     1050.922     1066.156
WARNING: Normalizing state frequencies so that sum of them equals to 1
 42  Q.mammal+I    507.675      12  1039.350     1047.150     1062.993
WARNING: Normalizing state frequencies so that sum of them equals to 1
 43  Q.mammal+G4   505.885      12  1035.771     1043.571     1059.414
WARNING: Normalizing state frequencies so that sum of them equals to 1
 44  Q.mammal+I+G4 505.994      13  1037.988     1047.321     1063.602
WARNING: Normalizing state frequencies so that sum of them equals to 1
 45  Q.mammal+F    498.252      30  1056.503     1141.049     1115.612
WARNING: Normalizing state frequencies so that sum of them equals to 1
 46  Q.mammal+F+I  496.073      31  1054.146     1148.622     1115.225
WARNING: Normalizing state frequencies so that sum of them equals to 1
 47  Q.mammal+F+G4 493.476      31  1048.952     1143.429     1110.031
WARNING: Normalizing state frequencies so that sum of them equals to 1
 48  Q.mammal+F+I+G4 493.779      32  1051.558     1157.158     1114.607
 49  Q.insect      509.249      11  1040.499     1046.938     1062.172
 50  Q.insect+I    507.144      12  1038.287     1046.087     1061.931
 51  Q.insect+G4   505.284      12  1034.567     1042.367     1058.211
 52  Q.insect+I+G4 505.546      13  1037.092     1046.425     1062.706
 53  Q.insect+F    503.294      30  1066.589     1151.134     1125.697
 54  Q.insect+F+I  501.977      31  1065.954     1160.430     1127.033
 55  Q.insect+F+G4 499.245      31  1060.490     1154.966     1121.569
 56  Q.insect+F+I+G4 499.641      32  1063.282     1168.882     1126.331
WARNING: Normalizing state frequencies so that sum of them equals to 1
 57  Q.plant       511.941      11  1045.882     1052.321     1067.555
WARNING: Normalizing state frequencies so that sum of them equals to 1
 58  Q.plant+I     507.697      12  1039.394     1047.194     1063.037
WARNING: Normalizing state frequencies so that sum of them equals to 1
 59  Q.plant+G4    505.082      12  1034.164     1041.964     1057.807
WARNING: Normalizing state frequencies so that sum of them equals to 1
 60  Q.plant+I+G4  505.241      13  1036.482     1045.815     1062.096
WARNING: Normalizing state frequencies so that sum of them equals to 1
 61  Q.plant+F     501.847      30  1063.693     1148.239     1122.802
WARNING: Normalizing state frequencies so that sum of them equals to 1
 62  Q.plant+F+I   498.986      31  1059.973     1154.449     1121.052
WARNING: Normalizing state frequencies so that sum of them equals to 1
 63  Q.plant+F+G4  496.173      31  1054.347     1148.823     1115.426
WARNING: Normalizing state frequencies so that sum of them equals to 1
 64  Q.plant+F+I+G4 496.434      32  1056.869     1162.469     1119.918
WARNING: Normalizing state frequencies so that sum of them equals to 1
 65  Q.yeast       510.913      11  1043.827     1050.266     1065.500
WARNING: Normalizing state frequencies so that sum of them equals to 1
 66  Q.yeast+I     508.406      12  1040.813     1048.613     1064.456
WARNING: Normalizing state frequencies so that sum of them equals to 1
 67  Q.yeast+G4    505.965      12  1035.930     1043.730     1059.573
WARNING: Normalizing state frequencies so that sum of them equals to 1
 68  Q.yeast+I+G4  506.250      13  1038.499     1047.833     1064.113
WARNING: Normalizing state frequencies so that sum of them equals to 1
 69  Q.yeast+F     504.212      30  1068.423     1152.969     1127.532
WARNING: Normalizing state frequencies so that sum of them equals to 1
 70  Q.yeast+F+I   502.737      31  1067.473     1161.949     1128.552
WARNING: Normalizing state frequencies so that sum of them equals to 1
 71  Q.yeast+F+G4  499.968      31  1061.936     1156.412     1123.015
WARNING: Normalizing state frequencies so that sum of them equals to 1
 72  Q.yeast+F+I+G4 500.351      32  1064.702     1170.302     1127.752
 73  JTTDCMut      498.421      11  1018.843     1025.282     1040.516
 74  JTTDCMut+I    496.674      12  1017.348     1025.148     1040.991
 75  JTTDCMut+G4   495.678      12  1015.356     1023.156     1039.000
 76  JTTDCMut+I+G4 495.853      13  1017.707     1027.040     1043.320
 77  JTTDCMut+F    490.212      30  1040.424     1124.970     1099.533
 78  JTTDCMut+F+I  489.136      31  1040.273     1134.749     1101.352
 79  JTTDCMut+F+G4 487.900      31  1037.800     1132.277     1098.880
 80  JTTDCMut+F+I+G4 488.175      32  1040.349     1145.949     1103.399
 81  DCMut         503.473      11  1028.947     1035.386     1050.620
 82  DCMut+I       500.044      12  1024.088     1031.888     1047.731
 83  DCMut+G4      498.974      12  1021.948     1029.748     1045.591
 84  DCMut+I+G4    498.959      13  1023.918     1033.252     1049.532
 85  DCMut+F       495.339      30  1050.679     1135.224     1109.787
 86  DCMut+F+I     493.340      31  1048.680     1143.156     1109.759
 87  DCMut+F+G4    492.278      31  1046.556     1141.032     1107.635
 88  DCMut+F+I+G4  492.396      32  1048.791     1154.391     1111.841
 89  VT            501.030      11  1024.061     1030.500     1045.734
 90  VT+I          500.123      12  1024.246     1032.046     1047.889
 91  VT+G4         499.305      12  1022.610     1030.410     1046.254
 92  VT+I+G4       499.538      13  1025.076     1034.409     1050.690
 93  VT+F          494.152      30  1048.303     1132.849     1107.412
 94  VT+F+I        493.686      31  1049.372     1143.848     1110.451
 95  VT+F+G4       492.789      31  1047.577     1142.054     1108.656
 96  VT+F+I+G4     493.119      32  1050.238     1155.838     1113.287
 97  PMB           503.618      11  1029.235     1035.674     1050.908
 98  PMB+I         502.676      12  1029.353     1037.153     1052.996
 99  PMB+G4        501.832      12  1027.664     1035.464     1051.307
100  PMB+I+G4      502.072      13  1030.144     1039.477     1055.757
101  PMB+F         496.312      30  1052.625     1137.170     1111.734
102  PMB+F+I       495.809      31  1053.619     1148.095     1114.698
103  PMB+F+G4      495.015      31  1052.030     1146.506     1113.109
104  PMB+F+I+G4    495.320      32  1054.639     1160.239     1117.689
105  Blosum62      504.265      11  1030.530     1036.969     1052.203
106  Blosum62+I    503.622      12  1031.243     1039.043     1054.887
107  Blosum62+G4   502.499      12  1028.997     1036.797     1052.641
108  Blosum62+I+G4 502.847      13  1031.694     1041.028     1057.308
109  Blosum62+F    496.547      30  1053.094     1137.640     1112.203
110  Blosum62+F+I  496.278      31  1054.557     1149.033     1115.636
111  Blosum62+F+G4 495.211      31  1052.423     1146.899     1113.502
112  Blosum62+F+I+G4 495.561      32  1055.123     1160.723     1118.172
113  Dayhoff       503.500      11  1028.999     1035.438     1050.673
114  Dayhoff+I     500.041      12  1024.081     1031.881     1047.725
115  Dayhoff+G4    498.964      12  1021.929     1029.729     1045.572
116  Dayhoff+I+G4  498.948      13  1023.896     1033.230     1049.510
117  Dayhoff+F     495.349      30  1050.698     1135.244     1109.807
118  Dayhoff+F+I   493.333      31  1048.665     1143.142     1109.744
119  Dayhoff+F+G4  492.272      31  1046.545     1141.021     1107.624
120  Dayhoff+F+I+G4 492.388      32  1048.775     1154.375     1111.825
121  mtREV         543.137      11  1108.275     1114.714     1129.948
122  mtREV+I       538.130      12  1100.260     1108.060     1123.903
123  mtREV+G4      532.293      12  1088.586     1096.386     1112.229
124  mtREV+I+G4    532.546      13  1091.092     1100.426     1116.706
125  mtREV+F       509.088      30  1078.176     1162.721     1137.284
126  mtREV+F+I     505.748      31  1073.496     1167.972     1134.575
127  mtREV+F+G4    502.360      31  1066.719     1161.196     1127.798
128  mtREV+F+I+G4  502.590      32  1069.181     1174.781     1132.230
129  mtART         564.929      11  1151.858     1158.297     1173.531
130  mtART+I       556.859      12  1137.718     1145.518     1161.362
131  mtART+G4      538.965      12  1101.929     1109.729     1125.573
132  mtART+I+G4    539.295      13  1104.589     1113.922     1130.203
133  mtART+F       526.765      30  1113.529     1198.075     1172.638
134  mtART+F+I     521.739      31  1105.477     1199.953     1166.556
135  mtART+F+G4    508.649      31  1079.297     1173.773     1140.376
136  mtART+F+I+G4  508.985      32  1081.969     1187.569     1145.018
137  mtZOA         548.940      11  1119.880     1126.319     1141.553
138  mtZOA+I       543.367      12  1110.734     1118.534     1134.378
139  mtZOA+G4      532.510      12  1089.020     1096.820     1112.664
140  mtZOA+I+G4    532.794      13  1091.589     1100.922     1117.203
141  mtZOA+F       512.366      30  1084.733     1169.278     1143.842
142  mtZOA+F+I     509.017      31  1080.034     1174.510     1141.113
143  mtZOA+F+G4    502.500      31  1067.001     1161.477     1128.080
144  mtZOA+F+I+G4  502.857      32  1069.714     1175.314     1132.763
145  mtMet         536.162      11  1094.324     1100.763     1115.997
146  mtMet+I       531.764      12  1087.528     1095.328     1111.171
147  mtMet+G4      524.705      12  1073.410     1081.210     1097.054
148  mtMet+I+G4    525.008      13  1076.016     1085.349     1101.629
149  mtMet+F       502.915      30  1065.829     1150.375     1124.938
150  mtMet+F+I     500.509      31  1063.018     1157.495     1124.097
151  mtMet+F+G4    496.640      31  1055.281     1149.757     1116.360
152  mtMet+F+I+G4  496.933      32  1057.866     1163.466     1120.915
153  mtVer         542.909      11  1107.817     1114.256     1129.490
154  mtVer+I       537.709      12  1099.418     1107.218     1123.061
155  mtVer+G4      529.856      12  1083.712     1091.512     1107.355
156  mtVer+I+G4    530.133      13  1086.266     1095.599     1111.880
157  mtVer+F       505.093      30  1070.185     1154.731     1129.294
158  mtVer+F+I     502.452      31  1066.904     1161.381     1127.983
159  mtVer+F+G4    498.994      31  1059.988     1154.465     1121.067
160  mtVer+F+I+G4  499.240      32  1062.480     1168.080     1125.529
161  mtInv         537.034      11  1096.068     1102.507     1117.741
162  mtInv+I       533.853      12  1091.706     1099.506     1115.350
163  mtInv+G4      528.091      12  1080.181     1087.981     1103.825
164  mtInv+I+G4    528.418      13  1082.836     1092.170     1108.450
165  mtInv+F       499.961      30  1059.922     1144.468     1119.031
166  mtInv+F+I     498.572      31  1059.143     1153.619     1120.222
167  mtInv+F+G4    495.057      31  1052.114     1146.590     1113.193
168  mtInv+F+I+G4  495.410      32  1054.821     1160.421     1117.870
169  mtMAM         560.629      11  1143.257     1149.696     1164.930
170  mtMAM+I       553.610      12  1131.220     1139.020     1154.864
171  mtMAM+G4      538.581      12  1101.162     1108.962     1124.806
172  mtMAM+I+G4    538.862      13  1103.723     1113.057     1129.337
173  mtMAM+F       517.852      30  1095.705     1180.250     1154.814
174  mtMAM+F+I     513.480      31  1088.961     1183.437     1150.040
175  mtMAM+F+G4    505.331      31  1072.661     1167.138     1133.740
176  mtMAM+F+I+G4  505.652      32  1075.303     1180.903     1138.353
WARNING: Normalizing state frequencies so that sum of them equals to 1
177  FLAVI         520.548      11  1063.095     1069.534     1084.768
WARNING: Normalizing state frequencies so that sum of them equals to 1
178  FLAVI+I       514.765      12  1053.530     1061.330     1077.174
WARNING: Normalizing state frequencies so that sum of them equals to 1
179  FLAVI+G4      512.496      12  1048.993     1056.793     1072.636
WARNING: Normalizing state frequencies so that sum of them equals to 1
180  FLAVI+I+G4    512.466      13  1050.932     1060.265     1076.546
WARNING: Normalizing state frequencies so that sum of them equals to 1
181  FLAVI+F       502.157      30  1064.315     1148.860     1123.423
WARNING: Normalizing state frequencies so that sum of them equals to 1
182  FLAVI+F+I     499.394      31  1060.788     1155.264     1121.867
WARNING: Normalizing state frequencies so that sum of them equals to 1
183  FLAVI+F+G4    498.030      31  1058.059     1152.536     1119.139
WARNING: Normalizing state frequencies so that sum of them equals to 1
184  FLAVI+F+I+G4  498.044      32  1060.088     1165.688     1123.138
185  HIVb          509.594      11  1041.188     1047.627     1062.861
186  HIVb+I        504.955      12  1033.910     1041.710     1057.553
187  HIVb+G4       504.392      12  1032.784     1040.584     1056.427
188  HIVb+I+G4     504.103      13  1034.207     1043.540     1059.820
189  HIVb+F        500.450      30  1060.900     1145.445     1120.009
190  HIVb+F+I      496.504      31  1055.008     1149.484     1116.087
191  HIVb+F+G4     495.483      31  1052.967     1147.443     1114.046
192  HIVb+F+I+G4   495.303      32  1054.607     1160.207     1117.656
193  HIVw          509.054      11  1040.109     1046.548     1061.782
194  HIVw+I        505.199      12  1034.397     1042.197     1058.041
195  HIVw+G4       505.064      12  1034.129     1041.929     1057.772
196  HIVw+I+G4     504.624      13  1035.248     1044.581     1060.862
197  HIVw+F        493.869      30  1047.739     1132.284     1106.847
198  HIVw+F+I      491.338      31  1044.676     1139.152     1105.755
199  HIVw+F+G4     491.426      31  1044.852     1139.329     1105.932
200  HIVw+F+I+G4   491.029      32  1046.058     1151.658     1109.108
201  FLU           504.731      11  1031.462     1037.901     1053.135
202  FLU+I         500.172      12  1024.344     1032.144     1047.987
203  FLU+G4        500.047      12  1024.094     1031.894     1047.737
204  FLU+I+G4      499.667      13  1025.334     1034.667     1050.948
205  FLU+F         492.663      30  1045.326     1129.871     1104.434
206  FLU+F+I       490.413      31  1042.826     1137.302     1103.905
207  FLU+F+G4      490.232      31  1042.463     1136.939     1103.542
208  FLU+F+I+G4    490.076      32  1044.151     1149.751     1107.201
209  rtREV         515.538      11  1053.075     1059.514     1074.748
210  rtREV+I       513.487      12  1050.973     1058.773     1074.617
211  rtREV+G4      511.337      12  1046.673     1054.473     1070.317
212  rtREV+I+G4    511.632      13  1049.263     1058.596     1074.877
213  rtREV+F       508.981      30  1077.962     1162.507     1137.071
214  rtREV+F+I     507.073      31  1076.147     1170.623     1137.226
215  rtREV+F+G4    504.350      31  1070.701     1165.177     1131.780
216  rtREV+F+I+G4  504.695      32  1073.390     1178.990     1136.439
217  cpREV         500.340      11  1022.681     1029.120     1044.354
218  cpREV+I       498.768      12  1021.536     1029.336     1045.179
219  cpREV+G4      497.061      12  1018.123     1025.923     1041.766
220  cpREV+I+G4    497.346      13  1020.693     1030.026     1046.307
221  cpREV+F       490.924      30  1041.847     1126.393     1100.956
222  cpREV+F+I     489.757      31  1041.515     1135.991     1102.594
223  cpREV+F+G4    488.534      31  1039.068     1133.544     1100.147
224  cpREV+F+I+G4  488.788      32  1041.577     1147.177     1104.626
Akaike Information Criterion:           JTTDCMut+G4
Corrected Akaike Information Criterion: JTTDCMut+G4
Bayesian Information Criterion:         JTTDCMut+G4
Best-fit model: JTTDCMut+G4 chosen according to BIC

All model information printed to ../results/molecular_evolution_analyses/phylogenetic_trees/F91387_MCOR_G1/F91387_MCOR_G1.model.gz
CPU time for ModelFinder: 1.178 seconds (0h:0m:1s)
Wall-clock time for ModelFinder: 1.179 seconds (0h:0m:1s)
Generating 1000 samples for ultrafast bootstrap (seed: 427243)...

NOTE: 0 MB RAM (0 GB) is required!
Estimate model parameters (epsilon = 0.100)
1. Initial log-likelihood: -495.678
Optimal log-likelihood: -495.678
Gamma shape alpha: 1.988
Parameters optimization took 1 rounds (0.002 sec)
Wrote distance file to... 
Computing ML distances based on estimated model parameters...
Calculating distance matrix: done in 0.00327682 secs using 99.82% CPU
Computing ML distances took 0.003300 sec (of wall-clock time) 0.003295 sec (of CPU time)
Setting up auxiliary I and S matrices: done in 3.29018e-05 secs using 100.3% CPU
Constructing RapidNJ tree: done in 2.69413e-05 secs using 103.9% CPU
Computing RapidNJ tree took 0.000108 sec (of wall-clock time) 0.000108 sec (of CPU time)
Log-likelihood of RapidNJ tree: -494.194
--------------------------------------------------------------------
|             INITIALIZING CANDIDATE TREE SET                      |
--------------------------------------------------------------------
Generating 98 parsimony trees... 0.016 second
Computing log-likelihood of 55 initial trees ... 0.036 seconds
Current best score: -491.611

Do NNI search on 20 best initial trees
Optimizing NNI: done in 0.00230098 secs using 199.3% CPU
Estimate model parameters (epsilon = 0.100)
BETTER TREE FOUND at iteration 1: -491.339
Optimizing NNI: done in 0.004843 secs using 200% CPU
Optimizing NNI: done in 0.00479698 secs using 199.9% CPU
Optimizing NNI: done in 0.00486493 secs using 199.9% CPU
Optimizing NNI: done in 0.00433588 secs using 199.9% CPU
Optimizing NNI: done in 0.00434709 secs using 200% CPU
Optimizing NNI: done in 0.004884 secs using 199.9% CPU
Optimizing NNI: done in 0.00487804 secs using 200% CPU
Optimizing NNI: done in 0.00734186 secs using 200% CPU
Optimizing NNI: done in 0.00988507 secs using 200% CPU
Iteration 10 / LogL: -491.452 / Time: 0h:0m:0s
Optimizing NNI: done in 0.00724292 secs using 200% CPU
Optimizing NNI: done in 0.0074091 secs using 200% CPU
Optimizing NNI: done in 0.00749707 secs using 200% CPU
Optimizing NNI: done in 0.00443196 secs using 200% CPU
Optimizing NNI: done in 0.0026021 secs using 199.9% CPU
Optimizing NNI: done in 0.00754094 secs using 200% CPU
Optimizing NNI: done in 0.00950003 secs using 199.9% CPU
Optimizing NNI: done in 0.00475192 secs using 199.9% CPU
Optimizing NNI: done in 0.004807 secs using 200% CPU
Optimizing NNI: done in 0.010144 secs using 160.6% CPU
Iteration 20 / LogL: -491.447 / Time: 0h:0m:0s
Finish initializing candidate tree set (2)
Current best tree score: -491.339 / CPU time: 0.184
Number of iterations: 20
--------------------------------------------------------------------
|               OPTIMIZING CANDIDATE TREE SET                      |
--------------------------------------------------------------------
Optimizing NNI: done in 0.00485802 secs using 199.9% CPU
Optimizing NNI: done in 0.0123029 secs using 113.7% CPU
Optimizing NNI: done in 0.0102239 secs using 99.98% CPU
Optimizing NNI: done in 0.0121229 secs using 99.98% CPU
Optimizing NNI: done in 0.00483799 secs using 100% CPU
Optimizing NNI: done in 0.00942707 secs using 99.94% CPU
Optimizing NNI: done in 0.00947809 secs using 99.96% CPU
Optimizing NNI: done in 0.00478888 secs using 99.96% CPU
Optimizing NNI: done in 0.00491381 secs using 100% CPU
Optimizing NNI: done in 0.00492191 secs using 99.94% CPU
Iteration 30 / LogL: -491.371 / Time: 0h:0m:0s (0h:0m:0s left)
Optimizing NNI: done in 0.00486207 secs using 99.94% CPU
Optimizing NNI: done in 0.00212717 secs using 99.85% CPU
UPDATE BEST LOG-LIKELIHOOD: -491.339
Optimizing NNI: done in 0.00489402 secs using 99.84% CPU
Optimizing NNI: done in 0.00735807 secs using 100% CPU
Optimizing NNI: done in 0.0100119 secs using 99.94% CPU
Optimizing NNI: done in 0.0100939 secs using 99.97% CPU
Optimizing NNI: done in 0.007406 secs using 99.97% CPU
Optimizing NNI: done in 0.004812 secs using 100% CPU
Optimizing NNI: done in 0.00732589 secs using 100% CPU
Optimizing NNI: done in 0.00477099 secs using 100% CPU
Iteration 40 / LogL: -491.382 / Time: 0h:0m:0s (0h:0m:0s left)
Optimizing NNI: done in 0.00741482 secs using 100% CPU
Optimizing NNI: done in 0.0102849 secs using 99.98% CPU
Optimizing NNI: done in 0.00483799 secs using 99.94% CPU
Optimizing NNI: done in 0.0048492 secs using 99.93% CPU
Optimizing NNI: done in 0.014607 secs using 99.99% CPU
Optimizing NNI: done in 0.007339 secs using 100% CPU
Optimizing NNI: done in 0.00481486 secs using 99.94% CPU
Optimizing NNI: done in 0.010021 secs using 99.97% CPU
Optimizing NNI: done in 0.00958896 secs using 99.97% CPU
Optimizing NNI: done in 0.00756884 secs using 99.99% CPU
Iteration 50 / LogL: -491.341 / Time: 0h:0m:0s (0h:0m:0s left)
Log-likelihood cutoff on original alignment: -505.478
Optimizing NNI: done in 0.00744486 secs using 99.99% CPU
Optimizing NNI: done in 0.00212383 secs using 100% CPU
Optimizing NNI: done in 0.00679302 secs using 99.97% CPU
Optimizing NNI: done in 0.00761294 secs using 99.96% CPU
Optimizing NNI: done in 0.00731993 secs using 99.96% CPU
Optimizing NNI: done in 0.00998592 secs using 99.94% CPU
Optimizing NNI: done in 0.00203395 secs using 100% CPU
Optimizing NNI: done in 0.00726891 secs using 100% CPU
Optimizing NNI: done in 0.00944901 secs using 99.98% CPU
Optimizing NNI: done in 0.00487709 secs using 100% CPU
Iteration 60 / LogL: -491.342 / Time: 0h:0m:0s (0h:0m:0s left)
Optimizing NNI: done in 0.00729895 secs using 99.95% CPU
Optimizing NNI: done in 0.00215912 secs using 99.95% CPU
Optimizing NNI: done in 0.01528 secs using 99.96% CPU
Optimizing NNI: done in 0.00733495 secs using 100% CPU
Optimizing NNI: done in 0.0124609 secs using 99.97% CPU
Optimizing NNI: done in 0.00942993 secs using 99.97% CPU
Optimizing NNI: done in 0.0148358 secs using 99.96% CPU
Optimizing NNI: done in 0.0106511 secs using 99.98% CPU
Optimizing NNI: done in 0.010041 secs using 99.97% CPU
Optimizing NNI: done in 0.010345 secs using 99.98% CPU
Iteration 70 / LogL: -491.446 / Time: 0h:0m:0s (0h:0m:0s left)
Optimizing NNI: done in 0.010004 secs using 100% CPU
Optimizing NNI: done in 0.0100451 secs using 99.97% CPU
Optimizing NNI: done in 0.00482392 secs using 99.94% CPU
Optimizing NNI: done in 0.010211 secs using 99.97% CPU
Optimizing NNI: done in 0.00485182 secs using 99.92% CPU
Optimizing NNI: done in 0.00956202 secs using 99.97% CPU
Optimizing NNI: done in 0.0126781 secs using 99.98% CPU
Optimizing NNI: done in 0.00726604 secs using 99.94% CPU
Optimizing NNI: done in 0.010128 secs using 99.96% CPU
Optimizing NNI: done in 0.01018 secs using 99.97% CPU
Iteration 80 / LogL: -491.456 / Time: 0h:0m:0s (0h:0m:0s left)
Optimizing NNI: done in 0.00467896 secs using 99.96% CPU
UPDATE BEST LOG-LIKELIHOOD: -491.339
Optimizing NNI: done in 0.00752783 secs using 99.86% CPU
Optimizing NNI: done in 0.00995898 secs using 100% CPU
Optimizing NNI: done in 0.00684404 secs using 100% CPU
Optimizing NNI: done in 0.00216985 secs using 100.1% CPU
UPDATE BEST LOG-LIKELIHOOD: -491.339
Optimizing NNI: done in 0.00481987 secs using 99.84% CPU
Optimizing NNI: done in 0.00215602 secs using 99.95% CPU
Optimizing NNI: done in 0.010257 secs using 99.96% CPU
Optimizing NNI: done in 0.0119209 secs using 99.98% CPU
Optimizing NNI: done in 0.00475383 secs using 99.94% CPU
Iteration 90 / LogL: -491.341 / Time: 0h:0m:0s (0h:0m:0s left)
Optimizing NNI: done in 0.00755596 secs using 99.97% CPU
Optimizing NNI: done in 0.0100162 secs using 99.97% CPU
Optimizing NNI: done in 0.0101781 secs using 99.96% CPU
Optimizing NNI: done in 0.00950003 secs using 99.97% CPU
Optimizing NNI: done in 0.00489402 secs using 99.94% CPU
Optimizing NNI: done in 0.00483894 secs using 99.94% CPU
Optimizing NNI: done in 0.009413 secs using 99.98% CPU
Optimizing NNI: done in 0.0070281 secs using 99.96% CPU
Optimizing NNI: done in 0.00703406 secs using 99.96% CPU
Optimizing NNI: done in 0.00687695 secs using 99.96% CPU
Iteration 100 / LogL: -491.357 / Time: 0h:0m:1s (0h:0m:0s left)
Log-likelihood cutoff on original alignment: -505.478
NOTE: Bootstrap correlation coefficient of split occurrence frequencies: 0.998
Optimizing NNI: done in 0.00485396 secs using 99.96% CPU
Optimizing NNI: done in 0.0106869 secs using 100% CPU
TREE SEARCH COMPLETED AFTER 102 ITERATIONS / Time: 0h:0m:1s

--------------------------------------------------------------------
|                    FINALIZING TREE SEARCH                        |
--------------------------------------------------------------------
Performs final model parameters optimization
Estimate model parameters (epsilon = 0.010)
1. Initial log-likelihood: -491.339
Optimal log-likelihood: -491.339
Gamma shape alpha: 2.113
Parameters optimization took 1 rounds (0.002 sec)
BEST SCORE FOUND : -491.339

Testing tree branches by SH-like aLRT with 1000 replicates...
0.007 sec.
Creating bootstrap support values...
Split supports printed to NEXUS file ../results/molecular_evolution_analyses/phylogenetic_trees/F91387_MCOR_G1/F91387_MCOR_G1.splits.nex
Total tree length: 1.892

Total number of iterations: 102
CPU time used for tree search: 1.264 sec (0h:0m:1s)
Wall-clock time used for tree search: 1.079 sec (0h:0m:1s)
Total CPU time used: 1.302 sec (0h:0m:1s)
Total wall-clock time used: 1.114 sec (0h:0m:1s)

Computing bootstrap consensus tree...
Reading input file ../results/molecular_evolution_analyses/phylogenetic_trees/F91387_MCOR_G1/F91387_MCOR_G1.splits.nex...
7 taxa and 43 splits.
Consensus tree written to ../results/molecular_evolution_analyses/phylogenetic_trees/F91387_MCOR_G1/F91387_MCOR_G1.contree
Reading input trees file ../results/molecular_evolution_analyses/phylogenetic_trees/F91387_MCOR_G1/F91387_MCOR_G1.contree
Log-likelihood of consensus tree: -491.339

Analysis results written to: 
  IQ-TREE report:                ../results/molecular_evolution_analyses/phylogenetic_trees/F91387_MCOR_G1/F91387_MCOR_G1.iqtree
  Maximum-likelihood tree:       ../results/molecular_evolution_analyses/phylogenetic_trees/F91387_MCOR_G1/F91387_MCOR_G1.treefile
  Likelihood distances:          ../results/molecular_evolution_analyses/phylogenetic_trees/F91387_MCOR_G1/F91387_MCOR_G1.mldist

Ultrafast bootstrap approximation results written to:
  Split support values:          ../results/molecular_evolution_analyses/phylogenetic_trees/F91387_MCOR_G1/F91387_MCOR_G1.splits.nex
  Consensus tree:                ../results/molecular_evolution_analyses/phylogenetic_trees/F91387_MCOR_G1/F91387_MCOR_G1.contree
  Screen log file:               ../results/molecular_evolution_analyses/phylogenetic_trees/F91387_MCOR_G1/F91387_MCOR_G1.log

Date and Time: Wed May  1 12:35:48 2024
