IQ-TREE multicore version 2.2.2.6 COVID-edition for Linux 64-bit built May 27 2023
Developed by Bui Quang Minh, James Barbetti, Nguyen Lam Tung,
Olga Chernomor, Heiko Schmidt, Dominik Schrempf, Michael Woodhams, Ly Trong Nhan.

Host:    lbc5 (AVX2, FMA3, 125 GB RAM)
Command: /home/mauricio/mauricio_PROGRAMAS/iqtree-2.2.2.6-Linux/bin/iqtree2 -s ../results/molecular_evolution_analyses/alignments_gblocks/F12052_SMED_G1/F12052_SMED_G1.aln.gblo -m TEST --threads-max 32 --alrt 1000 --ufboot 1000 --prefix ../results/molecular_evolution_analyses/phylogenetic_trees/F12052_SMED_G1/F12052_SMED_G1 -keep-ident -redo
Seed:    102270 (Using SPRNG - Scalable Parallel Random Number Generator)
Time:    Wed May  1 11:32:11 2024
Kernel:  AVX+FMA - 1 threads (32 CPU cores detected)

HINT: Use -nt option to specify number of threads because your CPU has 32 cores!
HINT: -nt AUTO will automatically determine the best number of threads to use.

Reading alignment file ../results/molecular_evolution_analyses/alignments_gblocks/F12052_SMED_G1/F12052_SMED_G1.aln.gblo ... Fasta format detected
Reading fasta file: done in 7.10487e-05 secs
Alignment most likely contains protein sequences
Constructing alignment: done in 0.000103951 secs
Alignment has 16 sequences with 80 columns, 44 distinct patterns
8 parsimony-informative, 21 singleton sites, 51 constant sites
            Gap/Ambiguity  Composition  p-value
Analyzing sequences: done in 7.15256e-06 secs
   1  Smed.12209    0.00%    passed    100.00%
   2  Smed.13939    0.00%    passed    100.00%
   3  Smed.18719    0.00%    passed    100.00%
   4  Smed.23998    0.00%    passed    100.00%
   5  Smed.5480     0.00%    passed    100.00%
   6  Smed.9034     0.00%    passed    100.00%
   7  Smed.21152    0.00%    passed    100.00%
   8  Smed.25165    0.00%    passed    100.00%
   9  Smed.26703    0.00%    passed    100.00%
  10  Smed.1242     0.00%    passed     99.96%
  11  Smed.19664    0.00%    passed     47.06%
  12  Smed.11178    0.00%    passed    100.00%
  13  Smed.23705    0.00%    passed    100.00%
  14  Smed.2447     0.00%    passed    100.00%
  15  Smed.14379    0.00%    passed    100.00%
  16  Smed.20464    0.00%    passed    100.00%
****  TOTAL         0.00%  0 sequences failed composition chi2 test (p-value<5%; df=18)


Create initial parsimony tree by phylogenetic likelihood library (PLL)... 0.001 seconds
Perform fast likelihood tree search using LG+I+G model...
Estimate model parameters (epsilon = 5.000)
Perform nearest neighbor interchange...
Optimizing NNI: done in 0.00659394 secs using 99.94% CPU
Estimate model parameters (epsilon = 1.000)
1. Initial log-likelihood: -471.166
Optimal log-likelihood: -471.136
Proportion of invariable sites: 0.294
Gamma shape alpha: 998.444
Parameters optimization took 1 rounds (0.007 sec)
Time for fast ML tree search: 0.026 seconds

NOTE: ModelFinder requires 0 MB RAM!
ModelFinder will test up to 224 protein models (sample size: 80) ...
 No. Model         -LnL         df  AIC          AICc         BIC
  1  LG            471.122      29  1000.243     1035.043     1069.322
  2  LG+I          470.952      30  1001.904     1039.863     1073.364
  3  LG+G4         471.122      30  1002.244     1040.203     1073.705
  4  LG+I+G4       471.110      31  1004.220     1045.554     1078.063
  5  LG+F          466.916      48  1029.833     1181.575     1144.170
  6  LG+F+I        466.849      49  1031.698     1195.032     1148.418
  7  LG+F+G4       466.917      49  1031.834     1195.167     1148.553
  8  LG+F+I+G4     467.143      50  1034.286     1210.148     1153.387
  9  WAG           471.758      29  1001.516     1036.316     1070.595
 10  WAG+I         471.514      30  1003.028     1040.987     1074.488
 11  WAG+G4        471.748      30  1003.496     1041.455     1074.957
 12  WAG+I+G4      471.617      31  1005.234     1046.567     1079.076
 13  WAG+F         464.457      48  1024.914     1176.656     1139.252
 14  WAG+F+I       464.317      49  1026.633     1189.967     1143.353
 15  WAG+F+G4      464.457      49  1026.915     1190.248     1143.634
 16  WAG+F+I+G4    464.507      50  1029.015     1204.877     1148.116
 17  JTT           464.718      29  987.435      1022.235     1056.514
 18  JTT+I         464.672      30  989.343      1027.302     1060.804
 19  JTT+G4        464.718      30  989.436      1027.395     1060.897
 20  JTT+I+G4      465.020      31  992.041      1033.374     1065.884
 21  JTT+F         458.531      48  1013.062     1164.804     1127.399
 22  JTT+F+I       458.498      49  1014.997     1178.330     1131.716
 23  JTT+F+G4      458.532      49  1015.063     1178.396     1131.782
 24  JTT+F+I+G4    458.879      50  1017.758     1193.620     1136.859
WARNING: Normalizing state frequencies so that sum of them equals to 1
 25  Q.pfam        469.574      29  997.149      1031.949     1066.228
WARNING: Normalizing state frequencies so that sum of them equals to 1
 26  Q.pfam+I      469.451      30  998.902      1036.862     1070.363
WARNING: Normalizing state frequencies so that sum of them equals to 1
 27  Q.pfam+G4     469.575      30  999.150      1037.109     1070.611
WARNING: Normalizing state frequencies so that sum of them equals to 1
 28  Q.pfam+I+G4   469.658      31  1001.316     1042.650     1075.159
WARNING: Normalizing state frequencies so that sum of them equals to 1
 29  Q.pfam+F      465.170      48  1026.340     1178.082     1140.678
WARNING: Normalizing state frequencies so that sum of them equals to 1
 30  Q.pfam+F+I    465.109      49  1028.217     1191.551     1144.937
WARNING: Normalizing state frequencies so that sum of them equals to 1
 31  Q.pfam+F+G4   465.171      49  1028.342     1191.675     1145.061
WARNING: Normalizing state frequencies so that sum of them equals to 1
 32  Q.pfam+F+I+G4 465.419      50  1030.838     1206.700     1149.939
WARNING: Normalizing state frequencies so that sum of them equals to 1
 33  Q.bird        455.903      29  969.806      1004.606     1038.885
WARNING: Normalizing state frequencies so that sum of them equals to 1
 34  Q.bird+I      455.903      30  971.806      1009.765     1043.267
WARNING: Normalizing state frequencies so that sum of them equals to 1
 35  Q.bird+G4     455.905      30  971.810      1009.769     1043.271
WARNING: Normalizing state frequencies so that sum of them equals to 1
 36  Q.bird+I+G4   456.573      31  975.147      1016.480     1048.990
WARNING: Normalizing state frequencies so that sum of them equals to 1
 37  Q.bird+F      450.120      48  996.239      1147.981     1110.576
WARNING: Normalizing state frequencies so that sum of them equals to 1
 38  Q.bird+F+I    450.119      49  998.238      1161.572     1114.958
WARNING: Normalizing state frequencies so that sum of them equals to 1
 39  Q.bird+F+G4   450.121      49  998.242      1161.575     1114.961
WARNING: Normalizing state frequencies so that sum of them equals to 1
 40  Q.bird+F+I+G4 450.658      50  1001.317     1177.179     1120.418
WARNING: Normalizing state frequencies so that sum of them equals to 1
 41  Q.mammal      457.343      29  972.686      1007.486     1041.765
WARNING: Normalizing state frequencies so that sum of them equals to 1
 42  Q.mammal+I    457.343      30  974.686      1012.645     1046.147
WARNING: Normalizing state frequencies so that sum of them equals to 1
 43  Q.mammal+G4   457.345      30  974.689      1012.649     1046.150
WARNING: Normalizing state frequencies so that sum of them equals to 1
 44  Q.mammal+I+G4 458.024      31  978.048      1019.381     1051.891
WARNING: Normalizing state frequencies so that sum of them equals to 1
 45  Q.mammal+F    451.129      48  998.259      1150.001     1112.596
WARNING: Normalizing state frequencies so that sum of them equals to 1
 46  Q.mammal+F+I  451.123      49  1000.246     1163.579     1116.965
WARNING: Normalizing state frequencies so that sum of them equals to 1
 47  Q.mammal+F+G4 451.131      49  1000.261     1163.595     1116.981
WARNING: Normalizing state frequencies so that sum of them equals to 1
 48  Q.mammal+F+I+G4 451.651      50  1003.301     1179.163     1122.402
 49  Q.insect      465.407      29  988.814      1023.614     1057.893
 50  Q.insect+I    465.394      30  990.788      1028.747     1062.248
 51  Q.insect+G4   465.408      30  990.816      1028.775     1062.277
 52  Q.insect+I+G4 465.853      31  993.706      1035.039     1067.549
 53  Q.insect+F    463.483      48  1022.966     1174.708     1137.304
 54  Q.insect+F+I  463.448      49  1024.896     1188.229     1141.615
 55  Q.insect+F+G4 463.484      49  1024.968     1188.301     1141.687
 56  Q.insect+F+I+G4 463.820      50  1027.641     1203.503     1146.742
WARNING: Normalizing state frequencies so that sum of them equals to 1
 57  Q.plant       459.361      29  976.722      1011.522     1045.801
WARNING: Normalizing state frequencies so that sum of them equals to 1
 58  Q.plant+I     459.341      30  978.682      1016.641     1050.143
WARNING: Normalizing state frequencies so that sum of them equals to 1
 59  Q.plant+G4    459.362      30  978.724      1016.683     1050.185
WARNING: Normalizing state frequencies so that sum of them equals to 1
 60  Q.plant+I+G4  459.768      31  981.537      1022.870     1055.380
WARNING: Normalizing state frequencies so that sum of them equals to 1
 61  Q.plant+F     457.667      48  1011.333     1163.075     1125.670
WARNING: Normalizing state frequencies so that sum of them equals to 1
 62  Q.plant+F+I   457.559      49  1013.118     1176.451     1129.837
WARNING: Normalizing state frequencies so that sum of them equals to 1
 63  Q.plant+F+G4  457.667      49  1013.334     1176.667     1130.053
WARNING: Normalizing state frequencies so that sum of them equals to 1
 64  Q.plant+F+I+G4 457.792      50  1015.585     1191.447     1134.686
WARNING: Normalizing state frequencies so that sum of them equals to 1
 65  Q.yeast       467.536      29  993.071      1027.871     1062.150
WARNING: Normalizing state frequencies so that sum of them equals to 1
 66  Q.yeast+I     467.505      30  995.011      1032.970     1066.472
WARNING: Normalizing state frequencies so that sum of them equals to 1
 67  Q.yeast+G4    467.537      30  995.073      1033.032     1066.534
WARNING: Normalizing state frequencies so that sum of them equals to 1
 68  Q.yeast+I+G4  467.896      31  997.793      1039.126     1071.636
WARNING: Normalizing state frequencies so that sum of them equals to 1
 69  Q.yeast+F     464.749      48  1025.498     1177.240     1139.835
WARNING: Normalizing state frequencies so that sum of them equals to 1
 70  Q.yeast+F+I   464.705      49  1027.410     1190.743     1144.129
WARNING: Normalizing state frequencies so that sum of them equals to 1
 71  Q.yeast+F+G4  464.750      49  1027.500     1190.833     1144.219
WARNING: Normalizing state frequencies so that sum of them equals to 1
 72  Q.yeast+F+I+G4 465.054      50  1030.109     1205.971     1149.210
 73  JTTDCMut      465.096      29  988.193      1022.993     1057.272
 74  JTTDCMut+I    465.045      30  990.090      1028.049     1061.551
 75  JTTDCMut+G4   465.097      30  990.194      1028.153     1061.655
 76  JTTDCMut+I+G4 465.382      31  992.763      1034.097     1066.606
 77  JTTDCMut+F    458.772      48  1013.544     1165.286     1127.881
 78  JTTDCMut+F+I  458.735      49  1015.471     1178.804     1132.190
 79  JTTDCMut+F+G4 458.773      49  1015.545     1178.878     1132.264
 80  JTTDCMut+F+I+G4 459.106      50  1018.212     1194.075     1137.314
 81  DCMut         480.498      29  1018.996     1053.796     1088.074
 82  DCMut+I       479.785      30  1019.570     1057.529     1091.031
 83  DCMut+G4      480.189      30  1020.379     1058.338     1091.839
 84  DCMut+I+G4    479.791      31  1021.582     1062.915     1095.424
 85  DCMut+F       469.523      48  1035.046     1186.788     1149.383
 86  DCMut+F+I     468.978      49  1035.956     1199.290     1152.676
 87  DCMut+F+G4    469.360      49  1036.720     1200.053     1153.439
 88  DCMut+F+I+G4  469.007      50  1038.014     1213.876     1157.115
 89  VT            469.168      29  996.335      1031.135     1065.414
 90  VT+I          469.103      30  998.206      1036.165     1069.667
 91  VT+G4         469.168      30  998.336      1036.295     1069.797
 92  VT+I+G4       469.393      31  1000.785     1042.119     1074.628
 93  VT+F          464.406      48  1024.811     1176.553     1139.148
 94  VT+F+I        464.374      49  1026.747     1190.080     1143.466
 95  VT+F+G4       464.406      49  1026.812     1190.146     1143.532
 96  VT+F+I+G4     464.743      50  1029.487     1205.349     1148.588
 97  PMB           473.240      29  1004.480     1039.280     1073.559
 98  PMB+I         473.174      30  1006.349     1044.308     1077.810
 99  PMB+G4        473.241      30  1006.481     1044.441     1077.942
100  PMB+I+G4      473.462      31  1008.923     1050.256     1082.766
101  PMB+F         468.621      48  1033.242     1184.984     1147.579
102  PMB+F+I       468.589      49  1035.178     1198.511     1151.897
103  PMB+F+G4      468.622      49  1035.243     1198.577     1151.963
104  PMB+F+I+G4    468.965      50  1037.930     1213.792     1157.031
105  Blosum62      473.819      29  1005.638     1040.438     1074.716
106  Blosum62+I    473.674      30  1007.348     1045.307     1078.809
107  Blosum62+G4   473.819      30  1007.638     1045.597     1079.099
108  Blosum62+I+G4 473.852      31  1009.705     1051.038     1083.548
109  Blosum62+F    470.144      48  1036.288     1188.030     1150.625
110  Blosum62+F+I  470.074      49  1038.148     1201.482     1154.868
111  Blosum62+F+G4 470.145      49  1038.289     1201.622     1155.008
112  Blosum62+F+I+G4 470.357      50  1040.715     1216.577     1159.816
113  Dayhoff       480.553      29  1019.107     1053.907     1088.185
114  Dayhoff+I     479.830      30  1019.659     1057.618     1091.120
115  Dayhoff+G4    480.236      30  1020.472     1058.431     1091.932
116  Dayhoff+I+G4  479.835      31  1021.669     1063.003     1095.512
117  Dayhoff+F     469.580      48  1035.160     1186.902     1149.497
118  Dayhoff+F+I   469.026      49  1036.053     1199.386     1152.772
119  Dayhoff+F+G4  469.410      49  1036.820     1200.154     1153.540
120  Dayhoff+F+I+G4 469.054      50  1038.107     1213.969     1157.208
121  mtREV         491.751      29  1041.501     1076.301     1110.580
122  mtREV+I       491.472      30  1042.945     1080.904     1114.405
123  mtREV+G4      491.742      30  1043.485     1081.444     1114.946
124  mtREV+I+G4    491.583      31  1045.166     1086.499     1119.009
125  mtREV+F       475.740      48  1047.479     1199.221     1161.816
126  mtREV+F+I     475.245      49  1048.489     1211.823     1165.209
127  mtREV+F+G4    475.553      49  1049.106     1212.440     1165.826
128  mtREV+F+I+G4  475.278      50  1050.555     1226.418     1169.657
129  mtART         499.639      29  1057.277     1092.077     1126.356
130  mtART+I       498.838      30  1057.675     1095.634     1129.136
131  mtART+G4      499.297      30  1058.594     1096.553     1130.054
132  mtART+I+G4    498.849      31  1059.698     1101.031     1133.541
133  mtART+F       485.084      48  1066.167     1217.909     1180.505
134  mtART+F+I     484.085      49  1066.171     1229.504     1182.890
135  mtART+F+G4    484.644      49  1067.287     1230.620     1184.006
136  mtART+F+I+G4  484.087      50  1068.175     1244.037     1187.276
137  mtZOA         484.130      29  1026.260     1061.060     1095.339
138  mtZOA+I       483.921      30  1027.843     1065.802     1099.304
139  mtZOA+G4      484.130      30  1028.261     1066.220     1099.722
140  mtZOA+I+G4    484.099      31  1030.198     1071.531     1104.041
141  mtZOA+F       472.476      48  1040.952     1192.694     1155.289
142  mtZOA+F+I     472.241      49  1042.481     1205.815     1159.201
143  mtZOA+F+G4    472.473      49  1042.947     1206.280     1159.666
144  mtZOA+F+I+G4  472.378      50  1044.757     1220.619     1163.858
145  mtMet         475.967      29  1009.934     1044.734     1079.013
146  mtMet+I       475.966      30  1011.933     1049.892     1083.394
147  mtMet+G4      475.969      30  1011.937     1049.896     1083.398
148  mtMet+I+G4    476.547      31  1015.094     1056.428     1088.937
149  mtMet+F       461.557      48  1019.114     1170.856     1133.452
150  mtMet+F+I     461.457      49  1020.914     1184.247     1137.633
151  mtMet+F+G4    461.557      49  1021.115     1184.448     1137.834
152  mtMet+F+I+G4  461.714      50  1023.428     1199.290     1142.529
153  mtVer         482.980      29  1023.960     1058.760     1093.039
154  mtVer+I       482.939      30  1025.877     1063.836     1097.338
155  mtVer+G4      482.981      30  1025.962     1063.921     1097.423
156  mtVer+I+G4    483.358      31  1028.717     1070.050     1102.560
157  mtVer+F       464.569      48  1025.139     1176.881     1139.476
158  mtVer+F+I     464.235      49  1026.470     1189.803     1143.189
159  mtVer+F+G4    464.515      49  1027.031     1190.364     1143.750
160  mtVer+F+I+G4  464.316      50  1028.632     1204.494     1147.733
161  mtInv         481.124      29  1020.249     1055.049     1089.327
162  mtInv+I       481.121      30  1022.242     1060.201     1093.703
163  mtInv+G4      481.126      30  1022.251     1060.210     1093.712
164  mtInv+I+G4    481.632      31  1025.265     1066.598     1099.107
165  mtInv+F       465.111      48  1026.221     1177.963     1140.559
166  mtInv+F+I     464.982      49  1027.965     1191.298     1144.684
167  mtInv+F+G4    465.111      49  1028.222     1191.555     1144.941
168  mtInv+F+I+G4  465.191      50  1030.381     1206.243     1149.483
169  mtMAM         498.654      29  1055.308     1090.108     1124.387
170  mtMAM+I       497.691      30  1055.382     1093.341     1126.843
171  mtMAM+G4      498.138      30  1056.277     1094.236     1127.738
172  mtMAM+I+G4    497.714      31  1057.429     1098.762     1131.272
173  mtMAM+F       480.777      48  1057.554     1209.296     1171.892
174  mtMAM+F+I     479.399      49  1056.798     1220.132     1173.518
175  mtMAM+F+G4    480.108      49  1058.216     1221.549     1174.935
176  mtMAM+F+I+G4  479.413      50  1058.826     1234.688     1177.927
WARNING: Normalizing state frequencies so that sum of them equals to 1
177  FLAVI         464.660      29  987.320      1022.120     1056.399
WARNING: Normalizing state frequencies so that sum of them equals to 1
178  FLAVI+I       464.644      30  989.289      1027.248     1060.750
WARNING: Normalizing state frequencies so that sum of them equals to 1
179  FLAVI+G4      464.661      30  989.322      1027.282     1060.783
WARNING: Normalizing state frequencies so that sum of them equals to 1
180  FLAVI+I+G4    465.150      31  992.301      1033.634     1066.143
WARNING: Normalizing state frequencies so that sum of them equals to 1
181  FLAVI+F       456.482      48  1008.964     1160.706     1123.302
WARNING: Normalizing state frequencies so that sum of them equals to 1
182  FLAVI+F+I     456.244      49  1010.487     1173.821     1127.207
WARNING: Normalizing state frequencies so that sum of them equals to 1
183  FLAVI+F+G4    456.474      49  1010.948     1174.282     1127.667
WARNING: Normalizing state frequencies so that sum of them equals to 1
184  FLAVI+F+I+G4  456.369      50  1012.737     1188.599     1131.838
185  HIVb          461.304      29  980.609      1015.409     1049.688
186  HIVb+I        461.301      30  982.602      1020.561     1054.063
187  HIVb+G4       461.305      30  982.611      1020.570     1054.071
188  HIVb+I+G4     461.777      31  985.555      1026.888     1059.398
189  HIVb+F        452.037      48  1000.074     1151.816     1114.412
190  HIVb+F+I      451.948      49  1001.896     1165.230     1118.615
191  HIVb+F+G4     452.036      49  1002.073     1165.406     1118.792
192  HIVb+F+I+G4   452.239      50  1004.478     1180.340     1123.579
193  HIVw          469.540      29  997.080      1031.880     1066.159
194  HIVw+I        469.521      30  999.043      1037.002     1070.503
195  HIVw+G4       469.541      30  999.082      1037.041     1070.542
196  HIVw+I+G4     469.926      31  1001.853     1043.186     1075.695
197  HIVw+F        450.504      48  997.007      1148.749     1111.344
198  HIVw+F+I      450.461      49  998.922      1162.255     1115.641
199  HIVw+F+G4     450.504      49  999.008      1162.342     1115.728
200  HIVw+F+I+G4   450.831      50  1001.662     1177.524     1120.763
201  FLU           462.866      29  983.733      1018.533     1052.811
202  FLU+I         462.864      30  985.727      1023.687     1057.188
203  FLU+G4        462.868      30  985.736      1023.695     1057.196
204  FLU+I+G4      463.373      31  988.746      1030.080     1062.589
205  FLU+F         452.588      48  1001.176     1152.917     1115.513
206  FLU+F+I       452.521      49  1003.042     1166.376     1119.762
207  FLU+F+G4      452.589      49  1003.177     1166.511     1119.897
208  FLU+F+I+G4    452.864      50  1005.728     1181.590     1124.829
209  rtREV         485.194      29  1028.387     1063.187     1097.466
210  rtREV+I       484.754      30  1029.508     1067.467     1100.968
211  rtREV+G4      485.155      30  1030.311     1068.270     1101.771
212  rtREV+I+G4    484.785      31  1031.570     1072.904     1105.413
213  rtREV+F       472.027      48  1040.054     1191.796     1154.391
214  rtREV+F+I     471.875      49  1041.751     1205.084     1158.470
215  rtREV+F+G4    472.027      49  1042.054     1205.388     1158.774
216  rtREV+F+I+G4  472.050      50  1044.101     1219.963     1163.202
217  cpREV         474.580      29  1007.159     1041.959     1076.238
218  cpREV+I       474.091      30  1008.183     1046.142     1079.644
219  cpREV+G4      474.442      30  1008.884     1046.843     1080.345
220  cpREV+I+G4    474.112      31  1010.224     1051.557     1084.067
221  cpREV+F       470.249      48  1036.499     1188.241     1150.836
222  cpREV+F+I     469.678      49  1037.357     1200.690     1154.076
223  cpREV+F+G4    469.992      49  1037.984     1201.318     1154.704
224  cpREV+F+I+G4  469.688      50  1039.376     1215.238     1158.478
Akaike Information Criterion:           Q.bird
Corrected Akaike Information Criterion: Q.bird
Bayesian Information Criterion:         Q.bird
Best-fit model: Q.bird chosen according to BIC

All model information printed to ../results/molecular_evolution_analyses/phylogenetic_trees/F12052_SMED_G1/F12052_SMED_G1.model.gz
CPU time for ModelFinder: 1.803 seconds (0h:0m:1s)
Wall-clock time for ModelFinder: 1.808 seconds (0h:0m:1s)
NOTE: State(s) W not present in alignment and thus removed from Markov process to prevent numerical problems
NOTE: 1 states (see above) are not present and thus removed from Markov process to prevent numerical problems
Generating 1000 samples for ultrafast bootstrap (seed: 102270)...
WARNING: Normalizing state frequencies so that sum of them equals to 1

NOTE: 0 MB RAM (0 GB) is required!
Estimate model parameters (epsilon = 0.100)
1. Initial log-likelihood: -455.903
Optimal log-likelihood: -455.903
Parameters optimization took 1 rounds (0.001 sec)
Wrote distance file to... 
Computing ML distances based on estimated model parameters...
Calculating distance matrix: done in 0.00654101 secs using 99.74% CPU
Computing ML distances took 0.006567 sec (of wall-clock time) 0.006552 sec (of CPU time)
Setting up auxiliary I and S matrices: done in 5.50747e-05 secs using 98.05% CPU
Constructing RapidNJ tree: done in 7.39098e-05 secs using 100.1% CPU
Computing RapidNJ tree took 0.000189 sec (of wall-clock time) 0.000188 sec (of CPU time)
Log-likelihood of RapidNJ tree: -455.904
--------------------------------------------------------------------
|             INITIALIZING CANDIDATE TREE SET                      |
--------------------------------------------------------------------
Generating 98 parsimony trees... 0.038 second
Computing log-likelihood of 98 initial trees ... 0.049 seconds
Current best score: -455.903

Do NNI search on 20 best initial trees
Optimizing NNI: done in 0.00300598 secs using 199.8% CPU
Estimate model parameters (epsilon = 0.100)
BETTER TREE FOUND at iteration 1: -455.903
Optimizing NNI: done in 0.00295281 secs using 200% CPU
BETTER TREE FOUND at iteration 2: -455.903
Optimizing NNI: done in 0.0029099 secs using 63.09% CPU
Optimizing NNI: done in 0.00292397 secs using 199.8% CPU
Optimizing NNI: done in 0.00294709 secs using 200% CPU
Optimizing NNI: done in 0.0029211 secs using 199.3% CPU
Optimizing NNI: done in 0.00299883 secs using 199.9% CPU
Optimizing NNI: done in 0.00289607 secs using 199.9% CPU
Optimizing NNI: done in 0.00296593 secs using 200% CPU
Optimizing NNI: done in 0.00287104 secs using 199.9% CPU
Iteration 10 / LogL: -455.903 / Time: 0h:0m:0s
Optimizing NNI: done in 0.00284195 secs using 200% CPU
BETTER TREE FOUND at iteration 11: -455.903
Optimizing NNI: done in 0.00286913 secs using 200% CPU
Optimizing NNI: done in 0.002882 secs using 199.9% CPU
Optimizing NNI: done in 0.00291705 secs using 64.79% CPU
Optimizing NNI: done in 0.00293207 secs using 198.1% CPU
Optimizing NNI: done in 0.00293803 secs using 200% CPU
Optimizing NNI: done in 0.00296903 secs using 199.9% CPU
Optimizing NNI: done in 0.00297999 secs using 199.9% CPU
Optimizing NNI: done in 0.00294304 secs using 200% CPU
Optimizing NNI: done in 0.00297308 secs using 200% CPU
BETTER TREE FOUND at iteration 20: -455.903
Iteration 20 / LogL: -455.903 / Time: 0h:0m:0s
Finish initializing candidate tree set (20)
Current best tree score: -455.903 / CPU time: 0.154
Number of iterations: 20
--------------------------------------------------------------------
|               OPTIMIZING CANDIDATE TREE SET                      |
--------------------------------------------------------------------
Optimizing NNI: done in 0.00772285 secs using 148.2% CPU
Optimizing NNI: done in 0.00486708 secs using 200% CPU
Optimizing NNI: done in 0.00575709 secs using 199.7% CPU
Optimizing NNI: done in 0.00532222 secs using 200% CPU
Optimizing NNI: done in 0.00562 secs using 188% CPU
Optimizing NNI: done in 0.00511599 secs using 99.92% CPU
Optimizing NNI: done in 0.00289798 secs using 100% CPU
BETTER TREE FOUND at iteration 27: -455.903
Optimizing NNI: done in 0.0066061 secs using 99.85% CPU
Optimizing NNI: done in 0.00472784 secs using 100% CPU
Optimizing NNI: done in 0.00481296 secs using 99.92% CPU
Iteration 30 / LogL: -455.903 / Time: 0h:0m:0s (0h:0m:0s left)
Optimizing NNI: done in 0.00724697 secs using 99.95% CPU
Optimizing NNI: done in 0.00824213 secs using 99.99% CPU
Optimizing NNI: done in 0.00296283 secs using 100% CPU
Optimizing NNI: done in 0.00288296 secs using 100% CPU
Optimizing NNI: done in 0.00532079 secs using 100% CPU
Optimizing NNI: done in 0.0054431 secs using 99.94% CPU
Optimizing NNI: done in 0.0076201 secs using 99.97% CPU
Optimizing NNI: done in 0.00541306 secs using 100% CPU
Optimizing NNI: done in 0.0100479 secs using 100% CPU
Optimizing NNI: done in 0.00785804 secs using 99.99% CPU
Iteration 40 / LogL: -455.903 / Time: 0h:0m:0s (0h:0m:0s left)
Optimizing NNI: done in 0.00985599 secs using 100% CPU
Optimizing NNI: done in 0.00475097 secs using 100% CPU
Optimizing NNI: done in 0.00527215 secs using 99.92% CPU
Optimizing NNI: done in 0.00537586 secs using 100% CPU
Optimizing NNI: done in 0.00535989 secs using 100% CPU
Optimizing NNI: done in 0.00281906 secs using 100% CPU
Optimizing NNI: done in 0.0028491 secs using 100% CPU
Optimizing NNI: done in 0.00523686 secs using 100% CPU
Optimizing NNI: done in 0.00289321 secs using 99.92% CPU
Optimizing NNI: done in 0.00753498 secs using 99.96% CPU
Iteration 50 / LogL: -455.903 / Time: 0h:0m:0s (0h:0m:0s left)
Log-likelihood cutoff on original alignment: -488.213
Optimizing NNI: done in 0.00532699 secs using 99.96% CPU
Optimizing NNI: done in 0.00284195 secs using 99.83% CPU
Optimizing NNI: done in 0.00274992 secs using 100% CPU
Optimizing NNI: done in 0.00526595 secs using 100% CPU
Optimizing NNI: done in 0.00500488 secs using 99.94% CPU
Optimizing NNI: done in 0.00286603 secs using 99.96% CPU
Optimizing NNI: done in 0.00558901 secs using 100% CPU
BETTER TREE FOUND at iteration 57: -455.903
Optimizing NNI: done in 0.00526094 secs using 99.73% CPU
Optimizing NNI: done in 0.00778508 secs using 99.95% CPU
Optimizing NNI: done in 0.00583601 secs using 99.91% CPU
Iteration 60 / LogL: -455.903 / Time: 0h:0m:0s (0h:0m:0s left)
Optimizing NNI: done in 0.00468802 secs using 99.94% CPU
Optimizing NNI: done in 0.00518703 secs using 99.94% CPU
Optimizing NNI: done in 0.0042491 secs using 100% CPU
Optimizing NNI: done in 0.005018 secs using 99.98% CPU
Optimizing NNI: done in 0.00277209 secs using 99.89% CPU
Optimizing NNI: done in 0.00472903 secs using 99.94% CPU
Optimizing NNI: done in 0.00434303 secs using 99.91% CPU
Optimizing NNI: done in 0.00837016 secs using 99.95% CPU
Optimizing NNI: done in 0.00541806 secs using 99.94% CPU
Optimizing NNI: done in 0.00682807 secs using 99.96% CPU
Iteration 70 / LogL: -455.903 / Time: 0h:0m:0s (0h:0m:0s left)
Optimizing NNI: done in 0.00859213 secs using 99.96% CPU
Optimizing NNI: done in 0.00997114 secs using 99.97% CPU
Optimizing NNI: done in 0.00549698 secs using 100% CPU
Optimizing NNI: done in 0.00706792 secs using 99.96% CPU
Optimizing NNI: done in 0.00750709 secs using 99.96% CPU
Optimizing NNI: done in 0.00764298 secs using 99.96% CPU
Optimizing NNI: done in 0.00485206 secs using 100% CPU
Optimizing NNI: done in 0.00772619 secs using 100% CPU
Optimizing NNI: done in 0.00274897 secs using 99.96% CPU
Optimizing NNI: done in 0.00272703 secs using 100% CPU
Iteration 80 / LogL: -455.903 / Time: 0h:0m:0s (0h:0m:0s left)
Optimizing NNI: done in 0.00861192 secs using 100% CPU
Optimizing NNI: done in 0.00522685 secs using 100% CPU
Optimizing NNI: done in 0.00545192 secs using 99.95% CPU
Optimizing NNI: done in 0.010088 secs using 100% CPU
Optimizing NNI: done in 0.0049181 secs using 100% CPU
Optimizing NNI: done in 0.0054121 secs using 99.96% CPU
Optimizing NNI: done in 0.00268602 secs using 99.96% CPU
Optimizing NNI: done in 0.00280499 secs using 99.89% CPU
Optimizing NNI: done in 0.00281215 secs using 99.99% CPU
Optimizing NNI: done in 0.00464702 secs using 100% CPU
Iteration 90 / LogL: -455.903 / Time: 0h:0m:0s (0h:0m:0s left)
Optimizing NNI: done in 0.00475383 secs using 100% CPU
Optimizing NNI: done in 0.00850391 secs using 100% CPU
Optimizing NNI: done in 0.00450802 secs using 100% CPU
Optimizing NNI: done in 0.00716901 secs using 100% CPU
Optimizing NNI: done in 0.00537896 secs using 100% CPU
Optimizing NNI: done in 0.00493813 secs using 100% CPU
Optimizing NNI: done in 0.00767899 secs using 99.96% CPU
Optimizing NNI: done in 0.00707197 secs using 99.94% CPU
Optimizing NNI: done in 0.00534081 secs using 99.97% CPU
Optimizing NNI: done in 0.00265884 secs using 99.97% CPU
Iteration 100 / LogL: -455.903 / Time: 0h:0m:0s (0h:0m:0s left)
Log-likelihood cutoff on original alignment: -488.213
NOTE: Bootstrap correlation coefficient of split occurrence frequencies: 0.956
NOTE: UFBoot does not converge, continue at least 100 more iterations
Optimizing NNI: done in 0.00535893 secs using 99.87% CPU
UPDATE BEST LOG-LIKELIHOOD: -455.903
Optimizing NNI: done in 0.00551605 secs using 99.8% CPU
Optimizing NNI: done in 0.00451922 secs using 99.91% CPU
Optimizing NNI: done in 0.00871515 secs using 99.98% CPU
Optimizing NNI: done in 0.00691819 secs using 99.95% CPU
Optimizing NNI: done in 0.00405312 secs using 100% CPU
Optimizing NNI: done in 0.00771189 secs using 100% CPU
Optimizing NNI: done in 0.00487089 secs using 99.98% CPU
Optimizing NNI: done in 0.0028379 secs using 100% CPU
Optimizing NNI: done in 0.00468898 secs using 99.92% CPU
Iteration 110 / LogL: -455.903 / Time: 0h:0m:1s (0h:0m:0s left)
Optimizing NNI: done in 0.00529504 secs using 99.92% CPU
Optimizing NNI: done in 0.00751209 secs using 99.95% CPU
Optimizing NNI: done in 0.00658703 secs using 99.94% CPU
Optimizing NNI: done in 0.0051589 secs using 99.94% CPU
Optimizing NNI: done in 0.00505114 secs using 100% CPU
Optimizing NNI: done in 0.00470281 secs using 100% CPU
Optimizing NNI: done in 0.00537801 secs using 99.94% CPU
Optimizing NNI: done in 0.00487685 secs using 100% CPU
Optimizing NNI: done in 0.00708795 secs using 99.96% CPU
Optimizing NNI: done in 0.00958991 secs using 99.97% CPU
Iteration 120 / LogL: -460.171 / Time: 0h:0m:1s (0h:0m:0s left)
Optimizing NNI: done in 0.00731301 secs using 100% CPU
Optimizing NNI: done in 0.00479507 secs using 100% CPU
Optimizing NNI: done in 0.00281596 secs using 100% CPU
Optimizing NNI: done in 0.00786901 secs using 99.97% CPU
Optimizing NNI: done in 0.00749516 secs using 99.97% CPU
Optimizing NNI: done in 0.00542903 secs using 99.93% CPU
Optimizing NNI: done in 0.00473499 secs using 100% CPU
Optimizing NNI: done in 0.00499201 secs using 100% CPU
Optimizing NNI: done in 0.00703406 secs using 100% CPU
Optimizing NNI: done in 0.00560403 secs using 99.98% CPU
Iteration 130 / LogL: -455.903 / Time: 0h:0m:1s (0h:0m:0s left)
Optimizing NNI: done in 0.00482488 secs using 100% CPU
Optimizing NNI: done in 0.00669408 secs using 99.98% CPU
Optimizing NNI: done in 0.00493598 secs using 99.92% CPU
Optimizing NNI: done in 0.00271392 secs using 100% CPU
Optimizing NNI: done in 0.00445604 secs using 99.93% CPU
Optimizing NNI: done in 0.00546217 secs using 99.91% CPU
Optimizing NNI: done in 0.00548697 secs using 99.96% CPU
Optimizing NNI: done in 0.00284815 secs using 99.96% CPU
Optimizing NNI: done in 0.00511312 secs using 99.98% CPU
Optimizing NNI: done in 0.00857306 secs using 100% CPU
Iteration 140 / LogL: -455.904 / Time: 0h:0m:1s (0h:0m:0s left)
Optimizing NNI: done in 0.00534797 secs using 100% CPU
Optimizing NNI: done in 0.00520706 secs using 99.98% CPU
Optimizing NNI: done in 0.00557613 secs using 99.98% CPU
Optimizing NNI: done in 0.00528193 secs using 100% CPU
Optimizing NNI: done in 0.00470209 secs using 100% CPU
Optimizing NNI: done in 0.00563002 secs using 99.98% CPU
Optimizing NNI: done in 0.00557303 secs using 99.95% CPU
Optimizing NNI: done in 0.0086081 secs using 99.96% CPU
Optimizing NNI: done in 0.00476193 secs using 99.94% CPU
Optimizing NNI: done in 0.00779986 secs using 99.96% CPU
Iteration 150 / LogL: -455.903 / Time: 0h:0m:1s (0h:0m:0s left)
Log-likelihood cutoff on original alignment: -489.529
Optimizing NNI: done in 0.002949 secs using 99.93% CPU
Optimizing NNI: done in 0.00495505 secs using 99.9% CPU
Optimizing NNI: done in 0.00549507 secs using 99.93% CPU
BETTER TREE FOUND at iteration 153: -455.903
Optimizing NNI: done in 0.0101829 secs using 99.94% CPU
Optimizing NNI: done in 0.00547791 secs using 100% CPU
Optimizing NNI: done in 0.002738 secs using 99.96% CPU
Optimizing NNI: done in 0.00442314 secs using 99.91% CPU
Optimizing NNI: done in 0.00957584 secs using 99.97% CPU
Optimizing NNI: done in 0.0054698 secs using 100% CPU
Optimizing NNI: done in 0.00486517 secs using 100% CPU
UPDATE BEST LOG-LIKELIHOOD: -455.903
Iteration 160 / LogL: -455.903 / Time: 0h:0m:1s (0h:0m:0s left)
Optimizing NNI: done in 0.00724411 secs using 99.89% CPU
Optimizing NNI: done in 0.00543714 secs using 99.96% CPU
Optimizing NNI: done in 0.00806594 secs using 99.96% CPU
Optimizing NNI: done in 0.00282907 secs using 99.89% CPU
BETTER TREE FOUND at iteration 164: -455.903
Optimizing NNI: done in 0.00459003 secs using 99.85% CPU
Optimizing NNI: done in 0.00580907 secs using 99.93% CPU
Optimizing NNI: done in 0.00497818 secs using 100% CPU
Optimizing NNI: done in 0.00709009 secs using 99.98% CPU
Optimizing NNI: done in 0.00946712 secs using 99.96% CPU
Optimizing NNI: done in 0.00752807 secs using 99.96% CPU
Iteration 170 / LogL: -455.903 / Time: 0h:0m:1s (0h:0m:0s left)
Optimizing NNI: done in 0.00414205 secs using 99.93% CPU
Optimizing NNI: done in 0.0049088 secs using 100% CPU
Optimizing NNI: done in 0.00784302 secs using 99.99% CPU
Optimizing NNI: done in 0.0054481 secs using 99.96% CPU
Optimizing NNI: done in 0.00402188 secs using 100% CPU
Optimizing NNI: done in 0.00743484 secs using 100% CPU
Optimizing NNI: done in 0.00718784 secs using 100% CPU
Optimizing NNI: done in 0.00545192 secs using 100% CPU
Optimizing NNI: done in 0.00549603 secs using 99.94% CPU
Optimizing NNI: done in 0.00771689 secs using 99.95% CPU
Iteration 180 / LogL: -455.903 / Time: 0h:0m:1s (0h:0m:0s left)
Optimizing NNI: done in 0.00464916 secs using 100% CPU
Optimizing NNI: done in 0.0052011 secs using 99.94% CPU
Optimizing NNI: done in 0.00268602 secs using 100% CPU
Optimizing NNI: done in 0.00773811 secs using 99.97% CPU
Optimizing NNI: done in 0.00896788 secs using 99.97% CPU
Optimizing NNI: done in 0.00653315 secs using 99.95% CPU
Optimizing NNI: done in 0.00524902 secs using 99.94% CPU
Optimizing NNI: done in 0.00545502 secs using 99.96% CPU
BETTER TREE FOUND at iteration 188: -455.903
Optimizing NNI: done in 0.00527716 secs using 99.88% CPU
Optimizing NNI: done in 0.00529194 secs using 99.93% CPU
Iteration 190 / LogL: -455.903 / Time: 0h:0m:1s (0h:0m:0s left)
Optimizing NNI: done in 0.0071981 secs using 100% CPU
Optimizing NNI: done in 0.00513911 secs using 100% CPU
Optimizing NNI: done in 0.00769806 secs using 99.96% CPU
Optimizing NNI: done in 0.00270987 secs using 100% CPU
Optimizing NNI: done in 0.00719309 secs using 100% CPU
Optimizing NNI: done in 0.00535417 secs using 100% CPU
Optimizing NNI: done in 0.00548601 secs using 99.98% CPU
Optimizing NNI: done in 0.00711393 secs using 100% CPU
Optimizing NNI: done in 0.0052309 secs using 100% CPU
Optimizing NNI: done in 0.00532913 secs using 99.98% CPU
BETTER TREE FOUND at iteration 200: -455.903
Iteration 200 / LogL: -455.903 / Time: 0h:0m:1s (0h:0m:0s left)
Log-likelihood cutoff on original alignment: -490.328
NOTE: Bootstrap correlation coefficient of split occurrence frequencies: 0.867
NOTE: UFBoot does not converge, continue at least 100 more iterations
Optimizing NNI: done in 0.00970697 secs using 99.9% CPU
Optimizing NNI: done in 0.00548697 secs using 100% CPU
Optimizing NNI: done in 0.00520682 secs using 99.98% CPU
Optimizing NNI: done in 0.00707984 secs using 100% CPU
Optimizing NNI: done in 0.00604105 secs using 99.95% CPU
Optimizing NNI: done in 0.00525212 secs using 99.94% CPU
Optimizing NNI: done in 0.00521898 secs using 99.92% CPU
Optimizing NNI: done in 0.00512195 secs using 99.9% CPU
Optimizing NNI: done in 0.00265098 secs using 99.96% CPU
Optimizing NNI: done in 0.00274611 secs using 100% CPU
Iteration 210 / LogL: -455.903 / Time: 0h:0m:2s (0h:0m:0s left)
Optimizing NNI: done in 0.00489402 secs using 99.92% CPU
Optimizing NNI: done in 0.008008 secs using 99.97% CPU
Optimizing NNI: done in 0.007617 secs using 100% CPU
Optimizing NNI: done in 0.00535202 secs using 99.98% CPU
Optimizing NNI: done in 0.00509596 secs using 100% CPU
Optimizing NNI: done in 0.00699806 secs using 99.94% CPU
Optimizing NNI: done in 0.00504708 secs using 100% CPU
Optimizing NNI: done in 0.00518513 secs using 99.94% CPU
Optimizing NNI: done in 0.00462294 secs using 99.94% CPU
Optimizing NNI: done in 0.00490093 secs using 99.96% CPU
Iteration 220 / LogL: -460.980 / Time: 0h:0m:2s (0h:0m:0s left)
Optimizing NNI: done in 0.00278997 secs using 99.97% CPU
Optimizing NNI: done in 0.00442314 secs using 100% CPU
Optimizing NNI: done in 0.00713682 secs using 100% CPU
Optimizing NNI: done in 0.00555015 secs using 100% CPU
Optimizing NNI: done in 0.00736785 secs using 99.96% CPU
Optimizing NNI: done in 0.00852299 secs using 99.96% CPU
Optimizing NNI: done in 0.00614619 secs using 100% CPU
Optimizing NNI: done in 0.00750804 secs using 100% CPU
Optimizing NNI: done in 0.00513697 secs using 99.92% CPU
Optimizing NNI: done in 0.00554395 secs using 99.96% CPU
Iteration 230 / LogL: -455.903 / Time: 0h:0m:2s (0h:0m:0s left)
Optimizing NNI: done in 0.00688505 secs using 99.96% CPU
Optimizing NNI: done in 0.00521111 secs using 99.94% CPU
Optimizing NNI: done in 0.00959706 secs using 100% CPU
Optimizing NNI: done in 0.004812 secs using 100% CPU
Optimizing NNI: done in 0.00522089 secs using 99.98% CPU
Optimizing NNI: done in 0.00785089 secs using 100% CPU
Optimizing NNI: done in 0.0071671 secs using 99.94% CPU
Optimizing NNI: done in 0.00275493 secs using 100% CPU
BETTER TREE FOUND at iteration 238: -455.903
Optimizing NNI: done in 0.00511694 secs using 99.9% CPU
Optimizing NNI: done in 0.00521111 secs using 99.94% CPU
Iteration 240 / LogL: -455.903 / Time: 0h:0m:2s (0h:0m:0s left)
Optimizing NNI: done in 0.00481987 secs using 99.98% CPU
Optimizing NNI: done in 0.00609303 secs using 100% CPU
Optimizing NNI: done in 0.00925517 secs using 99.98% CPU
Optimizing NNI: done in 0.00910902 secs using 99.98% CPU
Optimizing NNI: done in 0.00537801 secs using 100% CPU
Optimizing NNI: done in 0.00522804 secs using 99.92% CPU
Optimizing NNI: done in 0.00270009 secs using 100% CPU
Optimizing NNI: done in 0.00499606 secs using 99.96% CPU
Optimizing NNI: done in 0.00484705 secs using 99.94% CPU
Optimizing NNI: done in 0.00792599 secs using 99.97% CPU
Iteration 250 / LogL: -455.903 / Time: 0h:0m:2s (0h:0m:0s left)
Log-likelihood cutoff on original alignment: -490.328
Optimizing NNI: done in 0.004493 secs using 99.96% CPU
Optimizing NNI: done in 0.00537992 secs using 99.98% CPU
Optimizing NNI: done in 0.00668311 secs using 99.94% CPU
Optimizing NNI: done in 0.00269198 secs using 100% CPU
Optimizing NNI: done in 0.00731206 secs using 99.96% CPU
Optimizing NNI: done in 0.00274897 secs using 99.89% CPU
Optimizing NNI: done in 0.00665903 secs using 99.95% CPU
Optimizing NNI: done in 0.00754094 secs using 99.95% CPU
Optimizing NNI: done in 0.00549507 secs using 99.94% CPU
Optimizing NNI: done in 0.00269794 secs using 100% CPU
Iteration 260 / LogL: -455.903 / Time: 0h:0m:2s (0h:0m:0s left)
Optimizing NNI: done in 0.00525689 secs using 100% CPU
Optimizing NNI: done in 0.00265789 secs using 100% CPU
Optimizing NNI: done in 0.00567389 secs using 100% CPU
Optimizing NNI: done in 0.00446701 secs using 99.95% CPU
Optimizing NNI: done in 0.00448489 secs using 100% CPU
Optimizing NNI: done in 0.00482798 secs using 99.98% CPU
Optimizing NNI: done in 0.00416303 secs using 100% CPU
Optimizing NNI: done in 0.00275207 secs using 100% CPU
Optimizing NNI: done in 0.00604296 secs using 100% CPU
Optimizing NNI: done in 0.00529003 secs using 99.98% CPU
Iteration 270 / LogL: -455.903 / Time: 0h:0m:2s (0h:0m:0s left)
Optimizing NNI: done in 0.00491691 secs using 100% CPU
Optimizing NNI: done in 0.0048089 secs using 99.96% CPU
Optimizing NNI: done in 0.00549006 secs using 99.93% CPU
Optimizing NNI: done in 0.00271106 secs using 99.92% CPU
Optimizing NNI: done in 0.00552082 secs using 99.95% CPU
Optimizing NNI: done in 0.00503111 secs using 99.94% CPU
Optimizing NNI: done in 0.00450492 secs using 99.94% CPU
Optimizing NNI: done in 0.00508094 secs using 99.92% CPU
Optimizing NNI: done in 0.0055511 secs using 99.98% CPU
Optimizing NNI: done in 0.00885701 secs using 99.97% CPU
Iteration 280 / LogL: -455.903 / Time: 0h:0m:2s (0h:0m:0s left)
Optimizing NNI: done in 0.00269985 secs using 100% CPU
UPDATE BEST LOG-LIKELIHOOD: -455.903
Optimizing NNI: done in 0.00479388 secs using 99.88% CPU
Optimizing NNI: done in 0.00531912 secs using 99.96% CPU
Optimizing NNI: done in 0.00540709 secs using 99.89% CPU
Optimizing NNI: done in 0.00277209 secs using 99.85% CPU
Optimizing NNI: done in 0.00531816 secs using 99.92% CPU
Optimizing NNI: done in 0.00768089 secs using 99.95% CPU
Optimizing NNI: done in 0.00512409 secs using 99.96% CPU
Optimizing NNI: done in 0.004987 secs using 99.94% CPU
Optimizing NNI: done in 0.00452399 secs using 99.91% CPU
Iteration 290 / LogL: -460.981 / Time: 0h:0m:3s (0h:0m:0s left)
Optimizing NNI: done in 0.00267887 secs using 100% CPU
Optimizing NNI: done in 0.00537992 secs using 99.91% CPU
Optimizing NNI: done in 0.00740194 secs using 100% CPU
Optimizing NNI: done in 0.00490904 secs using 100% CPU
Optimizing NNI: done in 0.00486803 secs using 100% CPU
Optimizing NNI: done in 0.00757504 secs using 99.96% CPU
Optimizing NNI: done in 0.004457 secs using 99.93% CPU
Optimizing NNI: done in 0.004848 secs using 99.92% CPU
Optimizing NNI: done in 0.00763202 secs using 100% CPU
Optimizing NNI: done in 0.0069561 secs using 99.96% CPU
Iteration 300 / LogL: -455.903 / Time: 0h:0m:3s (0h:0m:0s left)
Log-likelihood cutoff on original alignment: -490.328
NOTE: Bootstrap correlation coefficient of split occurrence frequencies: 0.842
NOTE: UFBoot does not converge, continue at least 100 more iterations
Optimizing NNI: done in 0.00276899 secs using 99.93% CPU
Optimizing NNI: done in 0.00479889 secs using 100% CPU
Optimizing NNI: done in 0.00701499 secs using 100% CPU
Optimizing NNI: done in 0.0060389 secs using 99.95% CPU
Optimizing NNI: done in 0.00276518 secs using 99.81% CPU
Optimizing NNI: done in 0.00483203 secs using 99.94% CPU
Optimizing NNI: done in 0.00701094 secs using 99.96% CPU
Optimizing NNI: done in 0.00451398 secs using 100% CPU
Optimizing NNI: done in 0.00493002 secs using 100% CPU
Optimizing NNI: done in 0.00701594 secs using 99.96% CPU
Iteration 310 / LogL: -472.682 / Time: 0h:0m:3s (0h:0m:0s left)
Optimizing NNI: done in 0.00778985 secs using 99.95% CPU
Optimizing NNI: done in 0.00771904 secs using 99.96% CPU
Optimizing NNI: done in 0.00538516 secs using 100% CPU
Optimizing NNI: done in 0.00698709 secs using 99.96% CPU
Optimizing NNI: done in 0.00678706 secs using 99.95% CPU
Optimizing NNI: done in 0.00538492 secs using 99.95% CPU
UPDATE BEST LOG-LIKELIHOOD: -455.903
Optimizing NNI: done in 0.010417 secs using 99.91% CPU
Optimizing NNI: done in 0.00486398 secs using 100% CPU
Optimizing NNI: done in 0.00511503 secs using 99.98% CPU
Optimizing NNI: done in 0.00271702 secs using 99.89% CPU
Iteration 320 / LogL: -455.903 / Time: 0h:0m:3s (0h:0m:0s left)
Optimizing NNI: done in 0.00283003 secs using 99.96% CPU
Optimizing NNI: done in 0.00547719 secs using 99.91% CPU
Optimizing NNI: done in 0.00530815 secs using 99.92% CPU
Optimizing NNI: done in 0.00725698 secs using 99.93% CPU
Optimizing NNI: done in 0.00488281 secs using 99.94% CPU
Optimizing NNI: done in 0.00679708 secs using 99.95% CPU
Optimizing NNI: done in 0.00971293 secs using 99.97% CPU
Optimizing NNI: done in 0.0106621 secs using 99.97% CPU
Optimizing NNI: done in 0.00545597 secs using 100% CPU
Optimizing NNI: done in 0.00539494 secs using 99.98% CPU
UPDATE BEST LOG-LIKELIHOOD: -455.903
Iteration 330 / LogL: -455.903 / Time: 0h:0m:3s (0h:0m:0s left)
Optimizing NNI: done in 0.00476694 secs using 99.9% CPU
Optimizing NNI: done in 0.00564313 secs using 99.64% CPU
Optimizing NNI: done in 0.00452781 secs using 99.94% CPU
Optimizing NNI: done in 0.00500894 secs using 99.92% CPU
Optimizing NNI: done in 0.00515008 secs using 99.92% CPU
Optimizing NNI: done in 0.00275898 secs using 100% CPU
Optimizing NNI: done in 0.00518107 secs using 99.94% CPU
Optimizing NNI: done in 0.00479007 secs using 99.92% CPU
Optimizing NNI: done in 0.0075829 secs using 99.95% CPU
Optimizing NNI: done in 0.00545812 secs using 100% CPU
Iteration 340 / LogL: -455.903 / Time: 0h:0m:3s (0h:0m:0s left)
Optimizing NNI: done in 0.00509119 secs using 99.98% CPU
Optimizing NNI: done in 0.00440097 secs using 99.98% CPU
Optimizing NNI: done in 0.00545716 secs using 99.98% CPU
Optimizing NNI: done in 0.006814 secs using 100% CPU
Optimizing NNI: done in 0.00516891 secs using 99.92% CPU
Optimizing NNI: done in 0.00261712 secs using 100% CPU
Optimizing NNI: done in 0.00790906 secs using 99.95% CPU
Optimizing NNI: done in 0.005023 secs using 99.92% CPU
Optimizing NNI: done in 0.00501704 secs using 99.94% CPU
Optimizing NNI: done in 0.0099411 secs using 99.88% CPU
Iteration 350 / LogL: -455.904 / Time: 0h:0m:3s (0h:0m:0s left)
Log-likelihood cutoff on original alignment: -490.803
Optimizing NNI: done in 0.00502801 secs using 99.96% CPU
Optimizing NNI: done in 0.0046711 secs using 100% CPU
Optimizing NNI: done in 0.00500202 secs using 100% CPU
Optimizing NNI: done in 0.00704694 secs using 100% CPU
Optimizing NNI: done in 0.00536299 secs using 100% CPU
Optimizing NNI: done in 0.00515008 secs using 99.94% CPU
Optimizing NNI: done in 0.00571394 secs using 99.95% CPU
Optimizing NNI: done in 0.0049119 secs using 99.94% CPU
Optimizing NNI: done in 0.00742006 secs using 99.96% CPU
Optimizing NNI: done in 0.00943685 secs using 99.97% CPU
Iteration 360 / LogL: -460.980 / Time: 0h:0m:3s (0h:0m:0s left)
Optimizing NNI: done in 0.00445604 secs using 100% CPU
Optimizing NNI: done in 0.00696993 secs using 99.94% CPU
Optimizing NNI: done in 0.00511909 secs using 99.94% CPU
Optimizing NNI: done in 0.005512 secs using 99.82% CPU
Optimizing NNI: done in 0.00746679 secs using 100% CPU
Optimizing NNI: done in 0.00532389 secs using 100% CPU
Optimizing NNI: done in 0.00766921 secs using 99.95% CPU
Optimizing NNI: done in 0.00539589 secs using 99.95% CPU
Optimizing NNI: done in 0.00501204 secs using 100% CPU
Optimizing NNI: done in 0.00775695 secs using 99.99% CPU
Iteration 370 / LogL: -455.903 / Time: 0h:0m:4s (0h:0m:0s left)
Optimizing NNI: done in 0.00939298 secs using 99.95% CPU
Optimizing NNI: done in 0.00537491 secs using 99.95% CPU
Optimizing NNI: done in 0.00693107 secs using 100% CPU
Optimizing NNI: done in 0.00522208 secs using 99.92% CPU
Optimizing NNI: done in 0.00507903 secs using 99.9% CPU
Optimizing NNI: done in 0.00914288 secs using 99.97% CPU
Optimizing NNI: done in 0.00534892 secs using 99.93% CPU
Optimizing NNI: done in 0.00447583 secs using 99.8% CPU
Optimizing NNI: done in 0.00771904 secs using 100% CPU
Optimizing NNI: done in 0.00474191 secs using 99.98% CPU
Iteration 380 / LogL: -455.903 / Time: 0h:0m:4s (0h:0m:0s left)
Optimizing NNI: done in 0.00466609 secs using 99.93% CPU
Optimizing NNI: done in 0.00768304 secs using 99.96% CPU
Optimizing NNI: done in 0.00535083 secs using 100% CPU
Optimizing NNI: done in 0.00267196 secs using 99.96% CPU
Optimizing NNI: done in 0.00412202 secs using 99.98% CPU
Optimizing NNI: done in 0.0047369 secs using 99.96% CPU
Optimizing NNI: done in 0.00538301 secs using 99.94% CPU
Optimizing NNI: done in 0.00682282 secs using 99.97% CPU
Optimizing NNI: done in 0.00480103 secs using 99.94% CPU
Optimizing NNI: done in 0.00477314 secs using 99.96% CPU
Iteration 390 / LogL: -455.903 / Time: 0h:0m:4s (0h:0m:0s left)
Optimizing NNI: done in 0.00533915 secs using 99.94% CPU
Optimizing NNI: done in 0.00653386 secs using 99.94% CPU
Optimizing NNI: done in 0.00687003 secs using 100% CPU
Optimizing NNI: done in 0.0053699 secs using 99.95% CPU
Optimizing NNI: done in 0.00934505 secs using 99.97% CPU
Optimizing NNI: done in 0.00269413 secs using 99.96% CPU
Optimizing NNI: done in 0.0051682 secs using 99.94% CPU
Optimizing NNI: done in 0.00540781 secs using 99.95% CPU
Optimizing NNI: done in 0.00516295 secs using 99.96% CPU
Optimizing NNI: done in 0.00469398 secs using 99.94% CPU
Iteration 400 / LogL: -455.904 / Time: 0h:0m:4s (0h:0m:0s left)
Log-likelihood cutoff on original alignment: -491.238
NOTE: Bootstrap correlation coefficient of split occurrence frequencies: 0.854
NOTE: UFBoot does not converge, continue at least 100 more iterations
Optimizing NNI: done in 0.00484085 secs using 99.88% CPU
Optimizing NNI: done in 0.00537086 secs using 99.95% CPU
Optimizing NNI: done in 0.0106671 secs using 99.99% CPU
Optimizing NNI: done in 0.00273299 secs using 99.89% CPU
Optimizing NNI: done in 0.00527501 secs using 100% CPU
Optimizing NNI: done in 0.00270104 secs using 100% CPU
Optimizing NNI: done in 0.00668788 secs using 99.97% CPU
Optimizing NNI: done in 0.00541878 secs using 100% CPU
Optimizing NNI: done in 0.00795197 secs using 99.98% CPU
Optimizing NNI: done in 0.00524712 secs using 100% CPU
Iteration 410 / LogL: -455.903 / Time: 0h:0m:4s (0h:0m:1s left)
Optimizing NNI: done in 0.00472212 secs using 100% CPU
Optimizing NNI: done in 0.00547004 secs using 99.96% CPU
Optimizing NNI: done in 0.00275993 secs using 100% CPU
Optimizing NNI: done in 0.005445 secs using 99.93% CPU
Optimizing NNI: done in 0.00543809 secs using 100% CPU
Optimizing NNI: done in 0.00492215 secs using 99.98% CPU
Optimizing NNI: done in 0.00911403 secs using 99.97% CPU
Optimizing NNI: done in 0.006387 secs using 99.95% CPU
Optimizing NNI: done in 0.00278211 secs using 100% CPU
Optimizing NNI: done in 0.00506306 secs using 99.96% CPU
Iteration 420 / LogL: -455.903 / Time: 0h:0m:4s (0h:0m:0s left)
Optimizing NNI: done in 0.00654602 secs using 99.95% CPU
Optimizing NNI: done in 0.00904012 secs using 99.97% CPU
Optimizing NNI: done in 0.00531006 secs using 99.96% CPU
Optimizing NNI: done in 0.00519896 secs using 99.94% CPU
Optimizing NNI: done in 0.00517702 secs using 99.96% CPU
Optimizing NNI: done in 0.00480103 secs using 99.98% CPU
Optimizing NNI: done in 0.00781393 secs using 99.98% CPU
Optimizing NNI: done in 0.00498605 secs using 100% CPU
Optimizing NNI: done in 0.00536704 secs using 100% CPU
Optimizing NNI: done in 0.00701284 secs using 99.95% CPU
Iteration 430 / LogL: -455.903 / Time: 0h:0m:4s (0h:0m:0s left)
Optimizing NNI: done in 0.00782299 secs using 99.97% CPU
Optimizing NNI: done in 0.00608587 secs using 99.95% CPU
Optimizing NNI: done in 0.00584102 secs using 99.95% CPU
Optimizing NNI: done in 0.00275111 secs using 99.89% CPU
Optimizing NNI: done in 0.00450516 secs using 99.95% CPU
Optimizing NNI: done in 0.0027442 secs using 99.99% CPU
Optimizing NNI: done in 0.00524092 secs using 99.94% CPU
Optimizing NNI: done in 0.00474691 secs using 99.96% CPU
Optimizing NNI: done in 0.00661683 secs using 99.96% CPU
Optimizing NNI: done in 0.00529003 secs using 99.94% CPU
Iteration 440 / LogL: -460.171 / Time: 0h:0m:5s (0h:0m:0s left)
Optimizing NNI: done in 0.00265789 secs using 100% CPU
Optimizing NNI: done in 0.00555396 secs using 99.96% CPU
Optimizing NNI: done in 0.00691891 secs using 99.99% CPU
Optimizing NNI: done in 0.00643611 secs using 99.98% CPU
Optimizing NNI: done in 0.00966191 secs using 99.96% CPU
Optimizing NNI: done in 0.00781107 secs using 99.95% CPU
Optimizing NNI: done in 0.00483608 secs using 99.94% CPU
Optimizing NNI: done in 0.00551915 secs using 99.94% CPU
Optimizing NNI: done in 0.00530005 secs using 100% CPU
Optimizing NNI: done in 0.00505114 secs using 99.94% CPU
Iteration 450 / LogL: -455.903 / Time: 0h:0m:5s (0h:0m:0s left)
Log-likelihood cutoff on original alignment: -491.238
Optimizing NNI: done in 0.00985599 secs using 99.94% CPU
Optimizing NNI: done in 0.00543809 secs using 100% CPU
Optimizing NNI: done in 0.00505304 secs using 99.94% CPU
Optimizing NNI: done in 0.0026989 secs using 99.89% CPU
Optimizing NNI: done in 0.00535393 secs using 99.96% CPU
Optimizing NNI: done in 0.00535297 secs using 100% CPU
Optimizing NNI: done in 0.00858808 secs using 99.96% CPU
Optimizing NNI: done in 0.008322 secs using 99.98% CPU
Optimizing NNI: done in 0.00542784 secs using 99.97% CPU
Optimizing NNI: done in 0.00503707 secs using 100% CPU
Iteration 460 / LogL: -455.903 / Time: 0h:0m:5s (0h:0m:0s left)
Optimizing NNI: done in 0.00514388 secs using 100% CPU
Optimizing NNI: done in 0.00698709 secs using 99.97% CPU
Optimizing NNI: done in 0.00513506 secs using 99.94% CPU
Optimizing NNI: done in 0.00512695 secs using 99.92% CPU
Optimizing NNI: done in 0.00666499 secs using 99.97% CPU
Optimizing NNI: done in 0.0114892 secs using 99.98% CPU
Optimizing NNI: done in 0.00613999 secs using 99.98% CPU
Optimizing NNI: done in 0.00434399 secs using 99.93% CPU
Optimizing NNI: done in 0.00672197 secs using 99.97% CPU
Optimizing NNI: done in 0.00514698 secs using 100% CPU
Iteration 470 / LogL: -455.903 / Time: 0h:0m:5s (0h:0m:0s left)
Optimizing NNI: done in 0.00611091 secs using 99.95% CPU
Optimizing NNI: done in 0.00275588 secs using 100% CPU
Optimizing NNI: done in 0.00813699 secs using 99.98% CPU
Optimizing NNI: done in 0.004807 secs using 100% CPU
Optimizing NNI: done in 0.00439286 secs using 99.98% CPU
Optimizing NNI: done in 0.00645614 secs using 99.95% CPU
Optimizing NNI: done in 0.00711918 secs using 99.96% CPU
Optimizing NNI: done in 0.00273895 secs using 100% CPU
Optimizing NNI: done in 0.00524998 secs using 100% CPU
Optimizing NNI: done in 0.00514388 secs using 99.94% CPU
Iteration 480 / LogL: -455.903 / Time: 0h:0m:5s (0h:0m:0s left)
Optimizing NNI: done in 0.0061202 secs using 99.95% CPU
Optimizing NNI: done in 0.00529909 secs using 100% CPU
Optimizing NNI: done in 0.00499105 secs using 100% CPU
Optimizing NNI: done in 0.00497389 secs using 99.92% CPU
Optimizing NNI: done in 0.00708699 secs using 99.96% CPU
Optimizing NNI: done in 0.00272298 secs using 99.96% CPU
Optimizing NNI: done in 0.00522399 secs using 99.94% CPU
Optimizing NNI: done in 0.00534201 secs using 99.96% CPU
Optimizing NNI: done in 0.0062499 secs using 99.95% CPU
Optimizing NNI: done in 0.00271201 secs using 100% CPU
Iteration 490 / LogL: -455.903 / Time: 0h:0m:5s (0h:0m:0s left)
Optimizing NNI: done in 0.00556993 secs using 100% CPU
Optimizing NNI: done in 0.00480795 secs using 99.92% CPU
Optimizing NNI: done in 0.00537586 secs using 100% CPU
Optimizing NNI: done in 0.0052352 secs using 99.94% CPU
Optimizing NNI: done in 0.00492001 secs using 100% CPU
Optimizing NNI: done in 0.00688696 secs using 99.99% CPU
Optimizing NNI: done in 0.00730896 secs using 99.97% CPU
Optimizing NNI: done in 0.00484395 secs using 100% CPU
Optimizing NNI: done in 0.00605202 secs using 99.97% CPU
Optimizing NNI: done in 0.00506306 secs using 99.94% CPU
Iteration 500 / LogL: -455.903 / Time: 0h:0m:5s (0h:0m:0s left)
Log-likelihood cutoff on original alignment: -491.153
NOTE: Bootstrap correlation coefficient of split occurrence frequencies: 0.979
NOTE: UFBoot does not converge, continue at least 100 more iterations
Optimizing NNI: done in 0.00699902 secs using 99.91% CPU
Optimizing NNI: done in 0.00548887 secs using 99.95% CPU
Optimizing NNI: done in 0.00520086 secs using 99.96% CPU
Optimizing NNI: done in 0.00277996 secs using 100% CPU
Optimizing NNI: done in 0.00683403 secs using 99.97% CPU
Optimizing NNI: done in 0.00535297 secs using 100% CPU
Optimizing NNI: done in 0.00507402 secs using 100% CPU
Optimizing NNI: done in 0.004318 secs using 100% CPU
Optimizing NNI: done in 0.00614214 secs using 99.95% CPU
Optimizing NNI: done in 0.01124 secs using 99.98% CPU
Iteration 510 / LogL: -455.903 / Time: 0h:0m:6s (0h:0m:1s left)
Optimizing NNI: done in 0.00269794 secs using 99.96% CPU
Optimizing NNI: done in 0.00739908 secs using 99.96% CPU
Optimizing NNI: done in 0.00515985 secs using 99.94% CPU
Optimizing NNI: done in 0.00538206 secs using 100% CPU
Optimizing NNI: done in 0.00916195 secs using 100% CPU
Optimizing NNI: done in 0.00705099 secs using 99.96% CPU
Optimizing NNI: done in 0.00536108 secs using 100% CPU
Optimizing NNI: done in 0.00526595 secs using 100% CPU
Optimizing NNI: done in 0.00264907 secs using 99.96% CPU
Optimizing NNI: done in 0.00439095 secs using 99.93% CPU
Iteration 520 / LogL: -455.903 / Time: 0h:0m:6s (0h:0m:0s left)
Optimizing NNI: done in 0.00278091 secs using 99.9% CPU
Optimizing NNI: done in 0.00658393 secs using 99.96% CPU
Optimizing NNI: done in 0.00785208 secs using 99.97% CPU
Optimizing NNI: done in 0.00473309 secs using 99.98% CPU
Optimizing NNI: done in 0.00763297 secs using 99.96% CPU
Optimizing NNI: done in 0.00753403 secs using 99.96% CPU
Optimizing NNI: done in 0.00780606 secs using 99.96% CPU
Optimizing NNI: done in 0.00519395 secs using 99.94% CPU
Optimizing NNI: done in 0.00706792 secs using 99.97% CPU
Optimizing NNI: done in 0.00506711 secs using 100% CPU
Iteration 530 / LogL: -455.903 / Time: 0h:0m:6s (0h:0m:0s left)
Optimizing NNI: done in 0.00515008 secs using 99.96% CPU
Optimizing NNI: done in 0.00521111 secs using 100% CPU
Optimizing NNI: done in 0.00487995 secs using 99.96% CPU
Optimizing NNI: done in 0.00268006 secs using 99.85% CPU
Optimizing NNI: done in 0.00502896 secs using 99.94% CPU
Optimizing NNI: done in 0.00774312 secs using 99.96% CPU
Optimizing NNI: done in 0.00451303 secs using 99.96% CPU
Optimizing NNI: done in 0.00535798 secs using 99.94% CPU
Optimizing NNI: done in 0.00273705 secs using 99.96% CPU
Optimizing NNI: done in 0.00470805 secs using 100% CPU
Iteration 540 / LogL: -460.980 / Time: 0h:0m:6s (0h:0m:0s left)
Optimizing NNI: done in 0.00590611 secs using 100% CPU
Optimizing NNI: done in 0.00274086 secs using 99.97% CPU
Optimizing NNI: done in 0.00444007 secs using 100% CPU
Optimizing NNI: done in 0.00721383 secs using 99.96% CPU
Optimizing NNI: done in 0.00512195 secs using 100% CPU
Optimizing NNI: done in 0.00697899 secs using 99.96% CPU
Optimizing NNI: done in 0.00624108 secs using 99.95% CPU
Optimizing NNI: done in 0.00536489 secs using 99.96% CPU
Optimizing NNI: done in 0.00693011 secs using 99.94% CPU
Optimizing NNI: done in 0.00529099 secs using 100% CPU
Iteration 550 / LogL: -455.903 / Time: 0h:0m:6s (0h:0m:0s left)
Log-likelihood cutoff on original alignment: -491.922
Optimizing NNI: done in 0.00451684 secs using 99.96% CPU
Optimizing NNI: done in 0.00532508 secs using 99.94% CPU
Optimizing NNI: done in 0.007581 secs using 99.97% CPU
Optimizing NNI: done in 0.00498605 secs using 99.94% CPU
Optimizing NNI: done in 0.0028019 secs using 99.93% CPU
Optimizing NNI: done in 0.00264502 secs using 100% CPU
Optimizing NNI: done in 0.00683403 secs using 99.98% CPU
Optimizing NNI: done in 0.00508904 secs using 99.94% CPU
Optimizing NNI: done in 0.00464988 secs using 99.94% CPU
Optimizing NNI: done in 0.00272989 secs using 99.93% CPU
Iteration 560 / LogL: -455.903 / Time: 0h:0m:6s (0h:0m:0s left)
Optimizing NNI: done in 0.00499392 secs using 99.96% CPU
Optimizing NNI: done in 0.00448298 secs using 99.98% CPU
Optimizing NNI: done in 0.00541282 secs using 99.95% CPU
Optimizing NNI: done in 0.00488615 secs using 99.96% CPU
Optimizing NNI: done in 0.0123949 secs using 99.98% CPU
Optimizing NNI: done in 0.00455809 secs using 99.91% CPU
Optimizing NNI: done in 0.00507188 secs using 99.96% CPU
Optimizing NNI: done in 0.00470209 secs using 99.98% CPU
Optimizing NNI: done in 0.00704598 secs using 99.96% CPU
Optimizing NNI: done in 0.00684881 secs using 99.96% CPU
UPDATE BEST LOG-LIKELIHOOD: -455.903
Iteration 570 / LogL: -455.903 / Time: 0h:0m:7s (0h:0m:0s left)
Optimizing NNI: done in 0.00553989 secs using 99.93% CPU
Optimizing NNI: done in 0.00521111 secs using 99.98% CPU
Optimizing NNI: done in 0.00419617 secs using 99.9% CPU
Optimizing NNI: done in 0.00274801 secs using 99.93% CPU
Optimizing NNI: done in 0.00483799 secs using 100% CPU
Optimizing NNI: done in 0.00443101 secs using 99.91% CPU
Optimizing NNI: done in 0.00762081 secs using 99.96% CPU
Optimizing NNI: done in 0.00694203 secs using 99.97% CPU
Optimizing NNI: done in 0.00424004 secs using 99.98% CPU
Optimizing NNI: done in 0.0059011 secs using 99.95% CPU
Iteration 580 / LogL: -455.903 / Time: 0h:0m:7s (0h:0m:0s left)
Optimizing NNI: done in 0.007689 secs using 99.97% CPU
Optimizing NNI: done in 0.00512695 secs using 99.94% CPU
Optimizing NNI: done in 0.00498605 secs using 100% CPU
Optimizing NNI: done in 0.00668216 secs using 100% CPU
Optimizing NNI: done in 0.00437689 secs using 99.96% CPU
Optimizing NNI: done in 0.00691795 secs using 99.96% CPU
Optimizing NNI: done in 0.00444984 secs using 99.96% CPU
Optimizing NNI: done in 0.00497293 secs using 99.96% CPU
Optimizing NNI: done in 0.00943398 secs using 99.97% CPU
Optimizing NNI: done in 0.00748992 secs using 99.96% CPU
Iteration 590 / LogL: -455.903 / Time: 0h:0m:7s (0h:0m:0s left)
Optimizing NNI: done in 0.00510812 secs using 100% CPU
Optimizing NNI: done in 0.00527501 secs using 99.96% CPU
Optimizing NNI: done in 0.00517011 secs using 100% CPU
Optimizing NNI: done in 0.00826693 secs using 99.98% CPU
Optimizing NNI: done in 0.00497103 secs using 99.98% CPU
Optimizing NNI: done in 0.00498605 secs using 99.94% CPU
Optimizing NNI: done in 0.00429201 secs using 99.91% CPU
Optimizing NNI: done in 0.00756192 secs using 99.96% CPU
Optimizing NNI: done in 0.00440311 secs using 99.93% CPU
Optimizing NNI: done in 0.008883 secs using 99.97% CPU
Iteration 600 / LogL: -455.903 / Time: 0h:0m:7s (0h:0m:0s left)
Log-likelihood cutoff on original alignment: -491.153
NOTE: Bootstrap correlation coefficient of split occurrence frequencies: 0.978
NOTE: UFBoot does not converge, continue at least 100 more iterations
Optimizing NNI: done in 0.00485802 secs using 100% CPU
Optimizing NNI: done in 0.00265193 secs using 100% CPU
UPDATE BEST LOG-LIKELIHOOD: -455.903
Optimizing NNI: done in 0.00549698 secs using 99.91% CPU
Optimizing NNI: done in 0.00532699 secs using 100% CPU
Optimizing NNI: done in 0.005404 secs using 99.94% CPU
Optimizing NNI: done in 0.0052979 secs using 99.95% CPU
Optimizing NNI: done in 0.00459719 secs using 100% CPU
Optimizing NNI: done in 0.00276709 secs using 99.89% CPU
Optimizing NNI: done in 0.002671 secs using 99.89% CPU
Optimizing NNI: done in 0.00520205 secs using 99.98% CPU
Iteration 610 / LogL: -455.903 / Time: 0h:0m:7s (0h:0m:1s left)
Optimizing NNI: done in 0.00635195 secs using 99.94% CPU
Optimizing NNI: done in 0.00538492 secs using 99.98% CPU
Optimizing NNI: done in 0.00455189 secs using 99.94% CPU
Optimizing NNI: done in 0.00268388 secs using 100% CPU
Optimizing NNI: done in 0.00447083 secs using 100% CPU
Optimizing NNI: done in 0.00510502 secs using 100% CPU
Optimizing NNI: done in 0.01265 secs using 99.98% CPU
Optimizing NNI: done in 0.00270391 secs using 99.89% CPU
Optimizing NNI: done in 0.00507808 secs using 99.98% CPU
Optimizing NNI: done in 0.00540781 secs using 100% CPU
Iteration 620 / LogL: -455.903 / Time: 0h:0m:7s (0h:0m:1s left)
Optimizing NNI: done in 0.00438118 secs using 99.93% CPU
Optimizing NNI: done in 0.00747895 secs using 99.97% CPU
Optimizing NNI: done in 0.00267816 secs using 99.88% CPU
Optimizing NNI: done in 0.0043931 secs using 99.88% CPU
Optimizing NNI: done in 0.00728488 secs using 99.97% CPU
Optimizing NNI: done in 0.00745511 secs using 99.96% CPU
Optimizing NNI: done in 0.00530219 secs using 99.92% CPU
Optimizing NNI: done in 0.00841403 secs using 99.98% CPU
Optimizing NNI: done in 0.00781798 secs using 99.96% CPU
Optimizing NNI: done in 0.00541592 secs using 99.95% CPU
Iteration 630 / LogL: -455.903 / Time: 0h:0m:7s (0h:0m:0s left)
Optimizing NNI: done in 0.00694108 secs using 99.96% CPU
Optimizing NNI: done in 0.00517702 secs using 100% CPU
Optimizing NNI: done in 0.00476289 secs using 100% CPU
Optimizing NNI: done in 0.00618386 secs using 99.95% CPU
Optimizing NNI: done in 0.00524902 secs using 100% CPU
Optimizing NNI: done in 0.00440216 secs using 99.93% CPU
Optimizing NNI: done in 0.00449395 secs using 99.91% CPU
Optimizing NNI: done in 0.00263309 secs using 99.88% CPU
Optimizing NNI: done in 0.00571203 secs using 100% CPU
Optimizing NNI: done in 0.00474191 secs using 99.94% CPU
Iteration 640 / LogL: -467.761 / Time: 0h:0m:8s (0h:0m:0s left)
Optimizing NNI: done in 0.00539398 secs using 99.96% CPU
Optimizing NNI: done in 0.00717402 secs using 99.96% CPU
Optimizing NNI: done in 0.00629997 secs using 99.98% CPU
Optimizing NNI: done in 0.0121861 secs using 99.97% CPU
Optimizing NNI: done in 0.00534415 secs using 99.96% CPU
Optimizing NNI: done in 0.006248 secs using 100% CPU
Optimizing NNI: done in 0.0074439 secs using 99.96% CPU
Optimizing NNI: done in 0.00735807 secs using 99.96% CPU
Optimizing NNI: done in 0.00647497 secs using 99.97% CPU
Optimizing NNI: done in 0.0099988 secs using 99.97% CPU
Iteration 650 / LogL: -455.904 / Time: 0h:0m:8s (0h:0m:0s left)
Log-likelihood cutoff on original alignment: -491.821
Optimizing NNI: done in 0.00513101 secs using 99.98% CPU
Optimizing NNI: done in 0.00536108 secs using 100% CPU
Optimizing NNI: done in 0.005409 secs using 99.94% CPU
Optimizing NNI: done in 0.00462008 secs using 100% CPU
Optimizing NNI: done in 0.00534892 secs using 99.95% CPU
Optimizing NNI: done in 0.00451708 secs using 99.98% CPU
Optimizing NNI: done in 0.00541306 secs using 99.94% CPU
Optimizing NNI: done in 0.00473309 secs using 100% CPU
Optimizing NNI: done in 0.00273013 secs using 100% CPU
Optimizing NNI: done in 0.00439 secs using 99.91% CPU
Iteration 660 / LogL: -460.980 / Time: 0h:0m:8s (0h:0m:0s left)
Optimizing NNI: done in 0.00275898 secs using 100% CPU
Optimizing NNI: done in 0.00437713 secs using 100% CPU
Optimizing NNI: done in 0.00624323 secs using 99.95% CPU
Optimizing NNI: done in 0.00501204 secs using 100% CPU
Optimizing NNI: done in 0.005301 secs using 99.92% CPU
Optimizing NNI: done in 0.00535893 secs using 100% CPU
Optimizing NNI: done in 0.00542307 secs using 99.94% CPU
Optimizing NNI: done in 0.00546503 secs using 100% CPU
Optimizing NNI: done in 0.00531602 secs using 99.96% CPU
Optimizing NNI: done in 0.00488615 secs using 99.96% CPU
Iteration 670 / LogL: -455.903 / Time: 0h:0m:8s (0h:0m:0s left)
Optimizing NNI: done in 0.00538707 secs using 99.96% CPU
Optimizing NNI: done in 0.00687003 secs using 99.96% CPU
Optimizing NNI: done in 0.00729203 secs using 99.96% CPU
Optimizing NNI: done in 0.00763488 secs using 99.96% CPU
Optimizing NNI: done in 0.00597882 secs using 99.99% CPU
Optimizing NNI: done in 0.00492716 secs using 99.94% CPU
Optimizing NNI: done in 0.00501704 secs using 99.94% CPU
Optimizing NNI: done in 0.002774 secs using 100% CPU
Optimizing NNI: done in 0.00266695 secs using 99.85% CPU
Optimizing NNI: done in 0.00547504 secs using 100% CPU
Iteration 680 / LogL: -455.903 / Time: 0h:0m:8s (0h:0m:0s left)
Optimizing NNI: done in 0.00542498 secs using 99.95% CPU
Optimizing NNI: done in 0.00534582 secs using 99.95% CPU
Optimizing NNI: done in 0.00272894 secs using 99.93% CPU
Optimizing NNI: done in 0.00737596 secs using 99.99% CPU
Optimizing NNI: done in 0.00266099 secs using 100% CPU
Optimizing NNI: done in 0.00545883 secs using 99.95% CPU
Optimizing NNI: done in 0.008389 secs using 99.96% CPU
Optimizing NNI: done in 0.00273013 secs using 99.96% CPU
Optimizing NNI: done in 0.00534487 secs using 99.95% CPU
Optimizing NNI: done in 0.00532007 secs using 100% CPU
Iteration 690 / LogL: -455.903 / Time: 0h:0m:9s (0h:0m:0s left)
Optimizing NNI: done in 0.00694609 secs using 99.96% CPU
Optimizing NNI: done in 0.00497293 secs using 99.96% CPU
Optimizing NNI: done in 0.0027051 secs using 99.92% CPU
Optimizing NNI: done in 0.00424504 secs using 100% CPU
Optimizing NNI: done in 0.0051949 secs using 99.96% CPU
Optimizing NNI: done in 0.00487494 secs using 100% CPU
Optimizing NNI: done in 0.00530195 secs using 99.98% CPU
Optimizing NNI: done in 0.00274706 secs using 100% CPU
Optimizing NNI: done in 0.00521898 secs using 99.98% CPU
Optimizing NNI: done in 0.0104809 secs using 99.96% CPU
Iteration 700 / LogL: -455.903 / Time: 0h:0m:9s (0h:0m:0s left)
Log-likelihood cutoff on original alignment: -491.153
NOTE: Bootstrap correlation coefficient of split occurrence frequencies: 0.974
NOTE: UFBoot does not converge, continue at least 100 more iterations
Optimizing NNI: done in 0.00671291 secs using 99.99% CPU
Optimizing NNI: done in 0.00517797 secs using 99.92% CPU
Optimizing NNI: done in 0.0076108 secs using 100% CPU
Optimizing NNI: done in 0.0074439 secs using 100% CPU
Optimizing NNI: done in 0.0026741 secs using 99.92% CPU
Optimizing NNI: done in 0.00474 secs using 100% CPU
Optimizing NNI: done in 0.00510693 secs using 100% CPU
Optimizing NNI: done in 0.00272512 secs using 99.89% CPU
Optimizing NNI: done in 0.00480103 secs using 100% CPU
Optimizing NNI: done in 0.0108709 secs using 99.98% CPU
Iteration 710 / LogL: -455.904 / Time: 0h:0m:9s (0h:0m:1s left)
Optimizing NNI: done in 0.00495601 secs using 99.98% CPU
Optimizing NNI: done in 0.00755405 secs using 99.97% CPU
Optimizing NNI: done in 0.00467896 secs using 100% CPU
Optimizing NNI: done in 0.00486684 secs using 100% CPU
Optimizing NNI: done in 0.00271201 secs using 100% CPU
Optimizing NNI: done in 0.00533009 secs using 99.96% CPU
Optimizing NNI: done in 0.00752687 secs using 99.96% CPU
Optimizing NNI: done in 0.00510001 secs using 99.94% CPU
Optimizing NNI: done in 0.00271511 secs using 100% CPU
Optimizing NNI: done in 0.00685 secs using 99.96% CPU
Iteration 720 / LogL: -455.903 / Time: 0h:0m:9s (0h:0m:1s left)
Optimizing NNI: done in 0.00536299 secs using 99.94% CPU
Optimizing NNI: done in 0.00628805 secs using 100% CPU
Optimizing NNI: done in 0.00695419 secs using 99.95% CPU
Optimizing NNI: done in 0.00509095 secs using 99.98% CPU
Optimizing NNI: done in 0.0066061 secs using 100% CPU
Optimizing NNI: done in 0.00991082 secs using 99.97% CPU
Optimizing NNI: done in 0.00532603 secs using 100% CPU
Optimizing NNI: done in 0.0071981 secs using 99.96% CPU
Optimizing NNI: done in 0.00539398 secs using 99.94% CPU
Optimizing NNI: done in 0.0053339 secs using 99.95% CPU
Iteration 730 / LogL: -455.903 / Time: 0h:0m:9s (0h:0m:0s left)
Optimizing NNI: done in 0.005373 secs using 100% CPU
Optimizing NNI: done in 0.00893116 secs using 99.96% CPU
Optimizing NNI: done in 0.00546908 secs using 99.94% CPU
Optimizing NNI: done in 0.0075841 secs using 99.97% CPU
Optimizing NNI: done in 0.00727105 secs using 99.96% CPU
Optimizing NNI: done in 0.00543594 secs using 100% CPU
Optimizing NNI: done in 0.00267696 secs using 99.89% CPU
Optimizing NNI: done in 0.00272179 secs using 99.93% CPU
Optimizing NNI: done in 0.00493097 secs using 100% CPU
Optimizing NNI: done in 0.0050559 secs using 99.98% CPU
Iteration 740 / LogL: -455.903 / Time: 0h:0m:9s (0h:0m:0s left)
Optimizing NNI: done in 0.00277209 secs using 100% CPU
Optimizing NNI: done in 0.00690889 secs using 99.99% CPU
Optimizing NNI: done in 0.00652385 secs using 100% CPU
Optimizing NNI: done in 0.00273299 secs using 100% CPU
Optimizing NNI: done in 0.00512481 secs using 99.93% CPU
Optimizing NNI: done in 0.00268817 secs using 99.99% CPU
Optimizing NNI: done in 0.00996494 secs using 99.99% CPU
Optimizing NNI: done in 0.00485992 secs using 99.94% CPU
Optimizing NNI: done in 0.00535607 secs using 99.96% CPU
Optimizing NNI: done in 0.00632215 secs using 99.95% CPU
Iteration 750 / LogL: -460.171 / Time: 0h:0m:10s (0h:0m:0s left)
Log-likelihood cutoff on original alignment: -491.153
Optimizing NNI: done in 0.00762105 secs using 99.97% CPU
Optimizing NNI: done in 0.0027051 secs using 99.85% CPU
Optimizing NNI: done in 0.00273204 secs using 100% CPU
Optimizing NNI: done in 0.0042398 secs using 99.91% CPU
Optimizing NNI: done in 0.00515795 secs using 99.98% CPU
Optimizing NNI: done in 0.00757098 secs using 99.96% CPU
Optimizing NNI: done in 0.00513387 secs using 99.96% CPU
Optimizing NNI: done in 0.00271916 secs using 99.99% CPU
Optimizing NNI: done in 0.00447989 secs using 100% CPU
UPDATE BEST LOG-LIKELIHOOD: -455.903
Optimizing NNI: done in 0.00273013 secs using 99.81% CPU
Iteration 760 / LogL: -455.903 / Time: 0h:0m:10s (0h:0m:0s left)
Optimizing NNI: done in 0.00485897 secs using 100% CPU
Optimizing NNI: done in 0.004987 secs using 99.84% CPU
Optimizing NNI: done in 0.00496483 secs using 99.98% CPU
Optimizing NNI: done in 0.00433993 secs using 99.93% CPU
Optimizing NNI: done in 0.00269008 secs using 100% CPU
Optimizing NNI: done in 0.00538898 secs using 100% CPU
Optimizing NNI: done in 0.00274301 secs using 99.89% CPU
Optimizing NNI: done in 0.002666 secs using 100% CPU
Optimizing NNI: done in 0.00725698 secs using 99.95% CPU
Optimizing NNI: done in 0.00710416 secs using 99.94% CPU
Iteration 770 / LogL: -455.903 / Time: 0h:0m:10s (0h:0m:0s left)
Optimizing NNI: done in 0.00532603 secs using 99.94% CPU
Optimizing NNI: done in 0.00531316 secs using 99.98% CPU
Optimizing NNI: done in 0.00536895 secs using 99.98% CPU
Optimizing NNI: done in 0.00500178 secs using 99.96% CPU
Optimizing NNI: done in 0.00418687 secs using 99.93% CPU
Optimizing NNI: done in 0.0095551 secs using 99.98% CPU
Optimizing NNI: done in 0.00535488 secs using 99.96% CPU
Optimizing NNI: done in 0.00527692 secs using 100% CPU
Optimizing NNI: done in 0.00497007 secs using 99.94% CPU
Optimizing NNI: done in 0.00532913 secs using 99.92% CPU
Iteration 780 / LogL: -455.903 / Time: 0h:0m:10s (0h:0m:0s left)
Optimizing NNI: done in 0.00616693 secs using 99.95% CPU
Optimizing NNI: done in 0.007411 secs using 100% CPU
Optimizing NNI: done in 0.00513601 secs using 99.96% CPU
Optimizing NNI: done in 0.00492597 secs using 99.96% CPU
Optimizing NNI: done in 0.00681305 secs using 99.96% CPU
Optimizing NNI: done in 0.00666499 secs using 100% CPU
Optimizing NNI: done in 0.00695992 secs using 99.97% CPU
Optimizing NNI: done in 0.00268412 secs using 99.88% CPU
Optimizing NNI: done in 0.00747299 secs using 99.95% CPU
Optimizing NNI: done in 0.0068922 secs using 99.95% CPU
Iteration 790 / LogL: -471.546 / Time: 0h:0m:10s (0h:0m:0s left)
Optimizing NNI: done in 0.00476789 secs using 99.98% CPU
Optimizing NNI: done in 0.00531888 secs using 99.95% CPU
Optimizing NNI: done in 0.0051322 secs using 99.92% CPU
Optimizing NNI: done in 0.00505996 secs using 100% CPU
Optimizing NNI: done in 0.00452995 secs using 99.93% CPU
Optimizing NNI: done in 0.00491095 secs using 100% CPU
Optimizing NNI: done in 0.00537086 secs using 100% CPU
Optimizing NNI: done in 0.00737786 secs using 99.96% CPU
Optimizing NNI: done in 0.00498199 secs using 99.94% CPU
Optimizing NNI: done in 0.00443006 secs using 99.98% CPU
Iteration 800 / LogL: -455.903 / Time: 0h:0m:10s (0h:0m:0s left)
Log-likelihood cutoff on original alignment: -491.659
NOTE: Bootstrap correlation coefficient of split occurrence frequencies: 0.980
NOTE: UFBoot does not converge, continue at least 100 more iterations
Optimizing NNI: done in 0.00707102 secs using 99.99% CPU
Optimizing NNI: done in 0.00470805 secs using 99.98% CPU
Optimizing NNI: done in 0.00488997 secs using 99.94% CPU
Optimizing NNI: done in 0.00453186 secs using 100% CPU
Optimizing NNI: done in 0.00512409 secs using 99.94% CPU
Optimizing NNI: done in 0.00265408 secs using 100% CPU
Optimizing NNI: done in 0.00541997 secs using 100% CPU
Optimizing NNI: done in 0.00904608 secs using 99.98% CPU
Optimizing NNI: done in 0.00268006 secs using 99.89% CPU
Optimizing NNI: done in 0.00517297 secs using 99.98% CPU
Iteration 810 / LogL: -460.171 / Time: 0h:0m:11s (0h:0m:1s left)
Optimizing NNI: done in 0.00500298 secs using 100% CPU
Optimizing NNI: done in 0.00511098 secs using 99.96% CPU
Optimizing NNI: done in 0.00545907 secs using 99.94% CPU
Optimizing NNI: done in 0.00588202 secs using 100% CPU
Optimizing NNI: done in 0.00513911 secs using 99.94% CPU
Optimizing NNI: done in 0.00542879 secs using 99.95% CPU
Optimizing NNI: done in 0.00491309 secs using 99.94% CPU
Optimizing NNI: done in 0.00537515 secs using 99.98% CPU
Optimizing NNI: done in 0.00534487 secs using 100% CPU
Optimizing NNI: done in 0.00947809 secs using 99.98% CPU
Iteration 820 / LogL: -455.904 / Time: 0h:0m:11s (0h:0m:1s left)
Optimizing NNI: done in 0.00577378 secs using 100% CPU
Optimizing NNI: done in 0.00553203 secs using 100% CPU
Optimizing NNI: done in 0.00595212 secs using 100% CPU
Optimizing NNI: done in 0.00267887 secs using 100% CPU
Optimizing NNI: done in 0.00757909 secs using 99.96% CPU
Optimizing NNI: done in 0.00710082 secs using 100% CPU
Optimizing NNI: done in 0.00599504 secs using 99.97% CPU
Optimizing NNI: done in 0.00703096 secs using 99.96% CPU
Optimizing NNI: done in 0.00636005 secs using 100% CPU
Optimizing NNI: done in 0.00506902 secs using 100% CPU
Iteration 830 / LogL: -455.903 / Time: 0h:0m:11s (0h:0m:0s left)
Optimizing NNI: done in 0.00487208 secs using 99.92% CPU
Optimizing NNI: done in 0.00522089 secs using 99.93% CPU
Optimizing NNI: done in 0.00501704 secs using 99.96% CPU
Optimizing NNI: done in 0.00492597 secs using 100% CPU
Optimizing NNI: done in 0.00500584 secs using 100% CPU
Optimizing NNI: done in 0.00920391 secs using 99.97% CPU
Optimizing NNI: done in 0.00503898 secs using 100% CPU
Optimizing NNI: done in 0.00491095 secs using 99.94% CPU
Optimizing NNI: done in 0.00681114 secs using 99.95% CPU
Optimizing NNI: done in 0.00727391 secs using 99.96% CPU
Iteration 840 / LogL: -471.547 / Time: 0h:0m:11s (0h:0m:0s left)
Optimizing NNI: done in 0.00541186 secs using 99.93% CPU
Optimizing NNI: done in 0.00773311 secs using 99.96% CPU
Optimizing NNI: done in 0.00537801 secs using 100% CPU
Optimizing NNI: done in 0.0049839 secs using 100% CPU
Optimizing NNI: done in 0.00777912 secs using 99.96% CPU
Optimizing NNI: done in 0.00533795 secs using 99.94% CPU
Optimizing NNI: done in 0.00493407 secs using 99.94% CPU
Optimizing NNI: done in 0.00268316 secs using 99.99% CPU
Optimizing NNI: done in 0.0063982 secs using 100% CPU
Optimizing NNI: done in 0.00487995 secs using 100% CPU
Iteration 850 / LogL: -455.903 / Time: 0h:0m:11s (0h:0m:0s left)
Log-likelihood cutoff on original alignment: -492.428
Optimizing NNI: done in 0.00451803 secs using 99.98% CPU
Optimizing NNI: done in 0.00485587 secs using 99.96% CPU
Optimizing NNI: done in 0.00717211 secs using 99.97% CPU
Optimizing NNI: done in 0.00390291 secs using 99.93% CPU
Optimizing NNI: done in 0.00455999 secs using 99.93% CPU
Optimizing NNI: done in 0.00531507 secs using 100% CPU
Optimizing NNI: done in 0.00806093 secs using 99.96% CPU
Optimizing NNI: done in 0.00522184 secs using 99.95% CPU
Optimizing NNI: done in 0.00989795 secs using 99.97% CPU
Optimizing NNI: done in 0.00619602 secs using 100% CPU
Iteration 860 / LogL: -455.903 / Time: 0h:0m:12s (0h:0m:0s left)
Optimizing NNI: done in 0.00509095 secs using 99.92% CPU
Optimizing NNI: done in 0.00267601 secs using 99.96% CPU
Optimizing NNI: done in 0.00443292 secs using 100% CPU
Optimizing NNI: done in 0.00510907 secs using 99.92% CPU
Optimizing NNI: done in 0.00527811 secs using 99.94% CPU
Optimizing NNI: done in 0.002666 secs using 100% CPU
Optimizing NNI: done in 0.0054009 secs using 99.93% CPU
Optimizing NNI: done in 0.0052371 secs using 100% CPU
Optimizing NNI: done in 0.00784111 secs using 99.96% CPU
Optimizing NNI: done in 0.00267196 secs using 99.93% CPU
Iteration 870 / LogL: -455.903 / Time: 0h:0m:12s (0h:0m:0s left)
Optimizing NNI: done in 0.00769091 secs using 99.98% CPU
Optimizing NNI: done in 0.00550008 secs using 99.93% CPU
Optimizing NNI: done in 0.00522089 secs using 99.98% CPU
Optimizing NNI: done in 0.00780606 secs using 100% CPU
Optimizing NNI: done in 0.00539303 secs using 100% CPU
Optimizing NNI: done in 0.00269008 secs using 100% CPU
Optimizing NNI: done in 0.0052979 secs using 99.95% CPU
Optimizing NNI: done in 0.00766182 secs using 99.96% CPU
Optimizing NNI: done in 0.00742388 secs using 100% CPU
Optimizing NNI: done in 0.00439906 secs using 100% CPU
Iteration 880 / LogL: -455.903 / Time: 0h:0m:12s (0h:0m:0s left)
Optimizing NNI: done in 0.0052309 secs using 100% CPU
Optimizing NNI: done in 0.00554395 secs using 99.93% CPU
Optimizing NNI: done in 0.0068779 secs using 99.97% CPU
Optimizing NNI: done in 0.00730205 secs using 100% CPU
Optimizing NNI: done in 0.00504613 secs using 100% CPU
Optimizing NNI: done in 0.00542188 secs using 99.98% CPU
Optimizing NNI: done in 0.00500894 secs using 100% CPU
Optimizing NNI: done in 0.00740695 secs using 100% CPU
Optimizing NNI: done in 0.00602603 secs using 100% CPU
Optimizing NNI: done in 0.00268221 secs using 100% CPU
Iteration 890 / LogL: -455.903 / Time: 0h:0m:12s (0h:0m:0s left)
Optimizing NNI: done in 0.005023 secs using 100% CPU
Optimizing NNI: done in 0.00482011 secs using 100% CPU
Optimizing NNI: done in 0.00498319 secs using 99.94% CPU
Optimizing NNI: done in 0.00745893 secs using 99.96% CPU
Optimizing NNI: done in 0.00265408 secs using 100% CPU
Optimizing NNI: done in 0.00481606 secs using 100% CPU
Optimizing NNI: done in 0.00481796 secs using 100% CPU
Optimizing NNI: done in 0.00546598 secs using 99.95% CPU
Optimizing NNI: done in 0.00480413 secs using 99.93% CPU
Optimizing NNI: done in 0.00499511 secs using 99.98% CPU
Iteration 900 / LogL: -471.633 / Time: 0h:0m:12s (0h:0m:0s left)
Log-likelihood cutoff on original alignment: -492.428
NOTE: Bootstrap correlation coefficient of split occurrence frequencies: 0.984
NOTE: UFBoot does not converge, continue at least 100 more iterations
Optimizing NNI: done in 0.00725007 secs using 99.96% CPU
Optimizing NNI: done in 0.00741696 secs using 99.97% CPU
Optimizing NNI: done in 0.00471401 secs using 99.94% CPU
Optimizing NNI: done in 0.00480795 secs using 99.98% CPU
Optimizing NNI: done in 0.00530815 secs using 100% CPU
Optimizing NNI: done in 0.00265098 secs using 100% CPU
Optimizing NNI: done in 0.004807 secs using 99.96% CPU
Optimizing NNI: done in 0.00498199 secs using 100% CPU
Optimizing NNI: done in 0.00467896 secs using 100% CPU
Optimizing NNI: done in 0.00500917 secs using 99.98% CPU
Iteration 910 / LogL: -455.903 / Time: 0h:0m:13s (0h:0m:1s left)
Optimizing NNI: done in 0.00708199 secs using 100% CPU
Optimizing NNI: done in 0.00503802 secs using 100% CPU
Optimizing NNI: done in 0.00795293 secs using 99.96% CPU
Optimizing NNI: done in 0.00541997 secs using 99.96% CPU
Optimizing NNI: done in 0.00542998 secs using 99.95% CPU
Optimizing NNI: done in 0.00275707 secs using 99.92% CPU
Optimizing NNI: done in 0.0060029 secs using 99.95% CPU
Optimizing NNI: done in 0.00487304 secs using 99.98% CPU
Optimizing NNI: done in 0.00536585 secs using 99.95% CPU
Optimizing NNI: done in 0.00675297 secs using 99.96% CPU
Iteration 920 / LogL: -455.903 / Time: 0h:0m:13s (0h:0m:1s left)
Optimizing NNI: done in 0.00502396 secs using 99.96% CPU
Optimizing NNI: done in 0.00608492 secs using 99.98% CPU
Optimizing NNI: done in 0.00558519 secs using 99.94% CPU
Optimizing NNI: done in 0.00523496 secs using 99.92% CPU
Optimizing NNI: done in 0.00655103 secs using 99.98% CPU
Optimizing NNI: done in 0.00279903 secs using 100% CPU
Optimizing NNI: done in 0.00506496 secs using 99.96% CPU
Optimizing NNI: done in 0.00537419 secs using 99.96% CPU
Optimizing NNI: done in 0.00470805 secs using 100% CPU
Optimizing NNI: done in 0.002774 secs using 100% CPU
Iteration 930 / LogL: -455.903 / Time: 0h:0m:13s (0h:0m:1s left)
Optimizing NNI: done in 0.00514698 secs using 100% CPU
Optimizing NNI: done in 0.00271988 secs using 99.89% CPU
Optimizing NNI: done in 0.00263214 secs using 99.92% CPU
Optimizing NNI: done in 0.00537419 secs using 99.96% CPU
Optimizing NNI: done in 0.00458717 secs using 100% CPU
Optimizing NNI: done in 0.00541592 secs using 100% CPU
Optimizing NNI: done in 0.00479889 secs using 100% CPU
Optimizing NNI: done in 0.00539708 secs using 100% CPU
Optimizing NNI: done in 0.00499606 secs using 100% CPU
Optimizing NNI: done in 0.00531816 secs using 100% CPU
Iteration 940 / LogL: -460.980 / Time: 0h:0m:13s (0h:0m:0s left)
Optimizing NNI: done in 0.00273204 secs using 100% CPU
Optimizing NNI: done in 0.00745702 secs using 100% CPU
Optimizing NNI: done in 0.00981092 secs using 99.96% CPU
Optimizing NNI: done in 0.00734806 secs using 100% CPU
Optimizing NNI: done in 0.00271583 secs using 100% CPU
Optimizing NNI: done in 0.00543404 secs using 99.94% CPU
Optimizing NNI: done in 0.00528693 secs using 100% CPU
Optimizing NNI: done in 0.007339 secs using 99.95% CPU
Optimizing NNI: done in 0.00262308 secs using 99.92% CPU
Optimizing NNI: done in 0.00520396 secs using 99.98% CPU
Iteration 950 / LogL: -455.903 / Time: 0h:0m:14s (0h:0m:0s left)
Log-likelihood cutoff on original alignment: -492.668
Optimizing NNI: done in 0.00452304 secs using 99.98% CPU
Optimizing NNI: done in 0.0096879 secs using 100% CPU
Optimizing NNI: done in 0.002707 secs using 100% CPU
Optimizing NNI: done in 0.00754595 secs using 99.96% CPU
Optimizing NNI: done in 0.00268292 secs using 100% CPU
Optimizing NNI: done in 0.00527215 secs using 99.94% CPU
Optimizing NNI: done in 0.005512 secs using 99.95% CPU
Optimizing NNI: done in 0.00531697 secs using 100% CPU
Optimizing NNI: done in 0.00537181 secs using 100% CPU
Optimizing NNI: done in 0.00651598 secs using 99.94% CPU
Iteration 960 / LogL: -455.904 / Time: 0h:0m:14s (0h:0m:0s left)
Optimizing NNI: done in 0.0065968 secs using 99.97% CPU
Optimizing NNI: done in 0.00272179 secs using 99.9% CPU
Optimizing NNI: done in 0.00275803 secs using 99.96% CPU
Optimizing NNI: done in 0.00504208 secs using 99.94% CPU
Optimizing NNI: done in 0.00741291 secs using 99.96% CPU
Optimizing NNI: done in 0.00736094 secs using 99.99% CPU
Optimizing NNI: done in 0.00590491 secs using 100% CPU
Optimizing NNI: done in 0.00514507 secs using 100% CPU
Optimizing NNI: done in 0.00270414 secs using 99.99% CPU
Optimizing NNI: done in 0.00542116 secs using 99.98% CPU
Iteration 970 / LogL: -455.903 / Time: 0h:0m:14s (0h:0m:0s left)
Optimizing NNI: done in 0.00447297 secs using 99.98% CPU
Optimizing NNI: done in 0.00522304 secs using 99.92% CPU
Optimizing NNI: done in 0.00654602 secs using 99.95% CPU
Optimizing NNI: done in 0.00466299 secs using 99.94% CPU
Optimizing NNI: done in 0.00515795 secs using 99.92% CPU
Optimizing NNI: done in 0.00523591 secs using 99.94% CPU
Optimizing NNI: done in 0.0058949 secs using 100% CPU
Optimizing NNI: done in 0.00717711 secs using 99.96% CPU
Optimizing NNI: done in 0.00502682 secs using 99.94% CPU
Optimizing NNI: done in 0.00672984 secs using 99.96% CPU
Iteration 980 / LogL: -455.903 / Time: 0h:0m:14s (0h:0m:0s left)
Optimizing NNI: done in 0.00602603 secs using 99.95% CPU
Optimizing NNI: done in 0.00479388 secs using 100% CPU
Optimizing NNI: done in 0.00753403 secs using 99.96% CPU
Optimizing NNI: done in 0.00270796 secs using 99.96% CPU
Optimizing NNI: done in 0.00473309 secs using 99.96% CPU
Optimizing NNI: done in 0.0101271 secs using 99.98% CPU
Optimizing NNI: done in 0.00475407 secs using 99.98% CPU
Optimizing NNI: done in 0.00260806 secs using 99.96% CPU
Optimizing NNI: done in 0.00520897 secs using 100% CPU
Optimizing NNI: done in 0.00505018 secs using 99.98% CPU
Iteration 990 / LogL: -455.903 / Time: 0h:0m:14s (0h:0m:0s left)
Optimizing NNI: done in 0.00499606 secs using 99.98% CPU
Optimizing NNI: done in 0.00515795 secs using 99.98% CPU
Optimizing NNI: done in 0.00749087 secs using 99.96% CPU
Optimizing NNI: done in 0.00520587 secs using 100% CPU
Optimizing NNI: done in 0.00482202 secs using 100% CPU
Optimizing NNI: done in 0.00966311 secs using 99.97% CPU
Optimizing NNI: done in 0.00503707 secs using 100% CPU
Optimizing NNI: done in 0.00275111 secs using 100% CPU
Optimizing NNI: done in 0.00959015 secs using 99.96% CPU
Optimizing NNI: done in 0.00715113 secs using 99.96% CPU
Iteration 1000 / LogL: -455.903 / Time: 0h:0m:15s (0h:0m:0s left)
Log-likelihood cutoff on original alignment: -492.668
NOTE: Bootstrap correlation coefficient of split occurrence frequencies: 0.992
TREE SEARCH COMPLETED AFTER 1000 ITERATIONS / Time: 0h:0m:15s

--------------------------------------------------------------------
|                    FINALIZING TREE SEARCH                        |
--------------------------------------------------------------------
Performs final model parameters optimization
Estimate model parameters (epsilon = 0.010)
1. Initial log-likelihood: -455.903
Optimal log-likelihood: -455.903
Parameters optimization took 1 rounds (0.001 sec)
BEST SCORE FOUND : -455.903

Testing tree branches by SH-like aLRT with 1000 replicates...
0.026 sec.
Creating bootstrap support values...
Split supports printed to NEXUS file ../results/molecular_evolution_analyses/phylogenetic_trees/F12052_SMED_G1/F12052_SMED_G1.splits.nex
Total tree length: 0.465

Total number of iterations: 1000
CPU time used for tree search: 15.282 sec (0h:0m:15s)
Wall-clock time used for tree search: 15.115 sec (0h:0m:15s)
Total CPU time used: 15.368 sec (0h:0m:15s)
Total wall-clock time used: 15.200 sec (0h:0m:15s)

Computing bootstrap consensus tree...
Reading input file ../results/molecular_evolution_analyses/phylogenetic_trees/F12052_SMED_G1/F12052_SMED_G1.splits.nex...
16 taxa and 318 splits.
Consensus tree written to ../results/molecular_evolution_analyses/phylogenetic_trees/F12052_SMED_G1/F12052_SMED_G1.contree
Reading input trees file ../results/molecular_evolution_analyses/phylogenetic_trees/F12052_SMED_G1/F12052_SMED_G1.contree
Log-likelihood of consensus tree: -455.905

Analysis results written to: 
  IQ-TREE report:                ../results/molecular_evolution_analyses/phylogenetic_trees/F12052_SMED_G1/F12052_SMED_G1.iqtree
  Maximum-likelihood tree:       ../results/molecular_evolution_analyses/phylogenetic_trees/F12052_SMED_G1/F12052_SMED_G1.treefile
  Likelihood distances:          ../results/molecular_evolution_analyses/phylogenetic_trees/F12052_SMED_G1/F12052_SMED_G1.mldist

Ultrafast bootstrap approximation results written to:
  Split support values:          ../results/molecular_evolution_analyses/phylogenetic_trees/F12052_SMED_G1/F12052_SMED_G1.splits.nex
  Consensus tree:                ../results/molecular_evolution_analyses/phylogenetic_trees/F12052_SMED_G1/F12052_SMED_G1.contree
  Screen log file:               ../results/molecular_evolution_analyses/phylogenetic_trees/F12052_SMED_G1/F12052_SMED_G1.log

Date and Time: Wed May  1 11:32:28 2024
