IQ-TREE multicore version 2.2.2.6 COVID-edition for Linux 64-bit built May 27 2023
Developed by Bui Quang Minh, James Barbetti, Nguyen Lam Tung,
Olga Chernomor, Heiko Schmidt, Dominik Schrempf, Michael Woodhams, Ly Trong Nhan.

Host:    lbc5 (AVX2, FMA3, 125 GB RAM)
Command: /home/mauricio/mauricio_PROGRAMAS/iqtree-2.2.2.6-Linux/bin/iqtree2 -s ../results/molecular_evolution_analyses/alignments_gblocks/F39252_TREG_G1/F39252_TREG_G1.aln.gblo -m TEST --threads-max 32 --alrt 1000 --ufboot 1000 --prefix ../results/molecular_evolution_analyses/phylogenetic_trees/F39252_TREG_G1/F39252_TREG_G1
Seed:    35359 (Using SPRNG - Scalable Parallel Random Number Generator)
Time:    Thu Mar 28 11:21:14 2024
Kernel:  AVX+FMA - 1 threads (32 CPU cores detected)

HINT: Use -nt option to specify number of threads because your CPU has 32 cores!
HINT: -nt AUTO will automatically determine the best number of threads to use.

Reading alignment file ../results/molecular_evolution_analyses/alignments_gblocks/F39252_TREG_G1/F39252_TREG_G1.aln.gblo ... Fasta format detected
Reading fasta file: done in 7.9155e-05 secs
Alignment most likely contains protein sequences
Constructing alignment: done in 0.000307083 secs
Alignment has 6 sequences with 358 columns, 26 distinct patterns
6 parsimony-informative, 0 singleton sites, 352 constant sites
            Gap/Ambiguity  Composition  p-value
Analyzing sequences: done in 5.96046e-06 secs
   1  Treg.13294    0.00%    passed    100.00%
   2  Treg.13291    0.00%    passed    100.00%
   3  Treg.13401    0.00%    passed    100.00%
   4  Treg.13293    0.00%    passed    100.00%
   5  Treg.13295    0.00%    passed    100.00%
   6  Treg.13296    0.00%    passed    100.00%
****  TOTAL         0.00%  0 sequences failed composition chi2 test (p-value<5%; df=19)
NOTE: Treg.13401 is identical to Treg.13294 but kept for subsequent analysis
NOTE: Treg.13293 is identical to Treg.13291 but kept for subsequent analysis
NOTE: Treg.13296 is identical to Treg.13295 but kept for subsequent analysis
Checking for duplicate sequences: done in 3.00407e-05 secs


Create initial parsimony tree by phylogenetic likelihood library (PLL)... 0.000 seconds
Perform fast likelihood tree search using LG+I+G model...
Estimate model parameters (epsilon = 5.000)
Perform nearest neighbor interchange...
Optimizing NNI: done in 0.00278401 secs using 99.32% CPU
Estimate model parameters (epsilon = 1.000)
1. Initial log-likelihood: -1084.411
Optimal log-likelihood: -1084.411
Proportion of invariable sites: 0.491
Gamma shape alpha: 998.448
Parameters optimization took 1 rounds (0.004 sec)
Time for fast ML tree search: 0.012 seconds

NOTE: ModelFinder requires 0 MB RAM!
ModelFinder will test up to 224 protein models (sample size: 358) ...
 No. Model         -LnL         df  AIC          AICc         BIC
  1  LG            1084.353     9   2186.705     2187.222     2221.630
  2  LG+I          1084.353     10  2188.705     2189.339     2227.510
  3  LG+G4         1084.353     10  2188.705     2189.339     2227.511
  4  LG+I+G4       1084.411     11  2190.822     2191.585     2233.507
  5  LG+F          1075.401     28  2206.803     2211.739     2315.458
  6  LG+F+I        1075.401     29  2208.803     2214.108     2321.338
  7  LG+F+G4       1075.401     29  2208.803     2214.108     2321.338
  9  WAG           1084.238     9   2186.476     2186.994     2221.401
 10  WAG+I         1084.238     10  2188.476     2189.110     2227.282
 11  WAG+G4        1084.238     10  2188.477     2189.111     2227.282
 13  WAG+F         1076.597     28  2209.194     2214.130     2317.849
 14  WAG+F+I       1076.597     29  2211.194     2216.499     2323.729
 15  WAG+F+G4      1076.597     29  2211.194     2216.499     2323.730
 17  JTT           1082.560     9   2183.120     2183.637     2218.045
 18  JTT+I         1082.560     10  2185.120     2185.754     2223.925
 19  JTT+G4        1082.560     10  2185.120     2185.754     2223.925
 21  JTT+F         1075.812     28  2207.624     2212.560     2316.279
 22  JTT+F+I       1075.812     29  2209.624     2214.929     2322.159
 23  JTT+F+G4      1075.812     29  2209.624     2214.929     2322.159
WARNING: Normalizing state frequencies so that sum of them equals to 1
 25  Q.pfam        1085.524     9   2189.049     2189.566     2223.974
WARNING: Normalizing state frequencies so that sum of them equals to 1
 26  Q.pfam+I      1085.524     10  2191.049     2191.683     2229.854
WARNING: Normalizing state frequencies so that sum of them equals to 1
 27  Q.pfam+G4     1085.524     10  2191.049     2191.683     2229.854
WARNING: Normalizing state frequencies so that sum of them equals to 1
 29  Q.pfam+F      1075.766     28  2207.532     2212.468     2316.186
WARNING: Normalizing state frequencies so that sum of them equals to 1
 30  Q.pfam+F+I    1075.766     29  2209.532     2214.836     2322.067
WARNING: Normalizing state frequencies so that sum of them equals to 1
 31  Q.pfam+F+G4   1075.766     29  2209.532     2214.836     2322.067
WARNING: Normalizing state frequencies so that sum of them equals to 1
 33  Q.bird        1085.704     9   2189.407     2189.925     2224.332
WARNING: Normalizing state frequencies so that sum of them equals to 1
 34  Q.bird+I      1085.704     10  2191.407     2192.041     2230.213
WARNING: Normalizing state frequencies so that sum of them equals to 1
 35  Q.bird+G4     1085.704     10  2191.407     2192.041     2230.213
WARNING: Normalizing state frequencies so that sum of them equals to 1
 37  Q.bird+F      1075.459     28  2206.919     2211.855     2315.574
WARNING: Normalizing state frequencies so that sum of them equals to 1
 38  Q.bird+F+I    1075.459     29  2208.919     2214.224     2321.454
WARNING: Normalizing state frequencies so that sum of them equals to 1
 39  Q.bird+F+G4   1075.459     29  2208.919     2214.224     2321.454
WARNING: Normalizing state frequencies so that sum of them equals to 1
 41  Q.mammal      1087.731     9   2193.463     2193.980     2228.388
WARNING: Normalizing state frequencies so that sum of them equals to 1
 42  Q.mammal+I    1087.731     10  2195.463     2196.097     2234.268
WARNING: Normalizing state frequencies so that sum of them equals to 1
 43  Q.mammal+G4   1087.731     10  2195.463     2196.097     2234.268
WARNING: Normalizing state frequencies so that sum of them equals to 1
 45  Q.mammal+F    1075.555     28  2207.111     2212.047     2315.766
WARNING: Normalizing state frequencies so that sum of them equals to 1
 46  Q.mammal+F+I  1075.555     29  2209.111     2214.416     2321.646
WARNING: Normalizing state frequencies so that sum of them equals to 1
 47  Q.mammal+F+G4 1075.555     29  2209.111     2214.416     2321.646
 49  Q.insect      1090.116     9   2198.233     2198.750     2233.158
 50  Q.insect+I    1090.116     10  2200.233     2200.867     2239.038
 51  Q.insect+G4   1090.117     10  2200.233     2200.867     2239.038
 53  Q.insect+F    1075.538     28  2207.076     2212.012     2315.731
 54  Q.insect+F+I  1075.538     29  2209.076     2214.381     2321.611
 55  Q.insect+F+G4 1075.538     29  2209.076     2214.381     2321.611
WARNING: Normalizing state frequencies so that sum of them equals to 1
 57  Q.plant       1085.213     9   2188.426     2188.943     2223.351
WARNING: Normalizing state frequencies so that sum of them equals to 1
 58  Q.plant+I     1085.213     10  2190.426     2191.060     2229.231
WARNING: Normalizing state frequencies so that sum of them equals to 1
 59  Q.plant+G4    1085.213     10  2190.426     2191.060     2229.231
WARNING: Normalizing state frequencies so that sum of them equals to 1
 61  Q.plant+F     1075.467     28  2206.934     2211.870     2315.589
WARNING: Normalizing state frequencies so that sum of them equals to 1
 62  Q.plant+F+I   1075.467     29  2208.934     2214.239     2321.469
WARNING: Normalizing state frequencies so that sum of them equals to 1
 63  Q.plant+F+G4  1075.467     29  2208.934     2214.239     2321.469
WARNING: Normalizing state frequencies so that sum of them equals to 1
 65  Q.yeast       1094.912     9   2207.824     2208.342     2242.749
WARNING: Normalizing state frequencies so that sum of them equals to 1
 66  Q.yeast+I     1094.912     10  2209.824     2210.458     2248.630
WARNING: Normalizing state frequencies so that sum of them equals to 1
 67  Q.yeast+G4    1094.912     10  2209.824     2210.458     2248.630
WARNING: Normalizing state frequencies so that sum of them equals to 1
 69  Q.yeast+F     1075.492     28  2206.985     2211.921     2315.640
WARNING: Normalizing state frequencies so that sum of them equals to 1
 70  Q.yeast+F+I   1075.492     29  2208.985     2214.289     2321.520
WARNING: Normalizing state frequencies so that sum of them equals to 1
 71  Q.yeast+F+G4  1075.492     29  2208.985     2214.290     2321.520
 73  JTTDCMut      1082.548     9   2183.097     2183.614     2218.022
 74  JTTDCMut+I    1082.548     10  2185.097     2185.731     2223.902
 75  JTTDCMut+G4   1082.548     10  2185.097     2185.731     2223.902
 77  JTTDCMut+F    1075.774     28  2207.549     2212.485     2316.203
 78  JTTDCMut+F+I  1075.774     29  2209.549     2214.853     2322.084
 79  JTTDCMut+F+G4 1075.774     29  2209.549     2214.854     2322.084
 81  DCMut         1091.217     9   2200.434     2200.951     2235.359
 82  DCMut+I       1091.217     10  2202.434     2203.068     2241.239
 83  DCMut+G4      1091.217     10  2202.434     2203.068     2241.239
 85  DCMut+F       1076.599     28  2209.199     2214.135     2317.854
 86  DCMut+F+I     1076.599     29  2211.199     2216.504     2323.734
 87  DCMut+F+G4    1076.599     29  2211.199     2216.504     2323.734
 89  VT            1084.854     9   2187.708     2188.225     2222.632
 90  VT+I          1084.854     10  2189.708     2190.342     2228.513
 91  VT+G4         1084.854     10  2189.708     2190.342     2228.513
 93  VT+F          1077.246     28  2210.493     2215.429     2319.147
 94  VT+F+I        1077.246     29  2212.493     2217.797     2325.028
 95  VT+F+G4       1077.246     29  2212.493     2217.798     2325.028
 97  PMB           1083.902     9   2185.805     2186.322     2220.730
 98  PMB+I         1083.902     10  2187.805     2188.439     2226.610
 99  PMB+G4        1083.902     10  2187.805     2188.439     2226.610
101  PMB+F         1077.580     28  2211.159     2216.096     2319.814
102  PMB+F+I       1077.580     29  2213.159     2218.464     2325.695
103  PMB+F+G4      1077.580     29  2213.159     2218.464     2325.695
105  Blosum62      1084.783     9   2187.566     2188.084     2222.491
106  Blosum62+I    1084.783     10  2189.566     2190.200     2228.372
107  Blosum62+G4   1084.783     10  2189.566     2190.200     2228.372
109  Blosum62+F    1077.411     28  2210.823     2215.759     2319.478
110  Blosum62+F+I  1077.411     29  2212.823     2218.128     2325.358
111  Blosum62+F+G4 1077.411     29  2212.823     2218.128     2325.358
113  Dayhoff       1091.197     9   2200.393     2200.911     2235.318
114  Dayhoff+I     1091.197     10  2202.393     2203.027     2241.199
115  Dayhoff+G4    1091.197     10  2202.394     2203.028     2241.199
117  Dayhoff+F     1076.580     28  2209.161     2214.097     2317.816
118  Dayhoff+F+I   1076.580     29  2211.161     2216.465     2323.696
119  Dayhoff+F+G4  1076.580     29  2211.161     2216.466     2323.696
121  mtREV         1147.377     9   2312.754     2313.272     2347.679
122  mtREV+I       1147.377     10  2314.754     2315.388     2353.560
123  mtREV+G4      1147.377     10  2314.754     2315.388     2353.560
125  mtREV+F       1076.337     28  2208.673     2213.610     2317.328
126  mtREV+F+I     1076.337     29  2210.673     2215.978     2323.209
127  mtREV+F+G4    1076.337     29  2210.674     2215.978     2323.209
129  mtART         1141.155     9   2300.310     2300.827     2335.235
130  mtART+I       1141.155     10  2302.310     2302.944     2341.116
131  mtART+G4      1141.155     10  2302.310     2302.944     2341.116
133  mtART+F       1074.944     28  2205.888     2210.825     2314.543
134  mtART+F+I     1074.944     29  2207.888     2213.193     2320.424
135  mtART+F+G4    1074.944     29  2207.888     2213.193     2320.424
137  mtZOA         1133.873     9   2285.746     2286.263     2320.671
138  mtZOA+I       1133.873     10  2287.746     2288.380     2326.551
139  mtZOA+G4      1133.873     10  2287.746     2288.380     2326.551
141  mtZOA+F       1074.833     28  2205.666     2210.602     2314.321
142  mtZOA+F+I     1074.833     29  2207.666     2212.971     2320.201
143  mtZOA+F+G4    1074.833     29  2207.666     2212.971     2320.202
145  mtMet         1149.889     9   2317.778     2318.295     2352.702
146  mtMet+I       1149.889     10  2319.778     2320.412     2358.583
147  mtMet+G4      1149.889     10  2319.778     2320.412     2358.583
149  mtMet+F       1076.244     28  2208.488     2213.424     2317.143
150  mtMet+F+I     1076.244     29  2210.488     2215.793     2323.023
151  mtMet+F+G4    1076.244     29  2210.488     2215.793     2323.023
153  mtVer         1158.356     9   2334.712     2335.229     2369.637
154  mtVer+I       1158.356     10  2336.712     2337.346     2375.517
155  mtVer+G4      1158.356     10  2336.712     2337.346     2375.517
157  mtVer+F       1076.639     28  2209.278     2214.214     2317.933
158  mtVer+F+I     1076.639     29  2211.278     2216.583     2323.813
159  mtVer+F+G4    1076.639     29  2211.278     2216.583     2323.814
161  mtInv         1165.646     9   2349.292     2349.809     2384.216
162  mtInv+I       1165.646     10  2351.292     2351.926     2390.097
163  mtInv+G4      1165.646     10  2351.292     2351.926     2390.097
165  mtInv+F       1076.512     28  2209.025     2213.961     2317.680
166  mtInv+F+I     1076.512     29  2211.025     2216.330     2323.560
167  mtInv+F+G4    1076.513     29  2211.025     2216.330     2323.561
169  mtMAM         1148.433     9   2314.867     2315.384     2349.791
170  mtMAM+I       1148.433     10  2316.867     2317.501     2355.672
171  mtMAM+G4      1148.433     10  2316.867     2317.501     2355.672
173  mtMAM+F       1075.995     28  2207.991     2212.927     2316.646
174  mtMAM+F+I     1075.995     29  2209.991     2215.295     2322.526
175  mtMAM+F+G4    1075.995     29  2209.991     2215.296     2322.526
WARNING: Normalizing state frequencies so that sum of them equals to 1
177  FLAVI         1094.524     9   2207.047     2207.565     2241.972
WARNING: Normalizing state frequencies so that sum of them equals to 1
178  FLAVI+I       1094.524     10  2209.047     2209.681     2247.853
WARNING: Normalizing state frequencies so that sum of them equals to 1
179  FLAVI+G4      1094.524     10  2209.047     2209.681     2247.853
WARNING: Normalizing state frequencies so that sum of them equals to 1
181  FLAVI+F       1073.836     28  2203.673     2208.609     2312.328
WARNING: Normalizing state frequencies so that sum of them equals to 1
182  FLAVI+F+I     1073.836     29  2205.673     2210.978     2318.208
WARNING: Normalizing state frequencies so that sum of them equals to 1
183  FLAVI+F+G4    1073.836     29  2205.673     2210.978     2318.208
185  HIVb          1096.045     9   2210.090     2210.608     2245.015
186  HIVb+I        1096.045     10  2212.090     2212.724     2250.896
187  HIVb+G4       1096.045     10  2212.090     2212.724     2250.896
189  HIVb+F        1076.381     28  2208.761     2213.697     2317.416
190  HIVb+F+I      1076.381     29  2210.761     2216.066     2323.297
191  HIVb+F+G4     1076.381     29  2210.761     2216.066     2323.297
193  HIVw          1108.335     9   2234.671     2235.188     2269.596
194  HIVw+I        1108.335     10  2236.671     2237.305     2275.476
195  HIVw+G4       1108.335     10  2236.671     2237.305     2275.476
197  HIVw+F        1076.670     28  2209.340     2214.276     2317.995
198  HIVw+F+I      1076.670     29  2211.340     2216.645     2323.876
199  HIVw+F+G4     1076.670     29  2211.340     2216.645     2323.876
201  FLU           1087.046     9   2192.092     2192.609     2227.016
202  FLU+I         1087.046     10  2194.092     2194.726     2232.897
203  FLU+G4        1087.046     10  2194.092     2194.726     2232.897
205  FLU+F         1073.984     28  2203.967     2208.904     2312.622
206  FLU+F+I       1073.984     29  2205.967     2211.272     2318.503
207  FLU+F+G4      1073.984     29  2205.968     2211.272     2318.503
209  rtREV         1102.564     9   2223.129     2223.646     2258.053
210  rtREV+I       1102.564     10  2225.129     2225.763     2263.934
211  rtREV+G4      1102.564     10  2225.129     2225.763     2263.934
213  rtREV+F       1075.733     28  2207.465     2212.402     2316.120
214  rtREV+F+I     1075.733     29  2209.465     2214.770     2322.001
215  rtREV+F+G4    1075.733     29  2209.465     2214.770     2322.001
217  cpREV         1092.357     9   2202.713     2203.230     2237.638
218  cpREV+I       1092.357     10  2204.713     2205.347     2243.518
219  cpREV+G4      1092.357     10  2204.713     2205.347     2243.518
221  cpREV+F       1075.866     28  2207.732     2212.668     2316.387
222  cpREV+F+I     1075.866     29  2209.732     2215.037     2322.267
223  cpREV+F+G4    1075.866     29  2209.732     2215.037     2322.267
Akaike Information Criterion:           JTTDCMut
Corrected Akaike Information Criterion: JTTDCMut
Bayesian Information Criterion:         JTTDCMut
Best-fit model: JTTDCMut chosen according to BIC

All model information printed to ../results/molecular_evolution_analyses/phylogenetic_trees/F39252_TREG_G1/F39252_TREG_G1.model.gz
CPU time for ModelFinder: 0.597 seconds (0h:0m:0s)
Wall-clock time for ModelFinder: 0.605 seconds (0h:0m:0s)
Generating 1000 samples for ultrafast bootstrap (seed: 35359)...

NOTE: 0 MB RAM (0 GB) is required!
Estimate model parameters (epsilon = 0.100)
1. Initial log-likelihood: -1082.548
Optimal log-likelihood: -1082.548
Parameters optimization took 1 rounds (0.001 sec)
Wrote distance file to... 
Computing ML distances based on estimated model parameters...
Calculating distance matrix: done in 0.00244904 secs using 93.75% CPU
Computing ML distances took 0.002499 sec (of wall-clock time) 0.002347 sec (of CPU time)
Setting up auxiliary I and S matrices: done in 2.28882e-05 secs using 214.1% CPU
Constructing RapidNJ tree: done in 1.81198e-05 secs using 231.8% CPU
Computing RapidNJ tree took 0.000110 sec (of wall-clock time) 0.000217 sec (of CPU time)
Log-likelihood of RapidNJ tree: -1082.550
--------------------------------------------------------------------
|             INITIALIZING CANDIDATE TREE SET                      |
--------------------------------------------------------------------
Generating 98 parsimony trees... 0.016 second
Computing log-likelihood of 13 initial trees ... 0.002 seconds
Current best score: -1082.548

Do NNI search on 15 best initial trees
Optimizing NNI: done in 0.00475287 secs using 115.4% CPU
Optimizing NNI: done in 0.000773191 secs using 199.4% CPU
UPDATE BEST LOG-LIKELIHOOD: -1082.548
Optimizing NNI: done in 0.000766039 secs using 199.7% CPU
Optimizing NNI: done in 0.00137591 secs using 199.6% CPU
Optimizing NNI: done in 0.00991201 secs using 118.9% CPU
Optimizing NNI: done in 0.00205994 secs using 200.2% CPU
Optimizing NNI: done in 0.00201201 secs using 200.4% CPU
Optimizing NNI: done in 0.00200295 secs using 199.7% CPU
Optimizing NNI: done in 0.00195694 secs using 200% CPU
Optimizing NNI: done in 0.0219522 secs using 108.7% CPU
Iteration 10 / LogL: -1082.550 / Time: 0h:0m:0s
Optimizing NNI: done in 0.00168109 secs using 199.8% CPU
Optimizing NNI: done in 0.00195193 secs using 200.1% CPU
Optimizing NNI: done in 0.00199699 secs using 200.3% CPU
Optimizing NNI: done in 0.00204086 secs using 200.2% CPU
Optimizing NNI: done in 0.00203395 secs using 200.4% CPU
Finish initializing candidate tree set (15)
Current best tree score: -1082.548 / CPU time: 0.092
Number of iterations: 15
--------------------------------------------------------------------
|               OPTIMIZING CANDIDATE TREE SET                      |
--------------------------------------------------------------------
Optimizing NNI: done in 0.000975132 secs using 199.8% CPU
Optimizing NNI: done in 0.0182791 secs using 112.3% CPU
Optimizing NNI: done in 0.000943899 secs using 199.4% CPU
Optimizing NNI: done in 0.014848 secs using 119% CPU
Optimizing NNI: done in 0.00283313 secs using 199.9% CPU
Iteration 20 / LogL: -1082.549 / Time: 0h:0m:0s
Optimizing NNI: done in 0.00195098 secs using 199.7% CPU
Optimizing NNI: done in 0.00192094 secs using 199.8% CPU
Optimizing NNI: done in 0.00166798 secs using 199.9% CPU
UPDATE BEST LOG-LIKELIHOOD: -1082.548
Optimizing NNI: done in 0.00359201 secs using 199.6% CPU
Optimizing NNI: done in 0.00211811 secs using 199% CPU
Optimizing NNI: done in 0.00289512 secs using 198.5% CPU
Optimizing NNI: done in 0.00374699 secs using 99.41% CPU
Optimizing NNI: done in 0.00193501 secs using 100% CPU
Optimizing NNI: done in 0.002002 secs using 100% CPU
Optimizing NNI: done in 0.000800848 secs using 100% CPU
Iteration 30 / LogL: -1082.548 / Time: 0h:0m:0s (0h:0m:0s left)
Optimizing NNI: done in 0.00190997 secs using 99.95% CPU
Optimizing NNI: done in 0.000754833 secs using 100% CPU
Optimizing NNI: done in 0.00275111 secs using 99.96% CPU
Optimizing NNI: done in 0.00191092 secs using 100.1% CPU
Optimizing NNI: done in 0.00191712 secs using 99.89% CPU
Optimizing NNI: done in 0.000967026 secs using 99.79% CPU
Optimizing NNI: done in 0.00356293 secs using 100% CPU
Optimizing NNI: done in 0.000971079 secs using 99.89% CPU
Optimizing NNI: done in 0.0022099 secs using 99.14% CPU
Optimizing NNI: done in 0.00191498 secs using 99.95% CPU
Iteration 40 / LogL: -1082.548 / Time: 0h:0m:0s (0h:0m:0s left)
Optimizing NNI: done in 0.001966 secs using 100% CPU
Optimizing NNI: done in 0.00253606 secs using 99.92% CPU
Optimizing NNI: done in 0.00362086 secs using 99.95% CPU
Optimizing NNI: done in 0.00166297 secs using 99.16% CPU
Optimizing NNI: done in 0.00100899 secs using 100.1% CPU
Optimizing NNI: done in 0.000961065 secs using 99.79% CPU
Optimizing NNI: done in 0.00215483 secs using 100% CPU
Optimizing NNI: done in 0.0010221 secs using 100.1% CPU
Optimizing NNI: done in 0.00283098 secs using 99.93% CPU
Optimizing NNI: done in 0.00354218 secs using 99.57% CPU
Iteration 50 / LogL: -1082.551 / Time: 0h:0m:0s (0h:0m:0s left)
Log-likelihood cutoff on original alignment: -1122.417
Optimizing NNI: done in 0.00201511 secs using 98.85% CPU
Optimizing NNI: done in 0.00204802 secs using 100% CPU
Optimizing NNI: done in 0.00212407 secs using 99.95% CPU
Optimizing NNI: done in 0.000976086 secs using 99.79% CPU
Optimizing NNI: done in 0.00189519 secs using 99.99% CPU
Optimizing NNI: done in 0.00195408 secs using 100% CPU
Optimizing NNI: done in 0.00272894 secs using 100% CPU
Optimizing NNI: done in 0.00183511 secs using 99.99% CPU
Optimizing NNI: done in 0.00273705 secs using 99.93% CPU
Optimizing NNI: done in 0.00262499 secs using 99.96% CPU
Iteration 60 / LogL: -1082.549 / Time: 0h:0m:0s (0h:0m:0s left)
Optimizing NNI: done in 0.00095892 secs using 99.9% CPU
Optimizing NNI: done in 0.00174594 secs using 99.95% CPU
UPDATE BEST LOG-LIKELIHOOD: -1082.548
Optimizing NNI: done in 0.00258708 secs using 99.61% CPU
Optimizing NNI: done in 0.00355387 secs using 99.98% CPU
Optimizing NNI: done in 0.000786066 secs using 99.99% CPU
Optimizing NNI: done in 0.00221491 secs using 100% CPU
Optimizing NNI: done in 0.00198507 secs using 99.95% CPU
Optimizing NNI: done in 0.00197101 secs using 99.9% CPU
Optimizing NNI: done in 0.00197792 secs using 99.04% CPU
Optimizing NNI: done in 0.000928879 secs using 99.91% CPU
Iteration 70 / LogL: -1082.548 / Time: 0h:0m:0s (0h:0m:0s left)
Optimizing NNI: done in 0.000750065 secs using 99.86% CPU
Optimizing NNI: done in 0.000752211 secs using 99.97% CPU
Optimizing NNI: done in 0.00352907 secs using 99.97% CPU
Optimizing NNI: done in 0.000947952 secs using 99.9% CPU
Optimizing NNI: done in 0.000939131 secs using 99.99% CPU
Optimizing NNI: done in 0.00211596 secs using 99.95% CPU
Optimizing NNI: done in 0.00183487 secs using 99.95% CPU
Optimizing NNI: done in 0.00201416 secs using 99.94% CPU
Optimizing NNI: done in 0.00194812 secs using 99.38% CPU
Optimizing NNI: done in 0.00204301 secs using 99.95% CPU
Iteration 80 / LogL: -1082.548 / Time: 0h:0m:0s (0h:0m:0s left)
Optimizing NNI: done in 0.00176001 secs using 99.94% CPU
Optimizing NNI: done in 0.00208211 secs using 99.9% CPU
Optimizing NNI: done in 0.00216389 secs using 99.96% CPU
Optimizing NNI: done in 0.000937939 secs using 98.73% CPU
Optimizing NNI: done in 0.00100899 secs using 98.71% CPU
Optimizing NNI: done in 0.000953913 secs using 99.9% CPU
Optimizing NNI: done in 0.00179005 secs using 100% CPU
Optimizing NNI: done in 0.00258589 secs using 99.97% CPU
Optimizing NNI: done in 0.000797033 secs using 99.87% CPU
Optimizing NNI: done in 0.002002 secs using 100% CPU
Iteration 90 / LogL: -1082.549 / Time: 0h:0m:0s (0h:0m:0s left)
Optimizing NNI: done in 0.00200415 secs using 99.99% CPU
Optimizing NNI: done in 0.00186491 secs using 99.95% CPU
Optimizing NNI: done in 0.002738 secs using 100% CPU
Optimizing NNI: done in 0.000906944 secs using 99.9% CPU
Optimizing NNI: done in 0.00180578 secs using 99.85% CPU
Optimizing NNI: done in 0.00100708 secs using 99.99% CPU
Optimizing NNI: done in 0.00272512 secs using 99.92% CPU
Optimizing NNI: done in 0.00357294 secs using 99.95% CPU
Optimizing NNI: done in 0.00264812 secs using 99.92% CPU
Optimizing NNI: done in 0.00439405 secs using 99.93% CPU
Iteration 100 / LogL: -1082.549 / Time: 0h:0m:0s (0h:0m:0s left)
Log-likelihood cutoff on original alignment: -1122.417
NOTE: Bootstrap correlation coefficient of split occurrence frequencies: 0.989
NOTE: UFBoot does not converge, continue at least 100 more iterations
Optimizing NNI: done in 0.000997066 secs using 99.69% CPU
Optimizing NNI: done in 0.00174403 secs using 99.02% CPU
Optimizing NNI: done in 0.00190282 secs using 99.96% CPU
Optimizing NNI: done in 0.00274682 secs using 100% CPU
Optimizing NNI: done in 0.00205588 secs using 99.91% CPU
Optimizing NNI: done in 0.000793934 secs using 100% CPU
Optimizing NNI: done in 0.000962973 secs using 99.9% CPU
Optimizing NNI: done in 0.000765085 secs using 99.73% CPU
Optimizing NNI: done in 0.00278091 secs using 99.93% CPU
Optimizing NNI: done in 0.00205302 secs using 100% CPU
Iteration 110 / LogL: -1082.550 / Time: 0h:0m:0s (0h:0m:0s left)
Optimizing NNI: done in 0.00188589 secs using 99.37% CPU
Optimizing NNI: done in 0.00199103 secs using 99.9% CPU
Optimizing NNI: done in 0.0028789 secs using 99.97% CPU
Optimizing NNI: done in 0.00196004 secs using 100% CPU
Optimizing NNI: done in 0.00260401 secs using 100% CPU
Optimizing NNI: done in 0.0017941 secs using 99.94% CPU
Optimizing NNI: done in 0.000984192 secs using 99.98% CPU
Optimizing NNI: done in 0.00174403 secs using 99.94% CPU
Optimizing NNI: done in 0.00198817 secs using 99.94% CPU
Optimizing NNI: done in 0.000995159 secs using 99.88% CPU
Iteration 120 / LogL: -1082.548 / Time: 0h:0m:0s (0h:0m:0s left)
Optimizing NNI: done in 0.00169611 secs using 99.99% CPU
Optimizing NNI: done in 0.00191498 secs using 99.95% CPU
Optimizing NNI: done in 0.00079608 secs using 100.1% CPU
Optimizing NNI: done in 0.00342607 secs using 99.97% CPU
Optimizing NNI: done in 0.00209594 secs using 99.38% CPU
Optimizing NNI: done in 0.00255799 secs using 100% CPU
Optimizing NNI: done in 0.0017581 secs using 99.94% CPU
Optimizing NNI: done in 0.00102305 secs using 98.72% CPU
Optimizing NNI: done in 0.00150299 secs using 99.93% CPU
Optimizing NNI: done in 0.00169015 secs using 99.99% CPU
Iteration 130 / LogL: -1082.548 / Time: 0h:0m:0s (0h:0m:0s left)
Optimizing NNI: done in 0.00199008 secs using 99.14% CPU
Optimizing NNI: done in 0.00191712 secs using 100% CPU
Optimizing NNI: done in 0.00197792 secs using 99.25% CPU
Optimizing NNI: done in 0.00266004 secs using 99.4% CPU
Optimizing NNI: done in 0.00192499 secs using 99.9% CPU
Optimizing NNI: done in 0.00274301 secs using 98.8% CPU
Optimizing NNI: done in 0.00152612 secs using 99.93% CPU
Optimizing NNI: done in 0.0018568 secs using 99.9% CPU
Optimizing NNI: done in 0.00272298 secs using 99.96% CPU
Optimizing NNI: done in 0.0016191 secs using 99.93% CPU
Iteration 140 / LogL: -1082.548 / Time: 0h:0m:1s (0h:0m:0s left)
Optimizing NNI: done in 0.0035789 secs using 99.92% CPU
Optimizing NNI: done in 0.00178313 secs using 99.94% CPU
Optimizing NNI: done in 0.00154686 secs using 98.91% CPU
Optimizing NNI: done in 0.00353599 secs using 99.69% CPU
Optimizing NNI: done in 0.00181913 secs using 99.99% CPU
Optimizing NNI: done in 0.00102019 secs using 99.88% CPU
Optimizing NNI: done in 0.001966 secs using 99.29% CPU
Optimizing NNI: done in 0.0015471 secs using 99.93% CPU
Optimizing NNI: done in 0.000822067 secs using 98.29% CPU
Optimizing NNI: done in 0.00166011 secs using 99.87% CPU
Iteration 150 / LogL: -1082.548 / Time: 0h:0m:1s (0h:0m:0s left)
Log-likelihood cutoff on original alignment: -1122.467
Optimizing NNI: done in 0.00271583 secs using 99.49% CPU
Optimizing NNI: done in 0.00340199 secs using 99.94% CPU
Optimizing NNI: done in 0.00105309 secs using 98.38% CPU
Optimizing NNI: done in 0.00264883 secs using 100% CPU
Optimizing NNI: done in 0.00300217 secs using 99.49% CPU
Optimizing NNI: done in 0.0034399 secs using 99.54% CPU
Optimizing NNI: done in 0.00101495 secs using 100% CPU
Optimizing NNI: done in 0.00349498 secs using 100% CPU
Optimizing NNI: done in 0.00185299 secs using 99.95% CPU
Optimizing NNI: done in 0.00171304 secs using 100% CPU
Iteration 160 / LogL: -1082.548 / Time: 0h:0m:1s (0h:0m:0s left)
Optimizing NNI: done in 0.00339794 secs using 99.94% CPU
Optimizing NNI: done in 0.00202703 secs using 99.21% CPU
Optimizing NNI: done in 0.0019331 secs using 99.94% CPU
Optimizing NNI: done in 0.00195694 secs using 100% CPU
Optimizing NNI: done in 0.00296998 secs using 99.36% CPU
Optimizing NNI: done in 0.001899 secs using 99.84% CPU
Optimizing NNI: done in 0.000978947 secs using 99.7% CPU
Optimizing NNI: done in 0.00251889 secs using 99.96% CPU
Optimizing NNI: done in 0.00189495 secs using 99.9% CPU
Optimizing NNI: done in 0.0020988 secs using 99.25% CPU
Iteration 170 / LogL: -1082.550 / Time: 0h:0m:1s (0h:0m:0s left)
Optimizing NNI: done in 0.00298905 secs using 99.4% CPU
Optimizing NNI: done in 0.000963926 secs using 99.9% CPU
Optimizing NNI: done in 0.000754118 secs using 99.98% CPU
Optimizing NNI: done in 0.00195098 secs using 99.95% CPU
Optimizing NNI: done in 0.00196195 secs using 100% CPU
Optimizing NNI: done in 0.00190616 secs using 99.99% CPU
Optimizing NNI: done in 0.003618 secs using 99.61% CPU
Optimizing NNI: done in 0.00255799 secs using 99.41% CPU
Optimizing NNI: done in 0.001863 secs using 99.89% CPU
Optimizing NNI: done in 0.00196815 secs using 99.99% CPU
Iteration 180 / LogL: -1082.548 / Time: 0h:0m:1s (0h:0m:0s left)
Optimizing NNI: done in 0.0025661 secs using 99.49% CPU
Optimizing NNI: done in 0.0021069 secs using 99.96% CPU
Optimizing NNI: done in 0.00101495 secs using 99.91% CPU
Optimizing NNI: done in 0.00207496 secs using 99.95% CPU
Optimizing NNI: done in 0.002069 secs using 99.95% CPU
Optimizing NNI: done in 0.000947952 secs using 100% CPU
Optimizing NNI: done in 0.00183916 secs using 99.88% CPU
Optimizing NNI: done in 0.00077796 secs using 99.88% CPU
Optimizing NNI: done in 0.00146914 secs using 99.92% CPU
Optimizing NNI: done in 0.00265217 secs using 99.99% CPU
Iteration 190 / LogL: -1082.549 / Time: 0h:0m:1s (0h:0m:0s left)
Optimizing NNI: done in 0.00262403 secs using 99.92% CPU
Optimizing NNI: done in 0.00265288 secs using 99.97% CPU
Optimizing NNI: done in 0.0030179 secs using 99.97% CPU
Optimizing NNI: done in 0.00283599 secs using 99.97% CPU
Optimizing NNI: done in 0.00179791 secs using 99.34% CPU
Optimizing NNI: done in 0.00192785 secs using 100% CPU
Optimizing NNI: done in 0.000942945 secs using 99.79% CPU
Optimizing NNI: done in 0.000913858 secs using 99.91% CPU
Optimizing NNI: done in 0.00214314 secs using 99.99% CPU
Optimizing NNI: done in 0.00097084 secs using 99.91% CPU
Iteration 200 / LogL: -1082.548 / Time: 0h:0m:1s (0h:0m:0s left)
Log-likelihood cutoff on original alignment: -1122.467
NOTE: Bootstrap correlation coefficient of split occurrence frequencies: 0.997
TREE SEARCH COMPLETED AFTER 200 ITERATIONS / Time: 0h:0m:1s

--------------------------------------------------------------------
|                    FINALIZING TREE SEARCH                        |
--------------------------------------------------------------------
Performs final model parameters optimization
Estimate model parameters (epsilon = 0.010)
1. Initial log-likelihood: -1082.548
Optimal log-likelihood: -1082.548
Parameters optimization took 1 rounds (0.000 sec)
BEST SCORE FOUND : -1082.548

Testing tree branches by SH-like aLRT with 1000 replicates...
0.010 sec.
Creating bootstrap support values...
Split supports printed to NEXUS file ../results/molecular_evolution_analyses/phylogenetic_trees/F39252_TREG_G1/F39252_TREG_G1.splits.nex
Total tree length: 0.017

Total number of iterations: 200
CPU time used for tree search: 1.567 sec (0h:0m:1s)
Wall-clock time used for tree search: 1.461 sec (0h:0m:1s)
Total CPU time used: 1.631 sec (0h:0m:1s)
Total wall-clock time used: 1.525 sec (0h:0m:1s)

Computing bootstrap consensus tree...
Reading input file ../results/molecular_evolution_analyses/phylogenetic_trees/F39252_TREG_G1/F39252_TREG_G1.splits.nex...
6 taxa and 18 splits.
Consensus tree written to ../results/molecular_evolution_analyses/phylogenetic_trees/F39252_TREG_G1/F39252_TREG_G1.contree
Reading input trees file ../results/molecular_evolution_analyses/phylogenetic_trees/F39252_TREG_G1/F39252_TREG_G1.contree
Log-likelihood of consensus tree: -1082.552

Analysis results written to: 
  IQ-TREE report:                ../results/molecular_evolution_analyses/phylogenetic_trees/F39252_TREG_G1/F39252_TREG_G1.iqtree
  Maximum-likelihood tree:       ../results/molecular_evolution_analyses/phylogenetic_trees/F39252_TREG_G1/F39252_TREG_G1.treefile
  Likelihood distances:          ../results/molecular_evolution_analyses/phylogenetic_trees/F39252_TREG_G1/F39252_TREG_G1.mldist

Ultrafast bootstrap approximation results written to:
  Split support values:          ../results/molecular_evolution_analyses/phylogenetic_trees/F39252_TREG_G1/F39252_TREG_G1.splits.nex
  Consensus tree:                ../results/molecular_evolution_analyses/phylogenetic_trees/F39252_TREG_G1/F39252_TREG_G1.contree
  Screen log file:               ../results/molecular_evolution_analyses/phylogenetic_trees/F39252_TREG_G1/F39252_TREG_G1.log

Date and Time: Thu Mar 28 11:21:16 2024
