IQ-TREE multicore version 2.2.2.6 COVID-edition for Linux 64-bit built May 27 2023
Developed by Bui Quang Minh, James Barbetti, Nguyen Lam Tung,
Olga Chernomor, Heiko Schmidt, Dominik Schrempf, Michael Woodhams, Ly Trong Nhan.

Host:    lbc5 (AVX2, FMA3, 125 GB RAM)
Command: /home/mauricio/mauricio_PROGRAMAS/iqtree-2.2.2.6-Linux/bin/iqtree2 -s ../results/molecular_evolution_analyses/alignments_gblocks/F128820_MLIG_G1/F128820_MLIG_G1.aln.gblo -m TEST --threads-max 32 --alrt 1000 --ufboot 1000 --prefix ../results/molecular_evolution_analyses/phylogenetic_trees/F128820_MLIG_G1/F128820_MLIG_G1 -keep-ident -redo
Seed:    984764 (Using SPRNG - Scalable Parallel Random Number Generator)
Time:    Wed May  1 10:37:26 2024
Kernel:  AVX+FMA - 1 threads (32 CPU cores detected)

HINT: Use -nt option to specify number of threads because your CPU has 32 cores!
HINT: -nt AUTO will automatically determine the best number of threads to use.

Reading alignment file ../results/molecular_evolution_analyses/alignments_gblocks/F128820_MLIG_G1/F128820_MLIG_G1.aln.gblo ... Fasta format detected
Reading fasta file: done in 9.48906e-05 secs using 99.06% CPU
Alignment most likely contains protein sequences
Constructing alignment: done in 0.000334978 secs using 100% CPU
Alignment has 8 sequences with 331 columns, 123 distinct patterns
128 parsimony-informative, 2 singleton sites, 201 constant sites
            Gap/Ambiguity  Composition  p-value
Analyzing sequences: done in 1.00136e-05 secs using 99.86% CPU
   1  Mlig.7966     0.00%    passed     99.54%
   2  Mlig.9628     0.00%    passed     99.54%
   3  Mlig.30730    0.00%    passed     99.69%
   4  Mlig.45514    0.00%    passed     99.96%
   5  Mlig.46272    0.00%    passed     99.96%
   6  Mlig.46273    0.00%    passed     99.96%
   7  Mlig.18732    0.00%    passed     99.81%
   8  Mlig.20334    0.00%    passed     99.54%
****  TOTAL         0.00%  0 sequences failed composition chi2 test (p-value<5%; df=19)


Create initial parsimony tree by phylogenetic likelihood library (PLL)... 0.000 seconds
Perform fast likelihood tree search using LG+I+G model...
Estimate model parameters (epsilon = 5.000)
Perform nearest neighbor interchange...
Optimizing NNI: done in 0.00574589 secs using 99.98% CPU
Estimate model parameters (epsilon = 1.000)
1. Initial log-likelihood: -1695.785
Optimal log-likelihood: -1695.783
Proportion of invariable sites: 0.309
Gamma shape alpha: 998.330
Parameters optimization took 1 rounds (0.007 sec)
Time for fast ML tree search: 0.029 seconds

NOTE: ModelFinder requires 1 MB RAM!
ModelFinder will test up to 224 protein models (sample size: 331) ...
 No. Model         -LnL         df  AIC          AICc         BIC
  1  LG            1699.490     13  3424.979     3426.127     3474.407
  2  LG+I          1695.772     14  3419.544     3420.873     3472.773
  3  LG+G4         1696.265     14  3420.530     3421.859     3473.760
  4  LG+I+G4       1695.781     15  3421.562     3423.086     3478.594
  5  LG+F          1683.980     32  3431.960     3439.047     3553.628
  6  LG+F+I        1680.348     33  3426.696     3434.252     3552.166
  7  LG+F+G4       1680.720     33  3427.439     3434.995     3552.909
  8  LG+F+I+G4     1680.360     34  3428.719     3436.760     3557.991
  9  WAG           1723.189     13  3472.379     3473.527     3521.806
 10  WAG+I         1721.274     14  3470.549     3471.878     3523.778
 11  WAG+G4        1721.567     14  3471.133     3472.462     3524.363
 12  WAG+I+G4      1721.524     15  3473.047     3474.571     3530.079
 13  WAG+F         1695.735     32  3455.470     3462.557     3577.138
 14  WAG+F+I       1693.235     33  3452.471     3460.026     3577.941
 15  WAG+F+G4      1693.466     33  3452.931     3460.487     3578.401
 16  WAG+F+I+G4    1693.377     34  3454.754     3462.795     3584.026
 17  JTT           1703.070     13  3432.141     3433.289     3481.568
 18  JTT+I         1700.201     14  3428.401     3429.730     3481.631
 19  JTT+G4        1700.579     14  3429.158     3430.487     3482.388
 20  JTT+I+G4      1700.290     15  3430.580     3432.104     3487.612
 21  JTT+F         1677.634     32  3419.268     3426.355     3540.936
 22  JTT+F+I       1674.440     33  3414.880     3422.436     3540.350
 23  JTT+F+G4      1674.769     33  3415.538     3423.094     3541.008
 24  JTT+F+I+G4    1674.479     34  3416.959     3424.999     3546.231
WARNING: Normalizing state frequencies so that sum of them equals to 1
 25  Q.pfam        1705.875     13  3437.750     3438.898     3487.178
WARNING: Normalizing state frequencies so that sum of them equals to 1
 26  Q.pfam+I      1702.297     14  3432.595     3433.924     3485.824
WARNING: Normalizing state frequencies so that sum of them equals to 1
 27  Q.pfam+G4     1702.758     14  3433.516     3434.845     3486.745
WARNING: Normalizing state frequencies so that sum of them equals to 1
 28  Q.pfam+I+G4   1702.315     15  3434.630     3436.153     3491.661
WARNING: Normalizing state frequencies so that sum of them equals to 1
 29  Q.pfam+F      1688.605     32  3441.211     3448.298     3562.878
WARNING: Normalizing state frequencies so that sum of them equals to 1
 30  Q.pfam+F+I    1684.900     33  3435.800     3443.356     3561.270
WARNING: Normalizing state frequencies so that sum of them equals to 1
 31  Q.pfam+F+G4   1685.236     33  3436.472     3444.028     3561.942
WARNING: Normalizing state frequencies so that sum of them equals to 1
 32  Q.pfam+F+I+G4 1684.910     34  3437.820     3445.860     3567.092
WARNING: Normalizing state frequencies so that sum of them equals to 1
 33  Q.bird        1711.425     13  3448.849     3449.997     3498.277
WARNING: Normalizing state frequencies so that sum of them equals to 1
 34  Q.bird+I      1703.239     14  3434.477     3435.806     3487.707
WARNING: Normalizing state frequencies so that sum of them equals to 1
 35  Q.bird+G4     1702.973     14  3433.946     3435.275     3487.176
WARNING: Normalizing state frequencies so that sum of them equals to 1
 36  Q.bird+I+G4   1703.064     15  3436.128     3437.651     3493.159
WARNING: Normalizing state frequencies so that sum of them equals to 1
 37  Q.bird+F      1688.951     32  3441.902     3448.989     3563.570
WARNING: Normalizing state frequencies so that sum of them equals to 1
 38  Q.bird+F+I    1680.542     33  3427.084     3434.639     3552.554
WARNING: Normalizing state frequencies so that sum of them equals to 1
 39  Q.bird+F+G4   1680.145     33  3426.290     3433.846     3551.760
WARNING: Normalizing state frequencies so that sum of them equals to 1
 40  Q.bird+F+I+G4 1680.282     34  3428.564     3436.604     3557.836
WARNING: Normalizing state frequencies so that sum of them equals to 1
 41  Q.mammal      1708.243     13  3442.487     3443.635     3491.914
WARNING: Normalizing state frequencies so that sum of them equals to 1
 42  Q.mammal+I    1702.369     14  3432.738     3434.067     3485.968
WARNING: Normalizing state frequencies so that sum of them equals to 1
 43  Q.mammal+G4   1702.289     14  3432.579     3433.908     3485.809
WARNING: Normalizing state frequencies so that sum of them equals to 1
 44  Q.mammal+I+G4 1702.321     15  3434.642     3436.166     3491.674
WARNING: Normalizing state frequencies so that sum of them equals to 1
 45  Q.mammal+F    1685.280     32  3434.560     3441.647     3556.228
WARNING: Normalizing state frequencies so that sum of them equals to 1
 46  Q.mammal+F+I  1679.058     33  3424.116     3431.672     3549.586
WARNING: Normalizing state frequencies so that sum of them equals to 1
 47  Q.mammal+F+G4 1678.880     33  3423.760     3431.316     3549.230
WARNING: Normalizing state frequencies so that sum of them equals to 1
 48  Q.mammal+F+I+G4 1678.961     34  3425.921     3433.962     3555.194
 49  Q.insect      1685.634     13  3397.267     3398.416     3446.695
 50  Q.insect+I    1681.060     14  3390.120     3391.449     3443.349
 51  Q.insect+G4   1681.667     14  3391.335     3392.664     3444.564
 52  Q.insect+I+G4 1681.071     15  3392.143     3393.667     3449.175
 53  Q.insect+F    1672.101     32  3408.202     3415.289     3529.870
 54  Q.insect+F+I  1667.914     33  3401.827     3409.383     3527.297
 55  Q.insect+F+G4 1668.451     33  3402.902     3410.457     3528.372
 56  Q.insect+F+I+G4 1667.916     34  3403.833     3411.873     3533.105
WARNING: Normalizing state frequencies so that sum of them equals to 1
 57  Q.plant       1690.735     13  3407.471     3408.619     3456.898
WARNING: Normalizing state frequencies so that sum of them equals to 1
 58  Q.plant+I     1684.574     14  3397.148     3398.477     3450.377
WARNING: Normalizing state frequencies so that sum of them equals to 1
 59  Q.plant+G4    1684.857     14  3397.714     3399.043     3450.943
WARNING: Normalizing state frequencies so that sum of them equals to 1
 60  Q.plant+I+G4  1684.607     15  3399.214     3400.737     3456.245
WARNING: Normalizing state frequencies so that sum of them equals to 1
 61  Q.plant+F     1674.461     32  3412.922     3420.009     3534.590
WARNING: Normalizing state frequencies so that sum of them equals to 1
 62  Q.plant+F+I   1668.312     33  3402.623     3410.179     3528.093
WARNING: Normalizing state frequencies so that sum of them equals to 1
 63  Q.plant+F+G4  1668.430     33  3402.860     3410.416     3528.330
WARNING: Normalizing state frequencies so that sum of them equals to 1
 64  Q.plant+F+I+G4 1668.300     34  3404.601     3412.641     3533.873
WARNING: Normalizing state frequencies so that sum of them equals to 1
 65  Q.yeast       1698.515     13  3423.030     3424.179     3472.458
WARNING: Normalizing state frequencies so that sum of them equals to 1
 66  Q.yeast+I     1694.099     14  3416.199     3417.528     3469.428
WARNING: Normalizing state frequencies so that sum of them equals to 1
 67  Q.yeast+G4    1694.777     14  3417.554     3418.884     3470.784
WARNING: Normalizing state frequencies so that sum of them equals to 1
 68  Q.yeast+I+G4  1694.102     15  3418.204     3419.728     3475.236
WARNING: Normalizing state frequencies so that sum of them equals to 1
 69  Q.yeast+F     1677.669     32  3419.338     3426.426     3541.006
WARNING: Normalizing state frequencies so that sum of them equals to 1
 70  Q.yeast+F+I   1673.753     33  3413.506     3421.062     3538.976
WARNING: Normalizing state frequencies so that sum of them equals to 1
 71  Q.yeast+F+G4  1674.274     33  3414.549     3422.104     3540.019
WARNING: Normalizing state frequencies so that sum of them equals to 1
 72  Q.yeast+F+I+G4 1673.756     34  3415.513     3423.553     3544.785
 73  JTTDCMut      1702.891     13  3431.781     3432.929     3481.209
 74  JTTDCMut+I    1700.141     14  3428.283     3429.612     3481.512
 75  JTTDCMut+G4   1700.521     14  3429.042     3430.371     3482.272
 76  JTTDCMut+I+G4 1700.230     15  3430.460     3431.984     3487.492
 77  JTTDCMut+F    1677.225     32  3418.449     3425.537     3540.117
 78  JTTDCMut+F+I  1674.112     33  3414.225     3421.780     3539.695
 79  JTTDCMut+F+G4 1674.444     33  3414.887     3422.443     3540.357
 80  JTTDCMut+F+I+G4 1674.151     34  3416.302     3424.342     3545.574
 81  DCMut         1724.968     13  3475.937     3477.085     3525.364
 82  DCMut+I       1721.774     14  3471.549     3472.878     3524.778
 83  DCMut+G4      1722.123     14  3472.246     3473.575     3525.475
 84  DCMut+I+G4    1721.867     15  3473.734     3475.258     3530.766
 85  DCMut+F       1690.543     32  3445.085     3452.172     3566.753
 86  DCMut+F+I     1686.348     33  3438.696     3446.252     3564.166
 87  DCMut+F+G4    1686.562     33  3439.125     3446.681     3564.595
 88  DCMut+F+I+G4  1686.356     34  3440.713     3448.753     3569.985
 89  VT            1718.395     13  3462.790     3463.938     3512.218
 90  VT+I          1716.578     14  3461.157     3462.486     3514.386
 91  VT+G4         1717.034     14  3462.069     3463.398     3515.299
 92  VT+I+G4       1716.830     15  3463.660     3465.184     3520.692
 93  VT+F          1697.600     32  3459.201     3466.288     3580.869
 94  VT+F+I        1695.666     33  3457.332     3464.888     3582.802
 95  VT+F+G4       1696.088     33  3458.177     3465.732     3583.647
 96  VT+F+I+G4     1695.883     34  3459.766     3467.807     3589.038
 97  PMB           1741.509     13  3509.018     3510.166     3558.445
 98  PMB+I         1739.357     14  3506.715     3508.044     3559.944
 99  PMB+G4        1739.728     14  3507.456     3508.785     3560.686
100  PMB+I+G4      1739.512     15  3509.023     3510.547     3566.055
101  PMB+F         1716.708     32  3497.415     3504.503     3619.083
102  PMB+F+I       1714.632     33  3495.265     3502.820     3620.735
103  PMB+F+G4      1714.875     33  3495.750     3503.305     3621.220
104  PMB+F+I+G4    1714.809     34  3497.618     3505.658     3626.890
105  Blosum62      1736.476     13  3498.952     3500.101     3548.380
106  Blosum62+I    1734.385     14  3496.769     3498.098     3549.999
107  Blosum62+G4   1734.774     14  3497.547     3498.876     3550.777
108  Blosum62+I+G4 1734.562     15  3499.123     3500.647     3556.155
109  Blosum62+F    1715.468     32  3494.937     3502.024     3616.605
110  Blosum62+F+I  1713.456     33  3492.911     3500.467     3618.381
111  Blosum62+F+G4 1713.738     33  3493.476     3501.032     3618.946
112  Blosum62+F+I+G4 1713.658     34  3495.316     3503.356     3624.588
113  Dayhoff       1724.784     13  3475.568     3476.717     3524.996
114  Dayhoff+I     1721.571     14  3471.141     3472.471     3524.371
115  Dayhoff+G4    1721.911     14  3471.823     3473.152     3525.052
116  Dayhoff+I+G4  1721.662     15  3473.323     3474.847     3530.355
117  Dayhoff+F     1690.395     32  3444.789     3451.876     3566.457
118  Dayhoff+F+I   1686.172     33  3438.344     3445.899     3563.814
119  Dayhoff+F+G4  1686.377     33  3438.753     3446.309     3564.223
120  Dayhoff+F+I+G4 1686.179     34  3440.359     3448.399     3569.631
121  mtREV         1841.910     13  3709.820     3710.968     3759.248
122  mtREV+I       1829.688     14  3687.376     3688.705     3740.605
123  mtREV+G4      1828.356     14  3684.711     3686.040     3737.941
124  mtREV+I+G4    1828.679     15  3687.358     3688.882     3744.390
125  mtREV+F       1712.157     32  3488.315     3495.402     3609.983
126  mtREV+F+I     1704.111     33  3474.223     3481.778     3599.693
127  mtREV+F+G4    1703.623     33  3473.247     3480.802     3598.717
128  mtREV+F+I+G4  1703.810     34  3475.619     3483.660     3604.891
129  mtART         1868.095     13  3762.189     3763.337     3811.617
130  mtART+I       1839.485     14  3706.969     3708.299     3760.199
131  mtART+G4      1833.837     14  3695.674     3697.003     3748.903
132  mtART+I+G4    1834.384     15  3698.768     3700.292     3755.800
133  mtART+F       1721.627     32  3507.255     3514.342     3628.923
134  mtART+F+I     1707.249     33  3480.498     3488.054     3605.968
135  mtART+F+G4    1704.188     33  3474.376     3481.932     3599.846
136  mtART+F+I+G4  1704.712     34  3477.423     3485.464     3606.695
137  mtZOA         1820.447     13  3666.894     3668.043     3716.322
138  mtZOA+I       1803.634     14  3635.268     3636.597     3688.498
139  mtZOA+G4      1801.550     14  3631.099     3632.428     3684.329
140  mtZOA+I+G4    1801.900     15  3633.800     3635.324     3690.832
141  mtZOA+F       1694.653     32  3453.305     3460.393     3574.973
142  mtZOA+F+I     1686.509     33  3439.018     3446.574     3564.488
143  mtZOA+F+G4    1685.932     33  3437.865     3445.420     3563.334
144  mtZOA+F+I+G4  1686.148     34  3440.297     3448.337     3569.569
145  mtMet         1842.581     13  3711.162     3712.311     3760.590
146  mtMet+I       1827.792     14  3683.585     3684.914     3736.815
147  mtMet+G4      1827.008     14  3682.017     3683.346     3735.247
148  mtMet+I+G4    1827.118     15  3684.237     3685.761     3741.269
149  mtMet+F       1699.276     32  3462.552     3469.639     3584.219
150  mtMet+F+I     1691.467     33  3448.934     3456.489     3574.404
151  mtMet+F+G4    1691.434     33  3448.867     3456.423     3574.337
152  mtMet+F+I+G4  1691.386     34  3450.773     3458.813     3580.045
153  mtVer         1863.252     13  3752.503     3753.651     3801.931
154  mtVer+I       1844.264     14  3716.527     3717.856     3769.757
155  mtVer+G4      1842.036     14  3712.072     3713.401     3765.301
156  mtVer+I+G4    1842.351     15  3714.702     3716.226     3771.734
157  mtVer+F       1720.216     32  3504.433     3511.520     3626.100
158  mtVer+F+I     1708.102     33  3482.203     3489.759     3607.673
159  mtVer+F+G4    1707.168     33  3480.335     3487.891     3605.805
160  mtVer+F+I+G4  1707.352     34  3482.704     3490.745     3611.976
161  mtInv         1859.701     13  3745.402     3746.550     3794.830
162  mtInv+I       1847.694     14  3723.388     3724.717     3776.618
163  mtInv+G4      1847.529     14  3723.059     3724.388     3776.288
164  mtInv+I+G4    1847.493     15  3724.987     3726.511     3782.018
165  mtInv+F       1692.417     32  3448.834     3455.921     3570.501
166  mtInv+F+I     1686.838     33  3439.676     3447.231     3565.146
167  mtInv+F+G4    1686.952     33  3439.903     3447.459     3565.373
168  mtInv+F+I+G4  1686.832     34  3441.664     3449.704     3570.936
169  mtMAM         1876.118     13  3778.235     3779.383     3827.663
170  mtMAM+I       1845.391     14  3718.782     3720.111     3772.011
171  mtMAM+G4      1839.058     14  3706.116     3707.445     3759.345
172  mtMAM+I+G4    1839.643     15  3709.286     3710.810     3766.318
173  mtMAM+F       1734.227     32  3532.454     3539.541     3654.121
174  mtMAM+F+I     1715.435     33  3496.870     3504.426     3622.340
175  mtMAM+F+G4    1713.099     33  3492.198     3499.754     3617.668
176  mtMAM+F+I+G4  1713.334     34  3494.669     3502.709     3623.941
WARNING: Normalizing state frequencies so that sum of them equals to 1
177  FLAVI         1750.868     13  3527.737     3528.885     3577.164
WARNING: Normalizing state frequencies so that sum of them equals to 1
178  FLAVI+I       1736.924     14  3501.848     3503.177     3555.077
WARNING: Normalizing state frequencies so that sum of them equals to 1
179  FLAVI+G4      1735.125     14  3498.251     3499.580     3551.481
WARNING: Normalizing state frequencies so that sum of them equals to 1
180  FLAVI+I+G4    1735.530     15  3501.061     3502.584     3558.092
WARNING: Normalizing state frequencies so that sum of them equals to 1
181  FLAVI+F       1707.056     32  3478.112     3485.200     3599.780
WARNING: Normalizing state frequencies so that sum of them equals to 1
182  FLAVI+F+I     1691.537     33  3449.074     3456.629     3574.544
WARNING: Normalizing state frequencies so that sum of them equals to 1
183  FLAVI+F+G4    1690.119     33  3446.237     3453.793     3571.707
WARNING: Normalizing state frequencies so that sum of them equals to 1
184  FLAVI+F+I+G4  1690.380     34  3448.761     3456.801     3578.033
185  HIVb          1733.684     13  3493.368     3494.517     3542.796
186  HIVb+I        1723.907     14  3475.813     3477.143     3529.043
187  HIVb+G4       1722.963     14  3473.926     3475.255     3527.156
188  HIVb+I+G4     1723.318     15  3476.637     3478.161     3533.669
189  HIVb+F        1703.193     32  3470.387     3477.474     3592.054
190  HIVb+F+I      1692.323     33  3450.646     3458.202     3576.116
191  HIVb+F+G4     1691.402     33  3448.805     3456.360     3574.275
192  HIVb+F+I+G4   1691.684     34  3451.368     3459.408     3580.640
193  HIVw          1792.120     13  3610.240     3611.388     3659.668
194  HIVw+I        1782.824     14  3593.649     3594.978     3646.879
195  HIVw+G4       1780.561     14  3589.122     3590.451     3642.352
196  HIVw+I+G4     1781.333     15  3592.667     3594.190     3649.698
197  HIVw+F        1720.415     32  3504.830     3511.917     3626.498
198  HIVw+F+I      1709.804     33  3485.608     3493.163     3611.078
199  HIVw+F+G4     1708.352     33  3482.705     3490.260     3608.175
200  HIVw+F+I+G4   1708.806     34  3485.612     3493.653     3614.884
201  FLU           1748.863     13  3523.726     3524.874     3573.153
202  FLU+I         1740.349     14  3508.699     3510.028     3561.928
203  FLU+G4        1739.438     14  3506.877     3508.206     3560.106
204  FLU+I+G4      1739.821     15  3509.641     3511.165     3566.673
205  FLU+F         1706.995     32  3477.990     3485.077     3599.658
206  FLU+F+I       1697.263     33  3460.526     3468.082     3585.996
207  FLU+F+G4      1696.077     33  3458.154     3465.710     3583.624
208  FLU+F+I+G4    1696.480     34  3460.960     3469.001     3590.232
209  rtREV         1728.200     13  3482.399     3483.548     3531.827
210  rtREV+I       1725.283     14  3478.566     3479.895     3531.796
211  rtREV+G4      1725.805     14  3479.611     3480.940     3532.840
212  rtREV+I+G4    1725.360     15  3480.720     3482.244     3537.752
213  rtREV+F       1688.613     32  3441.225     3448.312     3562.893
214  rtREV+F+I     1685.108     33  3436.216     3443.772     3561.686
215  rtREV+F+G4    1685.593     33  3437.186     3444.742     3562.656
216  rtREV+F+I+G4  1685.128     34  3438.255     3446.296     3567.527
217  cpREV         1725.796     13  3477.593     3478.741     3527.020
218  cpREV+I       1722.362     14  3472.724     3474.053     3525.954
219  cpREV+G4      1722.504     14  3473.008     3474.337     3526.238
220  cpREV+I+G4    1722.395     15  3474.789     3476.313     3531.821
221  cpREV+F       1700.553     32  3465.106     3472.193     3586.774
222  cpREV+F+I     1696.610     33  3459.220     3466.776     3584.690
223  cpREV+F+G4    1696.529     33  3459.058     3466.613     3584.528
224  cpREV+F+I+G4  1696.625     34  3461.249     3469.290     3590.521
Akaike Information Criterion:           Q.insect+I
Corrected Akaike Information Criterion: Q.insect+I
Bayesian Information Criterion:         Q.insect+I
Best-fit model: Q.insect+I chosen according to BIC

All model information printed to ../results/molecular_evolution_analyses/phylogenetic_trees/F128820_MLIG_G1/F128820_MLIG_G1.model.gz
CPU time for ModelFinder: 2.321 seconds (0h:0m:2s)
Wall-clock time for ModelFinder: 2.322 seconds (0h:0m:2s)
Generating 1000 samples for ultrafast bootstrap (seed: 984764)...

NOTE: 0 MB RAM (0 GB) is required!
Estimate model parameters (epsilon = 0.100)
1. Initial log-likelihood: -1681.060
Optimal log-likelihood: -1681.060
Proportion of invariable sites: 0.321
Parameters optimization took 1 rounds (0.001 sec)
Wrote distance file to... 
Computing ML distances based on estimated model parameters...
Calculating distance matrix: done in 0.00139618 secs using 99.63% CPU
Computing ML distances took 0.001423 sec (of wall-clock time) 0.001418 sec (of CPU time)
Setting up auxiliary I and S matrices: done in 4.31538e-05 secs using 97.33% CPU
Constructing RapidNJ tree: done in 3.09944e-05 secs using 100% CPU
Computing RapidNJ tree took 0.000131 sec (of wall-clock time) 0.000130 sec (of CPU time)
Log-likelihood of RapidNJ tree: -1681.061
--------------------------------------------------------------------
|             INITIALIZING CANDIDATE TREE SET                      |
--------------------------------------------------------------------
Generating 98 parsimony trees... 0.025 second
Computing log-likelihood of 60 initial trees ... 0.026 seconds
Current best score: -1681.060

Do NNI search on 20 best initial trees
Optimizing NNI: done in 0.00197792 secs using 200% CPU
Estimate model parameters (epsilon = 0.100)
BETTER TREE FOUND at iteration 1: -1681.060
Optimizing NNI: done in 0.00197196 secs using 200% CPU
Optimizing NNI: done in 0.00360703 secs using 200% CPU
BETTER TREE FOUND at iteration 3: -1681.060
Optimizing NNI: done in 0.00361705 secs using 89% CPU
Optimizing NNI: done in 0.00362897 secs using 199.9% CPU
Optimizing NNI: done in 0.00362301 secs using 200% CPU
Optimizing NNI: done in 0.00362396 secs using 199.9% CPU
Optimizing NNI: done in 0.00361204 secs using 200% CPU
Optimizing NNI: done in 0.00356698 secs using 200% CPU
Optimizing NNI: done in 0.00562882 secs using 199.9% CPU
UPDATE BEST LOG-LIKELIHOOD: -1681.060
Iteration 10 / LogL: -1681.060 / Time: 0h:0m:0s
Optimizing NNI: done in 0.00566602 secs using 199.9% CPU
Optimizing NNI: done in 0.00569296 secs using 200% CPU
Optimizing NNI: done in 0.00570393 secs using 199.8% CPU
Optimizing NNI: done in 0.00737214 secs using 199.9% CPU
UPDATE BEST LOG-LIKELIHOOD: -1681.060
Optimizing NNI: done in 0.00736189 secs using 200% CPU
Optimizing NNI: done in 0.007375 secs using 199.9% CPU
Optimizing NNI: done in 0.00739479 secs using 200% CPU
Optimizing NNI: done in 0.00740409 secs using 199.9% CPU
Optimizing NNI: done in 0.00911498 secs using 199.9% CPU
Optimizing NNI: done in 0.009058 secs using 199.9% CPU
Iteration 20 / LogL: -1681.060 / Time: 0h:0m:0s
Finish initializing candidate tree set (8)
Current best tree score: -1681.060 / CPU time: 0.166
Number of iterations: 20
--------------------------------------------------------------------
|               OPTIMIZING CANDIDATE TREE SET                      |
--------------------------------------------------------------------
Optimizing NNI: done in 0.0053122 secs using 200% CPU
Optimizing NNI: done in 0.00187397 secs using 200% CPU
UPDATE BEST LOG-LIKELIHOOD: -1681.060
Optimizing NNI: done in 0.00384498 secs using 199.9% CPU
UPDATE BEST LOG-LIKELIHOOD: -1681.060
Optimizing NNI: done in 0.00886893 secs using 199.9% CPU
Optimizing NNI: done in 0.00366592 secs using 100% CPU
Optimizing NNI: done in 0.00155401 secs using 100% CPU
Optimizing NNI: done in 0.00895715 secs using 99.96% CPU
Optimizing NNI: done in 0.00384712 secs using 99.92% CPU
Optimizing NNI: done in 0.00878906 secs using 99.98% CPU
Optimizing NNI: done in 0.00758195 secs using 99.96% CPU
Iteration 30 / LogL: -1681.060 / Time: 0h:0m:0s (0h:0m:0s left)
Optimizing NNI: done in 0.00191188 secs using 99.85% CPU
Optimizing NNI: done in 0.00377297 secs using 100% CPU
Optimizing NNI: done in 0.00159407 secs using 99.81% CPU
Optimizing NNI: done in 0.00557208 secs using 100% CPU
Optimizing NNI: done in 0.0068109 secs using 100% CPU
Optimizing NNI: done in 0.001863 secs using 100% CPU
Optimizing NNI: done in 0.00156689 secs using 100% CPU
Optimizing NNI: done in 0.0018909 secs using 100% CPU
Optimizing NNI: done in 0.00701094 secs using 99.97% CPU
Optimizing NNI: done in 0.00877881 secs using 99.99% CPU
Iteration 40 / LogL: -1681.061 / Time: 0h:0m:0s (0h:0m:0s left)
Optimizing NNI: done in 0.00688601 secs using 100% CPU
Optimizing NNI: done in 0.00158596 secs using 99.81% CPU
Optimizing NNI: done in 0.00686598 secs using 100% CPU
Optimizing NNI: done in 0.00371194 secs using 99.97% CPU
Optimizing NNI: done in 0.00528693 secs using 99.93% CPU
Optimizing NNI: done in 0.00187397 secs using 100.1% CPU
Optimizing NNI: done in 0.00689387 secs using 100% CPU
Optimizing NNI: done in 0.005373 secs using 99.96% CPU
Optimizing NNI: done in 0.00752902 secs using 99.96% CPU
Optimizing NNI: done in 0.00746703 secs using 99.96% CPU
Iteration 50 / LogL: -1681.060 / Time: 0h:0m:0s (0h:0m:0s left)
Log-likelihood cutoff on original alignment: -1695.911
Optimizing NNI: done in 0.00387406 secs using 99.87% CPU
Optimizing NNI: done in 0.00522208 secs using 100% CPU
Optimizing NNI: done in 0.0037539 secs using 100% CPU
Optimizing NNI: done in 0.00722885 secs using 99.96% CPU
Optimizing NNI: done in 0.00385809 secs using 99.89% CPU
Optimizing NNI: done in 0.00525904 secs using 100% CPU
Optimizing NNI: done in 0.00679994 secs using 100% CPU
Optimizing NNI: done in 0.001894 secs using 99.84% CPU
Optimizing NNI: done in 0.00377917 secs using 100% CPU
Optimizing NNI: done in 0.00349998 secs using 100% CPU
Iteration 60 / LogL: -1681.060 / Time: 0h:0m:0s (0h:0m:0s left)
Optimizing NNI: done in 0.00380611 secs using 99.94% CPU
Optimizing NNI: done in 0.00188494 secs using 100% CPU
Optimizing NNI: done in 0.00676298 secs using 100% CPU
Optimizing NNI: done in 0.00858498 secs using 99.97% CPU
Optimizing NNI: done in 0.00192308 secs using 100% CPU
Optimizing NNI: done in 0.00344205 secs using 99.97% CPU
Optimizing NNI: done in 0.00190687 secs using 100.1% CPU
Optimizing NNI: done in 0.00856495 secs using 99.97% CPU
Optimizing NNI: done in 0.00187492 secs using 100.1% CPU
Optimizing NNI: done in 0.00186515 secs using 99.99% CPU
Iteration 70 / LogL: -1681.060 / Time: 0h:0m:0s (0h:0m:0s left)
Optimizing NNI: done in 0.00188708 secs using 100% CPU
Optimizing NNI: done in 0.00524616 secs using 99.94% CPU
Optimizing NNI: done in 0.00761509 secs using 100% CPU
Optimizing NNI: done in 0.00342417 secs using 99.91% CPU
Optimizing NNI: done in 0.00685978 secs using 99.96% CPU
Optimizing NNI: done in 0.00344515 secs using 100% CPU
Optimizing NNI: done in 0.00862598 secs using 99.99% CPU
Optimizing NNI: done in 0.00342703 secs using 99.97% CPU
Optimizing NNI: done in 0.00679207 secs using 99.95% CPU
Optimizing NNI: done in 0.00188518 secs using 99.94% CPU
Iteration 80 / LogL: -1681.060 / Time: 0h:0m:0s (0h:0m:0s left)
Optimizing NNI: done in 0.00682306 secs using 99.98% CPU
Optimizing NNI: done in 0.00190687 secs using 99.9% CPU
Optimizing NNI: done in 0.00380087 secs using 99.98% CPU
Optimizing NNI: done in 0.00192904 secs using 99.84% CPU
Optimizing NNI: done in 0.00529099 secs using 100% CPU
Optimizing NNI: done in 0.00342584 secs using 99.95% CPU
Optimizing NNI: done in 0.00339007 secs using 99.91% CPU
Optimizing NNI: done in 0.00374198 secs using 100% CPU
Optimizing NNI: done in 0.00192904 secs using 99.84% CPU
Optimizing NNI: done in 0.00191903 secs using 100% CPU
Iteration 90 / LogL: -1681.060 / Time: 0h:0m:0s (0h:0m:0s left)
Optimizing NNI: done in 0.00684619 secs using 99.95% CPU
Optimizing NNI: done in 0.00527596 secs using 100% CPU
Optimizing NNI: done in 0.00688481 secs using 100% CPU
Optimizing NNI: done in 0.00682998 secs using 100% CPU
Optimizing NNI: done in 0.00369 secs using 100% CPU
Optimizing NNI: done in 0.00881696 secs using 99.97% CPU
Optimizing NNI: done in 0.00383997 secs using 99.97% CPU
Optimizing NNI: done in 0.0051868 secs using 99.95% CPU
Optimizing NNI: done in 0.00543714 secs using 99.96% CPU
Optimizing NNI: done in 0.00188708 secs using 100% CPU
Iteration 100 / LogL: -1681.060 / Time: 0h:0m:0s (0h:0m:0s left)
Log-likelihood cutoff on original alignment: -1695.910
NOTE: Bootstrap correlation coefficient of split occurrence frequencies: 0.984
NOTE: UFBoot does not converge, continue at least 100 more iterations
Optimizing NNI: done in 0.0078001 secs using 99.93% CPU
Optimizing NNI: done in 0.00191498 secs using 100% CPU
Optimizing NNI: done in 0.00702 secs using 99.99% CPU
Optimizing NNI: done in 0.00904894 secs using 99.96% CPU
Optimizing NNI: done in 0.00687313 secs using 99.95% CPU
Optimizing NNI: done in 0.00688696 secs using 99.97% CPU
Optimizing NNI: done in 0.00558496 secs using 99.96% CPU
Optimizing NNI: done in 0.00687695 secs using 99.94% CPU
Optimizing NNI: done in 0.00714779 secs using 99.96% CPU
Optimizing NNI: done in 0.00376105 secs using 100% CPU
Iteration 110 / LogL: -1681.060 / Time: 0h:0m:0s (0h:0m:0s left)
Optimizing NNI: done in 0.00380802 secs using 100% CPU
Optimizing NNI: done in 0.010308 secs using 100% CPU
Optimizing NNI: done in 0.00190091 secs using 100% CPU
Optimizing NNI: done in 0.00190687 secs using 99.85% CPU
Optimizing NNI: done in 0.00527406 secs using 100% CPU
Optimizing NNI: done in 0.00190902 secs using 99.95% CPU
Optimizing NNI: done in 0.00189209 secs using 100% CPU
Optimizing NNI: done in 0.00340199 secs using 99.91% CPU
Optimizing NNI: done in 0.00189281 secs using 99.96% CPU
Optimizing NNI: done in 0.00676298 secs using 99.97% CPU
Iteration 120 / LogL: -1681.060 / Time: 0h:0m:0s (0h:0m:0s left)
Optimizing NNI: done in 0.00373101 secs using 100% CPU
Optimizing NNI: done in 0.00524688 secs using 99.98% CPU
Optimizing NNI: done in 0.00365901 secs using 100% CPU
Optimizing NNI: done in 0.00187397 secs using 100% CPU
Optimizing NNI: done in 0.00848103 secs using 100% CPU
Optimizing NNI: done in 0.00693512 secs using 100% CPU
Optimizing NNI: done in 0.00860095 secs using 100% CPU
Optimizing NNI: done in 0.00338602 secs using 100% CPU
Optimizing NNI: done in 0.0071342 secs using 100% CPU
Optimizing NNI: done in 0.00339103 secs using 100% CPU
Iteration 130 / LogL: -1681.060 / Time: 0h:0m:1s (0h:0m:0s left)
Optimizing NNI: done in 0.00756502 secs using 99.96% CPU
Optimizing NNI: done in 0.00706697 secs using 99.96% CPU
Optimizing NNI: done in 0.0052371 secs using 100% CPU
Optimizing NNI: done in 0.00371003 secs using 100% CPU
Optimizing NNI: done in 0.00873184 secs using 99.97% CPU
Optimizing NNI: done in 0.00720716 secs using 99.96% CPU
Optimizing NNI: done in 0.00721312 secs using 99.96% CPU
Optimizing NNI: done in 0.00190997 secs using 99.9% CPU
Optimizing NNI: done in 0.00685501 secs using 100% CPU
Optimizing NNI: done in 0.00188708 secs using 100% CPU
Iteration 140 / LogL: -1681.060 / Time: 0h:0m:1s (0h:0m:0s left)
Optimizing NNI: done in 0.00339293 secs using 100% CPU
Optimizing NNI: done in 0.00190091 secs using 100% CPU
Optimizing NNI: done in 0.00342822 secs using 99.91% CPU
Optimizing NNI: done in 0.00686502 secs using 99.99% CPU
Optimizing NNI: done in 0.00753903 secs using 99.96% CPU
Optimizing NNI: done in 0.00190806 secs using 99.94% CPU
Optimizing NNI: done in 0.00383496 secs using 99.92% CPU
Optimizing NNI: done in 0.00857711 secs using 99.96% CPU
Optimizing NNI: done in 0.00530791 secs using 99.95% CPU
Optimizing NNI: done in 0.00550699 secs using 99.95% CPU
Iteration 150 / LogL: -1681.060 / Time: 0h:0m:1s (0h:0m:0s left)
Log-likelihood cutoff on original alignment: -1695.911
Optimizing NNI: done in 0.00373602 secs using 99.87% CPU
Optimizing NNI: done in 0.00874686 secs using 99.96% CPU
Optimizing NNI: done in 0.0037868 secs using 99.93% CPU
Optimizing NNI: done in 0.00524092 secs using 100% CPU
Optimizing NNI: done in 0.00374699 secs using 99.92% CPU
Optimizing NNI: done in 0.00381994 secs using 99.9% CPU
Optimizing NNI: done in 0.00531101 secs using 100% CPU
Optimizing NNI: done in 0.00530505 secs using 100% CPU
Optimizing NNI: done in 0.00697708 secs using 99.96% CPU
Optimizing NNI: done in 0.00376582 secs using 100% CPU
Iteration 160 / LogL: -1681.060 / Time: 0h:0m:1s (0h:0m:0s left)
Optimizing NNI: done in 0.00528502 secs using 99.94% CPU
Optimizing NNI: done in 0.0076561 secs using 99.96% CPU
Optimizing NNI: done in 0.00749493 secs using 99.97% CPU
Optimizing NNI: done in 0.00375199 secs using 99.97% CPU
Optimizing NNI: done in 0.00191689 secs using 99.9% CPU
Optimizing NNI: done in 0.00523901 secs using 100% CPU
Optimizing NNI: done in 0.00376415 secs using 100% CPU
Optimizing NNI: done in 0.00682807 secs using 99.96% CPU
Optimizing NNI: done in 0.00871491 secs using 99.97% CPU
Optimizing NNI: done in 0.00708604 secs using 99.99% CPU
Iteration 170 / LogL: -1681.060 / Time: 0h:0m:1s (0h:0m:0s left)
Optimizing NNI: done in 0.00384998 secs using 100% CPU
Optimizing NNI: done in 0.00528598 secs using 100% CPU
Optimizing NNI: done in 0.00189614 secs using 100% CPU
Optimizing NNI: done in 0.00383091 secs using 100% CPU
Optimizing NNI: done in 0.00679493 secs using 99.96% CPU
Optimizing NNI: done in 0.00190592 secs using 99.85% CPU
Optimizing NNI: done in 0.00685 secs using 100% CPU
Optimizing NNI: done in 0.00868702 secs using 99.98% CPU
Optimizing NNI: done in 0.00684881 secs using 99.96% CPU
Optimizing NNI: done in 0.0088439 secs using 99.96% CPU
Iteration 180 / LogL: -1681.061 / Time: 0h:0m:1s (0h:0m:0s left)
Optimizing NNI: done in 0.00380301 secs using 99.89% CPU
Optimizing NNI: done in 0.00522995 secs using 100% CPU
Optimizing NNI: done in 0.0106959 secs using 99.97% CPU
Optimizing NNI: done in 0.00186706 secs using 100% CPU
Optimizing NNI: done in 0.00705218 secs using 100% CPU
Optimizing NNI: done in 0.00527287 secs using 100% CPU
Optimizing NNI: done in 0.00686193 secs using 99.96% CPU
Optimizing NNI: done in 0.00191402 secs using 100% CPU
Optimizing NNI: done in 0.00866604 secs using 99.98% CPU
Optimizing NNI: done in 0.00694108 secs using 100% CPU
Iteration 190 / LogL: -1681.060 / Time: 0h:0m:1s (0h:0m:0s left)
Optimizing NNI: done in 0.00377893 secs using 99.98% CPU
Optimizing NNI: done in 0.00190091 secs using 100% CPU
Optimizing NNI: done in 0.00191712 secs using 99.99% CPU
Optimizing NNI: done in 0.00189495 secs using 100% CPU
Optimizing NNI: done in 0.006989 secs using 100% CPU
Optimizing NNI: done in 0.00704312 secs using 99.98% CPU
Optimizing NNI: done in 0.00690198 secs using 100% CPU
Optimizing NNI: done in 0.00374198 secs using 100% CPU
Optimizing NNI: done in 0.00555706 secs using 99.94% CPU
Optimizing NNI: done in 0.00188899 secs using 100% CPU
Iteration 200 / LogL: -1681.060 / Time: 0h:0m:1s (0h:0m:0s left)
Log-likelihood cutoff on original alignment: -1695.974
NOTE: Bootstrap correlation coefficient of split occurrence frequencies: 0.979
NOTE: UFBoot does not converge, continue at least 100 more iterations
Optimizing NNI: done in 0.00713992 secs using 99.97% CPU
Optimizing NNI: done in 0.0018971 secs using 99.94% CPU
Optimizing NNI: done in 0.00956583 secs using 99.97% CPU
Optimizing NNI: done in 0.00374103 secs using 99.92% CPU
Optimizing NNI: done in 0.00871015 secs using 99.96% CPU
Optimizing NNI: done in 0.00336504 secs using 99.91% CPU
Optimizing NNI: done in 0.00373983 secs using 100% CPU
Optimizing NNI: done in 0.007231 secs using 99.96% CPU
Optimizing NNI: done in 0.00690699 secs using 99.96% CPU
Optimizing NNI: done in 0.00884199 secs using 99.97% CPU
Iteration 210 / LogL: -1681.060 / Time: 0h:0m:1s (0h:0m:0s left)
Optimizing NNI: done in 0.00191402 secs using 100% CPU
Optimizing NNI: done in 0.00685 secs using 99.96% CPU
Optimizing NNI: done in 0.0036912 secs using 99.97% CPU
Optimizing NNI: done in 0.00186205 secs using 99.94% CPU
Optimizing NNI: done in 0.007128 secs using 100% CPU
Optimizing NNI: done in 0.00861788 secs using 99.97% CPU
Optimizing NNI: done in 0.00189114 secs using 99.83% CPU
Optimizing NNI: done in 0.00682497 secs using 100% CPU
Optimizing NNI: done in 0.00366998 secs using 100% CPU
Optimizing NNI: done in 0.00188994 secs using 100.1% CPU
Iteration 220 / LogL: -1681.060 / Time: 0h:0m:1s (0h:0m:0s left)
Optimizing NNI: done in 0.00188994 secs using 100% CPU
Optimizing NNI: done in 0.00372791 secs using 100% CPU
Optimizing NNI: done in 0.00375605 secs using 99.95% CPU
Optimizing NNI: done in 0.00685096 secs using 99.99% CPU
Optimizing NNI: done in 0.00190187 secs using 100% CPU
Optimizing NNI: done in 0.0018959 secs using 99.95% CPU
Optimizing NNI: done in 0.00877595 secs using 99.97% CPU
Optimizing NNI: done in 0.00685978 secs using 99.96% CPU
Optimizing NNI: done in 0.008605 secs using 99.97% CPU
Optimizing NNI: done in 0.00687504 secs using 99.97% CPU
Iteration 230 / LogL: -1681.060 / Time: 0h:0m:1s (0h:0m:0s left)
Optimizing NNI: done in 0.00527906 secs using 99.94% CPU
Optimizing NNI: done in 0.00685501 secs using 99.96% CPU
Optimizing NNI: done in 0.00686502 secs using 99.96% CPU
Optimizing NNI: done in 0.00187111 secs using 99.94% CPU
Optimizing NNI: done in 0.00516701 secs using 100% CPU
Optimizing NNI: done in 0.00682187 secs using 99.96% CPU
Optimizing NNI: done in 0.00374198 secs using 99.97% CPU
Optimizing NNI: done in 0.00685096 secs using 99.96% CPU
Optimizing NNI: done in 0.00189304 secs using 100% CPU
Optimizing NNI: done in 0.0018909 secs using 100% CPU
Iteration 240 / LogL: -1681.060 / Time: 0h:0m:1s (0h:0m:0s left)
Optimizing NNI: done in 0.00186682 secs using 100% CPU
Optimizing NNI: done in 0.00378299 secs using 99.92% CPU
Optimizing NNI: done in 0.00714707 secs using 99.96% CPU
Optimizing NNI: done in 0.0018878 secs using 100% CPU
Optimizing NNI: done in 0.00340295 secs using 100% CPU
Optimizing NNI: done in 0.00691509 secs using 99.96% CPU
Optimizing NNI: done in 0.00190711 secs using 99.99% CPU
Optimizing NNI: done in 0.00879812 secs using 100% CPU
Optimizing NNI: done in 0.00376201 secs using 100% CPU
Optimizing NNI: done in 0.0018971 secs using 99.99% CPU
Iteration 250 / LogL: -1681.060 / Time: 0h:0m:2s (0h:0m:0s left)
Log-likelihood cutoff on original alignment: -1695.987
Optimizing NNI: done in 0.00713801 secs using 99.96% CPU
Optimizing NNI: done in 0.00389099 secs using 100% CPU
Optimizing NNI: done in 0.00692296 secs using 100% CPU
Optimizing NNI: done in 0.00187993 secs using 99.79% CPU
Optimizing NNI: done in 0.00373483 secs using 100% CPU
Optimizing NNI: done in 0.00866199 secs using 99.97% CPU
Optimizing NNI: done in 0.00686598 secs using 99.96% CPU
Optimizing NNI: done in 0.00524998 secs using 99.96% CPU
Optimizing NNI: done in 0.00712895 secs using 99.97% CPU
Optimizing NNI: done in 0.00375986 secs using 100% CPU
Iteration 260 / LogL: -1681.060 / Time: 0h:0m:2s (0h:0m:0s left)
Optimizing NNI: done in 0.010433 secs using 99.97% CPU
Optimizing NNI: done in 0.00345087 secs using 99.97% CPU
Optimizing NNI: done in 0.00374389 secs using 99.9% CPU
Optimizing NNI: done in 0.00682712 secs using 99.95% CPU
Optimizing NNI: done in 0.00908589 secs using 99.96% CPU
Optimizing NNI: done in 0.0018692 secs using 99.83% CPU
Optimizing NNI: done in 0.00678992 secs using 99.94% CPU
Optimizing NNI: done in 0.00381899 secs using 99.97% CPU
Optimizing NNI: done in 0.00878286 secs using 99.93% CPU
Optimizing NNI: done in 0.00373888 secs using 100% CPU
Iteration 270 / LogL: -1681.060 / Time: 0h:0m:2s (0h:0m:0s left)
Optimizing NNI: done in 0.00760889 secs using 99.96% CPU
Optimizing NNI: done in 0.00192213 secs using 99.99% CPU
Optimizing NNI: done in 0.0033679 secs using 99.97% CPU
Optimizing NNI: done in 0.00373101 secs using 99.92% CPU
Optimizing NNI: done in 0.00678396 secs using 100% CPU
Optimizing NNI: done in 0.007025 secs using 100% CPU
Optimizing NNI: done in 0.00385499 secs using 99.92% CPU
Optimizing NNI: done in 0.00377011 secs using 99.92% CPU
Optimizing NNI: done in 0.0018959 secs using 100% CPU
Optimizing NNI: done in 0.00688601 secs using 99.97% CPU
Iteration 280 / LogL: -1681.060 / Time: 0h:0m:2s (0h:0m:0s left)
Optimizing NNI: done in 0.0068891 secs using 99.95% CPU
Optimizing NNI: done in 0.00190592 secs using 100.1% CPU
Optimizing NNI: done in 0.00528789 secs using 100% CPU
Optimizing NNI: done in 0.00377083 secs using 99.92% CPU
Optimizing NNI: done in 0.001899 secs using 100% CPU
Optimizing NNI: done in 0.0104918 secs using 99.98% CPU
Optimizing NNI: done in 0.010392 secs using 100% CPU
Optimizing NNI: done in 0.00188708 secs using 100% CPU
Optimizing NNI: done in 0.00872898 secs using 99.95% CPU
Optimizing NNI: done in 0.00188494 secs using 100.1% CPU
Iteration 290 / LogL: -1681.060 / Time: 0h:0m:2s (0h:0m:0s left)
Optimizing NNI: done in 0.00862503 secs using 100% CPU
Optimizing NNI: done in 0.00374007 secs using 100% CPU
Optimizing NNI: done in 0.00527382 secs using 99.95% CPU
Optimizing NNI: done in 0.00711203 secs using 99.97% CPU
Optimizing NNI: done in 0.01035 secs using 99.97% CPU
Optimizing NNI: done in 0.00189996 secs using 100% CPU
Optimizing NNI: done in 0.00344801 secs using 99.91% CPU
Optimizing NNI: done in 0.00367808 secs using 99.94% CPU
Optimizing NNI: done in 0.00892711 secs using 99.99% CPU
Optimizing NNI: done in 0.00687289 secs using 100% CPU
Iteration 300 / LogL: -1681.060 / Time: 0h:0m:2s (0h:0m:0s left)
Log-likelihood cutoff on original alignment: -1695.910
NOTE: Bootstrap correlation coefficient of split occurrence frequencies: 0.992
TREE SEARCH COMPLETED AFTER 300 ITERATIONS / Time: 0h:0m:2s

--------------------------------------------------------------------
|                    FINALIZING TREE SEARCH                        |
--------------------------------------------------------------------
Performs final model parameters optimization
Estimate model parameters (epsilon = 0.010)
1. Initial log-likelihood: -1681.060
Optimal log-likelihood: -1681.060
Proportion of invariable sites: 0.321
Parameters optimization took 1 rounds (0.001 sec)
BEST SCORE FOUND : -1681.060

Testing tree branches by SH-like aLRT with 1000 replicates...
0.036 sec.
Creating bootstrap support values...
Split supports printed to NEXUS file ../results/molecular_evolution_analyses/phylogenetic_trees/F128820_MLIG_G1/F128820_MLIG_G1.splits.nex
Total tree length: 0.652

Total number of iterations: 300
CPU time used for tree search: 2.657 sec (0h:0m:2s)
Wall-clock time used for tree search: 2.467 sec (0h:0m:2s)
Total CPU time used: 2.727 sec (0h:0m:2s)
Total wall-clock time used: 2.535 sec (0h:0m:2s)

Computing bootstrap consensus tree...
Reading input file ../results/molecular_evolution_analyses/phylogenetic_trees/F128820_MLIG_G1/F128820_MLIG_G1.splits.nex...
8 taxa and 18 splits.
Consensus tree written to ../results/molecular_evolution_analyses/phylogenetic_trees/F128820_MLIG_G1/F128820_MLIG_G1.contree
Reading input trees file ../results/molecular_evolution_analyses/phylogenetic_trees/F128820_MLIG_G1/F128820_MLIG_G1.contree
Log-likelihood of consensus tree: -1681.064

Analysis results written to: 
  IQ-TREE report:                ../results/molecular_evolution_analyses/phylogenetic_trees/F128820_MLIG_G1/F128820_MLIG_G1.iqtree
  Maximum-likelihood tree:       ../results/molecular_evolution_analyses/phylogenetic_trees/F128820_MLIG_G1/F128820_MLIG_G1.treefile
  Likelihood distances:          ../results/molecular_evolution_analyses/phylogenetic_trees/F128820_MLIG_G1/F128820_MLIG_G1.mldist

Ultrafast bootstrap approximation results written to:
  Split support values:          ../results/molecular_evolution_analyses/phylogenetic_trees/F128820_MLIG_G1/F128820_MLIG_G1.splits.nex
  Consensus tree:                ../results/molecular_evolution_analyses/phylogenetic_trees/F128820_MLIG_G1/F128820_MLIG_G1.contree
  Screen log file:               ../results/molecular_evolution_analyses/phylogenetic_trees/F128820_MLIG_G1/F128820_MLIG_G1.log

Date and Time: Wed May  1 10:37:31 2024
