IQ-TREE multicore version 2.2.2.6 COVID-edition for Linux 64-bit built May 27 2023
Developed by Bui Quang Minh, James Barbetti, Nguyen Lam Tung,
Olga Chernomor, Heiko Schmidt, Dominik Schrempf, Michael Woodhams, Ly Trong Nhan.

Host:    lbc5 (AVX2, FMA3, 125 GB RAM)
Command: /home/mauricio/mauricio_PROGRAMAS/iqtree-2.2.2.6-Linux/bin/iqtree2 -s ../results/molecular_evolution_analyses/alignments_gblocks/F82090_MLIG_G1/F82090_MLIG_G1.aln.gblo -m TEST --threads-max 32 --alrt 1000 --ufboot 1000 --prefix ../results/molecular_evolution_analyses/phylogenetic_trees/F82090_MLIG_G1/F82090_MLIG_G1 -keep-ident -redo
Seed:    390633 (Using SPRNG - Scalable Parallel Random Number Generator)
Time:    Wed May  1 10:39:49 2024
Kernel:  AVX+FMA - 1 threads (32 CPU cores detected)

HINT: Use -nt option to specify number of threads because your CPU has 32 cores!
HINT: -nt AUTO will automatically determine the best number of threads to use.

Reading alignment file ../results/molecular_evolution_analyses/alignments_gblocks/F82090_MLIG_G1/F82090_MLIG_G1.aln.gblo ... Fasta format detected
Reading fasta file: done in 8.98838e-05 secs
Alignment most likely contains protein sequences
Constructing alignment: done in 0.000458956 secs
Alignment has 6 sequences with 426 columns, 253 distinct patterns
190 parsimony-informative, 85 singleton sites, 151 constant sites
            Gap/Ambiguity  Composition  p-value
Analyzing sequences: done in 1.09673e-05 secs
   1  Mlig.4961     0.00%    passed     60.29%
   2  Mlig.10075    0.00%    passed     27.74%
   3  Mlig.33470    0.00%    passed     93.42%
   4  Mlig.42031    0.00%    passed     99.05%
   5  Mlig.42029    0.00%    passed     99.05%
   6  Mlig.42030    0.00%    passed     98.45%
****  TOTAL         0.00%  0 sequences failed composition chi2 test (p-value<5%; df=19)


Create initial parsimony tree by phylogenetic likelihood library (PLL)... 0.000 seconds
Perform fast likelihood tree search using LG+I+G model...
Estimate model parameters (epsilon = 5.000)
Perform nearest neighbor interchange...
Optimizing NNI: done in 0.012253 secs using 99.98% CPU
Estimate model parameters (epsilon = 1.000)
1. Initial log-likelihood: -3169.647
Optimal log-likelihood: -3169.326
Proportion of invariable sites: 0.165
Gamma shape alpha: 1.759
Parameters optimization took 1 rounds (0.012 sec)
Time for fast ML tree search: 0.051 seconds

NOTE: ModelFinder requires 2 MB RAM!
ModelFinder will test up to 224 protein models (sample size: 426) ...
 No. Model         -LnL         df  AIC          AICc         BIC
  1  LG            3204.156     9   6426.312     6426.745     6462.802
  2  LG+I          3174.722     10  6369.444     6369.974     6409.988
  3  LG+G4         3168.594     10  6357.189     6357.719     6397.733
  4  LG+I+G4       3169.214     11  6360.428     6361.066     6405.027
  7  LG+F+G4       3122.671     29  6303.342     6307.736     6420.921
  8  LG+F+I+G4     3123.088     30  6306.175     6310.884     6427.808
 11  WAG+G4        3182.966     10  6385.931     6386.461     6426.476
 12  WAG+I+G4      3183.873     11  6389.747     6390.384     6434.345
 15  WAG+F+G4      3137.174     29  6332.348     6336.742     6449.927
 16  WAG+F+I+G4    3137.806     30  6335.612     6340.321     6457.245
 19  JTT+G4        3180.674     10  6381.349     6381.879     6421.893
 20  JTT+I+G4      3181.851     11  6385.702     6386.340     6430.301
 23  JTT+F+G4      3140.249     29  6338.498     6342.892     6456.077
 24  JTT+F+I+G4    3141.264     30  6342.527     6347.236     6464.160
WARNING: Normalizing state frequencies so that sum of them equals to 1
 27  Q.pfam+G4     3158.134     10  6336.269     6336.799     6376.813
WARNING: Normalizing state frequencies so that sum of them equals to 1
 28  Q.pfam+I+G4   3158.814     11  6339.629     6340.267     6384.228
WARNING: Normalizing state frequencies so that sum of them equals to 1
 31  Q.pfam+F+G4   3117.137     29  6292.273     6296.667     6409.852
WARNING: Normalizing state frequencies so that sum of them equals to 1
 32  Q.pfam+F+I+G4 3117.678     30  6295.356     6300.065     6416.989
WARNING: Normalizing state frequencies so that sum of them equals to 1
 35  Q.bird+G4     3207.381     10  6434.763     6435.293     6475.307
WARNING: Normalizing state frequencies so that sum of them equals to 1
 36  Q.bird+I+G4   3208.251     11  6438.502     6439.139     6483.101
WARNING: Normalizing state frequencies so that sum of them equals to 1
 39  Q.bird+F+G4   3174.226     29  6406.452     6410.846     6524.031
WARNING: Normalizing state frequencies so that sum of them equals to 1
 40  Q.bird+F+I+G4 3175.136     30  6410.271     6414.980     6531.905
WARNING: Normalizing state frequencies so that sum of them equals to 1
 43  Q.mammal+G4   3195.269     10  6410.538     6411.068     6451.082
WARNING: Normalizing state frequencies so that sum of them equals to 1
 44  Q.mammal+I+G4 3196.180     11  6414.361     6414.998     6458.960
WARNING: Normalizing state frequencies so that sum of them equals to 1
 47  Q.mammal+F+G4 3161.453     29  6380.906     6385.300     6498.485
WARNING: Normalizing state frequencies so that sum of them equals to 1
 48  Q.mammal+F+I+G4 3162.348     30  6384.697     6389.406     6506.330
 51  Q.insect+G4   3184.420     10  6388.841     6389.371     6429.385
 52  Q.insect+I+G4 3185.152     11  6392.303     6392.941     6436.902
 55  Q.insect+F+G4 3121.490     29  6300.980     6305.374     6418.559
 56  Q.insect+F+I+G4 3121.970     30  6303.940     6308.649     6425.573
WARNING: Normalizing state frequencies so that sum of them equals to 1
 59  Q.plant+G4    3193.787     10  6407.575     6408.105     6448.119
WARNING: Normalizing state frequencies so that sum of them equals to 1
 60  Q.plant+I+G4  3194.324     11  6410.648     6411.285     6455.247
WARNING: Normalizing state frequencies so that sum of them equals to 1
 63  Q.plant+F+G4  3146.223     29  6350.445     6354.839     6468.024
WARNING: Normalizing state frequencies so that sum of them equals to 1
 64  Q.plant+F+I+G4 3146.669     30  6353.337     6358.046     6474.971
WARNING: Normalizing state frequencies so that sum of them equals to 1
 67  Q.yeast+G4    3204.473     10  6428.946     6429.476     6469.490
WARNING: Normalizing state frequencies so that sum of them equals to 1
 68  Q.yeast+I+G4  3205.508     11  6433.015     6433.653     6477.614
WARNING: Normalizing state frequencies so that sum of them equals to 1
 71  Q.yeast+F+G4  3116.047     29  6290.094     6294.488     6407.673
WARNING: Normalizing state frequencies so that sum of them equals to 1
 72  Q.yeast+F+I+G4 3116.729     30  6293.459     6298.168     6415.092
 75  JTTDCMut+G4   3182.541     10  6385.083     6385.613     6425.627
 76  JTTDCMut+I+G4 3183.717     11  6389.433     6390.071     6434.032
 79  JTTDCMut+F+G4 3141.686     29  6341.372     6345.766     6458.951
 80  JTTDCMut+F+I+G4 3142.698     30  6345.396     6350.105     6467.029
 83  DCMut+G4      3211.786     10  6443.572     6444.102     6484.116
 84  DCMut+I+G4    3212.913     11  6447.826     6448.463     6492.424
 87  DCMut+F+G4    3152.208     29  6362.417     6366.810     6479.995
 88  DCMut+F+I+G4  3153.337     30  6366.673     6371.382     6488.306
 91  VT+G4         3173.979     10  6367.958     6368.488     6408.502
 92  VT+I+G4       3175.033     11  6372.066     6372.704     6416.665
 95  VT+F+G4       3130.010     29  6318.019     6322.413     6435.598
 96  VT+F+I+G4     3130.761     30  6321.522     6326.231     6443.155
 99  PMB+G4        3168.457     10  6356.914     6357.444     6397.458
100  PMB+I+G4      3169.550     11  6361.101     6361.738     6405.699
103  PMB+F+G4      3147.665     29  6353.330     6357.724     6470.909
104  PMB+F+I+G4    3148.665     30  6357.329     6362.038     6478.962
107  Blosum62+G4   3176.447     10  6372.895     6373.425     6413.439
108  Blosum62+I+G4 3177.519     11  6377.038     6377.676     6421.637
111  Blosum62+F+G4 3143.923     29  6345.846     6350.240     6463.424
112  Blosum62+F+I+G4 3144.835     30  6349.670     6354.379     6471.303
115  Dayhoff+G4    3211.803     10  6443.605     6444.135     6484.150
116  Dayhoff+I+G4  3212.924     11  6447.849     6448.486     6492.448
119  Dayhoff+F+G4  3152.187     29  6362.374     6366.768     6479.953
120  Dayhoff+F+I+G4 3153.309     30  6366.619     6371.328     6488.252
123  mtREV+G4      3307.574     10  6635.148     6635.678     6675.692
124  mtREV+I+G4    3308.589     11  6639.178     6639.815     6683.777
127  mtREV+F+G4    3161.163     29  6380.327     6384.721     6497.906
128  mtREV+F+I+G4  3161.904     30  6383.809     6388.518     6505.442
131  mtART+G4      3331.048     10  6682.095     6682.625     6722.640
132  mtART+I+G4    3332.341     11  6686.682     6687.319     6731.280
135  mtART+F+G4    3179.328     29  6416.656     6421.050     6534.234
136  mtART+F+I+G4  3180.544     30  6421.089     6425.798     6542.722
139  mtZOA+G4      3268.180     10  6556.359     6556.889     6596.904
140  mtZOA+I+G4    3269.355     11  6560.709     6561.347     6605.308
143  mtZOA+F+G4    3157.105     29  6372.210     6376.604     6489.789
144  mtZOA+F+I+G4  3158.340     30  6376.679     6381.388     6498.313
147  mtMet+G4      3335.454     10  6690.908     6691.438     6731.452
148  mtMet+I+G4    3336.479     11  6694.958     6695.596     6739.557
151  mtMet+F+G4    3158.634     29  6375.268     6379.662     6492.846
152  mtMet+F+I+G4  3159.647     30  6379.295     6384.004     6500.928
155  mtVer+G4      3339.947     10  6699.893     6700.423     6740.438
156  mtVer+I+G4    3340.961     11  6703.921     6704.559     6748.520
159  mtVer+F+G4    3181.178     29  6420.356     6424.750     6537.934
160  mtVer+F+I+G4  3182.083     30  6424.166     6428.874     6545.799
163  mtInv+G4      3374.764     10  6769.528     6770.058     6810.073
164  mtInv+I+G4    3375.893     11  6773.787     6774.425     6818.386
167  mtInv+F+G4    3143.806     29  6345.612     6350.006     6463.191
168  mtInv+F+I+G4  3144.907     30  6349.815     6354.523     6471.448
171  mtMAM+G4      3342.152     10  6704.304     6704.834     6744.849
172  mtMAM+I+G4    3343.101     11  6708.202     6708.840     6752.801
175  mtMAM+F+G4    3190.215     29  6438.430     6442.824     6556.009
176  mtMAM+F+I+G4  3191.222     30  6442.444     6447.153     6564.077
WARNING: Normalizing state frequencies so that sum of them equals to 1
179  FLAVI+G4      3259.836     10  6539.672     6540.202     6580.216
WARNING: Normalizing state frequencies so that sum of them equals to 1
180  FLAVI+I+G4    3261.087     11  6544.174     6544.811     6588.772
WARNING: Normalizing state frequencies so that sum of them equals to 1
183  FLAVI+F+G4    3206.912     29  6471.824     6476.218     6589.402
WARNING: Normalizing state frequencies so that sum of them equals to 1
184  FLAVI+F+I+G4  3208.084     30  6476.168     6480.876     6597.801
187  HIVb+G4       3236.812     10  6493.624     6494.154     6534.169
188  HIVb+I+G4     3237.378     11  6496.757     6497.394     6541.355
191  HIVb+F+G4     3187.090     29  6432.179     6436.573     6549.758
192  HIVb+F+I+G4   3187.582     30  6435.163     6439.872     6556.797
195  HIVw+G4       3382.309     10  6784.617     6785.147     6825.162
196  HIVw+I+G4     3383.256     11  6788.512     6789.149     6833.110
199  HIVw+F+G4     3242.004     29  6542.009     6546.403     6659.587
200  HIVw+F+I+G4   3243.223     30  6546.447     6551.155     6668.080
203  FLU+G4        3278.710     10  6577.421     6577.951     6617.965
204  FLU+I+G4      3280.071     11  6582.142     6582.779     6626.741
207  FLU+F+G4      3194.382     29  6446.764     6451.157     6564.342
208  FLU+F+I+G4    3195.620     30  6451.239     6455.948     6572.872
211  rtREV+G4      3205.396     10  6430.791     6431.321     6471.335
212  rtREV+I+G4    3205.770     11  6433.539     6434.177     6478.138
215  rtREV+F+G4    3131.180     29  6320.360     6324.754     6437.939
216  rtREV+F+I+G4  3131.196     30  6322.393     6327.102     6444.026
219  cpREV+G4      3192.756     10  6405.512     6406.042     6446.057
220  cpREV+I+G4    3193.723     11  6409.446     6410.083     6454.044
223  cpREV+F+G4    3142.990     29  6343.981     6348.375     6461.559
224  cpREV+F+I+G4  3143.832     30  6347.665     6352.374     6469.298
Akaike Information Criterion:           Q.yeast+F+G4
Corrected Akaike Information Criterion: Q.yeast+F+G4
Bayesian Information Criterion:         Q.pfam+G4
Best-fit model: Q.pfam+G4 chosen according to BIC

All model information printed to ../results/molecular_evolution_analyses/phylogenetic_trees/F82090_MLIG_G1/F82090_MLIG_G1.model.gz
CPU time for ModelFinder: 4.697 seconds (0h:0m:4s)
Wall-clock time for ModelFinder: 4.706 seconds (0h:0m:4s)
Generating 1000 samples for ultrafast bootstrap (seed: 390633)...
WARNING: Normalizing state frequencies so that sum of them equals to 1

NOTE: 2 MB RAM (0 GB) is required!
Estimate model parameters (epsilon = 0.100)
1. Initial log-likelihood: -3158.134
Optimal log-likelihood: -3158.133
Gamma shape alpha: 0.928
Parameters optimization took 1 rounds (0.006 sec)
Wrote distance file to... 
Computing ML distances based on estimated model parameters...
Calculating distance matrix: done in 0.00296712 secs using 99.63% CPU
Computing ML distances took 0.002998 sec (of wall-clock time) 0.002987 sec (of CPU time)
Setting up auxiliary I and S matrices: done in 3.71933e-05 secs using 99.48% CPU
Constructing RapidNJ tree: done in 2.28882e-05 secs using 100.5% CPU
Computing RapidNJ tree took 0.000115 sec (of wall-clock time) 0.000115 sec (of CPU time)
Log-likelihood of RapidNJ tree: -3158.133
--------------------------------------------------------------------
|             INITIALIZING CANDIDATE TREE SET                      |
--------------------------------------------------------------------
Generating 99 parsimony trees... 0.024 second
Computing log-likelihood of 14 initial trees ... 0.025 seconds
Current best score: -3158.133

Do NNI search on 15 best initial trees
Optimizing NNI: done in 0.00577497 secs using 199.6% CPU
Optimizing NNI: done in 0.0126529 secs using 168.3% CPU
Optimizing NNI: done in 0.012851 secs using 200% CPU
Optimizing NNI: done in 0.013149 secs using 200% CPU
Optimizing NNI: done in 0.0133331 secs using 170.2% CPU
Optimizing NNI: done in 0.0200679 secs using 199.8% CPU
Optimizing NNI: done in 0.019875 secs using 199.9% CPU
Optimizing NNI: done in 0.0196929 secs using 199.9% CPU
Optimizing NNI: done in 0.0198162 secs using 158.4% CPU
Optimizing NNI: done in 0.0200131 secs using 99.97% CPU
Iteration 10 / LogL: -3158.229 / Time: 0h:0m:0s
Optimizing NNI: done in 0.0130429 secs using 99.95% CPU
Optimizing NNI: done in 0.013113 secs using 99.94% CPU
Optimizing NNI: done in 0.0198219 secs using 99.98% CPU
Optimizing NNI: done in 0.01299 secs using 99.98% CPU
Optimizing NNI: done in 0.0128429 secs using 99.97% CPU
Finish initializing candidate tree set (15)
Current best tree score: -3158.133 / CPU time: 0.288
Number of iterations: 15
--------------------------------------------------------------------
|               OPTIMIZING CANDIDATE TREE SET                      |
--------------------------------------------------------------------
Optimizing NNI: done in 0.0193071 secs using 99.98% CPU
Optimizing NNI: done in 0.0125849 secs using 99.97% CPU
UPDATE BEST LOG-LIKELIHOOD: -3158.133
Optimizing NNI: done in 0.019583 secs using 99.97% CPU
Optimizing NNI: done in 0.0197649 secs using 99.97% CPU
Optimizing NNI: done in 0.0127339 secs using 99.98% CPU
Iteration 20 / LogL: -3159.514 / Time: 0h:0m:0s
Optimizing NNI: done in 0.0123029 secs using 99.95% CPU
Optimizing NNI: done in 0.012486 secs using 99.98% CPU
Optimizing NNI: done in 0.0124581 secs using 99.95% CPU
Optimizing NNI: done in 0.0203938 secs using 99.98% CPU
Optimizing NNI: done in 0.0194058 secs using 99.97% CPU
Optimizing NNI: done in 0.0141258 secs using 99.99% CPU
UPDATE BEST LOG-LIKELIHOOD: -3158.133
Optimizing NNI: done in 0.0194509 secs using 99.96% CPU
Optimizing NNI: done in 0.0194631 secs using 99.97% CPU
Optimizing NNI: done in 0.012634 secs using 99.98% CPU
Optimizing NNI: done in 0.0141721 secs using 99.98% CPU
UPDATE BEST LOG-LIKELIHOOD: -3158.133
Iteration 30 / LogL: -3158.133 / Time: 0h:0m:0s (0h:0m:1s left)
Optimizing NNI: done in 0.012805 secs using 99.97% CPU
Optimizing NNI: done in 0.0193431 secs using 99.98% CPU
Optimizing NNI: done in 0.0215342 secs using 99.99% CPU
Optimizing NNI: done in 0.0196319 secs using 99.98% CPU
Optimizing NNI: done in 0.0192521 secs using 99.97% CPU
Optimizing NNI: done in 0.0127718 secs using 99.97% CPU
Optimizing NNI: done in 0.012464 secs using 99.98% CPU
Optimizing NNI: done in 0.012665 secs using 99.98% CPU
Optimizing NNI: done in 0.0125589 secs using 99.98% CPU
Optimizing NNI: done in 0.01264 secs using 99.98% CPU
Iteration 40 / LogL: -3159.453 / Time: 0h:0m:0s (0h:0m:1s left)
Optimizing NNI: done in 0.012502 secs using 99.98% CPU
Optimizing NNI: done in 0.0127199 secs using 99.99% CPU
UPDATE BEST LOG-LIKELIHOOD: -3158.133
Optimizing NNI: done in 0.012619 secs using 99.96% CPU
Optimizing NNI: done in 0.0126901 secs using 99.94% CPU
Optimizing NNI: done in 0.0124581 secs using 99.98% CPU
UPDATE BEST LOG-LIKELIHOOD: -3158.133
Optimizing NNI: done in 0.0129011 secs using 99.98% CPU
Optimizing NNI: done in 0.020087 secs using 99.97% CPU
Optimizing NNI: done in 0.01929 secs using 99.98% CPU
Optimizing NNI: done in 0.021873 secs using 99.98% CPU
Optimizing NNI: done in 0.012763 secs using 99.98% CPU
Iteration 50 / LogL: -3158.343 / Time: 0h:0m:0s (0h:0m:0s left)
Log-likelihood cutoff on original alignment: -3160.703
Optimizing NNI: done in 0.02052 secs using 99.97% CPU
Optimizing NNI: done in 0.0192971 secs using 99.97% CPU
Optimizing NNI: done in 0.019876 secs using 99.97% CPU
Optimizing NNI: done in 0.019408 secs using 99.96% CPU
Optimizing NNI: done in 0.0198929 secs using 99.98% CPU
Optimizing NNI: done in 0.0192649 secs using 99.98% CPU
Optimizing NNI: done in 0.0192089 secs using 99.97% CPU
Optimizing NNI: done in 0.0124109 secs using 99.98% CPU
Optimizing NNI: done in 0.021914 secs using 99.98% CPU
Optimizing NNI: done in 0.019788 secs using 99.97% CPU
Iteration 60 / LogL: -3159.369 / Time: 0h:0m:1s (0h:0m:0s left)
Optimizing NNI: done in 0.0123241 secs using 99.97% CPU
Optimizing NNI: done in 0.0125761 secs using 99.95% CPU
Optimizing NNI: done in 0.0129411 secs using 99.98% CPU
Optimizing NNI: done in 0.0125809 secs using 99.97% CPU
Optimizing NNI: done in 0.019578 secs using 99.97% CPU
Optimizing NNI: done in 0.012604 secs using 99.98% CPU
Optimizing NNI: done in 0.0123658 secs using 99.97% CPU
Optimizing NNI: done in 0.0197659 secs using 99.99% CPU
Optimizing NNI: done in 0.0123851 secs using 99.95% CPU
Optimizing NNI: done in 0.0191331 secs using 99.97% CPU
Iteration 70 / LogL: -3158.268 / Time: 0h:0m:1s (0h:0m:0s left)
Optimizing NNI: done in 0.012265 secs using 99.98% CPU
Optimizing NNI: done in 0.0192981 secs using 99.97% CPU
Optimizing NNI: done in 0.0141151 secs using 99.98% CPU
UPDATE BEST LOG-LIKELIHOOD: -3158.133
Optimizing NNI: done in 0.0125499 secs using 99.98% CPU
Optimizing NNI: done in 0.01282 secs using 99.95% CPU
Optimizing NNI: done in 0.019433 secs using 99.97% CPU
Optimizing NNI: done in 0.0201252 secs using 99.97% CPU
Optimizing NNI: done in 0.019635 secs using 99.97% CPU
Optimizing NNI: done in 0.0196819 secs using 99.97% CPU
Optimizing NNI: done in 0.012459 secs using 99.98% CPU
UPDATE BEST LOG-LIKELIHOOD: -3158.133
Iteration 80 / LogL: -3158.133 / Time: 0h:0m:1s (0h:0m:0s left)
Optimizing NNI: done in 0.0124919 secs using 99.98% CPU
Optimizing NNI: done in 0.012501 secs using 99.97% CPU
Optimizing NNI: done in 0.0123858 secs using 99.98% CPU
Optimizing NNI: done in 0.019963 secs using 99.97% CPU
Optimizing NNI: done in 0.019259 secs using 99.97% CPU
Optimizing NNI: done in 0.019259 secs using 99.97% CPU
Optimizing NNI: done in 0.0125659 secs using 99.98% CPU
Optimizing NNI: done in 0.01264 secs using 99.98% CPU
Optimizing NNI: done in 0.0199111 secs using 99.97% CPU
Optimizing NNI: done in 0.019449 secs using 99.97% CPU
Iteration 90 / LogL: -3158.401 / Time: 0h:0m:1s (0h:0m:0s left)
Optimizing NNI: done in 0.0127521 secs using 99.98% CPU
Optimizing NNI: done in 0.0140278 secs using 99.99% CPU
Optimizing NNI: done in 0.0193362 secs using 99.97% CPU
Optimizing NNI: done in 0.0268281 secs using 99.97% CPU
Optimizing NNI: done in 0.0193651 secs using 99.97% CPU
Optimizing NNI: done in 0.0193548 secs using 99.97% CPU
Optimizing NNI: done in 0.0192249 secs using 99.96% CPU
Optimizing NNI: done in 0.019702 secs using 99.97% CPU
Optimizing NNI: done in 0.0122831 secs using 99.97% CPU
Optimizing NNI: done in 0.019439 secs using 99.99% CPU
Iteration 100 / LogL: -3158.268 / Time: 0h:0m:1s (0h:0m:0s left)
Log-likelihood cutoff on original alignment: -3160.703
NOTE: Bootstrap correlation coefficient of split occurrence frequencies: 0.999
Optimizing NNI: done in 0.019762 secs using 99.97% CPU
TREE SEARCH COMPLETED AFTER 101 ITERATIONS / Time: 0h:0m:2s

--------------------------------------------------------------------
|                    FINALIZING TREE SEARCH                        |
--------------------------------------------------------------------
Performs final model parameters optimization
Estimate model parameters (epsilon = 0.010)
1. Initial log-likelihood: -3158.133
Optimal log-likelihood: -3158.133
Gamma shape alpha: 0.930
Parameters optimization took 1 rounds (0.005 sec)
BEST SCORE FOUND : -3158.133

Testing tree branches by SH-like aLRT with 1000 replicates...
0.032 sec.
Creating bootstrap support values...
Split supports printed to NEXUS file ../results/molecular_evolution_analyses/phylogenetic_trees/F82090_MLIG_G1/F82090_MLIG_G1.splits.nex
Total tree length: 2.098

Total number of iterations: 101
CPU time used for tree search: 2.155 sec (0h:0m:2s)
Wall-clock time used for tree search: 1.990 sec (0h:0m:1s)
Total CPU time used: 2.244 sec (0h:0m:2s)
Total wall-clock time used: 2.073 sec (0h:0m:2s)

Computing bootstrap consensus tree...
Reading input file ../results/molecular_evolution_analyses/phylogenetic_trees/F82090_MLIG_G1/F82090_MLIG_G1.splits.nex...
6 taxa and 11 splits.
Consensus tree written to ../results/molecular_evolution_analyses/phylogenetic_trees/F82090_MLIG_G1/F82090_MLIG_G1.contree
Reading input trees file ../results/molecular_evolution_analyses/phylogenetic_trees/F82090_MLIG_G1/F82090_MLIG_G1.contree
Log-likelihood of consensus tree: -3158.134

Analysis results written to: 
  IQ-TREE report:                ../results/molecular_evolution_analyses/phylogenetic_trees/F82090_MLIG_G1/F82090_MLIG_G1.iqtree
  Maximum-likelihood tree:       ../results/molecular_evolution_analyses/phylogenetic_trees/F82090_MLIG_G1/F82090_MLIG_G1.treefile
  Likelihood distances:          ../results/molecular_evolution_analyses/phylogenetic_trees/F82090_MLIG_G1/F82090_MLIG_G1.mldist

Ultrafast bootstrap approximation results written to:
  Split support values:          ../results/molecular_evolution_analyses/phylogenetic_trees/F82090_MLIG_G1/F82090_MLIG_G1.splits.nex
  Consensus tree:                ../results/molecular_evolution_analyses/phylogenetic_trees/F82090_MLIG_G1/F82090_MLIG_G1.contree
  Screen log file:               ../results/molecular_evolution_analyses/phylogenetic_trees/F82090_MLIG_G1/F82090_MLIG_G1.log

Date and Time: Wed May  1 10:39:56 2024
