IQ-TREE multicore version 2.2.2.6 COVID-edition for Linux 64-bit built May 27 2023
Developed by Bui Quang Minh, James Barbetti, Nguyen Lam Tung,
Olga Chernomor, Heiko Schmidt, Dominik Schrempf, Michael Woodhams, Ly Trong Nhan.

Host:    lbc5 (AVX2, FMA3, 125 GB RAM)
Command: /home/mauricio/mauricio_PROGRAMAS/iqtree-2.2.2.6-Linux/bin/iqtree2 -s ../results/molecular_evolution_analyses/alignments_gblocks/F42893_MLIG_G1/F42893_MLIG_G1.aln.gblo -m TEST --threads-max 32 --alrt 1000 --ufboot 1000 --prefix ../results/molecular_evolution_analyses/phylogenetic_trees/F42893_MLIG_G1/F42893_MLIG_G1
Seed:    333769 (Using SPRNG - Scalable Parallel Random Number Generator)
Time:    Thu Mar 28 11:21:45 2024
Kernel:  AVX+FMA - 1 threads (32 CPU cores detected)

HINT: Use -nt option to specify number of threads because your CPU has 32 cores!
HINT: -nt AUTO will automatically determine the best number of threads to use.

Reading alignment file ../results/molecular_evolution_analyses/alignments_gblocks/F42893_MLIG_G1/F42893_MLIG_G1.aln.gblo ... Fasta format detected
Reading fasta file: done in 7.98702e-05 secs using 97.66% CPU
Alignment most likely contains protein sequences
Constructing alignment: done in 0.000154018 secs using 99.34% CPU
Alignment has 12 sequences with 156 columns, 41 distinct patterns
22 parsimony-informative, 0 singleton sites, 134 constant sites
            Gap/Ambiguity  Composition  p-value
Analyzing sequences: done in 7.86781e-06 secs using 88.97% CPU
   1  Mlig.1182     0.00%    passed    100.00%
   2  Mlig.1181     0.00%    passed    100.00%
   3  Mlig.16135    0.00%    passed    100.00%
   4  Mlig.16137    0.00%    passed    100.00%
   5  Mlig.9059     0.00%    passed    100.00%
   6  Mlig.43203    0.00%    passed    100.00%
   7  Mlig.47933    0.00%    passed    100.00%
   8  Mlig.16340    0.00%    passed    100.00%
   9  Mlig.20793    0.00%    passed    100.00%
  10  Mlig.35504    0.00%    passed    100.00%
  11  Mlig.36575    0.00%    passed    100.00%
  12  Mlig.36577    0.00%    passed    100.00%
****  TOTAL         0.00%  0 sequences failed composition chi2 test (p-value<5%; df=19)
NOTE: Mlig.1181 is identical to Mlig.1182 but kept for subsequent analysis
NOTE: Mlig.43203 is identical to Mlig.9059 but kept for subsequent analysis
NOTE: Mlig.20793 is identical to Mlig.16340 but kept for subsequent analysis
NOTE: Mlig.36577 is identical to Mlig.36575 but kept for subsequent analysis
Checking for duplicate sequences: done in 4.50611e-05 secs using 102.1% CPU
Identifying sites to remove: done in 6.91414e-05 secs using 98.35% CPU
NOTE: 4 identical sequences (see below) will be ignored for subsequent analysis
NOTE: Mlig.16135 (identical to Mlig.1182) is ignored but added at the end
NOTE: Mlig.16137 (identical to Mlig.1182) is ignored but added at the end
NOTE: Mlig.47933 (identical to Mlig.9059) is ignored but added at the end
NOTE: Mlig.35504 (identical to Mlig.16340) is ignored but added at the end
Alignment was printed to ../results/molecular_evolution_analyses/phylogenetic_trees/F42893_MLIG_G1/F42893_MLIG_G1.uniqueseq.phy

For your convenience alignment with unique sequences printed to ../results/molecular_evolution_analyses/phylogenetic_trees/F42893_MLIG_G1/F42893_MLIG_G1.uniqueseq.phy


Create initial parsimony tree by phylogenetic likelihood library (PLL)... 0.000 seconds
Perform fast likelihood tree search using LG+I+G model...
Estimate model parameters (epsilon = 5.000)
Perform nearest neighbor interchange...
Optimizing NNI: done in 0.00460005 secs using 99.69% CPU
Estimate model parameters (epsilon = 1.000)
1. Initial log-likelihood: -598.729
Optimal log-likelihood: -598.729
Proportion of invariable sites: 0.429
Gamma shape alpha: 0.787
Parameters optimization took 1 rounds (0.005 sec)
Time for fast ML tree search: 0.022 seconds

NOTE: ModelFinder requires 0 MB RAM!
ModelFinder will test up to 224 protein models (sample size: 156) ...
 No. Model         -LnL         df  AIC          AICc         BIC
  1  LG            601.603      13  1229.206     1231.769     1268.854
  2  LG+I          598.454      14  1224.908     1227.887     1267.606
  3  LG+G4         598.574      14  1225.148     1228.127     1267.846
  4  LG+I+G4       598.729      15  1227.458     1230.887     1273.206
  5  LG+F          593.156      32  1250.313     1267.484     1347.908
  6  LG+F+I        589.658      33  1245.317     1263.710     1345.962
  7  LG+F+G4       589.768      33  1245.536     1263.929     1346.181
  8  LG+F+I+G4     589.982      34  1247.963     1267.633     1351.659
  9  WAG           604.366      13  1234.732     1237.295     1274.380
 10  WAG+I         601.900      14  1231.800     1234.778     1274.498
 11  WAG+G4        602.065      14  1232.131     1235.110     1274.829
 12  WAG+I+G4      602.148      15  1234.296     1237.725     1280.044
 13  WAG+F         593.279      32  1250.559     1267.729     1348.154
 14  WAG+F+I       590.569      33  1247.138     1265.532     1347.783
 15  WAG+F+G4      590.733      33  1247.467     1265.860     1348.112
 16  WAG+F+I+G4    590.855      34  1249.710     1269.379     1353.405
 17  JTT           602.333      13  1230.667     1233.230     1270.315
 18  JTT+I         599.460      14  1226.920     1229.899     1269.618
 19  JTT+G4        599.571      14  1227.142     1230.121     1269.840
 20  JTT+I+G4      599.675      15  1229.350     1232.778     1275.097
 21  JTT+F         591.816      32  1247.633     1264.803     1345.228
 22  JTT+F+I       588.628      33  1243.255     1261.649     1343.901
 23  JTT+F+G4      588.739      33  1243.477     1261.871     1344.123
 24  JTT+F+I+G4    588.890      34  1245.780     1265.449     1349.475
WARNING: Normalizing state frequencies so that sum of them equals to 1
 25  Q.pfam        600.797      13  1227.593     1230.157     1267.241
WARNING: Normalizing state frequencies so that sum of them equals to 1
 26  Q.pfam+I      597.752      14  1223.504     1226.483     1266.202
WARNING: Normalizing state frequencies so that sum of them equals to 1
 27  Q.pfam+G4     597.881      14  1223.762     1226.741     1266.460
WARNING: Normalizing state frequencies so that sum of them equals to 1
 28  Q.pfam+I+G4   598.028      15  1226.055     1229.484     1271.803
WARNING: Normalizing state frequencies so that sum of them equals to 1
 29  Q.pfam+F      593.801      32  1251.601     1268.772     1349.197
WARNING: Normalizing state frequencies so that sum of them equals to 1
 30  Q.pfam+F+I    590.457      33  1246.914     1265.307     1347.559
WARNING: Normalizing state frequencies so that sum of them equals to 1
 31  Q.pfam+F+G4   590.577      33  1247.153     1265.547     1347.798
WARNING: Normalizing state frequencies so that sum of them equals to 1
 32  Q.pfam+F+I+G4 590.771      34  1249.542     1269.211     1353.237
WARNING: Normalizing state frequencies so that sum of them equals to 1
 33  Q.bird        606.924      13  1239.849     1242.412     1279.497
WARNING: Normalizing state frequencies so that sum of them equals to 1
 34  Q.bird+I      602.649      14  1233.299     1236.277     1275.997
WARNING: Normalizing state frequencies so that sum of them equals to 1
 35  Q.bird+G4     602.695      14  1233.389     1236.368     1276.087
WARNING: Normalizing state frequencies so that sum of them equals to 1
 36  Q.bird+I+G4   602.820      15  1235.640     1239.068     1281.388
WARNING: Normalizing state frequencies so that sum of them equals to 1
 37  Q.bird+F      594.913      32  1253.826     1270.997     1351.421
WARNING: Normalizing state frequencies so that sum of them equals to 1
 38  Q.bird+F+I    589.873      33  1245.746     1264.140     1346.391
WARNING: Normalizing state frequencies so that sum of them equals to 1
 39  Q.bird+F+G4   589.896      33  1245.792     1264.185     1346.437
WARNING: Normalizing state frequencies so that sum of them equals to 1
 40  Q.bird+F+I+G4 590.105      34  1248.211     1267.880     1351.906
WARNING: Normalizing state frequencies so that sum of them equals to 1
 41  Q.mammal      605.511      13  1237.022     1239.585     1276.670
WARNING: Normalizing state frequencies so that sum of them equals to 1
 42  Q.mammal+I    602.188      14  1232.375     1235.354     1275.073
WARNING: Normalizing state frequencies so that sum of them equals to 1
 43  Q.mammal+G4   602.253      14  1232.506     1235.484     1275.203
WARNING: Normalizing state frequencies so that sum of them equals to 1
 44  Q.mammal+I+G4 602.336      15  1234.671     1238.100     1280.419
WARNING: Normalizing state frequencies so that sum of them equals to 1
 45  Q.mammal+F    593.180      32  1250.361     1267.532     1347.956
WARNING: Normalizing state frequencies so that sum of them equals to 1
 46  Q.mammal+F+I  589.163      33  1244.326     1262.720     1344.971
WARNING: Normalizing state frequencies so that sum of them equals to 1
 47  Q.mammal+F+G4 589.213      33  1244.425     1262.819     1345.070
WARNING: Normalizing state frequencies so that sum of them equals to 1
 48  Q.mammal+F+I+G4 589.351      34  1246.701     1266.371     1350.396
 49  Q.insect      602.269      13  1230.538     1233.101     1270.186
 50  Q.insect+I    599.269      14  1226.538     1229.516     1269.236
 51  Q.insect+G4   599.363      14  1226.727     1229.705     1269.425
 52  Q.insect+I+G4 599.468      15  1228.935     1232.364     1274.683
 53  Q.insect+F    592.063      32  1248.125     1265.296     1345.721
 54  Q.insect+F+I  588.587      33  1243.174     1261.568     1343.820
 55  Q.insect+F+G4 588.676      33  1243.353     1261.746     1343.998
 56  Q.insect+F+I+G4 588.857      34  1245.713     1265.382     1349.408
WARNING: Normalizing state frequencies so that sum of them equals to 1
 57  Q.plant       600.149      13  1226.298     1228.861     1265.946
WARNING: Normalizing state frequencies so that sum of them equals to 1
 58  Q.plant+I     596.801      14  1221.602     1224.581     1264.300
WARNING: Normalizing state frequencies so that sum of them equals to 1
 59  Q.plant+G4    596.921      14  1221.843     1224.821     1264.541
WARNING: Normalizing state frequencies so that sum of them equals to 1
 60  Q.plant+I+G4  597.066      15  1224.132     1227.561     1269.880
WARNING: Normalizing state frequencies so that sum of them equals to 1
 61  Q.plant+F     591.310      32  1246.620     1263.791     1344.215
WARNING: Normalizing state frequencies so that sum of them equals to 1
 62  Q.plant+F+I   587.419      33  1240.838     1259.231     1341.483
WARNING: Normalizing state frequencies so that sum of them equals to 1
 63  Q.plant+F+G4  587.517      33  1241.035     1259.428     1341.680
WARNING: Normalizing state frequencies so that sum of them equals to 1
 64  Q.plant+F+I+G4 587.748      34  1243.495     1263.164     1347.190
WARNING: Normalizing state frequencies so that sum of them equals to 1
 65  Q.yeast       604.739      13  1235.479     1238.042     1275.127
WARNING: Normalizing state frequencies so that sum of them equals to 1
 66  Q.yeast+I     601.534      14  1231.069     1234.047     1273.767
WARNING: Normalizing state frequencies so that sum of them equals to 1
 67  Q.yeast+G4    601.641      14  1231.283     1234.261     1273.980
WARNING: Normalizing state frequencies so that sum of them equals to 1
 68  Q.yeast+I+G4  601.789      15  1233.579     1237.007     1279.327
WARNING: Normalizing state frequencies so that sum of them equals to 1
 69  Q.yeast+F     592.917      32  1249.834     1267.005     1347.430
WARNING: Normalizing state frequencies so that sum of them equals to 1
 70  Q.yeast+F+I   589.243      33  1244.487     1262.880     1345.132
WARNING: Normalizing state frequencies so that sum of them equals to 1
 71  Q.yeast+F+G4  589.335      33  1244.670     1263.064     1345.316
WARNING: Normalizing state frequencies so that sum of them equals to 1
 72  Q.yeast+F+I+G4 589.588      34  1247.176     1266.845     1350.871
 73  JTTDCMut      602.304      13  1230.608     1233.171     1270.256
 74  JTTDCMut+I    599.473      14  1226.946     1229.925     1269.644
 75  JTTDCMut+G4   599.586      14  1227.171     1230.150     1269.869
 76  JTTDCMut+I+G4 599.685      15  1229.369     1232.798     1275.117
 77  JTTDCMut+F    591.669      32  1247.339     1264.510     1344.934
 78  JTTDCMut+F+I  588.522      33  1243.044     1261.437     1343.689
 79  JTTDCMut+F+G4 588.635      33  1243.270     1261.664     1343.915
 80  JTTDCMut+F+I+G4 588.781      34  1245.561     1265.231     1349.256
 81  DCMut         609.582      13  1245.164     1247.727     1284.812
 82  DCMut+I       607.255      14  1242.510     1245.489     1285.208
 83  DCMut+G4      607.416      14  1242.832     1245.811     1285.530
 84  DCMut+I+G4    607.467      15  1244.933     1248.362     1290.681
 85  DCMut+F       593.239      32  1250.479     1267.649     1348.074
 86  DCMut+F+I     590.668      33  1247.336     1265.729     1347.981
 87  DCMut+F+G4    590.825      33  1247.649     1266.043     1348.294
 88  DCMut+F+I+G4  590.907      34  1249.814     1269.484     1353.510
 89  VT            604.906      13  1235.812     1238.376     1275.460
 90  VT+I          602.157      14  1232.314     1235.293     1275.012
 91  VT+G4         602.274      14  1232.548     1235.527     1275.246
 92  VT+I+G4       602.379      15  1234.758     1238.186     1280.506
 93  VT+F          595.571      32  1255.141     1272.312     1352.736
 94  VT+F+I        592.608      33  1251.216     1269.609     1351.861
 95  VT+F+G4       592.729      33  1251.458     1269.851     1352.103
 96  VT+F+I+G4     592.872      34  1253.745     1273.414     1357.440
 97  PMB           608.970      13  1243.939     1246.503     1283.587
 98  PMB+I         606.286      14  1240.571     1243.550     1283.269
 99  PMB+G4        606.410      14  1240.819     1243.798     1283.517
100  PMB+I+G4      606.511      15  1243.021     1246.450     1288.769
101  PMB+F         598.311      32  1260.622     1277.793     1358.218
102  PMB+F+I       595.422      33  1256.843     1275.237     1357.488
103  PMB+F+G4      595.547      33  1257.095     1275.488     1357.740
104  PMB+F+I+G4    595.684      34  1259.368     1279.038     1363.063
105  Blosum62      609.232      13  1244.464     1247.027     1284.112
106  Blosum62+I    606.153      14  1240.306     1243.285     1283.004
107  Blosum62+G4   606.257      14  1240.514     1243.492     1283.212
108  Blosum62+I+G4 606.402      15  1242.803     1246.232     1288.551
109  Blosum62+F    598.394      32  1260.788     1277.959     1358.383
110  Blosum62+F+I  595.122      33  1256.243     1274.637     1356.888
111  Blosum62+F+G4 595.227      33  1256.455     1274.848     1357.100
112  Blosum62+F+I+G4 595.422      34  1258.843     1278.513     1362.538
113  Dayhoff       609.564      13  1245.128     1247.691     1284.776
114  Dayhoff+I     607.229      14  1242.459     1245.437     1285.157
115  Dayhoff+G4    607.391      14  1242.782     1245.760     1285.480
116  Dayhoff+I+G4  607.442      15  1244.884     1248.313     1290.632
117  Dayhoff+F     593.231      32  1250.462     1267.633     1348.057
118  Dayhoff+F+I   590.651      33  1247.301     1265.695     1347.946
119  Dayhoff+F+G4  590.808      33  1247.615     1266.009     1348.260
120  Dayhoff+F+I+G4 590.891      34  1249.782     1269.452     1353.477
121  mtREV         639.995      13  1305.990     1308.553     1345.638
122  mtREV+I       636.400      14  1300.799     1303.778     1343.497
123  mtREV+G4      636.453      14  1300.907     1303.885     1343.605
124  mtREV+I+G4    636.526      15  1303.052     1306.481     1348.800
125  mtREV+F       592.307      32  1248.613     1265.784     1346.209
126  mtREV+F+I     589.286      33  1244.571     1262.965     1345.217
127  mtREV+F+G4    589.426      33  1244.853     1263.246     1345.498
128  mtREV+F+I+G4  589.532      34  1247.064     1266.734     1350.760
129  mtART         651.157      13  1328.314     1330.877     1367.962
130  mtART+I       643.363      14  1314.727     1317.705     1357.425
131  mtART+G4      643.362      14  1314.723     1317.702     1357.421
132  mtART+I+G4    643.386      15  1316.772     1320.201     1362.520
133  mtART+F       600.951      32  1265.902     1283.073     1363.497
134  mtART+F+I     594.221      33  1254.442     1272.835     1355.087
135  mtART+F+G4    594.233      33  1254.466     1272.859     1355.111
136  mtART+F+I+G4  594.677      34  1257.355     1277.024     1361.050
137  mtZOA         637.495      13  1300.990     1303.553     1340.638
138  mtZOA+I       631.936      14  1291.872     1294.851     1334.570
139  mtZOA+G4      631.953      14  1291.906     1294.885     1334.604
140  mtZOA+I+G4    632.059      15  1294.117     1297.546     1339.865
141  mtZOA+F       594.470      32  1252.940     1270.111     1350.536
142  mtZOA+F+I     589.667      33  1245.333     1263.727     1345.979
143  mtZOA+F+G4    589.747      33  1245.494     1263.888     1346.140
144  mtZOA+F+I+G4  590.069      34  1248.138     1267.808     1351.834
145  mtMet         648.433      13  1322.867     1325.430     1362.515
146  mtMet+I       643.635      14  1315.271     1318.249     1357.969
147  mtMet+G4      643.662      14  1315.325     1318.303     1358.022
148  mtMet+I+G4    643.733      15  1317.466     1320.895     1363.214
149  mtMet+F       593.872      32  1251.745     1268.916     1349.340
150  mtMet+F+I     589.338      33  1244.675     1263.069     1345.320
151  mtMet+F+G4    589.424      33  1244.848     1263.241     1345.493
152  mtMet+F+I+G4  589.756      34  1247.511     1267.181     1351.207
153  mtVer         646.538      13  1319.076     1321.639     1358.724
154  mtVer+I       640.840      14  1309.679     1312.658     1352.377
155  mtVer+G4      640.875      14  1309.750     1312.728     1352.448
156  mtVer+I+G4    641.038      15  1312.077     1315.505     1357.825
157  mtVer+F       594.041      32  1252.081     1269.252     1349.677
158  mtVer+F+I     589.701      33  1245.403     1263.796     1346.048
159  mtVer+F+G4    589.796      33  1245.593     1263.986     1346.238
160  mtVer+F+I+G4  590.034      34  1248.067     1267.737     1351.762
161  mtInv         660.909      13  1347.817     1350.380     1387.465
162  mtInv+I       656.479      14  1340.958     1343.936     1383.655
163  mtInv+G4      656.506      14  1341.012     1343.990     1383.710
164  mtInv+I+G4    656.575      15  1343.150     1346.579     1388.898
165  mtInv+F       595.781      32  1255.561     1272.732     1353.157
166  mtInv+F+I     591.460      33  1248.919     1267.313     1349.564
167  mtInv+F+G4    591.544      33  1249.088     1267.481     1349.733
168  mtInv+F+I+G4  591.869      34  1251.738     1271.407     1355.433
169  mtMAM         646.117      13  1318.233     1320.797     1357.881
170  mtMAM+I       638.916      14  1305.832     1308.811     1348.530
171  mtMAM+G4      638.932      14  1305.864     1308.843     1348.562
172  mtMAM+I+G4    639.045      15  1308.090     1311.518     1353.837
173  mtMAM+F       596.903      32  1257.806     1274.977     1355.401
174  mtMAM+F+I     591.622      33  1249.245     1267.638     1349.890
175  mtMAM+F+G4    591.693      33  1249.385     1267.779     1350.030
176  mtMAM+F+I+G4  591.954      34  1251.908     1271.577     1355.603
WARNING: Normalizing state frequencies so that sum of them equals to 1
177  FLAVI         612.483      13  1250.966     1253.530     1290.615
WARNING: Normalizing state frequencies so that sum of them equals to 1
178  FLAVI+I       607.050      14  1242.099     1245.078     1284.797
WARNING: Normalizing state frequencies so that sum of them equals to 1
179  FLAVI+G4      607.048      14  1242.096     1245.074     1284.794
WARNING: Normalizing state frequencies so that sum of them equals to 1
180  FLAVI+I+G4    607.078      15  1244.156     1247.585     1289.904
WARNING: Normalizing state frequencies so that sum of them equals to 1
181  FLAVI+F       597.311      32  1258.622     1275.793     1356.218
WARNING: Normalizing state frequencies so that sum of them equals to 1
182  FLAVI+F+I     591.195      33  1248.390     1266.783     1349.035
WARNING: Normalizing state frequencies so that sum of them equals to 1
183  FLAVI+F+G4    591.201      33  1248.402     1266.795     1349.047
WARNING: Normalizing state frequencies so that sum of them equals to 1
184  FLAVI+F+I+G4  591.416      34  1250.832     1270.502     1354.527
185  HIVb          609.035      13  1244.069     1246.633     1283.718
186  HIVb+I        604.010      14  1236.020     1238.999     1278.718
187  HIVb+G4       604.029      14  1236.057     1239.036     1278.755
188  HIVb+I+G4     604.123      15  1238.246     1241.674     1283.994
189  HIVb+F        596.429      32  1256.858     1274.029     1354.454
190  HIVb+F+I      591.278      33  1248.556     1266.950     1349.202
191  HIVb+F+G4     591.298      33  1248.597     1266.990     1349.242
192  HIVb+F+I+G4   591.398      34  1250.795     1270.464     1354.490
193  HIVw          624.881      13  1275.761     1278.325     1315.409
194  HIVw+I        617.892      14  1263.784     1266.763     1306.482
195  HIVw+G4       617.976      14  1263.952     1266.931     1306.650
196  HIVw+I+G4     617.864      15  1265.727     1269.156     1311.475
197  HIVw+F        602.896      32  1269.792     1286.962     1367.387
198  HIVw+F+I      595.603      33  1257.207     1275.600     1357.852
199  HIVw+F+G4     595.714      33  1257.428     1275.822     1358.073
200  HIVw+F+I+G4   595.970      34  1259.941     1279.610     1363.636
201  FLU           609.555      13  1245.111     1247.674     1284.759
202  FLU+I         605.023      14  1238.046     1241.025     1280.744
203  FLU+G4        605.035      14  1238.070     1241.048     1280.768
204  FLU+I+G4      605.087      15  1240.174     1243.602     1285.921
205  FLU+F         594.567      32  1253.135     1270.305     1350.730
206  FLU+F+I       589.483      33  1244.965     1263.359     1345.611
207  FLU+F+G4      589.501      33  1245.002     1263.396     1345.647
208  FLU+F+I+G4    589.690      34  1247.380     1267.049     1351.075
209  rtREV         611.875      13  1249.751     1252.314     1289.399
210  rtREV+I       608.658      14  1245.316     1248.295     1288.014
211  rtREV+G4      608.766      14  1245.531     1248.510     1288.229
212  rtREV+I+G4    608.921      15  1247.843     1251.271     1293.590
213  rtREV+F       593.879      32  1251.758     1268.928     1349.353
214  rtREV+F+I     590.292      33  1246.583     1264.977     1347.228
215  rtREV+F+G4    590.390      33  1246.780     1265.174     1347.426
216  rtREV+F+I+G4  590.621      34  1249.242     1268.912     1352.937
217  cpREV         604.363      13  1234.726     1237.290     1274.374
218  cpREV+I       601.216      14  1230.432     1233.410     1273.130
219  cpREV+G4      601.343      14  1230.686     1233.665     1273.384
220  cpREV+I+G4    601.496      15  1232.993     1236.421     1278.741
221  cpREV+F       594.667      32  1253.335     1270.505     1350.930
222  cpREV+F+I     591.427      33  1248.854     1267.247     1349.499
223  cpREV+F+G4    591.569      33  1249.138     1267.531     1349.783
224  cpREV+F+I+G4  591.749      34  1251.499     1271.168     1355.194
Akaike Information Criterion:           Q.plant+I
Corrected Akaike Information Criterion: Q.plant+I
Bayesian Information Criterion:         Q.plant+I
Best-fit model: Q.plant+I chosen according to BIC

All model information printed to ../results/molecular_evolution_analyses/phylogenetic_trees/F42893_MLIG_G1/F42893_MLIG_G1.model.gz
CPU time for ModelFinder: 2.400 seconds (0h:0m:2s)
Wall-clock time for ModelFinder: 2.430 seconds (0h:0m:2s)
Generating 1000 samples for ultrafast bootstrap (seed: 333769)...
WARNING: Normalizing state frequencies so that sum of them equals to 1

NOTE: 0 MB RAM (0 GB) is required!
Estimate model parameters (epsilon = 0.100)
1. Initial log-likelihood: -596.801
Optimal log-likelihood: -596.801
Proportion of invariable sites: 0.682
Parameters optimization took 1 rounds (0.001 sec)
Wrote distance file to... 
Computing ML distances based on estimated model parameters...
Calculating distance matrix: done in 0.0031321 secs using 99.58% CPU
Computing ML distances took 0.003208 sec (of wall-clock time) 0.003195 sec (of CPU time)
Setting up auxiliary I and S matrices: done in 2.7895e-05 secs using 100.4% CPU
Constructing RapidNJ tree: done in 2.88486e-05 secs using 100.5% CPU
Computing RapidNJ tree took 0.000127 sec (of wall-clock time) 0.000126 sec (of CPU time)
Log-likelihood of RapidNJ tree: -597.136
--------------------------------------------------------------------
|             INITIALIZING CANDIDATE TREE SET                      |
--------------------------------------------------------------------
Generating 98 parsimony trees... 0.056 second
Computing log-likelihood of 44 initial trees ... 0.036 seconds
Current best score: -596.801

Do NNI search on 20 best initial trees
Optimizing NNI: done in 0.0018208 secs using 100.1% CPU
Estimate model parameters (epsilon = 0.100)
BETTER TREE FOUND at iteration 1: -596.801
Optimizing NNI: done in 0.00394082 secs using 100.1% CPU
Optimizing NNI: done in 0.00390601 secs using 100% CPU
Optimizing NNI: done in 0.00600314 secs using 149.5% CPU
Optimizing NNI: done in 0.00593996 secs using 112.2% CPU
Optimizing NNI: done in 0.00392389 secs using 133.9% CPU
Optimizing NNI: done in 0.00607491 secs using 199.9% CPU
Optimizing NNI: done in 0.00845885 secs using 147.7% CPU
Optimizing NNI: done in 0.00627112 secs using 147.4% CPU
Optimizing NNI: done in 0.00621891 secs using 47.76% CPU
Iteration 10 / LogL: -596.802 / Time: 0h:0m:0s
Optimizing NNI: done in 0.00608921 secs using 162.6% CPU
Optimizing NNI: done in 0.00398707 secs using 196.1% CPU
Optimizing NNI: done in 0.00400805 secs using 100% CPU
Optimizing NNI: done in 0.00416899 secs using 119.7% CPU
Optimizing NNI: done in 0.00414801 secs using 200.2% CPU
Optimizing NNI: done in 0.00406909 secs using 160.9% CPU
Optimizing NNI: done in 0.00404811 secs using 146.1% CPU
Optimizing NNI: done in 0.00601602 secs using 133.4% CPU
Optimizing NNI: done in 0.0060761 secs using 92.77% CPU
Optimizing NNI: done in 0.0082078 secs using 99.99% CPU
Iteration 20 / LogL: -596.802 / Time: 0h:0m:0s
Finish initializing candidate tree set (1)
Current best tree score: -596.801 / CPU time: 0.207
Number of iterations: 20
--------------------------------------------------------------------
|               OPTIMIZING CANDIDATE TREE SET                      |
--------------------------------------------------------------------
Optimizing NNI: done in 0.00923109 secs using 99.8% CPU
Optimizing NNI: done in 0.00747514 secs using 100% CPU
Optimizing NNI: done in 0.00363994 secs using 99.95% CPU
Optimizing NNI: done in 0.00380802 secs using 100% CPU
Optimizing NNI: done in 0.00378704 secs using 99.58% CPU
Optimizing NNI: done in 0.00361085 secs using 99.67% CPU
Optimizing NNI: done in 0.00377297 secs using 100% CPU
Optimizing NNI: done in 0.00173402 secs using 100% CPU
Optimizing NNI: done in 0.00567913 secs using 99.98% CPU
Optimizing NNI: done in 0.00766993 secs using 100% CPU
Iteration 30 / LogL: -596.817 / Time: 0h:0m:0s (0h:0m:0s left)
Optimizing NNI: done in 0.00777102 secs using 99.42% CPU
Optimizing NNI: done in 0.00386405 secs using 100% CPU
Optimizing NNI: done in 0.0054791 secs using 99.74% CPU
Optimizing NNI: done in 0.00404978 secs using 100% CPU
Optimizing NNI: done in 0.00364304 secs using 99.97% CPU
Optimizing NNI: done in 0.00764298 secs using 99.84% CPU
Optimizing NNI: done in 0.00528908 secs using 100% CPU
Optimizing NNI: done in 0.00773215 secs using 99.83% CPU
Optimizing NNI: done in 0.00377297 secs using 99.6% CPU
Optimizing NNI: done in 0.00172091 secs using 100% CPU
Iteration 40 / LogL: -596.801 / Time: 0h:0m:0s (0h:0m:0s left)
Optimizing NNI: done in 0.00374293 secs using 100.1% CPU
Optimizing NNI: done in 0.00383592 secs using 99.14% CPU
Optimizing NNI: done in 0.0059309 secs using 99.93% CPU
Optimizing NNI: done in 0.00371599 secs using 100% CPU
Optimizing NNI: done in 0.00373888 secs using 99.55% CPU
Optimizing NNI: done in 0.005759 secs using 100% CPU
Optimizing NNI: done in 0.0057869 secs using 99.73% CPU
Optimizing NNI: done in 0.00573087 secs using 99.81% CPU
Optimizing NNI: done in 0.00925112 secs using 99.99% CPU
Optimizing NNI: done in 0.00520706 secs using 99.98% CPU
Iteration 50 / LogL: -596.831 / Time: 0h:0m:0s (0h:0m:0s left)
Log-likelihood cutoff on original alignment: -613.198
Optimizing NNI: done in 0.00380087 secs using 99.61% CPU
Optimizing NNI: done in 0.00360012 secs using 100% CPU
Optimizing NNI: done in 0.00547194 secs using 100% CPU
Optimizing NNI: done in 0.00384498 secs using 99.95% CPU
Optimizing NNI: done in 0.00378799 secs using 99.97% CPU
Optimizing NNI: done in 0.00356603 secs using 99.72% CPU
Optimizing NNI: done in 0.00921011 secs using 99.67% CPU
Optimizing NNI: done in 0.00375509 secs using 99.94% CPU
Optimizing NNI: done in 0.00367713 secs using 100% CPU
Optimizing NNI: done in 0.00385284 secs using 99.74% CPU
Iteration 60 / LogL: -596.801 / Time: 0h:0m:0s (0h:0m:0s left)
Optimizing NNI: done in 0.00933886 secs using 99.86% CPU
Optimizing NNI: done in 0.00558305 secs using 99.98% CPU
Optimizing NNI: done in 0.00345683 secs using 100% CPU
Optimizing NNI: done in 0.00756311 secs using 100% CPU
Optimizing NNI: done in 0.00525594 secs using 100% CPU
Optimizing NNI: done in 0.00727892 secs using 99.71% CPU
Optimizing NNI: done in 0.00350118 secs using 99.74% CPU
Optimizing NNI: done in 0.00548291 secs using 99.75% CPU
Optimizing NNI: done in 0.001683 secs using 100% CPU
Optimizing NNI: done in 0.00367808 secs using 100% CPU
Iteration 70 / LogL: -596.801 / Time: 0h:0m:0s (0h:0m:0s left)
Optimizing NNI: done in 0.00898409 secs using 99.81% CPU
Optimizing NNI: done in 0.00359082 secs using 99.67% CPU
Optimizing NNI: done in 0.00375199 secs using 100% CPU
Optimizing NNI: done in 0.005373 secs using 99.96% CPU
Optimizing NNI: done in 0.0053668 secs using 99.74% CPU
Optimizing NNI: done in 0.00362706 secs using 99.72% CPU
Optimizing NNI: done in 0.00770402 secs using 100% CPU
Optimizing NNI: done in 0.0108931 secs using 100% CPU
Optimizing NNI: done in 0.00372195 secs using 99.97% CPU
Optimizing NNI: done in 0.00524688 secs using 99.98% CPU
Iteration 80 / LogL: -596.803 / Time: 0h:0m:0s (0h:0m:0s left)
Optimizing NNI: done in 0.00533986 secs using 100% CPU
Optimizing NNI: done in 0.00360799 secs using 99.97% CPU
Optimizing NNI: done in 0.00568914 secs using 100% CPU
Optimizing NNI: done in 0.0035851 secs using 100% CPU
Optimizing NNI: done in 0.0035758 secs using 99.98% CPU
Optimizing NNI: done in 0.00536084 secs using 99.98% CPU
Optimizing NNI: done in 0.00576496 secs using 99.98% CPU
Optimizing NNI: done in 0.0016408 secs using 100% CPU
Optimizing NNI: done in 0.00359297 secs using 99.58% CPU
Optimizing NNI: done in 0.00770521 secs using 99.82% CPU
Iteration 90 / LogL: -596.817 / Time: 0h:0m:0s (0h:0m:0s left)
Optimizing NNI: done in 0.00355101 secs using 99.66% CPU
Optimizing NNI: done in 0.00589919 secs using 100% CPU
Optimizing NNI: done in 0.00380015 secs using 100% CPU
Optimizing NNI: done in 0.00354886 secs using 100% CPU
Optimizing NNI: done in 0.00598192 secs using 100% CPU
Optimizing NNI: done in 0.00752401 secs using 99.81% CPU
Optimizing NNI: done in 0.00370884 secs using 99.6% CPU
Optimizing NNI: done in 0.00165701 secs using 99.94% CPU
Optimizing NNI: done in 0.00370717 secs using 100% CPU
Optimizing NNI: done in 0.00360179 secs using 99.67% CPU
Iteration 100 / LogL: -596.809 / Time: 0h:0m:1s (0h:0m:0s left)
Log-likelihood cutoff on original alignment: -613.198
NOTE: Bootstrap correlation coefficient of split occurrence frequencies: 0.999
Optimizing NNI: done in 0.007478 secs using 99.99% CPU
Optimizing NNI: done in 0.00779104 secs using 99.76% CPU
TREE SEARCH COMPLETED AFTER 102 ITERATIONS / Time: 0h:0m:1s

--------------------------------------------------------------------
|                    FINALIZING TREE SEARCH                        |
--------------------------------------------------------------------
Performs final model parameters optimization
Estimate model parameters (epsilon = 0.010)
1. Initial log-likelihood: -596.801
Optimal log-likelihood: -596.801
Proportion of invariable sites: 0.682
Parameters optimization took 1 rounds (0.001 sec)
BEST SCORE FOUND : -596.801

Testing tree branches by SH-like aLRT with 1000 replicates...
0.016 sec.
Creating bootstrap support values...
Split supports printed to NEXUS file ../results/molecular_evolution_analyses/phylogenetic_trees/F42893_MLIG_G1/F42893_MLIG_G1.splits.nex
Total tree length: 0.195

Total number of iterations: 102
CPU time used for tree search: 1.084 sec (0h:0m:1s)
Wall-clock time used for tree search: 1.060 sec (0h:0m:1s)
Total CPU time used: 1.152 sec (0h:0m:1s)
Total wall-clock time used: 1.128 sec (0h:0m:1s)

Computing bootstrap consensus tree...
Reading input file ../results/molecular_evolution_analyses/phylogenetic_trees/F42893_MLIG_G1/F42893_MLIG_G1.splits.nex...
8 taxa and 29 splits.
Consensus tree written to ../results/molecular_evolution_analyses/phylogenetic_trees/F42893_MLIG_G1/F42893_MLIG_G1.contree
Reading input trees file ../results/molecular_evolution_analyses/phylogenetic_trees/F42893_MLIG_G1/F42893_MLIG_G1.contree
Log-likelihood of consensus tree: -596.803

Analysis results written to: 
  IQ-TREE report:                ../results/molecular_evolution_analyses/phylogenetic_trees/F42893_MLIG_G1/F42893_MLIG_G1.iqtree
  Maximum-likelihood tree:       ../results/molecular_evolution_analyses/phylogenetic_trees/F42893_MLIG_G1/F42893_MLIG_G1.treefile
  Likelihood distances:          ../results/molecular_evolution_analyses/phylogenetic_trees/F42893_MLIG_G1/F42893_MLIG_G1.mldist

Ultrafast bootstrap approximation results written to:
  Split support values:          ../results/molecular_evolution_analyses/phylogenetic_trees/F42893_MLIG_G1/F42893_MLIG_G1.splits.nex
  Consensus tree:                ../results/molecular_evolution_analyses/phylogenetic_trees/F42893_MLIG_G1/F42893_MLIG_G1.contree
  Screen log file:               ../results/molecular_evolution_analyses/phylogenetic_trees/F42893_MLIG_G1/F42893_MLIG_G1.log

Date and Time: Thu Mar 28 11:21:49 2024
