IQ-TREE multicore version 2.2.2.6 COVID-edition for Linux 64-bit built May 27 2023
Developed by Bui Quang Minh, James Barbetti, Nguyen Lam Tung,
Olga Chernomor, Heiko Schmidt, Dominik Schrempf, Michael Woodhams, Ly Trong Nhan.

Host:    lbc5 (AVX2, FMA3, 125 GB RAM)
Command: /home/mauricio/mauricio_PROGRAMAS/iqtree-2.2.2.6-Linux/bin/iqtree2 -s ../results/molecular_evolution_analyses/alignments_gblocks/F95741_HDIM_G1/F95741_HDIM_G1.aln.gblo -m TEST --threads-max 32 --alrt 1000 --ufboot 1000 --prefix ../results/molecular_evolution_analyses/phylogenetic_trees/F95741_HDIM_G1/F95741_HDIM_G1
Seed:    488516 (Using SPRNG - Scalable Parallel Random Number Generator)
Time:    Thu Mar 28 11:19:30 2024
Kernel:  AVX+FMA - 1 threads (32 CPU cores detected)

HINT: Use -nt option to specify number of threads because your CPU has 32 cores!
HINT: -nt AUTO will automatically determine the best number of threads to use.

Reading alignment file ../results/molecular_evolution_analyses/alignments_gblocks/F95741_HDIM_G1/F95741_HDIM_G1.aln.gblo ... Fasta format detected
Reading fasta file: done in 3.00407e-05 secs using 96.54% CPU
Alignment most likely contains protein sequences
Constructing alignment: done in 4.3869e-05 secs using 100.3% CPU
Alignment has 6 sequences with 28 columns, 23 distinct patterns
2 parsimony-informative, 10 singleton sites, 16 constant sites
            Gap/Ambiguity  Composition  p-value
Analyzing sequences: done in 6.91414e-06 secs using 86.78% CPU
   1  Hdim.8691     0.00%    passed     99.21%
   2  Hdim.3386     0.00%    passed    100.00%
   3  Hdim.12530    0.00%    passed     99.54%
   4  Hdim.7087     0.00%    passed    100.00%
   5  Hdim.8127     0.00%    passed     99.94%
   6  Hdim.13326    0.00%    passed     98.98%
****  TOTAL         0.00%  0 sequences failed composition chi2 test (p-value<5%; df=17)
Checking for duplicate sequences: done in 1.69277e-05 secs using 100.4% CPU


Create initial parsimony tree by phylogenetic likelihood library (PLL)... 0.000 seconds
Perform fast likelihood tree search using LG+I+G model...
Estimate model parameters (epsilon = 5.000)
Perform nearest neighbor interchange...
Optimizing NNI: done in 0.00211215 secs using 99.95% CPU
Estimate model parameters (epsilon = 1.000)
1. Initial log-likelihood: -166.841
Optimal log-likelihood: -166.802
Proportion of invariable sites: 0.248
Gamma shape alpha: 998.442
Parameters optimization took 1 rounds (0.003 sec)
Time for fast ML tree search: 0.010 seconds

NOTE: ModelFinder requires 0 MB RAM!
ModelFinder will test up to 224 protein models (sample size: 28) ...
 No. Model         -LnL         df  AIC          AICc         BIC
  1  LG            166.610      9   351.220      361.220      363.210
  2  LG+I          166.608      10  353.215      366.157      366.537
  3  LG+G4         166.610      10  353.220      366.162      366.542
  4  LG+I+G4       166.773      11  355.546      372.046      370.201
  5  LG+F          161.885      28  379.771      2003.771     417.073
  6  LG+F+I        161.885      29  381.771      2121.771     420.405
  7  LG+F+G4       161.886      29  381.772      2121.772     420.406
  8  LG+F+I+G4     162.169      30  384.338      2244.338     424.304
  9  WAG           164.928      9   347.856      357.856      359.845
 10  WAG+I         164.928      10  349.856      362.797      363.178
 11  WAG+G4        164.928      10  349.857      362.798      363.179
 12  WAG+I+G4      165.230      11  352.461      368.961      367.115
 13  WAG+F         160.222      28  376.444      2000.444     413.745
 14  WAG+F+I       160.222      29  378.444      2118.444     417.078
 15  WAG+F+G4      160.223      29  378.445      2118.445     417.079
 16  WAG+F+I+G4    160.579      30  381.158      2241.158     421.124
 17  JTT           163.701      9   345.402      355.402      357.392
 18  JTT+I         163.698      10  347.395      360.336      360.717
 19  JTT+G4        163.701      10  347.403      360.344      360.725
 20  JTT+I+G4      163.850      11  349.701      366.201      364.355
 21  JTT+F         158.823      28  373.646      1997.646     410.948
 22  JTT+F+I       158.823      29  375.646      2115.646     414.280
 23  JTT+F+G4      158.824      29  375.647      2115.647     414.281
 24  JTT+F+I+G4    159.072      30  378.143      2238.143     418.109
WARNING: Normalizing state frequencies so that sum of them equals to 1
 25  Q.pfam        167.174      9   352.348      362.348      364.337
WARNING: Normalizing state frequencies so that sum of them equals to 1
 26  Q.pfam+I      167.169      10  354.338      367.279      367.660
WARNING: Normalizing state frequencies so that sum of them equals to 1
 27  Q.pfam+G4     167.174      10  354.348      367.289      367.670
WARNING: Normalizing state frequencies so that sum of them equals to 1
 28  Q.pfam+I+G4   167.320      11  356.639      373.139      371.293
WARNING: Normalizing state frequencies so that sum of them equals to 1
 29  Q.pfam+F      162.199      28  380.397      2004.397     417.699
WARNING: Normalizing state frequencies so that sum of them equals to 1
 30  Q.pfam+F+I    162.199      29  382.397      2122.397     421.031
WARNING: Normalizing state frequencies so that sum of them equals to 1
 31  Q.pfam+F+G4   162.199      29  382.398      2122.398     421.032
WARNING: Normalizing state frequencies so that sum of them equals to 1
 32  Q.pfam+F+I+G4 162.450      30  384.900      2244.900     424.866
WARNING: Normalizing state frequencies so that sum of them equals to 1
 33  Q.bird        164.218      9   346.435      356.435      358.425
WARNING: Normalizing state frequencies so that sum of them equals to 1
 34  Q.bird+I      164.152      10  348.304      361.245      361.626
WARNING: Normalizing state frequencies so that sum of them equals to 1
 35  Q.bird+G4     164.176      10  348.352      361.293      361.674
WARNING: Normalizing state frequencies so that sum of them equals to 1
 36  Q.bird+I+G4   164.199      11  350.399      366.899      365.053
WARNING: Normalizing state frequencies so that sum of them equals to 1
 37  Q.bird+F      158.904      28  373.808      1997.808     411.109
WARNING: Normalizing state frequencies so that sum of them equals to 1
 38  Q.bird+F+I    158.900      29  375.800      2115.800     414.434
WARNING: Normalizing state frequencies so that sum of them equals to 1
 39  Q.bird+F+G4   158.904      29  375.808      2115.808     414.442
WARNING: Normalizing state frequencies so that sum of them equals to 1
 40  Q.bird+F+I+G4 159.069      30  378.138      2238.138     418.104
WARNING: Normalizing state frequencies so that sum of them equals to 1
 41  Q.mammal      164.495      9   346.991      356.991      358.981
WARNING: Normalizing state frequencies so that sum of them equals to 1
 42  Q.mammal+I    164.453      10  348.906      361.847      362.228
WARNING: Normalizing state frequencies so that sum of them equals to 1
 43  Q.mammal+G4   164.480      10  348.960      361.901      362.282
WARNING: Normalizing state frequencies so that sum of them equals to 1
 44  Q.mammal+I+G4 164.522      11  351.044      367.544      365.699
WARNING: Normalizing state frequencies so that sum of them equals to 1
 45  Q.mammal+F    159.162      28  374.325      1998.325     411.626
WARNING: Normalizing state frequencies so that sum of them equals to 1
 46  Q.mammal+F+I  159.162      29  376.325      2116.325     414.959
WARNING: Normalizing state frequencies so that sum of them equals to 1
 47  Q.mammal+F+G4 159.163      29  376.325      2116.325     414.959
WARNING: Normalizing state frequencies so that sum of them equals to 1
 48  Q.mammal+F+I+G4 159.385      30  378.770      2238.770     418.736
 49  Q.insect      165.682      9   349.365      359.365      361.354
 50  Q.insect+I    165.665      10  351.329      364.270      364.651
 51  Q.insect+G4   165.682      10  351.365      364.306      364.687
 52  Q.insect+I+G4 165.772      11  353.543      370.043      368.198
 53  Q.insect+F    161.973      28  379.946      2003.946     417.248
 54  Q.insect+F+I  161.973      29  381.946      2121.946     420.580
 55  Q.insect+F+G4 161.974      29  381.947      2121.947     420.581
 56  Q.insect+F+I+G4 162.199      30  384.397      2244.397     424.363
WARNING: Normalizing state frequencies so that sum of them equals to 1
 57  Q.plant       163.465      9   344.929      354.929      356.919
WARNING: Normalizing state frequencies so that sum of them equals to 1
 58  Q.plant+I     163.437      10  346.873      359.814      360.195
WARNING: Normalizing state frequencies so that sum of them equals to 1
 59  Q.plant+G4    163.463      10  346.926      359.867      360.248
WARNING: Normalizing state frequencies so that sum of them equals to 1
 60  Q.plant+I+G4  163.527      11  349.054      365.554      363.709
WARNING: Normalizing state frequencies so that sum of them equals to 1
 61  Q.plant+F     159.217      28  374.434      1998.434     411.735
WARNING: Normalizing state frequencies so that sum of them equals to 1
 62  Q.plant+F+I   159.217      29  376.434      2116.434     415.067
WARNING: Normalizing state frequencies so that sum of them equals to 1
 63  Q.plant+F+G4  159.217      29  376.434      2116.434     415.068
WARNING: Normalizing state frequencies so that sum of them equals to 1
 64  Q.plant+F+I+G4 159.445      30  378.891      2238.891     418.857
WARNING: Normalizing state frequencies so that sum of them equals to 1
 65  Q.yeast       165.990      9   349.980      359.980      361.970
WARNING: Normalizing state frequencies so that sum of them equals to 1
 66  Q.yeast+I     165.979      10  351.959      364.900      365.281
WARNING: Normalizing state frequencies so that sum of them equals to 1
 67  Q.yeast+G4    165.990      10  351.980      364.921      365.302
WARNING: Normalizing state frequencies so that sum of them equals to 1
 68  Q.yeast+I+G4  166.105      11  354.211      370.711      368.865
WARNING: Normalizing state frequencies so that sum of them equals to 1
 69  Q.yeast+F     162.480      28  380.961      2004.961     418.263
WARNING: Normalizing state frequencies so that sum of them equals to 1
 70  Q.yeast+F+I   162.480      29  382.961      2122.961     421.595
WARNING: Normalizing state frequencies so that sum of them equals to 1
 71  Q.yeast+F+G4  162.481      29  382.962      2122.962     421.596
WARNING: Normalizing state frequencies so that sum of them equals to 1
 72  Q.yeast+F+I+G4 162.674      30  385.348      2245.348     425.315
 73  JTTDCMut      163.639      9   345.279      355.279      357.268
 74  JTTDCMut+I    163.636      10  347.272      360.213      360.594
 75  JTTDCMut+G4   163.639      10  347.279      360.220      360.601
 76  JTTDCMut+I+G4 163.790      11  349.580      366.080      364.234
 77  JTTDCMut+F    158.761      28  373.521      1997.521     410.823
 78  JTTDCMut+F+I  158.761      29  375.521      2115.521     414.155
 79  JTTDCMut+F+G4 158.761      29  375.522      2115.522     414.156
 80  JTTDCMut+F+I+G4 159.003      30  378.007      2238.007     417.973
 81  DCMut         166.081      9   350.162      360.162      362.152
 82  DCMut+I       166.081      10  352.162      365.103      365.484
 83  DCMut+G4      166.081      10  352.163      365.104      365.485
 84  DCMut+I+G4    166.407      11  354.815      371.315      369.469
 85  DCMut+F       161.124      28  378.249      2002.249     415.551
 86  DCMut+F+I     161.124      29  380.249      2120.249     418.883
 87  DCMut+F+G4    161.125      29  380.250      2120.250     418.884
 88  DCMut+F+I+G4  161.437      30  382.873      2242.873     422.840
 89  VT            166.224      9   350.448      360.448      362.438
 90  VT+I          166.224      10  352.448      365.389      365.770
 91  VT+G4         166.225      10  352.449      365.390      365.771
 92  VT+I+G4       166.434      11  354.869      371.369      369.523
 93  VT+F          161.687      28  379.375      2003.375     416.677
 94  VT+F+I        161.687      29  381.375      2121.375     420.009
 95  VT+F+G4       161.688      29  381.376      2121.376     420.010
 96  VT+F+I+G4     161.985      30  383.970      2243.970     423.937
 97  PMB           167.285      9   352.569      362.569      364.559
 98  PMB+I         167.285      10  354.569      367.510      367.891
 99  PMB+G4        167.285      10  354.571      367.512      367.893
100  PMB+I+G4      167.581      11  357.162      373.662      371.816
101  PMB+F         162.219      28  380.438      2004.438     417.739
102  PMB+F+I       162.219      29  382.438      2122.438     421.072
103  PMB+F+G4      162.220      29  382.439      2122.439     421.073
104  PMB+F+I+G4    162.600      30  385.200      2245.200     425.166
105  Blosum62      168.392      9   354.785      364.785      366.774
106  Blosum62+I    168.392      10  356.785      369.726      370.107
107  Blosum62+G4   168.393      10  356.786      369.727      370.108
108  Blosum62+I+G4 168.680      11  359.361      375.861      374.015
109  Blosum62+F    163.166      28  382.332      2006.332     419.633
110  Blosum62+F+I  163.166      29  384.332      2124.332     422.966
111  Blosum62+F+G4 163.167      29  384.333      2124.333     422.967
112  Blosum62+F+I+G4 163.565      30  387.130      2247.130     427.097
113  Dayhoff       166.057      9   350.114      360.114      362.104
114  Dayhoff+I     166.057      10  352.114      365.055      365.436
115  Dayhoff+G4    166.057      10  352.115      365.056      365.437
116  Dayhoff+I+G4  166.384      11  354.769      371.269      369.423
117  Dayhoff+F     161.101      28  378.201      2002.201     415.503
118  Dayhoff+F+I   161.101      29  380.201      2120.201     418.835
119  Dayhoff+F+G4  161.101      29  380.203      2120.203     418.837
120  Dayhoff+F+I+G4 161.414      30  382.827      2242.827     422.793
121  mtREV         167.099      9   352.199      362.199      364.189
122  mtREV+I       167.057      10  354.113      367.055      367.435
123  mtREV+G4      167.047      10  354.094      367.035      367.416
124  mtREV+I+G4    167.134      11  356.267      372.767      370.922
125  mtREV+F       160.754      28  377.508      2001.508     414.810
126  mtREV+F+I     160.754      29  379.507      2119.507     418.141
127  mtREV+F+G4    160.754      29  379.508      2119.508     418.142
128  mtREV+F+I+G4  160.936      30  381.871      2241.871     421.837
129  mtART         169.141      9   356.282      366.282      368.272
130  mtART+I       169.013      10  358.026      370.967      371.348
131  mtART+G4      169.019      10  358.039      370.980      371.361
132  mtART+I+G4    169.060      11  360.119      376.619      374.774
133  mtART+F       158.685      28  373.371      1997.371     410.673
134  mtART+F+I     158.685      29  375.371      2115.371     414.005
135  mtART+F+G4    158.686      29  375.372      2115.372     414.006
136  mtART+F+I+G4  159.023      30  378.047      2238.047     418.013
137  mtZOA         168.443      9   354.887      364.887      366.877
138  mtZOA+I       168.357      10  356.713      369.654      370.035
139  mtZOA+G4      168.389      10  356.779      369.720      370.101
140  mtZOA+I+G4    168.423      11  358.847      375.347      373.501
141  mtZOA+F       158.734      28  373.468      1997.468     410.770
142  mtZOA+F+I     158.734      29  375.468      2115.468     414.102
143  mtZOA+F+G4    158.735      29  375.470      2115.470     414.104
144  mtZOA+F+I+G4  159.075      30  378.150      2238.150     418.116
145  mtMet         165.097      9   348.194      358.194      360.184
146  mtMet+I       165.093      10  350.186      363.127      363.508
147  mtMet+G4      165.097      10  350.195      363.136      363.517
148  mtMet+I+G4    165.257      11  352.514      369.014      367.168
149  mtMet+F       157.171      28  370.341      1994.341     407.643
150  mtMet+F+I     157.171      29  372.341      2112.341     410.975
151  mtMet+F+G4    157.172      29  372.343      2112.343     410.977
152  mtMet+F+I+G4  157.568      30  375.136      2235.136     415.102
153  mtVer         165.055      9   348.110      358.110      360.099
154  mtVer+I       165.054      10  350.108      363.049      363.430
155  mtVer+G4      165.055      10  350.110      363.051      363.432
156  mtVer+I+G4    165.239      11  352.478      368.978      367.132
157  mtVer+F       157.536      28  371.072      1995.072     408.374
158  mtVer+F+I     157.536      29  373.072      2113.072     411.706
159  mtVer+F+G4    157.537      29  373.074      2113.074     411.708
160  mtVer+F+I+G4  157.920      30  375.839      2235.839     415.805
161  mtInv         168.321      9   354.641      364.641      366.631
162  mtInv+I       168.319      10  356.637      369.579      369.959
163  mtInv+G4      168.321      10  356.641      369.583      369.963
164  mtInv+I+G4    168.491      11  358.983      375.483      373.637
165  mtInv+F       157.524      28  371.049      1995.049     408.350
166  mtInv+F+I     157.524      29  373.049      2113.049     411.682
167  mtInv+F+G4    157.525      29  373.050      2113.050     411.684
168  mtInv+F+I+G4  157.917      30  375.834      2235.834     415.800
169  mtMAM         166.054      9   350.107      360.107      362.097
170  mtMAM+I       166.020      10  352.039      364.980      365.361
171  mtMAM+G4      165.990      10  351.980      364.921      365.302
172  mtMAM+I+G4    166.116      11  354.233      370.733      368.887
173  mtMAM+F       158.549      28  373.098      1997.098     410.399
174  mtMAM+F+I     158.549      29  375.098      2115.098     413.732
175  mtMAM+F+G4    158.549      29  375.099      2115.099     413.732
176  mtMAM+F+I+G4  158.901      30  377.802      2237.802     417.768
WARNING: Normalizing state frequencies so that sum of them equals to 1
177  FLAVI         165.966      9   349.933      359.933      361.923
WARNING: Normalizing state frequencies so that sum of them equals to 1
178  FLAVI+I       165.676      10  351.352      364.293      364.674
WARNING: Normalizing state frequencies so that sum of them equals to 1
179  FLAVI+G4      165.792      10  351.584      364.525      364.906
WARNING: Normalizing state frequencies so that sum of them equals to 1
180  FLAVI+I+G4    165.676      11  353.353      369.853      368.007
WARNING: Normalizing state frequencies so that sum of them equals to 1
181  FLAVI+F       159.755      28  375.511      1999.511     412.812
WARNING: Normalizing state frequencies so that sum of them equals to 1
182  FLAVI+F+I     159.714      29  377.428      2117.428     416.062
WARNING: Normalizing state frequencies so that sum of them equals to 1
183  FLAVI+F+G4    159.752      29  377.504      2117.504     416.138
WARNING: Normalizing state frequencies so that sum of them equals to 1
184  FLAVI+F+I+G4  159.783      30  379.565      2239.565     419.531
185  HIVb          165.685      9   349.371      359.371      361.361
186  HIVb+I        165.571      10  351.142      364.083      364.464
187  HIVb+G4       165.652      10  351.304      364.245      364.626
188  HIVb+I+G4     165.591      11  353.183      369.683      367.837
189  HIVb+F        159.634      28  375.267      1999.267     412.569
190  HIVb+F+I      159.564      29  377.127      2117.127     415.761
191  HIVb+F+G4     159.617      29  377.233      2117.233     415.867
192  HIVb+F+I+G4   159.610      30  379.220      2239.220     419.186
193  HIVw          168.516      9   355.032      365.032      367.021
194  HIVw+I        168.305      10  356.610      369.551      369.932
195  HIVw+G4       168.363      10  356.726      369.667      370.048
196  HIVw+I+G4     168.306      11  358.613      375.113      373.267
197  HIVw+F        161.998      28  379.997      2003.997     417.299
198  HIVw+F+I      161.951      29  381.903      2121.903     420.537
199  HIVw+F+G4     161.994      29  381.988      2121.988     420.622
200  HIVw+F+I+G4   162.007      30  384.013      2244.013     423.979
201  FLU           165.865      9   349.730      359.730      361.720
202  FLU+I         165.740      10  351.480      364.421      364.802
203  FLU+G4        165.809      10  351.618      364.559      364.940
204  FLU+I+G4      165.762      11  353.525      370.025      368.179
205  FLU+F         160.428      28  376.856      2000.856     414.158
206  FLU+F+I       160.419      29  378.839      2118.839     417.473
207  FLU+F+G4      160.428      29  378.857      2118.857     417.491
208  FLU+F+I+G4    160.543      30  381.086      2241.086     421.052
209  rtREV         166.653      9   351.305      361.305      363.295
210  rtREV+I       166.653      10  353.305      366.246      366.627
211  rtREV+G4      166.653      10  353.306      366.247      366.628
212  rtREV+I+G4    166.915      11  355.830      372.330      370.484
213  rtREV+F       161.725      28  379.451      2003.451     416.752
214  rtREV+F+I     161.725      29  381.451      2121.451     420.085
215  rtREV+F+G4    161.726      29  381.452      2121.452     420.086
216  rtREV+F+I+G4  162.034      30  384.069      2244.069     424.035
217  cpREV         163.569      9   345.138      355.138      357.128
218  cpREV+I       163.540      10  347.080      360.021      360.402
219  cpREV+G4      163.569      10  347.138      360.079      360.460
220  cpREV+I+G4    163.644      11  349.287      365.787      363.942
221  cpREV+F       159.154      28  374.307      1998.307     411.609
222  cpREV+F+I     159.154      29  376.307      2116.307     414.941
223  cpREV+F+G4    159.154      29  376.308      2116.308     414.942
224  cpREV+F+I+G4  159.390      30  378.780      2238.780     418.746
Akaike Information Criterion:           Q.plant
Corrected Akaike Information Criterion: Q.plant
Bayesian Information Criterion:         Q.plant
Best-fit model: Q.plant chosen according to BIC

All model information printed to ../results/molecular_evolution_analyses/phylogenetic_trees/F95741_HDIM_G1/F95741_HDIM_G1.model.gz
CPU time for ModelFinder: 0.993 seconds (0h:0m:0s)
Wall-clock time for ModelFinder: 1.004 seconds (0h:0m:1s)
NOTE: State(s) C, W not present in alignment and thus removed from Markov process to prevent numerical problems
NOTE: 2 states (see above) are not present and thus removed from Markov process to prevent numerical problems
Generating 1000 samples for ultrafast bootstrap (seed: 488516)...
WARNING: Normalizing state frequencies so that sum of them equals to 1

NOTE: 0 MB RAM (0 GB) is required!
Estimate model parameters (epsilon = 0.100)
1. Initial log-likelihood: -163.465
Optimal log-likelihood: -163.465
Parameters optimization took 1 rounds (0.000 sec)
Wrote distance file to... 
Computing ML distances based on estimated model parameters...
Calculating distance matrix: done in 0.00180101 secs using 99.56% CPU
Computing ML distances took 0.001858 sec (of wall-clock time) 0.001851 sec (of CPU time)
Setting up auxiliary I and S matrices: done in 3.40939e-05 secs using 99.72% CPU
Constructing RapidNJ tree: done in 2.09808e-05 secs using 104.9% CPU
Computing RapidNJ tree took 0.000128 sec (of wall-clock time) 0.000126 sec (of CPU time)
Log-likelihood of RapidNJ tree: -163.465
--------------------------------------------------------------------
|             INITIALIZING CANDIDATE TREE SET                      |
--------------------------------------------------------------------
Generating 98 parsimony trees... 0.026 second
Computing log-likelihood of 47 initial trees ... 0.016 seconds
Current best score: -163.106

Do NNI search on 20 best initial trees
Optimizing NNI: done in 0.00100207 secs using 99.99% CPU
Estimate model parameters (epsilon = 0.100)
BETTER TREE FOUND at iteration 1: -163.106
Optimizing NNI: done in 0.000984907 secs using 100% CPU
Optimizing NNI: done in 0.00095892 secs using 100% CPU
Optimizing NNI: done in 0.000941992 secs using 100% CPU
BETTER TREE FOUND at iteration 4: -163.106
Optimizing NNI: done in 0.000962973 secs using 108.2% CPU
Optimizing NNI: done in 0.000946999 secs using 200.1% CPU
Optimizing NNI: done in 0.000936031 secs using 199.9% CPU
Optimizing NNI: done in 0.000899076 secs using 198.2% CPU
Optimizing NNI: done in 0.000931978 secs using 150.5% CPU
BETTER TREE FOUND at iteration 9: -163.106
Optimizing NNI: done in 0.000944853 secs using 100% CPU
Iteration 10 / LogL: -163.106 / Time: 0h:0m:0s
Optimizing NNI: done in 0.000907898 secs using 100.1% CPU
Optimizing NNI: done in 0.000915051 secs using 99.56% CPU
Optimizing NNI: done in 0.00188112 secs using 188.1% CPU
Optimizing NNI: done in 0.00184011 secs using 198.6% CPU
Optimizing NNI: done in 0.00187588 secs using 110.1% CPU
Optimizing NNI: done in 0.000913858 secs using 100% CPU
Optimizing NNI: done in 0.000911951 secs using 100.1% CPU
Optimizing NNI: done in 0.00083518 secs using 100.2% CPU
Optimizing NNI: done in 0.000905037 secs using 99.89% CPU
Optimizing NNI: done in 0.000937939 secs using 100% CPU
Iteration 20 / LogL: -163.465 / Time: 0h:0m:0s
Finish initializing candidate tree set (11)
Current best tree score: -163.106 / CPU time: 0.072
Number of iterations: 20
--------------------------------------------------------------------
|               OPTIMIZING CANDIDATE TREE SET                      |
--------------------------------------------------------------------
Optimizing NNI: done in 0.000965118 secs using 197.5% CPU
UPDATE BEST LOG-LIKELIHOOD: -163.106
Optimizing NNI: done in 0.000859976 secs using 96.98% CPU
Optimizing NNI: done in 0.000998974 secs using 161.5% CPU
Optimizing NNI: done in 0.00162601 secs using 100% CPU
Optimizing NNI: done in 0.000946999 secs using 199.9% CPU
Optimizing NNI: done in 0.000939131 secs using 200.4% CPU
Optimizing NNI: done in 0.00192404 secs using 99.89% CPU
UPDATE BEST LOG-LIKELIHOOD: -163.106
Optimizing NNI: done in 0.00193191 secs using 199.6% CPU
UPDATE BEST LOG-LIKELIHOOD: -163.106
Optimizing NNI: done in 0.00166512 secs using 199.4% CPU
UPDATE BEST LOG-LIKELIHOOD: -163.106
Optimizing NNI: done in 0.000957012 secs using 97.18% CPU
Iteration 30 / LogL: -163.106 / Time: 0h:0m:0s (0h:0m:0s left)
Optimizing NNI: done in 0.000954151 secs using 199.3% CPU
Optimizing NNI: done in 0.00188994 secs using 197.7% CPU
Optimizing NNI: done in 0.000916004 secs using 198.9% CPU
Optimizing NNI: done in 0.00157905 secs using 99.87% CPU
Optimizing NNI: done in 0.00262403 secs using 198.9% CPU
Optimizing NNI: done in 0.00090909 secs using 198.1% CPU
Optimizing NNI: done in 0.000945091 secs using 99.99% CPU
Optimizing NNI: done in 0.000933886 secs using 100% CPU
Optimizing NNI: done in 0.000916004 secs using 99.89% CPU
Optimizing NNI: done in 0.0018692 secs using 199.7% CPU
Iteration 40 / LogL: -163.106 / Time: 0h:0m:0s (0h:0m:0s left)
Optimizing NNI: done in 0.000941992 secs using 199.7% CPU
Optimizing NNI: done in 0.0016129 secs using 99.94% CPU
Optimizing NNI: done in 0.00177002 secs using 99.26% CPU
Optimizing NNI: done in 0.000918865 secs using 99.8% CPU
Optimizing NNI: done in 0.000943899 secs using 99.8% CPU
Optimizing NNI: done in 0.00173593 secs using 99.89% CPU
Optimizing NNI: done in 0.000961065 secs using 99.99% CPU
Optimizing NNI: done in 0.000916004 secs using 100% CPU
Optimizing NNI: done in 0.000942945 secs using 99.79% CPU
Optimizing NNI: done in 0.000882864 secs using 99.79% CPU
Iteration 50 / LogL: -163.106 / Time: 0h:0m:0s (0h:0m:0s left)
Log-likelihood cutoff on original alignment: -164.853
Optimizing NNI: done in 0.00168085 secs using 99.83% CPU
Optimizing NNI: done in 0.000921965 secs using 100.1% CPU
Optimizing NNI: done in 0.000917912 secs using 100% CPU
Optimizing NNI: done in 0.00161791 secs using 99.88% CPU
Optimizing NNI: done in 0.00078702 secs using 99.87% CPU
Optimizing NNI: done in 0.00277591 secs using 100% CPU
Optimizing NNI: done in 0.00159216 secs using 99.99% CPU
Optimizing NNI: done in 0.0017972 secs using 99.93% CPU
Optimizing NNI: done in 0.00163388 secs using 100% CPU
Optimizing NNI: done in 0.000764132 secs using 99.85% CPU
Iteration 60 / LogL: -163.106 / Time: 0h:0m:0s (0h:0m:0s left)
Optimizing NNI: done in 0.000938892 secs using 99.8% CPU
Optimizing NNI: done in 0.00090909 secs using 99.99% CPU
Optimizing NNI: done in 0.000874043 secs using 94.05% CPU
Optimizing NNI: done in 0.000792027 secs using 99.87% CPU
Optimizing NNI: done in 0.000946999 secs using 99.89% CPU
Optimizing NNI: done in 0.000951052 secs using 99.99% CPU
Optimizing NNI: done in 0.000946045 secs using 99.89% CPU
Optimizing NNI: done in 0.000941992 secs using 99.89% CPU
Optimizing NNI: done in 0.000938177 secs using 99.98% CPU
Optimizing NNI: done in 0.000962973 secs using 99.8% CPU
Iteration 70 / LogL: -163.106 / Time: 0h:0m:0s (0h:0m:0s left)
Optimizing NNI: done in 0.00187516 secs using 99.99% CPU
Optimizing NNI: done in 0.000960827 secs using 99.71% CPU
Optimizing NNI: done in 0.00160313 secs using 99.93% CPU
Optimizing NNI: done in 0.000963926 secs using 99.8% CPU
Optimizing NNI: done in 0.000943899 secs using 100% CPU
Optimizing NNI: done in 0.000914812 secs using 98.38% CPU
Optimizing NNI: done in 0.0017879 secs using 99.95% CPU
Optimizing NNI: done in 0.000799179 secs using 99.98% CPU
Optimizing NNI: done in 0.00150895 secs using 100% CPU
Optimizing NNI: done in 0.000938892 secs using 99.9% CPU
Iteration 80 / LogL: -163.106 / Time: 0h:0m:0s (0h:0m:0s left)
Optimizing NNI: done in 0.000939131 secs using 99.88% CPU
Optimizing NNI: done in 0.000932932 secs using 99.9% CPU
Optimizing NNI: done in 0.000779152 secs using 99.85% CPU
Optimizing NNI: done in 0.000785112 secs using 99.86% CPU
Optimizing NNI: done in 0.000921011 secs using 99.89% CPU
Optimizing NNI: done in 0.000782967 secs using 100% CPU
Optimizing NNI: done in 0.000919104 secs using 99.99% CPU
Optimizing NNI: done in 0.000923157 secs using 99.98% CPU
Optimizing NNI: done in 0.000946045 secs using 100% CPU
Optimizing NNI: done in 0.00178289 secs using 99.89% CPU
Iteration 90 / LogL: -163.106 / Time: 0h:0m:0s (0h:0m:0s left)
Optimizing NNI: done in 0.000944138 secs using 99.88% CPU
Optimizing NNI: done in 0.00175309 secs using 99.94% CPU
Optimizing NNI: done in 0.00178695 secs using 99.95% CPU
Optimizing NNI: done in 0.00172997 secs using 100.1% CPU
Optimizing NNI: done in 0.000936031 secs using 99.78% CPU
Optimizing NNI: done in 0.00078702 secs using 99.87% CPU
Optimizing NNI: done in 0.00187898 secs using 99.95% CPU
Optimizing NNI: done in 0.000941038 secs using 99.89% CPU
Optimizing NNI: done in 0.000895977 secs using 100% CPU
Optimizing NNI: done in 0.000795126 secs using 99.73% CPU
Iteration 100 / LogL: -163.106 / Time: 0h:0m:0s (0h:0m:0s left)
Log-likelihood cutoff on original alignment: -164.853
NOTE: Bootstrap correlation coefficient of split occurrence frequencies: 0.985
NOTE: UFBoot does not converge, continue at least 100 more iterations
Optimizing NNI: done in 0.00163984 secs using 99.89% CPU
Optimizing NNI: done in 0.000956059 secs using 99.78% CPU
Optimizing NNI: done in 0.00177097 secs using 100% CPU
Optimizing NNI: done in 0.00160503 secs using 100% CPU
Optimizing NNI: done in 0.000910997 secs using 99.89% CPU
Optimizing NNI: done in 0.00177717 secs using 99.93% CPU
Optimizing NNI: done in 0.00175905 secs using 99.88% CPU
Optimizing NNI: done in 0.00188422 secs using 99.94% CPU
Optimizing NNI: done in 0.000874043 secs using 99.77% CPU
Optimizing NNI: done in 0.000946999 secs using 99.89% CPU
Iteration 110 / LogL: -163.106 / Time: 0h:0m:0s (0h:0m:0s left)
Optimizing NNI: done in 0.000941038 secs using 99.78% CPU
Optimizing NNI: done in 0.000917912 secs using 99.9% CPU
Optimizing NNI: done in 0.000962019 secs using 99.79% CPU
Optimizing NNI: done in 0.00172591 secs using 99.83% CPU
Optimizing NNI: done in 0.00160098 secs using 99.88% CPU
Optimizing NNI: done in 0.000913143 secs using 99.87% CPU
Optimizing NNI: done in 0.00187993 secs using 99.95% CPU
Optimizing NNI: done in 0.00171113 secs using 99.93% CPU
Optimizing NNI: done in 0.000769854 secs using 99.89% CPU
Optimizing NNI: done in 0.000911951 secs using 99.79% CPU
Iteration 120 / LogL: -163.106 / Time: 0h:0m:0s (0h:0m:0s left)
Optimizing NNI: done in 0.000779152 secs using 99.85% CPU
Optimizing NNI: done in 0.00186396 secs using 99.95% CPU
Optimizing NNI: done in 0.000916004 secs using 99.89% CPU
Optimizing NNI: done in 0.000902176 secs using 99.98% CPU
Optimizing NNI: done in 0.000963211 secs using 98.73% CPU
Optimizing NNI: done in 0.000914097 secs using 99.88% CPU
Optimizing NNI: done in 0.001616 secs using 99.94% CPU
Optimizing NNI: done in 0.00090313 secs using 99.76% CPU
Optimizing NNI: done in 0.000884056 secs using 99.88% CPU
Optimizing NNI: done in 0.000901937 secs using 99.9% CPU
Iteration 130 / LogL: -163.106 / Time: 0h:0m:0s (0h:0m:0s left)
Optimizing NNI: done in 0.00087285 secs using 99.79% CPU
Optimizing NNI: done in 0.000916958 secs using 99.9% CPU
Optimizing NNI: done in 0.000919104 secs using 99.66% CPU
Optimizing NNI: done in 0.00176501 secs using 99.89% CPU
Optimizing NNI: done in 0.000793219 secs using 99.85% CPU
Optimizing NNI: done in 0.00177193 secs using 99.95% CPU
Optimizing NNI: done in 0.00162196 secs using 99.94% CPU
Optimizing NNI: done in 0.000892878 secs using 99.79% CPU
Optimizing NNI: done in 0.00166297 secs using 98.92% CPU
Optimizing NNI: done in 0.000896931 secs using 99.9% CPU
Iteration 140 / LogL: -163.106 / Time: 0h:0m:0s (0h:0m:0s left)
Optimizing NNI: done in 0.000927925 secs using 98.39% CPU
Optimizing NNI: done in 0.000912189 secs using 99.87% CPU
Optimizing NNI: done in 0.00174499 secs using 99.94% CPU
Optimizing NNI: done in 0.000936985 secs using 99.89% CPU
Optimizing NNI: done in 0.000931025 secs using 99.78% CPU
Optimizing NNI: done in 0.000908852 secs using 99.91% CPU
Optimizing NNI: done in 0.000926018 secs using 99.89% CPU
Optimizing NNI: done in 0.000920057 secs using 99.99% CPU
Optimizing NNI: done in 0.00090909 secs using 99.77% CPU
Optimizing NNI: done in 0.000941992 secs using 98.62% CPU
Iteration 150 / LogL: -163.106 / Time: 0h:0m:0s (0h:0m:0s left)
Log-likelihood cutoff on original alignment: -164.853
Optimizing NNI: done in 0.00160909 secs using 99.93% CPU
Optimizing NNI: done in 0.00259399 secs using 99.92% CPU
Optimizing NNI: done in 0.000927925 secs using 99.9% CPU
Optimizing NNI: done in 0.0018611 secs using 99.94% CPU
Optimizing NNI: done in 0.000902891 secs using 99.9% CPU
Optimizing NNI: done in 0.00177789 secs using 99.95% CPU
Optimizing NNI: done in 0.000897884 secs using 98.68% CPU
Optimizing NNI: done in 0.00158691 secs using 100% CPU
Optimizing NNI: done in 0.000926018 secs using 99.78% CPU
Optimizing NNI: done in 0.000936031 secs using 99.78% CPU
Iteration 160 / LogL: -163.106 / Time: 0h:0m:0s (0h:0m:0s left)
Optimizing NNI: done in 0.000939846 secs using 99.91% CPU
Optimizing NNI: done in 0.00260496 secs using 99.27% CPU
Optimizing NNI: done in 0.00258398 secs using 99.96% CPU
Optimizing NNI: done in 0.00176597 secs using 99.89% CPU
Optimizing NNI: done in 0.000931978 secs using 99.79% CPU
Optimizing NNI: done in 0.000936985 secs using 99.79% CPU
Optimizing NNI: done in 0.000905991 secs using 99.78% CPU
Optimizing NNI: done in 0.00090909 secs using 99.88% CPU
Optimizing NNI: done in 0.00173903 secs using 99.83% CPU
Optimizing NNI: done in 0.00087595 secs using 99.78% CPU
Iteration 170 / LogL: -163.106 / Time: 0h:0m:1s (0h:0m:0s left)
Optimizing NNI: done in 0.000953913 secs using 98.65% CPU
Optimizing NNI: done in 0.00160694 secs using 99.88% CPU
Optimizing NNI: done in 0.000958204 secs using 98.31% CPU
Optimizing NNI: done in 0.00158691 secs using 99.88% CPU
Optimizing NNI: done in 0.00169802 secs using 99.88% CPU
Optimizing NNI: done in 0.00149012 secs using 99.05% CPU
Optimizing NNI: done in 0.000776052 secs using 99.86% CPU
Optimizing NNI: done in 0.000861168 secs using 99.86% CPU
Optimizing NNI: done in 0.000908852 secs using 99.8% CPU
Optimizing NNI: done in 0.00189805 secs using 99.31% CPU
Iteration 180 / LogL: -163.106 / Time: 0h:0m:1s (0h:0m:0s left)
Optimizing NNI: done in 0.000931025 secs using 99.78% CPU
Optimizing NNI: done in 0.00187898 secs using 99.95% CPU
Optimizing NNI: done in 0.00160599 secs using 99.94% CPU
Optimizing NNI: done in 0.000924826 secs using 99.91% CPU
Optimizing NNI: done in 0.000873804 secs using 99.79% CPU
Optimizing NNI: done in 0.00086689 secs using 99.9% CPU
Optimizing NNI: done in 0.00177002 secs using 99.94% CPU
Optimizing NNI: done in 0.00178981 secs using 99.95% CPU
Optimizing NNI: done in 0.000927925 secs using 99.9% CPU
Optimizing NNI: done in 0.000879049 secs using 99.88% CPU
Iteration 190 / LogL: -163.106 / Time: 0h:0m:1s (0h:0m:0s left)
Optimizing NNI: done in 0.000919104 secs using 99.99% CPU
Optimizing NNI: done in 0.000835896 secs using 98.94% CPU
Optimizing NNI: done in 0.00259781 secs using 99.62% CPU
Optimizing NNI: done in 0.000782967 secs using 99.88% CPU
Optimizing NNI: done in 0.000975132 secs using 98.65% CPU
Optimizing NNI: done in 0.00161099 secs using 99.94% CPU
Optimizing NNI: done in 0.000934124 secs using 99.88% CPU
Optimizing NNI: done in 0.000874043 secs using 99.88% CPU
Optimizing NNI: done in 0.000941038 secs using 98.72% CPU
Optimizing NNI: done in 0.00159097 secs using 99.88% CPU
Iteration 200 / LogL: -163.106 / Time: 0h:0m:1s (0h:0m:0s left)
Log-likelihood cutoff on original alignment: -164.853
NOTE: Bootstrap correlation coefficient of split occurrence frequencies: 0.991
TREE SEARCH COMPLETED AFTER 200 ITERATIONS / Time: 0h:0m:1s

--------------------------------------------------------------------
|                    FINALIZING TREE SEARCH                        |
--------------------------------------------------------------------
Performs final model parameters optimization
Estimate model parameters (epsilon = 0.010)
1. Initial log-likelihood: -163.106
Optimal log-likelihood: -163.106
Parameters optimization took 1 rounds (0.000 sec)
BEST SCORE FOUND : -163.106

Testing tree branches by SH-like aLRT with 1000 replicates...
0.003 sec.
Creating bootstrap support values...
Split supports printed to NEXUS file ../results/molecular_evolution_analyses/phylogenetic_trees/F95741_HDIM_G1/F95741_HDIM_G1.splits.nex
Total tree length: 0.530

Total number of iterations: 200
CPU time used for tree search: 1.279 sec (0h:0m:1s)
Wall-clock time used for tree search: 1.217 sec (0h:0m:1s)
Total CPU time used: 1.324 sec (0h:0m:1s)
Total wall-clock time used: 1.262 sec (0h:0m:1s)

Computing bootstrap consensus tree...
Reading input file ../results/molecular_evolution_analyses/phylogenetic_trees/F95741_HDIM_G1/F95741_HDIM_G1.splits.nex...
6 taxa and 31 splits.
Consensus tree written to ../results/molecular_evolution_analyses/phylogenetic_trees/F95741_HDIM_G1/F95741_HDIM_G1.contree
Reading input trees file ../results/molecular_evolution_analyses/phylogenetic_trees/F95741_HDIM_G1/F95741_HDIM_G1.contree
Log-likelihood of consensus tree: -163.106

Analysis results written to: 
  IQ-TREE report:                ../results/molecular_evolution_analyses/phylogenetic_trees/F95741_HDIM_G1/F95741_HDIM_G1.iqtree
  Maximum-likelihood tree:       ../results/molecular_evolution_analyses/phylogenetic_trees/F95741_HDIM_G1/F95741_HDIM_G1.treefile
  Likelihood distances:          ../results/molecular_evolution_analyses/phylogenetic_trees/F95741_HDIM_G1/F95741_HDIM_G1.mldist

Ultrafast bootstrap approximation results written to:
  Split support values:          ../results/molecular_evolution_analyses/phylogenetic_trees/F95741_HDIM_G1/F95741_HDIM_G1.splits.nex
  Consensus tree:                ../results/molecular_evolution_analyses/phylogenetic_trees/F95741_HDIM_G1/F95741_HDIM_G1.contree
  Screen log file:               ../results/molecular_evolution_analyses/phylogenetic_trees/F95741_HDIM_G1/F95741_HDIM_G1.log

Date and Time: Thu Mar 28 11:19:33 2024
