IQ-TREE multicore version 2.2.2.6 COVID-edition for Linux 64-bit built May 27 2023
Developed by Bui Quang Minh, James Barbetti, Nguyen Lam Tung,
Olga Chernomor, Heiko Schmidt, Dominik Schrempf, Michael Woodhams, Ly Trong Nhan.

Host:    lbc5 (AVX2, FMA3, 125 GB RAM)
Command: /home/mauricio/mauricio_PROGRAMAS/iqtree-2.2.2.6-Linux/bin/iqtree2 -s ../results/molecular_evolution_analyses/alignments_gblocks/F57849_MLIG_G1/F57849_MLIG_G1.aln.gblo -m TEST --threads-max 32 --alrt 1000 --ufboot 1000 --prefix ../results/molecular_evolution_analyses/phylogenetic_trees/F57849_MLIG_G1/F57849_MLIG_G1
Seed:    926348 (Using SPRNG - Scalable Parallel Random Number Generator)
Time:    Thu Mar 28 11:24:11 2024
Kernel:  AVX+FMA - 1 threads (32 CPU cores detected)

HINT: Use -nt option to specify number of threads because your CPU has 32 cores!
HINT: -nt AUTO will automatically determine the best number of threads to use.

Reading alignment file ../results/molecular_evolution_analyses/alignments_gblocks/F57849_MLIG_G1/F57849_MLIG_G1.aln.gblo ... Fasta format detected
Reading fasta file: done in 0.000113964 secs using 99.15% CPU
Alignment most likely contains protein sequences
Constructing alignment: done in 0.000587225 secs using 99.96% CPU
Alignment has 6 sequences with 678 columns, 103 distinct patterns
152 parsimony-informative, 1 singleton sites, 525 constant sites
            Gap/Ambiguity  Composition  p-value
Analyzing sequences: done in 9.05991e-06 secs using 88.3% CPU
   1  Mlig.26677    0.00%    passed    100.00%
   2  Mlig.26678    0.00%    passed    100.00%
   3  Mlig.26679    0.00%    passed    100.00%
   4  Mlig.44343    0.00%    passed    100.00%
   5  Mlig.44345    0.00%    passed    100.00%
   6  Mlig.44344    0.00%    passed    100.00%
****  TOTAL         0.00%  0 sequences failed composition chi2 test (p-value<5%; df=19)
NOTE: Mlig.26678 is identical to Mlig.26677 but kept for subsequent analysis
NOTE: Mlig.44345 is identical to Mlig.44343 but kept for subsequent analysis
Checking for duplicate sequences: done in 3.00407e-05 secs using 99.86% CPU


Create initial parsimony tree by phylogenetic likelihood library (PLL)... 0.000 seconds
Perform fast likelihood tree search using LG+I+G model...
Estimate model parameters (epsilon = 5.000)
Perform nearest neighbor interchange...
Optimizing NNI: done in 0.00681615 secs using 100% CPU
Estimate model parameters (epsilon = 1.000)
1. Initial log-likelihood: -2707.161
Optimal log-likelihood: -2707.100
Proportion of invariable sites: 0.391
Gamma shape alpha: 998.270
Parameters optimization took 1 rounds (0.013 sec)
Time for fast ML tree search: 0.032 seconds

NOTE: ModelFinder requires 0 MB RAM!
ModelFinder will test up to 224 protein models (sample size: 678) ...
 No. Model         -LnL         df  AIC          AICc         BIC
  1  LG            2706.040     9   5430.080     5430.349     5470.752
  2  LG+I          2706.023     10  5432.045     5432.375     5477.237
  3  LG+G4         2705.992     10  5431.983     5432.313     5477.175
  4  LG+I+G4       2707.032     11  5436.063     5436.460     5485.774
  5  LG+F          2684.452     28  5424.904     5427.406     5551.440
  6  LG+F+I        2684.423     29  5426.846     5429.531     5557.901
  7  LG+F+G4       2684.386     29  5426.773     5429.458     5557.828
  9  WAG           2727.137     9   5472.273     5472.543     5512.946
 10  WAG+I         2727.137     10  5474.273     5474.603     5519.465
 11  WAG+G4        2727.138     10  5474.276     5474.606     5519.468
 13  WAG+F         2694.773     28  5445.546     5448.049     5572.082
 14  WAG+F+I       2694.773     29  5447.546     5450.232     5578.602
 15  WAG+F+G4      2694.774     29  5447.549     5450.234     5578.604
 17  JTT           2705.502     9   5429.004     5429.274     5469.677
 18  JTT+I         2705.502     10  5431.004     5431.334     5476.196
 19  JTT+G4        2705.503     10  5431.006     5431.336     5476.198
 21  JTT+F         2682.868     28  5421.737     5424.239     5548.273
 22  JTT+F+I       2682.868     29  5423.737     5426.422     5554.792
 23  JTT+F+G4      2682.870     29  5423.739     5426.424     5554.794
WARNING: Normalizing state frequencies so that sum of them equals to 1
 25  Q.pfam        2711.519     9   5441.039     5441.308     5481.711
WARNING: Normalizing state frequencies so that sum of them equals to 1
 26  Q.pfam+I      2711.519     10  5443.039     5443.368     5488.230
WARNING: Normalizing state frequencies so that sum of them equals to 1
 27  Q.pfam+G4     2711.520     10  5443.040     5443.370     5488.231
WARNING: Normalizing state frequencies so that sum of them equals to 1
 29  Q.pfam+F      2683.638     28  5423.277     5425.779     5549.813
WARNING: Normalizing state frequencies so that sum of them equals to 1
 30  Q.pfam+F+I    2683.638     29  5425.277     5427.962     5556.332
WARNING: Normalizing state frequencies so that sum of them equals to 1
 31  Q.pfam+F+G4   2683.639     29  5425.277     5427.963     5556.333
WARNING: Normalizing state frequencies so that sum of them equals to 1
 33  Q.bird        2727.083     9   5472.166     5472.435     5512.838
WARNING: Normalizing state frequencies so that sum of them equals to 1
 34  Q.bird+I      2721.812     10  5463.624     5463.953     5508.815
WARNING: Normalizing state frequencies so that sum of them equals to 1
 35  Q.bird+G4     2721.729     10  5463.457     5463.787     5508.649
WARNING: Normalizing state frequencies so that sum of them equals to 1
 37  Q.bird+F      2704.976     28  5465.952     5468.455     5592.489
WARNING: Normalizing state frequencies so that sum of them equals to 1
 38  Q.bird+F+I    2699.665     29  5457.330     5460.015     5588.386
WARNING: Normalizing state frequencies so that sum of them equals to 1
 39  Q.bird+F+G4   2699.475     29  5456.951     5459.636     5588.006
WARNING: Normalizing state frequencies so that sum of them equals to 1
 41  Q.mammal      2724.676     9   5467.351     5467.621     5508.024
WARNING: Normalizing state frequencies so that sum of them equals to 1
 42  Q.mammal+I    2723.076     10  5466.152     5466.482     5511.344
WARNING: Normalizing state frequencies so that sum of them equals to 1
 43  Q.mammal+G4   2723.004     10  5466.008     5466.338     5511.200
WARNING: Normalizing state frequencies so that sum of them equals to 1
 45  Q.mammal+F    2697.712     28  5451.424     5453.926     5577.960
WARNING: Normalizing state frequencies so that sum of them equals to 1
 46  Q.mammal+F+I  2696.091     29  5450.183     5452.868     5581.238
WARNING: Normalizing state frequencies so that sum of them equals to 1
 47  Q.mammal+F+G4 2695.988     29  5449.977     5452.662     5581.032
 49  Q.insect      2693.710     9   5405.420     5405.689     5446.092
 50  Q.insect+I    2693.710     10  5407.420     5407.750     5452.611
 51  Q.insect+G4   2693.710     10  5407.421     5407.751     5452.612
 53  Q.insect+F    2672.621     28  5401.242     5403.744     5527.778
 54  Q.insect+F+I  2672.621     29  5403.242     5405.927     5534.297
 55  Q.insect+F+G4 2672.622     29  5403.243     5405.929     5534.299
WARNING: Normalizing state frequencies so that sum of them equals to 1
 57  Q.plant       2704.356     9   5426.712     5426.981     5467.384
WARNING: Normalizing state frequencies so that sum of them equals to 1
 58  Q.plant+I     2702.839     10  5425.679     5426.009     5470.870
WARNING: Normalizing state frequencies so that sum of them equals to 1
 59  Q.plant+G4    2702.644     10  5425.288     5425.618     5470.480
WARNING: Normalizing state frequencies so that sum of them equals to 1
 61  Q.plant+F     2682.801     28  5421.603     5424.105     5548.139
WARNING: Normalizing state frequencies so that sum of them equals to 1
 62  Q.plant+F+I   2681.254     29  5420.507     5423.192     5551.563
WARNING: Normalizing state frequencies so that sum of them equals to 1
 63  Q.plant+F+G4  2681.020     29  5420.039     5422.725     5551.095
WARNING: Normalizing state frequencies so that sum of them equals to 1
 65  Q.yeast       2706.697     9   5431.394     5431.663     5472.066
WARNING: Normalizing state frequencies so that sum of them equals to 1
 66  Q.yeast+I     2706.697     10  5433.394     5433.724     5478.585
WARNING: Normalizing state frequencies so that sum of them equals to 1
 67  Q.yeast+G4    2706.699     10  5433.397     5433.727     5478.589
WARNING: Normalizing state frequencies so that sum of them equals to 1
 69  Q.yeast+F     2674.889     28  5405.778     5408.280     5532.314
WARNING: Normalizing state frequencies so that sum of them equals to 1
 70  Q.yeast+F+I   2674.889     29  5407.778     5410.463     5538.833
WARNING: Normalizing state frequencies so that sum of them equals to 1
 71  Q.yeast+F+G4  2674.891     29  5407.783     5410.468     5538.838
 73  JTTDCMut      2706.243     9   5430.486     5430.756     5471.159
 74  JTTDCMut+I    2706.243     10  5432.486     5432.816     5477.678
 75  JTTDCMut+G4   2706.244     10  5432.488     5432.818     5477.680
 77  JTTDCMut+F    2682.943     28  5421.886     5424.389     5548.422
 78  JTTDCMut+F+I  2682.943     29  5423.886     5426.572     5554.942
 79  JTTDCMut+F+G4 2682.944     29  5423.888     5426.574     5554.944
 81  DCMut         2741.747     9   5501.495     5501.764     5542.167
 82  DCMut+I       2741.497     10  5502.993     5503.323     5548.185
 83  DCMut+G4      2741.465     10  5502.929     5503.259     5548.121
 85  DCMut+F       2690.292     28  5436.584     5439.086     5563.120
 86  DCMut+F+I     2689.939     29  5437.877     5440.562     5568.932
 87  DCMut+F+G4    2689.922     29  5437.844     5440.529     5568.899
 89  VT            2715.198     9   5448.396     5448.666     5489.069
 90  VT+I          2715.198     10  5450.396     5450.726     5495.588
 91  VT+G4         2715.202     10  5450.403     5450.733     5495.595
 93  VT+F          2693.542     28  5443.083     5445.586     5569.619
 94  VT+F+I        2693.542     29  5445.083     5447.768     5576.138
 95  VT+F+G4       2693.545     29  5445.090     5447.775     5576.145
 97  PMB           2731.614     9   5481.228     5481.498     5521.900
 98  PMB+I         2731.614     10  5483.228     5483.558     5528.420
 99  PMB+G4        2731.617     10  5483.234     5483.564     5528.426
101  PMB+F         2708.391     28  5472.781     5475.283     5599.317
102  PMB+F+I       2708.391     29  5474.781     5477.466     5605.836
103  PMB+F+G4      2708.393     29  5474.787     5477.472     5605.842
105  Blosum62      2729.076     9   5476.153     5476.422     5516.825
106  Blosum62+I    2729.076     10  5478.153     5478.482     5523.344
107  Blosum62+G4   2729.079     10  5478.158     5478.488     5523.349
109  Blosum62+F    2708.585     28  5473.169     5475.672     5599.706
110  Blosum62+F+I  2708.585     29  5475.169     5477.855     5606.225
111  Blosum62+F+G4 2708.587     29  5475.174     5477.859     5606.229
113  Dayhoff       2741.673     9   5501.346     5501.615     5542.018
114  Dayhoff+I     2741.401     10  5502.803     5503.132     5547.994
115  Dayhoff+G4    2741.368     10  5502.737     5503.067     5547.928
117  Dayhoff+F     2690.233     28  5436.466     5438.969     5563.002
118  Dayhoff+F+I   2689.855     29  5437.709     5440.394     5568.765
119  Dayhoff+F+G4  2689.838     29  5437.677     5440.362     5568.732
121  mtREV         2838.155     9   5694.311     5694.580     5734.983
122  mtREV+I       2833.483     10  5686.966     5687.296     5732.157
123  mtREV+G4      2833.465     10  5686.931     5687.261     5732.122
125  mtREV+F       2699.290     28  5454.581     5457.083     5581.117
126  mtREV+F+I     2696.209     29  5450.418     5453.103     5581.473
127  mtREV+F+G4    2696.092     29  5450.185     5452.870     5581.240
129  mtART         2834.579     9   5687.158     5687.428     5727.831
130  mtART+I       2821.635     10  5663.269     5663.599     5708.461
131  mtART+G4      2819.511     10  5659.022     5659.351     5704.213
133  mtART+F       2699.061     28  5454.122     5456.624     5580.658
134  mtART+F+I     2691.049     29  5440.099     5442.784     5571.154
135  mtART+F+G4    2689.958     29  5437.916     5440.601     5568.971
137  mtZOA         2814.701     9   5647.401     5647.671     5688.074
138  mtZOA+I       2808.990     10  5637.980     5638.310     5683.172
139  mtZOA+G4      2808.238     10  5636.476     5636.806     5681.668
141  mtZOA+F       2686.746     28  5429.491     5431.993     5556.027
142  mtZOA+F+I     2683.940     29  5425.880     5428.566     5556.936
143  mtZOA+F+G4    2683.606     29  5425.211     5427.896     5556.267
145  mtMet         2820.678     9   5659.356     5659.626     5700.029
146  mtMet+I       2817.354     10  5654.708     5655.038     5699.900
147  mtMet+G4      2817.141     10  5654.281     5654.611     5699.473
149  mtMet+F       2688.650     28  5433.299     5435.801     5559.835
150  mtMet+F+I     2687.108     29  5432.216     5434.902     5563.272
151  mtMet+F+G4    2686.985     29  5431.969     5434.654     5563.024
153  mtVer         2870.451     9   5758.901     5759.170     5799.573
154  mtVer+I       2861.548     10  5743.096     5743.426     5788.288
155  mtVer+G4      2860.606     10  5741.213     5741.542     5786.404
157  mtVer+F       2711.585     28  5479.170     5481.672     5605.706
158  mtVer+F+I     2704.785     29  5467.569     5470.254     5598.624
159  mtVer+F+G4    2704.113     29  5466.226     5468.911     5597.281
161  mtInv         2841.327     9   5700.653     5700.923     5741.325
162  mtInv+I       2840.367     10  5700.734     5701.064     5745.925
163  mtInv+G4      2840.254     10  5700.508     5700.838     5745.700
165  mtInv+F       2683.491     28  5422.981     5425.483     5549.517
166  mtInv+F+I     2683.269     29  5424.538     5427.224     5555.594
167  mtInv+F+G4    2683.228     29  5424.456     5427.142     5555.512
169  mtMAM         2863.564     9   5745.129     5745.398     5785.801
170  mtMAM+I       2843.706     10  5707.413     5707.742     5752.604
171  mtMAM+G4      2842.031     10  5704.062     5704.392     5749.254
173  mtMAM+F       2718.268     28  5492.536     5495.038     5619.072
174  mtMAM+F+I     2702.846     29  5463.692     5466.377     5594.747
175  mtMAM+F+G4    2701.758     29  5461.516     5464.201     5592.571
WARNING: Normalizing state frequencies so that sum of them equals to 1
177  FLAVI         2782.821     9   5583.641     5583.911     5624.313
WARNING: Normalizing state frequencies so that sum of them equals to 1
178  FLAVI+I       2768.502     10  5557.004     5557.334     5602.196
WARNING: Normalizing state frequencies so that sum of them equals to 1
179  FLAVI+G4      2767.248     10  5554.496     5554.826     5599.688
WARNING: Normalizing state frequencies so that sum of them equals to 1
181  FLAVI+F       2732.875     28  5521.749     5524.252     5648.286
WARNING: Normalizing state frequencies so that sum of them equals to 1
182  FLAVI+F+I     2716.360     29  5490.721     5493.406     5621.776
WARNING: Normalizing state frequencies so that sum of them equals to 1
183  FLAVI+F+G4    2715.313     29  5488.626     5491.311     5619.681
185  HIVb          2759.755     9   5537.510     5537.779     5578.182
186  HIVb+I        2750.760     10  5521.520     5521.850     5566.711
187  HIVb+G4       2750.423     10  5520.845     5521.175     5566.037
189  HIVb+F        2719.141     28  5494.282     5496.785     5620.818
190  HIVb+F+I      2709.468     29  5476.937     5479.622     5607.992
191  HIVb+F+G4     2708.938     29  5475.876     5478.561     5606.931
193  HIVw          2850.118     9   5718.235     5718.505     5758.907
194  HIVw+I        2829.452     10  5678.904     5679.234     5724.096
195  HIVw+G4       2828.176     10  5676.352     5676.682     5721.544
197  HIVw+F        2761.462     28  5578.923     5581.425     5705.459
198  HIVw+F+I      2742.703     29  5543.407     5546.092     5674.462
199  HIVw+F+G4     2741.695     29  5541.390     5544.075     5672.445
201  FLU           2768.097     9   5554.193     5554.463     5594.866
202  FLU+I         2759.336     10  5538.672     5539.002     5583.864
203  FLU+G4        2758.931     10  5537.862     5538.192     5583.054
205  FLU+F         2731.569     28  5519.139     5521.641     5645.675
206  FLU+F+I       2721.057     29  5500.114     5502.799     5631.169
207  FLU+F+G4      2720.604     29  5499.209     5501.894     5630.264
209  rtREV         2745.556     9   5509.112     5509.382     5549.785
210  rtREV+I       2744.899     10  5509.798     5510.128     5554.989
211  rtREV+G4      2744.899     10  5509.798     5510.128     5554.990
213  rtREV+F       2694.260     28  5444.521     5447.023     5571.057
214  rtREV+F+I     2693.315     29  5444.630     5447.315     5575.685
215  rtREV+F+G4    2693.298     29  5444.596     5447.281     5575.651
217  cpREV         2741.520     9   5501.041     5501.310     5541.713
218  cpREV+I       2741.180     10  5502.361     5502.691     5547.552
219  cpREV+G4      2741.066     10  5502.133     5502.463     5547.324
221  cpREV+F       2705.714     28  5467.427     5469.929     5593.963
222  cpREV+F+I     2704.867     29  5467.734     5470.420     5598.790
223  cpREV+F+G4    2704.756     29  5467.512     5470.197     5598.568
Akaike Information Criterion:           Q.insect+F
Corrected Akaike Information Criterion: Q.insect+F
Bayesian Information Criterion:         Q.insect
Best-fit model: Q.insect chosen according to BIC

All model information printed to ../results/molecular_evolution_analyses/phylogenetic_trees/F57849_MLIG_G1/F57849_MLIG_G1.model.gz
CPU time for ModelFinder: 1.927 seconds (0h:0m:1s)
Wall-clock time for ModelFinder: 1.946 seconds (0h:0m:1s)
Generating 1000 samples for ultrafast bootstrap (seed: 926348)...

NOTE: 0 MB RAM (0 GB) is required!
Estimate model parameters (epsilon = 0.100)
1. Initial log-likelihood: -2693.710
Optimal log-likelihood: -2693.710
Parameters optimization took 1 rounds (0.001 sec)
Wrote distance file to... 
Computing ML distances based on estimated model parameters...
Calculating distance matrix: done in 0.00197101 secs using 99.14% CPU
Computing ML distances took 0.002036 sec (of wall-clock time) 0.002018 sec (of CPU time)
Setting up auxiliary I and S matrices: done in 2.7895e-05 secs using 190% CPU
Constructing RapidNJ tree: done in 2.21729e-05 secs using 162.4% CPU
Computing RapidNJ tree took 0.000134 sec (of wall-clock time) 0.000257 sec (of CPU time)
Log-likelihood of RapidNJ tree: -2693.713
--------------------------------------------------------------------
|             INITIALIZING CANDIDATE TREE SET                      |
--------------------------------------------------------------------
Generating 98 parsimony trees... 0.028 second
Computing log-likelihood of 19 initial trees ... 0.010 seconds
Current best score: -2693.710

Do NNI search on 20 best initial trees
Optimizing NNI: done in 0.00190592 secs using 200.2% CPU
Estimate model parameters (epsilon = 0.100)
BETTER TREE FOUND at iteration 1: -2693.710
Optimizing NNI: done in 0.00233197 secs using 100.1% CPU
UPDATE BEST LOG-LIKELIHOOD: -2693.710
Optimizing NNI: done in 0.00232601 secs using 107.5% CPU
Optimizing NNI: done in 0.00228119 secs using 199.6% CPU
UPDATE BEST LOG-LIKELIHOOD: -2693.710
Optimizing NNI: done in 0.00221896 secs using 200.3% CPU
Optimizing NNI: done in 0.00231194 secs using 100.1% CPU
Optimizing NNI: done in 0.002316 secs using 100% CPU
Optimizing NNI: done in 0.00233078 secs using 99.41% CPU
Optimizing NNI: done in 0.00648808 secs using 100% CPU
Optimizing NNI: done in 0.00885391 secs using 100% CPU
Iteration 10 / LogL: -2693.710 / Time: 0h:0m:0s
Optimizing NNI: done in 0.00890183 secs using 144.3% CPU
Optimizing NNI: done in 0.00868988 secs using 135.3% CPU
Optimizing NNI: done in 0.00844312 secs using 155.1% CPU
Optimizing NNI: done in 0.00869107 secs using 144.8% CPU
Optimizing NNI: done in 0.00860214 secs using 165.7% CPU
Optimizing NNI: done in 0.00654411 secs using 138.6% CPU
Optimizing NNI: done in 0.0064652 secs using 200% CPU
Optimizing NNI: done in 0.00649309 secs using 108.3% CPU
Optimizing NNI: done in 0.0065999 secs using 100% CPU
Optimizing NNI: done in 0.00661206 secs using 156.2% CPU
Iteration 20 / LogL: -2693.712 / Time: 0h:0m:0s
Finish initializing candidate tree set (1)
Current best tree score: -2693.710 / CPU time: 0.158
Number of iterations: 20
--------------------------------------------------------------------
|               OPTIMIZING CANDIDATE TREE SET                      |
--------------------------------------------------------------------
Optimizing NNI: done in 0.00220895 secs using 199.1% CPU
Optimizing NNI: done in 0.0022769 secs using 99.96% CPU
Optimizing NNI: done in 0.00384402 secs using 199.9% CPU
Optimizing NNI: done in 0.00383306 secs using 192.3% CPU
Optimizing NNI: done in 0.00222397 secs using 99.96% CPU
Optimizing NNI: done in 0.0024581 secs using 96.09% CPU
Optimizing NNI: done in 0.00395703 secs using 99.65% CPU
Optimizing NNI: done in 0.00398302 secs using 99.97% CPU
Optimizing NNI: done in 0.00233412 secs using 100% CPU
Optimizing NNI: done in 0.00227904 secs using 100% CPU
Iteration 30 / LogL: -2693.710 / Time: 0h:0m:0s (0h:0m:0s left)
Optimizing NNI: done in 0.00227785 secs using 99.08% CPU
Optimizing NNI: done in 0.00223088 secs using 100% CPU
Optimizing NNI: done in 0.0022459 secs using 100% CPU
Optimizing NNI: done in 0.00387883 secs using 100% CPU
Optimizing NNI: done in 0.00383186 secs using 99.66% CPU
Optimizing NNI: done in 0.00390792 secs using 99.67% CPU
Optimizing NNI: done in 0.00225902 secs using 99.38% CPU
Optimizing NNI: done in 0.00225019 secs using 99.99% CPU
Optimizing NNI: done in 0.00223112 secs using 99.99% CPU
Optimizing NNI: done in 0.00383592 secs using 99.98% CPU
Iteration 40 / LogL: -2693.710 / Time: 0h:0m:0s (0h:0m:0s left)
Optimizing NNI: done in 0.00393319 secs using 99.94% CPU
Optimizing NNI: done in 0.0022769 secs using 100% CPU
Optimizing NNI: done in 0.00394011 secs using 99.67% CPU
Optimizing NNI: done in 0.00228715 secs using 99.99% CPU
Optimizing NNI: done in 0.00220704 secs using 100% CPU
Optimizing NNI: done in 0.00366902 secs using 100% CPU
Optimizing NNI: done in 0.00382996 secs using 100% CPU
Optimizing NNI: done in 0.00378799 secs using 99.63% CPU
Optimizing NNI: done in 0.003932 secs using 99.64% CPU
Optimizing NNI: done in 0.00216413 secs using 99.99% CPU
Iteration 50 / LogL: -2693.710 / Time: 0h:0m:0s (0h:0m:0s left)
Log-likelihood cutoff on original alignment: -2694.109
Optimizing NNI: done in 0.00221992 secs using 99.42% CPU
Optimizing NNI: done in 0.00230813 secs using 99.17% CPU
Optimizing NNI: done in 0.00415111 secs using 55.14% CPU
Optimizing NNI: done in 0.00384903 secs using 100% CPU
Optimizing NNI: done in 0.00392985 secs using 99.6% CPU
Optimizing NNI: done in 0.00397396 secs using 98.47% CPU
Optimizing NNI: done in 0.00227189 secs using 99.52% CPU
Optimizing NNI: done in 0.00386405 secs using 99.97% CPU
Optimizing NNI: done in 0.00231695 secs using 100% CPU
Optimizing NNI: done in 0.00378799 secs using 99.68% CPU
Iteration 60 / LogL: -2693.710 / Time: 0h:0m:0s (0h:0m:0s left)
Optimizing NNI: done in 0.0022099 secs using 100% CPU
Optimizing NNI: done in 0.00390911 secs using 99.66% CPU
Optimizing NNI: done in 0.00218797 secs using 99.96% CPU
Optimizing NNI: done in 0.00228 secs using 100.1% CPU
Optimizing NNI: done in 0.00226307 secs using 100% CPU
Optimizing NNI: done in 0.00220108 secs using 99.95% CPU
Optimizing NNI: done in 0.00221682 secs using 100% CPU
Optimizing NNI: done in 0.00193501 secs using 99.95% CPU
Optimizing NNI: done in 0.00224614 secs using 99.95% CPU
Optimizing NNI: done in 0.00218391 secs using 99.5% CPU
Iteration 70 / LogL: -2693.710 / Time: 0h:0m:0s (0h:0m:0s left)
Optimizing NNI: done in 0.00220799 secs using 99.95% CPU
Optimizing NNI: done in 0.00381899 secs using 99.97% CPU
Optimizing NNI: done in 0.00225997 secs using 100% CPU
Optimizing NNI: done in 0.00219512 secs using 100% CPU
Optimizing NNI: done in 0.00219607 secs using 99.95% CPU
Optimizing NNI: done in 0.00227904 secs using 99.95% CPU
Optimizing NNI: done in 0.00219393 secs using 100% CPU
Optimizing NNI: done in 0.00388217 secs using 99.61% CPU
Optimizing NNI: done in 0.00230503 secs using 99.96% CPU
Optimizing NNI: done in 0.0038271 secs using 100% CPU
Iteration 80 / LogL: -2693.710 / Time: 0h:0m:0s (0h:0m:0s left)
Optimizing NNI: done in 0.00225306 secs using 99.95% CPU
Optimizing NNI: done in 0.00388098 secs using 99.59% CPU
Optimizing NNI: done in 0.00219703 secs using 100% CPU
Optimizing NNI: done in 0.00219011 secs using 100% CPU
Optimizing NNI: done in 0.003896 secs using 100% CPU
Optimizing NNI: done in 0.00211191 secs using 100.1% CPU
Optimizing NNI: done in 0.00219989 secs using 99.46% CPU
Optimizing NNI: done in 0.00217199 secs using 99.49% CPU
Optimizing NNI: done in 0.00216699 secs using 100% CPU
Optimizing NNI: done in 0.00218892 secs using 100% CPU
Iteration 90 / LogL: -2693.710 / Time: 0h:0m:0s (0h:0m:0s left)
Optimizing NNI: done in 0.00391102 secs using 100% CPU
Optimizing NNI: done in 0.00228 secs using 99.96% CPU
Optimizing NNI: done in 0.00221395 secs using 99.41% CPU
Optimizing NNI: done in 0.002249 secs using 99.38% CPU
Optimizing NNI: done in 0.00226307 secs using 100% CPU
Optimizing NNI: done in 0.00218701 secs using 100% CPU
Optimizing NNI: done in 0.00225902 secs using 99.03% CPU
Optimizing NNI: done in 0.00229692 secs using 99.92% CPU
Optimizing NNI: done in 0.00229287 secs using 99.96% CPU
Optimizing NNI: done in 0.00223994 secs using 100% CPU
Iteration 100 / LogL: -2693.710 / Time: 0h:0m:0s (0h:0m:0s left)
Log-likelihood cutoff on original alignment: -2694.109
NOTE: Bootstrap correlation coefficient of split occurrence frequencies: 0.970
NOTE: UFBoot does not converge, continue at least 100 more iterations
Optimizing NNI: done in 0.0022471 secs using 99.95% CPU
Optimizing NNI: done in 0.00226688 secs using 99.26% CPU
Optimizing NNI: done in 0.00227618 secs using 99.42% CPU
Optimizing NNI: done in 0.00385785 secs using 100% CPU
Optimizing NNI: done in 0.00383377 secs using 99.98% CPU
Optimizing NNI: done in 0.00226784 secs using 99.48% CPU
Optimizing NNI: done in 0.0037291 secs using 99.94% CPU
Optimizing NNI: done in 0.00214887 secs using 100.1% CPU
Optimizing NNI: done in 0.00221491 secs using 99.42% CPU
Optimizing NNI: done in 0.00220394 secs using 100% CPU
Iteration 110 / LogL: -2693.710 / Time: 0h:0m:0s (0h:0m:0s left)
Optimizing NNI: done in 0.00221586 secs using 100.1% CPU
Optimizing NNI: done in 0.0038321 secs using 100% CPU
Optimizing NNI: done in 0.00219393 secs using 100.1% CPU
Optimizing NNI: done in 0.00220919 secs using 99.99% CPU
Optimizing NNI: done in 0.00387001 secs using 99.97% CPU
Optimizing NNI: done in 0.00227213 secs using 99.95% CPU
Optimizing NNI: done in 0.00393701 secs using 99.62% CPU
Optimizing NNI: done in 0.002285 secs using 100% CPU
Optimizing NNI: done in 0.00224185 secs using 100% CPU
Optimizing NNI: done in 0.00390387 secs using 99.54% CPU
Iteration 120 / LogL: -2693.710 / Time: 0h:0m:0s (0h:0m:0s left)
Optimizing NNI: done in 0.00219798 secs using 99.96% CPU
Optimizing NNI: done in 0.00224113 secs using 99.95% CPU
Optimizing NNI: done in 0.00220394 secs using 100.1% CPU
Optimizing NNI: done in 0.00226903 secs using 100% CPU
Optimizing NNI: done in 0.00380087 secs using 100.1% CPU
Optimizing NNI: done in 0.0022018 secs using 100% CPU
Optimizing NNI: done in 0.00226498 secs using 99.21% CPU
Optimizing NNI: done in 0.00218201 secs using 100% CPU
Optimizing NNI: done in 0.003824 secs using 99.97% CPU
Optimizing NNI: done in 0.00389004 secs using 99.59% CPU
Iteration 130 / LogL: -2693.711 / Time: 0h:0m:1s (0h:0m:0s left)
Optimizing NNI: done in 0.00387216 secs using 100% CPU
Optimizing NNI: done in 0.00220609 secs using 100% CPU
Optimizing NNI: done in 0.00219321 secs using 99.99% CPU
Optimizing NNI: done in 0.00388002 secs using 99.51% CPU
Optimizing NNI: done in 0.00389504 secs using 100% CPU
Optimizing NNI: done in 0.003793 secs using 100.1% CPU
Optimizing NNI: done in 0.00393891 secs using 100% CPU
Optimizing NNI: done in 0.00227284 secs using 99.43% CPU
Optimizing NNI: done in 0.00392103 secs using 99.57% CPU
Optimizing NNI: done in 0.003824 secs using 100% CPU
Iteration 140 / LogL: -2693.710 / Time: 0h:0m:1s (0h:0m:0s left)
Optimizing NNI: done in 0.00228 secs using 100% CPU
Optimizing NNI: done in 0.0022819 secs using 99.92% CPU
Optimizing NNI: done in 0.00226402 secs using 99.91% CPU
Optimizing NNI: done in 0.00228095 secs using 99.21% CPU
Optimizing NNI: done in 0.00226307 secs using 99.95% CPU
Optimizing NNI: done in 0.00219202 secs using 100% CPU
Optimizing NNI: done in 0.00381899 secs using 99.97% CPU
Optimizing NNI: done in 0.00221801 secs using 99.95% CPU
Optimizing NNI: done in 0.00382805 secs using 100% CPU
Optimizing NNI: done in 0.00227904 secs using 99.25% CPU
Iteration 150 / LogL: -2693.710 / Time: 0h:0m:1s (0h:0m:0s left)
Log-likelihood cutoff on original alignment: -2694.109
Optimizing NNI: done in 0.00227594 secs using 99.87% CPU
Optimizing NNI: done in 0.00388813 secs using 99.97% CPU
Optimizing NNI: done in 0.00223589 secs using 100% CPU
Optimizing NNI: done in 0.00223112 secs using 99.95% CPU
Optimizing NNI: done in 0.00221801 secs using 100.1% CPU
Optimizing NNI: done in 0.00376797 secs using 100.1% CPU
Optimizing NNI: done in 0.00212979 secs using 100.1% CPU
Optimizing NNI: done in 0.00215507 secs using 100% CPU
Optimizing NNI: done in 0.00390291 secs using 100% CPU
Optimizing NNI: done in 0.00227094 secs using 100.1% CPU
Iteration 160 / LogL: -2693.710 / Time: 0h:0m:1s (0h:0m:0s left)
Optimizing NNI: done in 0.00226498 secs using 100% CPU
Optimizing NNI: done in 0.0022378 secs using 100.1% CPU
Optimizing NNI: done in 0.00226402 secs using 99.34% CPU
Optimizing NNI: done in 0.00385499 secs using 99.64% CPU
Optimizing NNI: done in 0.00389385 secs using 99.41% CPU
Optimizing NNI: done in 0.00221014 secs using 99.9% CPU
Optimizing NNI: done in 0.00227308 secs using 99.86% CPU
Optimizing NNI: done in 0.00219297 secs using 100% CPU
Optimizing NNI: done in 0.00223398 secs using 100% CPU
Optimizing NNI: done in 0.00218701 secs using 100% CPU
Iteration 170 / LogL: -2693.710 / Time: 0h:0m:1s (0h:0m:0s left)
Optimizing NNI: done in 0.00216913 secs using 99.3% CPU
Optimizing NNI: done in 0.00391316 secs using 99.66% CPU
Optimizing NNI: done in 0.0022459 secs using 100% CPU
Optimizing NNI: done in 0.00223804 secs using 100% CPU
Optimizing NNI: done in 0.00219202 secs using 100% CPU
Optimizing NNI: done in 0.0038619 secs using 99.98% CPU
Optimizing NNI: done in 0.00220299 secs using 100% CPU
Optimizing NNI: done in 0.00375915 secs using 100% CPU
Optimizing NNI: done in 0.00377989 secs using 100% CPU
Optimizing NNI: done in 0.00216103 secs using 99.95% CPU
Iteration 180 / LogL: -2693.710 / Time: 0h:0m:1s (0h:0m:0s left)
Optimizing NNI: done in 0.00224805 secs using 100.1% CPU
Optimizing NNI: done in 0.00379086 secs using 100% CPU
Optimizing NNI: done in 0.00217795 secs using 99.59% CPU
Optimizing NNI: done in 0.00377297 secs using 99.55% CPU
Optimizing NNI: done in 0.00212193 secs using 100.1% CPU
Optimizing NNI: done in 0.00378895 secs using 99.97% CPU
Optimizing NNI: done in 0.00216603 secs using 100% CPU
Optimizing NNI: done in 0.00217795 secs using 99.96% CPU
Optimizing NNI: done in 0.00223708 secs using 100% CPU
Optimizing NNI: done in 0.00223684 secs using 100.1% CPU
Iteration 190 / LogL: -2693.710 / Time: 0h:0m:1s (0h:0m:0s left)
Optimizing NNI: done in 0.00391293 secs using 99.98% CPU
Optimizing NNI: done in 0.00217891 secs using 99.96% CPU
Optimizing NNI: done in 0.00222802 secs using 100% CPU
Optimizing NNI: done in 0.00226688 secs using 100% CPU
Optimizing NNI: done in 0.00384593 secs using 99.98% CPU
Optimizing NNI: done in 0.00378203 secs using 99.97% CPU
Optimizing NNI: done in 0.00219798 secs using 99.96% CPU
Optimizing NNI: done in 0.0022521 secs using 100% CPU
Optimizing NNI: done in 0.00387287 secs using 99.75% CPU
Optimizing NNI: done in 0.00222802 secs using 100% CPU
Iteration 200 / LogL: -2693.710 / Time: 0h:0m:1s (0h:0m:0s left)
Log-likelihood cutoff on original alignment: -2694.109
NOTE: Bootstrap correlation coefficient of split occurrence frequencies: 0.986
NOTE: UFBoot does not converge, continue at least 100 more iterations
Optimizing NNI: done in 0.002285 secs using 99.96% CPU
Optimizing NNI: done in 0.00387597 secs using 100% CPU
Optimizing NNI: done in 0.00226402 secs using 100% CPU
Optimizing NNI: done in 0.00225616 secs using 99.95% CPU
Optimizing NNI: done in 0.00387287 secs using 99.69% CPU
Optimizing NNI: done in 0.00226712 secs using 99.95% CPU
Optimizing NNI: done in 0.00220013 secs using 99.95% CPU
Optimizing NNI: done in 0.00388885 secs using 99.98% CPU
Optimizing NNI: done in 0.00224495 secs using 100% CPU
Optimizing NNI: done in 0.00388002 secs using 99.59% CPU
Iteration 210 / LogL: -2693.711 / Time: 0h:0m:1s (0h:0m:0s left)
Optimizing NNI: done in 0.00234509 secs using 99.36% CPU
Optimizing NNI: done in 0.00388694 secs using 99.98% CPU
Optimizing NNI: done in 0.00239921 secs using 99.24% CPU
Optimizing NNI: done in 0.00382495 secs using 99.77% CPU
Optimizing NNI: done in 0.00226498 secs using 100.1% CPU
Optimizing NNI: done in 0.00386596 secs using 100% CPU
Optimizing NNI: done in 0.00230503 secs using 99.96% CPU
Optimizing NNI: done in 0.00232911 secs using 99.48% CPU
Optimizing NNI: done in 0.00229907 secs using 99.39% CPU
Optimizing NNI: done in 0.0022068 secs using 100.1% CPU
Iteration 220 / LogL: -2693.710 / Time: 0h:0m:1s (0h:0m:0s left)
Optimizing NNI: done in 0.00226092 secs using 100% CPU
Optimizing NNI: done in 0.00223112 secs using 100% CPU
Optimizing NNI: done in 0.00224113 secs using 99.5% CPU
Optimizing NNI: done in 0.00221395 secs using 99.46% CPU
Optimizing NNI: done in 0.00223398 secs using 100% CPU
Optimizing NNI: done in 0.00385094 secs using 99.95% CPU
Optimizing NNI: done in 0.00216603 secs using 100% CPU
Optimizing NNI: done in 0.00397992 secs using 99.68% CPU
Optimizing NNI: done in 0.00386906 secs using 99.97% CPU
Optimizing NNI: done in 0.00220299 secs using 99.96% CPU
Iteration 230 / LogL: -2693.710 / Time: 0h:0m:1s (0h:0m:0s left)
Optimizing NNI: done in 0.00388408 secs using 99.66% CPU
Optimizing NNI: done in 0.00219512 secs using 99.99% CPU
Optimizing NNI: done in 0.00217891 secs using 99.91% CPU
Optimizing NNI: done in 0.00384784 secs using 99.95% CPU
Optimizing NNI: done in 0.00219798 secs using 99.91% CPU
Optimizing NNI: done in 0.00218582 secs using 100% CPU
Optimizing NNI: done in 0.00222898 secs using 100.1% CPU
Optimizing NNI: done in 0.00390792 secs using 99.95% CPU
Optimizing NNI: done in 0.00219011 secs using 100.1% CPU
Optimizing NNI: done in 0.00229597 secs using 99.35% CPU
Iteration 240 / LogL: -2693.710 / Time: 0h:0m:1s (0h:0m:0s left)
Optimizing NNI: done in 0.00224113 secs using 99.95% CPU
Optimizing NNI: done in 0.00386596 secs using 99.98% CPU
Optimizing NNI: done in 0.00227904 secs using 99.34% CPU
Optimizing NNI: done in 0.00233293 secs using 98.85% CPU
Optimizing NNI: done in 0.00227594 secs using 100% CPU
Optimizing NNI: done in 0.00217414 secs using 99.99% CPU
Optimizing NNI: done in 0.00222588 secs using 100% CPU
Optimizing NNI: done in 0.00222015 secs using 100% CPU
Optimizing NNI: done in 0.00221801 secs using 100% CPU
Optimizing NNI: done in 0.00384021 secs using 99.99% CPU
Iteration 250 / LogL: -2693.710 / Time: 0h:0m:2s (0h:0m:0s left)
Log-likelihood cutoff on original alignment: -2694.109
Optimizing NNI: done in 0.00222111 secs using 99.95% CPU
Optimizing NNI: done in 0.00229216 secs
Optimizing NNI: done in 0.00380802 secs using 99.58% CPU
Optimizing NNI: done in 0.00223207 secs using 100% CPU
Optimizing NNI: done in 0.00224614 secs using 100.1% CPU
Optimizing NNI: done in 0.003932 secs using 99.95% CPU
Optimizing NNI: done in 0.00385904 secs using 99.64% CPU
Optimizing NNI: done in 0.00222492 secs using 100% CPU
Optimizing NNI: done in 0.003865 secs using 99.92% CPU
Optimizing NNI: done in 0.00219798 secs using 99.96% CPU
Iteration 260 / LogL: -2693.710 / Time: 0h:0m:2s (0h:0m:0s left)
Optimizing NNI: done in 0.00230885 secs using 100% CPU
Optimizing NNI: done in 0.00226212 secs using 99.95% CPU
Optimizing NNI: done in 0.00226593 secs using 99.96% CPU
Optimizing NNI: done in 0.00222206 secs using 99.91% CPU
Optimizing NNI: done in 0.00225091 secs using 99.96% CPU
Optimizing NNI: done in 0.00220108 secs using 99.95% CPU
Optimizing NNI: done in 0.00223303 secs using 99.95% CPU
Optimizing NNI: done in 0.00218678 secs using 99.96% CPU
Optimizing NNI: done in 0.00261092 secs using 87.13% CPU
Optimizing NNI: done in 0.00376701 secs using 100% CPU
Iteration 270 / LogL: -2693.710 / Time: 0h:0m:2s (0h:0m:0s left)
Optimizing NNI: done in 0.00248313 secs using 88.76% CPU
Optimizing NNI: done in 0.00219512 secs using 99.95% CPU
Optimizing NNI: done in 0.00224304 secs using 99.42% CPU
Optimizing NNI: done in 0.00220799 secs using 100% CPU
Optimizing NNI: done in 0.00386691 secs using 100% CPU
Optimizing NNI: done in 0.00232697 secs using 99.92% CPU
Optimizing NNI: done in 0.00229788 secs using 99.96% CPU
Optimizing NNI: done in 0.00219893 secs using 100% CPU
Optimizing NNI: done in 0.00260901 secs using 87.27% CPU
Optimizing NNI: done in 0.00385094 secs using 99.59% CPU
Iteration 280 / LogL: -2693.711 / Time: 0h:0m:2s (0h:0m:0s left)
Optimizing NNI: done in 0.00223207 secs using 99.95% CPU
Optimizing NNI: done in 0.00394201 secs using 99.62% CPU
Optimizing NNI: done in 0.00255895 secs using 87.3% CPU
Optimizing NNI: done in 0.00388694 secs using 100% CPU
Optimizing NNI: done in 0.00380707 secs using 99.6% CPU
Optimizing NNI: done in 0.00223494 secs using 99.38% CPU
Optimizing NNI: done in 0.00213218 secs using 99.99% CPU
Optimizing NNI: done in 0.00220704 secs using 100% CPU
Optimizing NNI: done in 0.00221205 secs using 100% CPU
Optimizing NNI: done in 0.00218797 secs using 99.96% CPU
Iteration 290 / LogL: -2693.710 / Time: 0h:0m:2s (0h:0m:0s left)
Optimizing NNI: done in 0.00378418 secs using 99.63% CPU
Optimizing NNI: done in 0.00221682 secs using 99.29% CPU
Optimizing NNI: done in 0.00393391 secs using 99.54% CPU
Optimizing NNI: done in 0.00227785 secs using 99.96% CPU
Optimizing NNI: done in 0.00217581 secs using 100% CPU
Optimizing NNI: done in 0.00226498 secs using 100% CPU
Optimizing NNI: done in 0.00216913 secs using 99.99% CPU
Optimizing NNI: done in 0.002244 secs using 99.96% CPU
Optimizing NNI: done in 0.00387907 secs using 100% CPU
Optimizing NNI: done in 0.00384617 secs using 100% CPU
Iteration 300 / LogL: -2693.711 / Time: 0h:0m:2s (0h:0m:0s left)
Log-likelihood cutoff on original alignment: -2694.109
NOTE: Bootstrap correlation coefficient of split occurrence frequencies: 0.995
TREE SEARCH COMPLETED AFTER 300 ITERATIONS / Time: 0h:0m:2s

--------------------------------------------------------------------
|                    FINALIZING TREE SEARCH                        |
--------------------------------------------------------------------
Performs final model parameters optimization
Estimate model parameters (epsilon = 0.010)
1. Initial log-likelihood: -2693.710
Optimal log-likelihood: -2693.710
Parameters optimization took 1 rounds (0.001 sec)
BEST SCORE FOUND : -2693.710

Testing tree branches by SH-like aLRT with 1000 replicates...
0.050 sec.
Creating bootstrap support values...
Split supports printed to NEXUS file ../results/molecular_evolution_analyses/phylogenetic_trees/F57849_MLIG_G1/F57849_MLIG_G1.splits.nex
Total tree length: 0.272

Total number of iterations: 300
CPU time used for tree search: 2.470 sec (0h:0m:2s)
Wall-clock time used for tree search: 2.414 sec (0h:0m:2s)
Total CPU time used: 2.583 sec (0h:0m:2s)
Total wall-clock time used: 2.534 sec (0h:0m:2s)

Computing bootstrap consensus tree...
Reading input file ../results/molecular_evolution_analyses/phylogenetic_trees/F57849_MLIG_G1/F57849_MLIG_G1.splits.nex...
6 taxa and 13 splits.
Consensus tree written to ../results/molecular_evolution_analyses/phylogenetic_trees/F57849_MLIG_G1/F57849_MLIG_G1.contree
Reading input trees file ../results/molecular_evolution_analyses/phylogenetic_trees/F57849_MLIG_G1/F57849_MLIG_G1.contree
Log-likelihood of consensus tree: -2693.715

Analysis results written to: 
  IQ-TREE report:                ../results/molecular_evolution_analyses/phylogenetic_trees/F57849_MLIG_G1/F57849_MLIG_G1.iqtree
  Maximum-likelihood tree:       ../results/molecular_evolution_analyses/phylogenetic_trees/F57849_MLIG_G1/F57849_MLIG_G1.treefile
  Likelihood distances:          ../results/molecular_evolution_analyses/phylogenetic_trees/F57849_MLIG_G1/F57849_MLIG_G1.mldist

Ultrafast bootstrap approximation results written to:
  Split support values:          ../results/molecular_evolution_analyses/phylogenetic_trees/F57849_MLIG_G1/F57849_MLIG_G1.splits.nex
  Consensus tree:                ../results/molecular_evolution_analyses/phylogenetic_trees/F57849_MLIG_G1/F57849_MLIG_G1.contree
  Screen log file:               ../results/molecular_evolution_analyses/phylogenetic_trees/F57849_MLIG_G1/F57849_MLIG_G1.log

Date and Time: Thu Mar 28 11:24:16 2024
