IQ-TREE multicore version 2.2.2.6 COVID-edition for Linux 64-bit built May 27 2023
Developed by Bui Quang Minh, James Barbetti, Nguyen Lam Tung,
Olga Chernomor, Heiko Schmidt, Dominik Schrempf, Michael Woodhams, Ly Trong Nhan.

Host:    lbc5 (AVX2, FMA3, 125 GB RAM)
Command: /home/mauricio/mauricio_PROGRAMAS/iqtree-2.2.2.6-Linux/bin/iqtree2 -s ../results/molecular_evolution_analyses/alignments_gblocks/F62956_MLIG_G1/F62956_MLIG_G1.aln.gblo -m TEST --threads-max 32 --alrt 1000 --ufboot 1000 --prefix ../results/molecular_evolution_analyses/phylogenetic_trees/F62956_MLIG_G1/F62956_MLIG_G1 -keep-ident -redo
Seed:    502344 (Using SPRNG - Scalable Parallel Random Number Generator)
Time:    Wed May  1 10:15:37 2024
Kernel:  AVX+FMA - 1 threads (32 CPU cores detected)

HINT: Use -nt option to specify number of threads because your CPU has 32 cores!
HINT: -nt AUTO will automatically determine the best number of threads to use.

Reading alignment file ../results/molecular_evolution_analyses/alignments_gblocks/F62956_MLIG_G1/F62956_MLIG_G1.aln.gblo ... Fasta format detected
Reading fasta file: done in 7.29561e-05 secs
Alignment most likely contains protein sequences
Constructing alignment: done in 0.000311136 secs
Alignment has 6 sequences with 303 columns, 112 distinct patterns
124 parsimony-informative, 2 singleton sites, 177 constant sites
            Gap/Ambiguity  Composition  p-value
Analyzing sequences: done in 8.10623e-06 secs
   1  Mlig.6816     0.00%    passed    100.00%
   2  Mlig.32024    0.00%    passed     99.99%
   3  Mlig.32025    0.00%    passed     99.99%
   4  Mlig.14971    0.00%    passed    100.00%
   5  Mlig.14972    0.00%    passed    100.00%
   6  Mlig.14973    0.00%    passed    100.00%
****  TOTAL         0.00%  0 sequences failed composition chi2 test (p-value<5%; df=19)


Create initial parsimony tree by phylogenetic likelihood library (PLL)... 0.000 seconds
Perform fast likelihood tree search using LG+I+G model...
Estimate model parameters (epsilon = 5.000)
Perform nearest neighbor interchange...
Optimizing NNI: done in 0.00252485 secs using 99.89% CPU
Estimate model parameters (epsilon = 1.000)
1. Initial log-likelihood: -1468.614
Optimal log-likelihood: -1468.484
Proportion of invariable sites: 0.300
Gamma shape alpha: 6.540
Parameters optimization took 1 rounds (0.006 sec)
Time for fast ML tree search: 0.021 seconds

NOTE: ModelFinder requires 0 MB RAM!
ModelFinder will test up to 224 protein models (sample size: 303) ...
 No. Model         -LnL         df  AIC          AICc         BIC
  1  LG            1470.737     9   2959.474     2960.088     2992.898
  2  LG+I          1468.461     10  2956.923     2957.676     2994.060
  3  LG+G4         1468.331     10  2956.662     2957.416     2993.800
  4  LG+I+G4       1468.446     11  2958.891     2959.798     2999.742
  5  LG+F          1445.208     28  2946.415     2952.342     3050.400
  6  LG+F+I        1443.078     29  2944.156     2950.530     3051.855
  7  LG+F+G4       1443.061     29  2944.123     2950.496     3051.821
  8  LG+F+I+G4     1443.084     30  2946.168     2953.007     3057.580
  9  WAG           1458.971     9   2935.942     2936.556     2969.366
 10  WAG+I         1458.369     10  2936.737     2937.491     2973.874
 11  WAG+G4        1458.423     10  2936.845     2937.598     2973.982
 12  WAG+I+G4      1458.630     11  2939.260     2940.168     2980.111
 13  WAG+F         1442.666     28  2941.331     2947.258     3045.316
 14  WAG+F+I       1441.717     29  2941.435     2947.809     3049.133
 15  WAG+F+G4      1441.935     29  2941.870     2948.244     3049.568
 16  WAG+F+I+G4    1441.892     30  2943.783     2950.621     3055.195
 17  JTT           1456.501     9   2931.001     2931.616     2964.425
 18  JTT+I         1455.443     10  2930.887     2931.640     2968.024
 19  JTT+G4        1455.423     10  2930.846     2931.600     2967.984
 20  JTT+I+G4      1455.606     11  2933.211     2934.119     2974.062
 21  JTT+F         1440.776     28  2937.552     2943.479     3041.537
 22  JTT+F+I       1439.438     29  2936.876     2943.249     3044.574
 23  JTT+F+G4      1439.577     29  2937.154     2943.527     3044.852
 24  JTT+F+I+G4    1439.529     30  2939.058     2945.896     3050.470
WARNING: Normalizing state frequencies so that sum of them equals to 1
 25  Q.pfam        1466.228     9   2950.456     2951.071     2983.880
WARNING: Normalizing state frequencies so that sum of them equals to 1
 26  Q.pfam+I      1464.800     10  2949.599     2950.353     2986.737
WARNING: Normalizing state frequencies so that sum of them equals to 1
 27  Q.pfam+G4     1464.672     10  2949.343     2950.097     2986.480
WARNING: Normalizing state frequencies so that sum of them equals to 1
 28  Q.pfam+I+G4   1464.856     11  2951.711     2952.619     2992.563
WARNING: Normalizing state frequencies so that sum of them equals to 1
 29  Q.pfam+F      1443.659     28  2943.318     2949.245     3047.303
WARNING: Normalizing state frequencies so that sum of them equals to 1
 30  Q.pfam+F+I    1442.484     29  2942.968     2949.342     3050.667
WARNING: Normalizing state frequencies so that sum of them equals to 1
 31  Q.pfam+F+G4   1442.440     29  2942.881     2949.254     3050.579
WARNING: Normalizing state frequencies so that sum of them equals to 1
 32  Q.pfam+F+I+G4 1442.576     30  2945.152     2951.990     3056.564
WARNING: Normalizing state frequencies so that sum of them equals to 1
 33  Q.bird        1469.263     9   2956.526     2957.140     2989.950
WARNING: Normalizing state frequencies so that sum of them equals to 1
 34  Q.bird+I      1461.767     10  2943.534     2944.287     2980.671
WARNING: Normalizing state frequencies so that sum of them equals to 1
 35  Q.bird+G4     1461.394     10  2942.789     2943.542     2979.926
WARNING: Normalizing state frequencies so that sum of them equals to 1
 36  Q.bird+I+G4   1461.518     11  2945.037     2945.944     2985.888
WARNING: Normalizing state frequencies so that sum of them equals to 1
 37  Q.bird+F      1450.508     28  2957.017     2962.944     3061.001
WARNING: Normalizing state frequencies so that sum of them equals to 1
 38  Q.bird+F+I    1443.168     29  2944.336     2950.710     3052.034
WARNING: Normalizing state frequencies so that sum of them equals to 1
 39  Q.bird+F+G4   1442.931     29  2943.862     2950.236     3051.561
WARNING: Normalizing state frequencies so that sum of them equals to 1
 40  Q.bird+F+I+G4 1442.993     30  2945.986     2952.825     3057.398
WARNING: Normalizing state frequencies so that sum of them equals to 1
 41  Q.mammal      1468.341     9   2954.681     2955.295     2988.105
WARNING: Normalizing state frequencies so that sum of them equals to 1
 42  Q.mammal+I    1463.772     10  2947.544     2948.298     2984.682
WARNING: Normalizing state frequencies so that sum of them equals to 1
 43  Q.mammal+G4   1463.560     10  2947.120     2947.873     2984.257
WARNING: Normalizing state frequencies so that sum of them equals to 1
 44  Q.mammal+I+G4 1463.658     11  2949.315     2950.222     2990.166
WARNING: Normalizing state frequencies so that sum of them equals to 1
 45  Q.mammal+F    1447.858     28  2951.716     2957.643     3055.700
WARNING: Normalizing state frequencies so that sum of them equals to 1
 46  Q.mammal+F+I  1443.594     29  2945.187     2951.561     3052.886
WARNING: Normalizing state frequencies so that sum of them equals to 1
 47  Q.mammal+F+G4 1443.542     29  2945.083     2951.457     3052.781
WARNING: Normalizing state frequencies so that sum of them equals to 1
 48  Q.mammal+F+I+G4 1443.551     30  2947.103     2953.941     3058.515
 49  Q.insect      1491.452     9   3000.904     3001.518     3034.327
 50  Q.insect+I    1488.802     10  2997.604     2998.358     3034.741
 51  Q.insect+G4   1488.462     10  2996.923     2997.677     3034.061
 52  Q.insect+I+G4 1488.664     11  2999.327     3000.235     3040.178
 53  Q.insect+F    1450.973     28  2957.946     2963.873     3061.930
 54  Q.insect+F+I  1448.239     29  2954.478     2960.852     3062.177
 55  Q.insect+F+G4 1448.035     29  2954.071     2960.445     3061.769
 56  Q.insect+F+I+G4 1448.151     30  2956.302     2963.141     3067.714
WARNING: Normalizing state frequencies so that sum of them equals to 1
 57  Q.plant       1474.361     9   2966.723     2967.337     3000.147
WARNING: Normalizing state frequencies so that sum of them equals to 1
 58  Q.plant+I     1467.988     10  2955.977     2956.730     2993.114
WARNING: Normalizing state frequencies so that sum of them equals to 1
 59  Q.plant+G4    1467.929     10  2955.859     2956.612     2992.996
WARNING: Normalizing state frequencies so that sum of them equals to 1
 60  Q.plant+I+G4  1467.904     11  2957.809     2958.716     2998.660
WARNING: Normalizing state frequencies so that sum of them equals to 1
 61  Q.plant+F     1447.045     28  2950.090     2956.017     3054.074
WARNING: Normalizing state frequencies so that sum of them equals to 1
 62  Q.plant+F+I   1440.665     29  2939.331     2945.704     3047.029
WARNING: Normalizing state frequencies so that sum of them equals to 1
 63  Q.plant+F+G4  1441.059     29  2940.119     2946.492     3047.817
WARNING: Normalizing state frequencies so that sum of them equals to 1
 64  Q.plant+F+I+G4 1440.777     30  2941.554     2948.393     3052.966
WARNING: Normalizing state frequencies so that sum of them equals to 1
 65  Q.yeast       1494.662     9   3007.324     3007.938     3040.747
WARNING: Normalizing state frequencies so that sum of them equals to 1
 66  Q.yeast+I     1492.113     10  3004.225     3004.978     3041.362
WARNING: Normalizing state frequencies so that sum of them equals to 1
 67  Q.yeast+G4    1491.611     10  3003.221     3003.975     3040.359
WARNING: Normalizing state frequencies so that sum of them equals to 1
 68  Q.yeast+I+G4  1491.928     11  3005.856     3006.764     3046.707
WARNING: Normalizing state frequencies so that sum of them equals to 1
 69  Q.yeast+F     1449.034     28  2954.067     2959.994     3058.052
WARNING: Normalizing state frequencies so that sum of them equals to 1
 70  Q.yeast+F+I   1446.569     29  2951.138     2957.511     3058.836
WARNING: Normalizing state frequencies so that sum of them equals to 1
 71  Q.yeast+F+G4  1446.259     29  2950.519     2956.892     3058.217
WARNING: Normalizing state frequencies so that sum of them equals to 1
 72  Q.yeast+F+I+G4 1446.474     30  2952.948     2959.787     3064.360
 73  JTTDCMut      1456.553     9   2931.106     2931.721     2964.530
 74  JTTDCMut+I    1455.363     10  2930.727     2931.480     2967.864
 75  JTTDCMut+G4   1455.328     10  2930.655     2931.409     2967.793
 76  JTTDCMut+I+G4 1455.496     11  2932.992     2933.899     2973.843
 77  JTTDCMut+F    1441.051     28  2938.103     2944.030     3042.087
 78  JTTDCMut+F+I  1439.555     29  2937.109     2943.483     3044.808
 79  JTTDCMut+F+G4 1439.683     29  2937.365     2943.739     3045.064
 80  JTTDCMut+F+I+G4 1439.623     30  2939.247     2946.085     3050.659
 81  DCMut         1472.638     9   2963.275     2963.889     2996.699
 82  DCMut+I       1468.929     10  2957.857     2958.610     2994.994
 83  DCMut+G4      1468.583     10  2957.166     2957.919     2994.303
 84  DCMut+I+G4    1468.770     11  2959.540     2960.448     3000.391
 85  DCMut+F       1453.445     28  2962.890     2968.817     3066.874
 86  DCMut+F+I     1448.241     29  2954.482     2960.856     3062.181
 87  DCMut+F+G4    1448.350     29  2954.700     2961.074     3062.398
 88  DCMut+F+I+G4  1448.217     30  2956.434     2963.272     3067.846
 89  VT            1462.718     9   2943.436     2944.051     2976.860
 90  VT+I          1462.724     10  2945.448     2946.201     2982.585
 91  VT+G4         1462.734     10  2945.468     2946.221     2982.605
 92  VT+I+G4       1463.895     11  2949.790     2950.697     2990.641
 93  VT+F          1442.517     28  2941.034     2946.961     3045.019
 94  VT+F+I        1442.529     29  2943.058     2949.431     3050.756
 95  VT+F+G4       1442.531     29  2943.063     2949.437     3050.761
 96  VT+F+I+G4     1443.593     30  2947.187     2954.025     3058.599
 97  PMB           1472.439     9   2962.877     2963.491     2996.301
 98  PMB+I         1472.453     10  2964.906     2965.659     3002.043
 99  PMB+G4        1472.458     10  2964.916     2965.669     3002.053
100  PMB+I+G4      1473.486     11  2968.971     2969.878     3009.822
101  PMB+F         1450.270     28  2956.539     2962.466     3060.524
102  PMB+F+I       1450.270     29  2958.539     2964.913     3066.238
103  PMB+F+G4      1450.271     29  2958.542     2964.916     3066.241
104  PMB+F+I+G4    1451.113     30  2962.226     2969.064     3073.638
105  Blosum62      1474.916     9   2967.832     2968.446     3001.256
106  Blosum62+I    1474.794     10  2969.588     2970.342     3006.726
107  Blosum62+G4   1474.769     10  2969.538     2970.291     3006.675
108  Blosum62+I+G4 1475.349     11  2972.698     2973.605     3013.549
109  Blosum62+F    1451.036     28  2958.072     2963.999     3062.057
110  Blosum62+F+I  1450.822     29  2959.643     2966.017     3067.342
111  Blosum62+F+G4 1450.824     29  2959.647     2966.021     3067.346
112  Blosum62+F+I+G4 1451.257     30  2962.513     2969.351     3073.925
113  Dayhoff       1472.637     9   2963.273     2963.887     2996.697
114  Dayhoff+I     1468.866     10  2957.732     2958.485     2994.869
115  Dayhoff+G4    1468.524     10  2957.048     2957.801     2994.185
116  Dayhoff+I+G4  1468.706     11  2959.412     2960.319     3000.263
117  Dayhoff+F     1453.454     28  2962.907     2968.834     3066.892
118  Dayhoff+F+I   1448.177     29  2954.353     2960.727     3062.052
119  Dayhoff+F+G4  1448.293     29  2954.586     2960.960     3062.285
120  Dayhoff+F+I+G4 1448.154     30  2956.308     2963.147     3067.720
121  mtREV         1576.874     9   3171.749     3172.363     3205.172
122  mtREV+I       1564.594     10  3149.189     3149.942     3186.326
123  mtREV+G4      1564.843     10  3149.686     3150.439     3186.823
124  mtREV+I+G4    1564.529     11  3151.059     3151.966     3191.910
125  mtREV+F       1450.836     28  2957.673     2963.600     3061.657
126  mtREV+F+I     1441.154     29  2940.307     2946.681     3048.005
127  mtREV+F+G4    1441.983     29  2941.967     2948.340     3049.665
128  mtREV+F+I+G4  1441.430     30  2942.860     2949.698     3054.272
129  mtART         1618.187     9   3254.374     3254.988     3287.797
130  mtART+I       1583.323     10  3186.646     3187.400     3223.784
131  mtART+G4      1579.598     10  3179.196     3179.950     3216.334
132  mtART+I+G4    1579.684     11  3181.367     3182.275     3222.218
133  mtART+F       1487.257     28  3030.514     3036.441     3134.498
134  mtART+F+I     1460.777     29  2979.553     2985.927     3087.252
135  mtART+F+G4    1457.386     29  2972.772     2979.146     3080.471
136  mtART+F+I+G4  1457.597     30  2975.194     2982.032     3086.606
137  mtZOA         1583.282     9   3184.563     3185.177     3217.987
138  mtZOA+I       1563.298     10  3146.596     3147.350     3183.734
139  mtZOA+G4      1560.632     10  3141.264     3142.017     3178.401
140  mtZOA+I+G4    1560.913     11  3143.826     3144.734     3184.677
141  mtZOA+F       1469.155     28  2994.311     3000.238     3098.295
142  mtZOA+F+I     1453.772     29  2965.543     2971.917     3073.242
143  mtZOA+F+G4    1452.176     29  2962.352     2968.725     3070.050
144  mtZOA+F+I+G4  1452.327     30  2964.654     2971.493     3076.066
145  mtMet         1593.686     9   3205.371     3205.986     3238.795
146  mtMet+I       1582.699     10  3185.399     3186.152     3222.536
147  mtMet+G4      1581.757     10  3183.514     3184.268     3220.652
148  mtMet+I+G4    1581.918     11  3185.836     3186.743     3226.687
149  mtMet+F       1453.258     28  2962.517     2968.444     3066.501
150  mtMet+F+I     1444.951     29  2947.902     2954.275     3055.600
151  mtMet+F+G4    1444.605     29  2947.209     2953.583     3054.908
152  mtMet+F+I+G4  1444.646     30  2949.292     2956.130     3060.704
153  mtVer         1592.767     9   3203.533     3204.148     3236.957
154  mtVer+I       1576.935     10  3173.869     3174.623     3211.007
155  mtVer+G4      1576.515     10  3173.029     3173.783     3210.167
156  mtVer+I+G4    1576.436     11  3174.871     3175.779     3215.722
157  mtVer+F       1454.262     28  2964.524     2970.451     3068.509
158  mtVer+F+I     1442.640     29  2943.280     2949.654     3050.978
159  mtVer+F+G4    1442.324     29  2942.648     2949.022     3050.347
160  mtVer+F+I+G4  1442.258     30  2944.517     2951.355     3055.929
161  mtInv         1617.558     9   3253.115     3253.730     3286.539
162  mtInv+I       1609.635     10  3239.271     3240.024     3276.408
163  mtInv+G4      1608.655     10  3237.310     3238.063     3274.447
164  mtInv+I+G4    1608.913     11  3239.826     3240.733     3280.677
165  mtInv+F       1455.135     28  2966.270     2972.197     3070.254
166  mtInv+F+I     1448.601     29  2955.203     2961.576     3062.901
167  mtInv+F+G4    1448.236     29  2954.471     2960.845     3062.170
168  mtInv+F+I+G4  1448.327     30  2956.655     2963.493     3068.067
169  mtMAM         1595.086     9   3208.171     3208.786     3241.595
170  mtMAM+I       1568.128     10  3156.255     3157.009     3193.392
171  mtMAM+G4      1566.795     10  3153.589     3154.343     3190.727
172  mtMAM+I+G4    1566.681     11  3155.361     3156.268     3196.212
173  mtMAM+F       1458.115     28  2972.231     2978.158     3076.215
174  mtMAM+F+I     1440.812     29  2939.625     2945.999     3047.323
175  mtMAM+F+G4    1440.466     29  2938.932     2945.306     3046.631
176  mtMAM+F+I+G4  1440.325     30  2940.650     2947.488     3052.062
WARNING: Normalizing state frequencies so that sum of them equals to 1
177  FLAVI         1498.754     9   3015.507     3016.122     3048.931
WARNING: Normalizing state frequencies so that sum of them equals to 1
178  FLAVI+I       1484.506     10  2989.011     2989.764     3026.148
WARNING: Normalizing state frequencies so that sum of them equals to 1
179  FLAVI+G4      1484.153     10  2988.306     2989.060     3025.444
WARNING: Normalizing state frequencies so that sum of them equals to 1
180  FLAVI+I+G4    1484.139     11  2990.279     2991.186     3031.130
WARNING: Normalizing state frequencies so that sum of them equals to 1
181  FLAVI+F       1458.734     28  2973.469     2979.396     3077.453
WARNING: Normalizing state frequencies so that sum of them equals to 1
182  FLAVI+F+I     1445.658     29  2949.317     2955.691     3057.015
WARNING: Normalizing state frequencies so that sum of them equals to 1
183  FLAVI+F+G4    1445.594     29  2949.189     2955.562     3056.887
WARNING: Normalizing state frequencies so that sum of them equals to 1
184  FLAVI+F+I+G4  1445.473     30  2950.947     2957.785     3062.359
185  HIVb          1479.809     9   2977.619     2978.233     3011.042
186  HIVb+I        1469.430     10  2958.860     2959.613     2995.997
187  HIVb+G4       1470.002     10  2960.004     2960.758     2997.142
188  HIVb+I+G4     1469.628     11  2961.255     2962.162     3002.106
189  HIVb+F        1454.149     28  2964.298     2970.225     3068.282
190  HIVb+F+I      1443.640     29  2945.280     2951.654     3052.978
191  HIVb+F+G4     1443.912     29  2945.824     2952.198     3053.523
192  HIVb+F+I+G4   1443.656     30  2947.312     2954.150     3058.724
193  HIVw          1513.465     9   3044.930     3045.545     3078.354
194  HIVw+I        1501.885     10  3023.770     3024.524     3060.907
195  HIVw+G4       1501.297     10  3022.594     3023.348     3059.732
196  HIVw+I+G4     1501.300     11  3024.600     3025.507     3065.451
197  HIVw+F        1464.040     28  2984.081     2990.008     3088.065
198  HIVw+F+I      1451.276     29  2960.552     2966.925     3068.250
199  HIVw+F+G4     1450.747     29  2959.495     2965.868     3067.193
200  HIVw+F+I+G4   1450.718     30  2961.436     2968.275     3072.848
201  FLU           1485.544     9   2989.088     2989.702     3022.512
202  FLU+I         1477.630     10  2975.260     2976.014     3012.397
203  FLU+G4        1478.050     10  2976.099     2976.853     3013.237
204  FLU+I+G4      1477.721     11  2977.441     2978.348     3018.292
205  FLU+F         1454.591     28  2965.183     2971.110     3069.167
206  FLU+F+I       1446.940     29  2951.881     2958.254     3059.579
207  FLU+F+G4      1447.330     29  2952.660     2959.033     3060.358
208  FLU+F+I+G4    1447.010     30  2954.021     2960.859     3065.433
209  rtREV         1484.184     9   2986.367     2986.982     3019.791
210  rtREV+I       1481.009     10  2982.018     2982.772     3019.156
211  rtREV+G4      1481.002     10  2982.003     2982.757     3019.141
212  rtREV+I+G4    1480.988     11  2983.976     2984.884     3024.827
213  rtREV+F       1450.084     28  2956.168     2962.095     3060.152
214  rtREV+F+I     1446.960     29  2951.920     2958.293     3059.618
215  rtREV+F+G4    1447.035     29  2952.071     2958.444     3059.769
216  rtREV+F+I+G4  1446.958     30  2953.915     2960.754     3065.327
217  cpREV         1473.698     9   2965.395     2966.010     2998.819
218  cpREV+I       1471.204     10  2962.408     2963.162     2999.546
219  cpREV+G4      1471.605     10  2963.209     2963.963     3000.347
220  cpREV+I+G4    1471.213     11  2964.426     2965.334     3005.278
221  cpREV+F       1444.440     28  2944.881     2950.808     3048.866
222  cpREV+F+I     1440.304     29  2938.608     2944.981     3046.306
223  cpREV+F+G4    1441.219     29  2940.438     2946.812     3048.136
224  cpREV+F+I+G4  1440.325     30  2940.651     2947.489     3052.063
Akaike Information Criterion:           JTTDCMut+G4
Corrected Akaike Information Criterion: JTTDCMut+G4
Bayesian Information Criterion:         JTT
Best-fit model: JTT chosen according to BIC

All model information printed to ../results/molecular_evolution_analyses/phylogenetic_trees/F62956_MLIG_G1/F62956_MLIG_G1.model.gz
CPU time for ModelFinder: 1.981 seconds (0h:0m:1s)
Wall-clock time for ModelFinder: 1.983 seconds (0h:0m:1s)
Generating 1000 samples for ultrafast bootstrap (seed: 502344)...

NOTE: 0 MB RAM (0 GB) is required!
Estimate model parameters (epsilon = 0.100)
1. Initial log-likelihood: -1456.501
Optimal log-likelihood: -1456.501
Parameters optimization took 1 rounds (0.000 sec)
Wrote distance file to... 
Computing ML distances based on estimated model parameters...
Calculating distance matrix: done in 0.000863075 secs using 99.06% CPU
Computing ML distances took 0.000885 sec (of wall-clock time) 0.000879 sec (of CPU time)
Setting up auxiliary I and S matrices: done in 3.8147e-05 secs using 99.61% CPU
Constructing RapidNJ tree: done in 2.28882e-05 secs using 100.5% CPU
Computing RapidNJ tree took 0.000115 sec (of wall-clock time) 0.000114 sec (of CPU time)
Log-likelihood of RapidNJ tree: -1456.500
--------------------------------------------------------------------
|             INITIALIZING CANDIDATE TREE SET                      |
--------------------------------------------------------------------
Generating 99 parsimony trees... 0.015 second
Computing log-likelihood of 15 initial trees ... 0.004 seconds
Current best score: -1456.500

Do NNI search on 16 best initial trees
Optimizing NNI: done in 0.000982046 secs using 199.2% CPU
Optimizing NNI: done in 0.00332594 secs using 200% CPU
Optimizing NNI: done in 0.00326991 secs using 200% CPU
Optimizing NNI: done in 0.00337911 secs using 199.9% CPU
UPDATE BEST LOG-LIKELIHOOD: -1456.500
Optimizing NNI: done in 0.00337696 secs using 199.9% CPU
Optimizing NNI: done in 0.00333714 secs using 200% CPU
Optimizing NNI: done in 0.00441694 secs using 199.8% CPU
Optimizing NNI: done in 0.00440598 secs using 200% CPU
Optimizing NNI: done in 0.00328398 secs using 200% CPU
Optimizing NNI: done in 0.00327396 secs using 200% CPU
Iteration 10 / LogL: -1456.501 / Time: 0h:0m:0s
Optimizing NNI: done in 0.00327206 secs using 200% CPU
Optimizing NNI: done in 0.00327897 secs using 199.9% CPU
Optimizing NNI: done in 0.00550199 secs using 200% CPU
Optimizing NNI: done in 0.00550413 secs using 127.3% CPU
Optimizing NNI: done in 0.00550008 secs using 199.9% CPU
Optimizing NNI: done in 0.00550222 secs using 199.9% CPU
Finish initializing candidate tree set (16)
Current best tree score: -1456.500 / CPU time: 0.086
Number of iterations: 16
--------------------------------------------------------------------
|               OPTIMIZING CANDIDATE TREE SET                      |
--------------------------------------------------------------------
Optimizing NNI: done in 0.00423503 secs using 199.9% CPU
UPDATE BEST LOG-LIKELIHOOD: -1456.500
Optimizing NNI: done in 0.00315404 secs using 199.8% CPU
UPDATE BEST LOG-LIKELIHOOD: -1456.500
Optimizing NNI: done in 0.00322795 secs using 199.9% CPU
Optimizing NNI: done in 0.00530505 secs using 124.7% CPU
UPDATE BEST LOG-LIKELIHOOD: -1456.500
Iteration 20 / LogL: -1456.500 / Time: 0h:0m:0s
Optimizing NNI: done in 0.00426817 secs using 199.1% CPU
Optimizing NNI: done in 0.00105381 secs using 199.9% CPU
Optimizing NNI: done in 0.00314903 secs using 200% CPU
Optimizing NNI: done in 0.00208688 secs using 199.6% CPU
UPDATE BEST LOG-LIKELIHOOD: -1456.500
Optimizing NNI: done in 0.00192595 secs using 199.7% CPU
UPDATE BEST LOG-LIKELIHOOD: -1456.500
Optimizing NNI: done in 0.00193 secs using 199.7% CPU
Optimizing NNI: done in 0.00321507 secs using 200% CPU
Optimizing NNI: done in 0.00532007 secs using 160.3% CPU
Optimizing NNI: done in 0.00320888 secs using 199.9% CPU
Optimizing NNI: done in 0.00086689 secs using 199.8% CPU
UPDATE BEST LOG-LIKELIHOOD: -1456.500
Iteration 30 / LogL: -1456.500 / Time: 0h:0m:0s (0h:0m:0s left)
Optimizing NNI: done in 0.000878811 secs using 199.6% CPU
Optimizing NNI: done in 0.00425816 secs using 199.6% CPU
Optimizing NNI: done in 0.00104809 secs using 200.2% CPU
Optimizing NNI: done in 0.00190187 secs using 200% CPU
Optimizing NNI: done in 0.00322509 secs using 200% CPU
Optimizing NNI: done in 0.00087285 secs using 200.1% CPU
Optimizing NNI: done in 0.0032351 secs using 99.87% CPU
Optimizing NNI: done in 0.000884056 secs using 99.88% CPU
Optimizing NNI: done in 0.00317001 secs using 100% CPU
Optimizing NNI: done in 0.000885963 secs using 99.89% CPU
Iteration 40 / LogL: -1456.500 / Time: 0h:0m:0s (0h:0m:0s left)
Optimizing NNI: done in 0.005337 secs using 99.94% CPU
Optimizing NNI: done in 0.000863075 secs using 99.88% CPU
Optimizing NNI: done in 0.00190401 secs using 100% CPU
Optimizing NNI: done in 0.000864029 secs using 100% CPU
Optimizing NNI: done in 0.00410295 secs using 100% CPU
Optimizing NNI: done in 0.00410795 secs using 100% CPU
Optimizing NNI: done in 0.00322008 secs using 100% CPU
Optimizing NNI: done in 0.00320196 secs using 100% CPU
Optimizing NNI: done in 0.00424504 secs using 100% CPU
Optimizing NNI: done in 0.000873089 secs using 99.88% CPU
Iteration 50 / LogL: -1456.500 / Time: 0h:0m:0s (0h:0m:0s left)
Log-likelihood cutoff on original alignment: -1459.061
Optimizing NNI: done in 0.00318193 secs using 99.97% CPU
Optimizing NNI: done in 0.00190902 secs using 99.79% CPU
Optimizing NNI: done in 0.00426817 secs using 100% CPU
Optimizing NNI: done in 0.00318503 secs using 99.87% CPU
Optimizing NNI: done in 0.00414586 secs using 100% CPU
Optimizing NNI: done in 0.00313401 secs using 100% CPU
Optimizing NNI: done in 0.00320506 secs using 100% CPU
Optimizing NNI: done in 0.00086689 secs using 100% CPU
Optimizing NNI: done in 0.00320506 secs using 100% CPU
Optimizing NNI: done in 0.00195384 secs using 100% CPU
Iteration 60 / LogL: -1456.500 / Time: 0h:0m:0s (0h:0m:0s left)
Optimizing NNI: done in 0.00419307 secs using 100% CPU
Optimizing NNI: done in 0.00426912 secs using 99.93% CPU
Optimizing NNI: done in 0.003124 secs using 100% CPU
Optimizing NNI: done in 0.001899 secs using 100.1% CPU
Optimizing NNI: done in 0.00314403 secs using 100% CPU
Optimizing NNI: done in 0.00191498 secs using 100% CPU
Optimizing NNI: done in 0.00193 secs using 99.95% CPU
Optimizing NNI: done in 0.00192213 secs using 99.99% CPU
Optimizing NNI: done in 0.00327897 secs using 99.94% CPU
Optimizing NNI: done in 0.00534916 secs using 100% CPU
Iteration 70 / LogL: -1456.500 / Time: 0h:0m:0s (0h:0m:0s left)
Optimizing NNI: done in 0.00313401 secs using 100% CPU
Optimizing NNI: done in 0.00086689 secs using 100% CPU
Optimizing NNI: done in 0.000873804 secs using 99.68% CPU
Optimizing NNI: done in 0.00311494 secs using 100% CPU
Optimizing NNI: done in 0.001899 secs using 100% CPU
Optimizing NNI: done in 0.00190592 secs using 100% CPU
Optimizing NNI: done in 0.00192285 secs using 100% CPU
Optimizing NNI: done in 0.00314808 secs using 99.9% CPU
Optimizing NNI: done in 0.00532889 secs using 99.93% CPU
Optimizing NNI: done in 0.00529003 secs using 100% CPU
Iteration 80 / LogL: -1456.500 / Time: 0h:0m:0s (0h:0m:0s left)
Optimizing NNI: done in 0.00538492 secs using 100% CPU
Optimizing NNI: done in 0.00528908 secs using 99.94% CPU
Optimizing NNI: done in 0.0053308 secs using 99.98% CPU
Optimizing NNI: done in 0.00312901 secs using 100% CPU
Optimizing NNI: done in 0.00190592 secs using 99.85% CPU
Optimizing NNI: done in 0.00419903 secs using 100% CPU
Optimizing NNI: done in 0.0019238 secs using 99.85% CPU
Optimizing NNI: done in 0.000863075 secs using 99.99% CPU
Optimizing NNI: done in 0.00189614 secs using 99.99% CPU
Optimizing NNI: done in 0.00321507 secs using 100% CPU
Iteration 90 / LogL: -1456.500 / Time: 0h:0m:0s (0h:0m:0s left)
Optimizing NNI: done in 0.00192499 secs using 99.95% CPU
Optimizing NNI: done in 0.005301 secs using 99.94% CPU
Optimizing NNI: done in 0.00314808 secs using 99.9% CPU
Optimizing NNI: done in 0.00313711 secs using 100% CPU
Optimizing NNI: done in 0.00529099 secs using 99.92% CPU
Optimizing NNI: done in 0.00321507 secs using 99.9% CPU
Optimizing NNI: done in 0.00189495 secs using 100% CPU
Optimizing NNI: done in 0.00319695 secs using 99.94% CPU
Optimizing NNI: done in 0.00190711 secs using 99.99% CPU
Optimizing NNI: done in 0.000862837 secs using 100% CPU
Iteration 100 / LogL: -1456.500 / Time: 0h:0m:0s (0h:0m:0s left)
Log-likelihood cutoff on original alignment: -1459.061
NOTE: Bootstrap correlation coefficient of split occurrence frequencies: 1.000
Optimizing NNI: done in 0.00418806 secs using 100% CPU
TREE SEARCH COMPLETED AFTER 101 ITERATIONS / Time: 0h:0m:0s

--------------------------------------------------------------------
|                    FINALIZING TREE SEARCH                        |
--------------------------------------------------------------------
Performs final model parameters optimization
Estimate model parameters (epsilon = 0.010)
1. Initial log-likelihood: -1456.500
Optimal log-likelihood: -1456.500
Parameters optimization took 1 rounds (0.001 sec)
BEST SCORE FOUND : -1456.500

Testing tree branches by SH-like aLRT with 1000 replicates...
0.020 sec.
Creating bootstrap support values...
Split supports printed to NEXUS file ../results/molecular_evolution_analyses/phylogenetic_trees/F62956_MLIG_G1/F62956_MLIG_G1.splits.nex
Total tree length: 0.613

Total number of iterations: 101
CPU time used for tree search: 0.765 sec (0h:0m:0s)
Wall-clock time used for tree search: 0.586 sec (0h:0m:0s)
Total CPU time used: 0.811 sec (0h:0m:0s)
Total wall-clock time used: 0.632 sec (0h:0m:0s)

Computing bootstrap consensus tree...
Reading input file ../results/molecular_evolution_analyses/phylogenetic_trees/F62956_MLIG_G1/F62956_MLIG_G1.splits.nex...
6 taxa and 13 splits.
Consensus tree written to ../results/molecular_evolution_analyses/phylogenetic_trees/F62956_MLIG_G1/F62956_MLIG_G1.contree
Reading input trees file ../results/molecular_evolution_analyses/phylogenetic_trees/F62956_MLIG_G1/F62956_MLIG_G1.contree
Log-likelihood of consensus tree: -1456.503

Analysis results written to: 
  IQ-TREE report:                ../results/molecular_evolution_analyses/phylogenetic_trees/F62956_MLIG_G1/F62956_MLIG_G1.iqtree
  Maximum-likelihood tree:       ../results/molecular_evolution_analyses/phylogenetic_trees/F62956_MLIG_G1/F62956_MLIG_G1.treefile
  Likelihood distances:          ../results/molecular_evolution_analyses/phylogenetic_trees/F62956_MLIG_G1/F62956_MLIG_G1.mldist

Ultrafast bootstrap approximation results written to:
  Split support values:          ../results/molecular_evolution_analyses/phylogenetic_trees/F62956_MLIG_G1/F62956_MLIG_G1.splits.nex
  Consensus tree:                ../results/molecular_evolution_analyses/phylogenetic_trees/F62956_MLIG_G1/F62956_MLIG_G1.contree
  Screen log file:               ../results/molecular_evolution_analyses/phylogenetic_trees/F62956_MLIG_G1/F62956_MLIG_G1.log

Date and Time: Wed May  1 10:15:40 2024
