IQ-TREE multicore version 2.2.2.6 COVID-edition for Linux 64-bit built May 27 2023
Developed by Bui Quang Minh, James Barbetti, Nguyen Lam Tung,
Olga Chernomor, Heiko Schmidt, Dominik Schrempf, Michael Woodhams, Ly Trong Nhan.

Host:    lbc5 (AVX2, FMA3, 125 GB RAM)
Command: /home/mauricio/mauricio_PROGRAMAS/iqtree-2.2.2.6-Linux/bin/iqtree2 -s ../results/molecular_evolution_analyses/alignments_gblocks/F88017_MLIG_G1/F88017_MLIG_G1.aln.gblo -m TEST --threads-max 32 --alrt 1000 --ufboot 1000 --prefix ../results/molecular_evolution_analyses/phylogenetic_trees/F88017_MLIG_G1/F88017_MLIG_G1 -keep-ident -redo
Seed:    770096 (Using SPRNG - Scalable Parallel Random Number Generator)
Time:    Wed May  1 08:58:55 2024
Kernel:  AVX+FMA - 1 threads (32 CPU cores detected)

HINT: Use -nt option to specify number of threads because your CPU has 32 cores!
HINT: -nt AUTO will automatically determine the best number of threads to use.

Reading alignment file ../results/molecular_evolution_analyses/alignments_gblocks/F88017_MLIG_G1/F88017_MLIG_G1.aln.gblo ... Fasta format detected
Reading fasta file: done in 0.000148058 secs using 98.61% CPU
Alignment most likely contains protein sequences
Constructing alignment: done in 0.000515938 secs using 100% CPU
Alignment has 9 sequences with 502 columns, 161 distinct patterns
194 parsimony-informative, 7 singleton sites, 301 constant sites
            Gap/Ambiguity  Composition  p-value
Analyzing sequences: done in 1.19209e-05 secs using 100.7% CPU
   1  Mlig.38538    0.00%    passed    100.00%
   2  Mlig.39945    0.00%    passed    100.00%
   3  Mlig.39946    0.00%    passed    100.00%
   4  Mlig.40730    0.00%    passed     98.82%
   5  Mlig.40735    0.00%    passed     98.82%
   6  Mlig.40734    0.00%    passed     98.28%
   7  Mlig.16925    0.00%    passed    100.00%
   8  Mlig.19443    0.00%    passed    100.00%
   9  Mlig.39844    0.00%    passed    100.00%
****  TOTAL         0.00%  0 sequences failed composition chi2 test (p-value<5%; df=19)


Create initial parsimony tree by phylogenetic likelihood library (PLL)... 0.000 seconds
Perform fast likelihood tree search using LG+I+G model...
Estimate model parameters (epsilon = 5.000)
Perform nearest neighbor interchange...
Optimizing NNI: done in 0.0173221 secs using 99.96% CPU
Estimate model parameters (epsilon = 1.000)
1. Initial log-likelihood: -2489.501
Optimal log-likelihood: -2489.395
Proportion of invariable sites: 0.296
Gamma shape alpha: 998.526
Parameters optimization took 1 rounds (0.010 sec)
Time for fast ML tree search: 0.063 seconds

NOTE: ModelFinder requires 1 MB RAM!
ModelFinder will test up to 224 protein models (sample size: 502) ...
 No. Model         -LnL         df  AIC          AICc         BIC
  1  LG            2490.377     15  5010.754     5011.742     5074.033
  2  LG+I          2488.799     16  5009.598     5010.720     5077.095
  3  LG+G4         2488.677     16  5009.354     5010.476     5076.852
  4  LG+I+G4       2489.240     17  5012.480     5013.744     5084.196
  5  LG+F          2476.457     34  5020.913     5026.010     5164.346
  6  LG+F+I        2474.933     35  5019.866     5025.274     5167.517
  7  LG+F+G4       2474.893     35  5019.786     5025.194     5167.437
  9  WAG           2490.815     15  5011.629     5012.617     5074.908
 10  WAG+I         2490.480     16  5012.959     5014.081     5080.457
 11  WAG+G4        2490.445     16  5012.890     5014.011     5080.387
 13  WAG+F         2480.003     34  5028.005     5033.102     5171.438
 14  WAG+F+I       2479.752     35  5029.504     5034.911     5177.155
 15  WAG+F+G4      2479.716     35  5029.432     5034.840     5177.083
 17  JTT           2494.858     15  5019.716     5020.703     5082.995
 18  JTT+I         2493.137     16  5018.274     5019.396     5085.772
 19  JTT+G4        2493.047     16  5018.094     5019.215     5085.591
 21  JTT+F         2484.460     34  5036.920     5042.017     5180.353
 22  JTT+F+I       2482.683     35  5035.365     5040.773     5183.016
 23  JTT+F+G4      2482.602     35  5035.203     5040.611     5182.854
WARNING: Normalizing state frequencies so that sum of them equals to 1
 25  Q.pfam        2490.316     15  5010.631     5011.619     5073.910
WARNING: Normalizing state frequencies so that sum of them equals to 1
 26  Q.pfam+I      2489.138     16  5010.276     5011.397     5077.773
WARNING: Normalizing state frequencies so that sum of them equals to 1
 27  Q.pfam+G4     2489.102     16  5010.204     5011.325     5077.701
WARNING: Normalizing state frequencies so that sum of them equals to 1
 29  Q.pfam+F      2479.275     34  5026.551     5031.647     5169.983
WARNING: Normalizing state frequencies so that sum of them equals to 1
 30  Q.pfam+F+I    2478.017     35  5026.034     5031.441     5173.685
WARNING: Normalizing state frequencies so that sum of them equals to 1
 31  Q.pfam+F+G4   2478.058     35  5026.116     5031.523     5173.767
WARNING: Normalizing state frequencies so that sum of them equals to 1
 33  Q.bird        2536.978     15  5103.956     5104.944     5167.235
WARNING: Normalizing state frequencies so that sum of them equals to 1
 34  Q.bird+I      2527.439     16  5086.878     5088.000     5154.376
WARNING: Normalizing state frequencies so that sum of them equals to 1
 35  Q.bird+G4     2527.344     16  5086.687     5087.809     5154.185
WARNING: Normalizing state frequencies so that sum of them equals to 1
 37  Q.bird+F      2513.213     34  5094.426     5099.522     5237.858
WARNING: Normalizing state frequencies so that sum of them equals to 1
 38  Q.bird+F+I    2501.899     35  5073.799     5079.207     5221.450
WARNING: Normalizing state frequencies so that sum of them equals to 1
 39  Q.bird+F+G4   2501.906     35  5073.812     5079.220     5221.463
WARNING: Normalizing state frequencies so that sum of them equals to 1
 41  Q.mammal      2532.197     15  5094.394     5095.381     5157.673
WARNING: Normalizing state frequencies so that sum of them equals to 1
 42  Q.mammal+I    2527.050     16  5086.099     5087.221     5153.597
WARNING: Normalizing state frequencies so that sum of them equals to 1
 43  Q.mammal+G4   2526.946     16  5085.893     5087.015     5153.391
WARNING: Normalizing state frequencies so that sum of them equals to 1
 45  Q.mammal+F    2502.343     34  5072.686     5077.783     5216.119
WARNING: Normalizing state frequencies so that sum of them equals to 1
 46  Q.mammal+F+I  2496.009     35  5062.019     5067.427     5209.670
WARNING: Normalizing state frequencies so that sum of them equals to 1
 47  Q.mammal+F+G4 2496.036     35  5062.073     5067.480     5209.724
 49  Q.insect      2518.539     15  5067.079     5068.067     5130.358
 50  Q.insect+I    2516.310     16  5064.619     5065.741     5132.117
 51  Q.insect+G4   2516.072     16  5064.144     5065.266     5131.642
 53  Q.insect+F    2482.228     34  5032.455     5037.552     5175.888
 54  Q.insect+F+I  2480.084     35  5030.168     5035.576     5177.819
 55  Q.insect+F+G4 2479.972     35  5029.944     5035.352     5177.595
WARNING: Normalizing state frequencies so that sum of them equals to 1
 57  Q.plant       2503.977     15  5037.954     5038.941     5101.233
WARNING: Normalizing state frequencies so that sum of them equals to 1
 58  Q.plant+I     2497.681     16  5027.361     5028.483     5094.859
WARNING: Normalizing state frequencies so that sum of them equals to 1
 59  Q.plant+G4    2497.033     16  5026.066     5027.188     5093.564
WARNING: Normalizing state frequencies so that sum of them equals to 1
 61  Q.plant+F     2486.784     34  5041.568     5046.664     5185.001
WARNING: Normalizing state frequencies so that sum of them equals to 1
 62  Q.plant+F+I   2480.902     35  5031.803     5037.211     5179.454
WARNING: Normalizing state frequencies so that sum of them equals to 1
 63  Q.plant+F+G4  2480.410     35  5030.820     5036.228     5178.471
WARNING: Normalizing state frequencies so that sum of them equals to 1
 65  Q.yeast       2523.399     15  5076.797     5077.785     5140.076
WARNING: Normalizing state frequencies so that sum of them equals to 1
 66  Q.yeast+I     2520.612     16  5073.224     5074.345     5140.721
WARNING: Normalizing state frequencies so that sum of them equals to 1
 67  Q.yeast+G4    2520.434     16  5072.869     5073.990     5140.366
WARNING: Normalizing state frequencies so that sum of them equals to 1
 69  Q.yeast+F     2482.890     34  5033.780     5038.876     5177.212
WARNING: Normalizing state frequencies so that sum of them equals to 1
 70  Q.yeast+F+I   2480.336     35  5030.673     5036.080     5178.324
WARNING: Normalizing state frequencies so that sum of them equals to 1
 71  Q.yeast+F+G4  2480.326     35  5030.652     5036.060     5178.303
 73  JTTDCMut      2494.630     15  5019.261     5020.248     5082.540
 74  JTTDCMut+I    2492.906     16  5017.812     5018.934     5085.310
 75  JTTDCMut+G4   2492.796     16  5017.593     5018.714     5085.090
 77  JTTDCMut+F    2484.331     34  5036.661     5041.758     5180.094
 78  JTTDCMut+F+I  2482.537     35  5035.074     5040.481     5182.725
 79  JTTDCMut+F+G4 2482.435     35  5034.871     5040.278     5182.522
 81  DCMut         2523.780     15  5077.560     5078.547     5140.839
 82  DCMut+I       2519.752     16  5071.503     5072.625     5139.001
 83  DCMut+G4      2519.284     16  5070.568     5071.689     5138.065
 85  DCMut+F       2501.403     34  5070.806     5075.902     5214.238
 86  DCMut+F+I     2497.465     35  5064.930     5070.338     5212.581
 87  DCMut+F+G4    2496.936     35  5063.871     5069.279     5211.522
 89  VT            2498.326     15  5026.651     5027.639     5089.930
 90  VT+I          2498.307     16  5028.614     5029.735     5096.111
 91  VT+G4         2498.309     16  5028.619     5029.740     5096.116
 93  VT+F          2485.968     34  5039.936     5045.032     5183.368
 94  VT+F+I        2485.960     35  5041.920     5047.327     5189.571
 95  VT+F+G4       2485.963     35  5041.926     5047.334     5189.577
 97  PMB           2510.735     15  5051.469     5052.457     5114.748
 98  PMB+I         2510.731     16  5053.462     5054.583     5120.959
 99  PMB+G4        2510.734     16  5053.468     5054.590     5120.966
101  PMB+F         2499.076     34  5066.152     5071.248     5209.584
102  PMB+F+I       2499.075     35  5068.150     5073.558     5215.801
103  PMB+F+G4      2499.076     35  5068.152     5073.559     5215.803
105  Blosum62      2506.176     15  5042.353     5043.340     5105.632
106  Blosum62+I    2506.140     16  5044.280     5045.402     5111.778
107  Blosum62+G4   2506.156     16  5044.313     5045.435     5111.810
109  Blosum62+F    2496.120     34  5060.241     5065.337     5203.673
110  Blosum62+F+I  2496.111     35  5062.222     5067.629     5209.873
111  Blosum62+F+G4 2496.119     35  5062.238     5067.645     5209.889
113  Dayhoff       2523.768     15  5077.537     5078.524     5140.816
114  Dayhoff+I     2519.650     16  5071.301     5072.422     5138.798
115  Dayhoff+G4    2519.172     16  5070.344     5071.466     5137.842
117  Dayhoff+F     2501.380     34  5070.760     5075.857     5214.193
118  Dayhoff+F+I   2497.362     35  5064.724     5070.132     5212.375
119  Dayhoff+F+G4  2496.821     35  5063.641     5069.049     5211.292
121  mtREV         2658.357     15  5346.714     5347.702     5409.993
122  mtREV+I       2642.925     16  5317.850     5318.971     5385.347
123  mtREV+G4      2640.291     16  5312.581     5313.703     5380.079
125  mtREV+F       2515.241     34  5098.481     5103.578     5241.914
126  mtREV+F+I     2505.040     35  5080.079     5085.487     5227.730
127  mtREV+F+G4    2503.088     35  5076.175     5081.583     5223.826
129  mtART         2714.503     15  5459.006     5459.993     5522.285
130  mtART+I       2672.670     16  5377.340     5378.462     5444.838
131  mtART+G4      2662.374     16  5356.749     5357.870     5424.246
133  mtART+F       2567.312     34  5202.625     5207.721     5346.057
134  mtART+F+I     2536.115     35  5142.230     5147.637     5289.881
135  mtART+F+G4    2528.469     35  5126.938     5132.346     5274.589
137  mtZOA         2643.076     15  5316.153     5317.141     5379.432
138  mtZOA+I       2618.429     16  5268.858     5269.979     5336.355
139  mtZOA+G4      2613.574     16  5259.148     5260.270     5326.645
141  mtZOA+F       2522.742     34  5113.485     5118.581     5256.917
142  mtZOA+F+I     2505.915     35  5081.830     5087.238     5229.481
143  mtZOA+F+G4    2502.689     35  5075.377     5080.785     5223.028
145  mtMet         2675.630     15  5381.260     5382.248     5444.539
146  mtMet+I       2659.690     16  5351.380     5352.502     5418.878
147  mtMet+G4      2657.538     16  5347.076     5348.198     5414.574
149  mtMet+F       2514.899     34  5097.798     5102.894     5241.230
150  mtMet+F+I     2503.038     35  5076.075     5081.483     5223.726
151  mtMet+F+G4    2501.747     35  5073.494     5078.902     5221.145
153  mtVer         2691.438     15  5412.876     5413.864     5476.155
154  mtVer+I       2668.032     16  5368.064     5369.186     5435.562
155  mtVer+G4      2665.016     16  5362.031     5363.153     5429.529
157  mtVer+F       2528.440     34  5124.881     5129.977     5268.313
158  mtVer+F+I     2512.513     35  5095.026     5100.433     5242.677
159  mtVer+F+G4    2510.234     35  5090.467     5095.875     5238.118
161  mtInv         2701.103     15  5432.206     5433.194     5495.485
162  mtInv+I       2691.373     16  5414.747     5415.868     5482.244
163  mtInv+G4      2689.664     16  5411.328     5412.450     5478.826
165  mtInv+F       2503.813     34  5075.627     5080.723     5219.059
166  mtInv+F+I     2497.223     35  5064.445     5069.853     5212.096
167  mtInv+F+G4    2496.251     35  5062.502     5067.909     5210.153
169  mtMAM         2713.628     15  5457.257     5458.244     5520.536
170  mtMAM+I       2667.249     16  5366.497     5367.619     5433.995
171  mtMAM+G4      2657.324     16  5346.648     5347.770     5414.146
173  mtMAM+F       2559.015     34  5186.029     5191.126     5329.462
174  mtMAM+F+I     2526.105     35  5122.209     5127.617     5269.860
175  mtMAM+F+G4    2519.575     35  5109.149     5114.557     5256.800
WARNING: Normalizing state frequencies so that sum of them equals to 1
177  FLAVI         2567.342     15  5164.685     5165.672     5227.964
WARNING: Normalizing state frequencies so that sum of them equals to 1
178  FLAVI+I       2546.242     16  5124.483     5125.605     5191.981
WARNING: Normalizing state frequencies so that sum of them equals to 1
179  FLAVI+G4      2543.632     16  5119.263     5120.385     5186.761
WARNING: Normalizing state frequencies so that sum of them equals to 1
181  FLAVI+F       2541.847     34  5151.694     5156.790     5295.126
WARNING: Normalizing state frequencies so that sum of them equals to 1
182  FLAVI+F+I     2522.614     35  5115.229     5120.636     5262.880
WARNING: Normalizing state frequencies so that sum of them equals to 1
183  FLAVI+F+G4    2520.215     35  5110.431     5115.839     5258.082
185  HIVb          2534.454     15  5098.907     5099.895     5162.186
186  HIVb+I        2525.563     16  5083.126     5084.247     5150.623
187  HIVb+G4       2525.100     16  5082.201     5083.322     5149.698
189  HIVb+F        2511.029     34  5090.059     5095.155     5233.491
190  HIVb+F+I      2501.252     35  5072.503     5077.911     5220.154
191  HIVb+F+G4     2500.750     35  5071.499     5076.907     5219.150
193  HIVw          2615.318     15  5260.637     5261.624     5323.916
194  HIVw+I        2599.701     16  5231.401     5232.523     5298.899
195  HIVw+G4       2597.082     16  5226.164     5227.286     5293.662
197  HIVw+F        2559.058     34  5186.117     5191.213     5329.549
198  HIVw+F+I      2542.999     35  5155.998     5161.406     5303.649
199  HIVw+F+G4     2540.936     35  5151.873     5157.281     5299.524
201  FLU           2536.190     15  5102.380     5103.367     5165.659
202  FLU+I         2527.000     16  5086.000     5087.122     5153.498
203  FLU+G4        2526.039     16  5084.078     5085.199     5151.575
205  FLU+F         2505.753     34  5079.506     5084.602     5222.938
206  FLU+F+I       2495.980     35  5061.960     5067.367     5209.611
207  FLU+F+G4      2495.064     35  5060.128     5065.536     5207.779
209  rtREV         2522.143     15  5074.286     5075.273     5137.565
210  rtREV+I       2520.244     16  5072.489     5073.611     5139.987
211  rtREV+G4      2520.267     16  5072.534     5073.656     5140.032
213  rtREV+F       2485.961     34  5039.922     5045.018     5183.354
214  rtREV+F+I     2484.030     35  5038.060     5043.467     5185.711
215  rtREV+F+G4    2484.097     35  5038.194     5043.602     5185.845
217  cpREV         2505.410     15  5040.820     5041.808     5104.099
218  cpREV+I       2503.212     16  5038.424     5039.545     5105.921
219  cpREV+G4      2502.769     16  5037.538     5038.660     5105.036
221  cpREV+F       2494.330     34  5056.660     5061.756     5200.092
222  cpREV+F+I     2492.055     35  5054.110     5059.518     5201.761
223  cpREV+F+G4    2491.641     35  5053.282     5058.690     5200.933
Akaike Information Criterion:           LG+G4
Corrected Akaike Information Criterion: LG+G4
Bayesian Information Criterion:         Q.pfam
Best-fit model: Q.pfam chosen according to BIC

All model information printed to ../results/molecular_evolution_analyses/phylogenetic_trees/F88017_MLIG_G1/F88017_MLIG_G1.model.gz
CPU time for ModelFinder: 2.744 seconds (0h:0m:2s)
Wall-clock time for ModelFinder: 2.754 seconds (0h:0m:2s)
Generating 1000 samples for ultrafast bootstrap (seed: 770096)...
WARNING: Normalizing state frequencies so that sum of them equals to 1

NOTE: 0 MB RAM (0 GB) is required!
Estimate model parameters (epsilon = 0.100)
1. Initial log-likelihood: -2490.316
Optimal log-likelihood: -2490.316
Parameters optimization took 1 rounds (0.001 sec)
Wrote distance file to... 
Computing ML distances based on estimated model parameters...
Calculating distance matrix: done in 0.00247097 secs using 99.68% CPU
Computing ML distances took 0.002500 sec (of wall-clock time) 0.002492 sec (of CPU time)
Setting up auxiliary I and S matrices: done in 4.3869e-05 secs using 98.02% CPU
Constructing RapidNJ tree: done in 3.50475e-05 secs using 97.01% CPU
Computing RapidNJ tree took 0.000154 sec (of wall-clock time) 0.000154 sec (of CPU time)
Log-likelihood of RapidNJ tree: -2490.318
--------------------------------------------------------------------
|             INITIALIZING CANDIDATE TREE SET                      |
--------------------------------------------------------------------
Generating 98 parsimony trees... 0.033 second
Computing log-likelihood of 88 initial trees ... 0.056 seconds
Current best score: -2490.316

Do NNI search on 20 best initial trees
Optimizing NNI: done in 0.00321293 secs using 198.9% CPU
Estimate model parameters (epsilon = 0.100)
BETTER TREE FOUND at iteration 1: -2490.316
Optimizing NNI: done in 0.00304294 secs using 199.9% CPU
Optimizing NNI: done in 0.00782704 secs using 199.9% CPU
BETTER TREE FOUND at iteration 3: -2490.316
Optimizing NNI: done in 0.00780892 secs using 199.9% CPU
Optimizing NNI: done in 0.00826001 secs using 199.9% CPU
UPDATE BEST LOG-LIKELIHOOD: -2490.316
Optimizing NNI: done in 0.00816798 secs using 200% CPU
Optimizing NNI: done in 0.00816798 secs using 200% CPU
Optimizing NNI: done in 0.00823903 secs using 200% CPU
Optimizing NNI: done in 0.00793505 secs using 199.9% CPU
UPDATE BEST LOG-LIKELIHOOD: -2490.316
Optimizing NNI: done in 0.00798798 secs using 200% CPU
Iteration 10 / LogL: -2490.316 / Time: 0h:0m:0s
Optimizing NNI: done in 0.00838089 secs using 200% CPU
UPDATE BEST LOG-LIKELIHOOD: -2490.316
Optimizing NNI: done in 0.00833702 secs using 200% CPU
Optimizing NNI: done in 0.00830007 secs using 200% CPU
Optimizing NNI: done in 0.00821996 secs using 104.3% CPU
Optimizing NNI: done in 0.00775409 secs using 99.88% CPU
UPDATE BEST LOG-LIKELIHOOD: -2490.316
Optimizing NNI: done in 0.00778818 secs using 99.96% CPU
Optimizing NNI: done in 0.00822091 secs using 99.95% CPU
UPDATE BEST LOG-LIKELIHOOD: -2490.316
Optimizing NNI: done in 0.00819206 secs using 100% CPU
Optimizing NNI: done in 0.00816894 secs using 99.96% CPU
Optimizing NNI: done in 0.00836015 secs using 99.96% CPU
Iteration 20 / LogL: -2490.316 / Time: 0h:0m:0s
Finish initializing candidate tree set (2)
Current best tree score: -2490.316 / CPU time: 0.250
Number of iterations: 20
--------------------------------------------------------------------
|               OPTIMIZING CANDIDATE TREE SET                      |
--------------------------------------------------------------------
Optimizing NNI: done in 0.0218279 secs using 99.97% CPU
Optimizing NNI: done in 0.016475 secs using 99.98% CPU
Optimizing NNI: done in 0.00518799 secs using 100% CPU
Optimizing NNI: done in 0.0116222 secs using 99.97% CPU
UPDATE BEST LOG-LIKELIHOOD: -2490.316
Optimizing NNI: done in 0.0134408 secs using 99.94% CPU
Optimizing NNI: done in 0.00572395 secs using 99.95% CPU
Optimizing NNI: done in 0.00283504 secs using 99.89% CPU
Optimizing NNI: done in 0.00517106 secs using 100% CPU
Optimizing NNI: done in 0.0110619 secs using 99.98% CPU
Optimizing NNI: done in 0.0111461 secs using 99.98% CPU
Iteration 30 / LogL: -2490.316 / Time: 0h:0m:0s (0h:0m:1s left)
Optimizing NNI: done in 0.00294018 secs using 99.99% CPU
Optimizing NNI: done in 0.0114009 secs using 99.98% CPU
Optimizing NNI: done in 0.01104 secs using 99.96% CPU
Optimizing NNI: done in 0.00291109 secs using 100% CPU
UPDATE BEST LOG-LIKELIHOOD: -2490.316
Optimizing NNI: done in 0.0165 secs using 99.92% CPU
Optimizing NNI: done in 0.019016 secs using 99.98% CPU
Optimizing NNI: done in 0.0166759 secs using 99.99% CPU
Optimizing NNI: done in 0.0158131 secs using 99.99% CPU
Optimizing NNI: done in 0.0136149 secs using 99.96% CPU
Optimizing NNI: done in 0.0140629 secs using 99.98% CPU
Iteration 40 / LogL: -2490.316 / Time: 0h:0m:0s (0h:0m:0s left)
Optimizing NNI: done in 0.0124078 secs using 99.98% CPU
Optimizing NNI: done in 0.0142021 secs using 99.97% CPU
Optimizing NNI: done in 0.0186751 secs using 99.97% CPU
Optimizing NNI: done in 0.0133829 secs using 99.96% CPU
Optimizing NNI: done in 0.00629807 secs using 99.98% CPU
UPDATE BEST LOG-LIKELIHOOD: -2490.316
Optimizing NNI: done in 0.0189581 secs using 99.93% CPU
Optimizing NNI: done in 0.0213399 secs using 99.98% CPU
Optimizing NNI: done in 0.00851607 secs using 99.95% CPU
Optimizing NNI: done in 0.0029211 secs using 100% CPU
Optimizing NNI: done in 0.00284696 secs using 100% CPU
Iteration 50 / LogL: -2503.738 / Time: 0h:0m:0s (0h:0m:0s left)
Log-likelihood cutoff on original alignment: -2506.048
Optimizing NNI: done in 0.0141551 secs using 99.93% CPU
Optimizing NNI: done in 0.00291991 secs using 99.8% CPU
Optimizing NNI: done in 0.0143971 secs using 99.96% CPU
Optimizing NNI: done in 0.00299406 secs using 99.96% CPU
Optimizing NNI: done in 0.00574398 secs using 99.93% CPU
Optimizing NNI: done in 0.00303602 secs using 100% CPU
Optimizing NNI: done in 0.013571 secs using 99.98% CPU
Optimizing NNI: done in 0.0144961 secs using 99.96% CPU
Optimizing NNI: done in 0.013855 secs using 99.97% CPU
Optimizing NNI: done in 0.00296187 secs using 99.97% CPU
Iteration 60 / LogL: -2490.316 / Time: 0h:0m:0s (0h:0m:0s left)
Optimizing NNI: done in 0.00300908 secs using 99.96% CPU
Optimizing NNI: done in 0.0144 secs using 99.97% CPU
Optimizing NNI: done in 0.0137761 secs using 99.96% CPU
Optimizing NNI: done in 0.014025 secs using 99.95% CPU
Optimizing NNI: done in 0.00558591 secs using 99.98% CPU
Optimizing NNI: done in 0.00575781 secs using 99.99% CPU
Optimizing NNI: done in 0.0190542 secs using 99.97% CPU
Optimizing NNI: done in 0.00559402 secs using 99.93% CPU
Optimizing NNI: done in 0.00634503 secs using 99.92% CPU
UPDATE BEST LOG-LIKELIHOOD: -2490.316
Optimizing NNI: done in 0.0109651 secs using 99.91% CPU
Iteration 70 / LogL: -2490.316 / Time: 0h:0m:0s (0h:0m:0s left)
Optimizing NNI: done in 0.0169802 secs using 99.96% CPU
Optimizing NNI: done in 0.011353 secs using 100% CPU
Optimizing NNI: done in 0.00295496 secs using 100% CPU
UPDATE BEST LOG-LIKELIHOOD: -2490.316
Optimizing NNI: done in 0.00241399 secs using 99.79% CPU
Optimizing NNI: done in 0.0115921 secs using 99.97% CPU
Optimizing NNI: done in 0.010879 secs using 99.95% CPU
Optimizing NNI: done in 0.0109429 secs using 99.98% CPU
Optimizing NNI: done in 0.00300217 secs using 99.99% CPU
UPDATE BEST LOG-LIKELIHOOD: -2490.316
Optimizing NNI: done in 0.01144 secs using 99.93% CPU
Optimizing NNI: done in 0.00293684 secs using 100% CPU
Iteration 80 / LogL: -2490.316 / Time: 0h:0m:1s (0h:0m:0s left)
Optimizing NNI: done in 0.0137441 secs using 99.93% CPU
Optimizing NNI: done in 0.0123661 secs using 99.96% CPU
Optimizing NNI: done in 0.0121741 secs using 99.97% CPU
Optimizing NNI: done in 0.00298882 secs using 99.91% CPU
Optimizing NNI: done in 0.00570989 secs using 100% CPU
Optimizing NNI: done in 0.00297785 secs using 99.97% CPU
Optimizing NNI: done in 0.0024929 secs using 99.88% CPU
UPDATE BEST LOG-LIKELIHOOD: -2490.316
Optimizing NNI: done in 0.0183392 secs using 99.92% CPU
Optimizing NNI: done in 0.0167551 secs using 99.96% CPU
Optimizing NNI: done in 0.00252199 secs using 99.88% CPU
Iteration 90 / LogL: -2490.316 / Time: 0h:0m:1s (0h:0m:0s left)
Optimizing NNI: done in 0.0199029 secs using 99.98% CPU
Optimizing NNI: done in 0.00293398 secs using 99.9% CPU
Optimizing NNI: done in 0.013804 secs using 99.98% CPU
Optimizing NNI: done in 0.00632906 secs using 99.97% CPU
Optimizing NNI: done in 0.00297689 secs using 99.97% CPU
Optimizing NNI: done in 0.010572 secs using 99.96% CPU
Optimizing NNI: done in 0.0116849 secs using 99.94% CPU
Optimizing NNI: done in 0.00637007 secs using 99.94% CPU
Optimizing NNI: done in 0.0109591 secs using 99.98% CPU
Optimizing NNI: done in 0.0135269 secs using 99.96% CPU
Iteration 100 / LogL: -2490.316 / Time: 0h:0m:1s (0h:0m:0s left)
Log-likelihood cutoff on original alignment: -2506.090
NOTE: Bootstrap correlation coefficient of split occurrence frequencies: 0.990
Optimizing NNI: done in 0.003052 secs using 99.8% CPU
Optimizing NNI: done in 0.011137 secs using 99.97% CPU
Optimizing NNI: done in 0.010932 secs using 99.92% CPU
Optimizing NNI: done in 0.00296116 secs using 99.99% CPU
TREE SEARCH COMPLETED AFTER 104 ITERATIONS / Time: 0h:0m:1s

--------------------------------------------------------------------
|                    FINALIZING TREE SEARCH                        |
--------------------------------------------------------------------
Performs final model parameters optimization
Estimate model parameters (epsilon = 0.010)
1. Initial log-likelihood: -2490.316
Optimal log-likelihood: -2490.316
Parameters optimization took 1 rounds (0.001 sec)
BEST SCORE FOUND : -2490.316

Testing tree branches by SH-like aLRT with 1000 replicates...
0.067 sec.
Creating bootstrap support values...
Split supports printed to NEXUS file ../results/molecular_evolution_analyses/phylogenetic_trees/F88017_MLIG_G1/F88017_MLIG_G1.splits.nex
Total tree length: 0.565

Total number of iterations: 104
CPU time used for tree search: 1.538 sec (0h:0m:1s)
Wall-clock time used for tree search: 1.366 sec (0h:0m:1s)
Total CPU time used: 1.646 sec (0h:0m:1s)
Total wall-clock time used: 1.472 sec (0h:0m:1s)

Computing bootstrap consensus tree...
Reading input file ../results/molecular_evolution_analyses/phylogenetic_trees/F88017_MLIG_G1/F88017_MLIG_G1.splits.nex...
9 taxa and 27 splits.
Consensus tree written to ../results/molecular_evolution_analyses/phylogenetic_trees/F88017_MLIG_G1/F88017_MLIG_G1.contree
Reading input trees file ../results/molecular_evolution_analyses/phylogenetic_trees/F88017_MLIG_G1/F88017_MLIG_G1.contree
Log-likelihood of consensus tree: -2490.322

Analysis results written to: 
  IQ-TREE report:                ../results/molecular_evolution_analyses/phylogenetic_trees/F88017_MLIG_G1/F88017_MLIG_G1.iqtree
  Maximum-likelihood tree:       ../results/molecular_evolution_analyses/phylogenetic_trees/F88017_MLIG_G1/F88017_MLIG_G1.treefile
  Likelihood distances:          ../results/molecular_evolution_analyses/phylogenetic_trees/F88017_MLIG_G1/F88017_MLIG_G1.mldist

Ultrafast bootstrap approximation results written to:
  Split support values:          ../results/molecular_evolution_analyses/phylogenetic_trees/F88017_MLIG_G1/F88017_MLIG_G1.splits.nex
  Consensus tree:                ../results/molecular_evolution_analyses/phylogenetic_trees/F88017_MLIG_G1/F88017_MLIG_G1.contree
  Screen log file:               ../results/molecular_evolution_analyses/phylogenetic_trees/F88017_MLIG_G1/F88017_MLIG_G1.log

Date and Time: Wed May  1 08:59:00 2024
