IQ-TREE multicore version 2.2.2.6 COVID-edition for Linux 64-bit built May 27 2023
Developed by Bui Quang Minh, James Barbetti, Nguyen Lam Tung,
Olga Chernomor, Heiko Schmidt, Dominik Schrempf, Michael Woodhams, Ly Trong Nhan.

Host:    lbc5 (AVX2, FMA3, 125 GB RAM)
Command: /home/mauricio/mauricio_PROGRAMAS/iqtree-2.2.2.6-Linux/bin/iqtree2 -s ../results/molecular_evolution_analyses/alignments_gblocks/F109500_MLIG_G1/F109500_MLIG_G1.aln.gblo -m TEST --threads-max 32 --alrt 1000 --ufboot 1000 --prefix ../results/molecular_evolution_analyses/phylogenetic_trees/F109500_MLIG_G1/F109500_MLIG_G1 -keep-ident -redo
Seed:    335706 (Using SPRNG - Scalable Parallel Random Number Generator)
Time:    Wed May  1 10:16:08 2024
Kernel:  AVX+FMA - 1 threads (32 CPU cores detected)

HINT: Use -nt option to specify number of threads because your CPU has 32 cores!
HINT: -nt AUTO will automatically determine the best number of threads to use.

Reading alignment file ../results/molecular_evolution_analyses/alignments_gblocks/F109500_MLIG_G1/F109500_MLIG_G1.aln.gblo ... Fasta format detected
Reading fasta file: done in 9.20296e-05 secs using 99.97% CPU
Alignment most likely contains protein sequences
Constructing alignment: done in 0.000422001 secs using 99.76% CPU
Alignment has 6 sequences with 439 columns, 99 distinct patterns
124 parsimony-informative, 0 singleton sites, 315 constant sites
            Gap/Ambiguity  Composition  p-value
Analyzing sequences: done in 9.05991e-06 secs using 88.3% CPU
   1  Mlig.22708    0.00%    passed    100.00%
   2  Mlig.22709    0.00%    passed    100.00%
   3  Mlig.22710    0.00%    passed    100.00%
   4  Mlig.22711    0.00%    passed    100.00%
   5  Mlig.2587     0.00%    passed     97.70%
   6  Mlig.2588     0.00%    passed     97.70%
****  TOTAL         0.00%  0 sequences failed composition chi2 test (p-value<5%; df=19)


Create initial parsimony tree by phylogenetic likelihood library (PLL)... 0.000 seconds
Perform fast likelihood tree search using LG+I+G model...
Estimate model parameters (epsilon = 5.000)
Perform nearest neighbor interchange...
Optimizing NNI: done in 0.00234413 secs using 99.95% CPU
Estimate model parameters (epsilon = 1.000)
1. Initial log-likelihood: -1839.227
Optimal log-likelihood: -1838.926
Proportion of invariable sites: 0.368
Gamma shape alpha: 6.685
Parameters optimization took 1 rounds (0.007 sec)
Time for fast ML tree search: 0.018 seconds

NOTE: ModelFinder requires 0 MB RAM!
ModelFinder will test up to 224 protein models (sample size: 439) ...
 No. Model         -LnL         df  AIC          AICc         BIC
  1  LG            1840.631     9   3699.261     3699.681     3736.022
  2  LG+I          1838.854     10  3697.708     3698.222     3738.553
  3  LG+G4         1838.968     10  3697.937     3698.451     3738.782
  4  LG+I+G4       1838.860     11  3699.721     3700.339     3744.650
  5  LG+F          1825.294     28  3706.588     3710.549     3820.954
  6  LG+F+I        1822.804     29  3703.608     3707.862     3822.058
  7  LG+F+G4       1822.916     29  3703.831     3708.085     3822.282
  8  LG+F+I+G4     1822.839     30  3705.678     3710.237     3828.213
  9  WAG           1850.476     9   3718.951     3719.371     3755.712
 10  WAG+I         1850.478     10  3720.955     3721.469     3761.800
 11  WAG+G4        1850.496     10  3720.993     3721.507     3761.837
 12  WAG+I+G4      1851.271     11  3724.543     3725.161     3769.472
 13  WAG+F         1825.687     28  3707.373     3711.334     3821.739
 14  WAG+F+I       1825.639     29  3709.278     3713.532     3827.728
 15  WAG+F+G4      1825.669     29  3709.338     3713.592     3827.788
 16  WAG+F+I+G4    1826.157     30  3712.313     3716.872     3834.848
 17  JTT           1841.204     9   3700.408     3700.827     3737.168
 18  JTT+I         1840.531     10  3701.062     3701.576     3741.907
 19  JTT+G4        1840.701     10  3701.401     3701.915     3742.246
 20  JTT+I+G4      1840.625     11  3703.250     3703.868     3748.179
 21  JTT+F         1822.140     28  3700.279     3704.240     3814.645
 22  JTT+F+I       1821.329     29  3700.657     3704.912     3819.108
 23  JTT+F+G4      1821.506     29  3701.011     3705.266     3819.462
 24  JTT+F+I+G4    1821.377     30  3702.755     3707.314     3825.290
WARNING: Normalizing state frequencies so that sum of them equals to 1
 25  Q.pfam        1840.998     9   3699.996     3700.416     3736.757
WARNING: Normalizing state frequencies so that sum of them equals to 1
 26  Q.pfam+I      1839.858     10  3699.717     3700.231     3740.562
WARNING: Normalizing state frequencies so that sum of them equals to 1
 27  Q.pfam+G4     1839.978     10  3699.957     3700.471     3740.801
WARNING: Normalizing state frequencies so that sum of them equals to 1
 28  Q.pfam+I+G4   1839.879     11  3701.757     3702.376     3746.687
WARNING: Normalizing state frequencies so that sum of them equals to 1
 29  Q.pfam+F      1826.336     28  3708.673     3712.634     3823.039
WARNING: Normalizing state frequencies so that sum of them equals to 1
 30  Q.pfam+F+I    1824.309     29  3706.618     3710.873     3825.069
WARNING: Normalizing state frequencies so that sum of them equals to 1
 31  Q.pfam+F+G4   1824.461     29  3706.922     3711.176     3825.373
WARNING: Normalizing state frequencies so that sum of them equals to 1
 32  Q.pfam+F+I+G4 1824.338     30  3708.677     3713.235     3831.211
WARNING: Normalizing state frequencies so that sum of them equals to 1
 33  Q.bird        1866.713     9   3751.426     3751.846     3788.187
WARNING: Normalizing state frequencies so that sum of them equals to 1
 34  Q.bird+I      1856.392     10  3732.783     3733.297     3773.628
WARNING: Normalizing state frequencies so that sum of them equals to 1
 35  Q.bird+G4     1857.399     10  3734.798     3735.312     3775.643
WARNING: Normalizing state frequencies so that sum of them equals to 1
 36  Q.bird+I+G4   1857.216     11  3736.432     3737.050     3781.361
WARNING: Normalizing state frequencies so that sum of them equals to 1
 37  Q.bird+F      1843.331     28  3742.663     3746.624     3857.029
WARNING: Normalizing state frequencies so that sum of them equals to 1
 38  Q.bird+F+I    1831.091     29  3720.182     3724.437     3838.633
WARNING: Normalizing state frequencies so that sum of them equals to 1
 39  Q.bird+F+G4   1832.173     29  3722.347     3726.601     3840.797
WARNING: Normalizing state frequencies so that sum of them equals to 1
 40  Q.bird+F+I+G4 1832.045     30  3724.089     3728.648     3846.624
WARNING: Normalizing state frequencies so that sum of them equals to 1
 41  Q.mammal      1863.209     9   3744.419     3744.838     3781.179
WARNING: Normalizing state frequencies so that sum of them equals to 1
 42  Q.mammal+I    1857.965     10  3735.930     3736.444     3776.775
WARNING: Normalizing state frequencies so that sum of them equals to 1
 43  Q.mammal+G4   1858.662     10  3737.323     3737.837     3778.168
WARNING: Normalizing state frequencies so that sum of them equals to 1
 44  Q.mammal+I+G4 1858.386     11  3738.772     3739.390     3783.701
WARNING: Normalizing state frequencies so that sum of them equals to 1
 45  Q.mammal+F    1836.449     28  3728.898     3732.859     3843.264
WARNING: Normalizing state frequencies so that sum of them equals to 1
 46  Q.mammal+F+I  1829.411     29  3716.822     3721.076     3835.273
WARNING: Normalizing state frequencies so that sum of them equals to 1
 47  Q.mammal+F+G4 1830.212     29  3718.424     3722.678     3836.874
WARNING: Normalizing state frequencies so that sum of them equals to 1
 48  Q.mammal+F+I+G4 1830.003     30  3720.005     3724.564     3842.540
 49  Q.insect      1839.850     9   3697.700     3698.120     3734.460
 50  Q.insect+I    1838.615     10  3697.229     3697.744     3738.074
 51  Q.insect+G4   1838.796     10  3697.592     3698.106     3738.437
 52  Q.insect+I+G4 1838.618     11  3699.236     3699.854     3744.166
 53  Q.insect+F    1819.247     28  3694.495     3698.456     3808.861
 54  Q.insect+F+I  1817.662     29  3693.324     3697.578     3811.775
 55  Q.insect+F+G4 1817.871     29  3693.743     3697.997     3812.193
 56  Q.insect+F+I+G4 1817.670     30  3695.340     3699.899     3817.875
WARNING: Normalizing state frequencies so that sum of them equals to 1
 57  Q.plant       1844.899     9   3707.798     3708.217     3744.558
WARNING: Normalizing state frequencies so that sum of them equals to 1
 58  Q.plant+I     1838.029     10  3696.059     3696.573     3736.904
WARNING: Normalizing state frequencies so that sum of them equals to 1
 59  Q.plant+G4    1838.376     10  3696.751     3697.265     3737.596
WARNING: Normalizing state frequencies so that sum of them equals to 1
 60  Q.plant+I+G4  1838.267     11  3698.534     3699.153     3743.464
WARNING: Normalizing state frequencies so that sum of them equals to 1
 61  Q.plant+F     1829.309     28  3714.618     3718.579     3828.984
WARNING: Normalizing state frequencies so that sum of them equals to 1
 62  Q.plant+F+I   1821.446     29  3700.892     3705.147     3819.343
WARNING: Normalizing state frequencies so that sum of them equals to 1
 63  Q.plant+F+G4  1821.795     29  3701.590     3705.844     3820.040
WARNING: Normalizing state frequencies so that sum of them equals to 1
 64  Q.plant+F+I+G4 1821.724     30  3703.448     3708.007     3825.983
WARNING: Normalizing state frequencies so that sum of them equals to 1
 65  Q.yeast       1847.034     9   3712.069     3712.488     3748.829
WARNING: Normalizing state frequencies so that sum of them equals to 1
 66  Q.yeast+I     1844.927     10  3709.855     3710.369     3750.700
WARNING: Normalizing state frequencies so that sum of them equals to 1
 67  Q.yeast+G4    1845.137     10  3710.275     3710.789     3751.120
WARNING: Normalizing state frequencies so that sum of them equals to 1
 68  Q.yeast+I+G4  1844.965     11  3711.931     3712.549     3756.860
WARNING: Normalizing state frequencies so that sum of them equals to 1
 69  Q.yeast+F     1821.085     28  3698.169     3702.130     3812.535
WARNING: Normalizing state frequencies so that sum of them equals to 1
 70  Q.yeast+F+I   1818.679     29  3695.357     3699.612     3813.808
WARNING: Normalizing state frequencies so that sum of them equals to 1
 71  Q.yeast+F+G4  1818.907     29  3695.815     3700.069     3814.265
WARNING: Normalizing state frequencies so that sum of them equals to 1
 72  Q.yeast+F+I+G4 1818.740     30  3697.480     3702.038     3820.015
 73  JTTDCMut      1841.975     9   3701.950     3702.370     3738.711
 74  JTTDCMut+I    1841.230     10  3702.461     3702.975     3743.306
 75  JTTDCMut+G4   1841.392     10  3702.784     3703.298     3743.629
 76  JTTDCMut+I+G4 1841.307     11  3704.614     3705.232     3749.543
 77  JTTDCMut+F    1822.404     28  3700.808     3704.769     3815.174
 78  JTTDCMut+F+I  1821.503     29  3701.005     3705.260     3819.456
 79  JTTDCMut+F+G4 1821.673     29  3701.346     3705.600     3819.796
 80  JTTDCMut+F+I+G4 1821.537     30  3703.074     3707.633     3825.609
 81  DCMut         1874.117     9   3766.233     3766.653     3802.994
 82  DCMut+I       1870.620     10  3761.239     3761.754     3802.084
 83  DCMut+G4      1870.776     10  3761.552     3762.066     3802.397
 84  DCMut+I+G4    1870.674     11  3763.348     3763.966     3808.277
 85  DCMut+F       1827.651     28  3711.301     3715.262     3825.667
 86  DCMut+F+I     1824.489     29  3706.979     3711.233     3825.429
 87  DCMut+F+G4    1824.705     29  3707.410     3711.664     3825.860
 88  DCMut+F+I+G4  1824.563     30  3709.125     3713.684     3831.660
 89  VT            1842.213     9   3702.426     3702.845     3739.186
 90  VT+I          1842.213     10  3704.426     3704.940     3745.271
 91  VT+G4         1842.215     10  3704.430     3704.944     3745.275
 92  VT+I+G4       1844.258     11  3710.516     3711.135     3755.446
 93  VT+F          1825.069     28  3706.137     3710.098     3820.503
 94  VT+F+I        1825.069     29  3708.137     3712.392     3826.588
 95  VT+F+G4       1825.070     29  3708.141     3712.395     3826.591
 96  VT+F+I+G4     1826.973     30  3713.945     3718.504     3836.480
 97  PMB           1846.242     9   3710.485     3710.904     3747.245
 98  PMB+I         1846.242     10  3712.485     3712.999     3753.330
 99  PMB+G4        1846.245     10  3712.489     3713.003     3753.334
100  PMB+I+G4      1848.504     11  3719.008     3719.626     3763.938
101  PMB+F         1833.349     28  3722.699     3726.660     3837.065
102  PMB+F+I       1833.349     29  3724.699     3728.953     3843.149
103  PMB+F+G4      1833.351     29  3724.702     3728.956     3843.153
104  PMB+F+I+G4    1835.189     30  3730.378     3734.937     3852.913
105  Blosum62      1845.254     9   3708.508     3708.927     3745.268
106  Blosum62+I    1845.254     10  3710.508     3711.022     3751.353
107  Blosum62+G4   1845.256     10  3710.511     3711.025     3751.356
108  Blosum62+I+G4 1847.187     11  3716.374     3716.992     3761.303
109  Blosum62+F    1831.858     28  3719.717     3723.678     3834.083
110  Blosum62+F+I  1831.858     29  3721.717     3725.971     3840.167
111  Blosum62+F+G4 1831.860     29  3721.719     3725.974     3840.170
112  Blosum62+F+I+G4 1833.465     30  3726.931     3731.490     3849.466
113  Dayhoff       1874.200     9   3766.399     3766.819     3803.160
114  Dayhoff+I     1870.594     10  3761.187     3761.701     3802.032
115  Dayhoff+G4    1870.756     10  3761.511     3762.025     3802.356
116  Dayhoff+I+G4  1870.652     11  3763.304     3763.922     3808.233
117  Dayhoff+F     1827.714     28  3711.428     3715.389     3825.794
118  Dayhoff+F+I   1824.458     29  3706.916     3711.170     3825.367
119  Dayhoff+F+G4  1824.680     29  3707.360     3711.614     3825.810
120  Dayhoff+F+I+G4 1824.537     30  3709.074     3713.632     3831.609
121  mtREV         1917.547     9   3853.094     3853.514     3889.855
122  mtREV+I       1905.538     10  3831.076     3831.590     3871.921
123  mtREV+G4      1905.565     10  3831.130     3831.644     3871.975
124  mtREV+I+G4    1905.543     11  3833.086     3833.704     3878.015
125  mtREV+F       1841.776     28  3739.552     3743.513     3853.918
126  mtREV+F+I     1832.254     29  3722.508     3726.762     3840.958
127  mtREV+F+G4    1832.396     29  3722.792     3727.046     3841.242
128  mtREV+F+I+G4  1832.356     30  3724.712     3729.270     3847.247
129  mtART         1914.638     9   3847.277     3847.696     3884.037
130  mtART+I       1890.798     10  3801.596     3802.110     3842.441
131  mtART+G4      1889.143     10  3798.287     3798.801     3839.132
132  mtART+I+G4    1889.103     11  3800.205     3800.824     3845.135
133  mtART+F       1847.145     28  3750.291     3754.252     3864.657
134  mtART+F+I     1829.519     29  3717.038     3721.292     3835.488
135  mtART+F+G4    1828.522     29  3715.045     3719.299     3833.495
136  mtART+F+I+G4  1828.463     30  3716.926     3721.485     3839.461
137  mtZOA         1893.765     9   3805.530     3805.950     3842.291
138  mtZOA+I       1879.826     10  3779.652     3780.166     3820.497
139  mtZOA+G4      1879.614     10  3779.228     3779.742     3820.073
140  mtZOA+I+G4    1879.627     11  3781.254     3781.872     3826.183
141  mtZOA+F       1832.868     28  3721.736     3725.697     3836.102
142  mtZOA+F+I     1823.105     29  3704.211     3708.465     3822.661
143  mtZOA+F+G4    1823.189     29  3704.378     3708.633     3822.829
144  mtZOA+F+I+G4  1823.142     30  3706.284     3710.843     3828.819
145  mtMet         1906.212     9   3830.425     3830.844     3867.185
146  mtMet+I       1896.211     10  3812.422     3812.936     3853.267
147  mtMet+G4      1896.840     10  3813.680     3814.194     3854.525
148  mtMet+I+G4    1896.709     11  3815.418     3816.036     3860.347
149  mtMet+F       1832.520     28  3721.041     3725.001     3835.407
150  mtMet+F+I     1825.681     29  3709.362     3713.616     3827.813
151  mtMet+F+G4    1826.370     29  3710.741     3714.995     3829.191
152  mtMet+F+I+G4  1826.127     30  3712.254     3716.813     3834.789
153  mtVer         1939.942     9   3897.885     3898.304     3934.645
154  mtVer+I       1921.664     10  3863.329     3863.843     3904.174
155  mtVer+G4      1922.003     10  3864.007     3864.521     3904.852
156  mtVer+I+G4    1921.948     11  3865.897     3866.515     3910.826
157  mtVer+F       1848.012     28  3752.024     3755.985     3866.390
158  mtVer+F+I     1833.537     29  3725.073     3729.328     3843.524
159  mtVer+F+G4    1833.908     29  3725.817     3730.071     3844.267
160  mtVer+F+I+G4  1833.854     30  3727.708     3732.267     3850.243
161  mtInv         1915.305     9   3848.610     3849.030     3885.371
162  mtInv+I       1909.921     10  3839.841     3840.355     3880.686
163  mtInv+G4      1910.248     10  3840.497     3841.011     3881.342
164  mtInv+I+G4    1910.124     11  3842.248     3842.867     3887.178
165  mtInv+F       1824.391     28  3704.782     3708.743     3819.148
166  mtInv+F+I     1821.671     29  3701.343     3705.597     3819.793
167  mtInv+F+G4    1821.969     29  3701.938     3706.193     3820.389
168  mtInv+F+I+G4  1821.736     30  3703.472     3708.031     3826.007
169  mtMAM         1948.924     9   3915.848     3916.268     3952.609
170  mtMAM+I       1913.839     10  3847.678     3848.192     3888.523
171  mtMAM+G4      1912.498     10  3844.995     3845.509     3885.840
172  mtMAM+I+G4    1912.182     11  3846.365     3846.983     3891.294
173  mtMAM+F       1868.046     28  3792.093     3796.054     3906.459
174  mtMAM+F+I     1838.550     29  3735.100     3739.354     3853.550
175  mtMAM+F+G4    1838.413     29  3734.825     3739.080     3853.276
176  mtMAM+F+I+G4  1838.253     30  3736.506     3741.064     3859.041
WARNING: Normalizing state frequencies so that sum of them equals to 1
177  FLAVI         1880.896     9   3779.793     3780.212     3816.553
WARNING: Normalizing state frequencies so that sum of them equals to 1
178  FLAVI+I       1858.373     10  3736.747     3737.261     3777.592
WARNING: Normalizing state frequencies so that sum of them equals to 1
179  FLAVI+G4      1859.075     10  3738.150     3738.664     3778.995
WARNING: Normalizing state frequencies so that sum of them equals to 1
180  FLAVI+I+G4    1859.162     11  3740.324     3740.942     3785.253
WARNING: Normalizing state frequencies so that sum of them equals to 1
181  FLAVI+F       1858.712     28  3773.423     3777.384     3887.789
WARNING: Normalizing state frequencies so that sum of them equals to 1
182  FLAVI+F+I     1835.219     29  3728.438     3732.692     3846.888
WARNING: Normalizing state frequencies so that sum of them equals to 1
183  FLAVI+F+G4    1835.913     29  3729.827     3734.081     3848.277
WARNING: Normalizing state frequencies so that sum of them equals to 1
184  FLAVI+F+I+G4  1836.055     30  3732.111     3736.670     3854.646
185  HIVb          1868.560     9   3755.120     3755.540     3791.881
186  HIVb+I        1855.686     10  3731.373     3731.887     3772.218
187  HIVb+G4       1856.428     10  3732.856     3733.370     3773.701
188  HIVb+I+G4     1856.318     11  3734.637     3735.255     3779.566
189  HIVb+F        1844.607     28  3745.213     3749.174     3859.579
190  HIVb+F+I      1830.093     29  3718.187     3722.441     3836.637
191  HIVb+F+G4     1830.742     29  3719.484     3723.738     3837.934
192  HIVb+F+I+G4   1830.726     30  3721.452     3726.011     3843.987
193  HIVw          1908.355     9   3834.709     3835.129     3871.470
194  HIVw+I        1894.701     10  3809.401     3809.915     3850.246
195  HIVw+G4       1895.197     10  3810.393     3810.907     3851.238
196  HIVw+I+G4     1895.109     11  3812.219     3812.837     3857.148
197  HIVw+F        1852.226     28  3760.451     3764.412     3874.817
198  HIVw+F+I      1839.073     29  3736.145     3740.400     3854.596
199  HIVw+F+G4     1839.860     29  3737.721     3741.975     3856.171
200  HIVw+F+I+G4   1839.751     30  3739.503     3744.062     3862.038
201  FLU           1866.483     9   3750.966     3751.386     3787.727
202  FLU+I         1857.286     10  3734.571     3735.085     3775.416
203  FLU+G4        1857.980     10  3735.959     3736.473     3776.804
204  FLU+I+G4      1857.792     11  3737.585     3738.203     3782.514
205  FLU+F         1838.470     28  3732.940     3736.901     3847.306
206  FLU+F+I       1826.669     29  3711.339     3715.593     3829.789
207  FLU+F+G4      1827.402     29  3712.805     3717.059     3831.255
208  FLU+F+I+G4    1827.296     30  3714.592     3719.151     3837.127
209  rtREV         1863.428     9   3744.856     3745.276     3781.617
210  rtREV+I       1862.406     10  3744.811     3745.325     3785.656
211  rtREV+G4      1862.492     10  3744.984     3745.498     3785.829
212  rtREV+I+G4    1862.451     11  3746.902     3747.520     3791.832
213  rtREV+F       1826.627     28  3709.254     3713.215     3823.620
214  rtREV+F+I     1824.589     29  3707.177     3711.432     3825.628
215  rtREV+F+G4    1824.724     29  3707.449     3711.703     3825.899
216  rtREV+F+I+G4  1824.615     30  3709.230     3713.788     3831.765
217  cpREV         1841.017     9   3700.033     3700.453     3736.794
218  cpREV+I       1839.855     10  3699.711     3700.225     3740.556
219  cpREV+G4      1840.034     10  3700.068     3700.582     3740.913
220  cpREV+I+G4    1839.866     11  3701.731     3702.349     3746.661
221  cpREV+F       1827.773     28  3711.546     3715.507     3825.912
222  cpREV+F+I     1826.597     29  3711.194     3715.448     3829.645
223  cpREV+F+G4    1826.751     29  3711.502     3715.757     3829.953
224  cpREV+F+I+G4  1826.602     30  3713.203     3717.762     3835.738
Akaike Information Criterion:           Q.insect+F+I
Corrected Akaike Information Criterion: Q.plant+I
Bayesian Information Criterion:         Q.insect
Best-fit model: Q.insect chosen according to BIC

All model information printed to ../results/molecular_evolution_analyses/phylogenetic_trees/F109500_MLIG_G1/F109500_MLIG_G1.model.gz
CPU time for ModelFinder: 1.765 seconds (0h:0m:1s)
Wall-clock time for ModelFinder: 1.769 seconds (0h:0m:1s)
Generating 1000 samples for ultrafast bootstrap (seed: 335706)...

NOTE: 0 MB RAM (0 GB) is required!
Estimate model parameters (epsilon = 0.100)
1. Initial log-likelihood: -1839.850
Optimal log-likelihood: -1839.850
Parameters optimization took 1 rounds (0.000 sec)
Wrote distance file to... 
Computing ML distances based on estimated model parameters...
Calculating distance matrix: done in 0.000838041 secs using 99.16% CPU
Computing ML distances took 0.000862 sec (of wall-clock time) 0.000856 sec (of CPU time)
Setting up auxiliary I and S matrices: done in 3.98159e-05 secs using 100.5% CPU
Constructing RapidNJ tree: done in 2.31266e-05 secs using 103.8% CPU
Computing RapidNJ tree took 0.000128 sec (of wall-clock time) 0.000128 sec (of CPU time)
Log-likelihood of RapidNJ tree: -1839.849
--------------------------------------------------------------------
|             INITIALIZING CANDIDATE TREE SET                      |
--------------------------------------------------------------------
Generating 98 parsimony trees... 0.014 second
Computing log-likelihood of 30 initial trees ... 0.007 seconds
Current best score: -1839.849

Do NNI search on 20 best initial trees
Optimizing NNI: done in 0.000905037 secs using 199.5% CPU
Estimate model parameters (epsilon = 0.100)
BETTER TREE FOUND at iteration 1: -1839.850
Optimizing NNI: done in 0.000870943 secs using 199.8% CPU
BETTER TREE FOUND at iteration 2: -1839.850
Optimizing NNI: done in 0.000860214 secs using 200% CPU
Optimizing NNI: done in 0.000852108 secs using 200% CPU
Optimizing NNI: done in 0.000854015 secs using 200.1% CPU
Optimizing NNI: done in 0.000849962 secs using 199.8% CPU
Optimizing NNI: done in 0.000849009 secs using 199.8% CPU
Optimizing NNI: done in 0.000846148 secs using 200% CPU
Optimizing NNI: done in 0.000854015 secs using 199.3% CPU
Optimizing NNI: done in 0.000845909 secs using 199.9% CPU
Iteration 10 / LogL: -1839.850 / Time: 0h:0m:0s
Optimizing NNI: done in 0.000844955 secs using 200.1% CPU
Optimizing NNI: done in 0.000844955 secs using 200% CPU
Optimizing NNI: done in 0.000843048 secs using 199.8% CPU
Optimizing NNI: done in 0.000845194 secs using 200.1% CPU
Optimizing NNI: done in 0.0010221 secs using 199.9% CPU
Optimizing NNI: done in 0.00205278 secs using 199.9% CPU
Optimizing NNI: done in 0.00204086 secs using 200% CPU
Optimizing NNI: done in 0.00204802 secs using 199.9% CPU
Optimizing NNI: done in 0.00204086 secs using 200.1% CPU
Optimizing NNI: done in 0.00213504 secs using 200.1% CPU
Iteration 20 / LogL: -1839.851 / Time: 0h:0m:0s
Finish initializing candidate tree set (14)
Current best tree score: -1839.850 / CPU time: 0.051
Number of iterations: 20
--------------------------------------------------------------------
|               OPTIMIZING CANDIDATE TREE SET                      |
--------------------------------------------------------------------
Optimizing NNI: done in 0.00197005 secs using 199.9% CPU
Optimizing NNI: done in 0.000805855 secs using 199.9% CPU
Optimizing NNI: done in 0.000802994 secs using 200.1% CPU
Optimizing NNI: done in 0.00170898 secs using 199.9% CPU
Optimizing NNI: done in 0.00295997 secs using 200.1% CPU
Optimizing NNI: done in 0.000811815 secs using 200.2% CPU
Optimizing NNI: done in 0.00171709 secs using 199.9% CPU
Optimizing NNI: done in 0.000813007 secs using 200% CPU
Optimizing NNI: done in 0.000809193 secs using 199.8% CPU
Optimizing NNI: done in 0.0008111 secs using 199.9% CPU
Iteration 30 / LogL: -1839.850 / Time: 0h:0m:0s (0h:0m:0s left)
Optimizing NNI: done in 0.000812054 secs using 200.2% CPU
Optimizing NNI: done in 0.0016942 secs using 199% CPU
Optimizing NNI: done in 0.000810862 secs using 200% CPU
Optimizing NNI: done in 0.00169492 secs using 200% CPU
Optimizing NNI: done in 0.000810146 secs using 200% CPU
Optimizing NNI: done in 0.000808954 secs using 199.8% CPU
Optimizing NNI: done in 0.00081706 secs using 200.2% CPU
Optimizing NNI: done in 0.000821114 secs using 199.5% CPU
Optimizing NNI: done in 0.00197601 secs using 200.1% CPU
Optimizing NNI: done in 0.00172305 secs using 200% CPU
Iteration 40 / LogL: -1839.850 / Time: 0h:0m:0s (0h:0m:0s left)
Optimizing NNI: done in 0.000812054 secs using 200% CPU
Optimizing NNI: done in 0.000815868 secs using 199.9% CPU
Optimizing NNI: done in 0.00295401 secs using 199.9% CPU
Optimizing NNI: done in 0.00170183 secs using 200% CPU
Optimizing NNI: done in 0.000809908 secs using 199.8% CPU
Optimizing NNI: done in 0.000809193 secs using 200.2% CPU
Optimizing NNI: done in 0.00171399 secs using 200% CPU
Optimizing NNI: done in 0.0019629 secs using 200.1% CPU
Optimizing NNI: done in 0.000810862 secs using 199.9% CPU
Optimizing NNI: done in 0.000808001 secs using 200% CPU
Iteration 50 / LogL: -1839.850 / Time: 0h:0m:0s (0h:0m:0s left)
Log-likelihood cutoff on original alignment: -1840.782
Optimizing NNI: done in 0.00173497 secs using 199.9% CPU
Optimizing NNI: done in 0.00195813 secs using 199.8% CPU
Optimizing NNI: done in 0.000807047 secs using 199% CPU
Optimizing NNI: done in 0.000806093 secs using 199.9% CPU
Optimizing NNI: done in 0.000807047 secs using 117% CPU
Optimizing NNI: done in 0.001966 secs using 100% CPU
Optimizing NNI: done in 0.000804901 secs using 100% CPU
Optimizing NNI: done in 0.00196004 secs using 100% CPU
Optimizing NNI: done in 0.00170898 secs using 100% CPU
Optimizing NNI: done in 0.00294709 secs using 99.96% CPU
Iteration 60 / LogL: -1839.852 / Time: 0h:0m:0s (0h:0m:0s left)
Optimizing NNI: done in 0.00290895 secs using 100% CPU
Optimizing NNI: done in 0.000806808 secs using 100% CPU
Optimizing NNI: done in 0.0016892 secs using 99.99% CPU
Optimizing NNI: done in 0.000806093 secs using 99.99% CPU
Optimizing NNI: done in 0.000807047 secs using 99.99% CPU
Optimizing NNI: done in 0.00195193 secs using 100% CPU
Optimizing NNI: done in 0.000804186 secs using 99.98% CPU
Optimizing NNI: done in 0.000807047 secs using 99.87% CPU
Optimizing NNI: done in 0.00080514 secs using 100.1% CPU
Optimizing NNI: done in 0.000807047 secs using 99.99% CPU
Iteration 70 / LogL: -1839.850 / Time: 0h:0m:0s (0h:0m:0s left)
Optimizing NNI: done in 0.000804901 secs using 100% CPU
Optimizing NNI: done in 0.000806808 secs using 99.9% CPU
Optimizing NNI: done in 0.000808001 secs using 100% CPU
Optimizing NNI: done in 0.0029161 secs using 100% CPU
Optimizing NNI: done in 0.00294399 secs using 100% CPU
Optimizing NNI: done in 0.000809908 secs using 99.89% CPU
Optimizing NNI: done in 0.000804901 secs using 99.89% CPU
Optimizing NNI: done in 0.000804901 secs using 100.1% CPU
Optimizing NNI: done in 0.000806093 secs using 99.99% CPU
Optimizing NNI: done in 0.000805855 secs using 100% CPU
Iteration 80 / LogL: -1839.850 / Time: 0h:0m:0s (0h:0m:0s left)
Optimizing NNI: done in 0.00080514 secs using 99.98% CPU
Optimizing NNI: done in 0.000807047 secs using 99.99% CPU
Optimizing NNI: done in 0.00169086 secs using 100.1% CPU
Optimizing NNI: done in 0.00080514 secs using 99.86% CPU
Optimizing NNI: done in 0.000805855 secs using 100.1% CPU
Optimizing NNI: done in 0.000806093 secs using 99.99% CPU
Optimizing NNI: done in 0.000804901 secs using 100.1% CPU
Optimizing NNI: done in 0.000808001 secs using 100.1% CPU
Optimizing NNI: done in 0.000813007 secs using 99.75% CPU
Optimizing NNI: done in 0.00291395 secs using 100% CPU
Iteration 90 / LogL: -1839.853 / Time: 0h:0m:0s (0h:0m:0s left)
Optimizing NNI: done in 0.001688 secs using 100% CPU
Optimizing NNI: done in 0.000803947 secs using 100% CPU
Optimizing NNI: done in 0.00168991 secs using 99.95% CPU
Optimizing NNI: done in 0.000805855 secs using 100% CPU
Optimizing NNI: done in 0.00290704 secs using 100% CPU
Optimizing NNI: done in 0.000806093 secs using 99.99% CPU
Optimizing NNI: done in 0.00080514 secs using 100.1% CPU
Optimizing NNI: done in 0.000806093 secs using 99.99% CPU
Optimizing NNI: done in 0.000803947 secs using 100% CPU
Optimizing NNI: done in 0.000803947 secs using 100% CPU
Iteration 100 / LogL: -1839.850 / Time: 0h:0m:0s (0h:0m:0s left)
Log-likelihood cutoff on original alignment: -1840.782
NOTE: Bootstrap correlation coefficient of split occurrence frequencies: 0.951
NOTE: UFBoot does not converge, continue at least 100 more iterations
Optimizing NNI: done in 0.00199986 secs using 99.81% CPU
Optimizing NNI: done in 0.000807047 secs using 99.99% CPU
Optimizing NNI: done in 0.000810146 secs using 99.98% CPU
Optimizing NNI: done in 0.00295591 secs using 99.87% CPU
Optimizing NNI: done in 0.00169301 secs using 100% CPU
Optimizing NNI: done in 0.000808001 secs using 100% CPU
Optimizing NNI: done in 0.001683 secs using 100% CPU
Optimizing NNI: done in 0.000807047 secs using 100.1% CPU
Optimizing NNI: done in 0.000807047 secs using 99.99% CPU
Optimizing NNI: done in 0.0019598 secs using 100% CPU
Iteration 110 / LogL: -1839.852 / Time: 0h:0m:0s (0h:0m:0s left)
Optimizing NNI: done in 0.000808001 secs using 99.88% CPU
Optimizing NNI: done in 0.00080514 secs using 99.98% CPU
Optimizing NNI: done in 0.000804901 secs using 100.1% CPU
Optimizing NNI: done in 0.000806093 secs using 99.99% CPU
Optimizing NNI: done in 0.000804901 secs using 100.1% CPU
Optimizing NNI: done in 0.000804901 secs using 100% CPU
Optimizing NNI: done in 0.000804901 secs using 100.1% CPU
Optimizing NNI: done in 0.000804901 secs using 100% CPU
Optimizing NNI: done in 0.000805855 secs using 100% CPU
Optimizing NNI: done in 0.00169301 secs using 100% CPU
Iteration 120 / LogL: -1839.850 / Time: 0h:0m:0s (0h:0m:0s left)
Optimizing NNI: done in 0.000805855 secs using 99.89% CPU
Optimizing NNI: done in 0.000806093 secs using 99.99% CPU
Optimizing NNI: done in 0.000808001 secs using 100% CPU
Optimizing NNI: done in 0.000808001 secs using 99.88% CPU
Optimizing NNI: done in 0.000806093 secs using 99.86% CPU
Optimizing NNI: done in 0.000806093 secs using 99.99% CPU
Optimizing NNI: done in 0.000807047 secs using 99.99% CPU
Optimizing NNI: done in 0.00196195 secs using 99.95% CPU
Optimizing NNI: done in 0.00171208 secs using 100.1% CPU
Optimizing NNI: done in 0.000814915 secs using 99.64% CPU
Iteration 130 / LogL: -1839.850 / Time: 0h:0m:0s (0h:0m:0s left)
Optimizing NNI: done in 0.000812054 secs using 99.87% CPU
Optimizing NNI: done in 0.000804901 secs using 99.89% CPU
Optimizing NNI: done in 0.00169992 secs using 99.83% CPU
Optimizing NNI: done in 0.00294709 secs using 99.96% CPU
Optimizing NNI: done in 0.0019598 secs using 100% CPU
Optimizing NNI: done in 0.000804901 secs using 100% CPU
Optimizing NNI: done in 0.000803947 secs using 100% CPU
Optimizing NNI: done in 0.000805855 secs using 99.89% CPU
Optimizing NNI: done in 0.00080514 secs using 100.1% CPU
Optimizing NNI: done in 0.00290799 secs using 99.97% CPU
Iteration 140 / LogL: -1839.853 / Time: 0h:0m:0s (0h:0m:0s left)
Optimizing NNI: done in 0.000806808 secs using 99.9% CPU
Optimizing NNI: done in 0.000802994 secs using 100% CPU
Optimizing NNI: done in 0.000804901 secs using 100.1% CPU
Optimizing NNI: done in 0.001688 secs using 100% CPU
Optimizing NNI: done in 0.000803947 secs using 100% CPU
Optimizing NNI: done in 0.000802994 secs using 100% CPU
Optimizing NNI: done in 0.000803947 secs using 100% CPU
Optimizing NNI: done in 0.000803947 secs using 100% CPU
Optimizing NNI: done in 0.00080514 secs using 99.86% CPU
Optimizing NNI: done in 0.00168204 secs using 100% CPU
Iteration 150 / LogL: -1839.850 / Time: 0h:0m:0s (0h:0m:0s left)
Log-likelihood cutoff on original alignment: -1840.062
Optimizing NNI: done in 0.000838041 secs using 99.88% CPU
Optimizing NNI: done in 0.00169611 secs using 99.99% CPU
Optimizing NNI: done in 0.000814915 secs using 99.64% CPU
Optimizing NNI: done in 0.00169492 secs using 99.95% CPU
Optimizing NNI: done in 0.00080514 secs using 99.98% CPU
Optimizing NNI: done in 0.000813961 secs using 99.76% CPU
Optimizing NNI: done in 0.00196886 secs using 99.96% CPU
Optimizing NNI: done in 0.00080514 secs using 99.98% CPU
Optimizing NNI: done in 0.000806093 secs using 99.99% CPU
Optimizing NNI: done in 0.000807047 secs using 99.99% CPU
Iteration 160 / LogL: -1839.850 / Time: 0h:0m:0s (0h:0m:0s left)
Optimizing NNI: done in 0.00171089 secs using 100% CPU
Optimizing NNI: done in 0.00293994 secs using 100% CPU
Optimizing NNI: done in 0.000805855 secs using 100% CPU
Optimizing NNI: done in 0.000804901 secs using 100% CPU
Optimizing NNI: done in 0.000806093 secs using 99.99% CPU
Optimizing NNI: done in 0.000803947 secs using 100% CPU
Optimizing NNI: done in 0.00293994 secs using 100% CPU
Optimizing NNI: done in 0.000803947 secs using 100% CPU
Optimizing NNI: done in 0.000803947 secs using 100% CPU
Optimizing NNI: done in 0.00196505 secs using 100% CPU
Iteration 170 / LogL: -1839.852 / Time: 0h:0m:0s (0h:0m:0s left)
Optimizing NNI: done in 0.00195885 secs using 99.96% CPU
Optimizing NNI: done in 0.00294709 secs using 99.93% CPU
Optimizing NNI: done in 0.000803947 secs using 100% CPU
Optimizing NNI: done in 0.000804901 secs using 99.89% CPU
Optimizing NNI: done in 0.000803947 secs using 100.1% CPU
Optimizing NNI: done in 0.00291014 secs using 100% CPU
Optimizing NNI: done in 0.000805855 secs using 99.89% CPU
Optimizing NNI: done in 0.000804901 secs using 100% CPU
Optimizing NNI: done in 0.000804901 secs using 100% CPU
Optimizing NNI: done in 0.002913 secs using 100% CPU
Iteration 180 / LogL: -1839.853 / Time: 0h:0m:0s (0h:0m:0s left)
Optimizing NNI: done in 0.00294709 secs using 99.9% CPU
Optimizing NNI: done in 0.000806093 secs using 99.99% CPU
Optimizing NNI: done in 0.000804901 secs using 100% CPU
Optimizing NNI: done in 0.00195479 secs using 100% CPU
Optimizing NNI: done in 0.000804901 secs using 100% CPU
Optimizing NNI: done in 0.000806093 secs using 99.86% CPU
Optimizing NNI: done in 0.00195408 secs using 99.94% CPU
Optimizing NNI: done in 0.00168991 secs using 100.1% CPU
Optimizing NNI: done in 0.001966 secs using 99.95% CPU
Optimizing NNI: done in 0.00196409 secs using 99.89% CPU
Iteration 190 / LogL: -1839.852 / Time: 0h:0m:0s (0h:0m:0s left)
Optimizing NNI: done in 0.00195599 secs using 100% CPU
Optimizing NNI: done in 0.000806808 secs using 100% CPU
Optimizing NNI: done in 0.000806093 secs using 99.99% CPU
Optimizing NNI: done in 0.000813961 secs using 99.64% CPU
Optimizing NNI: done in 0.000812054 secs using 99.99% CPU
Optimizing NNI: done in 0.0029521 secs using 99.9% CPU
Optimizing NNI: done in 0.00080514 secs using 99.98% CPU
Optimizing NNI: done in 0.000806093 secs using 99.86% CPU
Optimizing NNI: done in 0.000804901 secs using 100% CPU
Optimizing NNI: done in 0.000807047 secs using 99.99% CPU
Iteration 200 / LogL: -1839.850 / Time: 0h:0m:0s (0h:0m:0s left)
Log-likelihood cutoff on original alignment: -1840.062
NOTE: Bootstrap correlation coefficient of split occurrence frequencies: 0.938
NOTE: UFBoot does not converge, continue at least 100 more iterations
Optimizing NNI: done in 0.000833988 secs using 99.88% CPU
Optimizing NNI: done in 0.000807047 secs using 99.99% CPU
Optimizing NNI: done in 0.00169086 secs using 100% CPU
Optimizing NNI: done in 0.00168896 secs using 100% CPU
Optimizing NNI: done in 0.00196409 secs using 99.84% CPU
Optimizing NNI: done in 0.00195193 secs using 99.95% CPU
Optimizing NNI: done in 0.00168991 secs using 100% CPU
Optimizing NNI: done in 0.000803947 secs using 99.88% CPU
Optimizing NNI: done in 0.000802994 secs using 99.88% CPU
Optimizing NNI: done in 0.000802994 secs using 100.1% CPU
Iteration 210 / LogL: -1839.850 / Time: 0h:0m:0s (0h:0m:0s left)
Optimizing NNI: done in 0.000803232 secs using 99.97% CPU
Optimizing NNI: done in 0.000805855 secs using 100.1% CPU
Optimizing NNI: done in 0.00169516 secs using 99.87% CPU
Optimizing NNI: done in 0.000802994 secs using 100% CPU
Optimizing NNI: done in 0.000805855 secs using 100% CPU
Optimizing NNI: done in 0.000815153 secs using 99.49% CPU
Optimizing NNI: done in 0.000808001 secs using 100% CPU
Optimizing NNI: done in 0.00080514 secs using 99.98% CPU
Optimizing NNI: done in 0.00295115 secs using 99.93% CPU
Optimizing NNI: done in 0.000804901 secs using 100% CPU
Iteration 220 / LogL: -1839.850 / Time: 0h:0m:0s (0h:0m:0s left)
Optimizing NNI: done in 0.00291896 secs using 99.97% CPU
Optimizing NNI: done in 0.000808001 secs using 99.88% CPU
Optimizing NNI: done in 0.00169611 secs using 99.99% CPU
Optimizing NNI: done in 0.00169611 secs using 99.99% CPU
Optimizing NNI: done in 0.00197101 secs using 100.1% CPU
Optimizing NNI: done in 0.000813961 secs using 99.64% CPU
Optimizing NNI: done in 0.00168395 secs using 100.1% CPU
Optimizing NNI: done in 0.000808001 secs using 100.1% CPU
Optimizing NNI: done in 0.001719 secs using 99.83% CPU
Optimizing NNI: done in 0.000803947 secs using 100.1% CPU
Iteration 230 / LogL: -1839.850 / Time: 0h:0m:0s (0h:0m:0s left)
Optimizing NNI: done in 0.00170588 secs using 100% CPU
Optimizing NNI: done in 0.000804901 secs using 99.89% CPU
Optimizing NNI: done in 0.00293708 secs using 100% CPU
Optimizing NNI: done in 0.00169396 secs using 100% CPU
Optimizing NNI: done in 0.000807047 secs using 100.1% CPU
Optimizing NNI: done in 0.000805855 secs using 100.1% CPU
Optimizing NNI: done in 0.000808001 secs using 99.88% CPU
Optimizing NNI: done in 0.000807047 secs using 99.99% CPU
Optimizing NNI: done in 0.000807047 secs using 99.87% CPU
Optimizing NNI: done in 0.000807047 secs using 99.87% CPU
Iteration 240 / LogL: -1839.850 / Time: 0h:0m:0s (0h:0m:0s left)
Optimizing NNI: done in 0.000805855 secs using 100% CPU
Optimizing NNI: done in 0.000807047 secs using 99.87% CPU
Optimizing NNI: done in 0.00294495 secs using 99.97% CPU
Optimizing NNI: done in 0.00170994 secs using 99.95% CPU
Optimizing NNI: done in 0.000808001 secs using 100% CPU
Optimizing NNI: done in 0.000808001 secs using 99.88% CPU
Optimizing NNI: done in 0.000807047 secs using 99.99% CPU
Optimizing NNI: done in 0.000806093 secs using 99.99% CPU
Optimizing NNI: done in 0.0019598 secs using 100% CPU
Optimizing NNI: done in 0.000807047 secs using 99.87% CPU
Iteration 250 / LogL: -1839.850 / Time: 0h:0m:1s (0h:0m:0s left)
Log-likelihood cutoff on original alignment: -1840.062
Optimizing NNI: done in 0.00170588 secs using 99.95% CPU
Optimizing NNI: done in 0.000804901 secs using 99.89% CPU
Optimizing NNI: done in 0.00195909 secs using 100% CPU
Optimizing NNI: done in 0.00194788 secs using 100% CPU
Optimizing NNI: done in 0.000807047 secs using 99.87% CPU
Optimizing NNI: done in 0.000802994 secs using 99.88% CPU
Optimizing NNI: done in 0.000808001 secs using 99.88% CPU
Optimizing NNI: done in 0.000804901 secs using 100% CPU
Optimizing NNI: done in 0.000808001 secs using 99.88% CPU
Optimizing NNI: done in 0.00195909 secs using 100% CPU
Iteration 260 / LogL: -1839.852 / Time: 0h:0m:1s (0h:0m:0s left)
Optimizing NNI: done in 0.00196791 secs using 99.85% CPU
Optimizing NNI: done in 0.00080204 secs using 100% CPU
Optimizing NNI: done in 0.000804901 secs using 100% CPU
Optimizing NNI: done in 0.000807047 secs using 99.99% CPU
Optimizing NNI: done in 0.00169492 secs using 100% CPU
Optimizing NNI: done in 0.000806093 secs using 99.99% CPU
Optimizing NNI: done in 0.00196314 secs using 99.99% CPU
Optimizing NNI: done in 0.00170708 secs using 99.82% CPU
Optimizing NNI: done in 0.00169182 secs using 99.95% CPU
Optimizing NNI: done in 0.000805855 secs using 100% CPU
Iteration 270 / LogL: -1839.850 / Time: 0h:0m:1s (0h:0m:0s left)
Optimizing NNI: done in 0.00080204 secs using 100% CPU
Optimizing NNI: done in 0.00294304 secs using 100% CPU
Optimizing NNI: done in 0.00295115 secs using 100% CPU
Optimizing NNI: done in 0.000804901 secs using 100% CPU
Optimizing NNI: done in 0.000810146 secs using 99.86% CPU
Optimizing NNI: done in 0.000813961 secs using 99.51% CPU
Optimizing NNI: done in 0.000806808 secs using 100.1% CPU
Optimizing NNI: done in 0.000805855 secs using 99.89% CPU
Optimizing NNI: done in 0.000808954 secs using 100% CPU
Optimizing NNI: done in 0.00169396 secs using 99.94% CPU
Iteration 280 / LogL: -1839.850 / Time: 0h:0m:1s (0h:0m:0s left)
Optimizing NNI: done in 0.000806093 secs using 99.86% CPU
Optimizing NNI: done in 0.00168991 secs using 99.95% CPU
Optimizing NNI: done in 0.000813961 secs using 99.64% CPU
Optimizing NNI: done in 0.000802994 secs using 100% CPU
Optimizing NNI: done in 0.000807047 secs using 99.99% CPU
Optimizing NNI: done in 0.000810862 secs using 100% CPU
Optimizing NNI: done in 0.000807047 secs using 99.99% CPU
Optimizing NNI: done in 0.00168991 secs using 100% CPU
Optimizing NNI: done in 0.000809908 secs using 100% CPU
Optimizing NNI: done in 0.00080514 secs using 99.86% CPU
Iteration 290 / LogL: -1839.850 / Time: 0h:0m:1s (0h:0m:0s left)
Optimizing NNI: done in 0.000802994 secs using 100% CPU
Optimizing NNI: done in 0.000806093 secs using 100.1% CPU
Optimizing NNI: done in 0.00292778 secs using 100% CPU
Optimizing NNI: done in 0.000813961 secs using 99.51% CPU
Optimizing NNI: done in 0.00170398 secs using 100% CPU
Optimizing NNI: done in 0.000811815 secs using 99.65% CPU
Optimizing NNI: done in 0.000810862 secs using 100% CPU
Optimizing NNI: done in 0.00291419 secs using 99.99% CPU
Optimizing NNI: done in 0.00195909 secs using 99.94% CPU
Optimizing NNI: done in 0.000808954 secs using 99.88% CPU
Iteration 300 / LogL: -1839.850 / Time: 0h:0m:1s (0h:0m:0s left)
Log-likelihood cutoff on original alignment: -1840.062
NOTE: Bootstrap correlation coefficient of split occurrence frequencies: 0.974
NOTE: UFBoot does not converge, continue at least 100 more iterations
Optimizing NNI: done in 0.000828981 secs using 100% CPU
Optimizing NNI: done in 0.000807047 secs using 99.99% CPU
Optimizing NNI: done in 0.00196791 secs using 99.95% CPU
Optimizing NNI: done in 0.00169301 secs using 100% CPU
Optimizing NNI: done in 0.000806093 secs using 99.99% CPU
Optimizing NNI: done in 0.00195384 secs using 100% CPU
Optimizing NNI: done in 0.000807047 secs using 99.87% CPU
Optimizing NNI: done in 0.00196695 secs using 100.1% CPU
Optimizing NNI: done in 0.00080514 secs using 99.86% CPU
Optimizing NNI: done in 0.00291395 secs using 100% CPU
Iteration 310 / LogL: -1839.853 / Time: 0h:0m:1s (0h:0m:0s left)
Optimizing NNI: done in 0.000805855 secs using 99.89% CPU
Optimizing NNI: done in 0.0016799 secs using 100% CPU
Optimizing NNI: done in 0.000805855 secs using 100% CPU
Optimizing NNI: done in 0.000804901 secs using 100% CPU
Optimizing NNI: done in 0.000804901 secs using 100% CPU
Optimizing NNI: done in 0.000807047 secs using 99.87% CPU
Optimizing NNI: done in 0.000806093 secs using 100.1% CPU
Optimizing NNI: done in 0.000805855 secs using 100% CPU
Optimizing NNI: done in 0.000808001 secs using 100% CPU
Optimizing NNI: done in 0.000813961 secs using 99.64% CPU
Iteration 320 / LogL: -1839.850 / Time: 0h:0m:1s (0h:0m:0s left)
Optimizing NNI: done in 0.00169611 secs using 99.99% CPU
Optimizing NNI: done in 0.000806093 secs using 99.86% CPU
Optimizing NNI: done in 0.000813007 secs using 99.63% CPU
Optimizing NNI: done in 0.000808001 secs using 99.88% CPU
Optimizing NNI: done in 0.000808001 secs using 100% CPU
Optimizing NNI: done in 0.000803947 secs using 99.88% CPU
Optimizing NNI: done in 0.000804901 secs using 100% CPU
Optimizing NNI: done in 0.000805855 secs using 99.89% CPU
Optimizing NNI: done in 0.000802994 secs using 100% CPU
Optimizing NNI: done in 0.000804901 secs using 100% CPU
Iteration 330 / LogL: -1839.850 / Time: 0h:0m:1s (0h:0m:0s left)
Optimizing NNI: done in 0.00080514 secs using 99.98% CPU
Optimizing NNI: done in 0.00295115 secs using 99.89% CPU
Optimizing NNI: done in 0.00171089 secs using 100% CPU
Optimizing NNI: done in 0.00170493 secs using 99.95% CPU
Optimizing NNI: done in 0.000803947 secs using 100% CPU
Optimizing NNI: done in 0.00169086 secs using 100% CPU
Optimizing NNI: done in 0.00167894 secs using 100% CPU
Optimizing NNI: done in 0.000803947 secs using 100% CPU
Optimizing NNI: done in 0.000802994 secs using 100% CPU
Optimizing NNI: done in 0.000804901 secs using 100% CPU
Iteration 340 / LogL: -1839.850 / Time: 0h:0m:1s (0h:0m:0s left)
Optimizing NNI: done in 0.000805855 secs using 100% CPU
Optimizing NNI: done in 0.000804901 secs using 100% CPU
Optimizing NNI: done in 0.00080514 secs using 99.98% CPU
Optimizing NNI: done in 0.000803947 secs using 100% CPU
Optimizing NNI: done in 0.0016799 secs using 100.1% CPU
Optimizing NNI: done in 0.000804901 secs using 100.1% CPU
Optimizing NNI: done in 0.00290895 secs using 100% CPU
Optimizing NNI: done in 0.00168705 secs using 99.82% CPU
Optimizing NNI: done in 0.000804901 secs using 100% CPU
Optimizing NNI: done in 0.00291014 secs using 100% CPU
Iteration 350 / LogL: -1839.853 / Time: 0h:0m:1s (0h:0m:0s left)
Log-likelihood cutoff on original alignment: -1840.062
Optimizing NNI: done in 0.00173593 secs using 99.95% CPU
Optimizing NNI: done in 0.00081706 secs using 99.63% CPU
Optimizing NNI: done in 0.000812054 secs using 99.99% CPU
Optimizing NNI: done in 0.00197506 secs using 99.85% CPU
Optimizing NNI: done in 0.000803947 secs using 100% CPU
Optimizing NNI: done in 0.000807047 secs using 99.99% CPU
Optimizing NNI: done in 0.00290489 secs using 100% CPU
Optimizing NNI: done in 0.000804186 secs using 99.98% CPU
Optimizing NNI: done in 0.00294113 secs using 99.96% CPU
Optimizing NNI: done in 0.0019629 secs using 100% CPU
Iteration 360 / LogL: -1839.852 / Time: 0h:0m:1s (0h:0m:0s left)
Optimizing NNI: done in 0.00169015 secs using 99.99% CPU
Optimizing NNI: done in 0.000807047 secs using 99.87% CPU
Optimizing NNI: done in 0.00195384 secs using 100% CPU
Optimizing NNI: done in 0.00170994 secs using 99.95% CPU
Optimizing NNI: done in 0.000804901 secs using 99.89% CPU
Optimizing NNI: done in 0.000807047 secs using 99.87% CPU
Optimizing NNI: done in 0.000805855 secs using 99.89% CPU
Optimizing NNI: done in 0.000803947 secs using 100.1% CPU
Optimizing NNI: done in 0.00294518 secs using 99.89% CPU
Optimizing NNI: done in 0.000810146 secs using 99.98% CPU
Iteration 370 / LogL: -1839.850 / Time: 0h:0m:1s (0h:0m:0s left)
Optimizing NNI: done in 0.00170898 secs using 100% CPU
Optimizing NNI: done in 0.000808001 secs using 99.88% CPU
Optimizing NNI: done in 0.000806808 secs using 99.9% CPU
Optimizing NNI: done in 0.00169706 secs using 99.82% CPU
Optimizing NNI: done in 0.000802994 secs using 100% CPU
Optimizing NNI: done in 0.000803947 secs using 100% CPU
Optimizing NNI: done in 0.000804186 secs using 99.98% CPU
Optimizing NNI: done in 0.00170207 secs using 99.82% CPU
Optimizing NNI: done in 0.000803947 secs using 100% CPU
Optimizing NNI: done in 0.00080204 secs using 100% CPU
Iteration 380 / LogL: -1839.850 / Time: 0h:0m:1s (0h:0m:0s left)
Optimizing NNI: done in 0.000806808 secs using 100.1% CPU
Optimizing NNI: done in 0.00290918 secs using 99.99% CPU
Optimizing NNI: done in 0.000803947 secs using 100% CPU
Optimizing NNI: done in 0.000804901 secs using 100% CPU
Optimizing NNI: done in 0.00168896 secs using 100.1% CPU
Optimizing NNI: done in 0.000805855 secs using 99.89% CPU
Optimizing NNI: done in 0.00169301 secs using 100% CPU
Optimizing NNI: done in 0.00197101 secs using 99.95% CPU
Optimizing NNI: done in 0.000814915 secs using 99.64% CPU
Optimizing NNI: done in 0.000807047 secs using 100.1% CPU
Iteration 390 / LogL: -1839.850 / Time: 0h:0m:1s (0h:0m:0s left)
Optimizing NNI: done in 0.000806093 secs using 99.99% CPU
Optimizing NNI: done in 0.000802994 secs using 99.88% CPU
Optimizing NNI: done in 0.00080514 secs using 99.98% CPU
Optimizing NNI: done in 0.000804901 secs using 100% CPU
Optimizing NNI: done in 0.00080514 secs using 99.86% CPU
Optimizing NNI: done in 0.000803947 secs using 99.88% CPU
Optimizing NNI: done in 0.000806808 secs using 100% CPU
Optimizing NNI: done in 0.000804901 secs using 100% CPU
Optimizing NNI: done in 0.000806808 secs using 99.9% CPU
Optimizing NNI: done in 0.000804901 secs using 99.89% CPU
Iteration 400 / LogL: -1839.850 / Time: 0h:0m:1s (0h:0m:0s left)
Log-likelihood cutoff on original alignment: -1840.062
NOTE: Bootstrap correlation coefficient of split occurrence frequencies: 0.944
NOTE: UFBoot does not converge, continue at least 100 more iterations
Optimizing NNI: done in 0.000838041 secs using 99.64% CPU
Optimizing NNI: done in 0.00169516 secs using 99.99% CPU
Optimizing NNI: done in 0.00080204 secs using 100% CPU
Optimizing NNI: done in 0.000815153 secs using 99.49% CPU
Optimizing NNI: done in 0.00168896 secs using 99.94% CPU
Optimizing NNI: done in 0.000801802 secs using 100% CPU
Optimizing NNI: done in 0.000801086 secs using 99.99% CPU
Optimizing NNI: done in 0.000804901 secs using 100.1% CPU
Optimizing NNI: done in 0.000810146 secs using 99.61% CPU
Optimizing NNI: done in 0.000807047 secs using 99.99% CPU
Iteration 410 / LogL: -1839.850 / Time: 0h:0m:1s (0h:0m:0s left)
Optimizing NNI: done in 0.00195193 secs using 100% CPU
Optimizing NNI: done in 0.00080204 secs using 100% CPU
Optimizing NNI: done in 0.000802994 secs using 99.88% CPU
Optimizing NNI: done in 0.000804186 secs using 99.98% CPU
Optimizing NNI: done in 0.000809908 secs using 99.76% CPU
Optimizing NNI: done in 0.000807047 secs using 99.87% CPU
Optimizing NNI: done in 0.000813007 secs using 99.51% CPU
Optimizing NNI: done in 0.000802994 secs using 100.1% CPU
Optimizing NNI: done in 0.000807047 secs using 99.99% CPU
Optimizing NNI: done in 0.00080204 secs using 100% CPU
Iteration 420 / LogL: -1839.850 / Time: 0h:0m:1s (0h:0m:0s left)
Optimizing NNI: done in 0.000806093 secs using 99.99% CPU
Optimizing NNI: done in 0.000802994 secs using 99.88% CPU
Optimizing NNI: done in 0.00080514 secs using 100.1% CPU
Optimizing NNI: done in 0.00080204 secs using 100% CPU
Optimizing NNI: done in 0.00294304 secs using 100% CPU
Optimizing NNI: done in 0.000813007 secs using 99.63% CPU
Optimizing NNI: done in 0.000808954 secs using 100% CPU
Optimizing NNI: done in 0.00169611 secs using 99.82% CPU
Optimizing NNI: done in 0.00170207 secs using 99.94% CPU
Optimizing NNI: done in 0.00289893 secs using 100% CPU
Iteration 430 / LogL: -1839.853 / Time: 0h:0m:1s (0h:0m:0s left)
Optimizing NNI: done in 0.000803947 secs using 99.88% CPU
Optimizing NNI: done in 0.000803947 secs using 99.88% CPU
Optimizing NNI: done in 0.000801802 secs using 100% CPU
Optimizing NNI: done in 0.00170398 secs using 100% CPU
Optimizing NNI: done in 0.00080204 secs using 100.1% CPU
Optimizing NNI: done in 0.00080204 secs using 100% CPU
Optimizing NNI: done in 0.00168705 secs using 100.1% CPU
Optimizing NNI: done in 0.000804901 secs using 99.89% CPU
Optimizing NNI: done in 0.001688 secs using 100% CPU
Optimizing NNI: done in 0.00290585 secs using 99.94% CPU
Iteration 440 / LogL: -1839.853 / Time: 0h:0m:1s (0h:0m:0s left)
Optimizing NNI: done in 0.0016861 secs using 99.99% CPU
Optimizing NNI: done in 0.00195599 secs using 99.85% CPU
Optimizing NNI: done in 0.00169301 secs using 100% CPU
Optimizing NNI: done in 0.00195909 secs using 99.84% CPU
Optimizing NNI: done in 0.000802994 secs using 100% CPU
Optimizing NNI: done in 0.00194788 secs using 100% CPU
Optimizing NNI: done in 0.000801802 secs using 100.1% CPU
Optimizing NNI: done in 0.00080204 secs using 100% CPU
Optimizing NNI: done in 0.00195599 secs using 100% CPU
Optimizing NNI: done in 0.001683 secs using 100.1% CPU
Iteration 450 / LogL: -1839.850 / Time: 0h:0m:1s (0h:0m:0s left)
Log-likelihood cutoff on original alignment: -1840.062
Optimizing NNI: done in 0.00197983 secs using 99.96% CPU
Optimizing NNI: done in 0.000806808 secs using 100% CPU
Optimizing NNI: done in 0.000804901 secs using 100.1% CPU
Optimizing NNI: done in 0.000802994 secs using 100.1% CPU
Optimizing NNI: done in 0.001688 secs using 100% CPU
Optimizing NNI: done in 0.000803947 secs using 99.88% CPU
Optimizing NNI: done in 0.0019691 secs using 99.99% CPU
Optimizing NNI: done in 0.00294209 secs using 100% CPU
Optimizing NNI: done in 0.000802994 secs using 99.88% CPU
Optimizing NNI: done in 0.000802994 secs using 99.88% CPU
Iteration 460 / LogL: -1839.850 / Time: 0h:0m:1s (0h:0m:0s left)
Optimizing NNI: done in 0.000803947 secs using 100% CPU
Optimizing NNI: done in 0.00170302 secs using 100% CPU
Optimizing NNI: done in 0.000802994 secs using 100% CPU
Optimizing NNI: done in 0.00169015 secs using 99.99% CPU
Optimizing NNI: done in 0.000802994 secs using 100% CPU
Optimizing NNI: done in 0.000803232 secs using 99.97% CPU
Optimizing NNI: done in 0.000803947 secs using 100% CPU
Optimizing NNI: done in 0.000803947 secs using 100% CPU
Optimizing NNI: done in 0.00195503 secs using 100% CPU
Optimizing NNI: done in 0.00168109 secs using 99.99% CPU
Iteration 470 / LogL: -1839.850 / Time: 0h:0m:1s (0h:0m:0s left)
Optimizing NNI: done in 0.000803947 secs using 100% CPU
Optimizing NNI: done in 0.00169206 secs using 99.94% CPU
Optimizing NNI: done in 0.00080514 secs using 100.1% CPU
Optimizing NNI: done in 0.0008111 secs using 99.74% CPU
Optimizing NNI: done in 0.000802994 secs using 100% CPU
Optimizing NNI: done in 0.000804186 secs using 99.98% CPU
Optimizing NNI: done in 0.000804901 secs using 99.89% CPU
Optimizing NNI: done in 0.000803947 secs using 100% CPU
Optimizing NNI: done in 0.000802994 secs using 100% CPU
Optimizing NNI: done in 0.00167704 secs using 99.94% CPU
Iteration 480 / LogL: -1839.850 / Time: 0h:0m:2s (0h:0m:0s left)
Optimizing NNI: done in 0.000804186 secs using 99.98% CPU
Optimizing NNI: done in 0.000803947 secs using 100% CPU
Optimizing NNI: done in 0.000803947 secs using 99.88% CPU
Optimizing NNI: done in 0.000804186 secs using 99.98% CPU
Optimizing NNI: done in 0.00080204 secs using 100% CPU
Optimizing NNI: done in 0.000803947 secs using 99.88% CPU
Optimizing NNI: done in 0.000803947 secs using 100% CPU
Optimizing NNI: done in 0.00168705 secs using 100% CPU
Optimizing NNI: done in 0.00293994 secs using 100% CPU
Optimizing NNI: done in 0.00293398 secs using 100% CPU
Iteration 490 / LogL: -1839.852 / Time: 0h:0m:2s (0h:0m:0s left)
Optimizing NNI: done in 0.000804901 secs using 100% CPU
Optimizing NNI: done in 0.00196409 secs using 99.84% CPU
Optimizing NNI: done in 0.00169206 secs using 100% CPU
Optimizing NNI: done in 0.000810146 secs using 99.98% CPU
Optimizing NNI: done in 0.000812054 secs using 99.75% CPU
Optimizing NNI: done in 0.00169611 secs using 99.99% CPU
Optimizing NNI: done in 0.00170493 secs using 100% CPU
Optimizing NNI: done in 0.0016768 secs using 100% CPU
Optimizing NNI: done in 0.00195193 secs using 100.1% CPU
Optimizing NNI: done in 0.000802994 secs using 100.1% CPU
Iteration 500 / LogL: -1839.850 / Time: 0h:0m:2s (0h:0m:0s left)
Log-likelihood cutoff on original alignment: -1840.062
NOTE: Bootstrap correlation coefficient of split occurrence frequencies: 0.983
NOTE: UFBoot does not converge, continue at least 100 more iterations
Optimizing NNI: done in 0.000834942 secs using 99.89% CPU
Optimizing NNI: done in 0.00294709 secs using 100% CPU
Optimizing NNI: done in 0.000808001 secs using 100% CPU
Optimizing NNI: done in 0.00196695 secs using 100% CPU
Optimizing NNI: done in 0.00197005 secs using 99.85% CPU
Optimizing NNI: done in 0.000807047 secs using 99.99% CPU
Optimizing NNI: done in 0.000808954 secs using 100% CPU
Optimizing NNI: done in 0.00197291 secs using 100.1% CPU
Optimizing NNI: done in 0.00169516 secs using 99.99% CPU
Optimizing NNI: done in 0.000806093 secs using 99.99% CPU
Iteration 510 / LogL: -1839.850 / Time: 0h:0m:2s (0h:0m:0s left)
Optimizing NNI: done in 0.00195813 secs using 99.99% CPU
Optimizing NNI: done in 0.000808001 secs using 100% CPU
Optimizing NNI: done in 0.000805855 secs using 100% CPU
Optimizing NNI: done in 0.000808001 secs using 100% CPU
Optimizing NNI: done in 0.000806093 secs using 99.99% CPU
Optimizing NNI: done in 0.000805855 secs using 100% CPU
Optimizing NNI: done in 0.00168395 secs using 100% CPU
Optimizing NNI: done in 0.000805855 secs using 100% CPU
Optimizing NNI: done in 0.00295687 secs using 100% CPU
Optimizing NNI: done in 0.000807047 secs using 99.99% CPU
Iteration 520 / LogL: -1839.850 / Time: 0h:0m:2s (0h:0m:0s left)
Optimizing NNI: done in 0.000805855 secs using 100% CPU
Optimizing NNI: done in 0.000804901 secs using 100.1% CPU
Optimizing NNI: done in 0.000807047 secs using 99.99% CPU
Optimizing NNI: done in 0.00291586 secs using 99.97% CPU
Optimizing NNI: done in 0.000806093 secs using 99.99% CPU
Optimizing NNI: done in 0.000803947 secs using 100.1% CPU
Optimizing NNI: done in 0.000804901 secs using 100.1% CPU
Optimizing NNI: done in 0.00195622 secs using 100% CPU
Optimizing NNI: done in 0.00292015 secs using 99.89% CPU
Optimizing NNI: done in 0.00168395 secs using 100% CPU
Iteration 530 / LogL: -1839.850 / Time: 0h:0m:2s (0h:0m:0s left)
Optimizing NNI: done in 0.000807047 secs using 99.99% CPU
Optimizing NNI: done in 0.000807047 secs using 99.99% CPU
Optimizing NNI: done in 0.00294495 secs using 100% CPU
Optimizing NNI: done in 0.000805855 secs using 100% CPU
Optimizing NNI: done in 0.000807047 secs using 99.87% CPU
Optimizing NNI: done in 0.000804901 secs using 100% CPU
Optimizing NNI: done in 0.00196409 secs using 100% CPU
Optimizing NNI: done in 0.000809908 secs using 100.1% CPU
Optimizing NNI: done in 0.000816107 secs using 99.74% CPU
Optimizing NNI: done in 0.000807047 secs using 99.99% CPU
Iteration 540 / LogL: -1839.850 / Time: 0h:0m:2s (0h:0m:0s left)
Optimizing NNI: done in 0.000806093 secs using 99.86% CPU
Optimizing NNI: done in 0.000805855 secs using 100% CPU
Optimizing NNI: done in 0.00196505 secs using 100% CPU
Optimizing NNI: done in 0.00291586 secs using 99.97% CPU
Optimizing NNI: done in 0.002913 secs using 100% CPU
Optimizing NNI: done in 0.000813961 secs using 99.76% CPU
Optimizing NNI: done in 0.00197291 secs using 100% CPU
Optimizing NNI: done in 0.00080514 secs using 100.1% CPU
Optimizing NNI: done in 0.000807047 secs using 99.99% CPU
Optimizing NNI: done in 0.000804901 secs using 100% CPU
Iteration 550 / LogL: -1839.850 / Time: 0h:0m:2s (0h:0m:0s left)
Log-likelihood cutoff on original alignment: -1840.062
Optimizing NNI: done in 0.000834942 secs using 99.89% CPU
Optimizing NNI: done in 0.00171208 secs using 99.82% CPU
Optimizing NNI: done in 0.001966 secs using 100.1% CPU
Optimizing NNI: done in 0.000808001 secs using 100.1% CPU
Optimizing NNI: done in 0.000807047 secs using 99.99% CPU
Optimizing NNI: done in 0.001688 secs using 100% CPU
Optimizing NNI: done in 0.000806093 secs using 100.1% CPU
Optimizing NNI: done in 0.000809908 secs using 99.89% CPU
Optimizing NNI: done in 0.000808001 secs using 100% CPU
Optimizing NNI: done in 0.000807047 secs using 100.1% CPU
Iteration 560 / LogL: -1839.850 / Time: 0h:0m:2s (0h:0m:0s left)
Optimizing NNI: done in 0.000806808 secs using 100% CPU
Optimizing NNI: done in 0.000808954 secs using 100% CPU
Optimizing NNI: done in 0.000810862 secs using 100% CPU
Optimizing NNI: done in 0.000808001 secs using 100% CPU
Optimizing NNI: done in 0.000808954 secs using 100.1% CPU
Optimizing NNI: done in 0.000807047 secs using 99.99% CPU
Optimizing NNI: done in 0.00292397 secs using 100% CPU
Optimizing NNI: done in 0.000807047 secs using 100.1% CPU
Optimizing NNI: done in 0.000807047 secs using 99.87% CPU
Optimizing NNI: done in 0.000808001 secs using 100% CPU
Iteration 570 / LogL: -1839.850 / Time: 0h:0m:2s (0h:0m:0s left)
Optimizing NNI: done in 0.00170398 secs using 100% CPU
Optimizing NNI: done in 0.000808001 secs using 100% CPU
Optimizing NNI: done in 0.000807047 secs using 99.87% CPU
Optimizing NNI: done in 0.00197005 secs using 100% CPU
Optimizing NNI: done in 0.00197005 secs using 99.95% CPU
Optimizing NNI: done in 0.00169897 secs using 100.1% CPU
Optimizing NNI: done in 0.00196385 secs using 100.1% CPU
Optimizing NNI: done in 0.000808001 secs using 100% CPU
Optimizing NNI: done in 0.00170112 secs using 99.93% CPU
Optimizing NNI: done in 0.000808001 secs using 100% CPU
Iteration 580 / LogL: -1839.850 / Time: 0h:0m:2s (0h:0m:0s left)
Optimizing NNI: done in 0.000809193 secs using 99.98% CPU
Optimizing NNI: done in 0.000808001 secs using 100% CPU
Optimizing NNI: done in 0.000808001 secs using 99.88% CPU
Optimizing NNI: done in 0.00169396 secs using 100% CPU
Optimizing NNI: done in 0.00081706 secs using 99.63% CPU
Optimizing NNI: done in 0.000812054 secs using 100.1% CPU
Optimizing NNI: done in 0.00293207 secs using 100% CPU
Optimizing NNI: done in 0.000808954 secs using 100.1% CPU
Optimizing NNI: done in 0.000808001 secs using 99.88% CPU
Optimizing NNI: done in 0.000808954 secs using 100% CPU
Iteration 590 / LogL: -1839.850 / Time: 0h:0m:2s (0h:0m:0s left)
Optimizing NNI: done in 0.000807047 secs using 99.99% CPU
Optimizing NNI: done in 0.000806808 secs using 100% CPU
Optimizing NNI: done in 0.000806093 secs using 100.1% CPU
Optimizing NNI: done in 0.001966 secs using 100% CPU
Optimizing NNI: done in 0.000808001 secs using 100% CPU
Optimizing NNI: done in 0.000808001 secs using 100% CPU
Optimizing NNI: done in 0.000808954 secs using 100% CPU
Optimizing NNI: done in 0.00196695 secs using 100.1% CPU
Optimizing NNI: done in 0.000808001 secs using 100.1% CPU
Optimizing NNI: done in 0.000807047 secs using 99.99% CPU
Iteration 600 / LogL: -1839.850 / Time: 0h:0m:2s (0h:0m:0s left)
Log-likelihood cutoff on original alignment: -1840.062
NOTE: Bootstrap correlation coefficient of split occurrence frequencies: 0.966
NOTE: UFBoot does not converge, continue at least 100 more iterations
Optimizing NNI: done in 0.002002 secs using 99.95% CPU
Optimizing NNI: done in 0.00198603 secs using 99.9% CPU
Optimizing NNI: done in 0.000813007 secs using 100% CPU
Optimizing NNI: done in 0.00292301 secs using 100% CPU
Optimizing NNI: done in 0.00169706 secs using 100% CPU
Optimizing NNI: done in 0.001688 secs using 100% CPU
Optimizing NNI: done in 0.000809908 secs using 99.89% CPU
Optimizing NNI: done in 0.000808954 secs using 100% CPU
Optimizing NNI: done in 0.000808001 secs using 100% CPU
Optimizing NNI: done in 0.000810146 secs using 99.98% CPU
Iteration 610 / LogL: -1839.850 / Time: 0h:0m:2s (0h:0m:0s left)
Optimizing NNI: done in 0.000809193 secs using 100.1% CPU
Optimizing NNI: done in 0.00170398 secs using 100% CPU
Optimizing NNI: done in 0.000818014 secs using 99.63% CPU
Optimizing NNI: done in 0.000811815 secs using 99.9% CPU
Optimizing NNI: done in 0.000816107 secs using 99.62% CPU
Optimizing NNI: done in 0.000808954 secs using 99.88% CPU
Optimizing NNI: done in 0.000807047 secs using 99.99% CPU
Optimizing NNI: done in 0.000808954 secs using 99.88% CPU
Optimizing NNI: done in 0.000808001 secs using 100% CPU
Optimizing NNI: done in 0.00170207 secs using 100.1% CPU
Iteration 620 / LogL: -1839.850 / Time: 0h:0m:2s (0h:0m:0s left)
Optimizing NNI: done in 0.00296092 secs using 99.9% CPU
Optimizing NNI: done in 0.000808954 secs using 100% CPU
Optimizing NNI: done in 0.000807047 secs using 100.1% CPU
Optimizing NNI: done in 0.000809193 secs using 99.85% CPU
Optimizing NNI: done in 0.000808954 secs using 100% CPU
Optimizing NNI: done in 0.00196695 secs using 100% CPU
Optimizing NNI: done in 0.000808954 secs using 100% CPU
Optimizing NNI: done in 0.000808954 secs using 100% CPU
Optimizing NNI: done in 0.000808001 secs using 100.1% CPU
Optimizing NNI: done in 0.00196695 secs using 99.95% CPU
Iteration 630 / LogL: -1839.852 / Time: 0h:0m:2s (0h:0m:0s left)
Optimizing NNI: done in 0.000816822 secs using 99.65% CPU
Optimizing NNI: done in 0.00169301 secs using 99.94% CPU
Optimizing NNI: done in 0.000807047 secs using 99.99% CPU
Optimizing NNI: done in 0.00171709 secs using 99.99% CPU
Optimizing NNI: done in 0.00197601 secs using 100% CPU
Optimizing NNI: done in 0.000808954 secs using 99.88% CPU
Optimizing NNI: done in 0.000808001 secs using 100% CPU
Optimizing NNI: done in 0.000809193 secs using 99.98% CPU
Optimizing NNI: done in 0.00295496 secs using 100% CPU
Optimizing NNI: done in 0.00170493 secs using 99.95% CPU
Iteration 640 / LogL: -1839.850 / Time: 0h:0m:2s (0h:0m:0s left)
Optimizing NNI: done in 0.0019629 secs using 100% CPU
Optimizing NNI: done in 0.000808954 secs using 100% CPU
Optimizing NNI: done in 0.000808001 secs using 100% CPU
Optimizing NNI: done in 0.0019629 secs using 100% CPU
Optimizing NNI: done in 0.000808954 secs using 100% CPU
Optimizing NNI: done in 0.000808001 secs using 100% CPU
Optimizing NNI: done in 0.00170684 secs using 99.83% CPU
Optimizing NNI: done in 0.000813007 secs using 100% CPU
Optimizing NNI: done in 0.000818014 secs using 99.63% CPU
Optimizing NNI: done in 0.00292301 secs using 100% CPU
Iteration 650 / LogL: -1839.853 / Time: 0h:0m:2s (0h:0m:0s left)
Log-likelihood cutoff on original alignment: -1840.062
Optimizing NNI: done in 0.000837088 secs using 99.87% CPU
Optimizing NNI: done in 0.000808954 secs using 100% CPU
Optimizing NNI: done in 0.0008111 secs using 99.99% CPU
Optimizing NNI: done in 0.000808001 secs using 100% CPU
Optimizing NNI: done in 0.0008111 secs using 99.86% CPU
Optimizing NNI: done in 0.00081706 secs using 99.5% CPU
Optimizing NNI: done in 0.00081706 secs using 99.38% CPU
Optimizing NNI: done in 0.000813007 secs using 99.88% CPU
Optimizing NNI: done in 0.00081706 secs using 99.75% CPU
Optimizing NNI: done in 0.000813007 secs using 100% CPU
Iteration 660 / LogL: -1839.850 / Time: 0h:0m:2s (0h:0m:0s left)
Optimizing NNI: done in 0.000810862 secs using 100% CPU
Optimizing NNI: done in 0.00198412 secs using 99.84% CPU
Optimizing NNI: done in 0.0008111 secs using 99.86% CPU
Optimizing NNI: done in 0.000810146 secs using 99.98% CPU
Optimizing NNI: done in 0.000808001 secs using 100% CPU
Optimizing NNI: done in 0.0029428 secs using 100% CPU
Optimizing NNI: done in 0.000808001 secs using 100% CPU
Optimizing NNI: done in 0.00170016 secs using 100% CPU
Optimizing NNI: done in 0.00295901 secs using 100% CPU
Optimizing NNI: done in 0.000810146 secs using 100.1% CPU
Iteration 670 / LogL: -1839.850 / Time: 0h:0m:2s (0h:0m:0s left)
Optimizing NNI: done in 0.000808001 secs using 99.88% CPU
Optimizing NNI: done in 0.000808001 secs using 99.88% CPU
Optimizing NNI: done in 0.00196314 secs using 99.94% CPU
Optimizing NNI: done in 0.000808954 secs using 99.88% CPU
Optimizing NNI: done in 0.00292397 secs using 100% CPU
Optimizing NNI: done in 0.00170803 secs using 99.82% CPU
Optimizing NNI: done in 0.00169492 secs using 100% CPU
Optimizing NNI: done in 0.000807047 secs using 99.99% CPU
Optimizing NNI: done in 0.000809908 secs using 99.89% CPU
Optimizing NNI: done in 0.000807047 secs using 99.87% CPU
Iteration 680 / LogL: -1839.850 / Time: 0h:0m:2s (0h:0m:0s left)
Optimizing NNI: done in 0.000806093 secs using 99.99% CPU
Optimizing NNI: done in 0.000806808 secs using 100% CPU
Optimizing NNI: done in 0.000807047 secs using 100.1% CPU
Optimizing NNI: done in 0.00169182 secs using 100% CPU
Optimizing NNI: done in 0.00171518 secs using 100% CPU
Optimizing NNI: done in 0.000809908 secs using 100% CPU
Optimizing NNI: done in 0.00170898 secs using 100% CPU
Optimizing NNI: done in 0.000816822 secs using 99.65% CPU
Optimizing NNI: done in 0.00170493 secs using 100% CPU
Optimizing NNI: done in 0.001966 secs using 99.95% CPU
Iteration 690 / LogL: -1839.852 / Time: 0h:0m:2s (0h:0m:0s left)
Optimizing NNI: done in 0.00195718 secs using 99.99% CPU
Optimizing NNI: done in 0.000807047 secs using 99.99% CPU
Optimizing NNI: done in 0.00169992 secs using 100% CPU
Optimizing NNI: done in 0.00196695 secs using 100.1% CPU
Optimizing NNI: done in 0.00170684 secs using 100% CPU
Optimizing NNI: done in 0.000808001 secs using 99.88% CPU
Optimizing NNI: done in 0.00169206 secs using 100% CPU
Optimizing NNI: done in 0.000808954 secs using 100% CPU
Optimizing NNI: done in 0.000808954 secs using 100% CPU
Optimizing NNI: done in 0.000806093 secs using 99.99% CPU
Iteration 700 / LogL: -1839.850 / Time: 0h:0m:3s (0h:0m:0s left)
Log-likelihood cutoff on original alignment: -1840.062
NOTE: Bootstrap correlation coefficient of split occurrence frequencies: 0.954
NOTE: UFBoot does not converge, continue at least 100 more iterations
Optimizing NNI: done in 0.000833035 secs using 100% CPU
Optimizing NNI: done in 0.00169396 secs using 100% CPU
Optimizing NNI: done in 0.001683 secs using 100% CPU
Optimizing NNI: done in 0.000805855 secs using 100.1% CPU
Optimizing NNI: done in 0.000808001 secs using 100% CPU
Optimizing NNI: done in 0.0016911 secs using 99.99% CPU
Optimizing NNI: done in 0.00197601 secs using 100% CPU
Optimizing NNI: done in 0.000808954 secs using 100.1% CPU
Optimizing NNI: done in 0.000818968 secs using 99.52% CPU
Optimizing NNI: done in 0.000808001 secs using 100% CPU
Iteration 710 / LogL: -1839.850 / Time: 0h:0m:3s (0h:0m:0s left)
Optimizing NNI: done in 0.00169921 secs using 99.99% CPU
Optimizing NNI: done in 0.000802994 secs using 100% CPU
Optimizing NNI: done in 0.000808954 secs using 100% CPU
Optimizing NNI: done in 0.00170493 secs using 100% CPU
Optimizing NNI: done in 0.000807047 secs using 99.99% CPU
Optimizing NNI: done in 0.00080514 secs using 99.98% CPU
Optimizing NNI: done in 0.000806808 secs using 100.1% CPU
Optimizing NNI: done in 0.000804901 secs using 99.89% CPU
Optimizing NNI: done in 0.000806808 secs using 99.9% CPU
Optimizing NNI: done in 0.000803947 secs using 100% CPU
Iteration 720 / LogL: -1839.850 / Time: 0h:0m:3s (0h:0m:0s left)
Optimizing NNI: done in 0.00197005 secs using 100% CPU
Optimizing NNI: done in 0.000804901 secs using 100% CPU
Optimizing NNI: done in 0.000806093 secs using 99.99% CPU
Optimizing NNI: done in 0.000803947 secs using 99.88% CPU
Optimizing NNI: done in 0.00169802 secs using 100% CPU
Optimizing NNI: done in 0.000804901 secs using 99.89% CPU
Optimizing NNI: done in 0.0017159 secs using 100% CPU
Optimizing NNI: done in 0.00293994 secs using 100% CPU
Optimizing NNI: done in 0.000804901 secs using 100% CPU
Optimizing NNI: done in 0.000807047 secs using 99.99% CPU
Iteration 730 / LogL: -1839.850 / Time: 0h:0m:3s (0h:0m:0s left)
Optimizing NNI: done in 0.000804901 secs using 99.89% CPU
Optimizing NNI: done in 0.000805855 secs using 99.89% CPU
Optimizing NNI: done in 0.000802994 secs using 99.88% CPU
Optimizing NNI: done in 0.000807047 secs using 99.99% CPU
Optimizing NNI: done in 0.000803947 secs using 100.1% CPU
Optimizing NNI: done in 0.000805855 secs using 100.1% CPU
Optimizing NNI: done in 0.000804901 secs using 100% CPU
Optimizing NNI: done in 0.000805855 secs using 100% CPU
Optimizing NNI: done in 0.000802994 secs using 100% CPU
Optimizing NNI: done in 0.000807047 secs using 99.99% CPU
Iteration 740 / LogL: -1839.850 / Time: 0h:0m:3s (0h:0m:0s left)
Optimizing NNI: done in 0.000803947 secs using 99.88% CPU
Optimizing NNI: done in 0.000806093 secs using 99.99% CPU
Optimizing NNI: done in 0.0016911 secs using 99.99% CPU
Optimizing NNI: done in 0.00295806 secs using 99.9% CPU
Optimizing NNI: done in 0.000808001 secs using 100% CPU
Optimizing NNI: done in 0.00081706 secs using 99.75% CPU
Optimizing NNI: done in 0.000808001 secs using 99.88% CPU
Optimizing NNI: done in 0.000815868 secs using 99.65% CPU
Optimizing NNI: done in 0.000808001 secs using 100% CPU
Optimizing NNI: done in 0.00197005 secs using 100% CPU
Iteration 750 / LogL: -1839.852 / Time: 0h:0m:3s (0h:0m:0s left)
Log-likelihood cutoff on original alignment: -1840.062
Optimizing NNI: done in 0.000837088 secs using 99.75% CPU
Optimizing NNI: done in 0.00081706 secs using 99.63% CPU
Optimizing NNI: done in 0.000814915 secs using 100% CPU
Optimizing NNI: done in 0.00170493 secs using 99.83% CPU
Optimizing NNI: done in 0.000808001 secs using 100.1% CPU
Optimizing NNI: done in 0.000807047 secs using 99.87% CPU
Optimizing NNI: done in 0.000807047 secs using 99.87% CPU
Optimizing NNI: done in 0.000805855 secs using 100% CPU
Optimizing NNI: done in 0.00169802 secs using 100.1% CPU
Optimizing NNI: done in 0.000807047 secs using 100.1% CPU
Iteration 760 / LogL: -1839.850 / Time: 0h:0m:3s (0h:0m:0s left)
Optimizing NNI: done in 0.00196004 secs using 100% CPU
Optimizing NNI: done in 0.00080514 secs using 99.98% CPU
Optimizing NNI: done in 0.000805855 secs using 100% CPU
Optimizing NNI: done in 0.000806093 secs using 99.99% CPU
Optimizing NNI: done in 0.000806093 secs using 99.99% CPU
Optimizing NNI: done in 0.000805855 secs using 99.89% CPU
Optimizing NNI: done in 0.000806093 secs using 99.99% CPU
Optimizing NNI: done in 0.000805855 secs using 99.89% CPU
Optimizing NNI: done in 0.00169301 secs using 100% CPU
Optimizing NNI: done in 0.00170183 secs using 99.83% CPU
Iteration 770 / LogL: -1839.850 / Time: 0h:0m:3s (0h:0m:0s left)
Optimizing NNI: done in 0.00169802 secs using 100% CPU
Optimizing NNI: done in 0.000805855 secs using 100% CPU
Optimizing NNI: done in 0.000805855 secs using 100% CPU
Optimizing NNI: done in 0.00294399 secs using 99.97% CPU
Optimizing NNI: done in 0.000808001 secs using 100.1% CPU
Optimizing NNI: done in 0.000805855 secs using 99.89% CPU
Optimizing NNI: done in 0.0029211 secs using 99.89% CPU
Optimizing NNI: done in 0.00290799 secs using 100% CPU
Optimizing NNI: done in 0.001966 secs using 99.95% CPU
Optimizing NNI: done in 0.000808001 secs using 100.1% CPU
Iteration 780 / LogL: -1839.850 / Time: 0h:0m:3s (0h:0m:0s left)
Optimizing NNI: done in 0.000813007 secs using 99.75% CPU
Optimizing NNI: done in 0.000808954 secs using 99.88% CPU
Optimizing NNI: done in 0.00081706 secs using 99.5% CPU
Optimizing NNI: done in 0.00197601 secs using 100% CPU
Optimizing NNI: done in 0.00196695 secs using 100% CPU
Optimizing NNI: done in 0.000806093 secs using 99.99% CPU
Optimizing NNI: done in 0.001966 secs using 100% CPU
Optimizing NNI: done in 0.00080514 secs using 99.98% CPU
Optimizing NNI: done in 0.000805855 secs using 100% CPU
Optimizing NNI: done in 0.000804901 secs using 100.1% CPU
Iteration 790 / LogL: -1839.850 / Time: 0h:0m:3s (0h:0m:0s left)
Optimizing NNI: done in 0.00169683 secs using 100% CPU
Optimizing NNI: done in 0.000808954 secs using 99.88% CPU
Optimizing NNI: done in 0.00291896 secs using 99.9% CPU
Optimizing NNI: done in 0.00169492 secs using 100% CPU
Optimizing NNI: done in 0.000805855 secs using 99.89% CPU
Optimizing NNI: done in 0.0017128 secs using 100% CPU
Optimizing NNI: done in 0.00195885 secs using 100.1% CPU
Optimizing NNI: done in 0.000806093 secs using 99.99% CPU
Optimizing NNI: done in 0.00196695 secs using 100.1% CPU
Optimizing NNI: done in 0.000808001 secs using 100% CPU
Iteration 800 / LogL: -1839.850 / Time: 0h:0m:3s (0h:0m:0s left)
Log-likelihood cutoff on original alignment: -1840.062
NOTE: Bootstrap correlation coefficient of split occurrence frequencies: 0.981
NOTE: UFBoot does not converge, continue at least 100 more iterations
Optimizing NNI: done in 0.001724 secs using 100% CPU
Optimizing NNI: done in 0.001683 secs using 100% CPU
Optimizing NNI: done in 0.000806093 secs using 99.99% CPU
Optimizing NNI: done in 0.00168705 secs using 100% CPU
Optimizing NNI: done in 0.000805855 secs using 100% CPU
Optimizing NNI: done in 0.000808001 secs using 100% CPU
Optimizing NNI: done in 0.000808001 secs using 100.1% CPU
Optimizing NNI: done in 0.00197601 secs using 100% CPU
Optimizing NNI: done in 0.00171709 secs using 99.76% CPU
Optimizing NNI: done in 0.00195789 secs using 100% CPU
Iteration 810 / LogL: -1839.852 / Time: 0h:0m:3s (0h:0m:0s left)
Optimizing NNI: done in 0.00171494 secs using 100% CPU
Optimizing NNI: done in 0.000808001 secs using 100% CPU
Optimizing NNI: done in 0.000809908 secs using 100% CPU
Optimizing NNI: done in 0.000807047 secs using 100.1% CPU
Optimizing NNI: done in 0.000808001 secs using 100% CPU
Optimizing NNI: done in 0.00170898 secs using 99.83% CPU
Optimizing NNI: done in 0.0029161 secs using 100% CPU
Optimizing NNI: done in 0.000808001 secs using 99.88% CPU
Optimizing NNI: done in 0.000808954 secs using 99.88% CPU
Optimizing NNI: done in 0.00196385 secs using 100% CPU
Iteration 820 / LogL: -1839.852 / Time: 0h:0m:3s (0h:0m:0s left)
Optimizing NNI: done in 0.00080514 secs using 99.98% CPU
Optimizing NNI: done in 0.00170708 secs using 99.76% CPU
Optimizing NNI: done in 0.000809908 secs using 99.89% CPU
Optimizing NNI: done in 0.00081706 secs using 99.63% CPU
Optimizing NNI: done in 0.000810146 secs using 99.98% CPU
Optimizing NNI: done in 0.0008111 secs using 99.99% CPU
Optimizing NNI: done in 0.000818014 secs using 99.63% CPU
Optimizing NNI: done in 0.000811815 secs using 100% CPU
Optimizing NNI: done in 0.000812054 secs using 99.99% CPU
Optimizing NNI: done in 0.00198507 secs using 99.85% CPU
Iteration 830 / LogL: -1839.852 / Time: 0h:0m:3s (0h:0m:0s left)
Optimizing NNI: done in 0.00196695 secs using 100% CPU
Optimizing NNI: done in 0.00196815 secs using 99.79% CPU
Optimizing NNI: done in 0.000810146 secs using 99.86% CPU
Optimizing NNI: done in 0.00170684 secs using 99.83% CPU
Optimizing NNI: done in 0.002949 secs using 100% CPU
Optimizing NNI: done in 0.000805855 secs using 100% CPU
Optimizing NNI: done in 0.00170302 secs using 99.94% CPU
Optimizing NNI: done in 0.000818014 secs using 99.63% CPU
Optimizing NNI: done in 0.000812054 secs using 99.87% CPU
Optimizing NNI: done in 0.00197983 secs using 99.91% CPU
Iteration 840 / LogL: -1839.852 / Time: 0h:0m:3s (0h:0m:0s left)
Optimizing NNI: done in 0.00291085 secs using 100% CPU
Optimizing NNI: done in 0.000806093 secs using 99.86% CPU
Optimizing NNI: done in 0.000808001 secs using 100.1% CPU
Optimizing NNI: done in 0.0017221 secs using 99.88% CPU
Optimizing NNI: done in 0.0019722 secs using 99.99% CPU
Optimizing NNI: done in 0.000808001 secs using 99.88% CPU
Optimizing NNI: done in 0.00169897 secs using 99.94% CPU
Optimizing NNI: done in 0.00195885 secs using 100% CPU
Optimizing NNI: done in 0.000809908 secs using 100% CPU
Optimizing NNI: done in 0.000808001 secs using 100.1% CPU
Iteration 850 / LogL: -1839.850 / Time: 0h:0m:3s (0h:0m:0s left)
Log-likelihood cutoff on original alignment: -1840.062
Optimizing NNI: done in 0.000833035 secs using 100% CPU
Optimizing NNI: done in 0.000810862 secs using 99.89% CPU
Optimizing NNI: done in 0.000808954 secs using 99.88% CPU
Optimizing NNI: done in 0.000810146 secs using 99.86% CPU
Optimizing NNI: done in 0.000806808 secs using 100% CPU
Optimizing NNI: done in 0.00170207 secs using 100% CPU
Optimizing NNI: done in 0.000808001 secs using 100.1% CPU
Optimizing NNI: done in 0.0017159 secs using 100.1% CPU
Optimizing NNI: done in 0.00295496 secs using 100% CPU
Optimizing NNI: done in 0.00196505 secs using 100% CPU
Iteration 860 / LogL: -1839.852 / Time: 0h:0m:3s (0h:0m:0s left)
Optimizing NNI: done in 0.000802994 secs using 100.1% CPU
Optimizing NNI: done in 0.00171208 secs using 99.94% CPU
Optimizing NNI: done in 0.00169611 secs using 99.99% CPU
Optimizing NNI: done in 0.000804186 secs using 100.1% CPU
Optimizing NNI: done in 0.000806093 secs using 99.99% CPU
Optimizing NNI: done in 0.000805855 secs using 100% CPU
Optimizing NNI: done in 0.00169086 secs using 100% CPU
Optimizing NNI: done in 0.000802994 secs using 100% CPU
Optimizing NNI: done in 0.000806093 secs using 99.99% CPU
Optimizing NNI: done in 0.00080514 secs using 99.98% CPU
Iteration 870 / LogL: -1839.850 / Time: 0h:0m:3s (0h:0m:0s left)
Optimizing NNI: done in 0.00169277 secs using 99.95% CPU
Optimizing NNI: done in 0.000803947 secs using 100% CPU
Optimizing NNI: done in 0.000806093 secs using 99.99% CPU
Optimizing NNI: done in 0.000804186 secs using 99.98% CPU
Optimizing NNI: done in 0.00196791 secs using 99.9% CPU
Optimizing NNI: done in 0.000808954 secs using 100% CPU
Optimizing NNI: done in 0.000816107 secs using 99.62% CPU
Optimizing NNI: done in 0.000808001 secs using 100.1% CPU
Optimizing NNI: done in 0.00196505 secs using 100% CPU
Optimizing NNI: done in 0.000803947 secs using 100% CPU
Iteration 880 / LogL: -1839.850 / Time: 0h:0m:3s (0h:0m:0s left)
Optimizing NNI: done in 0.00080514 secs using 99.98% CPU
Optimizing NNI: done in 0.000804901 secs using 100% CPU
Optimizing NNI: done in 0.000803947 secs using 100.1% CPU
Optimizing NNI: done in 0.000803947 secs using 99.88% CPU
Optimizing NNI: done in 0.00080514 secs using 99.98% CPU
Optimizing NNI: done in 0.000803947 secs using 100% CPU
Optimizing NNI: done in 0.000803947 secs using 100% CPU
Optimizing NNI: done in 0.000806093 secs using 99.86% CPU
Optimizing NNI: done in 0.000803947 secs using 100.1% CPU
Optimizing NNI: done in 0.000806093 secs using 99.99% CPU
Iteration 890 / LogL: -1839.850 / Time: 0h:0m:3s (0h:0m:0s left)
Optimizing NNI: done in 0.00080514 secs using 99.98% CPU
Optimizing NNI: done in 0.00170898 secs using 100% CPU
Optimizing NNI: done in 0.000807047 secs using 99.87% CPU
Optimizing NNI: done in 0.000804901 secs using 100% CPU
Optimizing NNI: done in 0.00292301 secs using 99.9% CPU
Optimizing NNI: done in 0.000804901 secs using 100% CPU
Optimizing NNI: done in 0.000807047 secs using 99.87% CPU
Optimizing NNI: done in 0.00169897 secs using 100% CPU
Optimizing NNI: done in 0.000807047 secs using 99.99% CPU
Optimizing NNI: done in 0.000807047 secs using 100.1% CPU
Iteration 900 / LogL: -1839.850 / Time: 0h:0m:3s (0h:0m:0s left)
Log-likelihood cutoff on original alignment: -1840.062
NOTE: Bootstrap correlation coefficient of split occurrence frequencies: 0.967
NOTE: UFBoot does not converge, continue at least 100 more iterations
Optimizing NNI: done in 0.000833988 secs using 99.88% CPU
Optimizing NNI: done in 0.000808001 secs using 100% CPU
Optimizing NNI: done in 0.000806093 secs using 99.99% CPU
Optimizing NNI: done in 0.000804901 secs using 100% CPU
Optimizing NNI: done in 0.00196314 secs using 99.94% CPU
Optimizing NNI: done in 0.000804901 secs using 100% CPU
Optimizing NNI: done in 0.00169396 secs using 99.94% CPU
Optimizing NNI: done in 0.000809193 secs using 99.98% CPU
Optimizing NNI: done in 0.000806093 secs using 99.99% CPU
Optimizing NNI: done in 0.00171399 secs using 100.1% CPU
Iteration 910 / LogL: -1839.850 / Time: 0h:0m:3s (0h:0m:0s left)
Optimizing NNI: done in 0.00169301 secs using 100% CPU
Optimizing NNI: done in 0.00197196 secs using 100% CPU
Optimizing NNI: done in 0.000807047 secs using 99.87% CPU
Optimizing NNI: done in 0.00170493 secs using 99.89% CPU
Optimizing NNI: done in 0.00197315 secs using 100% CPU
Optimizing NNI: done in 0.000806093 secs using 99.86% CPU
Optimizing NNI: done in 0.000803947 secs using 100.1% CPU
Optimizing NNI: done in 0.000803947 secs using 100% CPU
Optimizing NNI: done in 0.002913 secs using 100% CPU
Optimizing NNI: done in 0.00170183 secs using 100% CPU
Iteration 920 / LogL: -1839.850 / Time: 0h:0m:4s (0h:0m:0s left)
Optimizing NNI: done in 0.000818014 secs using 99.63% CPU
Optimizing NNI: done in 0.0008111 secs using 99.99% CPU
Optimizing NNI: done in 0.000812054 secs using 99.99% CPU
Optimizing NNI: done in 0.000816822 secs using 99.65% CPU
Optimizing NNI: done in 0.000805855 secs using 100% CPU
Optimizing NNI: done in 0.00169492 secs using 100.1% CPU
Optimizing NNI: done in 0.00295782 secs using 100% CPU
Optimizing NNI: done in 0.00197101 secs using 100% CPU
Optimizing NNI: done in 0.000804901 secs using 100.1% CPU
Optimizing NNI: done in 0.000804901 secs using 100.1% CPU
Iteration 930 / LogL: -1839.850 / Time: 0h:0m:4s (0h:0m:0s left)
Optimizing NNI: done in 0.000803947 secs using 100.1% CPU
Optimizing NNI: done in 0.001683 secs using 100.1% CPU
Optimizing NNI: done in 0.000807047 secs using 99.99% CPU
Optimizing NNI: done in 0.000803947 secs using 100.1% CPU
Optimizing NNI: done in 0.000803947 secs using 100.1% CPU
Optimizing NNI: done in 0.000803947 secs using 100% CPU
Optimizing NNI: done in 0.000803947 secs using 100.1% CPU
Optimizing NNI: done in 0.000806093 secs using 99.86% CPU
Optimizing NNI: done in 0.00080514 secs using 100.1% CPU
Optimizing NNI: done in 0.00080514 secs using 99.86% CPU
Iteration 940 / LogL: -1839.850 / Time: 0h:0m:4s (0h:0m:0s left)
Optimizing NNI: done in 0.000803947 secs using 100% CPU
Optimizing NNI: done in 0.00169396 secs using 100% CPU
Optimizing NNI: done in 0.00198507 secs using 99.9% CPU
Optimizing NNI: done in 0.00294304 secs using 99.96% CPU
Optimizing NNI: done in 0.000804901 secs using 100% CPU
Optimizing NNI: done in 0.00196791 secs using 100.1% CPU
Optimizing NNI: done in 0.00168514 secs using 100.1% CPU
Optimizing NNI: done in 0.00170922 secs using 99.99% CPU
Optimizing NNI: done in 0.00196385 secs using 100% CPU
Optimizing NNI: done in 0.000804901 secs using 100% CPU
Iteration 950 / LogL: -1839.850 / Time: 0h:0m:4s (0h:0m:0s left)
Log-likelihood cutoff on original alignment: -1840.062
Optimizing NNI: done in 0.000835896 secs using 100% CPU
Optimizing NNI: done in 0.000808954 secs using 100% CPU
Optimizing NNI: done in 0.000808954 secs using 100% CPU
Optimizing NNI: done in 0.00171709 secs using 99.99% CPU
Optimizing NNI: done in 0.000804901 secs using 100% CPU
Optimizing NNI: done in 0.00196099 secs using 100% CPU
Optimizing NNI: done in 0.000808001 secs using 99.88% CPU
Optimizing NNI: done in 0.000803947 secs using 100.1% CPU
Optimizing NNI: done in 0.00197506 secs using 99.95% CPU
Optimizing NNI: done in 0.00080514 secs using 99.86% CPU
Iteration 960 / LogL: -1839.850 / Time: 0h:0m:4s (0h:0m:0s left)
Optimizing NNI: done in 0.000803947 secs using 100% CPU
Optimizing NNI: done in 0.000803947 secs using 100% CPU
Optimizing NNI: done in 0.001966 secs using 99.8% CPU
Optimizing NNI: done in 0.000809908 secs using 100% CPU
Optimizing NNI: done in 0.00296092 secs using 99.9% CPU
Optimizing NNI: done in 0.000807047 secs using 99.99% CPU
Optimizing NNI: done in 0.000807047 secs using 99.99% CPU
Optimizing NNI: done in 0.000807047 secs using 99.99% CPU
Optimizing NNI: done in 0.000808954 secs using 99.88% CPU
Optimizing NNI: done in 0.000804901 secs using 99.89% CPU
Iteration 970 / LogL: -1839.850 / Time: 0h:0m:4s (0h:0m:0s left)
Optimizing NNI: done in 0.000806093 secs using 99.86% CPU
Optimizing NNI: done in 0.000807047 secs using 99.99% CPU
Optimizing NNI: done in 0.000808001 secs using 100% CPU
Optimizing NNI: done in 0.00296283 secs using 99.9% CPU
Optimizing NNI: done in 0.000808001 secs using 99.88% CPU
Optimizing NNI: done in 0.0016942 secs using 99.93% CPU
Optimizing NNI: done in 0.00168705 secs using 100% CPU
Optimizing NNI: done in 0.000808001 secs using 99.88% CPU
Optimizing NNI: done in 0.000806808 secs using 100% CPU
Optimizing NNI: done in 0.00196505 secs using 99.9% CPU
Iteration 980 / LogL: -1839.852 / Time: 0h:0m:4s (0h:0m:0s left)
Optimizing NNI: done in 0.00169587 secs using 100% CPU
Optimizing NNI: done in 0.000808001 secs using 99.88% CPU
Optimizing NNI: done in 0.000805855 secs using 100.1% CPU
Optimizing NNI: done in 0.000808001 secs using 100% CPU
Optimizing NNI: done in 0.000805855 secs using 100.1% CPU
Optimizing NNI: done in 0.00292301 secs using 100% CPU
Optimizing NNI: done in 0.000813007 secs using 99.63% CPU
Optimizing NNI: done in 0.0029552 secs using 99.96% CPU
Optimizing NNI: done in 0.001966 secs using 99.95% CPU
Optimizing NNI: done in 0.000803947 secs using 100.1% CPU
Iteration 990 / LogL: -1839.850 / Time: 0h:0m:4s (0h:0m:0s left)
Optimizing NNI: done in 0.000802994 secs using 100% CPU
Optimizing NNI: done in 0.00170183 secs using 99.77% CPU
Optimizing NNI: done in 0.000804901 secs using 100% CPU
Optimizing NNI: done in 0.00080514 secs using 99.86% CPU
Optimizing NNI: done in 0.00170779 secs using 99.95% CPU
Optimizing NNI: done in 0.00195599 secs using 100% CPU
Optimizing NNI: done in 0.000804901 secs using 100% CPU
Optimizing NNI: done in 0.00169396 secs using 100% CPU
Optimizing NNI: done in 0.000813961 secs using 99.64% CPU
Optimizing NNI: done in 0.001683 secs using 100% CPU
Iteration 1000 / LogL: -1839.850 / Time: 0h:0m:4s (0h:0m:0s left)
Log-likelihood cutoff on original alignment: -1840.062
NOTE: Bootstrap correlation coefficient of split occurrence frequencies: 0.984
NOTE: UFBoot does not converge, continue at least 100 more iterations
Optimizing NNI: done in 0.000834942 secs using 100% CPU
WARNING: bootstrap analysis did not converge. You should rerun with higher number of iterations (-nm option)
TREE SEARCH COMPLETED AFTER 1001 ITERATIONS / Time: 0h:0m:4s

--------------------------------------------------------------------
|                    FINALIZING TREE SEARCH                        |
--------------------------------------------------------------------
Performs final model parameters optimization
Estimate model parameters (epsilon = 0.010)
1. Initial log-likelihood: -1839.850
Optimal log-likelihood: -1839.850
Parameters optimization took 1 rounds (0.001 sec)
BEST SCORE FOUND : -1839.850

Testing tree branches by SH-like aLRT with 1000 replicates...
0.028 sec.
Creating bootstrap support values...
Split supports printed to NEXUS file ../results/molecular_evolution_analyses/phylogenetic_trees/F109500_MLIG_G1/F109500_MLIG_G1.splits.nex
Total tree length: 0.365

Total number of iterations: 1001
CPU time used for tree search: 4.573 sec (0h:0m:4s)
Wall-clock time used for tree search: 4.386 sec (0h:0m:4s)
Total CPU time used: 4.629 sec (0h:0m:4s)
Total wall-clock time used: 4.442 sec (0h:0m:4s)

Computing bootstrap consensus tree...
Reading input file ../results/molecular_evolution_analyses/phylogenetic_trees/F109500_MLIG_G1/F109500_MLIG_G1.splits.nex...
6 taxa and 17 splits.
Consensus tree written to ../results/molecular_evolution_analyses/phylogenetic_trees/F109500_MLIG_G1/F109500_MLIG_G1.contree
Reading input trees file ../results/molecular_evolution_analyses/phylogenetic_trees/F109500_MLIG_G1/F109500_MLIG_G1.contree
Log-likelihood of consensus tree: -1839.854

Analysis results written to: 
  IQ-TREE report:                ../results/molecular_evolution_analyses/phylogenetic_trees/F109500_MLIG_G1/F109500_MLIG_G1.iqtree
  Maximum-likelihood tree:       ../results/molecular_evolution_analyses/phylogenetic_trees/F109500_MLIG_G1/F109500_MLIG_G1.treefile
  Likelihood distances:          ../results/molecular_evolution_analyses/phylogenetic_trees/F109500_MLIG_G1/F109500_MLIG_G1.mldist

Ultrafast bootstrap approximation results written to:
  Split support values:          ../results/molecular_evolution_analyses/phylogenetic_trees/F109500_MLIG_G1/F109500_MLIG_G1.splits.nex
  Consensus tree:                ../results/molecular_evolution_analyses/phylogenetic_trees/F109500_MLIG_G1/F109500_MLIG_G1.contree
  Screen log file:               ../results/molecular_evolution_analyses/phylogenetic_trees/F109500_MLIG_G1/F109500_MLIG_G1.log

Date and Time: Wed May  1 10:16:14 2024
