IQ-TREE multicore version 2.2.2.6 COVID-edition for Linux 64-bit built May 27 2023
Developed by Bui Quang Minh, James Barbetti, Nguyen Lam Tung,
Olga Chernomor, Heiko Schmidt, Dominik Schrempf, Michael Woodhams, Ly Trong Nhan.

Host:    lbc5 (AVX2, FMA3, 125 GB RAM)
Command: /home/mauricio/mauricio_PROGRAMAS/iqtree-2.2.2.6-Linux/bin/iqtree2 -s ../results/molecular_evolution_analyses/alignments_gblocks/F119543_MLIG_G1/F119543_MLIG_G1.aln.gblo -m TEST --threads-max 32 --alrt 1000 --ufboot 1000 --prefix ../results/molecular_evolution_analyses/phylogenetic_trees/F119543_MLIG_G1/F119543_MLIG_G1 -keep-ident -redo
Seed:    513507 (Using SPRNG - Scalable Parallel Random Number Generator)
Time:    Wed May  1 09:29:53 2024
Kernel:  AVX+FMA - 1 threads (32 CPU cores detected)

HINT: Use -nt option to specify number of threads because your CPU has 32 cores!
HINT: -nt AUTO will automatically determine the best number of threads to use.

Reading alignment file ../results/molecular_evolution_analyses/alignments_gblocks/F119543_MLIG_G1/F119543_MLIG_G1.aln.gblo ... Fasta format detected
Reading fasta file: done in 7.39098e-05 secs using 98.77% CPU
Alignment most likely contains protein sequences
Constructing alignment: done in 0.000288963 secs using 100% CPU
Alignment has 6 sequences with 273 columns, 108 distinct patterns
121 parsimony-informative, 7 singleton sites, 145 constant sites
            Gap/Ambiguity  Composition  p-value
Analyzing sequences: done in 9.05991e-06 secs using 99.34% CPU
   1  Mlig.7772     0.00%    passed     99.09%
   2  Mlig.16760    0.00%    passed     97.96%
   3  Mlig.24248    0.00%    passed    100.00%
   4  Mlig.26507    0.00%    passed    100.00%
   5  Mlig.26508    0.00%    passed    100.00%
   6  Mlig.37423    0.00%    passed    100.00%
****  TOTAL         0.00%  0 sequences failed composition chi2 test (p-value<5%; df=19)


Create initial parsimony tree by phylogenetic likelihood library (PLL)... 0.000 seconds
Perform fast likelihood tree search using LG+I+G model...
Estimate model parameters (epsilon = 5.000)
Perform nearest neighbor interchange...
Optimizing NNI: done in 0.00633502 secs using 100% CPU
Estimate model parameters (epsilon = 1.000)
1. Initial log-likelihood: -1353.229
Optimal log-likelihood: -1352.991
Proportion of invariable sites: 0.257
Gamma shape alpha: 998.670
Parameters optimization took 1 rounds (0.006 sec)
Time for fast ML tree search: 0.027 seconds

NOTE: ModelFinder requires 0 MB RAM!
ModelFinder will test up to 224 protein models (sample size: 273) ...
 No. Model         -LnL         df  AIC          AICc         BIC
  1  LG            1352.619     9   2723.237     2723.922     2755.722
  2  LG+I          1352.266     10  2724.532     2725.372     2760.627
  3  LG+G4         1351.944     10  2723.889     2724.729     2759.984
  4  LG+I+G4       1352.789     11  2727.578     2728.589     2767.282
  5  LG+F          1328.861     28  2713.722     2720.377     2814.787
  6  LG+F+I        1327.614     29  2713.228     2720.388     2817.902
  7  LG+F+G4       1326.997     29  2711.994     2719.155     2816.669
  9  WAG           1350.302     9   2718.605     2719.289     2751.090
 10  WAG+I         1350.302     10  2720.604     2721.444     2756.699
 11  WAG+G4        1350.312     10  2720.624     2721.464     2756.719
 13  WAG+F         1325.673     28  2707.347     2714.003     2808.412
 14  WAG+F+I       1325.625     29  2709.250     2716.411     2813.925
 15  WAG+F+G4      1325.517     29  2709.033     2716.194     2813.708
 17  JTT           1351.421     9   2720.843     2721.527     2753.328
 18  JTT+I         1350.937     10  2721.874     2722.714     2757.969
 19  JTT+G4        1350.791     10  2721.582     2722.421     2757.676
 21  JTT+F         1327.528     28  2711.056     2717.712     2812.121
 22  JTT+F+I       1326.597     29  2711.193     2718.354     2815.868
 23  JTT+F+G4      1326.344     29  2710.688     2717.849     2815.363
WARNING: Normalizing state frequencies so that sum of them equals to 1
 25  Q.pfam        1352.892     9   2723.785     2724.469     2756.270
WARNING: Normalizing state frequencies so that sum of them equals to 1
 26  Q.pfam+I      1352.783     10  2725.566     2726.406     2761.661
WARNING: Normalizing state frequencies so that sum of them equals to 1
 27  Q.pfam+G4     1352.604     10  2725.208     2726.048     2761.303
WARNING: Normalizing state frequencies so that sum of them equals to 1
 29  Q.pfam+F      1330.970     28  2717.940     2724.596     2819.005
WARNING: Normalizing state frequencies so that sum of them equals to 1
 30  Q.pfam+F+I    1329.736     29  2717.473     2724.633     2822.148
WARNING: Normalizing state frequencies so that sum of them equals to 1
 31  Q.pfam+F+G4   1329.227     29  2716.455     2723.615     2821.130
WARNING: Normalizing state frequencies so that sum of them equals to 1
 33  Q.bird        1376.286     9   2770.573     2771.257     2803.058
WARNING: Normalizing state frequencies so that sum of them equals to 1
 34  Q.bird+I      1369.760     10  2759.520     2760.360     2795.615
WARNING: Normalizing state frequencies so that sum of them equals to 1
 35  Q.bird+G4     1369.058     10  2758.116     2758.956     2794.211
WARNING: Normalizing state frequencies so that sum of them equals to 1
 37  Q.bird+F      1351.679     28  2759.359     2766.015     2860.424
WARNING: Normalizing state frequencies so that sum of them equals to 1
 38  Q.bird+F+I    1342.861     29  2743.721     2750.882     2848.396
WARNING: Normalizing state frequencies so that sum of them equals to 1
 39  Q.bird+F+G4   1340.716     29  2739.433     2746.593     2844.107
WARNING: Normalizing state frequencies so that sum of them equals to 1
 41  Q.mammal      1372.745     9   2763.491     2764.175     2795.976
WARNING: Normalizing state frequencies so that sum of them equals to 1
 42  Q.mammal+I    1369.645     10  2759.290     2760.130     2795.385
WARNING: Normalizing state frequencies so that sum of them equals to 1
 43  Q.mammal+G4   1369.067     10  2758.134     2758.974     2794.229
WARNING: Normalizing state frequencies so that sum of them equals to 1
 45  Q.mammal+F    1345.682     28  2747.363     2754.019     2848.428
WARNING: Normalizing state frequencies so that sum of them equals to 1
 46  Q.mammal+F+I  1340.465     29  2738.930     2746.091     2843.605
WARNING: Normalizing state frequencies so that sum of them equals to 1
 47  Q.mammal+F+G4 1338.929     29  2735.858     2743.019     2840.533
 49  Q.insect      1363.182     9   2744.364     2745.048     2776.849
 50  Q.insect+I    1362.722     10  2745.444     2746.283     2781.538
 51  Q.insect+G4   1362.485     10  2744.970     2745.809     2781.064
 53  Q.insect+F    1327.989     28  2711.978     2718.634     2813.043
 54  Q.insect+F+I  1326.838     29  2711.676     2718.837     2816.351
 55  Q.insect+F+G4 1326.522     29  2711.045     2718.205     2815.719
WARNING: Normalizing state frequencies so that sum of them equals to 1
 57  Q.plant       1361.587     9   2741.174     2741.858     2773.659
WARNING: Normalizing state frequencies so that sum of them equals to 1
 58  Q.plant+I     1356.623     10  2733.246     2734.085     2769.340
WARNING: Normalizing state frequencies so that sum of them equals to 1
 59  Q.plant+G4    1355.762     10  2731.525     2732.364     2767.619
WARNING: Normalizing state frequencies so that sum of them equals to 1
 61  Q.plant+F     1339.159     28  2734.318     2740.973     2835.383
WARNING: Normalizing state frequencies so that sum of them equals to 1
 62  Q.plant+F+I   1332.848     29  2723.696     2730.856     2828.370
WARNING: Normalizing state frequencies so that sum of them equals to 1
 63  Q.plant+F+G4  1331.279     29  2720.558     2727.718     2825.232
WARNING: Normalizing state frequencies so that sum of them equals to 1
 65  Q.yeast       1367.779     9   2753.559     2754.243     2786.044
WARNING: Normalizing state frequencies so that sum of them equals to 1
 66  Q.yeast+I     1367.090     10  2754.181     2755.021     2790.276
WARNING: Normalizing state frequencies so that sum of them equals to 1
 67  Q.yeast+G4    1366.843     10  2753.685     2754.525     2789.780
WARNING: Normalizing state frequencies so that sum of them equals to 1
 69  Q.yeast+F     1327.669     28  2711.339     2717.994     2812.404
WARNING: Normalizing state frequencies so that sum of them equals to 1
 70  Q.yeast+F+I   1326.143     29  2710.287     2717.447     2814.962
WARNING: Normalizing state frequencies so that sum of them equals to 1
 71  Q.yeast+F+G4  1325.811     29  2709.623     2716.783     2814.298
 73  JTTDCMut      1351.309     9   2720.617     2721.302     2753.102
 74  JTTDCMut+I    1350.801     10  2721.601     2722.441     2757.696
 75  JTTDCMut+G4   1350.640     10  2721.280     2722.120     2757.375
 77  JTTDCMut+F    1327.666     28  2711.332     2717.988     2812.397
 78  JTTDCMut+F+I  1326.683     29  2711.366     2718.527     2816.041
 79  JTTDCMut+F+G4 1326.409     29  2710.817     2717.978     2815.492
 81  DCMut         1358.808     9   2735.617     2736.301     2768.102
 82  DCMut+I       1358.593     10  2737.186     2738.025     2773.280
 83  DCMut+G4      1358.455     10  2736.910     2737.750     2773.005
 85  DCMut+F       1324.781     28  2705.561     2712.217     2806.626
 86  DCMut+F+I     1324.125     29  2706.250     2713.410     2810.925
 87  DCMut+F+G4    1323.878     29  2705.756     2712.916     2810.430
 89  VT            1351.563     9   2721.127     2721.811     2753.612
 90  VT+I          1351.563     10  2723.127     2723.967     2759.222
 91  VT+G4         1351.566     10  2723.131     2723.971     2759.226
 93  VT+F          1326.828     28  2709.657     2716.312     2810.722
 94  VT+F+I        1326.828     29  2711.657     2718.817     2816.331
 95  VT+F+G4       1326.829     29  2711.658     2718.819     2816.333
 97  PMB           1349.408     9   2716.817     2717.501     2749.302
 98  PMB+I         1349.408     10  2718.817     2719.656     2754.911
 99  PMB+G4        1349.412     10  2718.824     2719.664     2754.919
101  PMB+F         1331.012     28  2718.024     2724.680     2819.089
102  PMB+F+I       1331.012     29  2720.024     2727.184     2824.699
103  PMB+F+G4      1331.014     29  2720.028     2727.188     2824.702
105  Blosum62      1348.692     9   2715.384     2716.068     2747.869
106  Blosum62+I    1348.692     10  2717.384     2718.223     2753.478
107  Blosum62+G4   1348.695     10  2717.390     2718.230     2753.485
109  Blosum62+F    1328.432     28  2712.864     2719.519     2813.929
110  Blosum62+F+I  1328.432     29  2714.864     2722.024     2819.538
111  Blosum62+F+G4 1328.434     29  2714.867     2722.028     2819.542
113  Dayhoff       1358.850     9   2735.700     2736.384     2768.185
114  Dayhoff+I     1358.613     10  2737.226     2738.066     2773.321
115  Dayhoff+G4    1358.469     10  2736.939     2737.779     2773.034
117  Dayhoff+F     1324.814     28  2705.628     2712.283     2806.693
118  Dayhoff+F+I   1324.128     29  2706.256     2713.416     2810.931
119  Dayhoff+F+G4  1323.873     29  2705.746     2712.906     2810.421
121  mtREV         1399.257     9   2816.514     2817.199     2849.000
122  mtREV+I       1392.173     10  2804.346     2805.186     2840.441
123  mtREV+G4      1390.854     10  2801.708     2802.547     2837.802
125  mtREV+F       1335.893     28  2727.786     2734.442     2828.851
126  mtREV+F+I     1331.339     29  2720.679     2727.839     2825.354
127  mtREV+F+G4    1330.114     29  2718.228     2725.389     2822.903
129  mtART         1416.684     9   2851.367     2852.052     2883.853
130  mtART+I       1395.408     10  2810.816     2811.656     2846.911
131  mtART+G4      1392.006     10  2804.012     2804.852     2840.107
133  mtART+F       1365.733     28  2787.467     2794.122     2888.532
134  mtART+F+I     1350.984     29  2759.968     2767.128     2864.642
135  mtART+F+G4    1345.187     29  2748.373     2755.534     2853.048
137  mtZOA         1384.057     9   2786.115     2786.799     2818.600
138  mtZOA+I       1373.455     10  2766.911     2767.750     2803.005
139  mtZOA+G4      1370.904     10  2761.807     2762.647     2797.902
141  mtZOA+F       1345.430     28  2746.861     2753.516     2847.926
142  mtZOA+F+I     1338.630     29  2735.259     2742.420     2839.934
143  mtZOA+F+G4    1335.676     29  2729.353     2736.513     2834.028
145  mtMet         1409.980     9   2837.960     2838.645     2870.446
146  mtMet+I       1399.711     10  2819.422     2820.262     2855.517
147  mtMet+G4      1398.248     10  2816.495     2817.335     2852.590
149  mtMet+F       1343.120     28  2742.240     2748.896     2843.306
150  mtMet+F+I     1336.386     29  2730.772     2737.933     2835.447
151  mtMet+F+G4    1334.735     29  2727.470     2734.631     2832.145
153  mtVer         1421.955     9   2861.910     2862.594     2894.395
154  mtVer+I       1406.403     10  2832.806     2833.646     2868.901
155  mtVer+G4      1403.729     10  2827.458     2828.298     2863.553
157  mtVer+F       1350.028     28  2756.055     2762.711     2857.120
158  mtVer+F+I     1340.266     29  2738.533     2745.693     2843.207
159  mtVer+F+G4    1337.225     29  2732.451     2739.611     2837.126
161  mtInv         1421.092     9   2860.183     2860.867     2892.668
162  mtInv+I       1415.121     10  2850.242     2851.082     2886.337
163  mtInv+G4      1414.112     10  2848.225     2849.064     2884.319
165  mtInv+F       1336.863     28  2729.725     2736.381     2830.791
166  mtInv+F+I     1333.771     29  2725.542     2732.703     2830.217
167  mtInv+F+G4    1332.796     29  2723.592     2730.753     2828.267
169  mtMAM         1433.498     9   2884.997     2885.681     2917.482
170  mtMAM+I       1408.200     10  2836.400     2837.240     2872.495
171  mtMAM+G4      1401.728     10  2823.455     2824.295     2859.550
173  mtMAM+F       1364.535     28  2785.071     2791.726     2886.136
174  mtMAM+F+I     1348.415     29  2754.831     2761.991     2859.506
175  mtMAM+F+G4    1341.948     29  2741.896     2749.056     2846.571
WARNING: Normalizing state frequencies so that sum of them equals to 1
177  FLAVI         1393.648     9   2805.296     2805.981     2837.781
WARNING: Normalizing state frequencies so that sum of them equals to 1
178  FLAVI+I       1376.983     10  2773.965     2774.805     2810.060
WARNING: Normalizing state frequencies so that sum of them equals to 1
179  FLAVI+G4      1374.771     10  2769.542     2770.382     2805.637
WARNING: Normalizing state frequencies so that sum of them equals to 1
181  FLAVI+F       1362.149     28  2780.299     2786.954     2881.364
WARNING: Normalizing state frequencies so that sum of them equals to 1
182  FLAVI+F+I     1345.462     29  2748.924     2756.084     2853.599
WARNING: Normalizing state frequencies so that sum of them equals to 1
183  FLAVI+F+G4    1342.731     29  2743.462     2750.622     2848.136
185  HIVb          1391.920     9   2801.840     2802.524     2834.325
186  HIVb+I        1380.458     10  2780.916     2781.756     2817.011
187  HIVb+G4       1378.986     10  2777.972     2778.812     2814.067
189  HIVb+F        1359.003     28  2774.005     2780.661     2875.070
190  HIVb+F+I      1344.672     29  2747.344     2754.504     2852.019
191  HIVb+F+G4     1342.264     29  2742.528     2749.689     2847.203
193  HIVw          1424.684     9   2867.368     2868.053     2899.854
194  HIVw+I        1411.398     10  2842.796     2843.635     2878.890
195  HIVw+G4       1410.223     10  2840.446     2841.286     2876.541
197  HIVw+F        1356.165     28  2768.331     2774.987     2869.396
198  HIVw+F+I      1345.099     29  2748.199     2755.359     2852.873
199  HIVw+F+G4     1342.947     29  2743.893     2751.054     2848.568
201  FLU           1388.334     9   2794.669     2795.353     2827.154
202  FLU+I         1382.261     10  2784.521     2785.361     2820.616
203  FLU+G4        1381.021     10  2782.042     2782.882     2818.137
205  FLU+F         1342.863     28  2741.726     2748.382     2842.791
206  FLU+F+I       1335.741     29  2729.483     2736.643     2834.157
207  FLU+F+G4      1333.549     29  2725.097     2732.258     2829.772
209  rtREV         1368.901     9   2755.801     2756.486     2788.286
210  rtREV+I       1368.535     10  2757.070     2757.910     2793.165
211  rtREV+G4      1368.348     10  2756.696     2757.535     2792.790
213  rtREV+F       1332.975     28  2721.950     2728.606     2823.015
214  rtREV+F+I     1331.193     29  2720.386     2727.546     2825.061
215  rtREV+F+G4    1330.657     29  2719.313     2726.474     2823.988
217  cpREV         1355.587     9   2729.175     2729.859     2761.660
218  cpREV+I       1354.019     10  2728.038     2728.878     2764.133
219  cpREV+G4      1353.560     10  2727.121     2727.960     2763.215
221  cpREV+F       1333.039     28  2722.078     2728.734     2823.143
222  cpREV+F+I     1331.386     29  2720.772     2727.932     2825.446
223  cpREV+F+G4    1330.771     29  2719.542     2726.703     2824.217
Akaike Information Criterion:           DCMut+F
Corrected Akaike Information Criterion: DCMut+F
Bayesian Information Criterion:         Blosum62
Best-fit model: Blosum62 chosen according to BIC

All model information printed to ../results/molecular_evolution_analyses/phylogenetic_trees/F119543_MLIG_G1/F119543_MLIG_G1.model.gz
CPU time for ModelFinder: 1.237 seconds (0h:0m:1s)
Wall-clock time for ModelFinder: 1.238 seconds (0h:0m:1s)
Generating 1000 samples for ultrafast bootstrap (seed: 513507)...

NOTE: 0 MB RAM (0 GB) is required!
Estimate model parameters (epsilon = 0.100)
1. Initial log-likelihood: -1348.692
Optimal log-likelihood: -1348.692
Parameters optimization took 1 rounds (0.000 sec)
Wrote distance file to... 
Computing ML distances based on estimated model parameters...
Calculating distance matrix: done in 0.000895977 secs using 99.44% CPU
Computing ML distances took 0.000920 sec (of wall-clock time) 0.000914 sec (of CPU time)
Setting up auxiliary I and S matrices: done in 1.5974e-05 secs using 100.2% CPU
Constructing RapidNJ tree: done in 1.3113e-05 secs using 106.8% CPU
Computing RapidNJ tree took 0.000057 sec (of wall-clock time) 0.000057 sec (of CPU time)
Log-likelihood of RapidNJ tree: -1348.692
--------------------------------------------------------------------
|             INITIALIZING CANDIDATE TREE SET                      |
--------------------------------------------------------------------
Generating 98 parsimony trees... 0.015 second
Computing log-likelihood of 13 initial trees ... 0.004 seconds
Current best score: -1348.604

Do NNI search on 15 best initial trees
Optimizing NNI: done in 0.00229907 secs using 199.8% CPU
Estimate model parameters (epsilon = 0.100)
UPDATE BEST LOG-LIKELIHOOD: -1348.558
Optimizing NNI: done in 0.00109816 secs using 200.1% CPU
Optimizing NNI: done in 0.00214696 secs using 199.9% CPU
Optimizing NNI: done in 0.0022161 secs using 200.1% CPU
Optimizing NNI: done in 0.00209785 secs using 200% CPU
Optimizing NNI: done in 0.00226593 secs using 200.1% CPU
UPDATE BEST LOG-LIKELIHOOD: -1348.558
Optimizing NNI: done in 0.00228596 secs using 199.8% CPU
Optimizing NNI: done in 0.004318 secs using 142.1% CPU
Optimizing NNI: done in 0.00429606 secs using 193% CPU
Optimizing NNI: done in 0.0044651 secs using 214.1% CPU
Iteration 10 / LogL: -1348.558 / Time: 0h:0m:0s
Optimizing NNI: done in 0.00425792 secs using 168.2% CPU
Optimizing NNI: done in 0.00321698 secs using 99.97% CPU
Optimizing NNI: done in 0.00323701 secs using 223.7% CPU
Optimizing NNI: done in 0.00327706 secs using 221.8% CPU
Optimizing NNI: done in 0.00329685 secs using 221.3% CPU
Finish initializing candidate tree set (15)
Current best tree score: -1348.558 / CPU time: 0.069
Number of iterations: 15
--------------------------------------------------------------------
|               OPTIMIZING CANDIDATE TREE SET                      |
--------------------------------------------------------------------
Optimizing NNI: done in 0.00209403 secs using 100% CPU
Optimizing NNI: done in 0.00098896 secs using 100% CPU
Optimizing NNI: done in 0.00297594 secs using 234.6% CPU
Optimizing NNI: done in 0.00100017 secs using 498.8% CPU
Optimizing NNI: done in 0.00195003 secs using 305.3% CPU
UPDATE BEST LOG-LIKELIHOOD: -1348.558
Iteration 20 / LogL: -1348.558 / Time: 0h:0m:0s
Optimizing NNI: done in 0.00105906 secs using 99.62% CPU
Optimizing NNI: done in 0.00101781 secs using 492.3% CPU
Optimizing NNI: done in 0.00211692 secs using 288.7% CPU
Optimizing NNI: done in 0.00104117 secs using 99.98% CPU
Optimizing NNI: done in 0.00103807 secs using 99.99% CPU
Optimizing NNI: done in 0.00197506 secs using 100% CPU
Optimizing NNI: done in 0.00213814 secs using 99.99% CPU
Optimizing NNI: done in 0.001055 secs using 100% CPU
Optimizing NNI: done in 0.00416398 secs using 195.8% CPU
Optimizing NNI: done in 0.00207615 secs using 99.99% CPU
Iteration 30 / LogL: -1348.692 / Time: 0h:0m:0s (0h:0m:0s left)
Optimizing NNI: done in 0.00107193 secs using 100% CPU
Optimizing NNI: done in 0.00235391 secs using 270% CPU
Optimizing NNI: done in 0.00232196 secs using 272.1% CPU
Optimizing NNI: done in 0.00427604 secs using 193.7% CPU
Optimizing NNI: done in 0.00195408 secs using 100% CPU
Optimizing NNI: done in 0.00306988 secs using 230.5% CPU
Optimizing NNI: done in 0.00413895 secs using 196.5% CPU
Optimizing NNI: done in 0.00207686 secs using 292.5% CPU
Optimizing NNI: done in 0.00414395 secs using 196.5% CPU
Optimizing NNI: done in 0.00195312 secs using 100% CPU
Iteration 40 / LogL: -1348.558 / Time: 0h:0m:0s (0h:0m:0s left)
Optimizing NNI: done in 0.00103593 secs using 392.3% CPU
Optimizing NNI: done in 0.004076 secs using 100% CPU
Optimizing NNI: done in 0.00426316 secs using 99.93% CPU
Optimizing NNI: done in 0.00408101 secs using 99.95% CPU
Optimizing NNI: done in 0.00295591 secs using 100% CPU
Optimizing NNI: done in 0.00192904 secs using 100% CPU
Optimizing NNI: done in 0.00204992 secs using 99.95% CPU
Optimizing NNI: done in 0.00105906 secs using 99.52% CPU
Optimizing NNI: done in 0.000997066 secs using 99.99% CPU
Optimizing NNI: done in 0.002069 secs using 99.81% CPU
UPDATE BEST LOG-LIKELIHOOD: -1348.558
Iteration 50 / LogL: -1348.558 / Time: 0h:0m:0s (0h:0m:0s left)
Log-likelihood cutoff on original alignment: -1350.659
Optimizing NNI: done in 0.00096488 secs using 99.18% CPU
Optimizing NNI: done in 0.00233483 secs using 100% CPU
Optimizing NNI: done in 0.00417495 secs using 100% CPU
Optimizing NNI: done in 0.000995874 secs using 100% CPU
Optimizing NNI: done in 0.00431204 secs using 99.93% CPU
Optimizing NNI: done in 0.00103998 secs using 100% CPU
Optimizing NNI: done in 0.00213194 secs using 99.96% CPU
Optimizing NNI: done in 0.00103807 secs using 99.9% CPU
Optimizing NNI: done in 0.00229383 secs using 99.96% CPU
Optimizing NNI: done in 0.00418806 secs using 99.97% CPU
Iteration 60 / LogL: -1348.558 / Time: 0h:0m:0s (0h:0m:0s left)
Optimizing NNI: done in 0.00230002 secs using 100% CPU
Optimizing NNI: done in 0.004107 secs using 99.98% CPU
Optimizing NNI: done in 0.0041151 secs using 100% CPU
Optimizing NNI: done in 0.0040772 secs using 99.92% CPU
Optimizing NNI: done in 0.00417495 secs using 100% CPU
Optimizing NNI: done in 0.00102901 secs using 99.9% CPU
Optimizing NNI: done in 0.00103498 secs using 100% CPU
Optimizing NNI: done in 0.00103498 secs using 100% CPU
Optimizing NNI: done in 0.00196314 secs using 99.99% CPU
Optimizing NNI: done in 0.00302196 secs using 99.87% CPU
Iteration 70 / LogL: -1348.558 / Time: 0h:0m:0s (0h:0m:0s left)
Optimizing NNI: done in 0.00437498 secs using 99.84% CPU
Optimizing NNI: done in 0.00232697 secs using 99.83% CPU
Optimizing NNI: done in 0.00105286 secs using 100.1% CPU
Optimizing NNI: done in 0.00205612 secs using 99.99% CPU
Optimizing NNI: done in 0.00412202 secs using 100% CPU
Optimizing NNI: done in 0.00306606 secs using 100% CPU
Optimizing NNI: done in 0.00103807 secs using 99.7% CPU
Optimizing NNI: done in 0.000974894 secs using 100% CPU
Optimizing NNI: done in 0.000861883 secs using 100% CPU
Optimizing NNI: done in 0.00102615 secs using 99.99% CPU
Iteration 80 / LogL: -1348.692 / Time: 0h:0m:0s (0h:0m:0s left)
Optimizing NNI: done in 0.00212502 secs using 100% CPU
Optimizing NNI: done in 0.00205016 secs using 99.99% CPU
Optimizing NNI: done in 0.00419092 secs using 100% CPU
Optimizing NNI: done in 0.00104594 secs using 99.72% CPU
Optimizing NNI: done in 0.000981092 secs using 99.99% CPU
Optimizing NNI: done in 0.004071 secs using 99.93% CPU
Optimizing NNI: done in 0.00103617 secs using 99.89% CPU
Optimizing NNI: done in 0.000876904 secs using 99.9% CPU
Optimizing NNI: done in 0.00305986 secs using 100% CPU
Optimizing NNI: done in 0.00194311 secs using 99.99% CPU
Iteration 90 / LogL: -1348.558 / Time: 0h:0m:0s (0h:0m:0s left)
Optimizing NNI: done in 0.00211191 secs using 100% CPU
Optimizing NNI: done in 0.00206208 secs using 99.85% CPU
Optimizing NNI: done in 0.00196385 secs using 100% CPU
Optimizing NNI: done in 0.00195718 secs using 99.99% CPU
Optimizing NNI: done in 0.00203609 secs using 100% CPU
Optimizing NNI: done in 0.00211215 secs using 100% CPU
Optimizing NNI: done in 0.00408101 secs using 99.9% CPU
Optimizing NNI: done in 0.00192308 secs using 99.94% CPU
Optimizing NNI: done in 0.00292206 secs using 99.9% CPU
Optimizing NNI: done in 0.00104403 secs using 100.1% CPU
Iteration 100 / LogL: -1348.692 / Time: 0h:0m:0s (0h:0m:0s left)
Log-likelihood cutoff on original alignment: -1350.680
NOTE: Bootstrap correlation coefficient of split occurrence frequencies: 0.993
Optimizing NNI: done in 0.001055 secs using 99.91% CPU
TREE SEARCH COMPLETED AFTER 101 ITERATIONS / Time: 0h:0m:0s

--------------------------------------------------------------------
|                    FINALIZING TREE SEARCH                        |
--------------------------------------------------------------------
Performs final model parameters optimization
Estimate model parameters (epsilon = 0.010)
1. Initial log-likelihood: -1348.558
Optimal log-likelihood: -1348.558
Parameters optimization took 1 rounds (0.000 sec)
BEST SCORE FOUND : -1348.558

Testing tree branches by SH-like aLRT with 1000 replicates...
0.019 sec.
Creating bootstrap support values...
Split supports printed to NEXUS file ../results/molecular_evolution_analyses/phylogenetic_trees/F119543_MLIG_G1/F119543_MLIG_G1.splits.nex
Total tree length: 0.662

Total number of iterations: 101
CPU time used for tree search: 0.724 sec (0h:0m:0s)
Wall-clock time used for tree search: 0.528 sec (0h:0m:0s)
Total CPU time used: 0.768 sec (0h:0m:0s)
Total wall-clock time used: 0.572 sec (0h:0m:0s)

Computing bootstrap consensus tree...
Reading input file ../results/molecular_evolution_analyses/phylogenetic_trees/F119543_MLIG_G1/F119543_MLIG_G1.splits.nex...
6 taxa and 17 splits.
Consensus tree written to ../results/molecular_evolution_analyses/phylogenetic_trees/F119543_MLIG_G1/F119543_MLIG_G1.contree
Reading input trees file ../results/molecular_evolution_analyses/phylogenetic_trees/F119543_MLIG_G1/F119543_MLIG_G1.contree
Log-likelihood of consensus tree: -1348.560

Analysis results written to: 
  IQ-TREE report:                ../results/molecular_evolution_analyses/phylogenetic_trees/F119543_MLIG_G1/F119543_MLIG_G1.iqtree
  Maximum-likelihood tree:       ../results/molecular_evolution_analyses/phylogenetic_trees/F119543_MLIG_G1/F119543_MLIG_G1.treefile
  Likelihood distances:          ../results/molecular_evolution_analyses/phylogenetic_trees/F119543_MLIG_G1/F119543_MLIG_G1.mldist

Ultrafast bootstrap approximation results written to:
  Split support values:          ../results/molecular_evolution_analyses/phylogenetic_trees/F119543_MLIG_G1/F119543_MLIG_G1.splits.nex
  Consensus tree:                ../results/molecular_evolution_analyses/phylogenetic_trees/F119543_MLIG_G1/F119543_MLIG_G1.contree
  Screen log file:               ../results/molecular_evolution_analyses/phylogenetic_trees/F119543_MLIG_G1/F119543_MLIG_G1.log

Date and Time: Wed May  1 09:29:55 2024
