IQ-TREE multicore version 2.2.2.6 COVID-edition for Linux 64-bit built May 27 2023
Developed by Bui Quang Minh, James Barbetti, Nguyen Lam Tung,
Olga Chernomor, Heiko Schmidt, Dominik Schrempf, Michael Woodhams, Ly Trong Nhan.

Host:    lbc5 (AVX2, FMA3, 125 GB RAM)
Command: /home/mauricio/mauricio_PROGRAMAS/iqtree-2.2.2.6-Linux/bin/iqtree2 -s ../results/molecular_evolution_analyses/alignments_gblocks/F56922_MLIG_G1/F56922_MLIG_G1.aln.gblo -m TEST --threads-max 32 --alrt 1000 --ufboot 1000 --prefix ../results/molecular_evolution_analyses/phylogenetic_trees/F56922_MLIG_G1/F56922_MLIG_G1 -keep-ident -redo
Seed:    65971 (Using SPRNG - Scalable Parallel Random Number Generator)
Time:    Wed May  1 09:35:49 2024
Kernel:  AVX+FMA - 1 threads (32 CPU cores detected)

HINT: Use -nt option to specify number of threads because your CPU has 32 cores!
HINT: -nt AUTO will automatically determine the best number of threads to use.

Reading alignment file ../results/molecular_evolution_analyses/alignments_gblocks/F56922_MLIG_G1/F56922_MLIG_G1.aln.gblo ... Fasta format detected
Reading fasta file: done in 7.41482e-05 secs
Alignment most likely contains protein sequences
Constructing alignment: done in 0.000355005 secs
Alignment has 6 sequences with 448 columns, 145 distinct patterns
168 parsimony-informative, 5 singleton sites, 275 constant sites
            Gap/Ambiguity  Composition  p-value
Analyzing sequences: done in 7.15256e-06 secs
   1  Mlig.46093    0.00%    passed     99.11%
   2  Mlig.47986    0.00%    passed     99.53%
   3  Mlig.45627    0.00%    passed     99.31%
   4  Mlig.20619    0.00%    passed     99.06%
   5  Mlig.12996    0.00%    passed     99.73%
   6  Mlig.27974    0.00%    passed     98.88%
****  TOTAL         0.00%  0 sequences failed composition chi2 test (p-value<5%; df=19)


Create initial parsimony tree by phylogenetic likelihood library (PLL)... 0.000 seconds
Perform fast likelihood tree search using LG+I+G model...
Estimate model parameters (epsilon = 5.000)
Perform nearest neighbor interchange...
Optimizing NNI: done in 0.00728297 secs using 95.46% CPU
Estimate model parameters (epsilon = 1.000)
1. Initial log-likelihood: -2177.661
Optimal log-likelihood: -2177.654
Proportion of invariable sites: 0.305
Gamma shape alpha: 1.266
Parameters optimization took 1 rounds (0.008 sec)
Time for fast ML tree search: 0.041 seconds

NOTE: ModelFinder requires 1 MB RAM!
ModelFinder will test up to 224 protein models (sample size: 448) ...
 No. Model         -LnL         df  AIC          AICc         BIC
  1  LG            2189.579     9   4397.157     4397.568     4434.101
  2  LG+I          2178.936     10  4377.872     4378.376     4418.920
  3  LG+G4         2177.357     10  4374.715     4375.218     4415.762
  4  LG+I+G4       2177.650     11  4377.300     4377.905     4422.452
  6  LG+F+I        2135.493     29  4328.986     4333.149     4448.025
  7  LG+F+G4       2133.997     29  4325.993     4330.156     4445.032
  8  LG+F+I+G4     2134.343     30  4328.686     4333.146     4451.830
 10  WAG+I         2159.981     10  4339.961     4340.465     4381.009
 11  WAG+G4        2159.397     10  4338.795     4339.298     4379.843
 12  WAG+I+G4      2159.773     11  4341.545     4342.151     4386.698
 14  WAG+F+I       2126.765     29  4311.529     4315.692     4430.568
 15  WAG+F+G4      2126.307     29  4310.613     4314.776     4429.652
 16  WAG+F+I+G4    2126.719     30  4313.438     4317.899     4436.582
 18  JTT+I         2165.211     10  4350.423     4350.926     4391.471
 19  JTT+G4        2164.933     10  4349.866     4350.370     4390.914
 20  JTT+I+G4      2164.966     11  4351.933     4352.538     4397.085
 22  JTT+F+I       2133.341     29  4324.681     4328.844     4443.720
 23  JTT+F+G4      2133.143     29  4324.287     4328.449     4443.326
 24  JTT+F+I+G4    2133.169     30  4326.338     4330.798     4449.481
WARNING: Normalizing state frequencies so that sum of them equals to 1
 26  Q.pfam+I      2173.651     10  4367.303     4367.806     4408.351
WARNING: Normalizing state frequencies so that sum of them equals to 1
 27  Q.pfam+G4     2172.495     10  4364.989     4365.493     4406.037
WARNING: Normalizing state frequencies so that sum of them equals to 1
 28  Q.pfam+I+G4   2172.721     11  4367.441     4368.047     4412.594
WARNING: Normalizing state frequencies so that sum of them equals to 1
 30  Q.pfam+F+I    2135.595     29  4329.190     4333.353     4448.229
WARNING: Normalizing state frequencies so that sum of them equals to 1
 31  Q.pfam+F+G4   2134.639     29  4327.277     4331.440     4446.316
WARNING: Normalizing state frequencies so that sum of them equals to 1
 32  Q.pfam+F+I+G4 2134.870     30  4329.740     4334.201     4452.884
WARNING: Normalizing state frequencies so that sum of them equals to 1
 34  Q.bird+I      2191.585     10  4403.170     4403.674     4444.218
WARNING: Normalizing state frequencies so that sum of them equals to 1
 35  Q.bird+G4     2192.099     10  4404.198     4404.701     4445.246
WARNING: Normalizing state frequencies so that sum of them equals to 1
 36  Q.bird+I+G4   2191.910     11  4405.820     4406.425     4450.973
WARNING: Normalizing state frequencies so that sum of them equals to 1
 38  Q.bird+F+I    2144.921     29  4347.842     4352.004     4466.881
WARNING: Normalizing state frequencies so that sum of them equals to 1
 39  Q.bird+F+G4   2145.699     29  4349.398     4353.561     4468.437
WARNING: Normalizing state frequencies so that sum of them equals to 1
 40  Q.bird+F+I+G4 2145.460     30  4350.920     4355.380     4474.064
WARNING: Normalizing state frequencies so that sum of them equals to 1
 42  Q.mammal+I    2195.263     10  4410.525     4411.028     4451.573
WARNING: Normalizing state frequencies so that sum of them equals to 1
 43  Q.mammal+G4   2195.549     10  4411.098     4411.602     4452.146
WARNING: Normalizing state frequencies so that sum of them equals to 1
 44  Q.mammal+I+G4 2195.406     11  4412.812     4413.418     4457.965
WARNING: Normalizing state frequencies so that sum of them equals to 1
 46  Q.mammal+F+I  2143.923     29  4345.846     4350.009     4464.885
WARNING: Normalizing state frequencies so that sum of them equals to 1
 47  Q.mammal+F+G4 2144.425     29  4346.850     4351.012     4465.889
WARNING: Normalizing state frequencies so that sum of them equals to 1
 48  Q.mammal+F+I+G4 2144.235     30  4348.470     4352.931     4471.614
 50  Q.insect+I    2210.445     10  4440.891     4441.394     4481.939
 51  Q.insect+G4   2209.404     10  4438.808     4439.311     4479.856
 52  Q.insect+I+G4 2209.573     11  4441.146     4441.752     4486.299
 54  Q.insect+F+I  2138.594     29  4335.189     4339.351     4454.228
 55  Q.insect+F+G4 2137.681     29  4333.363     4337.525     4452.402
 56  Q.insect+F+I+G4 2137.865     30  4335.730     4340.190     4458.873
WARNING: Normalizing state frequencies so that sum of them equals to 1
 58  Q.plant+I     2187.166     10  4394.333     4394.836     4435.380
WARNING: Normalizing state frequencies so that sum of them equals to 1
 59  Q.plant+G4    2185.944     10  4391.889     4392.392     4432.937
WARNING: Normalizing state frequencies so that sum of them equals to 1
 60  Q.plant+I+G4  2186.133     11  4394.266     4394.871     4439.418
WARNING: Normalizing state frequencies so that sum of them equals to 1
 62  Q.plant+F+I   2138.726     29  4335.452     4339.614     4454.491
WARNING: Normalizing state frequencies so that sum of them equals to 1
 63  Q.plant+F+G4  2137.997     29  4333.993     4338.156     4453.032
WARNING: Normalizing state frequencies so that sum of them equals to 1
 64  Q.plant+F+I+G4 2138.059     30  4336.118     4340.579     4459.262
WARNING: Normalizing state frequencies so that sum of them equals to 1
 66  Q.yeast+I     2213.862     10  4447.724     4448.227     4488.772
WARNING: Normalizing state frequencies so that sum of them equals to 1
 67  Q.yeast+G4    2212.491     10  4444.983     4445.486     4486.030
WARNING: Normalizing state frequencies so that sum of them equals to 1
 68  Q.yeast+I+G4  2212.688     11  4447.375     4447.981     4492.528
WARNING: Normalizing state frequencies so that sum of them equals to 1
 70  Q.yeast+F+I   2137.510     29  4333.019     4337.182     4452.058
WARNING: Normalizing state frequencies so that sum of them equals to 1
 71  Q.yeast+F+G4  2136.408     29  4330.817     4334.980     4449.856
WARNING: Normalizing state frequencies so that sum of them equals to 1
 72  Q.yeast+F+I+G4 2136.590     30  4333.181     4337.641     4456.325
 74  JTTDCMut+I    2165.297     10  4350.595     4351.098     4391.643
 75  JTTDCMut+G4   2164.992     10  4349.984     4350.487     4391.032
 76  JTTDCMut+I+G4 2165.036     11  4352.073     4352.678     4397.226
 78  JTTDCMut+F+I  2133.648     29  4325.296     4329.458     4444.335
 79  JTTDCMut+F+G4 2133.438     29  4324.876     4329.039     4443.915
 80  JTTDCMut+F+I+G4 2133.461     30  4326.922     4331.382     4450.065
 82  DCMut+I       2175.887     10  4371.774     4372.278     4412.822
 83  DCMut+G4      2174.923     10  4369.847     4370.350     4410.895
 84  DCMut+I+G4    2175.142     11  4372.284     4372.889     4417.437
 86  DCMut+F+I     2130.252     29  4318.504     4322.667     4437.543
 87  DCMut+F+G4    2129.878     29  4317.756     4321.918     4436.795
 88  DCMut+F+I+G4  2129.916     30  4319.832     4324.292     4442.975
 90  VT+I          2167.362     10  4354.723     4355.227     4395.771
 91  VT+G4         2167.145     10  4354.290     4354.794     4395.338
 92  VT+I+G4       2167.513     11  4357.025     4357.631     4402.178
 94  VT+F+I        2129.724     29  4317.448     4321.610     4436.487
 95  VT+F+G4       2129.573     29  4317.147     4321.310     4436.186
 96  VT+F+I+G4     2130.198     30  4320.395     4324.856     4443.539
 98  PMB+I         2166.967     10  4353.934     4354.437     4394.982
 99  PMB+G4        2166.905     10  4353.811     4354.314     4394.859
100  PMB+I+G4      2167.239     11  4356.478     4357.084     4401.631
102  PMB+F+I       2135.349     29  4328.699     4332.862     4447.738
103  PMB+F+G4      2135.282     29  4328.564     4332.726     4447.603
104  PMB+F+I+G4    2136.025     30  4332.050     4336.510     4455.193
106  Blosum62+I    2167.586     10  4355.172     4355.676     4396.220
107  Blosum62+G4   2167.497     10  4354.994     4355.497     4396.042
108  Blosum62+I+G4 2167.755     11  4357.510     4358.116     4402.663
110  Blosum62+F+I  2132.923     29  4323.846     4328.009     4442.885
111  Blosum62+F+G4 2132.823     29  4323.645     4327.808     4442.684
112  Blosum62+F+I+G4 2133.589     30  4327.178     4331.638     4450.321
114  Dayhoff+I     2175.850     10  4371.700     4372.203     4412.748
115  Dayhoff+G4    2174.883     10  4369.766     4370.269     4410.814
116  Dayhoff+I+G4  2175.098     11  4372.197     4372.802     4417.350
118  Dayhoff+F+I   2130.211     29  4318.421     4322.584     4437.460
119  Dayhoff+F+G4  2129.841     29  4317.681     4321.844     4436.720
120  Dayhoff+F+I+G4 2129.873     30  4319.747     4324.207     4442.891
122  mtREV+I       2294.696     10  4609.392     4609.896     4650.440
123  mtREV+G4      2292.979     10  4605.959     4606.462     4647.007
124  mtREV+I+G4    2293.181     11  4608.362     4608.968     4653.515
126  mtREV+F+I     2144.852     29  4347.704     4351.867     4466.743
127  mtREV+F+G4    2141.914     29  4341.827     4345.990     4460.866
128  mtREV+F+I+G4  2142.288     30  4344.576     4349.036     4467.720
130  mtART+I       2306.265     10  4632.531     4633.034     4673.579
131  mtART+G4      2304.967     10  4629.934     4630.437     4670.982
132  mtART+I+G4    2304.208     11  4630.416     4631.022     4675.569
134  mtART+F+I     2168.853     29  4395.705     4399.868     4514.744
135  mtART+F+G4    2163.133     29  4384.266     4388.429     4503.305
136  mtART+F+I+G4  2163.499     30  4386.997     4391.458     4510.141
138  mtZOA+I       2276.183     10  4572.366     4572.869     4613.414
139  mtZOA+G4      2275.839     10  4571.678     4572.181     4612.726
140  mtZOA+I+G4    2275.849     11  4573.698     4574.304     4618.851
142  mtZOA+F+I     2152.981     29  4363.961     4368.124     4483.000
143  mtZOA+F+G4    2149.797     29  4357.593     4361.756     4476.632
144  mtZOA+F+I+G4  2150.149     30  4360.297     4364.758     4483.441
146  mtMet+I       2316.056     10  4652.111     4652.615     4693.159
147  mtMet+G4      2317.324     10  4654.648     4655.152     4695.696
148  mtMet+I+G4    2317.110     11  4656.219     4656.825     4701.372
150  mtMet+F+I     2145.896     29  4349.793     4353.956     4468.832
151  mtMet+F+G4    2145.068     29  4348.137     4352.299     4467.176
152  mtMet+F+I+G4  2145.019     30  4350.038     4354.498     4473.182
154  mtVer+I       2318.295     10  4656.589     4657.093     4697.637
155  mtVer+G4      2319.000     10  4658.000     4658.503     4699.048
156  mtVer+I+G4    2318.864     11  4659.728     4660.334     4704.881
158  mtVer+F+I     2148.159     29  4354.318     4358.481     4473.357
159  mtVer+F+G4    2146.992     29  4351.984     4356.147     4471.023
160  mtVer+F+I+G4  2146.923     30  4353.847     4358.307     4476.990
162  mtInv+I       2349.820     10  4719.640     4720.144     4760.688
163  mtInv+G4      2350.161     10  4720.321     4720.825     4761.369
164  mtInv+I+G4    2350.177     11  4722.354     4722.959     4767.506
166  mtInv+F+I     2145.788     29  4349.575     4353.738     4468.614
167  mtInv+F+G4    2144.289     29  4346.578     4350.741     4465.617
168  mtInv+F+I+G4  2144.469     30  4348.937     4353.398     4472.081
170  mtMAM+I       2301.865     10  4623.730     4624.233     4664.778
171  mtMAM+G4      2299.781     10  4619.562     4620.066     4660.610
172  mtMAM+I+G4    2300.011     11  4622.021     4622.627     4667.174
174  mtMAM+F+I     2153.910     29  4365.820     4369.983     4484.859
175  mtMAM+F+G4    2150.078     29  4358.156     4362.319     4477.195
176  mtMAM+F+I+G4  2150.388     30  4360.777     4365.237     4483.921
WARNING: Normalizing state frequencies so that sum of them equals to 1
178  FLAVI+I       2210.477     10  4440.955     4441.458     4482.003
WARNING: Normalizing state frequencies so that sum of them equals to 1
179  FLAVI+G4      2211.714     10  4443.428     4443.932     4484.476
WARNING: Normalizing state frequencies so that sum of them equals to 1
180  FLAVI+I+G4    2211.352     11  4444.704     4445.309     4489.856
WARNING: Normalizing state frequencies so that sum of them equals to 1
182  FLAVI+F+I     2156.282     29  4370.565     4374.727     4489.604
WARNING: Normalizing state frequencies so that sum of them equals to 1
183  FLAVI+F+G4    2156.082     29  4370.164     4374.327     4489.203
WARNING: Normalizing state frequencies so that sum of them equals to 1
184  FLAVI+F+I+G4  2155.818     30  4371.636     4376.097     4494.780
186  HIVb+I        2177.930     10  4375.860     4376.363     4416.908
187  HIVb+G4       2178.491     10  4376.982     4377.486     4418.030
188  HIVb+I+G4     2178.281     11  4378.561     4379.167     4423.714
190  HIVb+F+I      2143.436     29  4344.871     4349.034     4463.910
191  HIVb+F+G4     2143.417     29  4344.834     4348.997     4463.873
192  HIVb+F+I+G4   2143.287     30  4346.575     4351.035     4469.719
194  HIVw+I        2203.689     10  4427.378     4427.881     4468.425
195  HIVw+G4       2204.620     10  4429.240     4429.744     4470.288
196  HIVw+I+G4     2204.399     11  4430.798     4431.404     4475.951
198  HIVw+F+I      2150.054     29  4358.108     4362.271     4477.147
199  HIVw+F+G4     2150.703     29  4359.405     4363.568     4478.444
200  HIVw+F+I+G4   2150.408     30  4360.815     4365.276     4483.959
202  FLU+I         2165.921     10  4351.842     4352.346     4392.890
203  FLU+G4        2167.964     10  4355.929     4356.432     4396.977
204  FLU+I+G4      2167.371     11  4356.742     4357.348     4401.895
206  FLU+F+I       2134.145     29  4326.289     4330.452     4445.328
207  FLU+F+G4      2135.467     29  4328.935     4333.098     4447.974
208  FLU+F+I+G4    2134.895     30  4329.789     4334.250     4452.933
210  rtREV+I       2200.594     10  4421.187     4421.691     4462.235
211  rtREV+G4      2199.325     10  4418.649     4419.152     4459.697
212  rtREV+I+G4    2199.530     11  4421.060     4421.666     4466.213
214  rtREV+F+I     2145.870     29  4349.740     4353.903     4468.779
215  rtREV+F+G4    2144.822     29  4347.644     4351.807     4466.683
216  rtREV+F+I+G4  2145.011     30  4350.021     4354.482     4473.165
218  cpREV+I       2171.528     10  4363.055     4363.558     4404.103
219  cpREV+G4      2170.438     10  4360.877     4361.380     4401.925
220  cpREV+I+G4    2170.633     11  4363.266     4363.872     4408.419
222  cpREV+F+I     2137.936     29  4333.873     4338.035     4452.912
223  cpREV+F+G4    2136.793     29  4331.586     4335.749     4450.625
224  cpREV+F+I+G4  2137.046     30  4334.091     4338.552     4457.235
Akaike Information Criterion:           WAG+F+G4
Corrected Akaike Information Criterion: WAG+F+G4
Bayesian Information Criterion:         WAG+G4
Best-fit model: WAG+G4 chosen according to BIC

All model information printed to ../results/molecular_evolution_analyses/phylogenetic_trees/F56922_MLIG_G1/F56922_MLIG_G1.model.gz
CPU time for ModelFinder: 2.909 seconds (0h:0m:2s)
Wall-clock time for ModelFinder: 2.910 seconds (0h:0m:2s)
Generating 1000 samples for ultrafast bootstrap (seed: 65971)...

NOTE: 1 MB RAM (0 GB) is required!
Estimate model parameters (epsilon = 0.100)
1. Initial log-likelihood: -2159.397
Optimal log-likelihood: -2159.395
Gamma shape alpha: 0.907
Parameters optimization took 1 rounds (0.004 sec)
Wrote distance file to... 
Computing ML distances based on estimated model parameters...
Calculating distance matrix: done in 0.00469089 secs using 99.73% CPU
Computing ML distances took 0.004718 sec (of wall-clock time) 0.004705 sec (of CPU time)
Setting up auxiliary I and S matrices: done in 3.19481e-05 secs using 103.3% CPU
Constructing RapidNJ tree: done in 2.40803e-05 secs using 95.51% CPU
Computing RapidNJ tree took 0.000106 sec (of wall-clock time) 0.000106 sec (of CPU time)
Log-likelihood of RapidNJ tree: -2159.213
--------------------------------------------------------------------
|             INITIALIZING CANDIDATE TREE SET                      |
--------------------------------------------------------------------
Generating 98 parsimony trees... 0.018 second
Computing log-likelihood of 13 initial trees ... 0.015 seconds
Current best score: -2159.213

Do NNI search on 15 best initial trees
Optimizing NNI: done in 0.00363684 secs using 199.9% CPU
Optimizing NNI: done in 0.0079329 secs using 200% CPU
Optimizing NNI: done in 0.00788498 secs using 199.9% CPU
Optimizing NNI: done in 0.01297 secs using 200% CPU
UPDATE BEST LOG-LIKELIHOOD: -2159.212
Optimizing NNI: done in 0.013073 secs using 200% CPU
Optimizing NNI: done in 0.013191 secs using 199.9% CPU
Optimizing NNI: done in 0.012388 secs using 199.9% CPU
Optimizing NNI: done in 0.0131712 secs using 200% CPU
Optimizing NNI: done in 0.0131319 secs using 169.7% CPU
Optimizing NNI: done in 0.017596 secs using 199.9% CPU
UPDATE BEST LOG-LIKELIHOOD: -2159.212
Iteration 10 / LogL: -2159.212 / Time: 0h:0m:0s
Optimizing NNI: done in 0.017612 secs using 199.9% CPU
UPDATE BEST LOG-LIKELIHOOD: -2159.212
Optimizing NNI: done in 0.0126569 secs using 200% CPU
Optimizing NNI: done in 0.0170331 secs using 170.4% CPU
Optimizing NNI: done in 0.0126688 secs using 99.98% CPU
Optimizing NNI: done in 0.0169809 secs using 99.98% CPU
Finish initializing candidate tree set (15)
Current best tree score: -2159.212 / CPU time: 0.233
Number of iterations: 15
--------------------------------------------------------------------
|               OPTIMIZING CANDIDATE TREE SET                      |
--------------------------------------------------------------------
Optimizing NNI: done in 0.004287 secs using 99.91% CPU
UPDATE BEST LOG-LIKELIHOOD: -2159.212
Optimizing NNI: done in 0.013027 secs using 99.98% CPU
Optimizing NNI: done in 0.012141 secs using 99.96% CPU
Optimizing NNI: done in 0.016448 secs using 99.98% CPU
Optimizing NNI: done in 0.012861 secs using 99.97% CPU
Iteration 20 / LogL: -2159.212 / Time: 0h:0m:0s
Optimizing NNI: done in 0.0123379 secs using 99.98% CPU
Optimizing NNI: done in 0.0128999 secs using 99.99% CPU
Optimizing NNI: done in 0.012115 secs using 99.98% CPU
Optimizing NNI: done in 0.0122139 secs using 99.98% CPU
Optimizing NNI: done in 0.0121529 secs using 99.98% CPU
Optimizing NNI: done in 0.0131071 secs using 99.95% CPU
Optimizing NNI: done in 0.012341 secs using 99.98% CPU
Optimizing NNI: done in 0.0129449 secs using 99.98% CPU
Optimizing NNI: done in 0.00773716 secs using 100% CPU
Optimizing NNI: done in 0.012336 secs using 99.98% CPU
Iteration 30 / LogL: -2159.212 / Time: 0h:0m:0s (0h:0m:1s left)
Optimizing NNI: done in 0.012264 secs using 99.98% CPU
Optimizing NNI: done in 0.0120661 secs using 99.97% CPU
Optimizing NNI: done in 0.0175231 secs using 99.98% CPU
Optimizing NNI: done in 0.00426579 secs using 99.98% CPU
UPDATE BEST LOG-LIKELIHOOD: -2159.212
Optimizing NNI: done in 0.00418186 secs using 99.91% CPU
UPDATE BEST LOG-LIKELIHOOD: -2159.212
Optimizing NNI: done in 0.00813985 secs using 99.98% CPU
Optimizing NNI: done in 0.00861287 secs using 99.94% CPU
UPDATE BEST LOG-LIKELIHOOD: -2159.212
Optimizing NNI: done in 0.0174749 secs using 99.97% CPU
Optimizing NNI: done in 0.0042181 secs using 100% CPU
Optimizing NNI: done in 0.0122919 secs using 99.98% CPU
Iteration 40 / LogL: -2159.212 / Time: 0h:0m:0s (0h:0m:0s left)
Optimizing NNI: done in 0.00863004 secs using 99.96% CPU
Optimizing NNI: done in 0.012115 secs using 99.95% CPU
Optimizing NNI: done in 0.00427604 secs using 100% CPU
Optimizing NNI: done in 0.0131762 secs using 69.78% CPU
Optimizing NNI: done in 0.017926 secs using 99.97% CPU
Optimizing NNI: done in 0.0171828 secs using 99.95% CPU
Optimizing NNI: done in 0.00773787 secs using 99.96% CPU
Optimizing NNI: done in 0.011976 secs using 99.95% CPU
Optimizing NNI: done in 0.013134 secs using 99.98% CPU
Optimizing NNI: done in 0.0122931 secs using 99.97% CPU
Iteration 50 / LogL: -2159.212 / Time: 0h:0m:0s (0h:0m:0s left)
Log-likelihood cutoff on original alignment: -2160.540
Optimizing NNI: done in 0.00805402 secs using 99.94% CPU
Optimizing NNI: done in 0.0128679 secs using 99.97% CPU
Optimizing NNI: done in 0.0163672 secs using 99.99% CPU
Optimizing NNI: done in 0.00784206 secs using 99.96% CPU
Optimizing NNI: done in 0.0129941 secs using 99.98% CPU
Optimizing NNI: done in 0.013005 secs using 99.98% CPU
Optimizing NNI: done in 0.0122452 secs using 99.98% CPU
Optimizing NNI: done in 0.0175509 secs using 99.98% CPU
Optimizing NNI: done in 0.016475 secs using 99.96% CPU
Optimizing NNI: done in 0.0124111 secs using 99.94% CPU
Iteration 60 / LogL: -2159.212 / Time: 0h:0m:0s (0h:0m:0s left)
Optimizing NNI: done in 0.0130279 secs using 99.95% CPU
Optimizing NNI: done in 0.00769186 secs using 99.98% CPU
Optimizing NNI: done in 0.00343895 secs using 99.91% CPU
Optimizing NNI: done in 0.00860906 secs using 100% CPU
Optimizing NNI: done in 0.00803399 secs using 100% CPU
Optimizing NNI: done in 0.012203 secs using 99.97% CPU
Optimizing NNI: done in 0.01614 secs using 99.96% CPU
Optimizing NNI: done in 0.0121081 secs using 99.96% CPU
Optimizing NNI: done in 0.00812602 secs using 100% CPU
Optimizing NNI: done in 0.012239 secs using 99.98% CPU
Iteration 70 / LogL: -2159.212 / Time: 0h:0m:1s (0h:0m:0s left)
Optimizing NNI: done in 0.00783801 secs using 99.96% CPU
Optimizing NNI: done in 0.0176129 secs using 99.97% CPU
Optimizing NNI: done in 0.00861096 secs using 99.95% CPU
Optimizing NNI: done in 0.0127239 secs using 99.98% CPU
Optimizing NNI: done in 0.00873899 secs using 99.97% CPU
Optimizing NNI: done in 0.0169382 secs using 99.99% CPU
Optimizing NNI: done in 0.0128672 secs using 99.98% CPU
Optimizing NNI: done in 0.00425291 secs using 99.84% CPU
Optimizing NNI: done in 0.00869918 secs using 99.96% CPU
Optimizing NNI: done in 0.01211 secs using 99.98% CPU
Iteration 80 / LogL: -2159.212 / Time: 0h:0m:1s (0h:0m:0s left)
Optimizing NNI: done in 0.0168059 secs using 99.97% CPU
Optimizing NNI: done in 0.0131111 secs using 99.95% CPU
Optimizing NNI: done in 0.0179369 secs using 99.97% CPU
Optimizing NNI: done in 0.00348091 secs using 100% CPU
Optimizing NNI: done in 0.00865507 secs using 99.95% CPU
Optimizing NNI: done in 0.00769591 secs using 100% CPU
Optimizing NNI: done in 0.00870204 secs using 99.99% CPU
Optimizing NNI: done in 0.00858092 secs using 100% CPU
Optimizing NNI: done in 0.0129399 secs using 99.98% CPU
Optimizing NNI: done in 0.0086 secs using 99.97% CPU
Iteration 90 / LogL: -2159.212 / Time: 0h:0m:1s (0h:0m:0s left)
Optimizing NNI: done in 0.0128281 secs using 99.97% CPU
Optimizing NNI: done in 0.013021 secs using 99.98% CPU
Optimizing NNI: done in 0.00776196 secs using 100% CPU
Optimizing NNI: done in 0.00866818 secs using 99.96% CPU
Optimizing NNI: done in 0.0122271 secs using 99.95% CPU
Optimizing NNI: done in 0.0164289 secs using 99.99% CPU
Optimizing NNI: done in 0.0124531 secs using 99.98% CPU
Optimizing NNI: done in 0.01226 secs using 99.98% CPU
Optimizing NNI: done in 0.016484 secs using 99.98% CPU
Optimizing NNI: done in 0.0178728 secs using 99.98% CPU
Iteration 100 / LogL: -2159.212 / Time: 0h:0m:1s (0h:0m:0s left)
Log-likelihood cutoff on original alignment: -2160.891
NOTE: Bootstrap correlation coefficient of split occurrence frequencies: 0.998
Optimizing NNI: done in 0.012408 secs using 99.97% CPU
TREE SEARCH COMPLETED AFTER 101 ITERATIONS / Time: 0h:0m:1s

--------------------------------------------------------------------
|                    FINALIZING TREE SEARCH                        |
--------------------------------------------------------------------
Performs final model parameters optimization
Estimate model parameters (epsilon = 0.010)
1. Initial log-likelihood: -2159.212
Optimal log-likelihood: -2159.204
Gamma shape alpha: 0.938
Parameters optimization took 1 rounds (0.008 sec)
BEST SCORE FOUND : -2159.204

Testing tree branches by SH-like aLRT with 1000 replicates...
0.031 sec.
Creating bootstrap support values...
Split supports printed to NEXUS file ../results/molecular_evolution_analyses/phylogenetic_trees/F56922_MLIG_G1/F56922_MLIG_G1.splits.nex
Total tree length: 0.706

Total number of iterations: 101
CPU time used for tree search: 1.687 sec (0h:0m:1s)
Wall-clock time used for tree search: 1.501 sec (0h:0m:1s)
Total CPU time used: 1.761 sec (0h:0m:1s)
Total wall-clock time used: 1.577 sec (0h:0m:1s)

Computing bootstrap consensus tree...
Reading input file ../results/molecular_evolution_analyses/phylogenetic_trees/F56922_MLIG_G1/F56922_MLIG_G1.splits.nex...
6 taxa and 13 splits.
Consensus tree written to ../results/molecular_evolution_analyses/phylogenetic_trees/F56922_MLIG_G1/F56922_MLIG_G1.contree
Reading input trees file ../results/molecular_evolution_analyses/phylogenetic_trees/F56922_MLIG_G1/F56922_MLIG_G1.contree
Log-likelihood of consensus tree: -2159.205

Analysis results written to: 
  IQ-TREE report:                ../results/molecular_evolution_analyses/phylogenetic_trees/F56922_MLIG_G1/F56922_MLIG_G1.iqtree
  Maximum-likelihood tree:       ../results/molecular_evolution_analyses/phylogenetic_trees/F56922_MLIG_G1/F56922_MLIG_G1.treefile
  Likelihood distances:          ../results/molecular_evolution_analyses/phylogenetic_trees/F56922_MLIG_G1/F56922_MLIG_G1.mldist

Ultrafast bootstrap approximation results written to:
  Split support values:          ../results/molecular_evolution_analyses/phylogenetic_trees/F56922_MLIG_G1/F56922_MLIG_G1.splits.nex
  Consensus tree:                ../results/molecular_evolution_analyses/phylogenetic_trees/F56922_MLIG_G1/F56922_MLIG_G1.contree
  Screen log file:               ../results/molecular_evolution_analyses/phylogenetic_trees/F56922_MLIG_G1/F56922_MLIG_G1.log

Date and Time: Wed May  1 09:35:53 2024
