IQ-TREE multicore version 2.2.2.6 COVID-edition for Linux 64-bit built May 27 2023
Developed by Bui Quang Minh, James Barbetti, Nguyen Lam Tung,
Olga Chernomor, Heiko Schmidt, Dominik Schrempf, Michael Woodhams, Ly Trong Nhan.

Host:    lbc5 (AVX2, FMA3, 125 GB RAM)
Command: /home/mauricio/mauricio_PROGRAMAS/iqtree-2.2.2.6-Linux/bin/iqtree2 -s ../results/molecular_evolution_analyses/alignments_gblocks/F118276_MLIG_G1/F118276_MLIG_G1.aln.gblo -m TEST --threads-max 32 --alrt 1000 --ufboot 1000 --prefix ../results/molecular_evolution_analyses/phylogenetic_trees/F118276_MLIG_G1/F118276_MLIG_G1
Seed:    933705 (Using SPRNG - Scalable Parallel Random Number Generator)
Time:    Thu Mar 28 11:23:05 2024
Kernel:  AVX+FMA - 1 threads (32 CPU cores detected)

HINT: Use -nt option to specify number of threads because your CPU has 32 cores!
HINT: -nt AUTO will automatically determine the best number of threads to use.

Reading alignment file ../results/molecular_evolution_analyses/alignments_gblocks/F118276_MLIG_G1/F118276_MLIG_G1.aln.gblo ... Fasta format detected
Reading fasta file: done in 4.29153e-05 secs using 100.2% CPU
Alignment most likely contains protein sequences
Constructing alignment: done in 0.000130892 secs using 100.1% CPU
Alignment has 7 sequences with 142 columns, 112 distinct patterns
84 parsimony-informative, 13 singleton sites, 45 constant sites
            Gap/Ambiguity  Composition  p-value
Analyzing sequences: done in 6.91414e-06 secs using 101.2% CPU
   1  Mlig.19322    0.00%    passed     99.65%
   2  Mlig.13932    0.00%    passed     99.86%
   3  Mlig.35185    0.00%    passed     99.95%
   4  Mlig.36910    0.00%    passed     99.98%
   5  Mlig.6051     0.00%    passed     99.95%
   6  Mlig.6049     0.00%    passed     99.94%
   7  Mlig.6052     0.00%    passed     99.94%
****  TOTAL         0.00%  0 sequences failed composition chi2 test (p-value<5%; df=19)
NOTE: Mlig.6052 is identical to Mlig.6049 but kept for subsequent analysis
Checking for duplicate sequences: done in 2.09808e-05 secs using 95.33% CPU


Create initial parsimony tree by phylogenetic likelihood library (PLL)... 0.000 seconds
Perform fast likelihood tree search using LG+I+G model...
Estimate model parameters (epsilon = 5.000)
Perform nearest neighbor interchange...
Optimizing NNI: done in 0.0237129 secs using 83.06% CPU
Estimate model parameters (epsilon = 1.000)
1. Initial log-likelihood: -1076.013
Optimal log-likelihood: -1075.975
Proportion of invariable sites: 0.150
Gamma shape alpha: 998.494
Parameters optimization took 1 rounds (0.011 sec)
Time for fast ML tree search: 0.076 seconds

NOTE: ModelFinder requires 1 MB RAM!
ModelFinder will test up to 224 protein models (sample size: 142) ...
 No. Model         -LnL         df  AIC          AICc         BIC
  1  LG            1078.122     11  2178.244     2180.275     2210.759
  2  LG+I          1075.930     12  2175.861     2178.280     2211.331
  3  LG+G4         1076.433     12  2176.866     2179.285     2212.336
  4  LG+I+G4       1075.945     13  2177.889     2180.733     2216.315
  5  LG+F          1068.923     30  2197.846     2214.603     2286.521
  6  LG+F+I        1066.902     31  2195.803     2213.839     2287.434
  7  LG+F+G4       1067.534     31  2197.068     2215.104     2288.698
  8  LG+F+I+G4     1066.926     32  2197.853     2217.229     2292.439
  9  WAG           1076.104     11  2174.208     2176.239     2206.723
 10  WAG+I         1075.234     12  2174.467     2176.886     2209.937
 11  WAG+G4        1075.589     12  2175.179     2177.597     2210.649
 12  WAG+I+G4      1075.378     13  2176.756     2179.600     2215.182
 13  WAG+F         1066.077     30  2192.153     2208.910     2280.828
 14  WAG+F+I       1065.176     31  2192.352     2210.388     2283.982
 15  WAG+F+G4      1065.632     31  2193.264     2211.300     2284.895
 16  WAG+F+I+G4    1065.314     32  2194.629     2214.005     2289.215
 17  JTT           1082.349     11  2186.698     2188.729     2219.213
 18  JTT+I         1080.383     12  2184.766     2187.184     2220.236
 19  JTT+G4        1080.888     12  2185.776     2188.195     2221.246
 20  JTT+I+G4      1080.397     13  2186.794     2189.638     2225.220
 21  JTT+F         1073.383     30  2206.766     2223.522     2295.441
 22  JTT+F+I       1071.567     31  2205.134     2223.171     2296.765
 23  JTT+F+G4      1072.129     31  2206.258     2224.294     2297.889
 24  JTT+F+I+G4    1071.589     32  2207.178     2226.555     2301.765
WARNING: Normalizing state frequencies so that sum of them equals to 1
 25  Q.pfam        1078.546     11  2179.092     2181.123     2211.607
WARNING: Normalizing state frequencies so that sum of them equals to 1
 26  Q.pfam+I      1076.186     12  2176.373     2178.791     2211.843
WARNING: Normalizing state frequencies so that sum of them equals to 1
 27  Q.pfam+G4     1076.693     12  2177.387     2179.806     2212.857
WARNING: Normalizing state frequencies so that sum of them equals to 1
 28  Q.pfam+I+G4   1076.199     13  2178.399     2181.242     2216.824
WARNING: Normalizing state frequencies so that sum of them equals to 1
 29  Q.pfam+F      1071.569     30  2203.139     2219.896     2291.814
WARNING: Normalizing state frequencies so that sum of them equals to 1
 30  Q.pfam+F+I    1069.340     31  2200.680     2218.716     2292.311
WARNING: Normalizing state frequencies so that sum of them equals to 1
 31  Q.pfam+F+G4   1069.899     31  2201.798     2219.834     2293.428
WARNING: Normalizing state frequencies so that sum of them equals to 1
 32  Q.pfam+F+I+G4 1069.358     32  2202.715     2222.091     2297.301
WARNING: Normalizing state frequencies so that sum of them equals to 1
 33  Q.bird        1107.650     11  2237.301     2239.332     2269.815
WARNING: Normalizing state frequencies so that sum of them equals to 1
 34  Q.bird+I      1099.186     12  2222.373     2224.791     2257.843
WARNING: Normalizing state frequencies so that sum of them equals to 1
 35  Q.bird+G4     1099.187     12  2222.375     2224.794     2257.845
WARNING: Normalizing state frequencies so that sum of them equals to 1
 36  Q.bird+I+G4   1098.888     13  2223.776     2226.620     2262.202
WARNING: Normalizing state frequencies so that sum of them equals to 1
 37  Q.bird+F      1098.273     30  2256.545     2273.302     2345.220
WARNING: Normalizing state frequencies so that sum of them equals to 1
 38  Q.bird+F+I    1090.078     31  2242.156     2260.192     2333.786
WARNING: Normalizing state frequencies so that sum of them equals to 1
 39  Q.bird+F+G4   1089.803     31  2241.605     2259.642     2333.236
WARNING: Normalizing state frequencies so that sum of them equals to 1
 40  Q.bird+F+I+G4 1089.551     32  2243.102     2262.478     2337.688
WARNING: Normalizing state frequencies so that sum of them equals to 1
 41  Q.mammal      1101.984     11  2225.967     2227.998     2258.481
WARNING: Normalizing state frequencies so that sum of them equals to 1
 42  Q.mammal+I    1095.565     12  2215.130     2217.549     2250.600
WARNING: Normalizing state frequencies so that sum of them equals to 1
 43  Q.mammal+G4   1095.535     12  2215.071     2217.489     2250.541
WARNING: Normalizing state frequencies so that sum of them equals to 1
 44  Q.mammal+I+G4 1095.318     13  2216.636     2219.480     2255.062
WARNING: Normalizing state frequencies so that sum of them equals to 1
 45  Q.mammal+F    1092.653     30  2245.307     2262.064     2333.982
WARNING: Normalizing state frequencies so that sum of them equals to 1
 46  Q.mammal+F+I  1086.492     31  2234.984     2253.020     2326.614
WARNING: Normalizing state frequencies so that sum of them equals to 1
 47  Q.mammal+F+G4 1086.349     31  2234.697     2252.734     2326.328
WARNING: Normalizing state frequencies so that sum of them equals to 1
 48  Q.mammal+F+I+G4 1086.175     32  2236.349     2255.725     2330.936
 49  Q.insect      1092.790     11  2207.580     2209.611     2240.094
 50  Q.insect+I    1089.132     12  2202.265     2204.683     2237.735
 51  Q.insect+G4   1089.373     12  2202.745     2205.164     2238.215
 52  Q.insect+I+G4 1089.091     13  2204.183     2207.026     2242.608
 53  Q.insect+F    1080.529     30  2221.058     2237.815     2309.733
 54  Q.insect+F+I  1077.522     31  2217.044     2235.080     2308.674
 55  Q.insect+F+G4 1077.897     31  2217.795     2235.831     2309.425
 56  Q.insect+F+I+G4 1077.516     32  2219.032     2238.408     2313.619
WARNING: Normalizing state frequencies so that sum of them equals to 1
 57  Q.plant       1097.372     11  2216.743     2218.774     2249.257
WARNING: Normalizing state frequencies so that sum of them equals to 1
 58  Q.plant+I     1091.993     12  2207.986     2210.404     2243.456
WARNING: Normalizing state frequencies so that sum of them equals to 1
 59  Q.plant+G4    1092.634     12  2209.268     2211.687     2244.738
WARNING: Normalizing state frequencies so that sum of them equals to 1
 60  Q.plant+I+G4  1092.026     13  2210.053     2212.896     2248.478
WARNING: Normalizing state frequencies so that sum of them equals to 1
 61  Q.plant+F     1084.376     30  2228.751     2245.508     2317.426
WARNING: Normalizing state frequencies so that sum of them equals to 1
 62  Q.plant+F+I   1079.888     31  2221.777     2239.813     2313.407
WARNING: Normalizing state frequencies so that sum of them equals to 1
 63  Q.plant+F+G4  1080.655     31  2223.309     2241.345     2314.940
WARNING: Normalizing state frequencies so that sum of them equals to 1
 64  Q.plant+F+I+G4 1079.927     32  2223.854     2243.230     2318.440
WARNING: Normalizing state frequencies so that sum of them equals to 1
 65  Q.yeast       1092.300     11  2206.600     2208.630     2239.114
WARNING: Normalizing state frequencies so that sum of them equals to 1
 66  Q.yeast+I     1089.132     12  2202.265     2204.684     2237.735
WARNING: Normalizing state frequencies so that sum of them equals to 1
 67  Q.yeast+G4    1089.312     12  2202.624     2205.043     2238.094
WARNING: Normalizing state frequencies so that sum of them equals to 1
 68  Q.yeast+I+G4  1089.098     13  2204.197     2207.040     2242.622
WARNING: Normalizing state frequencies so that sum of them equals to 1
 69  Q.yeast+F     1076.058     30  2212.115     2228.872     2300.790
WARNING: Normalizing state frequencies so that sum of them equals to 1
 70  Q.yeast+F+I   1073.589     31  2209.179     2227.215     2300.810
WARNING: Normalizing state frequencies so that sum of them equals to 1
 71  Q.yeast+F+G4  1073.915     31  2209.830     2227.867     2301.461
WARNING: Normalizing state frequencies so that sum of them equals to 1
 72  Q.yeast+F+I+G4 1073.595     32  2211.190     2230.566     2305.776
 73  JTTDCMut      1082.290     11  2186.580     2188.610     2219.094
 74  JTTDCMut+I    1080.410     12  2184.819     2187.238     2220.289
 75  JTTDCMut+G4   1080.891     12  2185.782     2188.201     2221.252
 76  JTTDCMut+I+G4 1080.427     13  2186.855     2189.699     2225.281
 77  JTTDCMut+F    1073.207     30  2206.413     2223.170     2295.088
 78  JTTDCMut+F+I  1071.444     31  2204.888     2222.925     2296.519
 79  JTTDCMut+F+G4 1071.993     31  2205.986     2224.022     2297.616
 80  JTTDCMut+F+I+G4 1071.470     32  2206.939     2226.315     2301.526
 81  DCMut         1090.351     11  2202.702     2204.733     2235.216
 82  DCMut+I       1087.783     12  2199.565     2201.984     2235.035
 83  DCMut+G4      1088.496     12  2200.993     2203.411     2236.463
 84  DCMut+I+G4    1087.791     13  2201.583     2204.426     2240.008
 85  DCMut+F       1075.335     30  2210.670     2227.427     2299.345
 86  DCMut+F+I     1072.649     31  2207.298     2225.334     2298.928
 87  DCMut+F+G4    1073.605     31  2209.210     2227.246     2300.840
 88  DCMut+F+I+G4  1072.655     32  2209.311     2228.687     2303.897
 89  VT            1076.204     11  2174.407     2176.438     2206.921
 90  VT+I          1075.539     12  2175.079     2177.497     2210.549
 91  VT+G4         1075.877     12  2175.753     2178.172     2211.223
 92  VT+I+G4       1075.715     13  2177.429     2180.273     2215.855
 93  VT+F          1068.786     30  2197.572     2214.329     2286.247
 94  VT+F+I        1068.244     31  2198.488     2216.524     2290.118
 95  VT+F+G4       1068.578     31  2199.156     2217.193     2290.787
 96  VT+F+I+G4     1068.399     32  2200.798     2220.174     2295.384
 97  PMB           1084.049     11  2190.098     2192.129     2222.612
 98  PMB+I         1083.172     12  2190.344     2192.763     2225.814
 99  PMB+G4        1083.464     12  2190.927     2193.346     2226.397
100  PMB+I+G4      1083.293     13  2192.586     2195.430     2231.012
101  PMB+F         1075.707     30  2211.414     2228.171     2300.089
102  PMB+F+I       1074.960     31  2211.919     2229.955     2303.550
103  PMB+F+G4      1075.267     31  2212.534     2230.570     2304.164
104  PMB+F+I+G4    1075.116     32  2214.233     2233.609     2308.819
105  Blosum62      1081.085     11  2184.170     2186.201     2216.684
106  Blosum62+I    1080.068     12  2184.135     2186.554     2219.605
107  Blosum62+G4   1080.400     12  2184.801     2187.219     2220.271
108  Blosum62+I+G4 1080.177     13  2186.354     2189.197     2224.779
109  Blosum62+F    1072.241     30  2204.481     2221.238     2293.156
110  Blosum62+F+I  1071.430     31  2204.859     2222.896     2296.490
111  Blosum62+F+G4 1071.784     31  2205.567     2223.604     2297.198
112  Blosum62+F+I+G4 1071.587     32  2207.174     2226.550     2301.760
113  Dayhoff       1090.353     11  2202.705     2204.736     2235.219
114  Dayhoff+I     1087.756     12  2199.512     2201.930     2234.982
115  Dayhoff+G4    1088.474     12  2200.948     2203.367     2236.418
116  Dayhoff+I+G4  1087.764     13  2201.528     2204.372     2239.954
117  Dayhoff+F     1075.313     30  2210.626     2227.383     2299.301
118  Dayhoff+F+I   1072.598     31  2207.195     2225.232     2298.826
119  Dayhoff+F+G4  1073.563     31  2209.126     2227.163     2300.757
120  Dayhoff+F+I+G4 1072.604     32  2209.208     2228.584     2303.794
121  mtREV         1170.607     11  2363.215     2365.246     2395.729
122  mtREV+I       1159.208     12  2342.417     2344.835     2377.886
123  mtREV+G4      1158.781     12  2341.561     2343.980     2377.031
124  mtREV+I+G4    1158.154     13  2342.308     2345.152     2380.734
125  mtREV+F       1099.938     30  2259.876     2276.633     2348.551
126  mtREV+F+I     1092.804     31  2247.607     2265.644     2339.238
127  mtREV+F+G4    1093.179     31  2248.358     2266.395     2339.989
128  mtREV+F+I+G4  1092.563     32  2249.126     2268.502     2343.712
129  mtART         1215.127     11  2452.253     2454.284     2484.767
130  mtART+I       1195.611     12  2415.222     2417.641     2450.692
131  mtART+G4      1188.926     12  2401.852     2404.271     2437.322
132  mtART+I+G4    1188.947     13  2403.894     2406.737     2442.319
133  mtART+F       1137.377     30  2334.754     2351.511     2423.429
134  mtART+F+I     1125.650     31  2313.301     2331.337     2404.931
135  mtART+F+G4    1121.151     31  2304.302     2322.339     2395.933
136  mtART+F+I+G4  1121.403     32  2306.806     2326.182     2401.392
137  mtZOA         1169.983     11  2361.966     2363.997     2394.480
138  mtZOA+I       1157.649     12  2339.298     2341.716     2374.768
139  mtZOA+G4      1154.183     12  2332.365     2334.784     2367.835
140  mtZOA+I+G4    1154.290     13  2334.580     2337.424     2373.006
141  mtZOA+F       1103.443     30  2266.885     2283.642     2355.560
142  mtZOA+F+I     1096.754     31  2255.508     2273.544     2347.139
143  mtZOA+F+G4    1095.557     31  2253.114     2271.151     2344.745
144  mtZOA+F+I+G4  1095.610     32  2255.221     2274.597     2349.807
145  mtMet         1170.855     11  2363.710     2365.740     2396.224
146  mtMet+I       1161.519     12  2347.038     2349.456     2382.508
147  mtMet+G4      1158.955     12  2341.910     2344.328     2377.380
148  mtMet+I+G4    1159.154     13  2344.309     2347.152     2382.734
149  mtMet+F       1094.852     30  2249.703     2266.460     2338.378
150  mtMet+F+I     1089.735     31  2241.470     2259.506     2333.100
151  mtMet+F+G4    1089.613     31  2241.226     2259.263     2332.857
152  mtMet+F+I+G4  1089.446     32  2242.891     2262.268     2337.478
153  mtVer         1181.108     11  2384.217     2386.248     2416.731
154  mtVer+I       1168.444     12  2360.889     2363.307     2396.359
155  mtVer+G4      1164.871     12  2353.741     2356.160     2389.211
156  mtVer+I+G4    1165.060     13  2356.121     2358.964     2394.546
157  mtVer+F       1105.662     30  2271.323     2288.080     2359.998
158  mtVer+F+I     1098.726     31  2259.453     2277.489     2351.083
159  mtVer+F+G4    1098.229     31  2258.457     2276.493     2350.088
160  mtVer+F+I+G4  1098.064     32  2260.128     2279.504     2354.715
161  mtInv         1172.930     11  2367.860     2369.891     2400.374
162  mtInv+I       1166.009     12  2356.018     2358.436     2391.488
163  mtInv+G4      1164.545     12  2353.091     2355.510     2388.561
164  mtInv+I+G4    1164.686     13  2355.371     2358.215     2393.797
165  mtInv+F       1084.096     30  2228.191     2244.948     2316.866
166  mtInv+F+I     1081.372     31  2224.744     2242.780     2316.374
167  mtInv+F+G4    1081.201     31  2224.401     2242.437     2316.032
168  mtInv+F+I+G4  1081.277     32  2226.553     2245.930     2321.140
169  mtMAM         1208.947     11  2439.894     2441.925     2472.408
170  mtMAM+I       1187.837     12  2399.675     2402.093     2435.145
171  mtMAM+G4      1180.774     12  2385.547     2387.966     2421.017
172  mtMAM+I+G4    1180.717     13  2387.434     2390.278     2425.860
173  mtMAM+F       1129.637     30  2319.273     2336.030     2407.948
174  mtMAM+F+I     1114.869     31  2291.737     2309.773     2383.368
175  mtMAM+F+G4    1111.873     31  2285.746     2303.782     2377.377
176  mtMAM+F+I+G4  1111.660     32  2287.320     2306.696     2381.906
WARNING: Normalizing state frequencies so that sum of them equals to 1
177  FLAVI         1141.710     11  2305.420     2307.450     2337.934
WARNING: Normalizing state frequencies so that sum of them equals to 1
178  FLAVI+I       1131.788     12  2287.577     2289.995     2323.047
WARNING: Normalizing state frequencies so that sum of them equals to 1
179  FLAVI+G4      1127.786     12  2279.572     2281.990     2315.042
WARNING: Normalizing state frequencies so that sum of them equals to 1
180  FLAVI+I+G4    1128.274     13  2282.548     2285.392     2320.974
WARNING: Normalizing state frequencies so that sum of them equals to 1
181  FLAVI+F       1115.294     30  2290.588     2307.344     2379.262
WARNING: Normalizing state frequencies so that sum of them equals to 1
182  FLAVI+F+I     1107.848     31  2277.695     2295.732     2369.326
WARNING: Normalizing state frequencies so that sum of them equals to 1
183  FLAVI+F+G4    1104.333     31  2270.665     2288.702     2362.296
WARNING: Normalizing state frequencies so that sum of them equals to 1
184  FLAVI+F+I+G4  1104.848     32  2273.696     2293.073     2368.283
185  HIVb          1108.716     11  2239.433     2241.464     2271.947
186  HIVb+I        1101.640     12  2227.279     2229.698     2262.749
187  HIVb+G4       1102.661     12  2229.323     2231.741     2264.793
188  HIVb+I+G4     1101.709     13  2229.418     2232.262     2267.844
189  HIVb+F        1094.750     30  2249.501     2266.257     2338.175
190  HIVb+F+I      1088.201     31  2238.402     2256.438     2330.032
191  HIVb+F+G4     1088.695     31  2239.390     2257.427     2331.021
192  HIVb+F+I+G4   1088.064     32  2240.128     2259.504     2334.714
193  HIVw          1136.843     11  2295.687     2297.717     2328.201
194  HIVw+I        1128.612     12  2281.223     2283.642     2316.693
195  HIVw+G4       1126.776     12  2277.551     2279.970     2313.021
196  HIVw+I+G4     1126.960     13  2279.919     2282.763     2318.345
197  HIVw+F        1104.909     30  2269.818     2286.574     2358.492
198  HIVw+F+I      1098.837     31  2259.673     2277.710     2351.304
199  HIVw+F+G4     1096.516     31  2255.031     2273.067     2346.662
200  HIVw+F+I+G4   1096.880     32  2257.760     2277.137     2352.347
201  FLU           1106.375     11  2234.750     2236.780     2267.264
202  FLU+I         1098.731     12  2221.462     2223.881     2256.932
203  FLU+G4        1098.035     12  2220.070     2222.489     2255.540
204  FLU+I+G4      1097.984     13  2221.968     2224.812     2260.394
205  FLU+F         1090.411     30  2240.822     2257.579     2329.497
206  FLU+F+I       1084.176     31  2230.352     2248.388     2321.983
207  FLU+F+G4      1082.959     31  2227.917     2245.954     2319.548
208  FLU+F+I+G4    1083.122     32  2230.245     2249.621     2324.831
209  rtREV         1095.791     11  2213.582     2215.613     2246.096
210  rtREV+I       1093.001     12  2210.003     2212.421     2245.473
211  rtREV+G4      1093.651     12  2211.303     2213.721     2246.773
212  rtREV+I+G4    1093.009     13  2212.019     2214.863     2250.445
213  rtREV+F       1077.270     30  2214.540     2231.297     2303.215
214  rtREV+F+I     1074.698     31  2211.397     2229.433     2303.027
215  rtREV+F+G4    1075.202     31  2212.403     2230.439     2304.034
216  rtREV+F+I+G4  1074.708     32  2213.415     2232.791     2308.002
217  cpREV         1081.186     11  2184.371     2186.402     2216.885
218  cpREV+I       1080.866     12  2185.732     2188.150     2221.201
219  cpREV+G4      1081.014     12  2186.027     2188.446     2221.497
220  cpREV+I+G4    1081.061     13  2188.122     2190.966     2226.548
221  cpREV+F       1068.520     30  2197.040     2213.796     2285.714
222  cpREV+F+I     1068.304     31  2198.608     2216.644     2290.239
223  cpREV+F+G4    1068.460     31  2198.919     2216.956     2290.550
224  cpREV+F+I+G4  1068.562     32  2201.124     2220.500     2295.710
Akaike Information Criterion:           WAG
Corrected Akaike Information Criterion: WAG
Bayesian Information Criterion:         WAG
Best-fit model: WAG chosen according to BIC

All model information printed to ../results/molecular_evolution_analyses/phylogenetic_trees/F118276_MLIG_G1/F118276_MLIG_G1.model.gz
CPU time for ModelFinder: 5.019 seconds (0h:0m:5s)
Wall-clock time for ModelFinder: 5.046 seconds (0h:0m:5s)
Generating 1000 samples for ultrafast bootstrap (seed: 933705)...

NOTE: 0 MB RAM (0 GB) is required!
Estimate model parameters (epsilon = 0.100)
1. Initial log-likelihood: -1076.104
Optimal log-likelihood: -1076.104
Parameters optimization took 1 rounds (0.001 sec)
Wrote distance file to... 
Computing ML distances based on estimated model parameters...
Calculating distance matrix: done in 0.00225592 secs using 99.34% CPU
Computing ML distances took 0.002326 sec (of wall-clock time) 0.002310 sec (of CPU time)
Setting up auxiliary I and S matrices: done in 3.91006e-05 secs using 99.74% CPU
Constructing RapidNJ tree: done in 2.5034e-05 secs using 99.86% CPU
Computing RapidNJ tree took 0.000133 sec (of wall-clock time) 0.000131 sec (of CPU time)
Log-likelihood of RapidNJ tree: -1076.105
--------------------------------------------------------------------
|             INITIALIZING CANDIDATE TREE SET                      |
--------------------------------------------------------------------
Generating 98 parsimony trees... 0.028 second
Computing log-likelihood of 43 initial trees ... 0.025 seconds
Current best score: -1076.104

Do NNI search on 20 best initial trees
Optimizing NNI: done in 0.00231004 secs using 142.6% CPU
Estimate model parameters (epsilon = 0.100)
BETTER TREE FOUND at iteration 1: -1076.104
Optimizing NNI: done in 0.00202203 secs using 199.3% CPU
Optimizing NNI: done in 0.00569415 secs using 37.56% CPU
BETTER TREE FOUND at iteration 3: -1076.104
Optimizing NNI: done in 0.00924706 secs using 180.7% CPU
Optimizing NNI: done in 0.0103879 secs using 160.4% CPU
UPDATE BEST LOG-LIKELIHOOD: -1076.104
Optimizing NNI: done in 0.00887084 secs using 199.7% CPU
Optimizing NNI: done in 0.00860596 secs using 199.8% CPU
Optimizing NNI: done in 0.00872779 secs using 199.7% CPU
UPDATE BEST LOG-LIKELIHOOD: -1076.104
Optimizing NNI: done in 0.00866008 secs using 200.1% CPU
Optimizing NNI: done in 0.0103018 secs using 199.6% CPU
UPDATE BEST LOG-LIKELIHOOD: -1076.104
Iteration 10 / LogL: -1076.104 / Time: 0h:0m:0s
Optimizing NNI: done in 0.00692391 secs using 200% CPU
Optimizing NNI: done in 0.00556397 secs using 200% CPU
Optimizing NNI: done in 0.00564504 secs using 199.6% CPU
Optimizing NNI: done in 0.00567794 secs using 199.6% CPU
Optimizing NNI: done in 0.00558209 secs using 200.1% CPU
Optimizing NNI: done in 0.010643 secs using 199.8% CPU
Optimizing NNI: done in 0.00991893 secs using 199.6% CPU
Optimizing NNI: done in 0.00682116 secs using 200% CPU
Optimizing NNI: done in 0.00697994 secs using 199.7% CPU
Optimizing NNI: done in 0.00950003 secs using 123.3% CPU
Iteration 20 / LogL: -1076.106 / Time: 0h:0m:0s
Finish initializing candidate tree set (3)
Current best tree score: -1076.104 / CPU time: 0.212
Number of iterations: 20
--------------------------------------------------------------------
|               OPTIMIZING CANDIDATE TREE SET                      |
--------------------------------------------------------------------
Optimizing NNI: done in 0.005867 secs using 99.98% CPU
UPDATE BEST LOG-LIKELIHOOD: -1076.104
Optimizing NNI: done in 0.012655 secs using 99.86% CPU
Optimizing NNI: done in 0.00264788 secs using 99.51% CPU
Optimizing NNI: done in 0.0128789 secs using 99.8% CPU
Optimizing NNI: done in 0.00261807 secs using 99.5% CPU
Optimizing NNI: done in 0.00833082 secs using 99.85% CPU
Optimizing NNI: done in 0.00839686 secs using 99.83% CPU
Optimizing NNI: done in 0.016207 secs using 99.85% CPU
Optimizing NNI: done in 0.00838494 secs using 99.82% CPU
Optimizing NNI: done in 0.00831699 secs using 100% CPU
Iteration 30 / LogL: -1076.104 / Time: 0h:0m:0s (0h:0m:0s left)
Optimizing NNI: done in 0.013098 secs using 99.78% CPU
Optimizing NNI: done in 0.00834394 secs using 99.86% CPU
Optimizing NNI: done in 0.00536299 secs using 99.78% CPU
Optimizing NNI: done in 0.00833201 secs using 99.87% CPU
Optimizing NNI: done in 0.0030489 secs using 100% CPU
Optimizing NNI: done in 0.0132821 secs using 99.9% CPU
Optimizing NNI: done in 0.00535989 secs using 99.8% CPU
Optimizing NNI: done in 0.0149059 secs using 99.83% CPU
Optimizing NNI: done in 0.0154479 secs using 99.81% CPU
Optimizing NNI: done in 0.016326 secs using 99.8% CPU
Iteration 40 / LogL: -1076.104 / Time: 0h:0m:0s (0h:0m:0s left)
Optimizing NNI: done in 0.0162721 secs using 99.83% CPU
Optimizing NNI: done in 0.013839 secs using 99.83% CPU
Optimizing NNI: done in 0.005867 secs using 99.76% CPU
UPDATE BEST LOG-LIKELIHOOD: -1076.104
Optimizing NNI: done in 0.0137451 secs using 99.8% CPU
Optimizing NNI: done in 0.012846 secs using 99.81% CPU
Optimizing NNI: done in 0.00304294 secs using 100% CPU
Optimizing NNI: done in 0.00253201 secs using 100% CPU
Optimizing NNI: done in 0.00827098 secs using 99.83% CPU
Optimizing NNI: done in 0.013097 secs using 99.9% CPU
Optimizing NNI: done in 0.012593 secs using 99.9% CPU
Iteration 50 / LogL: -1076.104 / Time: 0h:0m:0s (0h:0m:0s left)
Log-likelihood cutoff on original alignment: -1092.470
Optimizing NNI: done in 0.00549889 secs using 99.78% CPU
UPDATE BEST LOG-LIKELIHOOD: -1076.104
Optimizing NNI: done in 0.00543785 secs using 99.89% CPU
Optimizing NNI: done in 0.0159299 secs using 99.73% CPU
Optimizing NNI: done in 0.013334 secs using 99.92% CPU
Optimizing NNI: done in 0.0136011 secs using 99.79% CPU
Optimizing NNI: done in 0.00255203 secs using 99.37% CPU
Optimizing NNI: done in 0.00837708 secs using 99.84% CPU
Optimizing NNI: done in 0.00605106 secs using 99.8% CPU
Optimizing NNI: done in 0.0179708 secs using 99.91% CPU
WARNING: NNI search needs unusual large number of steps (7) to converge!
Optimizing NNI: done in 0.00544405 secs using 100% CPU
Iteration 60 / LogL: -1076.104 / Time: 0h:0m:0s (0h:0m:0s left)
Optimizing NNI: done in 0.0130589 secs using 99.9% CPU
Optimizing NNI: done in 0.0157731 secs using 99.91% CPU
Optimizing NNI: done in 0.00303817 secs using 99.99% CPU
Optimizing NNI: done in 0.0190539 secs using 99.92% CPU
Optimizing NNI: done in 0.0158179 secs using 99.91% CPU
Optimizing NNI: done in 0.00256801 secs using 100% CPU
Optimizing NNI: done in 0.0054729 secs using 99.69% CPU
Optimizing NNI: done in 0.00541902 secs using 99.78% CPU
Optimizing NNI: done in 0.015866 secs using 99.91% CPU
Optimizing NNI: done in 0.012955 secs using 99.91% CPU
Iteration 70 / LogL: -1076.104 / Time: 0h:0m:0s (0h:0m:0s left)
Optimizing NNI: done in 0.0106359 secs using 99.84% CPU
Optimizing NNI: done in 0.00548697 secs using 100% CPU
Optimizing NNI: done in 0.015301 secs using 99.93% CPU
Optimizing NNI: done in 0.00297809 secs using 100% CPU
Optimizing NNI: done in 0.00259185 secs using 99.97% CPU
Optimizing NNI: done in 0.0138462 secs using 99.82% CPU
Optimizing NNI: done in 0.00303006 secs using 99.57% CPU
Optimizing NNI: done in 0.0129938 secs using 99.91% CPU
Optimizing NNI: done in 0.00547695 secs using 99.73% CPU
Optimizing NNI: done in 0.00300193 secs using 99.97% CPU
Iteration 80 / LogL: -1076.104 / Time: 0h:0m:1s (0h:0m:0s left)
Optimizing NNI: done in 0.0155759 secs using 99.9% CPU
Optimizing NNI: done in 0.00841093 secs using 99.83% CPU
Optimizing NNI: done in 0.0132968 secs using 99.84% CPU
Optimizing NNI: done in 0.0136859 secs using 99.91% CPU
Optimizing NNI: done in 0.015728 secs using 99.92% CPU
Optimizing NNI: done in 0.00590301 secs using 99.75% CPU
Optimizing NNI: done in 0.00303197 secs using 100% CPU
Optimizing NNI: done in 0.00546503 secs using 100% CPU
Optimizing NNI: done in 0.0129991 secs using 99.91% CPU
Optimizing NNI: done in 0.0056479 secs using 99.81% CPU
Iteration 90 / LogL: -1076.370 / Time: 0h:0m:1s (0h:0m:0s left)
Optimizing NNI: done in 0.00261307 secs using 99.96% CPU
Optimizing NNI: done in 0.00787687 secs using 99.86% CPU
Optimizing NNI: done in 0.0133972 secs using 99.89% CPU
Optimizing NNI: done in 0.015835 secs using 99.92% CPU
Optimizing NNI: done in 0.0103312 secs using 99.86% CPU
Optimizing NNI: done in 0.00883293 secs using 99.71% CPU
Optimizing NNI: done in 0.00295305 secs using 100% CPU
Optimizing NNI: done in 0.00579906 secs using 100% CPU
Optimizing NNI: done in 0.00544906 secs using 99.69% CPU
Optimizing NNI: done in 0.00798893 secs using 99.84% CPU
Iteration 100 / LogL: -1076.377 / Time: 0h:0m:1s (0h:0m:0s left)
Log-likelihood cutoff on original alignment: -1092.559
NOTE: Bootstrap correlation coefficient of split occurrence frequencies: 1.000
Optimizing NNI: done in 0.00289202 secs using 99.96% CPU
Optimizing NNI: done in 0.00579715 secs using 99.76% CPU
Optimizing NNI: done in 0.0060401 secs using 99.77% CPU
Optimizing NNI: done in 0.0160799 secs using 99.89% CPU
TREE SEARCH COMPLETED AFTER 104 ITERATIONS / Time: 0h:0m:1s

--------------------------------------------------------------------
|                    FINALIZING TREE SEARCH                        |
--------------------------------------------------------------------
Performs final model parameters optimization
Estimate model parameters (epsilon = 0.010)
1. Initial log-likelihood: -1076.104
Optimal log-likelihood: -1076.104
Parameters optimization took 1 rounds (0.001 sec)
BEST SCORE FOUND : -1076.104

Testing tree branches by SH-like aLRT with 1000 replicates...
0.017 sec.
Creating bootstrap support values...
Split supports printed to NEXUS file ../results/molecular_evolution_analyses/phylogenetic_trees/F118276_MLIG_G1/F118276_MLIG_G1.splits.nex
Total tree length: 1.338

Total number of iterations: 104
CPU time used for tree search: 1.573 sec (0h:0m:1s)
Wall-clock time used for tree search: 1.434 sec (0h:0m:1s)
Total CPU time used: 1.636 sec (0h:0m:1s)
Total wall-clock time used: 1.501 sec (0h:0m:1s)

Computing bootstrap consensus tree...
Reading input file ../results/molecular_evolution_analyses/phylogenetic_trees/F118276_MLIG_G1/F118276_MLIG_G1.splits.nex...
7 taxa and 18 splits.
Consensus tree written to ../results/molecular_evolution_analyses/phylogenetic_trees/F118276_MLIG_G1/F118276_MLIG_G1.contree
Reading input trees file ../results/molecular_evolution_analyses/phylogenetic_trees/F118276_MLIG_G1/F118276_MLIG_G1.contree
Log-likelihood of consensus tree: -1076.105

Analysis results written to: 
  IQ-TREE report:                ../results/molecular_evolution_analyses/phylogenetic_trees/F118276_MLIG_G1/F118276_MLIG_G1.iqtree
  Maximum-likelihood tree:       ../results/molecular_evolution_analyses/phylogenetic_trees/F118276_MLIG_G1/F118276_MLIG_G1.treefile
  Likelihood distances:          ../results/molecular_evolution_analyses/phylogenetic_trees/F118276_MLIG_G1/F118276_MLIG_G1.mldist

Ultrafast bootstrap approximation results written to:
  Split support values:          ../results/molecular_evolution_analyses/phylogenetic_trees/F118276_MLIG_G1/F118276_MLIG_G1.splits.nex
  Consensus tree:                ../results/molecular_evolution_analyses/phylogenetic_trees/F118276_MLIG_G1/F118276_MLIG_G1.contree
  Screen log file:               ../results/molecular_evolution_analyses/phylogenetic_trees/F118276_MLIG_G1/F118276_MLIG_G1.log

Date and Time: Thu Mar 28 11:23:12 2024
