IQ-TREE multicore version 2.2.2.6 COVID-edition for Linux 64-bit built May 27 2023
Developed by Bui Quang Minh, James Barbetti, Nguyen Lam Tung,
Olga Chernomor, Heiko Schmidt, Dominik Schrempf, Michael Woodhams, Ly Trong Nhan.

Host:    lbc5 (AVX2, FMA3, 125 GB RAM)
Command: /home/mauricio/mauricio_PROGRAMAS/iqtree-2.2.2.6-Linux/bin/iqtree2 -s ../results/molecular_evolution_analyses/alignments_gblocks/F45660_SMED_G1/F45660_SMED_G1.aln.gblo -m TEST --threads-max 32 --alrt 1000 --ufboot 1000 --prefix ../results/molecular_evolution_analyses/phylogenetic_trees/F45660_SMED_G1/F45660_SMED_G1
Seed:    271189 (Using SPRNG - Scalable Parallel Random Number Generator)
Time:    Thu Mar 28 11:15:38 2024
Kernel:  AVX+FMA - 1 threads (32 CPU cores detected)

HINT: Use -nt option to specify number of threads because your CPU has 32 cores!
HINT: -nt AUTO will automatically determine the best number of threads to use.

Reading alignment file ../results/molecular_evolution_analyses/alignments_gblocks/F45660_SMED_G1/F45660_SMED_G1.aln.gblo ... Fasta format detected
Reading fasta file: done in 3.91006e-05 secs using 97.19% CPU
Alignment most likely contains protein sequences
Constructing alignment: done in 3.60012e-05 secs using 100% CPU
Alignment has 12 sequences with 21 columns, 20 distinct patterns
7 parsimony-informative, 8 singleton sites, 6 constant sites
            Gap/Ambiguity  Composition  p-value
Analyzing sequences: done in 6.91414e-06 secs using 101.2% CPU
   1  Smed.21691    0.00%    passed     99.33%
   2  Smed.24370    0.00%    passed     99.39%
   3  Smed.27185    0.00%    passed     97.09%
   4  Smed.3354     0.00%    passed     99.99%
   5  Smed.26042    0.00%    passed     99.30%
   6  Smed.2221     0.00%    passed     61.26%
   7  Smed.7277     0.00%    passed     95.51%
   8  Smed.12456    0.00%    passed     98.02%
   9  Smed.5262     0.00%    passed     98.84%
  10  Smed.10884    0.00%    passed    100.00%
  11  Smed.6771     0.00%    passed     99.60%
  12  Smed.17316    0.00%    passed     53.58%
****  TOTAL         0.00%  0 sequences failed composition chi2 test (p-value<5%; df=18)
Checking for duplicate sequences: done in 2.59876e-05 secs using 100% CPU


Create initial parsimony tree by phylogenetic likelihood library (PLL)... 0.000 seconds
Perform fast likelihood tree search using LG+I+G model...
Estimate model parameters (epsilon = 5.000)
Perform nearest neighbor interchange...
Optimizing NNI: done in 0.00613499 secs using 96.5% CPU
Estimate model parameters (epsilon = 1.000)
1. Initial log-likelihood: -214.587
Optimal log-likelihood: -214.570
Proportion of invariable sites: 0.112
Gamma shape alpha: 3.048
Parameters optimization took 1 rounds (0.020 sec)
Time for fast ML tree search: 0.056 seconds

NOTE: ModelFinder requires 0 MB RAM!
ModelFinder will test up to 224 protein models (sample size: 21) ...
 No. Model         -LnL         df  AIC          AICc         BIC
  1  LG            215.903      21  473.806      1397.806     495.741
  2  LG+I          214.921      22  473.842      1485.842     496.821
  3  LG+G4         214.452      22  472.904      1484.904     495.883
  4  LG+I+G4       214.554      23  475.109      1579.109     499.133
  5  LG+F          220.986      40  521.972      3801.972     563.753
  6  LG+F+I        220.146      41  522.291      3966.291     565.117
  7  LG+F+G4       219.432      41  520.863      3964.863     563.689
  8  LG+F+I+G4     219.562      42  523.123      4135.123     566.993
  9  WAG           213.951      21  469.902      1393.902     491.837
 10  WAG+I         212.967      22  469.934      1481.934     492.914
 11  WAG+G4        212.584      22  469.168      1481.168     492.148
 12  WAG+I+G4      212.657      23  471.315      1575.315     495.339
 13  WAG+F         218.061      40  516.121      3796.121     557.902
 14  WAG+F+I       217.452      41  516.904      3960.904     559.729
 15  WAG+F+G4      216.705      41  515.410      3959.410     558.236
 16  WAG+F+I+G4    216.879      42  517.758      4129.758     561.628
 17  JTT           209.496      21  460.992      1384.992     482.927
 18  JTT+I         208.529      22  461.057      1473.057     484.037
 19  JTT+G4        208.339      22  460.677      1472.677     483.657
 20  JTT+I+G4      208.359      23  462.718      1566.718     486.742
 21  JTT+F         215.289      40  510.577      3790.577     552.358
 22  JTT+F+I       214.618      41  511.236      3955.236     554.062
 23  JTT+F+G4      214.246      41  510.492      3954.492     553.317
 24  JTT+F+I+G4    214.340      42  512.679      4124.679     556.549
WARNING: Normalizing state frequencies so that sum of them equals to 1
 25  Q.pfam        214.178      21  470.355      1394.355     492.290
WARNING: Normalizing state frequencies so that sum of them equals to 1
 26  Q.pfam+I      213.233      22  470.466      1482.466     493.445
WARNING: Normalizing state frequencies so that sum of them equals to 1
 27  Q.pfam+G4     212.942      22  469.885      1481.885     492.864
WARNING: Normalizing state frequencies so that sum of them equals to 1
 28  Q.pfam+I+G4   213.002      23  472.004      1576.004     496.028
WARNING: Normalizing state frequencies so that sum of them equals to 1
 29  Q.pfam+F      219.531      40  519.063      3799.063     560.844
WARNING: Normalizing state frequencies so that sum of them equals to 1
 30  Q.pfam+F+I    218.677      41  519.354      3963.354     562.180
WARNING: Normalizing state frequencies so that sum of them equals to 1
 31  Q.pfam+F+G4   218.290      41  518.580      3962.580     561.406
WARNING: Normalizing state frequencies so that sum of them equals to 1
 32  Q.pfam+F+I+G4 218.385      42  520.770      4132.770     564.640
WARNING: Normalizing state frequencies so that sum of them equals to 1
 33  Q.bird        208.098      21  458.195      1382.195     480.130
WARNING: Normalizing state frequencies so that sum of them equals to 1
 34  Q.bird+I      206.804      22  457.607      1469.607     480.587
WARNING: Normalizing state frequencies so that sum of them equals to 1
 35  Q.bird+G4     206.702      22  457.404      1469.404     480.383
WARNING: Normalizing state frequencies so that sum of them equals to 1
 36  Q.bird+I+G4   206.677      23  459.354      1563.354     483.378
WARNING: Normalizing state frequencies so that sum of them equals to 1
 37  Q.bird+F      214.732      40  509.464      3789.464     551.245
WARNING: Normalizing state frequencies so that sum of them equals to 1
 38  Q.bird+F+I    213.398      41  508.796      3952.796     551.622
WARNING: Normalizing state frequencies so that sum of them equals to 1
 39  Q.bird+F+G4   213.406      41  508.813      3952.813     551.638
WARNING: Normalizing state frequencies so that sum of them equals to 1
 40  Q.bird+F+I+G4 213.350      42  510.699      4122.699     554.569
WARNING: Normalizing state frequencies so that sum of them equals to 1
 41  Q.mammal      208.378      21  458.756      1382.756     480.691
WARNING: Normalizing state frequencies so that sum of them equals to 1
 42  Q.mammal+I    207.175      22  458.349      1470.349     481.329
WARNING: Normalizing state frequencies so that sum of them equals to 1
 43  Q.mammal+G4   207.138      22  458.275      1470.275     481.255
WARNING: Normalizing state frequencies so that sum of them equals to 1
 44  Q.mammal+I+G4 207.092      23  460.183      1564.183     484.207
WARNING: Normalizing state frequencies so that sum of them equals to 1
 45  Q.mammal+F    214.192      40  508.384      3788.384     550.165
WARNING: Normalizing state frequencies so that sum of them equals to 1
 46  Q.mammal+F+I  213.337      41  508.674      3952.674     551.499
WARNING: Normalizing state frequencies so that sum of them equals to 1
 47  Q.mammal+F+G4 213.166      41  508.332      3952.332     551.157
WARNING: Normalizing state frequencies so that sum of them equals to 1
 48  Q.mammal+F+I+G4 213.190      42  510.379      4122.379     554.249
 49  Q.insect      215.611      21  473.223      1397.223     495.158
 50  Q.insect+I    214.556      22  473.113      1485.113     496.092
 51  Q.insect+G4   214.405      22  472.810      1484.810     495.789
 52  Q.insect+I+G4 214.416      23  474.831      1578.831     498.855
 53  Q.insect+F    219.246      40  518.493      3798.493     560.274
 54  Q.insect+F+I  218.417      41  518.834      3962.834     561.660
 55  Q.insect+F+G4 218.263      41  518.525      3962.525     561.351
 56  Q.insect+F+I+G4 218.286      42  520.572      4132.572     564.442
WARNING: Normalizing state frequencies so that sum of them equals to 1
 57  Q.plant       210.411      21  462.822      1386.822     484.757
WARNING: Normalizing state frequencies so that sum of them equals to 1
 58  Q.plant+I     208.929      22  461.859      1473.859     484.838
WARNING: Normalizing state frequencies so that sum of them equals to 1
 59  Q.plant+G4    208.702      22  461.403      1473.403     484.383
WARNING: Normalizing state frequencies so that sum of them equals to 1
 60  Q.plant+I+G4  208.725      23  463.449      1567.449     487.473
WARNING: Normalizing state frequencies so that sum of them equals to 1
 61  Q.plant+F     215.643      40  511.285      3791.285     553.066
WARNING: Normalizing state frequencies so that sum of them equals to 1
 62  Q.plant+F+I   214.380      41  510.759      3954.759     553.585
WARNING: Normalizing state frequencies so that sum of them equals to 1
 63  Q.plant+F+G4  214.013      41  510.025      3954.025     552.851
WARNING: Normalizing state frequencies so that sum of them equals to 1
 64  Q.plant+F+I+G4 214.064      42  512.128      4124.128     555.998
WARNING: Normalizing state frequencies so that sum of them equals to 1
 65  Q.yeast       217.900      21  477.800      1401.800     499.735
WARNING: Normalizing state frequencies so that sum of them equals to 1
 66  Q.yeast+I     216.864      22  477.728      1489.728     500.708
WARNING: Normalizing state frequencies so that sum of them equals to 1
 67  Q.yeast+G4    216.651      22  477.301      1489.301     500.281
WARNING: Normalizing state frequencies so that sum of them equals to 1
 68  Q.yeast+I+G4  216.681      23  479.362      1583.362     503.386
WARNING: Normalizing state frequencies so that sum of them equals to 1
 69  Q.yeast+F     220.942      40  521.884      3801.884     563.665
WARNING: Normalizing state frequencies so that sum of them equals to 1
 70  Q.yeast+F+I   220.018      41  522.037      3966.037     564.862
WARNING: Normalizing state frequencies so that sum of them equals to 1
 71  Q.yeast+F+G4  219.622      41  521.243      3965.243     564.068
WARNING: Normalizing state frequencies so that sum of them equals to 1
 72  Q.yeast+F+I+G4 219.694      42  523.388      4135.388     567.258
 73  JTTDCMut      209.795      21  461.589      1385.589     483.524
 74  JTTDCMut+I    208.783      22  461.567      1473.567     484.546
 75  JTTDCMut+G4   208.597      22  461.194      1473.194     484.174
 76  JTTDCMut+I+G4 208.613      23  463.226      1567.226     487.250
 77  JTTDCMut+F    215.612      40  511.224      3791.224     553.005
 78  JTTDCMut+F+I  214.933      41  511.867      3955.867     554.692
 79  JTTDCMut+F+G4 214.532      41  511.064      3955.064     553.889
 80  JTTDCMut+F+I+G4 214.621      42  513.242      4125.242     557.112
 81  DCMut         214.856      21  471.712      1395.712     493.647
 82  DCMut+I       213.091      22  470.181      1482.181     493.161
 83  DCMut+G4      213.280      22  470.561      1482.561     493.540
 84  DCMut+I+G4    213.097      23  472.195      1576.195     496.219
 85  DCMut+F       217.820      40  515.640      3795.640     557.421
 86  DCMut+F+I     216.644      41  515.288      3959.288     558.113
 87  DCMut+F+G4    216.476      41  514.951      3958.951     557.777
 88  DCMut+F+I+G4  216.477      42  516.954      4128.954     560.824
 89  VT            212.524      21  467.048      1391.048     488.983
 90  VT+I          212.003      22  468.006      1480.006     490.985
 91  VT+G4         211.619      22  467.237      1479.237     490.217
 92  VT+I+G4       211.725      23  469.449      1573.449     493.473
 93  VT+F          216.642      40  513.284      3793.284     555.065
 94  VT+F+I        216.395      41  514.790      3958.790     557.615
 95  VT+F+G4       216.561      41  515.122      3959.122     557.947
 96  VT+F+I+G4     216.387      42  516.774      4128.774     560.643
 97  PMB           216.670      21  475.339      1399.339     497.274
 98  PMB+I         216.485      22  476.970      1488.970     499.949
 99  PMB+G4        216.337      22  476.675      1488.675     499.654
100  PMB+I+G4      216.313      23  478.626      1582.626     502.650
101  PMB+F         220.016      40  520.031      3800.031     561.812
102  PMB+F+I       219.896      41  521.791      3965.791     564.617
103  PMB+F+G4      219.655      41  521.310      3965.310     564.135
104  PMB+F+I+G4    219.807      42  523.613      4135.613     567.483
105  Blosum62      217.219      21  476.439      1400.439     498.374
106  Blosum62+I    217.064      22  478.129      1490.129     501.108
107  Blosum62+G4   216.434      22  476.868      1488.868     499.848
108  Blosum62+I+G4 216.626      23  479.252      1583.252     503.276
109  Blosum62+F    219.976      40  519.952      3799.952     561.733
110  Blosum62+F+I  219.896      41  521.793      3965.793     564.618
111  Blosum62+F+G4 219.702      41  521.403      3965.403     564.229
112  Blosum62+F+I+G4 219.852      42  523.703      4135.703     567.573
113  Dayhoff       214.884      21  471.768      1395.768     493.703
114  Dayhoff+I     213.104      22  470.208      1482.208     493.188
115  Dayhoff+G4    213.293      22  470.586      1482.586     493.565
116  Dayhoff+I+G4  213.110      23  472.219      1576.219     496.243
117  Dayhoff+F     217.841      40  515.682      3795.682     557.463
118  Dayhoff+F+I   216.656      41  515.312      3959.312     558.137
119  Dayhoff+F+G4  216.484      41  514.967      3958.967     557.793
120  Dayhoff+F+I+G4 216.485      42  516.971      4128.971     560.841
121  mtREV         224.024      21  490.048      1414.048     511.983
122  mtREV+I       222.305      22  488.609      1500.609     511.588
123  mtREV+G4      219.964      22  483.927      1495.927     506.907
124  mtREV+I+G4    220.166      23  486.333      1590.333     510.357
125  mtREV+F       218.102      40  516.204      3796.204     557.985
126  mtREV+F+I     215.813      41  513.627      3957.627     556.452
127  mtREV+F+G4    215.430      41  512.860      3956.860     555.686
128  mtREV+F+I+G4  215.439      42  514.877      4126.877     558.747
129  mtART         233.288      21  508.575      1432.575     530.510
130  mtART+I       231.565      22  507.131      1519.131     530.110
131  mtART+G4      227.315      22  498.630      1510.630     521.609
132  mtART+I+G4    227.442      23  500.884      1604.884     524.908
133  mtART+F       221.911      40  523.822      3803.822     565.602
134  mtART+F+I     219.716      41  521.432      3965.432     564.258
135  mtART+F+G4    217.518      41  517.036      3961.036     559.861
136  mtART+F+I+G4  217.670      42  519.341      4131.341     563.211
137  mtZOA         226.979      21  495.958      1419.958     517.893
138  mtZOA+I       225.657      22  495.313      1507.313     518.293
139  mtZOA+G4      222.166      22  488.333      1500.333     511.312
140  mtZOA+I+G4    222.321      23  490.641      1594.641     514.665
141  mtZOA+F       219.119      40  518.238      3798.238     560.019
142  mtZOA+F+I     218.242      41  518.484      3962.484     561.310
143  mtZOA+F+G4    216.674      41  515.348      3959.348     558.174
144  mtZOA+F+I+G4  216.861      42  517.723      4129.723     561.592
145  mtMet         222.675      21  487.351      1411.351     509.286
146  mtMet+I       221.945      22  487.889      1499.889     510.868
147  mtMet+G4      219.447      22  482.894      1494.894     505.873
148  mtMet+I+G4    219.625      23  485.250      1589.250     509.274
149  mtMet+F       211.120      40  502.240      3782.240     544.021
150  mtMet+F+I     210.213      41  502.426      3946.426     545.251
151  mtMet+F+G4    209.479      41  500.957      3944.957     543.783
152  mtMet+F+I+G4  209.617      42  503.234      4115.234     547.104
153  mtVer         218.779      21  479.557      1403.557     501.492
154  mtVer+I       217.952      22  479.904      1491.904     502.883
155  mtVer+G4      214.894      22  473.788      1485.788     496.768
156  mtVer+I+G4    215.075      23  476.151      1580.151     500.175
157  mtVer+F       210.669      40  501.337      3781.337     543.118
158  mtVer+F+I     209.123      41  500.245      3944.245     543.071
159  mtVer+F+G4    208.552      41  499.104      3943.104     541.929
160  mtVer+F+I+G4  208.630      42  501.261      4113.261     545.131
161  mtInv         227.996      21  497.991      1421.991     519.926
162  mtInv+I       227.508      22  499.016      1511.016     521.995
163  mtInv+G4      225.169      22  494.337      1506.337     517.317
164  mtInv+I+G4    225.351      23  496.703      1600.703     520.727
165  mtInv+F       212.634      40  505.267      3785.267     547.048
166  mtInv+F+I     212.337      41  506.673      3950.673     549.499
167  mtInv+F+G4    211.515      41  505.029      3949.029     547.855
168  mtInv+F+I+G4  211.681      42  507.361      4119.361     551.231
169  mtMAM         229.091      21  500.181      1424.181     522.116
170  mtMAM+I       227.336      22  498.672      1510.672     521.651
171  mtMAM+G4      221.901      22  487.803      1499.803     510.782
172  mtMAM+I+G4    222.069      23  490.138      1594.138     514.162
173  mtMAM+F       222.472      40  524.944      3804.944     566.725
174  mtMAM+F+I     218.796      41  519.592      3963.592     562.417
175  mtMAM+F+G4    216.938      41  515.875      3959.875     558.701
176  mtMAM+F+I+G4  216.999      42  517.998      4129.998     561.868
WARNING: Normalizing state frequencies so that sum of them equals to 1
177  FLAVI         216.339      21  474.679      1398.679     496.613
WARNING: Normalizing state frequencies so that sum of them equals to 1
178  FLAVI+I       214.402      22  472.804      1484.804     495.783
WARNING: Normalizing state frequencies so that sum of them equals to 1
179  FLAVI+G4      212.722      22  469.443      1481.443     492.423
WARNING: Normalizing state frequencies so that sum of them equals to 1
180  FLAVI+I+G4    212.862      23  471.725      1575.725     495.749
WARNING: Normalizing state frequencies so that sum of them equals to 1
181  FLAVI+F       222.799      40  525.597      3805.597     567.378
WARNING: Normalizing state frequencies so that sum of them equals to 1
182  FLAVI+F+I     221.961      41  525.921      3969.921     568.747
WARNING: Normalizing state frequencies so that sum of them equals to 1
183  FLAVI+F+G4    218.498      41  518.997      3962.997     561.822
WARNING: Normalizing state frequencies so that sum of them equals to 1
184  FLAVI+F+I+G4  218.682      42  521.365      4133.365     565.235
185  HIVb          207.763      21  457.527      1381.527     479.462
186  HIVb+I        206.822      22  457.644      1469.644     480.623
187  HIVb+G4       206.071      22  456.142      1468.142     479.121
188  HIVb+I+G4     206.208      23  458.415      1562.415     482.439
189  HIVb+F        216.704      40  513.408      3793.408     555.189
190  HIVb+F+I      215.937      41  513.873      3957.873     556.699
191  HIVb+F+G4     214.723      41  511.446      3955.446     554.271
192  HIVb+F+I+G4   214.885      42  513.770      4125.770     557.640
193  HIVw          215.080      21  472.159      1396.159     494.094
194  HIVw+I        214.090      22  472.180      1484.180     495.159
195  HIVw+G4       213.112      22  470.224      1482.224     493.203
196  HIVw+I+G4     213.243      23  472.486      1576.486     496.510
197  HIVw+F        218.883      40  517.766      3797.766     559.547
198  HIVw+F+I      217.890      41  517.780      3961.780     560.606
199  HIVw+F+G4     216.286      41  514.573      3958.573     557.398
200  HIVw+F+I+G4   216.449      42  516.898      4128.898     560.768
201  FLU           217.036      21  476.073      1400.073     498.008
202  FLU+I         215.665      22  475.329      1487.329     498.309
203  FLU+G4        214.179      22  472.358      1484.358     495.338
204  FLU+I+G4      214.330      23  474.659      1578.659     498.683
205  FLU+F         221.299      40  522.598      3802.598     564.379
206  FLU+F+I       220.220      41  522.439      3966.439     565.265
207  FLU+F+G4      216.648      41  515.297      3959.297     558.122
208  FLU+F+I+G4    216.827      42  517.654      4129.654     561.524
209  rtREV         215.771      21  473.543      1397.543     495.478
210  rtREV+I       214.732      22  473.463      1485.463     496.443
211  rtREV+G4      213.929      22  471.857      1483.857     494.837
212  rtREV+I+G4    214.071      23  474.141      1578.141     498.165
213  rtREV+F       220.116      40  520.232      3800.232     562.013
214  rtREV+F+I     219.651      41  521.301      3965.301     564.127
215  rtREV+F+G4    218.884      41  519.768      3963.768     562.593
216  rtREV+F+I+G4  219.066      42  522.132      4134.132     566.002
217  cpREV         215.403      21  472.807      1396.807     494.742
218  cpREV+I       214.640      22  473.279      1485.279     496.259
219  cpREV+G4      212.703      22  469.405      1481.405     492.385
220  cpREV+I+G4    212.906      23  471.811      1575.811     495.835
221  cpREV+F       219.657      40  519.313      3799.313     561.094
222  cpREV+F+I     219.330      41  520.659      3964.659     563.485
223  cpREV+F+G4    217.537      41  517.075      3961.075     559.900
224  cpREV+F+I+G4  218.007      42  520.014      4132.014     563.883
Akaike Information Criterion:           HIVb+G4
Corrected Akaike Information Criterion: HIVb
Bayesian Information Criterion:         HIVb+G4
Best-fit model: HIVb+G4 chosen according to BIC

All model information printed to ../results/molecular_evolution_analyses/phylogenetic_trees/F45660_SMED_G1/F45660_SMED_G1.model.gz
CPU time for ModelFinder: 2.278 seconds (0h:0m:2s)
Wall-clock time for ModelFinder: 2.330 seconds (0h:0m:2s)
NOTE: State(s) M not present in alignment and thus removed from Markov process to prevent numerical problems
NOTE: 1 states (see above) are not present and thus removed from Markov process to prevent numerical problems
Generating 1000 samples for ultrafast bootstrap (seed: 271189)...

NOTE: 0 MB RAM (0 GB) is required!
Estimate model parameters (epsilon = 0.100)
1. Initial log-likelihood: -206.071
Optimal log-likelihood: -206.071
Gamma shape alpha: 1.451
Parameters optimization took 1 rounds (0.005 sec)
Wrote distance file to... 
Computing ML distances based on estimated model parameters...
Calculating distance matrix: done in 0.024632 secs using 99.64% CPU
Computing ML distances took 0.024736 sec (of wall-clock time) 0.024647 sec (of CPU time)
Setting up auxiliary I and S matrices: done in 3.60012e-05 secs using 175% CPU
Constructing RapidNJ tree: done in 4.91142e-05 secs using 181.2% CPU
Computing RapidNJ tree took 0.000142 sec (of wall-clock time) 0.000275 sec (of CPU time)
Log-likelihood of RapidNJ tree: -205.181
--------------------------------------------------------------------
|             INITIALIZING CANDIDATE TREE SET                      |
--------------------------------------------------------------------
Generating 98 parsimony trees... 0.050 second
Computing log-likelihood of 97 initial trees ... 0.151 seconds
Current best score: -203.961

Do NNI search on 20 best initial trees
Optimizing NNI: done in 0.00735784 secs using 99.99% CPU
Estimate model parameters (epsilon = 0.100)
BETTER TREE FOUND at iteration 1: -203.761
Optimizing NNI: done in 0.0145161 secs using 99.76% CPU
Optimizing NNI: done in 0.0139768 secs using 99.87% CPU
Optimizing NNI: done in 0.0139339 secs using 99.91% CPU
Optimizing NNI: done in 0.014138 secs using 99.79% CPU
Optimizing NNI: done in 0.0141728 secs using 99.91% CPU
Optimizing NNI: done in 0.0139701 secs using 99.91% CPU
Optimizing NNI: done in 0.0144629 secs using 99.63% CPU
Optimizing NNI: done in 0.0139849 secs using 99.81% CPU
Optimizing NNI: done in 0.01404 secs using 99.91% CPU
Iteration 10 / LogL: -203.761 / Time: 0h:0m:0s
Optimizing NNI: done in 0.014364 secs using 99.83% CPU
Optimizing NNI: done in 0.0141311 secs using 99.9% CPU
Optimizing NNI: done in 0.0140011 secs using 99.8% CPU
Optimizing NNI: done in 0.013839 secs using 99.57% CPU
Optimizing NNI: done in 0.0136318 secs using 99.83% CPU
Optimizing NNI: done in 0.0138571 secs using 99.92% CPU
Optimizing NNI: done in 0.013972 secs using 99.78% CPU
Optimizing NNI: done in 0.0138929 secs using 99.89% CPU
Optimizing NNI: done in 0.0141549 secs using 99.91% CPU
Optimizing NNI: done in 0.0143409 secs using 99.8% CPU
Iteration 20 / LogL: -203.761 / Time: 0h:0m:0s
Finish initializing candidate tree set (14)
Current best tree score: -203.761 / CPU time: 0.514
Number of iterations: 20
--------------------------------------------------------------------
|               OPTIMIZING CANDIDATE TREE SET                      |
--------------------------------------------------------------------
Optimizing NNI: done in 0.0213971 secs using 99.78% CPU
Optimizing NNI: done in 0.0202861 secs using 99.84% CPU
Optimizing NNI: done in 0.0219131 secs using 99.86% CPU
Optimizing NNI: done in 0.021558 secs using 99.87% CPU
Optimizing NNI: done in 0.034925 secs using 99.89% CPU
Optimizing NNI: done in 0.020999 secs using 99.86% CPU
Optimizing NNI: done in 0.014137 secs using 99.9% CPU
Optimizing NNI: done in 0.0279591 secs using 99.81% CPU
Optimizing NNI: done in 0.019805 secs using 99.91% CPU
Optimizing NNI: done in 0.0268209 secs using 99.87% CPU
Iteration 30 / LogL: -203.761 / Time: 0h:0m:0s (0h:0m:2s left)
Optimizing NNI: done in 0.0280509 secs using 99.86% CPU
Optimizing NNI: done in 0.0208778 secs using 99.86% CPU
Optimizing NNI: done in 0.0132649 secs using 99.8% CPU
Optimizing NNI: done in 0.025315 secs using 99.86% CPU
Optimizing NNI: done in 0.0208721 secs using 99.87% CPU
Optimizing NNI: done in 0.040262 secs using 99.87% CPU
Optimizing NNI: done in 0.02858 secs using 99.86% CPU
Optimizing NNI: done in 0.0205469 secs using 99.85% CPU
Optimizing NNI: done in 0.027411 secs using 99.89% CPU
Optimizing NNI: done in 0.0322611 secs using 99.65% CPU
Iteration 40 / LogL: -203.761 / Time: 0h:0m:1s (0h:0m:1s left)
Optimizing NNI: done in 0.0272789 secs using 99.78% CPU
Optimizing NNI: done in 0.0109291 secs using 99.87% CPU
Optimizing NNI: done in 0.021539 secs using 99.79% CPU
Optimizing NNI: done in 0.0132401 secs using 99.88% CPU
UPDATE BEST LOG-LIKELIHOOD: -203.761
Optimizing NNI: done in 0.021874 secs using 99.88% CPU
Optimizing NNI: done in 0.0206981 secs using 99.64% CPU
Optimizing NNI: done in 0.034548 secs using 99.81% CPU
Optimizing NNI: done in 0.013871 secs using 99.88% CPU
Optimizing NNI: done in 0.021178 secs using 99.87% CPU
Optimizing NNI: done in 0.0122991 secs using 99.75% CPU
Iteration 50 / LogL: -203.761 / Time: 0h:0m:1s (0h:0m:1s left)
Log-likelihood cutoff on original alignment: -219.273
Optimizing NNI: done in 0.0225689 secs using 99.89% CPU
Optimizing NNI: done in 0.0282409 secs using 99.85% CPU
Optimizing NNI: done in 0.01705 secs using 99.85% CPU
Optimizing NNI: done in 0.02227 secs using 99.87% CPU
Optimizing NNI: done in 0.0227511 secs using 99.84% CPU
Optimizing NNI: done in 0.012023 secs using 99.88% CPU
Optimizing NNI: done in 0.017225 secs using 99.93% CPU
Optimizing NNI: done in 0.017679 secs using 99.95% CPU
Optimizing NNI: done in 0.011564 secs using 99.87% CPU
Optimizing NNI: done in 0.0172021 secs using 99.93% CPU
Iteration 60 / LogL: -203.761 / Time: 0h:0m:1s (0h:0m:1s left)
Optimizing NNI: done in 0.0176871 secs using 99.81% CPU
Optimizing NNI: done in 0.010781 secs using 99.88% CPU
Optimizing NNI: done in 0.0203171 secs using 99.86% CPU
Optimizing NNI: done in 0.019578 secs using 99.85% CPU
Optimizing NNI: done in 0.0370779 secs using 99.85% CPU
Optimizing NNI: done in 0.0206079 secs using 99.84% CPU
Optimizing NNI: done in 0.0278652 secs using 99.86% CPU
Optimizing NNI: done in 0.0213749 secs using 99.87% CPU
Optimizing NNI: done in 0.00712419 secs using 100% CPU
UPDATE BEST LOG-LIKELIHOOD: -203.761
Optimizing NNI: done in 0.0277259 secs using 99.85% CPU
Iteration 70 / LogL: -203.761 / Time: 0h:0m:1s (0h:0m:0s left)
Optimizing NNI: done in 0.00588918 secs using 100% CPU
Optimizing NNI: done in 0.0154369 secs using 99.88% CPU
Optimizing NNI: done in 0.00722909 secs using 99.81% CPU
Optimizing NNI: done in 0.00663304 secs using 100% CPU
Optimizing NNI: done in 0.0202649 secs using 99.94% CPU
Optimizing NNI: done in 0.025105 secs using 99.8% CPU
Optimizing NNI: done in 0.0177801 secs using 99.84% CPU
Optimizing NNI: done in 0.02104 secs using 99.5% CPU
Optimizing NNI: done in 0.0204711 secs using 99.66% CPU
Optimizing NNI: done in 0.00710011 secs using 99.7% CPU
Iteration 80 / LogL: -203.761 / Time: 0h:0m:2s (0h:0m:0s left)
Optimizing NNI: done in 0.0293429 secs using 99.81% CPU
Optimizing NNI: done in 0.0277059 secs using 99.86% CPU
Optimizing NNI: done in 0.0202272 secs using 99.86% CPU
Optimizing NNI: done in 0.020673 secs using 99.94% CPU
Optimizing NNI: done in 0.0339699 secs using 99.9% CPU
Optimizing NNI: done in 0.0287521 secs using 99.84% CPU
Optimizing NNI: done in 0.027108 secs using 99.86% CPU
Optimizing NNI: done in 0.039098 secs using 99.84% CPU
Optimizing NNI: done in 0.0202761 secs using 99.88% CPU
Optimizing NNI: done in 0.026629 secs using 99.88% CPU
Iteration 90 / LogL: -203.761 / Time: 0h:0m:2s (0h:0m:0s left)
Optimizing NNI: done in 0.0211961 secs using 99.84% CPU
Optimizing NNI: done in 0.0213931 secs using 99.88% CPU
Optimizing NNI: done in 0.039474 secs using 99.88% CPU
Optimizing NNI: done in 0.0140288 secs using 99.89% CPU
Optimizing NNI: done in 0.033793 secs using 99.88% CPU
Optimizing NNI: done in 0.014864 secs using 99.92% CPU
Optimizing NNI: done in 0.013499 secs using 99.91% CPU
Optimizing NNI: done in 0.0213819 secs using 99.89% CPU
Optimizing NNI: done in 0.00728917 secs using 99.83% CPU
Optimizing NNI: done in 0.021661 secs using 99.84% CPU
Iteration 100 / LogL: -203.761 / Time: 0h:0m:2s (0h:0m:0s left)
Log-likelihood cutoff on original alignment: -220.630
NOTE: Bootstrap correlation coefficient of split occurrence frequencies: 0.990
Optimizing NNI: done in 0.0193489 secs using 99.81% CPU
Optimizing NNI: done in 0.020848 secs using 99.79% CPU
TREE SEARCH COMPLETED AFTER 102 ITERATIONS / Time: 0h:0m:2s

--------------------------------------------------------------------
|                    FINALIZING TREE SEARCH                        |
--------------------------------------------------------------------
Performs final model parameters optimization
Estimate model parameters (epsilon = 0.010)
1. Initial log-likelihood: -203.761
Optimal log-likelihood: -203.761
Gamma shape alpha: 2.721
Parameters optimization took 1 rounds (0.005 sec)
BEST SCORE FOUND : -203.761

Testing tree branches by SH-like aLRT with 1000 replicates...
0.011 sec.
Creating bootstrap support values...
Split supports printed to NEXUS file ../results/molecular_evolution_analyses/phylogenetic_trees/F45660_SMED_G1/F45660_SMED_G1.splits.nex
Total tree length: 1.369

Total number of iterations: 102
CPU time used for tree search: 2.979 sec (0h:0m:2s)
Wall-clock time used for tree search: 2.813 sec (0h:0m:2s)
Total CPU time used: 3.084 sec (0h:0m:3s)
Total wall-clock time used: 2.916 sec (0h:0m:2s)

Computing bootstrap consensus tree...
Reading input file ../results/molecular_evolution_analyses/phylogenetic_trees/F45660_SMED_G1/F45660_SMED_G1.splits.nex...
12 taxa and 136 splits.
Consensus tree written to ../results/molecular_evolution_analyses/phylogenetic_trees/F45660_SMED_G1/F45660_SMED_G1.contree
Reading input trees file ../results/molecular_evolution_analyses/phylogenetic_trees/F45660_SMED_G1/F45660_SMED_G1.contree
Log-likelihood of consensus tree: -203.761

Analysis results written to: 
  IQ-TREE report:                ../results/molecular_evolution_analyses/phylogenetic_trees/F45660_SMED_G1/F45660_SMED_G1.iqtree
  Maximum-likelihood tree:       ../results/molecular_evolution_analyses/phylogenetic_trees/F45660_SMED_G1/F45660_SMED_G1.treefile
  Likelihood distances:          ../results/molecular_evolution_analyses/phylogenetic_trees/F45660_SMED_G1/F45660_SMED_G1.mldist

Ultrafast bootstrap approximation results written to:
  Split support values:          ../results/molecular_evolution_analyses/phylogenetic_trees/F45660_SMED_G1/F45660_SMED_G1.splits.nex
  Consensus tree:                ../results/molecular_evolution_analyses/phylogenetic_trees/F45660_SMED_G1/F45660_SMED_G1.contree
  Screen log file:               ../results/molecular_evolution_analyses/phylogenetic_trees/F45660_SMED_G1/F45660_SMED_G1.log

Date and Time: Thu Mar 28 11:15:43 2024
