IQ-TREE multicore version 2.2.2.6 COVID-edition for Linux 64-bit built May 27 2023
Developed by Bui Quang Minh, James Barbetti, Nguyen Lam Tung,
Olga Chernomor, Heiko Schmidt, Dominik Schrempf, Michael Woodhams, Ly Trong Nhan.

Host:    lbc5 (AVX2, FMA3, 125 GB RAM)
Command: /home/mauricio/mauricio_PROGRAMAS/iqtree-2.2.2.6-Linux/bin/iqtree2 -s ../results/molecular_evolution_analyses/alignments_gblocks/F126169_MLIG_G1/F126169_MLIG_G1.aln.gblo -m TEST --threads-max 32 --alrt 1000 --ufboot 1000 --prefix ../results/molecular_evolution_analyses/phylogenetic_trees/F126169_MLIG_G1/F126169_MLIG_G1 -keep-ident -redo
Seed:    844977 (Using SPRNG - Scalable Parallel Random Number Generator)
Time:    Wed May  1 09:37:32 2024
Kernel:  AVX+FMA - 1 threads (32 CPU cores detected)

HINT: Use -nt option to specify number of threads because your CPU has 32 cores!
HINT: -nt AUTO will automatically determine the best number of threads to use.

Reading alignment file ../results/molecular_evolution_analyses/alignments_gblocks/F126169_MLIG_G1/F126169_MLIG_G1.aln.gblo ... Fasta format detected
Reading fasta file: done in 8.39233e-05 secs using 98.9% CPU
Alignment most likely contains protein sequences
Constructing alignment: done in 0.000379801 secs using 100.3% CPU
Alignment has 6 sequences with 492 columns, 138 distinct patterns
196 parsimony-informative, 4 singleton sites, 292 constant sites
            Gap/Ambiguity  Composition  p-value
Analyzing sequences: done in 7.15256e-06 secs using 111.8% CPU
   1  Mlig.30014    0.00%    passed     99.67%
   2  Mlig.248      0.00%    passed     98.90%
   3  Mlig.14275    0.00%    passed     99.00%
   4  Mlig.38868    0.00%    passed     99.25%
   5  Mlig.9736     0.00%    passed     99.35%
   6  Mlig.38871    0.00%    passed     99.35%
****  TOTAL         0.00%  0 sequences failed composition chi2 test (p-value<5%; df=19)


Create initial parsimony tree by phylogenetic likelihood library (PLL)... 0.000 seconds
Perform fast likelihood tree search using LG+I+G model...
Estimate model parameters (epsilon = 5.000)
Perform nearest neighbor interchange...
Optimizing NNI: done in 0.014775 secs using 99.95% CPU
Estimate model parameters (epsilon = 1.000)
1. Initial log-likelihood: -2335.030
Optimal log-likelihood: -2334.887
Proportion of invariable sites: 0.307
Gamma shape alpha: 4.025
Parameters optimization took 1 rounds (0.007 sec)
Time for fast ML tree search: 0.047 seconds

NOTE: ModelFinder requires 1 MB RAM!
ModelFinder will test up to 224 protein models (sample size: 492) ...
 No. Model         -LnL         df  AIC          AICc         BIC
  1  LG            2340.860     9   4699.720     4700.094     4737.507
  2  LG+I          2334.697     10  4689.393     4689.850     4731.378
  3  LG+G4         2335.105     10  4690.210     4690.667     4732.194
  4  LG+I+G4       2334.800     11  4691.601     4692.151     4737.784
  5  LG+F          2276.618     28  4609.236     4612.744     4726.793
  6  LG+F+I        2272.304     29  4602.609     4606.375     4724.364
  7  LG+F+G4       2272.701     29  4603.401     4607.168     4725.157
  8  LG+F+I+G4     2272.306     30  4604.612     4608.647     4730.566
  9  WAG           2330.190     9   4678.380     4678.754     4716.166
 10  WAG+I         2328.399     10  4676.797     4677.255     4718.782
 11  WAG+G4        2328.489     10  4676.978     4677.436     4718.963
 12  WAG+I+G4      2328.517     11  4679.033     4679.583     4725.217
 13  WAG+F         2276.371     28  4608.741     4612.249     4726.299
 14  WAG+F+I       2275.296     29  4608.591     4612.358     4730.347
 15  WAG+F+G4      2275.386     29  4608.771     4612.537     4730.527
 16  WAG+F+I+G4    2275.707     30  4611.415     4615.449     4737.369
 17  JTT           2320.483     9   4658.966     4659.340     4696.753
 18  JTT+I         2317.077     10  4654.154     4654.612     4696.139
 19  JTT+G4        2317.264     10  4654.527     4654.985     4696.512
 20  JTT+I+G4      2317.078     11  4656.157     4656.707     4702.340
 21  JTT+F         2272.286     28  4600.573     4604.080     4718.130
 22  JTT+F+I       2269.614     29  4597.227     4600.994     4718.983
 23  JTT+F+G4      2269.809     29  4597.619     4601.385     4719.374
 24  JTT+F+I+G4    2269.667     30  4599.334     4603.369     4725.289
WARNING: Normalizing state frequencies so that sum of them equals to 1
 25  Q.pfam        2331.645     9   4681.289     4681.663     4719.076
WARNING: Normalizing state frequencies so that sum of them equals to 1
 26  Q.pfam+I      2327.328     10  4674.657     4675.114     4716.642
WARNING: Normalizing state frequencies so that sum of them equals to 1
 27  Q.pfam+G4     2327.740     10  4675.480     4675.938     4717.465
WARNING: Normalizing state frequencies so that sum of them equals to 1
 28  Q.pfam+I+G4   2327.356     11  4676.713     4677.263     4722.896
WARNING: Normalizing state frequencies so that sum of them equals to 1
 29  Q.pfam+F      2277.212     28  4610.423     4613.931     4727.981
WARNING: Normalizing state frequencies so that sum of them equals to 1
 30  Q.pfam+F+I    2273.956     29  4605.912     4609.678     4727.668
WARNING: Normalizing state frequencies so that sum of them equals to 1
 31  Q.pfam+F+G4   2274.371     29  4606.742     4610.508     4728.498
WARNING: Normalizing state frequencies so that sum of them equals to 1
 32  Q.pfam+F+I+G4 2273.977     30  4607.955     4611.989     4733.909
WARNING: Normalizing state frequencies so that sum of them equals to 1
 33  Q.bird        2328.969     9   4675.938     4676.311     4713.724
WARNING: Normalizing state frequencies so that sum of them equals to 1
 34  Q.bird+I      2312.490     10  4644.981     4645.438     4686.966
WARNING: Normalizing state frequencies so that sum of them equals to 1
 35  Q.bird+G4     2313.689     10  4647.378     4647.835     4689.362
WARNING: Normalizing state frequencies so that sum of them equals to 1
 36  Q.bird+I+G4   2313.156     11  4648.311     4648.861     4694.495
WARNING: Normalizing state frequencies so that sum of them equals to 1
 37  Q.bird+F      2289.294     28  4634.588     4638.095     4752.145
WARNING: Normalizing state frequencies so that sum of them equals to 1
 38  Q.bird+F+I    2273.427     29  4604.855     4608.621     4726.610
WARNING: Normalizing state frequencies so that sum of them equals to 1
 39  Q.bird+F+G4   2274.650     29  4607.301     4611.067     4729.057
WARNING: Normalizing state frequencies so that sum of them equals to 1
 40  Q.bird+F+I+G4 2274.030     30  4608.061     4612.096     4734.015
WARNING: Normalizing state frequencies so that sum of them equals to 1
 41  Q.mammal      2319.642     9   4657.283     4657.657     4695.069
WARNING: Normalizing state frequencies so that sum of them equals to 1
 42  Q.mammal+I    2309.293     10  4638.586     4639.043     4680.571
WARNING: Normalizing state frequencies so that sum of them equals to 1
 43  Q.mammal+G4   2310.188     10  4640.376     4640.833     4682.361
WARNING: Normalizing state frequencies so that sum of them equals to 1
 44  Q.mammal+I+G4 2309.733     11  4641.466     4642.016     4687.650
WARNING: Normalizing state frequencies so that sum of them equals to 1
 45  Q.mammal+F    2282.304     28  4620.607     4624.115     4738.164
WARNING: Normalizing state frequencies so that sum of them equals to 1
 46  Q.mammal+F+I  2272.859     29  4603.717     4607.483     4725.473
WARNING: Normalizing state frequencies so that sum of them equals to 1
 47  Q.mammal+F+G4 2273.736     29  4605.471     4609.238     4727.227
WARNING: Normalizing state frequencies so that sum of them equals to 1
 48  Q.mammal+F+I+G4 2273.217     30  4606.434     4610.469     4732.388
 49  Q.insect      2359.416     9   4736.831     4737.205     4774.618
 50  Q.insect+I    2354.150     10  4728.299     4728.757     4770.284
 51  Q.insect+G4   2354.539     10  4729.078     4729.535     4771.063
 52  Q.insect+I+G4 2354.244     11  4730.488     4731.038     4776.671
 53  Q.insect+F    2273.155     28  4602.311     4605.818     4719.868
 54  Q.insect+F+I  2269.747     29  4597.494     4601.260     4719.250
 55  Q.insect+F+G4 2269.973     29  4597.946     4601.712     4719.702
 56  Q.insect+F+I+G4 2269.758     30  4599.516     4603.550     4725.470
WARNING: Normalizing state frequencies so that sum of them equals to 1
 57  Q.plant       2345.757     9   4709.514     4709.888     4747.301
WARNING: Normalizing state frequencies so that sum of them equals to 1
 58  Q.plant+I     2329.992     10  4679.983     4680.441     4721.968
WARNING: Normalizing state frequencies so that sum of them equals to 1
 59  Q.plant+G4    2330.496     10  4680.991     4681.449     4722.976
WARNING: Normalizing state frequencies so that sum of them equals to 1
 60  Q.plant+I+G4  2330.258     11  4682.516     4683.066     4728.699
WARNING: Normalizing state frequencies so that sum of them equals to 1
 61  Q.plant+F     2283.828     28  4623.656     4627.164     4741.214
WARNING: Normalizing state frequencies so that sum of them equals to 1
 62  Q.plant+F+I   2270.352     29  4598.705     4602.471     4720.460
WARNING: Normalizing state frequencies so that sum of them equals to 1
 63  Q.plant+F+G4  2270.945     29  4599.889     4603.655     4721.645
WARNING: Normalizing state frequencies so that sum of them equals to 1
 64  Q.plant+F+I+G4 2270.635     30  4601.271     4605.305     4727.225
WARNING: Normalizing state frequencies so that sum of them equals to 1
 65  Q.yeast       2376.952     9   4771.904     4772.277     4809.690
WARNING: Normalizing state frequencies so that sum of them equals to 1
 66  Q.yeast+I     2371.125     10  4762.251     4762.708     4804.235
WARNING: Normalizing state frequencies so that sum of them equals to 1
 67  Q.yeast+G4    2371.240     10  4762.481     4762.938     4804.465
WARNING: Normalizing state frequencies so that sum of them equals to 1
 68  Q.yeast+I+G4  2371.138     11  4764.276     4764.826     4810.459
WARNING: Normalizing state frequencies so that sum of them equals to 1
 69  Q.yeast+F     2273.875     28  4603.750     4607.258     4721.308
WARNING: Normalizing state frequencies so that sum of them equals to 1
 70  Q.yeast+F+I   2269.583     29  4597.165     4600.932     4718.921
WARNING: Normalizing state frequencies so that sum of them equals to 1
 71  Q.yeast+F+G4  2269.917     29  4597.833     4601.600     4719.589
WARNING: Normalizing state frequencies so that sum of them equals to 1
 72  Q.yeast+F+I+G4 2269.583     30  4599.165     4603.200     4725.120
 73  JTTDCMut      2321.224     9   4660.448     4660.822     4698.235
 74  JTTDCMut+I    2317.903     10  4655.806     4656.264     4697.791
 75  JTTDCMut+G4   2318.052     10  4656.104     4656.561     4698.088
 76  JTTDCMut+I+G4 2317.904     11  4657.808     4658.358     4703.991
 77  JTTDCMut+F    2272.305     28  4600.610     4604.118     4718.167
 78  JTTDCMut+F+I  2269.742     29  4597.484     4601.250     4719.240
 79  JTTDCMut+F+G4 2269.900     29  4597.800     4601.566     4719.556
 80  JTTDCMut+F+I+G4 2269.812     30  4599.624     4603.658     4725.578
 81  DCMut         2343.922     9   4705.844     4706.218     4743.630
 82  DCMut+I       2336.714     10  4693.428     4693.886     4735.413
 83  DCMut+G4      2336.428     10  4692.856     4693.313     4734.841
 84  DCMut+I+G4    2336.573     11  4695.145     4695.695     4741.328
 85  DCMut+F       2283.125     28  4622.249     4625.757     4739.806
 86  DCMut+F+I     2275.955     29  4609.910     4613.676     4731.666
 87  DCMut+F+G4    2275.916     29  4609.832     4613.598     4731.588
 88  DCMut+F+I+G4  2275.911     30  4611.822     4615.857     4737.776
 89  VT            2328.582     9   4675.165     4675.538     4712.951
 90  VT+I          2328.462     10  4676.924     4677.382     4718.909
 91  VT+G4         2328.475     10  4676.949     4677.406     4718.934
 92  VT+I+G4       2329.537     11  4681.075     4681.625     4727.258
 93  VT+F          2274.290     28  4604.579     4608.087     4722.137
 94  VT+F+I        2274.265     29  4606.531     4610.297     4728.287
 95  VT+F+G4       2274.285     29  4606.570     4610.336     4728.326
 96  VT+F+I+G4     2275.550     30  4611.101     4615.135     4737.055
 97  PMB           2334.256     9   4686.513     4686.886     4724.299
 98  PMB+I         2334.191     10  4688.382     4688.840     4730.367
 99  PMB+G4        2334.236     10  4688.472     4688.929     4730.457
100  PMB+I+G4      2335.276     11  4692.551     4693.101     4738.734
101  PMB+F         2282.487     28  4620.974     4624.481     4738.531
102  PMB+F+I       2282.494     29  4622.988     4626.755     4744.744
103  PMB+F+G4      2282.492     29  4622.984     4626.750     4744.740
104  PMB+F+I+G4    2283.946     30  4627.892     4631.927     4753.846
105  Blosum62      2344.630     9   4707.261     4707.634     4745.047
106  Blosum62+I    2344.376     10  4708.752     4709.209     4750.737
107  Blosum62+G4   2344.419     10  4708.839     4709.296     4750.823
108  Blosum62+I+G4 2345.240     11  4712.481     4713.031     4758.664
109  Blosum62+F    2280.941     28  4617.881     4621.389     4735.439
110  Blosum62+F+I  2280.891     29  4619.783     4623.549     4741.539
111  Blosum62+F+G4 2280.927     29  4619.854     4623.620     4741.610
112  Blosum62+F+I+G4 2281.980     30  4623.961     4627.996     4749.915
113  Dayhoff       2343.942     9   4705.884     4706.258     4743.671
114  Dayhoff+I     2336.608     10  4693.216     4693.673     4735.201
115  Dayhoff+G4    2336.330     10  4692.660     4693.117     4734.644
116  Dayhoff+I+G4  2336.467     11  4694.933     4695.483     4741.117
117  Dayhoff+F     2283.144     28  4622.288     4625.796     4739.846
118  Dayhoff+F+I   2275.850     29  4609.699     4613.465     4731.455
119  Dayhoff+F+G4  2275.822     29  4609.644     4613.410     4731.399
120  Dayhoff+F+I+G4 2275.808     30  4611.616     4615.650     4737.570
121  mtREV         2456.187     9   4930.374     4930.747     4968.160
122  mtREV+I       2431.059     10  4882.117     4882.575     4924.102
123  mtREV+G4      2432.928     10  4885.857     4886.314     4927.841
124  mtREV+I+G4    2431.971     11  4885.942     4886.492     4932.125
125  mtREV+F       2293.377     28  4642.753     4646.261     4760.311
126  mtREV+F+I     2277.016     29  4612.033     4615.799     4733.789
127  mtREV+F+G4    2277.783     29  4613.567     4617.333     4735.323
128  mtREV+F+I+G4  2277.304     30  4614.607     4618.642     4740.562
129  mtART         2510.544     9   5039.088     5039.461     5076.874
130  mtART+I       2453.578     10  4927.157     4927.614     4969.142
131  mtART+G4      2454.445     10  4928.890     4929.347     4970.874
132  mtART+I+G4    2453.362     11  4928.724     4929.274     4974.908
133  mtART+F       2325.209     28  4706.418     4709.926     4823.976
134  mtART+F+I     2283.289     29  4624.578     4628.345     4746.334
135  mtART+F+G4    2283.551     29  4625.101     4628.867     4746.857
136  mtART+F+I+G4  2282.792     30  4625.584     4629.618     4751.538
137  mtZOA         2434.267     9   4886.534     4886.908     4924.321
138  mtZOA+I       2403.538     10  4827.076     4827.533     4869.061
139  mtZOA+G4      2405.234     10  4830.469     4830.926     4872.454
140  mtZOA+I+G4    2404.251     11  4830.502     4831.052     4876.685
141  mtZOA+F       2291.026     28  4638.052     4641.560     4755.610
142  mtZOA+F+I     2269.163     29  4596.327     4600.093     4718.083
143  mtZOA+F+G4    2270.412     29  4598.824     4602.590     4720.580
144  mtZOA+F+I+G4  2269.686     30  4599.371     4603.406     4725.326
145  mtMet         2493.860     9   5005.721     5006.094     5043.507
146  mtMet+I       2473.229     10  4966.459     4966.916     5008.444
147  mtMet+G4      2474.384     10  4968.767     4969.225     5010.752
148  mtMet+I+G4    2473.702     11  4969.404     4969.954     5015.587
149  mtMet+F       2277.639     28  4611.277     4614.785     4728.835
150  mtMet+F+I     2263.904     29  4585.808     4589.574     4707.564
151  mtMet+F+G4    2264.331     29  4586.662     4590.428     4708.418
152  mtMet+F+I+G4  2263.965     30  4587.929     4591.964     4713.883
153  mtVer         2475.940     9   4969.881     4970.254     5007.667
154  mtVer+I       2444.186     10  4908.372     4908.829     4950.357
155  mtVer+G4      2445.017     10  4910.034     4910.492     4952.019
156  mtVer+I+G4    2444.324     11  4910.647     4911.197     4956.831
157  mtVer+F       2296.120     28  4648.240     4651.747     4765.797
158  mtVer+F+I     2274.107     29  4606.214     4609.980     4727.969
159  mtVer+F+G4    2274.101     29  4606.202     4609.969     4727.958
160  mtVer+F+I+G4  2273.965     30  4607.930     4611.965     4733.885
161  mtInv         2542.989     9   5103.979     5104.352     5141.765
162  mtInv+I       2528.913     10  5077.826     5078.284     5119.811
163  mtInv+G4      2529.895     10  5079.791     5080.248     5121.775
164  mtInv+I+G4    2529.302     11  5080.604     5081.154     5126.788
165  mtInv+F       2273.796     28  4603.592     4607.100     4721.150
166  mtInv+F+I     2265.123     29  4588.246     4592.013     4710.002
167  mtInv+F+G4    2265.295     29  4588.590     4592.356     4710.346
168  mtInv+F+I+G4  2265.148     30  4590.297     4594.332     4716.251
169  mtMAM         2489.610     9   4997.219     4997.593     5035.006
170  mtMAM+I       2440.419     10  4900.839     4901.296     4942.824
171  mtMAM+G4      2438.601     10  4897.203     4897.660     4939.188
172  mtMAM+I+G4    2438.107     11  4898.214     4898.764     4944.398
173  mtMAM+F       2310.792     28  4677.585     4681.093     4795.142
174  mtMAM+F+I     2278.338     29  4614.676     4618.442     4736.432
175  mtMAM+F+G4    2278.213     29  4614.426     4618.192     4736.182
176  mtMAM+F+I+G4  2277.755     30  4615.509     4619.544     4741.464
WARNING: Normalizing state frequencies so that sum of them equals to 1
177  FLAVI         2395.433     9   4808.865     4809.239     4846.652
WARNING: Normalizing state frequencies so that sum of them equals to 1
178  FLAVI+I       2355.863     10  4731.727     4732.184     4773.711
WARNING: Normalizing state frequencies so that sum of them equals to 1
179  FLAVI+G4      2356.594     10  4733.189     4733.646     4775.173
WARNING: Normalizing state frequencies so that sum of them equals to 1
180  FLAVI+I+G4    2355.983     11  4733.967     4734.517     4780.150
WARNING: Normalizing state frequencies so that sum of them equals to 1
181  FLAVI+F       2321.204     28  4698.408     4701.916     4815.966
WARNING: Normalizing state frequencies so that sum of them equals to 1
182  FLAVI+F+I     2288.807     29  4635.615     4639.381     4757.371
WARNING: Normalizing state frequencies so that sum of them equals to 1
183  FLAVI+F+G4    2288.901     29  4635.801     4639.568     4757.557
WARNING: Normalizing state frequencies so that sum of them equals to 1
184  FLAVI+F+I+G4  2288.534     30  4637.068     4641.102     4763.022
185  HIVb          2379.912     9   4777.824     4778.197     4815.610
186  HIVb+I        2350.402     10  4720.804     4721.261     4762.789
187  HIVb+G4       2352.250     10  4724.499     4724.957     4766.484
188  HIVb+I+G4     2351.572     11  4725.145     4725.695     4771.328
189  HIVb+F        2309.821     28  4675.643     4679.150     4793.200
190  HIVb+F+I      2285.634     29  4629.269     4633.035     4751.024
191  HIVb+F+G4     2286.579     29  4631.158     4634.924     4752.914
192  HIVb+F+I+G4   2286.075     30  4632.151     4636.185     4758.105
193  HIVw          2478.135     9   4974.269     4974.643     5012.056
194  HIVw+I        2443.205     10  4906.410     4906.867     4948.394
195  HIVw+G4       2441.853     10  4903.705     4904.163     4945.690
196  HIVw+I+G4     2441.755     11  4905.510     4906.060     4951.693
197  HIVw+F        2319.363     28  4694.725     4698.233     4812.282
198  HIVw+F+I      2293.011     29  4644.021     4647.787     4765.777
199  HIVw+F+G4     2293.110     29  4644.220     4647.986     4765.975
200  HIVw+F+I+G4   2292.890     30  4645.781     4649.816     4771.735
201  FLU           2392.358     9   4802.716     4803.089     4840.502
202  FLU+I         2374.323     10  4768.647     4769.104     4810.631
203  FLU+G4        2375.253     10  4770.506     4770.964     4812.491
204  FLU+I+G4      2374.735     11  4771.470     4772.020     4817.653
205  FLU+F         2286.375     28  4628.751     4632.258     4746.308
206  FLU+F+I       2274.606     29  4607.212     4610.978     4728.968
207  FLU+F+G4      2275.439     29  4608.877     4612.644     4730.633
208  FLU+F+I+G4    2274.836     30  4609.672     4613.706     4735.626
209  rtREV         2364.401     9   4746.803     4747.176     4784.589
210  rtREV+I       2358.704     10  4737.407     4737.865     4779.392
211  rtREV+G4      2358.746     10  4737.493     4737.950     4779.478
212  rtREV+I+G4    2358.683     11  4739.366     4739.916     4785.549
213  rtREV+F       2284.225     28  4624.450     4627.957     4742.007
214  rtREV+F+I     2279.469     29  4616.939     4620.705     4738.694
215  rtREV+F+G4    2279.707     29  4617.414     4621.180     4739.170
216  rtREV+F+I+G4  2279.478     30  4618.956     4622.990     4744.910
217  cpREV         2354.437     9   4726.875     4727.248     4764.661
218  cpREV+I       2347.341     10  4714.681     4715.139     4756.666
219  cpREV+G4      2347.876     10  4715.752     4716.210     4757.737
220  cpREV+I+G4    2347.492     11  4716.983     4717.533     4763.167
221  cpREV+F       2281.089     28  4618.179     4621.686     4735.736
222  cpREV+F+I     2276.220     29  4610.440     4614.207     4732.196
223  cpREV+F+G4    2276.571     29  4611.142     4614.908     4732.898
224  cpREV+F+I+G4  2276.227     30  4612.455     4616.489     4738.409
Akaike Information Criterion:           mtMet+F+I
Corrected Akaike Information Criterion: mtMet+F+I
Bayesian Information Criterion:         Q.mammal+I
Best-fit model: Q.mammal+I chosen according to BIC

All model information printed to ../results/molecular_evolution_analyses/phylogenetic_trees/F126169_MLIG_G1/F126169_MLIG_G1.model.gz
CPU time for ModelFinder: 2.700 seconds (0h:0m:2s)
Wall-clock time for ModelFinder: 2.701 seconds (0h:0m:2s)
Generating 1000 samples for ultrafast bootstrap (seed: 844977)...
WARNING: Normalizing state frequencies so that sum of them equals to 1

NOTE: 0 MB RAM (0 GB) is required!
Estimate model parameters (epsilon = 0.100)
1. Initial log-likelihood: -2309.293
Optimal log-likelihood: -2309.293
Proportion of invariable sites: 0.397
Parameters optimization took 1 rounds (0.001 sec)
Wrote distance file to... 
Computing ML distances based on estimated model parameters...
Calculating distance matrix: done in 0.000954866 secs using 99.39% CPU
Computing ML distances took 0.000979 sec (of wall-clock time) 0.000973 sec (of CPU time)
Setting up auxiliary I and S matrices: done in 3.40939e-05 secs using 99.72% CPU
Constructing RapidNJ tree: done in 2.28882e-05 secs using 100.5% CPU
Computing RapidNJ tree took 0.000108 sec (of wall-clock time) 0.000107 sec (of CPU time)
Log-likelihood of RapidNJ tree: -2309.295
--------------------------------------------------------------------
|             INITIALIZING CANDIDATE TREE SET                      |
--------------------------------------------------------------------
Generating 98 parsimony trees... 0.018 second
Computing log-likelihood of 18 initial trees ... 0.006 seconds
Current best score: -2309.293

Do NNI search on 20 best initial trees
Optimizing NNI: done in 0.00123596 secs using 199.6% CPU
Optimizing NNI: done in 0.00141597 secs using 200% CPU
Optimizing NNI: done in 0.00254202 secs using 199.9% CPU
Optimizing NNI: done in 0.00391102 secs using 200% CPU
Optimizing NNI: done in 0.00257277 secs using 200% CPU
Optimizing NNI: done in 0.00256014 secs using 54.22% CPU
Optimizing NNI: done in 0.00395608 secs using 199.9% CPU
Optimizing NNI: done in 0.00526214 secs using 200% CPU
Optimizing NNI: done in 0.00523496 secs using 199.9% CPU
Optimizing NNI: done in 0.00387192 secs using 199.9% CPU
Iteration 10 / LogL: -2309.296 / Time: 0h:0m:0s
Optimizing NNI: done in 0.00387096 secs using 199.9% CPU
Optimizing NNI: done in 0.00386095 secs using 200% CPU
Optimizing NNI: done in 0.00531316 secs using 200% CPU
Optimizing NNI: done in 0.00396299 secs using 200% CPU
Optimizing NNI: done in 0.00397491 secs using 199.9% CPU
Optimizing NNI: done in 0.00393581 secs using 200.1% CPU
Optimizing NNI: done in 0.00676584 secs using 140.7% CPU
Optimizing NNI: done in 0.00676703 secs using 199.9% CPU
Optimizing NNI: done in 0.00668192 secs using 200% CPU
Optimizing NNI: done in 0.00659299 secs using 200% CPU
Iteration 20 / LogL: -2309.354 / Time: 0h:0m:0s
Finish initializing candidate tree set (20)
Current best tree score: -2309.293 / CPU time: 0.114
Number of iterations: 20
--------------------------------------------------------------------
|               OPTIMIZING CANDIDATE TREE SET                      |
--------------------------------------------------------------------
Optimizing NNI: done in 0.00135493 secs using 199.9% CPU
Optimizing NNI: done in 0.0024569 secs using 199.9% CPU
Optimizing NNI: done in 0.00232697 secs using 200% CPU
Optimizing NNI: done in 0.00253892 secs using 200% CPU
UPDATE BEST LOG-LIKELIHOOD: -2309.293
Optimizing NNI: done in 0.00114298 secs using 199.6% CPU
Optimizing NNI: done in 0.00360298 secs using 199.9% CPU
Optimizing NNI: done in 0.00366807 secs using 199.8% CPU
Optimizing NNI: done in 0.0013299 secs using 200% CPU
UPDATE BEST LOG-LIKELIHOOD: -2309.293
Optimizing NNI: done in 0.00134397 secs using 199.5% CPU
UPDATE BEST LOG-LIKELIHOOD: -2309.293
Optimizing NNI: done in 0.00373602 secs using 199.8% CPU
Iteration 30 / LogL: -2309.586 / Time: 0h:0m:0s (0h:0m:0s left)
Optimizing NNI: done in 0.0023129 secs using 199.7% CPU
Optimizing NNI: done in 0.00244212 secs using 200% CPU
Optimizing NNI: done in 0.00239491 secs using 200% CPU
Optimizing NNI: done in 0.0013299 secs using 200% CPU
UPDATE BEST LOG-LIKELIHOOD: -2309.293
Optimizing NNI: done in 0.00234604 secs using 199.6% CPU
UPDATE BEST LOG-LIKELIHOOD: -2309.293
Optimizing NNI: done in 0.00375795 secs using 181.5% CPU
Optimizing NNI: done in 0.0036869 secs using 99.89% CPU
Optimizing NNI: done in 0.00254798 secs using 100% CPU
Optimizing NNI: done in 0.00240207 secs using 100% CPU
Optimizing NNI: done in 0.003757 secs using 100% CPU
Iteration 40 / LogL: -2309.586 / Time: 0h:0m:0s (0h:0m:0s left)
Optimizing NNI: done in 0.00235415 secs using 99.95% CPU
Optimizing NNI: done in 0.00133705 secs using 99.77% CPU
Optimizing NNI: done in 0.00371599 secs using 100% CPU
Optimizing NNI: done in 0.00233603 secs using 99.91% CPU
Optimizing NNI: done in 0.00230384 secs using 100% CPU
Optimizing NNI: done in 0.00240993 secs using 100% CPU
Optimizing NNI: done in 0.00363016 secs using 100% CPU
Optimizing NNI: done in 0.00236011 secs using 100% CPU
Optimizing NNI: done in 0.00240493 secs using 99.92% CPU
Optimizing NNI: done in 0.00381494 secs using 99.98% CPU
Iteration 50 / LogL: -2309.586 / Time: 0h:0m:0s (0h:0m:0s left)
Log-likelihood cutoff on original alignment: -2315.103
Optimizing NNI: done in 0.00242591 secs using 99.96% CPU
Optimizing NNI: done in 0.00365496 secs using 99.89% CPU
Optimizing NNI: done in 0.00239182 secs using 100% CPU
Optimizing NNI: done in 0.00230885 secs using 100% CPU
Optimizing NNI: done in 0.00234985 secs using 100% CPU
Optimizing NNI: done in 0.00240302 secs using 100% CPU
Optimizing NNI: done in 0.00503707 secs using 99.94% CPU
Optimizing NNI: done in 0.00358295 secs using 99.89% CPU
Optimizing NNI: done in 0.00373387 secs using 99.98% CPU
Optimizing NNI: done in 0.00237393 secs using 99.88% CPU
Iteration 60 / LogL: -2309.293 / Time: 0h:0m:0s (0h:0m:0s left)
Optimizing NNI: done in 0.00368094 secs using 100% CPU
Optimizing NNI: done in 0.00131607 secs using 99.69% CPU
UPDATE BEST LOG-LIKELIHOOD: -2309.293
Optimizing NNI: done in 0.00237489 secs using 99.71% CPU
Optimizing NNI: done in 0.00367999 secs using 99.89% CPU
Optimizing NNI: done in 0.00243711 secs using 100% CPU
Optimizing NNI: done in 0.00237417 secs using 99.99% CPU
Optimizing NNI: done in 0.00508308 secs using 99.94% CPU
Optimizing NNI: done in 0.00242591 secs using 100% CPU
Optimizing NNI: done in 0.00355291 secs using 99.92% CPU
Optimizing NNI: done in 0.00352907 secs using 99.88% CPU
Iteration 70 / LogL: -2309.585 / Time: 0h:0m:0s (0h:0m:0s left)
Optimizing NNI: done in 0.00238991 secs using 100% CPU
Optimizing NNI: done in 0.00356412 secs using 99.91% CPU
Optimizing NNI: done in 0.00231504 secs using 100% CPU
Optimizing NNI: done in 0.00240803 secs using 99.96% CPU
Optimizing NNI: done in 0.00365686 secs using 99.98% CPU
Optimizing NNI: done in 0.00134993 secs using 100% CPU
Optimizing NNI: done in 0.00132585 secs using 100% CPU
UPDATE BEST LOG-LIKELIHOOD: -2309.293
Optimizing NNI: done in 0.00235105 secs using 99.74% CPU
Optimizing NNI: done in 0.00236988 secs using 99.96% CPU
Optimizing NNI: done in 0.0013361 secs using 99.99% CPU
Iteration 80 / LogL: -2309.293 / Time: 0h:0m:0s (0h:0m:0s left)
Optimizing NNI: done in 0.00366402 secs using 100% CPU
Optimizing NNI: done in 0.00235391 secs using 52.68% CPU
Optimizing NNI: done in 0.00133681 secs using 99.94% CPU
Optimizing NNI: done in 0.00133204 secs using 99.92% CPU
Optimizing NNI: done in 0.00240588 secs using 99.8% CPU
Optimizing NNI: done in 0.00240302 secs using 99.83% CPU
Optimizing NNI: done in 0.00239992 secs using 100% CPU
Optimizing NNI: done in 0.00507593 secs using 99.92% CPU
Optimizing NNI: done in 0.00248599 secs using 100% CPU
Optimizing NNI: done in 0.00109911 secs using 99.99% CPU
Iteration 90 / LogL: -2309.295 / Time: 0h:0m:0s (0h:0m:0s left)
Optimizing NNI: done in 0.00251389 secs using 99.96% CPU
Optimizing NNI: done in 0.00230694 secs using 99.87% CPU
Optimizing NNI: done in 0.00371313 secs using 100% CPU
Optimizing NNI: done in 0.00231504 secs using 99.87% CPU
Optimizing NNI: done in 0.00367904 secs using 99.94% CPU
Optimizing NNI: done in 0.0013268 secs using 100% CPU
Optimizing NNI: done in 0.00240397 secs using 100% CPU
Optimizing NNI: done in 0.00239086 secs using 100% CPU
Optimizing NNI: done in 0.00241899 secs using 99.96% CPU
Optimizing NNI: done in 0.00242496 secs using 99.88% CPU
Iteration 100 / LogL: -2309.585 / Time: 0h:0m:0s (0h:0m:0s left)
Log-likelihood cutoff on original alignment: -2315.441
NOTE: Bootstrap correlation coefficient of split occurrence frequencies: 0.998
Optimizing NNI: done in 0.00233197 secs using 99.96% CPU
TREE SEARCH COMPLETED AFTER 101 ITERATIONS / Time: 0h:0m:0s

--------------------------------------------------------------------
|                    FINALIZING TREE SEARCH                        |
--------------------------------------------------------------------
Performs final model parameters optimization
Estimate model parameters (epsilon = 0.010)
1. Initial log-likelihood: -2309.293
Optimal log-likelihood: -2309.293
Proportion of invariable sites: 0.397
Parameters optimization took 1 rounds (0.001 sec)
BEST SCORE FOUND : -2309.293

Testing tree branches by SH-like aLRT with 1000 replicates...
0.030 sec.
Creating bootstrap support values...
Split supports printed to NEXUS file ../results/molecular_evolution_analyses/phylogenetic_trees/F126169_MLIG_G1/F126169_MLIG_G1.splits.nex
Total tree length: 0.834

Total number of iterations: 101
CPU time used for tree search: 0.760 sec (0h:0m:0s)
Wall-clock time used for tree search: 0.577 sec (0h:0m:0s)
Total CPU time used: 0.822 sec (0h:0m:0s)
Total wall-clock time used: 0.638 sec (0h:0m:0s)

Computing bootstrap consensus tree...
Reading input file ../results/molecular_evolution_analyses/phylogenetic_trees/F126169_MLIG_G1/F126169_MLIG_G1.splits.nex...
6 taxa and 13 splits.
Consensus tree written to ../results/molecular_evolution_analyses/phylogenetic_trees/F126169_MLIG_G1/F126169_MLIG_G1.contree
Reading input trees file ../results/molecular_evolution_analyses/phylogenetic_trees/F126169_MLIG_G1/F126169_MLIG_G1.contree
Log-likelihood of consensus tree: -2309.296

Analysis results written to: 
  IQ-TREE report:                ../results/molecular_evolution_analyses/phylogenetic_trees/F126169_MLIG_G1/F126169_MLIG_G1.iqtree
  Maximum-likelihood tree:       ../results/molecular_evolution_analyses/phylogenetic_trees/F126169_MLIG_G1/F126169_MLIG_G1.treefile
  Likelihood distances:          ../results/molecular_evolution_analyses/phylogenetic_trees/F126169_MLIG_G1/F126169_MLIG_G1.mldist

Ultrafast bootstrap approximation results written to:
  Split support values:          ../results/molecular_evolution_analyses/phylogenetic_trees/F126169_MLIG_G1/F126169_MLIG_G1.splits.nex
  Consensus tree:                ../results/molecular_evolution_analyses/phylogenetic_trees/F126169_MLIG_G1/F126169_MLIG_G1.contree
  Screen log file:               ../results/molecular_evolution_analyses/phylogenetic_trees/F126169_MLIG_G1/F126169_MLIG_G1.log

Date and Time: Wed May  1 09:37:36 2024
