IQ-TREE multicore version 2.2.2.6 COVID-edition for Linux 64-bit built May 27 2023
Developed by Bui Quang Minh, James Barbetti, Nguyen Lam Tung,
Olga Chernomor, Heiko Schmidt, Dominik Schrempf, Michael Woodhams, Ly Trong Nhan.

Host:    lbc5 (AVX2, FMA3, 125 GB RAM)
Command: /home/mauricio/mauricio_PROGRAMAS/iqtree-2.2.2.6-Linux/bin/iqtree2 -s ../results/molecular_evolution_analyses/alignments_gblocks/F1839_MCOR_G1/F1839_MCOR_G1.aln.gblo -m TEST --threads-max 32 --alrt 1000 --ufboot 1000 --prefix ../results/molecular_evolution_analyses/phylogenetic_trees/F1839_MCOR_G1/F1839_MCOR_G1
Seed:    574051 (Using SPRNG - Scalable Parallel Random Number Generator)
Time:    Thu Mar 28 11:21:03 2024
Kernel:  AVX+FMA - 1 threads (32 CPU cores detected)

HINT: Use -nt option to specify number of threads because your CPU has 32 cores!
HINT: -nt AUTO will automatically determine the best number of threads to use.

Reading alignment file ../results/molecular_evolution_analyses/alignments_gblocks/F1839_MCOR_G1/F1839_MCOR_G1.aln.gblo ... Fasta format detected
Reading fasta file: done in 4.48227e-05 secs using 95.93% CPU
Alignment most likely contains protein sequences
Constructing alignment: done in 2.5034e-05 secs using 99.86% CPU
Alignment has 19 sequences with 11 columns, 11 distinct patterns
5 parsimony-informative, 5 singleton sites, 1 constant sites
            Gap/Ambiguity  Composition  p-value
Analyzing sequences: done in 6.91414e-06 secs using 101.2% CPU
   1  Mcor.11938    0.00%    passed     99.87%
   2  Mcor.14448    0.00%    failed      0.10%
   3  Mcor.2117     0.00%    passed     99.94%
   4  Mcor.14045    0.00%    passed     99.97%
   5  Mcor.2660     0.00%    passed     99.78%
   6  Mcor.11226    0.00%    passed     99.14%
   7  Mcor.8762     0.00%    passed     99.05%
   8  Mcor.10524    0.00%    failed      0.00%
   9  Mcor.3700     0.00%    passed     99.97%
  10  Mcor.6550     0.00%    passed     99.97%
  11  Mcor.2356     0.00%    passed     99.96%
  12  Mcor.12685    0.00%    passed     78.11%
  13  Mcor.4843     0.00%    passed     99.87%
  14  Mcor.14447    0.00%    passed     99.96%
  15  Mcor.8021     0.00%    passed     99.97%
  16  Mcor.14256    0.00%    passed     99.92%
  17  Mcor.9496     0.00%    passed     99.71%
  18  Mcor.3258     0.00%    passed     94.75%
  19  Mcor.12638    0.00%    passed     99.99%
****  TOTAL         0.00%  2 sequences failed composition chi2 test (p-value<5%; df=16)
NOTE: Mcor.4843 is identical to Mcor.11938 but kept for subsequent analysis
NOTE: Mcor.3700 is identical to Mcor.14045 but kept for subsequent analysis
NOTE: Mcor.14447 is identical to Mcor.2356 but kept for subsequent analysis
Checking for duplicate sequences: done in 5.10216e-05 secs using 99.96% CPU
Identifying sites to remove: done in 1.38283e-05 secs using 101.2% CPU
NOTE: 1 identical sequences (see below) will be ignored for subsequent analysis
NOTE: Mcor.6550 (identical to Mcor.14045) is ignored but added at the end
Alignment was printed to ../results/molecular_evolution_analyses/phylogenetic_trees/F1839_MCOR_G1/F1839_MCOR_G1.uniqueseq.phy

For your convenience alignment with unique sequences printed to ../results/molecular_evolution_analyses/phylogenetic_trees/F1839_MCOR_G1/F1839_MCOR_G1.uniqueseq.phy


Create initial parsimony tree by phylogenetic likelihood library (PLL)... 0.001 seconds
Perform fast likelihood tree search using LG+I+G model...
Estimate model parameters (epsilon = 5.000)
Perform nearest neighbor interchange...
Optimizing NNI: done in 0.015744 secs using 99.77% CPU
Estimate model parameters (epsilon = 1.000)
1. Initial log-likelihood: -168.000
Optimal log-likelihood: -167.998
Proportion of invariable sites: 0.049
Gamma shape alpha: 2.790
Parameters optimization took 1 rounds (0.013 sec)
Time for fast ML tree search: 0.047 seconds

NOTE: ModelFinder requires 0 MB RAM!
ModelFinder will test up to 224 protein models (sample size: 11) ...
 No. Model         -LnL         df  AIC          AICc         BIC
  1  LG            169.478      33  404.955      2648.955     418.086
  2  LG+I          168.389      34  404.778      2784.778     418.306
  3  LG+G4         168.080      34  404.159      2784.159     417.688
  4  LG+I+G4       167.997      35  405.994      2925.994     419.920
  5  LG+F          175.697      52  455.395      5967.395     476.085
  6  LG+F+I        173.205      53  452.409      6176.409     473.498
  7  LG+F+G4       173.712      53  453.423      6177.423     474.511
  8  LG+F+I+G4     173.076      54  454.151      6394.151     475.638
  9  WAG           166.514      33  399.027      2643.027     412.158
 10  WAG+I         165.616      34  399.232      2779.232     412.760
 11  WAG+G4        165.527      34  399.054      2779.054     412.583
 12  WAG+I+G4      165.426      35  400.852      2920.852     414.779
 13  WAG+F         173.155      52  450.310      5962.310     471.000
 14  WAG+F+I       170.687      53  447.373      6171.373     468.462
 15  WAG+F+G4      170.912      53  447.824      6171.824     468.913
 16  WAG+F+I+G4    170.438      54  448.877      6388.877     470.363
 17  JTT           162.215      33  390.429      2634.429     403.560
 18  JTT+I         161.895      34  391.791      2771.791     405.319
 19  JTT+G4        161.971      34  391.942      2771.942     405.471
 20  JTT+I+G4      161.887      35  393.773      2913.773     407.700
 21  JTT+F         167.794      52  439.588      5951.588     460.279
 22  JTT+F+I       165.778      53  437.557      6161.557     458.645
 23  JTT+F+G4      166.692      53  439.384      6163.384     460.473
 24  JTT+F+I+G4    165.779      54  439.558      6379.558     461.044
WARNING: Normalizing state frequencies so that sum of them equals to 1
 25  Q.pfam        169.161      33  404.321      2648.321     417.452
WARNING: Normalizing state frequencies so that sum of them equals to 1
 26  Q.pfam+I      168.132      34  404.263      2784.263     417.792
WARNING: Normalizing state frequencies so that sum of them equals to 1
 27  Q.pfam+G4     168.148      34  404.297      2784.297     417.825
WARNING: Normalizing state frequencies so that sum of them equals to 1
 28  Q.pfam+I+G4   167.996      35  405.992      2925.992     419.919
WARNING: Normalizing state frequencies so that sum of them equals to 1
 29  Q.pfam+F      174.030      52  452.061      5964.061     472.751
WARNING: Normalizing state frequencies so that sum of them equals to 1
 30  Q.pfam+F+I    171.550      53  449.100      6173.100     470.188
WARNING: Normalizing state frequencies so that sum of them equals to 1
 31  Q.pfam+F+G4   172.314      53  450.628      6174.628     471.717
WARNING: Normalizing state frequencies so that sum of them equals to 1
 32  Q.pfam+F+I+G4 171.534      54  451.067      6391.067     472.553
WARNING: Normalizing state frequencies so that sum of them equals to 1
 33  Q.bird        160.251      33  386.503      2630.503     399.633
WARNING: Normalizing state frequencies so that sum of them equals to 1
 34  Q.bird+I      160.154      34  388.308      2768.308     401.837
WARNING: Normalizing state frequencies so that sum of them equals to 1
 35  Q.bird+G4     160.238      34  388.476      2768.476     402.005
WARNING: Normalizing state frequencies so that sum of them equals to 1
 36  Q.bird+I+G4   160.156      35  390.312      2910.312     404.239
WARNING: Normalizing state frequencies so that sum of them equals to 1
 37  Q.bird+F      165.300      52  434.600      5946.600     455.290
WARNING: Normalizing state frequencies so that sum of them equals to 1
 38  Q.bird+F+I    163.658      53  433.317      6157.317     454.405
WARNING: Normalizing state frequencies so that sum of them equals to 1
 39  Q.bird+F+G4   164.870      53  435.741      6159.741     456.829
WARNING: Normalizing state frequencies so that sum of them equals to 1
 40  Q.bird+F+I+G4 163.661      54  435.321      6375.321     456.807
WARNING: Normalizing state frequencies so that sum of them equals to 1
 41  Q.mammal      159.647      33  385.293      2629.293     398.424
WARNING: Normalizing state frequencies so that sum of them equals to 1
 42  Q.mammal+I    159.599      34  387.198      2767.198     400.726
WARNING: Normalizing state frequencies so that sum of them equals to 1
 43  Q.mammal+G4   159.647      34  387.294      2767.294     400.822
WARNING: Normalizing state frequencies so that sum of them equals to 1
 44  Q.mammal+I+G4 159.605      35  389.209      2909.209     403.135
WARNING: Normalizing state frequencies so that sum of them equals to 1
 45  Q.mammal+F    163.916      52  431.833      5943.833     452.523
WARNING: Normalizing state frequencies so that sum of them equals to 1
 46  Q.mammal+F+I  162.532      53  431.065      6155.065     452.153
WARNING: Normalizing state frequencies so that sum of them equals to 1
 47  Q.mammal+F+G4 163.595      53  433.189      6157.189     454.278
WARNING: Normalizing state frequencies so that sum of them equals to 1
 48  Q.mammal+F+I+G4 162.535      54  433.070      6373.070     454.556
 49  Q.insect      166.722      33  399.444      2643.444     412.575
 50  Q.insect+I    166.193      34  400.386      2780.386     413.915
 51  Q.insect+G4   166.524      34  401.048      2781.048     414.577
 52  Q.insect+I+G4 166.194      35  402.388      2922.388     416.314
 53  Q.insect+F    171.561      52  447.122      5959.122     467.813
 54  Q.insect+F+I  169.641      53  445.283      6169.283     466.371
 55  Q.insect+F+G4 170.731      53  447.463      6171.463     468.551
 56  Q.insect+F+I+G4 169.643      54  447.285      6387.285     468.772
WARNING: Normalizing state frequencies so that sum of them equals to 1
 57  Q.plant       166.247      33  398.494      2642.494     411.625
WARNING: Normalizing state frequencies so that sum of them equals to 1
 58  Q.plant+I     165.550      34  399.100      2779.100     412.629
WARNING: Normalizing state frequencies so that sum of them equals to 1
 59  Q.plant+G4    165.760      34  399.520      2779.520     413.049
WARNING: Normalizing state frequencies so that sum of them equals to 1
 60  Q.plant+I+G4  165.531      35  401.061      2921.061     414.987
WARNING: Normalizing state frequencies so that sum of them equals to 1
 61  Q.plant+F     171.476      52  446.951      5958.951     467.642
WARNING: Normalizing state frequencies so that sum of them equals to 1
 62  Q.plant+F+I   168.454      53  442.907      6166.907     463.996
WARNING: Normalizing state frequencies so that sum of them equals to 1
 63  Q.plant+F+G4  169.855      53  445.711      6169.711     466.799
WARNING: Normalizing state frequencies so that sum of them equals to 1
 64  Q.plant+F+I+G4 168.454      54  444.908      6384.908     466.395
WARNING: Normalizing state frequencies so that sum of them equals to 1
 65  Q.yeast       170.290      33  406.581      2650.581     419.711
WARNING: Normalizing state frequencies so that sum of them equals to 1
 66  Q.yeast+I     169.435      34  406.870      2786.870     420.399
WARNING: Normalizing state frequencies so that sum of them equals to 1
 67  Q.yeast+G4    169.805      34  407.610      2787.610     421.139
WARNING: Normalizing state frequencies so that sum of them equals to 1
 68  Q.yeast+I+G4  169.437      35  408.873      2928.873     422.800
WARNING: Normalizing state frequencies so that sum of them equals to 1
 69  Q.yeast+F     174.430      52  452.859      5964.859     473.550
WARNING: Normalizing state frequencies so that sum of them equals to 1
 70  Q.yeast+F+I   172.115      53  450.229      6174.229     471.318
WARNING: Normalizing state frequencies so that sum of them equals to 1
 71  Q.yeast+F+G4  173.180      53  452.359      6176.359     473.448
WARNING: Normalizing state frequencies so that sum of them equals to 1
 72  Q.yeast+F+I+G4 172.115      54  452.230      6392.230     473.717
 73  JTTDCMut      162.175      33  390.349      2634.349     403.480
 74  JTTDCMut+I    161.843      34  391.687      2771.687     405.215
 75  JTTDCMut+G4   161.912      34  391.823      2771.823     405.352
 76  JTTDCMut+I+G4 161.830      35  393.660      2913.660     407.587
 77  JTTDCMut+F    167.882      52  439.765      5951.765     460.455
 78  JTTDCMut+F+I  165.832      53  437.664      6161.664     458.753
 79  JTTDCMut+F+G4 166.716      53  439.432      6163.432     460.520
 80  JTTDCMut+F+I+G4 165.833      54  439.665      6379.665     461.152
 81  DCMut         169.718      33  405.435      2649.435     418.566
 82  DCMut+I       168.630      34  405.260      2785.260     418.788
 83  DCMut+G4      168.596      34  405.192      2785.192     418.720
 84  DCMut+I+G4    168.353      35  406.706      2926.706     420.633
 85  DCMut+F       173.831      52  451.662      5963.662     472.352
 86  DCMut+F+I     170.968      53  447.936      6171.936     469.024
 87  DCMut+F+G4    171.901      53  449.802      6173.802     470.891
 88  DCMut+F+I+G4  170.848      54  449.696      6389.696     471.182
 89  VT            165.159      33  396.318      2640.318     409.449
 90  VT+I          164.650      34  397.299      2777.299     410.828
 91  VT+G4         164.628      34  397.256      2777.256     410.785
 92  VT+I+G4       164.568      35  399.137      2919.137     413.063
 93  VT+F          170.683      52  445.366      5957.366     466.057
 94  VT+F+I        169.035      53  444.070      6168.070     465.158
 95  VT+F+G4       169.476      53  444.951      6168.951     466.040
 96  VT+F+I+G4     169.021      54  446.041      6386.041     467.528
 97  PMB           166.113      33  398.227      2642.227     411.357
 98  PMB+I         165.244      34  398.489      2778.489     412.017
 99  PMB+G4        165.361      34  398.722      2778.722     412.251
100  PMB+I+G4      165.181      35  400.361      2920.361     414.287
101  PMB+F         171.979      52  447.959      5959.959     468.649
102  PMB+F+I       170.241      53  446.481      6170.481     467.570
103  PMB+F+G4      170.553      53  447.106      6171.106     468.195
104  PMB+F+I+G4    170.157      54  448.315      6388.315     469.801
105  Blosum62      167.158      33  400.316      2644.316     413.447
106  Blosum62+I    166.364      34  400.728      2780.728     414.257
107  Blosum62+G4   166.270      34  400.540      2780.540     414.068
108  Blosum62+I+G4 166.189      35  402.377      2922.377     416.304
109  Blosum62+F    174.542      52  453.085      5965.085     473.775
110  Blosum62+F+I  172.743      53  451.487      6175.487     472.575
111  Blosum62+F+G4 172.852      53  451.704      6175.704     472.792
112  Blosum62+F+I+G4 172.552      54  453.104      6393.104     474.590
113  Dayhoff       169.614      33  405.229      2649.229     418.359
114  Dayhoff+I     168.534      34  405.068      2785.068     418.597
115  Dayhoff+G4    168.536      34  405.072      2785.072     418.601
116  Dayhoff+I+G4  168.284      35  406.568      2926.568     420.494
117  Dayhoff+F     173.776      52  451.552      5963.552     472.242
118  Dayhoff+F+I   170.911      53  447.822      6171.822     468.910
119  Dayhoff+F+G4  171.872      53  449.744      6173.744     470.832
120  Dayhoff+F+I+G4 170.802      54  449.604      6389.604     471.091
121  mtREV         191.992      33  449.984      2693.984     463.115
122  mtREV+I       191.525      34  451.051      2831.051     464.579
123  mtREV+G4      188.657      34  445.313      2825.313     458.842
124  mtREV+I+G4    188.694      35  447.387      2967.387     461.314
125  mtREV+F       183.739      52  471.477      5983.477     492.168
126  mtREV+F+I     180.411      53  466.823      6190.823     487.911
127  mtREV+F+G4    177.199      53  460.398      6184.398     481.487
128  mtREV+F+I+G4  177.068      54  462.136      6402.136     483.623
129  mtART         193.180      33  452.361      2696.361     465.491
130  mtART+I       192.794      34  453.588      2833.588     467.116
131  mtART+G4      190.233      34  448.465      2828.465     461.994
132  mtART+I+G4    190.276      35  450.551      2970.551     464.478
133  mtART+F       183.292      52  470.584      5982.584     491.274
134  mtART+F+I     179.421      53  464.843      6188.843     485.931
135  mtART+F+G4    177.680      53  461.359      6185.359     482.448
136  mtART+F+I+G4  177.103      54  462.207      6402.207     483.693
137  mtZOA         182.991      33  431.982      2675.982     445.112
138  mtZOA+I       182.691      34  433.382      2813.382     446.910
139  mtZOA+G4      182.315      34  432.630      2812.630     446.159
140  mtZOA+I+G4    182.319      35  434.638      2954.638     448.565
141  mtZOA+F       178.021      52  460.042      5972.042     480.732
142  mtZOA+F+I     175.098      53  456.195      6180.195     477.284
143  mtZOA+F+G4    175.566      53  457.132      6181.132     478.220
144  mtZOA+F+I+G4  174.749      54  457.498      6397.498     478.984
145  mtMet         179.498      33  424.997      2668.997     438.127
146  mtMet+I       179.378      34  426.756      2806.756     440.285
147  mtMet+G4      179.459      34  426.918      2806.918     440.446
148  mtMet+I+G4    179.379      35  428.758      2948.758     442.684
149  mtMet+F       172.929      52  449.858      5961.858     470.548
150  mtMet+F+I     170.054      53  446.109      6170.109     467.197
151  mtMet+F+G4    171.608      53  449.216      6173.216     470.304
152  mtMet+F+I+G4  170.055      54  448.111      6388.111     469.597
153  mtVer         181.587      33  429.174      2673.174     442.305
154  mtVer+I       181.492      34  430.983      2810.983     444.512
155  mtVer+G4      181.401      34  430.802      2810.802     444.330
156  mtVer+I+G4    181.412      35  432.825      2952.825     446.751
157  mtVer+F       174.732      52  453.463      5965.463     474.154
158  mtVer+F+I     171.834      53  449.668      6173.668     470.756
159  mtVer+F+G4    172.935      53  451.869      6175.869     472.958
160  mtVer+F+I+G4  172.048      54  452.095      6392.095     473.582
161  mtInv         180.505      33  427.010      2671.010     440.141
162  mtInv+I       180.306      34  428.612      2808.612     442.141
163  mtInv+G4      180.500      34  429.001      2809.001     442.529
164  mtInv+I+G4    180.308      35  430.615      2950.615     444.542
165  mtInv+F       174.007      52  452.014      5964.014     472.705
166  mtInv+F+I     171.256      53  448.512      6172.512     469.600
167  mtInv+F+G4    172.658      53  451.316      6175.316     472.405
168  mtInv+F+I+G4  171.257      54  450.513      6390.513     471.999
169  mtMAM         198.722      33  463.443      2707.443     476.574
170  mtMAM+I       198.454      34  464.908      2844.908     478.436
171  mtMAM+G4      193.520      34  455.040      2835.040     468.569
172  mtMAM+I+G4    193.553      35  457.107      2977.107     471.033
173  mtMAM+F       187.888      52  479.776      5991.776     500.467
174  mtMAM+F+I     183.553      53  473.105      6197.105     494.194
175  mtMAM+F+G4    179.592      53  465.185      6189.185     486.273
176  mtMAM+F+I+G4  179.402      54  466.804      6406.804     488.290
WARNING: Normalizing state frequencies so that sum of them equals to 1
177  FLAVI         165.096      33  396.192      2640.192     409.322
WARNING: Normalizing state frequencies so that sum of them equals to 1
178  FLAVI+I       165.072      34  398.144      2778.144     411.672
WARNING: Normalizing state frequencies so that sum of them equals to 1
179  FLAVI+G4      163.767      34  395.534      2775.534     409.063
WARNING: Normalizing state frequencies so that sum of them equals to 1
180  FLAVI+I+G4    163.829      35  397.659      2917.659     411.585
WARNING: Normalizing state frequencies so that sum of them equals to 1
181  FLAVI+F       169.608      52  443.217      5955.217     463.907
WARNING: Normalizing state frequencies so that sum of them equals to 1
182  FLAVI+F+I     167.974      53  441.947      6165.947     463.035
WARNING: Normalizing state frequencies so that sum of them equals to 1
183  FLAVI+F+G4    167.669      53  441.338      6165.338     462.426
WARNING: Normalizing state frequencies so that sum of them equals to 1
184  FLAVI+F+I+G4  167.456      54  442.911      6382.911     464.397
185  HIVb          161.559      33  389.118      2633.118     402.249
186  HIVb+I        161.559      34  391.118      2771.118     404.647
187  HIVb+G4       160.692      34  389.384      2769.384     402.913
188  HIVb+I+G4     160.754      35  391.509      2911.509     405.435
189  HIVb+F        165.516      52  435.031      5947.031     455.722
190  HIVb+F+I      163.926      53  433.852      6157.852     454.940
191  HIVb+F+G4     164.207      53  434.413      6158.413     455.502
192  HIVb+F+I+G4   163.862      54  435.724      6375.724     457.210
193  HIVw          164.793      33  395.586      2639.586     408.716
194  HIVw+I        164.793      34  397.586      2777.586     411.114
195  HIVw+G4       163.403      34  394.805      2774.805     408.334
196  HIVw+I+G4     163.463      35  396.926      2916.926     410.853
197  HIVw+F        171.674      52  447.348      5959.348     468.038
198  HIVw+F+I      170.509      53  447.018      6171.018     468.107
199  HIVw+F+G4     169.130      53  444.259      6168.259     465.348
200  HIVw+F+I+G4   169.143      54  446.286      6386.286     467.772
201  FLU           165.030      33  396.060      2640.060     409.191
202  FLU+I         164.994      34  397.987      2777.987     411.516
203  FLU+G4        164.073      34  396.145      2776.145     409.674
204  FLU+I+G4      164.134      35  398.269      2918.269     412.195
205  FLU+F         170.842      52  445.684      5957.684     466.374
206  FLU+F+I       169.648      53  445.296      6169.296     466.385
207  FLU+F+G4      169.438      53  444.877      6168.877     465.965
208  FLU+F+I+G4    169.379      54  446.757      6386.757     468.244
209  rtREV         171.879      33  409.758      2653.758     422.888
210  rtREV+I       170.719      34  409.439      2789.439     422.967
211  rtREV+G4      169.814      34  407.628      2787.628     421.157
212  rtREV+I+G4    169.804      35  409.609      2929.609     423.535
213  rtREV+F       177.245      52  458.491      5970.491     479.181
214  rtREV+F+I     174.566      53  455.133      6179.133     476.221
215  rtREV+F+G4    174.338      53  454.677      6178.677     475.765
216  rtREV+F+I+G4  173.999      54  455.998      6395.998     477.484
217  cpREV         169.656      33  405.312      2649.312     418.442
218  cpREV+I       169.123      34  406.247      2786.247     419.775
219  cpREV+G4      167.555      34  403.109      2783.109     416.638
220  cpREV+I+G4    167.594      35  405.189      2925.189     419.115
221  cpREV+F       175.291      52  454.582      5966.582     475.272
222  cpREV+F+I     172.840      53  451.681      6175.681     472.769
223  cpREV+F+G4    171.851      53  449.702      6173.702     470.791
224  cpREV+F+I+G4  171.605      54  451.209      6391.209     472.695
Akaike Information Criterion:           Q.mammal
Corrected Akaike Information Criterion: Q.mammal
Bayesian Information Criterion:         Q.mammal
Best-fit model: Q.mammal chosen according to BIC

All model information printed to ../results/molecular_evolution_analyses/phylogenetic_trees/F1839_MCOR_G1/F1839_MCOR_G1.model.gz
CPU time for ModelFinder: 3.373 seconds (0h:0m:3s)
Wall-clock time for ModelFinder: 3.415 seconds (0h:0m:3s)
NOTE: State(s) F, W, Y not present in alignment and thus removed from Markov process to prevent numerical problems
NOTE: 3 states (see above) are not present and thus removed from Markov process to prevent numerical problems
Generating 1000 samples for ultrafast bootstrap (seed: 574051)...
WARNING: Normalizing state frequencies so that sum of them equals to 1

NOTE: 0 MB RAM (0 GB) is required!
Estimate model parameters (epsilon = 0.100)
1. Initial log-likelihood: -159.647
Optimal log-likelihood: -159.647
Parameters optimization took 1 rounds (0.001 sec)
Wrote distance file to... 
Computing ML distances based on estimated model parameters...
Calculating distance matrix: done in 0.010112 secs using 99.8% CPU
Computing ML distances took 0.010184 sec (of wall-clock time) 0.010165 sec (of CPU time)
Setting up auxiliary I and S matrices: done in 4.69685e-05 secs using 185.2% CPU
Constructing RapidNJ tree: done in 7.70092e-05 secs using 205.2% CPU
Computing RapidNJ tree took 0.000192 sec (of wall-clock time) 0.000382 sec (of CPU time)
Log-likelihood of RapidNJ tree: -162.876
--------------------------------------------------------------------
|             INITIALIZING CANDIDATE TREE SET                      |
--------------------------------------------------------------------
Generating 98 parsimony trees... 0.088 second
Computing log-likelihood of 98 initial trees ... 0.065 seconds
Current best score: -158.818

Do NNI search on 20 best initial trees
Optimizing NNI: done in 0.00433016 secs using 199.8% CPU
Estimate model parameters (epsilon = 0.100)
BETTER TREE FOUND at iteration 1: -158.818
Optimizing NNI: done in 0.00435901 secs using 200% CPU
Optimizing NNI: done in 0.00422907 secs using 199.7% CPU
BETTER TREE FOUND at iteration 3: -158.818
Optimizing NNI: done in 0.00420189 secs using 199.7% CPU
Optimizing NNI: done in 0.00410986 secs using 200.1% CPU
Optimizing NNI: done in 0.00426292 secs using 199.6% CPU
BETTER TREE FOUND at iteration 6: -158.818
Optimizing NNI: done in 0.00440502 secs using 199.9% CPU
Optimizing NNI: done in 0.00812697 secs using 190.2% CPU
Optimizing NNI: done in 0.00410914 secs using 99.8% CPU
Optimizing NNI: done in 0.00395989 secs using 100% CPU
Iteration 10 / LogL: -159.451 / Time: 0h:0m:0s
Optimizing NNI: done in 0.0040772 secs using 99.77% CPU
Optimizing NNI: done in 0.00375104 secs using 100.1% CPU
Optimizing NNI: done in 0.0104909 secs using 99.92% CPU
Optimizing NNI: done in 0.0112362 secs using 99.83% CPU
Optimizing NNI: done in 0.00399399 secs using 100.1% CPU
Optimizing NNI: done in 0.00377917 secs using 100% CPU
Optimizing NNI: done in 0.00391102 secs using 99.79% CPU
Optimizing NNI: done in 0.00387001 secs using 100.1% CPU
Optimizing NNI: done in 0.011591 secs using 99.9% CPU
Optimizing NNI: done in 0.00402498 secs using 99.8% CPU
Iteration 20 / LogL: -159.647 / Time: 0h:0m:0s
Finish initializing candidate tree set (20)
Current best tree score: -158.818 / CPU time: 0.274
Number of iterations: 20
--------------------------------------------------------------------
|               OPTIMIZING CANDIDATE TREE SET                      |
--------------------------------------------------------------------
Optimizing NNI: done in 0.0172541 secs using 99.72% CPU
Optimizing NNI: done in 0.0151641 secs using 99.91% CPU
Optimizing NNI: done in 0.00483298 secs using 100% CPU
Optimizing NNI: done in 0.0101299 secs using 99.99% CPU
Optimizing NNI: done in 0.011657 secs using 99.78% CPU
Optimizing NNI: done in 0.00676799 secs using 99.78% CPU
Optimizing NNI: done in 0.00628495 secs using 99.78% CPU
Optimizing NNI: done in 0.0100939 secs using 99.89% CPU
Optimizing NNI: done in 0.00770092 secs using 99.85% CPU
Optimizing NNI: done in 0.00514197 secs using 99.81% CPU
Iteration 30 / LogL: -158.818 / Time: 0h:0m:0s (0h:0m:1s left)
Optimizing NNI: done in 0.0150762 secs using 99.92% CPU
Optimizing NNI: done in 0.00651598 secs using 99.82% CPU
Optimizing NNI: done in 0.0107791 secs using 99.87% CPU
Optimizing NNI: done in 0.012315 secs using 99.91% CPU
Optimizing NNI: done in 0.00605798 secs using 100% CPU
Optimizing NNI: done in 0.013824 secs using 99.65% CPU
Optimizing NNI: done in 0.010941 secs using 99.87% CPU
Optimizing NNI: done in 0.00679612 secs using 99.81% CPU
Optimizing NNI: done in 0.00491405 secs using 99.8% CPU
Optimizing NNI: done in 0.00738502 secs using 99.89% CPU
Iteration 40 / LogL: -161.321 / Time: 0h:0m:0s (0h:0m:1s left)
Optimizing NNI: done in 0.010783 secs using 99.93% CPU
Optimizing NNI: done in 0.0112009 secs using 99.92% CPU
Optimizing NNI: done in 0.0145402 secs using 99.92% CPU
Optimizing NNI: done in 0.00424004 secs using 96.32% CPU
Optimizing NNI: done in 0.0128591 secs using 99.91% CPU
Optimizing NNI: done in 0.00633597 secs using 99.84% CPU
Optimizing NNI: done in 0.0126791 secs using 99.89% CPU
Optimizing NNI: done in 0.0172451 secs using 99.9% CPU
Optimizing NNI: done in 0.0153308 secs using 99.94% CPU
Optimizing NNI: done in 0.0111661 secs using 99.89% CPU
Iteration 50 / LogL: -158.818 / Time: 0h:0m:0s (0h:0m:0s left)
Log-likelihood cutoff on original alignment: -172.015
Optimizing NNI: done in 0.0114861 secs using 99.9% CPU
Optimizing NNI: done in 0.00420117 secs using 100% CPU
Optimizing NNI: done in 0.00496697 secs using 99.96% CPU
Optimizing NNI: done in 0.0141599 secs using 99.72% CPU
Optimizing NNI: done in 0.00391507 secs using 100% CPU
Optimizing NNI: done in 0.00651288 secs using 100% CPU
Optimizing NNI: done in 0.00793195 secs using 99.99% CPU
Optimizing NNI: done in 0.013387 secs using 99.87% CPU
Optimizing NNI: done in 0.00513411 secs using 99.82% CPU
Optimizing NNI: done in 0.0118401 secs using 99.54% CPU
Iteration 60 / LogL: -158.818 / Time: 0h:0m:0s (0h:0m:0s left)
Optimizing NNI: done in 0.0060339 secs using 99.5% CPU
Optimizing NNI: done in 0.00598311 secs using 99.71% CPU
Optimizing NNI: done in 0.00926113 secs using 99.66% CPU
Optimizing NNI: done in 0.00915217 secs using 99.99% CPU
Optimizing NNI: done in 0.00378704 secs using 99.66% CPU
Optimizing NNI: done in 0.0102351 secs using 99.79% CPU
Optimizing NNI: done in 0.010077 secs using 99.7% CPU
Optimizing NNI: done in 0.00963807 secs using 99.7% CPU
Optimizing NNI: done in 0.014035 secs using 99.93% CPU
Optimizing NNI: done in 0.00478601 secs using 100% CPU
Iteration 70 / LogL: -158.818 / Time: 0h:0m:1s (0h:0m:0s left)
Optimizing NNI: done in 0.00570703 secs using 100% CPU
Optimizing NNI: done in 0.00365996 secs using 99.97% CPU
BETTER TREE FOUND at iteration 72: -158.818
Optimizing NNI: done in 0.00949693 secs using 100% CPU
Optimizing NNI: done in 0.0173669 secs using 99.86% CPU
Optimizing NNI: done in 0.0118961 secs using 99.88% CPU
Optimizing NNI: done in 0.00386 secs using 100.1% CPU
Optimizing NNI: done in 0.00957799 secs using 100% CPU
Optimizing NNI: done in 0.00379109 secs using 100% CPU
Optimizing NNI: done in 0.0120342 secs using 99.9% CPU
Optimizing NNI: done in 0.00379586 secs using 99.71% CPU
BETTER TREE FOUND at iteration 80: -158.818
Iteration 80 / LogL: -158.818 / Time: 0h:0m:1s (0h:0m:1s left)
Optimizing NNI: done in 0.0073781 secs using 99.82% CPU
Optimizing NNI: done in 0.007406 secs using 99.65% CPU
Optimizing NNI: done in 0.009624 secs using 99.85% CPU
Optimizing NNI: done in 0.011687 secs using 99.91% CPU
Optimizing NNI: done in 0.00583887 secs using 100% CPU
Optimizing NNI: done in 0.0107021 secs using 99.89% CPU
Optimizing NNI: done in 0.00608706 secs using 99.75% CPU
Optimizing NNI: done in 0.00559592 secs using 99.75% CPU
Optimizing NNI: done in 0.0137441 secs using 99.84% CPU
Optimizing NNI: done in 0.0197918 secs using 99.9% CPU
Iteration 90 / LogL: -158.818 / Time: 0h:0m:1s (0h:0m:1s left)
Optimizing NNI: done in 0.00963902 secs using 99.86% CPU
Optimizing NNI: done in 0.00385785 secs using 99.98% CPU
BETTER TREE FOUND at iteration 92: -158.818
Optimizing NNI: done in 0.0168159 secs using 99.92% CPU
Optimizing NNI: done in 0.00625896 secs using 100% CPU
Optimizing NNI: done in 0.0143211 secs using 99.89% CPU
Optimizing NNI: done in 0.00597 secs using 99.78% CPU
Optimizing NNI: done in 0.00609016 secs using 99.8% CPU
Optimizing NNI: done in 0.01262 secs using 99.87% CPU
Optimizing NNI: done in 0.00390005 secs using 100% CPU
Optimizing NNI: done in 0.0070169 secs using 99.99% CPU
Iteration 100 / LogL: -162.016 / Time: 0h:0m:1s (0h:0m:1s left)
Log-likelihood cutoff on original alignment: -172.026
NOTE: Bootstrap correlation coefficient of split occurrence frequencies: 0.928
NOTE: UFBoot does not converge, continue at least 100 more iterations
Optimizing NNI: done in 0.00753593 secs using 99.82% CPU
Optimizing NNI: done in 0.013927 secs using 99.85% CPU
Optimizing NNI: done in 0.00710797 secs using 99.85% CPU
Optimizing NNI: done in 0.00377202 secs using 99.97% CPU
Optimizing NNI: done in 0.00491214 secs using 99.79% CPU
Optimizing NNI: done in 0.0099411 secs using 100% CPU
Optimizing NNI: done in 0.00707507 secs using 99.84% CPU
Optimizing NNI: done in 0.00598001 secs using 99.78% CPU
Optimizing NNI: done in 0.00581098 secs using 100% CPU
Optimizing NNI: done in 0.00478315 secs using 100% CPU
Iteration 110 / LogL: -158.818 / Time: 0h:0m:1s (0h:0m:1s left)
Optimizing NNI: done in 0.00387692 secs using 99.64% CPU
Optimizing NNI: done in 0.0133231 secs using 99.89% CPU
Optimizing NNI: done in 0.0038321 secs using 100% CPU
Optimizing NNI: done in 0.006253 secs using 100% CPU
Optimizing NNI: done in 0.004812 secs using 99.81% CPU
Optimizing NNI: done in 0.00769401 secs using 99.86% CPU
Optimizing NNI: done in 0.0115788 secs using 99.91% CPU
Optimizing NNI: done in 0.00782204 secs using 100% CPU
Optimizing NNI: done in 0.00552702 secs using 99.8% CPU
Optimizing NNI: done in 0.0061059 secs using 99.82% CPU
Iteration 120 / LogL: -163.938 / Time: 0h:0m:1s (0h:0m:1s left)
Optimizing NNI: done in 0.00349092 secs using 99.63% CPU
Optimizing NNI: done in 0.007092 secs using 99.82% CPU
Optimizing NNI: done in 0.00359797 secs using 100% CPU
Optimizing NNI: done in 0.00926495 secs using 99.78% CPU
Optimizing NNI: done in 0.00806403 secs using 99.78% CPU
Optimizing NNI: done in 0.0139859 secs using 99.86% CPU
Optimizing NNI: done in 0.00327802 secs using 99.66% CPU
Optimizing NNI: done in 0.00584292 secs using 99.85% CPU
Optimizing NNI: done in 0.0102389 secs using 100% CPU
Optimizing NNI: done in 0.00281191 secs using 99.61% CPU
Iteration 130 / LogL: -158.818 / Time: 0h:0m:2s (0h:0m:1s left)
Optimizing NNI: done in 0.00583696 secs using 99.86% CPU
Optimizing NNI: done in 0.00752187 secs using 99.75% CPU
Optimizing NNI: done in 0.00727415 secs using 99.98% CPU
Optimizing NNI: done in 0.0137091 secs using 99.24% CPU
Optimizing NNI: done in 0.00436187 secs using 100% CPU
Optimizing NNI: done in 0.0054841 secs using 99.63% CPU
Optimizing NNI: done in 0.01033 secs using 99.83% CPU
Optimizing NNI: done in 0.0081439 secs using 99.85% CPU
Optimizing NNI: done in 0.006706 secs using 99.99% CPU
Optimizing NNI: done in 0.00822592 secs using 99.87% CPU
Iteration 140 / LogL: -158.818 / Time: 0h:0m:2s (0h:0m:0s left)
Optimizing NNI: done in 0.00926995 secs using 99.88% CPU
Optimizing NNI: done in 0.00616097 secs using 99.85% CPU
Optimizing NNI: done in 0.00841403 secs using 99.85% CPU
Optimizing NNI: done in 0.00889897 secs using 99.88% CPU
BETTER TREE FOUND at iteration 144: -158.818
Optimizing NNI: done in 0.00583005 secs using 100% CPU
Optimizing NNI: done in 0.00374007 secs using 100% CPU
Optimizing NNI: done in 0.00785279 secs using 100% CPU
Optimizing NNI: done in 0.00681591 secs using 99.99% CPU
Optimizing NNI: done in 0.00245285 secs using 100% CPU
Optimizing NNI: done in 0.008178 secs using 99.87% CPU
Iteration 150 / LogL: -158.818 / Time: 0h:0m:2s (0h:0m:1s left)
Log-likelihood cutoff on original alignment: -172.072
Optimizing NNI: done in 0.00758004 secs using 100% CPU
Optimizing NNI: done in 0.0024662 secs using 99.95% CPU
Optimizing NNI: done in 0.00627208 secs using 99.71% CPU
Optimizing NNI: done in 0.00515795 secs using 99.87% CPU
Optimizing NNI: done in 0.00523996 secs using 99.83% CPU
Optimizing NNI: done in 0.0066781 secs using 99.83% CPU
Optimizing NNI: done in 0.00262904 secs using 100% CPU
Optimizing NNI: done in 0.00769901 secs using 100% CPU
Optimizing NNI: done in 0.00437903 secs using 100% CPU
Optimizing NNI: done in 0.00613499 secs using 100% CPU
Iteration 160 / LogL: -161.321 / Time: 0h:0m:2s (0h:0m:1s left)
Optimizing NNI: done in 0.00575495 secs using 99.84% CPU
Optimizing NNI: done in 0.00490499 secs using 99.8% CPU
Optimizing NNI: done in 0.00294399 secs using 100% CPU
Optimizing NNI: done in 0.00478101 secs using 100% CPU
Optimizing NNI: done in 0.00771904 secs using 99.88% CPU
Optimizing NNI: done in 0.00297689 secs using 99.6% CPU
Optimizing NNI: done in 0.00492001 secs using 99.98% CPU
Optimizing NNI: done in 0.0119469 secs using 99.62% CPU
Optimizing NNI: done in 0.00456405 secs using 99.85% CPU
Optimizing NNI: done in 0.00974488 secs using 99.88% CPU
Iteration 170 / LogL: -158.818 / Time: 0h:0m:2s (0h:0m:1s left)
Optimizing NNI: done in 0.00432014 secs using 99.97% CPU
Optimizing NNI: done in 0.00469685 secs using 99.79% CPU
Optimizing NNI: done in 0.0110431 secs using 99.9% CPU
UPDATE BEST LOG-LIKELIHOOD: -158.818
Optimizing NNI: done in 0.00404501 secs using 100% CPU
Optimizing NNI: done in 0.00391412 secs using 100% CPU
Optimizing NNI: done in 0.00725913 secs using 99.98% CPU
Optimizing NNI: done in 0.00816584 secs using 99.87% CPU
Optimizing NNI: done in 0.00689602 secs using 99.84% CPU
Optimizing NNI: done in 0.00570798 secs using 99.79% CPU
Optimizing NNI: done in 0.00548601 secs using 99.82% CPU
Iteration 180 / LogL: -160.493 / Time: 0h:0m:2s (0h:0m:0s left)
Optimizing NNI: done in 0.00785184 secs using 99.85% CPU
Optimizing NNI: done in 0.0104899 secs using 99.92% CPU
Optimizing NNI: done in 0.00691199 secs using 100% CPU
Optimizing NNI: done in 0.0106499 secs using 99.92% CPU
Optimizing NNI: done in 0.00946188 secs using 99.91% CPU
Optimizing NNI: done in 0.002285 secs using 100% CPU
Optimizing NNI: done in 0.00529313 secs using 99.98% CPU
Optimizing NNI: done in 0.00370979 secs using 100% CPU
Optimizing NNI: done in 0.00407195 secs using 99.98% CPU
Optimizing NNI: done in 0.0102839 secs using 99.9% CPU
Iteration 190 / LogL: -160.741 / Time: 0h:0m:2s (0h:0m:0s left)
Optimizing NNI: done in 0.00619102 secs using 99.79% CPU
Optimizing NNI: done in 0.0103159 secs using 99.86% CPU
Optimizing NNI: done in 0.00660992 secs using 99.79% CPU
Optimizing NNI: done in 0.00738311 secs using 99.82% CPU
Optimizing NNI: done in 0.00546718 secs using 99.78% CPU
Optimizing NNI: done in 0.00412989 secs using 99.76% CPU
Optimizing NNI: done in 0.010592 secs using 99.87% CPU
Optimizing NNI: done in 0.010344 secs using 99.85% CPU
Optimizing NNI: done in 0.0103788 secs using 99.9% CPU
Optimizing NNI: done in 0.00384402 secs using 99.69% CPU
Iteration 200 / LogL: -158.818 / Time: 0h:0m:3s (0h:0m:0s left)
Log-likelihood cutoff on original alignment: -172.587
NOTE: Bootstrap correlation coefficient of split occurrence frequencies: 0.925
NOTE: UFBoot does not converge, continue at least 100 more iterations
Optimizing NNI: done in 0.00932097 secs using 99.69% CPU
Optimizing NNI: done in 0.00688291 secs using 100% CPU
Optimizing NNI: done in 0.00682306 secs using 99.81% CPU
Optimizing NNI: done in 0.0113289 secs using 99.91% CPU
Optimizing NNI: done in 0.0140271 secs using 99.86% CPU
Optimizing NNI: done in 0.0100701 secs using 99.72% CPU
Optimizing NNI: done in 0.0156639 secs using 99.88% CPU
Optimizing NNI: done in 0.00545597 secs using 99.8% CPU
Optimizing NNI: done in 0.0129101 secs using 99.78% CPU
Optimizing NNI: done in 0.0102589 secs using 99.92% CPU
Iteration 210 / LogL: -160.892 / Time: 0h:0m:3s (0h:0m:1s left)
Optimizing NNI: done in 0.0103738 secs using 99.88% CPU
Optimizing NNI: done in 0.00489092 secs using 99.94% CPU
Optimizing NNI: done in 0.00636411 secs using 99.84% CPU
Optimizing NNI: done in 0.00511694 secs using 99.81% CPU
Optimizing NNI: done in 0.00701094 secs using 100% CPU
Optimizing NNI: done in 0.010669 secs using 99.87% CPU
Optimizing NNI: done in 0.010504 secs using 99.89% CPU
Optimizing NNI: done in 0.00767493 secs using 99.82% CPU
Optimizing NNI: done in 0.00396681 secs using 99.7% CPU
Optimizing NNI: done in 0.00721908 secs using 99.76% CPU
Iteration 220 / LogL: -158.818 / Time: 0h:0m:3s (0h:0m:1s left)
Optimizing NNI: done in 0.00394511 secs using 99.97% CPU
Optimizing NNI: done in 0.00673318 secs using 99.72% CPU
Optimizing NNI: done in 0.004076 secs using 100% CPU
Optimizing NNI: done in 0.00888801 secs using 99.98% CPU
Optimizing NNI: done in 0.010524 secs using 99.92% CPU
Optimizing NNI: done in 0.0110149 secs using 99.89% CPU
Optimizing NNI: done in 0.00513983 secs using 100% CPU
Optimizing NNI: done in 0.00593686 secs using 100% CPU
Optimizing NNI: done in 0.00743508 secs using 99.88% CPU
Optimizing NNI: done in 0.00975323 secs using 99.86% CPU
Iteration 230 / LogL: -162.150 / Time: 0h:0m:3s (0h:0m:1s left)
Optimizing NNI: done in 0.007833 secs using 99.99% CPU
Optimizing NNI: done in 0.00673199 secs using 99.27% CPU
Optimizing NNI: done in 0.00743198 secs using 99.85% CPU
Optimizing NNI: done in 0.0100129 secs using 99.91% CPU
Optimizing NNI: done in 0.00722885 secs using 99.99% CPU
Optimizing NNI: done in 0.00403094 secs using 99.95% CPU
Optimizing NNI: done in 0.0104091 secs using 99.87% CPU
Optimizing NNI: done in 0.00789595 secs using 99.9% CPU
Optimizing NNI: done in 0.00990391 secs using 99.9% CPU
Optimizing NNI: done in 0.00755596 secs using 99.82% CPU
Iteration 240 / LogL: -160.741 / Time: 0h:0m:3s (0h:0m:0s left)
Optimizing NNI: done in 0.0108771 secs using 100% CPU
Optimizing NNI: done in 0.0147851 secs using 99.84% CPU
Optimizing NNI: done in 0.00975394 secs using 99.88% CPU
Optimizing NNI: done in 0.0104749 secs using 99.85% CPU
Optimizing NNI: done in 0.00750089 secs using 100% CPU
Optimizing NNI: done in 0.00619197 secs using 99.98% CPU
Optimizing NNI: done in 0.0122199 secs using 99.89% CPU
Optimizing NNI: done in 0.00634813 secs using 99.84% CPU
Optimizing NNI: done in 0.0106928 secs using 99.92% CPU
Optimizing NNI: done in 0.01141 secs using 99.91% CPU
Iteration 250 / LogL: -158.818 / Time: 0h:0m:3s (0h:0m:0s left)
Log-likelihood cutoff on original alignment: -172.587
Optimizing NNI: done in 0.00785899 secs using 100% CPU
Optimizing NNI: done in 0.0116251 secs using 99.91% CPU
Optimizing NNI: done in 0.0111139 secs using 99.84% CPU
Optimizing NNI: done in 0.00379992 secs using 99.66% CPU
Optimizing NNI: done in 0.0142391 secs using 99.91% CPU
Optimizing NNI: done in 0.00984693 secs using 99.87% CPU
Optimizing NNI: done in 0.00512004 secs using 100% CPU
Optimizing NNI: done in 0.00430894 secs using 100% CPU
Optimizing NNI: done in 0.00397992 secs using 100% CPU
Optimizing NNI: done in 0.00689507 secs using 100% CPU
Iteration 260 / LogL: -158.818 / Time: 0h:0m:4s (0h:0m:0s left)
Optimizing NNI: done in 0.00229192 secs using 99.96% CPU
Optimizing NNI: done in 0.00851989 secs using 99.87% CPU
Optimizing NNI: done in 0.00622702 secs using 99.82% CPU
Optimizing NNI: done in 0.013448 secs using 99.87% CPU
Optimizing NNI: done in 0.00918698 secs using 99.87% CPU
Optimizing NNI: done in 0.018934 secs using 99.88% CPU
Optimizing NNI: done in 0.00763202 secs using 99.66% CPU
Optimizing NNI: done in 0.0086081 secs using 99.99% CPU
Optimizing NNI: done in 0.013401 secs using 99.9% CPU
Optimizing NNI: done in 0.003896 secs using 100% CPU
Iteration 270 / LogL: -158.818 / Time: 0h:0m:4s (0h:0m:0s left)
Optimizing NNI: done in 0.00776601 secs using 99.85% CPU
Optimizing NNI: done in 0.0106211 secs using 99.86% CPU
Optimizing NNI: done in 0.019932 secs using 99.86% CPU
Optimizing NNI: done in 0.00396705 secs using 99.62% CPU
Optimizing NNI: done in 0.013417 secs using 99.93% CPU
Optimizing NNI: done in 0.00373101 secs using 100% CPU
Optimizing NNI: done in 0.006639 secs using 100% CPU
Optimizing NNI: done in 0.0141728 secs using 99.92% CPU
Optimizing NNI: done in 0.00699401 secs using 100% CPU
Optimizing NNI: done in 0.00410604 secs using 99.63% CPU
Iteration 280 / LogL: -158.818 / Time: 0h:0m:4s (0h:0m:0s left)
Optimizing NNI: done in 0.0117981 secs using 99.8% CPU
Optimizing NNI: done in 0.0103121 secs using 99.77% CPU
Optimizing NNI: done in 0.00390792 secs using 99.98% CPU
Optimizing NNI: done in 0.00577903 secs using 99.98% CPU
Optimizing NNI: done in 0.00774288 secs using 99.86% CPU
Optimizing NNI: done in 0.00995088 secs using 99.91% CPU
Optimizing NNI: done in 0.00386906 secs using 100% CPU
Optimizing NNI: done in 0.00387406 secs using 100% CPU
Optimizing NNI: done in 0.00640798 secs using 99.83% CPU
Optimizing NNI: done in 0.0110669 secs using 99.91% CPU
Iteration 290 / LogL: -158.818 / Time: 0h:0m:4s (0h:0m:0s left)
Optimizing NNI: done in 0.00574994 secs using 100% CPU
Optimizing NNI: done in 0.00777006 secs using 99.87% CPU
Optimizing NNI: done in 0.00678706 secs using 99.97% CPU
Optimizing NNI: done in 0.00597095 secs using 99.41% CPU
Optimizing NNI: done in 0.0184991 secs using 35.07% CPU
Optimizing NNI: done in 0.00518298 secs using 99.83% CPU
Optimizing NNI: done in 0.0121651 secs using 99.66% CPU
Optimizing NNI: done in 0.00767088 secs using 47.24% CPU
Optimizing NNI: done in 0.0107491 secs using 99.84% CPU
Optimizing NNI: done in 0.005476 secs using 99.98% CPU
Iteration 300 / LogL: -158.818 / Time: 0h:0m:4s (0h:0m:0s left)
Log-likelihood cutoff on original alignment: -172.587
NOTE: Bootstrap correlation coefficient of split occurrence frequencies: 0.979
NOTE: UFBoot does not converge, continue at least 100 more iterations
Optimizing NNI: done in 0.00685787 secs using 100% CPU
Optimizing NNI: done in 0.0101089 secs using 99.86% CPU
Optimizing NNI: done in 0.0136912 secs using 99.91% CPU
Optimizing NNI: done in 0.005723 secs using 99.77% CPU
Optimizing NNI: done in 0.0129101 secs using 99.89% CPU
Optimizing NNI: done in 0.00942016 secs using 99.87% CPU
Optimizing NNI: done in 0.00600219 secs using 99.85% CPU
Optimizing NNI: done in 0.00694704 secs using 100% CPU
Optimizing NNI: done in 0.0126638 secs using 99.92% CPU
Optimizing NNI: done in 0.00711703 secs using 99.77% CPU
Iteration 310 / LogL: -158.818 / Time: 0h:0m:5s (0h:0m:1s left)
Optimizing NNI: done in 0.00704002 secs using 99.8% CPU
Optimizing NNI: done in 0.00665498 secs using 99.8% CPU
Optimizing NNI: done in 0.00921106 secs using 99.89% CPU
Optimizing NNI: done in 0.0091989 secs using 99.9% CPU
Optimizing NNI: done in 0.0154159 secs using 99.92% CPU
Optimizing NNI: done in 0.00595307 secs using 99.85% CPU
Optimizing NNI: done in 0.00645304 secs using 100% CPU
Optimizing NNI: done in 0.00712395 secs using 99.85% CPU
Optimizing NNI: done in 0.015717 secs using 99.87% CPU
Optimizing NNI: done in 0.0169752 secs using 99.89% CPU
Iteration 320 / LogL: -161.540 / Time: 0h:0m:5s (0h:0m:1s left)
Optimizing NNI: done in 0.0068419 secs using 99.99% CPU
Optimizing NNI: done in 0.0108099 secs using 99.7% CPU
Optimizing NNI: done in 0.00906992 secs using 99.82% CPU
Optimizing NNI: done in 0.00545979 secs using 99.73% CPU
Optimizing NNI: done in 0.00666189 secs using 99.73% CPU
Optimizing NNI: done in 0.00840378 secs using 99.75% CPU
Optimizing NNI: done in 0.00774908 secs using 99.79% CPU
Optimizing NNI: done in 0.013757 secs using 99.88% CPU
Optimizing NNI: done in 0.017417 secs using 99.91% CPU
Optimizing NNI: done in 0.0147378 secs using 99.87% CPU
Iteration 330 / LogL: -158.818 / Time: 0h:0m:5s (0h:0m:1s left)
Optimizing NNI: done in 0.0081861 secs using 99.83% CPU
Optimizing NNI: done in 0.00640702 secs using 99.8% CPU
Optimizing NNI: done in 0.010644 secs using 99.89% CPU
Optimizing NNI: done in 0.010551 secs using 100% CPU
Optimizing NNI: done in 0.0140369 secs using 99.86% CPU
Optimizing NNI: done in 0.0181458 secs using 99.85% CPU
Optimizing NNI: done in 0.0108881 secs using 99.91% CPU
Optimizing NNI: done in 0.00684619 secs using 100% CPU
Optimizing NNI: done in 0.0115449 secs using 99.76% CPU
Optimizing NNI: done in 0.0191591 secs using 99.94% CPU
Iteration 340 / LogL: -158.818 / Time: 0h:0m:5s (0h:0m:1s left)
Optimizing NNI: done in 0.0119731 secs using 99.89% CPU
Optimizing NNI: done in 0.018805 secs using 99.86% CPU
Optimizing NNI: done in 0.00980306 secs using 99.69% CPU
Optimizing NNI: done in 0.00765395 secs using 99.82% CPU
Optimizing NNI: done in 0.011801 secs using 99.89% CPU
Optimizing NNI: done in 0.0101941 secs using 99.86% CPU
Optimizing NNI: done in 0.0127709 secs using 99.88% CPU
Optimizing NNI: done in 0.00428295 secs using 100% CPU
Optimizing NNI: done in 0.0054121 secs using 99.72% CPU
Optimizing NNI: done in 0.00879216 secs using 99.83% CPU
Iteration 350 / LogL: -158.818 / Time: 0h:0m:5s (0h:0m:0s left)
Log-likelihood cutoff on original alignment: -172.587
Optimizing NNI: done in 0.00699782 secs using 99.63% CPU
Optimizing NNI: done in 0.0124669 secs using 89.98% CPU
Optimizing NNI: done in 0.00732803 secs using 99.69% CPU
Optimizing NNI: done in 0.00820613 secs using 99.68% CPU
Optimizing NNI: done in 0.016223 secs using 99.83% CPU
Optimizing NNI: done in 0.00419307 secs using 99.74% CPU
Optimizing NNI: done in 0.010895 secs using 99.85% CPU
Optimizing NNI: done in 0.00424409 secs using 99.97% CPU
Optimizing NNI: done in 0.00561595 secs using 99.81% CPU
Optimizing NNI: done in 0.00961113 secs using 99.55% CPU
Iteration 360 / LogL: -158.818 / Time: 0h:0m:6s (0h:0m:0s left)
Optimizing NNI: done in 0.0254571 secs using 99.83% CPU
Optimizing NNI: done in 0.0121751 secs using 99.91% CPU
Optimizing NNI: done in 0.0082171 secs using 99.89% CPU
Optimizing NNI: done in 0.011591 secs using 99.9% CPU
Optimizing NNI: done in 0.00909281 secs using 99.85% CPU
Optimizing NNI: done in 0.00710893 secs using 99.85% CPU
Optimizing NNI: done in 0.021544 secs using 99.92% CPU
Optimizing NNI: done in 0.0134971 secs using 99.91% CPU
Optimizing NNI: done in 0.00685906 secs using 99.79% CPU
Optimizing NNI: done in 0.00652409 secs using 99.97% CPU
Iteration 370 / LogL: -158.818 / Time: 0h:0m:6s (0h:0m:0s left)
Optimizing NNI: done in 0.00815415 secs using 99.85% CPU
Optimizing NNI: done in 0.0139382 secs using 99.89% CPU
Optimizing NNI: done in 0.008039 secs using 99.83% CPU
Optimizing NNI: done in 0.0154641 secs using 99.93% CPU
Optimizing NNI: done in 0.00700498 secs using 99.77% CPU
Optimizing NNI: done in 0.00413394 secs using 99.74% CPU
Optimizing NNI: done in 0.00418901 secs using 100% CPU
Optimizing NNI: done in 0.0129099 secs using 99.9% CPU
Optimizing NNI: done in 0.00743914 secs using 99.97% CPU
Optimizing NNI: done in 0.012361 secs using 99.81% CPU
Iteration 380 / LogL: -160.493 / Time: 0h:0m:6s (0h:0m:0s left)
Optimizing NNI: done in 0.011517 secs using 99.77% CPU
Optimizing NNI: done in 0.00797296 secs using 99.8% CPU
Optimizing NNI: done in 0.00427699 secs using 99.77% CPU
Optimizing NNI: done in 0.00802803 secs using 99.85% CPU
Optimizing NNI: done in 0.00680399 secs using 99.75% CPU
Optimizing NNI: done in 0.0266511 secs using 39.92% CPU
Optimizing NNI: done in 0.014137 secs using 98.44% CPU
Optimizing NNI: done in 0.00735712 secs using 99.67% CPU
Optimizing NNI: done in 0.00782514 secs using 99.82% CPU
Optimizing NNI: done in 0.00397778 secs using 99.68% CPU
Iteration 390 / LogL: -158.818 / Time: 0h:0m:6s (0h:0m:0s left)
Optimizing NNI: done in 0.00798011 secs using 99.86% CPU
Optimizing NNI: done in 0.00799084 secs using 99.98% CPU
Optimizing NNI: done in 0.0140331 secs using 99.9% CPU
Optimizing NNI: done in 0.010174 secs using 99.88% CPU
Optimizing NNI: done in 0.0068512 secs using 100% CPU
Optimizing NNI: done in 0.00768304 secs using 99.82% CPU
Optimizing NNI: done in 0.00669217 secs using 99.98% CPU
Optimizing NNI: done in 0.0150549 secs using 99.78% CPU
Optimizing NNI: done in 0.00500202 secs using 100% CPU
Optimizing NNI: done in 0.00411582 secs using 99.62% CPU
Iteration 400 / LogL: -158.818 / Time: 0h:0m:7s (0h:0m:0s left)
Log-likelihood cutoff on original alignment: -172.614
NOTE: Bootstrap correlation coefficient of split occurrence frequencies: 0.974
NOTE: UFBoot does not converge, continue at least 100 more iterations
Optimizing NNI: done in 0.00757194 secs using 99.82% CPU
Optimizing NNI: done in 0.012368 secs using 99.9% CPU
Optimizing NNI: done in 0.00414181 secs using 99.96% CPU
Optimizing NNI: done in 0.00977397 secs using 99.8% CPU
Optimizing NNI: done in 0.0185349 secs using 99.82% CPU
Optimizing NNI: done in 0.0201111 secs using 99.88% CPU
Optimizing NNI: done in 0.00726199 secs using 99.85% CPU
Optimizing NNI: done in 0.0082469 secs using 99.88% CPU
Optimizing NNI: done in 0.010462 secs using 99.88% CPU
Optimizing NNI: done in 0.0101721 secs using 99.78% CPU
Iteration 410 / LogL: -158.818 / Time: 0h:0m:7s (0h:0m:1s left)
Optimizing NNI: done in 0.0170021 secs using 99.85% CPU
Optimizing NNI: done in 0.00788403 secs using 99.62% CPU
Optimizing NNI: done in 0.020421 secs using 99.91% CPU
Optimizing NNI: done in 0.0081358 secs using 99.86% CPU
Optimizing NNI: done in 0.0108731 secs using 99.84% CPU
Optimizing NNI: done in 0.018481 secs using 99.85% CPU
Optimizing NNI: done in 0.00846577 secs using 99.81% CPU
Optimizing NNI: done in 0.00627494 secs using 99.99% CPU
Optimizing NNI: done in 0.00870109 secs using 99.84% CPU
Optimizing NNI: done in 0.0138211 secs using 99.79% CPU
Iteration 420 / LogL: -158.818 / Time: 0h:0m:7s (0h:0m:1s left)
Optimizing NNI: done in 0.0132442 secs using 99.89% CPU
Optimizing NNI: done in 0.00944304 secs using 99.86% CPU
Optimizing NNI: done in 0.0167658 secs using 99.91% CPU
Optimizing NNI: done in 0.005234 secs using 100% CPU
Optimizing NNI: done in 0.00995612 secs using 99.86% CPU
Optimizing NNI: done in 0.00749922 secs using 99.82% CPU
Optimizing NNI: done in 0.0109301 secs using 99.9% CPU
Optimizing NNI: done in 0.00791788 secs using 99.72% CPU
Optimizing NNI: done in 0.00786996 secs using 99.84% CPU
Optimizing NNI: done in 0.0100212 secs using 99.82% CPU
Iteration 430 / LogL: -158.818 / Time: 0h:0m:7s (0h:0m:1s left)
Optimizing NNI: done in 0.011312 secs using 99.81% CPU
Optimizing NNI: done in 0.00407791 secs using 100% CPU
Optimizing NNI: done in 0.007936 secs using 99.86% CPU
Optimizing NNI: done in 0.0157371 secs using 99.91% CPU
Optimizing NNI: done in 0.00412011 secs using 99.97% CPU
Optimizing NNI: done in 0.00398588 secs using 99.65% CPU
Optimizing NNI: done in 0.00830698 secs using 99.99% CPU
Optimizing NNI: done in 0.00757003 secs using 99.81% CPU
Optimizing NNI: done in 0.00400209 secs using 99.97% CPU
Optimizing NNI: done in 0.0184579 secs using 99.49% CPU
Iteration 440 / LogL: -158.818 / Time: 0h:0m:8s (0h:0m:1s left)
Optimizing NNI: done in 0.00410819 secs using 100% CPU
Optimizing NNI: done in 0.016098 secs using 99.83% CPU
Optimizing NNI: done in 0.0111032 secs using 99.86% CPU
Optimizing NNI: done in 0.0081811 secs using 99.99% CPU
Optimizing NNI: done in 0.0040319 secs using 100% CPU
Optimizing NNI: done in 0.00677609 secs using 99.82% CPU
Optimizing NNI: done in 0.00416708 secs using 99.97% CPU
Optimizing NNI: done in 0.014657 secs using 99.84% CPU
Optimizing NNI: done in 0.00662684 secs using 99.79% CPU
Optimizing NNI: done in 0.0188179 secs using 99.86% CPU
Iteration 450 / LogL: -158.818 / Time: 0h:0m:8s (0h:0m:0s left)
Log-likelihood cutoff on original alignment: -172.614
Optimizing NNI: done in 0.0107431 secs using 99.87% CPU
Optimizing NNI: done in 0.01039 secs using 99.79% CPU
Optimizing NNI: done in 0.00412202 secs using 99.68% CPU
Optimizing NNI: done in 0.0108409 secs using 99.84% CPU
Optimizing NNI: done in 0.0183141 secs using 99.94% CPU
Optimizing NNI: done in 0.00942302 secs using 99.87% CPU
Optimizing NNI: done in 0.00598001 secs using 100% CPU
Optimizing NNI: done in 0.00751877 secs using 99.98% CPU
Optimizing NNI: done in 0.00770378 secs using 99.83% CPU
Optimizing NNI: done in 0.0113862 secs using 99.88% CPU
Iteration 460 / LogL: -158.818 / Time: 0h:0m:8s (0h:0m:0s left)
Optimizing NNI: done in 0.00669003 secs using 99.97% CPU
Optimizing NNI: done in 0.00430489 secs using 99.72% CPU
Optimizing NNI: done in 0.011106 secs using 99.89% CPU
Optimizing NNI: done in 0.0176451 secs using 99.85% CPU
Optimizing NNI: done in 0.0149581 secs using 99.81% CPU
Optimizing NNI: done in 0.00676703 secs using 99.76% CPU
Optimizing NNI: done in 0.0185549 secs using 99.85% CPU
Optimizing NNI: done in 0.00662804 secs using 99.77% CPU
Optimizing NNI: done in 0.00429392 secs using 100% CPU
Optimizing NNI: done in 0.00797009 secs using 99.82% CPU
Iteration 470 / LogL: -158.818 / Time: 0h:0m:8s (0h:0m:0s left)
Optimizing NNI: done in 0.0104921 secs using 99.74% CPU
Optimizing NNI: done in 0.00433207 secs using 100% CPU
Optimizing NNI: done in 0.0147991 secs using 99.92% CPU
Optimizing NNI: done in 0.014657 secs using 99.81% CPU
Optimizing NNI: done in 0.00812602 secs using 99.82% CPU
Optimizing NNI: done in 0.00794196 secs using 99.99% CPU
Optimizing NNI: done in 0.00407195 secs using 100.1% CPU
Optimizing NNI: done in 0.00428605 secs using 99.95% CPU
Optimizing NNI: done in 0.00406694 secs using 99.76% CPU
Optimizing NNI: done in 0.00416994 secs using 99.69% CPU
Iteration 480 / LogL: -158.818 / Time: 0h:0m:8s (0h:0m:0s left)
Optimizing NNI: done in 0.0176678 secs using 99.81% CPU
Optimizing NNI: done in 0.00975704 secs using 99.9% CPU
Optimizing NNI: done in 0.00512791 secs using 99.79% CPU
Optimizing NNI: done in 0.0101402 secs using 99.87% CPU
Optimizing NNI: done in 0.016216 secs using 99.85% CPU
Optimizing NNI: done in 0.00789785 secs using 99.84% CPU
Optimizing NNI: done in 0.00639796 secs using 99.8% CPU
Optimizing NNI: done in 0.00794315 secs using 99.78% CPU
Optimizing NNI: done in 0.00409794 secs using 99.61% CPU
Optimizing NNI: done in 0.010236 secs using 99.89% CPU
Iteration 490 / LogL: -158.818 / Time: 0h:0m:9s (0h:0m:0s left)
Optimizing NNI: done in 0.010534 secs using 99.87% CPU
Optimizing NNI: done in 0.00626802 secs using 100% CPU
Optimizing NNI: done in 0.0174611 secs using 99.84% CPU
Optimizing NNI: done in 0.00619817 secs using 99.74% CPU
Optimizing NNI: done in 0.00414515 secs using 99.61% CPU
Optimizing NNI: done in 0.015358 secs using 99.92% CPU
Optimizing NNI: done in 0.0156751 secs using 99.82% CPU
Optimizing NNI: done in 0.010668 secs using 99.85% CPU
Optimizing NNI: done in 0.00401306 secs using 99.62% CPU
Optimizing NNI: done in 0.00777912 secs using 99.99% CPU
Iteration 500 / LogL: -160.741 / Time: 0h:0m:9s (0h:0m:0s left)
Log-likelihood cutoff on original alignment: -174.025
NOTE: Bootstrap correlation coefficient of split occurrence frequencies: 0.976
NOTE: UFBoot does not converge, continue at least 100 more iterations
Optimizing NNI: done in 0.00627518 secs using 100% CPU
Optimizing NNI: done in 0.00835109 secs using 99.86% CPU
Optimizing NNI: done in 0.008672 secs using 99.86% CPU
Optimizing NNI: done in 0.0106258 secs using 99.84% CPU
Optimizing NNI: done in 0.0193601 secs using 79.22% CPU
Optimizing NNI: done in 0.0064342 secs using 99.81% CPU
Optimizing NNI: done in 0.00823092 secs using 99.84% CPU
Optimizing NNI: done in 0.00794697 secs using 99.85% CPU
Optimizing NNI: done in 0.007864 secs using 99.69% CPU
Optimizing NNI: done in 0.0106721 secs using 99.88% CPU
Iteration 510 / LogL: -158.818 / Time: 0h:0m:9s (0h:0m:1s left)
Optimizing NNI: done in 0.0114119 secs using 99.86% CPU
Optimizing NNI: done in 0.01208 secs using 99.88% CPU
Optimizing NNI: done in 0.01495 secs using 99.8% CPU
Optimizing NNI: done in 0.00992799 secs using 99.87% CPU
Optimizing NNI: done in 0.017792 secs using 92.49% CPU
Optimizing NNI: done in 0.00703287 secs using 99.99% CPU
Optimizing NNI: done in 0.008214 secs using 99.82% CPU
Optimizing NNI: done in 0.00401211 secs using 99.65% CPU
Optimizing NNI: done in 0.021517 secs using 99.87% CPU
Optimizing NNI: done in 0.00761485 secs using 99.69% CPU
Iteration 520 / LogL: -158.818 / Time: 0h:0m:10s (0h:0m:1s left)
Optimizing NNI: done in 0.0147231 secs using 99.9% CPU
Optimizing NNI: done in 0.0179679 secs using 96.86% CPU
Optimizing NNI: done in 0.00419688 secs using 99.5% CPU
Optimizing NNI: done in 0.007797 secs using 99.77% CPU
Optimizing NNI: done in 0.0155139 secs using 99.91% CPU
Optimizing NNI: done in 0.00679898 secs using 99.74% CPU
Optimizing NNI: done in 0.00936699 secs using 99.69% CPU
Optimizing NNI: done in 0.00822687 secs using 99.87% CPU
Optimizing NNI: done in 0.00733209 secs using 100% CPU
Optimizing NNI: done in 0.00692916 secs using 99.97% CPU
Iteration 530 / LogL: -158.818 / Time: 0h:0m:10s (0h:0m:1s left)
Optimizing NNI: done in 0.00965905 secs using 100% CPU
Optimizing NNI: done in 0.00750399 secs using 99.81% CPU
Optimizing NNI: done in 0.00398088 secs using 100% CPU
Optimizing NNI: done in 0.00659299 secs using 99.79% CPU
Optimizing NNI: done in 0.007792 secs using 99.81% CPU
Optimizing NNI: done in 0.0143771 secs using 99.87% CPU
Optimizing NNI: done in 0.010581 secs using 99.72% CPU
Optimizing NNI: done in 0.0148361 secs using 99.88% CPU
Optimizing NNI: done in 0.00826907 secs using 99.82% CPU
Optimizing NNI: done in 0.00401306 secs using 99.72% CPU
Iteration 540 / LogL: -158.818 / Time: 0h:0m:10s (0h:0m:1s left)
Optimizing NNI: done in 0.0137849 secs using 99.91% CPU
Optimizing NNI: done in 0.00413513 secs using 99.63% CPU
Optimizing NNI: done in 0.0142131 secs using 99.86% CPU
Optimizing NNI: done in 0.00414181 secs using 100% CPU
Optimizing NNI: done in 0.00577307 secs using 99.98% CPU
Optimizing NNI: done in 0.0187268 secs using 99.85% CPU
Optimizing NNI: done in 0.00702095 secs using 100% CPU
Optimizing NNI: done in 0.00438094 secs using 100% CPU
Optimizing NNI: done in 0.0117838 secs using 99.89% CPU
Optimizing NNI: done in 0.010314 secs using 99.84% CPU
Iteration 550 / LogL: -158.818 / Time: 0h:0m:10s (0h:0m:0s left)
Log-likelihood cutoff on original alignment: -175.182
Optimizing NNI: done in 0.0104189 secs using 100% CPU
Optimizing NNI: done in 0.00748897 secs using 99.81% CPU
Optimizing NNI: done in 0.020412 secs using 99.86% CPU
Optimizing NNI: done in 0.0132 secs using 99.91% CPU
Optimizing NNI: done in 0.00678396 secs using 99.99% CPU
Optimizing NNI: done in 0.0142219 secs using 99.82% CPU
Optimizing NNI: done in 0.018085 secs using 99.85% CPU
Optimizing NNI: done in 0.0125129 secs using 99.72% CPU
Optimizing NNI: done in 0.0118871 secs using 99.86% CPU
Optimizing NNI: done in 0.00634718 secs using 100% CPU
Iteration 560 / LogL: -158.818 / Time: 0h:0m:11s (0h:0m:0s left)
Optimizing NNI: done in 0.012826 secs using 99.38% CPU
Optimizing NNI: done in 0.00919199 secs using 99.85% CPU
Optimizing NNI: done in 0.00687003 secs using 100% CPU
Optimizing NNI: done in 0.0107851 secs using 99.86% CPU
Optimizing NNI: done in 0.0106208 secs using 99.88% CPU
Optimizing NNI: done in 0.0108988 secs using 99.72% CPU
Optimizing NNI: done in 0.00372696 secs using 99.97% CPU
Optimizing NNI: done in 0.0169518 secs using 99.82% CPU
Optimizing NNI: done in 0.010179 secs using 99.86% CPU
Optimizing NNI: done in 0.00395894 secs using 100% CPU
Iteration 570 / LogL: -158.818 / Time: 0h:0m:11s (0h:0m:0s left)
Optimizing NNI: done in 0.0100791 secs using 99.99% CPU
Optimizing NNI: done in 0.00686002 secs using 99.75% CPU
Optimizing NNI: done in 0.00767612 secs using 99.82% CPU
Optimizing NNI: done in 0.00543404 secs using 99.7% CPU
Optimizing NNI: done in 0.00404286 secs using 99.63% CPU
Optimizing NNI: done in 0.0106699 secs using 99.72% CPU
Optimizing NNI: done in 0.007056 secs using 99.99% CPU
Optimizing NNI: done in 0.014538 secs using 99.78% CPU
Optimizing NNI: done in 0.00772405 secs using 99.79% CPU
Optimizing NNI: done in 0.00555706 secs using 99.75% CPU
Iteration 580 / LogL: -158.818 / Time: 0h:0m:11s (0h:0m:0s left)
Optimizing NNI: done in 0.0047791 secs using 100% CPU
Optimizing NNI: done in 0.01512 secs using 99.9% CPU
Optimizing NNI: done in 0.00632906 secs using 99.78% CPU
Optimizing NNI: done in 0.00491309 secs using 99.65% CPU
Optimizing NNI: done in 0.0068419 secs using 99.84% CPU
Optimizing NNI: done in 0.0131779 secs using 99.93% CPU
Optimizing NNI: done in 0.00987697 secs using 99.98% CPU
Optimizing NNI: done in 0.00749397 secs using 99.88% CPU
Optimizing NNI: done in 0.0136929 secs using 99.94% CPU
Optimizing NNI: done in 0.00704408 secs using 99.84% CPU
Iteration 590 / LogL: -158.818 / Time: 0h:0m:11s (0h:0m:0s left)
Optimizing NNI: done in 0.00640583 secs using 100% CPU
Optimizing NNI: done in 0.00835204 secs using 99.99% CPU
Optimizing NNI: done in 0.0166249 secs using 99.92% CPU
Optimizing NNI: done in 0.00393605 secs using 99.8% CPU
Optimizing NNI: done in 0.00668788 secs using 99.99% CPU
Optimizing NNI: done in 0.00406909 secs using 100% CPU
Optimizing NNI: done in 0.011631 secs using 99.91% CPU
Optimizing NNI: done in 0.010473 secs using 99.87% CPU
Optimizing NNI: done in 0.00794005 secs using 99.79% CPU
Optimizing NNI: done in 0.00770307 secs using 99.99% CPU
Iteration 600 / LogL: -158.818 / Time: 0h:0m:12s (0h:0m:0s left)
Log-likelihood cutoff on original alignment: -175.252
NOTE: Bootstrap correlation coefficient of split occurrence frequencies: 0.988
NOTE: UFBoot does not converge, continue at least 100 more iterations
Optimizing NNI: done in 0.0183859 secs using 99.65% CPU
Optimizing NNI: done in 0.010746 secs using 99.83% CPU
Optimizing NNI: done in 0.00653005 secs using 99.83% CPU
Optimizing NNI: done in 0.00835204 secs using 99.84% CPU
Optimizing NNI: done in 0.0141718 secs using 99.9% CPU
Optimizing NNI: done in 0.0136881 secs using 99.89% CPU
Optimizing NNI: done in 0.0141521 secs using 99.89% CPU
Optimizing NNI: done in 0.007375 secs using 100% CPU
Optimizing NNI: done in 0.0117881 secs using 99.85% CPU
Optimizing NNI: done in 0.00677395 secs using 99.72% CPU
Iteration 610 / LogL: -164.223 / Time: 0h:0m:12s (0h:0m:1s left)
Optimizing NNI: done in 0.00814199 secs using 99.8% CPU
Optimizing NNI: done in 0.0186419 secs using 99.83% CPU
Optimizing NNI: done in 0.00811195 secs using 99.84% CPU
Optimizing NNI: done in 0.0113821 secs using 96.64% CPU
Optimizing NNI: done in 0.0122468 secs using 99.91% CPU
Optimizing NNI: done in 0.00679708 secs using 99.85% CPU
Optimizing NNI: done in 0.0129712 secs using 99.91% CPU
Optimizing NNI: done in 0.0152419 secs using 99.9% CPU
Optimizing NNI: done in 0.0133851 secs using 99.9% CPU
Optimizing NNI: done in 0.0148499 secs using 99.92% CPU
Iteration 620 / LogL: -158.818 / Time: 0h:0m:12s (0h:0m:1s left)
Optimizing NNI: done in 0.00417519 secs using 99.97% CPU
Optimizing NNI: done in 0.00630403 secs using 99.79% CPU
Optimizing NNI: done in 0.0145531 secs using 99.92% CPU
Optimizing NNI: done in 0.011843 secs using 100% CPU
Optimizing NNI: done in 0.00244284 secs using 99.92% CPU
Optimizing NNI: done in 0.00594211 secs using 99.85% CPU
Optimizing NNI: done in 0.00746679 secs using 100% CPU
Optimizing NNI: done in 0.00989389 secs using 99.84% CPU
Optimizing NNI: done in 0.015487 secs using 99.79% CPU
Optimizing NNI: done in 0.00797915 secs using 100% CPU
Iteration 630 / LogL: -158.818 / Time: 0h:0m:12s (0h:0m:1s left)
Optimizing NNI: done in 0.00816011 secs using 99.7% CPU
Optimizing NNI: done in 0.00685906 secs using 99.68% CPU
Optimizing NNI: done in 0.0149369 secs using 99.9% CPU
Optimizing NNI: done in 0.010792 secs using 100% CPU
Optimizing NNI: done in 0.00411606 secs using 100% CPU
Optimizing NNI: done in 0.00828099 secs using 99.79% CPU
Optimizing NNI: done in 0.00506592 secs using 99.96% CPU
Optimizing NNI: done in 0.0110371 secs using 99.84% CPU
Optimizing NNI: done in 0.0117378 secs using 99.86% CPU
Optimizing NNI: done in 0.0103791 secs using 99.51% CPU
Iteration 640 / LogL: -158.818 / Time: 0h:0m:13s (0h:0m:1s left)
Optimizing NNI: done in 0.0083921 secs using 100% CPU
Optimizing NNI: done in 0.00419021 secs using 100% CPU
Optimizing NNI: done in 0.00643206 secs using 99.97% CPU
Optimizing NNI: done in 0.013299 secs using 99.89% CPU
Optimizing NNI: done in 0.00776505 secs using 99.82% CPU
Optimizing NNI: done in 0.0159819 secs using 99.89% CPU
Optimizing NNI: done in 0.0041461 secs using 100% CPU
Optimizing NNI: done in 0.010896 secs using 99.81% CPU
Optimizing NNI: done in 0.00781679 secs using 99.82% CPU
Optimizing NNI: done in 0.00827384 secs using 99.83% CPU
Iteration 650 / LogL: -158.818 / Time: 0h:0m:13s (0h:0m:1s left)
Log-likelihood cutoff on original alignment: -175.252
Optimizing NNI: done in 0.007514 secs using 99.99% CPU
Optimizing NNI: done in 0.00725198 secs using 99.7% CPU
Optimizing NNI: done in 0.00690818 secs using 99.98% CPU
Optimizing NNI: done in 0.00805497 secs using 99.99% CPU
Optimizing NNI: done in 0.00658512 secs using 99.79% CPU
Optimizing NNI: done in 0.00792313 secs using 99.8% CPU
Optimizing NNI: done in 0.0136118 secs using 99.89% CPU
Optimizing NNI: done in 0.00665402 secs using 99.64% CPU
Optimizing NNI: done in 0.014466 secs using 99.65% CPU
Optimizing NNI: done in 0.011019 secs using 99.88% CPU
Iteration 660 / LogL: -158.818 / Time: 0h:0m:13s (0h:0m:0s left)
Optimizing NNI: done in 0.0103979 secs using 99.87% CPU
Optimizing NNI: done in 0.0109951 secs using 99.83% CPU
Optimizing NNI: done in 0.0177619 secs using 99.91% CPU
Optimizing NNI: done in 0.00809407 secs using 99.84% CPU
Optimizing NNI: done in 0.00715303 secs using 100% CPU
Optimizing NNI: done in 0.0067029 secs using 99.97% CPU
Optimizing NNI: done in 0.0163901 secs using 99.92% CPU
Optimizing NNI: done in 0.00709319 secs using 99.77% CPU
Optimizing NNI: done in 0.0107729 secs using 99.58% CPU
Optimizing NNI: done in 0.00904608 secs using 99.87% CPU
Iteration 670 / LogL: -158.818 / Time: 0h:0m:13s (0h:0m:0s left)
Optimizing NNI: done in 0.00822997 secs using 99.78% CPU
Optimizing NNI: done in 0.0109532 secs using 99.88% CPU
Optimizing NNI: done in 0.011296 secs using 99.89% CPU
Optimizing NNI: done in 0.00537205 secs using 99.68% CPU
Optimizing NNI: done in 0.00597906 secs using 99.98% CPU
Optimizing NNI: done in 0.00602698 secs using 99.8% CPU
Optimizing NNI: done in 0.019233 secs using 99.86% CPU
Optimizing NNI: done in 0.0140369 secs using 99.89% CPU
Optimizing NNI: done in 0.00447893 secs using 99.71% CPU
Optimizing NNI: done in 0.0109909 secs using 99.86% CPU
Iteration 680 / LogL: -158.818 / Time: 0h:0m:14s (0h:0m:0s left)
Optimizing NNI: done in 0.0121369 secs using 99.91% CPU
Optimizing NNI: done in 0.015734 secs using 99.92% CPU
Optimizing NNI: done in 0.0151429 secs using 99.88% CPU
Optimizing NNI: done in 0.0120349 secs using 99.88% CPU
Optimizing NNI: done in 0.0116541 secs using 99.9% CPU
Optimizing NNI: done in 0.00416803 secs using 100% CPU
Optimizing NNI: done in 0.00414109 secs using 100% CPU
Optimizing NNI: done in 0.00837183 secs using 100% CPU
Optimizing NNI: done in 0.0136349 secs using 99.8% CPU
Optimizing NNI: done in 0.0151131 secs using 99.91% CPU
Iteration 690 / LogL: -158.818 / Time: 0h:0m:14s (0h:0m:0s left)
Optimizing NNI: done in 0.0085001 secs using 99.83% CPU
Optimizing NNI: done in 0.0081861 secs using 99.89% CPU
Optimizing NNI: done in 0.00829506 secs using 99.82% CPU
Optimizing NNI: done in 0.00641799 secs using 99.77% CPU
Optimizing NNI: done in 0.00375891 secs using 99.66% CPU
Optimizing NNI: done in 0.0077219 secs using 100% CPU
Optimizing NNI: done in 0.00410008 secs using 99.97% CPU
Optimizing NNI: done in 0.00414491 secs using 99.74% CPU
Optimizing NNI: done in 0.0101411 secs using 99.86% CPU
Optimizing NNI: done in 0.011914 secs using 99.88% CPU
Iteration 700 / LogL: -159.647 / Time: 0h:0m:14s (0h:0m:0s left)
Log-likelihood cutoff on original alignment: -175.252
NOTE: Bootstrap correlation coefficient of split occurrence frequencies: 0.988
NOTE: UFBoot does not converge, continue at least 100 more iterations
Optimizing NNI: done in 0.01195 secs using 99.87% CPU
Optimizing NNI: done in 0.0074141 secs using 99.85% CPU
Optimizing NNI: done in 0.00693488 secs using 99.8% CPU
Optimizing NNI: done in 0.00515509 secs using 100% CPU
Optimizing NNI: done in 0.015224 secs using 99.84% CPU
Optimizing NNI: done in 0.0042212 secs using 99.69% CPU
Optimizing NNI: done in 0.00401688 secs using 100% CPU
Optimizing NNI: done in 0.00426912 secs using 100% CPU
Optimizing NNI: done in 0.00780797 secs using 99.8% CPU
Optimizing NNI: done in 0.00437188 secs using 100% CPU
Iteration 710 / LogL: -158.818 / Time: 0h:0m:15s (0h:0m:1s left)
Optimizing NNI: done in 0.00660801 secs using 99.98% CPU
Optimizing NNI: done in 0.0120859 secs using 99.77% CPU
Optimizing NNI: done in 0.010741 secs using 99.86% CPU
Optimizing NNI: done in 0.00689697 secs using 99.81% CPU
Optimizing NNI: done in 0.00806403 secs using 99.86% CPU
Optimizing NNI: done in 0.006037 secs using 99.77% CPU
Optimizing NNI: done in 0.016536 secs using 99.8% CPU
Optimizing NNI: done in 0.00742507 secs using 100% CPU
Optimizing NNI: done in 0.0149949 secs using 99.91% CPU
Optimizing NNI: done in 0.00455618 secs using 99.71% CPU
Iteration 720 / LogL: -158.818 / Time: 0h:0m:15s (0h:0m:1s left)
Optimizing NNI: done in 0.00416994 secs using 99.71% CPU
Optimizing NNI: done in 0.00578403 secs using 99.81% CPU
Optimizing NNI: done in 0.004287 secs using 100% CPU
Optimizing NNI: done in 0.0172389 secs using 99.8% CPU
Optimizing NNI: done in 0.014802 secs using 99.82% CPU
Optimizing NNI: done in 0.0116889 secs using 99.76% CPU
Optimizing NNI: done in 0.00697207 secs using 99.77% CPU
Optimizing NNI: done in 0.0148461 secs using 99.82% CPU
Optimizing NNI: done in 0.008255 secs using 99.87% CPU
Optimizing NNI: done in 0.00669789 secs using 99.84% CPU
Iteration 730 / LogL: -165.701 / Time: 0h:0m:15s (0h:0m:1s left)
Optimizing NNI: done in 0.0114698 secs using 99.91% CPU
Optimizing NNI: done in 0.019614 secs using 99.89% CPU
Optimizing NNI: done in 0.00827003 secs using 99.84% CPU
Optimizing NNI: done in 0.00800514 secs using 99.99% CPU
Optimizing NNI: done in 0.0108831 secs using 99.83% CPU
Optimizing NNI: done in 0.010426 secs using 99.86% CPU
Optimizing NNI: done in 0.00802112 secs using 99.82% CPU
Optimizing NNI: done in 0.0073359 secs using 99.82% CPU
Optimizing NNI: done in 0.00424314 secs using 99.69% CPU
Optimizing NNI: done in 0.00634789 secs using 99.81% CPU
Iteration 740 / LogL: -158.818 / Time: 0h:0m:15s (0h:0m:1s left)
Optimizing NNI: done in 0.00650287 secs using 100% CPU
Optimizing NNI: done in 0.0107739 secs using 99.87% CPU
Optimizing NNI: done in 0.00515699 secs using 99.96% CPU
Optimizing NNI: done in 0.00698805 secs using 99.37% CPU
Optimizing NNI: done in 0.00853086 secs using 99.86% CPU
Optimizing NNI: done in 0.00748801 secs using 99.81% CPU
Optimizing NNI: done in 0.00830913 secs using 99.78% CPU
Optimizing NNI: done in 0.00811195 secs using 99.86% CPU
Optimizing NNI: done in 0.010684 secs using 99.92% CPU
Optimizing NNI: done in 0.0105672 secs using 99.88% CPU
Iteration 750 / LogL: -158.818 / Time: 0h:0m:16s (0h:0m:1s left)
Log-likelihood cutoff on original alignment: -175.252
Optimizing NNI: done in 0.0150421 secs using 99.93% CPU
Optimizing NNI: done in 0.0111959 secs using 99.89% CPU
Optimizing NNI: done in 0.00628996 secs using 99.75% CPU
Optimizing NNI: done in 0.00966907 secs using 99.9% CPU
Optimizing NNI: done in 0.00373006 secs using 99.97% CPU
Optimizing NNI: done in 0.00725698 secs using 100% CPU
Optimizing NNI: done in 0.00815082 secs using 99.83% CPU
Optimizing NNI: done in 0.012666 secs using 99.89% CPU
Optimizing NNI: done in 0.00750518 secs using 99.85% CPU
Optimizing NNI: done in 0.016371 secs using 99.84% CPU
Iteration 760 / LogL: -158.818 / Time: 0h:0m:16s (0h:0m:0s left)
Optimizing NNI: done in 0.006706 secs using 99.79% CPU
Optimizing NNI: done in 0.014833 secs using 99.92% CPU
Optimizing NNI: done in 0.013818 secs using 98.71% CPU
Optimizing NNI: done in 0.0077219 secs using 99.85% CPU
Optimizing NNI: done in 0.0106959 secs using 99.91% CPU
Optimizing NNI: done in 0.00694203 secs using 99.83% CPU
Optimizing NNI: done in 0.00794315 secs using 99.99% CPU
Optimizing NNI: done in 0.015132 secs using 99.93% CPU
Optimizing NNI: done in 0.00956702 secs using 99.87% CPU
Optimizing NNI: done in 0.007128 secs using 99.86% CPU
Iteration 770 / LogL: -158.818 / Time: 0h:0m:16s (0h:0m:0s left)
Optimizing NNI: done in 0.0135419 secs using 99.9% CPU
Optimizing NNI: done in 0.0067699 secs using 99.88% CPU
Optimizing NNI: done in 0.00413895 secs using 99.98% CPU
Optimizing NNI: done in 0.00398302 secs using 100% CPU
Optimizing NNI: done in 0.00416994 secs using 95.85% CPU
Optimizing NNI: done in 0.011184 secs using 92.9% CPU
Optimizing NNI: done in 0.01122 secs using 99.62% CPU
Optimizing NNI: done in 0.012445 secs using 99.9% CPU
Optimizing NNI: done in 0.0163429 secs using 99.83% CPU
Optimizing NNI: done in 0.010813 secs using 99.86% CPU
Iteration 780 / LogL: -158.818 / Time: 0h:0m:17s (0h:0m:0s left)
Optimizing NNI: done in 0.00617385 secs using 99.84% CPU
Optimizing NNI: done in 0.00637603 secs using 99.8% CPU
Optimizing NNI: done in 0.00412798 secs using 99.69% CPU
Optimizing NNI: done in 0.0173221 secs using 99.83% CPU
Optimizing NNI: done in 0.0168891 secs using 99.93% CPU
Optimizing NNI: done in 0.0106471 secs using 99.89% CPU
Optimizing NNI: done in 0.0106008 secs using 99.9% CPU
Optimizing NNI: done in 0.00794101 secs using 99.79% CPU
Optimizing NNI: done in 0.00920987 secs using 100% CPU
Optimizing NNI: done in 0.013226 secs using 99.84% CPU
Iteration 790 / LogL: -159.647 / Time: 0h:0m:17s (0h:0m:0s left)
Optimizing NNI: done in 0.00619698 secs using 99.76% CPU
Optimizing NNI: done in 0.00754595 secs using 100% CPU
Optimizing NNI: done in 0.00397801 secs using 99.62% CPU
Optimizing NNI: done in 0.00691605 secs using 99.78% CPU
Optimizing NNI: done in 0.0101941 secs using 99.84% CPU
Optimizing NNI: done in 0.0082159 secs using 99.84% CPU
Optimizing NNI: done in 0.00634003 secs using 99.76% CPU
Optimizing NNI: done in 0.00402904 secs using 99.65% CPU
Optimizing NNI: done in 0.00390697 secs using 100% CPU
Optimizing NNI: done in 0.0066781 secs using 100% CPU
Iteration 800 / LogL: -158.818 / Time: 0h:0m:17s (0h:0m:0s left)
Log-likelihood cutoff on original alignment: -175.182
NOTE: Bootstrap correlation coefficient of split occurrence frequencies: 0.983
NOTE: UFBoot does not converge, continue at least 100 more iterations
Optimizing NNI: done in 0.0120621 secs using 99.92% CPU
Optimizing NNI: done in 0.00806499 secs using 100% CPU
Optimizing NNI: done in 0.0148189 secs using 99.78% CPU
Optimizing NNI: done in 0.0176449 secs using 99.93% CPU
Optimizing NNI: done in 0.013242 secs using 99.87% CPU
Optimizing NNI: done in 0.00413394 secs using 100% CPU
Optimizing NNI: done in 0.00399995 secs using 99.98% CPU
Optimizing NNI: done in 0.00706387 secs using 99.82% CPU
Optimizing NNI: done in 0.00808787 secs using 99.99% CPU
Optimizing NNI: done in 0.0064559 secs using 99.8% CPU
Iteration 810 / LogL: -158.818 / Time: 0h:0m:18s (0h:0m:2s left)
Optimizing NNI: done in 0.0103459 secs using 99.85% CPU
Optimizing NNI: done in 0.00805187 secs using 99.99% CPU
Optimizing NNI: done in 0.00431013 secs using 99.97% CPU
Optimizing NNI: done in 0.0146589 secs using 99.91% CPU
Optimizing NNI: done in 0.018857 secs using 99.84% CPU
Optimizing NNI: done in 0.00712895 secs using 99.83% CPU
Optimizing NNI: done in 0.00803113 secs using 99.84% CPU
Optimizing NNI: done in 0.00939202 secs using 99.85% CPU
Optimizing NNI: done in 0.0112009 secs using 64.17% CPU
Optimizing NNI: done in 0.00677609 secs using 99.98% CPU
Iteration 820 / LogL: -158.818 / Time: 0h:0m:18s (0h:0m:1s left)
Optimizing NNI: done in 0.0109439 secs using 99.89% CPU
Optimizing NNI: done in 0.0158169 secs using 99.82% CPU
Optimizing NNI: done in 0.0124331 secs using 99.89% CPU
Optimizing NNI: done in 0.0118711 secs using 99.9% CPU
Optimizing NNI: done in 0.00686908 secs using 99.84% CPU
Optimizing NNI: done in 0.012934 secs using 99.84% CPU
Optimizing NNI: done in 0.00768614 secs using 99.99% CPU
Optimizing NNI: done in 0.00651407 secs using 99.98% CPU
Optimizing NNI: done in 0.00661278 secs using 99.79% CPU
Optimizing NNI: done in 0.0109901 secs using 99.87% CPU
Iteration 830 / LogL: -158.818 / Time: 0h:0m:18s (0h:0m:1s left)
Optimizing NNI: done in 0.00811315 secs using 99.99% CPU
Optimizing NNI: done in 0.00398493 secs using 99.65% CPU
Optimizing NNI: done in 0.00619912 secs using 99.98% CPU
Optimizing NNI: done in 0.00994897 secs using 99.85% CPU
Optimizing NNI: done in 0.0179121 secs using 99.85% CPU
Optimizing NNI: done in 0.00753593 secs using 99.82% CPU
Optimizing NNI: done in 0.00407696 secs using 100% CPU
Optimizing NNI: done in 0.0153408 secs using 99.83% CPU
Optimizing NNI: done in 0.00999999 secs using 99.99% CPU
Optimizing NNI: done in 0.010622 secs using 99.75% CPU
Iteration 840 / LogL: -158.818 / Time: 0h:0m:18s (0h:0m:1s left)
Optimizing NNI: done in 0.00791788 secs using 100% CPU
Optimizing NNI: done in 0.012872 secs using 99.77% CPU
Optimizing NNI: done in 0.00598288 secs using 99.12% CPU
Optimizing NNI: done in 0.0145819 secs using 99.9% CPU
Optimizing NNI: done in 0.0106802 secs using 99.86% CPU
Optimizing NNI: done in 0.011389 secs using 99.87% CPU
Optimizing NNI: done in 0.00665498 secs using 99.79% CPU
Optimizing NNI: done in 0.00383401 secs using 99.74% CPU
Optimizing NNI: done in 0.00581908 secs using 99.79% CPU
Optimizing NNI: done in 0.016392 secs using 99.9% CPU
Iteration 850 / LogL: -158.818 / Time: 0h:0m:19s (0h:0m:1s left)
Log-likelihood cutoff on original alignment: -175.146
Optimizing NNI: done in 0.01298 secs using 99.87% CPU
Optimizing NNI: done in 0.00738621 secs using 99.71% CPU
Optimizing NNI: done in 0.00746012 secs using 99.84% CPU
Optimizing NNI: done in 0.00953102 secs using 99.87% CPU
Optimizing NNI: done in 0.0131631 secs using 99.89% CPU
Optimizing NNI: done in 0.0165601 secs using 99.84% CPU
Optimizing NNI: done in 0.014601 secs using 99.92% CPU
Optimizing NNI: done in 0.00750589 secs using 99.83% CPU
Optimizing NNI: done in 0.012296 secs using 99.91% CPU
Optimizing NNI: done in 0.0211298 secs using 81.14% CPU
Iteration 860 / LogL: -158.818 / Time: 0h:0m:19s (0h:0m:0s left)
Optimizing NNI: done in 0.00401282 secs using 99.71% CPU
Optimizing NNI: done in 0.0062809 secs using 99.75% CPU
Optimizing NNI: done in 0.00752187 secs using 99.99% CPU
Optimizing NNI: done in 0.00649095 secs using 99.82% CPU
Optimizing NNI: done in 0.00764298 secs using 99.83% CPU
Optimizing NNI: done in 0.00700021 secs using 99.97% CPU
Optimizing NNI: done in 0.00745296 secs using 99.77% CPU
Optimizing NNI: done in 0.010802 secs using 99.88% CPU
Optimizing NNI: done in 0.0114 secs using 99.88% CPU
Optimizing NNI: done in 0.00373197 secs using 99.6% CPU
Iteration 870 / LogL: -158.818 / Time: 0h:0m:19s (0h:0m:0s left)
Optimizing NNI: done in 0.012655 secs using 99.87% CPU
Optimizing NNI: done in 0.0104129 secs using 99.9% CPU
Optimizing NNI: done in 0.00810313 secs using 50.08% CPU
Optimizing NNI: done in 0.00406289 secs using 99.98% CPU
Optimizing NNI: done in 0.0111411 secs using 99.89% CPU
Optimizing NNI: done in 0.00430703 secs using 99.65% CPU
Optimizing NNI: done in 0.0169749 secs using 99.74% CPU
Optimizing NNI: done in 0.0103929 secs using 99.83% CPU
Optimizing NNI: done in 0.00403714 secs using 100% CPU
Optimizing NNI: done in 0.0126009 secs using 99.79% CPU
Iteration 880 / LogL: -158.818 / Time: 0h:0m:20s (0h:0m:0s left)
Optimizing NNI: done in 0.00968003 secs using 99.76% CPU
Optimizing NNI: done in 0.00661612 secs using 99.83% CPU
Optimizing NNI: done in 0.00639915 secs using 99.98% CPU
Optimizing NNI: done in 0.00391507 secs using 99.67% CPU
Optimizing NNI: done in 0.00792599 secs using 99.86% CPU
Optimizing NNI: done in 0.011224 secs using 99.91% CPU
Optimizing NNI: done in 0.00759912 secs using 99.8% CPU
Optimizing NNI: done in 0.0107219 secs using 99.86% CPU
Optimizing NNI: done in 0.0040319 secs using 99.95% CPU
Optimizing NNI: done in 0.0131762 secs using 99.77% CPU
Iteration 890 / LogL: -158.818 / Time: 0h:0m:20s (0h:0m:0s left)
Optimizing NNI: done in 0.00409603 secs using 100% CPU
Optimizing NNI: done in 0.0126481 secs using 99.79% CPU
Optimizing NNI: done in 0.0128591 secs using 99.9% CPU
Optimizing NNI: done in 0.00722194 secs using 100% CPU
Optimizing NNI: done in 0.00409698 secs using 100% CPU
Optimizing NNI: done in 0.0110252 secs using 99.88% CPU
Optimizing NNI: done in 0.00580502 secs using 99.74% CPU
Optimizing NNI: done in 0.00643611 secs using 99.78% CPU
Optimizing NNI: done in 0.0070951 secs using 99.97% CPU
Optimizing NNI: done in 0.00830078 secs using 99.87% CPU
Iteration 900 / LogL: -158.818 / Time: 0h:0m:20s (0h:0m:0s left)
Log-likelihood cutoff on original alignment: -175.687
NOTE: Bootstrap correlation coefficient of split occurrence frequencies: 0.983
NOTE: UFBoot does not converge, continue at least 100 more iterations
Optimizing NNI: done in 0.011107 secs using 99.88% CPU
Optimizing NNI: done in 0.0105932 secs using 100% CPU
Optimizing NNI: done in 0.00414491 secs using 99.66% CPU
Optimizing NNI: done in 0.0176899 secs using 99.85% CPU
Optimizing NNI: done in 0.0076251 secs using 99.82% CPU
Optimizing NNI: done in 0.00655699 secs using 99.98% CPU
Optimizing NNI: done in 0.011245 secs using 99.87% CPU
Optimizing NNI: done in 0.0101511 secs using 99.82% CPU
Optimizing NNI: done in 0.00420499 secs using 100% CPU
Optimizing NNI: done in 0.00793719 secs using 100% CPU
Iteration 910 / LogL: -160.741 / Time: 0h:0m:21s (0h:0m:2s left)
Optimizing NNI: done in 0.010916 secs using 99.9% CPU
Optimizing NNI: done in 0.0100849 secs using 99.87% CPU
Optimizing NNI: done in 0.00694704 secs using 99.81% CPU
Optimizing NNI: done in 0.0113831 secs using 99.88% CPU
Optimizing NNI: done in 0.00655293 secs using 99.99% CPU
Optimizing NNI: done in 0.00401902 secs using 99.6% CPU
Optimizing NNI: done in 0.0139761 secs using 99.79% CPU
Optimizing NNI: done in 0.00640082 secs using 99.97% CPU
Optimizing NNI: done in 0.011354 secs using 99.9% CPU
Optimizing NNI: done in 0.007828 secs using 99.82% CPU
Iteration 920 / LogL: -158.818 / Time: 0h:0m:21s (0h:0m:1s left)
Optimizing NNI: done in 0.00838113 secs using 99.99% CPU
Optimizing NNI: done in 0.00758815 secs using 99.39% CPU
Optimizing NNI: done in 0.00644612 secs using 99.8% CPU
Optimizing NNI: done in 0.00917006 secs using 99.84% CPU
Optimizing NNI: done in 0.00797606 secs using 99.82% CPU
Optimizing NNI: done in 0.010572 secs using 100% CPU
Optimizing NNI: done in 0.0081079 secs using 100% CPU
Optimizing NNI: done in 0.011297 secs using 99.85% CPU
Optimizing NNI: done in 0.0241311 secs using 99.88% CPU
Optimizing NNI: done in 0.00703192 secs using 100% CPU
Iteration 930 / LogL: -158.818 / Time: 0h:0m:21s (0h:0m:1s left)
Optimizing NNI: done in 0.0103331 secs using 99.88% CPU
Optimizing NNI: done in 0.013463 secs using 99.82% CPU
Optimizing NNI: done in 0.010232 secs using 99.82% CPU
Optimizing NNI: done in 0.0082159 secs using 100% CPU
Optimizing NNI: done in 0.0110559 secs using 99.92% CPU
Optimizing NNI: done in 0.00632 secs using 99.98% CPU
Optimizing NNI: done in 0.0118389 secs using 99.83% CPU
Optimizing NNI: done in 0.015008 secs using 99.91% CPU
Optimizing NNI: done in 0.020257 secs using 99.82% CPU
Optimizing NNI: done in 0.00890493 secs using 99.99% CPU
Iteration 940 / LogL: -161.362 / Time: 0h:0m:22s (0h:0m:1s left)
Optimizing NNI: done in 0.00418591 secs using 99.67% CPU
Optimizing NNI: done in 0.00798297 secs using 99.85% CPU
Optimizing NNI: done in 0.0115099 secs using 99.85% CPU
Optimizing NNI: done in 0.0166259 secs using 99.93% CPU
Optimizing NNI: done in 0.0101371 secs using 99.84% CPU
Optimizing NNI: done in 0.00389981 secs using 100% CPU
Optimizing NNI: done in 0.00749183 secs using 99.83% CPU
Optimizing NNI: done in 0.00847888 secs using 99.88% CPU
Optimizing NNI: done in 0.00751495 secs using 99.87% CPU
Optimizing NNI: done in 0.00598001 secs using 99.83% CPU
Iteration 950 / LogL: -158.818 / Time: 0h:0m:22s (0h:0m:1s left)
Log-likelihood cutoff on original alignment: -175.737
Optimizing NNI: done in 0.0052681 secs using 99.75% CPU
Optimizing NNI: done in 0.0133739 secs using 99.61% CPU
Optimizing NNI: done in 0.0105839 secs using 99.9% CPU
Optimizing NNI: done in 0.0149059 secs using 99.92% CPU
Optimizing NNI: done in 0.013191 secs using 99.86% CPU
Optimizing NNI: done in 0.00614285 secs using 99.79% CPU
Optimizing NNI: done in 0.010916 secs using 99.86% CPU
Optimizing NNI: done in 0.00683999 secs using 99.81% CPU
Optimizing NNI: done in 0.014159 secs using 99.82% CPU
Optimizing NNI: done in 0.00396514 secs using 99.95% CPU
Iteration 960 / LogL: -158.818 / Time: 0h:0m:22s (0h:0m:0s left)
Optimizing NNI: done in 0.0143361 secs using 99.76% CPU
Optimizing NNI: done in 0.00658202 secs using 100% CPU
Optimizing NNI: done in 0.014256 secs using 99.8% CPU
Optimizing NNI: done in 0.00745416 secs using 99.81% CPU
Optimizing NNI: done in 0.005584 secs using 99.77% CPU
Optimizing NNI: done in 0.0119681 secs using 99.9% CPU
Optimizing NNI: done in 0.0091939 secs using 99.89% CPU
Optimizing NNI: done in 0.00685883 secs using 99.81% CPU
Optimizing NNI: done in 0.0104852 secs using 99.56% CPU
Optimizing NNI: done in 0.00380015 secs using 99.65% CPU
Iteration 970 / LogL: -158.818 / Time: 0h:0m:23s (0h:0m:0s left)
Optimizing NNI: done in 0.00668097 secs using 100% CPU
Optimizing NNI: done in 0.010278 secs using 99.87% CPU
Optimizing NNI: done in 0.00337005 secs using 99.55% CPU
Optimizing NNI: done in 0.00604916 secs using 99.75% CPU
Optimizing NNI: done in 0.00418091 secs using 99.69% CPU
Optimizing NNI: done in 0.00231385 secs using 99.49% CPU
Optimizing NNI: done in 0.0103209 secs using 99.86% CPU
Optimizing NNI: done in 0.0108502 secs using 99.98% CPU
Optimizing NNI: done in 0.00775003 secs using 99.79% CPU
Optimizing NNI: done in 0.0094099 secs using 99.86% CPU
Iteration 980 / LogL: -161.321 / Time: 0h:0m:23s (0h:0m:0s left)
Optimizing NNI: done in 0.0151711 secs using 99.91% CPU
Optimizing NNI: done in 0.00811601 secs using 99.88% CPU
Optimizing NNI: done in 0.00884104 secs using 99.85% CPU
Optimizing NNI: done in 0.00787783 secs using 99.8% CPU
Optimizing NNI: done in 0.0147371 secs using 99.82% CPU
Optimizing NNI: done in 0.015219 secs using 99.78% CPU
Optimizing NNI: done in 0.0128911 secs using 99.89% CPU
Optimizing NNI: done in 0.0156898 secs using 99.76% CPU
Optimizing NNI: done in 0.013262 secs using 99.86% CPU
Optimizing NNI: done in 0.00809193 secs using 99.88% CPU
Iteration 990 / LogL: -158.818 / Time: 0h:0m:23s (0h:0m:0s left)
Optimizing NNI: done in 0.013906 secs using 99.8% CPU
Optimizing NNI: done in 0.00710583 secs using 100% CPU
Optimizing NNI: done in 0.013828 secs using 99.82% CPU
Optimizing NNI: done in 0.00748897 secs using 99.79% CPU
Optimizing NNI: done in 0.0106909 secs using 65.16% CPU
Optimizing NNI: done in 0.01334 secs using 99.76% CPU
Optimizing NNI: done in 0.00673699 secs using 99.79% CPU
Optimizing NNI: done in 0.0105441 secs using 99.86% CPU
Optimizing NNI: done in 0.00403905 secs using 99.65% CPU
Optimizing NNI: done in 0.00632715 secs using 99.76% CPU
Iteration 1000 / LogL: -158.818 / Time: 0h:0m:24s (0h:0m:0s left)
Log-likelihood cutoff on original alignment: -175.687
NOTE: Bootstrap correlation coefficient of split occurrence frequencies: 0.986
NOTE: UFBoot does not converge, continue at least 100 more iterations
Optimizing NNI: done in 0.01088 secs using 99.86% CPU
WARNING: bootstrap analysis did not converge. You should rerun with higher number of iterations (-nm option)
TREE SEARCH COMPLETED AFTER 1001 ITERATIONS / Time: 0h:0m:24s

--------------------------------------------------------------------
|                    FINALIZING TREE SEARCH                        |
--------------------------------------------------------------------
Performs final model parameters optimization
Estimate model parameters (epsilon = 0.010)
1. Initial log-likelihood: -158.818
Optimal log-likelihood: -158.818
Parameters optimization took 1 rounds (0.001 sec)
BEST SCORE FOUND : -158.818

Testing tree branches by SH-like aLRT with 1000 replicates...
0.009 sec.
Creating bootstrap support values...
Split supports printed to NEXUS file ../results/molecular_evolution_analyses/phylogenetic_trees/F1839_MCOR_G1/F1839_MCOR_G1.splits.nex
Total tree length: 3.435

Total number of iterations: 1001
CPU time used for tree search: 24.253 sec (0h:0m:24s)
Wall-clock time used for tree search: 24.277 sec (0h:0m:24s)
Total CPU time used: 24.385 sec (0h:0m:24s)
Total wall-clock time used: 24.409 sec (0h:0m:24s)

Computing bootstrap consensus tree...
Reading input file ../results/molecular_evolution_analyses/phylogenetic_trees/F1839_MCOR_G1/F1839_MCOR_G1.splits.nex...
18 taxa and 288 splits.
Consensus tree written to ../results/molecular_evolution_analyses/phylogenetic_trees/F1839_MCOR_G1/F1839_MCOR_G1.contree
Reading input trees file ../results/molecular_evolution_analyses/phylogenetic_trees/F1839_MCOR_G1/F1839_MCOR_G1.contree
Log-likelihood of consensus tree: -158.818

Analysis results written to: 
  IQ-TREE report:                ../results/molecular_evolution_analyses/phylogenetic_trees/F1839_MCOR_G1/F1839_MCOR_G1.iqtree
  Maximum-likelihood tree:       ../results/molecular_evolution_analyses/phylogenetic_trees/F1839_MCOR_G1/F1839_MCOR_G1.treefile
  Likelihood distances:          ../results/molecular_evolution_analyses/phylogenetic_trees/F1839_MCOR_G1/F1839_MCOR_G1.mldist

Ultrafast bootstrap approximation results written to:
  Split support values:          ../results/molecular_evolution_analyses/phylogenetic_trees/F1839_MCOR_G1/F1839_MCOR_G1.splits.nex
  Consensus tree:                ../results/molecular_evolution_analyses/phylogenetic_trees/F1839_MCOR_G1/F1839_MCOR_G1.contree
  Screen log file:               ../results/molecular_evolution_analyses/phylogenetic_trees/F1839_MCOR_G1/F1839_MCOR_G1.log

Date and Time: Thu Mar 28 11:21:31 2024
