IQ-TREE multicore version 2.2.2.6 COVID-edition for Linux 64-bit built May 27 2023
Developed by Bui Quang Minh, James Barbetti, Nguyen Lam Tung,
Olga Chernomor, Heiko Schmidt, Dominik Schrempf, Michael Woodhams, Ly Trong Nhan.

Host:    lbc5 (AVX2, FMA3, 125 GB RAM)
Command: /home/mauricio/mauricio_PROGRAMAS/iqtree-2.2.2.6-Linux/bin/iqtree2 -s ../results/molecular_evolution_analyses/alignments_gblocks/F98209_MLIG_G1/F98209_MLIG_G1.aln.gblo -m TEST --threads-max 32 --alrt 1000 --ufboot 1000 --prefix ../results/molecular_evolution_analyses/phylogenetic_trees/F98209_MLIG_G1/F98209_MLIG_G1 -keep-ident -redo
Seed:    905516 (Using SPRNG - Scalable Parallel Random Number Generator)
Time:    Wed May  1 10:41:39 2024
Kernel:  AVX+FMA - 1 threads (32 CPU cores detected)

HINT: Use -nt option to specify number of threads because your CPU has 32 cores!
HINT: -nt AUTO will automatically determine the best number of threads to use.

Reading alignment file ../results/molecular_evolution_analyses/alignments_gblocks/F98209_MLIG_G1/F98209_MLIG_G1.aln.gblo ... Fasta format detected
Reading fasta file: done in 4.19617e-05 secs using 97.71% CPU
Alignment most likely contains protein sequences
Constructing alignment: done in 0.000118017 secs using 99.99% CPU
Alignment has 5 sequences with 102 columns, 18 distinct patterns
0 parsimony-informative, 0 singleton sites, 102 constant sites
            Gap/Ambiguity  Composition  p-value
Analyzing sequences: done in 6.91414e-06 secs using 101.2% CPU
   1  Mlig.34303    0.00%    passed    100.00%
   2  Mlig.34304    0.00%    passed    100.00%
   3  Mlig.43988    0.00%    passed    100.00%
   4  Mlig.42045    0.00%    passed    100.00%
   5  Mlig.46021    0.00%    passed    100.00%
****  TOTAL         0.00%  0 sequences failed composition chi2 test (p-value<5%; df=17)


Create initial parsimony tree by phylogenetic likelihood library (PLL)... 0.000 seconds
Perform fast likelihood tree search using LG model...
Estimate model parameters (epsilon = 5.000)
Perform nearest neighbor interchange...
Optimizing NNI: done in 0.000271797 secs using 100.1% CPU
Estimate model parameters (epsilon = 1.000)
1. Initial log-likelihood: -303.539
Optimal log-likelihood: -303.539
Parameters optimization took 1 rounds (0.000 sec)
Time for fast ML tree search: 0.001 seconds

NOTE: ModelFinder requires 0 MB RAM!
ModelFinder will test up to 56 protein models (sample size: 102) ...
 No. Model         -LnL         df  AIC          AICc         BIC
  1  LG            303.539      7   621.078      622.269      639.452
  2  LG+F          270.346      26  592.692      611.412      660.942
  3  WAG           302.770      7   619.539      620.731      637.914
  4  WAG+F         270.346      26  592.692      611.412      660.942
  5  JTT           302.921      7   619.842      621.034      638.217
  6  JTT+F         270.346      26  592.692      611.412      660.942
WARNING: Normalizing state frequencies so that sum of them equals to 1
  7  Q.pfam        305.773      7   625.546      626.737      643.920
WARNING: Normalizing state frequencies so that sum of them equals to 1
  8  Q.pfam+F      270.346      26  592.692      611.412      660.942
WARNING: Normalizing state frequencies so that sum of them equals to 1
  9  Q.bird        302.276      7   618.551      619.743      636.926
WARNING: Normalizing state frequencies so that sum of them equals to 1
 10  Q.bird+F      270.346      26  592.692      611.412      660.942
WARNING: Normalizing state frequencies so that sum of them equals to 1
 11  Q.mammal      303.012      7   620.024      621.216      638.399
WARNING: Normalizing state frequencies so that sum of them equals to 1
 12  Q.mammal+F    270.346      26  592.692      611.412      660.942
 13  Q.insect      301.403      7   616.806      617.997      635.181
 14  Q.insect+F    270.346      26  592.692      611.412      660.942
WARNING: Normalizing state frequencies so that sum of them equals to 1
 15  Q.plant       304.943      7   623.885      625.077      642.260
WARNING: Normalizing state frequencies so that sum of them equals to 1
 16  Q.plant+F     270.346      26  592.692      611.412      660.942
WARNING: Normalizing state frequencies so that sum of them equals to 1
 17  Q.yeast       305.666      7   625.333      626.524      643.708
WARNING: Normalizing state frequencies so that sum of them equals to 1
 18  Q.yeast+F     270.346      26  592.692      611.412      660.942
 19  JTTDCMut      302.499      7   618.997      620.189      637.372
 20  JTTDCMut+F    270.346      26  592.692      611.412      660.942
 21  DCMut         296.049      7   606.098      607.290      624.473
 22  DCMut+F       270.346      26  592.692      611.412      660.942
 23  VT            304.944      7   623.887      625.079      642.262
 24  VT+F          270.346      26  592.692      611.412      660.942
 25  PMB           302.987      7   619.974      621.165      638.348
 26  PMB+F         270.346      26  592.692      611.412      660.942
 27  Blosum62      303.005      7   620.010      621.202      638.385
 28  Blosum62+F    270.346      26  592.692      611.412      660.942
 29  Dayhoff       296.049      7   606.098      607.290      624.473
 30  Dayhoff+F     270.346      26  592.692      611.412      660.942
 31  mtREV         338.343      7   690.686      691.877      709.060
 32  mtREV+F       270.346      26  592.692      611.412      660.942
 33  mtART         340.329      7   694.657      695.849      713.032
 34  mtART+F       270.346      26  592.692      611.412      660.942
 35  mtZOA         339.755      7   693.511      694.702      711.886
 36  mtZOA+F       270.346      26  592.692      611.412      660.942
 37  mtMet         332.543      7   679.087      680.278      697.462
 38  mtMet+F       270.346      26  592.692      611.412      660.942
 39  mtVer         338.784      7   691.568      692.760      709.943
 40  mtVer+F       270.346      26  592.692      611.412      660.942
 41  mtInv         336.597      7   687.193      688.385      705.568
 42  mtInv+F       270.346      26  592.692      611.412      660.942
 43  mtMAM         339.469      7   692.938      694.129      711.312
 44  mtMAM+F       270.346      26  592.692      611.412      660.942
WARNING: Normalizing state frequencies so that sum of them equals to 1
 45  FLAVI         305.941      7   625.883      627.074      644.257
WARNING: Normalizing state frequencies so that sum of them equals to 1
 46  FLAVI+F       270.346      26  592.692      611.412      660.942
 47  HIVb          303.993      7   621.987      623.178      640.361
 48  HIVb+F        270.346      26  592.692      611.412      660.942
 49  HIVw          304.015      7   622.030      623.221      640.405
 50  HIVw+F        270.346      26  592.692      611.412      660.942
 51  FLU           306.332      7   626.663      627.855      645.038
 52  FLU+F         270.346      26  592.692      611.412      660.942
 53  rtREV         301.641      7   617.283      618.474      635.658
 54  rtREV+F       270.346      26  592.692      611.412      660.942
 55  cpREV         307.553      7   629.106      630.297      647.481
 56  cpREV+F       270.346      26  592.692      611.412      660.942
Akaike Information Criterion:           FLAVI+F
Corrected Akaike Information Criterion: Dayhoff
Bayesian Information Criterion:         Dayhoff
Best-fit model: Dayhoff chosen according to BIC

All model information printed to ../results/molecular_evolution_analyses/phylogenetic_trees/F98209_MLIG_G1/F98209_MLIG_G1.model.gz
CPU time for ModelFinder: 0.033 seconds (0h:0m:0s)
Wall-clock time for ModelFinder: 0.033 seconds (0h:0m:0s)
NOTE: State(s) N, W not present in alignment and thus removed from Markov process to prevent numerical problems
NOTE: 2 states (see above) are not present and thus removed from Markov process to prevent numerical problems
Generating 1000 samples for ultrafast bootstrap (seed: 905516)...

NOTE: 0 MB RAM (0 GB) is required!
Estimate model parameters (epsilon = 0.100)
1. Initial log-likelihood: -296.049
Optimal log-likelihood: -296.049
Parameters optimization took 1 rounds (0.000 sec)
Wrote distance file to... 
Computing ML distances based on estimated model parameters...
Calculating distance matrix: done in 9.89437e-05 secs using 100.1% CPU
Computing ML distances took 0.000118 sec (of wall-clock time) 0.000118 sec (of CPU time)
Setting up auxiliary I and S matrices: done in 4.72069e-05 secs using 379.2% CPU
Constructing RapidNJ tree: done in 1.90735e-05 secs using 188.7% CPU
Computing RapidNJ tree took 0.000121 sec (of wall-clock time) 0.000318 sec (of CPU time)
Log-likelihood of RapidNJ tree: -296.049
--------------------------------------------------------------------
|             INITIALIZING CANDIDATE TREE SET                      |
--------------------------------------------------------------------
Generating 98 parsimony trees... 0.006 second
Computing log-likelihood of 12 initial trees ... 0.001 seconds
Current best score: -296.049

Do NNI search on 14 best initial trees
Optimizing NNI: done in 0.000319958 secs using 199.4% CPU
Optimizing NNI: done in 0.000268936 secs using 198.6% CPU
Optimizing NNI: done in 0.000260115 secs using 199.9% CPU
Optimizing NNI: done in 0.000253916 secs using 198.5% CPU
Optimizing NNI: done in 0.000251055 secs using 199.6% CPU
Optimizing NNI: done in 0.000246763 secs using 199.8% CPU
Optimizing NNI: done in 0.000246048 secs using 200.4% CPU
Optimizing NNI: done in 0.000245094 secs using 199.9% CPU
Optimizing NNI: done in 0.000243902 secs using 199.3% CPU
Optimizing NNI: done in 0.000241995 secs using 198.8% CPU
Iteration 10 / LogL: -296.049 / Time: 0h:0m:0s
Optimizing NNI: done in 0.000242949 secs using 200.5% CPU
Optimizing NNI: done in 0.000241041 secs using 199.6% CPU
Optimizing NNI: done in 0.000239134 secs using 200.3% CPU
Optimizing NNI: done in 0.000238895 secs using 200.1% CPU
Finish initializing candidate tree set (14)
Current best tree score: -296.049 / CPU time: 0.015
Number of iterations: 14
--------------------------------------------------------------------
|               OPTIMIZING CANDIDATE TREE SET                      |
--------------------------------------------------------------------
Optimizing NNI: done in 0.000241041 secs using 199.6% CPU
Optimizing NNI: done in 0.000243902 secs using 198.9% CPU
Optimizing NNI: done in 0.000241995 secs using 200.8% CPU
Optimizing NNI: done in 0.000241995 secs using 200.4% CPU
Optimizing NNI: done in 0.000241995 secs using 200.8% CPU
Optimizing NNI: done in 0.000244141 secs using 199.5% CPU
Iteration 20 / LogL: -296.049 / Time: 0h:0m:0s
Optimizing NNI: done in 0.000240088 secs using 199.1% CPU
Optimizing NNI: done in 0.000241041 secs using 200.8% CPU
Optimizing NNI: done in 0.000232935 secs using 200.1% CPU
Optimizing NNI: done in 0.00023818 secs using 200.7% CPU
Optimizing NNI: done in 0.000239134 secs using 199.9% CPU
Optimizing NNI: done in 0.000239134 secs using 199.9% CPU
Optimizing NNI: done in 0.000236988 secs using 200.4% CPU
Optimizing NNI: done in 0.000236034 secs using 200% CPU
Optimizing NNI: done in 0.000234842 secs using 200.6% CPU
Optimizing NNI: done in 0.000236988 secs using 199.6% CPU
Iteration 30 / LogL: -296.049 / Time: 0h:0m:0s (0h:0m:0s left)
Optimizing NNI: done in 0.00023818 secs using 199.4% CPU
Optimizing NNI: done in 0.000236988 secs using 200% CPU
Optimizing NNI: done in 0.000236034 secs using 200.4% CPU
Optimizing NNI: done in 0.000236988 secs using 200.4% CPU
Optimizing NNI: done in 0.000233889 secs using 198.8% CPU
Optimizing NNI: done in 0.000234127 secs using 199.5% CPU
Optimizing NNI: done in 0.000236034 secs using 199.5% CPU
Optimizing NNI: done in 0.000236034 secs using 200% CPU
Optimizing NNI: done in 0.000234127 secs using 200.3% CPU
Optimizing NNI: done in 0.000231028 secs using 200.4% CPU
Iteration 40 / LogL: -296.049 / Time: 0h:0m:0s (0h:0m:0s left)
Optimizing NNI: done in 0.000231028 secs using 200.4% CPU
Optimizing NNI: done in 0.000233889 secs using 200.1% CPU
Optimizing NNI: done in 0.000233173 secs using 199.4% CPU
Optimizing NNI: done in 0.000236034 secs using 199.5% CPU
Optimizing NNI: done in 0.000239134 secs using 200.3% CPU
Optimizing NNI: done in 0.000239849 secs using 201% CPU
Optimizing NNI: done in 0.000248909 secs using 199.3% CPU
Optimizing NNI: done in 0.000234127 secs using 200.3% CPU
Optimizing NNI: done in 0.000232935 secs using 200.5% CPU
Optimizing NNI: done in 0.000235081 secs using 199.5% CPU
Iteration 50 / LogL: -296.049 / Time: 0h:0m:0s (0h:0m:0s left)
Log-likelihood cutoff on original alignment: -296.049
Optimizing NNI: done in 0.000241041 secs using 197.1% CPU
Optimizing NNI: done in 0.000231028 secs using 200% CPU
Optimizing NNI: done in 0.000230789 secs using 199.3% CPU
Optimizing NNI: done in 0.000230074 secs using 198.6% CPU
Optimizing NNI: done in 0.000231981 secs using 199.6% CPU
Optimizing NNI: done in 0.000232935 secs using 200.1% CPU
Optimizing NNI: done in 0.000230074 secs using 199.9% CPU
Optimizing NNI: done in 0.000230074 secs using 200.4% CPU
Optimizing NNI: done in 0.000229836 secs using 199.7% CPU
Optimizing NNI: done in 0.000232935 secs using 200.5% CPU
Iteration 60 / LogL: -296.049 / Time: 0h:0m:0s (0h:0m:0s left)
Optimizing NNI: done in 0.000233889 secs using 199.7% CPU
Optimizing NNI: done in 0.000233173 secs using 200.3% CPU
Optimizing NNI: done in 0.000231981 secs using 200.4% CPU
Optimizing NNI: done in 0.000232935 secs using 198.8% CPU
Optimizing NNI: done in 0.000231028 secs using 199.1% CPU
Optimizing NNI: done in 0.000231981 secs using 199.2% CPU
Optimizing NNI: done in 0.00022912 secs using 199% CPU
Optimizing NNI: done in 0.000231028 secs using 198.2% CPU
Optimizing NNI: done in 0.000228882 secs using 199.7% CPU
Optimizing NNI: done in 0.000231028 secs using 199.5% CPU
Iteration 70 / LogL: -296.049 / Time: 0h:0m:0s (0h:0m:0s left)
Optimizing NNI: done in 0.000231981 secs using 199.6% CPU
Optimizing NNI: done in 0.000231981 secs using 200% CPU
Optimizing NNI: done in 0.000233889 secs using 198.8% CPU
Optimizing NNI: done in 0.000231028 secs using 99.99% CPU
Optimizing NNI: done in 0.000233889 secs using 100% CPU
Optimizing NNI: done in 0.000231981 secs using 100% CPU
Optimizing NNI: done in 0.000233889 secs using 100% CPU
Optimizing NNI: done in 0.000232935 secs using 99.6% CPU
Optimizing NNI: done in 0.000227928 secs using 100% CPU
Optimizing NNI: done in 0.000230074 secs using 99.97% CPU
Iteration 80 / LogL: -296.049 / Time: 0h:0m:0s (0h:0m:0s left)
Optimizing NNI: done in 0.00022912 secs using 99.95% CPU
Optimizing NNI: done in 0.000230074 secs using 100.4% CPU
Optimizing NNI: done in 0.000231981 secs using 100% CPU
Optimizing NNI: done in 0.000228882 secs using 100.1% CPU
Optimizing NNI: done in 0.000231028 secs using 99.99% CPU
Optimizing NNI: done in 0.000231981 secs using 100% CPU
Optimizing NNI: done in 0.000232935 secs using 100% CPU
Optimizing NNI: done in 0.000231028 secs using 99.99% CPU
Optimizing NNI: done in 0.000231981 secs using 100% CPU
Optimizing NNI: done in 0.000231028 secs using 100.4% CPU
Iteration 90 / LogL: -296.049 / Time: 0h:0m:0s (0h:0m:0s left)
Optimizing NNI: done in 0.000229836 secs using 100.1% CPU
Optimizing NNI: done in 0.000231981 secs using 100% CPU
Optimizing NNI: done in 0.000231028 secs using 99.99% CPU
Optimizing NNI: done in 0.000232935 secs using 100% CPU
Optimizing NNI: done in 0.000232935 secs using 100.5% CPU
Optimizing NNI: done in 0.000234127 secs using 99.95% CPU
Optimizing NNI: done in 0.000232935 secs using 100% CPU
Optimizing NNI: done in 0.000230074 secs using 100.4% CPU
Optimizing NNI: done in 0.00022912 secs using 99.95% CPU
Optimizing NNI: done in 0.000229836 secs using 100.1% CPU
Iteration 100 / LogL: -296.049 / Time: 0h:0m:0s (0h:0m:0s left)
Log-likelihood cutoff on original alignment: -296.049
NOTE: Bootstrap correlation coefficient of split occurrence frequencies: -0.656
NOTE: UFBoot does not converge, continue at least 100 more iterations
Optimizing NNI: done in 0.000241041 secs using 99.98% CPU
Optimizing NNI: done in 0.000233173 secs using 99.93% CPU
Optimizing NNI: done in 0.000235796 secs using 100.1% CPU
Optimizing NNI: done in 0.000229836 secs using 100.1% CPU
Optimizing NNI: done in 0.000232935 secs using 99.6% CPU
Optimizing NNI: done in 0.000230074 secs using 100.4% CPU
Optimizing NNI: done in 0.000229836 secs using 100.1% CPU
Optimizing NNI: done in 0.000225782 secs using 100.1% CPU
Optimizing NNI: done in 0.000226974 secs using 100.5% CPU
Optimizing NNI: done in 0.000228882 secs using 100.1% CPU
Iteration 110 / LogL: -296.049 / Time: 0h:0m:0s (0h:0m:0s left)
Optimizing NNI: done in 0.00022912 secs using 99.95% CPU
Optimizing NNI: done in 0.000231028 secs using 99.99% CPU
Optimizing NNI: done in 0.000228882 secs using 99.61% CPU
Optimizing NNI: done in 0.000228882 secs using 100.1% CPU
Optimizing NNI: done in 0.000231028 secs using 99.99% CPU
Optimizing NNI: done in 0.000231028 secs using 99.99% CPU
Optimizing NNI: done in 0.000231028 secs using 99.99% CPU
Optimizing NNI: done in 0.000231028 secs using 99.99% CPU
Optimizing NNI: done in 0.000230789 secs using 100.5% CPU
Optimizing NNI: done in 0.000235081 secs using 99.54% CPU
Iteration 120 / LogL: -296.049 / Time: 0h:0m:0s (0h:0m:0s left)
Optimizing NNI: done in 0.000228882 secs using 99.61% CPU
Optimizing NNI: done in 0.000228882 secs using 99.61% CPU
Optimizing NNI: done in 0.000228167 secs using 99.49% CPU
Optimizing NNI: done in 0.000236034 secs using 99.14% CPU
Optimizing NNI: done in 0.000226974 secs using 99.57% CPU
Optimizing NNI: done in 0.000226021 secs using 99.99% CPU
Optimizing NNI: done in 0.000230074 secs using 99.97% CPU
Optimizing NNI: done in 0.000239134 secs using 98.69% CPU
Optimizing NNI: done in 0.000228882 secs using 100.1% CPU
Optimizing NNI: done in 0.000226974 secs using 100% CPU
Iteration 130 / LogL: -296.049 / Time: 0h:0m:0s (0h:0m:0s left)
Optimizing NNI: done in 0.000229836 secs using 100.1% CPU
Optimizing NNI: done in 0.000238895 secs using 98.79% CPU
Optimizing NNI: done in 0.000230074 secs using 99.97% CPU
Optimizing NNI: done in 0.000231028 secs using 99.99% CPU
Optimizing NNI: done in 0.000231028 secs using 99.99% CPU
Optimizing NNI: done in 0.000230074 secs using 99.97% CPU
Optimizing NNI: done in 0.00022912 secs using 99.95% CPU
Optimizing NNI: done in 0.000227928 secs using 100% CPU
Optimizing NNI: done in 0.000226974 secs using 100% CPU
Optimizing NNI: done in 0.000228882 secs using 100.5% CPU
Iteration 140 / LogL: -296.049 / Time: 0h:0m:0s (0h:0m:0s left)
Optimizing NNI: done in 0.000230074 secs using 100.4% CPU
Optimizing NNI: done in 0.000231028 secs using 99.99% CPU
Optimizing NNI: done in 0.000228167 secs using 99.93% CPU
Optimizing NNI: done in 0.000229836 secs using 99.64% CPU
Optimizing NNI: done in 0.000229836 secs using 100.1% CPU
Optimizing NNI: done in 0.000226021 secs using 99.99% CPU
Optimizing NNI: done in 0.000227213 secs using 99.47% CPU
Optimizing NNI: done in 0.000226974 secs using 100% CPU
Optimizing NNI: done in 0.000227928 secs using 100% CPU
Optimizing NNI: done in 0.00022912 secs using 99.95% CPU
Iteration 150 / LogL: -296.049 / Time: 0h:0m:0s (0h:0m:0s left)
Log-likelihood cutoff on original alignment: -296.049
Optimizing NNI: done in 0.000241041 secs using 99.98% CPU
Optimizing NNI: done in 0.000235081 secs using 99.97% CPU
Optimizing NNI: done in 0.000233889 secs using 100% CPU
Optimizing NNI: done in 0.000233889 secs using 99.62% CPU
Optimizing NNI: done in 0.000231981 secs using 100% CPU
Optimizing NNI: done in 0.000227928 secs using 100.5% CPU
Optimizing NNI: done in 0.000226974 secs using 100% CPU
Optimizing NNI: done in 0.000228167 secs using 99.93% CPU
Optimizing NNI: done in 0.000227928 secs using 100.5% CPU
Optimizing NNI: done in 0.000232935 secs using 99.6% CPU
Iteration 160 / LogL: -296.049 / Time: 0h:0m:0s (0h:0m:0s left)
Optimizing NNI: done in 0.000235081 secs using 100.4% CPU
Optimizing NNI: done in 0.000235081 secs using 99.54% CPU
Optimizing NNI: done in 0.000231981 secs using 100.4% CPU
Optimizing NNI: done in 0.000231981 secs using 99.58% CPU
Optimizing NNI: done in 0.000229836 secs using 100.5% CPU
Optimizing NNI: done in 0.000228882 secs using 100.1% CPU
Optimizing NNI: done in 0.000233173 secs using 99.5% CPU
Optimizing NNI: done in 0.000227928 secs using 99.59% CPU
Optimizing NNI: done in 0.000230074 secs using 99.97% CPU
Optimizing NNI: done in 0.000229836 secs using 100.5% CPU
Iteration 170 / LogL: -296.049 / Time: 0h:0m:0s (0h:0m:0s left)
Optimizing NNI: done in 0.000232935 secs using 100% CPU
Optimizing NNI: done in 0.000229836 secs using 100.1% CPU
Optimizing NNI: done in 0.000232935 secs using 99.6% CPU
Optimizing NNI: done in 0.000231981 secs using 100% CPU
Optimizing NNI: done in 0.000232935 secs using 100.5% CPU
Optimizing NNI: done in 0.000235081 secs using 99.97% CPU
Optimizing NNI: done in 0.000236034 secs using 99.56% CPU
Optimizing NNI: done in 0.000233889 secs using 99.62% CPU
Optimizing NNI: done in 0.000232935 secs using 99.6% CPU
Optimizing NNI: done in 0.000231981 secs using 100.4% CPU
Iteration 180 / LogL: -296.049 / Time: 0h:0m:0s (0h:0m:0s left)
Optimizing NNI: done in 0.000231981 secs using 100.4% CPU
Optimizing NNI: done in 0.000231028 secs using 99.99% CPU
Optimizing NNI: done in 0.000230074 secs using 99.97% CPU
Optimizing NNI: done in 0.00022912 secs using 99.51% CPU
Optimizing NNI: done in 0.000227928 secs using 100% CPU
Optimizing NNI: done in 0.000229836 secs using 100.1% CPU
Optimizing NNI: done in 0.000230074 secs using 99.53% CPU
Optimizing NNI: done in 0.000228882 secs using 99.61% CPU
Optimizing NNI: done in 0.000230074 secs using 99.97% CPU
Optimizing NNI: done in 0.000230074 secs using 99.97% CPU
Iteration 190 / LogL: -296.049 / Time: 0h:0m:0s (0h:0m:0s left)
Optimizing NNI: done in 0.000231028 secs using 100.4% CPU
Optimizing NNI: done in 0.000229836 secs using 100.1% CPU
Optimizing NNI: done in 0.000231981 secs using 100% CPU
Optimizing NNI: done in 0.000231028 secs using 99.99% CPU
Optimizing NNI: done in 0.000226974 secs using 99.57% CPU
Optimizing NNI: done in 0.000228167 secs using 99.93% CPU
Optimizing NNI: done in 0.000229836 secs using 100.5% CPU
Optimizing NNI: done in 0.000225067 secs using 99.97% CPU
Optimizing NNI: done in 0.000228882 secs using 99.61% CPU
Optimizing NNI: done in 0.000227928 secs using 99.59% CPU
Iteration 200 / LogL: -296.049 / Time: 0h:0m:0s (0h:0m:0s left)
Log-likelihood cutoff on original alignment: -296.049
NOTE: Bootstrap correlation coefficient of split occurrence frequencies: 0.381
NOTE: UFBoot does not converge, continue at least 100 more iterations
Optimizing NNI: done in 0.000236034 secs using 99.56% CPU
Optimizing NNI: done in 0.000231981 secs using 100% CPU
Optimizing NNI: done in 0.000235081 secs using 99.97% CPU
Optimizing NNI: done in 0.000233889 secs using 100% CPU
Optimizing NNI: done in 0.00022912 secs using 99.95% CPU
Optimizing NNI: done in 0.000227213 secs using 99.91% CPU
Optimizing NNI: done in 0.000231981 secs using 100% CPU
Optimizing NNI: done in 0.000227928 secs using 100% CPU
Optimizing NNI: done in 0.000226974 secs using 100% CPU
Optimizing NNI: done in 0.000227928 secs using 100% CPU
Iteration 210 / LogL: -296.049 / Time: 0h:0m:0s (0h:0m:0s left)
Optimizing NNI: done in 0.000230074 secs using 99.97% CPU
Optimizing NNI: done in 0.000227928 secs using 100% CPU
Optimizing NNI: done in 0.000228882 secs using 100.1% CPU
Optimizing NNI: done in 0.000227928 secs using 100% CPU
Optimizing NNI: done in 0.000229836 secs using 100.5% CPU
Optimizing NNI: done in 0.000227213 secs using 99.91% CPU
Optimizing NNI: done in 0.000229836 secs using 100.1% CPU
Optimizing NNI: done in 0.000228882 secs using 100.1% CPU
Optimizing NNI: done in 0.000231028 secs using 99.99% CPU
Optimizing NNI: done in 0.000235081 secs using 99.97% CPU
Iteration 220 / LogL: -296.049 / Time: 0h:0m:0s (0h:0m:0s left)
Optimizing NNI: done in 0.000234842 secs
Optimizing NNI: done in 0.000233889 secs using 98.76% CPU
Optimizing NNI: done in 0.000231981 secs using 100% CPU
Optimizing NNI: done in 0.000230074 secs using 99.53% CPU
Optimizing NNI: done in 0.000227928 secs using 99.15% CPU
Optimizing NNI: done in 0.000228167 secs using 99.93% CPU
Optimizing NNI: done in 0.000227928 secs using 100% CPU
Optimizing NNI: done in 0.000227928 secs using 100% CPU
Optimizing NNI: done in 0.000228167 secs using 98.61% CPU
Optimizing NNI: done in 0.000230074 secs using 99.97% CPU
Iteration 230 / LogL: -296.049 / Time: 0h:0m:0s (0h:0m:0s left)
Optimizing NNI: done in 0.000230074 secs using 99.53% CPU
Optimizing NNI: done in 0.000225067 secs using 99.53% CPU
Optimizing NNI: done in 0.000237942 secs using 98.76% CPU
Optimizing NNI: done in 0.000230789 secs using 99.66% CPU
Optimizing NNI: done in 0.000230074 secs using 99.97% CPU
Optimizing NNI: done in 0.000230074 secs using 99.97% CPU
Optimizing NNI: done in 0.000229836 secs using 100.1% CPU
Optimizing NNI: done in 0.000231028 secs using 99.99% CPU
Optimizing NNI: done in 0.000229836 secs using 99.64% CPU
Optimizing NNI: done in 0.000231028 secs using 99.99% CPU
Iteration 240 / LogL: -296.049 / Time: 0h:0m:0s (0h:0m:0s left)
Optimizing NNI: done in 0.000229836 secs using 100.1% CPU
Optimizing NNI: done in 0.000230074 secs using 99.53% CPU
Optimizing NNI: done in 0.00022912 secs using 99.95% CPU
Optimizing NNI: done in 0.000228882 secs using 100.1% CPU
Optimizing NNI: done in 0.000226974 secs using 100.5% CPU
Optimizing NNI: done in 0.000235081 secs using 98.69% CPU
Optimizing NNI: done in 0.000224829 secs using 100.1% CPU
Optimizing NNI: done in 0.000224829 secs using 100.1% CPU
Optimizing NNI: done in 0.000231028 secs using 99.99% CPU
Optimizing NNI: done in 0.000231028 secs using 99.99% CPU
Iteration 250 / LogL: -296.049 / Time: 0h:0m:0s (0h:0m:0s left)
Log-likelihood cutoff on original alignment: -296.049
Optimizing NNI: done in 0.000236988 secs using 100.4% CPU
Optimizing NNI: done in 0.000236034 secs using 99.99% CPU
Optimizing NNI: done in 0.000228882 secs using 100.5% CPU
Optimizing NNI: done in 0.000231028 secs using 99.56% CPU
Optimizing NNI: done in 0.000228882 secs using 100.5% CPU
Optimizing NNI: done in 0.000227928 secs using 100% CPU
Optimizing NNI: done in 0.000227928 secs using 100% CPU
Optimizing NNI: done in 0.000227928 secs using 100% CPU
Optimizing NNI: done in 0.000230789 secs using 100.1% CPU
Optimizing NNI: done in 0.000230074 secs using 99.97% CPU
Iteration 260 / LogL: -296.049 / Time: 0h:0m:0s (0h:0m:0s left)
Optimizing NNI: done in 0.000231028 secs using 99.56% CPU
Optimizing NNI: done in 0.000226974 secs using 100% CPU
Optimizing NNI: done in 0.000228882 secs using 100.1% CPU
Optimizing NNI: done in 0.000229836 secs using 100.1% CPU
Optimizing NNI: done in 0.000240088 secs using 98.71% CPU
Optimizing NNI: done in 0.000227928 secs using 100.5% CPU
Optimizing NNI: done in 0.00022912 secs using 99.51% CPU
Optimizing NNI: done in 0.000227928 secs using 100% CPU
Optimizing NNI: done in 0.000230074 secs using 99.53% CPU
Optimizing NNI: done in 0.000227928 secs using 100% CPU
Iteration 270 / LogL: -296.049 / Time: 0h:0m:0s (0h:0m:0s left)
Optimizing NNI: done in 0.000226974 secs using 100% CPU
Optimizing NNI: done in 0.000226974 secs using 100% CPU
Optimizing NNI: done in 0.000226974 secs using 99.57% CPU
Optimizing NNI: done in 0.000223875 secs using 99.61% CPU
Optimizing NNI: done in 0.00022912 secs using 99.95% CPU
Optimizing NNI: done in 0.000227928 secs using 100% CPU
Optimizing NNI: done in 0.000231028 secs using 99.56% CPU
Optimizing NNI: done in 0.00022912 secs using 99.95% CPU
Optimizing NNI: done in 0.000226974 secs using 99.57% CPU
Optimizing NNI: done in 0.000223875 secs using 100.1% CPU
Iteration 280 / LogL: -296.049 / Time: 0h:0m:0s (0h:0m:0s left)
Optimizing NNI: done in 0.000225782 secs using 100.1% CPU
Optimizing NNI: done in 0.000231981 secs using 99.58% CPU
Optimizing NNI: done in 0.000230074 secs using 99.97% CPU
Optimizing NNI: done in 0.000230074 secs using 99.97% CPU
Optimizing NNI: done in 0.000228167 secs using 100.4% CPU
Optimizing NNI: done in 0.000231028 secs using 99.56% CPU
Optimizing NNI: done in 0.000226974 secs using 100% CPU
Optimizing NNI: done in 0.000226974 secs using 99.57% CPU
Optimizing NNI: done in 0.000226974 secs using 100% CPU
Optimizing NNI: done in 0.000226021 secs using 99.99% CPU
Iteration 290 / LogL: -296.049 / Time: 0h:0m:0s (0h:0m:0s left)
Optimizing NNI: done in 0.000224113 secs using 100.4% CPU
Optimizing NNI: done in 0.000225067 secs using 100.4% CPU
Optimizing NNI: done in 0.000228882 secs using 100.1% CPU
Optimizing NNI: done in 0.000228882 secs using 99.61% CPU
Optimizing NNI: done in 0.000230074 secs using 99.53% CPU
Optimizing NNI: done in 0.000230074 secs using 99.97% CPU
Optimizing NNI: done in 0.000230074 secs using 99.53% CPU
Optimizing NNI: done in 0.000225067 secs using 99.97% CPU
Optimizing NNI: done in 0.000225782 secs using 99.65% CPU
Optimizing NNI: done in 0.000226021 secs using 99.99% CPU
Iteration 300 / LogL: -296.049 / Time: 0h:0m:0s (0h:0m:0s left)
Log-likelihood cutoff on original alignment: -296.049
NOTE: Bootstrap correlation coefficient of split occurrence frequencies: 0.287
NOTE: UFBoot does not converge, continue at least 100 more iterations
Optimizing NNI: done in 0.000235081 secs using 99.54% CPU
Optimizing NNI: done in 0.000229836 secs using 100.1% CPU
Optimizing NNI: done in 0.00022912 secs using 99.95% CPU
Optimizing NNI: done in 0.000227928 secs using 99.59% CPU
Optimizing NNI: done in 0.000227928 secs using 100% CPU
Optimizing NNI: done in 0.000227213 secs using 99.91% CPU
Optimizing NNI: done in 0.000231028 secs using 99.99% CPU
Optimizing NNI: done in 0.000231981 secs using 99.58% CPU
Optimizing NNI: done in 0.000231028 secs using 99.99% CPU
Optimizing NNI: done in 0.000235081 secs using 99.97% CPU
Iteration 310 / LogL: -296.049 / Time: 0h:0m:0s (0h:0m:0s left)
Optimizing NNI: done in 0.000228882 secs using 99.61% CPU
Optimizing NNI: done in 0.000228882 secs using 100.1% CPU
Optimizing NNI: done in 0.000227928 secs using 100% CPU
Optimizing NNI: done in 0.000226974 secs using 100% CPU
Optimizing NNI: done in 0.000228882 secs using 99.61% CPU
Optimizing NNI: done in 0.000227928 secs using 100% CPU
Optimizing NNI: done in 0.00022912 secs using 99.51% CPU
Optimizing NNI: done in 0.000230074 secs using 99.97% CPU
Optimizing NNI: done in 0.000229836 secs using 100.1% CPU
Optimizing NNI: done in 0.000228882 secs using 100.1% CPU
Iteration 320 / LogL: -296.049 / Time: 0h:0m:0s (0h:0m:0s left)
Optimizing NNI: done in 0.000230074 secs using 99.97% CPU
Optimizing NNI: done in 0.000234127 secs using 99.95% CPU
Optimizing NNI: done in 0.000227928 secs using 99.59% CPU
Optimizing NNI: done in 0.000241995 secs using 97.52% CPU
Optimizing NNI: done in 0.000230074 secs using 99.53% CPU
Optimizing NNI: done in 0.000230074 secs using 99.97% CPU
Optimizing NNI: done in 0.000231028 secs using 99.99% CPU
Optimizing NNI: done in 0.000228882 secs using 100.1% CPU
Optimizing NNI: done in 0.000228882 secs using 100.1% CPU
Optimizing NNI: done in 0.000228167 secs using 99.93% CPU
Iteration 330 / LogL: -296.049 / Time: 0h:0m:1s (0h:0m:0s left)
Optimizing NNI: done in 0.00022912 secs using 99.51% CPU
Optimizing NNI: done in 0.000227928 secs using 100% CPU
Optimizing NNI: done in 0.00022912 secs using 99.95% CPU
Optimizing NNI: done in 0.000228882 secs using 100.1% CPU
Optimizing NNI: done in 0.000229836 secs using 100.1% CPU
Optimizing NNI: done in 0.000231028 secs using 99.99% CPU
Optimizing NNI: done in 0.000228167 secs using 99.93% CPU
Optimizing NNI: done in 0.000233173 secs using 99.93% CPU
Optimizing NNI: done in 0.000228882 secs using 100.1% CPU
Optimizing NNI: done in 0.000231028 secs using 99.99% CPU
Iteration 340 / LogL: -296.049 / Time: 0h:0m:1s (0h:0m:0s left)
Optimizing NNI: done in 0.000226974 secs using 99.57% CPU
Optimizing NNI: done in 0.000227928 secs using 99.59% CPU
Optimizing NNI: done in 0.000224829 secs using 100.1% CPU
Optimizing NNI: done in 0.000227928 secs using 100% CPU
Optimizing NNI: done in 0.000228882 secs using 100.1% CPU
Optimizing NNI: done in 0.00023222 secs using 99.91% CPU
Optimizing NNI: done in 0.000233173 secs using 99.93% CPU
Optimizing NNI: done in 0.000233889 secs using 100% CPU
Optimizing NNI: done in 0.000232935 secs using 100% CPU
Optimizing NNI: done in 0.000227928 secs using 100.5% CPU
Iteration 350 / LogL: -296.049 / Time: 0h:0m:1s (0h:0m:0s left)
Log-likelihood cutoff on original alignment: -296.049
Optimizing NNI: done in 0.000231981 secs using 99.58% CPU
Optimizing NNI: done in 0.000226021 secs using 99.99% CPU
Optimizing NNI: done in 0.000225067 secs using 99.97% CPU
Optimizing NNI: done in 0.000227928 secs using 100% CPU
Optimizing NNI: done in 0.000228882 secs using 99.61% CPU
Optimizing NNI: done in 0.000230074 secs using 100.4% CPU
Optimizing NNI: done in 0.000228167 secs using 100.4% CPU
Optimizing NNI: done in 0.000226974 secs using 100.5% CPU
Optimizing NNI: done in 0.00022912 secs using 99.51% CPU
Optimizing NNI: done in 0.000226974 secs using 100% CPU
Iteration 360 / LogL: -296.049 / Time: 0h:0m:1s (0h:0m:0s left)
Optimizing NNI: done in 0.000231981 secs using 99.58% CPU
Optimizing NNI: done in 0.000226974 secs using 100.5% CPU
Optimizing NNI: done in 0.000235081 secs using 99.11% CPU
Optimizing NNI: done in 0.000227928 secs using 100.5% CPU
Optimizing NNI: done in 0.000226974 secs using 100% CPU
Optimizing NNI: done in 0.000227928 secs using 100% CPU
Optimizing NNI: done in 0.000231981 secs using 100% CPU
Optimizing NNI: done in 0.000240803 secs using 98.84% CPU
Optimizing NNI: done in 0.000227928 secs using 100% CPU
Optimizing NNI: done in 0.000228882 secs using 100.1% CPU
Iteration 370 / LogL: -296.049 / Time: 0h:0m:1s (0h:0m:0s left)
Optimizing NNI: done in 0.000226974 secs using 100% CPU
Optimizing NNI: done in 0.000226974 secs using 100% CPU
Optimizing NNI: done in 0.000226974 secs using 99.57% CPU
Optimizing NNI: done in 0.000225067 secs using 99.97% CPU
Optimizing NNI: done in 0.000226974 secs using 100% CPU
Optimizing NNI: done in 0.000231981 secs using 99.58% CPU
Optimizing NNI: done in 0.000233173 secs using 99.5% CPU
Optimizing NNI: done in 0.000231981 secs using 100% CPU
Optimizing NNI: done in 0.000232935 secs using 100% CPU
Optimizing NNI: done in 0.000231981 secs using 100% CPU
Iteration 380 / LogL: -296.049 / Time: 0h:0m:1s (0h:0m:0s left)
Optimizing NNI: done in 0.00022912 secs using 99.51% CPU
Optimizing NNI: done in 0.000226021 secs using 99.99% CPU
Optimizing NNI: done in 0.000222921 secs using 100% CPU
Optimizing NNI: done in 0.000224113 secs using 99.95% CPU
Optimizing NNI: done in 0.000226021 secs using 99.99% CPU
Optimizing NNI: done in 0.000226021 secs using 99.99% CPU
Optimizing NNI: done in 0.000226974 secs using 99.57% CPU
Optimizing NNI: done in 0.000228882 secs using 100.1% CPU
Optimizing NNI: done in 0.000229836 secs using 100.1% CPU
Optimizing NNI: done in 0.000231028 secs using 100.4% CPU
Iteration 390 / LogL: -296.049 / Time: 0h:0m:1s (0h:0m:0s left)
Optimizing NNI: done in 0.000236034 secs using 99.56% CPU
Optimizing NNI: done in 0.000233173 secs using 99.5% CPU
Optimizing NNI: done in 0.00022912 secs using 99.51% CPU
Optimizing NNI: done in 0.000227928 secs using 100% CPU
Optimizing NNI: done in 0.000228167 secs using 99.93% CPU
Optimizing NNI: done in 0.000228882 secs using 100.5% CPU
Optimizing NNI: done in 0.000229836 secs using 100.1% CPU
Optimizing NNI: done in 0.000228882 secs using 100.1% CPU
Optimizing NNI: done in 0.000227928 secs using 100% CPU
Optimizing NNI: done in 0.000228882 secs using 100.1% CPU
Iteration 400 / LogL: -296.049 / Time: 0h:0m:1s (0h:0m:0s left)
Log-likelihood cutoff on original alignment: -296.049
NOTE: Bootstrap correlation coefficient of split occurrence frequencies: 0.506
NOTE: UFBoot does not converge, continue at least 100 more iterations
Optimizing NNI: done in 0.000232935 secs using 100% CPU
Optimizing NNI: done in 0.000228882 secs using 99.61% CPU
Optimizing NNI: done in 0.000228167 secs using 99.93% CPU
Optimizing NNI: done in 0.000231981 secs using 100% CPU
Optimizing NNI: done in 0.000224113 secs using 100.4% CPU
Optimizing NNI: done in 0.000228167 secs using 99.93% CPU
Optimizing NNI: done in 0.000230074 secs using 99.97% CPU
Optimizing NNI: done in 0.000229836 secs using 100.1% CPU
Optimizing NNI: done in 0.000234127 secs using 99.95% CPU
Optimizing NNI: done in 0.000227213 secs using 99.91% CPU
Iteration 410 / LogL: -296.049 / Time: 0h:0m:1s (0h:0m:0s left)
Optimizing NNI: done in 0.000226974 secs using 100% CPU
Optimizing NNI: done in 0.000226974 secs using 100% CPU
Optimizing NNI: done in 0.000226021 secs using 99.99% CPU
Optimizing NNI: done in 0.000235081 secs using 99.11% CPU
Optimizing NNI: done in 0.000226021 secs using 99.99% CPU
Optimizing NNI: done in 0.000223875 secs using 100.1% CPU
Optimizing NNI: done in 0.000224829 secs using 100.1% CPU
Optimizing NNI: done in 0.000225067 secs using 99.97% CPU
Optimizing NNI: done in 0.000226974 secs using 99.57% CPU
Optimizing NNI: done in 0.000231028 secs using 99.99% CPU
Iteration 420 / LogL: -296.049 / Time: 0h:0m:1s (0h:0m:0s left)
Optimizing NNI: done in 0.000228882 secs using 100.1% CPU
Optimizing NNI: done in 0.000228882 secs using 100.1% CPU
Optimizing NNI: done in 0.000228882 secs using 100.1% CPU
Optimizing NNI: done in 0.000232935 secs using 100% CPU
Optimizing NNI: done in 0.000226974 secs using 99.57% CPU
Optimizing NNI: done in 0.000226021 secs using 99.99% CPU
Optimizing NNI: done in 0.000226021 secs using 99.55% CPU
Optimizing NNI: done in 0.000224829 secs using 100.1% CPU
Optimizing NNI: done in 0.000226021 secs using 99.99% CPU
Optimizing NNI: done in 0.000226974 secs using 100% CPU
Iteration 430 / LogL: -296.049 / Time: 0h:0m:1s (0h:0m:0s left)
Optimizing NNI: done in 0.000227213 secs using 99.91% CPU
Optimizing NNI: done in 0.000226974 secs using 100% CPU
Optimizing NNI: done in 0.000226974 secs using 100% CPU
Optimizing NNI: done in 0.000228882 secs using 100.5% CPU
Optimizing NNI: done in 0.000231981 secs using 99.58% CPU
Optimizing NNI: done in 0.000231028 secs using 99.99% CPU
Optimizing NNI: done in 0.000234127 secs using 99.95% CPU
Optimizing NNI: done in 0.000231981 secs using 100% CPU
Optimizing NNI: done in 0.000232935 secs using 99.6% CPU
Optimizing NNI: done in 0.000231028 secs using 99.99% CPU
Iteration 440 / LogL: -296.049 / Time: 0h:0m:1s (0h:0m:0s left)
Optimizing NNI: done in 0.00022912 secs using 99.95% CPU
Optimizing NNI: done in 0.000227928 secs using 100% CPU
Optimizing NNI: done in 0.000224829 secs using 99.63% CPU
Optimizing NNI: done in 0.000223875 secs using 100.1% CPU
Optimizing NNI: done in 0.000223875 secs using 100.5% CPU
Optimizing NNI: done in 0.000226974 secs using 100% CPU
Optimizing NNI: done in 0.00022912 secs using 99.51% CPU
Optimizing NNI: done in 0.00022912 secs using 99.95% CPU
Optimizing NNI: done in 0.000228882 secs using 99.61% CPU
Optimizing NNI: done in 0.000228167 secs using 99.93% CPU
Iteration 450 / LogL: -296.049 / Time: 0h:0m:1s (0h:0m:0s left)
Log-likelihood cutoff on original alignment: -296.049
Optimizing NNI: done in 0.000237942 secs using 100% CPU
Optimizing NNI: done in 0.000233889 secs using 100% CPU
Optimizing NNI: done in 0.000226974 secs using 100.5% CPU
Optimizing NNI: done in 0.000231981 secs using 100% CPU
Optimizing NNI: done in 0.000228167 secs using 99.93% CPU
Optimizing NNI: done in 0.000226974 secs using 100% CPU
Optimizing NNI: done in 0.000225782 secs using 100.1% CPU
Optimizing NNI: done in 0.000225067 secs using 99.97% CPU
Optimizing NNI: done in 0.000226021 secs using 99.99% CPU
Optimizing NNI: done in 0.000236034 secs using 98.71% CPU
Iteration 460 / LogL: -296.049 / Time: 0h:0m:1s (0h:0m:0s left)
Optimizing NNI: done in 0.000226021 secs using 99.99% CPU
Optimizing NNI: done in 0.000231028 secs using 99.99% CPU
Optimizing NNI: done in 0.000226974 secs using 100.5% CPU
Optimizing NNI: done in 0.000230074 secs using 100.4% CPU
Optimizing NNI: done in 0.000234127 secs using 99.52% CPU
Optimizing NNI: done in 0.000228882 secs using 100.5% CPU
Optimizing NNI: done in 0.000231981 secs using 99.58% CPU
Optimizing NNI: done in 0.000227928 secs using 100% CPU
Optimizing NNI: done in 0.000226021 secs using 99.55% CPU
Optimizing NNI: done in 0.000228882 secs using 99.61% CPU
Iteration 470 / LogL: -296.049 / Time: 0h:0m:1s (0h:0m:0s left)
Optimizing NNI: done in 0.000228882 secs using 100.1% CPU
Optimizing NNI: done in 0.000228167 secs using 99.93% CPU
Optimizing NNI: done in 0.000226021 secs using 99.99% CPU
Optimizing NNI: done in 0.000227928 secs using 100% CPU
Optimizing NNI: done in 0.000226974 secs using 99.57% CPU
Optimizing NNI: done in 0.000226021 secs using 99.55% CPU
Optimizing NNI: done in 0.000226974 secs using 100% CPU
Optimizing NNI: done in 0.000227928 secs using 99.59% CPU
Optimizing NNI: done in 0.000231028 secs using 99.56% CPU
Optimizing NNI: done in 0.000231028 secs using 99.99% CPU
Iteration 480 / LogL: -296.049 / Time: 0h:0m:1s (0h:0m:0s left)
Optimizing NNI: done in 0.000229836 secs using 100.1% CPU
Optimizing NNI: done in 0.000229836 secs using 100.1% CPU
Optimizing NNI: done in 0.000225782 secs using 100.1% CPU
Optimizing NNI: done in 0.000224829 secs using 100.1% CPU
Optimizing NNI: done in 0.000225782 secs using 99.65% CPU
Optimizing NNI: done in 0.000225067 secs using 100.4% CPU
Optimizing NNI: done in 0.000228882 secs using 100.5% CPU
Optimizing NNI: done in 0.000230074 secs using 100.4% CPU
Optimizing NNI: done in 0.000230074 secs using 99.97% CPU
Optimizing NNI: done in 0.000230074 secs using 99.97% CPU
Iteration 490 / LogL: -296.049 / Time: 0h:0m:1s (0h:0m:0s left)
Optimizing NNI: done in 0.000226974 secs using 100% CPU
Optimizing NNI: done in 0.000224829 secs using 100.1% CPU
Optimizing NNI: done in 0.000224829 secs using 100.5% CPU
Optimizing NNI: done in 0.000226974 secs using 100% CPU
Optimizing NNI: done in 0.000227928 secs using 99.59% CPU
Optimizing NNI: done in 0.000227928 secs using 100% CPU
Optimizing NNI: done in 0.000230074 secs using 99.97% CPU
Optimizing NNI: done in 0.000227928 secs using 100% CPU
Optimizing NNI: done in 0.000226974 secs using 100% CPU
Optimizing NNI: done in 0.000231028 secs using 99.99% CPU
Iteration 500 / LogL: -296.049 / Time: 0h:0m:1s (0h:0m:0s left)
Log-likelihood cutoff on original alignment: -296.049
NOTE: Bootstrap correlation coefficient of split occurrence frequencies: 0.376
NOTE: UFBoot does not converge, continue at least 100 more iterations
Optimizing NNI: done in 0.000236988 secs using 100% CPU
Optimizing NNI: done in 0.000233173 secs using 99.93% CPU
Optimizing NNI: done in 0.000226974 secs using 100% CPU
Optimizing NNI: done in 0.00022912 secs using 99.95% CPU
Optimizing NNI: done in 0.00022912 secs using 99.95% CPU
Optimizing NNI: done in 0.000226974 secs using 100.5% CPU
Optimizing NNI: done in 0.000228882 secs using 99.61% CPU
Optimizing NNI: done in 0.000226974 secs using 99.57% CPU
Optimizing NNI: done in 0.000228167 secs using 99.93% CPU
Optimizing NNI: done in 0.000228167 secs using 99.93% CPU
Iteration 510 / LogL: -296.049 / Time: 0h:0m:1s (0h:0m:0s left)
Optimizing NNI: done in 0.000228882 secs using 100.1% CPU
Optimizing NNI: done in 0.000226974 secs using 99.57% CPU
Optimizing NNI: done in 0.000226974 secs using 100% CPU
Optimizing NNI: done in 0.000228882 secs using 99.61% CPU
Optimizing NNI: done in 0.000227928 secs using 99.59% CPU
Optimizing NNI: done in 0.000226974 secs using 100% CPU
Optimizing NNI: done in 0.000231028 secs using 99.99% CPU
Optimizing NNI: done in 0.000230789 secs using 100.1% CPU
Optimizing NNI: done in 0.000231028 secs using 99.99% CPU
Optimizing NNI: done in 0.000229836 secs using 100.1% CPU
Iteration 520 / LogL: -296.049 / Time: 0h:0m:1s (0h:0m:0s left)
Optimizing NNI: done in 0.000231028 secs using 99.99% CPU
Optimizing NNI: done in 0.000230074 secs using 99.97% CPU
Optimizing NNI: done in 0.000236034 secs using 98.71% CPU
Optimizing NNI: done in 0.000224829 secs using 100.1% CPU
Optimizing NNI: done in 0.000227928 secs using 100% CPU
Optimizing NNI: done in 0.000226021 secs using 99.99% CPU
Optimizing NNI: done in 0.000228882 secs using 100.5% CPU
Optimizing NNI: done in 0.00022912 secs using 100.4% CPU
Optimizing NNI: done in 0.000228882 secs using 100.5% CPU
Optimizing NNI: done in 0.000227928 secs using 100% CPU
Iteration 530 / LogL: -296.049 / Time: 0h:0m:1s (0h:0m:0s left)
Optimizing NNI: done in 0.000230074 secs using 99.97% CPU
Optimizing NNI: done in 0.000227928 secs using 99.59% CPU
Optimizing NNI: done in 0.000227928 secs using 100% CPU
Optimizing NNI: done in 0.000226974 secs using 99.57% CPU
Optimizing NNI: done in 0.000227213 secs using 99.91% CPU
Optimizing NNI: done in 0.000226021 secs using 99.99% CPU
Optimizing NNI: done in 0.000226021 secs using 99.99% CPU
Optimizing NNI: done in 0.000223875 secs using 100.1% CPU
Optimizing NNI: done in 0.000230074 secs using 99.97% CPU
Optimizing NNI: done in 0.000222921 secs using 100.5% CPU
Iteration 540 / LogL: -296.049 / Time: 0h:0m:1s (0h:0m:0s left)
Optimizing NNI: done in 0.000228882 secs using 99.61% CPU
Optimizing NNI: done in 0.000230074 secs using 99.97% CPU
Optimizing NNI: done in 0.000230789 secs using 100.1% CPU
Optimizing NNI: done in 0.000230074 secs using 99.97% CPU
Optimizing NNI: done in 0.000225067 secs using 99.97% CPU
Optimizing NNI: done in 0.000227928 secs using 99.59% CPU
Optimizing NNI: done in 0.000229836 secs using 100.5% CPU
Optimizing NNI: done in 0.000230074 secs using 99.97% CPU
Optimizing NNI: done in 0.000229836 secs using 100.1% CPU
Optimizing NNI: done in 0.000234127 secs using 99.95% CPU
Iteration 550 / LogL: -296.049 / Time: 0h:0m:1s (0h:0m:0s left)
Log-likelihood cutoff on original alignment: -296.049
Optimizing NNI: done in 0.000233173 secs using 99.93% CPU
Optimizing NNI: done in 0.000226021 secs using 99.99% CPU
Optimizing NNI: done in 0.000226974 secs using 100% CPU
Optimizing NNI: done in 0.000226021 secs using 99.55% CPU
Optimizing NNI: done in 0.000226974 secs using 100% CPU
Optimizing NNI: done in 0.000226974 secs using 100% CPU
Optimizing NNI: done in 0.00022912 secs using 99.95% CPU
Optimizing NNI: done in 0.000224113 secs using 99.95% CPU
Optimizing NNI: done in 0.000226021 secs using 99.99% CPU
Optimizing NNI: done in 0.000223875 secs using 100.1% CPU
Iteration 560 / LogL: -296.049 / Time: 0h:0m:1s (0h:0m:0s left)
Optimizing NNI: done in 0.000227928 secs using 99.59% CPU
Optimizing NNI: done in 0.000230074 secs using 99.97% CPU
Optimizing NNI: done in 0.000226021 secs using 100.4% CPU
Optimizing NNI: done in 0.000228167 secs using 99.93% CPU
Optimizing NNI: done in 0.000228167 secs using 99.49% CPU
Optimizing NNI: done in 0.00022912 secs using 99.95% CPU
Optimizing NNI: done in 0.000228882 secs using 100.1% CPU
Optimizing NNI: done in 0.00022912 secs using 99.95% CPU
Optimizing NNI: done in 0.000231028 secs using 99.56% CPU
Optimizing NNI: done in 0.000228882 secs using 100.1% CPU
Iteration 570 / LogL: -296.049 / Time: 0h:0m:1s (0h:0m:0s left)
Optimizing NNI: done in 0.000228167 secs using 99.93% CPU
Optimizing NNI: done in 0.000228882 secs using 100.1% CPU
Optimizing NNI: done in 0.000226974 secs using 100% CPU
Optimizing NNI: done in 0.000223875 secs using 100.1% CPU
Optimizing NNI: done in 0.000224113 secs using 99.95% CPU
Optimizing NNI: done in 0.000226021 secs using 99.99% CPU
Optimizing NNI: done in 0.000226974 secs using 100% CPU
Optimizing NNI: done in 0.000238895 secs using 98.79% CPU
Optimizing NNI: done in 0.000231981 secs using 100% CPU
Optimizing NNI: done in 0.000231028 secs using 99.56% CPU
Iteration 580 / LogL: -296.049 / Time: 0h:0m:1s (0h:0m:0s left)
Optimizing NNI: done in 0.000230074 secs using 100.4% CPU
Optimizing NNI: done in 0.000231028 secs using 99.99% CPU
Optimizing NNI: done in 0.000228882 secs using 100.5% CPU
Optimizing NNI: done in 0.000228882 secs using 100.1% CPU
Optimizing NNI: done in 0.00022912 secs using 99.95% CPU
Optimizing NNI: done in 0.000230074 secs using 100.4% CPU
Optimizing NNI: done in 0.000226974 secs using 100% CPU
Optimizing NNI: done in 0.000224113 secs using 99.95% CPU
Optimizing NNI: done in 0.000224829 secs using 99.63% CPU
Optimizing NNI: done in 0.000226021 secs using 99.99% CPU
Iteration 590 / LogL: -296.049 / Time: 0h:0m:1s (0h:0m:0s left)
Optimizing NNI: done in 0.000231981 secs using 99.58% CPU
Optimizing NNI: done in 0.000227928 secs using 100% CPU
Optimizing NNI: done in 0.000230074 secs using 100.4% CPU
Optimizing NNI: done in 0.000234127 secs using 99.95% CPU
Optimizing NNI: done in 0.000230074 secs using 99.97% CPU
Optimizing NNI: done in 0.000227928 secs using 100% CPU
Optimizing NNI: done in 0.000228882 secs using 100.1% CPU
Optimizing NNI: done in 0.00022912 secs using 99.95% CPU
Optimizing NNI: done in 0.000228167 secs using 99.93% CPU
Optimizing NNI: done in 0.000226974 secs using 100% CPU
Iteration 600 / LogL: -296.049 / Time: 0h:0m:1s (0h:0m:0s left)
Log-likelihood cutoff on original alignment: -296.049
NOTE: Bootstrap correlation coefficient of split occurrence frequencies: 0.658
NOTE: UFBoot does not converge, continue at least 100 more iterations
Optimizing NNI: done in 0.000244141 secs using 98.3% CPU
Optimizing NNI: done in 0.000226021 secs using 99.99% CPU
Optimizing NNI: done in 0.000227928 secs using 100% CPU
Optimizing NNI: done in 0.000228882 secs using 100.1% CPU
Optimizing NNI: done in 0.000228882 secs using 100.1% CPU
Optimizing NNI: done in 0.00022912 secs using 99.95% CPU
Optimizing NNI: done in 0.000228882 secs using 100.5% CPU
Optimizing NNI: done in 0.000228882 secs using 100.1% CPU
Optimizing NNI: done in 0.000228167 secs using 99.93% CPU
Optimizing NNI: done in 0.00022912 secs using 99.51% CPU
Iteration 610 / LogL: -296.049 / Time: 0h:0m:1s (0h:0m:0s left)
Optimizing NNI: done in 0.000227928 secs using 100% CPU
Optimizing NNI: done in 0.00022912 secs using 100.4% CPU
Optimizing NNI: done in 0.000224829 secs using 100.1% CPU
Optimizing NNI: done in 0.000226974 secs using 99.57% CPU
Optimizing NNI: done in 0.000227928 secs using 100% CPU
Optimizing NNI: done in 0.000228882 secs using 100.1% CPU
Optimizing NNI: done in 0.000230074 secs using 99.97% CPU
Optimizing NNI: done in 0.000227928 secs using 100% CPU
Optimizing NNI: done in 0.000226974 secs using 100% CPU
Optimizing NNI: done in 0.000223875 secs using 100.5% CPU
Iteration 620 / LogL: -296.049 / Time: 0h:0m:1s (0h:0m:0s left)
Optimizing NNI: done in 0.000226021 secs using 100.4% CPU
Optimizing NNI: done in 0.000226974 secs using 100% CPU
Optimizing NNI: done in 0.000225067 secs using 99.97% CPU
Optimizing NNI: done in 0.000225782 secs using 100.1% CPU
Optimizing NNI: done in 0.00022912 secs using 99.51% CPU
Optimizing NNI: done in 0.000226974 secs using 100% CPU
Optimizing NNI: done in 0.000226974 secs using 100% CPU
Optimizing NNI: done in 0.000227928 secs using 100% CPU
Optimizing NNI: done in 0.000235081 secs using 99.97% CPU
Optimizing NNI: done in 0.000227928 secs using 100% CPU
Iteration 630 / LogL: -296.049 / Time: 0h:0m:2s (0h:0m:0s left)
Optimizing NNI: done in 0.000228882 secs using 100.1% CPU
Optimizing NNI: done in 0.000226974 secs using 100% CPU
Optimizing NNI: done in 0.000225067 secs using 99.97% CPU
Optimizing NNI: done in 0.000222921 secs using 100% CPU
Optimizing NNI: done in 0.000226974 secs using 100% CPU
Optimizing NNI: done in 0.000227928 secs using 100% CPU
Optimizing NNI: done in 0.000227928 secs using 100% CPU
Optimizing NNI: done in 0.000228882 secs using 100.1% CPU
Optimizing NNI: done in 0.000230074 secs using 99.97% CPU
Optimizing NNI: done in 0.000227928 secs using 100.5% CPU
Iteration 640 / LogL: -296.049 / Time: 0h:0m:2s (0h:0m:0s left)
Optimizing NNI: done in 0.000226974 secs using 100% CPU
Optimizing NNI: done in 0.000226021 secs using 99.99% CPU
Optimizing NNI: done in 0.000226974 secs using 100% CPU
Optimizing NNI: done in 0.000226974 secs using 100% CPU
Optimizing NNI: done in 0.000224113 secs using 99.95% CPU
Optimizing NNI: done in 0.000226021 secs using 99.99% CPU
Optimizing NNI: done in 0.000225067 secs using 99.97% CPU
Optimizing NNI: done in 0.00022912 secs using 99.95% CPU
Optimizing NNI: done in 0.000226974 secs using 100% CPU
Optimizing NNI: done in 0.000230074 secs using 100.4% CPU
Iteration 650 / LogL: -296.049 / Time: 0h:0m:2s (0h:0m:0s left)
Log-likelihood cutoff on original alignment: -296.049
Optimizing NNI: done in 0.000236034 secs using 100.4% CPU
Optimizing NNI: done in 0.000239849 secs using 98.81% CPU
Optimizing NNI: done in 0.000231028 secs using 99.99% CPU
Optimizing NNI: done in 0.000229836 secs using 100.5% CPU
Optimizing NNI: done in 0.00022912 secs using 99.95% CPU
Optimizing NNI: done in 0.000226974 secs using 100% CPU
Optimizing NNI: done in 0.000226974 secs using 100% CPU
Optimizing NNI: done in 0.000236034 secs using 98.71% CPU
Optimizing NNI: done in 0.000224829 secs using 100.1% CPU
Optimizing NNI: done in 0.000225067 secs using 99.97% CPU
Iteration 660 / LogL: -296.049 / Time: 0h:0m:2s (0h:0m:0s left)
Optimizing NNI: done in 0.000226021 secs using 99.99% CPU
Optimizing NNI: done in 0.000226974 secs using 99.57% CPU
Optimizing NNI: done in 0.000230074 secs using 99.53% CPU
Optimizing NNI: done in 0.000231028 secs using 99.56% CPU
Optimizing NNI: done in 0.000230074 secs using 99.97% CPU
Optimizing NNI: done in 0.000229836 secs using 100.1% CPU
Optimizing NNI: done in 0.00022912 secs using 99.95% CPU
Optimizing NNI: done in 0.000227213 secs using 99.91% CPU
Optimizing NNI: done in 0.00022316 secs using 99.93% CPU
Optimizing NNI: done in 0.000224113 secs using 99.95% CPU
Iteration 670 / LogL: -296.049 / Time: 0h:0m:2s (0h:0m:0s left)
Optimizing NNI: done in 0.000226021 secs using 99.99% CPU
Optimizing NNI: done in 0.000226974 secs using 100% CPU
Optimizing NNI: done in 0.000227928 secs using 100% CPU
Optimizing NNI: done in 0.000227928 secs using 100.5% CPU
Optimizing NNI: done in 0.00022912 secs using 99.95% CPU
Optimizing NNI: done in 0.000230074 secs using 99.97% CPU
Optimizing NNI: done in 0.000231028 secs using 100.4% CPU
Optimizing NNI: done in 0.000230074 secs using 99.97% CPU
Optimizing NNI: done in 0.000231028 secs using 99.99% CPU
Optimizing NNI: done in 0.000226974 secs using 99.57% CPU
Iteration 680 / LogL: -296.049 / Time: 0h:0m:2s (0h:0m:0s left)
Optimizing NNI: done in 0.000223875 secs using 100.1% CPU
Optimizing NNI: done in 0.000221968 secs using 100.5% CPU
Optimizing NNI: done in 0.000222921 secs using 100% CPU
Optimizing NNI: done in 0.000225067 secs using 99.53% CPU
Optimizing NNI: done in 0.000222921 secs using 100% CPU
Optimizing NNI: done in 0.000223875 secs using 100.1% CPU
Optimizing NNI: done in 0.000224113 secs using 99.95% CPU
Optimizing NNI: done in 0.000224829 secs using 99.63% CPU
Optimizing NNI: done in 0.000226974 secs using 100% CPU
Optimizing NNI: done in 0.000230074 secs using 99.97% CPU
Iteration 690 / LogL: -296.049 / Time: 0h:0m:2s (0h:0m:0s left)
Optimizing NNI: done in 0.000231028 secs using 99.99% CPU
Optimizing NNI: done in 0.000227928 secs using 100% CPU
Optimizing NNI: done in 0.000226974 secs using 100% CPU
Optimizing NNI: done in 0.000223875 secs using 100.1% CPU
Optimizing NNI: done in 0.000225067 secs using 99.97% CPU
Optimizing NNI: done in 0.000224113 secs using 99.95% CPU
Optimizing NNI: done in 0.000223875 secs using 100.1% CPU
Optimizing NNI: done in 0.000231981 secs using 99.15% CPU
Optimizing NNI: done in 0.000222921 secs using 100.5% CPU
Optimizing NNI: done in 0.000226021 secs using 99.99% CPU
Iteration 700 / LogL: -296.049 / Time: 0h:0m:2s (0h:0m:0s left)
Log-likelihood cutoff on original alignment: -296.049
NOTE: Bootstrap correlation coefficient of split occurrence frequencies: 0.444
NOTE: UFBoot does not converge, continue at least 100 more iterations
Optimizing NNI: done in 0.000236034 secs using 99.99% CPU
Optimizing NNI: done in 0.000230789 secs using 100.1% CPU
Optimizing NNI: done in 0.00022912 secs using 99.95% CPU
Optimizing NNI: done in 0.00022912 secs using 100.4% CPU
Optimizing NNI: done in 0.00022912 secs using 99.95% CPU
Optimizing NNI: done in 0.00023818 secs using 99.08% CPU
Optimizing NNI: done in 0.000230074 secs using 99.97% CPU
Optimizing NNI: done in 0.000229836 secs using 99.64% CPU
Optimizing NNI: done in 0.000227928 secs using 100% CPU
Optimizing NNI: done in 0.000226974 secs using 100% CPU
Iteration 710 / LogL: -296.049 / Time: 0h:0m:2s (0h:0m:0s left)
Optimizing NNI: done in 0.000226974 secs using 100% CPU
Optimizing NNI: done in 0.000225782 secs using 99.65% CPU
Optimizing NNI: done in 0.000226974 secs using 100% CPU
Optimizing NNI: done in 0.000226974 secs using 100% CPU
Optimizing NNI: done in 0.000226974 secs using 99.57% CPU
Optimizing NNI: done in 0.000226974 secs using 100% CPU
Optimizing NNI: done in 0.000226974 secs using 100% CPU
Optimizing NNI: done in 0.000226974 secs using 99.57% CPU
Optimizing NNI: done in 0.000222921 secs using 100% CPU
Optimizing NNI: done in 0.000222921 secs using 100% CPU
Iteration 720 / LogL: -296.049 / Time: 0h:0m:2s (0h:0m:0s left)
Optimizing NNI: done in 0.000222921 secs using 100% CPU
Optimizing NNI: done in 0.000225067 secs using 99.97% CPU
Optimizing NNI: done in 0.000232935 secs using 100% CPU
Optimizing NNI: done in 0.000231028 secs using 99.56% CPU
Optimizing NNI: done in 0.000232935 secs using 100% CPU
Optimizing NNI: done in 0.000233173 secs using 99.93% CPU
Optimizing NNI: done in 0.000226021 secs using 99.99% CPU
Optimizing NNI: done in 0.000226021 secs using 99.99% CPU
Optimizing NNI: done in 0.000227928 secs using 100% CPU
Optimizing NNI: done in 0.000226021 secs using 99.99% CPU
Iteration 730 / LogL: -296.049 / Time: 0h:0m:2s (0h:0m:0s left)
Optimizing NNI: done in 0.000228882 secs using 100.1% CPU
Optimizing NNI: done in 0.000227928 secs using 100.5% CPU
Optimizing NNI: done in 0.00022912 secs using 99.95% CPU
Optimizing NNI: done in 0.000227928 secs using 99.59% CPU
Optimizing NNI: done in 0.000225067 secs using 99.97% CPU
Optimizing NNI: done in 0.000225067 secs using 99.97% CPU
Optimizing NNI: done in 0.000226021 secs using 99.99% CPU
Optimizing NNI: done in 0.000228882 secs using 100.1% CPU
Optimizing NNI: done in 0.000225067 secs using 99.97% CPU
Optimizing NNI: done in 0.000226021 secs using 99.99% CPU
Iteration 740 / LogL: -296.049 / Time: 0h:0m:2s (0h:0m:0s left)
Optimizing NNI: done in 0.000229836 secs using 99.64% CPU
Optimizing NNI: done in 0.000225067 secs using 99.97% CPU
Optimizing NNI: done in 0.000226974 secs using 99.57% CPU
Optimizing NNI: done in 0.000228167 secs using 99.93% CPU
Optimizing NNI: done in 0.00022912 secs using 99.95% CPU
Optimizing NNI: done in 0.00022912 secs using 99.95% CPU
Optimizing NNI: done in 0.000229836 secs using 100.1% CPU
Optimizing NNI: done in 0.000226974 secs using 100% CPU
Optimizing NNI: done in 0.000226021 secs using 99.99% CPU
Optimizing NNI: done in 0.000223875 secs using 100.1% CPU
Iteration 750 / LogL: -296.049 / Time: 0h:0m:2s (0h:0m:0s left)
Log-likelihood cutoff on original alignment: -296.049
Optimizing NNI: done in 0.000233173 secs using 99.93% CPU
Optimizing NNI: done in 0.000228882 secs using 100.1% CPU
Optimizing NNI: done in 0.000226021 secs using 99.99% CPU
Optimizing NNI: done in 0.000226021 secs using 99.99% CPU
Optimizing NNI: done in 0.000230074 secs using 99.53% CPU
Optimizing NNI: done in 0.000227928 secs using 100% CPU
Optimizing NNI: done in 0.000231028 secs using 99.56% CPU
Optimizing NNI: done in 0.000228882 secs using 100.1% CPU
Optimizing NNI: done in 0.000225067 secs using 99.97% CPU
Optimizing NNI: done in 0.000225782 secs using 100.1% CPU
Iteration 760 / LogL: -296.049 / Time: 0h:0m:2s (0h:0m:0s left)
Optimizing NNI: done in 0.000226021 secs using 99.99% CPU
Optimizing NNI: done in 0.000226974 secs using 100% CPU
Optimizing NNI: done in 0.00022912 secs using 99.95% CPU
Optimizing NNI: done in 0.000226021 secs using 99.99% CPU
Optimizing NNI: done in 0.00022316 secs using 99.93% CPU
Optimizing NNI: done in 0.000225067 secs using 99.53% CPU
Optimizing NNI: done in 0.000226974 secs using 100% CPU
Optimizing NNI: done in 0.000230074 secs using 99.53% CPU
Optimizing NNI: done in 0.000226974 secs using 99.57% CPU
Optimizing NNI: done in 0.000227928 secs using 100% CPU
Iteration 770 / LogL: -296.049 / Time: 0h:0m:2s (0h:0m:0s left)
Optimizing NNI: done in 0.000229836 secs using 100.1% CPU
Optimizing NNI: done in 0.000229836 secs using 99.64% CPU
Optimizing NNI: done in 0.00022912 secs using 99.95% CPU
Optimizing NNI: done in 0.000228167 secs using 99.93% CPU
Optimizing NNI: done in 0.000227928 secs using 100.5% CPU
Optimizing NNI: done in 0.000227928 secs using 100% CPU
Optimizing NNI: done in 0.000227928 secs using 100.5% CPU
Optimizing NNI: done in 0.000227213 secs using 99.91% CPU
Optimizing NNI: done in 0.000227213 secs using 99.91% CPU
Optimizing NNI: done in 0.000230074 secs using 99.97% CPU
Iteration 780 / LogL: -296.049 / Time: 0h:0m:2s (0h:0m:0s left)
Optimizing NNI: done in 0.000228167 secs using 99.49% CPU
Optimizing NNI: done in 0.000228882 secs using 100.5% CPU
Optimizing NNI: done in 0.000226974 secs using 99.57% CPU
Optimizing NNI: done in 0.000227928 secs using 99.59% CPU
Optimizing NNI: done in 0.000226974 secs using 99.57% CPU
Optimizing NNI: done in 0.000225067 secs using 99.97% CPU
Optimizing NNI: done in 0.000224829 secs using 100.1% CPU
Optimizing NNI: done in 0.000226974 secs using 99.57% CPU
Optimizing NNI: done in 0.000227928 secs using 100% CPU
Optimizing NNI: done in 0.000230074 secs using 99.53% CPU
Iteration 790 / LogL: -296.049 / Time: 0h:0m:2s (0h:0m:0s left)
Optimizing NNI: done in 0.000227928 secs using 100% CPU
Optimizing NNI: done in 0.000226974 secs using 99.57% CPU
Optimizing NNI: done in 0.000223875 secs using 100.1% CPU
Optimizing NNI: done in 0.000222921 secs using 100% CPU
Optimizing NNI: done in 0.000227928 secs using 100% CPU
Optimizing NNI: done in 0.000227928 secs using 100% CPU
Optimizing NNI: done in 0.000228882 secs using 100.1% CPU
Optimizing NNI: done in 0.000231028 secs using 99.56% CPU
Optimizing NNI: done in 0.000231028 secs using 100.4% CPU
Optimizing NNI: done in 0.000231981 secs using 99.58% CPU
Iteration 800 / LogL: -296.049 / Time: 0h:0m:2s (0h:0m:0s left)
Log-likelihood cutoff on original alignment: -296.049
NOTE: Bootstrap correlation coefficient of split occurrence frequencies: 0.729
NOTE: UFBoot does not converge, continue at least 100 more iterations
Optimizing NNI: done in 0.000228882 secs using 99.61% CPU
Optimizing NNI: done in 0.000224829 secs using 100.5% CPU
Optimizing NNI: done in 0.000227928 secs using 100% CPU
Optimizing NNI: done in 0.000231028 secs using 99.99% CPU
Optimizing NNI: done in 0.000229836 secs using 100.1% CPU
Optimizing NNI: done in 0.000229836 secs using 100.1% CPU
Optimizing NNI: done in 0.00022912 secs using 99.95% CPU
Optimizing NNI: done in 0.000226974 secs using 100% CPU
Optimizing NNI: done in 0.000226974 secs using 100% CPU
Optimizing NNI: done in 0.000227928 secs using 99.59% CPU
Iteration 810 / LogL: -296.049 / Time: 0h:0m:2s (0h:0m:0s left)
Optimizing NNI: done in 0.000226974 secs using 100.5% CPU
Optimizing NNI: done in 0.000228882 secs using 100.1% CPU
Optimizing NNI: done in 0.000230074 secs using 100.4% CPU
Optimizing NNI: done in 0.000226974 secs using 100.5% CPU
Optimizing NNI: done in 0.000230074 secs using 99.97% CPU
Optimizing NNI: done in 0.000226021 secs using 100.4% CPU
Optimizing NNI: done in 0.000225782 secs using 100.1% CPU
Optimizing NNI: done in 0.000228882 secs using 100.1% CPU
Optimizing NNI: done in 0.000228167 secs using 99.93% CPU
Optimizing NNI: done in 0.00022912 secs using 99.51% CPU
Iteration 820 / LogL: -296.049 / Time: 0h:0m:2s (0h:0m:0s left)
Optimizing NNI: done in 0.000227928 secs using 100% CPU
Optimizing NNI: done in 0.000226021 secs using 100.4% CPU
Optimizing NNI: done in 0.000227928 secs using 99.59% CPU
Optimizing NNI: done in 0.000224829 secs using 100.1% CPU
Optimizing NNI: done in 0.000225067 secs using 99.97% CPU
Optimizing NNI: done in 0.000224113 secs using 99.95% CPU
Optimizing NNI: done in 0.000225782 secs using 100.1% CPU
Optimizing NNI: done in 0.000225067 secs using 99.97% CPU
Optimizing NNI: done in 0.000223875 secs using 100.1% CPU
Optimizing NNI: done in 0.000226974 secs using 100% CPU
Iteration 830 / LogL: -296.049 / Time: 0h:0m:2s (0h:0m:0s left)
Optimizing NNI: done in 0.000226021 secs using 99.99% CPU
Optimizing NNI: done in 0.000227928 secs using 100% CPU
Optimizing NNI: done in 0.000231028 secs
Optimizing NNI: done in 0.000228882 secs using 99.61% CPU
Optimizing NNI: done in 0.000228882 secs using 99.61% CPU
Optimizing NNI: done in 0.000226974 secs using 100% CPU
Optimizing NNI: done in 0.000227928 secs using 99.59% CPU
Optimizing NNI: done in 0.000225067 secs using 100.4% CPU
Optimizing NNI: done in 0.000226021 secs using 99.55% CPU
Optimizing NNI: done in 0.000226974 secs using 100% CPU
Iteration 840 / LogL: -296.049 / Time: 0h:0m:2s (0h:0m:0s left)
Optimizing NNI: done in 0.000230789 secs using 99.66% CPU
Optimizing NNI: done in 0.000226974 secs using 99.57% CPU
Optimizing NNI: done in 0.000228167 secs using 99.93% CPU
Optimizing NNI: done in 0.00022912 secs using 100.4% CPU
Optimizing NNI: done in 0.000226974 secs using 99.57% CPU
Optimizing NNI: done in 0.000228882 secs using 100.1% CPU
Optimizing NNI: done in 0.000225067 secs using 100.4% CPU
Optimizing NNI: done in 0.000225067 secs using 99.53% CPU
Optimizing NNI: done in 0.000226021 secs using 100.4% CPU
Optimizing NNI: done in 0.000227213 secs using 99.91% CPU
Iteration 850 / LogL: -296.049 / Time: 0h:0m:2s (0h:0m:0s left)
Log-likelihood cutoff on original alignment: -296.049
Optimizing NNI: done in 0.000230074 secs using 99.97% CPU
Optimizing NNI: done in 0.000229836 secs using 100.1% CPU
Optimizing NNI: done in 0.000231981 secs using 100% CPU
Optimizing NNI: done in 0.000231028 secs using 99.99% CPU
Optimizing NNI: done in 0.000229836 secs using 100.1% CPU
Optimizing NNI: done in 0.000230074 secs using 100.4% CPU
Optimizing NNI: done in 0.000229836 secs using 99.64% CPU
Optimizing NNI: done in 0.000227928 secs using 100% CPU
Optimizing NNI: done in 0.000230074 secs using 99.97% CPU
Optimizing NNI: done in 0.000228882 secs using 100.1% CPU
Iteration 860 / LogL: -296.049 / Time: 0h:0m:2s (0h:0m:0s left)
Optimizing NNI: done in 0.000226974 secs using 100% CPU
Optimizing NNI: done in 0.000224829 secs using 100.1% CPU
Optimizing NNI: done in 0.000226021 secs using 99.99% CPU
Optimizing NNI: done in 0.000222921 secs using 100.5% CPU
Optimizing NNI: done in 0.000224113 secs using 99.5% CPU
Optimizing NNI: done in 0.000226974 secs using 99.57% CPU
Optimizing NNI: done in 0.000229836 secs using 100.1% CPU
Optimizing NNI: done in 0.000227928 secs using 100% CPU
Optimizing NNI: done in 0.000228882 secs using 100.5% CPU
Optimizing NNI: done in 0.000227928 secs using 100% CPU
Iteration 870 / LogL: -296.049 / Time: 0h:0m:2s (0h:0m:0s left)
Optimizing NNI: done in 0.000226021 secs using 99.99% CPU
Optimizing NNI: done in 0.000225067 secs using 99.53% CPU
Optimizing NNI: done in 0.000226021 secs using 99.55% CPU
Optimizing NNI: done in 0.000228882 secs using 100.1% CPU
Optimizing NNI: done in 0.000222921 secs using 100% CPU
Optimizing NNI: done in 0.000226021 secs using 99.99% CPU
Optimizing NNI: done in 0.000226974 secs using 99.57% CPU
Optimizing NNI: done in 0.000225067 secs using 99.97% CPU
Optimizing NNI: done in 0.000224829 secs using 100.1% CPU
Optimizing NNI: done in 0.000225782 secs using 100.1% CPU
Iteration 880 / LogL: -296.049 / Time: 0h:0m:2s (0h:0m:0s left)
Optimizing NNI: done in 0.000226974 secs using 100% CPU
Optimizing NNI: done in 0.000226021 secs using 99.99% CPU
Optimizing NNI: done in 0.000224113 secs using 99.5% CPU
Optimizing NNI: done in 0.000226021 secs using 100.4% CPU
Optimizing NNI: done in 0.000226021 secs using 99.99% CPU
Optimizing NNI: done in 0.000226021 secs using 99.99% CPU
Optimizing NNI: done in 0.000230074 secs using 99.53% CPU
Optimizing NNI: done in 0.000226974 secs using 100% CPU
Optimizing NNI: done in 0.00022912 secs using 99.95% CPU
Optimizing NNI: done in 0.00022912 secs using 99.95% CPU
Iteration 890 / LogL: -296.049 / Time: 0h:0m:2s (0h:0m:0s left)
Optimizing NNI: done in 0.000227928 secs using 100% CPU
Optimizing NNI: done in 0.000226974 secs using 99.57% CPU
Optimizing NNI: done in 0.000226021 secs using 99.99% CPU
Optimizing NNI: done in 0.000227928 secs using 99.59% CPU
Optimizing NNI: done in 0.000226021 secs using 99.99% CPU
Optimizing NNI: done in 0.000226974 secs using 100% CPU
Optimizing NNI: done in 0.000227928 secs using 100% CPU
Optimizing NNI: done in 0.000228882 secs using 99.61% CPU
Optimizing NNI: done in 0.000225067 secs using 99.97% CPU
Optimizing NNI: done in 0.000230074 secs using 99.53% CPU
Iteration 900 / LogL: -296.049 / Time: 0h:0m:2s (0h:0m:0s left)
Log-likelihood cutoff on original alignment: -296.049
NOTE: Bootstrap correlation coefficient of split occurrence frequencies: 0.493
NOTE: UFBoot does not converge, continue at least 100 more iterations
Optimizing NNI: done in 0.000231981 secs using 100% CPU
Optimizing NNI: done in 0.000226021 secs using 99.99% CPU
Optimizing NNI: done in 0.000226021 secs using 100.4% CPU
Optimizing NNI: done in 0.000228167 secs using 100.4% CPU
Optimizing NNI: done in 0.000228167 secs using 99.93% CPU
Optimizing NNI: done in 0.00022912 secs using 99.95% CPU
Optimizing NNI: done in 0.000230074 secs using 99.97% CPU
Optimizing NNI: done in 0.000227928 secs using 100% CPU
Optimizing NNI: done in 0.000227928 secs using 100.5% CPU
Optimizing NNI: done in 0.000226974 secs using 100.5% CPU
Iteration 910 / LogL: -296.049 / Time: 0h:0m:2s (0h:0m:0s left)
Optimizing NNI: done in 0.000228882 secs using 99.61% CPU
Optimizing NNI: done in 0.000227928 secs using 100% CPU
Optimizing NNI: done in 0.000227928 secs using 100% CPU
Optimizing NNI: done in 0.000228882 secs using 100.1% CPU
Optimizing NNI: done in 0.000230074 secs using 99.53% CPU
Optimizing NNI: done in 0.000233173 secs using 99.93% CPU
Optimizing NNI: done in 0.000227928 secs using 100% CPU
Optimizing NNI: done in 0.000224113 secs using 99.95% CPU
Optimizing NNI: done in 0.000224113 secs using 99.95% CPU
Optimizing NNI: done in 0.00022912 secs using 99.51% CPU
Iteration 920 / LogL: -296.049 / Time: 0h:0m:3s (0h:0m:0s left)
Optimizing NNI: done in 0.000230074 secs using 99.53% CPU
Optimizing NNI: done in 0.000228882 secs using 100.5% CPU
Optimizing NNI: done in 0.000228882 secs using 100.1% CPU
Optimizing NNI: done in 0.00022912 secs using 99.51% CPU
Optimizing NNI: done in 0.000227213 secs using 100.3% CPU
Optimizing NNI: done in 0.000226021 secs using 99.99% CPU
Optimizing NNI: done in 0.000226974 secs using 100% CPU
Optimizing NNI: done in 0.000226974 secs using 99.57% CPU
Optimizing NNI: done in 0.000227928 secs using 99.59% CPU
Optimizing NNI: done in 0.000226974 secs using 100% CPU
Iteration 930 / LogL: -296.049 / Time: 0h:0m:3s (0h:0m:0s left)
Optimizing NNI: done in 0.000229836 secs using 100.1% CPU
Optimizing NNI: done in 0.000227928 secs using 100% CPU
Optimizing NNI: done in 0.000227928 secs using 100% CPU
Optimizing NNI: done in 0.000226021 secs using 99.55% CPU
Optimizing NNI: done in 0.000224829 secs using 100.1% CPU
Optimizing NNI: done in 0.000226974 secs using 100% CPU
Optimizing NNI: done in 0.00022912 secs using 99.95% CPU
Optimizing NNI: done in 0.000229836 secs using 100.1% CPU
Optimizing NNI: done in 0.000230074 secs using 99.97% CPU
Optimizing NNI: done in 0.000226974 secs using 100% CPU
Iteration 940 / LogL: -296.049 / Time: 0h:0m:3s (0h:0m:0s left)
Optimizing NNI: done in 0.000225067 secs using 99.53% CPU
Optimizing NNI: done in 0.000228167 secs using 99.93% CPU
Optimizing NNI: done in 0.000229836 secs using 100.1% CPU
Optimizing NNI: done in 0.000232935 secs using 100% CPU
Optimizing NNI: done in 0.000230074 secs using 99.97% CPU
Optimizing NNI: done in 0.000228882 secs using 100.5% CPU
Optimizing NNI: done in 0.000227213 secs using 99.91% CPU
Optimizing NNI: done in 0.000226021 secs using 99.55% CPU
Optimizing NNI: done in 0.000225782 secs using 100.1% CPU
Optimizing NNI: done in 0.00022912 secs using 99.51% CPU
Iteration 950 / LogL: -296.049 / Time: 0h:0m:3s (0h:0m:0s left)
Log-likelihood cutoff on original alignment: -296.049
Optimizing NNI: done in 0.000228882 secs using 99.61% CPU
Optimizing NNI: done in 0.000223875 secs using 100.1% CPU
Optimizing NNI: done in 0.000224113 secs using 99.95% CPU
Optimizing NNI: done in 0.000224113 secs using 99.5% CPU
Optimizing NNI: done in 0.000223875 secs using 100.1% CPU
Optimizing NNI: done in 0.000225067 secs using 99.97% CPU
Optimizing NNI: done in 0.000225067 secs using 99.53% CPU
Optimizing NNI: done in 0.000225067 secs using 99.97% CPU
Optimizing NNI: done in 0.000227928 secs using 100% CPU
Optimizing NNI: done in 0.000230789 secs using 99.66% CPU
Iteration 960 / LogL: -296.049 / Time: 0h:0m:3s (0h:0m:0s left)
Optimizing NNI: done in 0.000231028 secs using 99.99% CPU
Optimizing NNI: done in 0.00022912 secs using 99.51% CPU
Optimizing NNI: done in 0.000228167 secs using 99.93% CPU
Optimizing NNI: done in 0.000226021 secs using 99.55% CPU
Optimizing NNI: done in 0.000228882 secs using 100.1% CPU
Optimizing NNI: done in 0.000228167 secs using 99.93% CPU
Optimizing NNI: done in 0.000226974 secs using 99.57% CPU
Optimizing NNI: done in 0.000230074 secs using 99.97% CPU
Optimizing NNI: done in 0.000226974 secs using 100.5% CPU
Optimizing NNI: done in 0.000226021 secs using 99.99% CPU
Iteration 970 / LogL: -296.049 / Time: 0h:0m:3s (0h:0m:0s left)
Optimizing NNI: done in 0.00022912 secs using 99.95% CPU
Optimizing NNI: done in 0.000227928 secs using 100% CPU
Optimizing NNI: done in 0.000230074 secs using 99.97% CPU
Optimizing NNI: done in 0.000232935 secs using 100% CPU
Optimizing NNI: done in 0.000228882 secs using 100.1% CPU
Optimizing NNI: done in 0.000227928 secs using 100.5% CPU
Optimizing NNI: done in 0.000227928 secs using 100% CPU
Optimizing NNI: done in 0.000226021 secs using 99.55% CPU
Optimizing NNI: done in 0.000223875 secs using 100.1% CPU
Optimizing NNI: done in 0.000228167 secs using 100.4% CPU
Iteration 980 / LogL: -296.049 / Time: 0h:0m:3s (0h:0m:0s left)
Optimizing NNI: done in 0.000226021 secs using 99.99% CPU
Optimizing NNI: done in 0.000226021 secs using 100.4% CPU
Optimizing NNI: done in 0.000225067 secs using 99.97% CPU
Optimizing NNI: done in 0.000228167 secs using 99.93% CPU
Optimizing NNI: done in 0.00022912 secs using 99.51% CPU
Optimizing NNI: done in 0.000227928 secs using 100% CPU
Optimizing NNI: done in 0.000238895 secs using 98.79% CPU
Optimizing NNI: done in 0.000230074 secs using 99.97% CPU
Optimizing NNI: done in 0.000226974 secs using 100% CPU
Optimizing NNI: done in 0.000226021 secs using 100.4% CPU
Iteration 990 / LogL: -296.049 / Time: 0h:0m:3s (0h:0m:0s left)
Optimizing NNI: done in 0.000226021 secs using 99.55% CPU
Optimizing NNI: done in 0.00022912 secs using 99.95% CPU
Optimizing NNI: done in 0.00022912 secs using 100.4% CPU
Optimizing NNI: done in 0.000232935 secs using 99.6% CPU
Optimizing NNI: done in 0.000230074 secs using 99.97% CPU
Optimizing NNI: done in 0.00022912 secs using 99.51% CPU
Optimizing NNI: done in 0.000228882 secs using 100.1% CPU
Optimizing NNI: done in 0.000229836 secs using 100.1% CPU
Optimizing NNI: done in 0.000228882 secs using 100.5% CPU
Optimizing NNI: done in 0.000229836 secs using 100.1% CPU
Iteration 1000 / LogL: -296.049 / Time: 0h:0m:3s (0h:0m:0s left)
Log-likelihood cutoff on original alignment: -296.049
NOTE: Bootstrap correlation coefficient of split occurrence frequencies: 0.855
NOTE: UFBoot does not converge, continue at least 100 more iterations
Optimizing NNI: done in 0.000234127 secs using 99.95% CPU
WARNING: bootstrap analysis did not converge. You should rerun with higher number of iterations (-nm option)
TREE SEARCH COMPLETED AFTER 1001 ITERATIONS / Time: 0h:0m:3s

--------------------------------------------------------------------
|                    FINALIZING TREE SEARCH                        |
--------------------------------------------------------------------
Performs final model parameters optimization
Estimate model parameters (epsilon = 0.010)
1. Initial log-likelihood: -296.049
Optimal log-likelihood: -296.049
Parameters optimization took 1 rounds (0.000 sec)
BEST SCORE FOUND : -296.049

Testing tree branches by SH-like aLRT with 1000 replicates...
0.005 sec.
Creating bootstrap support values...
Split supports printed to NEXUS file ../results/molecular_evolution_analyses/phylogenetic_trees/F98209_MLIG_G1/F98209_MLIG_G1.splits.nex
Total tree length: 0.000

Total number of iterations: 1001
CPU time used for tree search: 3.484 sec (0h:0m:3s)
Wall-clock time used for tree search: 3.301 sec (0h:0m:3s)
Total CPU time used: 3.507 sec (0h:0m:3s)
Total wall-clock time used: 3.323 sec (0h:0m:3s)

Computing bootstrap consensus tree...
Reading input file ../results/molecular_evolution_analyses/phylogenetic_trees/F98209_MLIG_G1/F98209_MLIG_G1.splits.nex...
5 taxa and 15 splits.
Consensus tree written to ../results/molecular_evolution_analyses/phylogenetic_trees/F98209_MLIG_G1/F98209_MLIG_G1.contree
Reading input trees file ../results/molecular_evolution_analyses/phylogenetic_trees/F98209_MLIG_G1/F98209_MLIG_G1.contree
Log-likelihood of consensus tree: -296.049

Analysis results written to: 
  IQ-TREE report:                ../results/molecular_evolution_analyses/phylogenetic_trees/F98209_MLIG_G1/F98209_MLIG_G1.iqtree
  Maximum-likelihood tree:       ../results/molecular_evolution_analyses/phylogenetic_trees/F98209_MLIG_G1/F98209_MLIG_G1.treefile
  Likelihood distances:          ../results/molecular_evolution_analyses/phylogenetic_trees/F98209_MLIG_G1/F98209_MLIG_G1.mldist

Ultrafast bootstrap approximation results written to:
  Split support values:          ../results/molecular_evolution_analyses/phylogenetic_trees/F98209_MLIG_G1/F98209_MLIG_G1.splits.nex
  Consensus tree:                ../results/molecular_evolution_analyses/phylogenetic_trees/F98209_MLIG_G1/F98209_MLIG_G1.contree
  Screen log file:               ../results/molecular_evolution_analyses/phylogenetic_trees/F98209_MLIG_G1/F98209_MLIG_G1.log

Date and Time: Wed May  1 10:41:43 2024
