IQ-TREE multicore version 2.2.2.6 COVID-edition for Linux 64-bit built May 27 2023
Developed by Bui Quang Minh, James Barbetti, Nguyen Lam Tung,
Olga Chernomor, Heiko Schmidt, Dominik Schrempf, Michael Woodhams, Ly Trong Nhan.

Host:    lbc5 (AVX2, FMA3, 125 GB RAM)
Command: /home/mauricio/mauricio_PROGRAMAS/iqtree-2.2.2.6-Linux/bin/iqtree2 -s ../results/molecular_evolution_analyses/alignments_gblocks/F58983_HDIM_G1/F58983_HDIM_G1.aln.gblo -m TEST --threads-max 32 --alrt 1000 --ufboot 1000 --prefix ../results/molecular_evolution_analyses/phylogenetic_trees/F58983_HDIM_G1/F58983_HDIM_G1 -keep-ident -redo
Seed:    595669 (Using SPRNG - Scalable Parallel Random Number Generator)
Time:    Wed May  1 12:32:54 2024
Kernel:  AVX+FMA - 1 threads (32 CPU cores detected)

HINT: Use -nt option to specify number of threads because your CPU has 32 cores!
HINT: -nt AUTO will automatically determine the best number of threads to use.

Reading alignment file ../results/molecular_evolution_analyses/alignments_gblocks/F58983_HDIM_G1/F58983_HDIM_G1.aln.gblo ... Fasta format detected
Reading fasta file: done in 8.89301e-05 secs using 98.95% CPU
Alignment most likely contains protein sequences
Constructing alignment: done in 0.000384092 secs using 99.98% CPU
Alignment has 7 sequences with 338 columns, 238 distinct patterns
72 parsimony-informative, 158 singleton sites, 108 constant sites
            Gap/Ambiguity  Composition  p-value
Analyzing sequences: done in 1.19209e-05 secs using 100.7% CPU
   1  Hdim.9280     0.00%    passed     78.58%
   2  Hdim.12435    0.00%    passed     98.29%
   3  Hdim.12441    0.00%    passed     50.26%
   4  Hdim.9337     0.00%    passed    100.00%
   5  Hdim.9338     0.00%    passed    100.00%
   6  Hdim.12420    0.00%    passed    100.00%
   7  Hdim.12498    0.00%    passed    100.00%
****  TOTAL         0.00%  0 sequences failed composition chi2 test (p-value<5%; df=19)


Create initial parsimony tree by phylogenetic likelihood library (PLL)... 0.000 seconds
Perform fast likelihood tree search using LG+I+G model...
Estimate model parameters (epsilon = 5.000)
Perform nearest neighbor interchange...
Optimizing NNI: done in 0.016335 secs using 99.96% CPU
Estimate model parameters (epsilon = 1.000)
1. Initial log-likelihood: -2789.782
Optimal log-likelihood: -2789.588
Proportion of invariable sites: 0.130
Gamma shape alpha: 1.345
Parameters optimization took 1 rounds (0.008 sec)
Time for fast ML tree search: 0.047 seconds

NOTE: ModelFinder requires 2 MB RAM!
ModelFinder will test up to 224 protein models (sample size: 338) ...
 No. Model         -LnL         df  AIC          AICc         BIC
  1  LG            2832.400     11  5686.800     5687.610     5728.853
  2  LG+I          2803.417     12  5630.835     5631.795     5676.711
  3  LG+G4         2788.050     12  5600.100     5601.060     5645.977
  4  LG+I+G4       2789.096     13  5604.192     5605.316     5653.892
  7  LG+F+G4       2779.660     31  5621.320     5627.803     5739.834
  8  LG+F+I+G4     2780.763     32  5625.526     5632.451     5747.864
 11  WAG+G4        2797.191     12  5618.382     5619.342     5664.259
 12  WAG+I+G4      2797.644     13  5621.289     5622.412     5670.988
 15  WAG+F+G4      2779.953     31  5621.906     5628.390     5740.420
 16  WAG+F+I+G4    2780.527     32  5625.053     5631.978     5747.391
 19  JTT+G4        2790.063     12  5604.125     5605.085     5650.002
 20  JTT+I+G4      2790.903     13  5607.807     5608.930     5657.507
 23  JTT+F+G4      2778.168     31  5618.337     5624.820     5736.851
 24  JTT+F+I+G4    2779.047     32  5622.094     5629.019     5744.432
WARNING: Normalizing state frequencies so that sum of them equals to 1
 27  Q.pfam+G4     2793.285     12  5610.571     5611.531     5656.447
WARNING: Normalizing state frequencies so that sum of them equals to 1
 28  Q.pfam+I+G4   2794.303     13  5614.605     5615.729     5664.305
WARNING: Normalizing state frequencies so that sum of them equals to 1
 31  Q.pfam+F+G4   2781.154     31  5624.309     5630.793     5742.823
WARNING: Normalizing state frequencies so that sum of them equals to 1
 32  Q.pfam+F+I+G4 2782.178     32  5628.356     5635.281     5750.694
WARNING: Normalizing state frequencies so that sum of them equals to 1
 35  Q.bird+G4     2805.525     12  5635.050     5636.010     5680.926
WARNING: Normalizing state frequencies so that sum of them equals to 1
 36  Q.bird+I+G4   2806.487     13  5638.974     5640.098     5688.674
WARNING: Normalizing state frequencies so that sum of them equals to 1
 39  Q.bird+F+G4   2793.216     31  5648.431     5654.915     5766.946
WARNING: Normalizing state frequencies so that sum of them equals to 1
 40  Q.bird+F+I+G4 2794.263     32  5652.527     5659.451     5774.864
WARNING: Normalizing state frequencies so that sum of them equals to 1
 43  Q.mammal+G4   2806.424     12  5636.847     5637.807     5682.724
WARNING: Normalizing state frequencies so that sum of them equals to 1
 44  Q.mammal+I+G4 2807.448     13  5640.896     5642.019     5690.595
WARNING: Normalizing state frequencies so that sum of them equals to 1
 47  Q.mammal+F+G4 2791.515     31  5645.030     5651.514     5763.545
WARNING: Normalizing state frequencies so that sum of them equals to 1
 48  Q.mammal+F+I+G4 2792.591     32  5649.183     5656.107     5771.520
 51  Q.insect+G4   2791.641     12  5607.282     5608.242     5653.158
 52  Q.insect+I+G4 2792.707     13  5611.413     5612.537     5661.113
 55  Q.insect+F+G4 2789.334     31  5640.668     5647.152     5759.183
 56  Q.insect+F+I+G4 2790.416     32  5644.831     5651.756     5767.169
WARNING: Normalizing state frequencies so that sum of them equals to 1
 59  Q.plant+G4    2782.566     12  5589.132     5590.092     5635.009
WARNING: Normalizing state frequencies so that sum of them equals to 1
 60  Q.plant+I+G4  2783.578     13  5593.156     5594.280     5642.856
WARNING: Normalizing state frequencies so that sum of them equals to 1
 63  Q.plant+F+G4  2775.509     31  5613.018     5619.502     5731.533
WARNING: Normalizing state frequencies so that sum of them equals to 1
 64  Q.plant+F+I+G4 2776.523     32  5617.045     5623.970     5739.383
WARNING: Normalizing state frequencies so that sum of them equals to 1
 67  Q.yeast+G4    2792.616     12  5609.233     5610.193     5655.109
WARNING: Normalizing state frequencies so that sum of them equals to 1
 68  Q.yeast+I+G4  2793.641     13  5613.283     5614.406     5662.983
WARNING: Normalizing state frequencies so that sum of them equals to 1
 71  Q.yeast+F+G4  2783.854     31  5629.707     5636.191     5748.222
WARNING: Normalizing state frequencies so that sum of them equals to 1
 72  Q.yeast+F+I+G4 2784.909     32  5633.818     5640.742     5756.155
 75  JTTDCMut+G4   2789.747     12  5603.494     5604.454     5649.370
 76  JTTDCMut+I+G4 2790.587     13  5607.174     5608.297     5656.873
 79  JTTDCMut+F+G4 2777.663     31  5617.325     5623.809     5735.840
 80  JTTDCMut+F+I+G4 2778.541     32  5621.083     5628.007     5743.420
 83  DCMut+G4      2809.439     12  5642.878     5643.838     5688.755
 84  DCMut+I+G4    2810.281     13  5646.563     5647.686     5696.262
 87  DCMut+F+G4    2786.587     31  5635.174     5641.658     5753.688
 88  DCMut+F+I+G4  2787.368     32  5638.737     5645.661     5761.074
 91  VT+G4         2792.399     12  5608.797     5609.757     5654.674
 92  VT+I+G4       2792.615     13  5611.229     5612.353     5660.929
 95  VT+F+G4       2782.436     31  5626.871     5633.355     5745.386
 96  VT+F+I+G4     2782.721     32  5629.442     5636.366     5751.779
 99  PMB+G4        2809.092     12  5642.185     5643.145     5688.061
100  PMB+I+G4      2809.163     13  5644.327     5645.450     5694.026
103  PMB+F+G4      2798.359     31  5658.718     5665.202     5777.233
104  PMB+F+I+G4    2798.524     32  5661.048     5667.973     5783.385
107  Blosum62+G4   2807.302     12  5638.605     5639.565     5684.481
108  Blosum62+I+G4 2807.813     13  5641.626     5642.749     5691.325
111  Blosum62+F+G4 2797.222     31  5656.443     5662.927     5774.958
112  Blosum62+F+I+G4 2797.716     32  5659.431     5666.356     5781.769
115  Dayhoff+G4    2809.333     12  5642.665     5643.625     5688.542
116  Dayhoff+I+G4  2810.181     13  5646.363     5647.486     5696.062
119  Dayhoff+F+G4  2786.455     31  5634.910     5641.394     5753.425
120  Dayhoff+F+I+G4 2787.240     32  5638.481     5645.406     5760.818
123  mtREV+G4      2923.466     12  5870.932     5871.892     5916.808
124  mtREV+I+G4    2924.547     13  5875.094     5876.218     5924.794
127  mtREV+F+G4    2797.454     31  5656.907     5663.391     5775.422
128  mtREV+F+I+G4  2798.498     32  5660.996     5667.921     5783.334
131  mtART+G4      2951.944     12  5927.887     5928.847     5973.764
132  mtART+I+G4    2953.205     13  5932.410     5933.534     5982.110
135  mtART+F+G4    2823.478     31  5708.957     5715.440     5827.471
136  mtART+F+I+G4  2824.762     32  5713.524     5720.448     5835.861
139  mtZOA+G4      2914.106     12  5852.212     5853.172     5898.089
140  mtZOA+I+G4    2915.275     13  5856.550     5857.674     5906.250
143  mtZOA+F+G4    2804.113     31  5670.226     5676.710     5788.741
144  mtZOA+F+I+G4  2805.348     32  5674.696     5681.621     5797.034
147  mtMet+G4      2918.213     12  5860.426     5861.386     5906.302
148  mtMet+I+G4    2919.399     13  5864.799     5865.922     5914.499
151  mtMet+F+G4    2802.102     31  5666.204     5672.688     5784.718
152  mtMet+F+I+G4  2803.196     32  5670.393     5677.317     5792.730
155  mtVer+G4      2939.407     12  5902.814     5903.774     5948.691
156  mtVer+I+G4    2940.589     13  5907.178     5908.302     5956.878
159  mtVer+F+G4    2814.393     31  5690.787     5697.271     5809.301
160  mtVer+F+I+G4  2815.527     32  5695.054     5701.979     5817.392
163  mtInv+G4      2946.357     12  5916.715     5917.675     5962.591
164  mtInv+I+G4    2947.488     13  5920.976     5922.100     5970.676
167  mtInv+F+G4    2796.578     31  5655.156     5661.640     5773.671
168  mtInv+F+I+G4  2797.704     32  5659.408     5666.333     5781.746
171  mtMAM+G4      2939.730     12  5903.460     5904.420     5949.337
172  mtMAM+I+G4    2940.999     13  5907.999     5909.122     5957.698
175  mtMAM+F+G4    2818.322     31  5698.645     5705.128     5817.159
176  mtMAM+F+I+G4  2819.625     32  5703.250     5710.175     5825.588
WARNING: Normalizing state frequencies so that sum of them equals to 1
179  FLAVI+G4      2842.768     12  5709.537     5710.497     5755.413
WARNING: Normalizing state frequencies so that sum of them equals to 1
180  FLAVI+I+G4    2843.821     13  5713.641     5714.765     5763.341
WARNING: Normalizing state frequencies so that sum of them equals to 1
183  FLAVI+F+G4    2811.537     31  5685.074     5691.558     5803.589
WARNING: Normalizing state frequencies so that sum of them equals to 1
184  FLAVI+F+I+G4  2812.671     32  5689.342     5696.266     5811.679
187  HIVb+G4       2810.152     12  5644.304     5645.264     5690.181
188  HIVb+I+G4     2810.688     13  5647.377     5648.500     5697.076
191  HIVb+F+G4     2784.581     31  5631.161     5637.645     5749.676
192  HIVb+F+I+G4   2785.229     32  5634.459     5641.383     5756.796
195  HIVw+G4       2865.547     12  5755.093     5756.053     5800.970
196  HIVw+I+G4     2866.307     13  5758.614     5759.737     5808.313
199  HIVw+F+G4     2817.309     31  5696.617     5703.101     5815.131
200  HIVw+F+I+G4   2818.148     32  5700.296     5707.221     5822.633
203  FLU+G4        2808.733     12  5641.466     5642.426     5687.343
204  FLU+I+G4      2809.609     13  5645.219     5646.342     5694.919
207  FLU+F+G4      2791.593     31  5645.185     5651.669     5763.700
208  FLU+F+I+G4    2792.545     32  5649.089     5656.014     5771.427
211  rtREV+G4      2818.729     12  5661.457     5662.417     5707.334
212  rtREV+I+G4    2819.746     13  5665.492     5666.616     5715.192
215  rtREV+F+G4    2787.079     31  5636.159     5642.642     5754.673
216  rtREV+F+I+G4  2788.088     32  5640.176     5647.100     5762.513
219  cpREV+G4      2793.372     12  5610.745     5611.705     5656.621
220  cpREV+I+G4    2793.939     13  5613.879     5615.002     5663.579
223  cpREV+F+G4    2776.531     31  5615.062     5621.546     5733.577
224  cpREV+F+I+G4  2777.141     32  5618.283     5625.207     5740.620
Akaike Information Criterion:           Q.plant+G4
Corrected Akaike Information Criterion: Q.plant+G4
Bayesian Information Criterion:         Q.plant+G4
Best-fit model: Q.plant+G4 chosen according to BIC

All model information printed to ../results/molecular_evolution_analyses/phylogenetic_trees/F58983_HDIM_G1/F58983_HDIM_G1.model.gz
CPU time for ModelFinder: 4.026 seconds (0h:0m:4s)
Wall-clock time for ModelFinder: 4.031 seconds (0h:0m:4s)
Generating 1000 samples for ultrafast bootstrap (seed: 595669)...
WARNING: Normalizing state frequencies so that sum of them equals to 1

NOTE: 2 MB RAM (0 GB) is required!
Estimate model parameters (epsilon = 0.100)
1. Initial log-likelihood: -2782.566
Optimal log-likelihood: -2782.566
Gamma shape alpha: 0.706
Parameters optimization took 1 rounds (0.007 sec)
Wrote distance file to... 
Computing ML distances based on estimated model parameters...
Calculating distance matrix: done in 0.00196195 secs using 99.59% CPU
Computing ML distances took 0.001993 sec (of wall-clock time) 0.001986 sec (of CPU time)
Setting up auxiliary I and S matrices: done in 3.8147e-05 secs using 96.99% CPU
Constructing RapidNJ tree: done in 2.7895e-05 secs using 100.4% CPU
Computing RapidNJ tree took 0.000119 sec (of wall-clock time) 0.000118 sec (of CPU time)
Log-likelihood of RapidNJ tree: -2782.565
--------------------------------------------------------------------
|             INITIALIZING CANDIDATE TREE SET                      |
--------------------------------------------------------------------
Generating 98 parsimony trees... 0.024 second
Computing log-likelihood of 57 initial trees ... 0.113 seconds
Current best score: -2782.565

Do NNI search on 20 best initial trees
Optimizing NNI: done in 0.0086062 secs using 199.9% CPU
Estimate model parameters (epsilon = 0.100)
BETTER TREE FOUND at iteration 1: -2782.565
Optimizing NNI: done in 0.00869203 secs using 200% CPU
Optimizing NNI: done in 0.042881 secs using 157.2% CPU
Optimizing NNI: done in 0.042892 secs using 99.97% CPU
Optimizing NNI: done in 0.042999 secs using 99.97% CPU
Optimizing NNI: done in 0.0431249 secs using 99.97% CPU
Optimizing NNI: done in 0.0434999 secs using 99.96% CPU
Optimizing NNI: done in 0.043004 secs using 99.98% CPU
Optimizing NNI: done in 0.0433769 secs using 99.98% CPU
Optimizing NNI: done in 0.0433228 secs using 99.98% CPU
Iteration 10 / LogL: -2782.565 / Time: 0h:0m:0s
Optimizing NNI: done in 0.042978 secs using 99.97% CPU
Optimizing NNI: done in 0.0427461 secs using 99.97% CPU
Optimizing NNI: done in 0.0430739 secs using 99.98% CPU
Optimizing NNI: done in 0.0429111 secs using 99.98% CPU
Optimizing NNI: done in 0.026051 secs using 99.97% CPU
Optimizing NNI: done in 0.0257552 secs using 99.97% CPU
Optimizing NNI: done in 0.026165 secs using 99.97% CPU
Optimizing NNI: done in 0.025799 secs using 99.98% CPU
Optimizing NNI: done in 0.0259781 secs using 99.97% CPU
Optimizing NNI: done in 0.0260432 secs using 99.98% CPU
Iteration 20 / LogL: -2782.565 / Time: 0h:0m:0s
Finish initializing candidate tree set (13)
Current best tree score: -2782.565 / CPU time: 0.848
Number of iterations: 20
--------------------------------------------------------------------
|               OPTIMIZING CANDIDATE TREE SET                      |
--------------------------------------------------------------------
Optimizing NNI: done in 0.00695705 secs using 99.94% CPU
Optimizing NNI: done in 0.03426 secs using 99.96% CPU
Optimizing NNI: done in 0.00695705 secs using 100% CPU
Optimizing NNI: done in 0.00684404 secs using 100% CPU
Optimizing NNI: done in 0.00686979 secs using 99.96% CPU
Optimizing NNI: done in 0.0343761 secs using 99.98% CPU
Optimizing NNI: done in 0.00697708 secs using 99.96% CPU
Optimizing NNI: done in 0.00678205 secs using 99.95% CPU
Optimizing NNI: done in 0.00679803 secs using 99.96% CPU
Optimizing NNI: done in 0.0154102 secs using 99.97% CPU
Iteration 30 / LogL: -2782.565 / Time: 0h:0m:1s (0h:0m:2s left)
Optimizing NNI: done in 0.0506179 secs using 99.97% CPU
Optimizing NNI: done in 0.0152462 secs using 99.98% CPU
Optimizing NNI: done in 0.0339868 secs using 99.98% CPU
Optimizing NNI: done in 0.00686312 secs using 100% CPU
Optimizing NNI: done in 0.00678301 secs using 100% CPU
Optimizing NNI: done in 0.016084 secs using 99.98% CPU
Optimizing NNI: done in 0.0342672 secs using 99.98% CPU
Optimizing NNI: done in 0.00694203 secs using 99.96% CPU
Optimizing NNI: done in 0.0509629 secs using 99.97% CPU
Optimizing NNI: done in 0.00680995 secs using 100% CPU
Iteration 40 / LogL: -2782.565 / Time: 0h:0m:1s (0h:0m:2s left)
Optimizing NNI: done in 0.00693893 secs using 99.94% CPU
Optimizing NNI: done in 0.00683308 secs using 99.97% CPU
Optimizing NNI: done in 0.0341961 secs using 99.98% CPU
Optimizing NNI: done in 0.014936 secs using 99.98% CPU
UPDATE BEST LOG-LIKELIHOOD: -2782.565
Optimizing NNI: done in 0.015305 secs using 99.98% CPU
Optimizing NNI: done in 0.0506079 secs using 99.98% CPU
Optimizing NNI: done in 0.0340328 secs using 99.98% CPU
Optimizing NNI: done in 0.0153959 secs using 99.96% CPU
Optimizing NNI: done in 0.0509551 secs using 99.97% CPU
Optimizing NNI: done in 0.033709 secs using 99.98% CPU
Iteration 50 / LogL: -2782.565 / Time: 0h:0m:1s (0h:0m:1s left)
Log-likelihood cutoff on original alignment: -2784.894
Optimizing NNI: done in 0.0343292 secs using 99.96% CPU
Optimizing NNI: done in 0.034343 secs using 99.98% CPU
Optimizing NNI: done in 0.01509 secs using 99.97% CPU
Optimizing NNI: done in 0.00842404 secs using 99.99% CPU
Optimizing NNI: done in 0.00686312 secs using 100% CPU
Optimizing NNI: done in 0.0341809 secs using 99.97% CPU
Optimizing NNI: done in 0.034308 secs using 99.97% CPU
Optimizing NNI: done in 0.0340919 secs using 99.97% CPU
Optimizing NNI: done in 0.00840998 secs using 100% CPU
Optimizing NNI: done in 0.017343 secs using 99.98% CPU
Iteration 60 / LogL: -2782.565 / Time: 0h:0m:1s (0h:0m:1s left)
Optimizing NNI: done in 0.00853705 secs using 99.94% CPU
Optimizing NNI: done in 0.01531 secs using 99.99% CPU
Optimizing NNI: done in 0.0340009 secs using 99.97% CPU
Optimizing NNI: done in 0.00845504 secs using 99.95% CPU
Optimizing NNI: done in 0.0340061 secs using 99.97% CPU
Optimizing NNI: done in 0.0343089 secs using 99.96% CPU
Optimizing NNI: done in 0.015384 secs using 99.99% CPU
Optimizing NNI: done in 0.00844002 secs using 100% CPU
Optimizing NNI: done in 0.050808 secs using 99.97% CPU
Optimizing NNI: done in 0.015105 secs using 99.97% CPU
Iteration 70 / LogL: -2782.565 / Time: 0h:0m:2s (0h:0m:0s left)
Optimizing NNI: done in 0.0170979 secs using 99.97% CPU
Optimizing NNI: done in 0.00826812 secs using 99.95% CPU
Optimizing NNI: done in 0.00849199 secs using 99.96% CPU
Optimizing NNI: done in 0.0342391 secs using 99.96% CPU
Optimizing NNI: done in 0.0427279 secs using 99.98% CPU
Optimizing NNI: done in 0.00851393 secs using 99.95% CPU
Optimizing NNI: done in 0.0506032 secs using 99.96% CPU
Optimizing NNI: done in 0.0347612 secs using 99.97% CPU
Optimizing NNI: done in 0.0510452 secs using 99.97% CPU
Optimizing NNI: done in 0.034169 secs using 99.98% CPU
Iteration 80 / LogL: -2782.565 / Time: 0h:0m:2s (0h:0m:0s left)
Optimizing NNI: done in 0.0512102 secs using 99.98% CPU
Optimizing NNI: done in 0.0149651 secs using 99.98% CPU
Optimizing NNI: done in 0.0507889 secs using 99.98% CPU
Optimizing NNI: done in 0.0171101 secs using 99.99% CPU
Optimizing NNI: done in 0.015394 secs using 99.95% CPU
Optimizing NNI: done in 0.0338838 secs using 99.96% CPU
Optimizing NNI: done in 0.00837207 secs using 99.96% CPU
Optimizing NNI: done in 0.00851798 secs using 99.97% CPU
Optimizing NNI: done in 0.042645 secs using 99.97% CPU
Optimizing NNI: done in 0.00832701 secs using 99.95% CPU
Iteration 90 / LogL: -2782.565 / Time: 0h:0m:2s (0h:0m:0s left)
Optimizing NNI: done in 0.033962 secs using 99.98% CPU
Optimizing NNI: done in 0.0154021 secs using 99.96% CPU
Optimizing NNI: done in 0.0254109 secs using 99.98% CPU
Optimizing NNI: done in 0.017261 secs using 99.98% CPU
Optimizing NNI: done in 0.0507011 secs using 99.97% CPU
Optimizing NNI: done in 0.034272 secs using 99.98% CPU
Optimizing NNI: done in 0.0170939 secs using 99.98% CPU
Optimizing NNI: done in 0.017247 secs using 99.98% CPU
Optimizing NNI: done in 0.050554 secs using 99.97% CPU
Optimizing NNI: done in 0.0154238 secs using 99.96% CPU
Iteration 100 / LogL: -2782.565 / Time: 0h:0m:3s (0h:0m:0s left)
Log-likelihood cutoff on original alignment: -2784.894
NOTE: Bootstrap correlation coefficient of split occurrence frequencies: 0.978
NOTE: UFBoot does not converge, continue at least 100 more iterations
Optimizing NNI: done in 0.0343029 secs using 99.97% CPU
Optimizing NNI: done in 0.00839305 secs using 100% CPU
Optimizing NNI: done in 0.0341349 secs using 99.97% CPU
Optimizing NNI: done in 0.0507541 secs using 99.97% CPU
Optimizing NNI: done in 0.0150318 secs using 99.98% CPU
Optimizing NNI: done in 0.017297 secs using 99.97% CPU
Optimizing NNI: done in 0.015146 secs using 99.98% CPU
Optimizing NNI: done in 0.00828791 secs using 99.96% CPU
Optimizing NNI: done in 0.00854707 secs using 99.95% CPU
Optimizing NNI: done in 0.0340662 secs using 99.97% CPU
Iteration 110 / LogL: -2782.565 / Time: 0h:0m:3s (0h:0m:2s left)
Optimizing NNI: done in 0.00843287 secs using 99.95% CPU
Optimizing NNI: done in 0.050523 secs using 99.97% CPU
Optimizing NNI: done in 0.050786 secs using 99.97% CPU
Optimizing NNI: done in 0.017283 secs using 99.98% CPU
Optimizing NNI: done in 0.033705 secs using 99.98% CPU
Optimizing NNI: done in 0.050184 secs using 99.98% CPU
Optimizing NNI: done in 0.0154018 secs using 99.97% CPU
Optimizing NNI: done in 0.00831985 secs using 99.97% CPU
Optimizing NNI: done in 0.00862885 secs using 99.97% CPU
Optimizing NNI: done in 0.0344112 secs using 99.97% CPU
Iteration 120 / LogL: -2782.565 / Time: 0h:0m:3s (0h:0m:2s left)
Optimizing NNI: done in 0.00837612 secs using 99.96% CPU
Optimizing NNI: done in 0.0155542 secs using 99.98% CPU
Optimizing NNI: done in 0.0173721 secs using 99.96% CPU
Optimizing NNI: done in 0.0172191 secs using 99.98% CPU
Optimizing NNI: done in 0.00842094 secs using 99.97% CPU
Optimizing NNI: done in 0.0153041 secs using 99.97% CPU
Optimizing NNI: done in 0.017107 secs using 99.98% CPU
Optimizing NNI: done in 0.0151069 secs using 99.96% CPU
Optimizing NNI: done in 0.00834513 secs using 99.97% CPU
Optimizing NNI: done in 0.0337169 secs using 99.98% CPU
Iteration 130 / LogL: -2782.565 / Time: 0h:0m:3s (0h:0m:2s left)
Optimizing NNI: done in 0.0176289 secs using 99.98% CPU
Optimizing NNI: done in 0.015214 secs using 99.99% CPU
Optimizing NNI: done in 0.00845909 secs using 99.98% CPU
Optimizing NNI: done in 0.0245121 secs using 99.98% CPU
Optimizing NNI: done in 0.0172129 secs using 99.97% CPU
Optimizing NNI: done in 0.00849414 secs using 99.95% CPU
Optimizing NNI: done in 0.025223 secs using 99.96% CPU
Optimizing NNI: done in 0.0509131 secs using 99.97% CPU
Optimizing NNI: done in 0.00836492 secs using 99.98% CPU
Optimizing NNI: done in 0.00833893 secs using 99.98% CPU
Iteration 140 / LogL: -2782.565 / Time: 0h:0m:4s (0h:0m:1s left)
Optimizing NNI: done in 0.0507622 secs using 99.98% CPU
Optimizing NNI: done in 0.0341909 secs using 99.97% CPU
Optimizing NNI: done in 0.0508618 secs using 99.97% CPU
Optimizing NNI: done in 0.00841308 secs using 99.94% CPU
Optimizing NNI: done in 0.0341709 secs using 99.98% CPU
Optimizing NNI: done in 0.034066 secs using 99.98% CPU
Optimizing NNI: done in 0.00850391 secs using 99.97% CPU
Optimizing NNI: done in 0.0505362 secs using 99.97% CPU
Optimizing NNI: done in 0.0150981 secs using 99.99% CPU
Optimizing NNI: done in 0.0503669 secs using 99.97% CPU
Iteration 150 / LogL: -2782.566 / Time: 0h:0m:4s (0h:0m:1s left)
Log-likelihood cutoff on original alignment: -2784.894
Optimizing NNI: done in 0.050647 secs using 99.97% CPU
Optimizing NNI: done in 0.015157 secs using 99.96% CPU
Optimizing NNI: done in 0.00849319 secs using 99.97% CPU
Optimizing NNI: done in 0.0151579 secs using 99.98% CPU
Optimizing NNI: done in 0.00847888 secs using 99.99% CPU
Optimizing NNI: done in 0.042233 secs using 99.98% CPU
Optimizing NNI: done in 0.0151548 secs using 99.99% CPU
Optimizing NNI: done in 0.0152819 secs using 99.98% CPU
Optimizing NNI: done in 0.034651 secs using 99.96% CPU
Optimizing NNI: done in 0.00838304 secs using 99.98% CPU
Iteration 160 / LogL: -2782.565 / Time: 0h:0m:4s (0h:0m:1s left)
Optimizing NNI: done in 0.00836205 secs using 99.96% CPU
Optimizing NNI: done in 0.00852203 secs using 99.96% CPU
Optimizing NNI: done in 0.015249 secs using 99.99% CPU
Optimizing NNI: done in 0.00841713 secs using 99.96% CPU
Optimizing NNI: done in 0.0337229 secs using 99.97% CPU
Optimizing NNI: done in 0.0339711 secs using 99.98% CPU
Optimizing NNI: done in 0.0150201 secs using 99.98% CPU
Optimizing NNI: done in 0.00836802 secs using 100% CPU
Optimizing NNI: done in 0.050499 secs using 99.98% CPU
Optimizing NNI: done in 0.0173571 secs using 99.97% CPU
Iteration 170 / LogL: -2782.565 / Time: 0h:0m:4s (0h:0m:0s left)
Optimizing NNI: done in 0.0339708 secs using 99.98% CPU
Optimizing NNI: done in 0.042558 secs using 99.98% CPU
Optimizing NNI: done in 0.00843096 secs using 99.99% CPU
Optimizing NNI: done in 0.015393 secs using 99.97% CPU
Optimizing NNI: done in 0.0170648 secs using 99.98% CPU
Optimizing NNI: done in 0.0335109 secs using 99.97% CPU
Optimizing NNI: done in 0.00847697 secs using 99.99% CPU
Optimizing NNI: done in 0.0342638 secs using 99.98% CPU
Optimizing NNI: done in 0.015799 secs using 99.97% CPU
Optimizing NNI: done in 0.0342879 secs using 99.98% CPU
Iteration 180 / LogL: -2782.566 / Time: 0h:0m:5s (0h:0m:0s left)
Optimizing NNI: done in 0.0421741 secs using 99.97% CPU
Optimizing NNI: done in 0.00840902 secs using 99.95% CPU
Optimizing NNI: done in 0.033772 secs using 99.97% CPU
Optimizing NNI: done in 0.0152409 secs using 99.95% CPU
Optimizing NNI: done in 0.00834799 secs using 99.98% CPU
Optimizing NNI: done in 0.00829911 secs using 99.97% CPU
Optimizing NNI: done in 0.008358 secs using 99.96% CPU
Optimizing NNI: done in 0.00831509 secs using 99.96% CPU
Optimizing NNI: done in 0.0340941 secs using 99.98% CPU
Optimizing NNI: done in 0.017499 secs using 99.98% CPU
Iteration 190 / LogL: -2782.565 / Time: 0h:0m:5s (0h:0m:0s left)
Optimizing NNI: done in 0.0254478 secs using 99.98% CPU
Optimizing NNI: done in 0.025326 secs using 99.98% CPU
Optimizing NNI: done in 0.015234 secs using 99.97% CPU
Optimizing NNI: done in 0.0172791 secs using 99.96% CPU
Optimizing NNI: done in 0.0151451 secs using 99.98% CPU
Optimizing NNI: done in 0.0177071 secs using 99.96% CPU
Optimizing NNI: done in 0.0507429 secs using 99.97% CPU
Optimizing NNI: done in 0.0151999 secs using 99.98% CPU
Optimizing NNI: done in 0.0172119 secs using 99.97% CPU
Optimizing NNI: done in 0.00828695 secs using 99.96% CPU
Iteration 200 / LogL: -2782.565 / Time: 0h:0m:5s (0h:0m:0s left)
Log-likelihood cutoff on original alignment: -2784.894
NOTE: Bootstrap correlation coefficient of split occurrence frequencies: 0.986
NOTE: UFBoot does not converge, continue at least 100 more iterations
Optimizing NNI: done in 0.00859094 secs using 99.93% CPU
Optimizing NNI: done in 0.0084002 secs using 100% CPU
Optimizing NNI: done in 0.017092 secs using 99.96% CPU
Optimizing NNI: done in 0.0340309 secs using 99.98% CPU
Optimizing NNI: done in 0.017086 secs using 99.96% CPU
Optimizing NNI: done in 0.00854301 secs using 99.96% CPU
Optimizing NNI: done in 0.050436 secs using 99.97% CPU
Optimizing NNI: done in 0.015244 secs using 99.99% CPU
Optimizing NNI: done in 0.0343521 secs using 99.96% CPU
Optimizing NNI: done in 0.0426149 secs using 99.97% CPU
Iteration 210 / LogL: -2782.566 / Time: 0h:0m:5s (0h:0m:2s left)
Optimizing NNI: done in 0.0339851 secs using 99.98% CPU
Optimizing NNI: done in 0.050735 secs using 99.97% CPU
Optimizing NNI: done in 0.00855398 secs using 99.97% CPU
Optimizing NNI: done in 0.00828719 secs using 99.96% CPU
Optimizing NNI: done in 0.0170212 secs using 99.97% CPU
Optimizing NNI: done in 0.00842309 secs using 99.96% CPU
Optimizing NNI: done in 0.052969 secs using 99.96% CPU
Optimizing NNI: done in 0.015254 secs using 99.98% CPU
Optimizing NNI: done in 0.00823998 secs using 100% CPU
Optimizing NNI: done in 0.0151811 secs using 99.97% CPU
Iteration 220 / LogL: -2782.565 / Time: 0h:0m:6s (0h:0m:2s left)
Optimizing NNI: done in 0.015353 secs using 99.99% CPU
Optimizing NNI: done in 0.00839615 secs using 99.96% CPU
Optimizing NNI: done in 0.015327 secs using 99.96% CPU
Optimizing NNI: done in 0.00848198 secs using 99.96% CPU
Optimizing NNI: done in 0.03423 secs using 99.98% CPU
Optimizing NNI: done in 0.0172169 secs using 99.97% CPU
Optimizing NNI: done in 0.00839686 secs using 99.97% CPU
Optimizing NNI: done in 0.015758 secs using 99.96% CPU
Optimizing NNI: done in 0.034035 secs using 99.97% CPU
Optimizing NNI: done in 0.00829983 secs using 99.97% CPU
Iteration 230 / LogL: -2782.565 / Time: 0h:0m:6s (0h:0m:1s left)
Optimizing NNI: done in 0.0084219 secs using 99.97% CPU
Optimizing NNI: done in 0.00849485 secs using 99.98% CPU
Optimizing NNI: done in 0.0346582 secs using 99.98% CPU
Optimizing NNI: done in 0.00843596 secs using 99.96% CPU
Optimizing NNI: done in 0.0151079 secs using 99.96% CPU
Optimizing NNI: done in 0.0153451 secs using 99.96% CPU
Optimizing NNI: done in 0.00833893 secs using 100% CPU
Optimizing NNI: done in 0.0151989 secs using 99.96% CPU
Optimizing NNI: done in 0.0507078 secs using 99.97% CPU
Optimizing NNI: done in 0.01513 secs using 99.98% CPU
Iteration 240 / LogL: -2782.565 / Time: 0h:0m:6s (0h:0m:1s left)
Optimizing NNI: done in 0.034184 secs using 99.97% CPU
Optimizing NNI: done in 0.0155618 secs using 99.98% CPU
Optimizing NNI: done in 0.0508802 secs using 99.97% CPU
Optimizing NNI: done in 0.00846696 secs using 99.98% CPU
Optimizing NNI: done in 0.00855517 secs using 99.96% CPU
Optimizing NNI: done in 0.033895 secs using 99.97% CPU
Optimizing NNI: done in 0.0084939 secs using 100% CPU
Optimizing NNI: done in 0.050771 secs using 99.98% CPU
Optimizing NNI: done in 0.015358 secs using 99.97% CPU
Optimizing NNI: done in 0.015135 secs using 99.98% CPU
Iteration 250 / LogL: -2782.565 / Time: 0h:0m:6s (0h:0m:1s left)
Log-likelihood cutoff on original alignment: -2784.894
Optimizing NNI: done in 0.0344381 secs using 99.96% CPU
Optimizing NNI: done in 0.0154381 secs using 99.97% CPU
Optimizing NNI: done in 0.00844693 secs using 100% CPU
Optimizing NNI: done in 0.03409 secs using 99.98% CPU
Optimizing NNI: done in 0.034523 secs using 99.97% CPU
Optimizing NNI: done in 0.017108 secs using 99.97% CPU
Optimizing NNI: done in 0.0150499 secs using 99.97% CPU
Optimizing NNI: done in 0.00842786 secs using 99.94% CPU
Optimizing NNI: done in 0.0342491 secs using 99.97% CPU
Optimizing NNI: done in 0.015095 secs using 99.97% CPU
Iteration 260 / LogL: -2782.565 / Time: 0h:0m:7s (0h:0m:1s left)
Optimizing NNI: done in 0.0341501 secs using 99.96% CPU
Optimizing NNI: done in 0.015486 secs using 99.96% CPU
Optimizing NNI: done in 0.0170081 secs using 99.96% CPU
Optimizing NNI: done in 0.00842595 secs using 100% CPU
Optimizing NNI: done in 0.015265 secs using 99.97% CPU
Optimizing NNI: done in 0.0340159 secs using 99.97% CPU
Optimizing NNI: done in 0.0255542 secs using 99.96% CPU
Optimizing NNI: done in 0.008286 secs using 99.94% CPU
Optimizing NNI: done in 0.00837421 secs using 99.95% CPU
Optimizing NNI: done in 0.017204 secs using 99.95% CPU
Iteration 270 / LogL: -2782.565 / Time: 0h:0m:7s (0h:0m:0s left)
Optimizing NNI: done in 0.0175362 secs using 99.96% CPU
Optimizing NNI: done in 0.00846601 secs using 99.95% CPU
Optimizing NNI: done in 0.015419 secs using 99.97% CPU
Optimizing NNI: done in 0.0340841 secs using 99.97% CPU
Optimizing NNI: done in 0.050761 secs using 99.97% CPU
Optimizing NNI: done in 0.0169649 secs using 99.97% CPU
Optimizing NNI: done in 0.00841093 secs using 100% CPU
Optimizing NNI: done in 0.00836992 secs using 99.99% CPU
Optimizing NNI: done in 0.0171728 secs using 99.98% CPU
Optimizing NNI: done in 0.033946 secs using 99.97% CPU
Iteration 280 / LogL: -2782.566 / Time: 0h:0m:7s (0h:0m:0s left)
Optimizing NNI: done in 0.016968 secs using 99.97% CPU
Optimizing NNI: done in 0.0157881 secs using 99.96% CPU
Optimizing NNI: done in 0.0149989 secs using 99.96% CPU
Optimizing NNI: done in 0.00861883 secs using 99.97% CPU
Optimizing NNI: done in 0.00861001 secs using 99.95% CPU
Optimizing NNI: done in 0.0149291 secs using 99.96% CPU
Optimizing NNI: done in 0.00842381 secs using 99.95% CPU
Optimizing NNI: done in 0.00855303 secs using 99.96% CPU
Optimizing NNI: done in 0.00840783 secs using 100% CPU
Optimizing NNI: done in 0.0157621 secs using 99.99% CPU
Iteration 290 / LogL: -2782.565 / Time: 0h:0m:7s (0h:0m:0s left)
Optimizing NNI: done in 0.00830197 secs using 99.96% CPU
Optimizing NNI: done in 0.00832915 secs using 99.96% CPU
Optimizing NNI: done in 0.00861096 secs using 99.95% CPU
Optimizing NNI: done in 0.00839496 secs using 99.96% CPU
Optimizing NNI: done in 0.0153701 secs using 99.96% CPU
Optimizing NNI: done in 0.0169971 secs using 99.96% CPU
Optimizing NNI: done in 0.0084908 secs using 100% CPU
Optimizing NNI: done in 0.00849009 secs using 100% CPU
Optimizing NNI: done in 0.0171771 secs using 99.98% CPU
Optimizing NNI: done in 0.0342221 secs using 99.97% CPU
Iteration 300 / LogL: -2782.565 / Time: 0h:0m:7s (0h:0m:0s left)
Log-likelihood cutoff on original alignment: -2784.894
NOTE: Bootstrap correlation coefficient of split occurrence frequencies: 0.960
NOTE: UFBoot does not converge, continue at least 100 more iterations
Optimizing NNI: done in 0.008461 secs using 99.94% CPU
Optimizing NNI: done in 0.0339971 secs using 99.96% CPU
Optimizing NNI: done in 0.00854397 secs using 99.95% CPU
Optimizing NNI: done in 0.015456 secs using 99.98% CPU
Optimizing NNI: done in 0.017122 secs using 99.96% CPU
Optimizing NNI: done in 0.0345428 secs using 99.97% CPU
Optimizing NNI: done in 0.00840497 secs using 99.95% CPU
Optimizing NNI: done in 0.0085299 secs using 100% CPU
Optimizing NNI: done in 0.0172129 secs using 99.98% CPU
Optimizing NNI: done in 0.00847697 secs using 100% CPU
Iteration 310 / LogL: -2782.565 / Time: 0h:0m:8s (0h:0m:2s left)
Optimizing NNI: done in 0.0338051 secs using 99.98% CPU
Optimizing NNI: done in 0.00841808 secs using 99.95% CPU
Optimizing NNI: done in 0.0158062 secs using 99.97% CPU
Optimizing NNI: done in 0.0174379 secs using 99.97% CPU
Optimizing NNI: done in 0.00843 secs using 99.95% CPU
Optimizing NNI: done in 0.0154068 secs using 99.96% CPU
Optimizing NNI: done in 0.00832891 secs using 99.95% CPU
Optimizing NNI: done in 0.0246179 secs using 99.96% CPU
Optimizing NNI: done in 0.015403 secs using 99.96% CPU
Optimizing NNI: done in 0.0338302 secs using 99.98% CPU
Iteration 320 / LogL: -2782.565 / Time: 0h:0m:8s (0h:0m:2s left)
Optimizing NNI: done in 0.0507998 secs using 99.97% CPU
Optimizing NNI: done in 0.034271 secs using 99.97% CPU
Optimizing NNI: done in 0.00850296 secs using 99.97% CPU
Optimizing NNI: done in 0.0158212 secs using 99.96% CPU
Optimizing NNI: done in 0.015615 secs using 99.98% CPU
Optimizing NNI: done in 0.015425 secs using 99.98% CPU
Optimizing NNI: done in 0.00841093 secs using 100% CPU
Optimizing NNI: done in 0.0152831 secs using 99.98% CPU
Optimizing NNI: done in 0.0340331 secs using 99.98% CPU
Optimizing NNI: done in 0.01703 secs using 99.96% CPU
Iteration 330 / LogL: -2782.565 / Time: 0h:0m:8s (0h:0m:1s left)
Optimizing NNI: done in 0.00846791 secs using 99.95% CPU
Optimizing NNI: done in 0.0342209 secs using 99.97% CPU
Optimizing NNI: done in 0.0152581 secs using 99.96% CPU
Optimizing NNI: done in 0.0154679 secs using 99.96% CPU
Optimizing NNI: done in 0.0338712 secs using 99.97% CPU
Optimizing NNI: done in 0.0169451 secs using 99.96% CPU
Optimizing NNI: done in 0.00841594 secs using 100% CPU
Optimizing NNI: done in 0.0340359 secs using 99.98% CPU
Optimizing NNI: done in 0.015522 secs using 99.96% CPU
Optimizing NNI: done in 0.017509 secs using 99.98% CPU
Iteration 340 / LogL: -2782.565 / Time: 0h:0m:8s (0h:0m:1s left)
Optimizing NNI: done in 0.0254469 secs using 99.98% CPU
Optimizing NNI: done in 0.0150511 secs using 99.97% CPU
Optimizing NNI: done in 0.0155509 secs using 99.96% CPU
Optimizing NNI: done in 0.033685 secs using 99.97% CPU
Optimizing NNI: done in 0.0154512 secs using 99.98% CPU
Optimizing NNI: done in 0.0151629 secs using 99.97% CPU
Optimizing NNI: done in 0.0348239 secs using 99.97% CPU
Optimizing NNI: done in 0.00841594 secs using 100% CPU
Optimizing NNI: done in 0.0155611 secs using 99.98% CPU
Optimizing NNI: done in 0.0151989 secs using 99.97% CPU
Iteration 350 / LogL: -2782.565 / Time: 0h:0m:9s (0h:0m:1s left)
Log-likelihood cutoff on original alignment: -2784.894
Optimizing NNI: done in 0.0512261 secs using 99.96% CPU
Optimizing NNI: done in 0.0173321 secs using 99.95% CPU
Optimizing NNI: done in 0.0171371 secs using 99.96% CPU
Optimizing NNI: done in 0.00830913 secs using 99.96% CPU
Optimizing NNI: done in 0.00830007 secs using 99.96% CPU
Optimizing NNI: done in 0.0158639 secs using 99.96% CPU
Optimizing NNI: done in 0.0151789 secs using 99.96% CPU
Optimizing NNI: done in 0.015229 secs using 99.97% CPU
Optimizing NNI: done in 0.0170701 secs using 99.98% CPU
Optimizing NNI: done in 0.00846195 secs using 99.98% CPU
Iteration 360 / LogL: -2782.565 / Time: 0h:0m:9s (0h:0m:1s left)
Optimizing NNI: done in 0.0507078 secs using 99.97% CPU
Optimizing NNI: done in 0.0152869 secs using 99.99% CPU
Optimizing NNI: done in 0.050528 secs using 99.96% CPU
Optimizing NNI: done in 0.0172591 secs using 99.98% CPU
Optimizing NNI: done in 0.0152941 secs using 99.98% CPU
Optimizing NNI: done in 0.0342698 secs using 99.98% CPU
Optimizing NNI: done in 0.0507069 secs using 99.97% CPU
Optimizing NNI: done in 0.0154011 secs using 99.97% CPU
Optimizing NNI: done in 0.00837708 secs using 99.95% CPU
Optimizing NNI: done in 0.016824 secs using 99.98% CPU
Iteration 370 / LogL: -2782.565 / Time: 0h:0m:9s (0h:0m:0s left)
Optimizing NNI: done in 0.0085659 secs using 99.98% CPU
Optimizing NNI: done in 0.0086329 secs using 99.97% CPU
Optimizing NNI: done in 0.00831413 secs using 99.96% CPU
Optimizing NNI: done in 0.0506341 secs using 99.97% CPU
Optimizing NNI: done in 0.0339851 secs using 99.98% CPU
Optimizing NNI: done in 0.00826287 secs using 100% CPU
Optimizing NNI: done in 0.00836301 secs using 99.99% CPU
Optimizing NNI: done in 0.0507858 secs using 99.98% CPU
Optimizing NNI: done in 0.015238 secs using 99.97% CPU
Optimizing NNI: done in 0.016974 secs using 99.98% CPU
Iteration 380 / LogL: -2782.565 / Time: 0h:0m:9s (0h:0m:0s left)
Optimizing NNI: done in 0.033602 secs using 99.98% CPU
Optimizing NNI: done in 0.042959 secs using 99.97% CPU
Optimizing NNI: done in 0.00847483 secs using 99.97% CPU
Optimizing NNI: done in 0.00846386 secs using 99.97% CPU
Optimizing NNI: done in 0.016923 secs using 99.96% CPU
Optimizing NNI: done in 0.015162 secs using 99.96% CPU
Optimizing NNI: done in 0.033963 secs using 99.97% CPU
Optimizing NNI: done in 0.033859 secs using 99.97% CPU
Optimizing NNI: done in 0.0084281 secs using 99.94% CPU
Optimizing NNI: done in 0.00844979 secs using 99.98% CPU
Iteration 390 / LogL: -2782.565 / Time: 0h:0m:10s (0h:0m:0s left)
Optimizing NNI: done in 0.0344069 secs using 99.97% CPU
Optimizing NNI: done in 0.015043 secs using 99.98% CPU
Optimizing NNI: done in 0.00846386 secs using 99.98% CPU
Optimizing NNI: done in 0.0244491 secs using 99.98% CPU
Optimizing NNI: done in 0.0172229 secs using 99.98% CPU
Optimizing NNI: done in 0.00841498 secs using 100% CPU
Optimizing NNI: done in 0.0506349 secs using 99.97% CPU
Optimizing NNI: done in 0.0342648 secs using 99.97% CPU
Optimizing NNI: done in 0.0084312 secs using 100% CPU
Optimizing NNI: done in 0.015415 secs using 99.98% CPU
Iteration 400 / LogL: -2782.565 / Time: 0h:0m:10s (0h:0m:0s left)
Log-likelihood cutoff on original alignment: -2784.894
NOTE: Bootstrap correlation coefficient of split occurrence frequencies: 0.992
TREE SEARCH COMPLETED AFTER 400 ITERATIONS / Time: 0h:0m:10s

--------------------------------------------------------------------
|                    FINALIZING TREE SEARCH                        |
--------------------------------------------------------------------
Performs final model parameters optimization
Estimate model parameters (epsilon = 0.010)
1. Initial log-likelihood: -2782.565
Optimal log-likelihood: -2782.565
Gamma shape alpha: 0.706
Parameters optimization took 1 rounds (0.006 sec)
BEST SCORE FOUND : -2782.565

Testing tree branches by SH-like aLRT with 1000 replicates...
0.036 sec.
Creating bootstrap support values...
Split supports printed to NEXUS file ../results/molecular_evolution_analyses/phylogenetic_trees/F58983_HDIM_G1/F58983_HDIM_G1.splits.nex
Total tree length: 3.019

Total number of iterations: 400
CPU time used for tree search: 10.486 sec (0h:0m:10s)
Wall-clock time used for tree search: 10.306 sec (0h:0m:10s)
Total CPU time used: 10.574 sec (0h:0m:10s)
Total wall-clock time used: 10.389 sec (0h:0m:10s)

Computing bootstrap consensus tree...
Reading input file ../results/molecular_evolution_analyses/phylogenetic_trees/F58983_HDIM_G1/F58983_HDIM_G1.splits.nex...
7 taxa and 21 splits.
Consensus tree written to ../results/molecular_evolution_analyses/phylogenetic_trees/F58983_HDIM_G1/F58983_HDIM_G1.contree
Reading input trees file ../results/molecular_evolution_analyses/phylogenetic_trees/F58983_HDIM_G1/F58983_HDIM_G1.contree
Log-likelihood of consensus tree: -2782.568

Analysis results written to: 
  IQ-TREE report:                ../results/molecular_evolution_analyses/phylogenetic_trees/F58983_HDIM_G1/F58983_HDIM_G1.iqtree
  Maximum-likelihood tree:       ../results/molecular_evolution_analyses/phylogenetic_trees/F58983_HDIM_G1/F58983_HDIM_G1.treefile
  Likelihood distances:          ../results/molecular_evolution_analyses/phylogenetic_trees/F58983_HDIM_G1/F58983_HDIM_G1.mldist

Ultrafast bootstrap approximation results written to:
  Split support values:          ../results/molecular_evolution_analyses/phylogenetic_trees/F58983_HDIM_G1/F58983_HDIM_G1.splits.nex
  Consensus tree:                ../results/molecular_evolution_analyses/phylogenetic_trees/F58983_HDIM_G1/F58983_HDIM_G1.contree
  Screen log file:               ../results/molecular_evolution_analyses/phylogenetic_trees/F58983_HDIM_G1/F58983_HDIM_G1.log

Date and Time: Wed May  1 12:33:09 2024
