IQ-TREE multicore version 2.2.2.6 COVID-edition for Linux 64-bit built May 27 2023
Developed by Bui Quang Minh, James Barbetti, Nguyen Lam Tung,
Olga Chernomor, Heiko Schmidt, Dominik Schrempf, Michael Woodhams, Ly Trong Nhan.

Host:    lbc5 (AVX2, FMA3, 125 GB RAM)
Command: /home/mauricio/mauricio_PROGRAMAS/iqtree-2.2.2.6-Linux/bin/iqtree2 -s ../results/molecular_evolution_analyses/alignments_gblocks/F4167_MLIG_G1/F4167_MLIG_G1.aln.gblo -m TEST --threads-max 32 --alrt 1000 --ufboot 1000 --prefix ../results/molecular_evolution_analyses/phylogenetic_trees/F4167_MLIG_G1/F4167_MLIG_G1 -keep-ident -redo
Seed:    915595 (Using SPRNG - Scalable Parallel Random Number Generator)
Time:    Wed May  1 09:28:02 2024
Kernel:  AVX+FMA - 1 threads (32 CPU cores detected)

HINT: Use -nt option to specify number of threads because your CPU has 32 cores!
HINT: -nt AUTO will automatically determine the best number of threads to use.

Reading alignment file ../results/molecular_evolution_analyses/alignments_gblocks/F4167_MLIG_G1/F4167_MLIG_G1.aln.gblo ... Fasta format detected
Reading fasta file: done in 0.000252008 secs using 99.6% CPU
Alignment most likely contains protein sequences
Constructing alignment: done in 0.00130987 secs using 100% CPU
Alignment has 7 sequences with 1324 columns, 485 distinct patterns
700 parsimony-informative, 3 singleton sites, 621 constant sites
            Gap/Ambiguity  Composition  p-value
Analyzing sequences: done in 1.71661e-05 secs using 99.03% CPU
   1  Mlig.2219     0.00%    passed     96.81%
   2  Mlig.2220     0.00%    passed     98.04%
   3  Mlig.23939    0.00%    passed     10.89%
   4  Mlig.43076    0.00%    passed     10.89%
   5  Mlig.46934    0.00%    passed     34.67%
   6  Mlig.2984     0.00%    passed     33.24%
   7  Mlig.40736    0.00%    passed     33.15%
****  TOTAL         0.00%  0 sequences failed composition chi2 test (p-value<5%; df=19)


Create initial parsimony tree by phylogenetic likelihood library (PLL)... 0.000 seconds
Perform fast likelihood tree search using LG+I+G model...
Estimate model parameters (epsilon = 5.000)
Perform nearest neighbor interchange...
Optimizing NNI: done in 0.014353 secs using 99.94% CPU
Estimate model parameters (epsilon = 1.000)
1. Initial log-likelihood: -7978.195
Optimal log-likelihood: -7978.110
Proportion of invariable sites: 0.239
Gamma shape alpha: 4.932
Parameters optimization took 1 rounds (0.027 sec)
Time for fast ML tree search: 0.104 seconds

NOTE: ModelFinder requires 4 MB RAM!
ModelFinder will test up to 224 protein models (sample size: 1324) ...
 No. Model         -LnL         df  AIC          AICc         BIC
  1  LG            8016.278     11  16054.556    16054.757    16111.629
  2  LG+I          7979.163     12  15982.325    15982.563    16044.586
  3  LG+G4         7977.860     12  15979.719    15979.957    16041.980
  4  LG+I+G4       7978.076     13  15982.153    15982.431    16049.602
  6  LG+F+I        7858.607     31  15779.213    15780.749    15940.054
  7  LG+F+G4       7857.411     31  15776.823    15778.358    15937.664
  8  LG+F+I+G4     7857.670     32  15779.339    15780.975    15945.368
 10  WAG+I         7966.765     12  15957.530    15957.768    16019.791
 11  WAG+G4        7967.406     12  15958.812    15959.050    16021.073
 12  WAG+I+G4      7966.787     13  15959.574    15959.852    16027.023
 14  WAG+F+I       7863.113     31  15788.225    15789.761    15949.066
 15  WAG+F+G4      7863.944     31  15789.889    15791.424    15950.729
 16  WAG+F+I+G4    7863.183     32  15790.366    15792.002    15956.395
 18  JTT+I         7967.630     12  15959.259    15959.497    16021.520
 19  JTT+G4        7967.604     12  15959.207    15959.445    16021.468
 20  JTT+I+G4      7967.229     13  15960.458    15960.736    16027.907
 22  JTT+F+I       7876.089     31  15814.177    15815.713    15975.018
 23  JTT+F+G4      7876.355     31  15814.710    15816.246    15975.551
 24  JTT+F+I+G4    7875.704     32  15815.407    15817.043    15981.436
WARNING: Normalizing state frequencies so that sum of them equals to 1
 26  Q.pfam+I      7966.945     12  15957.890    15958.128    16020.151
WARNING: Normalizing state frequencies so that sum of them equals to 1
 27  Q.pfam+G4     7966.649     12  15957.298    15957.536    16019.559
WARNING: Normalizing state frequencies so that sum of them equals to 1
 28  Q.pfam+I+G4   7966.470     13  15958.940    15959.218    16026.390
WARNING: Normalizing state frequencies so that sum of them equals to 1
 30  Q.pfam+F+I    7862.913     31  15787.826    15789.361    15948.666
WARNING: Normalizing state frequencies so that sum of them equals to 1
 31  Q.pfam+F+G4   7862.591     31  15787.182    15788.718    15948.023
WARNING: Normalizing state frequencies so that sum of them equals to 1
 32  Q.pfam+F+I+G4 7862.510     32  15789.021    15790.657    15955.050
WARNING: Normalizing state frequencies so that sum of them equals to 1
 34  Q.bird+I      8052.172     12  16128.344    16128.582    16190.605
WARNING: Normalizing state frequencies so that sum of them equals to 1
 35  Q.bird+G4     8050.687     12  16125.375    16125.613    16187.636
WARNING: Normalizing state frequencies so that sum of them equals to 1
 36  Q.bird+I+G4   8049.604     13  16125.208    16125.486    16192.657
WARNING: Normalizing state frequencies so that sum of them equals to 1
 38  Q.bird+F+I    7957.007     31  15976.015    15977.550    16136.856
WARNING: Normalizing state frequencies so that sum of them equals to 1
 39  Q.bird+F+G4   7956.707     31  15975.414    15976.950    16136.255
WARNING: Normalizing state frequencies so that sum of them equals to 1
 40  Q.bird+F+I+G4 7954.700     32  15973.399    15975.035    16139.428
WARNING: Normalizing state frequencies so that sum of them equals to 1
 42  Q.mammal+I    8018.666     12  16061.332    16061.570    16123.593
WARNING: Normalizing state frequencies so that sum of them equals to 1
 43  Q.mammal+G4   8017.490     12  16058.979    16059.217    16121.240
WARNING: Normalizing state frequencies so that sum of them equals to 1
 44  Q.mammal+I+G4 8016.994     13  16059.988    16060.266    16127.438
WARNING: Normalizing state frequencies so that sum of them equals to 1
 46  Q.mammal+F+I  7926.665     31  15915.330    15916.866    16076.171
WARNING: Normalizing state frequencies so that sum of them equals to 1
 47  Q.mammal+F+G4 7926.082     31  15914.163    15915.699    16075.004
WARNING: Normalizing state frequencies so that sum of them equals to 1
 48  Q.mammal+F+I+G4 7925.018     32  15914.037    15915.673    16080.066
 50  Q.insect+I    8059.981     12  16143.962    16144.200    16206.223
 51  Q.insect+G4   8058.808     12  16141.616    16141.854    16203.877
 52  Q.insect+I+G4 8058.963     13  16143.925    16144.203    16211.375
 54  Q.insect+F+I  7859.305     31  15780.609    15782.145    15941.450
 55  Q.insect+F+G4 7858.121     31  15778.242    15779.778    15939.083
 56  Q.insect+F+I+G4 7858.320     32  15780.639    15782.275    15946.668
WARNING: Normalizing state frequencies so that sum of them equals to 1
 58  Q.plant+I     8024.811     12  16073.622    16073.860    16135.883
WARNING: Normalizing state frequencies so that sum of them equals to 1
 59  Q.plant+G4    8021.531     12  16067.062    16067.300    16129.323
WARNING: Normalizing state frequencies so that sum of them equals to 1
 60  Q.plant+I+G4  8021.432     13  16068.864    16069.141    16136.313
WARNING: Normalizing state frequencies so that sum of them equals to 1
 62  Q.plant+F+I   7889.544     31  15841.088    15842.623    16001.928
WARNING: Normalizing state frequencies so that sum of them equals to 1
 63  Q.plant+F+G4  7886.791     31  15835.581    15837.117    15996.422
WARNING: Normalizing state frequencies so that sum of them equals to 1
 64  Q.plant+F+I+G4 7886.502     32  15837.003    15838.639    16003.033
WARNING: Normalizing state frequencies so that sum of them equals to 1
 66  Q.yeast+I     8114.417     12  16252.834    16253.072    16315.094
WARNING: Normalizing state frequencies so that sum of them equals to 1
 67  Q.yeast+G4    8111.595     12  16247.190    16247.428    16309.451
WARNING: Normalizing state frequencies so that sum of them equals to 1
 68  Q.yeast+I+G4  8112.440     13  16250.880    16251.158    16318.329
WARNING: Normalizing state frequencies so that sum of them equals to 1
 70  Q.yeast+F+I   7869.593     31  15801.186    15802.721    15962.026
WARNING: Normalizing state frequencies so that sum of them equals to 1
 71  Q.yeast+F+G4  7867.573     31  15797.146    15798.681    15957.986
WARNING: Normalizing state frequencies so that sum of them equals to 1
 72  Q.yeast+F+I+G4 7868.076     32  15800.152    15801.788    15966.181
 74  JTTDCMut+I    7967.745     12  15959.490    15959.728    16021.751
 75  JTTDCMut+G4   7967.590     12  15959.180    15959.418    16021.441
 76  JTTDCMut+I+G4 7967.302     13  15960.604    15960.882    16028.053
 78  JTTDCMut+F+I  7874.953     31  15811.907    15813.443    15972.748
 79  JTTDCMut+F+G4 7875.027     31  15812.054    15813.590    15972.895
 80  JTTDCMut+F+I+G4 7874.509     32  15813.018    15814.654    15979.047
 82  DCMut+I       8009.943     12  16043.886    16044.124    16106.146
 83  DCMut+G4      8006.786     12  16037.573    16037.811    16099.834
 84  DCMut+I+G4    8008.074     13  16042.148    16042.426    16109.597
 86  DCMut+F+I     7904.933     31  15871.866    15873.401    16032.707
 87  DCMut+F+G4    7900.625     31  15863.250    15864.785    16024.090
 88  DCMut+F+I+G4  7902.126     32  15868.251    15869.887    16034.280
 90  VT+I          7984.323     12  15992.646    15992.884    16054.907
 91  VT+G4         7986.178     12  15996.355    15996.593    16058.616
 92  VT+I+G4       7984.487     13  15994.974    15995.252    16062.424
 94  VT+F+I        7876.301     31  15814.602    15816.138    15975.443
 95  VT+F+G4       7878.346     31  15818.692    15820.228    15979.533
 96  VT+F+I+G4     7876.533     32  15817.066    15818.702    15983.095
 98  PMB+I         8022.086     12  16068.173    16068.411    16130.433
 99  PMB+G4        8024.239     12  16072.478    16072.716    16134.739
100  PMB+I+G4      8022.327     13  16070.654    16070.932    16138.104
102  PMB+F+I       7891.762     31  15845.525    15847.060    16006.366
103  PMB+F+G4      7893.825     31  15849.649    15851.185    16010.490
104  PMB+F+I+G4    7892.031     32  15848.062    15849.698    16014.091
106  Blosum62+I    8044.386     12  16112.771    16113.009    16175.032
107  Blosum62+G4   8046.197     12  16116.394    16116.632    16178.655
108  Blosum62+I+G4 8044.609     13  16115.218    16115.496    16182.667
110  Blosum62+F+I  7901.177     31  15864.354    15865.890    16025.195
111  Blosum62+F+G4 7903.101     31  15868.203    15869.738    16029.044
112  Blosum62+F+I+G4 7901.373     32  15866.745    15868.381    16032.774
114  Dayhoff+I     8009.694     12  16043.388    16043.626    16105.649
115  Dayhoff+G4    8006.449     12  16036.898    16037.136    16099.159
116  Dayhoff+I+G4  8007.760     13  16041.520    16041.798    16108.969
118  Dayhoff+F+I   7904.737     31  15871.473    15873.009    16032.314
119  Dayhoff+F+G4  7900.343     31  15862.685    15864.221    16023.526
120  Dayhoff+F+I+G4 7901.856     32  15867.712    15869.348    16033.741
122  mtREV+I       8527.039     12  17078.078    17078.316    17140.339
123  mtREV+G4      8507.361     12  17038.721    17038.959    17100.982
124  mtREV+I+G4    8509.274     13  17044.547    17044.825    17111.997
126  mtREV+F+I     7963.751     31  15989.503    15991.038    16150.343
127  mtREV+F+G4    7949.040     31  15960.080    15961.616    16120.921
128  mtREV+F+I+G4  7950.953     32  15965.907    15967.543    16131.936
130  mtART+I       8664.832     12  17353.663    17353.901    17415.924
131  mtART+G4      8601.700     12  17227.399    17227.637    17289.660
132  mtART+I+G4    8604.816     13  17235.632    17235.910    17303.082
134  mtART+F+I     8020.019     31  16102.039    16103.575    16262.880
135  mtART+F+G4    7958.990     31  15979.980    15981.515    16140.820
136  mtART+F+I+G4  7961.895     32  15987.791    15989.427    16153.820
138  mtZOA+I       8458.887     12  16941.774    16942.012    17004.035
139  mtZOA+G4      8420.659     12  16865.318    16865.556    16927.579
140  mtZOA+I+G4    8423.503     13  16873.007    16873.284    16940.456
142  mtZOA+F+I     7960.360     31  15982.720    15984.255    16143.561
143  mtZOA+F+G4    7928.985     31  15919.970    15921.506    16080.811
144  mtZOA+F+I+G4  7931.718     32  15927.437    15929.073    16093.466
146  mtMet+I       8691.136     12  17406.273    17406.511    17468.534
147  mtMet+G4      8670.997     12  17365.995    17366.233    17428.256
148  mtMet+I+G4    8673.116     13  17372.231    17372.509    17439.681
150  mtMet+F+I     7955.650     31  15973.300    15974.836    16134.141
151  mtMet+F+G4    7945.169     31  15952.338    15953.874    16113.179
152  mtMet+F+I+G4  7945.758     32  15955.516    15957.152    16121.545
154  mtVer+I       8601.448     12  17226.897    17227.135    17289.158
155  mtVer+G4      8574.411     12  17172.822    17173.060    17235.083
156  mtVer+I+G4    8576.289     13  17178.577    17178.855    17246.027
158  mtVer+F+I     8011.130     31  16084.260    16085.795    16245.101
159  mtVer+F+G4    7991.002     31  16044.003    16045.539    16204.844
160  mtVer+F+I+G4  7992.843     32  16049.686    16051.322    16215.715
162  mtInv+I       8844.079     12  17712.157    17712.395    17774.418
163  mtInv+G4      8830.119     12  17684.237    17684.475    17746.498
164  mtInv+I+G4    8832.353     13  17690.706    17690.984    17758.155
166  mtInv+F+I     7923.705     31  15909.409    15910.945    16070.250
167  mtInv+F+G4    7913.023     31  15888.045    15889.581    16048.886
168  mtInv+F+I+G4  7915.067     32  15894.134    15895.770    16060.163
170  mtMAM+I       8640.034     12  17304.069    17304.307    17366.330
171  mtMAM+G4      8590.617     12  17205.235    17205.473    17267.496
172  mtMAM+I+G4    8592.332     13  17210.664    17210.942    17278.113
174  mtMAM+F+I     8046.376     31  16154.753    16156.288    16315.593
175  mtMAM+F+G4    8010.703     31  16083.405    16084.941    16244.246
176  mtMAM+F+I+G4  8012.393     32  16088.787    16090.423    16254.816
WARNING: Normalizing state frequencies so that sum of them equals to 1
178  FLAVI+I       8157.655     12  16339.310    16339.548    16401.571
WARNING: Normalizing state frequencies so that sum of them equals to 1
179  FLAVI+G4      8143.046     12  16310.093    16310.331    16372.354
WARNING: Normalizing state frequencies so that sum of them equals to 1
180  FLAVI+I+G4    8143.416     13  16312.831    16313.109    16380.281
WARNING: Normalizing state frequencies so that sum of them equals to 1
182  FLAVI+F+I     7984.737     31  16031.474    16033.010    16192.315
WARNING: Normalizing state frequencies so that sum of them equals to 1
183  FLAVI+F+G4    7969.955     31  16001.910    16003.445    16162.751
WARNING: Normalizing state frequencies so that sum of them equals to 1
184  FLAVI+F+I+G4  7970.280     32  16004.559    16006.195    16170.588
186  HIVb+I        8122.407     12  16268.815    16269.053    16331.076
187  HIVb+G4       8121.922     12  16267.844    16268.082    16330.105
188  HIVb+I+G4     8119.913     13  16265.825    16266.103    16333.274
190  HIVb+F+I      7955.820     31  15973.639    15975.175    16134.480
191  HIVb+F+G4     7957.117     31  15976.234    15977.770    16137.075
192  HIVb+F+I+G4   7953.957     32  15971.913    15973.549    16137.942
194  HIVw+I        8484.839     12  16993.678    16993.916    17055.939
195  HIVw+G4       8461.874     12  16947.747    16947.985    17010.008
196  HIVw+I+G4     8464.213     13  16954.427    16954.705    17021.876
198  HIVw+F+I      8090.809     31  16243.618    16245.153    16404.458
199  HIVw+F+G4     8078.309     31  16218.618    16220.154    16379.459
200  HIVw+F+I+G4   8078.553     32  16221.106    16222.742    16387.135
202  FLU+I         8200.414     12  16424.828    16425.066    16487.089
203  FLU+G4        8193.012     12  16410.023    16410.261    16472.284
204  FLU+I+G4      8193.635     13  16413.270    16413.548    16480.719
206  FLU+F+I       7941.191     31  15944.382    15945.918    16105.223
207  FLU+F+G4      7936.317     31  15934.634    15936.170    16095.475
208  FLU+F+I+G4    7936.077     32  15936.153    15937.789    16102.183
210  rtREV+I       8058.681     12  16141.363    16141.601    16203.624
211  rtREV+G4      8057.853     12  16139.705    16139.943    16201.966
212  rtREV+I+G4    8057.906     13  16141.811    16142.089    16209.261
214  rtREV+F+I     7874.771     31  15811.542    15813.077    15972.383
215  rtREV+F+G4    7874.276     31  15810.552    15812.088    15971.393
216  rtREV+F+I+G4  7873.943     32  15811.886    15813.522    15977.915
218  cpREV+I       8045.381     12  16114.761    16114.999    16177.022
219  cpREV+G4      8041.586     12  16107.173    16107.411    16169.434
220  cpREV+I+G4    8043.327     13  16112.654    16112.932    16180.103
222  cpREV+F+I     7879.148     31  15820.295    15821.831    15981.136
223  cpREV+F+G4    7874.700     31  15811.399    15812.935    15972.240
224  cpREV+F+I+G4  7876.431     32  15816.862    15818.498    15982.891
Akaike Information Criterion:           LG+F+G4
Corrected Akaike Information Criterion: LG+F+G4
Bayesian Information Criterion:         LG+F+G4
Best-fit model: LG+F+G4 chosen according to BIC

All model information printed to ../results/molecular_evolution_analyses/phylogenetic_trees/F4167_MLIG_G1/F4167_MLIG_G1.model.gz
CPU time for ModelFinder: 9.173 seconds (0h:0m:9s)
Wall-clock time for ModelFinder: 9.183 seconds (0h:0m:9s)
Generating 1000 samples for ultrafast bootstrap (seed: 915595)...

NOTE: 4 MB RAM (0 GB) is required!
Estimate model parameters (epsilon = 0.100)
1. Initial log-likelihood: -7857.411
Optimal log-likelihood: -7857.411
Gamma shape alpha: 1.129
Parameters optimization took 1 rounds (0.013 sec)
Wrote distance file to... 
Computing ML distances based on estimated model parameters...
Calculating distance matrix: done in 0.00335503 secs using 99.82% CPU
Computing ML distances took 0.003399 sec (of wall-clock time) 0.003392 sec (of CPU time)
Setting up auxiliary I and S matrices: done in 2.59876e-05 secs using 100% CPU
Constructing RapidNJ tree: done in 2.81334e-05 secs using 95.97% CPU
Computing RapidNJ tree took 0.000097 sec (of wall-clock time) 0.000096 sec (of CPU time)
Log-likelihood of RapidNJ tree: -7857.413
--------------------------------------------------------------------
|             INITIALIZING CANDIDATE TREE SET                      |
--------------------------------------------------------------------
Generating 99 parsimony trees... 0.052 second
Computing log-likelihood of 41 initial trees ... 0.162 seconds
Current best score: -7857.411

Do NNI search on 20 best initial trees
Optimizing NNI: done in 0.014904 secs using 99.97% CPU
Estimate model parameters (epsilon = 0.100)
BETTER TREE FOUND at iteration 1: -7857.411
Optimizing NNI: done in 0.0327761 secs using 99.96% CPU
Optimizing NNI: done in 0.0150802 secs using 99.97% CPU
Optimizing NNI: done in 0.033608 secs using 99.96% CPU
Optimizing NNI: done in 0.0334351 secs using 99.96% CPU
Optimizing NNI: done in 0.0341432 secs using 99.97% CPU
Optimizing NNI: done in 0.0518 secs using 99.96% CPU
Optimizing NNI: done in 0.051728 secs using 99.97% CPU
Optimizing NNI: done in 0.05129 secs using 99.97% CPU
Optimizing NNI: done in 0.0516021 secs using 99.97% CPU
Iteration 10 / LogL: -7860.489 / Time: 0h:0m:0s
Optimizing NNI: done in 0.033277 secs using 99.96% CPU
Optimizing NNI: done in 0.0334251 secs using 99.97% CPU
Optimizing NNI: done in 0.0331361 secs using 99.97% CPU
Optimizing NNI: done in 0.0333829 secs using 99.97% CPU
Optimizing NNI: done in 0.0337169 secs using 99.96% CPU
Optimizing NNI: done in 0.033591 secs using 99.97% CPU
Optimizing NNI: done in 0.0517831 secs using 99.97% CPU
Optimizing NNI: done in 0.0517659 secs using 99.97% CPU
Optimizing NNI: done in 0.051579 secs using 99.97% CPU
Optimizing NNI: done in 0.0519218 secs using 99.98% CPU
Iteration 20 / LogL: -7857.560 / Time: 0h:0m:1s
Finish initializing candidate tree set (2)
Current best tree score: -7857.411 / CPU time: 1.028
Number of iterations: 20
--------------------------------------------------------------------
|               OPTIMIZING CANDIDATE TREE SET                      |
--------------------------------------------------------------------
Optimizing NNI: done in 0.0331709 secs using 99.97% CPU
Optimizing NNI: done in 0.0331111 secs using 99.98% CPU
Optimizing NNI: done in 0.0706749 secs using 99.97% CPU
Optimizing NNI: done in 0.032825 secs using 99.97% CPU
Optimizing NNI: done in 0.036119 secs using 99.97% CPU
Optimizing NNI: done in 0.0504689 secs using 99.97% CPU
Optimizing NNI: done in 0.0144701 secs using 99.98% CPU
Optimizing NNI: done in 0.0321281 secs using 99.97% CPU
Optimizing NNI: done in 0.032953 secs using 99.97% CPU
Optimizing NNI: done in 0.0325649 secs using 99.96% CPU
Iteration 30 / LogL: -7995.380 / Time: 0h:0m:1s (0h:0m:3s left)
Optimizing NNI: done in 0.051621 secs using 99.97% CPU
Optimizing NNI: done in 0.032912 secs using 99.96% CPU
Optimizing NNI: done in 0.033046 secs using 99.97% CPU
Optimizing NNI: done in 0.032335 secs using 99.96% CPU
Optimizing NNI: done in 0.0330288 secs using 99.97% CPU
Optimizing NNI: done in 0.032903 secs using 99.97% CPU
Optimizing NNI: done in 0.050458 secs using 99.97% CPU
Optimizing NNI: done in 0.050771 secs using 99.97% CPU
Optimizing NNI: done in 0.0501988 secs using 99.96% CPU
Optimizing NNI: done in 0.0533729 secs using 99.97% CPU
Iteration 40 / LogL: -7860.507 / Time: 0h:0m:1s (0h:0m:3s left)
Optimizing NNI: done in 0.032644 secs using 99.98% CPU
Optimizing NNI: done in 0.069685 secs using 99.97% CPU
Optimizing NNI: done in 0.0685761 secs using 99.98% CPU
Optimizing NNI: done in 0.0512381 secs using 99.97% CPU
Optimizing NNI: done in 0.0875981 secs using 99.97% CPU
Optimizing NNI: done in 0.070713 secs using 99.97% CPU
Optimizing NNI: done in 0.0329971 secs using 99.97% CPU
Optimizing NNI: done in 0.014483 secs using 99.97% CPU
Optimizing NNI: done in 0.0665669 secs using 99.98% CPU
Optimizing NNI: done in 0.031697 secs using 99.98% CPU
Iteration 50 / LogL: -9780.999 / Time: 0h:0m:2s (0h:0m:2s left)
Log-likelihood cutoff on original alignment: -7861.959
Optimizing NNI: done in 0.031405 secs using 99.97% CPU
Optimizing NNI: done in 0.014493 secs using 99.96% CPU
Optimizing NNI: done in 0.0822501 secs using 99.98% CPU
Optimizing NNI: done in 0.0687571 secs using 99.97% CPU
Optimizing NNI: done in 0.03162 secs using 99.97% CPU
Optimizing NNI: done in 0.0308819 secs using 99.98% CPU
Optimizing NNI: done in 0.0147021 secs using 99.98% CPU
Optimizing NNI: done in 0.0827532 secs using 99.97% CPU
Optimizing NNI: done in 0.032464 secs using 99.59% CPU
Optimizing NNI: done in 0.032933 secs using 99.97% CPU
Iteration 60 / LogL: -7857.475 / Time: 0h:0m:2s (0h:0m:2s left)
Optimizing NNI: done in 0.0324519 secs using 99.97% CPU
Optimizing NNI: done in 0.014585 secs using 99.95% CPU
Optimizing NNI: done in 0.0883191 secs using 99.97% CPU
Optimizing NNI: done in 0.0146229 secs using 99.98% CPU
Optimizing NNI: done in 0.070714 secs using 99.97% CPU
Optimizing NNI: done in 0.0507271 secs using 99.97% CPU
Optimizing NNI: done in 0.0333312 secs using 99.96% CPU
Optimizing NNI: done in 0.0513849 secs using 99.97% CPU
Optimizing NNI: done in 0.068562 secs using 99.97% CPU
Optimizing NNI: done in 0.0726171 secs using 99.97% CPU
Iteration 70 / LogL: -7857.836 / Time: 0h:0m:3s (0h:0m:1s left)
Optimizing NNI: done in 0.0314291 secs using 99.97% CPU
Optimizing NNI: done in 0.088527 secs using 99.97% CPU
Optimizing NNI: done in 0.0512199 secs using 99.98% CPU
Optimizing NNI: done in 0.0501728 secs using 99.97% CPU
Optimizing NNI: done in 0.0321951 secs using 99.97% CPU
Optimizing NNI: done in 0.066977 secs using 99.97% CPU
Optimizing NNI: done in 0.0331359 secs using 99.97% CPU
Optimizing NNI: done in 0.0318429 secs using 99.97% CPU
Optimizing NNI: done in 0.0885069 secs using 99.97% CPU
Optimizing NNI: done in 0.0507941 secs using 99.97% CPU
Iteration 80 / LogL: -7860.422 / Time: 0h:0m:4s (0h:0m:1s left)
Optimizing NNI: done in 0.0668571 secs using 99.97% CPU
Optimizing NNI: done in 0.0144939 secs using 99.98% CPU
Optimizing NNI: done in 0.06846 secs using 99.97% CPU
Optimizing NNI: done in 0.0506892 secs using 99.97% CPU
Optimizing NNI: done in 0.0534139 secs using 99.98% CPU
Optimizing NNI: done in 0.0696781 secs using 99.97% CPU
Optimizing NNI: done in 0.0704429 secs using 99.98% CPU
Optimizing NNI: done in 0.0146921 secs using 99.97% CPU
Optimizing NNI: done in 0.070204 secs using 99.98% CPU
Optimizing NNI: done in 0.055567 secs using 99.97% CPU
Iteration 90 / LogL: -7857.432 / Time: 0h:0m:4s (0h:0m:0s left)
Optimizing NNI: done in 0.0703309 secs using 99.98% CPU
Optimizing NNI: done in 0.032232 secs using 99.97% CPU
Optimizing NNI: done in 0.050652 secs using 99.97% CPU
Optimizing NNI: done in 0.084908 secs using 99.98% CPU
Optimizing NNI: done in 0.051302 secs using 99.97% CPU
Optimizing NNI: done in 0.0703521 secs using 99.97% CPU
Optimizing NNI: done in 0.052609 secs using 99.97% CPU
Optimizing NNI: done in 0.051954 secs using 99.97% CPU
Optimizing NNI: done in 0.0618539 secs using 99.97% CPU
Optimizing NNI: done in 0.0877929 secs using 99.97% CPU
Iteration 100 / LogL: -7857.535 / Time: 0h:0m:5s (0h:0m:0s left)
Log-likelihood cutoff on original alignment: -7863.156
NOTE: Bootstrap correlation coefficient of split occurrence frequencies: 0.998
Optimizing NNI: done in 0.03233 secs using 99.96% CPU
Optimizing NNI: done in 0.032541 secs using 99.98% CPU
TREE SEARCH COMPLETED AFTER 102 ITERATIONS / Time: 0h:0m:5s

--------------------------------------------------------------------
|                    FINALIZING TREE SEARCH                        |
--------------------------------------------------------------------
Performs final model parameters optimization
Estimate model parameters (epsilon = 0.010)
1. Initial log-likelihood: -7857.411
Optimal log-likelihood: -7857.411
Gamma shape alpha: 1.129
Parameters optimization took 1 rounds (0.019 sec)
BEST SCORE FOUND : -7857.411

Testing tree branches by SH-like aLRT with 1000 replicates...
0.118 sec.
Creating bootstrap support values...
Split supports printed to NEXUS file ../results/molecular_evolution_analyses/phylogenetic_trees/F4167_MLIG_G1/F4167_MLIG_G1.splits.nex
Total tree length: 1.155

Total number of iterations: 102
CPU time used for tree search: 5.487 sec (0h:0m:5s)
Wall-clock time used for tree search: 5.334 sec (0h:0m:5s)
Total CPU time used: 5.714 sec (0h:0m:5s)
Total wall-clock time used: 5.547 sec (0h:0m:5s)

Computing bootstrap consensus tree...
Reading input file ../results/molecular_evolution_analyses/phylogenetic_trees/F4167_MLIG_G1/F4167_MLIG_G1.splits.nex...
7 taxa and 13 splits.
Consensus tree written to ../results/molecular_evolution_analyses/phylogenetic_trees/F4167_MLIG_G1/F4167_MLIG_G1.contree
Reading input trees file ../results/molecular_evolution_analyses/phylogenetic_trees/F4167_MLIG_G1/F4167_MLIG_G1.contree
Log-likelihood of consensus tree: -7857.417

Analysis results written to: 
  IQ-TREE report:                ../results/molecular_evolution_analyses/phylogenetic_trees/F4167_MLIG_G1/F4167_MLIG_G1.iqtree
  Maximum-likelihood tree:       ../results/molecular_evolution_analyses/phylogenetic_trees/F4167_MLIG_G1/F4167_MLIG_G1.treefile
  Likelihood distances:          ../results/molecular_evolution_analyses/phylogenetic_trees/F4167_MLIG_G1/F4167_MLIG_G1.mldist

Ultrafast bootstrap approximation results written to:
  Split support values:          ../results/molecular_evolution_analyses/phylogenetic_trees/F4167_MLIG_G1/F4167_MLIG_G1.splits.nex
  Consensus tree:                ../results/molecular_evolution_analyses/phylogenetic_trees/F4167_MLIG_G1/F4167_MLIG_G1.contree
  Screen log file:               ../results/molecular_evolution_analyses/phylogenetic_trees/F4167_MLIG_G1/F4167_MLIG_G1.log

Date and Time: Wed May  1 09:28:17 2024
