IQ-TREE multicore version 2.2.2.6 COVID-edition for Linux 64-bit built May 27 2023
Developed by Bui Quang Minh, James Barbetti, Nguyen Lam Tung,
Olga Chernomor, Heiko Schmidt, Dominik Schrempf, Michael Woodhams, Ly Trong Nhan.

Host:    lbc5 (AVX2, FMA3, 125 GB RAM)
Command: /home/mauricio/mauricio_PROGRAMAS/iqtree-2.2.2.6-Linux/bin/iqtree2 -s ../results/molecular_evolution_analyses/alignments_gblocks/F44249_MLIG_G1/F44249_MLIG_G1.aln.gblo -m TEST --threads-max 32 --alrt 1000 --ufboot 1000 --prefix ../results/molecular_evolution_analyses/phylogenetic_trees/F44249_MLIG_G1/F44249_MLIG_G1 -keep-ident -redo
Seed:    621483 (Using SPRNG - Scalable Parallel Random Number Generator)
Time:    Wed May  1 09:28:25 2024
Kernel:  AVX+FMA - 1 threads (32 CPU cores detected)

HINT: Use -nt option to specify number of threads because your CPU has 32 cores!
HINT: -nt AUTO will automatically determine the best number of threads to use.

Reading alignment file ../results/molecular_evolution_analyses/alignments_gblocks/F44249_MLIG_G1/F44249_MLIG_G1.aln.gblo ... Fasta format detected
Reading fasta file: done in 0.000123024 secs using 99.17% CPU
Alignment most likely contains protein sequences
Constructing alignment: done in 0.000595808 secs using 99.86% CPU
Alignment has 6 sequences with 628 columns, 140 distinct patterns
214 parsimony-informative, 5 singleton sites, 409 constant sites
            Gap/Ambiguity  Composition  p-value
Analyzing sequences: done in 1.00136e-05 secs using 99.86% CPU
   1  Mlig.5934     0.00%    passed     99.99%
   2  Mlig.15201    0.00%    passed     99.99%
   3  Mlig.34111    0.00%    passed     99.99%
   4  Mlig.28437    0.00%    passed     99.99%
   5  Mlig.19359    0.00%    passed    100.00%
   6  Mlig.29026    0.00%    passed     99.99%
****  TOTAL         0.00%  0 sequences failed composition chi2 test (p-value<5%; df=19)


Create initial parsimony tree by phylogenetic likelihood library (PLL)... 0.000 seconds
Perform fast likelihood tree search using LG+I+G model...
Estimate model parameters (epsilon = 5.000)
Perform nearest neighbor interchange...
Optimizing NNI: done in 0.00712204 secs using 99.99% CPU
Estimate model parameters (epsilon = 1.000)
1. Initial log-likelihood: -2834.250
Optimal log-likelihood: -2833.935
Proportion of invariable sites: 0.335
Gamma shape alpha: 12.599
Parameters optimization took 1 rounds (0.008 sec)
Time for fast ML tree search: 0.033 seconds

NOTE: ModelFinder requires 1 MB RAM!
ModelFinder will test up to 224 protein models (sample size: 628) ...
 No. Model         -LnL         df  AIC          AICc         BIC
  1  LG            2836.252     9   5690.503     5690.794     5730.486
  2  LG+I          2833.806     10  5687.612     5687.969     5732.037
  3  LG+G4         2833.748     10  5687.497     5687.853     5731.922
  4  LG+I+G4       2833.845     11  5689.690     5690.118     5738.558
  5  LG+F          2759.208     28  5574.415     5577.127     5698.807
  6  LG+F+I        2757.743     29  5573.485     5576.395     5702.319
  7  LG+F+G4       2757.435     29  5572.871     5575.781     5701.705
  8  LG+F+I+G4     2758.055     30  5576.111     5579.226     5709.387
  9  WAG           2824.983     9   5667.966     5668.257     5707.949
 10  WAG+I         2824.733     10  5669.465     5669.822     5713.891
 11  WAG+G4        2824.721     10  5669.442     5669.798     5713.867
 12  WAG+I+G4      2825.661     11  5673.321     5673.750     5722.189
 13  WAG+F         2762.692     28  5581.384     5584.095     5705.775
 14  WAG+F+I       2762.358     29  5582.716     5585.625     5711.549
 15  WAG+F+G4      2762.345     29  5582.690     5585.600     5711.524
 16  WAG+F+I+G4    2763.244     30  5586.489     5589.604     5719.765
 17  JTT           2810.098     9   5638.196     5638.488     5678.179
 18  JTT+I         2809.292     10  5638.584     5638.941     5683.010
 19  JTT+G4        2809.410     10  5638.821     5639.177     5683.246
 20  JTT+I+G4      2809.866     11  5641.733     5642.161     5690.601
 21  JTT+F         2747.423     28  5550.845     5553.556     5675.236
 22  JTT+F+I       2746.628     29  5551.256     5554.166     5680.090
 23  JTT+F+G4      2746.749     29  5551.498     5554.408     5680.332
 24  JTT+F+I+G4    2747.230     30  5554.460     5557.576     5687.736
WARNING: Normalizing state frequencies so that sum of them equals to 1
 25  Q.pfam        2824.702     9   5667.404     5667.695     5707.387
WARNING: Normalizing state frequencies so that sum of them equals to 1
 26  Q.pfam+I      2822.594     10  5665.187     5665.544     5709.613
WARNING: Normalizing state frequencies so that sum of them equals to 1
 27  Q.pfam+G4     2822.735     10  5665.471     5665.827     5709.896
WARNING: Normalizing state frequencies so that sum of them equals to 1
 28  Q.pfam+I+G4   2822.660     11  5667.321     5667.749     5716.189
WARNING: Normalizing state frequencies so that sum of them equals to 1
 29  Q.pfam+F      2760.522     28  5577.045     5579.756     5701.436
WARNING: Normalizing state frequencies so that sum of them equals to 1
 30  Q.pfam+F+I    2759.415     29  5576.830     5579.739     5705.663
WARNING: Normalizing state frequencies so that sum of them equals to 1
 31  Q.pfam+F+G4   2759.300     29  5576.600     5579.510     5705.434
WARNING: Normalizing state frequencies so that sum of them equals to 1
 32  Q.pfam+F+I+G4 2759.803     30  5579.605     5582.721     5712.882
WARNING: Normalizing state frequencies so that sum of them equals to 1
 33  Q.bird        2833.991     9   5685.982     5686.274     5725.965
WARNING: Normalizing state frequencies so that sum of them equals to 1
 34  Q.bird+I      2816.772     10  5653.545     5653.901     5697.970
WARNING: Normalizing state frequencies so that sum of them equals to 1
 35  Q.bird+G4     2818.379     10  5656.758     5657.114     5701.183
WARNING: Normalizing state frequencies so that sum of them equals to 1
 36  Q.bird+I+G4   2817.826     11  5657.652     5658.080     5706.520
WARNING: Normalizing state frequencies so that sum of them equals to 1
 37  Q.bird+F      2774.582     28  5605.163     5607.875     5729.555
WARNING: Normalizing state frequencies so that sum of them equals to 1
 38  Q.bird+F+I    2758.530     29  5575.059     5577.969     5703.893
WARNING: Normalizing state frequencies so that sum of them equals to 1
 39  Q.bird+F+G4   2760.071     29  5578.142     5581.051     5706.975
WARNING: Normalizing state frequencies so that sum of them equals to 1
 40  Q.bird+F+I+G4 2759.430     30  5578.859     5581.975     5712.136
WARNING: Normalizing state frequencies so that sum of them equals to 1
 41  Q.mammal      2819.518     9   5657.037     5657.328     5697.020
WARNING: Normalizing state frequencies so that sum of them equals to 1
 42  Q.mammal+I    2809.605     10  5639.211     5639.567     5683.636
WARNING: Normalizing state frequencies so that sum of them equals to 1
 43  Q.mammal+G4   2810.808     10  5641.617     5641.973     5686.042
WARNING: Normalizing state frequencies so that sum of them equals to 1
 44  Q.mammal+I+G4 2810.212     11  5642.424     5642.853     5691.292
WARNING: Normalizing state frequencies so that sum of them equals to 1
 45  Q.mammal+F    2764.659     28  5585.319     5588.030     5709.710
WARNING: Normalizing state frequencies so that sum of them equals to 1
 46  Q.mammal+F+I  2756.170     29  5570.339     5573.249     5699.173
WARNING: Normalizing state frequencies so that sum of them equals to 1
 47  Q.mammal+F+G4 2757.211     29  5572.422     5575.331     5701.255
WARNING: Normalizing state frequencies so that sum of them equals to 1
 48  Q.mammal+F+I+G4 2756.573     30  5573.147     5576.263     5706.423
 49  Q.insect      2845.410     9   5708.820     5709.112     5748.803
 50  Q.insect+I    2843.215     10  5706.430     5706.787     5750.855
 51  Q.insect+G4   2843.547     10  5707.095     5707.451     5751.520
 52  Q.insect+I+G4 2843.274     11  5708.547     5708.976     5757.415
 53  Q.insect+F    2742.654     28  5541.309     5544.020     5665.700
 54  Q.insect+F+I  2741.936     29  5541.872     5544.782     5670.706
 55  Q.insect+F+G4 2741.888     29  5541.776     5544.686     5670.610
 56  Q.insect+F+I+G4 2742.581     30  5545.163     5548.278     5678.439
WARNING: Normalizing state frequencies so that sum of them equals to 1
 57  Q.plant       2835.606     9   5689.212     5689.504     5729.195
WARNING: Normalizing state frequencies so that sum of them equals to 1
 58  Q.plant+I     2824.174     10  5668.348     5668.705     5712.774
WARNING: Normalizing state frequencies so that sum of them equals to 1
 59  Q.plant+G4    2825.451     10  5670.903     5671.259     5715.328
WARNING: Normalizing state frequencies so that sum of them equals to 1
 60  Q.plant+I+G4  2824.825     11  5671.650     5672.079     5720.518
WARNING: Normalizing state frequencies so that sum of them equals to 1
 61  Q.plant+F     2759.483     28  5574.966     5577.677     5699.357
WARNING: Normalizing state frequencies so that sum of them equals to 1
 62  Q.plant+F+I   2750.394     29  5558.788     5561.698     5687.622
WARNING: Normalizing state frequencies so that sum of them equals to 1
 63  Q.plant+F+G4  2750.995     29  5559.990     5562.899     5688.823
WARNING: Normalizing state frequencies so that sum of them equals to 1
 64  Q.plant+F+I+G4 2750.622     30  5561.243     5564.359     5694.519
WARNING: Normalizing state frequencies so that sum of them equals to 1
 65  Q.yeast       2867.069     9   5752.138     5752.429     5792.121
WARNING: Normalizing state frequencies so that sum of them equals to 1
 66  Q.yeast+I     2864.339     10  5748.678     5749.035     5793.104
WARNING: Normalizing state frequencies so that sum of them equals to 1
 67  Q.yeast+G4    2864.469     10  5748.937     5749.294     5793.363
WARNING: Normalizing state frequencies so that sum of them equals to 1
 68  Q.yeast+I+G4  2864.350     11  5750.700     5751.129     5799.568
WARNING: Normalizing state frequencies so that sum of them equals to 1
 69  Q.yeast+F     2751.863     28  5559.727     5562.438     5684.118
WARNING: Normalizing state frequencies so that sum of them equals to 1
 70  Q.yeast+F+I   2750.332     29  5558.665     5561.574     5687.498
WARNING: Normalizing state frequencies so that sum of them equals to 1
 71  Q.yeast+F+G4  2750.137     29  5558.274     5561.183     5687.107
WARNING: Normalizing state frequencies so that sum of them equals to 1
 72  Q.yeast+F+I+G4 2750.607     30  5561.213     5564.329     5694.489
 73  JTTDCMut      2810.192     9   5638.384     5638.676     5678.367
 74  JTTDCMut+I    2809.423     10  5638.846     5639.203     5683.272
 75  JTTDCMut+G4   2809.535     10  5639.070     5639.426     5683.495
 76  JTTDCMut+I+G4 2809.976     11  5641.952     5642.380     5690.820
 77  JTTDCMut+F    2747.268     28  5550.536     5553.247     5674.927
 78  JTTDCMut+F+I  2746.508     29  5551.016     5553.926     5679.850
 79  JTTDCMut+F+G4 2746.625     29  5551.251     5554.160     5680.084
 80  JTTDCMut+F+I+G4 2747.141     30  5554.282     5557.397     5687.558
 81  DCMut         2815.248     9   5648.496     5648.787     5688.479
 82  DCMut+I       2814.073     10  5648.145     5648.502     5692.571
 83  DCMut+G4      2813.986     10  5647.973     5648.329     5692.398
 84  DCMut+I+G4    2814.532     11  5651.064     5651.492     5699.932
 85  DCMut+F       2750.874     28  5557.747     5560.458     5682.138
 86  DCMut+F+I     2749.113     29  5556.225     5559.135     5685.059
 87  DCMut+F+G4    2749.152     29  5556.304     5559.214     5685.138
 88  DCMut+F+I+G4  2749.388     30  5558.776     5561.892     5692.052
 89  VT            2828.002     9   5674.004     5674.295     5713.987
 90  VT+I          2828.002     10  5676.004     5676.361     5720.429
 91  VT+G4         2828.003     10  5676.007     5676.363     5720.432
 92  VT+I+G4       2830.098     11  5682.197     5682.625     5731.064
 93  VT+F          2759.823     28  5575.646     5578.357     5700.037
 94  VT+F+I        2759.823     29  5577.645     5580.555     5706.479
 95  VT+F+G4       2759.824     29  5577.649     5580.558     5706.482
 96  VT+F+I+G4     2762.022     30  5584.044     5587.160     5717.320
 97  PMB           2846.479     9   5710.959     5711.250     5750.941
 98  PMB+I         2846.479     10  5712.958     5713.315     5757.384
 99  PMB+G4        2846.480     10  5712.960     5713.316     5757.385
100  PMB+I+G4      2848.439     11  5718.878     5719.306     5767.746
101  PMB+F         2773.865     28  5603.729     5606.440     5728.120
102  PMB+F+I       2773.865     29  5605.729     5608.639     5734.563
103  PMB+F+G4      2773.865     29  5605.731     5608.641     5734.565
104  PMB+F+I+G4    2775.905     30  5611.810     5614.926     5745.086
105  Blosum62      2860.168     9   5738.336     5738.627     5778.318
106  Blosum62+I    2860.168     10  5740.335     5740.692     5784.761
107  Blosum62+G4   2860.191     10  5740.383     5740.739     5784.808
108  Blosum62+I+G4 2861.957     11  5745.913     5746.342     5794.781
109  Blosum62+F    2774.177     28  5604.355     5607.066     5728.746
110  Blosum62+F+I  2774.177     29  5606.354     5609.264     5735.188
111  Blosum62+F+G4 2774.185     29  5606.369     5609.279     5735.203
112  Blosum62+F+I+G4 2776.003     30  5612.005     5615.121     5745.281
113  Dayhoff       2815.394     9   5648.788     5649.079     5688.771
114  Dayhoff+I     2814.127     10  5648.255     5648.611     5692.680
115  Dayhoff+G4    2814.039     10  5648.079     5648.435     5692.504
116  Dayhoff+I+G4  2814.549     11  5651.097     5651.526     5699.965
117  Dayhoff+F     2751.048     28  5558.096     5560.807     5682.487
118  Dayhoff+F+I   2749.176     29  5556.352     5559.261     5685.185
119  Dayhoff+F+G4  2749.232     29  5556.464     5559.373     5685.297
120  Dayhoff+F+I+G4 2749.423     30  5558.847     5561.963     5692.123
121  mtREV         3038.285     9   6094.570     6094.861     6134.553
122  mtREV+I       3015.148     10  6050.297     6050.653     6094.722
123  mtREV+G4      3016.429     10  6052.858     6053.214     6097.283
124  mtREV+I+G4    3015.958     11  6053.916     6054.344     6102.784
125  mtREV+F       2781.146     28  5618.292     5621.003     5742.683
126  mtREV+F+I     2767.712     29  5593.424     5596.333     5722.257
127  mtREV+F+G4    2767.773     29  5593.546     5596.456     5722.380
128  mtREV+F+I+G4  2767.696     30  5595.392     5598.508     5728.668
129  mtART         3105.579     9   6229.158     6229.449     6269.141
130  mtART+I       3046.753     10  6113.506     6113.863     6157.932
131  mtART+G4      3044.546     10  6109.092     6109.449     6153.518
132  mtART+I+G4    3044.010     11  6110.020     6110.449     6158.888
133  mtART+F       2819.102     28  5694.205     5696.916     5818.596
134  mtART+F+I     2780.353     29  5618.706     5621.616     5747.540
135  mtART+F+G4    2774.299     29  5606.597     5609.507     5735.431
136  mtART+F+I+G4  2775.046     30  5610.091     5613.207     5743.368
137  mtZOA         3028.103     9   6074.206     6074.497     6114.189
138  mtZOA+I       2996.597     10  6013.194     6013.551     6057.619
139  mtZOA+G4      2995.836     10  6011.672     6012.029     6056.098
140  mtZOA+I+G4    2995.670     11  6013.340     6013.768     6062.208
141  mtZOA+F       2791.390     28  5638.779     5641.490     5763.170
142  mtZOA+F+I     2771.469     29  5600.939     5603.848     5729.772
143  mtZOA+F+G4    2767.837     29  5593.674     5596.584     5722.508
144  mtZOA+F+I+G4  2768.464     30  5596.929     5600.044     5730.205
145  mtMet         3093.876     9   6205.752     6206.043     6245.735
146  mtMet+I       3068.715     10  6157.430     6157.786     6201.855
147  mtMet+G4      3070.993     10  6161.985     6162.342     6206.411
148  mtMet+I+G4    3070.251     11  6162.501     6162.930     6211.369
149  mtMet+F       2781.308     28  5618.617     5621.328     5743.008
150  mtMet+F+I     2765.771     29  5589.543     5592.452     5718.376
151  mtMet+F+G4    2766.423     29  5590.846     5593.755     5719.679
152  mtMet+F+I+G4  2766.113     30  5592.226     5595.341     5725.502
153  mtVer         3079.336     9   6176.672     6176.963     6216.655
154  mtVer+I       3043.227     10  6106.454     6106.811     6150.880
155  mtVer+G4      3044.891     10  6109.781     6110.138     6154.207
156  mtVer+I+G4    3044.260     11  6110.521     6110.949     6159.389
157  mtVer+F       2797.197     28  5650.394     5653.105     5774.785
158  mtVer+F+I     2772.911     29  5603.822     5606.732     5732.656
159  mtVer+F+G4    2773.199     29  5604.398     5607.308     5733.232
160  mtVer+F+I+G4  2772.979     30  5605.958     5609.074     5739.234
161  mtInv         3144.158     9   6306.315     6306.607     6346.298
162  mtInv+I       3128.353     10  6276.705     6277.062     6321.131
163  mtInv+G4      3129.619     10  6279.238     6279.594     6323.663
164  mtInv+I+G4    3129.132     11  6280.265     6280.693     6329.133
165  mtInv+F       2771.024     28  5598.047     5600.759     5722.439
166  mtInv+F+I     2763.753     29  5585.505     5588.415     5714.339
167  mtInv+F+G4    2763.150     29  5584.301     5587.211     5713.135
168  mtInv+F+I+G4  2763.419     30  5586.838     5589.954     5720.114
169  mtMAM         3087.427     9   6192.854     6193.145     6232.837
170  mtMAM+I       3032.247     10  6084.494     6084.850     6128.919
171  mtMAM+G4      3030.713     10  6081.426     6081.782     6125.851
172  mtMAM+I+G4    3030.235     11  6082.470     6082.899     6131.338
173  mtMAM+F       2805.152     28  5666.304     5669.015     5790.695
174  mtMAM+F+I     2772.525     29  5603.050     5605.960     5731.884
175  mtMAM+F+G4    2771.845     29  5601.690     5604.600     5730.524
176  mtMAM+F+I+G4  2771.703     30  5603.405     5606.521     5736.682
WARNING: Normalizing state frequencies so that sum of them equals to 1
177  FLAVI         2919.296     9   5856.591     5856.883     5896.574
WARNING: Normalizing state frequencies so that sum of them equals to 1
178  FLAVI+I       2880.857     10  5781.715     5782.071     5826.140
WARNING: Normalizing state frequencies so that sum of them equals to 1
179  FLAVI+G4      2883.258     10  5786.516     5786.872     5830.941
WARNING: Normalizing state frequencies so that sum of them equals to 1
180  FLAVI+I+G4    2882.671     11  5787.342     5787.771     5836.210
WARNING: Normalizing state frequencies so that sum of them equals to 1
181  FLAVI+F       2805.832     28  5667.663     5670.375     5792.055
WARNING: Normalizing state frequencies so that sum of them equals to 1
182  FLAVI+F+I     2770.293     29  5598.586     5601.496     5727.420
WARNING: Normalizing state frequencies so that sum of them equals to 1
183  FLAVI+F+G4    2773.204     29  5604.407     5607.317     5733.241
WARNING: Normalizing state frequencies so that sum of them equals to 1
184  FLAVI+F+I+G4  2772.393     30  5604.786     5607.902     5738.062
185  HIVb          2903.202     9   5824.403     5824.694     5864.386
186  HIVb+I        2871.962     10  5763.924     5764.280     5808.349
187  HIVb+G4       2874.631     10  5769.262     5769.619     5813.688
188  HIVb+I+G4     2874.086     11  5770.171     5770.600     5819.039
189  HIVb+F        2799.665     28  5655.330     5658.041     5779.721
190  HIVb+F+I      2770.202     29  5598.404     5601.314     5727.238
191  HIVb+F+G4     2772.710     29  5603.419     5606.329     5732.253
192  HIVb+F+I+G4   2772.002     30  5604.004     5607.120     5737.281
193  HIVw          3037.696     9   6093.393     6093.684     6133.375
194  HIVw+I        2992.284     10  6004.567     6004.924     6048.993
195  HIVw+G4       2988.236     10  5996.471     5996.828     6040.896
196  HIVw+I+G4     2988.951     11  5999.901     6000.330     6048.769
197  HIVw+F        2839.573     28  5735.146     5737.857     5859.537
198  HIVw+F+I      2798.967     29  5655.935     5658.845     5784.769
199  HIVw+F+G4     2797.845     29  5653.690     5656.600     5782.524
200  HIVw+F+I+G4   2797.982     30  5655.964     5659.080     5789.240
201  FLU           2918.730     9   5855.460     5855.752     5895.443
202  FLU+I         2892.455     10  5804.911     5805.267     5849.336
203  FLU+G4        2893.933     10  5807.866     5808.222     5852.291
204  FLU+I+G4      2893.592     11  5809.184     5809.612     5858.052
205  FLU+F         2798.881     28  5653.763     5656.474     5778.154
206  FLU+F+I       2773.926     29  5605.853     5608.762     5734.686
207  FLU+F+G4      2776.338     29  5610.676     5613.585     5739.509
208  FLU+F+I+G4    2775.600     30  5611.200     5614.316     5744.476
209  rtREV         2878.228     9   5774.456     5774.747     5814.438
210  rtREV+I       2875.224     10  5770.448     5770.804     5814.873
211  rtREV+G4      2875.153     10  5770.306     5770.662     5814.731
212  rtREV+I+G4    2875.231     11  5772.462     5772.890     5821.330
213  rtREV+F       2766.580     28  5589.160     5591.871     5713.551
214  rtREV+F+I     2763.644     29  5585.289     5588.198     5714.122
215  rtREV+F+G4    2763.371     29  5584.742     5587.652     5713.576
216  rtREV+F+I+G4  2763.671     30  5587.342     5590.457     5720.618
217  cpREV         2863.271     9   5744.543     5744.834     5784.526
218  cpREV+I       2859.316     10  5738.632     5738.988     5783.057
219  cpREV+G4      2859.502     10  5739.004     5739.360     5783.429
220  cpREV+I+G4    2859.332     11  5740.663     5741.092     5789.531
221  cpREV+F       2773.114     28  5602.227     5604.938     5726.618
222  cpREV+F+I     2768.629     29  5595.259     5598.169     5724.093
223  cpREV+F+G4    2768.678     29  5595.355     5598.265     5724.189
224  cpREV+F+I+G4  2768.628     30  5597.257     5600.372     5730.533
Akaike Information Criterion:           Q.insect+F
Corrected Akaike Information Criterion: Q.insect+F
Bayesian Information Criterion:         Q.insect+F
Best-fit model: Q.insect+F chosen according to BIC

All model information printed to ../results/molecular_evolution_analyses/phylogenetic_trees/F44249_MLIG_G1/F44249_MLIG_G1.model.gz
CPU time for ModelFinder: 2.826 seconds (0h:0m:2s)
Wall-clock time for ModelFinder: 2.826 seconds (0h:0m:2s)
Generating 1000 samples for ultrafast bootstrap (seed: 621483)...

NOTE: 0 MB RAM (0 GB) is required!
Estimate model parameters (epsilon = 0.100)
1. Initial log-likelihood: -2742.654
Optimal log-likelihood: -2742.651
Parameters optimization took 1 rounds (0.001 sec)
Wrote distance file to... 
Computing ML distances based on estimated model parameters...
Calculating distance matrix: done in 0.00105691 secs using 99.54% CPU
Computing ML distances took 0.001082 sec (of wall-clock time) 0.001076 sec (of CPU time)
Setting up auxiliary I and S matrices: done in 2.40803e-05 secs using 103.8% CPU
Constructing RapidNJ tree: done in 2.21729e-05 secs using 103.7% CPU
Computing RapidNJ tree took 0.000087 sec (of wall-clock time) 0.000088 sec (of CPU time)
Log-likelihood of RapidNJ tree: -2742.651
--------------------------------------------------------------------
|             INITIALIZING CANDIDATE TREE SET                      |
--------------------------------------------------------------------
Generating 99 parsimony trees... 0.019 second
Computing log-likelihood of 10 initial trees ... 0.003 seconds
Current best score: -2742.651

Do NNI search on 11 best initial trees
Optimizing NNI: done in 0.00120902 secs using 100% CPU
Optimizing NNI: done in 0.00259686 secs using 254.1% CPU
Optimizing NNI: done in 0.00257802 secs using 255% CPU
Optimizing NNI: done in 0.00250697 secs using 100% CPU
Optimizing NNI: done in 0.00251913 secs using 258.7% CPU
Optimizing NNI: done in 0.00254297 secs using 257.3% CPU
Optimizing NNI: done in 0.00252891 secs using 100% CPU
Optimizing NNI: done in 0.00534201 secs using 249.7% CPU
Optimizing NNI: done in 0.00534511 secs using 174.7% CPU
Optimizing NNI: done in 0.00531507 secs using 239.8% CPU
Iteration 10 / LogL: -2742.660 / Time: 0h:0m:0s
Optimizing NNI: done in 0.00534701 secs using 199.9% CPU
Finish initializing candidate tree set (11)
Current best tree score: -2742.651 / CPU time: 0.065
Number of iterations: 11
--------------------------------------------------------------------
|               OPTIMIZING CANDIDATE TREE SET                      |
--------------------------------------------------------------------
Optimizing NNI: done in 0.00237107 secs using 199.9% CPU
UPDATE BEST LOG-LIKELIHOOD: -2742.651
Optimizing NNI: done in 0.00368595 secs using 199.8% CPU
Optimizing NNI: done in 0.00247884 secs using 199.9% CPU
Optimizing NNI: done in 0.00244093 secs using 200% CPU
Optimizing NNI: done in 0.00233817 secs using 199.7% CPU
UPDATE BEST LOG-LIKELIHOOD: -2742.651
Optimizing NNI: done in 0.00242186 secs using 199.7% CPU
UPDATE BEST LOG-LIKELIHOOD: -2742.651
Optimizing NNI: done in 0.00243497 secs using 199.8% CPU
Optimizing NNI: done in 0.00236988 secs using 200.1% CPU
Optimizing NNI: done in 0.00239396 secs using 32.46% CPU
Iteration 20 / LogL: -2742.652 / Time: 0h:0m:0s
Optimizing NNI: done in 0.0038209 secs using 199.9% CPU
Optimizing NNI: done in 0.00245595 secs using 199.9% CPU
Optimizing NNI: done in 0.00229716 secs using 200% CPU
Optimizing NNI: done in 0.00241804 secs using 200% CPU
Optimizing NNI: done in 0.00106406 secs using 200% CPU
Optimizing NNI: done in 0.00239992 secs using 199.9% CPU
Optimizing NNI: done in 0.00237703 secs using 200% CPU
Optimizing NNI: done in 0.00246191 secs using 200% CPU
Optimizing NNI: done in 0.00242686 secs using 200% CPU
Optimizing NNI: done in 0.00236988 secs using 200% CPU
Iteration 30 / LogL: -2742.703 / Time: 0h:0m:0s (0h:0m:0s left)
Optimizing NNI: done in 0.00359511 secs using 199.9% CPU
Optimizing NNI: done in 0.00229192 secs using 200% CPU
Optimizing NNI: done in 0.00230694 secs using 199.9% CPU
Optimizing NNI: done in 0.003618 secs using 89.36% CPU
Optimizing NNI: done in 0.00242591 secs using 199.6% CPU
Optimizing NNI: done in 0.00245094 secs using 130.9% CPU
Optimizing NNI: done in 0.00243592 secs using 99.88% CPU
Optimizing NNI: done in 0.00243592 secs using 99.96% CPU
Optimizing NNI: done in 0.0023489 secs using 99.88% CPU
Optimizing NNI: done in 0.00236988 secs using 100% CPU
Iteration 40 / LogL: -2742.703 / Time: 0h:0m:0s (0h:0m:0s left)
Optimizing NNI: done in 0.00359106 secs using 99.94% CPU
Optimizing NNI: done in 0.00241899 secs using 99.79% CPU
Optimizing NNI: done in 0.00244713 secs using 99.99% CPU
Optimizing NNI: done in 0.00240302 secs using 100% CPU
Optimizing NNI: done in 0.00358701 secs using 100% CPU
Optimizing NNI: done in 0.00379705 secs using 99.92% CPU
Optimizing NNI: done in 0.00236988 secs using 100% CPU
Optimizing NNI: done in 0.00244403 secs using 100% CPU
Optimizing NNI: done in 0.00104094 secs using 100% CPU
Optimizing NNI: done in 0.00243211 secs using 100% CPU
Iteration 50 / LogL: -2742.662 / Time: 0h:0m:0s (0h:0m:0s left)
Log-likelihood cutoff on original alignment: -2745.846
Optimizing NNI: done in 0.001091 secs using 99.91% CPU
Optimizing NNI: done in 0.00243807 secs using 99.83% CPU
Optimizing NNI: done in 0.00107193 secs using 100% CPU
Optimizing NNI: done in 0.00106621 secs using 99.61% CPU
Optimizing NNI: done in 0.00356197 secs using 100% CPU
Optimizing NNI: done in 0.00359297 secs using 99.92% CPU
Optimizing NNI: done in 0.00359082 secs using 99.98% CPU
Optimizing NNI: done in 0.00108194 secs using 99.73% CPU
Optimizing NNI: done in 0.00240803 secs using 99.96% CPU
Optimizing NNI: done in 0.0023849 secs using 99.96% CPU
Iteration 60 / LogL: -2742.662 / Time: 0h:0m:0s (0h:0m:0s left)
Optimizing NNI: done in 0.00240707 secs using 99.96% CPU
Optimizing NNI: done in 0.00358415 secs using 99.88% CPU
Optimizing NNI: done in 0.00106406 secs using 99.9% CPU
Optimizing NNI: done in 0.00358105 secs using 99.91% CPU
Optimizing NNI: done in 0.00237203 secs using 100% CPU
Optimizing NNI: done in 0.00243592 secs using 100% CPU
Optimizing NNI: done in 0.00239587 secs using 100% CPU
Optimizing NNI: done in 0.00242805 secs using 99.83% CPU
Optimizing NNI: done in 0.00378489 secs using 100% CPU
Optimizing NNI: done in 0.00242305 secs using 99.87% CPU
Iteration 70 / LogL: -2742.660 / Time: 0h:0m:0s (0h:0m:0s left)
Optimizing NNI: done in 0.00370812 secs using 99.97% CPU
Optimizing NNI: done in 0.00246501 secs using 99.84% CPU
Optimizing NNI: done in 0.00233006 secs using 100% CPU
Optimizing NNI: done in 0.00105596 secs using 100% CPU
Optimizing NNI: done in 0.00243998 secs using 100% CPU
Optimizing NNI: done in 0.00363398 secs using 99.89% CPU
Optimizing NNI: done in 0.00373793 secs using 100% CPU
Optimizing NNI: done in 0.00375986 secs using 100% CPU
Optimizing NNI: done in 0.00229597 secs using 49.52% CPU
Optimizing NNI: done in 0.00102615 secs using 99.99% CPU
Iteration 80 / LogL: -2743.290 / Time: 0h:0m:0s (0h:0m:0s left)
Optimizing NNI: done in 0.00104308 secs using 99.7% CPU
Optimizing NNI: done in 0.00243092 secs using 100% CPU
Optimizing NNI: done in 0.00359702 secs using 99.89% CPU
Optimizing NNI: done in 0.00244093 secs using 100% CPU
Optimizing NNI: done in 0.00243402 secs using 100% CPU
Optimizing NNI: done in 0.00245595 secs using 99.96% CPU
Optimizing NNI: done in 0.00235701 secs using 99.96% CPU
Optimizing NNI: done in 0.00243592 secs using 100% CPU
Optimizing NNI: done in 0.00244188 secs using 99.96% CPU
Optimizing NNI: done in 0.00245285 secs using 99.88% CPU
Iteration 90 / LogL: -2742.660 / Time: 0h:0m:0s (0h:0m:0s left)
Optimizing NNI: done in 0.00239897 secs using 100% CPU
Optimizing NNI: done in 0.00366306 secs using 100% CPU
Optimizing NNI: done in 0.00372481 secs using 100% CPU
Optimizing NNI: done in 0.00234604 secs using 51.53% CPU
Optimizing NNI: done in 0.00365996 secs using 99.7% CPU
Optimizing NNI: done in 0.0024178 secs using 99.97% CPU
Optimizing NNI: done in 0.00242996 secs using 99.92% CPU
Optimizing NNI: done in 0.0024159 secs using 100% CPU
Optimizing NNI: done in 0.00376415 secs using 99.92% CPU
Optimizing NNI: done in 0.0024581 secs using 100% CPU
Iteration 100 / LogL: -2742.660 / Time: 0h:0m:0s (0h:0m:0s left)
Log-likelihood cutoff on original alignment: -2746.289
NOTE: Bootstrap correlation coefficient of split occurrence frequencies: 0.992
Optimizing NNI: done in 0.00109291 secs using 99.92% CPU
TREE SEARCH COMPLETED AFTER 101 ITERATIONS / Time: 0h:0m:0s

--------------------------------------------------------------------
|                    FINALIZING TREE SEARCH                        |
--------------------------------------------------------------------
Performs final model parameters optimization
Estimate model parameters (epsilon = 0.010)
1. Initial log-likelihood: -2742.651
Optimal log-likelihood: -2742.651
Parameters optimization took 1 rounds (0.001 sec)
BEST SCORE FOUND : -2742.651

Testing tree branches by SH-like aLRT with 1000 replicates...
0.039 sec.
Creating bootstrap support values...
Split supports printed to NEXUS file ../results/molecular_evolution_analyses/phylogenetic_trees/F44249_MLIG_G1/F44249_MLIG_G1.splits.nex
Total tree length: 0.480

Total number of iterations: 101
CPU time used for tree search: 0.746 sec (0h:0m:0s)
Wall-clock time used for tree search: 0.566 sec (0h:0m:0s)
Total CPU time used: 0.818 sec (0h:0m:0s)
Total wall-clock time used: 0.637 sec (0h:0m:0s)

Computing bootstrap consensus tree...
Reading input file ../results/molecular_evolution_analyses/phylogenetic_trees/F44249_MLIG_G1/F44249_MLIG_G1.splits.nex...
6 taxa and 13 splits.
Consensus tree written to ../results/molecular_evolution_analyses/phylogenetic_trees/F44249_MLIG_G1/F44249_MLIG_G1.contree
Reading input trees file ../results/molecular_evolution_analyses/phylogenetic_trees/F44249_MLIG_G1/F44249_MLIG_G1.contree
Log-likelihood of consensus tree: -2742.653

Analysis results written to: 
  IQ-TREE report:                ../results/molecular_evolution_analyses/phylogenetic_trees/F44249_MLIG_G1/F44249_MLIG_G1.iqtree
  Maximum-likelihood tree:       ../results/molecular_evolution_analyses/phylogenetic_trees/F44249_MLIG_G1/F44249_MLIG_G1.treefile
  Likelihood distances:          ../results/molecular_evolution_analyses/phylogenetic_trees/F44249_MLIG_G1/F44249_MLIG_G1.mldist

Ultrafast bootstrap approximation results written to:
  Split support values:          ../results/molecular_evolution_analyses/phylogenetic_trees/F44249_MLIG_G1/F44249_MLIG_G1.splits.nex
  Consensus tree:                ../results/molecular_evolution_analyses/phylogenetic_trees/F44249_MLIG_G1/F44249_MLIG_G1.contree
  Screen log file:               ../results/molecular_evolution_analyses/phylogenetic_trees/F44249_MLIG_G1/F44249_MLIG_G1.log

Date and Time: Wed May  1 09:28:29 2024
