IQ-TREE multicore version 2.2.2.6 COVID-edition for Linux 64-bit built May 27 2023
Developed by Bui Quang Minh, James Barbetti, Nguyen Lam Tung,
Olga Chernomor, Heiko Schmidt, Dominik Schrempf, Michael Woodhams, Ly Trong Nhan.

Host:    lbc5 (AVX2, FMA3, 125 GB RAM)
Command: /home/mauricio/mauricio_PROGRAMAS/iqtree-2.2.2.6-Linux/bin/iqtree2 -s ../results/molecular_evolution_analyses/alignments_gblocks/F112221_SMED_G1/F112221_SMED_G1.aln.gblo -m TEST --threads-max 32 --alrt 1000 --ufboot 1000 --prefix ../results/molecular_evolution_analyses/phylogenetic_trees/F112221_SMED_G1/F112221_SMED_G1 -keep-ident -redo
Seed:    728788 (Using SPRNG - Scalable Parallel Random Number Generator)
Time:    Wed May  1 11:51:48 2024
Kernel:  AVX+FMA - 1 threads (32 CPU cores detected)

HINT: Use -nt option to specify number of threads because your CPU has 32 cores!
HINT: -nt AUTO will automatically determine the best number of threads to use.

Reading alignment file ../results/molecular_evolution_analyses/alignments_gblocks/F112221_SMED_G1/F112221_SMED_G1.aln.gblo ... Fasta format detected
Reading fasta file: done in 0.00012207 secs using 99.12% CPU
Alignment most likely contains protein sequences
Constructing alignment: done in 0.000369072 secs using 99.98% CPU
Alignment has 10 sequences with 369 columns, 107 distinct patterns
41 parsimony-informative, 47 singleton sites, 281 constant sites
            Gap/Ambiguity  Composition  p-value
Analyzing sequences: done in 1.00136e-05 secs using 99.86% CPU
   1  Smed.27967    0.00%    passed    100.00%
   2  Smed.28428    0.00%    passed    100.00%
   3  Smed.14493    0.00%    passed    100.00%
   4  Smed.6828     0.00%    passed    100.00%
   5  Smed.24993    0.00%    passed    100.00%
   6  Smed.27739    0.00%    passed    100.00%
   7  Smed.24431    0.00%    passed    100.00%
   8  Smed.27447    0.00%    passed    100.00%
   9  Smed.217      0.00%    passed    100.00%
  10  Smed.23796    0.00%    passed    100.00%
****  TOTAL         0.00%  0 sequences failed composition chi2 test (p-value<5%; df=19)


Create initial parsimony tree by phylogenetic likelihood library (PLL)... 0.000 seconds
Perform fast likelihood tree search using LG+I+G model...
Estimate model parameters (epsilon = 5.000)
Perform nearest neighbor interchange...
Optimizing NNI: done in 0.014138 secs using 99.94% CPU
Estimate model parameters (epsilon = 1.000)
1. Initial log-likelihood: -1978.208
Optimal log-likelihood: -1978.197
Proportion of invariable sites: 0.378
Gamma shape alpha: 0.972
Parameters optimization took 1 rounds (0.006 sec)
Time for fast ML tree search: 0.033 seconds

NOTE: ModelFinder requires 1 MB RAM!
ModelFinder will test up to 224 protein models (sample size: 369) ...
 No. Model         -LnL         df  AIC          AICc         BIC
  1  LG            1998.413     17  4030.826     4032.569     4097.309
  2  LG+I          1980.842     18  3997.685     3999.639     4068.079
  3  LG+G4         1978.619     18  3993.238     3995.192     4063.632
  4  LG+I+G4       1978.196     19  3994.392     3996.570     4068.697
  6  LG+F+I        1950.625     37  3975.250     3983.745     4119.949
  7  LG+F+G4       1948.644     37  3971.288     3979.784     4115.988
  8  LG+F+I+G4     1948.301     38  3972.602     3981.584     4121.213
 10  WAG+I         1970.607     18  3977.215     3979.169     4047.609
 11  WAG+G4        1968.576     18  3973.152     3975.106     4043.546
 12  WAG+I+G4      1968.339     19  3974.679     3976.856     4048.984
 14  WAG+F+I       1937.997     37  3949.994     3958.490     4094.694
 15  WAG+F+G4      1936.177     37  3946.354     3954.849     4091.053
 16  WAG+F+I+G4    1935.906     38  3947.813     3956.795     4096.423
 18  JTT+I         1932.549     18  3901.098     3903.052     3971.492
 19  JTT+G4        1930.987     18  3897.974     3899.929     3968.369
 20  JTT+I+G4      1930.887     19  3899.774     3901.952     3974.079
 22  JTT+F+I       1904.291     37  3882.583     3891.078     4027.282
 23  JTT+F+G4      1902.843     37  3879.685     3888.181     4024.385
 24  JTT+F+I+G4    1902.698     38  3881.397     3890.379     4030.007
WARNING: Normalizing state frequencies so that sum of them equals to 1
 26  Q.pfam+I      1986.901     18  4009.803     4011.757     4080.197
WARNING: Normalizing state frequencies so that sum of them equals to 1
 27  Q.pfam+G4     1984.656     18  4005.312     4007.267     4075.707
WARNING: Normalizing state frequencies so that sum of them equals to 1
 28  Q.pfam+I+G4   1984.265     19  4006.529     4008.707     4080.834
WARNING: Normalizing state frequencies so that sum of them equals to 1
 30  Q.pfam+F+I    1950.355     37  3974.711     3983.206     4119.410
WARNING: Normalizing state frequencies so that sum of them equals to 1
 31  Q.pfam+F+G4   1948.372     37  3970.744     3979.239     4115.443
WARNING: Normalizing state frequencies so that sum of them equals to 1
 32  Q.pfam+F+I+G4 1948.047     38  3972.094     3981.075     4120.704
WARNING: Normalizing state frequencies so that sum of them equals to 1
 34  Q.bird+I      1923.597     18  3883.194     3885.148     3953.588
WARNING: Normalizing state frequencies so that sum of them equals to 1
 35  Q.bird+G4     1921.768     18  3879.536     3881.490     3949.930
WARNING: Normalizing state frequencies so that sum of them equals to 1
 36  Q.bird+I+G4   1921.565     19  3881.130     3883.307     3955.435
WARNING: Normalizing state frequencies so that sum of them equals to 1
 38  Q.bird+F+I    1892.796     37  3859.593     3868.088     4004.292
WARNING: Normalizing state frequencies so that sum of them equals to 1
 39  Q.bird+F+G4   1890.898     37  3855.795     3864.291     4000.495
WARNING: Normalizing state frequencies so that sum of them equals to 1
 40  Q.bird+F+I+G4 1890.673     38  3857.346     3866.328     4005.956
WARNING: Normalizing state frequencies so that sum of them equals to 1
 42  Q.mammal+I    1929.362     18  3894.724     3896.678     3965.118
WARNING: Normalizing state frequencies so that sum of them equals to 1
 43  Q.mammal+G4   1927.536     18  3891.072     3893.026     3961.466
WARNING: Normalizing state frequencies so that sum of them equals to 1
 44  Q.mammal+I+G4 1927.376     19  3892.752     3894.929     3967.057
WARNING: Normalizing state frequencies so that sum of them equals to 1
 46  Q.mammal+F+I  1895.696     37  3865.392     3873.888     4010.092
WARNING: Normalizing state frequencies so that sum of them equals to 1
 47  Q.mammal+F+G4 1893.893     37  3861.786     3870.281     4006.485
WARNING: Normalizing state frequencies so that sum of them equals to 1
 48  Q.mammal+F+I+G4 1893.719     38  3863.438     3872.420     4012.048
 50  Q.insect+I    1964.705     18  3965.410     3967.365     4035.805
 51  Q.insect+G4   1962.778     18  3961.556     3963.510     4031.951
 52  Q.insect+I+G4 1962.520     19  3963.039     3965.217     4037.345
 54  Q.insect+F+I  1935.264     37  3944.528     3953.023     4089.227
 55  Q.insect+F+G4 1933.573     37  3941.146     3949.641     4085.845
 56  Q.insect+F+I+G4 1933.380     38  3942.760     3951.742     4091.371
WARNING: Normalizing state frequencies so that sum of them equals to 1
 58  Q.plant+I     1955.404     18  3946.808     3948.762     4017.202
WARNING: Normalizing state frequencies so that sum of them equals to 1
 59  Q.plant+G4    1953.561     18  3943.122     3945.076     4013.516
WARNING: Normalizing state frequencies so that sum of them equals to 1
 60  Q.plant+I+G4  1953.196     19  3944.391     3946.569     4018.696
WARNING: Normalizing state frequencies so that sum of them equals to 1
 62  Q.plant+F+I   1914.810     37  3903.619     3912.115     4048.319
WARNING: Normalizing state frequencies so that sum of them equals to 1
 63  Q.plant+F+G4  1913.098     37  3900.195     3908.691     4044.895
WARNING: Normalizing state frequencies so that sum of them equals to 1
 64  Q.plant+F+I+G4 1912.728     38  3901.455     3910.437     4050.065
WARNING: Normalizing state frequencies so that sum of them equals to 1
 66  Q.yeast+I     1987.758     18  4011.516     4013.470     4081.910
WARNING: Normalizing state frequencies so that sum of them equals to 1
 67  Q.yeast+G4    1985.867     18  4007.734     4009.688     4078.128
WARNING: Normalizing state frequencies so that sum of them equals to 1
 68  Q.yeast+I+G4  1985.539     19  4009.078     4011.255     4083.383
WARNING: Normalizing state frequencies so that sum of them equals to 1
 70  Q.yeast+F+I   1947.567     37  3969.135     3977.630     4113.834
WARNING: Normalizing state frequencies so that sum of them equals to 1
 71  Q.yeast+F+G4  1945.947     37  3965.894     3974.389     4110.593
WARNING: Normalizing state frequencies so that sum of them equals to 1
 72  Q.yeast+F+I+G4 1945.713     38  3967.426     3976.408     4116.037
 74  JTTDCMut+I    1933.646     18  3903.291     3905.245     3973.685
 75  JTTDCMut+G4   1932.095     18  3900.189     3902.144     3970.584
 76  JTTDCMut+I+G4 1931.981     19  3901.963     3904.140     3976.268
 78  JTTDCMut+F+I  1905.392     37  3884.784     3893.280     4029.484
 79  JTTDCMut+F+G4 1903.963     37  3881.926     3890.421     4026.625
 80  JTTDCMut+F+I+G4 1903.805     38  3883.611     3892.593     4032.221
 82  DCMut+I       1986.195     18  4008.390     4010.344     4078.784
 83  DCMut+G4      1983.838     18  4003.677     4005.631     4074.071
 84  DCMut+I+G4    1983.483     19  4004.967     4007.144     4079.272
 86  DCMut+F+I     1954.348     37  3982.697     3991.192     4127.396
 87  DCMut+F+G4    1952.681     37  3979.362     3987.858     4124.062
 88  DCMut+F+I+G4  1952.277     38  3980.553     3989.535     4129.163
 90  VT+I          1964.775     18  3965.550     3967.505     4035.945
 91  VT+G4         1963.091     18  3962.182     3964.137     4032.577
 92  VT+I+G4       1962.935     19  3963.869     3966.047     4038.174
 94  VT+F+I        1934.857     37  3943.715     3952.210     4088.414
 95  VT+F+G4       1933.282     37  3940.563     3949.059     4085.263
 96  VT+F+I+G4     1933.113     38  3942.227     3951.209     4090.837
 98  PMB+I         1987.022     18  4010.045     4011.999     4080.439
 99  PMB+G4        1985.076     18  4006.152     4008.106     4076.546
100  PMB+I+G4      1984.859     19  4007.718     4009.896     4082.023
102  PMB+F+I       1955.977     37  3985.955     3994.450     4130.654
103  PMB+F+G4      1954.163     37  3982.327     3990.822     4127.026
104  PMB+F+I+G4    1953.929     38  3983.858     3992.840     4132.468
106  Blosum62+I    1993.187     18  4022.374     4024.328     4092.768
107  Blosum62+G4   1991.009     18  4018.018     4019.972     4088.412
108  Blosum62+I+G4 1990.724     19  4019.449     4021.626     4093.754
110  Blosum62+F+I  1963.553     37  4001.106     4009.601     4145.805
111  Blosum62+F+G4 1961.523     37  3997.045     4005.541     4141.745
112  Blosum62+F+I+G4 1961.244     38  3998.488     4007.470     4147.098
114  Dayhoff+I     1986.148     18  4008.296     4010.250     4078.690
115  Dayhoff+G4    1983.783     18  4003.566     4005.520     4073.960
116  Dayhoff+I+G4  1983.426     19  4004.853     4007.030     4079.158
118  Dayhoff+F+I   1954.314     37  3982.629     3991.124     4127.328
119  Dayhoff+F+G4  1952.644     37  3979.288     3987.784     4123.988
120  Dayhoff+F+I+G4 1952.237     38  3980.474     3989.455     4129.084
122  mtREV+I       2070.562     18  4177.125     4179.079     4247.519
123  mtREV+G4      2066.700     18  4169.399     4171.354     4239.794
124  mtREV+I+G4    2066.394     19  4170.787     4172.965     4245.093
126  mtREV+F+I     1934.420     37  3942.840     3951.335     4087.539
127  mtREV+F+G4    1932.010     37  3938.020     3946.516     4082.720
128  mtREV+F+I+G4  1931.715     38  3939.430     3948.412     4088.040
130  mtART+I       2140.132     18  4316.265     4318.219     4386.659
131  mtART+G4      2132.236     18  4300.471     4302.426     4370.866
132  mtART+I+G4    2130.530     19  4299.061     4301.238     4373.366
134  mtART+F+I     1987.474     37  4048.948     4057.443     4193.647
135  mtART+F+G4    1982.896     37  4039.791     4048.287     4184.491
136  mtART+F+I+G4  1981.775     38  4039.550     4048.532     4188.160
138  mtZOA+I       2102.044     18  4240.089     4242.043     4310.483
139  mtZOA+G4      2097.534     18  4231.068     4233.022     4301.463
140  mtZOA+I+G4    2096.850     19  4231.700     4233.878     4306.005
142  mtZOA+F+I     1959.815     37  3993.629     4002.125     4138.329
143  mtZOA+F+G4    1957.227     37  3988.453     3996.949     4133.153
144  mtZOA+F+I+G4  1956.864     38  3989.728     3998.710     4138.338
146  mtMet+I       2061.866     18  4159.733     4161.687     4230.127
147  mtMet+G4      2058.873     18  4153.746     4155.700     4224.140
148  mtMet+I+G4    2058.634     19  4155.269     4157.446     4229.574
150  mtMet+F+I     1923.558     37  3921.117     3929.612     4065.816
151  mtMet+F+G4    1921.753     37  3917.506     3926.002     4062.206
152  mtMet+F+I+G4  1921.552     38  3919.105     3928.086     4067.715
154  mtVer+I       2064.629     18  4165.258     4167.212     4235.652
155  mtVer+G4      2061.017     18  4158.034     4159.989     4228.429
156  mtVer+I+G4    2060.878     19  4159.755     4161.933     4234.060
158  mtVer+F+I     1928.729     37  3931.458     3939.954     4076.158
159  mtVer+F+G4    1927.064     37  3928.128     3936.623     4072.827
160  mtVer+F+I+G4  1926.692     38  3929.383     3938.365     4077.994
162  mtInv+I       2102.793     18  4241.586     4243.540     4311.980
163  mtInv+G4      2100.190     18  4236.380     4238.334     4306.774
164  mtInv+I+G4    2099.881     19  4237.762     4239.939     4312.067
166  mtInv+F+I     1935.869     37  3945.738     3954.234     4090.438
167  mtInv+F+G4    1934.077     37  3942.154     3950.649     4086.853
168  mtInv+F+I+G4  1933.848     38  3943.696     3952.678     4092.306
170  mtMAM+I       2089.556     18  4215.111     4217.066     4285.506
171  mtMAM+G4      2082.363     18  4200.727     4202.681     4271.121
172  mtMAM+I+G4    2081.825     19  4201.650     4203.827     4275.955
174  mtMAM+F+I     1946.108     37  3966.216     3974.712     4110.916
175  mtMAM+F+G4    1942.937     37  3959.873     3968.369     4104.573
176  mtMAM+F+I+G4  1942.335     38  3960.669     3969.651     4109.279
WARNING: Normalizing state frequencies so that sum of them equals to 1
178  FLAVI+I       1931.406     18  3898.811     3900.765     3969.206
WARNING: Normalizing state frequencies so that sum of them equals to 1
179  FLAVI+G4      1929.715     18  3895.430     3897.384     3965.824
WARNING: Normalizing state frequencies so that sum of them equals to 1
180  FLAVI+I+G4    1929.499     19  3896.999     3899.177     3971.304
WARNING: Normalizing state frequencies so that sum of them equals to 1
182  FLAVI+F+I     1883.422     37  3840.844     3849.339     3985.543
WARNING: Normalizing state frequencies so that sum of them equals to 1
183  FLAVI+F+G4    1881.822     37  3837.644     3846.140     3982.344
WARNING: Normalizing state frequencies so that sum of them equals to 1
184  FLAVI+F+I+G4  1881.510     38  3839.020     3848.002     3987.631
186  HIVb+I        1920.412     18  3876.824     3878.779     3947.219
187  HIVb+G4       1918.637     18  3873.274     3875.228     3943.668
188  HIVb+I+G4     1918.370     19  3874.741     3876.918     3949.046
190  HIVb+F+I      1893.776     37  3861.552     3870.048     4006.252
191  HIVb+F+G4     1892.049     37  3858.098     3866.593     4002.797
192  HIVb+F+I+G4   1891.739     38  3859.477     3868.459     4008.087
194  HIVw+I        1911.616     18  3859.233     3861.187     3929.627
195  HIVw+G4       1909.819     18  3855.637     3857.592     3926.032
196  HIVw+I+G4     1909.412     19  3856.824     3859.002     3931.129
198  HIVw+F+I      1887.527     37  3849.055     3857.550     3993.754
199  HIVw+F+G4     1885.666     37  3845.331     3853.827     3990.031
200  HIVw+F+I+G4   1885.195     38  3846.390     3855.372     3995.000
202  FLU+I         1931.712     18  3899.424     3901.378     3969.818
203  FLU+G4        1929.489     18  3894.978     3896.932     3965.372
204  FLU+I+G4      1929.139     19  3896.278     3898.455     3970.583
206  FLU+F+I       1910.150     37  3894.300     3902.795     4038.999
207  FLU+F+G4      1907.890     37  3889.779     3898.275     4034.479
208  FLU+F+I+G4    1907.441     38  3890.881     3899.863     4039.492
210  rtREV+I       2000.311     18  4036.622     4038.576     4107.016
211  rtREV+G4      1997.551     18  4031.103     4033.057     4101.497
212  rtREV+I+G4    1997.060     19  4032.120     4034.298     4106.425
214  rtREV+F+I     1960.646     37  3995.293     4003.788     4139.992
215  rtREV+F+G4    1958.407     37  3990.813     3999.309     4135.513
216  rtREV+F+I+G4  1958.004     38  3992.008     4000.990     4140.619
218  cpREV+I       1977.667     18  3991.334     3993.288     4061.728
219  cpREV+G4      1975.475     18  3986.949     3988.904     4057.344
220  cpREV+I+G4    1975.102     19  3988.204     3990.381     4062.509
222  cpREV+F+I     1937.503     37  3949.007     3957.502     4093.706
223  cpREV+F+G4    1935.210     37  3944.420     3952.916     4089.120
224  cpREV+F+I+G4  1934.730     38  3945.459     3954.441     4094.070
Akaike Information Criterion:           FLAVI+F+G4
Corrected Akaike Information Criterion: FLAVI+F+G4
Bayesian Information Criterion:         HIVw+G4
Best-fit model: HIVw+G4 chosen according to BIC

All model information printed to ../results/molecular_evolution_analyses/phylogenetic_trees/F112221_SMED_G1/F112221_SMED_G1.model.gz
CPU time for ModelFinder: 2.046 seconds (0h:0m:2s)
Wall-clock time for ModelFinder: 2.051 seconds (0h:0m:2s)
Generating 1000 samples for ultrafast bootstrap (seed: 728788)...

NOTE: 1 MB RAM (0 GB) is required!
Estimate model parameters (epsilon = 0.100)
1. Initial log-likelihood: -1909.819
Optimal log-likelihood: -1909.819
Gamma shape alpha: 0.365
Parameters optimization took 1 rounds (0.006 sec)
Wrote distance file to... 
Computing ML distances based on estimated model parameters...
Calculating distance matrix: done in 0.00855303 secs using 99.85% CPU
Computing ML distances took 0.008584 sec (of wall-clock time) 0.008572 sec (of CPU time)
Setting up auxiliary I and S matrices: done in 4.00543e-05 secs using 99.86% CPU
Constructing RapidNJ tree: done in 4.31538e-05 secs using 99.64% CPU
Computing RapidNJ tree took 0.000140 sec (of wall-clock time) 0.000139 sec (of CPU time)
Log-likelihood of RapidNJ tree: -1910.113
--------------------------------------------------------------------
|             INITIALIZING CANDIDATE TREE SET                      |
--------------------------------------------------------------------
Generating 98 parsimony trees... 0.031 second
Computing log-likelihood of 91 initial trees ... 0.155 seconds
Current best score: -1909.819

Do NNI search on 20 best initial trees
Optimizing NNI: done in 0.0136058 secs using 112% CPU
Estimate model parameters (epsilon = 0.100)
BETTER TREE FOUND at iteration 1: -1909.415
Optimizing NNI: done in 0.00676703 secs using 99.96% CPU
Optimizing NNI: done in 0.013783 secs using 99.95% CPU
Optimizing NNI: done in 0.018913 secs using 99.97% CPU
Optimizing NNI: done in 0.014879 secs using 99.96% CPU
Optimizing NNI: done in 0.0177 secs using 99.99% CPU
Optimizing NNI: done in 0.0177591 secs using 99.97% CPU
Optimizing NNI: done in 0.014838 secs using 99.96% CPU
Optimizing NNI: done in 0.0128131 secs using 99.97% CPU
Optimizing NNI: done in 0.013109 secs using 99.98% CPU
Iteration 10 / LogL: -1910.112 / Time: 0h:0m:0s
Optimizing NNI: done in 0.0147562 secs using 99.99% CPU
Optimizing NNI: done in 0.0147741 secs using 99.97% CPU
Optimizing NNI: done in 0.021699 secs using 99.97% CPU
Optimizing NNI: done in 0.0264032 secs using 99.97% CPU
Optimizing NNI: done in 0.0146129 secs using 99.99% CPU
Optimizing NNI: done in 0.0217931 secs using 99.98% CPU
Optimizing NNI: done in 0.01492 secs using 99.98% CPU
Optimizing NNI: done in 0.0217919 secs using 99.99% CPU
Optimizing NNI: done in 0.0221131 secs using 99.96% CPU
Optimizing NNI: done in 0.021975 secs using 99.97% CPU
Iteration 20 / LogL: -1909.418 / Time: 0h:0m:0s
Finish initializing candidate tree set (4)
Current best tree score: -1909.415 / CPU time: 0.550
Number of iterations: 20
--------------------------------------------------------------------
|               OPTIMIZING CANDIDATE TREE SET                      |
--------------------------------------------------------------------
Optimizing NNI: done in 0.023077 secs using 99.96% CPU
Optimizing NNI: done in 0.0298412 secs using 99.98% CPU
Optimizing NNI: done in 0.0209601 secs using 99.99% CPU
Optimizing NNI: done in 0.0213969 secs using 99.97% CPU
Optimizing NNI: done in 0.0237851 secs using 99.97% CPU
Optimizing NNI: done in 0.014982 secs using 99.96% CPU
Optimizing NNI: done in 0.022903 secs using 99.97% CPU
Optimizing NNI: done in 0.027148 secs using 99.99% CPU
Optimizing NNI: done in 0.0143828 secs using 99.98% CPU
Optimizing NNI: done in 0.0124569 secs using 99.98% CPU
Iteration 30 / LogL: -1910.186 / Time: 0h:0m:0s (0h:0m:2s left)
Optimizing NNI: done in 0.021764 secs using 99.98% CPU
Optimizing NNI: done in 0.020386 secs using 99.98% CPU
Optimizing NNI: done in 0.0222011 secs using 99.98% CPU
Optimizing NNI: done in 0.029942 secs using 99.97% CPU
Optimizing NNI: done in 0.0222559 secs using 99.98% CPU
Optimizing NNI: done in 0.0276959 secs using 99.98% CPU
Optimizing NNI: done in 0.0206199 secs using 99.97% CPU
Optimizing NNI: done in 0.0306001 secs using 99.97% CPU
Optimizing NNI: done in 0.0146132 secs using 99.99% CPU
Optimizing NNI: done in 0.021816 secs using 99.98% CPU
Iteration 40 / LogL: -1909.418 / Time: 0h:0m:1s (0h:0m:1s left)
Optimizing NNI: done in 0.0506709 secs using 99.98% CPU
Optimizing NNI: done in 0.043684 secs using 99.98% CPU
Optimizing NNI: done in 0.0298419 secs using 99.98% CPU
Optimizing NNI: done in 0.0199809 secs using 99.97% CPU
Optimizing NNI: done in 0.0273249 secs using 99.98% CPU
Optimizing NNI: done in 0.011874 secs using 99.98% CPU
Optimizing NNI: done in 0.029635 secs using 99.98% CPU
Optimizing NNI: done in 0.0202579 secs using 99.98% CPU
Optimizing NNI: done in 0.014158 secs using 99.99% CPU
Optimizing NNI: done in 0.0149181 secs using 99.98% CPU
Iteration 50 / LogL: -1910.352 / Time: 0h:0m:1s (0h:0m:1s left)
Log-likelihood cutoff on original alignment: -1947.800
Optimizing NNI: done in 0.02107 secs using 99.94% CPU
Optimizing NNI: done in 0.0217242 secs using 99.97% CPU
Optimizing NNI: done in 0.0363851 secs using 99.98% CPU
Optimizing NNI: done in 0.0144279 secs using 99.99% CPU
Optimizing NNI: done in 0.0198481 secs using 99.97% CPU
Optimizing NNI: done in 0.0225291 secs using 99.97% CPU
Optimizing NNI: done in 0.0138779 secs using 99.98% CPU
Optimizing NNI: done in 0.022712 secs using 99.99% CPU
Optimizing NNI: done in 0.011878 secs using 99.97% CPU
Optimizing NNI: done in 0.0219769 secs using 99.99% CPU
Iteration 60 / LogL: -1909.418 / Time: 0h:0m:1s (0h:0m:1s left)
Optimizing NNI: done in 0.0218849 secs using 99.98% CPU
Optimizing NNI: done in 0.0233729 secs using 99.99% CPU
Optimizing NNI: done in 0.012789 secs using 99.98% CPU
Optimizing NNI: done in 0.0119829 secs using 99.98% CPU
Optimizing NNI: done in 0.01596 secs using 99.98% CPU
Optimizing NNI: done in 0.028574 secs using 99.98% CPU
Optimizing NNI: done in 0.0147429 secs using 99.99% CPU
Optimizing NNI: done in 0.022337 secs using 99.97% CPU
Optimizing NNI: done in 0.0218949 secs using 99.98% CPU
Optimizing NNI: done in 0.0136929 secs using 99.96% CPU
Iteration 70 / LogL: -1909.415 / Time: 0h:0m:1s (0h:0m:0s left)
Optimizing NNI: done in 0.0148051 secs using 99.97% CPU
Optimizing NNI: done in 0.0204358 secs using 99.98% CPU
Optimizing NNI: done in 0.0217791 secs using 99.98% CPU
Optimizing NNI: done in 0.0305939 secs using 99.96% CPU
Optimizing NNI: done in 0.0135899 secs using 99.99% CPU
UPDATE BEST LOG-LIKELIHOOD: -1909.415
Optimizing NNI: done in 0.0199709 secs using 99.97% CPU
Optimizing NNI: done in 0.0149639 secs using 99.96% CPU
Optimizing NNI: done in 0.0208681 secs using 99.97% CPU
Optimizing NNI: done in 0.0301039 secs using 99.98% CPU
Optimizing NNI: done in 0.0218539 secs using 99.98% CPU
Iteration 80 / LogL: -1910.350 / Time: 0h:0m:2s (0h:0m:0s left)
Optimizing NNI: done in 0.0290182 secs using 99.98% CPU
Optimizing NNI: done in 0.0216551 secs using 99.98% CPU
Optimizing NNI: done in 0.020479 secs using 99.96% CPU
Optimizing NNI: done in 0.0149119 secs using 99.99% CPU
Optimizing NNI: done in 0.015214 secs using 99.95% CPU
Optimizing NNI: done in 0.028307 secs using 99.98% CPU
Optimizing NNI: done in 0.0268312 secs using 99.97% CPU
Optimizing NNI: done in 0.0217931 secs using 99.97% CPU
Optimizing NNI: done in 0.0150549 secs using 99.99% CPU
Optimizing NNI: done in 0.0266721 secs using 99.98% CPU
Iteration 90 / LogL: -1910.350 / Time: 0h:0m:2s (0h:0m:0s left)
Optimizing NNI: done in 0.010941 secs using 99.97% CPU
Optimizing NNI: done in 0.0270238 secs using 99.99% CPU
Optimizing NNI: done in 0.0230711 secs using 99.99% CPU
Optimizing NNI: done in 0.014735 secs using 99.98% CPU
Optimizing NNI: done in 0.0217521 secs using 99.98% CPU
Optimizing NNI: done in 0.01582 secs using 99.96% CPU
Optimizing NNI: done in 0.0284259 secs using 99.98% CPU
Optimizing NNI: done in 0.0145791 secs using 99.98% CPU
Optimizing NNI: done in 0.0175838 secs using 99.97% CPU
Optimizing NNI: done in 0.021909 secs using 99.97% CPU
Iteration 100 / LogL: -1910.184 / Time: 0h:0m:2s (0h:0m:0s left)
Log-likelihood cutoff on original alignment: -1947.800
NOTE: Bootstrap correlation coefficient of split occurrence frequencies: 1.000
Optimizing NNI: done in 0.0148768 secs using 99.95% CPU
Optimizing NNI: done in 0.011575 secs using 99.97% CPU
TREE SEARCH COMPLETED AFTER 102 ITERATIONS / Time: 0h:0m:2s

--------------------------------------------------------------------
|                    FINALIZING TREE SEARCH                        |
--------------------------------------------------------------------
Performs final model parameters optimization
Estimate model parameters (epsilon = 0.010)
1. Initial log-likelihood: -1909.415
Optimal log-likelihood: -1909.415
Gamma shape alpha: 0.355
Parameters optimization took 1 rounds (0.006 sec)
BEST SCORE FOUND : -1909.415

Testing tree branches by SH-like aLRT with 1000 replicates...
0.061 sec.
Creating bootstrap support values...
Split supports printed to NEXUS file ../results/molecular_evolution_analyses/phylogenetic_trees/F112221_SMED_G1/F112221_SMED_G1.splits.nex
Total tree length: 0.386

Total number of iterations: 102
CPU time used for tree search: 2.762 sec (0h:0m:2s)
Wall-clock time used for tree search: 2.599 sec (0h:0m:2s)
Total CPU time used: 2.884 sec (0h:0m:2s)
Total wall-clock time used: 2.716 sec (0h:0m:2s)

Computing bootstrap consensus tree...
Reading input file ../results/molecular_evolution_analyses/phylogenetic_trees/F112221_SMED_G1/F112221_SMED_G1.splits.nex...
10 taxa and 50 splits.
Consensus tree written to ../results/molecular_evolution_analyses/phylogenetic_trees/F112221_SMED_G1/F112221_SMED_G1.contree
Reading input trees file ../results/molecular_evolution_analyses/phylogenetic_trees/F112221_SMED_G1/F112221_SMED_G1.contree
Log-likelihood of consensus tree: -1909.415

Analysis results written to: 
  IQ-TREE report:                ../results/molecular_evolution_analyses/phylogenetic_trees/F112221_SMED_G1/F112221_SMED_G1.iqtree
  Maximum-likelihood tree:       ../results/molecular_evolution_analyses/phylogenetic_trees/F112221_SMED_G1/F112221_SMED_G1.treefile
  Likelihood distances:          ../results/molecular_evolution_analyses/phylogenetic_trees/F112221_SMED_G1/F112221_SMED_G1.mldist

Ultrafast bootstrap approximation results written to:
  Split support values:          ../results/molecular_evolution_analyses/phylogenetic_trees/F112221_SMED_G1/F112221_SMED_G1.splits.nex
  Consensus tree:                ../results/molecular_evolution_analyses/phylogenetic_trees/F112221_SMED_G1/F112221_SMED_G1.contree
  Screen log file:               ../results/molecular_evolution_analyses/phylogenetic_trees/F112221_SMED_G1/F112221_SMED_G1.log

Date and Time: Wed May  1 11:51:53 2024
