IQ-TREE multicore version 2.2.2.6 COVID-edition for Linux 64-bit built May 27 2023
Developed by Bui Quang Minh, James Barbetti, Nguyen Lam Tung,
Olga Chernomor, Heiko Schmidt, Dominik Schrempf, Michael Woodhams, Ly Trong Nhan.

Host:    lbc5 (AVX2, FMA3, 125 GB RAM)
Command: /home/mauricio/mauricio_PROGRAMAS/iqtree-2.2.2.6-Linux/bin/iqtree2 -s ../results/molecular_evolution_analyses/alignments_gblocks/F110714_MLIG_G1/F110714_MLIG_G1.aln.gblo -m TEST --threads-max 32 --alrt 1000 --ufboot 1000 --prefix ../results/molecular_evolution_analyses/phylogenetic_trees/F110714_MLIG_G1/F110714_MLIG_G1 -keep-ident -redo
Seed:    747904 (Using SPRNG - Scalable Parallel Random Number Generator)
Time:    Wed May  1 09:10:17 2024
Kernel:  AVX+FMA - 1 threads (32 CPU cores detected)

HINT: Use -nt option to specify number of threads because your CPU has 32 cores!
HINT: -nt AUTO will automatically determine the best number of threads to use.

Reading alignment file ../results/molecular_evolution_analyses/alignments_gblocks/F110714_MLIG_G1/F110714_MLIG_G1.aln.gblo ... Fasta format detected
Reading fasta file: done in 0.000185013 secs using 99.45% CPU
Alignment most likely contains protein sequences
Constructing alignment: done in 0.000841141 secs using 100.1% CPU
Alignment has 8 sequences with 831 columns, 346 distinct patterns
250 parsimony-informative, 115 singleton sites, 466 constant sites
            Gap/Ambiguity  Composition  p-value
Analyzing sequences: done in 1.5974e-05 secs using 93.9% CPU
   1  Mlig.23300    0.00%    passed     96.71%
   2  Mlig.24868    0.00%    passed     99.99%
   3  Mlig.44116    0.00%    passed     99.99%
   4  Mlig.21307    0.00%    passed    100.00%
   5  Mlig.13063    0.00%    passed    100.00%
   6  Mlig.42468    0.00%    passed    100.00%
   7  Mlig.21149    0.00%    passed     99.99%
   8  Mlig.39509    0.00%    passed     95.30%
****  TOTAL         0.00%  0 sequences failed composition chi2 test (p-value<5%; df=19)


Create initial parsimony tree by phylogenetic likelihood library (PLL)... 0.000 seconds
Perform fast likelihood tree search using LG+I+G model...
Estimate model parameters (epsilon = 5.000)
Perform nearest neighbor interchange...
Optimizing NNI: done in 0.0127699 secs using 99.96% CPU
Estimate model parameters (epsilon = 1.000)
1. Initial log-likelihood: -5227.023
Optimal log-likelihood: -5227.019
Proportion of invariable sites: 0.284
Gamma shape alpha: 1.734
Parameters optimization took 1 rounds (0.015 sec)
Time for fast ML tree search: 0.068 seconds

NOTE: ModelFinder requires 3 MB RAM!
ModelFinder will test up to 224 protein models (sample size: 831) ...
 No. Model         -LnL         df  AIC          AICc         BIC
  1  LG            5294.240     13  10614.481    10614.926    10675.875
  2  LG+I          5228.940     14  10485.880    10486.395    10551.997
  3  LG+G4         5227.847     14  10483.694    10484.208    10549.811
  4  LG+I+G4       5227.016     15  10484.032    10484.621    10554.872
  6  LG+F+I        5185.572     33  10437.145    10439.960    10592.992
  7  LG+F+G4       5183.914     33  10433.828    10436.643    10589.674
  8  LG+F+I+G4     5183.141     34  10434.282    10437.272    10594.851
 10  WAG+I         5240.146     14  10508.292    10508.807    10574.409
 11  WAG+G4        5242.987     14  10513.974    10514.489    10580.091
 12  WAG+I+G4      5240.980     15  10511.960    10512.549    10582.799
 14  WAG+F+I       5201.172     33  10468.343    10471.159    10624.190
 15  WAG+F+G4      5203.710     33  10473.421    10476.236    10629.268
 16  WAG+F+I+G4    5201.727     34  10471.455    10474.445    10632.024
 18  JTT+I         5224.793     14  10477.586    10478.101    10543.703
 19  JTT+G4        5226.060     14  10480.119    10480.634    10546.236
 20  JTT+I+G4      5224.520     15  10479.040    10479.629    10549.879
 22  JTT+F+I       5187.338     33  10440.676    10443.491    10596.522
 23  JTT+F+G4      5188.596     33  10443.192    10446.008    10599.039
 24  JTT+F+I+G4    5187.027     34  10442.053    10445.043    10602.623
WARNING: Normalizing state frequencies so that sum of them equals to 1
 26  Q.pfam+I      5224.057     14  10476.115    10476.629    10542.231
WARNING: Normalizing state frequencies so that sum of them equals to 1
 27  Q.pfam+G4     5222.916     14  10473.831    10474.346    10539.948
WARNING: Normalizing state frequencies so that sum of them equals to 1
 28  Q.pfam+I+G4   5222.103     15  10474.205    10474.794    10545.045
WARNING: Normalizing state frequencies so that sum of them equals to 1
 30  Q.pfam+F+I    5193.587     33  10453.174    10455.990    10609.021
WARNING: Normalizing state frequencies so that sum of them equals to 1
 31  Q.pfam+F+G4   5191.479     33  10448.957    10451.773    10604.804
WARNING: Normalizing state frequencies so that sum of them equals to 1
 32  Q.pfam+F+I+G4 5190.845     34  10449.689    10452.679    10610.259
WARNING: Normalizing state frequencies so that sum of them equals to 1
 34  Q.bird+I      5273.765     14  10575.530    10576.044    10641.646
WARNING: Normalizing state frequencies so that sum of them equals to 1
 35  Q.bird+G4     5267.527     14  10563.053    10563.568    10629.170
WARNING: Normalizing state frequencies so that sum of them equals to 1
 36  Q.bird+I+G4   5266.499     15  10562.998    10563.587    10633.838
WARNING: Normalizing state frequencies so that sum of them equals to 1
 38  Q.bird+F+I    5249.059     33  10564.118    10566.934    10719.965
WARNING: Normalizing state frequencies so that sum of them equals to 1
 39  Q.bird+F+G4   5240.686     33  10547.372    10550.188    10703.219
WARNING: Normalizing state frequencies so that sum of them equals to 1
 40  Q.bird+F+I+G4 5239.945     34  10547.889    10550.879    10708.459
WARNING: Normalizing state frequencies so that sum of them equals to 1
 42  Q.mammal+I    5251.460     14  10530.919    10531.434    10597.036
WARNING: Normalizing state frequencies so that sum of them equals to 1
 43  Q.mammal+G4   5247.551     14  10523.103    10523.618    10589.220
WARNING: Normalizing state frequencies so that sum of them equals to 1
 44  Q.mammal+I+G4 5246.702     15  10523.403    10523.992    10594.242
WARNING: Normalizing state frequencies so that sum of them equals to 1
 46  Q.mammal+F+I  5229.500     33  10525.000    10527.816    10680.847
WARNING: Normalizing state frequencies so that sum of them equals to 1
 47  Q.mammal+F+G4 5223.730     33  10513.460    10516.276    10669.307
WARNING: Normalizing state frequencies so that sum of them equals to 1
 48  Q.mammal+F+I+G4 5223.196     34  10514.392    10517.382    10674.962
 50  Q.insect+I    5241.441     14  10510.881    10511.396    10576.998
 51  Q.insect+G4   5240.173     14  10508.346    10508.861    10574.463
 52  Q.insect+I+G4 5239.323     15  10508.645    10509.234    10579.484
 54  Q.insect+F+I  5180.669     33  10427.339    10430.154    10583.186
 55  Q.insect+F+G4 5178.871     33  10423.742    10426.558    10579.589
 56  Q.insect+F+I+G4 5178.069     34  10424.138    10427.128    10584.708
WARNING: Normalizing state frequencies so that sum of them equals to 1
 58  Q.plant+I     5236.660     14  10501.320    10501.834    10567.437
WARNING: Normalizing state frequencies so that sum of them equals to 1
 59  Q.plant+G4    5230.820     14  10489.640    10490.155    10555.757
WARNING: Normalizing state frequencies so that sum of them equals to 1
 60  Q.plant+I+G4  5230.215     15  10490.430    10491.019    10561.269
WARNING: Normalizing state frequencies so that sum of them equals to 1
 62  Q.plant+F+I   5197.245     33  10460.489    10463.305    10616.336
WARNING: Normalizing state frequencies so that sum of them equals to 1
 63  Q.plant+F+G4  5190.206     33  10446.411    10449.227    10602.258
WARNING: Normalizing state frequencies so that sum of them equals to 1
 64  Q.plant+F+I+G4 5189.856     34  10447.711    10450.701    10608.281
WARNING: Normalizing state frequencies so that sum of them equals to 1
 66  Q.yeast+I     5270.985     14  10569.969    10570.484    10636.086
WARNING: Normalizing state frequencies so that sum of them equals to 1
 67  Q.yeast+G4    5269.445     14  10566.890    10567.404    10633.007
WARNING: Normalizing state frequencies so that sum of them equals to 1
 68  Q.yeast+I+G4  5268.546     15  10567.091    10567.680    10637.931
WARNING: Normalizing state frequencies so that sum of them equals to 1
 70  Q.yeast+F+I   5187.315     33  10440.631    10443.446    10596.478
WARNING: Normalizing state frequencies so that sum of them equals to 1
 71  Q.yeast+F+G4  5184.631     33  10435.262    10438.078    10591.109
WARNING: Normalizing state frequencies so that sum of them equals to 1
 72  Q.yeast+F+I+G4 5184.003     34  10436.007    10438.997    10596.576
 74  JTTDCMut+I    5225.159     14  10478.319    10478.833    10544.436
 75  JTTDCMut+G4   5226.523     14  10481.046    10481.561    10547.163
 76  JTTDCMut+I+G4 5224.961     15  10479.921    10480.510    10550.761
 78  JTTDCMut+F+I  5187.356     33  10440.711    10443.527    10596.558
 79  JTTDCMut+F+G4 5188.632     33  10443.264    10446.079    10599.111
 80  JTTDCMut+F+I+G4 5187.065     34  10442.131    10445.121    10602.700
 82  DCMut+I       5269.563     14  10567.125    10567.640    10633.242
 83  DCMut+G4      5268.777     14  10565.554    10566.068    10631.670
 84  DCMut+I+G4    5267.498     15  10564.996    10565.585    10635.835
 86  DCMut+F+I     5211.419     33  10488.839    10491.655    10644.686
 87  DCMut+F+G4    5209.782     33  10485.564    10488.379    10641.411
 88  DCMut+F+I+G4  5208.669     34  10485.338    10488.328    10645.907
 90  VT+I          5254.123     14  10536.247    10536.761    10602.364
 91  VT+G4         5258.188     14  10544.376    10544.891    10610.493
 92  VT+I+G4       5255.835     15  10541.671    10542.260    10612.510
 94  VT+F+I        5217.760     33  10501.519    10504.335    10657.366
 95  VT+F+G4       5221.751     33  10509.502    10512.317    10665.349
 96  VT+F+I+G4     5219.284     34  10506.569    10509.559    10667.138
 98  PMB+I         5301.021     14  10630.043    10630.557    10696.159
 99  PMB+G4        5303.362     14  10634.724    10635.239    10700.841
100  PMB+I+G4      5301.785     15  10633.569    10634.158    10704.409
102  PMB+F+I       5266.921     33  10599.841    10602.657    10755.688
103  PMB+F+G4      5269.095     33  10604.191    10607.006    10760.038
104  PMB+F+I+G4    5267.433     34  10602.866    10605.856    10763.436
106  Blosum62+I    5309.196     14  10646.393    10646.907    10712.509
107  Blosum62+G4   5311.333     14  10650.667    10651.181    10716.783
108  Blosum62+I+G4 5309.804     15  10649.609    10650.198    10720.448
110  Blosum62+F+I  5263.579     33  10593.158    10595.973    10749.004
111  Blosum62+F+G4 5265.903     33  10597.805    10600.621    10753.652
112  Blosum62+F+I+G4 5264.169     34  10596.337    10599.327    10756.907
114  Dayhoff+I     5269.307     14  10566.615    10567.130    10632.732
115  Dayhoff+G4    5268.428     14  10564.856    10565.371    10630.973
116  Dayhoff+I+G4  5267.166     15  10564.331    10564.920    10635.171
118  Dayhoff+F+I   5211.169     33  10488.338    10491.153    10644.185
119  Dayhoff+F+G4  5209.433     33  10484.866    10487.682    10640.713
120  Dayhoff+F+I+G4 5208.335     34  10484.669    10487.659    10645.239
122  mtREV+I       5566.636     14  11161.272    11161.787    11227.389
123  mtREV+G4      5542.528     14  11113.055    11113.570    11179.172
124  mtREV+I+G4    5543.478     15  11116.955    11117.544    11187.795
126  mtREV+F+I     5260.503     33  10587.006    10589.822    10742.853
127  mtREV+F+G4    5246.318     33  10558.637    10561.452    10714.483
128  mtREV+F+I+G4  5246.738     34  10561.476    10564.466    10722.046
130  mtART+I       5686.741     14  11401.482    11401.997    11467.599
131  mtART+G4      5612.578     14  11253.156    11253.671    11319.273
132  mtART+I+G4    5613.490     15  11256.980    11257.569    11327.819
134  mtART+F+I     5366.742     33  10799.483    10802.299    10955.330
135  mtART+F+G4    5306.598     33  10679.197    10682.012    10835.044
136  mtART+F+I+G4  5307.768     34  10683.535    10686.525    10844.105
138  mtZOA+I       5538.361     14  11104.722    11105.237    11170.839
139  mtZOA+G4      5492.280     14  11012.560    11013.075    11078.677
140  mtZOA+I+G4    5493.833     15  11017.665    11018.254    11088.505
142  mtZOA+F+I     5283.109     33  10632.218    10635.033    10788.065
143  mtZOA+F+G4    5253.456     33  10572.912    10575.727    10728.758
144  mtZOA+F+I+G4  5254.874     34  10577.748    10580.738    10738.317
146  mtMet+I       5633.696     14  11295.392    11295.907    11361.509
147  mtMet+G4      5605.317     14  11238.635    11239.149    11304.752
148  mtMet+I+G4    5606.480     15  11242.961    11243.550    11313.800
150  mtMet+F+I     5270.248     33  10606.497    10609.312    10762.343
151  mtMet+F+G4    5254.407     33  10574.813    10577.629    10730.660
152  mtMet+F+I+G4  5254.768     34  10577.536    10580.526    10738.106
154  mtVer+I       5640.155     14  11308.310    11308.824    11374.426
155  mtVer+G4      5597.999     14  11223.997    11224.512    11290.114
156  mtVer+I+G4    5599.370     15  11228.740    11229.329    11299.579
158  mtVer+F+I     5313.756     33  10693.512    10696.328    10849.359
159  mtVer+F+G4    5289.340     33  10644.680    10647.496    10800.527
160  mtVer+F+I+G4  5289.706     34  10647.411    10650.401    10807.981
162  mtInv+I       5700.637     14  11429.274    11429.789    11495.391
163  mtInv+G4      5680.742     14  11389.484    11389.998    11455.600
164  mtInv+I+G4    5681.594     15  11393.187    11393.776    11464.027
166  mtInv+F+I     5253.256     33  10572.511    10575.327    10728.358
167  mtInv+F+G4    5242.561     33  10551.123    10553.938    10706.970
168  mtInv+F+I+G4  5242.868     34  10553.736    10556.726    10714.306
170  mtMAM+I       5669.032     14  11366.063    11366.578    11432.180
171  mtMAM+G4      5600.063     14  11228.125    11228.640    11294.242
172  mtMAM+I+G4    5600.657     15  11231.313    11231.902    11302.153
174  mtMAM+F+I     5342.194     33  10750.389    10753.204    10906.235
175  mtMAM+F+G4    5301.456     33  10668.912    10671.728    10824.759
176  mtMAM+F+I+G4  5301.956     34  10671.913    10674.903    10832.482
WARNING: Normalizing state frequencies so that sum of them equals to 1
178  FLAVI+I       5390.114     14  10808.228    10808.743    10874.345
WARNING: Normalizing state frequencies so that sum of them equals to 1
179  FLAVI+G4      5370.407     14  10768.815    10769.330    10834.932
WARNING: Normalizing state frequencies so that sum of them equals to 1
180  FLAVI+I+G4    5370.323     15  10770.646    10771.235    10841.485
WARNING: Normalizing state frequencies so that sum of them equals to 1
182  FLAVI+F+I     5297.178     33  10660.355    10663.171    10816.202
WARNING: Normalizing state frequencies so that sum of them equals to 1
183  FLAVI+F+G4    5278.444     33  10622.887    10625.703    10778.734
WARNING: Normalizing state frequencies so that sum of them equals to 1
184  FLAVI+F+I+G4  5278.131     34  10624.261    10627.251    10784.831
186  HIVb+I        5331.167     14  10690.334    10690.848    10756.450
187  HIVb+G4       5324.885     14  10677.770    10678.285    10743.887
188  HIVb+I+G4     5323.644     15  10677.289    10677.878    10748.128
190  HIVb+F+I      5251.488     33  10568.977    10571.792    10724.823
191  HIVb+F+G4     5242.679     33  10551.358    10554.174    10707.205
192  HIVb+F+I+G4   5241.617     34  10551.235    10554.225    10711.804
194  HIVw+I        5584.794     14  11197.588    11198.103    11263.705
195  HIVw+G4       5575.522     14  11179.044    11179.559    11245.161
196  HIVw+I+G4     5573.881     15  11177.763    11178.352    11248.602
198  HIVw+F+I      5356.808     33  10779.616    10782.432    10935.463
199  HIVw+F+G4     5347.629     33  10761.258    10764.073    10917.105
200  HIVw+F+I+G4   5346.175     34  10760.350    10763.340    10920.919
202  FLU+I         5360.680     14  10749.360    10749.875    10815.477
203  FLU+G4        5354.789     14  10737.577    10738.092    10803.694
204  FLU+I+G4      5354.247     15  10738.493    10739.082    10809.333
206  FLU+F+I       5239.948     33  10545.895    10548.711    10701.742
207  FLU+F+G4      5229.766     33  10525.532    10528.347    10681.379
208  FLU+F+I+G4    5229.937     34  10527.873    10530.863    10688.443
210  rtREV+I       5304.746     14  10637.492    10638.007    10703.609
211  rtREV+G4      5303.642     14  10635.284    10635.799    10701.401
212  rtREV+I+G4    5302.715     15  10635.430    10636.019    10706.269
214  rtREV+F+I     5214.388     33  10494.777    10497.592    10650.623
215  rtREV+F+G4    5212.026     33  10490.052    10492.867    10645.898
216  rtREV+F+I+G4  5211.350     34  10490.700    10493.690    10651.269
218  cpREV+I       5294.019     14  10616.037    10616.552    10682.154
219  cpREV+G4      5291.649     14  10611.298    10611.813    10677.415
220  cpREV+I+G4    5291.159     15  10612.319    10612.908    10683.158
222  cpREV+F+I     5222.482     33  10510.963    10513.779    10666.810
223  cpREV+F+G4    5219.928     33  10505.856    10508.671    10661.703
224  cpREV+F+I+G4  5219.366     34  10506.732    10509.722    10667.302
Akaike Information Criterion:           Q.insect+F+G4
Corrected Akaike Information Criterion: Q.insect+F+G4
Bayesian Information Criterion:         Q.pfam+G4
Best-fit model: Q.pfam+G4 chosen according to BIC

All model information printed to ../results/molecular_evolution_analyses/phylogenetic_trees/F110714_MLIG_G1/F110714_MLIG_G1.model.gz
CPU time for ModelFinder: 5.473 seconds (0h:0m:5s)
Wall-clock time for ModelFinder: 5.487 seconds (0h:0m:5s)
Generating 1000 samples for ultrafast bootstrap (seed: 747904)...
WARNING: Normalizing state frequencies so that sum of them equals to 1

NOTE: 3 MB RAM (0 GB) is required!
Estimate model parameters (epsilon = 0.100)
1. Initial log-likelihood: -5222.916
Optimal log-likelihood: -5222.916
Gamma shape alpha: 0.623
Parameters optimization took 1 rounds (0.011 sec)
Wrote distance file to... 
Computing ML distances based on estimated model parameters...
Calculating distance matrix: done in 0.00489783 secs using 99.8% CPU
Computing ML distances took 0.004934 sec (of wall-clock time) 0.004925 sec (of CPU time)
Setting up auxiliary I and S matrices: done in 2.69413e-05 secs using 100.2% CPU
Constructing RapidNJ tree: done in 3.38554e-05 secs using 100.4% CPU
Computing RapidNJ tree took 0.000103 sec (of wall-clock time) 0.000102 sec (of CPU time)
Log-likelihood of RapidNJ tree: -5222.916
--------------------------------------------------------------------
|             INITIALIZING CANDIDATE TREE SET                      |
--------------------------------------------------------------------
Generating 99 parsimony trees... 0.039 second
Computing log-likelihood of 64 initial trees ... 0.223 seconds
Current best score: -5222.916

Do NNI search on 20 best initial trees
Optimizing NNI: done in 0.0133579 secs using 99.97% CPU
Estimate model parameters (epsilon = 0.100)
BETTER TREE FOUND at iteration 1: -5222.916
Optimizing NNI: done in 0.0238209 secs using 99.98% CPU
Optimizing NNI: done in 0.0241129 secs using 99.96% CPU
Optimizing NNI: done in 0.024097 secs using 99.98% CPU
Optimizing NNI: done in 0.0292962 secs using 99.97% CPU
Optimizing NNI: done in 0.0292928 secs using 99.98% CPU
Optimizing NNI: done in 0.0293899 secs using 99.98% CPU
Optimizing NNI: done in 0.0294471 secs using 99.97% CPU
Optimizing NNI: done in 0.0292671 secs using 99.98% CPU
Optimizing NNI: done in 0.029002 secs using 99.98% CPU
Iteration 10 / LogL: -5222.918 / Time: 0h:0m:0s
Optimizing NNI: done in 0.0292799 secs using 99.98% CPU
Optimizing NNI: done in 0.02911 secs using 99.97% CPU
Optimizing NNI: done in 0.0290279 secs using 99.97% CPU
Optimizing NNI: done in 0.0293062 secs using 99.96% CPU
Optimizing NNI: done in 0.029604 secs using 99.97% CPU
Optimizing NNI: done in 0.0290539 secs using 99.97% CPU
Optimizing NNI: done in 0.02931 secs using 99.97% CPU
Optimizing NNI: done in 0.026969 secs using 99.97% CPU
Optimizing NNI: done in 0.050025 secs using 99.97% CPU
Optimizing NNI: done in 0.0502701 secs using 99.98% CPU
Iteration 20 / LogL: -5222.916 / Time: 0h:0m:0s
Finish initializing candidate tree set (1)
Current best tree score: -5222.916 / CPU time: 0.887
Number of iterations: 20
--------------------------------------------------------------------
|               OPTIMIZING CANDIDATE TREE SET                      |
--------------------------------------------------------------------
Optimizing NNI: done in 0.013006 secs using 99.97% CPU
Optimizing NNI: done in 0.029233 secs using 99.97% CPU
Optimizing NNI: done in 0.0368638 secs using 99.98% CPU
Optimizing NNI: done in 0.03722 secs using 99.98% CPU
Optimizing NNI: done in 0.02355 secs using 99.97% CPU
Optimizing NNI: done in 0.0674019 secs using 99.97% CPU
Optimizing NNI: done in 0.0285921 secs using 99.97% CPU
Optimizing NNI: done in 0.040046 secs using 99.97% CPU
Optimizing NNI: done in 0.0291209 secs using 99.96% CPU
Optimizing NNI: done in 0.028717 secs using 99.98% CPU
Iteration 30 / LogL: -5222.917 / Time: 0h:0m:1s (0h:0m:3s left)
Optimizing NNI: done in 0.029114 secs using 99.98% CPU
Optimizing NNI: done in 0.0287862 secs using 99.98% CPU
Optimizing NNI: done in 0.0130529 secs using 99.99% CPU
Optimizing NNI: done in 0.028826 secs using 99.97% CPU
Optimizing NNI: done in 0.0288689 secs using 99.97% CPU
Optimizing NNI: done in 0.0368359 secs using 99.96% CPU
Optimizing NNI: done in 0.0677519 secs using 99.97% CPU
Optimizing NNI: done in 0.052722 secs using 99.97% CPU
Optimizing NNI: done in 0.01299 secs using 99.98% CPU
Optimizing NNI: done in 0.023648 secs using 99.97% CPU
Iteration 40 / LogL: -5222.916 / Time: 0h:0m:1s (0h:0m:2s left)
Optimizing NNI: done in 0.0282331 secs using 99.97% CPU
Optimizing NNI: done in 0.0579588 secs using 99.98% CPU
Optimizing NNI: done in 0.0231979 secs using 99.98% CPU
Optimizing NNI: done in 0.040035 secs using 99.97% CPU
Optimizing NNI: done in 0.065556 secs using 99.97% CPU
Optimizing NNI: done in 0.0654759 secs using 99.98% CPU
Optimizing NNI: done in 0.0129061 secs using 99.98% CPU
Optimizing NNI: done in 0.028348 secs using 99.97% CPU
Optimizing NNI: done in 0.0450499 secs using 99.97% CPU
Optimizing NNI: done in 0.0289149 secs using 99.97% CPU
Iteration 50 / LogL: -5223.036 / Time: 0h:0m:2s (0h:0m:2s left)
Log-likelihood cutoff on original alignment: -5248.043
Optimizing NNI: done in 0.013237 secs using 99.92% CPU
Optimizing NNI: done in 0.0579388 secs using 99.97% CPU
Optimizing NNI: done in 0.0129759 secs using 99.97% CPU
Optimizing NNI: done in 0.0287468 secs using 99.98% CPU
Optimizing NNI: done in 0.0287609 secs using 99.97% CPU
Optimizing NNI: done in 0.0450399 secs using 99.98% CPU
Optimizing NNI: done in 0.028785 secs using 99.98% CPU
Optimizing NNI: done in 0.0287712 secs using 99.98% CPU
Optimizing NNI: done in 0.0366409 secs using 99.98% CPU
Optimizing NNI: done in 0.0259669 secs using 99.97% CPU
Iteration 60 / LogL: -5222.916 / Time: 0h:0m:2s (0h:0m:1s left)
Optimizing NNI: done in 0.0290399 secs using 99.96% CPU
Optimizing NNI: done in 0.028722 secs using 99.97% CPU
Optimizing NNI: done in 0.0292299 secs using 99.97% CPU
Optimizing NNI: done in 0.028692 secs using 99.97% CPU
Optimizing NNI: done in 0.0280261 secs using 99.97% CPU
Optimizing NNI: done in 0.0367229 secs using 99.98% CPU
Optimizing NNI: done in 0.0287352 secs using 99.98% CPU
Optimizing NNI: done in 0.0285912 secs using 99.95% CPU
Optimizing NNI: done in 0.0290442 secs using 99.97% CPU
Optimizing NNI: done in 0.013051 secs using 99.98% CPU
Iteration 70 / LogL: -5222.916 / Time: 0h:0m:2s (0h:0m:1s left)
Optimizing NNI: done in 0.0283561 secs using 99.98% CPU
Optimizing NNI: done in 0.0231211 secs using 99.98% CPU
Optimizing NNI: done in 0.0290182 secs using 99.98% CPU
Optimizing NNI: done in 0.028517 secs using 99.98% CPU
Optimizing NNI: done in 0.0290508 secs using 99.98% CPU
Optimizing NNI: done in 0.0280571 secs using 99.96% CPU
Optimizing NNI: done in 0.0365911 secs using 99.98% CPU
Optimizing NNI: done in 0.028897 secs using 99.98% CPU
Optimizing NNI: done in 0.013001 secs using 99.98% CPU
Optimizing NNI: done in 0.0398438 secs using 99.97% CPU
Iteration 80 / LogL: -5222.917 / Time: 0h:0m:3s (0h:0m:0s left)
Optimizing NNI: done in 0.02791 secs using 99.97% CPU
Optimizing NNI: done in 0.028971 secs using 99.97% CPU
Optimizing NNI: done in 0.028224 secs using 99.98% CPU
Optimizing NNI: done in 0.0453691 secs using 99.98% CPU
Optimizing NNI: done in 0.028903 secs using 99.98% CPU
Optimizing NNI: done in 0.0286181 secs using 99.98% CPU
Optimizing NNI: done in 0.0450089 secs using 99.98% CPU
Optimizing NNI: done in 0.0129261 secs using 99.97% CPU
Optimizing NNI: done in 0.037008 secs using 99.97% CPU
Optimizing NNI: done in 0.028795 secs using 99.97% CPU
Iteration 90 / LogL: -5222.918 / Time: 0h:0m:3s (0h:0m:0s left)
Optimizing NNI: done in 0.067379 secs using 99.98% CPU
Optimizing NNI: done in 0.0284719 secs using 99.98% CPU
Optimizing NNI: done in 0.0283051 secs using 99.97% CPU
Optimizing NNI: done in 0.049865 secs using 99.97% CPU
Optimizing NNI: done in 0.0288091 secs using 99.97% CPU
Optimizing NNI: done in 0.0283129 secs using 99.97% CPU
Optimizing NNI: done in 0.0294218 secs using 99.96% CPU
Optimizing NNI: done in 0.02824 secs using 99.97% CPU
Optimizing NNI: done in 0.0289159 secs using 99.97% CPU
Optimizing NNI: done in 0.045325 secs using 99.97% CPU
Iteration 100 / LogL: -5223.076 / Time: 0h:0m:3s (0h:0m:0s left)
Log-likelihood cutoff on original alignment: -5248.043
NOTE: Bootstrap correlation coefficient of split occurrence frequencies: 0.998
Optimizing NNI: done in 0.03705 secs using 99.96% CPU
Optimizing NNI: done in 0.0580831 secs using 99.97% CPU
TREE SEARCH COMPLETED AFTER 102 ITERATIONS / Time: 0h:0m:3s

--------------------------------------------------------------------
|                    FINALIZING TREE SEARCH                        |
--------------------------------------------------------------------
Performs final model parameters optimization
Estimate model parameters (epsilon = 0.010)
1. Initial log-likelihood: -5222.916
Optimal log-likelihood: -5222.916
Gamma shape alpha: 0.623
Parameters optimization took 1 rounds (0.010 sec)
BEST SCORE FOUND : -5222.916

Testing tree branches by SH-like aLRT with 1000 replicates...
0.095 sec.
Creating bootstrap support values...
Split supports printed to NEXUS file ../results/molecular_evolution_analyses/phylogenetic_trees/F110714_MLIG_G1/F110714_MLIG_G1.splits.nex
Total tree length: 0.990

Total number of iterations: 102
CPU time used for tree search: 4.093 sec (0h:0m:4s)
Wall-clock time used for tree search: 3.905 sec (0h:0m:3s)
Total CPU time used: 4.266 sec (0h:0m:4s)
Total wall-clock time used: 4.071 sec (0h:0m:4s)

Computing bootstrap consensus tree...
Reading input file ../results/molecular_evolution_analyses/phylogenetic_trees/F110714_MLIG_G1/F110714_MLIG_G1.splits.nex...
8 taxa and 19 splits.
Consensus tree written to ../results/molecular_evolution_analyses/phylogenetic_trees/F110714_MLIG_G1/F110714_MLIG_G1.contree
Reading input trees file ../results/molecular_evolution_analyses/phylogenetic_trees/F110714_MLIG_G1/F110714_MLIG_G1.contree
Log-likelihood of consensus tree: -5222.918

Analysis results written to: 
  IQ-TREE report:                ../results/molecular_evolution_analyses/phylogenetic_trees/F110714_MLIG_G1/F110714_MLIG_G1.iqtree
  Maximum-likelihood tree:       ../results/molecular_evolution_analyses/phylogenetic_trees/F110714_MLIG_G1/F110714_MLIG_G1.treefile
  Likelihood distances:          ../results/molecular_evolution_analyses/phylogenetic_trees/F110714_MLIG_G1/F110714_MLIG_G1.mldist

Ultrafast bootstrap approximation results written to:
  Split support values:          ../results/molecular_evolution_analyses/phylogenetic_trees/F110714_MLIG_G1/F110714_MLIG_G1.splits.nex
  Consensus tree:                ../results/molecular_evolution_analyses/phylogenetic_trees/F110714_MLIG_G1/F110714_MLIG_G1.contree
  Screen log file:               ../results/molecular_evolution_analyses/phylogenetic_trees/F110714_MLIG_G1/F110714_MLIG_G1.log

Date and Time: Wed May  1 09:10:27 2024
