IQ-TREE multicore version 2.2.2.6 COVID-edition for Linux 64-bit built May 27 2023
Developed by Bui Quang Minh, James Barbetti, Nguyen Lam Tung,
Olga Chernomor, Heiko Schmidt, Dominik Schrempf, Michael Woodhams, Ly Trong Nhan.

Host:    lbc5 (AVX2, FMA3, 125 GB RAM)
Command: /home/mauricio/mauricio_PROGRAMAS/iqtree-2.2.2.6-Linux/bin/iqtree2 -s ../results/molecular_evolution_analyses/alignments_gblocks/F89865_ECAN_G1/F89865_ECAN_G1.aln.gblo -m TEST --threads-max 32 --alrt 1000 --ufboot 1000 --prefix ../results/molecular_evolution_analyses/phylogenetic_trees/F89865_ECAN_G1/F89865_ECAN_G1
Seed:    876768 (Using SPRNG - Scalable Parallel Random Number Generator)
Time:    Thu Mar 28 11:20:35 2024
Kernel:  AVX+FMA - 1 threads (32 CPU cores detected)

HINT: Use -nt option to specify number of threads because your CPU has 32 cores!
HINT: -nt AUTO will automatically determine the best number of threads to use.

Reading alignment file ../results/molecular_evolution_analyses/alignments_gblocks/F89865_ECAN_G1/F89865_ECAN_G1.aln.gblo ... Fasta format detected
Reading fasta file: done in 3.50475e-05 secs using 97.01% CPU
Alignment most likely contains protein sequences
Constructing alignment: done in 6.50883e-05 secs using 99.86% CPU
Alignment has 6 sequences with 54 columns, 30 distinct patterns
0 parsimony-informative, 15 singleton sites, 39 constant sites
           Gap/Ambiguity  Composition  p-value
Analyzing sequences: done in 7.15256e-06 secs using 97.87% CPU
   1  Ecan.4226    0.00%    passed     96.53%
   2  Ecan.9537    0.00%    passed    100.00%
   3  Ecan.663     0.00%    passed    100.00%
   4  Ecan.2291    0.00%    passed    100.00%
   5  Ecan.3897    0.00%    passed     99.99%
   6  Ecan.9253    0.00%    passed     99.99%
****  TOTAL        0.00%  0 sequences failed composition chi2 test (p-value<5%; df=16)
Checking for duplicate sequences: done in 1.69277e-05 secs using 100.4% CPU


Create initial parsimony tree by phylogenetic likelihood library (PLL)... 0.000 seconds
Perform fast likelihood tree search using LG+I+G model...
Estimate model parameters (epsilon = 5.000)
Perform nearest neighbor interchange...
Optimizing NNI: done in 0.0024271 secs using 75.03% CPU
Estimate model parameters (epsilon = 1.000)
1. Initial log-likelihood: -257.536
Optimal log-likelihood: -257.430
Proportion of invariable sites: 0.315
Gamma shape alpha: 998.446
Parameters optimization took 1 rounds (0.004 sec)
Time for fast ML tree search: 0.011 seconds

NOTE: ModelFinder requires 0 MB RAM!
ModelFinder will test up to 224 protein models (sample size: 54) ...
 No. Model         -LnL         df  AIC          AICc         BIC
  1  LG            256.445      9   530.890      534.981      548.791
  2  LG+I          256.445      10  532.890      538.007      552.780
  3  LG+G4         256.447      10  532.893      538.009      552.783
  4  LG+I+G4       257.341      11  536.683      542.969      558.562
  5  LG+F          236.310      28  528.621      593.581      584.312
  6  LG+F+I        236.310      29  530.621      603.121      588.301
  7  LG+F+G4       236.312      29  530.623      603.123      588.304
  8  LG+F+I+G4     237.129      30  534.257      615.127      593.927
  9  WAG           252.510      9   523.021      527.112      540.922
 10  WAG+I         252.510      10  525.021      530.137      544.911
 11  WAG+G4        252.512      10  525.023      530.140      544.913
 12  WAG+I+G4      253.407      11  528.814      535.100      550.693
 13  WAG+F         234.314      28  524.627      589.587      580.319
 14  WAG+F+I       234.314      29  526.627      599.127      584.308
 15  WAG+F+G4      234.315      29  526.630      599.130      584.311
 16  WAG+F+I+G4    235.191      30  530.381      611.251      590.051
 17  JTT           246.962      9   511.925      516.016      529.826
 18  JTT+I         246.962      10  513.925      519.041      533.815
 19  JTT+G4        246.964      10  513.928      519.044      533.818
 20  JTT+I+G4      247.927      11  517.854      524.139      539.732
 21  JTT+F         229.086      28  514.173      579.133      569.864
 22  JTT+F+I       229.086      29  516.173      588.673      573.853
 23  JTT+F+G4      229.088      29  516.176      588.676      573.857
 24  JTT+F+I+G4    229.962      30  519.924      600.794      579.594
WARNING: Normalizing state frequencies so that sum of them equals to 1
 25  Q.pfam        254.552      9   527.105      531.195      545.005
WARNING: Normalizing state frequencies so that sum of them equals to 1
 26  Q.pfam+I      254.552      10  529.105      534.221      548.994
WARNING: Normalizing state frequencies so that sum of them equals to 1
 27  Q.pfam+G4     254.554      10  529.107      534.224      548.997
WARNING: Normalizing state frequencies so that sum of them equals to 1
 28  Q.pfam+I+G4   255.464      11  532.929      539.214      554.808
WARNING: Normalizing state frequencies so that sum of them equals to 1
 29  Q.pfam+F      235.465      28  526.930      591.890      582.622
WARNING: Normalizing state frequencies so that sum of them equals to 1
 30  Q.pfam+F+I    235.465      29  528.930      601.430      586.611
WARNING: Normalizing state frequencies so that sum of them equals to 1
 31  Q.pfam+F+G4   235.467      29  528.933      601.433      586.614
WARNING: Normalizing state frequencies so that sum of them equals to 1
 32  Q.pfam+F+I+G4 236.316      30  532.632      613.501      592.301
WARNING: Normalizing state frequencies so that sum of them equals to 1
 33  Q.bird        243.576      9   505.152      509.242      523.052
WARNING: Normalizing state frequencies so that sum of them equals to 1
 34  Q.bird+I      243.576      10  507.152      512.268      527.041
WARNING: Normalizing state frequencies so that sum of them equals to 1
 35  Q.bird+G4     243.577      10  507.154      512.271      527.044
WARNING: Normalizing state frequencies so that sum of them equals to 1
 36  Q.bird+I+G4   244.465      11  510.931      517.217      532.810
WARNING: Normalizing state frequencies so that sum of them equals to 1
 37  Q.bird+F      225.289      28  506.578      571.538      562.269
WARNING: Normalizing state frequencies so that sum of them equals to 1
 38  Q.bird+F+I    225.289      29  508.578      581.078      566.258
WARNING: Normalizing state frequencies so that sum of them equals to 1
 39  Q.bird+F+G4   225.291      29  508.581      581.081      566.262
WARNING: Normalizing state frequencies so that sum of them equals to 1
 40  Q.bird+F+I+G4 226.178      30  512.356      593.226      572.025
WARNING: Normalizing state frequencies so that sum of them equals to 1
 41  Q.mammal      245.088      9   508.177      512.268      526.078
WARNING: Normalizing state frequencies so that sum of them equals to 1
 42  Q.mammal+I    245.088      10  510.177      515.293      530.067
WARNING: Normalizing state frequencies so that sum of them equals to 1
 43  Q.mammal+G4   245.090      10  510.180      515.296      530.070
WARNING: Normalizing state frequencies so that sum of them equals to 1
 44  Q.mammal+I+G4 246.018      11  514.037      520.323      535.916
WARNING: Normalizing state frequencies so that sum of them equals to 1
 45  Q.mammal+F    226.355      28  508.710      573.670      564.401
WARNING: Normalizing state frequencies so that sum of them equals to 1
 46  Q.mammal+F+I  226.355      29  510.710      583.210      568.390
WARNING: Normalizing state frequencies so that sum of them equals to 1
 47  Q.mammal+F+G4 226.357      29  510.713      583.213      568.394
WARNING: Normalizing state frequencies so that sum of them equals to 1
 48  Q.mammal+F+I+G4 227.251      30  514.502      595.371      574.171
 49  Q.insect      258.903      9   535.806      539.897      553.707
 50  Q.insect+I    258.903      10  537.806      542.922      557.696
 51  Q.insect+G4   258.904      10  537.809      542.925      557.698
 52  Q.insect+I+G4 259.764      11  541.527      547.813      563.406
 53  Q.insect+F    236.352      28  528.704      593.664      584.395
 54  Q.insect+F+I  236.352      29  530.704      603.204      588.384
 55  Q.insect+F+G4 236.353      29  530.706      603.206      588.387
 56  Q.insect+F+I+G4 237.163      30  534.325      615.195      593.995
WARNING: Normalizing state frequencies so that sum of them equals to 1
 57  Q.plant       248.488      9   514.976      519.067      532.876
WARNING: Normalizing state frequencies so that sum of them equals to 1
 58  Q.plant+I     248.488      10  516.976      522.092      536.865
WARNING: Normalizing state frequencies so that sum of them equals to 1
 59  Q.plant+G4    248.489      10  516.979      522.095      536.868
WARNING: Normalizing state frequencies so that sum of them equals to 1
 60  Q.plant+I+G4  249.359      11  520.719      527.004      542.598
WARNING: Normalizing state frequencies so that sum of them equals to 1
 61  Q.plant+F     229.979      28  515.959      580.919      571.650
WARNING: Normalizing state frequencies so that sum of them equals to 1
 62  Q.plant+F+I   229.979      29  517.959      590.459      575.639
WARNING: Normalizing state frequencies so that sum of them equals to 1
 63  Q.plant+F+G4  229.981      29  517.962      590.462      575.643
WARNING: Normalizing state frequencies so that sum of them equals to 1
 64  Q.plant+F+I+G4 230.850      30  521.700      602.570      581.369
WARNING: Normalizing state frequencies so that sum of them equals to 1
 65  Q.yeast       258.942      9   535.883      539.974      553.784
WARNING: Normalizing state frequencies so that sum of them equals to 1
 66  Q.yeast+I     258.942      10  537.883      542.999      557.773
WARNING: Normalizing state frequencies so that sum of them equals to 1
 67  Q.yeast+G4    258.943      10  537.886      543.002      557.775
WARNING: Normalizing state frequencies so that sum of them equals to 1
 68  Q.yeast+I+G4  259.742      11  541.485      547.771      563.364
WARNING: Normalizing state frequencies so that sum of them equals to 1
 69  Q.yeast+F     237.306      28  530.613      595.573      586.304
WARNING: Normalizing state frequencies so that sum of them equals to 1
 70  Q.yeast+F+I   237.306      29  532.613      605.113      590.293
WARNING: Normalizing state frequencies so that sum of them equals to 1
 71  Q.yeast+F+G4  237.308      29  532.615      605.115      590.296
WARNING: Normalizing state frequencies so that sum of them equals to 1
 72  Q.yeast+F+I+G4 238.083      30  536.166      617.035      595.835
 73  JTTDCMut      246.959      9   511.917      516.008      529.818
 74  JTTDCMut+I    246.959      10  513.917      519.033      533.807
 75  JTTDCMut+G4   246.960      10  513.920      519.036      533.810
 76  JTTDCMut+I+G4 247.839      11  517.678      523.964      539.557
 77  JTTDCMut+F    229.174      28  514.347      579.307      570.039
 78  JTTDCMut+F+I  229.174      29  516.347      588.847      574.028
 79  JTTDCMut+F+G4 229.175      29  516.351      588.851      574.031
 80  JTTDCMut+F+I+G4 230.048      30  520.097      600.966      579.766
 81  DCMut         257.632      9   533.263      537.354      551.164
 82  DCMut+I       257.630      10  535.260      540.377      555.150
 83  DCMut+G4      257.613      10  535.226      540.343      555.116
 84  DCMut+I+G4    257.827      11  537.655      543.941      559.534
 85  DCMut+F       238.723      28  533.445      598.405      589.137
 86  DCMut+F+I     238.723      29  535.445      607.945      593.126
 87  DCMut+F+G4    238.723      29  535.445      607.945      593.126
 88  DCMut+F+I+G4  238.977      30  537.953      618.823      597.623
 89  VT            252.000      9   522.000      526.091      539.901
 90  VT+I          252.000      10  524.000      529.117      543.890
 91  VT+G4         252.002      10  524.003      529.119      543.893
 92  VT+I+G4       252.910      11  527.820      534.106      549.699
 93  VT+F          233.433      28  522.866      587.826      578.558
 94  VT+F+I        233.433      29  524.866      597.366      582.547
 95  VT+F+G4       233.435      29  524.870      597.370      582.550
 96  VT+F+I+G4     234.309      30  528.618      609.488      588.288
 97  PMB           253.341      9   524.681      528.772      542.582
 98  PMB+I         253.341      10  526.681      531.797      546.571
 99  PMB+G4        253.342      10  526.684      531.800      546.574
100  PMB+I+G4      254.205      11  530.409      536.695      552.288
101  PMB+F         236.697      28  529.394      594.354      585.085
102  PMB+F+I       236.697      29  531.394      603.894      589.074
103  PMB+F+G4      236.698      29  531.397      603.897      589.077
104  PMB+F+I+G4    237.501      30  535.003      615.872      594.672
105  Blosum62      256.780      9   531.560      535.651      549.461
106  Blosum62+I    256.780      10  533.560      538.676      553.450
107  Blosum62+G4   256.781      10  533.562      538.679      553.452
108  Blosum62+I+G4 257.607      11  537.214      543.499      559.093
109  Blosum62+F    238.278      28  532.556      597.516      588.248
110  Blosum62+F+I  238.278      29  534.556      607.056      592.237
111  Blosum62+F+G4 238.279      29  534.559      607.059      592.239
112  Blosum62+F+I+G4 239.029      30  538.059      618.928      597.728
113  Dayhoff       257.619      9   533.237      537.328      551.138
114  Dayhoff+I     257.617      10  535.235      540.351      555.124
115  Dayhoff+G4    257.600      10  535.200      540.316      555.090
116  Dayhoff+I+G4  257.814      11  537.629      543.915      559.508
117  Dayhoff+F     238.700      28  533.400      598.360      589.092
118  Dayhoff+F+I   238.700      29  535.400      607.900      593.081
119  Dayhoff+F+G4  238.700      29  535.400      607.900      593.081
120  Dayhoff+F+I+G4 238.955      30  537.909      618.779      597.579
121  mtREV         248.502      9   515.004      519.095      532.905
122  mtREV+I       248.502      10  517.004      522.120      536.894
123  mtREV+G4      248.503      10  517.007      522.123      536.897
124  mtREV+I+G4    249.339      11  520.677      526.963      542.556
125  mtREV+F       230.382      28  516.764      581.724      572.455
126  mtREV+F+I     230.382      29  518.764      591.264      576.444
127  mtREV+F+G4    230.383      29  518.767      591.267      576.447
128  mtREV+F+I+G4  231.211      30  522.422      603.291      582.091
129  mtART         256.635      9   531.271      535.362      549.172
130  mtART+I       256.635      10  533.271      538.387      553.161
131  mtART+G4      256.636      10  533.271      538.388      553.161
132  mtART+I+G4    257.002      11  536.003      542.289      557.882
133  mtART+F       242.357      28  540.714      605.674      596.406
134  mtART+F+I     242.357      29  542.714      615.214      600.395
135  mtART+F+G4    242.358      29  542.716      615.216      600.396
136  mtART+F+I+G4  242.965      30  545.931      626.800      605.600
137  mtZOA         251.003      9   520.006      524.097      537.907
138  mtZOA+I       251.003      10  522.006      527.122      541.896
139  mtZOA+G4      251.004      10  522.008      527.124      541.898
140  mtZOA+I+G4    251.721      11  525.442      531.728      547.321
141  mtZOA+F       238.198      28  532.397      597.357      588.088
142  mtZOA+F+I     238.198      29  534.397      606.897      592.077
143  mtZOA+F+G4    238.200      29  534.399      606.899      592.080
144  mtZOA+F+I+G4  238.990      30  537.980      618.849      597.649
145  mtMet         247.591      9   513.182      517.273      531.083
146  mtMet+I       247.591      10  515.182      520.299      535.072
147  mtMet+G4      247.592      10  515.185      520.301      535.075
148  mtMet+I+G4    248.343      11  518.685      524.971      540.564
149  mtMet+F       230.343      28  516.686      581.646      572.378
150  mtMet+F+I     230.343      29  518.686      591.186      576.367
151  mtMet+F+G4    230.345      29  518.689      591.189      576.370
152  mtMet+F+I+G4  231.244      30  522.487      603.357      582.157
153  mtVer         246.849      9   511.697      515.788      529.598
154  mtVer+I       246.849      10  513.697      518.814      533.587
155  mtVer+G4      246.850      10  513.700      518.816      533.590
156  mtVer+I+G4    247.693      11  517.385      523.671      539.264
157  mtVer+F       226.503      28  509.006      573.966      564.698
158  mtVer+F+I     226.503      29  511.006      583.506      568.686
159  mtVer+F+G4    226.505      29  511.009      583.509      568.690
160  mtVer+F+I+G4  227.412      30  514.825      595.694      574.494
161  mtInv         252.454      9   522.909      527.000      540.810
162  mtInv+I       252.454      10  524.909      530.025      544.799
163  mtInv+G4      252.456      10  524.911      530.028      544.801
164  mtInv+I+G4    253.186      11  528.373      534.658      550.251
165  mtInv+F       233.841      28  523.683      588.643      579.374
166  mtInv+F+I     233.841      29  525.683      598.183      583.363
167  mtInv+F+G4    233.843      29  525.686      598.186      583.366
168  mtInv+F+I+G4  234.702      30  529.403      610.273      589.073
169  mtMAM         249.793      9   517.586      521.677      535.487
170  mtMAM+I       249.793      10  519.586      524.702      539.476
171  mtMAM+G4      249.793      10  519.586      524.703      539.476
172  mtMAM+I+G4    250.173      11  522.345      528.631      544.224
173  mtMAM+F       231.292      28  518.584      583.544      574.275
174  mtMAM+F+I     231.292      29  520.584      593.084      578.264
175  mtMAM+F+G4    231.292      29  520.585      593.085      578.265
176  mtMAM+F+I+G4  231.833      30  523.666      604.536      583.336
WARNING: Normalizing state frequencies so that sum of them equals to 1
177  FLAVI         247.402      9   512.804      516.895      530.705
WARNING: Normalizing state frequencies so that sum of them equals to 1
178  FLAVI+I       247.402      10  514.804      519.920      534.694
WARNING: Normalizing state frequencies so that sum of them equals to 1
179  FLAVI+G4      247.403      10  514.807      519.923      534.697
WARNING: Normalizing state frequencies so that sum of them equals to 1
180  FLAVI+I+G4    248.292      11  518.583      524.869      540.462
WARNING: Normalizing state frequencies so that sum of them equals to 1
181  FLAVI+F       227.192      28  510.384      575.344      566.075
WARNING: Normalizing state frequencies so that sum of them equals to 1
182  FLAVI+F+I     227.192      29  512.384      584.884      570.064
WARNING: Normalizing state frequencies so that sum of them equals to 1
183  FLAVI+F+G4    227.194      29  512.387      584.887      570.068
WARNING: Normalizing state frequencies so that sum of them equals to 1
184  FLAVI+F+I+G4  228.087      30  516.173      597.043      575.843
185  HIVb          249.352      9   516.703      520.794      534.604
186  HIVb+I        249.352      10  518.703      523.819      538.593
187  HIVb+G4       249.353      10  518.706      523.822      538.596
188  HIVb+I+G4     250.218      11  522.436      528.722      544.315
189  HIVb+F        227.893      28  511.786      576.746      567.478
190  HIVb+F+I      227.893      29  513.786      586.286      571.467
191  HIVb+F+G4     227.895      29  513.790      586.290      571.470
192  HIVb+F+I+G4   228.739      30  517.479      598.348      577.148
193  HIVw          254.174      9   526.348      530.438      544.248
194  HIVw+I        254.174      10  528.348      533.464      548.237
195  HIVw+G4       254.175      10  528.350      533.466      548.240
196  HIVw+I+G4     254.955      11  531.910      538.196      553.789
197  HIVw+F        226.800      28  509.599      574.559      565.291
198  HIVw+F+I      226.800      29  511.599      584.099      569.280
199  HIVw+F+G4     226.801      29  511.602      584.102      569.283
200  HIVw+F+I+G4   227.653      30  515.306      596.175      574.975
201  FLU           251.469      9   520.937      525.028      538.838
202  FLU+I         251.469      10  522.937      528.053      542.827
203  FLU+G4        251.470      10  522.940      528.056      542.829
204  FLU+I+G4      252.242      11  526.485      532.771      548.364
205  FLU+F         230.162      28  516.323      581.283      572.015
206  FLU+F+I       230.162      29  518.323      590.823      576.004
207  FLU+F+G4      230.163      29  518.326      590.826      576.007
208  FLU+F+I+G4    231.076      30  522.151      603.021      581.821
209  rtREV         262.943      9   543.885      547.976      561.786
210  rtREV+I       262.943      10  545.885      551.001      565.775
211  rtREV+G4      262.943      10  545.887      551.003      565.777
212  rtREV+I+G4    263.582      11  549.163      555.449      571.042
213  rtREV+F       240.520      28  537.039      601.999      592.731
214  rtREV+F+I     240.520      29  539.039      611.539      596.720
215  rtREV+F+G4    240.521      29  539.041      611.541      596.722
216  rtREV+F+I+G4  241.113      30  542.227      623.096      601.896
217  cpREV         249.939      9   517.878      521.969      535.779
218  cpREV+I       249.939      10  519.878      524.994      539.768
219  cpREV+G4      249.940      10  519.881      524.997      539.771
220  cpREV+I+G4    250.847      11  523.695      529.981      545.574
221  cpREV+F       231.645      28  519.290      584.250      574.981
222  cpREV+F+I     231.645      29  521.290      593.790      578.970
223  cpREV+F+G4    231.646      29  521.293      593.793      578.974
224  cpREV+F+I+G4  232.543      30  525.086      605.955      584.755
Akaike Information Criterion:           Q.bird
Corrected Akaike Information Criterion: Q.bird
Bayesian Information Criterion:         Q.bird
Best-fit model: Q.bird chosen according to BIC

All model information printed to ../results/molecular_evolution_analyses/phylogenetic_trees/F89865_ECAN_G1/F89865_ECAN_G1.model.gz
CPU time for ModelFinder: 1.169 seconds (0h:0m:1s)
Wall-clock time for ModelFinder: 1.186 seconds (0h:0m:1s)
NOTE: State(s) R, Q, K not present in alignment and thus removed from Markov process to prevent numerical problems
NOTE: 3 states (see above) are not present and thus removed from Markov process to prevent numerical problems
Generating 1000 samples for ultrafast bootstrap (seed: 876768)...
WARNING: Normalizing state frequencies so that sum of them equals to 1

NOTE: 0 MB RAM (0 GB) is required!
Estimate model parameters (epsilon = 0.100)
1. Initial log-likelihood: -243.576
Optimal log-likelihood: -243.576
Parameters optimization took 1 rounds (0.000 sec)
Wrote distance file to... 
Computing ML distances based on estimated model parameters...
Calculating distance matrix: done in 0.00186014 secs using 100% CPU
Computing ML distances took 0.001905 sec (of wall-clock time) 0.001905 sec (of CPU time)
Setting up auxiliary I and S matrices: done in 0.00268412 secs using 102.3% CPU
Constructing RapidNJ tree: done in 2.5034e-05 secs using 191.7% CPU
Computing RapidNJ tree took 0.002764 sec (of wall-clock time) 0.002905 sec (of CPU time)
Log-likelihood of RapidNJ tree: -243.576
--------------------------------------------------------------------
|             INITIALIZING CANDIDATE TREE SET                      |
--------------------------------------------------------------------
Generating 98 parsimony trees... 0.017 second
Computing log-likelihood of 53 initial trees ... 0.013 seconds
Current best score: -243.576

Do NNI search on 20 best initial trees
Optimizing NNI: done in 0.00098896 secs using 196.2% CPU
Estimate model parameters (epsilon = 0.100)
BETTER TREE FOUND at iteration 1: -243.576
Optimizing NNI: done in 0.000912905 secs using 197.7% CPU
Optimizing NNI: done in 0.00075388 secs using 201% CPU
Optimizing NNI: done in 0.000885963 secs using 199.7% CPU
Optimizing NNI: done in 0.000865936 secs using 199.6% CPU
Optimizing NNI: done in 0.000733137 secs using 200.4% CPU
Optimizing NNI: done in 0.000921011 secs using 197.1% CPU
Optimizing NNI: done in 0.000860929 secs using 200.6% CPU
Optimizing NNI: done in 0.000882864 secs using 200.6% CPU
Optimizing NNI: done in 0.000885963 secs using 200% CPU
Iteration 10 / LogL: -243.576 / Time: 0h:0m:0s
Optimizing NNI: done in 0.000874043 secs using 210.2% CPU
Optimizing NNI: done in 0.000859022 secs using 200.8% CPU
Optimizing NNI: done in 0.00087595 secs using 199.4% CPU
Optimizing NNI: done in 0.000903845 secs using 200.4% CPU
Optimizing NNI: done in 0.000864983 secs using 199.9% CPU
Optimizing NNI: done in 0.00087595 secs using 200.8% CPU
Optimizing NNI: done in 0.000852108 secs using 200.4% CPU
Optimizing NNI: done in 0.00105405 secs using 198.9% CPU
Optimizing NNI: done in 0.00091815 secs using 199.6% CPU
Optimizing NNI: done in 0.000923157 secs using 199.5% CPU
Iteration 20 / LogL: -243.576 / Time: 0h:0m:0s
Finish initializing candidate tree set (8)
Current best tree score: -243.576 / CPU time: 0.057
Number of iterations: 20
--------------------------------------------------------------------
|               OPTIMIZING CANDIDATE TREE SET                      |
--------------------------------------------------------------------
Optimizing NNI: done in 0.00102091 secs using 196.9% CPU
Optimizing NNI: done in 0.000966072 secs using 199.8% CPU
Optimizing NNI: done in 0.000959873 secs using 199.2% CPU
Optimizing NNI: done in 0.000895977 secs using 200% CPU
Optimizing NNI: done in 0.000754118 secs using 199% CPU
Optimizing NNI: done in 0.000873089 secs using 200.6% CPU
Optimizing NNI: done in 0.00090313 secs using 200% CPU
Optimizing NNI: done in 0.000996113 secs using 198.4% CPU
Optimizing NNI: done in 0.000877857 secs using 200.3% CPU
Optimizing NNI: done in 0.000881195 secs using 199.7% CPU
Iteration 30 / LogL: -243.576 / Time: 0h:0m:0s (0h:0m:0s left)
Optimizing NNI: done in 0.000764847 secs using 199.5% CPU
Optimizing NNI: done in 0.000865936 secs using 199.1% CPU
Optimizing NNI: done in 0.000972986 secs using 199.2% CPU
Optimizing NNI: done in 0.000938892 secs using 199.4% CPU
Optimizing NNI: done in 0.000933886 secs using 199.4% CPU
Optimizing NNI: done in 0.000912905 secs using 199.9% CPU
Optimizing NNI: done in 0.000744104 secs using 200.8% CPU
Optimizing NNI: done in 0.000926018 secs using 196.2% CPU
Optimizing NNI: done in 0.000886917 secs using 199.5% CPU
Optimizing NNI: done in 0.000910997 secs using 199.7% CPU
Iteration 40 / LogL: -243.576 / Time: 0h:0m:0s (0h:0m:0s left)
Optimizing NNI: done in 0.000969172 secs using 199% CPU
Optimizing NNI: done in 0.000895023 secs using 199.4% CPU
Optimizing NNI: done in 0.000878811 secs using 198.9% CPU
Optimizing NNI: done in 0.000896215 secs using 199.8% CPU
Optimizing NNI: done in 0.000792027 secs using 198.9% CPU
Optimizing NNI: done in 0.000937939 secs using 99.9% CPU
Optimizing NNI: done in 0.000971794 secs using 100% CPU
Optimizing NNI: done in 0.000741959 secs using 99.74% CPU
Optimizing NNI: done in 0.00088501 secs using 100% CPU
Optimizing NNI: done in 0.000915051 secs using 99.99% CPU
Iteration 50 / LogL: -243.576 / Time: 0h:0m:0s (0h:0m:0s left)
Log-likelihood cutoff on original alignment: -243.576
Optimizing NNI: done in 0.000905991 secs using 99.67% CPU
Optimizing NNI: done in 0.00087285 secs using 99.9% CPU
Optimizing NNI: done in 0.000896931 secs using 99.9% CPU
Optimizing NNI: done in 0.000911951 secs using 99.9% CPU
Optimizing NNI: done in 0.00097394 secs using 99.9% CPU
Optimizing NNI: done in 0.000980139 secs using 99.78% CPU
Optimizing NNI: done in 0.000892162 secs using 100.1% CPU
Optimizing NNI: done in 0.000902176 secs using 99.98% CPU
Optimizing NNI: done in 0.000920057 secs using 99.99% CPU
Optimizing NNI: done in 0.000974894 secs using 98.68% CPU
Iteration 60 / LogL: -243.576 / Time: 0h:0m:0s (0h:0m:0s left)
Optimizing NNI: done in 0.000893116 secs using 99.99% CPU
Optimizing NNI: done in 0.000880957 secs using 100% CPU
Optimizing NNI: done in 0.000878096 secs using 99.99% CPU
Optimizing NNI: done in 0.000873804 secs using 100% CPU
Optimizing NNI: done in 0.000951052 secs using 99.78% CPU
Optimizing NNI: done in 0.000951052 secs using 99.99% CPU
Optimizing NNI: done in 0.000970125 secs using 99.88% CPU
Optimizing NNI: done in 0.000869036 secs using 99.88% CPU
Optimizing NNI: done in 0.000915051 secs using 99.89% CPU
Optimizing NNI: done in 0.000889063 secs using 99.88% CPU
Iteration 70 / LogL: -243.576 / Time: 0h:0m:0s (0h:0m:0s left)
Optimizing NNI: done in 0.000913143 secs using 99.87% CPU
Optimizing NNI: done in 0.000935793 secs using 100% CPU
Optimizing NNI: done in 0.000868082 secs using 100.1% CPU
Optimizing NNI: done in 0.000896215 secs using 99.75% CPU
Optimizing NNI: done in 0.000895977 secs using 100.1% CPU
Optimizing NNI: done in 0.000902891 secs using 100% CPU
Optimizing NNI: done in 0.000948191 secs using 99.87% CPU
Optimizing NNI: done in 0.000957012 secs using 100% CPU
Optimizing NNI: done in 0.000946999 secs using 100% CPU
Optimizing NNI: done in 0.000802994 secs using 99.88% CPU
Iteration 80 / LogL: -243.576 / Time: 0h:0m:0s (0h:0m:0s left)
Optimizing NNI: done in 0.000859976 secs using 99.89% CPU
Optimizing NNI: done in 0.000729799 secs using 99.75% CPU
Optimizing NNI: done in 0.000916958 secs using 99.79% CPU
Optimizing NNI: done in 0.000947952 secs using 100.1% CPU
Optimizing NNI: done in 0.000935078 secs using 99.99% CPU
Optimizing NNI: done in 0.000910044 secs using 100% CPU
Optimizing NNI: done in 0.000864029 secs using 99.77% CPU
Optimizing NNI: done in 0.000738859 secs using 99.88% CPU
Optimizing NNI: done in 0.000895023 secs using 99.89% CPU
Optimizing NNI: done in 0.000895023 secs using 98.88% CPU
Iteration 90 / LogL: -243.576 / Time: 0h:0m:0s (0h:0m:0s left)
Optimizing NNI: done in 0.000931025 secs using 99.89% CPU
Optimizing NNI: done in 0.000793934 secs using 99.88% CPU
Optimizing NNI: done in 0.00090003 secs using 100% CPU
Optimizing NNI: done in 0.000741959 secs using 99.87% CPU
Optimizing NNI: done in 0.000892162 secs using 99.98% CPU
Optimizing NNI: done in 0.000874996 secs using 100% CPU
Optimizing NNI: done in 0.000959158 secs using 98.73% CPU
Optimizing NNI: done in 0.000931025 secs using 100% CPU
Optimizing NNI: done in 0.000983953 secs using 98.58% CPU
Optimizing NNI: done in 0.000922918 secs using 99.9% CPU
Iteration 100 / LogL: -243.576 / Time: 0h:0m:0s (0h:0m:0s left)
Log-likelihood cutoff on original alignment: -243.576
NOTE: Bootstrap correlation coefficient of split occurrence frequencies: 0.735
NOTE: UFBoot does not converge, continue at least 100 more iterations
Optimizing NNI: done in 0.000977993 secs using 99.8% CPU
Optimizing NNI: done in 0.000962019 secs using 99.89% CPU
Optimizing NNI: done in 0.000941038 secs using 100% CPU
Optimizing NNI: done in 0.000960112 secs using 99.88% CPU
Optimizing NNI: done in 0.000963926 secs using 99.9% CPU
Optimizing NNI: done in 0.000982046 secs using 99.79% CPU
Optimizing NNI: done in 0.000967979 secs using 100% CPU
Optimizing NNI: done in 0.000956059 secs using 99.78% CPU
Optimizing NNI: done in 0.00104403 secs using 94.92% CPU
Optimizing NNI: done in 0.000911951 secs using 99.9% CPU
Iteration 110 / LogL: -243.576 / Time: 0h:0m:0s (0h:0m:0s left)
Optimizing NNI: done in 0.000966072 secs using 98.34% CPU
Optimizing NNI: done in 0.00103593 secs using 100% CPU
Optimizing NNI: done in 0.000916004 secs using 100% CPU
Optimizing NNI: done in 0.000946999 secs using 99.79% CPU
Optimizing NNI: done in 0.000807047 secs using 99.75% CPU
Optimizing NNI: done in 0.000967979 secs using 99.9% CPU
Optimizing NNI: done in 0.000944853 secs using 99.91% CPU
Optimizing NNI: done in 0.00100803 secs using 98.71% CPU
Optimizing NNI: done in 0.000950098 secs using 99.88% CPU
Optimizing NNI: done in 0.000967026 secs using 99.89% CPU
Iteration 120 / LogL: -243.576 / Time: 0h:0m:0s (0h:0m:0s left)
Optimizing NNI: done in 0.000934124 secs using 99.99% CPU
Optimizing NNI: done in 0.000950098 secs using 99.99% CPU
Optimizing NNI: done in 0.000977039 secs using 99.89% CPU
Optimizing NNI: done in 0.000997066 secs using 99.89% CPU
Optimizing NNI: done in 0.00101876 secs using 98.65% CPU
Optimizing NNI: done in 0.000993967 secs using 99.8% CPU
Optimizing NNI: done in 0.000730991 secs using 99.86% CPU
Optimizing NNI: done in 0.000858784 secs using 99.91% CPU
Optimizing NNI: done in 0.000931025 secs using 99.89% CPU
Optimizing NNI: done in 0.000917912 secs using 99.9% CPU
Iteration 130 / LogL: -243.576 / Time: 0h:0m:0s (0h:0m:0s left)
Optimizing NNI: done in 0.000945091 secs using 99.99% CPU
Optimizing NNI: done in 0.00100303 secs using 99.9% CPU
Optimizing NNI: done in 0.000961065 secs using 99.79% CPU
Optimizing NNI: done in 0.000971079 secs using 98.45% CPU
Optimizing NNI: done in 0.000970125 secs using 99.88% CPU
Optimizing NNI: done in 0.000913143 secs using 99.77% CPU
Optimizing NNI: done in 0.000900984 secs using 98.56% CPU
Optimizing NNI: done in 0.000912189 secs using 98.55% CPU
Optimizing NNI: done in 0.000926018 secs using 100% CPU
Optimizing NNI: done in 0.000959158 secs using 99.98% CPU
Iteration 140 / LogL: -243.576 / Time: 0h:0m:0s (0h:0m:0s left)
Optimizing NNI: done in 0.00108218 secs using 99.89% CPU
Optimizing NNI: done in 0.000957012 secs using 99.79% CPU
Optimizing NNI: done in 0.000967979 secs using 99.9% CPU
Optimizing NNI: done in 0.000957012 secs using 99.79% CPU
Optimizing NNI: done in 0.000954151 secs using 99.67% CPU
Optimizing NNI: done in 0.000933886 secs using 99.91% CPU
Optimizing NNI: done in 0.000950813 secs using 99.91% CPU
Optimizing NNI: done in 0.000833035 secs using 99.88% CPU
Optimizing NNI: done in 0.000937939 secs using 99.79% CPU
Optimizing NNI: done in 0.000968933 secs using 99.7% CPU
Iteration 150 / LogL: -243.576 / Time: 0h:0m:0s (0h:0m:0s left)
Log-likelihood cutoff on original alignment: -243.576
Optimizing NNI: done in 0.0009799 secs using 99.91% CPU
Optimizing NNI: done in 0.00101185 secs using 99.82% CPU
Optimizing NNI: done in 0.000941038 secs using 99.78% CPU
Optimizing NNI: done in 0.000932217 secs using 99.65% CPU
Optimizing NNI: done in 0.000976086 secs using 98.35% CPU
Optimizing NNI: done in 0.000910997 secs using 99.78% CPU
Optimizing NNI: done in 0.000955105 secs using 99.88% CPU
Optimizing NNI: done in 0.000988007 secs using 100% CPU
Optimizing NNI: done in 0.000929832 secs using 99.91% CPU
Optimizing NNI: done in 0.000922918 secs using 100% CPU
Iteration 160 / LogL: -243.576 / Time: 0h:0m:0s (0h:0m:0s left)
Optimizing NNI: done in 0.000926971 secs using 100% CPU
Optimizing NNI: done in 0.000912189 secs using 99.98% CPU
Optimizing NNI: done in 0.000902176 secs using 99.87% CPU
Optimizing NNI: done in 0.000976086 secs using 98.76% CPU
Optimizing NNI: done in 0.000831842 secs using 100% CPU
Optimizing NNI: done in 0.000828981 secs using 100% CPU
Optimizing NNI: done in 0.000946045 secs using 100% CPU
Optimizing NNI: done in 0.000928879 secs using 100% CPU
Optimizing NNI: done in 0.000963926 secs using 100% CPU
Optimizing NNI: done in 0.000926971 secs using 99.9% CPU
Iteration 170 / LogL: -243.576 / Time: 0h:0m:0s (0h:0m:0s left)
Optimizing NNI: done in 0.000996113 secs using 99.89% CPU
Optimizing NNI: done in 0.000916958 secs using 99.9% CPU
Optimizing NNI: done in 0.00088501 secs using 99.89% CPU
Optimizing NNI: done in 0.000936031 secs using 99.89% CPU
Optimizing NNI: done in 0.000927925 secs using 99.9% CPU
Optimizing NNI: done in 0.000966072 secs using 99.99% CPU
Optimizing NNI: done in 0.000941992 secs using 99.89% CPU
Optimizing NNI: done in 0.000990152 secs using 99.78% CPU
Optimizing NNI: done in 0.00090909 secs using 99.88% CPU
Optimizing NNI: done in 0.000934839 secs using 99.7% CPU
Iteration 180 / LogL: -243.576 / Time: 0h:0m:1s (0h:0m:0s left)
Optimizing NNI: done in 0.000898123 secs using 99.87% CPU
Optimizing NNI: done in 0.000877857 secs using 100% CPU
Optimizing NNI: done in 0.000922918 secs using 100% CPU
Optimizing NNI: done in 0.000976801 secs using 99.82% CPU
Optimizing NNI: done in 0.000967026 secs using 100% CPU
Optimizing NNI: done in 0.000936985 secs using 99.89% CPU
Optimizing NNI: done in 0.000967979 secs using 99.8% CPU
Optimizing NNI: done in 0.000909805 secs using 99.8% CPU
Optimizing NNI: done in 0.000775099 secs using 99.6% CPU
Optimizing NNI: done in 0.000983 secs using 99.9% CPU
Iteration 190 / LogL: -243.576 / Time: 0h:0m:1s (0h:0m:0s left)
Optimizing NNI: done in 0.000956059 secs using 99.78% CPU
Optimizing NNI: done in 0.000959158 secs using 99.98% CPU
Optimizing NNI: done in 0.000950098 secs using 99.88% CPU
Optimizing NNI: done in 0.000996828 secs using 98.81% CPU
Optimizing NNI: done in 0.000950813 secs using 99.81% CPU
Optimizing NNI: done in 0.000952005 secs using 99.89% CPU
Optimizing NNI: done in 0.000886917 secs using 99.78% CPU
Optimizing NNI: done in 0.000990152 secs using 99.88% CPU
Optimizing NNI: done in 0.000950098 secs using 99.78% CPU
Optimizing NNI: done in 0.00098896 secs using 99.9% CPU
Iteration 200 / LogL: -243.576 / Time: 0h:0m:1s (0h:0m:0s left)
Log-likelihood cutoff on original alignment: -243.576
NOTE: Bootstrap correlation coefficient of split occurrence frequencies: 0.419
NOTE: UFBoot does not converge, continue at least 100 more iterations
Optimizing NNI: done in 0.000975847 secs using 99.91% CPU
Optimizing NNI: done in 0.00079608 secs using 99.86% CPU
Optimizing NNI: done in 0.000981808 secs using 99.82% CPU
Optimizing NNI: done in 0.000941038 secs using 99.89% CPU
Optimizing NNI: done in 0.000921011 secs using 100% CPU
Optimizing NNI: done in 0.000962973 secs using 99.8% CPU
Optimizing NNI: done in 0.000904799 secs using 99.91% CPU
Optimizing NNI: done in 0.000934839 secs using 99.8% CPU
Optimizing NNI: done in 0.000906944 secs using 99.9% CPU
Optimizing NNI: done in 0.000917912 secs using 99.79% CPU
Iteration 210 / LogL: -243.576 / Time: 0h:0m:1s (0h:0m:0s left)
Optimizing NNI: done in 0.000920057 secs using 99.89% CPU
Optimizing NNI: done in 0.000991106 secs using 99.79% CPU
Optimizing NNI: done in 0.000930071 secs using 99.67% CPU
Optimizing NNI: done in 0.000957012 secs using 98.64% CPU
Optimizing NNI: done in 0.000946999 secs using 100% CPU
Optimizing NNI: done in 0.00095892 secs using 99.8% CPU
Optimizing NNI: done in 0.000791073 secs using 99.86% CPU
Optimizing NNI: done in 0.000987053 secs using 99.79% CPU
Optimizing NNI: done in 0.000922918 secs using 99.9% CPU
Optimizing NNI: done in 0.000967979 secs using 98.25% CPU
Iteration 220 / LogL: -243.576 / Time: 0h:0m:1s (0h:0m:0s left)
Optimizing NNI: done in 0.000956059 secs using 99.89% CPU
Optimizing NNI: done in 0.000972033 secs using 99.89% CPU
Optimizing NNI: done in 0.00095582 secs using 99.81% CPU
Optimizing NNI: done in 0.000967979 secs using 99.9% CPU
Optimizing NNI: done in 0.000943899 secs using 99.9% CPU
Optimizing NNI: done in 0.000913143 secs using 99.77% CPU
Optimizing NNI: done in 0.0009408 secs using 100% CPU
Optimizing NNI: done in 0.000905991 secs using 100.1% CPU
Optimizing NNI: done in 0.000993013 secs using 99.9% CPU
Optimizing NNI: done in 0.000889063 secs using 99.88% CPU
Iteration 230 / LogL: -243.576 / Time: 0h:0m:1s (0h:0m:0s left)
Optimizing NNI: done in 0.000823975 secs using 99.88% CPU
Optimizing NNI: done in 0.000931978 secs using 100% CPU
Optimizing NNI: done in 0.000959873 secs using 99.91% CPU
Optimizing NNI: done in 0.000938177 secs using 99.77% CPU
Optimizing NNI: done in 0.000977039 secs using 98.36% CPU
Optimizing NNI: done in 0.000966787 secs using 99.71% CPU
Optimizing NNI: done in 0.000909805 secs using 100% CPU
Optimizing NNI: done in 0.00090313 secs using 99.87% CPU
Optimizing NNI: done in 0.000927925 secs using 99.9% CPU
Optimizing NNI: done in 0.000960827 secs using 99.81% CPU
Iteration 240 / LogL: -243.576 / Time: 0h:0m:1s (0h:0m:0s left)
Optimizing NNI: done in 0.000941992 secs using 99.89% CPU
Optimizing NNI: done in 0.000947952 secs using 100% CPU
Optimizing NNI: done in 0.000937223 secs using 99.76% CPU
Optimizing NNI: done in 0.000946045 secs using 99.78% CPU
Optimizing NNI: done in 0.000904083 secs using 99.99% CPU
Optimizing NNI: done in 0.000952959 secs using 99.79% CPU
Optimizing NNI: done in 0.000983953 secs using 99.9% CPU
Optimizing NNI: done in 0.000782013 secs using 99.87% CPU
Optimizing NNI: done in 0.000948906 secs using 99.9% CPU
Optimizing NNI: done in 0.000946045 secs using 99.89% CPU
Iteration 250 / LogL: -243.576 / Time: 0h:0m:1s (0h:0m:0s left)
Log-likelihood cutoff on original alignment: -243.576
Optimizing NNI: done in 0.00095892 secs using 99.8% CPU
Optimizing NNI: done in 0.00100207 secs using 99.89% CPU
Optimizing NNI: done in 0.000888109 secs using 99.88% CPU
Optimizing NNI: done in 0.00108218 secs using 98.78% CPU
Optimizing NNI: done in 0.000919819 secs using 99.91% CPU
Optimizing NNI: done in 0.000945807 secs using 99.81% CPU
Optimizing NNI: done in 0.000922918 secs using 100% CPU
Optimizing NNI: done in 0.000983 secs using 99.9% CPU
Optimizing NNI: done in 0.000978947 secs using 100% CPU
Optimizing NNI: done in 0.000938892 secs using 100% CPU
Iteration 260 / LogL: -243.576 / Time: 0h:0m:1s (0h:0m:0s left)
Optimizing NNI: done in 0.00095892 secs using 100% CPU
Optimizing NNI: done in 0.000962973 secs using 99.69% CPU
Optimizing NNI: done in 0.000942945 secs using 99.79% CPU
Optimizing NNI: done in 0.000921965 secs using 100% CPU
Optimizing NNI: done in 0.000972986 secs using 100% CPU
Optimizing NNI: done in 0.000919104 secs using 99.99% CPU
Optimizing NNI: done in 0.000954866 secs using 99.91% CPU
Optimizing NNI: done in 0.00096488 secs using 98.25% CPU
Optimizing NNI: done in 0.000944138 secs using 99.88% CPU
Optimizing NNI: done in 0.000944138 secs using 98.5% CPU
Iteration 270 / LogL: -243.576 / Time: 0h:0m:1s (0h:0m:0s left)
Optimizing NNI: done in 0.000976086 secs using 99.79% CPU
Optimizing NNI: done in 0.000931025 secs using 98.82% CPU
Optimizing NNI: done in 0.000922203 secs using 99.87% CPU
Optimizing NNI: done in 0.000938177 secs using 99.87% CPU
Optimizing NNI: done in 0.000950813 secs using 99.81% CPU
Optimizing NNI: done in 0.00101781 secs using 100% CPU
Optimizing NNI: done in 0.000957966 secs using 99.79% CPU
Optimizing NNI: done in 0.000944138 secs using 99.88% CPU
Optimizing NNI: done in 0.000920057 secs using 99.89% CPU
Optimizing NNI: done in 0.000957012 secs using 100% CPU
Iteration 280 / LogL: -243.576 / Time: 0h:0m:1s (0h:0m:0s left)
Optimizing NNI: done in 0.00099206 secs using 99.79% CPU
Optimizing NNI: done in 0.000953913 secs using 99.8% CPU
Optimizing NNI: done in 0.00092411 secs using 99.88% CPU
Optimizing NNI: done in 0.000784874 secs using 99.89% CPU
Optimizing NNI: done in 0.000909805 secs using 99.8% CPU
Optimizing NNI: done in 0.000962973 secs using 99.8% CPU
Optimizing NNI: done in 0.000868082 secs using 99.76% CPU
Optimizing NNI: done in 0.000994921 secs using 99.91% CPU
Optimizing NNI: done in 0.000956059 secs using 99.89% CPU
Optimizing NNI: done in 0.000978947 secs using 99.9% CPU
Iteration 290 / LogL: -243.576 / Time: 0h:0m:1s (0h:0m:0s left)
Optimizing NNI: done in 0.000943899 secs using 99.8% CPU
Optimizing NNI: done in 0.000985861 secs using 99.91% CPU
Optimizing NNI: done in 0.000946045 secs using 99.89% CPU
Optimizing NNI: done in 0.000963926 secs using 97.73% CPU
Optimizing NNI: done in 0.000921011 secs using 99.89% CPU
Optimizing NNI: done in 0.000917196 secs using 99.98% CPU
Optimizing NNI: done in 0.00093317 secs using 99.77% CPU
Optimizing NNI: done in 0.000926971 secs using 100% CPU
Optimizing NNI: done in 0.000926971 secs using 98.82% CPU
Optimizing NNI: done in 0.000905991 secs using 99.78% CPU
Iteration 300 / LogL: -243.576 / Time: 0h:0m:1s (0h:0m:0s left)
Log-likelihood cutoff on original alignment: -243.576
NOTE: Bootstrap correlation coefficient of split occurrence frequencies: 0.837
NOTE: UFBoot does not converge, continue at least 100 more iterations
Optimizing NNI: done in 0.00104499 secs using 100% CPU
Optimizing NNI: done in 0.000951052 secs using 99.89% CPU
Optimizing NNI: done in 0.000936985 secs using 100% CPU
Optimizing NNI: done in 0.00090909 secs using 99.88% CPU
Optimizing NNI: done in 0.000936985 secs using 99.89% CPU
Optimizing NNI: done in 0.000951052 secs using 99.78% CPU
Optimizing NNI: done in 0.000843048 secs using 99.99% CPU
Optimizing NNI: done in 0.000825882 secs using 99.89% CPU
Optimizing NNI: done in 0.000922918 secs using 99.9% CPU
Optimizing NNI: done in 0.000947952 secs using 99.9% CPU
Iteration 310 / LogL: -243.576 / Time: 0h:0m:1s (0h:0m:0s left)
Optimizing NNI: done in 0.000948906 secs using 99.9% CPU
Optimizing NNI: done in 0.000944138 secs using 99.99% CPU
Optimizing NNI: done in 0.000972986 secs using 99.9% CPU
Optimizing NNI: done in 0.000935078 secs using 98.82% CPU
Optimizing NNI: done in 0.000919104 secs using 99.77% CPU
Optimizing NNI: done in 0.000792027 secs using 100% CPU
Optimizing NNI: done in 0.000929832 secs using 99.91% CPU
Optimizing NNI: done in 0.000967979 secs using 99.8% CPU
Optimizing NNI: done in 0.000807047 secs using 99.87% CPU
Optimizing NNI: done in 0.000771999 secs using 99.87% CPU
Iteration 320 / LogL: -243.576 / Time: 0h:0m:1s (0h:0m:0s left)
Optimizing NNI: done in 0.000940084 secs using 99.99% CPU
Optimizing NNI: done in 0.000942945 secs using 98.84% CPU
Optimizing NNI: done in 0.000931025 secs using 99.89% CPU
Optimizing NNI: done in 0.00100207 secs using 99.09% CPU
Optimizing NNI: done in 0.000905037 secs using 100% CPU
Optimizing NNI: done in 0.000936985 secs using 99.89% CPU
Optimizing NNI: done in 0.000939846 secs using 99.91% CPU
Optimizing NNI: done in 0.000948906 secs using 100% CPU
Optimizing NNI: done in 0.000959873 secs using 100% CPU
Optimizing NNI: done in 0.000993013 secs using 99.9% CPU
Iteration 330 / LogL: -243.576 / Time: 0h:0m:1s (0h:0m:0s left)
Optimizing NNI: done in 0.000983 secs using 99.8% CPU
Optimizing NNI: done in 0.000927925 secs using 99.9% CPU
Optimizing NNI: done in 0.000931025 secs using 99.68% CPU
Optimizing NNI: done in 0.000970125 secs using 99.78% CPU
Optimizing NNI: done in 0.000948906 secs using 98.11% CPU
Optimizing NNI: done in 0.000977993 secs using 99.9% CPU
Optimizing NNI: done in 0.000951052 secs using 98.42% CPU
Optimizing NNI: done in 0.000926018 secs using 99.89% CPU
Optimizing NNI: done in 0.00095892 secs using 99.8% CPU
Optimizing NNI: done in 0.000849962 secs using 99.89% CPU
Iteration 340 / LogL: -243.576 / Time: 0h:0m:2s (0h:0m:0s left)
Optimizing NNI: done in 0.000960112 secs using 99.99% CPU
Optimizing NNI: done in 0.000935078 secs using 99.78% CPU
Optimizing NNI: done in 0.000976801 secs using 100% CPU
Optimizing NNI: done in 0.00093317 secs using 99.98% CPU
Optimizing NNI: done in 0.000931025 secs using 99.89% CPU
Optimizing NNI: done in 0.000965118 secs using 99.78% CPU
Optimizing NNI: done in 0.000917196 secs using 99.87% CPU
Optimizing NNI: done in 0.00075984 secs using 99.89% CPU
Optimizing NNI: done in 0.000934124 secs using 99.88% CPU
Optimizing NNI: done in 0.000936031 secs using 100% CPU
Iteration 350 / LogL: -243.576 / Time: 0h:0m:2s (0h:0m:0s left)
Log-likelihood cutoff on original alignment: -243.576
Optimizing NNI: done in 0.000926971 secs using 100% CPU
Optimizing NNI: done in 0.000905991 secs using 100% CPU
Optimizing NNI: done in 0.000934124 secs using 99.77% CPU
Optimizing NNI: done in 0.000933886 secs using 99.91% CPU
Optimizing NNI: done in 0.000907898 secs using 99.9% CPU
Optimizing NNI: done in 0.000983953 secs using 99.8% CPU
Optimizing NNI: done in 0.000944853 secs using 100% CPU
Optimizing NNI: done in 0.000962019 secs using 99.89% CPU
Optimizing NNI: done in 0.000911951 secs using 99.9% CPU
Optimizing NNI: done in 0.000939131 secs using 98.92% CPU
Iteration 360 / LogL: -243.576 / Time: 0h:0m:2s (0h:0m:0s left)
Optimizing NNI: done in 0.000897884 secs using 99.79% CPU
Optimizing NNI: done in 0.000981092 secs using 99.79% CPU
Optimizing NNI: done in 0.000910044 secs using 100% CPU
Optimizing NNI: done in 0.000962973 secs using 99.9% CPU
Optimizing NNI: done in 0.000956059 secs using 100.1% CPU
Optimizing NNI: done in 0.000936985 secs using 100% CPU
Optimizing NNI: done in 0.000933886 secs using 100% CPU
Optimizing NNI: done in 0.00089097 secs using 100% CPU
Optimizing NNI: done in 0.00089097 secs using 99.89% CPU
Optimizing NNI: done in 0.000906944 secs using 100.1% CPU
Iteration 370 / LogL: -243.576 / Time: 0h:0m:2s (0h:0m:0s left)
Optimizing NNI: done in 0.000925064 secs using 99.88% CPU
Optimizing NNI: done in 0.000931025 secs using 100% CPU
Optimizing NNI: done in 0.00082612 secs using 99.86% CPU
Optimizing NNI: done in 0.000980854 secs using 100% CPU
Optimizing NNI: done in 0.000922918 secs using 100% CPU
Optimizing NNI: done in 0.000962019 secs using 99.79% CPU
Optimizing NNI: done in 0.000942945 secs using 99.79% CPU
Optimizing NNI: done in 0.00100088 secs using 99.91% CPU
Optimizing NNI: done in 0.000940084 secs using 99.88% CPU
Optimizing NNI: done in 0.00089407 secs using 99.88% CPU
Iteration 380 / LogL: -243.576 / Time: 0h:0m:2s (0h:0m:0s left)
Optimizing NNI: done in 0.000922203 secs using 99.98% CPU
Optimizing NNI: done in 0.000869036 secs using 100% CPU
Optimizing NNI: done in 0.000946999 secs using 100% CPU
Optimizing NNI: done in 0.000906944 secs using 99.9% CPU
Optimizing NNI: done in 0.000983953 secs using 99.9% CPU
Optimizing NNI: done in 0.000972033 secs using 100% CPU
Optimizing NNI: done in 0.000955105 secs using 99.88% CPU
Optimizing NNI: done in 0.000990152 secs using 99.88% CPU
Optimizing NNI: done in 0.00100684 secs using 99.02% CPU
Optimizing NNI: done in 0.000997066 secs using 99.79% CPU
Iteration 390 / LogL: -243.576 / Time: 0h:0m:2s (0h:0m:0s left)
Optimizing NNI: done in 0.00101495 secs using 99.91% CPU
Optimizing NNI: done in 0.00100112 secs using 99.99% CPU
Optimizing NNI: done in 0.000953913 secs using 99.9% CPU
Optimizing NNI: done in 0.000954866 secs using 100% CPU
Optimizing NNI: done in 0.000981808 secs using 100% CPU
Optimizing NNI: done in 0.000751972 secs using 100% CPU
Optimizing NNI: done in 0.0008111 secs using 99.99% CPU
Optimizing NNI: done in 0.000808954 secs using 99.88% CPU
Optimizing NNI: done in 0.000989914 secs using 100% CPU
Optimizing NNI: done in 0.001019 secs using 99.9% CPU
Iteration 400 / LogL: -243.576 / Time: 0h:0m:2s (0h:0m:0s left)
Log-likelihood cutoff on original alignment: -243.576
NOTE: Bootstrap correlation coefficient of split occurrence frequencies: 0.737
NOTE: UFBoot does not converge, continue at least 100 more iterations
Optimizing NNI: done in 0.00108409 secs using 95.66% CPU
Optimizing NNI: done in 0.000998974 secs using 98.9% CPU
Optimizing NNI: done in 0.000921965 secs using 99.79% CPU
Optimizing NNI: done in 0.0009799 secs using 99.5% CPU
Optimizing NNI: done in 0.000980854 secs using 99.91% CPU
Optimizing NNI: done in 0.00103092 secs using 98.26% CPU
Optimizing NNI: done in 0.000837088 secs using 99.75% CPU
Optimizing NNI: done in 0.00102401 secs using 98.63% CPU
Optimizing NNI: done in 0.000983953 secs using 100% CPU
Optimizing NNI: done in 0.000956059 secs using 99.99% CPU
Iteration 410 / LogL: -243.576 / Time: 0h:0m:2s (0h:0m:0s left)
Optimizing NNI: done in 0.000983953 secs using 100% CPU
Optimizing NNI: done in 0.00103092 secs using 99.81% CPU
Optimizing NNI: done in 0.000923157 secs using 99.98% CPU
Optimizing NNI: done in 0.000999212 secs using 99.98% CPU
Optimizing NNI: done in 0.000990868 secs using 97.89% CPU
Optimizing NNI: done in 0.000980139 secs using 99.88% CPU
Optimizing NNI: done in 0.000989199 secs using 98.67% CPU
Optimizing NNI: done in 0.00100303 secs using 99.9% CPU
Optimizing NNI: done in 0.000978947 secs using 99.9% CPU
Optimizing NNI: done in 0.000989914 secs using 99.91% CPU
Iteration 420 / LogL: -243.576 / Time: 0h:0m:2s (0h:0m:0s left)
Optimizing NNI: done in 0.00100207 secs using 99.99% CPU
Optimizing NNI: done in 0.000971079 secs using 99.99% CPU
Optimizing NNI: done in 0.000966072 secs using 100.1% CPU
Optimizing NNI: done in 0.000901937 secs using 99.9% CPU
Optimizing NNI: done in 0.00100398 secs using 99.9% CPU
Optimizing NNI: done in 0.000823975 secs using 100% CPU
Optimizing NNI: done in 0.000983953 secs using 99.9% CPU
Optimizing NNI: done in 0.000971079 secs using 99.99% CPU
Optimizing NNI: done in 0.00080514 secs using 99.98% CPU
Optimizing NNI: done in 0.000886917 secs using 100.1% CPU
Iteration 430 / LogL: -243.576 / Time: 0h:0m:2s (0h:0m:0s left)
Optimizing NNI: done in 0.000859022 secs using 98.72% CPU
Optimizing NNI: done in 0.000993967 secs using 99.8% CPU
Optimizing NNI: done in 0.00100899 secs using 99.8% CPU
Optimizing NNI: done in 0.000961065 secs using 99.79% CPU
Optimizing NNI: done in 0.000808954 secs using 99.76% CPU
Optimizing NNI: done in 0.000919104 secs using 99.88% CPU
Optimizing NNI: done in 0.00100613 secs using 100.1% CPU
Optimizing NNI: done in 0.00101209 secs using 100.1% CPU
Optimizing NNI: done in 0.00098896 secs using 99.9% CPU
Optimizing NNI: done in 0.000978947 secs using 99.9% CPU
Iteration 440 / LogL: -243.576 / Time: 0h:0m:2s (0h:0m:0s left)
Optimizing NNI: done in 0.000960827 secs using 99.91% CPU
Optimizing NNI: done in 0.00102186 secs using 98.94% CPU
Optimizing NNI: done in 0.000980139 secs using 99.88% CPU
Optimizing NNI: done in 0.000888824 secs using 100.1% CPU
Optimizing NNI: done in 0.000972033 secs using 99.89% CPU
Optimizing NNI: done in 0.000967026 secs using 99.89% CPU
Optimizing NNI: done in 0.000967979 secs using 99.8% CPU
Optimizing NNI: done in 0.000991821 secs using 99.92% CPU
Optimizing NNI: done in 0.000821114 secs using 99.74% CPU
Optimizing NNI: done in 0.00100303 secs using 99.9% CPU
Iteration 450 / LogL: -243.576 / Time: 0h:0m:2s (0h:0m:0s left)
Log-likelihood cutoff on original alignment: -243.576
Optimizing NNI: done in 0.00102091 secs using 98.25% CPU
Optimizing NNI: done in 0.000983953 secs using 99.8% CPU
Optimizing NNI: done in 0.000986814 secs using 98.8% CPU
Optimizing NNI: done in 0.000935078 secs using 99.99% CPU
Optimizing NNI: done in 0.00082016 secs using 99.98% CPU
Optimizing NNI: done in 0.00100398 secs using 99.8% CPU
Optimizing NNI: done in 0.000952959 secs using 100% CPU
Optimizing NNI: done in 0.000957012 secs using 99.89% CPU
Optimizing NNI: done in 0.000974178 secs using 99.88% CPU
Optimizing NNI: done in 0.000982046 secs using 100% CPU
Iteration 460 / LogL: -243.576 / Time: 0h:0m:2s (0h:0m:0s left)
Optimizing NNI: done in 0.000942945 secs using 100% CPU
Optimizing NNI: done in 0.00102901 secs using 99.9% CPU
Optimizing NNI: done in 0.00097394 secs using 100% CPU
Optimizing NNI: done in 0.000966072 secs using 99.89% CPU
Optimizing NNI: done in 0.000971794 secs using 99.92% CPU
Optimizing NNI: done in 0.000972986 secs using 98.97% CPU
Optimizing NNI: done in 0.000936985 secs using 99.89% CPU
Optimizing NNI: done in 0.000967979 secs using 100.1% CPU
Optimizing NNI: done in 0.000994921 secs using 100.1% CPU
Optimizing NNI: done in 0.00097394 secs using 100.1% CPU
Iteration 470 / LogL: -243.576 / Time: 0h:0m:2s (0h:0m:0s left)
Optimizing NNI: done in 0.000991821 secs using 100% CPU
Optimizing NNI: done in 0.000818014 secs using 99.63% CPU
Optimizing NNI: done in 0.000968933 secs using 99.9% CPU
Optimizing NNI: done in 0.00104809 secs using 99.99% CPU
Optimizing NNI: done in 0.00100303 secs using 99.9% CPU
Optimizing NNI: done in 0.000995874 secs using 99.91% CPU
Optimizing NNI: done in 0.000967026 secs using 99.69% CPU
Optimizing NNI: done in 0.000981092 secs using 99.89% CPU
Optimizing NNI: done in 0.000813007 secs using 99.63% CPU
Optimizing NNI: done in 0.000823975 secs using 99.76% CPU
Iteration 480 / LogL: -243.576 / Time: 0h:0m:2s (0h:0m:0s left)
Optimizing NNI: done in 0.000993967 secs using 98.09% CPU
Optimizing NNI: done in 0.000985861 secs using 100% CPU
Optimizing NNI: done in 0.000988007 secs using 100% CPU
Optimizing NNI: done in 0.000803947 secs using 100% CPU
Optimizing NNI: done in 0.000998974 secs using 99.9% CPU
Optimizing NNI: done in 0.00100207 secs using 99.79% CPU
Optimizing NNI: done in 0.000977993 secs using 100% CPU
Optimizing NNI: done in 0.000831842 secs using 100% CPU
Optimizing NNI: done in 0.000972033 secs using 100% CPU
Optimizing NNI: done in 0.000944853 secs using 100.1% CPU
Iteration 490 / LogL: -243.576 / Time: 0h:0m:3s (0h:0m:0s left)
Optimizing NNI: done in 0.000989914 secs using 100% CPU
Optimizing NNI: done in 0.000944853 secs using 99.91% CPU
Optimizing NNI: done in 0.0009799 secs using 100% CPU
Optimizing NNI: done in 0.000981092 secs using 99.99% CPU
Optimizing NNI: done in 0.00100112 secs using 99.99% CPU
Optimizing NNI: done in 0.000965834 secs using 99.91% CPU
Optimizing NNI: done in 0.00099802 secs using 100% CPU
Optimizing NNI: done in 0.000962019 secs using 100% CPU
Optimizing NNI: done in 0.000960827 secs using 99.91% CPU
Optimizing NNI: done in 0.000872135 secs using 99.98% CPU
Iteration 500 / LogL: -243.576 / Time: 0h:0m:3s (0h:0m:0s left)
Log-likelihood cutoff on original alignment: -243.576
NOTE: Bootstrap correlation coefficient of split occurrence frequencies: 0.735
NOTE: UFBoot does not converge, continue at least 100 more iterations
Optimizing NNI: done in 0.00103402 secs using 98.74% CPU
Optimizing NNI: done in 0.000924826 secs using 100% CPU
Optimizing NNI: done in 0.00102019 secs using 99.88% CPU
Optimizing NNI: done in 0.000793934 secs using 100% CPU
Optimizing NNI: done in 0.000873804 secs using 100% CPU
Optimizing NNI: done in 0.000880003 secs using 100% CPU
Optimizing NNI: done in 0.00088501 secs using 100% CPU
Optimizing NNI: done in 0.000839949 secs using 99.89% CPU
Optimizing NNI: done in 0.000888824 secs using 98.78% CPU
Optimizing NNI: done in 0.000878096 secs using 99.99% CPU
Iteration 510 / LogL: -243.576 / Time: 0h:0m:3s (0h:0m:0s left)
Optimizing NNI: done in 0.000855207 secs using 99.98% CPU
Optimizing NNI: done in 0.000883818 secs using 98.89% CPU
Optimizing NNI: done in 0.00120401 secs using 100% CPU
Optimizing NNI: done in 0.000838995 secs using 100% CPU
Optimizing NNI: done in 0.000828028 secs using 100% CPU
Optimizing NNI: done in 0.000844955 secs using 100% CPU
Optimizing NNI: done in 0.000850916 secs using 100% CPU
Optimizing NNI: done in 0.000709057 secs using 99.85% CPU
Optimizing NNI: done in 0.000857115 secs using 99.87% CPU
Optimizing NNI: done in 0.000837088 secs using 99.99% CPU
Iteration 520 / LogL: -243.576 / Time: 0h:0m:3s (0h:0m:0s left)
Optimizing NNI: done in 0.000855923 secs using 100% CPU
Optimizing NNI: done in 0.000858068 secs using 99.99% CPU
Optimizing NNI: done in 0.000847816 secs using 99.9% CPU
Optimizing NNI: done in 0.000880003 secs using 100% CPU
Optimizing NNI: done in 0.000897169 secs using 99.87% CPU
Optimizing NNI: done in 0.000824928 secs using 99.89% CPU
Optimizing NNI: done in 0.00081706 secs using 99.99% CPU
Optimizing NNI: done in 0.00084281 secs using 100% CPU
Optimizing NNI: done in 0.000873089 secs using 99.99% CPU
Optimizing NNI: done in 0.000832081 secs using 99.87% CPU
Iteration 530 / LogL: -243.576 / Time: 0h:0m:3s (0h:0m:0s left)
Optimizing NNI: done in 0.000839949 secs using 100% CPU
Optimizing NNI: done in 0.000850201 secs using 99.98% CPU
Optimizing NNI: done in 0.000858068 secs using 99.88% CPU
Optimizing NNI: done in 0.00084281 secs using 100% CPU
Optimizing NNI: done in 0.000828981 secs using 100% CPU
Optimizing NNI: done in 0.000705004 secs using 99.86% CPU
Optimizing NNI: done in 0.000880957 secs using 100% CPU
Optimizing NNI: done in 0.000867128 secs using 100.1% CPU
Optimizing NNI: done in 0.000869036 secs using 100% CPU
Optimizing NNI: done in 0.000836134 secs using 99.98% CPU
Iteration 540 / LogL: -243.576 / Time: 0h:0m:3s (0h:0m:0s left)
Optimizing NNI: done in 0.000860929 secs using 100% CPU
Optimizing NNI: done in 0.00091815 secs using 99.98% CPU
Optimizing NNI: done in 0.000886917 secs using 100% CPU
Optimizing NNI: done in 0.000843048 secs using 99.99% CPU
Optimizing NNI: done in 0.000874996 secs using 99.89% CPU
Optimizing NNI: done in 0.000868797 secs using 100% CPU
Optimizing NNI: done in 0.000848055 secs using 99.99% CPU
Optimizing NNI: done in 0.000860929 secs using 100% CPU
Optimizing NNI: done in 0.000721931 secs using 100% CPU
Optimizing NNI: done in 0.000880003 secs using 99.89% CPU
Iteration 550 / LogL: -243.576 / Time: 0h:0m:3s (0h:0m:0s left)
Log-likelihood cutoff on original alignment: -243.576
Optimizing NNI: done in 0.000908852 secs using 99.8% CPU
Optimizing NNI: done in 0.000895977 secs using 100% CPU
Optimizing NNI: done in 0.000859022 secs using 99.88% CPU
Optimizing NNI: done in 0.000849009 secs using 99.88% CPU
Optimizing NNI: done in 0.000873089 secs using 99.99% CPU
Optimizing NNI: done in 0.000850916 secs using 100% CPU
Optimizing NNI: done in 0.000905037 secs using 99.89% CPU
Optimizing NNI: done in 0.000725985 secs using 99.86% CPU
Optimizing NNI: done in 0.000883102 secs using 99.99% CPU
Optimizing NNI: done in 0.00088501 secs using 99.89% CPU
Iteration 560 / LogL: -243.576 / Time: 0h:0m:3s (0h:0m:0s left)
Optimizing NNI: done in 0.000877857 secs using 99.9% CPU
Optimizing NNI: done in 0.000859022 secs using 99.76% CPU
Optimizing NNI: done in 0.00089407 secs using 99.77% CPU
Optimizing NNI: done in 0.000915051 secs using 99.89% CPU
Optimizing NNI: done in 0.00085187 secs using 99.9% CPU
Optimizing NNI: done in 0.000797033 secs using 100% CPU
Optimizing NNI: done in 0.000836849 secs using 99.78% CPU
Optimizing NNI: done in 0.00101995 secs using 100% CPU
Optimizing NNI: done in 0.000844002 secs using 100% CPU
Optimizing NNI: done in 0.000912189 secs using 99.98% CPU
Iteration 570 / LogL: -243.576 / Time: 0h:0m:3s (0h:0m:0s left)
Optimizing NNI: done in 0.000707865 secs using 99.74% CPU
Optimizing NNI: done in 0.000668049 secs using 99.84% CPU
Optimizing NNI: done in 0.000663996 secs using 99.85% CPU
Optimizing NNI: done in 0.000662088 secs using 99.84% CPU
Optimizing NNI: done in 0.000682116 secs using 99.84% CPU
Optimizing NNI: done in 0.000901937 secs using 100.1% CPU
Optimizing NNI: done in 0.000678062 secs using 99.84% CPU
Optimizing NNI: done in 0.000681162 secs using 100.1% CPU
Optimizing NNI: done in 0.000639915 secs using 99.86% CPU
Optimizing NNI: done in 0.000663996 secs using 99.85% CPU
Iteration 580 / LogL: -243.576 / Time: 0h:0m:3s (0h:0m:0s left)
Optimizing NNI: done in 0.000671864 secs using 99.87% CPU
Optimizing NNI: done in 0.000669956 secs using 99.86% CPU
Optimizing NNI: done in 0.00070405 secs using 99.99% CPU
Optimizing NNI: done in 0.000531197 secs using 99.96% CPU
Optimizing NNI: done in 0.000963926 secs using 99.9% CPU
Optimizing NNI: done in 0.000522137 secs using 99.97% CPU
Optimizing NNI: done in 0.000777006 secs using 99.87% CPU
Optimizing NNI: done in 0.000675201 secs using 99.82% CPU
Optimizing NNI: done in 0.000653028 secs using 99.84% CPU
Optimizing NNI: done in 0.000661135 secs using 99.83% CPU
Iteration 590 / LogL: -243.576 / Time: 0h:0m:3s (0h:0m:0s left)
Optimizing NNI: done in 0.000653028 secs using 99.84% CPU
Optimizing NNI: done in 0.000688791 secs using 100% CPU
Optimizing NNI: done in 0.000675917 secs using 100% CPU
Optimizing NNI: done in 0.000682116 secs using 99.84% CPU
Optimizing NNI: done in 0.000682116 secs using 99.98% CPU
Optimizing NNI: done in 0.000674009 secs using 100% CPU
Optimizing NNI: done in 0.000657082 secs using 99.99% CPU
Optimizing NNI: done in 0.000696898 secs using 98.72% CPU
Optimizing NNI: done in 0.000669956 secs using 100% CPU
Optimizing NNI: done in 0.00067997 secs using 100% CPU
Iteration 600 / LogL: -243.576 / Time: 0h:0m:3s (0h:0m:0s left)
Log-likelihood cutoff on original alignment: -243.576
NOTE: Bootstrap correlation coefficient of split occurrence frequencies: 0.734
NOTE: UFBoot does not converge, continue at least 100 more iterations
Optimizing NNI: done in 0.000705957 secs using 99.72% CPU
Optimizing NNI: done in 0.000678778 secs using 100% CPU
Optimizing NNI: done in 0.000692129 secs using 99.98% CPU
Optimizing NNI: done in 0.000678062 secs using 99.84% CPU
Optimizing NNI: done in 0.00067997 secs using 100.2% CPU
Optimizing NNI: done in 0.000689983 secs using 100% CPU
Optimizing NNI: done in 0.000664949 secs using 100.2% CPU
Optimizing NNI: done in 0.000679016 secs using 100% CPU
Optimizing NNI: done in 0.000696898 secs using 100% CPU
Optimizing NNI: done in 0.000666857 secs using 100% CPU
Iteration 610 / LogL: -243.576 / Time: 0h:0m:3s (0h:0m:0s left)
Optimizing NNI: done in 0.000683069 secs using 99.99% CPU
Optimizing NNI: done in 0.000674009 secs using 100% CPU
Optimizing NNI: done in 0.000665903 secs using 99.86% CPU
Optimizing NNI: done in 0.00065589 secs using 99.86% CPU
Optimizing NNI: done in 0.000646114 secs using 99.98% CPU
Optimizing NNI: done in 0.000649214 secs using 99.97% CPU
Optimizing NNI: done in 0.000648975 secs using 100% CPU
Optimizing NNI: done in 0.000673056 secs using 99.99% CPU
Optimizing NNI: done in 0.000811815 secs using 100% CPU
Optimizing NNI: done in 0.000538111 secs using 99.79% CPU
Iteration 620 / LogL: -243.576 / Time: 0h:0m:3s (0h:0m:0s left)
Optimizing NNI: done in 0.000545025 secs using 100% CPU
Optimizing NNI: done in 0.000910997 secs using 99.89% CPU
Optimizing NNI: done in 0.000530005 secs using 99.81% CPU
Optimizing NNI: done in 0.000431061 secs using 99.99% CPU
Optimizing NNI: done in 0.000917912 secs using 99.9% CPU
Optimizing NNI: done in 0.000542164 secs using 99.6% CPU
Optimizing NNI: done in 0.000905991 secs using 99.89% CPU
Optimizing NNI: done in 0.000957966 secs using 98.86% CPU
Optimizing NNI: done in 0.000543118 secs using 99.98% CPU
Optimizing NNI: done in 0.000520945 secs using 99.82% CPU
Iteration 630 / LogL: -243.576 / Time: 0h:0m:3s (0h:0m:0s left)
Optimizing NNI: done in 0.000524044 secs using 99.8% CPU
Optimizing NNI: done in 0.000534058 secs using 99.8% CPU
Optimizing NNI: done in 0.000891924 secs using 100% CPU
Optimizing NNI: done in 0.000895977 secs using 100% CPU
Optimizing NNI: done in 0.00051403 secs using 99.99% CPU
Optimizing NNI: done in 0.000561953 secs using 99.83% CPU
Optimizing NNI: done in 0.000895977 secs using 99.89% CPU
Optimizing NNI: done in 0.000509977 secs using 100% CPU
Optimizing NNI: done in 0.000530958 secs using 99.82% CPU
Optimizing NNI: done in 0.000848055 secs using 99.88% CPU
Iteration 640 / LogL: -243.576 / Time: 0h:0m:3s (0h:0m:0s left)
Optimizing NNI: done in 0.000516891 secs using 100% CPU
Optimizing NNI: done in 0.0007689 secs using 100% CPU
Optimizing NNI: done in 0.000553131 secs using 99.8% CPU
Optimizing NNI: done in 0.000599146 secs using 99.98% CPU
Optimizing NNI: done in 0.000524044 secs using 99.8% CPU
Optimizing NNI: done in 0.000550985 secs using 99.82% CPU
Optimizing NNI: done in 0.000509024 secs using 100.2% CPU
Optimizing NNI: done in 0.000507832 secs using 99.84% CPU
Optimizing NNI: done in 0.000525951 secs using 100% CPU
Optimizing NNI: done in 0.000528097 secs using 99.98% CPU
Iteration 650 / LogL: -243.576 / Time: 0h:0m:4s (0h:0m:0s left)
Log-likelihood cutoff on original alignment: -243.576
Optimizing NNI: done in 0.000560045 secs using 99.81% CPU
Optimizing NNI: done in 0.000592947 secs using 100% CPU
Optimizing NNI: done in 0.000529051 secs using 99.8% CPU
Optimizing NNI: done in 0.000506163 secs using 99.57% CPU
Optimizing NNI: done in 0.00068903 secs using 97.67% CPU
Optimizing NNI: done in 0.000511169 secs using 99.77% CPU
Optimizing NNI: done in 0.00050211 secs using 99.98% CPU
Optimizing NNI: done in 0.000576973 secs using 100% CPU
Optimizing NNI: done in 0.000519037 secs using 99.8% CPU
Optimizing NNI: done in 0.000580072 secs using 100.2% CPU
Iteration 660 / LogL: -243.576 / Time: 0h:0m:4s (0h:0m:0s left)
Optimizing NNI: done in 0.000503063 secs using 99.99% CPU
Optimizing NNI: done in 0.000522852 secs using 100% CPU
Optimizing NNI: done in 0.000521898 secs using 100% CPU
Optimizing NNI: done in 0.000427961 secs using 100% CPU
Optimizing NNI: done in 0.000974894 secs using 100.1% CPU
Optimizing NNI: done in 0.000998974 secs using 100% CPU
Optimizing NNI: done in 0.000983 secs using 99.9% CPU
Optimizing NNI: done in 0.000986099 secs using 99.89% CPU
Optimizing NNI: done in 0.000988007 secs using 100% CPU
Optimizing NNI: done in 0.000937939 secs using 99.9% CPU
Iteration 670 / LogL: -243.576 / Time: 0h:0m:4s (0h:0m:0s left)
Optimizing NNI: done in 0.000955105 secs using 99.99% CPU
Optimizing NNI: done in 0.000952005 secs using 98.84% CPU
Optimizing NNI: done in 0.000853062 secs using 99.99% CPU
Optimizing NNI: done in 0.000929832 secs using 100% CPU
Optimizing NNI: done in 0.000972033 secs using 100% CPU
Optimizing NNI: done in 0.000951052 secs using 100.1% CPU
Optimizing NNI: done in 0.000957966 secs using 100% CPU
Optimizing NNI: done in 0.00100708 secs using 96.81% CPU
Optimizing NNI: done in 0.000977993 secs using 100% CPU
Optimizing NNI: done in 0.000993013 secs using 99.9% CPU
Iteration 680 / LogL: -243.576 / Time: 0h:0m:4s (0h:0m:0s left)
Optimizing NNI: done in 0.00098896 secs using 99.9% CPU
Optimizing NNI: done in 0.000959158 secs using 99.98% CPU
Optimizing NNI: done in 0.000952005 secs using 99.89% CPU
Optimizing NNI: done in 0.000986099 secs using 99.89% CPU
Optimizing NNI: done in 0.000953913 secs using 99.9% CPU
Optimizing NNI: done in 0.000959873 secs using 99.91% CPU
Optimizing NNI: done in 0.00096488 secs using 100% CPU
Optimizing NNI: done in 0.0009799 secs using 100% CPU
Optimizing NNI: done in 0.000977993 secs using 100% CPU
Optimizing NNI: done in 0.000942945 secs using 100.1% CPU
Iteration 690 / LogL: -243.576 / Time: 0h:0m:4s (0h:0m:0s left)
Optimizing NNI: done in 0.00103283 secs using 99.05% CPU
Optimizing NNI: done in 0.000919104 secs using 99.99% CPU
Optimizing NNI: done in 0.000989914 secs using 99.91% CPU
Optimizing NNI: done in 0.000788927 secs using 100% CPU
Optimizing NNI: done in 0.000954866 secs using 99.91% CPU
Optimizing NNI: done in 0.000969887 secs using 99.91% CPU
Optimizing NNI: done in 0.000977993 secs using 98.88% CPU
Optimizing NNI: done in 0.000951052 secs using 99.89% CPU
Optimizing NNI: done in 0.000982046 secs using 99.89% CPU
Optimizing NNI: done in 0.000965834 secs using 100.1% CPU
Iteration 700 / LogL: -243.576 / Time: 0h:0m:4s (0h:0m:0s left)
Log-likelihood cutoff on original alignment: -243.576
NOTE: Bootstrap correlation coefficient of split occurrence frequencies: 0.818
NOTE: UFBoot does not converge, continue at least 100 more iterations
Optimizing NNI: done in 0.00103617 secs using 99.89% CPU
Optimizing NNI: done in 0.000986099 secs using 100.1% CPU
Optimizing NNI: done in 0.000993013 secs using 99.9% CPU
Optimizing NNI: done in 0.00100017 secs using 99.68% CPU
Optimizing NNI: done in 0.000984192 secs using 99.88% CPU
Optimizing NNI: done in 0.0010159 secs using 100% CPU
Optimizing NNI: done in 0.000959158 secs using 99.88% CPU
Optimizing NNI: done in 0.000999928 secs using 99.91% CPU
Optimizing NNI: done in 0.00100899 secs using 99.8% CPU
Optimizing NNI: done in 0.000893116 secs using 99.76% CPU
Iteration 710 / LogL: -243.576 / Time: 0h:0m:4s (0h:0m:0s left)
Optimizing NNI: done in 0.000975132 secs using 99.88% CPU
Optimizing NNI: done in 0.000967979 secs using 99.9% CPU
Optimizing NNI: done in 0.00101209 secs using 99.79% CPU
Optimizing NNI: done in 0.00101304 secs using 100.1% CPU
Optimizing NNI: done in 0.000957012 secs using 99.89% CPU
Optimizing NNI: done in 0.000967026 secs using 100.1% CPU
Optimizing NNI: done in 0.00100899 secs using 100% CPU
Optimizing NNI: done in 0.00099802 secs using 99.9% CPU
Optimizing NNI: done in 0.000982046 secs using 99.89% CPU
Optimizing NNI: done in 0.00100613 secs using 99.09% CPU
Iteration 720 / LogL: -243.576 / Time: 0h:0m:4s (0h:0m:0s left)
Optimizing NNI: done in 0.00100088 secs using 100% CPU
Optimizing NNI: done in 0.000999928 secs using 99.91% CPU
Optimizing NNI: done in 0.00100613 secs using 99.79% CPU
Optimizing NNI: done in 0.00100803 secs using 99.9% CPU
Optimizing NNI: done in 0.00100517 secs using 99.98% CPU
Optimizing NNI: done in 0.000968933 secs using 99.9% CPU
Optimizing NNI: done in 0.00096488 secs using 99.81% CPU
Optimizing NNI: done in 0.00096488 secs using 99.91% CPU
Optimizing NNI: done in 0.000976801 secs using 100% CPU
Optimizing NNI: done in 0.000961781 secs using 99.81% CPU
Iteration 730 / LogL: -243.576 / Time: 0h:0m:4s (0h:0m:0s left)
Optimizing NNI: done in 0.000968933 secs using 99.9% CPU
Optimizing NNI: done in 0.00103116 secs using 99.01% CPU
Optimizing NNI: done in 0.00101399 secs using 99.8% CPU
Optimizing NNI: done in 0.000905037 secs using 99.89% CPU
Optimizing NNI: done in 0.000974894 secs using 100% CPU
Optimizing NNI: done in 0.000980139 secs using 99.99% CPU
Optimizing NNI: done in 0.000808001 secs using 99.88% CPU
Optimizing NNI: done in 0.000977993 secs using 99.9% CPU
Optimizing NNI: done in 0.000982046 secs using 99.89% CPU
Optimizing NNI: done in 0.000971079 secs using 99.89% CPU
Iteration 740 / LogL: -243.576 / Time: 0h:0m:4s (0h:0m:0s left)
Optimizing NNI: done in 0.000955105 secs using 99.99% CPU
Optimizing NNI: done in 0.000989914 secs using 100% CPU
Optimizing NNI: done in 0.000966072 secs using 99.89% CPU
Optimizing NNI: done in 0.000974894 secs using 99.91% CPU
Optimizing NNI: done in 0.000996113 secs using 99.99% CPU
Optimizing NNI: done in 0.0009799 secs using 100.1% CPU
Optimizing NNI: done in 0.000975847 secs using 99.81% CPU
Optimizing NNI: done in 0.000983 secs using 99.9% CPU
Optimizing NNI: done in 0.000995874 secs using 99.91% CPU
Optimizing NNI: done in 0.00096488 secs using 99.91% CPU
Iteration 750 / LogL: -243.576 / Time: 0h:0m:4s (0h:0m:0s left)
Log-likelihood cutoff on original alignment: -243.576
Optimizing NNI: done in 0.00104904 secs using 98.47% CPU
Optimizing NNI: done in 0.000937939 secs using 100% CPU
Optimizing NNI: done in 0.000516176 secs using 99.77% CPU
Optimizing NNI: done in 0.000524998 secs using 100% CPU
Optimizing NNI: done in 0.00050807 secs using 99.99% CPU
Optimizing NNI: done in 0.000523806 secs using 99.66% CPU
Optimizing NNI: done in 0.000507832 secs using 99.84% CPU
Optimizing NNI: done in 0.000505924 secs using 100% CPU
Optimizing NNI: done in 0.000529051 secs using 99.99% CPU
Optimizing NNI: done in 0.000530005 secs using 99.81% CPU
Iteration 760 / LogL: -243.576 / Time: 0h:0m:4s (0h:0m:0s left)
Optimizing NNI: done in 0.000521898 secs using 100% CPU
Optimizing NNI: done in 0.000518799 secs using 99.85% CPU
Optimizing NNI: done in 0.000524998 secs using 99.81% CPU
Optimizing NNI: done in 0.00052309 secs using 99.98% CPU
Optimizing NNI: done in 0.000431061 secs using 99.52% CPU
Optimizing NNI: done in 0.000509977 secs using 100% CPU
Optimizing NNI: done in 0.000902891 secs using 99.9% CPU
Optimizing NNI: done in 0.000541925 secs using 99.64% CPU
Optimizing NNI: done in 0.000525951 secs using 99.82% CPU
Optimizing NNI: done in 0.000542164 secs using 94.99% CPU
Iteration 770 / LogL: -243.576 / Time: 0h:0m:4s (0h:0m:0s left)
Optimizing NNI: done in 0.000528097 secs using 99.22% CPU
Optimizing NNI: done in 0.000516891 secs using 99.25% CPU
Optimizing NNI: done in 0.000516176 secs using 99.19% CPU
Optimizing NNI: done in 0.000524044 secs using 99.42% CPU
Optimizing NNI: done in 0.000522137 secs using 99.59% CPU
Optimizing NNI: done in 0.000505924 secs using 99.42% CPU
Optimizing NNI: done in 0.000426054 secs using 99.28% CPU
Optimizing NNI: done in 0.000509024 secs using 99.41% CPU
Optimizing NNI: done in 0.00057292 secs using 98.09% CPU
Optimizing NNI: done in 0.000528097 secs using 99.6% CPU
Iteration 780 / LogL: -243.576 / Time: 0h:0m:4s (0h:0m:0s left)
Optimizing NNI: done in 0.000617027 secs using 99.83% CPU
Optimizing NNI: done in 0.000933886 secs using 100% CPU
Optimizing NNI: done in 0.000941992 secs using 99.89% CPU
Optimizing NNI: done in 0.000977039 secs using 99.89% CPU
Optimizing NNI: done in 0.00100589 secs using 99.02% CPU
Optimizing NNI: done in 0.0009799 secs using 99.91% CPU
Optimizing NNI: done in 0.000988007 secs using 99.9% CPU
Optimizing NNI: done in 0.000943899 secs using 99.9% CPU
Optimizing NNI: done in 0.000937939 secs using 100% CPU
Optimizing NNI: done in 0.000988007 secs using 99.9% CPU
Iteration 790 / LogL: -243.576 / Time: 0h:0m:4s (0h:0m:0s left)
Optimizing NNI: done in 0.000976801 secs using 99.92% CPU
Optimizing NNI: done in 0.000994921 secs using 98.6% CPU
Optimizing NNI: done in 0.000939131 secs using 99.99% CPU
Optimizing NNI: done in 0.000937223 secs using 99.98% CPU
Optimizing NNI: done in 0.00096488 secs using 98.77% CPU
Optimizing NNI: done in 0.000967026 secs using 99.79% CPU
Optimizing NNI: done in 0.000976086 secs using 99.89% CPU
Optimizing NNI: done in 0.000954866 secs using 100% CPU
Optimizing NNI: done in 0.00081706 secs using 99.75% CPU
Optimizing NNI: done in 0.000946999 secs using 99.79% CPU
Iteration 800 / LogL: -243.576 / Time: 0h:0m:4s (0h:0m:0s left)
Log-likelihood cutoff on original alignment: -243.576
NOTE: Bootstrap correlation coefficient of split occurrence frequencies: 0.763
NOTE: UFBoot does not converge, continue at least 100 more iterations
Optimizing NNI: done in 0.00102401 secs using 99.8% CPU
Optimizing NNI: done in 0.000957966 secs using 98.44% CPU
Optimizing NNI: done in 0.000940084 secs using 99.88% CPU
Optimizing NNI: done in 0.00099802 secs using 99.8% CPU
Optimizing NNI: done in 0.000977993 secs using 99.9% CPU
Optimizing NNI: done in 0.00102282 secs using 99.82% CPU
Optimizing NNI: done in 0.000954151 secs using 99.77% CPU
Optimizing NNI: done in 0.000962973 secs using 99.9% CPU
Optimizing NNI: done in 0.000928164 secs using 99.87% CPU
Optimizing NNI: done in 0.00101781 secs using 98.84% CPU
Iteration 810 / LogL: -243.576 / Time: 0h:0m:5s (0h:0m:0s left)
Optimizing NNI: done in 0.000967026 secs using 100% CPU
Optimizing NNI: done in 0.00099206 secs using 99.89% CPU
Optimizing NNI: done in 0.000877142 secs using 99.87% CPU
Optimizing NNI: done in 0.000957966 secs using 100% CPU
Optimizing NNI: done in 0.000974894 secs using 99.91% CPU
Optimizing NNI: done in 0.000957012 secs using 99.89% CPU
Optimizing NNI: done in 0.000808001 secs using 99.88% CPU
Optimizing NNI: done in 0.000956059 secs using 99.99% CPU
Optimizing NNI: done in 0.000948906 secs using 99.9% CPU
Optimizing NNI: done in 0.00096488 secs using 99.81% CPU
Iteration 820 / LogL: -243.576 / Time: 0h:0m:5s (0h:0m:0s left)
Optimizing NNI: done in 0.000948191 secs using 99.77% CPU
Optimizing NNI: done in 0.000969887 secs using 99.81% CPU
Optimizing NNI: done in 0.000802994 secs using 99.88% CPU
Optimizing NNI: done in 0.000942945 secs using 98.95% CPU
Optimizing NNI: done in 0.000972986 secs using 99.9% CPU
Optimizing NNI: done in 0.000946999 secs using 99.89% CPU
Optimizing NNI: done in 0.00087595 secs using 99.89% CPU
Optimizing NNI: done in 0.000933886 secs using 99.91% CPU
Optimizing NNI: done in 0.000972033 secs using 99.89% CPU
Optimizing NNI: done in 0.000972986 secs using 99.8% CPU
Iteration 830 / LogL: -243.576 / Time: 0h:0m:5s (0h:0m:0s left)
Optimizing NNI: done in 0.000983 secs using 99.9% CPU
Optimizing NNI: done in 0.000978947 secs using 100% CPU
Optimizing NNI: done in 0.00097394 secs using 99.8% CPU
Optimizing NNI: done in 0.000938177 secs using 99.87% CPU
Optimizing NNI: done in 0.000999928 secs using 99.91% CPU
Optimizing NNI: done in 0.000975132 secs using 100.1% CPU
Optimizing NNI: done in 0.000967026 secs using 99.89% CPU
Optimizing NNI: done in 0.000957966 secs using 99.79% CPU
Optimizing NNI: done in 0.00101995 secs using 98.73% CPU
Optimizing NNI: done in 0.000885963 secs using 100% CPU
Iteration 840 / LogL: -243.576 / Time: 0h:0m:5s (0h:0m:0s left)
Optimizing NNI: done in 0.000936985 secs using 100% CPU
Optimizing NNI: done in 0.000972033 secs using 99.79% CPU
Optimizing NNI: done in 0.00080204 secs using 99.87% CPU
Optimizing NNI: done in 0.000961065 secs using 99.89% CPU
Optimizing NNI: done in 0.00097394 secs using 99.9% CPU
Optimizing NNI: done in 0.000988007 secs using 99.8% CPU
Optimizing NNI: done in 0.000876904 secs using 100% CPU
Optimizing NNI: done in 0.000929117 secs using 99.88% CPU
Optimizing NNI: done in 0.000920057 secs using 99.89% CPU
Optimizing NNI: done in 0.000971079 secs using 99.99% CPU
Iteration 850 / LogL: -243.576 / Time: 0h:0m:5s (0h:0m:0s left)
Log-likelihood cutoff on original alignment: -243.576
Optimizing NNI: done in 0.00099802 secs using 99.6% CPU
Optimizing NNI: done in 0.000940084 secs using 99.99% CPU
Optimizing NNI: done in 0.000972986 secs using 98.97% CPU
Optimizing NNI: done in 0.000981092 secs using 99.89% CPU
Optimizing NNI: done in 0.0009799 secs using 100% CPU
Optimizing NNI: done in 0.000927925 secs using 99.9% CPU
Optimizing NNI: done in 0.00102401 secs using 98.53% CPU
Optimizing NNI: done in 0.000799894 secs using 99.89% CPU
Optimizing NNI: done in 0.000939131 secs using 99.88% CPU
Optimizing NNI: done in 0.000964165 secs using 99.88% CPU
Iteration 860 / LogL: -243.576 / Time: 0h:0m:5s (0h:0m:0s left)
Optimizing NNI: done in 0.000988007 secs using 98.78% CPU
Optimizing NNI: done in 0.000986099 secs using 99.89% CPU
Optimizing NNI: done in 0.000952959 secs using 99.79% CPU
Optimizing NNI: done in 0.000972986 secs using 99.9% CPU
Optimizing NNI: done in 0.000867128 secs using 99.87% CPU
Optimizing NNI: done in 0.000960112 secs using 99.99% CPU
Optimizing NNI: done in 0.000965834 secs using 99.91% CPU
Optimizing NNI: done in 0.000955105 secs using 99.78% CPU
Optimizing NNI: done in 0.000984907 secs using 98.89% CPU
Optimizing NNI: done in 0.000987053 secs using 99.99% CPU
Iteration 870 / LogL: -243.576 / Time: 0h:0m:5s (0h:0m:0s left)
Optimizing NNI: done in 0.000969887 secs using 99.81% CPU
Optimizing NNI: done in 0.000935078 secs using 99.99% CPU
Optimizing NNI: done in 0.000931978 secs using 99.9% CPU
Optimizing NNI: done in 0.000957966 secs using 99.9% CPU
Optimizing NNI: done in 0.000897169 secs using 99.87% CPU
Optimizing NNI: done in 0.000977993 secs using 99.9% CPU
Optimizing NNI: done in 0.000989199 secs using 99.88% CPU
Optimizing NNI: done in 0.000725031 secs using 100.1% CPU
Optimizing NNI: done in 0.000944138 secs using 99.88% CPU
Optimizing NNI: done in 0.00101709 secs using 98.71% CPU
Iteration 880 / LogL: -243.576 / Time: 0h:0m:5s (0h:0m:0s left)
Optimizing NNI: done in 0.000968933 secs using 99.9% CPU
Optimizing NNI: done in 0.000939131 secs using 99.88% CPU
Optimizing NNI: done in 0.000950098 secs using 99.88% CPU
Optimizing NNI: done in 0.00098896 secs using 100% CPU
Optimizing NNI: done in 0.000932932 secs using 99.9% CPU
Optimizing NNI: done in 0.000967026 secs using 99.89% CPU
Optimizing NNI: done in 0.000942945 secs using 100% CPU
Optimizing NNI: done in 0.000983 secs using 99.9% CPU
Optimizing NNI: done in 0.000959873 secs using 99.91% CPU
Optimizing NNI: done in 0.000965118 secs using 99.88% CPU
Iteration 890 / LogL: -243.576 / Time: 0h:0m:5s (0h:0m:0s left)
Optimizing NNI: done in 0.000936985 secs using 99.89% CPU
Optimizing NNI: done in 0.000991821 secs using 99.82% CPU
Optimizing NNI: done in 0.000972986 secs using 99.9% CPU
Optimizing NNI: done in 0.00097394 secs using 99.9% CPU
Optimizing NNI: done in 0.00096488 secs using 100% CPU
Optimizing NNI: done in 0.000991106 secs using 99.99% CPU
Optimizing NNI: done in 0.000939131 secs using 99.88% CPU
Optimizing NNI: done in 0.000951052 secs using 99.99% CPU
Optimizing NNI: done in 0.000956059 secs using 99.99% CPU
Optimizing NNI: done in 0.00100493 secs using 98.81% CPU
Iteration 900 / LogL: -243.576 / Time: 0h:0m:5s (0h:0m:0s left)
Log-likelihood cutoff on original alignment: -243.576
NOTE: Bootstrap correlation coefficient of split occurrence frequencies: 0.722
NOTE: UFBoot does not converge, continue at least 100 more iterations
Optimizing NNI: done in 0.00100017 secs using 99.88% CPU
Optimizing NNI: done in 0.000961065 secs using 99.99% CPU
Optimizing NNI: done in 0.000959873 secs using 100% CPU
Optimizing NNI: done in 0.000967026 secs using 100% CPU
Optimizing NNI: done in 0.000951052 secs using 99.99% CPU
Optimizing NNI: done in 0.000977993 secs using 99.9% CPU
Optimizing NNI: done in 0.000983953 secs using 100% CPU
Optimizing NNI: done in 0.000942945 secs using 100% CPU
Optimizing NNI: done in 0.000960827 secs using 99.91% CPU
Optimizing NNI: done in 0.000972986 secs using 99.9% CPU
Iteration 910 / LogL: -243.576 / Time: 0h:0m:5s (0h:0m:0s left)
Optimizing NNI: done in 0.000894785 secs using 100.1% CPU
Optimizing NNI: done in 0.000998974 secs using 99% CPU
Optimizing NNI: done in 0.0008111 secs using 99.86% CPU
Optimizing NNI: done in 0.000961065 secs using 99.99% CPU
Optimizing NNI: done in 0.000978947 secs using 99.9% CPU
Optimizing NNI: done in 0.000971079 secs using 99.89% CPU
Optimizing NNI: done in 0.000957012 secs using 99.89% CPU
Optimizing NNI: done in 0.000984192 secs using 99.98% CPU
Optimizing NNI: done in 0.000958204 secs using 99.98% CPU
Optimizing NNI: done in 0.000802994 secs using 100% CPU
Iteration 920 / LogL: -243.576 / Time: 0h:0m:5s (0h:0m:0s left)
Optimizing NNI: done in 0.00901699 secs using 11.74% CPU
Optimizing NNI: done in 0.00097394 secs using 99.8% CPU
Optimizing NNI: done in 0.000978947 secs using 99.29% CPU
Optimizing NNI: done in 0.000929832 secs using 99.91% CPU
Optimizing NNI: done in 0.000972986 secs using 99.9% CPU
Optimizing NNI: done in 0.000946045 secs using 100% CPU
Optimizing NNI: done in 0.000962019 secs using 99.89% CPU
Optimizing NNI: done in 0.000965834 secs using 100% CPU
Optimizing NNI: done in 0.000976086 secs using 99.99% CPU
Optimizing NNI: done in 0.000971079 secs using 99.89% CPU
Iteration 930 / LogL: -243.576 / Time: 0h:0m:5s (0h:0m:0s left)
Optimizing NNI: done in 0.000895977 secs using 99.89% CPU
Optimizing NNI: done in 0.000963211 secs using 99.87% CPU
Optimizing NNI: done in 0.000975847 secs using 99.91% CPU
Optimizing NNI: done in 0.000976801 secs using 98.69% CPU
Optimizing NNI: done in 0.000802994 secs using 99.88% CPU
Optimizing NNI: done in 0.000975132 secs using 99.99% CPU
Optimizing NNI: done in 0.00087285 secs using 100% CPU
Optimizing NNI: done in 0.000989914 secs using 99.91% CPU
Optimizing NNI: done in 0.000983 secs using 100% CPU
Optimizing NNI: done in 0.000941992 secs using 99.15% CPU
Iteration 940 / LogL: -243.576 / Time: 0h:0m:6s (0h:0m:0s left)
Optimizing NNI: done in 0.00095582 secs using 99.91% CPU
Optimizing NNI: done in 0.000897884 secs using 100% CPU
Optimizing NNI: done in 0.000977993 secs using 99.9% CPU
Optimizing NNI: done in 0.000956059 secs using 99.78% CPU
Optimizing NNI: done in 0.000946999 secs using 100% CPU
Optimizing NNI: done in 0.000884056 secs using 99.99% CPU
Optimizing NNI: done in 0.000986099 secs using 98.77% CPU
Optimizing NNI: done in 0.000895977 secs using 99.89% CPU
Optimizing NNI: done in 0.000961065 secs using 99.99% CPU
Optimizing NNI: done in 0.000934839 secs using 99.91% CPU
Iteration 950 / LogL: -243.576 / Time: 0h:0m:6s (0h:0m:0s left)
Log-likelihood cutoff on original alignment: -243.576
Optimizing NNI: done in 0.00099802 secs using 99.3% CPU
Optimizing NNI: done in 0.000980854 secs using 99.91% CPU
Optimizing NNI: done in 0.000948906 secs using 100.1% CPU
Optimizing NNI: done in 0.00100112 secs using 99.99% CPU
Optimizing NNI: done in 0.000941038 secs using 100% CPU
Optimizing NNI: done in 0.000988007 secs using 98.78% CPU
Optimizing NNI: done in 0.000988007 secs using 100% CPU
Optimizing NNI: done in 0.000961065 secs using 99.89% CPU
Optimizing NNI: done in 0.000977039 secs using 100% CPU
Optimizing NNI: done in 0.000950098 secs using 99.99% CPU
Iteration 960 / LogL: -243.576 / Time: 0h:0m:6s (0h:0m:0s left)
Optimizing NNI: done in 0.000977993 secs using 100% CPU
Optimizing NNI: done in 0.000969887 secs using 99.91% CPU
Optimizing NNI: done in 0.000905991 secs using 99.89% CPU
Optimizing NNI: done in 0.000978947 secs using 100% CPU
Optimizing NNI: done in 0.000967026 secs using 100% CPU
Optimizing NNI: done in 0.00095892 secs using 100% CPU
Optimizing NNI: done in 0.000954866 secs using 99.91% CPU
Optimizing NNI: done in 0.000957012 secs using 99.89% CPU
Optimizing NNI: done in 0.000959158 secs using 99.98% CPU
Optimizing NNI: done in 0.00097394 secs using 100% CPU
Iteration 970 / LogL: -243.576 / Time: 0h:0m:6s (0h:0m:0s left)
Optimizing NNI: done in 0.000981092 secs using 99.99% CPU
Optimizing NNI: done in 0.000978947 secs using 100% CPU
Optimizing NNI: done in 0.000945091 secs using 99.99% CPU
Optimizing NNI: done in 0.000975847 secs using 100% CPU
Optimizing NNI: done in 0.000961065 secs using 99.99% CPU
Optimizing NNI: done in 0.00099206 secs using 98.28% CPU
Optimizing NNI: done in 0.000943184 secs using 99.98% CPU
Optimizing NNI: done in 0.000933886 secs using 99.91% CPU
Optimizing NNI: done in 0.000983 secs using 100% CPU
Optimizing NNI: done in 0.000969887 secs using 100% CPU
Iteration 980 / LogL: -243.576 / Time: 0h:0m:6s (0h:0m:0s left)
Optimizing NNI: done in 0.000963926 secs using 99.9% CPU
Optimizing NNI: done in 0.000967026 secs using 100% CPU
Optimizing NNI: done in 0.000965834 secs using 100% CPU
Optimizing NNI: done in 0.000931025 secs using 100% CPU
Optimizing NNI: done in 0.000954866 secs using 100% CPU
Optimizing NNI: done in 0.000865936 secs using 99.89% CPU
Optimizing NNI: done in 0.00102878 secs using 99.92% CPU
Optimizing NNI: done in 0.00100589 secs using 98.72% CPU
Optimizing NNI: done in 0.000901937 secs using 99.9% CPU
Optimizing NNI: done in 0.000952005 secs using 99.89% CPU
Iteration 990 / LogL: -243.576 / Time: 0h:0m:6s (0h:0m:0s left)
Optimizing NNI: done in 0.000929117 secs using 99.99% CPU
Optimizing NNI: done in 0.000899076 secs using 99.88% CPU
Optimizing NNI: done in 0.000970125 secs using 98.85% CPU
Optimizing NNI: done in 0.000959873 secs using 100.1% CPU
Optimizing NNI: done in 0.000977993 secs using 99.9% CPU
Optimizing NNI: done in 0.000953913 secs using 99.8% CPU
Optimizing NNI: done in 0.000961781 secs using 100% CPU
Optimizing NNI: done in 0.000967979 secs using 99.9% CPU
Optimizing NNI: done in 0.000960112 secs using 99.99% CPU
Optimizing NNI: done in 0.000956059 secs using 99.99% CPU
Iteration 1000 / LogL: -243.576 / Time: 0h:0m:6s (0h:0m:0s left)
Log-likelihood cutoff on original alignment: -243.576
NOTE: Bootstrap correlation coefficient of split occurrence frequencies: 0.729
NOTE: UFBoot does not converge, continue at least 100 more iterations
Optimizing NNI: done in 0.00099206 secs using 98.58% CPU
WARNING: bootstrap analysis did not converge. You should rerun with higher number of iterations (-nm option)
TREE SEARCH COMPLETED AFTER 1001 ITERATIONS / Time: 0h:0m:6s

--------------------------------------------------------------------
|                    FINALIZING TREE SEARCH                        |
--------------------------------------------------------------------
Performs final model parameters optimization
Estimate model parameters (epsilon = 0.010)
1. Initial log-likelihood: -243.576
Optimal log-likelihood: -243.576
Parameters optimization took 1 rounds (0.000 sec)
BEST SCORE FOUND : -243.576

Testing tree branches by SH-like aLRT with 1000 replicates...
0.005 sec.
Creating bootstrap support values...
Split supports printed to NEXUS file ../results/molecular_evolution_analyses/phylogenetic_trees/F89865_ECAN_G1/F89865_ECAN_G1.splits.nex
Total tree length: 0.321

Total number of iterations: 1001
CPU time used for tree search: 6.591 sec (0h:0m:6s)
Wall-clock time used for tree search: 6.497 sec (0h:0m:6s)
Total CPU time used: 6.635 sec (0h:0m:6s)
Total wall-clock time used: 6.540 sec (0h:0m:6s)

Computing bootstrap consensus tree...
Reading input file ../results/molecular_evolution_analyses/phylogenetic_trees/F89865_ECAN_G1/F89865_ECAN_G1.splits.nex...
6 taxa and 29 splits.
Consensus tree written to ../results/molecular_evolution_analyses/phylogenetic_trees/F89865_ECAN_G1/F89865_ECAN_G1.contree
Reading input trees file ../results/molecular_evolution_analyses/phylogenetic_trees/F89865_ECAN_G1/F89865_ECAN_G1.contree
Log-likelihood of consensus tree: -243.576

Analysis results written to: 
  IQ-TREE report:                ../results/molecular_evolution_analyses/phylogenetic_trees/F89865_ECAN_G1/F89865_ECAN_G1.iqtree
  Maximum-likelihood tree:       ../results/molecular_evolution_analyses/phylogenetic_trees/F89865_ECAN_G1/F89865_ECAN_G1.treefile
  Likelihood distances:          ../results/molecular_evolution_analyses/phylogenetic_trees/F89865_ECAN_G1/F89865_ECAN_G1.mldist

Ultrafast bootstrap approximation results written to:
  Split support values:          ../results/molecular_evolution_analyses/phylogenetic_trees/F89865_ECAN_G1/F89865_ECAN_G1.splits.nex
  Consensus tree:                ../results/molecular_evolution_analyses/phylogenetic_trees/F89865_ECAN_G1/F89865_ECAN_G1.contree
  Screen log file:               ../results/molecular_evolution_analyses/phylogenetic_trees/F89865_ECAN_G1/F89865_ECAN_G1.log

Date and Time: Thu Mar 28 11:20:43 2024
