IQ-TREE multicore version 2.2.2.6 COVID-edition for Linux 64-bit built May 27 2023
Developed by Bui Quang Minh, James Barbetti, Nguyen Lam Tung,
Olga Chernomor, Heiko Schmidt, Dominik Schrempf, Michael Woodhams, Ly Trong Nhan.

Host:    lbc5 (AVX2, FMA3, 125 GB RAM)
Command: /home/mauricio/mauricio_PROGRAMAS/iqtree-2.2.2.6-Linux/bin/iqtree2 -s ../results/molecular_evolution_analyses/alignments_gblocks/F30100_SMED_G1/F30100_SMED_G1.aln.gblo -m TEST --threads-max 32 --alrt 1000 --ufboot 1000 --prefix ../results/molecular_evolution_analyses/phylogenetic_trees/F30100_SMED_G1/F30100_SMED_G1 -keep-ident -redo
Seed:    2366 (Using SPRNG - Scalable Parallel Random Number Generator)
Time:    Wed May  1 11:48:30 2024
Kernel:  AVX+FMA - 1 threads (32 CPU cores detected)

HINT: Use -nt option to specify number of threads because your CPU has 32 cores!
HINT: -nt AUTO will automatically determine the best number of threads to use.

Reading alignment file ../results/molecular_evolution_analyses/alignments_gblocks/F30100_SMED_G1/F30100_SMED_G1.aln.gblo ... Fasta format detected
Reading fasta file: done in 0.000159025 secs using 99.98% CPU
Alignment most likely contains protein sequences
Constructing alignment: done in 0.000134945 secs using 100% CPU
Alignment has 49 sequences with 73 columns, 65 distinct patterns
50 parsimony-informative, 11 singleton sites, 12 constant sites
            Gap/Ambiguity  Composition  p-value
Analyzing sequences: done in 1.69277e-05 secs using 100.4% CPU
   1  Smed.11515    0.00%    passed     95.91%
   2  Smed.255      0.00%    passed     56.09%
   3  Smed.17289    0.00%    passed     93.30%
   4  Smed.6993     0.00%    passed     98.69%
   5  Smed.11110    0.00%    passed     99.28%
   6  Smed.29378    0.00%    passed     99.99%
   7  Smed.4621     0.00%    passed    100.00%
   8  Smed.25190    0.00%    passed     99.99%
   9  Smed.27061    0.00%    passed     92.43%
  10  Smed.17034    0.00%    passed    100.00%
  11  Smed.25191    0.00%    passed    100.00%
  12  Smed.669      0.00%    passed     98.18%
  13  Smed.10074    0.00%    passed     99.68%
  14  Smed.6282     0.00%    passed     80.60%
  15  Smed.10723    0.00%    failed      0.00%
  16  Smed.9110     0.00%    passed     95.12%
  17  Smed.12259    0.00%    passed     99.95%
  18  Smed.563      0.00%    passed     99.97%
  19  Smed.1731     0.00%    passed    100.00%
  20  Smed.4306     0.00%    passed     99.98%
  21  Smed.565      0.00%    passed     99.99%
  22  Smed.4914     0.00%    passed     99.96%
  23  Smed.2306     0.00%    passed     99.91%
  24  Smed.4917     0.00%    passed     99.90%
  25  Smed.2578     0.00%    passed     99.96%
  26  Smed.797      0.00%    passed     99.98%
  27  Smed.2686     0.00%    passed     99.99%
  28  Smed.64       0.00%    passed     99.97%
  29  Smed.3738     0.00%    passed     98.26%
  30  Smed.3826     0.00%    passed     99.76%
  31  Smed.4344     0.00%    passed     97.17%
  32  Smed.10882    0.00%    passed    100.00%
  33  Smed.154      0.00%    passed     99.98%
  34  Smed.148      0.00%    passed     99.75%
  35  Smed.152      0.00%    passed     99.61%
  36  Smed.4042     0.00%    passed    100.00%
  37  Smed.3825     0.00%    passed     99.45%
  38  Smed.150      0.00%    passed     99.75%
  39  Smed.6156     0.00%    passed     99.59%
  40  Smed.8980     0.00%    passed     99.98%
  41  Smed.398      0.00%    passed     95.53%
  42  Smed.420      0.00%    passed     99.96%
  43  Smed.5977     0.00%    passed     98.05%
  44  Smed.5965     0.00%    passed     99.94%
  45  Smed.5967     0.00%    passed     99.71%
  46  Smed.1292     0.00%    passed     99.99%
  47  Smed.8227     0.00%    passed    100.00%
  48  Smed.1289     0.00%    passed     99.99%
  49  Smed.10766    0.00%    passed    100.00%
****  TOTAL         0.00%  1 sequences failed composition chi2 test (p-value<5%; df=19)


Create initial parsimony tree by phylogenetic likelihood library (PLL)... 0.006 seconds
Perform fast likelihood tree search using LG+I+G model...
Estimate model parameters (epsilon = 5.000)
Perform nearest neighbor interchange...
Optimizing NNI: done in 0.116507 secs using 99.98% CPU
Estimate model parameters (epsilon = 1.000)
1. Initial log-likelihood: -2271.359
Optimal log-likelihood: -2271.309
Proportion of invariable sites: 0.095
Gamma shape alpha: 1.432
Parameters optimization took 1 rounds (0.046 sec)
Time for fast ML tree search: 0.264 seconds

NOTE: ModelFinder requires 3 MB RAM!
ModelFinder will test up to 224 protein models (sample size: 73) ...
 No. Model         -LnL         df  AIC          AICc         BIC
  1  LG            2349.503     95  4889.007     23129.007    5106.601
  2  LG+I          2311.779     96  4815.558     23439.558    5035.442
  3  LG+G4         2272.762     96  4737.523     23361.523    4957.407
  4  LG+I+G4       2271.297     97  4736.595     23748.595    4958.769
  7  LG+F+G4       2255.359     115 4740.718     31420.718    5004.121
  8  LG+F+I+G4     2255.079     116 4742.159     31886.159    5007.852
 11  WAG+G4        2250.658     96  4693.315     23317.315    4913.199
 12  WAG+I+G4      2250.282     97  4694.565     23706.565    4916.739
 15  WAG+F+G4      2220.795     115 4671.590     31351.590    4934.993
 16  WAG+F+I+G4    2220.842     116 4673.683     31817.683    4939.377
 19  JTT+G4        2237.040     96  4666.080     23290.080    4885.964
 20  JTT+I+G4      2236.217     97  4666.435     23678.435    4888.609
 23  JTT+F+G4      2216.245     115 4662.490     31342.490    4925.893
 24  JTT+F+I+G4    2215.942     116 4663.884     31807.884    4929.577
WARNING: Normalizing state frequencies so that sum of them equals to 1
 27  Q.pfam+G4     2279.670     96  4751.340     23375.340    4971.225
WARNING: Normalizing state frequencies so that sum of them equals to 1
 28  Q.pfam+I+G4   2277.360     97  4748.720     23760.720    4970.894
WARNING: Normalizing state frequencies so that sum of them equals to 1
 31  Q.pfam+F+G4   2263.584     115 4757.169     31437.169    5020.572
WARNING: Normalizing state frequencies so that sum of them equals to 1
 32  Q.pfam+F+I+G4 2262.945     116 4757.890     31901.890    5023.583
WARNING: Normalizing state frequencies so that sum of them equals to 1
 35  Q.bird+G4     2265.196     96  4722.392     23346.392    4942.276
WARNING: Normalizing state frequencies so that sum of them equals to 1
 36  Q.bird+I+G4   2263.863     97  4721.727     23733.727    4943.901
WARNING: Normalizing state frequencies so that sum of them equals to 1
 39  Q.bird+F+G4   2252.552     115 4735.104     31415.104    4998.507
WARNING: Normalizing state frequencies so that sum of them equals to 1
 40  Q.bird+F+I+G4 2251.691     116 4735.382     31879.382    5001.075
WARNING: Normalizing state frequencies so that sum of them equals to 1
 43  Q.mammal+G4   2259.442     96  4710.883     23334.883    4930.767
WARNING: Normalizing state frequencies so that sum of them equals to 1
 44  Q.mammal+I+G4 2258.306     97  4710.612     23722.612    4932.787
WARNING: Normalizing state frequencies so that sum of them equals to 1
 47  Q.mammal+F+G4 2244.136     115 4718.273     31398.273    4981.676
WARNING: Normalizing state frequencies so that sum of them equals to 1
 48  Q.mammal+F+I+G4 2243.507     116 4719.015     31863.015    4984.708
 51  Q.insect+G4   2258.314     96  4708.629     23332.629    4928.513
 52  Q.insect+I+G4 2256.975     97  4707.949     23719.949    4930.124
 55  Q.insect+F+G4 2262.169     115 4754.339     31434.339    5017.742
 56  Q.insect+F+I+G4 2261.692     116 4755.384     31899.384    5021.077
WARNING: Normalizing state frequencies so that sum of them equals to 1
 59  Q.plant+G4    2256.578     96  4705.157     23329.157    4925.041
WARNING: Normalizing state frequencies so that sum of them equals to 1
 60  Q.plant+I+G4  2253.895     97  4701.790     23713.790    4923.964
WARNING: Normalizing state frequencies so that sum of them equals to 1
 63  Q.plant+F+G4  2253.414     115 4736.829     31416.829    5000.231
WARNING: Normalizing state frequencies so that sum of them equals to 1
 64  Q.plant+F+I+G4 2251.966     116 4735.932     31879.932    5001.625
WARNING: Normalizing state frequencies so that sum of them equals to 1
 67  Q.yeast+G4    2274.020     96  4740.039     23364.039    4959.923
WARNING: Normalizing state frequencies so that sum of them equals to 1
 68  Q.yeast+I+G4  2271.352     97  4736.703     23748.703    4958.878
WARNING: Normalizing state frequencies so that sum of them equals to 1
 71  Q.yeast+F+G4  2273.050     115 4776.099     31456.099    5039.502
WARNING: Normalizing state frequencies so that sum of them equals to 1
 72  Q.yeast+F+I+G4 2272.482     116 4776.964     31920.964    5042.657
 75  JTTDCMut+G4   2236.069     96  4664.138     23288.138    4884.022
 76  JTTDCMut+I+G4 2235.284     97  4664.569     23676.569    4886.743
 79  JTTDCMut+F+G4 2214.653     115 4659.306     31339.306    4922.709
 80  JTTDCMut+F+I+G4 2214.361     116 4660.722     31804.722    4926.416
 83  DCMut+G4      2271.490     96  4734.980     23358.980    4954.864
 84  DCMut+I+G4    2271.170     97  4736.339     23748.339    4958.514
 87  DCMut+F+G4    2241.410     115 4712.821     31392.821    4976.224
 88  DCMut+F+I+G4  2241.331     116 4714.662     31858.662    4980.355
 91  VT+G4         2258.350     96  4708.699     23332.699    4928.583
 92  VT+I+G4       2257.120     97  4708.241     23720.241    4930.415
 95  VT+F+G4       2242.514     115 4715.028     31395.028    4978.431
 96  VT+F+I+G4     2241.998     116 4715.995     31859.995    4981.688
 99  PMB+G4        2275.035     96  4742.070     23366.070    4961.954
100  PMB+I+G4      2274.819     97  4743.638     23755.638    4965.813
103  PMB+F+G4      2252.465     115 4734.929     31414.929    4998.332
104  PMB+F+I+G4    2252.584     116 4737.167     31881.167    5002.861
107  Blosum62+G4   2279.808     96  4751.616     23375.616    4971.500
108  Blosum62+I+G4 2279.329     97  4752.659     23764.659    4974.833
111  Blosum62+F+G4 2261.963     115 4753.925     31433.925    5017.328
112  Blosum62+F+I+G4 2261.899     116 4755.797     31899.797    5021.490
115  Dayhoff+G4    2271.114     96  4734.228     23358.228    4954.112
116  Dayhoff+I+G4  2270.813     97  4735.626     23747.626    4957.801
119  Dayhoff+F+G4  2241.034     115 4712.068     31392.068    4975.471
120  Dayhoff+F+I+G4 2240.968     116 4713.937     31857.937    4979.630
123  mtREV+G4      2349.877     96  4891.753     23515.753    5111.638
124  mtREV+I+G4    2348.983     97  4891.967     23903.967    5114.141
127  mtREV+F+G4    2270.675     115 4771.351     31451.351    5034.753
128  mtREV+F+I+G4  2269.766     116 4771.532     31915.532    5037.226
131  mtART+G4      2421.328     96  5034.657     23658.657    5254.541
132  mtART+I+G4    2417.687     97  5029.373     24041.373    5251.548
135  mtART+F+G4    2335.739     115 4901.477     31581.477    5164.880
136  mtART+F+I+G4  2334.787     116 4901.574     32045.574    5167.268
139  mtZOA+G4      2369.787     96  4931.574     23555.574    5151.458
140  mtZOA+I+G4    2369.976     97  4933.951     23945.951    5156.126
143  mtZOA+F+G4    2299.698     115 4829.395     31509.395    5092.798
144  mtZOA+F+I+G4  2298.806     116 4829.611     31973.611    5095.305
147  mtMet+G4      2320.264     96  4832.528     23456.528    5052.412
148  mtMet+I+G4    2320.057     97  4834.113     23846.113    5056.288
151  mtMet+F+G4    2263.693     115 4757.387     31437.387    5020.790
152  mtMet+F+I+G4  2263.219     116 4758.439     31902.439    5024.132
155  mtVer+G4      2340.522     96  4873.045     23497.045    5092.929
156  mtVer+I+G4    2340.709     97  4875.418     23887.418    5097.593
159  mtVer+F+G4    2294.622     115 4819.243     31499.243    5082.646
160  mtVer+F+I+G4  2293.440     116 4818.881     31962.881    5084.574
163  mtInv+G4      2337.708     96  4867.415     23491.415    5087.300
164  mtInv+I+G4    2336.903     97  4867.807     23879.807    5089.981
167  mtInv+F+G4    2263.553     115 4757.107     31437.107    5020.510
168  mtInv+F+I+G4  2263.077     116 4758.154     31902.154    5023.848
171  mtMAM+G4      2383.736     96  4959.472     23583.472    5179.357
172  mtMAM+I+G4    2383.609     97  4961.219     23973.219    5183.393
175  mtMAM+F+G4    2313.498     115 4856.995     31536.995    5120.398
176  mtMAM+F+I+G4  2311.629     116 4855.257     31999.257    5120.951
WARNING: Normalizing state frequencies so that sum of them equals to 1
179  FLAVI+G4      2316.109     96  4824.218     23448.218    5044.103
WARNING: Normalizing state frequencies so that sum of them equals to 1
180  FLAVI+I+G4    2315.736     97  4825.471     23837.471    5047.646
WARNING: Normalizing state frequencies so that sum of them equals to 1
183  FLAVI+F+G4    2275.180     115 4780.361     31460.361    5043.764
WARNING: Normalizing state frequencies so that sum of them equals to 1
184  FLAVI+F+I+G4  2275.112     116 4782.225     31926.225    5047.918
187  HIVb+G4       2251.021     96  4694.041     23318.041    4913.925
188  HIVb+I+G4     2250.245     97  4694.490     23706.490    4916.664
191  HIVb+F+G4     2239.148     115 4708.297     31388.297    4971.699
192  HIVb+F+I+G4   2239.079     116 4710.158     31854.158    4975.851
195  HIVw+G4       2272.081     96  4736.162     23360.162    4956.046
196  HIVw+I+G4     2272.135     97  4738.271     23750.271    4960.445
199  HIVw+F+G4     2250.905     115 4731.809     31411.809    4995.212
200  HIVw+F+I+G4   2250.957     116 4733.913     31877.913    4999.606
203  FLU+G4        2253.618     96  4699.236     23323.236    4919.120
204  FLU+I+G4      2253.359     97  4700.719     23712.719    4922.893
207  FLU+F+G4      2233.082     115 4696.163     31376.163    4959.566
208  FLU+F+I+G4    2233.145     116 4698.291     31842.291    4963.984
211  rtREV+G4      2303.296     96  4798.591     23422.591    5018.475
212  rtREV+I+G4    2300.598     97  4795.197     23807.197    5017.371
215  rtREV+F+G4    2290.821     115 4811.643     31491.643    5075.045
216  rtREV+F+I+G4  2290.085     116 4812.171     31956.171    5077.864
219  cpREV+G4      2250.197     96  4692.395     23316.395    4912.279
220  cpREV+I+G4    2248.561     97  4691.122     23703.122    4913.296
223  cpREV+F+G4    2251.989     115 4733.977     31413.977    4997.380
224  cpREV+F+I+G4  2251.545     116 4735.090     31879.090    5000.783
Akaike Information Criterion:           JTTDCMut+F+G4
Corrected Akaike Information Criterion: LG
Bayesian Information Criterion:         JTTDCMut+G4
Best-fit model: JTTDCMut+G4 chosen according to BIC

All model information printed to ../results/molecular_evolution_analyses/phylogenetic_trees/F30100_SMED_G1/F30100_SMED_G1.model.gz
CPU time for ModelFinder: 9.923 seconds (0h:0m:9s)
Wall-clock time for ModelFinder: 9.954 seconds (0h:0m:9s)
Generating 1000 samples for ultrafast bootstrap (seed: 2366)...

NOTE: 3 MB RAM (0 GB) is required!
Estimate model parameters (epsilon = 0.100)
1. Initial log-likelihood: -2236.069
Optimal log-likelihood: -2236.069
Gamma shape alpha: 1.205
Parameters optimization took 1 rounds (0.025 sec)
Wrote distance file to... 
Computing ML distances based on estimated model parameters...
Calculating distance matrix: done in 0.140237 secs using 99.95% CPU
Computing ML distances took 0.140304 sec (of wall-clock time) 0.140235 sec (of CPU time)
Setting up auxiliary I and S matrices: done in 0.000138044 secs
Constructing RapidNJ tree: done in 0.000350952 secs
Computing RapidNJ tree took 0.000557 sec (of wall-clock time) 0.000000 sec (of CPU time)
Log-likelihood of RapidNJ tree: -2246.382
--------------------------------------------------------------------
|             INITIALIZING CANDIDATE TREE SET                      |
--------------------------------------------------------------------
Generating 98 parsimony trees... 0.376 second
Computing log-likelihood of 98 initial trees ... 0.755 seconds
Current best score: -2224.772

Do NNI search on 20 best initial trees
Optimizing NNI: done in 0.12344 secs using 99.98% CPU
Estimate model parameters (epsilon = 0.100)
BETTER TREE FOUND at iteration 1: -2223.039
Optimizing NNI: done in 0.12422 secs using 99.98% CPU
Optimizing NNI: done in 0.160884 secs using 99.98% CPU
Estimate model parameters (epsilon = 0.100)
BETTER TREE FOUND at iteration 3: -2218.599
Optimizing NNI: done in 0.167357 secs using 99.97% CPU
Optimizing NNI: done in 0.108459 secs using 99.97% CPU
Optimizing NNI: done in 0.132221 secs using 99.98% CPU
Optimizing NNI: done in 0.159591 secs using 99.97% CPU
Optimizing NNI: done in 0.167235 secs using 99.98% CPU
Optimizing NNI: done in 0.124655 secs using 99.98% CPU
Optimizing NNI: done in 0.159701 secs using 99.98% CPU
Iteration 10 / LogL: -2222.069 / Time: 0h:0m:2s
Optimizing NNI: done in 0.151755 secs using 99.98% CPU
Optimizing NNI: done in 0.192878 secs using 99.98% CPU
Optimizing NNI: done in 0.121085 secs using 99.98% CPU
Optimizing NNI: done in 0.140942 secs using 99.98% CPU
Optimizing NNI: done in 0.234958 secs using 99.97% CPU
UPDATE BEST LOG-LIKELIHOOD: -2218.591
Optimizing NNI: done in 0.147508 secs using 99.97% CPU
Optimizing NNI: done in 0.140945 secs using 99.98% CPU
Optimizing NNI: done in 0.140972 secs using 99.98% CPU
Optimizing NNI: done in 0.242018 secs using 99.97% CPU
Optimizing NNI: done in 0.135755 secs using 99.98% CPU
Iteration 20 / LogL: -2224.652 / Time: 0h:0m:4s
Finish initializing candidate tree set (18)
Current best tree score: -2218.591 / CPU time: 4.320
Number of iterations: 20
--------------------------------------------------------------------
|               OPTIMIZING CANDIDATE TREE SET                      |
--------------------------------------------------------------------
Optimizing NNI: done in 0.346276 secs using 99.97% CPU
Optimizing NNI: done in 0.234353 secs using 99.98% CPU
UPDATE BEST LOG-LIKELIHOOD: -2218.589
Optimizing NNI: done in 0.225272 secs using 99.98% CPU
Estimate model parameters (epsilon = 0.100)
BETTER TREE FOUND at iteration 23: -2215.143
Optimizing NNI: done in 0.250338 secs using 99.97% CPU
Optimizing NNI: done in 0.174143 secs using 99.98% CPU
Optimizing NNI: done in 0.307181 secs using 99.98% CPU
Optimizing NNI: done in 0.249235 secs using 99.98% CPU
Optimizing NNI: done in 0.267995 secs using 99.98% CPU
Estimate model parameters (epsilon = 0.100)
BETTER TREE FOUND at iteration 28: -2214.903
Optimizing NNI: done in 0.223822 secs using 99.98% CPU
Optimizing NNI: done in 0.235205 secs using 99.97% CPU
Iteration 30 / LogL: -2218.250 / Time: 0h:0m:7s (0h:0m:24s left)
Optimizing NNI: done in 0.321729 secs using 99.98% CPU
Optimizing NNI: done in 0.239063 secs using 99.98% CPU
Optimizing NNI: done in 0.198197 secs using 99.98% CPU
BETTER TREE FOUND at iteration 33: -2214.902
Optimizing NNI: done in 0.217602 secs using 99.98% CPU
Optimizing NNI: done in 0.345718 secs using 99.98% CPU
Optimizing NNI: done in 0.181076 secs using 99.98% CPU
Optimizing NNI: done in 0.21755 secs using 99.98% CPU
Optimizing NNI: done in 0.218351 secs using 99.98% CPU
Optimizing NNI: done in 0.157206 secs using 99.98% CPU
Optimizing NNI: done in 0.237374 secs using 99.98% CPU
Estimate model parameters (epsilon = 0.100)
BETTER TREE FOUND at iteration 40: -2214.615
Iteration 40 / LogL: -2214.615 / Time: 0h:0m:9s (0h:0m:24s left)
Optimizing NNI: done in 0.136968 secs using 99.97% CPU
Optimizing NNI: done in 0.202548 secs using 99.98% CPU
Optimizing NNI: done in 0.276925 secs using 99.97% CPU
Optimizing NNI: done in 0.186976 secs using 99.98% CPU
Optimizing NNI: done in 0.206751 secs using 99.98% CPU
Optimizing NNI: done in 0.253684 secs using 99.98% CPU
Estimate model parameters (epsilon = 0.100)
BETTER TREE FOUND at iteration 46: -2214.473
Optimizing NNI: done in 0.208429 secs using 99.97% CPU
Optimizing NNI: done in 0.217845 secs using 99.98% CPU
Optimizing NNI: done in 0.177577 secs using 99.98% CPU
Optimizing NNI: done in 0.28181 secs using 99.97% CPU
Iteration 50 / LogL: -2214.901 / Time: 0h:0m:11s (0h:0m:23s left)
Log-likelihood cutoff on original alignment: -2241.701
Optimizing NNI: done in 0.200416 secs using 99.98% CPU
BETTER TREE FOUND at iteration 51: -2214.473
Optimizing NNI: done in 0.283891 secs using 99.98% CPU
Optimizing NNI: done in 0.20729 secs using 99.98% CPU
Optimizing NNI: done in 0.258455 secs using 99.98% CPU
Optimizing NNI: done in 0.222377 secs using 99.97% CPU
Optimizing NNI: done in 0.206194 secs using 99.97% CPU
Optimizing NNI: done in 0.241908 secs using 99.98% CPU
Optimizing NNI: done in 0.255665 secs using 99.98% CPU
Optimizing NNI: done in 0.197459 secs using 99.98% CPU
Optimizing NNI: done in 0.162294 secs using 99.97% CPU
Iteration 60 / LogL: -2215.065 / Time: 0h:0m:14s (0h:0m:21s left)
Optimizing NNI: done in 0.213568 secs using 99.98% CPU
Optimizing NNI: done in 0.224678 secs using 99.98% CPU
Optimizing NNI: done in 0.261896 secs using 99.98% CPU
Estimate model parameters (epsilon = 0.100)
BETTER TREE FOUND at iteration 63: -2214.191
Optimizing NNI: done in 0.183928 secs using 99.98% CPU
Optimizing NNI: done in 0.219774 secs using 99.98% CPU
Optimizing NNI: done in 0.195067 secs using 99.98% CPU
Optimizing NNI: done in 0.221608 secs using 99.98% CPU
Optimizing NNI: done in 0.252979 secs using 99.97% CPU
Optimizing NNI: done in 0.228485 secs using 99.98% CPU
Optimizing NNI: done in 0.239827 secs using 99.98% CPU
Iteration 70 / LogL: -2214.191 / Time: 0h:0m:16s (0h:0m:22s left)
Optimizing NNI: done in 0.287966 secs using 99.98% CPU
Optimizing NNI: done in 0.248991 secs using 99.97% CPU
Optimizing NNI: done in 0.232118 secs using 99.98% CPU
Optimizing NNI: done in 0.300927 secs using 99.97% CPU
Optimizing NNI: done in 0.244413 secs using 99.98% CPU
Optimizing NNI: done in 0.281731 secs using 99.98% CPU
Optimizing NNI: done in 0.298458 secs using 99.98% CPU
Optimizing NNI: done in 0.251682 secs using 99.98% CPU
Optimizing NNI: done in 0.16938 secs using 99.98% CPU
Optimizing NNI: done in 0.210188 secs using 99.98% CPU
Iteration 80 / LogL: -2214.192 / Time: 0h:0m:19s (0h:0m:20s left)
Optimizing NNI: done in 0.233395 secs using 99.98% CPU
Optimizing NNI: done in 0.257011 secs using 99.98% CPU
Optimizing NNI: done in 0.189515 secs using 99.97% CPU
Optimizing NNI: done in 0.210104 secs using 99.98% CPU
Optimizing NNI: done in 0.271093 secs using 99.98% CPU
Optimizing NNI: done in 0.164577 secs using 99.97% CPU
Optimizing NNI: done in 0.195661 secs using 99.98% CPU
Optimizing NNI: done in 0.154363 secs using 99.98% CPU
Optimizing NNI: done in 0.156357 secs using 99.97% CPU
Optimizing NNI: done in 0.265104 secs using 99.98% CPU
Iteration 90 / LogL: -2222.057 / Time: 0h:0m:21s (0h:0m:17s left)
Optimizing NNI: done in 0.239984 secs using 99.98% CPU
Optimizing NNI: done in 0.221592 secs using 99.98% CPU
Optimizing NNI: done in 0.244282 secs using 99.98% CPU
Optimizing NNI: done in 0.226828 secs using 99.98% CPU
Optimizing NNI: done in 0.262585 secs using 99.98% CPU
Optimizing NNI: done in 0.224682 secs using 99.97% CPU
Optimizing NNI: done in 0.124899 secs using 99.98% CPU
Optimizing NNI: done in 0.246396 secs using 99.98% CPU
Optimizing NNI: done in 0.215793 secs using 99.98% CPU
Optimizing NNI: done in 0.272767 secs using 99.97% CPU
Iteration 100 / LogL: -2219.107 / Time: 0h:0m:23s (0h:0m:15s left)
Log-likelihood cutoff on original alignment: -2242.578
NOTE: Bootstrap correlation coefficient of split occurrence frequencies: 0.956
NOTE: UFBoot does not converge, continue at least 100 more iterations
Optimizing NNI: done in 0.173329 secs using 99.98% CPU
Optimizing NNI: done in 0.239939 secs using 99.98% CPU
Optimizing NNI: done in 0.223093 secs using 99.98% CPU
Optimizing NNI: done in 0.248966 secs using 99.98% CPU
Optimizing NNI: done in 0.173664 secs using 99.98% CPU
Optimizing NNI: done in 0.2611 secs using 99.98% CPU
Optimizing NNI: done in 0.194754 secs using 99.98% CPU
Optimizing NNI: done in 0.169634 secs using 99.98% CPU
Optimizing NNI: done in 0.256587 secs using 99.98% CPU
Optimizing NNI: done in 0.278601 secs using 99.98% CPU
Iteration 110 / LogL: -2214.473 / Time: 0h:0m:26s (0h:0m:21s left)
Optimizing NNI: done in 0.160941 secs using 99.96% CPU
Optimizing NNI: done in 0.291346 secs using 99.97% CPU
Optimizing NNI: done in 0.304066 secs using 99.98% CPU
Optimizing NNI: done in 0.204651 secs using 99.98% CPU
Optimizing NNI: done in 0.271343 secs using 99.98% CPU
Optimizing NNI: done in 0.294005 secs using 99.98% CPU
Optimizing NNI: done in 0.29927 secs using 99.97% CPU
Optimizing NNI: done in 0.227803 secs using 99.98% CPU
Optimizing NNI: done in 0.197405 secs using 99.98% CPU
Optimizing NNI: done in 0.197825 secs using 99.98% CPU
Iteration 120 / LogL: -2214.191 / Time: 0h:0m:28s (0h:0m:19s left)
Optimizing NNI: done in 0.168106 secs using 99.98% CPU
Optimizing NNI: done in 0.248837 secs using 99.98% CPU
Optimizing NNI: done in 0.267277 secs using 99.98% CPU
Optimizing NNI: done in 0.224002 secs using 99.98% CPU
Optimizing NNI: done in 0.229954 secs using 99.98% CPU
Optimizing NNI: done in 0.191454 secs using 99.98% CPU
Optimizing NNI: done in 0.2794 secs using 99.98% CPU
Optimizing NNI: done in 0.196446 secs using 99.98% CPU
Optimizing NNI: done in 0.255019 secs using 99.98% CPU
Optimizing NNI: done in 0.211506 secs using 99.98% CPU
Iteration 130 / LogL: -2214.191 / Time: 0h:0m:30s (0h:0m:16s left)
Optimizing NNI: done in 0.262891 secs using 99.98% CPU
Optimizing NNI: done in 0.309248 secs using 99.97% CPU
Optimizing NNI: done in 0.189718 secs using 99.98% CPU
Optimizing NNI: done in 0.210041 secs using 99.98% CPU
Optimizing NNI: done in 0.233642 secs using 99.97% CPU
Optimizing NNI: done in 0.206139 secs using 99.98% CPU
Optimizing NNI: done in 0.190628 secs using 99.98% CPU
Optimizing NNI: done in 0.196588 secs using 99.97% CPU
Optimizing NNI: done in 0.226763 secs using 99.98% CPU
Optimizing NNI: done in 0.301017 secs using 99.98% CPU
Iteration 140 / LogL: -2214.191 / Time: 0h:0m:33s (0h:0m:14s left)
Optimizing NNI: done in 0.234245 secs using 99.98% CPU
Optimizing NNI: done in 0.225458 secs using 99.98% CPU
Optimizing NNI: done in 0.246396 secs using 99.98% CPU
Optimizing NNI: done in 0.252745 secs using 99.98% CPU
Optimizing NNI: done in 0.258163 secs using 99.98% CPU
Optimizing NNI: done in 0.268332 secs using 99.98% CPU
Optimizing NNI: done in 0.224693 secs using 99.98% CPU
Optimizing NNI: done in 0.250837 secs using 99.98% CPU
Optimizing NNI: done in 0.173244 secs using 99.98% CPU
Optimizing NNI: done in 0.269863 secs using 99.97% CPU
Iteration 150 / LogL: -2214.191 / Time: 0h:0m:35s (0h:0m:11s left)
Log-likelihood cutoff on original alignment: -2243.079
Optimizing NNI: done in 0.222506 secs using 99.98% CPU
Optimizing NNI: done in 0.310757 secs using 99.97% CPU
Optimizing NNI: done in 0.179276 secs using 99.98% CPU
Optimizing NNI: done in 0.235184 secs using 99.98% CPU
Optimizing NNI: done in 0.197165 secs using 99.98% CPU
Optimizing NNI: done in 0.191051 secs using 99.98% CPU
Optimizing NNI: done in 0.249394 secs using 99.98% CPU
Optimizing NNI: done in 0.271893 secs using 99.98% CPU
Optimizing NNI: done in 0.208737 secs using 99.98% CPU
Optimizing NNI: done in 0.202558 secs using 99.98% CPU
Iteration 160 / LogL: -2221.838 / Time: 0h:0m:38s (0h:0m:9s left)
Optimizing NNI: done in 0.259375 secs using 99.98% CPU
Optimizing NNI: done in 0.253509 secs using 99.98% CPU
Optimizing NNI: done in 0.254238 secs using 99.98% CPU
Optimizing NNI: done in 0.333106 secs using 99.98% CPU
Optimizing NNI: done in 0.255246 secs using 99.98% CPU
Optimizing NNI: done in 0.258311 secs using 99.97% CPU
UPDATE BEST LOG-LIKELIHOOD: -2214.191
Optimizing NNI: done in 0.314621 secs using 99.97% CPU
Optimizing NNI: done in 0.305396 secs using 99.98% CPU
Optimizing NNI: done in 0.190834 secs using 99.98% CPU
Optimizing NNI: done in 0.21285 secs using 99.98% CPU
Iteration 170 / LogL: -2214.192 / Time: 0h:0m:40s (0h:0m:7s left)
Optimizing NNI: done in 0.210315 secs using 99.97% CPU
Optimizing NNI: done in 0.231214 secs using 99.98% CPU
Optimizing NNI: done in 0.283765 secs using 99.98% CPU
Optimizing NNI: done in 0.25528 secs using 99.98% CPU
Optimizing NNI: done in 0.225316 secs using 99.98% CPU
Optimizing NNI: done in 0.23581 secs using 99.97% CPU
Optimizing NNI: done in 0.246743 secs using 99.98% CPU
Optimizing NNI: done in 0.214224 secs using 99.98% CPU
Optimizing NNI: done in 0.240457 secs using 99.98% CPU
Optimizing NNI: done in 0.280406 secs using 99.98% CPU
Iteration 180 / LogL: -2214.191 / Time: 0h:0m:43s (0h:0m:4s left)
Optimizing NNI: done in 0.286248 secs using 99.97% CPU
Optimizing NNI: done in 0.26789 secs using 99.98% CPU
Optimizing NNI: done in 0.217199 secs using 99.98% CPU
Optimizing NNI: done in 0.191952 secs using 99.98% CPU
Optimizing NNI: done in 0.29052 secs using 99.98% CPU
Optimizing NNI: done in 0.22072 secs using 99.98% CPU
Optimizing NNI: done in 0.279979 secs using 99.98% CPU
Optimizing NNI: done in 0.237905 secs using 99.98% CPU
Optimizing NNI: done in 0.259428 secs using 99.98% CPU
Optimizing NNI: done in 0.241198 secs using 99.98% CPU
Iteration 190 / LogL: -2220.168 / Time: 0h:0m:46s (0h:0m:2s left)
Optimizing NNI: done in 0.212639 secs using 99.98% CPU
Optimizing NNI: done in 0.226196 secs using 99.98% CPU
Optimizing NNI: done in 0.219438 secs using 99.98% CPU
Optimizing NNI: done in 0.256695 secs using 99.98% CPU
Optimizing NNI: done in 0.286786 secs using 99.98% CPU
Optimizing NNI: done in 0.249402 secs using 99.98% CPU
Optimizing NNI: done in 0.296707 secs using 99.98% CPU
Optimizing NNI: done in 0.210016 secs using 99.98% CPU
Optimizing NNI: done in 0.255315 secs using 99.98% CPU
Optimizing NNI: done in 0.283506 secs using 99.97% CPU
Iteration 200 / LogL: -2214.191 / Time: 0h:0m:48s (0h:0m:0s left)
Log-likelihood cutoff on original alignment: -2243.079
NOTE: Bootstrap correlation coefficient of split occurrence frequencies: 0.995
TREE SEARCH COMPLETED AFTER 200 ITERATIONS / Time: 0h:0m:48s

--------------------------------------------------------------------
|                    FINALIZING TREE SEARCH                        |
--------------------------------------------------------------------
Performs final model parameters optimization
Estimate model parameters (epsilon = 0.010)
1. Initial log-likelihood: -2214.191
Optimal log-likelihood: -2214.191
Gamma shape alpha: 1.182
Parameters optimization took 1 rounds (0.022 sec)
BEST SCORE FOUND : -2214.191

Testing tree branches by SH-like aLRT with 1000 replicates...
0.107 sec.
Creating bootstrap support values...
Split supports printed to NEXUS file ../results/molecular_evolution_analyses/phylogenetic_trees/F30100_SMED_G1/F30100_SMED_G1.splits.nex
Total tree length: 6.425

Total number of iterations: 200
CPU time used for tree search: 48.604 sec (0h:0m:48s)
Wall-clock time used for tree search: 48.489 sec (0h:0m:48s)
Total CPU time used: 49.072 sec (0h:0m:49s)
Total wall-clock time used: 48.921 sec (0h:0m:48s)

Computing bootstrap consensus tree...
Reading input file ../results/molecular_evolution_analyses/phylogenetic_trees/F30100_SMED_G1/F30100_SMED_G1.splits.nex...
49 taxa and 523 splits.
Consensus tree written to ../results/molecular_evolution_analyses/phylogenetic_trees/F30100_SMED_G1/F30100_SMED_G1.contree
Reading input trees file ../results/molecular_evolution_analyses/phylogenetic_trees/F30100_SMED_G1/F30100_SMED_G1.contree
Log-likelihood of consensus tree: -2214.193

Analysis results written to: 
  IQ-TREE report:                ../results/molecular_evolution_analyses/phylogenetic_trees/F30100_SMED_G1/F30100_SMED_G1.iqtree
  Maximum-likelihood tree:       ../results/molecular_evolution_analyses/phylogenetic_trees/F30100_SMED_G1/F30100_SMED_G1.treefile
  Likelihood distances:          ../results/molecular_evolution_analyses/phylogenetic_trees/F30100_SMED_G1/F30100_SMED_G1.mldist

Ultrafast bootstrap approximation results written to:
  Split support values:          ../results/molecular_evolution_analyses/phylogenetic_trees/F30100_SMED_G1/F30100_SMED_G1.splits.nex
  Consensus tree:                ../results/molecular_evolution_analyses/phylogenetic_trees/F30100_SMED_G1/F30100_SMED_G1.contree
  Screen log file:               ../results/molecular_evolution_analyses/phylogenetic_trees/F30100_SMED_G1/F30100_SMED_G1.log

Date and Time: Wed May  1 11:49:30 2024
