IQ-TREE multicore version 2.2.2.6 COVID-edition for Linux 64-bit built May 27 2023
Developed by Bui Quang Minh, James Barbetti, Nguyen Lam Tung,
Olga Chernomor, Heiko Schmidt, Dominik Schrempf, Michael Woodhams, Ly Trong Nhan.

Host:    lbc5 (AVX2, FMA3, 125 GB RAM)
Command: /home/mauricio/mauricio_PROGRAMAS/iqtree-2.2.2.6-Linux/bin/iqtree2 -s ../results/molecular_evolution_analyses/alignments_gblocks/F94715_MLIG_G1/F94715_MLIG_G1.aln.gblo -m TEST --threads-max 32 --alrt 1000 --ufboot 1000 --prefix ../results/molecular_evolution_analyses/phylogenetic_trees/F94715_MLIG_G1/F94715_MLIG_G1 -keep-ident -redo
Seed:    636893 (Using SPRNG - Scalable Parallel Random Number Generator)
Time:    Wed May  1 08:53:15 2024
Kernel:  AVX+FMA - 1 threads (32 CPU cores detected)

HINT: Use -nt option to specify number of threads because your CPU has 32 cores!
HINT: -nt AUTO will automatically determine the best number of threads to use.

Reading alignment file ../results/molecular_evolution_analyses/alignments_gblocks/F94715_MLIG_G1/F94715_MLIG_G1.aln.gblo ... Fasta format detected
Reading fasta file: done in 0.000174046 secs using 99.4% CPU
Alignment most likely contains protein sequences
Constructing alignment: done in 0.000825167 secs using 99.98% CPU
Alignment has 7 sequences with 878 columns, 177 distinct patterns
320 parsimony-informative, 11 singleton sites, 547 constant sites
           Gap/Ambiguity  Composition  p-value
Analyzing sequences: done in 1.12057e-05 secs using 89.24% CPU
   1  Mlig.3330    0.00%    passed     99.91%
   2  Mlig.3331    0.00%    passed     99.88%
   3  Mlig.813     0.00%    passed    100.00%
   4  Mlig.814     0.00%    passed    100.00%
   5  Mlig.815     0.00%    passed    100.00%
   6  Mlig.2930    0.00%    passed     99.78%
   7  Mlig.4615    0.00%    passed    100.00%
****  TOTAL        0.00%  0 sequences failed composition chi2 test (p-value<5%; df=19)


Create initial parsimony tree by phylogenetic likelihood library (PLL)... 0.000 seconds
Perform fast likelihood tree search using LG+I+G model...
Estimate model parameters (epsilon = 5.000)
Perform nearest neighbor interchange...
Optimizing NNI: done in 0.011301 secs using 99.97% CPU
Estimate model parameters (epsilon = 1.000)
1. Initial log-likelihood: -4085.495
Optimal log-likelihood: -4085.415
Proportion of invariable sites: 0.316
Gamma shape alpha: 2.085
Parameters optimization took 1 rounds (0.011 sec)
Time for fast ML tree search: 0.046 seconds

NOTE: ModelFinder requires 1 MB RAM!
ModelFinder will test up to 224 protein models (sample size: 878) ...
 No. Model         -LnL         df  AIC          AICc         BIC
  1  LG            4096.008     11  8214.015     8214.320     8266.569
  2  LG+I          4086.082     12  8196.164     8196.524     8253.495
  3  LG+G4         4085.020     12  8194.041     8194.401     8251.372
  4  LG+I+G4       4085.395     13  8196.791     8197.212     8258.900
  6  LG+F+I        3978.672     31  8019.345     8021.690     8167.452
  7  LG+F+G4       3977.989     31  8017.979     8020.324     8166.086
  8  LG+F+I+G4     3978.145     32  8020.289     8022.789     8173.174
 10  WAG+I         4059.152     12  8142.303     8142.664     8199.635
 11  WAG+G4        4058.912     12  8141.823     8142.184     8199.155
 12  WAG+I+G4      4059.297     13  8144.594     8145.015     8206.703
 14  WAG+F+I       3973.924     31  8009.848     8012.193     8157.955
 15  WAG+F+G4      3973.724     31  8009.448     8011.794     8157.556
 16  WAG+F+I+G4    3973.931     32  8011.862     8014.361     8164.746
 18  JTT+I         4049.110     12  8122.219     8122.580     8179.551
 19  JTT+G4        4049.243     12  8122.486     8122.846     8179.817
 20  JTT+I+G4      4049.126     13  8124.251     8124.673     8186.361
 22  JTT+F+I       3967.867     31  7997.733     8000.078     8145.840
 23  JTT+F+G4      3968.445     31  7998.890     8001.235     8146.997
 24  JTT+F+I+G4    3968.062     32  8000.124     8002.624     8153.009
WARNING: Normalizing state frequencies so that sum of them equals to 1
 26  Q.pfam+I      4062.673     12  8149.345     8149.706     8206.677
WARNING: Normalizing state frequencies so that sum of them equals to 1
 27  Q.pfam+G4     4062.223     12  8148.446     8148.807     8205.778
WARNING: Normalizing state frequencies so that sum of them equals to 1
 28  Q.pfam+I+G4   4062.528     13  8151.057     8151.478     8213.166
WARNING: Normalizing state frequencies so that sum of them equals to 1
 30  Q.pfam+F+I    3973.955     31  8009.910     8012.255     8158.017
WARNING: Normalizing state frequencies so that sum of them equals to 1
 31  Q.pfam+F+G4   3973.420     31  8008.840     8011.186     8156.947
WARNING: Normalizing state frequencies so that sum of them equals to 1
 32  Q.pfam+F+I+G4 3973.704     32  8011.408     8013.907     8164.293
WARNING: Normalizing state frequencies so that sum of them equals to 1
 34  Q.bird+I      4061.868     12  8147.736     8148.097     8205.068
WARNING: Normalizing state frequencies so that sum of them equals to 1
 35  Q.bird+G4     4063.358     12  8150.717     8151.077     8208.048
WARNING: Normalizing state frequencies so that sum of them equals to 1
 36  Q.bird+I+G4   4062.846     13  8151.693     8152.114     8213.802
WARNING: Normalizing state frequencies so that sum of them equals to 1
 38  Q.bird+F+I    3981.574     31  8025.149     8027.494     8173.256
WARNING: Normalizing state frequencies so that sum of them equals to 1
 39  Q.bird+F+G4   3983.774     31  8029.548     8031.893     8177.655
WARNING: Normalizing state frequencies so that sum of them equals to 1
 40  Q.bird+F+I+G4 3983.032     32  8030.065     8032.564     8182.949
WARNING: Normalizing state frequencies so that sum of them equals to 1
 42  Q.mammal+I    4048.821     12  8121.641     8122.002     8178.973
WARNING: Normalizing state frequencies so that sum of them equals to 1
 43  Q.mammal+G4   4050.258     12  8124.516     8124.877     8181.848
WARNING: Normalizing state frequencies so that sum of them equals to 1
 44  Q.mammal+I+G4 4049.688     13  8125.375     8125.797     8187.485
WARNING: Normalizing state frequencies so that sum of them equals to 1
 46  Q.mammal+F+I  3977.233     31  8016.466     8018.811     8164.573
WARNING: Normalizing state frequencies so that sum of them equals to 1
 47  Q.mammal+F+G4 3979.173     31  8020.346     8022.691     8168.453
WARNING: Normalizing state frequencies so that sum of them equals to 1
 48  Q.mammal+F+I+G4 3978.462     32  8020.924     8023.423     8173.808
 50  Q.insect+I    4106.888     12  8237.776     8238.137     8295.108
 51  Q.insect+G4   4106.849     12  8237.697     8238.058     8295.029
 52  Q.insect+I+G4 4106.869     13  8239.739     8240.160     8301.848
 54  Q.insect+F+I  3963.274     31  7988.548     7990.894     8136.655
 55  Q.insect+F+G4 3963.058     31  7988.116     7990.461     8136.223
 56  Q.insect+F+I+G4 3963.133     32  7990.267     7992.766     8143.151
WARNING: Normalizing state frequencies so that sum of them equals to 1
 58  Q.plant+I     4072.652     12  8169.304     8169.665     8226.636
WARNING: Normalizing state frequencies so that sum of them equals to 1
 59  Q.plant+G4    4072.001     12  8168.003     8168.363     8225.334
WARNING: Normalizing state frequencies so that sum of them equals to 1
 60  Q.plant+I+G4  4072.107     13  8170.214     8170.635     8232.323
WARNING: Normalizing state frequencies so that sum of them equals to 1
 62  Q.plant+F+I   3973.752     31  8009.503     8011.848     8157.610
WARNING: Normalizing state frequencies so that sum of them equals to 1
 63  Q.plant+F+G4  3972.876     31  8007.752     8010.097     8155.859
WARNING: Normalizing state frequencies so that sum of them equals to 1
 64  Q.plant+F+I+G4 3973.017     32  8010.035     8012.534     8162.920
WARNING: Normalizing state frequencies so that sum of them equals to 1
 66  Q.yeast+I     4120.086     12  8264.172     8264.532     8321.503
WARNING: Normalizing state frequencies so that sum of them equals to 1
 67  Q.yeast+G4    4119.442     12  8262.884     8263.245     8320.216
WARNING: Normalizing state frequencies so that sum of them equals to 1
 68  Q.yeast+I+G4  4119.818     13  8265.637     8266.058     8327.746
WARNING: Normalizing state frequencies so that sum of them equals to 1
 70  Q.yeast+F+I   3967.878     31  7997.757     8000.102     8145.864
WARNING: Normalizing state frequencies so that sum of them equals to 1
 71  Q.yeast+F+G4  3967.293     31  7996.586     7998.931     8144.693
WARNING: Normalizing state frequencies so that sum of them equals to 1
 72  Q.yeast+F+I+G4 3967.526     32  7999.053     8001.552     8151.937
 74  JTTDCMut+I    4052.014     12  8128.028     8128.389     8185.360
 75  JTTDCMut+G4   4052.095     12  8128.190     8128.551     8185.522
 76  JTTDCMut+I+G4 4052.033     13  8130.067     8130.488     8192.176
 78  JTTDCMut+F+I  3969.177     31  8000.353     8002.698     8148.460
 79  JTTDCMut+F+G4 3969.715     31  8001.430     8003.775     8149.537
 80  JTTDCMut+F+I+G4 3969.374     32  8002.748     8005.247     8155.632
 82  DCMut+I       4066.645     12  8157.291     8157.651     8214.622
 83  DCMut+G4      4066.493     12  8156.986     8157.347     8214.318
 84  DCMut+I+G4    4066.531     13  8159.062     8159.484     8221.172
 86  DCMut+F+I     3974.669     31  8011.337     8013.682     8159.444
 87  DCMut+F+G4    3974.963     31  8011.926     8014.271     8160.033
 88  DCMut+F+I+G4  3974.762     32  8013.524     8016.023     8166.409
 90  VT+I          4058.720     12  8141.441     8141.801     8198.772
 91  VT+G4         4058.732     12  8141.464     8141.825     8198.796
 92  VT+I+G4       4060.569     13  8147.139     8147.560     8209.248
 94  VT+F+I        3970.350     31  8002.700     8005.045     8150.807
 95  VT+F+G4       3970.316     31  8002.632     8004.977     8150.739
 96  VT+F+I+G4     3971.536     32  8007.072     8009.571     8159.956
 98  PMB+I         4085.934     12  8195.869     8196.229     8253.200
 99  PMB+G4        4085.928     12  8195.856     8196.217     8253.188
100  PMB+I+G4      4087.699     13  8201.398     8201.819     8263.507
102  PMB+F+I       3983.632     31  8029.263     8031.608     8177.370
103  PMB+F+G4      3983.545     31  8029.090     8031.436     8177.198
104  PMB+F+I+G4    3984.810     32  8033.620     8036.119     8186.505
106  Blosum62+I    4112.192     12  8248.384     8248.745     8305.716
107  Blosum62+G4   4112.056     12  8248.112     8248.473     8305.444
108  Blosum62+I+G4 4113.008     13  8252.017     8252.438     8314.126
110  Blosum62+F+I  3988.564     31  8039.129     8041.474     8187.236
111  Blosum62+F+G4 3988.486     31  8038.972     8041.317     8187.079
112  Blosum62+F+I+G4 3988.764     32  8041.528     8044.028     8194.413
114  Dayhoff+I     4066.618     12  8157.237     8157.598     8214.569
115  Dayhoff+G4    4066.469     12  8156.938     8157.299     8214.270
116  Dayhoff+I+G4  4066.502     13  8159.004     8159.425     8221.114
118  Dayhoff+F+I   3974.626     31  8011.252     8013.597     8159.359
119  Dayhoff+F+G4  3974.933     31  8011.865     8014.210     8159.972
120  Dayhoff+F+I+G4 3974.725     32  8013.450     8015.950     8166.335
122  mtREV+I       4319.675     12  8663.349     8663.710     8720.681
123  mtREV+G4      4317.180     12  8658.360     8658.720     8715.692
124  mtREV+I+G4    4317.486     13  8660.972     8661.394     8723.082
126  mtREV+F+I     4017.041     31  8096.083     8098.428     8244.190
127  mtREV+F+G4    4015.850     31  8093.699     8096.044     8241.806
128  mtREV+F+I+G4  4015.948     32  8095.896     8098.396     8248.781
130  mtART+I       4376.142     12  8776.284     8776.645     8833.616
131  mtART+G4      4368.309     12  8760.618     8760.978     8817.949
132  mtART+I+G4    4368.880     13  8763.760     8764.182     8825.870
134  mtART+F+I     4038.651     31  8139.302     8141.647     8287.409
135  mtART+F+G4    4032.598     31  8127.196     8129.541     8275.303
136  mtART+F+I+G4  4033.414     32  8130.829     8133.328     8283.713
138  mtZOA+I       4292.202     12  8608.403     8608.764     8665.735
139  mtZOA+G4      4287.359     12  8598.718     8599.078     8656.050
140  mtZOA+I+G4    4288.213     13  8602.426     8602.848     8664.536
142  mtZOA+F+I     4012.145     31  8086.290     8088.635     8234.397
143  mtZOA+F+G4    4008.482     31  8078.963     8081.308     8227.070
144  mtZOA+F+I+G4  4009.230     32  8082.459     8084.959     8235.344
146  mtMet+I       4398.940     12  8821.881     8822.241     8879.212
147  mtMet+G4      4398.993     12  8821.987     8822.348     8879.319
148  mtMet+I+G4    4398.999     13  8823.999     8824.420     8886.108
150  mtMet+F+I     4003.412     31  8068.825     8071.170     8216.932
151  mtMet+F+G4    4004.134     31  8070.267     8072.613     8218.374
152  mtMet+F+I+G4  4003.919     32  8071.839     8074.338     8224.723
154  mtVer+I       4348.901     12  8721.802     8722.162     8779.133
155  mtVer+G4      4346.166     12  8716.333     8716.693     8773.664
156  mtVer+I+G4    4346.758     13  8719.517     8719.938     8781.626
158  mtVer+F+I     4015.041     31  8092.082     8094.427     8240.189
159  mtVer+F+G4    4013.765     31  8089.531     8091.876     8237.638
160  mtVer+F+I+G4  4013.913     32  8091.826     8094.326     8244.711
162  mtInv+I       4484.566     12  8993.132     8993.492     9050.463
163  mtInv+G4      4485.180     12  8994.361     8994.722     9051.693
164  mtInv+I+G4    4485.125     13  8996.250     8996.671     9058.359
166  mtInv+F+I     3994.371     31  8050.742     8053.087     8198.849
167  mtInv+F+G4    3994.101     31  8050.202     8052.547     8198.309
168  mtInv+F+I+G4  3994.221     32  8052.443     8054.942     8205.328
170  mtMAM+I       4346.744     12  8717.488     8717.849     8774.820
171  mtMAM+G4      4337.413     12  8698.826     8699.186     8756.157
172  mtMAM+I+G4    4338.983     13  8703.966     8704.387     8766.075
174  mtMAM+F+I     4027.756     31  8117.511     8119.857     8265.618
175  mtMAM+F+G4    4022.607     31  8107.213     8109.558     8255.320
176  mtMAM+F+I+G4  4023.195     32  8110.391     8112.890     8263.275
WARNING: Normalizing state frequencies so that sum of them equals to 1
178  FLAVI+I       4155.762     12  8335.524     8335.885     8392.856
WARNING: Normalizing state frequencies so that sum of them equals to 1
179  FLAVI+G4      4154.474     12  8332.948     8333.308     8390.280
WARNING: Normalizing state frequencies so that sum of them equals to 1
180  FLAVI+I+G4    4154.441     13  8334.882     8335.303     8396.991
WARNING: Normalizing state frequencies so that sum of them equals to 1
182  FLAVI+F+I     4009.024     31  8080.049     8082.394     8228.156
WARNING: Normalizing state frequencies so that sum of them equals to 1
183  FLAVI+F+G4    4009.444     31  8080.889     8083.234     8228.996
WARNING: Normalizing state frequencies so that sum of them equals to 1
184  FLAVI+F+I+G4  4009.210     32  8082.420     8084.920     8235.305
186  HIVb+I        4148.416     12  8320.833     8321.194     8378.165
187  HIVb+G4       4148.944     12  8321.887     8322.248     8379.219
188  HIVb+I+G4     4148.839     13  8323.678     8324.099     8385.787
190  HIVb+F+I      3994.414     31  8050.827     8053.172     8198.934
191  HIVb+F+G4     3996.035     31  8054.069     8056.414     8202.176
192  HIVb+F+I+G4   3995.534     32  8055.068     8057.568     8207.953
194  HIVw+I        4265.353     12  8554.706     8555.067     8612.038
195  HIVw+G4       4261.303     12  8546.605     8546.966     8603.937
196  HIVw+I+G4     4262.185     13  8550.371     8550.792     8612.480
198  HIVw+F+I      4019.726     31  8101.452     8103.797     8249.559
199  HIVw+F+G4     4020.372     31  8102.743     8105.089     8250.851
200  HIVw+F+I+G4   4020.273     32  8104.546     8107.045     8257.430
202  FLU+I         4139.184     12  8302.368     8302.729     8359.700
203  FLU+G4        4139.197     12  8302.393     8302.754     8359.725
204  FLU+I+G4      4139.053     13  8304.107     8304.528     8366.216
206  FLU+F+I       3992.488     31  8046.975     8049.321     8195.083
207  FLU+F+G4      3993.621     31  8049.242     8051.587     8197.349
208  FLU+F+I+G4    3993.300     32  8050.600     8053.100     8203.485
210  rtREV+I       4142.358     12  8308.716     8309.076     8366.047
211  rtREV+G4      4141.814     12  8307.627     8307.988     8364.959
212  rtREV+I+G4    4141.942     13  8309.884     8310.305     8371.993
214  rtREV+F+I     3987.652     31  8037.303     8039.649     8185.411
215  rtREV+F+G4    3988.506     31  8039.011     8041.356     8187.118
216  rtREV+F+I+G4  3988.127     32  8040.255     8042.754     8193.139
218  cpREV+I       4114.602     12  8253.204     8253.565     8310.536
219  cpREV+G4      4113.524     12  8251.047     8251.408     8308.379
220  cpREV+I+G4    4113.733     13  8253.466     8253.887     8315.575
222  cpREV+F+I     3997.045     31  8056.090     8058.435     8204.197
223  cpREV+F+G4    3996.379     31  8054.759     8057.104     8202.866
224  cpREV+F+I+G4  3996.452     32  8056.903     8059.403     8209.788
Akaike Information Criterion:           Q.insect+F+G4
Corrected Akaike Information Criterion: Q.insect+F+G4
Bayesian Information Criterion:         Q.insect+F+G4
Best-fit model: Q.insect+F+G4 chosen according to BIC

All model information printed to ../results/molecular_evolution_analyses/phylogenetic_trees/F94715_MLIG_G1/F94715_MLIG_G1.model.gz
CPU time for ModelFinder: 4.437 seconds (0h:0m:4s)
Wall-clock time for ModelFinder: 4.439 seconds (0h:0m:4s)
Generating 1000 samples for ultrafast bootstrap (seed: 636893)...

NOTE: 1 MB RAM (0 GB) is required!
Estimate model parameters (epsilon = 0.100)
1. Initial log-likelihood: -3963.058
Optimal log-likelihood: -3963.050
Gamma shape alpha: 0.747
Parameters optimization took 1 rounds (0.005 sec)
Wrote distance file to... 
Computing ML distances based on estimated model parameters...
Calculating distance matrix: done in 0.00572801 secs using 99.81% CPU
Computing ML distances took 0.005756 sec (of wall-clock time) 0.005746 sec (of CPU time)
Setting up auxiliary I and S matrices: done in 2.47955e-05 secs using 100.8% CPU
Constructing RapidNJ tree: done in 2.7895e-05 secs using 96.79% CPU
Computing RapidNJ tree took 0.000094 sec (of wall-clock time) 0.000094 sec (of CPU time)
Log-likelihood of RapidNJ tree: -3966.640
--------------------------------------------------------------------
|             INITIALIZING CANDIDATE TREE SET                      |
--------------------------------------------------------------------
Generating 98 parsimony trees... 0.030 second
Computing log-likelihood of 39 initial trees ... 0.063 seconds
Current best score: -3963.050

Do NNI search on 20 best initial trees
Optimizing NNI: done in 0.00601292 secs using 200% CPU
Estimate model parameters (epsilon = 0.100)
BETTER TREE FOUND at iteration 1: -3963.048
Optimizing NNI: done in 0.01195 secs using 199.9% CPU
UPDATE BEST LOG-LIKELIHOOD: -3963.048
Optimizing NNI: done in 0.0130279 secs using 199.9% CPU
Optimizing NNI: done in 0.012918 secs using 200% CPU
Optimizing NNI: done in 0.0117559 secs using 199.9% CPU
Optimizing NNI: done in 0.0131269 secs using 200% CPU
Optimizing NNI: done in 0.013042 secs using 169.3% CPU
Optimizing NNI: done in 0.0118122 secs using 110% CPU
Optimizing NNI: done in 0.012908 secs using 99.98% CPU
Optimizing NNI: done in 0.0128298 secs using 99.99% CPU
Iteration 10 / LogL: -3963.070 / Time: 0h:0m:0s
Optimizing NNI: done in 0.0114589 secs using 99.98% CPU
Estimate model parameters (epsilon = 0.100)
BETTER TREE FOUND at iteration 11: -3962.819
Optimizing NNI: done in 0.011416 secs using 99.98% CPU
Optimizing NNI: done in 0.0115051 secs using 99.98% CPU
Optimizing NNI: done in 0.0129912 secs using 99.96% CPU
Optimizing NNI: done in 0.0128551 secs using 99.98% CPU
Optimizing NNI: done in 0.0129659 secs using 99.99% CPU
Optimizing NNI: done in 0.0185242 secs using 99.99% CPU
Optimizing NNI: done in 0.018569 secs using 99.97% CPU
Optimizing NNI: done in 0.0130539 secs using 99.98% CPU
Optimizing NNI: done in 0.0199618 secs using 99.97% CPU
Iteration 20 / LogL: -3964.715 / Time: 0h:0m:0s
Finish initializing candidate tree set (3)
Current best tree score: -3962.819 / CPU time: 0.378
Number of iterations: 20
--------------------------------------------------------------------
|               OPTIMIZING CANDIDATE TREE SET                      |
--------------------------------------------------------------------
Optimizing NNI: done in 0.0128081 secs using 99.95% CPU
Optimizing NNI: done in 0.035228 secs using 99.97% CPU
Optimizing NNI: done in 0.0116189 secs using 99.98% CPU
Optimizing NNI: done in 0.011421 secs using 99.97% CPU
Optimizing NNI: done in 0.0184169 secs using 99.97% CPU
Optimizing NNI: done in 0.0127251 secs using 99.98% CPU
Optimizing NNI: done in 0.01438 secs using 99.98% CPU
UPDATE BEST LOG-LIKELIHOOD: -3962.819
Optimizing NNI: done in 0.0144429 secs using 99.97% CPU
Optimizing NNI: done in 0.00582504 secs using 99.96% CPU
Optimizing NNI: done in 0.0416951 secs using 99.97% CPU
Iteration 30 / LogL: -3963.333 / Time: 0h:0m:0s (0h:0m:1s left)
Optimizing NNI: done in 0.00580192 secs using 100% CPU
Optimizing NNI: done in 0.00578809 secs using 100% CPU
Optimizing NNI: done in 0.0126169 secs using 99.97% CPU
UPDATE BEST LOG-LIKELIHOOD: -3962.819
Optimizing NNI: done in 0.0316508 secs using 99.98% CPU
Optimizing NNI: done in 0.0317149 secs using 99.97% CPU
Optimizing NNI: done in 0.012625 secs using 99.98% CPU
UPDATE BEST LOG-LIKELIHOOD: -3962.819
Optimizing NNI: done in 0.0316789 secs using 99.96% CPU
Optimizing NNI: done in 0.011405 secs using 99.98% CPU
Optimizing NNI: done in 0.00567698 secs using 100% CPU
Optimizing NNI: done in 0.013032 secs using 99.95% CPU
Iteration 40 / LogL: -3963.048 / Time: 0h:0m:0s (0h:0m:1s left)
Optimizing NNI: done in 0.0184281 secs using 99.96% CPU
Optimizing NNI: done in 0.026967 secs using 99.98% CPU
Optimizing NNI: done in 0.0187161 secs using 99.97% CPU
Optimizing NNI: done in 0.0125971 secs using 99.98% CPU
UPDATE BEST LOG-LIKELIHOOD: -3962.819
Optimizing NNI: done in 0.018532 secs using 99.98% CPU
Optimizing NNI: done in 0.012938 secs using 99.98% CPU
Optimizing NNI: done in 0.0263429 secs using 99.97% CPU
UPDATE BEST LOG-LIKELIHOOD: -3962.818
Optimizing NNI: done in 0.0130849 secs using 99.98% CPU
Optimizing NNI: done in 0.0185211 secs using 99.98% CPU
Optimizing NNI: done in 0.00581193 secs using 100% CPU
Iteration 50 / LogL: -3963.047 / Time: 0h:0m:1s (0h:0m:1s left)
Log-likelihood cutoff on original alignment: -3971.747
Optimizing NNI: done in 0.0204289 secs using 99.96% CPU
Optimizing NNI: done in 0.0113699 secs using 99.97% CPU
UPDATE BEST LOG-LIKELIHOOD: -3962.818
Optimizing NNI: done in 0.0183342 secs using 99.97% CPU
Optimizing NNI: done in 0.00580883 secs using 99.93% CPU
Optimizing NNI: done in 0.0351052 secs using 99.97% CPU
Optimizing NNI: done in 0.00578904 secs using 99.95% CPU
Optimizing NNI: done in 0.0203061 secs using 99.97% CPU
Optimizing NNI: done in 0.0185192 secs using 99.97% CPU
Optimizing NNI: done in 0.00573087 secs using 99.95% CPU
Optimizing NNI: done in 0.0261838 secs using 99.97% CPU
Iteration 60 / LogL: -3963.047 / Time: 0h:0m:1s (0h:0m:1s left)
Optimizing NNI: done in 0.020062 secs using 99.96% CPU
Optimizing NNI: done in 0.012743 secs using 99.98% CPU
Optimizing NNI: done in 0.035192 secs using 99.96% CPU
Optimizing NNI: done in 0.00582981 secs using 99.95% CPU
Optimizing NNI: done in 0.005826 secs using 99.98% CPU
Optimizing NNI: done in 0.0263388 secs using 99.97% CPU
Optimizing NNI: done in 0.00578213 secs using 99.96% CPU
Optimizing NNI: done in 0.018723 secs using 99.97% CPU
Optimizing NNI: done in 0.0201261 secs using 99.96% CPU
Optimizing NNI: done in 0.019978 secs using 99.97% CPU
Iteration 70 / LogL: -3963.048 / Time: 0h:0m:1s (0h:0m:0s left)
Optimizing NNI: done in 0.01138 secs using 99.97% CPU
Optimizing NNI: done in 0.041604 secs using 99.98% CPU
Optimizing NNI: done in 0.0197928 secs using 99.98% CPU
Optimizing NNI: done in 0.020345 secs using 99.97% CPU
Optimizing NNI: done in 0.0129969 secs using 99.96% CPU
Optimizing NNI: done in 0.018496 secs using 99.97% CPU
Optimizing NNI: done in 0.011327 secs using 99.97% CPU
UPDATE BEST LOG-LIKELIHOOD: -3962.818
Optimizing NNI: done in 0.0201399 secs using 99.97% CPU
Optimizing NNI: done in 0.026614 secs using 99.97% CPU
Optimizing NNI: done in 0.047878 secs using 99.97% CPU
WARNING: NNI search needs unusual large number of steps (7) to converge!
Iteration 80 / LogL: -3963.072 / Time: 0h:0m:1s (0h:0m:0s left)
Optimizing NNI: done in 0.0331459 secs using 99.96% CPU
Optimizing NNI: done in 0.00571203 secs using 99.96% CPU
Optimizing NNI: done in 0.020236 secs using 99.97% CPU
Optimizing NNI: done in 0.0345092 secs using 99.98% CPU
Optimizing NNI: done in 0.0261471 secs using 99.96% CPU
Optimizing NNI: done in 0.0183921 secs using 99.94% CPU
Optimizing NNI: done in 0.012645 secs using 99.98% CPU
Optimizing NNI: done in 0.0261192 secs using 99.97% CPU
Optimizing NNI: done in 0.011492 secs using 99.97% CPU
Optimizing NNI: done in 0.031646 secs using 99.97% CPU
Iteration 90 / LogL: -3964.713 / Time: 0h:0m:1s (0h:0m:0s left)
Optimizing NNI: done in 0.014883 secs using 99.93% CPU
Optimizing NNI: done in 0.0353742 secs using 99.97% CPU
Optimizing NNI: done in 0.0129578 secs using 99.96% CPU
UPDATE BEST LOG-LIKELIHOOD: -3962.818
Optimizing NNI: done in 0.012805 secs using 99.95% CPU
Optimizing NNI: done in 0.0112259 secs using 99.96% CPU
Optimizing NNI: done in 0.0260601 secs using 99.97% CPU
Optimizing NNI: done in 0.00583196 secs using 100% CPU
Optimizing NNI: done in 0.0128899 secs using 99.98% CPU
Optimizing NNI: done in 0.020262 secs using 99.97% CPU
Optimizing NNI: done in 0.0189941 secs using 99.98% CPU
Iteration 100 / LogL: -3964.511 / Time: 0h:0m:2s (0h:0m:0s left)
Log-likelihood cutoff on original alignment: -3973.020
NOTE: Bootstrap correlation coefficient of split occurrence frequencies: 0.996
Optimizing NNI: done in 0.0267501 secs using 99.96% CPU
Optimizing NNI: done in 0.0128732 secs using 99.98% CPU
Optimizing NNI: done in 0.013098 secs using 99.98% CPU
Optimizing NNI: done in 0.0338972 secs using 99.98% CPU
Optimizing NNI: done in 0.00592399 secs using 88.56% CPU
Optimizing NNI: done in 0.013129 secs using 99.96% CPU
Optimizing NNI: done in 0.00588202 secs using 99.95% CPU
Optimizing NNI: done in 0.0189261 secs using 99.97% CPU
Optimizing NNI: done in 0.0116692 secs using 99.94% CPU
Optimizing NNI: done in 0.013082 secs using 99.97% CPU
Iteration 110 / LogL: -3963.048 / Time: 0h:0m:2s (0h:0m:1s left)
Optimizing NNI: done in 0.0144539 secs using 99.98% CPU
Optimizing NNI: done in 0.00582695 secs using 100% CPU
TREE SEARCH COMPLETED AFTER 112 ITERATIONS / Time: 0h:0m:2s

--------------------------------------------------------------------
|                    FINALIZING TREE SEARCH                        |
--------------------------------------------------------------------
Performs final model parameters optimization
Estimate model parameters (epsilon = 0.010)
1. Initial log-likelihood: -3962.818
Optimal log-likelihood: -3962.818
Gamma shape alpha: 0.730
Parameters optimization took 1 rounds (0.005 sec)
BEST SCORE FOUND : -3962.818

Testing tree branches by SH-like aLRT with 1000 replicates...
0.075 sec.
Creating bootstrap support values...
Split supports printed to NEXUS file ../results/molecular_evolution_analyses/phylogenetic_trees/F94715_MLIG_G1/F94715_MLIG_G1.splits.nex
Total tree length: 0.740

Total number of iterations: 112
CPU time used for tree search: 2.514 sec (0h:0m:2s)
Wall-clock time used for tree search: 2.342 sec (0h:0m:2s)
Total CPU time used: 2.650 sec (0h:0m:2s)
Total wall-clock time used: 2.475 sec (0h:0m:2s)

Computing bootstrap consensus tree...
Reading input file ../results/molecular_evolution_analyses/phylogenetic_trees/F94715_MLIG_G1/F94715_MLIG_G1.splits.nex...
7 taxa and 21 splits.
Consensus tree written to ../results/molecular_evolution_analyses/phylogenetic_trees/F94715_MLIG_G1/F94715_MLIG_G1.contree
Reading input trees file ../results/molecular_evolution_analyses/phylogenetic_trees/F94715_MLIG_G1/F94715_MLIG_G1.contree
Log-likelihood of consensus tree: -3962.818

Analysis results written to: 
  IQ-TREE report:                ../results/molecular_evolution_analyses/phylogenetic_trees/F94715_MLIG_G1/F94715_MLIG_G1.iqtree
  Maximum-likelihood tree:       ../results/molecular_evolution_analyses/phylogenetic_trees/F94715_MLIG_G1/F94715_MLIG_G1.treefile
  Likelihood distances:          ../results/molecular_evolution_analyses/phylogenetic_trees/F94715_MLIG_G1/F94715_MLIG_G1.mldist

Ultrafast bootstrap approximation results written to:
  Split support values:          ../results/molecular_evolution_analyses/phylogenetic_trees/F94715_MLIG_G1/F94715_MLIG_G1.splits.nex
  Consensus tree:                ../results/molecular_evolution_analyses/phylogenetic_trees/F94715_MLIG_G1/F94715_MLIG_G1.contree
  Screen log file:               ../results/molecular_evolution_analyses/phylogenetic_trees/F94715_MLIG_G1/F94715_MLIG_G1.log

Date and Time: Wed May  1 08:53:22 2024
