IQ-TREE multicore version 2.2.2.6 COVID-edition for Linux 64-bit built May 27 2023
Developed by Bui Quang Minh, James Barbetti, Nguyen Lam Tung,
Olga Chernomor, Heiko Schmidt, Dominik Schrempf, Michael Woodhams, Ly Trong Nhan.

Host:    lbc5 (AVX2, FMA3, 125 GB RAM)
Command: /home/mauricio/mauricio_PROGRAMAS/iqtree-2.2.2.6-Linux/bin/iqtree2 -s ../results/molecular_evolution_analyses/alignments_gblocks/F72403_SMAR_G2/F72403_SMAR_G2.aln.gblo -m TEST --threads-max 32 --alrt 1000 --ufboot 1000 --prefix ../results/molecular_evolution_analyses/phylogenetic_trees/F72403_SMAR_G2/F72403_SMAR_G2 -keep-ident -redo
Seed:    54131 (Using SPRNG - Scalable Parallel Random Number Generator)
Time:    Wed May  1 12:29:53 2024
Kernel:  AVX+FMA - 1 threads (32 CPU cores detected)

HINT: Use -nt option to specify number of threads because your CPU has 32 cores!
HINT: -nt AUTO will automatically determine the best number of threads to use.

Reading alignment file ../results/molecular_evolution_analyses/alignments_gblocks/F72403_SMAR_G2/F72403_SMAR_G2.aln.gblo ... Fasta format detected
Reading fasta file: done in 7.39098e-05 secs
Alignment most likely contains protein sequences
Constructing alignment: done in 0.000288963 secs
Alignment has 6 sequences with 299 columns, 50 distinct patterns
10 parsimony-informative, 21 singleton sites, 268 constant sites
           Gap/Ambiguity  Composition  p-value
Analyzing sequences: done in 6.91414e-06 secs
   1  Smar.2096    0.00%    passed    100.00%
   2  Smar.3179    0.00%    passed    100.00%
   3  Smar.3988    0.00%    passed    100.00%
   4  Smar.1455    0.00%    passed    100.00%
   5  Smar.1868    0.00%    passed    100.00%
   6  Smar.8664    0.00%    passed    100.00%
****  TOTAL        0.00%  0 sequences failed composition chi2 test (p-value<5%; df=19)


Create initial parsimony tree by phylogenetic likelihood library (PLL)... 0.000 seconds
Perform fast likelihood tree search using LG+I+G model...
Estimate model parameters (epsilon = 5.000)
Perform nearest neighbor interchange...
Optimizing NNI: done in 0.00142097 secs using 100% CPU
Estimate model parameters (epsilon = 1.000)
1. Initial log-likelihood: -1118.668
Optimal log-likelihood: -1118.667
Proportion of invariable sites: 0.449
Gamma shape alpha: 9.583
Parameters optimization took 1 rounds (0.003 sec)
Time for fast ML tree search: 0.010 seconds

NOTE: ModelFinder requires 0 MB RAM!
ModelFinder will test up to 224 protein models (sample size: 299) ...
 No. Model         -LnL         df  AIC          AICc         BIC
  1  LG            1119.092     9   2256.185     2256.808     2289.489
  2  LG+I          1118.667     10  2257.334     2258.098     2294.338
  3  LG+G4         1118.666     10  2257.332     2258.096     2294.337
  4  LG+I+G4       1118.667     11  2259.333     2260.253     2300.038
  5  LG+F          1087.375     28  2230.750     2236.765     2334.363
  6  LG+F+I        1086.884     29  2231.768     2238.236     2339.081
  7  LG+F+G4       1086.897     29  2231.794     2238.263     2339.107
  9  WAG           1121.654     9   2261.308     2261.931     2294.612
 10  WAG+I         1121.264     10  2262.527     2263.291     2299.532
 11  WAG+G4        1121.286     10  2262.572     2263.336     2299.577
 13  WAG+F         1084.449     28  2224.897     2230.912     2328.510
 14  WAG+F+I       1083.934     29  2225.868     2232.336     2333.181
 15  WAG+F+G4      1083.963     29  2225.926     2232.394     2333.239
 17  JTT           1110.470     9   2238.940     2239.563     2272.244
 18  JTT+I         1110.129     10  2240.257     2241.021     2277.262
 19  JTT+G4        1110.149     10  2240.298     2241.062     2277.303
 21  JTT+F         1078.669     28  2213.337     2219.352     2316.950
 22  JTT+F+I       1078.213     29  2214.426     2220.894     2321.739
 23  JTT+F+G4      1078.249     29  2214.498     2220.966     2321.811
WARNING: Normalizing state frequencies so that sum of them equals to 1
 25  Q.pfam        1120.634     9   2259.268     2259.891     2292.572
WARNING: Normalizing state frequencies so that sum of them equals to 1
 26  Q.pfam+I      1120.225     10  2260.449     2261.213     2297.453
WARNING: Normalizing state frequencies so that sum of them equals to 1
 27  Q.pfam+G4     1120.226     10  2260.452     2261.216     2297.456
WARNING: Normalizing state frequencies so that sum of them equals to 1
 29  Q.pfam+F      1086.660     28  2229.320     2235.335     2332.933
WARNING: Normalizing state frequencies so that sum of them equals to 1
 30  Q.pfam+F+I    1086.211     29  2230.423     2236.891     2337.736
WARNING: Normalizing state frequencies so that sum of them equals to 1
 31  Q.pfam+F+G4   1086.221     29  2230.442     2236.910     2337.755
WARNING: Normalizing state frequencies so that sum of them equals to 1
 33  Q.bird        1105.111     9   2228.221     2228.844     2261.525
WARNING: Normalizing state frequencies so that sum of them equals to 1
 34  Q.bird+I      1104.629     10  2229.258     2230.022     2266.263
WARNING: Normalizing state frequencies so that sum of them equals to 1
 35  Q.bird+G4     1104.642     10  2229.285     2230.048     2266.289
WARNING: Normalizing state frequencies so that sum of them equals to 1
 37  Q.bird+F      1076.552     28  2209.103     2215.118     2312.715
WARNING: Normalizing state frequencies so that sum of them equals to 1
 38  Q.bird+F+I    1076.035     29  2210.071     2216.539     2317.384
WARNING: Normalizing state frequencies so that sum of them equals to 1
 39  Q.bird+F+G4   1076.060     29  2210.119     2216.588     2317.432
WARNING: Normalizing state frequencies so that sum of them equals to 1
 41  Q.mammal      1107.106     9   2232.212     2232.835     2265.516
WARNING: Normalizing state frequencies so that sum of them equals to 1
 42  Q.mammal+I    1106.722     10  2233.444     2234.208     2270.448
WARNING: Normalizing state frequencies so that sum of them equals to 1
 43  Q.mammal+G4   1106.740     10  2233.480     2234.244     2270.485
WARNING: Normalizing state frequencies so that sum of them equals to 1
 45  Q.mammal+F    1076.546     28  2209.091     2215.106     2312.704
WARNING: Normalizing state frequencies so that sum of them equals to 1
 46  Q.mammal+F+I  1076.113     29  2210.226     2216.695     2317.539
WARNING: Normalizing state frequencies so that sum of them equals to 1
 47  Q.mammal+F+G4 1076.140     29  2210.281     2216.749     2317.594
 49  Q.insect      1109.824     9   2237.649     2238.272     2270.953
 50  Q.insect+I    1109.464     10  2238.928     2239.692     2275.932
 51  Q.insect+G4   1109.481     10  2238.962     2239.726     2275.966
 53  Q.insect+F    1083.908     28  2223.816     2229.830     2327.428
 54  Q.insect+F+I  1083.513     29  2225.026     2231.494     2332.338
 55  Q.insect+F+G4 1083.538     29  2225.076     2231.544     2332.389
WARNING: Normalizing state frequencies so that sum of them equals to 1
 57  Q.plant       1109.410     9   2236.821     2237.443     2270.125
WARNING: Normalizing state frequencies so that sum of them equals to 1
 58  Q.plant+I     1109.023     10  2238.046     2238.810     2275.050
WARNING: Normalizing state frequencies so that sum of them equals to 1
 59  Q.plant+G4    1109.043     10  2238.086     2238.850     2275.091
WARNING: Normalizing state frequencies so that sum of them equals to 1
 61  Q.plant+F     1078.758     28  2213.517     2219.532     2317.129
WARNING: Normalizing state frequencies so that sum of them equals to 1
 62  Q.plant+F+I   1078.323     29  2214.645     2221.113     2321.958
WARNING: Normalizing state frequencies so that sum of them equals to 1
 63  Q.plant+F+G4  1078.352     29  2214.704     2221.172     2322.017
WARNING: Normalizing state frequencies so that sum of them equals to 1
 65  Q.yeast       1111.182     9   2240.364     2240.987     2273.668
WARNING: Normalizing state frequencies so that sum of them equals to 1
 66  Q.yeast+I     1110.783     10  2241.567     2242.331     2278.571
WARNING: Normalizing state frequencies so that sum of them equals to 1
 67  Q.yeast+G4    1110.796     10  2241.591     2242.355     2278.596
WARNING: Normalizing state frequencies so that sum of them equals to 1
 69  Q.yeast+F     1085.863     28  2227.726     2233.741     2331.339
WARNING: Normalizing state frequencies so that sum of them equals to 1
 70  Q.yeast+F+I   1085.456     29  2228.913     2235.381     2336.225
WARNING: Normalizing state frequencies so that sum of them equals to 1
 71  Q.yeast+F+G4  1085.473     29  2228.945     2235.414     2336.258
 73  JTTDCMut      1111.242     9   2240.483     2241.106     2273.787
 74  JTTDCMut+I    1110.890     10  2241.779     2242.543     2278.784
 75  JTTDCMut+G4   1110.911     10  2241.822     2242.586     2278.826
 77  JTTDCMut+F    1079.171     28  2214.341     2220.356     2317.954
 78  JTTDCMut+F+I  1078.688     29  2215.376     2221.845     2322.689
 79  JTTDCMut+F+G4 1078.726     29  2215.453     2221.921     2322.765
 81  DCMut         1130.889     9   2279.779     2280.402     2313.083
 82  DCMut+I       1130.166     10  2280.332     2281.096     2317.337
 83  DCMut+G4      1130.213     10  2280.426     2281.190     2317.430
 85  DCMut+F       1087.878     28  2231.757     2237.771     2335.369
 86  DCMut+F+I     1086.742     29  2231.484     2237.952     2338.797
 87  DCMut+F+G4    1086.805     29  2231.609     2238.078     2338.922
 89  VT            1111.711     9   2241.421     2242.044     2274.725
 90  VT+I          1111.420     10  2242.840     2243.604     2279.844
 91  VT+G4         1111.433     10  2242.866     2243.630     2279.870
 93  VT+F          1083.102     28  2222.205     2228.219     2325.817
 94  VT+F+I        1082.755     29  2223.509     2229.978     2330.822
 95  VT+F+G4       1082.775     29  2223.549     2230.017     2330.862
 97  PMB           1127.188     9   2272.376     2272.999     2305.680
 98  PMB+I         1126.845     10  2273.690     2274.454     2310.695
 99  PMB+G4        1126.859     10  2273.717     2274.481     2310.722
101  PMB+F         1088.233     28  2232.466     2238.481     2336.078
102  PMB+F+I       1087.810     29  2233.621     2240.089     2340.934
103  PMB+F+G4      1087.830     29  2233.660     2240.128     2340.973
105  Blosum62      1124.657     9   2267.314     2267.937     2300.618
106  Blosum62+I    1124.317     10  2268.635     2269.399     2305.639
107  Blosum62+G4   1124.317     10  2268.635     2269.399     2305.639
109  Blosum62+F    1089.503     28  2235.006     2241.021     2338.618
110  Blosum62+F+I  1089.104     29  2236.208     2242.677     2343.521
111  Blosum62+F+G4 1089.109     29  2236.218     2242.686     2343.531
113  Dayhoff       1130.947     9   2279.893     2280.516     2313.197
114  Dayhoff+I     1130.215     10  2280.430     2281.194     2317.434
115  Dayhoff+G4    1130.262     10  2280.524     2281.287     2317.528
117  Dayhoff+F     1087.954     28  2231.908     2237.923     2335.520
118  Dayhoff+F+I   1086.803     29  2231.606     2238.074     2338.919
119  Dayhoff+F+G4  1086.866     29  2231.731     2238.200     2339.044
121  mtREV         1183.186     9   2384.371     2384.994     2417.675
122  mtREV+I       1181.957     10  2383.913     2384.677     2420.918
123  mtREV+G4      1181.939     10  2383.878     2384.642     2420.883
125  mtREV+F       1086.107     28  2228.213     2234.228     2331.826
126  mtREV+F+I     1085.017     29  2228.035     2234.503     2335.348
127  mtREV+F+G4    1085.043     29  2228.085     2234.554     2335.398
129  mtART         1185.714     9   2389.428     2390.051     2422.732
130  mtART+I       1182.919     10  2385.839     2386.603     2422.843
131  mtART+G4      1182.929     10  2385.857     2386.621     2422.861
133  mtART+F       1095.053     28  2246.105     2252.120     2349.718
134  mtART+F+I     1093.443     29  2244.886     2251.355     2352.199
135  mtART+F+G4    1093.451     29  2244.903     2251.371     2352.216
137  mtZOA         1185.161     9   2388.323     2388.945     2421.627
138  mtZOA+I       1183.591     10  2387.183     2387.947     2424.187
139  mtZOA+G4      1183.573     10  2387.146     2387.910     2424.150
141  mtZOA+F       1090.922     28  2237.844     2243.859     2341.456
142  mtZOA+F+I     1089.810     29  2237.621     2244.089     2344.934
143  mtZOA+F+G4    1089.823     29  2237.645     2244.113     2344.958
145  mtMet         1168.974     9   2355.948     2356.570     2389.252
146  mtMet+I       1168.116     10  2356.233     2356.997     2393.237
147  mtMet+G4      1168.115     10  2356.230     2356.994     2393.234
149  mtMet+F       1080.114     28  2216.228     2222.242     2319.840
150  mtMet+F+I     1079.407     29  2216.815     2223.283     2324.128
151  mtMet+F+G4    1079.439     29  2216.878     2223.347     2324.191
153  mtVer         1183.533     9   2385.065     2385.688     2418.369
154  mtVer+I       1182.209     10  2384.418     2385.182     2421.423
155  mtVer+G4      1182.233     10  2384.466     2385.229     2421.470
157  mtVer+F       1082.107     28  2220.213     2226.228     2323.826
158  mtVer+F+I     1081.019     29  2220.038     2226.506     2327.351
159  mtVer+F+G4    1081.092     29  2220.184     2226.653     2327.497
161  mtInv         1178.050     9   2374.099     2374.722     2407.403
162  mtInv+I       1177.423     10  2374.845     2375.609     2411.850
163  mtInv+G4      1177.417     10  2374.834     2375.598     2411.838
165  mtInv+F       1082.231     28  2220.463     2226.478     2324.075
166  mtInv+F+I     1081.598     29  2221.197     2227.665     2328.509
167  mtInv+F+G4    1081.621     29  2221.243     2227.711     2328.556
169  mtMAM         1187.513     9   2393.025     2393.648     2426.329
170  mtMAM+I       1184.727     10  2389.453     2390.217     2426.458
171  mtMAM+G4      1184.731     10  2389.461     2390.225     2426.466
173  mtMAM+F       1088.150     28  2232.299     2238.314     2335.912
174  mtMAM+F+I     1086.466     29  2230.933     2237.401     2338.246
175  mtMAM+F+G4    1086.487     29  2230.974     2237.443     2338.287
WARNING: Normalizing state frequencies so that sum of them equals to 1
177  FLAVI         1140.978     9   2299.956     2300.578     2333.260
WARNING: Normalizing state frequencies so that sum of them equals to 1
178  FLAVI+I       1139.964     10  2299.927     2300.691     2336.932
WARNING: Normalizing state frequencies so that sum of them equals to 1
179  FLAVI+G4      1139.965     10  2299.930     2300.694     2336.934
WARNING: Normalizing state frequencies so that sum of them equals to 1
181  FLAVI+F       1081.164     28  2218.328     2224.343     2321.940
WARNING: Normalizing state frequencies so that sum of them equals to 1
182  FLAVI+F+I     1080.129     29  2218.258     2224.726     2325.571
WARNING: Normalizing state frequencies so that sum of them equals to 1
183  FLAVI+F+G4    1080.171     29  2218.342     2224.811     2325.655
185  HIVb          1113.955     9   2245.911     2246.534     2279.215
186  HIVb+I        1113.357     10  2246.713     2247.477     2283.717
187  HIVb+G4       1113.392     10  2246.784     2247.548     2283.788
189  HIVb+F        1077.294     28  2210.588     2216.603     2314.200
190  HIVb+F+I      1076.476     29  2210.951     2217.420     2318.264
191  HIVb+F+G4     1076.544     29  2211.089     2217.557     2318.402
193  HIVw          1116.574     9   2251.147     2251.770     2284.451
194  HIVw+I        1115.922     10  2251.844     2252.608     2288.849
195  HIVw+G4       1115.949     10  2251.898     2252.662     2288.902
197  HIVw+F        1078.266     28  2212.531     2218.546     2316.144
198  HIVw+F+I      1077.644     29  2213.289     2219.757     2320.602
199  HIVw+F+G4     1077.690     29  2213.380     2219.849     2320.693
201  FLU           1108.064     9   2234.128     2234.751     2267.432
202  FLU+I         1107.268     10  2234.537     2235.301     2271.541
203  FLU+G4        1107.296     10  2234.592     2235.356     2271.596
205  FLU+F         1082.321     28  2220.642     2226.657     2324.254
206  FLU+F+I       1081.492     29  2220.983     2227.451     2328.296
207  FLU+F+G4      1081.536     29  2221.072     2227.540     2328.385
209  rtREV         1134.756     9   2287.512     2288.135     2320.816
210  rtREV+I       1134.290     10  2288.580     2289.344     2325.584
211  rtREV+G4      1134.286     10  2288.572     2289.336     2325.577
213  rtREV+F       1090.496     28  2236.993     2243.008     2340.605
214  rtREV+F+I     1089.994     29  2237.989     2244.457     2345.301
215  rtREV+F+G4    1089.999     29  2237.997     2244.466     2345.310
217  cpREV         1127.809     9   2273.619     2274.241     2306.923
218  cpREV+I       1127.290     10  2274.581     2275.345     2311.585
219  cpREV+G4      1127.316     10  2274.631     2275.395     2311.636
221  cpREV+F       1085.271     28  2226.541     2232.556     2330.154
222  cpREV+F+I     1084.491     29  2226.981     2233.450     2334.294
223  cpREV+F+G4    1084.539     29  2227.079     2233.547     2334.392
Akaike Information Criterion:           Q.mammal+F
Corrected Akaike Information Criterion: Q.mammal+F
Bayesian Information Criterion:         Q.bird
Best-fit model: Q.bird chosen according to BIC

All model information printed to ../results/molecular_evolution_analyses/phylogenetic_trees/F72403_SMAR_G2/F72403_SMAR_G2.model.gz
CPU time for ModelFinder: 0.437 seconds (0h:0m:0s)
Wall-clock time for ModelFinder: 0.442 seconds (0h:0m:0s)
Generating 1000 samples for ultrafast bootstrap (seed: 54131)...
WARNING: Normalizing state frequencies so that sum of them equals to 1

NOTE: 0 MB RAM (0 GB) is required!
Estimate model parameters (epsilon = 0.100)
1. Initial log-likelihood: -1105.111
Optimal log-likelihood: -1105.111
Parameters optimization took 1 rounds (0.000 sec)
Wrote distance file to... 
Computing ML distances based on estimated model parameters...
Calculating distance matrix: done in 0.00107098 secs using 99.44% CPU
Computing ML distances took 0.001093 sec (of wall-clock time) 0.001087 sec (of CPU time)
Setting up auxiliary I and S matrices: done in 2.88486e-05 secs using 100.5% CPU
Constructing RapidNJ tree: done in 2.28882e-05 secs using 100.5% CPU
Computing RapidNJ tree took 0.000102 sec (of wall-clock time) 0.000101 sec (of CPU time)
Log-likelihood of RapidNJ tree: -1105.111
--------------------------------------------------------------------
|             INITIALIZING CANDIDATE TREE SET                      |
--------------------------------------------------------------------
Generating 99 parsimony trees... 0.012 second
Computing log-likelihood of 6 initial trees ... 0.001 seconds
Current best score: -1105.111

Do NNI search on 7 best initial trees
Optimizing NNI: done in 0.000613928 secs using 200.2% CPU
Optimizing NNI: done in 0.00128603 secs using 200.1% CPU
Optimizing NNI: done in 0.00127506 secs using 199% CPU
Optimizing NNI: done in 0.00127101 secs using 199.6% CPU
Optimizing NNI: done in 0.00125813 secs using 199.7% CPU
Optimizing NNI: done in 0.00127888 secs using 199.9% CPU
Optimizing NNI: done in 0.00129318 secs using 200% CPU
Finish initializing candidate tree set (7)
Current best tree score: -1105.111 / CPU time: 0.025
Number of iterations: 7
--------------------------------------------------------------------
|               OPTIMIZING CANDIDATE TREE SET                      |
--------------------------------------------------------------------
Optimizing NNI: done in 0.00183892 secs using 199.8% CPU
UPDATE BEST LOG-LIKELIHOOD: -1105.111
Optimizing NNI: done in 0.00116706 secs using 199.7% CPU
Optimizing NNI: done in 0.0017941 secs using 200% CPU
Iteration 10 / LogL: -1105.111 / Time: 0h:0m:0s
Optimizing NNI: done in 0.00115013 secs using 199.9% CPU
Optimizing NNI: done in 0.00117707 secs using 200.1% CPU
Optimizing NNI: done in 0.00116992 secs using 195.7% CPU
Optimizing NNI: done in 0.00178409 secs using 198.6% CPU
Optimizing NNI: done in 0.00179291 secs using 198.7% CPU
Optimizing NNI: done in 0.00115108 secs using 200% CPU
Optimizing NNI: done in 0.00177598 secs using 199.2% CPU
Optimizing NNI: done in 0.00114202 secs using 199.9% CPU
Optimizing NNI: done in 0.00178003 secs using 200% CPU
Optimizing NNI: done in 0.00178504 secs using 199.9% CPU
Iteration 20 / LogL: -1105.111 / Time: 0h:0m:0s
Optimizing NNI: done in 0.00181413 secs using 199.3% CPU
Optimizing NNI: done in 0.00180984 secs using 200.1% CPU
Optimizing NNI: done in 0.00180101 secs using 199.9% CPU
Optimizing NNI: done in 0.00114894 secs using 200% CPU
Optimizing NNI: done in 0.00121307 secs using 200% CPU
UPDATE BEST LOG-LIKELIHOOD: -1105.111
Optimizing NNI: done in 0.00178194 secs using 199.7% CPU
Optimizing NNI: done in 0.00112295 secs using 200.1% CPU
Optimizing NNI: done in 0.00115681 secs using 199.9% CPU
Optimizing NNI: done in 0.00112295 secs using 200.2% CPU
Optimizing NNI: done in 0.00119996 secs using 200% CPU
Iteration 30 / LogL: -1105.111 / Time: 0h:0m:0s (0h:0m:0s left)
Optimizing NNI: done in 0.00181794 secs using 200% CPU
Optimizing NNI: done in 0.00114989 secs using 200.1% CPU
Optimizing NNI: done in 0.001724 secs using 200% CPU
Optimizing NNI: done in 0.00116801 secs using 200.2% CPU
Optimizing NNI: done in 0.00180697 secs using 200.1% CPU
Optimizing NNI: done in 0.00112605 secs using 199.8% CPU
Optimizing NNI: done in 0.00180912 secs using 199.9% CPU
Optimizing NNI: done in 0.00180793 secs using 199.8% CPU
Optimizing NNI: done in 0.00116801 secs using 199.8% CPU
Optimizing NNI: done in 0.00178099 secs using 199.9% CPU
Iteration 40 / LogL: -1105.111 / Time: 0h:0m:0s (0h:0m:0s left)
Optimizing NNI: done in 0.00180888 secs using 200% CPU
Optimizing NNI: done in 0.000535965 secs using 199.8% CPU
Optimizing NNI: done in 0.00117993 secs using 199.8% CPU
Optimizing NNI: done in 0.000530958 secs using 200% CPU
Optimizing NNI: done in 0.00123596 secs using 199.8% CPU
Optimizing NNI: done in 0.00052309 secs using 199.8% CPU
Optimizing NNI: done in 0.001127 secs using 200% CPU
Optimizing NNI: done in 0.00116801 secs using 199.8% CPU
Optimizing NNI: done in 0.00176883 secs using 137.8% CPU
Optimizing NNI: done in 0.00179696 secs using 99.84% CPU
Iteration 50 / LogL: -1105.111 / Time: 0h:0m:0s (0h:0m:0s left)
Log-likelihood cutoff on original alignment: -1120.966
Optimizing NNI: done in 0.000546932 secs using 100% CPU
Optimizing NNI: done in 0.00116491 secs using 100% CPU
Optimizing NNI: done in 0.00114012 secs using 99.99% CPU
Optimizing NNI: done in 0.00114012 secs using 99.99% CPU
Optimizing NNI: done in 0.00181007 secs using 99.77% CPU
Optimizing NNI: done in 0.00120115 secs using 99.99% CPU
Optimizing NNI: done in 0.00174093 secs using 99.83% CPU
Optimizing NNI: done in 0.0017612 secs using 99.99% CPU
Optimizing NNI: done in 0.000518799 secs using 100% CPU
Optimizing NNI: done in 0.00182199 secs using 99.78% CPU
Iteration 60 / LogL: -1105.111 / Time: 0h:0m:0s (0h:0m:0s left)
Optimizing NNI: done in 0.0017221 secs using 99.94% CPU
Optimizing NNI: done in 0.00181699 secs using 100% CPU
Optimizing NNI: done in 0.00115299 secs using 99.91% CPU
Optimizing NNI: done in 0.00178099 secs using 100% CPU
Optimizing NNI: done in 0.00175595 secs using 100.1% CPU
Optimizing NNI: done in 0.00179195 secs using 100% CPU
Optimizing NNI: done in 0.00118279 secs using 99.76% CPU
Optimizing NNI: done in 0.00113392 secs using 100.1% CPU
Optimizing NNI: done in 0.00180912 secs using 99.83% CPU
Optimizing NNI: done in 0.00113392 secs using 99.92% CPU
Iteration 70 / LogL: -1105.111 / Time: 0h:0m:0s (0h:0m:0s left)
Optimizing NNI: done in 0.00114703 secs using 99.74% CPU
Optimizing NNI: done in 0.00115895 secs using 100% CPU
Optimizing NNI: done in 0.00115108 secs using 99.91% CPU
Optimizing NNI: done in 0.00117207 secs using 99.74% CPU
Optimizing NNI: done in 0.00114703 secs using 100.1% CPU
Optimizing NNI: done in 0.00112891 secs using 99.74% CPU
Optimizing NNI: done in 0.0011611 secs using 99.91% CPU
Optimizing NNI: done in 0.00180006 secs using 100% CPU
Optimizing NNI: done in 0.000524044 secs using 99.61% CPU
Optimizing NNI: done in 0.00174093 secs using 100% CPU
Iteration 80 / LogL: -1105.111 / Time: 0h:0m:0s (0h:0m:0s left)
Optimizing NNI: done in 0.00118518 secs using 99.65% CPU
Optimizing NNI: done in 0.00179696 secs using 100% CPU
Optimizing NNI: done in 0.00114107 secs using 99.99% CPU
Optimizing NNI: done in 0.00180292 secs using 99.89% CPU
Optimizing NNI: done in 0.0011611 secs using 99.99% CPU
Optimizing NNI: done in 0.00175595 secs using 100% CPU
Optimizing NNI: done in 0.00111008 secs using 99.99% CPU
Optimizing NNI: done in 0.00177193 secs using 100% CPU
Optimizing NNI: done in 0.000530005 secs using 99.81% CPU
Optimizing NNI: done in 0.0011158 secs using 100.1% CPU
Iteration 90 / LogL: -1105.111 / Time: 0h:0m:0s (0h:0m:0s left)
Optimizing NNI: done in 0.00110888 secs using 100% CPU
Optimizing NNI: done in 0.00176907 secs using 100% CPU
Optimizing NNI: done in 0.00176907 secs using 100% CPU
Optimizing NNI: done in 0.00118113 secs using 99.99% CPU
Optimizing NNI: done in 0.00120616 secs using 99.99% CPU
Optimizing NNI: done in 0.00114298 secs using 99.91% CPU
Optimizing NNI: done in 0.00112605 secs using 100% CPU
Optimizing NNI: done in 0.000537157 secs using 100.2% CPU
Optimizing NNI: done in 0.00184608 secs using 100% CPU
Optimizing NNI: done in 0.00114799 secs using 100% CPU
Iteration 100 / LogL: -1105.111 / Time: 0h:0m:0s (0h:0m:0s left)
Log-likelihood cutoff on original alignment: -1121.518
NOTE: Bootstrap correlation coefficient of split occurrence frequencies: 1.000
Optimizing NNI: done in 0.00114107 secs using 99.91% CPU
TREE SEARCH COMPLETED AFTER 101 ITERATIONS / Time: 0h:0m:0s

--------------------------------------------------------------------
|                    FINALIZING TREE SEARCH                        |
--------------------------------------------------------------------
Performs final model parameters optimization
Estimate model parameters (epsilon = 0.010)
1. Initial log-likelihood: -1105.111
Optimal log-likelihood: -1105.111
Parameters optimization took 1 rounds (0.000 sec)
BEST SCORE FOUND : -1105.111

Testing tree branches by SH-like aLRT with 1000 replicates...
0.019 sec.
Creating bootstrap support values...
Split supports printed to NEXUS file ../results/molecular_evolution_analyses/phylogenetic_trees/F72403_SMAR_G2/F72403_SMAR_G2.splits.nex
Total tree length: 0.114

Total number of iterations: 101
CPU time used for tree search: 0.621 sec (0h:0m:0s)
Wall-clock time used for tree search: 0.429 sec (0h:0m:0s)
Total CPU time used: 0.661 sec (0h:0m:0s)
Total wall-clock time used: 0.472 sec (0h:0m:0s)

Computing bootstrap consensus tree...
Reading input file ../results/molecular_evolution_analyses/phylogenetic_trees/F72403_SMAR_G2/F72403_SMAR_G2.splits.nex...
6 taxa and 17 splits.
Consensus tree written to ../results/molecular_evolution_analyses/phylogenetic_trees/F72403_SMAR_G2/F72403_SMAR_G2.contree
Reading input trees file ../results/molecular_evolution_analyses/phylogenetic_trees/F72403_SMAR_G2/F72403_SMAR_G2.contree
Log-likelihood of consensus tree: -1105.112

Analysis results written to: 
  IQ-TREE report:                ../results/molecular_evolution_analyses/phylogenetic_trees/F72403_SMAR_G2/F72403_SMAR_G2.iqtree
  Maximum-likelihood tree:       ../results/molecular_evolution_analyses/phylogenetic_trees/F72403_SMAR_G2/F72403_SMAR_G2.treefile
  Likelihood distances:          ../results/molecular_evolution_analyses/phylogenetic_trees/F72403_SMAR_G2/F72403_SMAR_G2.mldist

Ultrafast bootstrap approximation results written to:
  Split support values:          ../results/molecular_evolution_analyses/phylogenetic_trees/F72403_SMAR_G2/F72403_SMAR_G2.splits.nex
  Consensus tree:                ../results/molecular_evolution_analyses/phylogenetic_trees/F72403_SMAR_G2/F72403_SMAR_G2.contree
  Screen log file:               ../results/molecular_evolution_analyses/phylogenetic_trees/F72403_SMAR_G2/F72403_SMAR_G2.log

Date and Time: Wed May  1 12:29:54 2024
