IQ-TREE multicore version 2.2.2.6 COVID-edition for Linux 64-bit built May 27 2023
Developed by Bui Quang Minh, James Barbetti, Nguyen Lam Tung,
Olga Chernomor, Heiko Schmidt, Dominik Schrempf, Michael Woodhams, Ly Trong Nhan.

Host:    lbc5 (AVX2, FMA3, 125 GB RAM)
Command: /home/mauricio/mauricio_PROGRAMAS/iqtree-2.2.2.6-Linux/bin/iqtree2 -s ../results/molecular_evolution_analyses/alignments_gblocks/F3714_ECAN_G1/F3714_ECAN_G1.aln.gblo -m TEST --threads-max 32 --alrt 1000 --ufboot 1000 --prefix ../results/molecular_evolution_analyses/phylogenetic_trees/F3714_ECAN_G1/F3714_ECAN_G1 -keep-ident -redo
Seed:    724716 (Using SPRNG - Scalable Parallel Random Number Generator)
Time:    Wed May  1 12:40:11 2024
Kernel:  AVX+FMA - 1 threads (32 CPU cores detected)

HINT: Use -nt option to specify number of threads because your CPU has 32 cores!
HINT: -nt AUTO will automatically determine the best number of threads to use.

Reading alignment file ../results/molecular_evolution_analyses/alignments_gblocks/F3714_ECAN_G1/F3714_ECAN_G1.aln.gblo ... Fasta format detected
Reading fasta file: done in 4.00543e-05 secs using 99.86% CPU
Alignment most likely contains protein sequences
Constructing alignment: done in 7.20024e-05 secs using 98.61% CPU
Alignment has 6 sequences with 59 columns, 18 distinct patterns
0 parsimony-informative, 1 singleton sites, 58 constant sites
            Gap/Ambiguity  Composition  p-value
Analyzing sequences: done in 7.15256e-06 secs using 83.89% CPU
   1  Ecan.10315    0.00%    passed    100.00%
   2  Ecan.10487    0.00%    passed    100.00%
   3  Ecan.11047    0.00%    passed    100.00%
   4  Ecan.11309    0.00%    passed    100.00%
   5  Ecan.11153    0.00%    passed    100.00%
   6  Ecan.11380    0.00%    passed    100.00%
****  TOTAL         0.00%  0 sequences failed composition chi2 test (p-value<5%; df=16)


Create initial parsimony tree by phylogenetic likelihood library (PLL)... 0.000 seconds
Perform fast likelihood tree search using LG+I+G model...
Estimate model parameters (epsilon = 5.000)
Perform nearest neighbor interchange...
Optimizing NNI: done in 0.000902891 secs using 99.9% CPU
Estimate model parameters (epsilon = 1.000)
1. Initial log-likelihood: -184.714
Optimal log-likelihood: -184.714
Proportion of invariable sites: 0.491
Gamma shape alpha: 998.448
Parameters optimization took 1 rounds (0.001 sec)
Time for fast ML tree search: 0.006 seconds

NOTE: ModelFinder requires 0 MB RAM!
ModelFinder will test up to 224 protein models (sample size: 59) ...
 No. Model         -LnL         df  AIC          AICc         BIC
  1  LG            184.706      9   387.412      391.085      406.110
  2  LG+I          184.706      10  389.412      393.995      410.187
  3  LG+G4         184.706      10  389.412      393.995      410.187
  4  LG+I+G4       184.714      11  391.428      397.045      414.281
  5  LG+F          158.434      28  372.868      427.002      431.040
  6  LG+F+I        158.434      29  374.868      434.868      435.117
  7  LG+F+G4       158.434      29  374.868      434.868      435.117
  8  LG+F+I+G4     158.443      30  376.885      443.314      439.211
  9  WAG           182.999      9   383.999      387.672      402.697
 10  WAG+I         182.999      10  385.999      390.582      406.774
 11  WAG+G4        182.999      10  385.999      390.582      406.774
 12  WAG+I+G4      183.004      11  388.007      393.624      410.860
 13  WAG+F         158.663      28  373.327      427.460      431.498
 14  WAG+F+I       158.663      29  375.327      435.327      435.575
 15  WAG+F+G4      158.663      29  375.327      435.327      435.575
 16  WAG+F+I+G4    158.668      30  377.337      443.765      439.663
 17  JTT           181.699      9   381.397      385.071      400.095
 18  JTT+I         181.699      10  383.397      387.981      404.173
 19  JTT+G4        181.699      10  383.397      387.981      404.173
 20  JTT+I+G4      181.704      11  385.409      391.026      408.262
 21  JTT+F         158.413      28  372.826      426.959      430.997
 22  JTT+F+I       158.413      29  374.826      434.826      435.074
 23  JTT+F+G4      158.413      29  374.826      434.826      435.074
 24  JTT+F+I+G4    158.417      30  376.835      443.263      439.161
WARNING: Normalizing state frequencies so that sum of them equals to 1
 25  Q.pfam        182.919      9   383.838      387.511      402.536
WARNING: Normalizing state frequencies so that sum of them equals to 1
 26  Q.pfam+I      182.919      10  385.838      390.421      406.613
WARNING: Normalizing state frequencies so that sum of them equals to 1
 27  Q.pfam+G4     182.919      10  385.838      390.421      406.613
WARNING: Normalizing state frequencies so that sum of them equals to 1
 28  Q.pfam+I+G4   182.929      11  387.857      393.474      410.710
WARNING: Normalizing state frequencies so that sum of them equals to 1
 29  Q.pfam+F      158.353      28  372.707      426.840      430.878
WARNING: Normalizing state frequencies so that sum of them equals to 1
 30  Q.pfam+F+I    158.353      29  374.707      434.707      434.956
WARNING: Normalizing state frequencies so that sum of them equals to 1
 31  Q.pfam+F+G4   158.353      29  374.707      434.707      434.956
WARNING: Normalizing state frequencies so that sum of them equals to 1
 32  Q.pfam+F+I+G4 158.363      30  376.725      443.154      439.051
WARNING: Normalizing state frequencies so that sum of them equals to 1
 33  Q.bird        179.446      9   376.891      380.565      395.589
WARNING: Normalizing state frequencies so that sum of them equals to 1
 34  Q.bird+I      179.446      10  378.891      383.475      399.667
WARNING: Normalizing state frequencies so that sum of them equals to 1
 35  Q.bird+G4     179.446      10  378.891      383.475      399.667
WARNING: Normalizing state frequencies so that sum of them equals to 1
 36  Q.bird+I+G4   179.460      11  380.920      386.537      403.773
WARNING: Normalizing state frequencies so that sum of them equals to 1
 37  Q.bird+F      157.334      28  370.668      424.802      428.839
WARNING: Normalizing state frequencies so that sum of them equals to 1
 38  Q.bird+F+I    157.334      29  372.668      432.668      432.917
WARNING: Normalizing state frequencies so that sum of them equals to 1
 39  Q.bird+F+G4   157.334      29  372.668      432.668      432.917
WARNING: Normalizing state frequencies so that sum of them equals to 1
 40  Q.bird+F+I+G4 157.340      30  374.681      441.109      437.007
WARNING: Normalizing state frequencies so that sum of them equals to 1
 41  Q.mammal      179.179      9   376.358      380.031      395.056
WARNING: Normalizing state frequencies so that sum of them equals to 1
 42  Q.mammal+I    179.179      10  378.358      382.941      399.133
WARNING: Normalizing state frequencies so that sum of them equals to 1
 43  Q.mammal+G4   179.179      10  378.358      382.941      399.133
WARNING: Normalizing state frequencies so that sum of them equals to 1
 44  Q.mammal+I+G4 179.192      11  380.384      386.001      403.237
WARNING: Normalizing state frequencies so that sum of them equals to 1
 45  Q.mammal+F    157.638      28  371.277      425.410      429.448
WARNING: Normalizing state frequencies so that sum of them equals to 1
 46  Q.mammal+F+I  157.638      29  373.277      433.277      433.525
WARNING: Normalizing state frequencies so that sum of them equals to 1
 47  Q.mammal+F+G4 157.638      29  373.277      433.277      433.525
WARNING: Normalizing state frequencies so that sum of them equals to 1
 48  Q.mammal+F+I+G4 157.644      30  375.289      441.717      437.615
 49  Q.insect      187.241      9   392.481      396.155      411.179
 50  Q.insect+I    187.241      10  394.481      399.065      415.257
 51  Q.insect+G4   187.241      10  394.481      399.065      415.257
 52  Q.insect+I+G4 187.250      11  396.501      402.118      419.354
 53  Q.insect+F    158.311      28  372.622      426.755      430.793
 54  Q.insect+F+I  158.311      29  374.622      434.622      434.871
 55  Q.insect+F+G4 158.311      29  374.622      434.622      434.871
 56  Q.insect+F+I+G4 158.318      30  376.637      443.066      438.963
WARNING: Normalizing state frequencies so that sum of them equals to 1
 57  Q.plant       183.262      9   384.524      388.198      403.222
WARNING: Normalizing state frequencies so that sum of them equals to 1
 58  Q.plant+I     183.262      10  386.524      391.108      407.300
WARNING: Normalizing state frequencies so that sum of them equals to 1
 59  Q.plant+G4    183.262      10  386.524      391.108      407.300
WARNING: Normalizing state frequencies so that sum of them equals to 1
 60  Q.plant+I+G4  183.274      11  388.548      394.165      411.401
WARNING: Normalizing state frequencies so that sum of them equals to 1
 61  Q.plant+F     157.806      28  371.611      425.745      429.782
WARNING: Normalizing state frequencies so that sum of them equals to 1
 62  Q.plant+F+I   157.806      29  373.611      433.611      433.860
WARNING: Normalizing state frequencies so that sum of them equals to 1
 63  Q.plant+F+G4  157.806      29  373.611      433.611      433.860
WARNING: Normalizing state frequencies so that sum of them equals to 1
 64  Q.plant+F+I+G4 157.813      30  375.627      442.055      437.953
WARNING: Normalizing state frequencies so that sum of them equals to 1
 65  Q.yeast       187.382      9   392.763      396.437      411.461
WARNING: Normalizing state frequencies so that sum of them equals to 1
 66  Q.yeast+I     187.382      10  394.763      399.346      415.538
WARNING: Normalizing state frequencies so that sum of them equals to 1
 67  Q.yeast+G4    187.382      10  394.763      399.346      415.538
WARNING: Normalizing state frequencies so that sum of them equals to 1
 68  Q.yeast+I+G4  187.390      11  396.780      402.397      419.633
WARNING: Normalizing state frequencies so that sum of them equals to 1
 69  Q.yeast+F     158.461      28  372.923      427.056      431.094
WARNING: Normalizing state frequencies so that sum of them equals to 1
 70  Q.yeast+F+I   158.461      29  374.923      434.923      435.171
WARNING: Normalizing state frequencies so that sum of them equals to 1
 71  Q.yeast+F+G4  158.461      29  374.923      434.923      435.171
WARNING: Normalizing state frequencies so that sum of them equals to 1
 72  Q.yeast+F+I+G4 158.468      30  376.937      443.365      439.263
 73  JTTDCMut      181.859      9   381.717      385.391      400.415
 74  JTTDCMut+I    181.859      10  383.717      388.300      404.492
 75  JTTDCMut+G4   181.859      10  383.717      388.300      404.492
 76  JTTDCMut+I+G4 181.864      11  385.727      391.344      408.580
 77  JTTDCMut+F    158.470      28  372.940      427.073      431.111
 78  JTTDCMut+F+I  158.470      29  374.940      434.940      435.189
 79  JTTDCMut+F+G4 158.470      29  374.940      434.940      435.189
 80  JTTDCMut+F+I+G4 158.475      30  376.949      443.378      439.275
 81  DCMut         183.840      9   385.679      389.353      404.377
 82  DCMut+I       183.821      10  387.642      392.225      408.417
 83  DCMut+G4      183.835      10  387.669      392.253      408.445
 84  DCMut+I+G4    183.828      11  389.657      395.274      412.510
 85  DCMut+F       159.130      28  374.261      428.394      432.432
 86  DCMut+F+I     159.130      29  376.261      436.261      436.510
 87  DCMut+F+G4    159.130      29  376.261      436.261      436.510
 88  DCMut+F+I+G4  159.130      30  378.261      444.690      440.587
 89  VT            183.054      9   384.108      387.781      402.806
 90  VT+I          183.054      10  386.108      390.691      406.883
 91  VT+G4         183.054      10  386.108      390.691      406.883
 92  VT+I+G4       183.059      11  388.118      393.735      410.971
 93  VT+F          158.618      28  373.236      427.369      431.407
 94  VT+F+I        158.618      29  375.236      435.236      435.485
 95  VT+F+G4       158.618      29  375.236      435.236      435.485
 96  VT+F+I+G4     158.623      30  377.247      443.675      439.573
 97  PMB           181.638      9   381.276      384.949      399.974
 98  PMB+I         181.638      10  383.276      387.859      404.051
 99  PMB+G4        181.638      10  383.276      387.859      404.051
100  PMB+I+G4      181.642      11  385.284      390.901      408.137
101  PMB+F         158.713      28  373.425      427.559      431.596
102  PMB+F+I       158.713      29  375.425      435.425      435.674
103  PMB+F+G4      158.713      29  375.425      435.425      435.674
104  PMB+F+I+G4    158.717      30  377.435      443.863      439.761
105  Blosum62      184.455      9   386.910      390.583      405.608
106  Blosum62+I    184.455      10  388.910      393.493      409.685
107  Blosum62+G4   184.455      10  388.910      393.493      409.685
108  Blosum62+I+G4 184.458      11  390.915      396.532      413.768
109  Blosum62+F    158.815      28  373.630      427.763      431.801
110  Blosum62+F+I  158.815      29  375.630      435.630      435.878
111  Blosum62+F+G4 158.815      29  375.630      435.630      435.878
112  Blosum62+F+I+G4 158.819      30  377.637      444.066      439.963
113  Dayhoff       183.837      9   385.675      389.348      404.372
114  Dayhoff+I     183.819      10  387.638      392.221      408.413
115  Dayhoff+G4    183.832      10  387.665      392.248      408.440
116  Dayhoff+I+G4  183.826      11  389.652      395.269      412.505
117  Dayhoff+F     159.128      28  374.256      428.389      432.427
118  Dayhoff+F+I   159.128      29  376.256      436.256      436.504
119  Dayhoff+F+G4  159.128      29  376.256      436.256      436.504
120  Dayhoff+F+I+G4 159.128      30  378.256      444.684      440.582
121  mtREV         186.742      9   391.483      395.157      410.181
122  mtREV+I       186.742      10  393.483      398.067      414.259
123  mtREV+G4      186.742      10  393.483      398.067      414.259
124  mtREV+I+G4    186.760      11  395.520      401.137      418.373
125  mtREV+F       157.362      28  370.724      424.857      428.895
126  mtREV+F+I     157.362      29  372.724      432.724      432.973
127  mtREV+F+G4    157.362      29  372.724      432.724      432.973
128  mtREV+F+I+G4  157.374      30  374.748      441.177      437.074
129  mtART         186.886      9   391.772      395.445      410.470
130  mtART+I       186.886      10  393.772      398.355      414.547
131  mtART+G4      186.886      10  393.772      398.355      414.547
132  mtART+I+G4    186.901      11  395.802      401.419      418.655
133  mtART+F       157.837      28  371.674      425.807      429.845
134  mtART+F+I     157.837      29  373.674      433.674      433.923
135  mtART+F+G4    157.837      29  373.674      433.674      433.923
136  mtART+F+I+G4  157.848      30  375.696      442.124      438.022
137  mtZOA         185.774      9   389.547      393.221      408.245
138  mtZOA+I       185.774      10  391.547      396.131      412.323
139  mtZOA+G4      185.774      10  391.547      396.131      412.323
140  mtZOA+I+G4    185.788      11  393.575      399.192      416.428
141  mtZOA+F       157.837      28  371.674      425.808      429.846
142  mtZOA+F+I     157.837      29  373.674      433.674      433.923
143  mtZOA+F+G4    157.837      29  373.675      433.675      433.923
144  mtZOA+F+I+G4  157.846      30  375.692      442.120      438.018
145  mtMet         191.777      9   401.554      405.227      420.252
146  mtMet+I       191.777      10  403.554      408.137      424.329
147  mtMet+G4      191.777      10  403.554      408.137      424.329
148  mtMet+I+G4    191.794      11  405.588      411.205      428.441
149  mtMet+F       157.561      28  371.123      425.256      429.294
150  mtMet+F+I     157.561      29  373.123      433.123      433.371
151  mtMet+F+G4    157.561      29  373.123      433.123      433.371
152  mtMet+F+I+G4  157.570      30  375.141      441.569      437.467
153  mtVer         191.477      9   400.954      404.628      419.652
154  mtVer+I       191.477      10  402.954      407.538      423.730
155  mtVer+G4      191.477      10  402.954      407.538      423.730
156  mtVer+I+G4    191.495      11  404.989      410.606      427.842
157  mtVer+F       157.476      28  370.953      425.086      429.124
158  mtVer+F+I     157.476      29  372.953      432.953      433.201
159  mtVer+F+G4    157.476      29  372.953      432.953      433.201
160  mtVer+F+I+G4  157.482      30  374.963      441.392      437.289
161  mtInv         196.757      9   411.515      415.188      430.212
162  mtInv+I       196.757      10  413.515      418.098      434.290
163  mtInv+G4      196.757      10  413.515      418.098      434.290
164  mtInv+I+G4    196.771      11  415.542      421.159      438.395
165  mtInv+F       157.919      28  371.838      425.972      430.009
166  mtInv+F+I     157.919      29  373.838      433.838      434.087
167  mtInv+F+G4    157.919      29  373.838      433.838      434.087
168  mtInv+F+I+G4  157.927      30  375.853      442.282      438.179
169  mtMAM         186.618      9   391.236      394.910      409.934
170  mtMAM+I       186.618      10  393.236      397.819      414.011
171  mtMAM+G4      186.618      10  393.236      397.819      414.012
172  mtMAM+I+G4    186.642      11  395.283      400.900      418.136
173  mtMAM+F       157.067      28  370.133      424.267      428.305
174  mtMAM+F+I     157.067      29  372.133      432.133      432.382
175  mtMAM+F+G4    157.067      29  372.134      432.134      432.382
176  mtMAM+F+I+G4  157.079      30  374.158      440.586      436.484
WARNING: Normalizing state frequencies so that sum of them equals to 1
177  FLAVI         184.418      9   386.837      390.510      405.534
WARNING: Normalizing state frequencies so that sum of them equals to 1
178  FLAVI+I       184.377      10  388.754      393.338      409.530
WARNING: Normalizing state frequencies so that sum of them equals to 1
179  FLAVI+G4      184.407      10  388.813      393.397      409.589
WARNING: Normalizing state frequencies so that sum of them equals to 1
180  FLAVI+I+G4    184.394      11  390.787      396.404      413.640
WARNING: Normalizing state frequencies so that sum of them equals to 1
181  FLAVI+F       158.420      28  372.841      426.974      431.012
WARNING: Normalizing state frequencies so that sum of them equals to 1
182  FLAVI+F+I     158.415      29  374.830      434.830      435.079
WARNING: Normalizing state frequencies so that sum of them equals to 1
183  FLAVI+F+G4    158.417      29  374.834      434.834      435.083
WARNING: Normalizing state frequencies so that sum of them equals to 1
184  FLAVI+F+I+G4  158.415      30  376.830      443.259      439.156
185  HIVb          185.101      9   388.202      391.876      406.900
186  HIVb+I        185.101      10  390.202      394.785      410.977
187  HIVb+G4       185.101      10  390.202      394.785      410.977
188  HIVb+I+G4     185.106      11  392.213      397.830      415.066
189  HIVb+F        158.342      28  372.684      426.818      430.855
190  HIVb+F+I      158.342      29  374.684      434.684      434.933
191  HIVb+F+G4     158.342      29  374.684      434.684      434.933
192  HIVb+F+I+G4   158.346      30  376.692      443.121      439.018
193  HIVw          187.205      9   392.410      396.084      411.108
194  HIVw+I        187.205      10  394.410      398.994      415.186
195  HIVw+G4       187.205      10  394.410      398.994      415.186
196  HIVw+I+G4     187.206      11  396.413      402.030      419.266
197  HIVw+F        158.505      28  373.010      427.143      431.181
198  HIVw+F+I      158.492      29  374.984      434.984      435.233
199  HIVw+F+G4     158.500      29  375.001      435.001      435.249
200  HIVw+F+I+G4   158.495      30  376.990      443.419      439.316
201  FLU           181.286      9   380.573      384.246      399.271
202  FLU+I         181.286      10  382.573      387.156      403.348
203  FLU+G4        181.286      10  382.573      387.156      403.348
204  FLU+I+G4      181.291      11  384.582      390.199      407.435
205  FLU+F         158.223      28  372.446      426.579      430.617
206  FLU+F+I       158.223      29  374.446      434.446      434.694
207  FLU+F+G4      158.223      29  374.446      434.446      434.694
208  FLU+F+I+G4    158.230      30  376.460      442.888      438.786
209  rtREV         187.650      9   393.300      396.974      411.998
210  rtREV+I       187.650      10  395.300      399.884      416.076
211  rtREV+G4      187.650      10  395.300      399.884      416.076
212  rtREV+I+G4    187.655      11  397.310      402.927      420.163
213  rtREV+F       158.848      28  373.697      427.830      431.868
214  rtREV+F+I     158.848      29  375.697      435.697      435.945
215  rtREV+F+G4    158.848      29  375.697      435.697      435.945
216  rtREV+F+I+G4  158.857      30  377.714      444.143      440.040
217  cpREV         182.971      9   383.942      387.615      402.640
218  cpREV+I       182.971      10  385.942      390.525      406.717
219  cpREV+G4      182.971      10  385.942      390.525      406.717
220  cpREV+I+G4    182.971      11  387.942      393.559      410.795
221  cpREV+F       158.834      28  373.668      427.802      431.840
222  cpREV+F+I     158.834      29  375.668      435.668      435.917
223  cpREV+F+G4    158.834      29  375.668      435.668      435.917
224  cpREV+F+I+G4  158.836      30  377.672      444.100      439.998
Akaike Information Criterion:           mtMAM+F
Corrected Akaike Information Criterion: Q.mammal
Bayesian Information Criterion:         Q.mammal
Best-fit model: Q.mammal chosen according to BIC

All model information printed to ../results/molecular_evolution_analyses/phylogenetic_trees/F3714_ECAN_G1/F3714_ECAN_G1.model.gz
CPU time for ModelFinder: 0.357 seconds (0h:0m:0s)
Wall-clock time for ModelFinder: 0.357 seconds (0h:0m:0s)
NOTE: State(s) I, K, V not present in alignment and thus removed from Markov process to prevent numerical problems
NOTE: 3 states (see above) are not present and thus removed from Markov process to prevent numerical problems
Generating 1000 samples for ultrafast bootstrap (seed: 724716)...
WARNING: Normalizing state frequencies so that sum of them equals to 1

NOTE: 0 MB RAM (0 GB) is required!
Estimate model parameters (epsilon = 0.100)
1. Initial log-likelihood: -179.179
Optimal log-likelihood: -179.179
Parameters optimization took 1 rounds (0.000 sec)
Wrote distance file to... 
Computing ML distances based on estimated model parameters...
Calculating distance matrix: done in 0.000562191 secs using 99.97% CPU
Computing ML distances took 0.000580 sec (of wall-clock time) 0.000581 sec (of CPU time)
Setting up auxiliary I and S matrices: done in 3.00407e-05 secs using 96.54% CPU
Constructing RapidNJ tree: done in 2.31266e-05 secs using 203.2% CPU
Computing RapidNJ tree took 0.000097 sec (of wall-clock time) 0.000279 sec (of CPU time)
Log-likelihood of RapidNJ tree: -179.179
--------------------------------------------------------------------
|             INITIALIZING CANDIDATE TREE SET                      |
--------------------------------------------------------------------
Generating 98 parsimony trees... 0.009 second
Computing log-likelihood of 57 initial trees ... 0.006 seconds
Current best score: -179.179

Do NNI search on 20 best initial trees
Optimizing NNI: done in 0.000427961 secs using 200.5% CPU
Estimate model parameters (epsilon = 0.100)
BETTER TREE FOUND at iteration 1: -179.179
Optimizing NNI: done in 0.000375032 secs using 200% CPU
Optimizing NNI: done in 0.000370026 secs using 200% CPU
Optimizing NNI: done in 0.000349998 secs using 200.3% CPU
Optimizing NNI: done in 0.000359058 secs using 200% CPU
Optimizing NNI: done in 0.000359058 secs using 200% CPU
Optimizing NNI: done in 0.000355005 secs using 199.4% CPU
Optimizing NNI: done in 0.000355005 secs using 199.4% CPU
Optimizing NNI: done in 0.000338078 secs using 200.2% CPU
Optimizing NNI: done in 0.000357866 secs using 199.2% CPU
Iteration 10 / LogL: -179.179 / Time: 0h:0m:0s
Optimizing NNI: done in 0.000354052 secs using 200.5% CPU
Optimizing NNI: done in 0.000339031 secs using 200% CPU
Optimizing NNI: done in 0.000335932 secs using 200.3% CPU
Optimizing NNI: done in 0.000339031 secs using 200% CPU
Optimizing NNI: done in 0.000349998 secs using 200% CPU
Optimizing NNI: done in 0.000350952 secs using 200.6% CPU
Optimizing NNI: done in 0.000349998 secs using 200% CPU
Optimizing NNI: done in 0.000349998 secs using 200% CPU
Optimizing NNI: done in 0.000350952 secs using 200% CPU
Optimizing NNI: done in 0.000357866 secs using 199.8% CPU
Iteration 20 / LogL: -179.179 / Time: 0h:0m:0s
Finish initializing candidate tree set (20)
Current best tree score: -179.179 / CPU time: 0.028
Number of iterations: 20
--------------------------------------------------------------------
|               OPTIMIZING CANDIDATE TREE SET                      |
--------------------------------------------------------------------
Optimizing NNI: done in 0.000355005 secs using 200% CPU
Optimizing NNI: done in 0.00033617 secs using 199.3% CPU
Optimizing NNI: done in 0.0003438 secs using 199.8% CPU
Optimizing NNI: done in 0.000328064 secs using 199.7% CPU
Optimizing NNI: done in 0.000342131 secs using 200.2% CPU
Optimizing NNI: done in 0.000326872 secs using 200.1% CPU
Optimizing NNI: done in 0.000341892 secs using 200.1% CPU
Optimizing NNI: done in 0.000345945 secs using 199.5% CPU
Optimizing NNI: done in 0.000356913 secs using 198.9% CPU
Optimizing NNI: done in 0.000350952 secs using 199.7% CPU
Iteration 30 / LogL: -179.179 / Time: 0h:0m:0s (0h:0m:0s left)
Optimizing NNI: done in 0.000349998 secs using 198.9% CPU
Optimizing NNI: done in 0.000334978 secs using 199.7% CPU
Optimizing NNI: done in 0.000345945 secs using 199.5% CPU
Optimizing NNI: done in 0.000341177 secs using 199.6% CPU
Optimizing NNI: done in 0.000406981 secs using 200% CPU
Optimizing NNI: done in 0.000340939 secs using 200.6% CPU
Optimizing NNI: done in 0.000337124 secs using 199.3% CPU
Optimizing NNI: done in 0.000340939 secs using 199.4% CPU
Optimizing NNI: done in 0.000334978 secs using 200% CPU
Optimizing NNI: done in 0.00033617 secs using 200.5% CPU
Iteration 40 / LogL: -179.179 / Time: 0h:0m:0s (0h:0m:0s left)
Optimizing NNI: done in 0.000338078 secs using 199.7% CPU
Optimizing NNI: done in 0.000338078 secs using 200% CPU
Optimizing NNI: done in 0.000339985 secs using 200% CPU
Optimizing NNI: done in 0.000344038 secs using 199.1% CPU
Optimizing NNI: done in 0.000345945 secs using 200.3% CPU
Optimizing NNI: done in 0.000347853 secs using 198.1% CPU
Optimizing NNI: done in 0.000340939 secs using 199.2% CPU
Optimizing NNI: done in 0.000329018 secs using 199.7% CPU
Optimizing NNI: done in 0.000340939 secs using 200.3% CPU
Optimizing NNI: done in 0.000343084 secs using 200% CPU
Iteration 50 / LogL: -179.179 / Time: 0h:0m:0s (0h:0m:0s left)
Log-likelihood cutoff on original alignment: -179.179
Optimizing NNI: done in 0.000346899 secs using 193.7% CPU
Optimizing NNI: done in 0.000349045 secs using 193.1% CPU
Optimizing NNI: done in 0.000334978 secs using 193.4% CPU
Optimizing NNI: done in 0.000337124 secs using 200.2% CPU
Optimizing NNI: done in 0.000326872 secs using 199.8% CPU
Optimizing NNI: done in 0.0003438 secs using 200.1% CPU
Optimizing NNI: done in 0.000345945 secs using 199.7% CPU
Optimizing NNI: done in 0.000412941 secs using 200.3% CPU
Optimizing NNI: done in 0.000411987 secs using 200.5% CPU
Optimizing NNI: done in 0.000334978 secs using 200% CPU
Iteration 60 / LogL: -179.179 / Time: 0h:0m:0s (0h:0m:0s left)
Optimizing NNI: done in 0.000339031 secs using 199.4% CPU
Optimizing NNI: done in 0.000343084 secs using 200% CPU
Optimizing NNI: done in 0.000334978 secs using 199.7% CPU
Optimizing NNI: done in 0.000337124 secs using 199.9% CPU
Optimizing NNI: done in 0.000341892 secs using 199.8% CPU
Optimizing NNI: done in 0.000341892 secs using 199.8% CPU
Optimizing NNI: done in 0.000347137 secs using 199.9% CPU
Optimizing NNI: done in 0.000340939 secs using 199.7% CPU
Optimizing NNI: done in 0.000340939 secs using 199.7% CPU
Optimizing NNI: done in 0.000335932 secs using 199.4% CPU
Iteration 70 / LogL: -179.179 / Time: 0h:0m:0s (0h:0m:0s left)
Optimizing NNI: done in 0.000334024 secs using 199.4% CPU
Optimizing NNI: done in 0.000322819 secs using 200.7% CPU
Optimizing NNI: done in 0.000336885 secs using 99.74% CPU
Optimizing NNI: done in 0.000335932 secs using 100% CPU
Optimizing NNI: done in 0.000335932 secs using 100% CPU
Optimizing NNI: done in 0.000338078 secs using 99.98% CPU
Optimizing NNI: done in 0.000337124 secs using 99.96% CPU
Optimizing NNI: done in 0.000336885 secs using 100% CPU
Optimizing NNI: done in 0.000339031 secs using 99.99% CPU
Optimizing NNI: done in 0.000339985 secs using 100% CPU
Iteration 80 / LogL: -179.179 / Time: 0h:0m:0s (0h:0m:0s left)
Optimizing NNI: done in 0.000356913 secs using 99.18% CPU
Optimizing NNI: done in 0.000340939 secs using 100% CPU
Optimizing NNI: done in 0.000322104 secs using 99.97% CPU
Optimizing NNI: done in 0.000343084 secs using 99.98% CPU
Optimizing NNI: done in 0.000343084 secs using 100.3% CPU
Optimizing NNI: done in 0.000338078 secs using 100.3% CPU
Optimizing NNI: done in 0.000329018 secs using 99.69% CPU
Optimizing NNI: done in 0.000325918 secs using 99.72% CPU
Optimizing NNI: done in 0.000338078 secs using 99.68% CPU
Optimizing NNI: done in 0.000324965 secs using 100.3% CPU
Iteration 90 / LogL: -179.179 / Time: 0h:0m:0s (0h:0m:0s left)
Optimizing NNI: done in 0.000340939 secs using 100% CPU
Optimizing NNI: done in 0.000337124 secs using 99.96% CPU
Optimizing NNI: done in 0.000339031 secs using 99.99% CPU
Optimizing NNI: done in 0.000342131 secs using 99.96% CPU
Optimizing NNI: done in 0.000341892 secs using 100% CPU
Optimizing NNI: done in 0.000339985 secs using 100% CPU
Optimizing NNI: done in 0.00033617 secs using 99.65% CPU
Optimizing NNI: done in 0.000319958 secs using 99.7% CPU
Optimizing NNI: done in 0.000335932 secs using 100% CPU
Optimizing NNI: done in 0.000344992 secs using 99.13% CPU
Iteration 100 / LogL: -179.179 / Time: 0h:0m:0s (0h:0m:0s left)
Log-likelihood cutoff on original alignment: -179.179
NOTE: Bootstrap correlation coefficient of split occurrence frequencies: 0.438
NOTE: UFBoot does not converge, continue at least 100 more iterations
Optimizing NNI: done in 0.000342131 secs using 99.96% CPU
Optimizing NNI: done in 0.000345945 secs using 100% CPU
Optimizing NNI: done in 0.000328064 secs using 99.98% CPU
Optimizing NNI: done in 0.000345945 secs using 100.3% CPU
Optimizing NNI: done in 0.000335932 secs using 100% CPU
Optimizing NNI: done in 0.000339031 secs using 100.3% CPU
Optimizing NNI: done in 0.000337839 secs using 99.75% CPU
Optimizing NNI: done in 0.000334024 secs using 99.99% CPU
Optimizing NNI: done in 0.000335932 secs using 100% CPU
Optimizing NNI: done in 0.000335932 secs using 100% CPU
Iteration 110 / LogL: -179.179 / Time: 0h:0m:0s (0h:0m:0s left)
Optimizing NNI: done in 0.000334978 secs using 100% CPU
Optimizing NNI: done in 0.000334978 secs using 100% CPU
Optimizing NNI: done in 0.000337124 secs using 99.96% CPU
Optimizing NNI: done in 0.000411034 secs using 99.99% CPU
BETTER TREE FOUND at iteration 114: -179.179
Optimizing NNI: done in 0.000347853 secs using 98.6% CPU
Optimizing NNI: done in 0.000324965 secs using 100.3% CPU
Optimizing NNI: done in 0.000342131 secs using 99.96% CPU
Optimizing NNI: done in 0.000339031 secs using 99.99% CPU
Optimizing NNI: done in 0.00033617 secs using 99.65% CPU
Optimizing NNI: done in 0.000338078 secs using 99.98% CPU
Iteration 120 / LogL: -179.179 / Time: 0h:0m:0s (0h:0m:0s left)
Optimizing NNI: done in 0.000337124 secs using 100.3% CPU
Optimizing NNI: done in 0.000334024 secs using 100.3% CPU
Optimizing NNI: done in 0.000335932 secs using 100% CPU
Optimizing NNI: done in 0.000322819 secs using 100.1% CPU
Optimizing NNI: done in 0.000335932 secs using 100% CPU
Optimizing NNI: done in 0.000334024 secs using 99.99% CPU
Optimizing NNI: done in 0.000336885 secs using 100% CPU
Optimizing NNI: done in 0.000339985 secs using 100% CPU
Optimizing NNI: done in 0.00033617 secs using 99.95% CPU
Optimizing NNI: done in 0.000344992 secs using 100% CPU
Iteration 130 / LogL: -179.179 / Time: 0h:0m:0s (0h:0m:0s left)
Optimizing NNI: done in 0.000337839 secs using 100.3% CPU
Optimizing NNI: done in 0.00032711 secs using 99.66% CPU
Optimizing NNI: done in 0.000322104 secs using 99.97% CPU
Optimizing NNI: done in 0.000332117 secs using 99.96% CPU
Optimizing NNI: done in 0.000349045 secs using 98.84% CPU
Optimizing NNI: done in 0.000336885 secs using 100% CPU
Optimizing NNI: done in 0.000332117 secs using 99.96% CPU
Optimizing NNI: done in 0.000331163 secs using 99.95% CPU
Optimizing NNI: done in 0.000336885 secs using 100.3% CPU
Optimizing NNI: done in 0.000407934 secs using 100% CPU
Iteration 140 / LogL: -179.179 / Time: 0h:0m:0s (0h:0m:0s left)
Optimizing NNI: done in 0.000406981 secs using 100% CPU
Optimizing NNI: done in 0.000338078 secs using 99.98% CPU
Optimizing NNI: done in 0.000337124 secs using 99.67% CPU
Optimizing NNI: done in 0.000332832 secs using 100.1% CPU
Optimizing NNI: done in 0.000321865 secs using 100% CPU
Optimizing NNI: done in 0.000336885 secs using 100% CPU
Optimizing NNI: done in 0.000325918 secs using 100% CPU
Optimizing NNI: done in 0.000339985 secs using 100.3% CPU
Optimizing NNI: done in 0.000324965 secs using 99.7% CPU
Optimizing NNI: done in 0.000411034 secs using 99.99% CPU
Iteration 150 / LogL: -179.179 / Time: 0h:0m:0s (0h:0m:0s left)
Log-likelihood cutoff on original alignment: -179.179
Optimizing NNI: done in 0.000346899 secs using 99.45% CPU
Optimizing NNI: done in 0.000335932 secs using 99.72% CPU
Optimizing NNI: done in 0.000337124 secs using 99.96% CPU
Optimizing NNI: done in 0.000340939 secs using 100.3% CPU
Optimizing NNI: done in 0.000332117 secs using 99.96% CPU
Optimizing NNI: done in 0.000340939 secs using 100% CPU
Optimizing NNI: done in 0.000339031 secs using 99.99% CPU
Optimizing NNI: done in 0.000342131 secs using 99.67% CPU
Optimizing NNI: done in 0.000339985 secs using 100% CPU
Optimizing NNI: done in 0.000344038 secs using 99.7% CPU
Iteration 160 / LogL: -179.179 / Time: 0h:0m:0s (0h:0m:0s left)
Optimizing NNI: done in 0.000329018 secs using 99.99% CPU
Optimizing NNI: done in 0.000337839 secs using 100% CPU
Optimizing NNI: done in 0.000405073 secs using 99.74% CPU
Optimizing NNI: done in 0.000336885 secs using 100% CPU
Optimizing NNI: done in 0.000321865 secs using 100% CPU
Optimizing NNI: done in 0.000335932 secs using 100% CPU
Optimizing NNI: done in 0.000333071 secs using 100.3% CPU
Optimizing NNI: done in 0.000339985 secs using 100% CPU
Optimizing NNI: done in 0.000326157 secs using 99.95% CPU
Optimizing NNI: done in 0.000339031 secs using 99.99% CPU
Iteration 170 / LogL: -179.179 / Time: 0h:0m:0s (0h:0m:0s left)
Optimizing NNI: done in 0.000340223 secs using 100.2% CPU
Optimizing NNI: done in 0.000336885 secs using 100% CPU
Optimizing NNI: done in 0.000403881 secs using 100% CPU
Optimizing NNI: done in 0.00033617 secs using 99.95% CPU
Optimizing NNI: done in 0.000335932 secs using 99.72% CPU
Optimizing NNI: done in 0.000332117 secs using 99.96% CPU
Optimizing NNI: done in 0.000335932 secs using 100% CPU
Optimizing NNI: done in 0.000330925 secs using 100% CPU
Optimizing NNI: done in 0.00033617 secs using 99.95% CPU
Optimizing NNI: done in 0.000338078 secs using 99.98% CPU
Iteration 180 / LogL: -179.179 / Time: 0h:0m:0s (0h:0m:0s left)
Optimizing NNI: done in 0.000339031 secs using 99.99% CPU
Optimizing NNI: done in 0.000339985 secs using 100% CPU
Optimizing NNI: done in 0.000340939 secs using 100% CPU
Optimizing NNI: done in 0.000341892 secs using 100% CPU
Optimizing NNI: done in 0.000341892 secs using 100% CPU
Optimizing NNI: done in 0.000337839 secs using 100% CPU
Optimizing NNI: done in 0.000337839 secs using 100% CPU
Optimizing NNI: done in 0.000339985 secs using 100% CPU
Optimizing NNI: done in 0.000333071 secs using 99.98% CPU
Optimizing NNI: done in 0.000334024 secs using 99.99% CPU
Iteration 190 / LogL: -179.179 / Time: 0h:0m:0s (0h:0m:0s left)
Optimizing NNI: done in 0.00032115 secs using 99.95% CPU
Optimizing NNI: done in 0.000337124 secs using 99.67% CPU
Optimizing NNI: done in 0.000344038 secs using 99.99% CPU
Optimizing NNI: done in 0.000334978 secs using 100% CPU
Optimizing NNI: done in 0.000333071 secs using 99.98% CPU
Optimizing NNI: done in 0.000331879 secs using 100% CPU
Optimizing NNI: done in 0.000332832 secs using 100.1% CPU
Optimizing NNI: done in 0.000333071 secs using 99.98% CPU
Optimizing NNI: done in 0.000346899 secs using 98.88% CPU
Optimizing NNI: done in 0.000337124 secs using 99.96% CPU
Iteration 200 / LogL: -179.179 / Time: 0h:0m:0s (0h:0m:0s left)
Log-likelihood cutoff on original alignment: -179.179
NOTE: Bootstrap correlation coefficient of split occurrence frequencies: 0.229
NOTE: UFBoot does not converge, continue at least 100 more iterations
Optimizing NNI: done in 0.000353098 secs using 99.69% CPU
Optimizing NNI: done in 0.000336885 secs using 100.3% CPU
Optimizing NNI: done in 0.000334978 secs using 100% CPU
Optimizing NNI: done in 0.000334024 secs using 99.99% CPU
Optimizing NNI: done in 0.000335217 secs using 99.94% CPU
Optimizing NNI: done in 0.00033617 secs using 99.95% CPU
Optimizing NNI: done in 0.000339985 secs using 100% CPU
Optimizing NNI: done in 0.000337839 secs using 100% CPU
Optimizing NNI: done in 0.000349045 secs using 98.84% CPU
Optimizing NNI: done in 0.000338078 secs using 99.98% CPU
Iteration 210 / LogL: -179.179 / Time: 0h:0m:0s (0h:0m:0s left)
Optimizing NNI: done in 0.000322104 secs using 99.97% CPU
Optimizing NNI: done in 0.000341177 secs using 99.66% CPU
Optimizing NNI: done in 0.000337124 secs using 99.96% CPU
Optimizing NNI: done in 0.000338078 secs using 100.3% CPU
Optimizing NNI: done in 0.000411987 secs using 99.27% CPU
Optimizing NNI: done in 0.000334978 secs using 100% CPU
Optimizing NNI: done in 0.000337124 secs using 99.96% CPU
Optimizing NNI: done in 0.000336885 secs using 100.3% CPU
Optimizing NNI: done in 0.000336885 secs using 100.3% CPU
Optimizing NNI: done in 0.000339031 secs using 99.99% CPU
Iteration 220 / LogL: -179.179 / Time: 0h:0m:0s (0h:0m:0s left)
Optimizing NNI: done in 0.000339985 secs using 100% CPU
Optimizing NNI: done in 0.000333071 secs using 100.3% CPU
Optimizing NNI: done in 0.000334978 secs using 100% CPU
Optimizing NNI: done in 0.00032115 secs using 99.95% CPU
Optimizing NNI: done in 0.000337124 secs using 99.96% CPU
Optimizing NNI: done in 0.00033617 secs using 99.95% CPU
Optimizing NNI: done in 0.000331879 secs using 100% CPU
Optimizing NNI: done in 0.00033617 secs using 99.95% CPU
Optimizing NNI: done in 0.000338078 secs using 99.68% CPU
Optimizing NNI: done in 0.000339985 secs using 100.3% CPU
Iteration 230 / LogL: -179.179 / Time: 0h:0m:0s (0h:0m:0s left)
Optimizing NNI: done in 0.000341177 secs using 99.95% CPU
Optimizing NNI: done in 0.000341177 secs using 99.95% CPU
Optimizing NNI: done in 0.00033617 secs using 99.95% CPU
Optimizing NNI: done in 0.00033617 secs using 99.95% CPU
Optimizing NNI: done in 0.000333071 secs using 99.68% CPU
Optimizing NNI: done in 0.000332117 secs using 99.96% CPU
Optimizing NNI: done in 0.000331879 secs using 100% CPU
Optimizing NNI: done in 0.000331879 secs using 100% CPU
Optimizing NNI: done in 0.000336885 secs using 100% CPU
Optimizing NNI: done in 0.000330925 secs using 99.72% CPU
Iteration 240 / LogL: -179.179 / Time: 0h:0m:0s (0h:0m:0s left)
Optimizing NNI: done in 0.000333071 secs using 99.68% CPU
Optimizing NNI: done in 0.000332117 secs using 99.96% CPU
Optimizing NNI: done in 0.000333071 secs using 99.68% CPU
Optimizing NNI: done in 0.000332832 secs using 100.1% CPU
Optimizing NNI: done in 0.000338078 secs using 99.68% CPU
Optimizing NNI: done in 0.000401974 secs using 99.76% CPU
Optimizing NNI: done in 0.00033617 secs using 100.2% CPU
Optimizing NNI: done in 0.000335932 secs using 99.72% CPU
Optimizing NNI: done in 0.000332117 secs using 100.3% CPU
Optimizing NNI: done in 0.000333786 secs using 100.1% CPU
Iteration 250 / LogL: -179.179 / Time: 0h:0m:0s (0h:0m:0s left)
Log-likelihood cutoff on original alignment: -179.179
Optimizing NNI: done in 0.000344992 secs using 99.71% CPU
Optimizing NNI: done in 0.000329971 secs using 100% CPU
Optimizing NNI: done in 0.000330925 secs using 100% CPU
Optimizing NNI: done in 0.000329971 secs using 100% CPU
Optimizing NNI: done in 0.000335932 secs using 99.72% CPU
Optimizing NNI: done in 0.000323057 secs using 99.98% CPU
Optimizing NNI: done in 0.000334978 secs using 99.71% CPU
Optimizing NNI: done in 0.00033617 secs using 99.95% CPU
Optimizing NNI: done in 0.000339031 secs using 99.99% CPU
Optimizing NNI: done in 0.000337839 secs using 99.75% CPU
Iteration 260 / LogL: -179.179 / Time: 0h:0m:0s (0h:0m:0s left)
Optimizing NNI: done in 0.000335932 secs using 99.72% CPU
Optimizing NNI: done in 0.000337839 secs using 100% CPU
Optimizing NNI: done in 0.000333786 secs using 100.1% CPU
Optimizing NNI: done in 0.000330925 secs using 100% CPU
Optimizing NNI: done in 0.000328779 secs using 100.1% CPU
Optimizing NNI: done in 0.000337124 secs using 99.67% CPU
Optimizing NNI: done in 0.000335217 secs using 99.94% CPU
Optimizing NNI: done in 0.000331879 secs using 100% CPU
Optimizing NNI: done in 0.00033617 secs using 99.95% CPU
Optimizing NNI: done in 0.000340939 secs using 99.72% CPU
Iteration 270 / LogL: -179.179 / Time: 0h:0m:0s (0h:0m:0s left)
Optimizing NNI: done in 0.000341177 secs using 99.95% CPU
Optimizing NNI: done in 0.000332117 secs using 99.96% CPU
Optimizing NNI: done in 0.000330925 secs using 100% CPU
Optimizing NNI: done in 0.000329971 secs using 100% CPU
Optimizing NNI: done in 0.000329971 secs using 100% CPU
Optimizing NNI: done in 0.000329018 secs using 99.99% CPU
Optimizing NNI: done in 0.000329018 secs using 99.99% CPU
Optimizing NNI: done in 0.000331879 secs using 100% CPU
Optimizing NNI: done in 0.000329018 secs using 99.99% CPU
Optimizing NNI: done in 0.000331163 secs using 99.95% CPU
Iteration 280 / LogL: -179.179 / Time: 0h:0m:0s (0h:0m:0s left)
Optimizing NNI: done in 0.000329018 secs using 99.99% CPU
Optimizing NNI: done in 0.000340939 secs using 100% CPU
Optimizing NNI: done in 0.000339031 secs using 99.99% CPU
Optimizing NNI: done in 0.000338078 secs using 99.98% CPU
Optimizing NNI: done in 0.000338078 secs using 99.98% CPU
Optimizing NNI: done in 0.000334978 secs using 100% CPU
Optimizing NNI: done in 0.000333071 secs using 99.68% CPU
Optimizing NNI: done in 0.000332117 secs using 99.66% CPU
Optimizing NNI: done in 0.000340939 secs using 99.43% CPU
Optimizing NNI: done in 0.000332117 secs using 99.66% CPU
Iteration 290 / LogL: -179.179 / Time: 0h:0m:0s (0h:0m:0s left)
Optimizing NNI: done in 0.000334978 secs using 100.3% CPU
Optimizing NNI: done in 0.000335932 secs using 100.3% CPU
Optimizing NNI: done in 0.000334978 secs using 99.71% CPU
Optimizing NNI: done in 0.000335932 secs using 100% CPU
Optimizing NNI: done in 0.000335932 secs using 100% CPU
Optimizing NNI: done in 0.000409126 secs using 99.24% CPU
Optimizing NNI: done in 0.000335932 secs using 100% CPU
Optimizing NNI: done in 0.000333071 secs using 99.98% CPU
Optimizing NNI: done in 0.000333071 secs using 99.98% CPU
Optimizing NNI: done in 0.000408888 secs using 99.78% CPU
Iteration 300 / LogL: -179.179 / Time: 0h:0m:0s (0h:0m:0s left)
Log-likelihood cutoff on original alignment: -179.179
NOTE: Bootstrap correlation coefficient of split occurrence frequencies: 0.560
NOTE: UFBoot does not converge, continue at least 100 more iterations
Optimizing NNI: done in 0.000346899 secs using 98.3% CPU
Optimizing NNI: done in 0.000339031 secs using 99.7% CPU
Optimizing NNI: done in 0.000341892 secs using 100.3% CPU
Optimizing NNI: done in 0.000341177 secs using 99.95% CPU
Optimizing NNI: done in 0.000333786 secs using 100.1% CPU
Optimizing NNI: done in 0.000332117 secs using 99.96% CPU
Optimizing NNI: done in 0.000333786 secs using 100.4% CPU
Optimizing NNI: done in 0.000413895 secs using 99.3% CPU
Optimizing NNI: done in 0.000334978 secs using 99.71% CPU
Optimizing NNI: done in 0.000334024 secs using 99.69% CPU
Iteration 310 / LogL: -179.179 / Time: 0h:0m:1s (0h:0m:0s left)
Optimizing NNI: done in 0.000333071 secs using 100.3% CPU
Optimizing NNI: done in 0.000334024 secs using 99.99% CPU
Optimizing NNI: done in 0.000319958 secs using 100% CPU
Optimizing NNI: done in 0.000329971 secs using 100% CPU
Optimizing NNI: done in 0.000345945 secs using 99.15% CPU
Optimizing NNI: done in 0.000324011 secs using 100% CPU
Optimizing NNI: done in 0.000339031 secs using 99.99% CPU
Optimizing NNI: done in 0.000334978 secs using 100% CPU
Optimizing NNI: done in 0.000334024 secs using 99.99% CPU
Optimizing NNI: done in 0.000333071 secs using 99.98% CPU
Iteration 320 / LogL: -179.179 / Time: 0h:0m:1s (0h:0m:0s left)
Optimizing NNI: done in 0.000337124 secs using 99.96% CPU
Optimizing NNI: done in 0.000416994 secs using 99.28% CPU
Optimizing NNI: done in 0.000339031 secs using 99.99% CPU
Optimizing NNI: done in 0.000339031 secs using 99.7% CPU
Optimizing NNI: done in 0.000337124 secs using 99.96% CPU
Optimizing NNI: done in 0.000330925 secs using 100% CPU
Optimizing NNI: done in 0.000333071 secs using 99.68% CPU
Optimizing NNI: done in 0.000319958 secs using 100% CPU
Optimizing NNI: done in 0.000336885 secs using 100% CPU
Optimizing NNI: done in 0.000334024 secs using 99.99% CPU
Iteration 330 / LogL: -179.179 / Time: 0h:0m:1s (0h:0m:0s left)
Optimizing NNI: done in 0.000334024 secs using 99.99% CPU
Optimizing NNI: done in 0.000335932 secs using 99.72% CPU
Optimizing NNI: done in 0.000334978 secs using 100% CPU
Optimizing NNI: done in 0.000402212 secs using 99.7% CPU
Optimizing NNI: done in 0.000331879 secs using 100.3% CPU
Optimizing NNI: done in 0.000334024 secs using 99.99% CPU
Optimizing NNI: done in 0.000329018 secs using 99.99% CPU
Optimizing NNI: done in 0.000329971 secs using 100% CPU
Optimizing NNI: done in 0.000330925 secs using 100% CPU
Optimizing NNI: done in 0.000337124 secs using 99.96% CPU
Iteration 340 / LogL: -179.179 / Time: 0h:0m:1s (0h:0m:0s left)
Optimizing NNI: done in 0.000402927 secs using 100% CPU
Optimizing NNI: done in 0.000332832 secs using 100.1% CPU
Optimizing NNI: done in 0.000329018 secs using 99.99% CPU
Optimizing NNI: done in 0.000334024 secs using 99.99% CPU
Optimizing NNI: done in 0.000342131 secs using 99.96% CPU
Optimizing NNI: done in 0.000343084 secs using 99.98% CPU
Optimizing NNI: done in 0.000336885 secs using 100.3% CPU
Optimizing NNI: done in 0.000333071 secs using 100.3% CPU
Optimizing NNI: done in 0.000330925 secs using 100.3% CPU
Optimizing NNI: done in 0.000335932 secs using 100% CPU
Iteration 350 / LogL: -179.179 / Time: 0h:0m:1s (0h:0m:0s left)
Log-likelihood cutoff on original alignment: -179.179
Optimizing NNI: done in 0.000347853 secs using 99.47% CPU
Optimizing NNI: done in 0.000338078 secs using 99.98% CPU
Optimizing NNI: done in 0.000319958 secs using 100% CPU
Optimizing NNI: done in 0.000331163 secs using 99.95% CPU
Optimizing NNI: done in 0.000332117 secs using 99.96% CPU
Optimizing NNI: done in 0.000327826 secs using 100.1% CPU
Optimizing NNI: done in 0.000329018 secs using 99.99% CPU
Optimizing NNI: done in 0.000330925 secs using 100% CPU
Optimizing NNI: done in 0.000333071 secs using 99.98% CPU
Optimizing NNI: done in 0.000335932 secs using 100% CPU
Iteration 360 / LogL: -179.179 / Time: 0h:0m:1s (0h:0m:0s left)
Optimizing NNI: done in 0.000337839 secs using 100% CPU
Optimizing NNI: done in 0.000340223 secs using 99.93% CPU
Optimizing NNI: done in 0.000337124 secs using 99.96% CPU
Optimizing NNI: done in 0.000335932 secs using 100% CPU
Optimizing NNI: done in 0.000331879 secs using 100% CPU
Optimizing NNI: done in 0.000332117 secs using 99.96% CPU
Optimizing NNI: done in 0.000333071 secs using 99.98% CPU
Optimizing NNI: done in 0.000329018 secs using 99.99% CPU
Optimizing NNI: done in 0.000329018 secs using 99.99% CPU
Optimizing NNI: done in 0.000328064 secs using 99.98% CPU
Iteration 370 / LogL: -179.179 / Time: 0h:0m:1s (0h:0m:0s left)
Optimizing NNI: done in 0.00032711 secs using 99.97% CPU
Optimizing NNI: done in 0.000327826 secs using 99.75% CPU
Optimizing NNI: done in 0.000331163 secs using 99.95% CPU
Optimizing NNI: done in 0.00032711 secs using 100.3% CPU
Optimizing NNI: done in 0.000328064 secs using 99.98% CPU
Optimizing NNI: done in 0.000334024 secs using 99.69% CPU
Optimizing NNI: done in 0.000334978 secs using 99.71% CPU
Optimizing NNI: done in 0.000346899 secs using 99.16% CPU
Optimizing NNI: done in 0.000334024 secs using 100.3% CPU
Optimizing NNI: done in 0.000329971 secs using 100.3% CPU
Iteration 380 / LogL: -179.179 / Time: 0h:0m:1s (0h:0m:0s left)
Optimizing NNI: done in 0.000328064 secs using 99.98% CPU
Optimizing NNI: done in 0.000329971 secs using 99.71% CPU
Optimizing NNI: done in 0.000330925 secs using 99.72% CPU
Optimizing NNI: done in 0.000333071 secs using 99.98% CPU
Optimizing NNI: done in 0.000332117 secs using 99.66% CPU
Optimizing NNI: done in 0.000329018 secs using 99.99% CPU
Optimizing NNI: done in 0.000333071 secs using 100.3% CPU
Optimizing NNI: done in 0.000337124 secs using 99.96% CPU
Optimizing NNI: done in 0.000332832 secs using 100.4% CPU
Optimizing NNI: done in 0.000335932 secs using 100% CPU
Iteration 390 / LogL: -179.179 / Time: 0h:0m:1s (0h:0m:0s left)
Optimizing NNI: done in 0.000334978 secs using 100% CPU
Optimizing NNI: done in 0.000338078 secs using 99.98% CPU
Optimizing NNI: done in 0.000334978 secs using 100.3% CPU
Optimizing NNI: done in 0.00032711 secs using 99.97% CPU
Optimizing NNI: done in 0.000328064 secs using 99.68% CPU
Optimizing NNI: done in 0.000328064 secs using 99.68% CPU
Optimizing NNI: done in 0.000327826 secs using 100.1% CPU
Optimizing NNI: done in 0.000331879 secs using 100% CPU
Optimizing NNI: done in 0.000329018 secs using 99.99% CPU
Optimizing NNI: done in 0.000336885 secs using 100% CPU
Iteration 400 / LogL: -179.179 / Time: 0h:0m:1s (0h:0m:0s left)
Log-likelihood cutoff on original alignment: -179.179
NOTE: Bootstrap correlation coefficient of split occurrence frequencies: 0.539
NOTE: UFBoot does not converge, continue at least 100 more iterations
Optimizing NNI: done in 0.000348091 secs using 99.69% CPU
Optimizing NNI: done in 0.000340939 secs using 100.3% CPU
Optimizing NNI: done in 0.000342131 secs using 99.67% CPU
Optimizing NNI: done in 0.000398874 secs using 100.3% CPU
Optimizing NNI: done in 0.000332117 secs using 99.96% CPU
Optimizing NNI: done in 0.000333071 secs using 100.3% CPU
Optimizing NNI: done in 0.000329971 secs using 100% CPU
Optimizing NNI: done in 0.000334024 secs using 99.99% CPU
Optimizing NNI: done in 0.000334024 secs using 99.99% CPU
Optimizing NNI: done in 0.000335932 secs using 100% CPU
Iteration 410 / LogL: -179.179 / Time: 0h:0m:1s (0h:0m:0s left)
Optimizing NNI: done in 0.000323057 secs using 100.3% CPU
Optimizing NNI: done in 0.000335932 secs using 100% CPU
Optimizing NNI: done in 0.000335932 secs using 99.72% CPU
Optimizing NNI: done in 0.000337839 secs using 100.3% CPU
Optimizing NNI: done in 0.000331879 secs using 100% CPU
Optimizing NNI: done in 0.000330925 secs using 100% CPU
Optimizing NNI: done in 0.000331879 secs using 100% CPU
Optimizing NNI: done in 0.00033617 secs using 99.65% CPU
Optimizing NNI: done in 0.000339031 secs using 99.99% CPU
Optimizing NNI: done in 0.000341177 secs using 99.95% CPU
Iteration 420 / LogL: -179.179 / Time: 0h:0m:1s (0h:0m:0s left)
Optimizing NNI: done in 0.000336885 secs using 100% CPU
Optimizing NNI: done in 0.000333071 secs using 99.98% CPU
Optimizing NNI: done in 0.000329018 secs using 99.99% CPU
Optimizing NNI: done in 0.00033021 secs using 99.63% CPU
Optimizing NNI: done in 0.000328064 secs using 100.3% CPU
Optimizing NNI: done in 0.000329018 secs using 99.69% CPU
Optimizing NNI: done in 0.000341892 secs using 98.86% CPU
Optimizing NNI: done in 0.000330925 secs using 100% CPU
Optimizing NNI: done in 0.000333071 secs using 100.3% CPU
Optimizing NNI: done in 0.000338793 secs using 99.77% CPU
Iteration 430 / LogL: -179.179 / Time: 0h:0m:1s (0h:0m:0s left)
Optimizing NNI: done in 0.000334024 secs using 99.69% CPU
Optimizing NNI: done in 0.000333071 secs using 99.98% CPU
Optimizing NNI: done in 0.000339031 secs using 99.99% CPU
Optimizing NNI: done in 0.000337839 secs using 100% CPU
Optimizing NNI: done in 0.000334978 secs using 100.3% CPU
Optimizing NNI: done in 0.000337124 secs using 99.96% CPU
Optimizing NNI: done in 0.000329971 secs using 100% CPU
Optimizing NNI: done in 0.000333071 secs using 99.98% CPU
Optimizing NNI: done in 0.000331879 secs using 99.74% CPU
Optimizing NNI: done in 0.000334978 secs using 100% CPU
Iteration 440 / LogL: -179.179 / Time: 0h:0m:1s (0h:0m:0s left)
Optimizing NNI: done in 0.000334978 secs using 99.71% CPU
Optimizing NNI: done in 0.000338078 secs using 100.3% CPU
Optimizing NNI: done in 0.000341177 secs using 99.66% CPU
Optimizing NNI: done in 0.000338078 secs using 99.98% CPU
Optimizing NNI: done in 0.000339985 secs using 100% CPU
Optimizing NNI: done in 0.000335932 secs using 99.72% CPU
Optimizing NNI: done in 0.000329971 secs using 100% CPU
Optimizing NNI: done in 0.000328064 secs using 100.3% CPU
Optimizing NNI: done in 0.000327826 secs using 100.1% CPU
Optimizing NNI: done in 0.000330925 secs using 100% CPU
Iteration 450 / LogL: -179.179 / Time: 0h:0m:1s (0h:0m:0s left)
Log-likelihood cutoff on original alignment: -179.179
Optimizing NNI: done in 0.000344992 secs using 100% CPU
Optimizing NNI: done in 0.000347853 secs using 99.18% CPU
Optimizing NNI: done in 0.000335932 secs using 100% CPU
Optimizing NNI: done in 0.000334978 secs using 100% CPU
Optimizing NNI: done in 0.000333071 secs using 100.3% CPU
Optimizing NNI: done in 0.000333071 secs using 99.68% CPU
Optimizing NNI: done in 0.000331879 secs using 100% CPU
Optimizing NNI: done in 0.000332117 secs using 99.96% CPU
Optimizing NNI: done in 0.000330925 secs using 100% CPU
Optimizing NNI: done in 0.000334978 secs using 100.3% CPU
Iteration 460 / LogL: -179.179 / Time: 0h:0m:1s (0h:0m:0s left)
Optimizing NNI: done in 0.000335932 secs using 100% CPU
Optimizing NNI: done in 0.000344038 secs using 99.12% CPU
Optimizing NNI: done in 0.000339031 secs using 100.3% CPU
Optimizing NNI: done in 0.000335217 secs using 99.94% CPU
Optimizing NNI: done in 0.000334024 secs using 99.99% CPU
Optimizing NNI: done in 0.000332832 secs using 100.1% CPU
Optimizing NNI: done in 0.000332832 secs using 99.75% CPU
Optimizing NNI: done in 0.000333071 secs using 100.3% CPU
Optimizing NNI: done in 0.000333071 secs using 99.98% CPU
Optimizing NNI: done in 0.000330925 secs using 100.3% CPU
Iteration 470 / LogL: -179.179 / Time: 0h:0m:1s (0h:0m:0s left)
Optimizing NNI: done in 0.000332117 secs using 99.96% CPU
Optimizing NNI: done in 0.000411034 secs using 99.26% CPU
Optimizing NNI: done in 0.000334978 secs using 100% CPU
Optimizing NNI: done in 0.000335932 secs using 100% CPU
Optimizing NNI: done in 0.000339985 secs using 99.71% CPU
Optimizing NNI: done in 0.000336885 secs using 100.3% CPU
Optimizing NNI: done in 0.000333071 secs using 99.98% CPU
Optimizing NNI: done in 0.000332117 secs using 99.96% CPU
Optimizing NNI: done in 0.000329018 secs using 99.99% CPU
Optimizing NNI: done in 0.000334024 secs using 99.99% CPU
Iteration 480 / LogL: -179.179 / Time: 0h:0m:1s (0h:0m:0s left)
Optimizing NNI: done in 0.00033617 secs using 99.65% CPU
Optimizing NNI: done in 0.000339985 secs using 100.3% CPU
Optimizing NNI: done in 0.00033617 secs using 100.2% CPU
Optimizing NNI: done in 0.000336885 secs using 100% CPU
Optimizing NNI: done in 0.000334978 secs using 99.71% CPU
Optimizing NNI: done in 0.000334978 secs using 99.71% CPU
Optimizing NNI: done in 0.000332117 secs using 99.96% CPU
Optimizing NNI: done in 0.000333071 secs using 99.98% CPU
Optimizing NNI: done in 0.000331879 secs using 100% CPU
Optimizing NNI: done in 0.000329018 secs using 99.99% CPU
Iteration 490 / LogL: -179.179 / Time: 0h:0m:1s (0h:0m:0s left)
Optimizing NNI: done in 0.000327826 secs using 100.1% CPU
Optimizing NNI: done in 0.000345945 secs using 99.15% CPU
Optimizing NNI: done in 0.000332117 secs using 99.96% CPU
Optimizing NNI: done in 0.00033021 secs using 99.94% CPU
Optimizing NNI: done in 0.000331879 secs using 100% CPU
Optimizing NNI: done in 0.000403166 secs using 99.71% CPU
Optimizing NNI: done in 0.000333071 secs using 99.98% CPU
Optimizing NNI: done in 0.00031805 secs using 99.98% CPU
Optimizing NNI: done in 0.00033021 secs using 100.2% CPU
Optimizing NNI: done in 0.000320196 secs using 99.94% CPU
Iteration 500 / LogL: -179.179 / Time: 0h:0m:1s (0h:0m:0s left)
Log-likelihood cutoff on original alignment: -179.179
NOTE: Bootstrap correlation coefficient of split occurrence frequencies: 0.295
NOTE: UFBoot does not converge, continue at least 100 more iterations
Optimizing NNI: done in 0.000347137 secs using 99.67% CPU
Optimizing NNI: done in 0.000334978 secs using 100% CPU
Optimizing NNI: done in 0.000329971 secs using 100% CPU
Optimizing NNI: done in 0.000329018 secs using 99.69% CPU
Optimizing NNI: done in 0.000327826 secs using 100.1% CPU
Optimizing NNI: done in 0.000328064 secs using 99.98% CPU
Optimizing NNI: done in 0.000325918 secs using 100% CPU
Optimizing NNI: done in 0.00032711 secs using 99.97% CPU
Optimizing NNI: done in 0.000335932 secs using 99.13% CPU
Optimizing NNI: done in 0.000333786 secs using 100.1% CPU
Iteration 510 / LogL: -179.179 / Time: 0h:0m:1s (0h:0m:0s left)
Optimizing NNI: done in 0.000330925 secs using 100% CPU
Optimizing NNI: done in 0.000337124 secs using 100.3% CPU
Optimizing NNI: done in 0.000335932 secs using 100% CPU
Optimizing NNI: done in 0.000334024 secs using 99.99% CPU
Optimizing NNI: done in 0.000338078 secs using 99.98% CPU
Optimizing NNI: done in 0.000334024 secs using 99.69% CPU
Optimizing NNI: done in 0.000334024 secs using 100.3% CPU
Optimizing NNI: done in 0.000331879 secs using 100% CPU
Optimizing NNI: done in 0.00032711 secs using 99.66% CPU
Optimizing NNI: done in 0.000336885 secs using 98.85% CPU
Iteration 520 / LogL: -179.179 / Time: 0h:0m:1s (0h:0m:0s left)
Optimizing NNI: done in 0.000330925 secs using 99.72% CPU
Optimizing NNI: done in 0.000330925 secs using 100% CPU
Optimizing NNI: done in 0.000334024 secs using 99.99% CPU
Optimizing NNI: done in 0.000337124 secs using 99.96% CPU
Optimizing NNI: done in 0.000333071 secs using 99.98% CPU
Optimizing NNI: done in 0.000396967 secs using 100% CPU
Optimizing NNI: done in 0.000328064 secs using 99.98% CPU
Optimizing NNI: done in 0.00032711 secs using 99.97% CPU
Optimizing NNI: done in 0.000332117 secs using 99.66% CPU
Optimizing NNI: done in 0.00033021 secs using 100.2% CPU
Iteration 530 / LogL: -179.179 / Time: 0h:0m:1s (0h:0m:0s left)
Optimizing NNI: done in 0.000342131 secs using 99.08% CPU
Optimizing NNI: done in 0.000330925 secs using 100% CPU
Optimizing NNI: done in 0.000334978 secs using 100.3% CPU
Optimizing NNI: done in 0.000338078 secs using 99.98% CPU
Optimizing NNI: done in 0.000338078 secs using 99.98% CPU
Optimizing NNI: done in 0.000336885 secs using 100% CPU
Optimizing NNI: done in 0.000334024 secs using 99.69% CPU
Optimizing NNI: done in 0.000330925 secs using 100% CPU
Optimizing NNI: done in 0.000329018 secs using 99.69% CPU
Optimizing NNI: done in 0.000329018 secs using 99.99% CPU
Iteration 540 / LogL: -179.179 / Time: 0h:0m:1s (0h:0m:0s left)
Optimizing NNI: done in 0.000329971 secs using 100% CPU
Optimizing NNI: done in 0.000328064 secs using 99.98% CPU
Optimizing NNI: done in 0.000330925 secs using 100% CPU
Optimizing NNI: done in 0.000329018 secs using 99.69% CPU
Optimizing NNI: done in 0.000316858 secs using 100% CPU
Optimizing NNI: done in 0.000396967 secs using 99.76% CPU
Optimizing NNI: done in 0.000330925 secs using 100% CPU
Optimizing NNI: done in 0.000333071 secs using 99.98% CPU
Optimizing NNI: done in 0.000332832 secs using 100.4% CPU
Optimizing NNI: done in 0.000331163 secs using 99.95% CPU
Iteration 550 / LogL: -179.179 / Time: 0h:0m:1s (0h:0m:0s left)
Log-likelihood cutoff on original alignment: -179.179
Optimizing NNI: done in 0.000344038 secs using 99.7% CPU
Optimizing NNI: done in 0.000332832 secs using 100.1% CPU
Optimizing NNI: done in 0.000329018 secs using 99.69% CPU
Optimizing NNI: done in 0.00032711 secs using 100.3% CPU
Optimizing NNI: done in 0.000329018 secs using 99.99% CPU
Optimizing NNI: done in 0.000327826 secs using 100.1% CPU
Optimizing NNI: done in 0.000328064 secs using 99.98% CPU
Optimizing NNI: done in 0.000328064 secs using 99.98% CPU
Optimizing NNI: done in 0.000329018 secs using 99.99% CPU
Optimizing NNI: done in 0.000329971 secs using 100% CPU
Iteration 560 / LogL: -179.179 / Time: 0h:0m:1s (0h:0m:0s left)
Optimizing NNI: done in 0.000330925 secs using 99.72% CPU
Optimizing NNI: done in 0.000339031 secs using 99.99% CPU
Optimizing NNI: done in 0.000334024 secs using 99.69% CPU
Optimizing NNI: done in 0.000336885 secs using 99.74% CPU
Optimizing NNI: done in 0.000342131 secs using 99.67% CPU
Optimizing NNI: done in 0.000340939 secs using 100% CPU
Optimizing NNI: done in 0.000337124 secs using 99.96% CPU
Optimizing NNI: done in 0.000329971 secs using 100.3% CPU
Optimizing NNI: done in 0.00033021 secs using 99.94% CPU
Optimizing NNI: done in 0.000329018 secs using 100.3% CPU
Iteration 570 / LogL: -179.179 / Time: 0h:0m:1s (0h:0m:0s left)
Optimizing NNI: done in 0.000406027 secs using 99.99% CPU
Optimizing NNI: done in 0.00033617 secs using 99.95% CPU
Optimizing NNI: done in 0.000338078 secs using 99.98% CPU
Optimizing NNI: done in 0.00033617 secs using 99.95% CPU
Optimizing NNI: done in 0.000333071 secs using 99.98% CPU
Optimizing NNI: done in 0.000332117 secs using 99.96% CPU
Optimizing NNI: done in 0.000335932 secs using 100% CPU
Optimizing NNI: done in 0.000313044 secs using 99.99% CPU
Optimizing NNI: done in 0.000329971 secs using 100% CPU
Optimizing NNI: done in 0.000329018 secs using 99.99% CPU
Iteration 580 / LogL: -179.179 / Time: 0h:0m:2s (0h:0m:0s left)
Optimizing NNI: done in 0.000334024 secs using 99.99% CPU
Optimizing NNI: done in 0.000338078 secs using 99.98% CPU
Optimizing NNI: done in 0.000337124 secs using 99.96% CPU
Optimizing NNI: done in 0.000334024 secs using 99.99% CPU
Optimizing NNI: done in 0.000335932 secs using 99.72% CPU
Optimizing NNI: done in 0.000331163 secs using 99.65% CPU
Optimizing NNI: done in 0.000328064 secs using 99.98% CPU
Optimizing NNI: done in 0.00032711 secs using 99.97% CPU
Optimizing NNI: done in 0.000328064 secs using 99.98% CPU
Optimizing NNI: done in 0.000331163 secs using 99.65% CPU
Iteration 590 / LogL: -179.179 / Time: 0h:0m:2s (0h:0m:0s left)
Optimizing NNI: done in 0.000334024 secs using 99.99% CPU
Optimizing NNI: done in 0.000334024 secs using 99.69% CPU
Optimizing NNI: done in 0.000331163 secs using 99.65% CPU
Optimizing NNI: done in 0.000333071 secs using 100.3% CPU
Optimizing NNI: done in 0.000329018 secs using 99.99% CPU
Optimizing NNI: done in 0.000329971 secs using 100% CPU
Optimizing NNI: done in 0.000334024 secs using 99.99% CPU
Optimizing NNI: done in 0.000335932 secs using 100% CPU
Optimizing NNI: done in 0.000335932 secs using 100% CPU
Optimizing NNI: done in 0.000333786 secs using 99.76% CPU
Iteration 600 / LogL: -179.179 / Time: 0h:0m:2s (0h:0m:0s left)
Log-likelihood cutoff on original alignment: -179.179
NOTE: Bootstrap correlation coefficient of split occurrence frequencies: 0.413
NOTE: UFBoot does not converge, continue at least 100 more iterations
Optimizing NNI: done in 0.000339031 secs using 99.99% CPU
Optimizing NNI: done in 0.000329018 secs using 99.99% CPU
Optimizing NNI: done in 0.000329971 secs using 100% CPU
Optimizing NNI: done in 0.000334024 secs using 99.99% CPU
Optimizing NNI: done in 0.000333071 secs using 99.68% CPU
Optimizing NNI: done in 0.000333786 secs using 99.76% CPU
Optimizing NNI: done in 0.000334024 secs using 99.99% CPU
Optimizing NNI: done in 0.000337839 secs using 100% CPU
Optimizing NNI: done in 0.000335932 secs using 100% CPU
Optimizing NNI: done in 0.000337839 secs using 100% CPU
Iteration 610 / LogL: -179.179 / Time: 0h:0m:2s (0h:0m:0s left)
Optimizing NNI: done in 0.000334024 secs using 100.3% CPU
Optimizing NNI: done in 0.000328064 secs using 99.68% CPU
Optimizing NNI: done in 0.000329971 secs using 100.3% CPU
Optimizing NNI: done in 0.000329971 secs using 100.3% CPU
Optimizing NNI: done in 0.000344038 secs using 98.83% CPU
Optimizing NNI: done in 0.000332117 secs using 99.96% CPU
Optimizing NNI: done in 0.000331163 secs using 100.3% CPU
Optimizing NNI: done in 0.000332117 secs using 99.96% CPU
Optimizing NNI: done in 0.000335217 secs using 99.94% CPU
Optimizing NNI: done in 0.000334024 secs using 99.99% CPU
Iteration 620 / LogL: -179.179 / Time: 0h:0m:2s (0h:0m:0s left)
Optimizing NNI: done in 0.000333071 secs using 99.98% CPU
Optimizing NNI: done in 0.000333071 secs using 99.68% CPU
Optimizing NNI: done in 0.000332117 secs using 99.96% CPU
Optimizing NNI: done in 0.000334978 secs using 100% CPU
Optimizing NNI: done in 0.000324011 secs using 100% CPU
Optimizing NNI: done in 0.000334024 secs using 99.99% CPU
Optimizing NNI: done in 0.000334978 secs using 100% CPU
Optimizing NNI: done in 0.000332117 secs using 99.96% CPU
Optimizing NNI: done in 0.000333071 secs using 99.98% CPU
Optimizing NNI: done in 0.000332117 secs using 100.3% CPU
Iteration 630 / LogL: -179.179 / Time: 0h:0m:2s (0h:0m:0s left)
Optimizing NNI: done in 0.000335217 secs using 99.94% CPU
Optimizing NNI: done in 0.000337124 secs using 99.96% CPU
Optimizing NNI: done in 0.000329971 secs using 100% CPU
Optimizing NNI: done in 0.000328064 secs using 99.98% CPU
Optimizing NNI: done in 0.000329018 secs using 99.69% CPU
Optimizing NNI: done in 0.000333071 secs using 99.98% CPU
Optimizing NNI: done in 0.000336885 secs using 100% CPU
Optimizing NNI: done in 0.00040102 secs using 100% CPU
Optimizing NNI: done in 0.000334024 secs using 100.3% CPU
Optimizing NNI: done in 0.000339985 secs using 99.71% CPU
Iteration 640 / LogL: -179.179 / Time: 0h:0m:2s (0h:0m:0s left)
Optimizing NNI: done in 0.000339985 secs using 100% CPU
Optimizing NNI: done in 0.000337124 secs using 99.96% CPU
Optimizing NNI: done in 0.000334978 secs using 99.71% CPU
Optimizing NNI: done in 0.000329971 secs using 100.3% CPU
Optimizing NNI: done in 0.000329018 secs using 100.3% CPU
Optimizing NNI: done in 0.000330925 secs using 100% CPU
Optimizing NNI: done in 0.000328064 secs using 99.68% CPU
Optimizing NNI: done in 0.000329971 secs using 100% CPU
Optimizing NNI: done in 0.000340939 secs using 99.14% CPU
Optimizing NNI: done in 0.000327826 secs using 100.1% CPU
Iteration 650 / LogL: -179.179 / Time: 0h:0m:2s (0h:0m:0s left)
Log-likelihood cutoff on original alignment: -179.179
Optimizing NNI: done in 0.000352144 secs using 99.68% CPU
Optimizing NNI: done in 0.000336885 secs using 99.74% CPU
Optimizing NNI: done in 0.000334978 secs using 100% CPU
Optimizing NNI: done in 0.000334024 secs using 99.99% CPU
Optimizing NNI: done in 0.000338078 secs using 99.98% CPU
Optimizing NNI: done in 0.000337839 secs using 100% CPU
Optimizing NNI: done in 0.000322104 secs using 99.66% CPU
Optimizing NNI: done in 0.000332832 secs using 100.1% CPU
Optimizing NNI: done in 0.000329971 secs using 100% CPU
Optimizing NNI: done in 0.000330925 secs using 100% CPU
Iteration 660 / LogL: -179.179 / Time: 0h:0m:2s (0h:0m:0s left)
Optimizing NNI: done in 0.000336885 secs using 100.3% CPU
Optimizing NNI: done in 0.000332832 secs using 100.1% CPU
Optimizing NNI: done in 0.000335932 secs using 99.72% CPU
Optimizing NNI: done in 0.000336885 secs using 100% CPU
Optimizing NNI: done in 0.000339985 secs using 100% CPU
Optimizing NNI: done in 0.000344992 secs using 99.71% CPU
Optimizing NNI: done in 0.000337124 secs using 100.3% CPU
Optimizing NNI: done in 0.000334024 secs using 99.99% CPU
Optimizing NNI: done in 0.000334024 secs using 99.99% CPU
Optimizing NNI: done in 0.000405073 secs using 99.98% CPU
Iteration 670 / LogL: -179.179 / Time: 0h:0m:2s (0h:0m:0s left)
Optimizing NNI: done in 0.000335932 secs using 100% CPU
Optimizing NNI: done in 0.000334978 secs using 100% CPU
Optimizing NNI: done in 0.000334024 secs using 99.99% CPU
Optimizing NNI: done in 0.000332832 secs using 100.1% CPU
Optimizing NNI: done in 0.000329018 secs using 99.69% CPU
Optimizing NNI: done in 0.000329018 secs using 99.99% CPU
Optimizing NNI: done in 0.000329018 secs using 99.69% CPU
Optimizing NNI: done in 0.000314951 secs using 99.7% CPU
Optimizing NNI: done in 0.000328064 secs using 100.3% CPU
Optimizing NNI: done in 0.000329971 secs using 100% CPU
Iteration 680 / LogL: -179.179 / Time: 0h:0m:2s (0h:0m:0s left)
Optimizing NNI: done in 0.000399113 secs using 99.72% CPU
Optimizing NNI: done in 0.000332832 secs using 100.1% CPU
Optimizing NNI: done in 0.000334978 secs using 100% CPU
Optimizing NNI: done in 0.000337839 secs using 99.75% CPU
Optimizing NNI: done in 0.000332832 secs using 100.4% CPU
Optimizing NNI: done in 0.00033617 secs using 99.65% CPU
Optimizing NNI: done in 0.00033021 secs using 99.94% CPU
Optimizing NNI: done in 0.000330925 secs using 100% CPU
Optimizing NNI: done in 0.000330925 secs using 100% CPU
Optimizing NNI: done in 0.000329971 secs using 100% CPU
Iteration 690 / LogL: -179.179 / Time: 0h:0m:2s (0h:0m:0s left)
Optimizing NNI: done in 0.000334024 secs using 99.69% CPU
Optimizing NNI: done in 0.000329971 secs using 100% CPU
Optimizing NNI: done in 0.000324011 secs using 100% CPU
Optimizing NNI: done in 0.000336885 secs using 100% CPU
Optimizing NNI: done in 0.000336885 secs using 100% CPU
Optimizing NNI: done in 0.000338078 secs using 99.98% CPU
Optimizing NNI: done in 0.000328064 secs using 99.98% CPU
Optimizing NNI: done in 0.000329018 secs using 99.99% CPU
Optimizing NNI: done in 0.000332832 secs using 100.1% CPU
Optimizing NNI: done in 0.000334024 secs using 99.99% CPU
Iteration 700 / LogL: -179.179 / Time: 0h:0m:2s (0h:0m:0s left)
Log-likelihood cutoff on original alignment: -179.179
NOTE: Bootstrap correlation coefficient of split occurrence frequencies: 0.508
NOTE: UFBoot does not converge, continue at least 100 more iterations
Optimizing NNI: done in 0.000352859 secs using 99.76% CPU
Optimizing NNI: done in 0.000339031 secs using 99.99% CPU
Optimizing NNI: done in 0.000341892 secs using 100% CPU
Optimizing NNI: done in 0.000341177 secs using 99.95% CPU
Optimizing NNI: done in 0.000336885 secs using 99.14% CPU
Optimizing NNI: done in 0.000329971 secs using 100% CPU
Optimizing NNI: done in 0.000331163 secs using 100.3% CPU
Optimizing NNI: done in 0.000331879 secs using 100% CPU
Optimizing NNI: done in 0.000336885 secs using 100% CPU
Optimizing NNI: done in 0.000335932 secs using 100% CPU
Iteration 710 / LogL: -179.179 / Time: 0h:0m:2s (0h:0m:0s left)
Optimizing NNI: done in 0.000334024 secs using 99.69% CPU
Optimizing NNI: done in 0.00032711 secs using 100.3% CPU
Optimizing NNI: done in 0.000331163 secs using 99.95% CPU
Optimizing NNI: done in 0.000333071 secs using 99.98% CPU
Optimizing NNI: done in 0.000328064 secs using 99.98% CPU
Optimizing NNI: done in 0.000328064 secs using 99.98% CPU
Optimizing NNI: done in 0.000326872 secs using 100% CPU
Optimizing NNI: done in 0.000330925 secs using 100% CPU
Optimizing NNI: done in 0.000332117 secs using 99.96% CPU
Optimizing NNI: done in 0.000332832 secs using 99.75% CPU
Iteration 720 / LogL: -179.179 / Time: 0h:0m:2s (0h:0m:0s left)
Optimizing NNI: done in 0.000337124 secs using 99.67% CPU
Optimizing NNI: done in 0.000339031 secs using 99.99% CPU
Optimizing NNI: done in 0.000334024 secs using 99.99% CPU
Optimizing NNI: done in 0.000334978 secs using 100% CPU
Optimizing NNI: done in 0.000332832 secs using 99.75% CPU
Optimizing NNI: done in 0.000329018 secs using 100.3% CPU
Optimizing NNI: done in 0.000329971 secs using 100% CPU
Optimizing NNI: done in 0.000330925 secs using 100.3% CPU
Optimizing NNI: done in 0.000333071 secs using 99.98% CPU
Optimizing NNI: done in 0.000332117 secs using 99.96% CPU
Iteration 730 / LogL: -179.179 / Time: 0h:0m:2s (0h:0m:0s left)
Optimizing NNI: done in 0.000331163 secs using 100.3% CPU
Optimizing NNI: done in 0.000333071 secs using 100.3% CPU
Optimizing NNI: done in 0.000336885 secs using 100% CPU
Optimizing NNI: done in 0.000333071 secs using 99.98% CPU
Optimizing NNI: done in 0.000333071 secs using 99.98% CPU
Optimizing NNI: done in 0.000331163 secs using 99.95% CPU
Optimizing NNI: done in 0.000331879 secs using 99.74% CPU
Optimizing NNI: done in 0.000329971 secs using 100% CPU
Optimizing NNI: done in 0.000330925 secs using 100.3% CPU
Optimizing NNI: done in 0.000334978 secs using 100% CPU
Iteration 740 / LogL: -179.179 / Time: 0h:0m:2s (0h:0m:0s left)
Optimizing NNI: done in 0.000334024 secs using 99.99% CPU
Optimizing NNI: done in 0.000334024 secs using 99.99% CPU
Optimizing NNI: done in 0.000332832 secs using 100.1% CPU
Optimizing NNI: done in 0.000331879 secs using 100% CPU
Optimizing NNI: done in 0.000331163 secs using 99.65% CPU
Optimizing NNI: done in 0.000331879 secs using 99.74% CPU
Optimizing NNI: done in 0.000332117 secs using 99.96% CPU
Optimizing NNI: done in 0.000331879 secs using 100.3% CPU
Optimizing NNI: done in 0.000334978 secs using 100% CPU
Optimizing NNI: done in 0.000339985 secs using 99.71% CPU
Iteration 750 / LogL: -179.179 / Time: 0h:0m:2s (0h:0m:0s left)
Log-likelihood cutoff on original alignment: -179.179
Optimizing NNI: done in 0.000340939 secs using 99.72% CPU
Optimizing NNI: done in 0.000314951 secs using 100.3% CPU
Optimizing NNI: done in 0.000332832 secs using 99.75% CPU
Optimizing NNI: done in 0.000338078 secs using 100.3% CPU
Optimizing NNI: done in 0.000334024 secs using 100.3% CPU
Optimizing NNI: done in 0.000334978 secs using 99.71% CPU
Optimizing NNI: done in 0.000334024 secs using 99.99% CPU
Optimizing NNI: done in 0.000333071 secs using 100.3% CPU
Optimizing NNI: done in 0.000329018 secs using 100.3% CPU
Optimizing NNI: done in 0.000327826 secs using 100.1% CPU
Iteration 760 / LogL: -179.179 / Time: 0h:0m:2s (0h:0m:0s left)
Optimizing NNI: done in 0.000329018 secs using 99.99% CPU
Optimizing NNI: done in 0.000329018 secs using 99.99% CPU
Optimizing NNI: done in 0.000332832 secs using 99.75% CPU
Optimizing NNI: done in 0.000335932 secs using 100% CPU
Optimizing NNI: done in 0.000338793 secs using 99.77% CPU
Optimizing NNI: done in 0.000341177 secs using 100.2% CPU
Optimizing NNI: done in 0.000335932 secs using 100% CPU
Optimizing NNI: done in 0.000338078 secs using 99.98% CPU
Optimizing NNI: done in 0.000335932 secs using 100% CPU
Optimizing NNI: done in 0.00033617 secs using 99.95% CPU
Iteration 770 / LogL: -179.179 / Time: 0h:0m:2s (0h:0m:0s left)
Optimizing NNI: done in 0.000336885 secs using 100% CPU
Optimizing NNI: done in 0.000335217 secs using 100.2% CPU
Optimizing NNI: done in 0.000326872 secs using 100% CPU
Optimizing NNI: done in 0.000314951 secs using 100.3% CPU
Optimizing NNI: done in 0.000329018 secs using 100.3% CPU
Optimizing NNI: done in 0.000328064 secs using 99.98% CPU
Optimizing NNI: done in 0.000327826 secs using 99.75% CPU
Optimizing NNI: done in 0.00032711 secs using 99.97% CPU
Optimizing NNI: done in 0.000332832 secs using 99.75% CPU
Optimizing NNI: done in 0.000332117 secs using 99.66% CPU
Iteration 780 / LogL: -179.179 / Time: 0h:0m:2s (0h:0m:0s left)
Optimizing NNI: done in 0.000329971 secs using 99.71% CPU
Optimizing NNI: done in 0.000329971 secs using 100% CPU
Optimizing NNI: done in 0.000334024 secs using 99.99% CPU
Optimizing NNI: done in 0.000334024 secs using 99.69% CPU
Optimizing NNI: done in 0.000331879 secs using 100% CPU
Optimizing NNI: done in 0.000329018 secs using 99.99% CPU
Optimizing NNI: done in 0.000329971 secs using 99.71% CPU
Optimizing NNI: done in 0.000333071 secs using 99.98% CPU
Optimizing NNI: done in 0.000402927 secs using 100% CPU
Optimizing NNI: done in 0.000338078 secs using 99.98% CPU
Iteration 790 / LogL: -179.179 / Time: 0h:0m:2s (0h:0m:0s left)
Optimizing NNI: done in 0.000337124 secs using 99.96% CPU
Optimizing NNI: done in 0.000330925 secs using 99.72% CPU
Optimizing NNI: done in 0.000333071 secs using 99.98% CPU
Optimizing NNI: done in 0.000333786 secs using 100.1% CPU
Optimizing NNI: done in 0.000334978 secs using 100% CPU
Optimizing NNI: done in 0.000335932 secs using 100% CPU
Optimizing NNI: done in 0.000331163 secs using 99.95% CPU
Optimizing NNI: done in 0.000330925 secs using 100% CPU
Optimizing NNI: done in 0.000331879 secs using 100.3% CPU
Optimizing NNI: done in 0.000348091 secs using 98.25% CPU
Iteration 800 / LogL: -179.179 / Time: 0h:0m:2s (0h:0m:0s left)
Log-likelihood cutoff on original alignment: -179.179
NOTE: Bootstrap correlation coefficient of split occurrence frequencies: 0.792
NOTE: UFBoot does not converge, continue at least 100 more iterations
Optimizing NNI: done in 0.000343084 secs using 99.98% CPU
Optimizing NNI: done in 0.000333071 secs using 100.3% CPU
Optimizing NNI: done in 0.000334024 secs using 99.69% CPU
Optimizing NNI: done in 0.000333071 secs using 99.98% CPU
Optimizing NNI: done in 0.000332117 secs using 99.96% CPU
Optimizing NNI: done in 0.00033617 secs using 99.65% CPU
Optimizing NNI: done in 0.000334978 secs using 100% CPU
Optimizing NNI: done in 0.000329018 secs using 100.3% CPU
Optimizing NNI: done in 0.000336885 secs using 100% CPU
Optimizing NNI: done in 0.000335932 secs using 99.72% CPU
Iteration 810 / LogL: -179.179 / Time: 0h:0m:2s (0h:0m:0s left)
Optimizing NNI: done in 0.000334024 secs using 99.69% CPU
Optimizing NNI: done in 0.000330925 secs using 100% CPU
Optimizing NNI: done in 0.000330925 secs using 99.72% CPU
Optimizing NNI: done in 0.000334024 secs using 99.99% CPU
Optimizing NNI: done in 0.000338078 secs using 99.98% CPU
Optimizing NNI: done in 0.000337124 secs using 99.96% CPU
Optimizing NNI: done in 0.000337124 secs using 99.96% CPU
Optimizing NNI: done in 0.000334024 secs using 99.99% CPU
Optimizing NNI: done in 0.000331879 secs using 100% CPU
Optimizing NNI: done in 0.000329018 secs using 99.99% CPU
Iteration 820 / LogL: -179.179 / Time: 0h:0m:2s (0h:0m:0s left)
Optimizing NNI: done in 0.000329971 secs using 100% CPU
Optimizing NNI: done in 0.00032711 secs using 99.97% CPU
Optimizing NNI: done in 0.000392914 secs using 100% CPU
Optimizing NNI: done in 0.000327826 secs using 99.75% CPU
Optimizing NNI: done in 0.000313997 secs using 100.3% CPU
Optimizing NNI: done in 0.000328064 secs using 99.68% CPU
Optimizing NNI: done in 0.000329971 secs using 99.71% CPU
Optimizing NNI: done in 0.000329018 secs using 99.99% CPU
Optimizing NNI: done in 0.000334024 secs using 100.3% CPU
Optimizing NNI: done in 0.000337839 secs using 99.75% CPU
Iteration 830 / LogL: -179.179 / Time: 0h:0m:3s (0h:0m:0s left)
Optimizing NNI: done in 0.000335932 secs using 100.3% CPU
Optimizing NNI: done in 0.000334978 secs using 99.71% CPU
Optimizing NNI: done in 0.000329971 secs using 100.3% CPU
Optimizing NNI: done in 0.000329018 secs using 99.99% CPU
Optimizing NNI: done in 0.00032711 secs using 99.97% CPU
Optimizing NNI: done in 0.000331163 secs using 99.65% CPU
Optimizing NNI: done in 0.000329018 secs using 100.3% CPU
Optimizing NNI: done in 0.000396967 secs using 100% CPU
Optimizing NNI: done in 0.000327826 secs using 100.4% CPU
Optimizing NNI: done in 0.000334978 secs using 100% CPU
Iteration 840 / LogL: -179.179 / Time: 0h:0m:3s (0h:0m:0s left)
Optimizing NNI: done in 0.00033617 secs using 99.95% CPU
Optimizing NNI: done in 0.000323057 secs using 99.98% CPU
Optimizing NNI: done in 0.000335217 secs using 99.94% CPU
Optimizing NNI: done in 0.000332117 secs using 99.66% CPU
Optimizing NNI: done in 0.00033617 secs using 99.95% CPU
Optimizing NNI: done in 0.000334978 secs using 99.71% CPU
Optimizing NNI: done in 0.000328064 secs using 99.98% CPU
Optimizing NNI: done in 0.000331879 secs using 100% CPU
Optimizing NNI: done in 0.000328779 secs using 100.4% CPU
Optimizing NNI: done in 0.000330925 secs using 100% CPU
Iteration 850 / LogL: -179.179 / Time: 0h:0m:3s (0h:0m:0s left)
Log-likelihood cutoff on original alignment: -179.179
Optimizing NNI: done in 0.000349045 secs using 99.41% CPU
Optimizing NNI: done in 0.000335932 secs using 99.72% CPU
Optimizing NNI: done in 0.000334024 secs using 99.99% CPU
Optimizing NNI: done in 0.000334978 secs using 100% CPU
Optimizing NNI: done in 0.000334978 secs using 99.71% CPU
Optimizing NNI: done in 0.000332117 secs using 99.96% CPU
Optimizing NNI: done in 0.000338078 secs using 99.68% CPU
Optimizing NNI: done in 0.000406027 secs using 99.99% CPU
Optimizing NNI: done in 0.000335932 secs using 100.3% CPU
Optimizing NNI: done in 0.000408888 secs using 100% CPU
Iteration 860 / LogL: -179.179 / Time: 0h:0m:3s (0h:0m:0s left)
Optimizing NNI: done in 0.000335932 secs using 100% CPU
Optimizing NNI: done in 0.000327826 secs using 100.1% CPU
Optimizing NNI: done in 0.000328064 secs using 99.98% CPU
Optimizing NNI: done in 0.000329018 secs using 99.99% CPU
Optimizing NNI: done in 0.000329971 secs using 100.3% CPU
Optimizing NNI: done in 0.000335932 secs using 100% CPU
Optimizing NNI: done in 0.000336885 secs using 100% CPU
Optimizing NNI: done in 0.00033617 secs using 99.65% CPU
Optimizing NNI: done in 0.000332832 secs using 100.1% CPU
Optimizing NNI: done in 0.00033617 secs using 100.2% CPU
Iteration 870 / LogL: -179.179 / Time: 0h:0m:3s (0h:0m:0s left)
Optimizing NNI: done in 0.000335932 secs using 100% CPU
Optimizing NNI: done in 0.00033617 secs using 99.65% CPU
Optimizing NNI: done in 0.000332832 secs using 100.1% CPU
Optimizing NNI: done in 0.000402212 secs using 99.95% CPU
Optimizing NNI: done in 0.000335932 secs using 100% CPU
Optimizing NNI: done in 0.000329018 secs using 99.99% CPU
Optimizing NNI: done in 0.000327826 secs using 100.1% CPU
Optimizing NNI: done in 0.000329018 secs using 99.99% CPU
Optimizing NNI: done in 0.000329971 secs using 100% CPU
Optimizing NNI: done in 0.000334978 secs using 100.3% CPU
Iteration 880 / LogL: -179.179 / Time: 0h:0m:3s (0h:0m:0s left)
Optimizing NNI: done in 0.000330925 secs using 99.72% CPU
Optimizing NNI: done in 0.000333071 secs using 99.98% CPU
Optimizing NNI: done in 0.000333071 secs using 99.98% CPU
Optimizing NNI: done in 0.000336885 secs using 100.3% CPU
Optimizing NNI: done in 0.000337839 secs using 99.75% CPU
Optimizing NNI: done in 0.000336885 secs using 100% CPU
Optimizing NNI: done in 0.000339985 secs using 100% CPU
Optimizing NNI: done in 0.000339031 secs using 99.7% CPU
Optimizing NNI: done in 0.000334978 secs using 100.3% CPU
Optimizing NNI: done in 0.000337124 secs using 99.67% CPU
Iteration 890 / LogL: -179.179 / Time: 0h:0m:3s (0h:0m:0s left)
Optimizing NNI: done in 0.000334024 secs using 99.99% CPU
Optimizing NNI: done in 0.000330925 secs using 100% CPU
Optimizing NNI: done in 0.000332117 secs using 99.96% CPU
Optimizing NNI: done in 0.000328064 secs using 99.98% CPU
Optimizing NNI: done in 0.000331163 secs using 99.95% CPU
Optimizing NNI: done in 0.000333071 secs using 99.98% CPU
Optimizing NNI: done in 0.000334024 secs using 99.99% CPU
Optimizing NNI: done in 0.000334024 secs using 99.69% CPU
Optimizing NNI: done in 0.000336885 secs using 99.74% CPU
Optimizing NNI: done in 0.000335217 secs using 99.94% CPU
Iteration 900 / LogL: -179.179 / Time: 0h:0m:3s (0h:0m:0s left)
Log-likelihood cutoff on original alignment: -179.179
NOTE: Bootstrap correlation coefficient of split occurrence frequencies: 0.471
NOTE: UFBoot does not converge, continue at least 100 more iterations
Optimizing NNI: done in 0.000347853 secs using 99.75% CPU
Optimizing NNI: done in 0.000334024 secs using 99.99% CPU
Optimizing NNI: done in 0.000337839 secs using 100% CPU
Optimizing NNI: done in 0.000335932 secs using 100% CPU
Optimizing NNI: done in 0.000335932 secs using 100% CPU
Optimizing NNI: done in 0.000319958 secs using 100% CPU
Optimizing NNI: done in 0.000333071 secs using 99.98% CPU
Optimizing NNI: done in 0.000402927 secs using 100% CPU
Optimizing NNI: done in 0.000334024 secs using 99.69% CPU
Optimizing NNI: done in 0.000329971 secs using 100% CPU
Iteration 910 / LogL: -179.179 / Time: 0h:0m:3s (0h:0m:0s left)
Optimizing NNI: done in 0.000338078 secs using 99.98% CPU
Optimizing NNI: done in 0.000339031 secs using 99.99% CPU
Optimizing NNI: done in 0.000335932 secs using 100% CPU
Optimizing NNI: done in 0.000337839 secs using 99.75% CPU
Optimizing NNI: done in 0.000329971 secs using 99.1% CPU
Optimizing NNI: done in 0.000344038 secs using 99.99% CPU
Optimizing NNI: done in 0.000342846 secs using 98.88% CPU
Optimizing NNI: done in 0.000335932 secs using 100.3% CPU
Optimizing NNI: done in 0.000329971 secs using 100.3% CPU
Optimizing NNI: done in 0.000315905 secs using 100% CPU
Iteration 920 / LogL: -179.179 / Time: 0h:0m:3s (0h:0m:0s left)
Optimizing NNI: done in 0.000327826 secs using 100.4% CPU
Optimizing NNI: done in 0.000333071 secs using 99.98% CPU
Optimizing NNI: done in 0.000334024 secs using 99.99% CPU
Optimizing NNI: done in 0.000335932 secs using 100% CPU
Optimizing NNI: done in 0.000334024 secs using 99.99% CPU
Optimizing NNI: done in 0.000331879 secs using 100% CPU
Optimizing NNI: done in 0.000328064 secs using 100.3% CPU
Optimizing NNI: done in 0.000330925 secs using 99.72% CPU
Optimizing NNI: done in 0.000331163 secs using 99.65% CPU
Optimizing NNI: done in 0.000337839 secs using 100% CPU
Iteration 930 / LogL: -179.179 / Time: 0h:0m:3s (0h:0m:0s left)
Optimizing NNI: done in 0.000339985 secs using 99.71% CPU
Optimizing NNI: done in 0.000341892 secs using 100% CPU
Optimizing NNI: done in 0.000337839 secs using 100.3% CPU
Optimizing NNI: done in 0.000334024 secs using 99.99% CPU
Optimizing NNI: done in 0.00032711 secs using 99.97% CPU
Optimizing NNI: done in 0.000328064 secs using 99.98% CPU
Optimizing NNI: done in 0.000330925 secs using 99.72% CPU
Optimizing NNI: done in 0.000331163 secs using 99.95% CPU
Optimizing NNI: done in 0.000329971 secs using 99.71% CPU
Optimizing NNI: done in 0.000333071 secs using 99.98% CPU
Iteration 940 / LogL: -179.179 / Time: 0h:0m:3s (0h:0m:0s left)
Optimizing NNI: done in 0.000335932 secs using 100% CPU
Optimizing NNI: done in 0.000337124 secs using 99.67% CPU
Optimizing NNI: done in 0.000334978 secs using 99.71% CPU
Optimizing NNI: done in 0.000331879 secs using 100.3% CPU
Optimizing NNI: done in 0.000331879 secs using 100% CPU
Optimizing NNI: done in 0.000333071 secs using 99.98% CPU
Optimizing NNI: done in 0.000338078 secs using 99.68% CPU
Optimizing NNI: done in 0.000335932 secs using 100% CPU
Optimizing NNI: done in 0.000337124 secs using 99.96% CPU
Optimizing NNI: done in 0.000334024 secs using 99.99% CPU
Iteration 950 / LogL: -179.179 / Time: 0h:0m:3s (0h:0m:0s left)
Log-likelihood cutoff on original alignment: -179.179
Optimizing NNI: done in 0.000344992 secs using 99.71% CPU
Optimizing NNI: done in 0.000332832 secs using 100.1% CPU
Optimizing NNI: done in 0.000337124 secs using 99.67% CPU
Optimizing NNI: done in 0.000339031 secs using 99.99% CPU
Optimizing NNI: done in 0.000334978 secs using 100% CPU
Optimizing NNI: done in 0.00033021 secs using 99.94% CPU
Optimizing NNI: done in 0.00033021 secs using 99.63% CPU
Optimizing NNI: done in 0.000329018 secs using 99.99% CPU
Optimizing NNI: done in 0.000333071 secs using 99.98% CPU
Optimizing NNI: done in 0.000336885 secs using 100% CPU
Iteration 960 / LogL: -179.179 / Time: 0h:0m:3s (0h:0m:0s left)
Optimizing NNI: done in 0.000336885 secs using 100% CPU
Optimizing NNI: done in 0.000334978 secs using 100% CPU
Optimizing NNI: done in 0.000330925 secs using 100% CPU
Optimizing NNI: done in 0.000394106 secs using 99.97% CPU
Optimizing NNI: done in 0.000329971 secs using 100% CPU
Optimizing NNI: done in 0.00033617 secs using 100.2% CPU
Optimizing NNI: done in 0.000339985 secs using 100% CPU
Optimizing NNI: done in 0.000340939 secs using 100% CPU
Optimizing NNI: done in 0.0003438 secs using 100.1% CPU
Optimizing NNI: done in 0.000346899 secs using 99.16% CPU
Iteration 970 / LogL: -179.179 / Time: 0h:0m:3s (0h:0m:0s left)
Optimizing NNI: done in 0.00033617 secs using 99.65% CPU
Optimizing NNI: done in 0.000315905 secs using 100% CPU
Optimizing NNI: done in 0.000330925 secs using 99.72% CPU
Optimizing NNI: done in 0.000333786 secs using 100.1% CPU
Optimizing NNI: done in 0.000333071 secs using 99.98% CPU
Optimizing NNI: done in 0.000334024 secs using 100.3% CPU
Optimizing NNI: done in 0.000334978 secs using 100% CPU
Optimizing NNI: done in 0.000329971 secs using 99.71% CPU
Optimizing NNI: done in 0.00032711 secs using 99.97% CPU
Optimizing NNI: done in 0.000330925 secs using 100% CPU
Iteration 980 / LogL: -179.179 / Time: 0h:0m:3s (0h:0m:0s left)
Optimizing NNI: done in 0.000333071 secs using 99.98% CPU
Optimizing NNI: done in 0.000336885 secs using 100% CPU
Optimizing NNI: done in 0.000335932 secs using 100% CPU
Optimizing NNI: done in 0.000329018 secs using 100.3% CPU
Optimizing NNI: done in 0.000333071 secs using 100.3% CPU
Optimizing NNI: done in 0.000335932 secs using 99.72% CPU
Optimizing NNI: done in 0.000332832 secs using 99.75% CPU
Optimizing NNI: done in 0.000337124 secs using 100.3% CPU
Optimizing NNI: done in 0.000337124 secs using 99.96% CPU
Optimizing NNI: done in 0.000334978 secs using 99.71% CPU
Iteration 990 / LogL: -179.179 / Time: 0h:0m:3s (0h:0m:0s left)
Optimizing NNI: done in 0.000325918 secs using 99.72% CPU
Optimizing NNI: done in 0.000331879 secs using 100.3% CPU
Optimizing NNI: done in 0.000332117 secs using 99.96% CPU
Optimizing NNI: done in 0.000329018 secs using 99.69% CPU
Optimizing NNI: done in 0.000328779 secs using 100.1% CPU
Optimizing NNI: done in 0.000329971 secs using 100.3% CPU
Optimizing NNI: done in 0.00033021 secs using 99.33% CPU
Optimizing NNI: done in 0.000331163 secs using 99.95% CPU
Optimizing NNI: done in 0.000324011 secs using 100.3% CPU
Optimizing NNI: done in 0.000337124 secs using 99.96% CPU
Iteration 1000 / LogL: -179.179 / Time: 0h:0m:3s (0h:0m:0s left)
Log-likelihood cutoff on original alignment: -179.179
NOTE: Bootstrap correlation coefficient of split occurrence frequencies: 0.344
NOTE: UFBoot does not converge, continue at least 100 more iterations
Optimizing NNI: done in 0.000346899 secs using 100% CPU
WARNING: bootstrap analysis did not converge. You should rerun with higher number of iterations (-nm option)
TREE SEARCH COMPLETED AFTER 1001 ITERATIONS / Time: 0h:0m:3s

--------------------------------------------------------------------
|                    FINALIZING TREE SEARCH                        |
--------------------------------------------------------------------
Performs final model parameters optimization
Estimate model parameters (epsilon = 0.010)
1. Initial log-likelihood: -179.179
Optimal log-likelihood: -179.179
Parameters optimization took 1 rounds (0.000 sec)
BEST SCORE FOUND : -179.179

Testing tree branches by SH-like aLRT with 1000 replicates...
0.004 sec.
Creating bootstrap support values...
Split supports printed to NEXUS file ../results/molecular_evolution_analyses/phylogenetic_trees/F3714_ECAN_G1/F3714_ECAN_G1.splits.nex
Total tree length: 0.017

Total number of iterations: 1001
CPU time used for tree search: 3.906 sec (0h:0m:3s)
Wall-clock time used for tree search: 3.735 sec (0h:0m:3s)
Total CPU time used: 3.930 sec (0h:0m:3s)
Total wall-clock time used: 3.759 sec (0h:0m:3s)

Computing bootstrap consensus tree...
Reading input file ../results/molecular_evolution_analyses/phylogenetic_trees/F3714_ECAN_G1/F3714_ECAN_G1.splits.nex...
6 taxa and 31 splits.
Consensus tree written to ../results/molecular_evolution_analyses/phylogenetic_trees/F3714_ECAN_G1/F3714_ECAN_G1.contree
Reading input trees file ../results/molecular_evolution_analyses/phylogenetic_trees/F3714_ECAN_G1/F3714_ECAN_G1.contree
Log-likelihood of consensus tree: -179.179

Analysis results written to: 
  IQ-TREE report:                ../results/molecular_evolution_analyses/phylogenetic_trees/F3714_ECAN_G1/F3714_ECAN_G1.iqtree
  Maximum-likelihood tree:       ../results/molecular_evolution_analyses/phylogenetic_trees/F3714_ECAN_G1/F3714_ECAN_G1.treefile
  Likelihood distances:          ../results/molecular_evolution_analyses/phylogenetic_trees/F3714_ECAN_G1/F3714_ECAN_G1.mldist

Ultrafast bootstrap approximation results written to:
  Split support values:          ../results/molecular_evolution_analyses/phylogenetic_trees/F3714_ECAN_G1/F3714_ECAN_G1.splits.nex
  Consensus tree:                ../results/molecular_evolution_analyses/phylogenetic_trees/F3714_ECAN_G1/F3714_ECAN_G1.contree
  Screen log file:               ../results/molecular_evolution_analyses/phylogenetic_trees/F3714_ECAN_G1/F3714_ECAN_G1.log

Date and Time: Wed May  1 12:40:15 2024
