IQ-TREE multicore version 2.2.2.6 COVID-edition for Linux 64-bit built May 27 2023
Developed by Bui Quang Minh, James Barbetti, Nguyen Lam Tung,
Olga Chernomor, Heiko Schmidt, Dominik Schrempf, Michael Woodhams, Ly Trong Nhan.

Host:    lbc5 (AVX2, FMA3, 125 GB RAM)
Command: /home/mauricio/mauricio_PROGRAMAS/iqtree-2.2.2.6-Linux/bin/iqtree2 -s ../results/molecular_evolution_analyses/alignments_gblocks/F65091_MLIG_G1/F65091_MLIG_G1.aln.gblo -m TEST --threads-max 32 --alrt 1000 --ufboot 1000 --prefix ../results/molecular_evolution_analyses/phylogenetic_trees/F65091_MLIG_G1/F65091_MLIG_G1 -keep-ident -redo
Seed:    787201 (Using SPRNG - Scalable Parallel Random Number Generator)
Time:    Wed May  1 10:54:12 2024
Kernel:  AVX+FMA - 1 threads (32 CPU cores detected)

HINT: Use -nt option to specify number of threads because your CPU has 32 cores!
HINT: -nt AUTO will automatically determine the best number of threads to use.

Reading alignment file ../results/molecular_evolution_analyses/alignments_gblocks/F65091_MLIG_G1/F65091_MLIG_G1.aln.gblo ... Fasta format detected
Reading fasta file: done in 8.70228e-05 secs using 97.68% CPU
Alignment most likely contains protein sequences
Constructing alignment: done in 0.000448942 secs using 99.79% CPU
Alignment has 5 sequences with 451 columns, 113 distinct patterns
144 parsimony-informative, 2 singleton sites, 305 constant sites
            Gap/Ambiguity  Composition  p-value
Analyzing sequences: done in 9.05991e-06 secs using 99.34% CPU
   1  Mlig.27421    0.00%    passed    100.00%
   2  Mlig.27422    0.00%    passed    100.00%
   3  Mlig.27423    0.00%    passed     99.99%
   4  Mlig.29290    0.00%    passed     98.75%
   5  Mlig.35296    0.00%    passed     98.42%
****  TOTAL         0.00%  0 sequences failed composition chi2 test (p-value<5%; df=19)


Create initial parsimony tree by phylogenetic likelihood library (PLL)... 0.000 seconds
Perform fast likelihood tree search using LG+I+G model...
Estimate model parameters (epsilon = 5.000)
Perform nearest neighbor interchange...
Optimizing NNI: done in 0.004246 secs using 99.91% CPU
Estimate model parameters (epsilon = 1.000)
1. Initial log-likelihood: -1952.227
Optimal log-likelihood: -1951.862
Proportion of invariable sites: 0.346
Gamma shape alpha: 3.485
Parameters optimization took 1 rounds (0.005 sec)
Time for fast ML tree search: 0.015 seconds

NOTE: ModelFinder requires 0 MB RAM!
ModelFinder will test up to 224 protein models (sample size: 451) ...
 No. Model         -LnL         df  AIC          AICc         BIC
  1  LG            1954.921     7   3923.843     3924.096     3952.623
  2  LG+I          1951.790     8   3919.580     3919.906     3952.472
  3  LG+G4         1951.813     8   3919.625     3919.951     3952.517
  4  LG+I+G4       1951.781     9   3921.562     3921.970     3958.565
  5  LG+F          1928.391     26  3908.781     3912.092     4015.679
  6  LG+F+I        1926.324     27  3906.649     3910.223     4017.658
  7  LG+F+G4       1926.122     27  3906.243     3909.818     4017.253
  8  LG+F+I+G4     1926.307     28  3908.613     3912.462     4023.734
  9  WAG           1949.726     7   3913.452     3913.705     3942.232
 10  WAG+I         1949.521     8   3915.042     3915.367     3947.933
 11  WAG+G4        1949.537     8   3915.074     3915.400     3947.966
 12  WAG+I+G4      1950.089     9   3918.178     3918.586     3955.181
 13  WAG+F         1929.886     26  3911.772     3915.083     4018.670
 14  WAG+F+I       1929.334     27  3912.667     3916.242     4023.677
 15  WAG+F+G4      1929.367     27  3912.734     3916.308     4023.743
 16  WAG+F+I+G4    1929.626     28  3915.252     3919.101     4030.373
 17  JTT           1949.691     7   3913.382     3913.635     3942.163
 18  JTT+I         1947.663     8   3911.326     3911.652     3944.218
 19  JTT+G4        1947.774     8   3911.549     3911.874     3944.440
 20  JTT+I+G4      1947.663     9   3913.326     3913.735     3950.330
 21  JTT+F         1926.998     26  3905.996     3909.308     4012.894
 22  JTT+F+I       1924.698     27  3903.395     3906.970     4014.405
 23  JTT+F+G4      1924.786     27  3903.572     3907.147     4014.582
 24  JTT+F+I+G4    1924.710     28  3905.421     3909.269     4020.542
WARNING: Normalizing state frequencies so that sum of them equals to 1
 25  Q.pfam        1950.740     7   3915.480     3915.732     3944.260
WARNING: Normalizing state frequencies so that sum of them equals to 1
 26  Q.pfam+I      1948.559     8   3913.119     3913.444     3946.010
WARNING: Normalizing state frequencies so that sum of them equals to 1
 27  Q.pfam+G4     1948.628     8   3913.255     3913.581     3946.147
WARNING: Normalizing state frequencies so that sum of them equals to 1
 28  Q.pfam+I+G4   1948.571     9   3915.143     3915.551     3952.146
WARNING: Normalizing state frequencies so that sum of them equals to 1
 29  Q.pfam+F      1927.421     26  3906.841     3910.152     4013.739
WARNING: Normalizing state frequencies so that sum of them equals to 1
 30  Q.pfam+F+I    1926.245     27  3906.490     3910.064     4017.500
WARNING: Normalizing state frequencies so that sum of them equals to 1
 31  Q.pfam+F+G4   1926.129     27  3906.258     3909.832     4017.267
WARNING: Normalizing state frequencies so that sum of them equals to 1
 32  Q.pfam+F+I+G4 1926.311     28  3908.623     3912.471     4023.744
WARNING: Normalizing state frequencies so that sum of them equals to 1
 33  Q.bird        1981.898     7   3977.797     3978.049     4006.577
WARNING: Normalizing state frequencies so that sum of them equals to 1
 34  Q.bird+I      1965.031     8   3946.061     3946.387     3978.953
WARNING: Normalizing state frequencies so that sum of them equals to 1
 35  Q.bird+G4     1965.857     8   3947.714     3948.040     3980.606
WARNING: Normalizing state frequencies so that sum of them equals to 1
 36  Q.bird+I+G4   1965.726     9   3949.452     3949.860     3986.455
WARNING: Normalizing state frequencies so that sum of them equals to 1
 37  Q.bird+F      1950.047     26  3952.095     3955.406     4058.993
WARNING: Normalizing state frequencies so that sum of them equals to 1
 38  Q.bird+F+I    1934.622     27  3923.244     3926.818     4034.254
WARNING: Normalizing state frequencies so that sum of them equals to 1
 39  Q.bird+F+G4   1935.071     27  3924.142     3927.716     4035.152
WARNING: Normalizing state frequencies so that sum of them equals to 1
 40  Q.bird+F+I+G4 1934.969     28  3925.937     3929.786     4041.059
WARNING: Normalizing state frequencies so that sum of them equals to 1
 41  Q.mammal      1975.504     7   3965.008     3965.261     3993.789
WARNING: Normalizing state frequencies so that sum of them equals to 1
 42  Q.mammal+I    1965.322     8   3946.643     3946.969     3979.535
WARNING: Normalizing state frequencies so that sum of them equals to 1
 43  Q.mammal+G4   1966.043     8   3948.086     3948.411     3980.977
WARNING: Normalizing state frequencies so that sum of them equals to 1
 44  Q.mammal+I+G4 1965.849     9   3949.699     3950.107     3986.702
WARNING: Normalizing state frequencies so that sum of them equals to 1
 45  Q.mammal+F    1941.291     26  3934.582     3937.893     4041.480
WARNING: Normalizing state frequencies so that sum of them equals to 1
 46  Q.mammal+F+I  1932.283     27  3918.565     3922.140     4029.575
WARNING: Normalizing state frequencies so that sum of them equals to 1
 47  Q.mammal+F+G4 1932.715     27  3919.431     3923.005     4030.441
WARNING: Normalizing state frequencies so that sum of them equals to 1
 48  Q.mammal+F+I+G4 1932.574     28  3921.149     3924.997     4036.270
 49  Q.insect      1967.733     7   3949.465     3949.718     3978.246
 50  Q.insect+I    1965.022     8   3946.044     3946.369     3978.935
 51  Q.insect+G4   1965.205     8   3946.410     3946.735     3979.301
 52  Q.insect+I+G4 1965.061     9   3948.122     3948.530     3985.125
 53  Q.insect+F    1920.320     26  3892.641     3895.952     3999.539
 54  Q.insect+F+I  1918.933     27  3891.865     3895.439     4002.875
 55  Q.insect+F+G4 1918.838     27  3891.675     3895.250     4002.685
 56  Q.insect+F+I+G4 1918.963     28  3893.927     3897.775     4009.048
WARNING: Normalizing state frequencies so that sum of them equals to 1
 57  Q.plant       1963.875     7   3941.751     3942.004     3970.531
WARNING: Normalizing state frequencies so that sum of them equals to 1
 58  Q.plant+I     1952.958     8   3921.916     3922.242     3954.808
WARNING: Normalizing state frequencies so that sum of them equals to 1
 59  Q.plant+G4    1953.342     8   3922.683     3923.009     3955.575
WARNING: Normalizing state frequencies so that sum of them equals to 1
 60  Q.plant+I+G4  1953.201     9   3924.402     3924.810     3961.405
WARNING: Normalizing state frequencies so that sum of them equals to 1
 61  Q.plant+F     1932.311     26  3916.623     3919.934     4023.521
WARNING: Normalizing state frequencies so that sum of them equals to 1
 62  Q.plant+F+I   1923.453     27  3900.905     3904.480     4011.915
WARNING: Normalizing state frequencies so that sum of them equals to 1
 63  Q.plant+F+G4  1923.418     27  3900.835     3904.410     4011.845
WARNING: Normalizing state frequencies so that sum of them equals to 1
 64  Q.plant+F+I+G4 1923.381     28  3902.761     3906.610     4017.882
WARNING: Normalizing state frequencies so that sum of them equals to 1
 65  Q.yeast       1969.109     7   3952.218     3952.471     3980.998
WARNING: Normalizing state frequencies so that sum of them equals to 1
 66  Q.yeast+I     1966.175     8   3948.350     3948.675     3981.241
WARNING: Normalizing state frequencies so that sum of them equals to 1
 67  Q.yeast+G4    1966.222     8   3948.444     3948.770     3981.336
WARNING: Normalizing state frequencies so that sum of them equals to 1
 68  Q.yeast+I+G4  1966.179     9   3950.359     3950.767     3987.362
WARNING: Normalizing state frequencies so that sum of them equals to 1
 69  Q.yeast+F     1921.578     26  3895.156     3898.467     4002.054
WARNING: Normalizing state frequencies so that sum of them equals to 1
 70  Q.yeast+F+I   1920.077     27  3894.154     3897.729     4005.164
WARNING: Normalizing state frequencies so that sum of them equals to 1
 71  Q.yeast+F+G4  1919.883     27  3893.765     3897.340     4004.775
WARNING: Normalizing state frequencies so that sum of them equals to 1
 72  Q.yeast+F+I+G4 1920.103     28  3896.207     3900.055     4011.328
 73  JTTDCMut      1950.085     7   3914.169     3914.422     3942.949
 74  JTTDCMut+I    1947.937     8   3911.875     3912.201     3944.767
 75  JTTDCMut+G4   1948.043     8   3912.086     3912.412     3944.978
 76  JTTDCMut+I+G4 1947.949     9   3913.898     3914.307     3950.902
 77  JTTDCMut+F    1927.929     26  3907.859     3911.170     4014.757
 78  JTTDCMut+F+I  1925.404     27  3904.808     3908.383     4015.818
 79  JTTDCMut+F+G4 1925.498     27  3904.997     3908.571     4016.006
 80  JTTDCMut+F+I+G4 1925.419     28  3906.838     3910.686     4021.959
 81  DCMut         1958.416     7   3930.832     3931.085     3959.612
 82  DCMut+I       1955.519     8   3927.037     3927.363     3959.929
 83  DCMut+G4      1955.501     8   3927.003     3927.329     3959.895
 84  DCMut+I+G4    1955.516     9   3929.032     3929.440     3966.035
 85  DCMut+F       1933.729     26  3919.459     3922.770     4026.357
 86  DCMut+F+I     1928.240     27  3910.480     3914.055     4021.490
 87  DCMut+F+G4    1928.467     27  3910.935     3914.509     4021.945
 88  DCMut+F+I+G4  1928.311     28  3912.622     3916.470     4027.743
 89  VT            1951.172     7   3916.343     3916.596     3945.123
 90  VT+I          1951.172     8   3918.343     3918.669     3951.235
 91  VT+G4         1951.172     8   3918.344     3918.670     3951.236
 92  VT+I+G4       1952.831     9   3923.661     3924.069     3960.664
 93  VT+F          1927.320     26  3906.640     3909.951     4013.538
 94  VT+F+I        1927.320     27  3908.640     3912.215     4019.650
 95  VT+F+G4       1927.321     27  3908.642     3912.216     4019.651
 96  VT+F+I+G4     1929.094     28  3914.188     3918.036     4029.309
 97  PMB           1978.949     7   3971.898     3972.150     4000.678
 98  PMB+I         1978.949     8   3973.898     3974.223     4006.789
 99  PMB+G4        1978.949     8   3973.898     3974.224     4006.790
100  PMB+I+G4      1980.320     9   3978.640     3979.048     4015.643
101  PMB+F         1939.989     26  3931.977     3935.289     4038.875
102  PMB+F+I       1939.989     27  3933.977     3937.552     4044.987
103  PMB+F+G4      1939.989     27  3933.978     3937.553     4044.988
104  PMB+F+I+G4    1941.474     28  3938.948     3942.796     4054.069
105  Blosum62      1973.467     7   3960.933     3961.186     3989.713
106  Blosum62+I    1973.464     8   3962.927     3963.253     3995.819
107  Blosum62+G4   1973.470     8   3962.941     3963.266     3995.832
108  Blosum62+I+G4 1974.553     9   3967.105     3967.513     4004.108
109  Blosum62+F    1938.947     26  3929.895     3933.206     4036.793
110  Blosum62+F+I  1938.941     27  3931.881     3935.456     4042.891
111  Blosum62+F+G4 1938.947     27  3931.894     3935.469     4042.904
112  Blosum62+F+I+G4 1940.298     28  3936.597     3940.445     4051.718
113  Dayhoff       1958.386     7   3930.773     3931.026     3959.553
114  Dayhoff+I     1955.441     8   3926.881     3927.207     3959.773
115  Dayhoff+G4    1955.426     8   3926.852     3927.178     3959.743
116  Dayhoff+I+G4  1955.437     9   3928.875     3929.283     3965.878
117  Dayhoff+F     1933.747     26  3919.495     3922.806     4026.393
118  Dayhoff+F+I   1928.177     27  3910.353     3913.928     4021.363
119  Dayhoff+F+G4  1928.410     27  3910.821     3914.395     4021.831
120  Dayhoff+F+I+G4 1928.251     28  3912.501     3916.350     4027.622
121  mtREV         2149.358     7   4312.716     4312.969     4341.496
122  mtREV+I       2128.602     8   4273.203     4273.529     4306.095
123  mtREV+G4      2129.011     8   4274.021     4274.347     4306.913
124  mtREV+I+G4    2128.869     9   4275.737     4276.145     4312.741
125  mtREV+F       1952.355     26  3956.710     3960.021     4063.608
126  mtREV+F+I     1939.709     27  3933.417     3936.992     4044.427
127  mtREV+F+G4    1939.069     27  3932.138     3935.713     4043.148
128  mtREV+F+I+G4  1939.069     28  3934.138     3937.987     4049.259
129  mtART         2179.466     7   4372.932     4373.185     4401.712
130  mtART+I       2133.223     8   4282.445     4282.771     4315.337
131  mtART+G4      2133.872     8   4283.745     4284.071     4316.637
132  mtART+I+G4    2133.389     9   4284.777     4285.185     4321.780
133  mtART+F       1968.208     26  3988.416     3991.727     4095.314
134  mtART+F+I     1940.150     27  3934.300     3937.874     4045.310
135  mtART+F+G4    1937.808     27  3929.615     3933.190     4040.625
136  mtART+F+I+G4  1937.655     28  3931.310     3935.158     4046.431
137  mtZOA         2135.334     7   4284.668     4284.921     4313.448
138  mtZOA+I       2107.686     8   4231.371     4231.697     4264.263
139  mtZOA+G4      2108.715     8   4233.429     4233.755     4266.321
140  mtZOA+I+G4    2108.390     9   4234.779     4235.188     4271.783
141  mtZOA+F       1949.739     26  3951.479     3954.790     4058.377
142  mtZOA+F+I     1934.082     27  3922.164     3925.739     4033.174
143  mtZOA+F+G4    1932.854     27  3919.708     3923.283     4030.718
144  mtZOA+F+I+G4  1932.873     28  3921.747     3925.595     4036.868
145  mtMet         2165.963     7   4345.926     4346.179     4374.706
146  mtMet+I       2144.827     8   4305.655     4305.980     4338.546
147  mtMet+G4      2146.045     8   4308.090     4308.416     4340.982
148  mtMet+I+G4    2145.781     9   4309.562     4309.970     4346.565
149  mtMet+F       1945.655     26  3943.310     3946.621     4050.208
150  mtMet+F+I     1932.855     27  3919.710     3923.285     4030.720
151  mtMet+F+G4    1932.518     27  3919.036     3922.611     4030.046
152  mtMet+F+I+G4  1932.493     28  3920.986     3924.834     4036.107
153  mtVer         2176.567     7   4367.134     4367.387     4395.915
154  mtVer+I       2145.341     8   4306.683     4307.008     4339.574
155  mtVer+G4      2146.268     8   4308.536     4308.862     4341.428
156  mtVer+I+G4    2146.045     9   4310.091     4310.499     4347.094
157  mtVer+F       1962.851     26  3977.702     3981.013     4084.600
158  mtVer+F+I     1939.911     27  3933.821     3937.396     4044.831
159  mtVer+F+G4    1939.511     27  3933.022     3936.597     4044.032
160  mtVer+F+I+G4  1939.337     28  3934.673     3938.522     4049.795
161  mtInv         2189.682     7   4393.365     4393.618     4422.145
162  mtInv+I       2175.470     8   4366.940     4367.265     4399.831
163  mtInv+G4      2176.507     8   4369.013     4369.339     4401.905
164  mtInv+I+G4    2176.240     9   4370.480     4370.888     4407.483
165  mtInv+F       1936.833     26  3925.667     3928.978     4032.565
166  mtInv+F+I     1929.751     27  3913.501     3917.076     4024.511
167  mtInv+F+G4    1929.201     27  3912.403     3915.977     4023.412
168  mtInv+F+I+G4  1929.346     28  3914.691     3918.540     4029.812
169  mtMAM         2201.862     7   4417.725     4417.977     4446.505
170  mtMAM+I       2144.049     8   4304.098     4304.424     4336.990
171  mtMAM+G4      2142.424     8   4300.848     4301.174     4333.740
172  mtMAM+I+G4    2142.374     9   4302.748     4303.156     4339.751
173  mtMAM+F       1986.654     26  4025.308     4028.619     4132.206
174  mtMAM+F+I     1949.897     27  3953.795     3957.369     4064.804
175  mtMAM+F+G4    1947.770     27  3949.541     3953.115     4060.550
176  mtMAM+F+I+G4  1947.316     28  3950.631     3954.479     4065.752
WARNING: Normalizing state frequencies so that sum of them equals to 1
177  FLAVI         2031.515     7   4077.030     4077.283     4105.811
WARNING: Normalizing state frequencies so that sum of them equals to 1
178  FLAVI+I       1996.060     8   4008.120     4008.446     4041.012
WARNING: Normalizing state frequencies so that sum of them equals to 1
179  FLAVI+G4      1997.151     8   4010.302     4010.628     4043.194
WARNING: Normalizing state frequencies so that sum of them equals to 1
180  FLAVI+I+G4    1996.859     9   4011.719     4012.127     4048.722
WARNING: Normalizing state frequencies so that sum of them equals to 1
181  FLAVI+F       1977.602     26  4007.204     4010.516     4114.103
WARNING: Normalizing state frequencies so that sum of them equals to 1
182  FLAVI+F+I     1945.178     27  3944.357     3947.931     4055.366
WARNING: Normalizing state frequencies so that sum of them equals to 1
183  FLAVI+F+G4    1945.127     27  3944.255     3947.829     4055.264
WARNING: Normalizing state frequencies so that sum of them equals to 1
184  FLAVI+F+I+G4  1944.782     28  3945.563     3949.412     4060.684
185  HIVb          1993.574     7   4001.148     4001.400     4029.928
186  HIVb+I        1973.087     8   3962.175     3962.501     3995.067
187  HIVb+G4       1974.179     8   3964.358     3964.684     3997.249
188  HIVb+I+G4     1973.978     9   3965.956     3966.364     4002.959
189  HIVb+F        1958.161     26  3968.322     3971.633     4075.220
190  HIVb+F+I      1937.674     27  3929.349     3932.923     4040.358
191  HIVb+F+G4     1938.414     27  3930.827     3934.402     4041.837
192  HIVb+F+I+G4   1938.217     28  3932.434     3936.282     4047.555
193  HIVw          2051.356     7   4116.711     4116.964     4145.491
194  HIVw+I        2023.959     8   4063.918     4064.244     4096.810
195  HIVw+G4       2023.071     8   4062.142     4062.468     4095.034
196  HIVw+I+G4     2022.993     9   4063.987     4064.395     4100.990
197  HIVw+F        1984.260     26  4020.520     4023.831     4127.418
198  HIVw+F+I      1954.363     27  3962.726     3966.301     4073.736
199  HIVw+F+G4     1954.436     27  3962.872     3966.446     4073.882
200  HIVw+F+I+G4   1954.286     28  3964.572     3968.421     4079.694
201  FLU           1998.546     7   4011.092     4011.345     4039.872
202  FLU+I         1984.369     8   3984.738     3985.064     4017.630
203  FLU+G4        1985.455     8   3986.909     3987.235     4019.801
204  FLU+I+G4      1985.125     9   3988.251     3988.659     4025.254
205  FLU+F         1953.363     26  3958.726     3962.037     4065.624
206  FLU+F+I       1938.587     27  3931.175     3934.749     4042.185
207  FLU+F+G4      1939.473     27  3932.947     3936.521     4043.956
208  FLU+F+I+G4    1939.175     28  3934.350     3938.199     4049.471
209  rtREV         1971.727     7   3957.455     3957.708     3986.235
210  rtREV+I       1969.146     8   3954.292     3954.618     3987.184
211  rtREV+G4      1969.203     8   3954.406     3954.732     3987.298
212  rtREV+I+G4    1969.140     9   3956.280     3956.688     3993.283
213  rtREV+F       1928.783     26  3909.565     3912.876     4016.463
214  rtREV+F+I     1926.839     27  3907.678     3911.252     4018.687
215  rtREV+F+G4    1926.705     27  3907.410     3910.985     4018.420
216  rtREV+F+I+G4  1926.822     28  3909.644     3913.492     4024.765
217  cpREV         1982.836     7   3979.672     3979.925     4008.452
218  cpREV+I       1978.917     8   3973.834     3974.159     4006.725
219  cpREV+G4      1979.108     8   3974.216     3974.542     4007.108
220  cpREV+I+G4    1978.981     9   3975.963     3976.371     4012.966
221  cpREV+F       1944.402     26  3940.803     3944.114     4047.701
222  cpREV+F+I     1938.375     27  3930.749     3934.324     4041.759
223  cpREV+F+G4    1938.573     27  3931.147     3934.721     4042.156
224  cpREV+F+I+G4  1938.484     28  3932.968     3936.816     4048.089
Akaike Information Criterion:           Q.insect+F+G4
Corrected Akaike Information Criterion: Q.insect+F+G4
Bayesian Information Criterion:         JTT
Best-fit model: JTT chosen according to BIC

All model information printed to ../results/molecular_evolution_analyses/phylogenetic_trees/F65091_MLIG_G1/F65091_MLIG_G1.model.gz
CPU time for ModelFinder: 1.690 seconds (0h:0m:1s)
Wall-clock time for ModelFinder: 1.690 seconds (0h:0m:1s)
Generating 1000 samples for ultrafast bootstrap (seed: 787201)...

NOTE: 0 MB RAM (0 GB) is required!
Estimate model parameters (epsilon = 0.100)
1. Initial log-likelihood: -1949.691
Optimal log-likelihood: -1949.691
Parameters optimization took 1 rounds (0.001 sec)
Wrote distance file to... 
Computing ML distances based on estimated model parameters...
Calculating distance matrix: done in 0.00071311 secs using 99.14% CPU
Computing ML distances took 0.000736 sec (of wall-clock time) 0.000731 sec (of CPU time)
Setting up auxiliary I and S matrices: done in 3.48091e-05 secs using 97.68% CPU
Constructing RapidNJ tree: done in 1.81198e-05 secs using 99.34% CPU
Computing RapidNJ tree took 0.000104 sec (of wall-clock time) 0.000103 sec (of CPU time)
Log-likelihood of RapidNJ tree: -1949.692
--------------------------------------------------------------------
|             INITIALIZING CANDIDATE TREE SET                      |
--------------------------------------------------------------------
Generating 99 parsimony trees... 0.013 second
Computing log-likelihood of 8 initial trees ... 0.002 seconds
Current best score: -1949.691

Do NNI search on 9 best initial trees
Optimizing NNI: done in 0.000736952 secs using 200% CPU
Optimizing NNI: done in 0.00152707 secs using 199.9% CPU
Optimizing NNI: done in 0.001508 secs using 199.9% CPU
Optimizing NNI: done in 0.00160384 secs using 200.2% CPU
Optimizing NNI: done in 0.00156784 secs using 199.8% CPU
Optimizing NNI: done in 0.00236797 secs using 200% CPU
Optimizing NNI: done in 0.00236797 secs using 199.7% CPU
Optimizing NNI: done in 0.00243497 secs using 199.9% CPU
Optimizing NNI: done in 0.00243402 secs using 200% CPU
Finish initializing candidate tree set (9)
Current best tree score: -1949.691 / CPU time: 0.035
Number of iterations: 9
--------------------------------------------------------------------
|               OPTIMIZING CANDIDATE TREE SET                      |
--------------------------------------------------------------------
Optimizing NNI: done in 0.00207305 secs using 199.9% CPU
Iteration 10 / LogL: -1949.933 / Time: 0h:0m:0s
Optimizing NNI: done in 0.00217295 secs using 199.8% CPU
Optimizing NNI: done in 0.00142002 secs using 199.9% CPU
Optimizing NNI: done in 0.00141621 secs using 199.9% CPU
Optimizing NNI: done in 0.00206399 secs using 200% CPU
Optimizing NNI: done in 0.00144291 secs using 200% CPU
Optimizing NNI: done in 0.00219703 secs using 200% CPU
Optimizing NNI: done in 0.002316 secs using 200% CPU
Optimizing NNI: done in 0.000629902 secs using 199.2% CPU
Optimizing NNI: done in 0.00143099 secs using 199.9% CPU
Optimizing NNI: done in 0.00142384 secs using 199.9% CPU
Iteration 20 / LogL: -1949.933 / Time: 0h:0m:0s
Optimizing NNI: done in 0.00143313 secs using 199.8% CPU
Optimizing NNI: done in 0.00219798 secs using 200% CPU
Optimizing NNI: done in 0.000611067 secs using 199.8% CPU
Optimizing NNI: done in 0.00139499 secs using 199.9% CPU
Optimizing NNI: done in 0.000610113 secs using 200% CPU
Optimizing NNI: done in 0.00139904 secs using 199.7% CPU
Optimizing NNI: done in 0.00214505 secs using 199.9% CPU
Optimizing NNI: done in 0.001405 secs using 199.9% CPU
Optimizing NNI: done in 0.00141501 secs using 199.9% CPU
Optimizing NNI: done in 0.000620127 secs using 200.1% CPU
Iteration 30 / LogL: -1950.253 / Time: 0h:0m:0s (0h:0m:0s left)
Optimizing NNI: done in 0.00135303 secs using 200.1% CPU
Optimizing NNI: done in 0.00139999 secs using 199.6% CPU
Optimizing NNI: done in 0.000613928 secs using 200% CPU
Optimizing NNI: done in 0.000618935 secs using 199.9% CPU
Optimizing NNI: done in 0.00215197 secs using 199.9% CPU
Optimizing NNI: done in 0.00061512 secs using 200.3% CPU
Optimizing NNI: done in 0.00140786 secs using 200.1% CPU
Optimizing NNI: done in 0.00220919 secs using 199.9% CPU
Optimizing NNI: done in 0.000622988 secs using 200.3% CPU
Optimizing NNI: done in 0.00206494 secs using 200% CPU
Iteration 40 / LogL: -1949.933 / Time: 0h:0m:0s (0h:0m:0s left)
Optimizing NNI: done in 0.00206995 secs using 200% CPU
Optimizing NNI: done in 0.00142002 secs using 200.1% CPU
Optimizing NNI: done in 0.00216699 secs using 200% CPU
Optimizing NNI: done in 0.00135589 secs using 200% CPU
Optimizing NNI: done in 0.00141406 secs using 199.9% CPU
Optimizing NNI: done in 0.00139809 secs using 199.8% CPU
Optimizing NNI: done in 0.00061512 secs using 199.8% CPU
Optimizing NNI: done in 0.00141621 secs using 99.99% CPU
Optimizing NNI: done in 0.00220704 secs using 100% CPU
Optimizing NNI: done in 0.00141501 secs using 100% CPU
Iteration 50 / LogL: -1949.933 / Time: 0h:0m:0s (0h:0m:0s left)
Log-likelihood cutoff on original alignment: -1952.735
Optimizing NNI: done in 0.000653028 secs using 99.54% CPU
Optimizing NNI: done in 0.00214982 secs using 100% CPU
Optimizing NNI: done in 0.000622988 secs using 100.2% CPU
Optimizing NNI: done in 0.00142717 secs using 99.78% CPU
Optimizing NNI: done in 0.00136685 secs using 100% CPU
Optimizing NNI: done in 0.00216007 secs using 100% CPU
Optimizing NNI: done in 0.00141287 secs using 100% CPU
Optimizing NNI: done in 0.00205994 secs using 100% CPU
Optimizing NNI: done in 0.00221181 secs using 99.87% CPU
Optimizing NNI: done in 0.00206995 secs using 100% CPU
Iteration 60 / LogL: -1949.933 / Time: 0h:0m:0s (0h:0m:0s left)
Optimizing NNI: done in 0.00142193 secs using 99.86% CPU
Optimizing NNI: done in 0.000622034 secs using 100.2% CPU
Optimizing NNI: done in 0.00219798 secs using 99.86% CPU
Optimizing NNI: done in 0.00217199 secs using 100% CPU
Optimizing NNI: done in 0.00211501 secs using 100% CPU
Optimizing NNI: done in 0.00135803 secs using 100% CPU
Optimizing NNI: done in 0.00141811 secs using 99.92% CPU
Optimizing NNI: done in 0.00217509 secs using 99.86% CPU
Optimizing NNI: done in 0.00142097 secs using 100% CPU
Optimizing NNI: done in 0.00230384 secs using 99.88% CPU
Iteration 70 / LogL: -1950.097 / Time: 0h:0m:0s (0h:0m:0s left)
Optimizing NNI: done in 0.000614882 secs using 100% CPU
Optimizing NNI: done in 0.00139093 secs using 100% CPU
Optimizing NNI: done in 0.000610113 secs using 100.1% CPU
Optimizing NNI: done in 0.00206208 secs using 100% CPU
Optimizing NNI: done in 0.00221801 secs using 99.95% CPU
Optimizing NNI: done in 0.00232196 secs using 100% CPU
Optimizing NNI: done in 0.00142598 secs using 99.79% CPU
Optimizing NNI: done in 0.00141287 secs using 100% CPU
Optimizing NNI: done in 0.00144291 secs using 100% CPU
Optimizing NNI: done in 0.00219989 secs using 99.87% CPU
Iteration 80 / LogL: -1949.934 / Time: 0h:0m:0s (0h:0m:0s left)
Optimizing NNI: done in 0.00211501 secs using 100% CPU
Optimizing NNI: done in 0.00229383 secs using 100% CPU
Optimizing NNI: done in 0.00141692 secs using 99.86% CPU
Optimizing NNI: done in 0.00229406 secs using 99.95% CPU
Optimizing NNI: done in 0.00220203 secs using 100% CPU
Optimizing NNI: done in 0.00226092 secs using 100% CPU
Optimizing NNI: done in 0.00139999 secs using 99.93% CPU
Optimizing NNI: done in 0.000607967 secs using 100% CPU
Optimizing NNI: done in 0.00204802 secs using 99.9% CPU
Optimizing NNI: done in 0.00219297 secs using 100% CPU
Iteration 90 / LogL: -1949.935 / Time: 0h:0m:0s (0h:0m:0s left)
Optimizing NNI: done in 0.00212193 secs using 100% CPU
Optimizing NNI: done in 0.00216603 secs using 99.95% CPU
Optimizing NNI: done in 0.00208998 secs using 99.95% CPU
Optimizing NNI: done in 0.002177 secs using 100% CPU
Optimizing NNI: done in 0.00141096 secs using 99.86% CPU
Optimizing NNI: done in 0.00142598 secs using 100% CPU
Optimizing NNI: done in 0.00222397 secs using 100% CPU
Optimizing NNI: done in 0.0020411 secs using 100% CPU
Optimizing NNI: done in 0.00211191 secs using 99.96% CPU
Optimizing NNI: done in 0.00139689 secs using 99.86% CPU
Iteration 100 / LogL: -1950.096 / Time: 0h:0m:0s (0h:0m:0s left)
Log-likelihood cutoff on original alignment: -1952.735
NOTE: Bootstrap correlation coefficient of split occurrence frequencies: 1.000
Optimizing NNI: done in 0.00143003 secs using 99.93% CPU
TREE SEARCH COMPLETED AFTER 101 ITERATIONS / Time: 0h:0m:0s

--------------------------------------------------------------------
|                    FINALIZING TREE SEARCH                        |
--------------------------------------------------------------------
Performs final model parameters optimization
Estimate model parameters (epsilon = 0.010)
1. Initial log-likelihood: -1949.691
Optimal log-likelihood: -1949.691
Parameters optimization took 1 rounds (0.001 sec)
BEST SCORE FOUND : -1949.691

Testing tree branches by SH-like aLRT with 1000 replicates...
0.019 sec.
Creating bootstrap support values...
Split supports printed to NEXUS file ../results/molecular_evolution_analyses/phylogenetic_trees/F65091_MLIG_G1/F65091_MLIG_G1.splits.nex
Total tree length: 0.433

Total number of iterations: 101
CPU time used for tree search: 0.645 sec (0h:0m:0s)
Wall-clock time used for tree search: 0.454 sec (0h:0m:0s)
Total CPU time used: 0.693 sec (0h:0m:0s)
Total wall-clock time used: 0.500 sec (0h:0m:0s)

Computing bootstrap consensus tree...
Reading input file ../results/molecular_evolution_analyses/phylogenetic_trees/F65091_MLIG_G1/F65091_MLIG_G1.splits.nex...
5 taxa and 9 splits.
Consensus tree written to ../results/molecular_evolution_analyses/phylogenetic_trees/F65091_MLIG_G1/F65091_MLIG_G1.contree
Reading input trees file ../results/molecular_evolution_analyses/phylogenetic_trees/F65091_MLIG_G1/F65091_MLIG_G1.contree
Log-likelihood of consensus tree: -1949.693

Analysis results written to: 
  IQ-TREE report:                ../results/molecular_evolution_analyses/phylogenetic_trees/F65091_MLIG_G1/F65091_MLIG_G1.iqtree
  Maximum-likelihood tree:       ../results/molecular_evolution_analyses/phylogenetic_trees/F65091_MLIG_G1/F65091_MLIG_G1.treefile
  Likelihood distances:          ../results/molecular_evolution_analyses/phylogenetic_trees/F65091_MLIG_G1/F65091_MLIG_G1.mldist

Ultrafast bootstrap approximation results written to:
  Split support values:          ../results/molecular_evolution_analyses/phylogenetic_trees/F65091_MLIG_G1/F65091_MLIG_G1.splits.nex
  Consensus tree:                ../results/molecular_evolution_analyses/phylogenetic_trees/F65091_MLIG_G1/F65091_MLIG_G1.contree
  Screen log file:               ../results/molecular_evolution_analyses/phylogenetic_trees/F65091_MLIG_G1/F65091_MLIG_G1.log

Date and Time: Wed May  1 10:54:15 2024
