IQ-TREE multicore version 2.2.2.6 COVID-edition for Linux 64-bit built May 27 2023
Developed by Bui Quang Minh, James Barbetti, Nguyen Lam Tung,
Olga Chernomor, Heiko Schmidt, Dominik Schrempf, Michael Woodhams, Ly Trong Nhan.

Host:    lbc5 (AVX2, FMA3, 125 GB RAM)
Command: /home/mauricio/mauricio_PROGRAMAS/iqtree-2.2.2.6-Linux/bin/iqtree2 -s ../results/molecular_evolution_analyses/alignments_gblocks/F121454_MLIG_G1/F121454_MLIG_G1.aln.gblo -m TEST --threads-max 32 --alrt 1000 --ufboot 1000 --prefix ../results/molecular_evolution_analyses/phylogenetic_trees/F121454_MLIG_G1/F121454_MLIG_G1 -keep-ident -redo
Seed:    271961 (Using SPRNG - Scalable Parallel Random Number Generator)
Time:    Wed May  1 09:51:23 2024
Kernel:  AVX+FMA - 1 threads (32 CPU cores detected)

HINT: Use -nt option to specify number of threads because your CPU has 32 cores!
HINT: -nt AUTO will automatically determine the best number of threads to use.

Reading alignment file ../results/molecular_evolution_analyses/alignments_gblocks/F121454_MLIG_G1/F121454_MLIG_G1.aln.gblo ... Fasta format detected
Reading fasta file: done in 8.39233e-05 secs using 98.9% CPU
Alignment most likely contains protein sequences
Constructing alignment: done in 0.000366926 secs using 100% CPU
Alignment has 6 sequences with 377 columns, 104 distinct patterns
136 parsimony-informative, 1 singleton sites, 240 constant sites
            Gap/Ambiguity  Composition  p-value
Analyzing sequences: done in 9.05991e-06 secs using 88.3% CPU
   1  Mlig.23104    0.00%    passed    100.00%
   2  Mlig.23105    0.00%    passed    100.00%
   3  Mlig.23102    0.00%    passed    100.00%
   4  Mlig.23103    0.00%    passed    100.00%
   5  Mlig.25390    0.00%    passed     80.23%
   6  Mlig.25391    0.00%    passed     80.46%
****  TOTAL         0.00%  0 sequences failed composition chi2 test (p-value<5%; df=19)


Create initial parsimony tree by phylogenetic likelihood library (PLL)... 0.000 seconds
Perform fast likelihood tree search using LG+I+G model...
Estimate model parameters (epsilon = 5.000)
Perform nearest neighbor interchange...
Optimizing NNI: done in 0.00242186 secs using 99.88% CPU
Estimate model parameters (epsilon = 1.000)
1. Initial log-likelihood: -1650.053
Optimal log-likelihood: -1649.930
Proportion of invariable sites: 0.314
Gamma shape alpha: 998.639
Parameters optimization took 1 rounds (0.004 sec)
Time for fast ML tree search: 0.020 seconds

NOTE: ModelFinder requires 0 MB RAM!
ModelFinder will test up to 224 protein models (sample size: 377) ...
 No. Model         -LnL         df  AIC          AICc         BIC
  1  LG            1648.463     9   3314.926     3315.416     3350.316
  2  LG+I          1648.476     10  3316.952     3317.553     3356.275
  3  LG+G4         1648.463     10  3316.927     3317.528     3356.249
  4  LG+I+G4       1649.732     11  3321.464     3322.188     3364.719
  5  LG+F          1630.223     28  3316.446     3321.112     3426.548
  6  LG+F+I        1630.233     29  3318.467     3323.481     3432.502
  7  LG+F+G4       1630.223     29  3318.446     3323.461     3432.482
  9  WAG           1649.398     9   3316.796     3317.286     3352.186
 10  WAG+I         1649.398     10  3318.796     3319.397     3358.118
 11  WAG+G4        1649.401     10  3318.801     3319.402     3358.124
 13  WAG+F         1633.410     28  3322.819     3327.486     3432.922
 14  WAG+F+I       1633.410     29  3324.819     3329.833     3438.854
 15  WAG+F+G4      1633.412     29  3324.824     3329.839     3438.859
 17  JTT           1644.878     9   3307.757     3308.247     3343.147
 18  JTT+I         1644.878     10  3309.757     3310.358     3349.079
 19  JTT+G4        1644.881     10  3309.761     3310.362     3349.084
 21  JTT+F         1629.251     28  3314.503     3319.169     3424.606
 22  JTT+F+I       1629.251     29  3316.503     3321.517     3430.538
 23  JTT+F+G4      1629.253     29  3316.506     3321.521     3430.541
WARNING: Normalizing state frequencies so that sum of them equals to 1
 25  Q.pfam        1644.801     9   3307.602     3308.092     3342.992
WARNING: Normalizing state frequencies so that sum of them equals to 1
 26  Q.pfam+I      1644.801     10  3309.602     3310.203     3348.924
WARNING: Normalizing state frequencies so that sum of them equals to 1
 27  Q.pfam+G4     1644.802     10  3309.604     3310.205     3348.926
WARNING: Normalizing state frequencies so that sum of them equals to 1
 29  Q.pfam+F      1631.527     28  3319.055     3323.721     3429.158
WARNING: Normalizing state frequencies so that sum of them equals to 1
 30  Q.pfam+F+I    1631.527     29  3321.055     3326.069     3435.090
WARNING: Normalizing state frequencies so that sum of them equals to 1
 31  Q.pfam+F+G4   1631.528     29  3321.057     3326.071     3435.092
WARNING: Normalizing state frequencies so that sum of them equals to 1
 33  Q.bird        1665.719     9   3349.439     3349.929     3384.829
WARNING: Normalizing state frequencies so that sum of them equals to 1
 34  Q.bird+I      1662.421     10  3344.841     3345.442     3384.164
WARNING: Normalizing state frequencies so that sum of them equals to 1
 35  Q.bird+G4     1662.633     10  3345.267     3345.868     3384.589
WARNING: Normalizing state frequencies so that sum of them equals to 1
 37  Q.bird+F      1643.885     28  3343.770     3348.436     3453.872
WARNING: Normalizing state frequencies so that sum of them equals to 1
 38  Q.bird+F+I    1639.308     29  3336.617     3341.631     3450.652
WARNING: Normalizing state frequencies so that sum of them equals to 1
 39  Q.bird+F+G4   1639.600     29  3337.201     3342.215     3451.236
WARNING: Normalizing state frequencies so that sum of them equals to 1
 41  Q.mammal      1664.569     9   3347.138     3347.629     3382.528
WARNING: Normalizing state frequencies so that sum of them equals to 1
 42  Q.mammal+I    1663.382     10  3346.764     3347.365     3386.086
WARNING: Normalizing state frequencies so that sum of them equals to 1
 43  Q.mammal+G4   1663.557     10  3347.113     3347.714     3386.436
WARNING: Normalizing state frequencies so that sum of them equals to 1
 45  Q.mammal+F    1640.997     28  3337.995     3342.662     3448.098
WARNING: Normalizing state frequencies so that sum of them equals to 1
 46  Q.mammal+F+I  1638.913     29  3335.827     3340.841     3449.862
WARNING: Normalizing state frequencies so that sum of them equals to 1
 47  Q.mammal+F+G4 1639.235     29  3336.470     3341.484     3450.505
 49  Q.insect      1667.952     9   3353.904     3354.394     3389.294
 50  Q.insect+I    1667.937     10  3355.874     3356.475     3395.197
 51  Q.insect+G4   1667.966     10  3355.931     3356.532     3395.254
 53  Q.insect+F    1633.150     28  3322.300     3326.966     3432.403
 54  Q.insect+F+I  1633.162     29  3324.324     3329.339     3438.360
 55  Q.insect+F+G4 1633.172     29  3324.344     3329.358     3438.379
WARNING: Normalizing state frequencies so that sum of them equals to 1
 57  Q.plant       1653.923     9   3325.847     3326.337     3361.237
WARNING: Normalizing state frequencies so that sum of them equals to 1
 58  Q.plant+I     1651.990     10  3323.981     3324.582     3363.303
WARNING: Normalizing state frequencies so that sum of them equals to 1
 59  Q.plant+G4    1652.192     10  3324.384     3324.985     3363.706
WARNING: Normalizing state frequencies so that sum of them equals to 1
 61  Q.plant+F     1634.394     28  3324.787     3329.454     3434.890
WARNING: Normalizing state frequencies so that sum of them equals to 1
 62  Q.plant+F+I   1632.712     29  3323.424     3328.438     3437.459
WARNING: Normalizing state frequencies so that sum of them equals to 1
 63  Q.plant+F+G4  1632.830     29  3323.660     3328.674     3437.695
WARNING: Normalizing state frequencies so that sum of them equals to 1
 65  Q.yeast       1674.324     9   3366.648     3367.138     3402.038
WARNING: Normalizing state frequencies so that sum of them equals to 1
 66  Q.yeast+I     1674.301     10  3368.601     3369.202     3407.924
WARNING: Normalizing state frequencies so that sum of them equals to 1
 67  Q.yeast+G4    1674.332     10  3368.663     3369.264     3407.986
WARNING: Normalizing state frequencies so that sum of them equals to 1
 69  Q.yeast+F     1632.636     28  3321.272     3325.938     3431.374
WARNING: Normalizing state frequencies so that sum of them equals to 1
 70  Q.yeast+F+I   1632.640     29  3323.281     3328.295     3437.316
WARNING: Normalizing state frequencies so that sum of them equals to 1
 71  Q.yeast+F+G4  1632.654     29  3323.308     3328.323     3437.343
 73  JTTDCMut      1644.893     9   3307.785     3308.276     3343.175
 74  JTTDCMut+I    1644.893     10  3309.785     3310.386     3349.108
 75  JTTDCMut+G4   1644.895     10  3309.790     3310.391     3349.112
 77  JTTDCMut+F    1628.980     28  3313.961     3318.627     3424.064
 78  JTTDCMut+F+I  1628.980     29  3315.961     3320.975     3429.996
 79  JTTDCMut+F+G4 1628.982     29  3315.964     3320.979     3429.999
 81  DCMut         1665.746     9   3349.491     3349.982     3384.882
 82  DCMut+I       1665.534     10  3351.068     3351.669     3390.391
 83  DCMut+G4      1665.657     10  3351.313     3351.914     3390.636
 85  DCMut+F       1640.262     28  3336.525     3341.191     3446.628
 86  DCMut+F+I     1639.791     29  3337.581     3342.595     3451.616
 87  DCMut+F+G4    1639.974     29  3337.948     3342.962     3451.983
 89  VT            1650.538     9   3319.076     3319.566     3354.466
 90  VT+I          1650.538     10  3321.076     3321.677     3360.398
 91  VT+G4         1650.543     10  3321.086     3321.687     3360.408
 93  VT+F          1633.285     28  3322.570     3327.237     3432.673
 94  VT+F+I        1633.285     29  3324.570     3329.585     3438.606
 95  VT+F+G4       1633.290     29  3324.580     3329.594     3438.615
 97  PMB           1659.344     9   3336.688     3337.179     3372.079
 98  PMB+I         1659.344     10  3338.688     3339.290     3378.011
 99  PMB+G4        1659.349     10  3338.697     3339.298     3378.019
101  PMB+F         1641.597     28  3339.194     3343.860     3449.296
102  PMB+F+I       1641.597     29  3341.194     3346.208     3455.229
103  PMB+F+G4      1641.601     29  3341.202     3346.216     3455.237
105  Blosum62      1660.785     9   3339.570     3340.060     3374.960
106  Blosum62+I    1660.785     10  3341.570     3342.171     3380.892
107  Blosum62+G4   1660.788     10  3341.577     3342.178     3380.899
109  Blosum62+F    1643.078     28  3342.155     3346.822     3452.258
110  Blosum62+F+I  1643.078     29  3344.155     3349.170     3458.191
111  Blosum62+F+G4 1643.081     29  3344.162     3349.177     3458.197
113  Dayhoff       1665.702     9   3349.404     3349.894     3384.794
114  Dayhoff+I     1665.470     10  3350.940     3351.541     3390.262
115  Dayhoff+G4    1665.614     10  3351.228     3351.829     3390.551
117  Dayhoff+F     1640.223     28  3336.445     3341.112     3446.548
118  Dayhoff+F+I   1639.725     29  3337.449     3342.464     3451.484
119  Dayhoff+F+G4  1639.916     29  3337.832     3342.846     3451.867
121  mtREV         1759.633     9   3537.266     3537.757     3572.656
122  mtREV+I       1753.606     10  3527.211     3527.812     3566.534
123  mtREV+G4      1753.785     10  3527.570     3528.171     3566.893
125  mtREV+F       1646.640     28  3349.280     3353.946     3459.383
126  mtREV+F+I     1642.872     29  3343.743     3348.757     3457.778
127  mtREV+F+G4    1643.130     29  3344.260     3349.274     3458.295
129  mtART         1816.777     9   3651.555     3652.045     3686.945
130  mtART+I       1783.625     10  3587.251     3587.852     3626.573
131  mtART+G4      1774.795     10  3569.590     3570.191     3608.912
133  mtART+F       1696.560     28  3449.119     3453.786     3559.222
134  mtART+F+I     1672.152     29  3402.305     3407.319     3516.340
135  mtART+F+G4    1662.971     29  3383.941     3388.956     3497.977
137  mtZOA         1757.076     9   3532.151     3532.642     3567.541
138  mtZOA+I       1744.826     10  3509.652     3510.253     3548.974
139  mtZOA+G4      1741.526     10  3503.052     3503.653     3542.374
141  mtZOA+F       1662.684     28  3381.369     3386.035     3491.472
142  mtZOA+F+I     1654.545     29  3367.089     3372.104     3481.124
143  mtZOA+F+G4    1651.699     29  3361.398     3366.413     3475.434
145  mtMet         1787.261     9   3592.522     3593.012     3627.912
146  mtMet+I       1780.637     10  3581.275     3581.876     3620.597
147  mtMet+G4      1780.090     10  3580.179     3580.780     3619.502
149  mtMet+F       1647.706     28  3351.412     3356.079     3461.515
150  mtMet+F+I     1643.512     29  3345.023     3350.037     3459.058
151  mtMet+F+G4    1643.040     29  3344.079     3349.094     3458.115
153  mtVer         1780.915     9   3579.830     3580.320     3615.220
154  mtVer+I       1767.940     10  3555.879     3556.480     3595.202
155  mtVer+G4      1767.234     10  3554.467     3555.069     3593.790
157  mtVer+F       1656.220     28  3368.440     3373.107     3478.543
158  mtVer+F+I     1646.833     29  3351.666     3356.680     3465.701
159  mtVer+F+G4    1646.450     29  3350.901     3355.915     3464.936
161  mtInv         1815.520     9   3649.041     3649.531     3684.431
162  mtInv+I       1812.149     10  3644.299     3644.900     3683.621
163  mtInv+G4      1812.001     10  3644.002     3644.603     3683.325
165  mtInv+F       1643.807     28  3343.614     3348.281     3453.717
166  mtInv+F+I     1642.545     29  3343.090     3348.104     3457.125
167  mtInv+F+G4    1642.321     29  3342.642     3347.656     3456.677
169  mtMAM         1788.106     9   3594.213     3594.703     3629.603
170  mtMAM+I       1766.029     10  3552.059     3552.660     3591.381
171  mtMAM+G4      1763.332     10  3546.664     3547.265     3585.986
173  mtMAM+F       1668.501     28  3393.003     3397.669     3503.106
174  mtMAM+F+I     1652.762     29  3363.524     3368.539     3477.559
175  mtMAM+F+G4    1651.597     29  3361.194     3366.209     3475.229
WARNING: Normalizing state frequencies so that sum of them equals to 1
177  FLAVI         1687.769     9   3393.538     3394.029     3428.929
WARNING: Normalizing state frequencies so that sum of them equals to 1
178  FLAVI+I       1675.647     10  3371.294     3371.895     3410.616
WARNING: Normalizing state frequencies so that sum of them equals to 1
179  FLAVI+G4      1674.470     10  3368.939     3369.540     3408.262
WARNING: Normalizing state frequencies so that sum of them equals to 1
181  FLAVI+F       1662.361     28  3380.722     3385.389     3490.825
WARNING: Normalizing state frequencies so that sum of them equals to 1
182  FLAVI+F+I     1650.806     29  3359.613     3364.627     3473.648
WARNING: Normalizing state frequencies so that sum of them equals to 1
183  FLAVI+F+G4    1649.799     29  3357.599     3362.613     3471.634
185  HIVb          1679.927     9   3377.854     3378.345     3413.244
186  HIVb+I        1673.645     10  3367.290     3367.891     3406.612
187  HIVb+G4       1673.959     10  3367.919     3368.520     3407.241
189  HIVb+F        1650.809     28  3357.618     3362.284     3467.721
190  HIVb+F+I      1644.605     29  3347.210     3352.224     3461.245
191  HIVb+F+G4     1644.711     29  3347.421     3352.436     3461.456
193  HIVw          1734.747     9   3487.493     3487.984     3522.884
194  HIVw+I        1725.444     10  3470.889     3471.490     3510.211
195  HIVw+G4       1724.188     10  3468.376     3468.977     3507.698
197  HIVw+F        1669.488     28  3394.975     3399.642     3505.078
198  HIVw+F+I      1659.964     29  3377.929     3382.943     3491.964
199  HIVw+F+G4     1658.597     29  3375.194     3380.209     3489.229
201  FLU           1689.001     9   3396.002     3396.492     3431.392
202  FLU+I         1684.050     10  3388.101     3388.702     3427.423
203  FLU+G4        1684.219     10  3388.438     3389.039     3427.760
205  FLU+F         1650.067     28  3356.134     3360.800     3466.236
206  FLU+F+I       1644.698     29  3347.397     3352.411     3461.432
207  FLU+F+G4      1644.906     29  3347.812     3352.827     3461.847
209  rtREV         1679.716     9   3377.432     3377.923     3412.823
210  rtREV+I       1679.511     10  3379.022     3379.623     3418.344
211  rtREV+G4      1679.622     10  3379.245     3379.846     3418.567
213  rtREV+F       1638.217     28  3332.434     3337.100     3442.537
214  rtREV+F+I     1637.913     29  3333.826     3338.840     3447.861
215  rtREV+F+G4    1638.036     29  3334.072     3339.087     3448.108
217  cpREV         1659.015     9   3336.029     3336.520     3371.420
218  cpREV+I       1658.717     10  3337.435     3338.036     3376.757
219  cpREV+G4      1658.836     10  3337.672     3338.273     3376.994
221  cpREV+F       1638.832     28  3333.663     3338.330     3443.766
222  cpREV+F+I     1638.547     29  3335.094     3340.109     3449.130
223  cpREV+F+G4    1638.657     29  3335.315     3340.329     3449.350
Akaike Information Criterion:           Q.pfam
Corrected Akaike Information Criterion: Q.pfam
Bayesian Information Criterion:         Q.pfam
Best-fit model: Q.pfam chosen according to BIC

All model information printed to ../results/molecular_evolution_analyses/phylogenetic_trees/F121454_MLIG_G1/F121454_MLIG_G1.model.gz
CPU time for ModelFinder: 1.230 seconds (0h:0m:1s)
Wall-clock time for ModelFinder: 1.230 seconds (0h:0m:1s)
Generating 1000 samples for ultrafast bootstrap (seed: 271961)...
WARNING: Normalizing state frequencies so that sum of them equals to 1

NOTE: 0 MB RAM (0 GB) is required!
Estimate model parameters (epsilon = 0.100)
1. Initial log-likelihood: -1644.801
Optimal log-likelihood: -1644.801
Parameters optimization took 1 rounds (0.001 sec)
Wrote distance file to... 
Computing ML distances based on estimated model parameters...
Calculating distance matrix: done in 0.000929117 secs using 99.23% CPU
Computing ML distances took 0.000953 sec (of wall-clock time) 0.000946 sec (of CPU time)
Setting up auxiliary I and S matrices: done in 3.19481e-05 secs using 100.2% CPU
Constructing RapidNJ tree: done in 2.21729e-05 secs using 99.22% CPU
Computing RapidNJ tree took 0.000106 sec (of wall-clock time) 0.000106 sec (of CPU time)
Log-likelihood of RapidNJ tree: -1644.802
--------------------------------------------------------------------
|             INITIALIZING CANDIDATE TREE SET                      |
--------------------------------------------------------------------
Generating 99 parsimony trees... 0.016 second
Computing log-likelihood of 14 initial trees ... 0.004 seconds
Current best score: -1644.801

Do NNI search on 15 best initial trees
Optimizing NNI: done in 0.00111794 secs using 200.1% CPU
UPDATE BEST LOG-LIKELIHOOD: -1644.801
Optimizing NNI: done in 0.00109291 secs using 200.2% CPU
Optimizing NNI: done in 0.000917196 secs using 200% CPU
Optimizing NNI: done in 0.00198007 secs using 200.1% CPU
Optimizing NNI: done in 0.00199199 secs using 199.7% CPU
Optimizing NNI: done in 0.00199008 secs using 199.9% CPU
Optimizing NNI: done in 0.00197887 secs using 199.8% CPU
Optimizing NNI: done in 0.00197291 secs using 200.1% CPU
Optimizing NNI: done in 0.00199509 secs using 199.9% CPU
Optimizing NNI: done in 0.00204802 secs using 200% CPU
Iteration 10 / LogL: -1644.801 / Time: 0h:0m:0s
Optimizing NNI: done in 0.00205898 secs using 199.7% CPU
Optimizing NNI: done in 0.00204897 secs using 200.1% CPU
Optimizing NNI: done in 0.002002 secs using 199.9% CPU
Optimizing NNI: done in 0.00199485 secs using 200% CPU
Optimizing NNI: done in 0.00199819 secs using 199.9% CPU
Finish initializing candidate tree set (15)
Current best tree score: -1644.801 / CPU time: 0.052
Number of iterations: 15
--------------------------------------------------------------------
|               OPTIMIZING CANDIDATE TREE SET                      |
--------------------------------------------------------------------
Optimizing NNI: done in 0.00206208 secs using 199.8% CPU
Optimizing NNI: done in 0.00306892 secs using 199.8% CPU
Optimizing NNI: done in 0.00104189 secs using 199.8% CPU
Optimizing NNI: done in 0.00189304 secs using 200.2% CPU
Optimizing NNI: done in 0.00188017 secs using 199.9% CPU
Iteration 20 / LogL: -1644.801 / Time: 0h:0m:0s
Optimizing NNI: done in 0.00303602 secs using 200.1% CPU
Optimizing NNI: done in 0.00103498 secs using 200.1% CPU
Optimizing NNI: done in 0.00191617 secs using 200% CPU
Optimizing NNI: done in 0.00189614 secs using 199.9% CPU
Optimizing NNI: done in 0.000936031 secs using 200% CPU
Optimizing NNI: done in 0.00412107 secs using 199.9% CPU
Optimizing NNI: done in 0.00103498 secs using 200.1% CPU
Optimizing NNI: done in 0.00191593 secs
Optimizing NNI: done in 0.00193501 secs using 199.8% CPU
Optimizing NNI: done in 0.00186014 secs using 200% CPU
Iteration 30 / LogL: -1644.802 / Time: 0h:0m:0s (0h:0m:0s left)
Optimizing NNI: done in 0.00187778 secs using 199.9% CPU
Optimizing NNI: done in 0.00303507 secs using 200.1% CPU
Optimizing NNI: done in 0.00193906 secs using 199.8% CPU
Optimizing NNI: done in 0.00187492 secs using 199.8% CPU
Optimizing NNI: done in 0.00205302 secs using 200.1% CPU
Optimizing NNI: done in 0.0019269 secs using 200.1% CPU
Optimizing NNI: done in 0.00303102 secs using 200% CPU
Optimizing NNI: done in 0.00178385 secs using 199.7% CPU
UPDATE BEST LOG-LIKELIHOOD: -1644.801
Optimizing NNI: done in 0.00104785 secs using 199.6% CPU
UPDATE BEST LOG-LIKELIHOOD: -1644.801
Optimizing NNI: done in 0.00188994 secs using 199.7% CPU
Iteration 40 / LogL: -1644.801 / Time: 0h:0m:0s (0h:0m:0s left)
Optimizing NNI: done in 0.00178099 secs using 199.9% CPU
Optimizing NNI: done in 0.00185609 secs using 200.1% CPU
Optimizing NNI: done in 0.00413013 secs using 199.9% CPU
Optimizing NNI: done in 0.00306797 secs using 199.9% CPU
Optimizing NNI: done in 0.0019331 secs using 197.5% CPU
Optimizing NNI: done in 0.00210214 secs using 99.8% CPU
Optimizing NNI: done in 0.00288987 secs using 100% CPU
Optimizing NNI: done in 0.00103617 secs using 99.89% CPU
Optimizing NNI: done in 0.00304198 secs using 99.87% CPU
Optimizing NNI: done in 0.00288987 secs using 100% CPU
Iteration 50 / LogL: -1644.802 / Time: 0h:0m:0s (0h:0m:0s left)
Log-likelihood cutoff on original alignment: -1654.229
Optimizing NNI: done in 0.00106382 secs using 99.83% CPU
Optimizing NNI: done in 0.00193 secs using 100% CPU
Optimizing NNI: done in 0.00103378 secs using 100% CPU
Optimizing NNI: done in 0.00103092 secs using 100.1% CPU
Optimizing NNI: done in 0.00205398 secs using 100% CPU
Optimizing NNI: done in 0.000936031 secs using 100% CPU
Optimizing NNI: done in 0.00177383 secs using 100.1% CPU
Optimizing NNI: done in 0.00188494 secs using 100% CPU
Optimizing NNI: done in 0.00206399 secs using 99.81% CPU
Optimizing NNI: done in 0.00286889 secs using 100% CPU
Iteration 60 / LogL: -1644.802 / Time: 0h:0m:0s (0h:0m:0s left)
Optimizing NNI: done in 0.00287485 secs using 100% CPU
Optimizing NNI: done in 0.00209093 secs using 100.1% CPU
Optimizing NNI: done in 0.00410914 secs using 100% CPU
Optimizing NNI: done in 0.00104094 secs using 99.72% CPU
Optimizing NNI: done in 0.00190592 secs using 100% CPU
Optimizing NNI: done in 0.00103188 secs using 99.92% CPU
Optimizing NNI: done in 0.00209498 secs using 99.81% CPU
Optimizing NNI: done in 0.00208497 secs using 99.95% CPU
Optimizing NNI: done in 0.00177503 secs using 100% CPU
Optimizing NNI: done in 0.00187302 secs using 100% CPU
Iteration 70 / LogL: -1644.801 / Time: 0h:0m:0s (0h:0m:0s left)
Optimizing NNI: done in 0.000933886 secs using 99.91% CPU
Optimizing NNI: done in 0.0019331 secs using 99.89% CPU
Optimizing NNI: done in 0.00178003 secs using 100% CPU
Optimizing NNI: done in 0.00103211 secs using 99.99% CPU
Optimizing NNI: done in 0.000941992 secs using 99.68% CPU
Optimizing NNI: done in 0.00411487 secs using 100% CPU
Optimizing NNI: done in 0.00411797 secs using 99.95% CPU
Optimizing NNI: done in 0.00205398 secs using 99.95% CPU
Optimizing NNI: done in 0.00178218 secs using 99.93% CPU
Optimizing NNI: done in 0.00205684 secs using 100% CPU
Iteration 80 / LogL: -1644.802 / Time: 0h:0m:0s (0h:0m:0s left)
Optimizing NNI: done in 0.00178409 secs using 99.83% CPU
Optimizing NNI: done in 0.0018661 secs using 99.99% CPU
Optimizing NNI: done in 0.000851154 secs using 99.98% CPU
Optimizing NNI: done in 0.000932932 secs using 100% CPU
Optimizing NNI: done in 0.00192499 secs using 99.95% CPU
Optimizing NNI: done in 0.00103211 secs using 99.99% CPU
Optimizing NNI: done in 0.00192785 secs using 100% CPU
Optimizing NNI: done in 0.00186992 secs using 100% CPU
Optimizing NNI: done in 0.00305891 secs using 99.9% CPU
Optimizing NNI: done in 0.00102997 secs using 100% CPU
Iteration 90 / LogL: -1644.801 / Time: 0h:0m:0s (0h:0m:0s left)
Optimizing NNI: done in 0.000850201 secs using 99.98% CPU
Optimizing NNI: done in 0.000849962 secs using 100% CPU
Optimizing NNI: done in 0.00105405 secs using 99.33% CPU
Optimizing NNI: done in 0.00206208 secs using 99.85% CPU
Optimizing NNI: done in 0.00204706 secs using 99.95% CPU
Optimizing NNI: done in 0.00103188 secs using 100% CPU
Optimizing NNI: done in 0.00208282 secs using 100% CPU
Optimizing NNI: done in 0.00103307 secs using 99.9% CPU
Optimizing NNI: done in 0.00177598 secs using 100% CPU
Optimizing NNI: done in 0.00103092 secs using 100% CPU
Iteration 100 / LogL: -1644.801 / Time: 0h:0m:0s (0h:0m:0s left)
Log-likelihood cutoff on original alignment: -1654.228
NOTE: Bootstrap correlation coefficient of split occurrence frequencies: 0.994
Optimizing NNI: done in 0.0010581 secs using 99.99% CPU
TREE SEARCH COMPLETED AFTER 101 ITERATIONS / Time: 0h:0m:0s

--------------------------------------------------------------------
|                    FINALIZING TREE SEARCH                        |
--------------------------------------------------------------------
Performs final model parameters optimization
Estimate model parameters (epsilon = 0.010)
1. Initial log-likelihood: -1644.801
Optimal log-likelihood: -1644.801
Parameters optimization took 1 rounds (0.000 sec)
BEST SCORE FOUND : -1644.801

Testing tree branches by SH-like aLRT with 1000 replicates...
0.024 sec.
Creating bootstrap support values...
Split supports printed to NEXUS file ../results/molecular_evolution_analyses/phylogenetic_trees/F121454_MLIG_G1/F121454_MLIG_G1.splits.nex
Total tree length: 0.466

Total number of iterations: 101
CPU time used for tree search: 0.663 sec (0h:0m:0s)
Wall-clock time used for tree search: 0.471 sec (0h:0m:0s)
Total CPU time used: 0.715 sec (0h:0m:0s)
Total wall-clock time used: 0.522 sec (0h:0m:0s)

Computing bootstrap consensus tree...
Reading input file ../results/molecular_evolution_analyses/phylogenetic_trees/F121454_MLIG_G1/F121454_MLIG_G1.splits.nex...
6 taxa and 17 splits.
Consensus tree written to ../results/molecular_evolution_analyses/phylogenetic_trees/F121454_MLIG_G1/F121454_MLIG_G1.contree
Reading input trees file ../results/molecular_evolution_analyses/phylogenetic_trees/F121454_MLIG_G1/F121454_MLIG_G1.contree
Log-likelihood of consensus tree: -1644.804

Analysis results written to: 
  IQ-TREE report:                ../results/molecular_evolution_analyses/phylogenetic_trees/F121454_MLIG_G1/F121454_MLIG_G1.iqtree
  Maximum-likelihood tree:       ../results/molecular_evolution_analyses/phylogenetic_trees/F121454_MLIG_G1/F121454_MLIG_G1.treefile
  Likelihood distances:          ../results/molecular_evolution_analyses/phylogenetic_trees/F121454_MLIG_G1/F121454_MLIG_G1.mldist

Ultrafast bootstrap approximation results written to:
  Split support values:          ../results/molecular_evolution_analyses/phylogenetic_trees/F121454_MLIG_G1/F121454_MLIG_G1.splits.nex
  Consensus tree:                ../results/molecular_evolution_analyses/phylogenetic_trees/F121454_MLIG_G1/F121454_MLIG_G1.contree
  Screen log file:               ../results/molecular_evolution_analyses/phylogenetic_trees/F121454_MLIG_G1/F121454_MLIG_G1.log

Date and Time: Wed May  1 09:51:25 2024
