IQ-TREE multicore version 2.2.2.6 COVID-edition for Linux 64-bit built May 27 2023
Developed by Bui Quang Minh, James Barbetti, Nguyen Lam Tung,
Olga Chernomor, Heiko Schmidt, Dominik Schrempf, Michael Woodhams, Ly Trong Nhan.

Host:    lbc5 (AVX2, FMA3, 125 GB RAM)
Command: /home/mauricio/mauricio_PROGRAMAS/iqtree-2.2.2.6-Linux/bin/iqtree2 -s ../results/molecular_evolution_analyses/alignments_gblocks/F50160_MLIG_G1/F50160_MLIG_G1.aln.gblo -m TEST --threads-max 32 --alrt 1000 --ufboot 1000 --prefix ../results/molecular_evolution_analyses/phylogenetic_trees/F50160_MLIG_G1/F50160_MLIG_G1 -keep-ident -redo
Seed:    49463 (Using SPRNG - Scalable Parallel Random Number Generator)
Time:    Wed May  1 09:22:05 2024
Kernel:  AVX+FMA - 1 threads (32 CPU cores detected)

HINT: Use -nt option to specify number of threads because your CPU has 32 cores!
HINT: -nt AUTO will automatically determine the best number of threads to use.

Reading alignment file ../results/molecular_evolution_analyses/alignments_gblocks/F50160_MLIG_G1/F50160_MLIG_G1.aln.gblo ... Fasta format detected
Reading fasta file: done in 4.69685e-05 secs using 97.94% CPU
Alignment most likely contains protein sequences
Constructing alignment: done in 0.000210047 secs using 99.98% CPU
Alignment has 5 sequences with 357 columns, 117 distinct patterns
78 parsimony-informative, 38 singleton sites, 241 constant sites
            Gap/Ambiguity  Composition  p-value
Analyzing sequences: done in 5.00679e-06 secs using 99.86% CPU
   1  Mlig.14794    0.00%    passed    100.00%
   2  Mlig.20684    0.00%    passed    100.00%
   3  Mlig.11202    0.00%    passed    100.00%
   4  Mlig.11203    0.00%    passed    100.00%
   5  Mlig.48031    0.00%    passed     99.99%
****  TOTAL         0.00%  0 sequences failed composition chi2 test (p-value<5%; df=19)


Create initial parsimony tree by phylogenetic likelihood library (PLL)... 0.000 seconds
Perform fast likelihood tree search using LG+I+G model...
Estimate model parameters (epsilon = 5.000)
Perform nearest neighbor interchange...
Optimizing NNI: done in 0.00203609 secs using 99.65% CPU
Estimate model parameters (epsilon = 1.000)
1. Initial log-likelihood: -1744.478
Optimal log-likelihood: -1744.474
Proportion of invariable sites: 0.338
Gamma shape alpha: 5.409
Parameters optimization took 1 rounds (0.003 sec)
Time for fast ML tree search: 0.016 seconds

NOTE: ModelFinder requires 0 MB RAM!
ModelFinder will test up to 224 protein models (sample size: 357) ...
 No. Model         -LnL         df  AIC          AICc         BIC
  1  LG            1749.183     7   3512.366     3512.687     3539.511
  2  LG+I          1744.638     8   3505.276     3505.690     3536.298
  3  LG+G4         1744.209     8   3504.417     3504.831     3535.439
  4  LG+I+G4       1744.470     9   3506.940     3507.458     3541.839
  5  LG+F          1737.122     26  3526.245     3530.499     3627.066
  6  LG+F+I        1731.495     27  3516.990     3521.586     3621.689
  7  LG+F+G4       1730.884     27  3515.769     3520.365     3620.468
  8  LG+F+I+G4     1731.171     28  3518.341     3523.292     3626.918
  9  WAG           1763.332     7   3540.665     3540.986     3567.809
 10  WAG+I         1760.228     8   3536.455     3536.869     3567.477
 11  WAG+G4        1760.345     8   3536.690     3537.104     3567.712
 12  WAG+I+G4      1760.235     9   3538.470     3538.989     3573.369
 13  WAG+F         1738.759     26  3529.518     3533.772     3630.339
 14  WAG+F+I       1735.195     27  3524.390     3528.985     3629.088
 15  WAG+F+G4      1735.230     27  3524.461     3529.057     3629.160
 16  WAG+F+I+G4    1735.195     28  3526.391     3531.342     3634.968
 17  JTT           1758.829     7   3531.659     3531.980     3558.803
 18  JTT+I         1754.554     8   3525.108     3525.522     3556.130
 19  JTT+G4        1754.340     8   3524.679     3525.093     3555.701
 20  JTT+I+G4      1754.485     9   3526.970     3527.489     3561.870
 21  JTT+F         1739.535     26  3531.071     3535.325     3631.892
 22  JTT+F+I       1734.622     27  3523.244     3527.840     3627.943
 23  JTT+F+G4      1734.346     27  3522.692     3527.288     3627.391
 24  JTT+F+I+G4    1734.504     28  3525.009     3529.960     3633.585
WARNING: Normalizing state frequencies so that sum of them equals to 1
 25  Q.pfam        1752.386     7   3518.773     3519.094     3545.917
WARNING: Normalizing state frequencies so that sum of them equals to 1
 26  Q.pfam+I      1747.891     8   3511.782     3512.195     3542.803
WARNING: Normalizing state frequencies so that sum of them equals to 1
 27  Q.pfam+G4     1747.530     8   3511.060     3511.474     3542.082
WARNING: Normalizing state frequencies so that sum of them equals to 1
 28  Q.pfam+I+G4   1747.762     9   3513.524     3514.042     3548.423
WARNING: Normalizing state frequencies so that sum of them equals to 1
 29  Q.pfam+F      1740.183     26  3532.366     3536.620     3633.187
WARNING: Normalizing state frequencies so that sum of them equals to 1
 30  Q.pfam+F+I    1733.985     27  3521.970     3526.566     3626.669
WARNING: Normalizing state frequencies so that sum of them equals to 1
 31  Q.pfam+F+G4   1733.391     27  3520.782     3525.378     3625.481
WARNING: Normalizing state frequencies so that sum of them equals to 1
 32  Q.pfam+F+I+G4 1733.648     28  3523.296     3528.247     3631.872
WARNING: Normalizing state frequencies so that sum of them equals to 1
 33  Q.bird        1788.115     7   3590.230     3590.550     3617.374
WARNING: Normalizing state frequencies so that sum of them equals to 1
 34  Q.bird+I      1777.324     8   3570.647     3571.061     3601.669
WARNING: Normalizing state frequencies so that sum of them equals to 1
 35  Q.bird+G4     1776.087     8   3568.173     3568.587     3599.195
WARNING: Normalizing state frequencies so that sum of them equals to 1
 36  Q.bird+I+G4   1776.288     9   3570.577     3571.095     3605.476
WARNING: Normalizing state frequencies so that sum of them equals to 1
 37  Q.bird+F      1765.121     26  3582.242     3586.497     3683.063
WARNING: Normalizing state frequencies so that sum of them equals to 1
 38  Q.bird+F+I    1750.836     27  3555.671     3560.267     3660.370
WARNING: Normalizing state frequencies so that sum of them equals to 1
 39  Q.bird+F+G4   1749.539     27  3553.078     3557.674     3657.777
WARNING: Normalizing state frequencies so that sum of them equals to 1
 40  Q.bird+F+I+G4 1749.641     28  3555.281     3560.232     3663.858
WARNING: Normalizing state frequencies so that sum of them equals to 1
 41  Q.mammal      1781.740     7   3577.481     3577.802     3604.625
WARNING: Normalizing state frequencies so that sum of them equals to 1
 42  Q.mammal+I    1774.925     8   3565.850     3566.264     3596.872
WARNING: Normalizing state frequencies so that sum of them equals to 1
 43  Q.mammal+G4   1773.916     8   3563.832     3564.246     3594.854
WARNING: Normalizing state frequencies so that sum of them equals to 1
 44  Q.mammal+I+G4 1774.261     9   3566.522     3567.040     3601.421
WARNING: Normalizing state frequencies so that sum of them equals to 1
 45  Q.mammal+F    1755.063     26  3562.126     3566.381     3662.947
WARNING: Normalizing state frequencies so that sum of them equals to 1
 46  Q.mammal+F+I  1745.193     27  3544.386     3548.982     3649.085
WARNING: Normalizing state frequencies so that sum of them equals to 1
 47  Q.mammal+F+G4 1744.157     27  3542.314     3546.909     3647.013
WARNING: Normalizing state frequencies so that sum of them equals to 1
 48  Q.mammal+F+I+G4 1744.373     28  3544.745     3549.696     3653.322
 49  Q.insect      1755.317     7   3524.634     3524.955     3551.778
 50  Q.insect+I    1749.905     8   3515.810     3516.223     3546.832
 51  Q.insect+G4   1749.258     8   3514.516     3514.930     3545.538
 52  Q.insect+I+G4 1749.554     9   3517.108     3517.627     3552.007
 53  Q.insect+F    1737.801     26  3527.603     3531.857     3628.424
 54  Q.insect+F+I  1731.510     27  3517.020     3521.616     3621.719
 55  Q.insect+F+G4 1730.785     27  3515.571     3520.167     3620.270
 56  Q.insect+F+I+G4 1731.073     28  3518.146     3523.098     3626.723
WARNING: Normalizing state frequencies so that sum of them equals to 1
 57  Q.plant       1761.108     7   3536.217     3536.538     3563.361
WARNING: Normalizing state frequencies so that sum of them equals to 1
 58  Q.plant+I     1752.762     8   3521.524     3521.938     3552.546
WARNING: Normalizing state frequencies so that sum of them equals to 1
 59  Q.plant+G4    1751.286     8   3518.573     3518.987     3549.595
WARNING: Normalizing state frequencies so that sum of them equals to 1
 60  Q.plant+I+G4  1751.652     9   3521.305     3521.823     3556.204
WARNING: Normalizing state frequencies so that sum of them equals to 1
 61  Q.plant+F     1745.249     26  3542.498     3546.752     3643.319
WARNING: Normalizing state frequencies so that sum of them equals to 1
 62  Q.plant+F+I   1735.719     27  3525.437     3530.033     3630.136
WARNING: Normalizing state frequencies so that sum of them equals to 1
 63  Q.plant+F+G4  1734.078     27  3522.157     3526.753     3626.856
WARNING: Normalizing state frequencies so that sum of them equals to 1
 64  Q.plant+F+I+G4 1734.423     28  3524.846     3529.797     3633.422
WARNING: Normalizing state frequencies so that sum of them equals to 1
 65  Q.yeast       1760.885     7   3535.770     3536.091     3562.914
WARNING: Normalizing state frequencies so that sum of them equals to 1
 66  Q.yeast+I     1754.433     8   3524.865     3525.279     3555.887
WARNING: Normalizing state frequencies so that sum of them equals to 1
 67  Q.yeast+G4    1753.940     8   3523.881     3524.295     3554.903
WARNING: Normalizing state frequencies so that sum of them equals to 1
 68  Q.yeast+I+G4  1754.126     9   3526.251     3526.770     3561.151
WARNING: Normalizing state frequencies so that sum of them equals to 1
 69  Q.yeast+F     1739.327     26  3530.654     3534.909     3631.475
WARNING: Normalizing state frequencies so that sum of them equals to 1
 70  Q.yeast+F+I   1732.214     27  3518.427     3523.023     3623.126
WARNING: Normalizing state frequencies so that sum of them equals to 1
 71  Q.yeast+F+G4  1731.554     27  3517.108     3521.704     3621.807
WARNING: Normalizing state frequencies so that sum of them equals to 1
 72  Q.yeast+F+I+G4 1731.782     28  3519.564     3524.515     3628.140
 73  JTTDCMut      1758.757     7   3531.514     3531.835     3558.658
 74  JTTDCMut+I    1754.633     8   3525.265     3525.679     3556.287
 75  JTTDCMut+G4   1754.407     8   3524.814     3525.227     3555.836
 76  JTTDCMut+I+G4 1754.567     9   3527.135     3527.654     3562.034
 77  JTTDCMut+F    1738.870     26  3529.739     3533.994     3630.560
 78  JTTDCMut+F+I  1734.101     27  3522.202     3526.797     3626.900
 79  JTTDCMut+F+G4 1733.815     27  3521.631     3526.227     3626.330
 80  JTTDCMut+F+I+G4 1733.986     28  3523.971     3528.922     3632.548
 81  DCMut         1789.145     7   3592.290     3592.611     3619.434
 82  DCMut+I       1784.117     8   3584.233     3584.647     3615.255
 83  DCMut+G4      1784.200     8   3584.400     3584.814     3615.422
 84  DCMut+I+G4    1784.122     9   3586.244     3586.762     3621.143
 85  DCMut+F       1744.770     26  3541.540     3545.795     3642.361
 86  DCMut+F+I     1739.512     27  3533.023     3537.619     3637.722
 87  DCMut+F+G4    1739.556     27  3533.112     3537.708     3637.811
 88  DCMut+F+I+G4  1739.514     28  3535.027     3539.978     3643.604
 89  VT            1759.505     7   3533.010     3533.331     3560.155
 90  VT+I          1756.727     8   3529.454     3529.868     3560.476
 91  VT+G4         1756.907     8   3529.814     3530.227     3560.835
 92  VT+I+G4       1756.745     9   3531.491     3532.009     3566.390
 93  VT+F          1743.745     26  3539.490     3543.745     3640.311
 94  VT+F+I        1740.649     27  3535.298     3539.893     3639.996
 95  VT+F+G4       1740.744     27  3535.488     3540.084     3640.187
 96  VT+F+I+G4     1740.653     28  3537.305     3542.256     3645.882
 97  PMB           1762.910     7   3539.820     3540.141     3566.965
 98  PMB+I         1760.453     8   3536.906     3537.320     3567.928
 99  PMB+G4        1760.665     8   3537.331     3537.745     3568.353
100  PMB+I+G4      1760.500     9   3539.000     3539.519     3573.900
101  PMB+F         1751.230     26  3554.459     3558.714     3655.280
102  PMB+F+I       1748.145     27  3550.290     3554.886     3654.989
103  PMB+F+G4      1748.274     27  3550.547     3555.143     3655.246
104  PMB+F+I+G4    1748.149     28  3552.298     3557.249     3660.875
105  Blosum62      1761.022     7   3536.044     3536.364     3563.188
106  Blosum62+I    1758.243     8   3532.487     3532.900     3563.508
107  Blosum62+G4   1758.437     8   3532.874     3533.287     3563.895
108  Blosum62+I+G4 1758.262     9   3534.525     3535.044     3569.424
109  Blosum62+F    1750.341     26  3552.681     3556.936     3653.503
110  Blosum62+F+I  1747.075     27  3548.149     3552.745     3652.848
111  Blosum62+F+G4 1747.202     27  3548.405     3553.000     3653.103
112  Blosum62+F+I+G4 1747.075     28  3550.151     3555.102     3658.727
113  Dayhoff       1789.008     7   3592.015     3592.336     3619.159
114  Dayhoff+I     1783.968     8   3583.937     3584.351     3614.959
115  Dayhoff+G4    1784.040     8   3584.081     3584.495     3615.103
116  Dayhoff+I+G4  1783.971     9   3585.943     3586.461     3620.842
117  Dayhoff+F     1744.620     26  3541.239     3545.494     3642.060
118  Dayhoff+F+I   1739.359     27  3532.718     3537.314     3637.417
119  Dayhoff+F+G4  1739.394     27  3532.789     3537.384     3637.488
120  Dayhoff+F+I+G4 1739.358     28  3534.716     3539.667     3643.293
121  mtREV         1818.063     7   3650.125     3650.446     3677.269
122  mtREV+I       1808.170     8   3632.339     3632.753     3663.361
123  mtREV+G4      1805.707     8   3627.414     3627.827     3658.436
124  mtREV+I+G4    1806.172     9   3630.343     3630.862     3665.243
125  mtREV+F       1751.595     26  3555.189     3559.444     3656.010
126  mtREV+F+I     1742.824     27  3539.647     3544.243     3644.346
127  mtREV+F+G4    1740.557     27  3535.114     3539.709     3639.812
128  mtREV+F+I+G4  1741.106     28  3538.212     3543.164     3646.789
129  mtART         1838.580     7   3691.160     3691.481     3718.304
130  mtART+I       1813.076     8   3642.153     3642.567     3673.175
131  mtART+G4      1808.024     8   3632.048     3632.461     3663.070
132  mtART+I+G4    1807.868     9   3633.737     3634.256     3668.636
133  mtART+F       1772.320     26  3596.640     3600.895     3697.461
134  mtART+F+I     1750.756     27  3555.512     3560.108     3660.211
135  mtART+F+G4    1746.714     27  3547.427     3552.023     3652.126
136  mtART+F+I+G4  1746.814     28  3549.627     3554.579     3658.204
137  mtZOA         1810.198     7   3634.397     3634.717     3661.541
138  mtZOA+I       1793.378     8   3602.756     3603.170     3633.778
139  mtZOA+G4      1789.993     8   3595.987     3596.400     3627.008
140  mtZOA+I+G4    1790.195     9   3598.390     3598.908     3633.289
141  mtZOA+F       1756.450     26  3564.900     3569.154     3665.721
142  mtZOA+F+I     1741.278     27  3536.557     3541.152     3641.256
143  mtZOA+F+G4    1738.900     27  3531.799     3536.395     3636.498
144  mtZOA+F+I+G4  1739.142     28  3534.284     3539.235     3642.861
145  mtMet         1826.373     7   3666.747     3667.068     3693.891
146  mtMet+I       1812.383     8   3640.766     3641.180     3671.788
147  mtMet+G4      1810.433     8   3636.866     3637.279     3667.887
148  mtMet+I+G4    1810.613     9   3639.227     3639.746     3674.127
149  mtMet+F       1759.442     26  3570.885     3575.139     3671.706
150  mtMet+F+I     1746.459     27  3546.919     3551.514     3651.618
151  mtMet+F+G4    1744.891     27  3543.783     3548.379     3648.482
152  mtMet+F+I+G4  1745.134     28  3546.267     3551.218     3654.844
153  mtVer         1845.965     7   3705.930     3706.251     3733.074
154  mtVer+I       1825.095     8   3666.190     3666.604     3697.212
155  mtVer+G4      1822.727     8   3661.454     3661.868     3692.476
156  mtVer+I+G4    1822.638     9   3663.276     3663.795     3698.176
157  mtVer+F       1774.511     26  3601.022     3605.277     3701.843
158  mtVer+F+I     1755.264     27  3564.527     3569.123     3669.226
159  mtVer+F+G4    1753.289     27  3560.578     3565.174     3665.277
160  mtVer+F+I+G4  1753.330     28  3562.660     3567.611     3671.236
161  mtInv         1837.098     7   3688.196     3688.517     3715.340
162  mtInv+I       1827.326     8   3670.653     3671.067     3701.675
163  mtInv+G4      1825.883     8   3667.766     3668.180     3698.788
164  mtInv+I+G4    1826.178     9   3670.356     3670.874     3705.255
165  mtInv+F       1748.032     26  3548.064     3552.319     3648.886
166  mtInv+F+I     1739.625     27  3533.250     3537.846     3637.949
167  mtInv+F+G4    1738.674     27  3531.347     3535.943     3636.046
168  mtInv+F+I+G4  1738.958     28  3533.916     3538.867     3642.493
169  mtMAM         1855.579     7   3725.157     3725.478     3752.301
170  mtMAM+I       1823.481     8   3662.963     3663.376     3693.984
171  mtMAM+G4      1818.571     8   3653.141     3653.555     3684.163
172  mtMAM+I+G4    1818.152     9   3654.304     3654.823     3689.204
173  mtMAM+F       1787.901     26  3627.802     3632.057     3728.623
174  mtMAM+F+I     1758.135     27  3570.270     3574.866     3674.969
175  mtMAM+F+G4    1754.646     27  3563.291     3567.887     3667.990
176  mtMAM+F+I+G4  1754.405     28  3564.811     3569.762     3673.387
WARNING: Normalizing state frequencies so that sum of them equals to 1
177  FLAVI         1793.149     7   3600.299     3600.619     3627.443
WARNING: Normalizing state frequencies so that sum of them equals to 1
178  FLAVI+I       1774.690     8   3565.380     3565.793     3596.402
WARNING: Normalizing state frequencies so that sum of them equals to 1
179  FLAVI+G4      1771.508     8   3559.017     3559.431     3590.039
WARNING: Normalizing state frequencies so that sum of them equals to 1
180  FLAVI+I+G4    1771.680     9   3561.360     3561.879     3596.260
WARNING: Normalizing state frequencies so that sum of them equals to 1
181  FLAVI+F       1776.050     26  3604.099     3608.354     3704.920
WARNING: Normalizing state frequencies so that sum of them equals to 1
182  FLAVI+F+I     1754.870     27  3563.739     3568.335     3668.438
WARNING: Normalizing state frequencies so that sum of them equals to 1
183  FLAVI+F+G4    1752.100     27  3558.199     3562.795     3662.898
WARNING: Normalizing state frequencies so that sum of them equals to 1
184  FLAVI+F+I+G4  1752.118     28  3560.236     3565.187     3668.813
185  HIVb          1771.356     7   3556.712     3557.033     3583.856
186  HIVb+I        1759.064     8   3534.127     3534.541     3565.149
187  HIVb+G4       1757.852     8   3531.704     3532.118     3562.726
188  HIVb+I+G4     1758.021     9   3534.042     3534.560     3568.941
189  HIVb+F        1756.913     26  3565.826     3570.081     3666.647
190  HIVb+F+I      1744.012     27  3542.024     3546.619     3646.723
191  HIVb+F+G4     1742.027     27  3538.053     3542.649     3642.752
192  HIVb+F+I+G4   1742.286     28  3540.572     3545.523     3649.148
193  HIVw          1821.083     7   3656.166     3656.487     3683.310
194  HIVw+I        1803.479     8   3622.959     3623.373     3653.981
195  HIVw+G4       1802.752     8   3621.504     3621.917     3652.525
196  HIVw+I+G4     1802.702     9   3623.405     3623.924     3658.304
197  HIVw+F        1780.189     26  3612.379     3616.633     3713.200
198  HIVw+F+I      1765.012     27  3584.025     3588.621     3688.724
199  HIVw+F+G4     1763.692     27  3581.383     3585.979     3686.082
200  HIVw+F+I+G4   1763.758     28  3583.515     3588.466     3692.092
201  FLU           1777.743     7   3569.485     3569.806     3596.629
202  FLU+I         1767.204     8   3550.408     3550.822     3581.430
203  FLU+G4        1766.186     8   3548.372     3548.786     3579.394
204  FLU+I+G4      1766.399     9   3550.798     3551.317     3585.698
205  FLU+F         1755.118     26  3562.236     3566.490     3663.057
206  FLU+F+I       1742.709     27  3539.417     3544.013     3644.116
207  FLU+F+G4      1741.079     27  3536.158     3540.754     3640.857
208  FLU+F+I+G4    1741.389     28  3538.778     3543.729     3647.354
209  rtREV         1765.867     7   3545.733     3546.054     3572.877
210  rtREV+I       1761.224     8   3538.449     3538.862     3569.470
211  rtREV+G4      1761.100     8   3538.199     3538.613     3569.221
212  rtREV+I+G4    1761.169     9   3540.338     3540.856     3575.237
213  rtREV+F       1744.004     26  3540.009     3544.263     3640.830
214  rtREV+F+I     1737.820     27  3529.639     3534.235     3634.338
215  rtREV+F+G4    1737.412     27  3528.825     3533.421     3633.524
216  rtREV+F+I+G4  1737.578     28  3531.156     3536.107     3639.733
217  cpREV         1752.177     7   3518.355     3518.676     3545.499
218  cpREV+I       1746.554     8   3509.108     3509.522     3540.130
219  cpREV+G4      1746.288     8   3508.576     3508.990     3539.598
220  cpREV+I+G4    1746.417     9   3510.835     3511.354     3545.734
221  cpREV+F       1744.193     26  3540.386     3544.641     3641.208
222  cpREV+F+I     1738.830     27  3531.660     3536.256     3636.359
223  cpREV+F+G4    1738.368     27  3530.735     3535.331     3635.434
224  cpREV+F+I+G4  1738.613     28  3533.226     3538.177     3641.803
Akaike Information Criterion:           LG+G4
Corrected Akaike Information Criterion: LG+G4
Bayesian Information Criterion:         LG+G4
Best-fit model: LG+G4 chosen according to BIC

All model information printed to ../results/molecular_evolution_analyses/phylogenetic_trees/F50160_MLIG_G1/F50160_MLIG_G1.model.gz
CPU time for ModelFinder: 1.316 seconds (0h:0m:1s)
Wall-clock time for ModelFinder: 1.320 seconds (0h:0m:1s)
Generating 1000 samples for ultrafast bootstrap (seed: 49463)...

NOTE: 0 MB RAM (0 GB) is required!
Estimate model parameters (epsilon = 0.100)
1. Initial log-likelihood: -1744.209
Optimal log-likelihood: -1744.207
Gamma shape alpha: 0.869
Parameters optimization took 1 rounds (0.002 sec)
Wrote distance file to... 
Computing ML distances based on estimated model parameters...
Calculating distance matrix: done in 0.00197887 secs using 99.4% CPU
Computing ML distances took 0.002004 sec (of wall-clock time) 0.001992 sec (of CPU time)
Setting up auxiliary I and S matrices: done in 2.28882e-05 secs using 104.9% CPU
Constructing RapidNJ tree: done in 1.88351e-05 secs using 95.57% CPU
Computing RapidNJ tree took 0.000086 sec (of wall-clock time) 0.000086 sec (of CPU time)
Log-likelihood of RapidNJ tree: -1744.208
--------------------------------------------------------------------
|             INITIALIZING CANDIDATE TREE SET                      |
--------------------------------------------------------------------
Generating 99 parsimony trees... 0.012 second
Computing log-likelihood of 4 initial trees ... 0.003 seconds
Current best score: -1744.207

Do NNI search on 5 best initial trees
Optimizing NNI: done in 0.00212002 secs using 11.56% CPU
Optimizing NNI: done in 0.00457692 secs using 199.4% CPU
Optimizing NNI: done in 0.00450683 secs using 199.7% CPU
Optimizing NNI: done in 0.00461292 secs using 200% CPU
Optimizing NNI: done in 0.00462484 secs using 200% CPU
Finish initializing candidate tree set (5)
Current best tree score: -1744.207 / CPU time: 0.040
Number of iterations: 5
--------------------------------------------------------------------
|               OPTIMIZING CANDIDATE TREE SET                      |
--------------------------------------------------------------------
Optimizing NNI: done in 0.00713682 secs using 199.9% CPU
Optimizing NNI: done in 0.00442791 secs using 199.9% CPU
UPDATE BEST LOG-LIKELIHOOD: -1744.207
Optimizing NNI: done in 0.00714493 secs using 200% CPU
Optimizing NNI: done in 0.0044291 secs using 199.9% CPU
Optimizing NNI: done in 0.00693893 secs using 199.9% CPU
Iteration 10 / LogL: -1744.432 / Time: 0h:0m:0s
Optimizing NNI: done in 0.00186801 secs using 200.1% CPU
Optimizing NNI: done in 0.00430989 secs using 199.9% CPU
Optimizing NNI: done in 0.00184393 secs using 199.8% CPU
Optimizing NNI: done in 0.00444698 secs using 199.9% CPU
UPDATE BEST LOG-LIKELIHOOD: -1744.207
Optimizing NNI: done in 0.00440001 secs using 199.9% CPU
UPDATE BEST LOG-LIKELIHOOD: -1744.207
Optimizing NNI: done in 0.00702596 secs using 199.9% CPU
Optimizing NNI: done in 0.0044682 secs using 199.1% CPU
Optimizing NNI: done in 0.00725484 secs using 199.9% CPU
Optimizing NNI: done in 0.00735617 secs using 200% CPU
Optimizing NNI: done in 0.00692797 secs using 199.7% CPU
Iteration 20 / LogL: -1744.432 / Time: 0h:0m:0s
Optimizing NNI: done in 0.00717711 secs using 199.9% CPU
Optimizing NNI: done in 0.00699019 secs using 200% CPU
Optimizing NNI: done in 0.00711703 secs using 199.9% CPU
Optimizing NNI: done in 0.00184894 secs using 100.1% CPU
Optimizing NNI: done in 0.00430298 secs using 99.98% CPU
Optimizing NNI: done in 0.00180387 secs using 99.95% CPU
Optimizing NNI: done in 0.00710797 secs using 99.97% CPU
Optimizing NNI: done in 0.00716186 secs using 99.97% CPU
Optimizing NNI: done in 0.00713992 secs using 99.95% CPU
Optimizing NNI: done in 0.00717115 secs using 99.97% CPU
Iteration 30 / LogL: -1744.220 / Time: 0h:0m:0s (0h:0m:0s left)
Optimizing NNI: done in 0.00454092 secs using 99.96% CPU
Optimizing NNI: done in 0.00705791 secs using 99.96% CPU
Optimizing NNI: done in 0.00707006 secs using 99.96% CPU
Optimizing NNI: done in 0.00703907 secs using 99.96% CPU
Optimizing NNI: done in 0.00457907 secs using 99.93% CPU
Optimizing NNI: done in 0.00727797 secs using 100% CPU
Optimizing NNI: done in 0.00429916 secs using 100% CPU
Optimizing NNI: done in 0.00183988 secs using 100% CPU
Optimizing NNI: done in 0.00705791 secs using 99.96% CPU
Optimizing NNI: done in 0.00692987 secs using 99.96% CPU
Iteration 40 / LogL: -1744.229 / Time: 0h:0m:0s (0h:0m:0s left)
Optimizing NNI: done in 0.00701904 secs using 99.94% CPU
Optimizing NNI: done in 0.00731993 secs using 99.96% CPU
Optimizing NNI: done in 0.00185919 secs using 99.83% CPU
Optimizing NNI: done in 0.0069921 secs using 100% CPU
Optimizing NNI: done in 0.00701594 secs using 100% CPU
Optimizing NNI: done in 0.0071609 secs using 99.99% CPU
Optimizing NNI: done in 0.00724721 secs using 99.98% CPU
Optimizing NNI: done in 0.0043571 secs using 99.95% CPU
Optimizing NNI: done in 0.00710106 secs using 99.96% CPU
Optimizing NNI: done in 0.00700498 secs using 99.96% CPU
Iteration 50 / LogL: -1744.229 / Time: 0h:0m:0s (0h:0m:0s left)
Log-likelihood cutoff on original alignment: -1757.579
Optimizing NNI: done in 0.00701284 secs using 99.99% CPU
Optimizing NNI: done in 0.00697207 secs using 99.97% CPU
Optimizing NNI: done in 0.00443697 secs using 100% CPU
Optimizing NNI: done in 0.00710797 secs using 99.99% CPU
Optimizing NNI: done in 0.00711679 secs using 100% CPU
Optimizing NNI: done in 0.00714993 secs using 100% CPU
Optimizing NNI: done in 0.00715303 secs using 99.96% CPU
Optimizing NNI: done in 0.00438809 secs using 99.91% CPU
Optimizing NNI: done in 0.00705886 secs using 100% CPU
Optimizing NNI: done in 0.00439596 secs using 100% CPU
Iteration 60 / LogL: -1744.207 / Time: 0h:0m:0s (0h:0m:0s left)
Optimizing NNI: done in 0.00700998 secs using 100% CPU
Optimizing NNI: done in 0.00736189 secs using 99.95% CPU
Optimizing NNI: done in 0.00441599 secs using 99.93% CPU
Optimizing NNI: done in 0.00714302 secs using 99.94% CPU
Optimizing NNI: done in 0.00696397 secs using 100% CPU
Optimizing NNI: done in 0.00710487 secs using 99.97% CPU
Optimizing NNI: done in 0.00440288 secs using 100% CPU
Optimizing NNI: done in 0.00450492 secs using 99.91% CPU
Optimizing NNI: done in 0.00450301 secs using 99.91% CPU
Optimizing NNI: done in 0.00709105 secs using 99.96% CPU
Iteration 70 / LogL: -1744.220 / Time: 0h:0m:0s (0h:0m:0s left)
Optimizing NNI: done in 0.00439382 secs using 100% CPU
Optimizing NNI: done in 0.00711608 secs using 99.96% CPU
Optimizing NNI: done in 0.00701785 secs using 99.96% CPU
Optimizing NNI: done in 0.00696301 secs using 99.96% CPU
Optimizing NNI: done in 0.00441504 secs using 99.93% CPU
Optimizing NNI: done in 0.00436902 secs using 99.91% CPU
Optimizing NNI: done in 0.00440192 secs using 99.98% CPU
Optimizing NNI: done in 0.00695205 secs using 99.96% CPU
Optimizing NNI: done in 0.00447106 secs using 99.95% CPU
Optimizing NNI: done in 0.00456905 secs using 99.96% CPU
Iteration 80 / LogL: -1744.216 / Time: 0h:0m:0s (0h:0m:0s left)
Optimizing NNI: done in 0.00710511 secs using 100% CPU
Optimizing NNI: done in 0.00428915 secs using 100% CPU
Optimizing NNI: done in 0.0070951 secs using 99.97% CPU
Optimizing NNI: done in 0.00711393 secs using 99.97% CPU
Optimizing NNI: done in 0.00447702 secs using 99.93% CPU
Optimizing NNI: done in 0.00434208 secs using 99.93% CPU
Optimizing NNI: done in 0.00441599 secs using 100% CPU
Optimizing NNI: done in 0.00436997 secs using 100% CPU
Optimizing NNI: done in 0.00184298 secs using 99.84% CPU
Optimizing NNI: done in 0.00436687 secs using 100% CPU
Iteration 90 / LogL: -1744.419 / Time: 0h:0m:0s (0h:0m:0s left)
Optimizing NNI: done in 0.00457096 secs using 99.91% CPU
Optimizing NNI: done in 0.00443196 secs using 99.96% CPU
Optimizing NNI: done in 0.0042789 secs using 99.98% CPU
Optimizing NNI: done in 0.006845 secs using 100% CPU
Optimizing NNI: done in 0.00710893 secs using 99.97% CPU
Optimizing NNI: done in 0.00443101 secs using 99.95% CPU
Optimizing NNI: done in 0.00706196 secs using 99.97% CPU
Optimizing NNI: done in 0.00458407 secs using 99.98% CPU
Optimizing NNI: done in 0.00714898 secs using 99.97% CPU
Optimizing NNI: done in 0.0069201 secs using 100% CPU
Iteration 100 / LogL: -1744.220 / Time: 0h:0m:0s (0h:0m:0s left)
Log-likelihood cutoff on original alignment: -1757.579
NOTE: Bootstrap correlation coefficient of split occurrence frequencies: 1.000
Optimizing NNI: done in 0.00183702 secs using 99.94% CPU
TREE SEARCH COMPLETED AFTER 101 ITERATIONS / Time: 0h:0m:0s

--------------------------------------------------------------------
|                    FINALIZING TREE SEARCH                        |
--------------------------------------------------------------------
Performs final model parameters optimization
Estimate model parameters (epsilon = 0.010)
1. Initial log-likelihood: -1744.207
Optimal log-likelihood: -1744.207
Gamma shape alpha: 0.868
Parameters optimization took 1 rounds (0.002 sec)
BEST SCORE FOUND : -1744.207

Testing tree branches by SH-like aLRT with 1000 replicates...
0.017 sec.
Creating bootstrap support values...
Split supports printed to NEXUS file ../results/molecular_evolution_analyses/phylogenetic_trees/F50160_MLIG_G1/F50160_MLIG_G1.splits.nex
Total tree length: 0.510

Total number of iterations: 101
CPU time used for tree search: 1.064 sec (0h:0m:1s)
Wall-clock time used for tree search: 0.882 sec (0h:0m:0s)
Total CPU time used: 1.114 sec (0h:0m:1s)
Total wall-clock time used: 0.930 sec (0h:0m:0s)

Computing bootstrap consensus tree...
Reading input file ../results/molecular_evolution_analyses/phylogenetic_trees/F50160_MLIG_G1/F50160_MLIG_G1.splits.nex...
5 taxa and 7 splits.
Consensus tree written to ../results/molecular_evolution_analyses/phylogenetic_trees/F50160_MLIG_G1/F50160_MLIG_G1.contree
Reading input trees file ../results/molecular_evolution_analyses/phylogenetic_trees/F50160_MLIG_G1/F50160_MLIG_G1.contree
Log-likelihood of consensus tree: -1744.208

Analysis results written to: 
  IQ-TREE report:                ../results/molecular_evolution_analyses/phylogenetic_trees/F50160_MLIG_G1/F50160_MLIG_G1.iqtree
  Maximum-likelihood tree:       ../results/molecular_evolution_analyses/phylogenetic_trees/F50160_MLIG_G1/F50160_MLIG_G1.treefile
  Likelihood distances:          ../results/molecular_evolution_analyses/phylogenetic_trees/F50160_MLIG_G1/F50160_MLIG_G1.mldist

Ultrafast bootstrap approximation results written to:
  Split support values:          ../results/molecular_evolution_analyses/phylogenetic_trees/F50160_MLIG_G1/F50160_MLIG_G1.splits.nex
  Consensus tree:                ../results/molecular_evolution_analyses/phylogenetic_trees/F50160_MLIG_G1/F50160_MLIG_G1.contree
  Screen log file:               ../results/molecular_evolution_analyses/phylogenetic_trees/F50160_MLIG_G1/F50160_MLIG_G1.log

Date and Time: Wed May  1 09:22:07 2024
