IQ-TREE multicore version 2.2.2.6 COVID-edition for Linux 64-bit built May 27 2023
Developed by Bui Quang Minh, James Barbetti, Nguyen Lam Tung,
Olga Chernomor, Heiko Schmidt, Dominik Schrempf, Michael Woodhams, Ly Trong Nhan.

Host:    lbc5 (AVX2, FMA3, 125 GB RAM)
Command: /home/mauricio/mauricio_PROGRAMAS/iqtree-2.2.2.6-Linux/bin/iqtree2 -s ../results/molecular_evolution_analyses/alignments_gblocks/F34427_MCOR_G1/F34427_MCOR_G1.aln.gblo -m TEST --threads-max 32 --alrt 1000 --ufboot 1000 --prefix ../results/molecular_evolution_analyses/phylogenetic_trees/F34427_MCOR_G1/F34427_MCOR_G1 -keep-ident -redo
Seed:    204927 (Using SPRNG - Scalable Parallel Random Number Generator)
Time:    Wed May  1 12:37:27 2024
Kernel:  AVX+FMA - 1 threads (32 CPU cores detected)

HINT: Use -nt option to specify number of threads because your CPU has 32 cores!
HINT: -nt AUTO will automatically determine the best number of threads to use.

Reading alignment file ../results/molecular_evolution_analyses/alignments_gblocks/F34427_MCOR_G1/F34427_MCOR_G1.aln.gblo ... Fasta format detected
Reading fasta file: done in 4.79221e-05 secs using 98.08% CPU
Alignment most likely contains protein sequences
Constructing alignment: done in 0.000113964 secs using 100% CPU
Alignment has 7 sequences with 91 columns, 63 distinct patterns
4 parsimony-informative, 47 singleton sites, 40 constant sites
            Gap/Ambiguity  Composition  p-value
Analyzing sequences: done in 8.10623e-06 secs using 98.69% CPU
   1  Mcor.12425    0.00%    passed    100.00%
   2  Mcor.13050    0.00%    passed     99.97%
   3  Mcor.13754    0.00%    passed     99.88%
   4  Mcor.10975    0.00%    passed    100.00%
   5  Mcor.14346    0.00%    passed     99.96%
   6  Mcor.12330    0.00%    passed     47.80%
   7  Mcor.12354    0.00%    passed     99.99%
****  TOTAL         0.00%  0 sequences failed composition chi2 test (p-value<5%; df=19)


Create initial parsimony tree by phylogenetic likelihood library (PLL)... 0.000 seconds
Perform fast likelihood tree search using LG+I+G model...
Estimate model parameters (epsilon = 5.000)
Perform nearest neighbor interchange...
Optimizing NNI: done in 0.00727105 secs using 99.99% CPU
Estimate model parameters (epsilon = 1.000)
1. Initial log-likelihood: -725.940
Optimal log-likelihood: -725.864
Proportion of invariable sites: 0.200
Gamma shape alpha: 2.004
Parameters optimization took 1 rounds (0.005 sec)
Time for fast ML tree search: 0.019 seconds

NOTE: ModelFinder requires 0 MB RAM!
ModelFinder will test up to 224 protein models (sample size: 91) ...
 No. Model         -LnL         df  AIC          AICc         BIC
  1  LG            732.064      11  1486.128     1489.470     1513.748
  2  LG+I          727.406      12  1478.813     1482.813     1508.943
  3  LG+G4         725.473      12  1474.946     1478.946     1505.076
  4  LG+I+G4       725.833      13  1477.667     1482.394     1510.308
  5  LG+F          712.597      30  1485.194     1516.194     1560.520
  6  LG+F+I        706.815      31  1475.630     1509.257     1553.467
  7  LG+F+G4       704.682      31  1471.364     1504.991     1549.201
  8  LG+F+I+G4     705.007      32  1474.013     1510.427     1554.361
  9  WAG           721.107      11  1464.214     1467.556     1491.833
 10  WAG+I         718.287      12  1460.574     1464.574     1490.705
 11  WAG+G4        717.073      12  1458.146     1462.146     1488.276
 12  WAG+I+G4      717.409      13  1460.818     1465.546     1493.459
 13  WAG+F         699.364      30  1458.728     1489.728     1534.054
 14  WAG+F+I       696.047      31  1454.093     1487.720     1531.930
 15  WAG+F+G4      695.048      31  1452.097     1485.724     1529.934
 16  WAG+F+I+G4    695.286      32  1454.572     1490.986     1534.919
 17  JTT           716.065      11  1454.131     1457.473     1481.750
 18  JTT+I         711.850      12  1447.700     1451.700     1477.830
 19  JTT+G4        710.600      12  1445.201     1449.201     1475.331
 20  JTT+I+G4      710.839      13  1447.678     1452.405     1480.319
 21  JTT+F         697.831      30  1455.662     1486.662     1530.988
 22  JTT+F+I       693.120      31  1448.241     1481.868     1526.078
 23  JTT+F+G4      692.243      31  1446.486     1480.113     1524.323
 24  JTT+F+I+G4    692.340      32  1448.679     1485.093     1529.027
WARNING: Normalizing state frequencies so that sum of them equals to 1
 25  Q.pfam        731.104      11  1484.207     1487.549     1511.827
WARNING: Normalizing state frequencies so that sum of them equals to 1
 26  Q.pfam+I      726.248      12  1476.497     1480.497     1506.627
WARNING: Normalizing state frequencies so that sum of them equals to 1
 27  Q.pfam+G4     724.387      12  1472.775     1476.775     1502.905
WARNING: Normalizing state frequencies so that sum of them equals to 1
 28  Q.pfam+I+G4   724.714      13  1475.428     1480.156     1508.069
WARNING: Normalizing state frequencies so that sum of them equals to 1
 29  Q.pfam+F      712.619      30  1485.239     1516.239     1560.565
WARNING: Normalizing state frequencies so that sum of them equals to 1
 30  Q.pfam+F+I    706.566      31  1475.131     1508.758     1552.968
WARNING: Normalizing state frequencies so that sum of them equals to 1
 31  Q.pfam+F+G4   704.430      31  1470.860     1504.487     1548.696
WARNING: Normalizing state frequencies so that sum of them equals to 1
 32  Q.pfam+F+I+G4 704.739      32  1473.478     1509.892     1553.826
WARNING: Normalizing state frequencies so that sum of them equals to 1
 33  Q.bird        725.964      11  1473.929     1477.271     1501.548
WARNING: Normalizing state frequencies so that sum of them equals to 1
 34  Q.bird+I      716.958      12  1457.916     1461.916     1488.046
WARNING: Normalizing state frequencies so that sum of them equals to 1
 35  Q.bird+G4     715.373      12  1454.746     1458.746     1484.877
WARNING: Normalizing state frequencies so that sum of them equals to 1
 36  Q.bird+I+G4   715.448      13  1456.895     1461.622     1489.536
WARNING: Normalizing state frequencies so that sum of them equals to 1
 37  Q.bird+F      712.626      30  1485.253     1516.253     1560.578
WARNING: Normalizing state frequencies so that sum of them equals to 1
 38  Q.bird+F+I    703.103      31  1468.206     1501.833     1546.042
WARNING: Normalizing state frequencies so that sum of them equals to 1
 39  Q.bird+F+G4   701.612      31  1465.224     1498.851     1543.060
WARNING: Normalizing state frequencies so that sum of them equals to 1
 40  Q.bird+F+I+G4 701.639      32  1467.277     1503.691     1547.625
WARNING: Normalizing state frequencies so that sum of them equals to 1
 41  Q.mammal      719.301      11  1460.602     1463.944     1488.222
WARNING: Normalizing state frequencies so that sum of them equals to 1
 42  Q.mammal+I    712.590      12  1449.181     1453.181     1479.311
WARNING: Normalizing state frequencies so that sum of them equals to 1
 43  Q.mammal+G4   711.175      12  1446.351     1450.351     1476.481
WARNING: Normalizing state frequencies so that sum of them equals to 1
 44  Q.mammal+I+G4 711.309      13  1448.619     1453.346     1481.260
WARNING: Normalizing state frequencies so that sum of them equals to 1
 45  Q.mammal+F    705.438      30  1470.876     1501.876     1546.202
WARNING: Normalizing state frequencies so that sum of them equals to 1
 46  Q.mammal+F+I  698.387      31  1458.773     1492.400     1536.610
WARNING: Normalizing state frequencies so that sum of them equals to 1
 47  Q.mammal+F+G4 697.089      31  1456.179     1489.806     1534.015
WARNING: Normalizing state frequencies so that sum of them equals to 1
 48  Q.mammal+F+I+G4 697.186      32  1458.371     1494.785     1538.719
 49  Q.insect      728.505      11  1479.009     1482.351     1506.629
 50  Q.insect+I    723.274      12  1470.547     1474.547     1500.678
 51  Q.insect+G4   721.483      12  1466.965     1470.965     1497.095
 52  Q.insect+I+G4 721.755      13  1469.511     1474.238     1502.152
 53  Q.insect+F    708.198      30  1476.395     1507.395     1551.721
 54  Q.insect+F+I  702.635      31  1467.270     1500.897     1545.107
 55  Q.insect+F+G4 700.787      31  1463.575     1497.202     1541.412
 56  Q.insect+F+I+G4 701.051      32  1466.103     1502.517     1546.450
WARNING: Normalizing state frequencies so that sum of them equals to 1
 57  Q.plant       727.946      11  1477.893     1481.234     1505.512
WARNING: Normalizing state frequencies so that sum of them equals to 1
 58  Q.plant+I     720.958      12  1465.916     1469.916     1496.046
WARNING: Normalizing state frequencies so that sum of them equals to 1
 59  Q.plant+G4    718.296      12  1460.592     1464.592     1490.722
WARNING: Normalizing state frequencies so that sum of them equals to 1
 60  Q.plant+I+G4  718.623      13  1463.246     1467.974     1495.888
WARNING: Normalizing state frequencies so that sum of them equals to 1
 61  Q.plant+F     710.100      30  1480.201     1511.201     1555.526
WARNING: Normalizing state frequencies so that sum of them equals to 1
 62  Q.plant+F+I   702.794      31  1467.588     1501.215     1545.425
WARNING: Normalizing state frequencies so that sum of them equals to 1
 63  Q.plant+F+G4  699.837      31  1461.673     1495.300     1539.510
WARNING: Normalizing state frequencies so that sum of them equals to 1
 64  Q.plant+F+I+G4 700.192      32  1464.385     1500.799     1544.732
WARNING: Normalizing state frequencies so that sum of them equals to 1
 65  Q.yeast       736.440      11  1494.881     1498.222     1522.500
WARNING: Normalizing state frequencies so that sum of them equals to 1
 66  Q.yeast+I     730.734      12  1485.469     1489.469     1515.599
WARNING: Normalizing state frequencies so that sum of them equals to 1
 67  Q.yeast+G4    728.227      12  1480.453     1484.453     1510.583
WARNING: Normalizing state frequencies so that sum of them equals to 1
 68  Q.yeast+I+G4  728.594      13  1483.187     1487.914     1515.828
WARNING: Normalizing state frequencies so that sum of them equals to 1
 69  Q.yeast+F     714.189      30  1488.377     1519.377     1563.703
WARNING: Normalizing state frequencies so that sum of them equals to 1
 70  Q.yeast+F+I   707.404      31  1476.808     1510.435     1554.644
WARNING: Normalizing state frequencies so that sum of them equals to 1
 71  Q.yeast+F+G4  704.570      31  1471.140     1504.767     1548.977
WARNING: Normalizing state frequencies so that sum of them equals to 1
 72  Q.yeast+F+I+G4 704.926      32  1473.852     1510.266     1554.199
 73  JTTDCMut      716.144      11  1454.288     1457.630     1481.907
 74  JTTDCMut+I    712.024      12  1448.049     1452.049     1478.179
 75  JTTDCMut+G4   710.748      12  1445.496     1449.496     1475.626
 76  JTTDCMut+I+G4 711.002      13  1448.005     1452.732     1480.646
 77  JTTDCMut+F    697.675      30  1455.349     1486.349     1530.675
 78  JTTDCMut+F+I  693.010      31  1448.021     1481.648     1525.857
 79  JTTDCMut+F+G4 692.155      31  1446.311     1479.938     1524.147
 80  JTTDCMut+F+I+G4 692.248      32  1448.496     1484.910     1528.844
 81  DCMut         725.848      11  1473.697     1477.038     1501.316
 82  DCMut+I       721.026      12  1466.052     1470.052     1496.182
 83  DCMut+G4      719.192      12  1462.385     1466.385     1492.515
 84  DCMut+I+G4    719.446      13  1464.892     1469.619     1497.533
 85  DCMut+F       706.060      30  1472.120     1503.120     1547.446
 86  DCMut+F+I     700.597      31  1463.194     1496.821     1541.031
 87  DCMut+F+G4    699.213      31  1460.427     1494.054     1538.264
 88  DCMut+F+I+G4  699.343      32  1462.685     1499.099     1543.033
 89  VT            717.418      11  1456.837     1460.179     1484.456
 90  VT+I          714.510      12  1453.019     1457.019     1483.149
 91  VT+G4         713.700      12  1451.400     1455.400     1481.530
 92  VT+I+G4       713.926      13  1453.852     1458.580     1486.493
 93  VT+F          698.243      30  1456.486     1487.486     1531.812
 94  VT+F+I        694.847      31  1451.694     1485.321     1529.530
 95  VT+F+G4       694.233      31  1450.465     1484.092     1528.302
 96  VT+F+I+G4     694.362      32  1452.724     1489.138     1533.072
 97  PMB           716.781      11  1455.561     1458.903     1483.181
 98  PMB+I         713.695      12  1451.389     1455.389     1481.519
 99  PMB+G4        712.956      12  1449.912     1453.912     1480.042
100  PMB+I+G4      713.143      13  1452.287     1457.014     1484.928
101  PMB+F         702.291      30  1464.583     1495.583     1539.908
102  PMB+F+I       698.641      31  1459.283     1492.910     1537.119
103  PMB+F+G4      698.167      31  1458.335     1491.962     1536.172
104  PMB+F+I+G4    698.233      32  1460.465     1496.879     1540.813
105  Blosum62      723.425      11  1468.849     1472.191     1496.469
106  Blosum62+I    720.159      12  1464.319     1468.319     1494.449
107  Blosum62+G4   719.370      12  1462.740     1466.740     1492.870
108  Blosum62+I+G4 719.569      13  1465.138     1469.865     1497.779
109  Blosum62+F    705.112      30  1470.225     1501.225     1545.550
110  Blosum62+F+I  701.376      31  1464.751     1498.378     1542.588
111  Blosum62+F+G4 700.838      31  1463.675     1497.302     1541.512
112  Blosum62+F+I+G4 700.931      32  1465.862     1502.276     1546.209
113  Dayhoff       725.990      11  1473.979     1477.321     1501.599
114  Dayhoff+I     721.136      12  1466.272     1470.272     1496.403
115  Dayhoff+G4    719.281      12  1462.563     1466.563     1492.693
116  Dayhoff+I+G4  719.536      13  1465.072     1469.799     1497.713
117  Dayhoff+F     706.188      30  1472.377     1503.377     1547.703
118  Dayhoff+F+I   700.692      31  1463.384     1497.012     1541.221
119  Dayhoff+F+G4  699.294      31  1460.589     1494.216     1538.425
120  Dayhoff+F+I+G4 699.423      32  1462.847     1499.260     1543.194
121  mtREV         750.515      11  1523.029     1526.371     1550.649
122  mtREV+I       740.867      12  1505.733     1509.733     1535.864
123  mtREV+G4      738.680      12  1501.359     1505.359     1531.490
124  mtREV+I+G4    738.857      13  1503.714     1508.441     1536.355
125  mtREV+F       712.787      30  1485.573     1516.573     1560.899
126  mtREV+F+I     705.543      31  1473.085     1506.712     1550.922
127  mtREV+F+G4    704.169      31  1470.338     1503.965     1548.174
128  mtREV+F+I+G4  704.303      32  1472.605     1509.019     1552.953
129  mtART         796.022      11  1614.044     1617.385     1641.663
130  mtART+I       776.322      12  1576.645     1580.645     1606.775
131  mtART+G4      765.770      12  1555.540     1559.540     1585.671
132  mtART+I+G4    766.303      13  1558.605     1563.332     1591.246
133  mtART+F       758.414      30  1576.828     1607.828     1652.154
134  mtART+F+I     740.126      31  1542.251     1575.878     1620.088
135  mtART+F+G4    730.984      31  1523.968     1557.595     1601.805
136  mtART+F+I+G4  731.401      32  1526.802     1563.216     1607.150
137  mtZOA         766.481      11  1554.962     1558.304     1582.582
138  mtZOA+I       751.743      12  1527.486     1531.486     1557.616
139  mtZOA+G4      745.236      12  1514.472     1518.472     1544.602
140  mtZOA+I+G4    745.629      13  1517.258     1521.986     1549.900
141  mtZOA+F       735.536      30  1531.072     1562.072     1606.398
142  mtZOA+F+I     722.426      31  1506.852     1540.479     1584.689
143  mtZOA+F+G4    717.065      31  1496.130     1529.757     1573.967
144  mtZOA+F+I+G4  717.387      32  1498.774     1535.188     1579.121
145  mtMet         757.667      11  1537.334     1540.676     1564.953
146  mtMet+I       744.702      12  1513.404     1517.404     1543.534
147  mtMet+G4      741.517      12  1507.035     1511.035     1537.165
148  mtMet+I+G4    741.727      13  1509.454     1514.181     1542.095
149  mtMet+F       717.067      30  1494.135     1525.135     1569.461
150  mtMet+F+I     705.917      31  1473.835     1507.462     1551.672
151  mtMet+F+G4    704.033      31  1470.066     1503.693     1547.902
152  mtMet+F+I+G4  704.093      32  1472.186     1508.600     1552.534
153  mtVer         760.736      11  1543.472     1546.814     1571.091
154  mtVer+I       745.692      12  1515.384     1519.384     1545.514
155  mtVer+G4      742.171      12  1508.342     1512.342     1538.472
156  mtVer+I+G4    742.270      13  1510.541     1515.268     1543.182
157  mtVer+F       719.974      30  1499.947     1530.947     1575.273
158  mtVer+F+I     709.730      31  1481.460     1515.088     1559.297
159  mtVer+F+G4    706.878      31  1475.756     1509.383     1553.592
160  mtVer+F+I+G4  707.146      32  1478.292     1514.706     1558.640
161  mtInv         763.809      11  1549.619     1552.960     1577.238
162  mtInv+I       753.422      12  1530.844     1534.844     1560.974
163  mtInv+G4      750.479      12  1524.957     1528.957     1555.087
164  mtInv+I+G4    750.755      13  1527.511     1532.238     1560.152
165  mtInv+F       713.019      30  1486.038     1517.038     1561.364
166  mtInv+F+I     704.425      31  1470.850     1504.477     1548.687
167  mtInv+F+G4    702.316      31  1466.632     1500.259     1544.469
168  mtInv+F+I+G4  702.490      32  1468.981     1505.394     1549.328
169  mtMAM         771.856      11  1565.712     1569.054     1593.331
170  mtMAM+I       752.524      12  1529.048     1533.048     1559.178
171  mtMAM+G4      748.569      12  1521.137     1525.137     1551.268
172  mtMAM+I+G4    748.681      13  1523.363     1528.090     1556.004
173  mtMAM+F       730.996      30  1521.992     1552.992     1597.318
174  mtMAM+F+I     716.744      31  1495.488     1529.115     1573.325
175  mtMAM+F+G4    713.639      31  1489.279     1522.906     1567.115
176  mtMAM+F+I+G4  713.839      32  1491.678     1528.092     1572.026
WARNING: Normalizing state frequencies so that sum of them equals to 1
177  FLAVI         746.449      11  1514.898     1518.240     1542.518
WARNING: Normalizing state frequencies so that sum of them equals to 1
178  FLAVI+I       733.179      12  1490.357     1494.357     1520.487
WARNING: Normalizing state frequencies so that sum of them equals to 1
179  FLAVI+G4      729.740      12  1483.479     1487.479     1513.610
WARNING: Normalizing state frequencies so that sum of them equals to 1
180  FLAVI+I+G4    729.928      13  1485.855     1490.582     1518.496
WARNING: Normalizing state frequencies so that sum of them equals to 1
181  FLAVI+F       717.363      30  1494.726     1525.726     1570.052
WARNING: Normalizing state frequencies so that sum of them equals to 1
182  FLAVI+F+I     705.633      31  1473.267     1506.894     1551.103
WARNING: Normalizing state frequencies so that sum of them equals to 1
183  FLAVI+F+G4    702.867      31  1467.733     1501.361     1545.570
WARNING: Normalizing state frequencies so that sum of them equals to 1
184  FLAVI+F+I+G4  703.060      32  1470.120     1506.534     1550.467
185  HIVb          729.627      11  1481.253     1484.595     1508.873
186  HIVb+I        720.872      12  1465.745     1469.745     1495.875
187  HIVb+G4       718.253      12  1460.506     1464.506     1490.636
188  HIVb+I+G4     718.513      13  1463.025     1467.753     1495.666
189  HIVb+F        707.022      30  1474.045     1505.045     1549.371
190  HIVb+F+I      697.251      31  1456.503     1490.130     1534.339
191  HIVb+F+G4     695.252      31  1452.503     1486.130     1530.340
192  HIVb+F+I+G4   695.410      32  1454.820     1491.233     1535.167
193  HIVw          746.237      11  1514.475     1517.817     1542.094
194  HIVw+I        737.846      12  1499.692     1503.692     1529.822
195  HIVw+G4       733.171      12  1490.342     1494.342     1520.472
196  HIVw+I+G4     733.662      13  1493.324     1498.052     1525.966
197  HIVw+F        710.403      30  1480.807     1511.807     1556.133
198  HIVw+F+I      700.885      31  1463.770     1497.397     1541.607
199  HIVw+F+G4     698.073      31  1458.146     1491.773     1535.982
200  HIVw+F+I+G4   698.322      32  1460.644     1497.058     1540.992
201  FLU           735.085      11  1492.170     1495.512     1519.790
202  FLU+I         726.904      12  1477.808     1481.808     1507.939
203  FLU+G4        723.430      12  1470.860     1474.860     1500.990
204  FLU+I+G4      723.828      13  1473.656     1478.383     1506.297
205  FLU+F         707.903      30  1475.805     1506.805     1551.131
206  FLU+F+I       699.511      31  1461.021     1494.648     1538.858
207  FLU+F+G4      697.050      31  1456.100     1489.727     1533.936
208  FLU+F+I+G4    697.306      32  1458.612     1495.026     1538.959
209  rtREV         740.058      11  1502.115     1505.457     1529.735
210  rtREV+I       735.576      12  1495.153     1499.153     1525.283
211  rtREV+G4      733.712      12  1491.424     1495.424     1521.554
212  rtREV+I+G4    734.070      13  1494.140     1498.868     1526.782
213  rtREV+F       715.302      30  1490.604     1521.604     1565.930
214  rtREV+F+I     709.044      31  1480.088     1513.715     1557.925
215  rtREV+F+G4    706.944      31  1475.887     1509.514     1553.724
216  rtREV+F+I+G4  707.264      32  1478.528     1514.942     1558.875
217  cpREV         722.052      11  1466.104     1469.446     1493.724
218  cpREV+I       719.464      12  1462.927     1466.927     1493.058
219  cpREV+G4      717.542      12  1459.084     1463.084     1489.215
220  cpREV+I+G4    718.090      13  1462.180     1466.907     1494.821
221  cpREV+F       703.590      30  1467.179     1498.179     1542.505
222  cpREV+F+I     700.308      31  1462.616     1496.243     1540.453
223  cpREV+F+G4    698.421      31  1458.842     1492.469     1536.679
224  cpREV+F+I+G4  698.883      32  1461.766     1498.179     1542.113
Akaike Information Criterion:           JTT+G4
Corrected Akaike Information Criterion: JTT+G4
Bayesian Information Criterion:         JTT+G4
Best-fit model: JTT+G4 chosen according to BIC

All model information printed to ../results/molecular_evolution_analyses/phylogenetic_trees/F34427_MCOR_G1/F34427_MCOR_G1.model.gz
CPU time for ModelFinder: 1.165 seconds (0h:0m:1s)
Wall-clock time for ModelFinder: 1.166 seconds (0h:0m:1s)
Generating 1000 samples for ultrafast bootstrap (seed: 204927)...

NOTE: 0 MB RAM (0 GB) is required!
Estimate model parameters (epsilon = 0.100)
1. Initial log-likelihood: -710.600
Optimal log-likelihood: -710.600
Gamma shape alpha: 1.076
Parameters optimization took 1 rounds (0.002 sec)
Wrote distance file to... 
Computing ML distances based on estimated model parameters...
Calculating distance matrix: done in 0.00510406 secs using 99.86% CPU
Computing ML distances took 0.005128 sec (of wall-clock time) 0.005121 sec (of CPU time)
Setting up auxiliary I and S matrices: done in 3.8147e-05 secs using 96.99% CPU
Constructing RapidNJ tree: done in 2.59876e-05 secs using 103.9% CPU
Computing RapidNJ tree took 0.000119 sec (of wall-clock time) 0.000119 sec (of CPU time)
Log-likelihood of RapidNJ tree: -712.064
--------------------------------------------------------------------
|             INITIALIZING CANDIDATE TREE SET                      |
--------------------------------------------------------------------
Generating 98 parsimony trees... 0.016 second
Computing log-likelihood of 55 initial trees ... 0.041 seconds
Current best score: -710.600

Do NNI search on 20 best initial trees
Optimizing NNI: done in 0.00258684 secs using 199.9% CPU
Estimate model parameters (epsilon = 0.100)
BETTER TREE FOUND at iteration 1: -710.600
Optimizing NNI: done in 0.00498104 secs using 200% CPU
Optimizing NNI: done in 0.00780606 secs using 200% CPU
Optimizing NNI: done in 0.0106101 secs using 199.9% CPU
Optimizing NNI: done in 0.00782013 secs using 199.9% CPU
Optimizing NNI: done in 0.01087 secs using 200% CPU
Optimizing NNI: done in 0.00776792 secs using 148.4% CPU
Optimizing NNI: done in 0.00761104 secs using 200% CPU
Optimizing NNI: done in 0.0130918 secs using 169.3% CPU
Optimizing NNI: done in 0.00544691 secs using 199.9% CPU
Iteration 10 / LogL: -710.605 / Time: 0h:0m:0s
Optimizing NNI: done in 0.00541902 secs using 199.9% CPU
Optimizing NNI: done in 0.010931 secs using 200% CPU
Optimizing NNI: done in 0.0108299 secs using 163.4% CPU
Optimizing NNI: done in 0.00537896 secs using 199% CPU
Optimizing NNI: done in 0.010627 secs using 200% CPU
Optimizing NNI: done in 0.007689 secs using 199.9% CPU
Optimizing NNI: done in 0.010705 secs using 116.4% CPU
Optimizing NNI: done in 0.0108042 secs using 99.97% CPU
Optimizing NNI: done in 0.00771809 secs using 99.95% CPU
Optimizing NNI: done in 0.0105979 secs using 99.98% CPU
Iteration 20 / LogL: -710.600 / Time: 0h:0m:0s
Finish initializing candidate tree set (1)
Current best tree score: -710.600 / CPU time: 0.236
Number of iterations: 20
--------------------------------------------------------------------
|               OPTIMIZING CANDIDATE TREE SET                      |
--------------------------------------------------------------------
Optimizing NNI: done in 0.0024159 secs using 100% CPU
Optimizing NNI: done in 0.00778198 secs using 99.97% CPU
Optimizing NNI: done in 0.00599384 secs using 99.95% CPU
Optimizing NNI: done in 0.00759101 secs using 100% CPU
Optimizing NNI: done in 0.00241399 secs using 100% CPU
Optimizing NNI: done in 0.00242901 secs using 99.92% CPU
Optimizing NNI: done in 0.0075891 secs using 99.96% CPU
Optimizing NNI: done in 0.0054152 secs using 99.96% CPU
Optimizing NNI: done in 0.00774598 secs using 99.99% CPU
Optimizing NNI: done in 0.010725 secs using 99.97% CPU
Iteration 30 / LogL: -710.601 / Time: 0h:0m:0s (0h:0m:0s left)
Optimizing NNI: done in 0.0105941 secs using 99.97% CPU
Optimizing NNI: done in 0.00590205 secs using 100% CPU
Optimizing NNI: done in 0.00550723 secs using 99.94% CPU
Optimizing NNI: done in 0.00467205 secs using 99.96% CPU
UPDATE BEST LOG-LIKELIHOOD: -710.600
Optimizing NNI: done in 0.002877 secs using 99.65% CPU
Optimizing NNI: done in 0.00586891 secs using 100% CPU
Optimizing NNI: done in 0.013725 secs using 99.97% CPU
Optimizing NNI: done in 0.010668 secs using 99.97% CPU
Optimizing NNI: done in 0.00481701 secs using 99.96% CPU
Optimizing NNI: done in 0.010021 secs using 99.96% CPU
Iteration 40 / LogL: -710.601 / Time: 0h:0m:0s (0h:0m:0s left)
Optimizing NNI: done in 0.00862193 secs using 99.94% CPU
Optimizing NNI: done in 0.010741 secs using 99.98% CPU
Optimizing NNI: done in 0.00515985 secs using 99.96% CPU
Optimizing NNI: done in 0.011198 secs using 99.96% CPU
Optimizing NNI: done in 0.0159261 secs using 99.96% CPU
Optimizing NNI: done in 0.0128851 secs using 99.98% CPU
Optimizing NNI: done in 0.0108409 secs using 99.97% CPU
Optimizing NNI: done in 0.0106959 secs using 99.97% CPU
Optimizing NNI: done in 0.0106902 secs using 99.96% CPU
Optimizing NNI: done in 0.00767183 secs using 100% CPU
Iteration 50 / LogL: -710.633 / Time: 0h:0m:0s (0h:0m:0s left)
Log-likelihood cutoff on original alignment: -718.136
Optimizing NNI: done in 0.0158999 secs using 99.95% CPU
Optimizing NNI: done in 0.010515 secs using 99.98% CPU
Optimizing NNI: done in 0.00538206 secs using 99.96% CPU
Optimizing NNI: done in 0.0158789 secs using 99.96% CPU
Optimizing NNI: done in 0.010684 secs using 99.97% CPU
Optimizing NNI: done in 0.00238609 secs using 100% CPU
Optimizing NNI: done in 0.00843692 secs using 99.98% CPU
Optimizing NNI: done in 0.013696 secs using 99.99% CPU
Optimizing NNI: done in 0.0047071 secs using 100% CPU
UPDATE BEST LOG-LIKELIHOOD: -710.600
Optimizing NNI: done in 0.010716 secs using 99.92% CPU
Iteration 60 / LogL: -710.601 / Time: 0h:0m:0s (0h:0m:0s left)
Optimizing NNI: done in 0.00548196 secs using 99.93% CPU
Optimizing NNI: done in 0.010608 secs using 99.97% CPU
Optimizing NNI: done in 0.0107398 secs using 99.98% CPU
Optimizing NNI: done in 0.00544596 secs using 100% CPU
Optimizing NNI: done in 0.0131919 secs using 99.97% CPU
Optimizing NNI: done in 0.00543308 secs using 99.94% CPU
Optimizing NNI: done in 0.00243306 secs using 100% CPU
Optimizing NNI: done in 0.00537801 secs using 99.93% CPU
Optimizing NNI: done in 0.01352 secs using 99.96% CPU
Optimizing NNI: done in 0.00244212 secs using 99.95% CPU
Iteration 70 / LogL: -710.600 / Time: 0h:0m:0s (0h:0m:0s left)
Optimizing NNI: done in 0.00770998 secs using 99.96% CPU
Optimizing NNI: done in 0.00763988 secs using 100% CPU
Optimizing NNI: done in 0.010833 secs using 99.97% CPU
Optimizing NNI: done in 0.00597119 secs using 100% CPU
Optimizing NNI: done in 0.012996 secs using 99.98% CPU
Optimizing NNI: done in 0.00756598 secs using 99.97% CPU
Optimizing NNI: done in 0.00537205 secs using 99.96% CPU
Optimizing NNI: done in 0.0105779 secs using 99.98% CPU
Optimizing NNI: done in 0.00475192 secs using 99.98% CPU
Optimizing NNI: done in 0.00522494 secs using 99.98% CPU
Iteration 80 / LogL: -713.044 / Time: 0h:0m:0s (0h:0m:0s left)
Optimizing NNI: done in 0.010613 secs using 99.98% CPU
Optimizing NNI: done in 0.0131071 secs using 99.98% CPU
Optimizing NNI: done in 0.0129521 secs using 99.96% CPU
Optimizing NNI: done in 0.00543189 secs using 100% CPU
Optimizing NNI: done in 0.00775909 secs using 99.97% CPU
Optimizing NNI: done in 0.00549889 secs using 99.97% CPU
Optimizing NNI: done in 0.0107129 secs using 99.97% CPU
Optimizing NNI: done in 0.0115881 secs using 99.98% CPU
Optimizing NNI: done in 0.0112109 secs using 99.97% CPU
Optimizing NNI: done in 0.00841308 secs using 100% CPU
Iteration 90 / LogL: -710.603 / Time: 0h:0m:1s (0h:0m:0s left)
Optimizing NNI: done in 0.0137289 secs using 99.99% CPU
Optimizing NNI: done in 0.00756407 secs using 99.97% CPU
Optimizing NNI: done in 0.00849986 secs using 99.97% CPU
Optimizing NNI: done in 0.015851 secs using 99.97% CPU
Optimizing NNI: done in 0.00242901 secs using 99.92% CPU
Optimizing NNI: done in 0.00836301 secs using 99.96% CPU
Optimizing NNI: done in 0.00555396 secs using 99.95% CPU
Optimizing NNI: done in 0.00242496 secs using 99.96% CPU
Optimizing NNI: done in 0.00533414 secs using 100% CPU
Optimizing NNI: done in 0.010536 secs using 99.94% CPU
Iteration 100 / LogL: -710.601 / Time: 0h:0m:1s (0h:0m:0s left)
Log-likelihood cutoff on original alignment: -719.023
NOTE: Bootstrap correlation coefficient of split occurrence frequencies: 0.990
NOTE: UFBoot does not converge, continue at least 100 more iterations
Optimizing NNI: done in 0.010705 secs using 99.96% CPU
Optimizing NNI: done in 0.00549197 secs using 99.95% CPU
Optimizing NNI: done in 0.00290418 secs using 99.89% CPU
Optimizing NNI: done in 0.00603604 secs using 100% CPU
Optimizing NNI: done in 0.014132 secs using 99.98% CPU
Optimizing NNI: done in 0.0083971 secs using 99.97% CPU
Optimizing NNI: done in 0.00766301 secs using 99.96% CPU
Optimizing NNI: done in 0.00537181 secs using 100% CPU
Optimizing NNI: done in 0.0113831 secs using 99.98% CPU
Optimizing NNI: done in 0.0113189 secs using 99.97% CPU
Iteration 110 / LogL: -712.884 / Time: 0h:0m:1s (0h:0m:1s left)
Optimizing NNI: done in 0.00837493 secs using 100% CPU
Optimizing NNI: done in 0.00242996 secs using 100% CPU
Optimizing NNI: done in 0.00241208 secs using 99.87% CPU
Optimizing NNI: done in 0.00539899 secs using 100% CPU
Optimizing NNI: done in 0.00294805 secs using 100% CPU
Optimizing NNI: done in 0.0158758 secs using 99.99% CPU
Optimizing NNI: done in 0.00536394 secs using 100% CPU
Optimizing NNI: done in 0.00836611 secs using 100% CPU
Optimizing NNI: done in 0.0083859 secs using 99.99% CPU
Optimizing NNI: done in 0.00785184 secs using 100% CPU
Iteration 120 / LogL: -712.884 / Time: 0h:0m:1s (0h:0m:0s left)
Optimizing NNI: done in 0.011301 secs using 100% CPU
Optimizing NNI: done in 0.0136552 secs using 99.98% CPU
Optimizing NNI: done in 0.0052321 secs using 99.98% CPU
Optimizing NNI: done in 0.007761 secs using 100% CPU
Optimizing NNI: done in 0.00235891 secs using 99.92% CPU
Optimizing NNI: done in 0.014421 secs using 99.98% CPU
Optimizing NNI: done in 0.0107431 secs using 99.98% CPU
Optimizing NNI: done in 0.00770307 secs using 99.96% CPU
Optimizing NNI: done in 0.00777292 secs using 99.96% CPU
Optimizing NNI: done in 0.0106452 secs using 99.97% CPU
Iteration 130 / LogL: -710.603 / Time: 0h:0m:1s (0h:0m:0s left)
Optimizing NNI: done in 0.01301 secs using 99.98% CPU
Optimizing NNI: done in 0.00766206 secs using 99.96% CPU
Optimizing NNI: done in 0.011302 secs using 99.97% CPU
Optimizing NNI: done in 0.012949 secs using 99.95% CPU
Optimizing NNI: done in 0.0053091 secs using 100% CPU
Optimizing NNI: done in 0.00766087 secs using 99.98% CPU
Optimizing NNI: done in 0.0136471 secs using 99.94% CPU
Optimizing NNI: done in 0.00763583 secs using 100% CPU
Optimizing NNI: done in 0.013016 secs using 99.95% CPU
Optimizing NNI: done in 0.00540996 secs using 100% CPU
Iteration 140 / LogL: -710.601 / Time: 0h:0m:1s (0h:0m:0s left)
Optimizing NNI: done in 0.00545502 secs using 99.94% CPU
Optimizing NNI: done in 0.010637 secs using 99.97% CPU
Optimizing NNI: done in 0.0158889 secs using 99.97% CPU
Optimizing NNI: done in 0.00597906 secs using 99.95% CPU
Optimizing NNI: done in 0.0106239 secs using 99.97% CPU
Optimizing NNI: done in 0.00757289 secs using 99.96% CPU
Optimizing NNI: done in 0.00782204 secs using 99.97% CPU
Optimizing NNI: done in 0.00827003 secs using 100% CPU
Optimizing NNI: done in 0.00472403 secs using 100% CPU
Optimizing NNI: done in 0.00236201 secs using 99.96% CPU
Iteration 150 / LogL: -712.884 / Time: 0h:0m:1s (0h:0m:0s left)
Log-likelihood cutoff on original alignment: -718.908
Optimizing NNI: done in 0.0120389 secs using 99.96% CPU
Optimizing NNI: done in 0.00602388 secs using 99.94% CPU
Optimizing NNI: done in 0.00551796 secs using 99.96% CPU
Optimizing NNI: done in 0.005795 secs using 99.95% CPU
Optimizing NNI: done in 0.00240493 secs using 99.96% CPU
Optimizing NNI: done in 0.0129099 secs using 99.98% CPU
Optimizing NNI: done in 0.00535607 secs using 99.94% CPU
Optimizing NNI: done in 0.00835586 secs using 99.97% CPU
Optimizing NNI: done in 0.00532794 secs using 99.94% CPU
Optimizing NNI: done in 0.00830817 secs using 99.96% CPU
Iteration 160 / LogL: -712.889 / Time: 0h:0m:1s (0h:0m:0s left)
Optimizing NNI: done in 0.0158379 secs using 99.96% CPU
Optimizing NNI: done in 0.0165429 secs using 99.96% CPU
Optimizing NNI: done in 0.00529599 secs using 99.96% CPU
Optimizing NNI: done in 0.00599098 secs using 99.95% CPU
Optimizing NNI: done in 0.00771689 secs using 99.96% CPU
Optimizing NNI: done in 0.0104899 secs using 99.98% CPU
Optimizing NNI: done in 0.011534 secs using 99.97% CPU
Optimizing NNI: done in 0.0077579 secs using 100% CPU
Optimizing NNI: done in 0.00292802 secs using 99.97% CPU
Optimizing NNI: done in 0.00843191 secs using 99.94% CPU
Iteration 170 / LogL: -710.622 / Time: 0h:0m:1s (0h:0m:0s left)
Optimizing NNI: done in 0.013742 secs using 99.98% CPU
Optimizing NNI: done in 0.00524521 secs using 100% CPU
Optimizing NNI: done in 0.0106421 secs using 100% CPU
Optimizing NNI: done in 0.00581503 secs using 100% CPU
Optimizing NNI: done in 0.00541592 secs using 99.95% CPU
Optimizing NNI: done in 0.00778103 secs using 100% CPU
Optimizing NNI: done in 0.00541401 secs using 99.94% CPU
Optimizing NNI: done in 0.00551295 secs using 99.91% CPU
Optimizing NNI: done in 0.00639987 secs using 99.97% CPU
Optimizing NNI: done in 0.00594306 secs using 99.95% CPU
Iteration 180 / LogL: -710.728 / Time: 0h:0m:2s (0h:0m:0s left)
Optimizing NNI: done in 0.00603008 secs using 99.95% CPU
Optimizing NNI: done in 0.00593495 secs using 99.97% CPU
Optimizing NNI: done in 0.00527692 secs using 100% CPU
Optimizing NNI: done in 0.015867 secs using 99.96% CPU
Optimizing NNI: done in 0.00775003 secs using 99.95% CPU
Optimizing NNI: done in 0.00840306 secs using 99.96% CPU
Optimizing NNI: done in 0.0163729 secs using 99.97% CPU
Optimizing NNI: done in 0.00462914 secs using 99.93% CPU
Optimizing NNI: done in 0.00773001 secs using 99.99% CPU
Optimizing NNI: done in 0.0106821 secs using 99.97% CPU
Iteration 190 / LogL: -710.600 / Time: 0h:0m:2s (0h:0m:0s left)
Optimizing NNI: done in 0.00887609 secs using 99.98% CPU
Optimizing NNI: done in 0.013047 secs using 99.98% CPU
Optimizing NNI: done in 0.00234509 secs using 99.95% CPU
Optimizing NNI: done in 0.00759292 secs using 99.95% CPU
Optimizing NNI: done in 0.0114262 secs using 99.95% CPU
Optimizing NNI: done in 0.00582981 secs using 100% CPU
Optimizing NNI: done in 0.005404 secs using 100% CPU
Optimizing NNI: done in 0.00594687 secs using 100% CPU
Optimizing NNI: done in 0.00539684 secs using 99.97% CPU
Optimizing NNI: done in 0.0164709 secs using 99.97% CPU
Iteration 200 / LogL: -710.600 / Time: 0h:0m:2s (0h:0m:0s left)
Log-likelihood cutoff on original alignment: -719.593
NOTE: Bootstrap correlation coefficient of split occurrence frequencies: 0.996
TREE SEARCH COMPLETED AFTER 200 ITERATIONS / Time: 0h:0m:2s

--------------------------------------------------------------------
|                    FINALIZING TREE SEARCH                        |
--------------------------------------------------------------------
Performs final model parameters optimization
Estimate model parameters (epsilon = 0.010)
1. Initial log-likelihood: -710.600
Optimal log-likelihood: -710.600
Gamma shape alpha: 1.076
Parameters optimization took 1 rounds (0.002 sec)
BEST SCORE FOUND : -710.600

Testing tree branches by SH-like aLRT with 1000 replicates...
0.011 sec.
Creating bootstrap support values...
Split supports printed to NEXUS file ../results/molecular_evolution_analyses/phylogenetic_trees/F34427_MCOR_G1/F34427_MCOR_G1.splits.nex
Total tree length: 1.208

Total number of iterations: 200
CPU time used for tree search: 2.490 sec (0h:0m:2s)
Wall-clock time used for tree search: 2.320 sec (0h:0m:2s)
Total CPU time used: 2.531 sec (0h:0m:2s)
Total wall-clock time used: 2.363 sec (0h:0m:2s)

Computing bootstrap consensus tree...
Reading input file ../results/molecular_evolution_analyses/phylogenetic_trees/F34427_MCOR_G1/F34427_MCOR_G1.splits.nex...
7 taxa and 51 splits.
Consensus tree written to ../results/molecular_evolution_analyses/phylogenetic_trees/F34427_MCOR_G1/F34427_MCOR_G1.contree
Reading input trees file ../results/molecular_evolution_analyses/phylogenetic_trees/F34427_MCOR_G1/F34427_MCOR_G1.contree
Log-likelihood of consensus tree: -710.618

Analysis results written to: 
  IQ-TREE report:                ../results/molecular_evolution_analyses/phylogenetic_trees/F34427_MCOR_G1/F34427_MCOR_G1.iqtree
  Maximum-likelihood tree:       ../results/molecular_evolution_analyses/phylogenetic_trees/F34427_MCOR_G1/F34427_MCOR_G1.treefile
  Likelihood distances:          ../results/molecular_evolution_analyses/phylogenetic_trees/F34427_MCOR_G1/F34427_MCOR_G1.mldist

Ultrafast bootstrap approximation results written to:
  Split support values:          ../results/molecular_evolution_analyses/phylogenetic_trees/F34427_MCOR_G1/F34427_MCOR_G1.splits.nex
  Consensus tree:                ../results/molecular_evolution_analyses/phylogenetic_trees/F34427_MCOR_G1/F34427_MCOR_G1.contree
  Screen log file:               ../results/molecular_evolution_analyses/phylogenetic_trees/F34427_MCOR_G1/F34427_MCOR_G1.log

Date and Time: Wed May  1 12:37:30 2024
