IQ-TREE multicore version 2.2.2.6 COVID-edition for Linux 64-bit built May 27 2023
Developed by Bui Quang Minh, James Barbetti, Nguyen Lam Tung,
Olga Chernomor, Heiko Schmidt, Dominik Schrempf, Michael Woodhams, Ly Trong Nhan.

Host:    lbc5 (AVX2, FMA3, 125 GB RAM)
Command: /home/mauricio/mauricio_PROGRAMAS/iqtree-2.2.2.6-Linux/bin/iqtree2 -s ../results/molecular_evolution_analyses/alignments_gblocks/F97953_ECAN_G1/F97953_ECAN_G1.aln.gblo -m TEST --threads-max 32 --alrt 1000 --ufboot 1000 --prefix ../results/molecular_evolution_analyses/phylogenetic_trees/F97953_ECAN_G1/F97953_ECAN_G1
Seed:    426170 (Using SPRNG - Scalable Parallel Random Number Generator)
Time:    Thu Mar 28 11:25:26 2024
Kernel:  AVX+FMA - 1 threads (32 CPU cores detected)

HINT: Use -nt option to specify number of threads because your CPU has 32 cores!
HINT: -nt AUTO will automatically determine the best number of threads to use.

Reading alignment file ../results/molecular_evolution_analyses/alignments_gblocks/F97953_ECAN_G1/F97953_ECAN_G1.aln.gblo ... Fasta format detected
Reading fasta file: done in 4.48227e-05 secs using 98.16% CPU
Alignment most likely contains protein sequences
Constructing alignment: done in 6.8903e-05 secs using 101.6% CPU
Alignment has 8 sequences with 57 columns, 30 distinct patterns
14 parsimony-informative, 1 singleton sites, 42 constant sites
            Gap/Ambiguity  Composition  p-value
Analyzing sequences: done in 6.91414e-06 secs using 101.2% CPU
   1  Ecan.10906    0.00%    passed     91.47%
   2  Ecan.10944    0.00%    passed     91.47%
   3  Ecan.10541    0.00%    passed    100.00%
   4  Ecan.10643    0.00%    passed    100.00%
   5  Ecan.10585    0.00%    passed    100.00%
   6  Ecan.10624    0.00%    passed    100.00%
   7  Ecan.10632    0.00%    passed    100.00%
   8  Ecan.10644    0.00%    passed    100.00%
****  TOTAL         0.00%  0 sequences failed composition chi2 test (p-value<5%; df=17)
NOTE: Ecan.10944 is identical to Ecan.10906 but kept for subsequent analysis
NOTE: Ecan.10643 is identical to Ecan.10541 but kept for subsequent analysis
NOTE: Ecan.10632 is identical to Ecan.10624 but kept for subsequent analysis
Checking for duplicate sequences: done in 3.50475e-05 secs using 97.01% CPU


Create initial parsimony tree by phylogenetic likelihood library (PLL)... 0.000 seconds
Perform fast likelihood tree search using LG+I+G model...
Estimate model parameters (epsilon = 5.000)
Perform nearest neighbor interchange...
Optimizing NNI: done in 0.00408983 secs using 99.25% CPU
Estimate model parameters (epsilon = 1.000)
1. Initial log-likelihood: -265.212
Optimal log-likelihood: -265.204
Proportion of invariable sites: 0.359
Gamma shape alpha: 998.436
Parameters optimization took 1 rounds (0.005 sec)
Time for fast ML tree search: 0.018 seconds

NOTE: ModelFinder requires 0 MB RAM!
ModelFinder will test up to 224 protein models (sample size: 57) ...
 No. Model         -LnL         df  AIC          AICc         BIC
  1  LG            265.170      13  556.341      564.806      582.900
  2  LG+I          265.109      14  558.219      568.219      586.821
  3  LG+G4         265.126      14  558.252      568.252      586.855
  4  LG+I+G4       265.196      15  560.393      572.100      591.039
  5  LG+F          259.624      32  583.248      671.248      648.626
  6  LG+F+I        259.541      33  585.082      682.647      652.502
  7  LG+F+G4       259.569      33  585.139      682.704      652.559
  8  LG+F+I+G4     259.618      34  587.236      695.418      656.700
  9  WAG           264.423      13  554.846      563.311      581.406
 10  WAG+I         264.395      14  556.790      566.790      585.393
 11  WAG+G4        264.415      14  556.829      566.829      585.432
 12  WAG+I+G4      264.538      15  559.077      570.784      589.722
 13  WAG+F         258.097      32  580.193      668.193      645.571
 14  WAG+F+I       258.045      33  582.091      679.656      649.511
 15  WAG+F+G4      258.075      33  582.150      679.715      649.570
 16  WAG+F+I+G4    258.158      34  584.316      692.498      653.780
 17  JTT           260.940      13  547.880      556.345      574.440
 18  JTT+I         260.903      14  549.806      559.806      578.408
 19  JTT+G4        260.930      14  549.859      559.859      578.462
 20  JTT+I+G4      261.031      15  552.062      563.769      582.708
 21  JTT+F         254.207      32  572.415      660.415      637.792
 22  JTT+F+I       254.134      33  574.269      671.834      641.689
 23  JTT+F+G4      254.180      33  574.359      671.925      641.780
 24  JTT+F+I+G4    254.228      34  576.456      684.638      645.920
WARNING: Normalizing state frequencies so that sum of them equals to 1
 25  Q.pfam        266.203      13  558.406      566.872      584.966
WARNING: Normalizing state frequencies so that sum of them equals to 1
 26  Q.pfam+I      266.143      14  560.287      570.287      588.890
WARNING: Normalizing state frequencies so that sum of them equals to 1
 27  Q.pfam+G4     266.159      14  560.318      570.318      588.920
WARNING: Normalizing state frequencies so that sum of them equals to 1
 28  Q.pfam+I+G4   266.232      15  562.465      574.172      593.111
WARNING: Normalizing state frequencies so that sum of them equals to 1
 29  Q.pfam+F      260.229      32  584.459      672.459      649.836
WARNING: Normalizing state frequencies so that sum of them equals to 1
 30  Q.pfam+F+I    260.143      33  586.286      683.851      653.707
WARNING: Normalizing state frequencies so that sum of them equals to 1
 31  Q.pfam+F+G4   260.168      33  586.336      683.901      653.757
WARNING: Normalizing state frequencies so that sum of them equals to 1
 32  Q.pfam+F+I+G4 260.217      34  588.434      696.616      657.898
WARNING: Normalizing state frequencies so that sum of them equals to 1
 33  Q.bird        260.359      13  546.717      555.182      573.277
WARNING: Normalizing state frequencies so that sum of them equals to 1
 34  Q.bird+I      259.960      14  547.921      557.921      576.523
WARNING: Normalizing state frequencies so that sum of them equals to 1
 35  Q.bird+G4     260.035      14  548.069      558.069      576.672
WARNING: Normalizing state frequencies so that sum of them equals to 1
 36  Q.bird+I+G4   259.961      15  549.921      561.628      580.567
WARNING: Normalizing state frequencies so that sum of them equals to 1
 37  Q.bird+F      252.506      32  569.013      657.013      634.390
WARNING: Normalizing state frequencies so that sum of them equals to 1
 38  Q.bird+F+I    252.051      33  570.102      667.668      637.523
WARNING: Normalizing state frequencies so that sum of them equals to 1
 39  Q.bird+F+G4   252.159      33  570.318      667.883      637.739
WARNING: Normalizing state frequencies so that sum of them equals to 1
 40  Q.bird+F+I+G4 252.051      34  572.103      680.285      641.567
WARNING: Normalizing state frequencies so that sum of them equals to 1
 41  Q.mammal      260.809      13  547.618      556.083      574.178
WARNING: Normalizing state frequencies so that sum of them equals to 1
 42  Q.mammal+I    260.623      14  549.246      559.246      577.848
WARNING: Normalizing state frequencies so that sum of them equals to 1
 43  Q.mammal+G4   260.671      14  549.342      559.342      577.945
WARNING: Normalizing state frequencies so that sum of them equals to 1
 44  Q.mammal+I+G4 260.647      15  551.294      563.002      581.940
WARNING: Normalizing state frequencies so that sum of them equals to 1
 45  Q.mammal+F    252.978      32  569.955      657.955      635.333
WARNING: Normalizing state frequencies so that sum of them equals to 1
 46  Q.mammal+F+I  252.710      33  571.421      668.986      638.841
WARNING: Normalizing state frequencies so that sum of them equals to 1
 47  Q.mammal+F+G4 252.784      33  571.568      669.133      638.989
WARNING: Normalizing state frequencies so that sum of them equals to 1
 48  Q.mammal+F+I+G4 252.722      34  573.443      681.625      642.907
 49  Q.insect      265.567      13  557.134      565.599      583.694
 50  Q.insect+I    265.434      14  558.868      568.868      587.471
 51  Q.insect+G4   265.454      14  558.909      568.909      587.511
 52  Q.insect+I+G4 265.470      15  560.940      572.647      591.586
 53  Q.insect+F    258.336      32  580.671      668.671      646.049
 54  Q.insect+F+I  258.150      33  582.299      679.864      649.720
 55  Q.insect+F+G4 258.205      33  582.410      679.976      649.831
 56  Q.insect+F+I+G4 258.177      34  584.354      692.536      653.818
WARNING: Normalizing state frequencies so that sum of them equals to 1
 57  Q.plant       262.513      13  551.026      559.491      577.586
WARNING: Normalizing state frequencies so that sum of them equals to 1
 58  Q.plant+I     262.162      14  552.324      562.324      580.926
WARNING: Normalizing state frequencies so that sum of them equals to 1
 59  Q.plant+G4    262.233      14  552.465      562.465      581.068
WARNING: Normalizing state frequencies so that sum of them equals to 1
 60  Q.plant+I+G4  262.164      15  554.329      566.036      584.975
WARNING: Normalizing state frequencies so that sum of them equals to 1
 61  Q.plant+F     254.475      32  572.950      660.950      638.327
WARNING: Normalizing state frequencies so that sum of them equals to 1
 62  Q.plant+F+I   254.109      33  574.219      671.784      641.639
WARNING: Normalizing state frequencies so that sum of them equals to 1
 63  Q.plant+F+G4  254.238      33  574.476      672.041      641.896
WARNING: Normalizing state frequencies so that sum of them equals to 1
 64  Q.plant+F+I+G4 254.115      34  576.230      684.412      645.694
WARNING: Normalizing state frequencies so that sum of them equals to 1
 65  Q.yeast       266.935      13  559.870      568.335      586.430
WARNING: Normalizing state frequencies so that sum of them equals to 1
 66  Q.yeast+I     266.772      14  561.545      571.545      590.147
WARNING: Normalizing state frequencies so that sum of them equals to 1
 67  Q.yeast+G4    266.803      14  561.606      571.606      590.209
WARNING: Normalizing state frequencies so that sum of them equals to 1
 68  Q.yeast+I+G4  266.795      15  563.590      575.298      594.236
WARNING: Normalizing state frequencies so that sum of them equals to 1
 69  Q.yeast+F     259.757      32  583.515      671.515      648.893
WARNING: Normalizing state frequencies so that sum of them equals to 1
 70  Q.yeast+F+I   259.537      33  585.073      682.638      652.494
WARNING: Normalizing state frequencies so that sum of them equals to 1
 71  Q.yeast+F+G4  259.606      33  585.211      682.777      652.632
WARNING: Normalizing state frequencies so that sum of them equals to 1
 72  Q.yeast+F+I+G4 259.554      34  587.107      695.289      656.571
 73  JTTDCMut      260.834      13  547.669      556.134      574.229
 74  JTTDCMut+I    260.801      14  549.602      559.602      578.205
 75  JTTDCMut+G4   260.825      14  549.650      559.650      578.253
 76  JTTDCMut+I+G4 260.936      15  551.872      563.579      582.518
 77  JTTDCMut+F    254.210      32  572.420      660.420      637.798
 78  JTTDCMut+F+I  254.142      33  574.284      671.850      641.705
 79  JTTDCMut+F+G4 254.184      33  574.367      671.933      641.788
 80  JTTDCMut+F+I+G4 254.240      34  576.481      684.663      645.945
 81  DCMut         268.673      13  563.347      571.812      589.906
 82  DCMut+I       268.041      14  564.083      574.083      592.686
 83  DCMut+G4      268.089      14  564.178      574.178      592.781
 84  DCMut+I+G4    268.050      15  566.100      577.807      596.745
 85  DCMut+F       261.692      32  587.383      675.383      652.761
 86  DCMut+F+I     261.129      33  588.257      685.822      655.678
 87  DCMut+F+G4    261.198      33  588.396      685.961      655.817
 88  DCMut+F+I+G4  261.131      34  590.261      698.443      659.725
 89  VT            263.893      13  553.785      562.250      580.345
 90  VT+I          263.884      14  555.768      565.768      584.371
 91  VT+G4         263.893      14  555.785      565.785      584.388
 92  VT+I+G4       264.081      15  558.163      569.870      588.809
 93  VT+F          258.189      32  580.379      668.379      645.757
 94  VT+F+I        258.178      33  582.356      679.921      649.776
 95  VT+F+G4       258.189      33  582.378      679.943      649.798
 96  VT+F+I+G4     258.370      34  584.740      692.922      654.203
 97  PMB           267.537      13  561.074      569.539      587.633
 98  PMB+I         267.526      14  563.051      573.051      591.654
 99  PMB+G4        267.533      14  563.066      573.066      591.669
100  PMB+I+G4      267.696      15  565.391      577.098      596.037
101  PMB+F         260.408      32  584.817      672.817      650.194
102  PMB+F+I       260.405      33  586.810      684.375      654.231
103  PMB+F+G4      260.408      33  586.816      684.382      654.237
104  PMB+F+I+G4    260.622      34  589.244      697.426      658.708
105  Blosum62      267.513      13  561.027      569.492      587.587
106  Blosum62+I    267.494      14  562.988      572.988      591.591
107  Blosum62+G4   267.505      14  563.010      573.010      591.613
108  Blosum62+I+G4 267.650      15  565.301      577.008      595.946
109  Blosum62+F    260.606      32  585.213      673.213      650.590
110  Blosum62+F+I  260.595      33  587.190      684.755      654.611
111  Blosum62+F+G4 260.603      33  587.207      684.772      654.627
112  Blosum62+F+I+G4 260.787      34  589.573      697.755      659.037
113  Dayhoff       268.633      13  563.267      571.732      589.826
114  Dayhoff+I     268.002      14  564.005      574.005      592.608
115  Dayhoff+G4    268.049      14  564.099      574.099      592.702
116  Dayhoff+I+G4  268.011      15  566.021      577.728      596.667
117  Dayhoff+F     261.645      32  587.291      675.291      652.668
118  Dayhoff+F+I   261.083      33  588.166      685.731      655.586
119  Dayhoff+F+G4  261.152      33  588.304      685.869      655.724
120  Dayhoff+F+I+G4 261.085      34  590.170      698.351      659.633
121  mtREV         275.153      13  576.306      584.771      602.865
122  mtREV+I       275.084      14  578.167      588.167      606.770
123  mtREV+G4      275.084      14  578.169      588.169      606.771
124  mtREV+I+G4    275.175      15  580.350      592.057      610.995
125  mtREV+F       256.066      32  576.131      664.131      641.509
126  mtREV+F+I     256.059      33  578.118      675.683      645.538
127  mtREV+F+G4    256.066      33  578.131      675.697      645.552
128  mtREV+F+I+G4  256.327      34  580.654      688.835      650.117
129  mtART         291.082      13  608.164      616.629      634.724
130  mtART+I       290.009      14  608.018      618.018      636.620
131  mtART+G4      289.732      14  607.464      617.464      636.067
132  mtART+I+G4    289.797      15  609.594      621.302      640.240
133  mtART+F       265.368      32  594.735      682.735      660.113
134  mtART+F+I     265.293      33  596.585      694.150      664.006
135  mtART+F+G4    265.248      33  596.496      694.061      663.917
136  mtART+F+I+G4  265.403      34  598.806      706.987      668.269
137  mtZOA         281.910      13  589.819      598.284      616.379
138  mtZOA+I       281.566      14  591.133      601.133      619.735
139  mtZOA+G4      281.479      14  590.957      600.957      619.560
140  mtZOA+I+G4    281.551      15  593.102      604.810      623.748
141  mtZOA+F       259.518      32  583.036      671.036      648.413
142  mtZOA+F+I     259.515      33  585.031      682.596      652.452
143  mtZOA+F+G4    259.513      33  585.025      682.590      652.446
144  mtZOA+F+I+G4  259.779      34  587.558      695.740      657.022
145  mtMet         278.369      13  582.738      591.203      609.297
146  mtMet+I       278.175      14  584.351      594.351      612.953
147  mtMet+G4      278.162      14  584.324      594.324      612.927
148  mtMet+I+G4    278.198      15  586.395      598.103      617.041
149  mtMet+F       255.058      32  574.115      662.115      639.493
150  mtMet+F+I     255.047      33  576.095      673.660      643.515
151  mtMet+F+G4    255.054      33  576.107      673.672      643.528
152  mtMet+F+I+G4  255.281      34  578.562      686.743      648.025
153  mtVer         277.497      13  580.994      589.459      607.553
154  mtVer+I       276.664      14  581.329      591.329      609.932
155  mtVer+G4      276.552      14  581.104      591.104      609.707
156  mtVer+I+G4    276.594      15  583.187      594.895      613.833
157  mtVer+F       256.441      32  576.881      664.881      642.259
158  mtVer+F+I     256.235      33  578.470      676.035      645.890
159  mtVer+F+G4    256.268      33  578.536      676.101      645.956
160  mtVer+F+I+G4  256.262      34  580.525      688.707      649.989
161  mtInv         285.153      13  596.306      604.771      622.865
162  mtInv+I       285.065      14  598.129      608.129      626.732
163  mtInv+G4      285.058      14  598.117      608.117      626.720
164  mtInv+I+G4    285.131      15  600.263      611.970      630.908
165  mtInv+F       256.116      32  576.232      664.232      641.610
166  mtInv+F+I     256.116      33  578.232      675.798      645.653
167  mtInv+F+G4    256.116      33  578.232      675.798      645.653
168  mtInv+F+I+G4  256.409      34  580.817      688.999      650.281
169  mtMAM         277.321      13  580.642      589.107      607.201
170  mtMAM+I       276.407      14  580.815      590.815      609.418
171  mtMAM+G4      276.211      14  580.421      590.421      609.024
172  mtMAM+I+G4    276.277      15  582.554      594.261      613.200
173  mtMAM+F       255.537      32  575.074      663.074      640.452
174  mtMAM+F+I     255.398      33  576.796      674.361      644.217
175  mtMAM+F+G4    255.384      33  576.768      674.333      644.188
176  mtMAM+F+I+G4  255.468      34  578.935      687.117      648.399
WARNING: Normalizing state frequencies so that sum of them equals to 1
177  FLAVI         262.943      13  551.887      560.352      578.446
WARNING: Normalizing state frequencies so that sum of them equals to 1
178  FLAVI+I       262.123      14  552.245      562.245      580.848
WARNING: Normalizing state frequencies so that sum of them equals to 1
179  FLAVI+G4      262.056      14  552.112      562.112      580.715
WARNING: Normalizing state frequencies so that sum of them equals to 1
180  FLAVI+I+G4    262.091      15  554.182      565.890      584.828
WARNING: Normalizing state frequencies so that sum of them equals to 1
181  FLAVI+F       251.693      32  567.385      655.385      632.763
WARNING: Normalizing state frequencies so that sum of them equals to 1
182  FLAVI+F+I     250.811      33  567.623      665.188      635.044
WARNING: Normalizing state frequencies so that sum of them equals to 1
183  FLAVI+F+G4    250.959      33  567.919      665.484      635.340
WARNING: Normalizing state frequencies so that sum of them equals to 1
184  FLAVI+F+I+G4  250.854      34  569.708      677.890      639.172
185  HIVb          261.098      13  548.196      556.662      574.756
186  HIVb+I        260.593      14  549.186      559.186      577.789
187  HIVb+G4       260.698      14  549.395      559.395      577.998
188  HIVb+I+G4     260.597      15  551.195      562.902      581.841
189  HIVb+F        254.154      32  572.308      660.308      637.686
190  HIVb+F+I      253.681      33  573.362      670.927      640.783
191  HIVb+F+G4     253.815      33  573.630      671.196      641.051
192  HIVb+F+I+G4   253.681      34  575.363      683.545      644.827
193  HIVw          264.598      13  555.196      563.661      581.756
194  HIVw+I        263.474      14  554.949      564.949      583.551
195  HIVw+G4       263.680      14  555.361      565.361      583.963
196  HIVw+I+G4     263.578      15  557.157      568.864      587.803
197  HIVw+F        252.154      32  568.309      656.309      633.686
198  HIVw+F+I      251.296      33  568.592      666.157      636.013
199  HIVw+F+G4     251.601      33  569.202      666.767      636.622
200  HIVw+F+I+G4   251.340      34  570.680      678.862      640.144
201  FLU           266.814      13  559.627      568.092      586.187
202  FLU+I         266.506      14  561.013      571.013      589.616
203  FLU+G4        266.559      14  561.118      571.118      589.721
204  FLU+I+G4      266.509      15  563.018      574.726      593.664
205  FLU+F         255.033      32  574.065      662.065      639.443
206  FLU+F+I       254.665      33  575.330      672.895      642.751
207  FLU+F+G4      254.770      33  575.540      673.106      642.961
208  FLU+F+I+G4    254.670      34  577.339      685.521      646.803
209  rtREV         263.277      13  552.554      561.019      579.113
210  rtREV+I       263.248      14  554.496      564.496      583.098
211  rtREV+G4      263.255      14  554.510      564.510      583.113
212  rtREV+I+G4    263.383      15  556.765      568.473      587.411
213  rtREV+F       259.794      32  583.588      671.588      648.966
214  rtREV+F+I     259.788      33  585.576      683.141      652.997
215  rtREV+F+G4    259.791      33  585.582      683.147      653.003
216  rtREV+F+I+G4  260.014      34  588.028      696.210      657.492
217  cpREV         263.011      13  552.021      560.487      578.581
218  cpREV+I       263.003      14  554.007      564.007      582.609
219  cpREV+G4      263.011      14  554.021      564.021      582.624
220  cpREV+I+G4    263.210      15  556.420      568.127      587.066
221  cpREV+F       257.371      32  578.743      666.743      644.120
222  cpREV+F+I     257.366      33  580.733      678.298      648.154
223  cpREV+F+G4    257.371      33  580.743      678.308      648.163
224  cpREV+F+I+G4  257.623      34  583.246      691.428      652.710
Akaike Information Criterion:           Q.bird
Corrected Akaike Information Criterion: Q.bird
Bayesian Information Criterion:         Q.bird
Best-fit model: Q.bird chosen according to BIC

All model information printed to ../results/molecular_evolution_analyses/phylogenetic_trees/F97953_ECAN_G1/F97953_ECAN_G1.model.gz
CPU time for ModelFinder: 1.269 seconds (0h:0m:1s)
Wall-clock time for ModelFinder: 1.292 seconds (0h:0m:1s)
NOTE: State(s) C, M not present in alignment and thus removed from Markov process to prevent numerical problems
NOTE: 2 states (see above) are not present and thus removed from Markov process to prevent numerical problems
Generating 1000 samples for ultrafast bootstrap (seed: 426170)...
WARNING: Normalizing state frequencies so that sum of them equals to 1

NOTE: 0 MB RAM (0 GB) is required!
Estimate model parameters (epsilon = 0.100)
1. Initial log-likelihood: -260.359
Optimal log-likelihood: -260.359
Parameters optimization took 1 rounds (0.001 sec)
Wrote distance file to... 
Computing ML distances based on estimated model parameters...
Calculating distance matrix: done in 0.00310707 secs using 99.84% CPU
Computing ML distances took 0.003187 sec (of wall-clock time) 0.003181 sec (of CPU time)
Setting up auxiliary I and S matrices: done in 3.09944e-05 secs using 100% CPU
Constructing RapidNJ tree: done in 2.7895e-05 secs using 100.4% CPU
Computing RapidNJ tree took 0.000119 sec (of wall-clock time) 0.000118 sec (of CPU time)
Log-likelihood of RapidNJ tree: -260.359
--------------------------------------------------------------------
|             INITIALIZING CANDIDATE TREE SET                      |
--------------------------------------------------------------------
Generating 99 parsimony trees... 0.052 second
Computing log-likelihood of 61 initial trees ... 0.045 seconds
Current best score: -260.359

Do NNI search on 20 best initial trees
Optimizing NNI: done in 0.00113106 secs using 199.9% CPU
Estimate model parameters (epsilon = 0.100)
BETTER TREE FOUND at iteration 1: -260.359
Optimizing NNI: done in 0.00126386 secs using 199.3% CPU
UPDATE BEST LOG-LIKELIHOOD: -260.359
Optimizing NNI: done in 0.0134001 secs using 110.2% CPU
Optimizing NNI: done in 0.00352192 secs using 200% CPU
Optimizing NNI: done in 0.015564 secs using 122.7% CPU
Optimizing NNI: done in 0.00116897 secs using 200.5% CPU
Optimizing NNI: done in 0.0022831 secs using 200% CPU
Optimizing NNI: done in 0.00225091 secs using 200% CPU
Optimizing NNI: done in 0.00229096 secs using 200% CPU
Optimizing NNI: done in 0.00198817 secs using 199.9% CPU
Iteration 10 / LogL: -260.359 / Time: 0h:0m:0s
Optimizing NNI: done in 0.0141799 secs using 87.09% CPU
Optimizing NNI: done in 0.00235415 secs using 199.4% CPU
Optimizing NNI: done in 0.002352 secs using 200.1% CPU
Optimizing NNI: done in 0.00240612 secs using 199.3% CPU
Optimizing NNI: done in 0.00379801 secs using 200.1% CPU
UPDATE BEST LOG-LIKELIHOOD: -260.359
Optimizing NNI: done in 0.00124216 secs using 199.8% CPU
Optimizing NNI: done in 0.00230694 secs using 200.2% CPU
Optimizing NNI: done in 0.0154221 secs using 122% CPU
Optimizing NNI: done in 0.00330591 secs using 199.9% CPU
Optimizing NNI: done in 0.00117517 secs using 200.4% CPU
Iteration 20 / LogL: -270.464 / Time: 0h:0m:0s
Finish initializing candidate tree set (6)
Current best tree score: -260.359 / CPU time: 0.200
Number of iterations: 20
--------------------------------------------------------------------
|               OPTIMIZING CANDIDATE TREE SET                      |
--------------------------------------------------------------------
Optimizing NNI: done in 0.00487804 secs using 99.77% CPU
Optimizing NNI: done in 0.00503922 secs using 99.74% CPU
Optimizing NNI: done in 0.00659013 secs using 99.71% CPU
Optimizing NNI: done in 0.00945091 secs using 99.85% CPU
Optimizing NNI: done in 0.00152922 secs using 99.92% CPU
Optimizing NNI: done in 0.00306296 secs using 100% CPU
Optimizing NNI: done in 0.00673985 secs using 99.99% CPU
Optimizing NNI: done in 0.00469398 secs using 100% CPU
Optimizing NNI: done in 0.00324917 secs using 99.99% CPU
Optimizing NNI: done in 0.00495291 secs using 99.98% CPU
Iteration 30 / LogL: -260.359 / Time: 0h:0m:0s (0h:0m:0s left)
Optimizing NNI: done in 0.00358891 secs using 99.42% CPU
Optimizing NNI: done in 0.00513697 secs using 99.77% CPU
Optimizing NNI: done in 0.00316691 secs using 100.1% CPU
Optimizing NNI: done in 0.00326705 secs using 99.75% CPU
Optimizing NNI: done in 0.00318193 secs using 99.69% CPU
Optimizing NNI: done in 0.00294399 secs using 99.97% CPU
Optimizing NNI: done in 0.00315499 secs using 100% CPU
Optimizing NNI: done in 0.00452113 secs using 100% CPU
Optimizing NNI: done in 0.0045259 secs using 100% CPU
Optimizing NNI: done in 0.00326395 secs using 100% CPU
Iteration 40 / LogL: -260.359 / Time: 0h:0m:0s (0h:0m:0s left)
Optimizing NNI: done in 0.00651383 secs using 99.82% CPU
Optimizing NNI: done in 0.00424194 secs using 99.98% CPU
Optimizing NNI: done in 0.00309706 secs using 99.97% CPU
Optimizing NNI: done in 0.00502801 secs using 99.76% CPU
Optimizing NNI: done in 0.00490713 secs using 99.75% CPU
Optimizing NNI: done in 0.00454283 secs using 100% CPU
Optimizing NNI: done in 0.008178 secs using 99.85% CPU
Optimizing NNI: done in 0.00146079 secs using 100% CPU
UPDATE BEST LOG-LIKELIHOOD: -260.359
Optimizing NNI: done in 0.00470781 secs using 99.75% CPU
Optimizing NNI: done in 0.00311589 secs using 99.55% CPU
Iteration 50 / LogL: -265.895 / Time: 0h:0m:0s (0h:0m:0s left)
Log-likelihood cutoff on original alignment: -287.085
Optimizing NNI: done in 0.002877 secs using 99.1% CPU
Optimizing NNI: done in 0.00385904 secs using 99.64% CPU
Optimizing NNI: done in 0.00455403 secs using 99.69% CPU
Optimizing NNI: done in 0.00334907 secs using 100.1% CPU
Optimizing NNI: done in 0.00136304 secs using 100.1% CPU
Optimizing NNI: done in 0.00607896 secs using 99.75% CPU
Optimizing NNI: done in 0.00142312 secs using 99.99% CPU
Optimizing NNI: done in 0.00310493 secs using 99.97% CPU
Optimizing NNI: done in 0.0030992 secs using 99.99% CPU
Optimizing NNI: done in 0.00460601 secs using 99.76% CPU
Iteration 60 / LogL: -260.359 / Time: 0h:0m:0s (0h:0m:0s left)
Optimizing NNI: done in 0.00628114 secs using 99.65% CPU
Optimizing NNI: done in 0.00476718 secs using 99.98% CPU
Optimizing NNI: done in 0.00329185 secs using 100% CPU
Optimizing NNI: done in 0.00441599 secs using 100% CPU
Optimizing NNI: done in 0.00295901 secs using 100% CPU
Optimizing NNI: done in 0.00471091 secs using 99.77% CPU
Optimizing NNI: done in 0.00275898 secs using 99.96% CPU
Optimizing NNI: done in 0.00301695 secs using 100% CPU
Optimizing NNI: done in 0.00326014 secs using 100% CPU
Optimizing NNI: done in 0.00473905 secs using 99.75% CPU
UPDATE BEST LOG-LIKELIHOOD: -260.359
Iteration 70 / LogL: -260.359 / Time: 0h:0m:0s (0h:0m:0s left)
Optimizing NNI: done in 0.00474405 secs using 99.43% CPU
Optimizing NNI: done in 0.00302219 secs using 100% CPU
Optimizing NNI: done in 0.0030179 secs using 100% CPU
Optimizing NNI: done in 0.001688 secs using 99.94% CPU
Optimizing NNI: done in 0.00439405 secs using 99.68% CPU
Optimizing NNI: done in 0.00443697 secs using 100% CPU
Optimizing NNI: done in 0.00364614 secs using 100% CPU
Optimizing NNI: done in 0.00319004 secs using 99.5% CPU
Optimizing NNI: done in 0.00208807 secs using 99.57% CPU
Optimizing NNI: done in 0.00299406 secs using 99.6% CPU
Iteration 80 / LogL: -260.359 / Time: 0h:0m:0s (0h:0m:0s left)
Optimizing NNI: done in 0.00430202 secs using 99.98% CPU
Optimizing NNI: done in 0.00255203 secs using 99.92% CPU
Optimizing NNI: done in 0.00573802 secs using 100% CPU
Optimizing NNI: done in 0.00574803 secs using 100% CPU
Optimizing NNI: done in 0.0058341 secs using 99.81% CPU
Optimizing NNI: done in 0.00301003 secs using 99.07% CPU
Optimizing NNI: done in 0.00292206 secs using 99.96% CPU
Optimizing NNI: done in 0.00285196 secs using 100% CPU
Optimizing NNI: done in 0.004457 secs using 99.66% CPU
Optimizing NNI: done in 0.00419712 secs using 100% CPU
Iteration 90 / LogL: -260.359 / Time: 0h:0m:0s (0h:0m:0s left)
Optimizing NNI: done in 0.0039041 secs using 99.97% CPU
Optimizing NNI: done in 0.00272989 secs using 99.97% CPU
UPDATE BEST LOG-LIKELIHOOD: -260.359
Optimizing NNI: done in 0.00434995 secs using 99.56% CPU
Optimizing NNI: done in 0.0056529 secs using 99.7% CPU
Optimizing NNI: done in 0.00286508 secs using 100.1% CPU
Optimizing NNI: done in 0.00278687 secs using 99.61% CPU
Optimizing NNI: done in 0.00447512 secs using 99.77% CPU
Optimizing NNI: done in 0.00723004 secs using 99.83% CPU
Optimizing NNI: done in 0.00303102 secs using 100.1% CPU
Optimizing NNI: done in 0.00283313 secs using 100% CPU
Iteration 100 / LogL: -260.359 / Time: 0h:0m:0s (0h:0m:0s left)
Log-likelihood cutoff on original alignment: -288.034
NOTE: Bootstrap correlation coefficient of split occurrence frequencies: 0.998
Optimizing NNI: done in 0.00568509 secs using 100% CPU
Optimizing NNI: done in 0.00270009 secs using 100% CPU
TREE SEARCH COMPLETED AFTER 102 ITERATIONS / Time: 0h:0m:0s

--------------------------------------------------------------------
|                    FINALIZING TREE SEARCH                        |
--------------------------------------------------------------------
Performs final model parameters optimization
Estimate model parameters (epsilon = 0.010)
1. Initial log-likelihood: -260.359
Optimal log-likelihood: -260.359
Parameters optimization took 1 rounds (0.001 sec)
BEST SCORE FOUND : -260.359

Testing tree branches by SH-like aLRT with 1000 replicates...
0.007 sec.
Creating bootstrap support values...
Split supports printed to NEXUS file ../results/molecular_evolution_analyses/phylogenetic_trees/F97953_ECAN_G1/F97953_ECAN_G1.splits.nex
Total tree length: 0.361

Total number of iterations: 102
CPU time used for tree search: 1.007 sec (0h:0m:1s)
Wall-clock time used for tree search: 0.961 sec (0h:0m:0s)
Total CPU time used: 1.062 sec (0h:0m:1s)
Total wall-clock time used: 1.017 sec (0h:0m:1s)

Computing bootstrap consensus tree...
Reading input file ../results/molecular_evolution_analyses/phylogenetic_trees/F97953_ECAN_G1/F97953_ECAN_G1.splits.nex...
8 taxa and 35 splits.
Consensus tree written to ../results/molecular_evolution_analyses/phylogenetic_trees/F97953_ECAN_G1/F97953_ECAN_G1.contree
Reading input trees file ../results/molecular_evolution_analyses/phylogenetic_trees/F97953_ECAN_G1/F97953_ECAN_G1.contree
Log-likelihood of consensus tree: -260.359

Analysis results written to: 
  IQ-TREE report:                ../results/molecular_evolution_analyses/phylogenetic_trees/F97953_ECAN_G1/F97953_ECAN_G1.iqtree
  Maximum-likelihood tree:       ../results/molecular_evolution_analyses/phylogenetic_trees/F97953_ECAN_G1/F97953_ECAN_G1.treefile
  Likelihood distances:          ../results/molecular_evolution_analyses/phylogenetic_trees/F97953_ECAN_G1/F97953_ECAN_G1.mldist

Ultrafast bootstrap approximation results written to:
  Split support values:          ../results/molecular_evolution_analyses/phylogenetic_trees/F97953_ECAN_G1/F97953_ECAN_G1.splits.nex
  Consensus tree:                ../results/molecular_evolution_analyses/phylogenetic_trees/F97953_ECAN_G1/F97953_ECAN_G1.contree
  Screen log file:               ../results/molecular_evolution_analyses/phylogenetic_trees/F97953_ECAN_G1/F97953_ECAN_G1.log

Date and Time: Thu Mar 28 11:25:28 2024
