IQ-TREE multicore version 2.2.2.6 COVID-edition for Linux 64-bit built May 27 2023
Developed by Bui Quang Minh, James Barbetti, Nguyen Lam Tung,
Olga Chernomor, Heiko Schmidt, Dominik Schrempf, Michael Woodhams, Ly Trong Nhan.

Host:    lbc5 (AVX2, FMA3, 125 GB RAM)
Command: /home/mauricio/mauricio_PROGRAMAS/iqtree-2.2.2.6-Linux/bin/iqtree2 -s ../results/molecular_evolution_analyses/alignments_gblocks/F44158_MLIG_G1/F44158_MLIG_G1.aln.gblo -m TEST --threads-max 32 --alrt 1000 --ufboot 1000 --prefix ../results/molecular_evolution_analyses/phylogenetic_trees/F44158_MLIG_G1/F44158_MLIG_G1 -keep-ident -redo
Seed:    40455 (Using SPRNG - Scalable Parallel Random Number Generator)
Time:    Wed May  1 10:10:04 2024
Kernel:  AVX+FMA - 1 threads (32 CPU cores detected)

HINT: Use -nt option to specify number of threads because your CPU has 32 cores!
HINT: -nt AUTO will automatically determine the best number of threads to use.

Reading alignment file ../results/molecular_evolution_analyses/alignments_gblocks/F44158_MLIG_G1/F44158_MLIG_G1.aln.gblo ... Fasta format detected
Reading fasta file: done in 0.000117779 secs using 99.34% CPU
Alignment most likely contains protein sequences
Constructing alignment: done in 0.000410795 secs using 100% CPU
Alignment has 9 sequences with 405 columns, 132 distinct patterns
131 parsimony-informative, 0 singleton sites, 274 constant sites
            Gap/Ambiguity  Composition  p-value
Analyzing sequences: done in 1.12057e-05 secs using 89.24% CPU
   1  Mlig.7755     0.00%    passed     99.35%
   2  Mlig.46438    0.00%    passed     99.51%
   3  Mlig.48399    0.00%    passed     99.46%
   4  Mlig.7576     0.00%    passed    100.00%
   5  Mlig.7577     0.00%    passed    100.00%
   6  Mlig.7578     0.00%    passed    100.00%
   7  Mlig.26886    0.00%    passed     99.99%
   8  Mlig.28882    0.00%    passed     99.99%
   9  Mlig.47674    0.00%    passed    100.00%
****  TOTAL         0.00%  0 sequences failed composition chi2 test (p-value<5%; df=19)


Create initial parsimony tree by phylogenetic likelihood library (PLL)... 0.000 seconds
Perform fast likelihood tree search using LG+I+G model...
Estimate model parameters (epsilon = 5.000)
Perform nearest neighbor interchange...
Optimizing NNI: done in 0.052942 secs using 99.98% CPU
Estimate model parameters (epsilon = 1.000)
1. Initial log-likelihood: -2027.516
Optimal log-likelihood: -2027.501
Proportion of invariable sites: 0.337
Gamma shape alpha: 1.155
Parameters optimization took 1 rounds (0.013 sec)
Time for fast ML tree search: 0.079 seconds

NOTE: ModelFinder requires 1 MB RAM!
ModelFinder will test up to 224 protein models (sample size: 405) ...
 No. Model         -LnL         df  AIC          AICc         BIC
  1  LG            2045.515     15  4121.030     4122.264     4181.088
  2  LG+I          2029.014     16  4090.027     4091.429     4154.089
  3  LG+G4         2027.645     16  4087.291     4088.693     4151.353
  4  LG+I+G4       2027.589     17  4089.178     4090.760     4157.244
  6  LG+F+I        2005.911     35  4081.822     4088.651     4221.958
  7  LG+F+G4       2004.284     35  4078.568     4085.397     4218.704
  8  LG+F+I+G4     2004.310     36  4080.621     4087.860     4224.761
 10  WAG+I         2037.481     16  4106.962     4108.364     4171.024
 11  WAG+G4        2036.556     16  4105.113     4106.515     4169.175
 12  WAG+I+G4      2036.622     17  4107.243     4108.825     4175.309
 14  WAG+F+I       2010.952     35  4091.903     4098.733     4232.039
 15  WAG+F+G4      2009.843     35  4089.686     4096.516     4229.822
 16  WAG+F+I+G4    2009.960     36  4091.919     4099.158     4236.059
 18  JTT+I         2023.155     16  4078.309     4079.711     4142.371
 19  JTT+G4        2022.026     16  4076.052     4077.454     4140.114
 20  JTT+I+G4      2022.012     17  4078.025     4079.606     4146.091
 22  JTT+F+I       2002.766     35  4075.532     4082.361     4215.668
 23  JTT+F+G4      2001.535     35  4073.070     4079.899     4213.206
 24  JTT+F+I+G4    2001.590     36  4075.179     4082.418     4219.319
WARNING: Normalizing state frequencies so that sum of them equals to 1
 26  Q.pfam+I      2028.670     16  4089.340     4090.742     4153.402
WARNING: Normalizing state frequencies so that sum of them equals to 1
 27  Q.pfam+G4     2027.527     16  4087.054     4088.456     4151.116
WARNING: Normalizing state frequencies so that sum of them equals to 1
 28  Q.pfam+I+G4   2027.550     17  4089.101     4090.682     4157.167
WARNING: Normalizing state frequencies so that sum of them equals to 1
 30  Q.pfam+F+I    2007.230     35  4084.460     4091.289     4224.596
WARNING: Normalizing state frequencies so that sum of them equals to 1
 31  Q.pfam+F+G4   2005.891     35  4081.781     4088.611     4221.918
WARNING: Normalizing state frequencies so that sum of them equals to 1
 32  Q.pfam+F+I+G4 2005.944     36  4083.888     4091.127     4228.028
WARNING: Normalizing state frequencies so that sum of them equals to 1
 34  Q.bird+I      2025.429     16  4082.858     4084.260     4146.920
WARNING: Normalizing state frequencies so that sum of them equals to 1
 35  Q.bird+G4     2022.816     16  4077.631     4079.033     4141.693
WARNING: Normalizing state frequencies so that sum of them equals to 1
 36  Q.bird+I+G4   2022.567     17  4079.135     4080.716     4147.201
WARNING: Normalizing state frequencies so that sum of them equals to 1
 38  Q.bird+F+I    2008.486     35  4086.972     4093.801     4227.108
WARNING: Normalizing state frequencies so that sum of them equals to 1
 39  Q.bird+F+G4   2005.931     35  4081.861     4088.690     4221.997
WARNING: Normalizing state frequencies so that sum of them equals to 1
 40  Q.bird+F+I+G4 2005.688     36  4083.377     4090.616     4227.517
WARNING: Normalizing state frequencies so that sum of them equals to 1
 42  Q.mammal+I    2022.391     16  4076.781     4078.183     4140.843
WARNING: Normalizing state frequencies so that sum of them equals to 1
 43  Q.mammal+G4   2019.859     16  4071.717     4073.119     4135.779
WARNING: Normalizing state frequencies so that sum of them equals to 1
 44  Q.mammal+I+G4 2019.787     17  4073.574     4075.156     4141.640
WARNING: Normalizing state frequencies so that sum of them equals to 1
 46  Q.mammal+F+I  2006.364     35  4082.729     4089.558     4222.865
WARNING: Normalizing state frequencies so that sum of them equals to 1
 47  Q.mammal+F+G4 2004.155     35  4078.310     4085.140     4218.446
WARNING: Normalizing state frequencies so that sum of them equals to 1
 48  Q.mammal+F+I+G4 2004.069     36  4080.138     4087.377     4224.278
 50  Q.insect+I    2034.047     16  4100.094     4101.496     4164.156
 51  Q.insect+G4   2032.737     16  4097.474     4098.876     4161.536
 52  Q.insect+I+G4 2032.749     17  4099.499     4101.080     4167.565
 54  Q.insect+F+I  1997.245     35  4064.490     4071.320     4204.626
 55  Q.insect+F+G4 1995.811     35  4061.623     4068.452     4201.759
 56  Q.insect+F+I+G4 1995.886     36  4063.772     4071.011     4207.912
WARNING: Normalizing state frequencies so that sum of them equals to 1
 58  Q.plant+I     2026.815     16  4085.630     4087.032     4149.693
WARNING: Normalizing state frequencies so that sum of them equals to 1
 59  Q.plant+G4    2024.328     16  4080.657     4082.059     4144.719
WARNING: Normalizing state frequencies so that sum of them equals to 1
 60  Q.plant+I+G4  2024.108     17  4082.216     4083.798     4150.282
WARNING: Normalizing state frequencies so that sum of them equals to 1
 62  Q.plant+F+I   2003.482     35  4076.963     4083.793     4217.099
WARNING: Normalizing state frequencies so that sum of them equals to 1
 63  Q.plant+F+G4  2000.654     35  4071.308     4078.137     4211.444
WARNING: Normalizing state frequencies so that sum of them equals to 1
 64  Q.plant+F+I+G4 2000.439     36  4072.878     4080.117     4217.018
WARNING: Normalizing state frequencies so that sum of them equals to 1
 66  Q.yeast+I     2046.774     16  4125.548     4126.950     4189.610
WARNING: Normalizing state frequencies so that sum of them equals to 1
 67  Q.yeast+G4    2045.610     16  4123.220     4124.622     4187.282
WARNING: Normalizing state frequencies so that sum of them equals to 1
 68  Q.yeast+I+G4  2045.583     17  4125.166     4126.747     4193.232
WARNING: Normalizing state frequencies so that sum of them equals to 1
 70  Q.yeast+F+I   1998.968     35  4067.937     4074.766     4208.073
WARNING: Normalizing state frequencies so that sum of them equals to 1
 71  Q.yeast+F+G4  1997.813     35  4065.627     4072.456     4205.763
WARNING: Normalizing state frequencies so that sum of them equals to 1
 72  Q.yeast+F+I+G4 1997.843     36  4067.687     4074.926     4211.827
 74  JTTDCMut+I    2024.434     16  4080.867     4082.269     4144.930
 75  JTTDCMut+G4   2023.113     16  4078.226     4079.628     4142.288
 76  JTTDCMut+I+G4 2023.128     17  4080.255     4081.837     4148.321
 78  JTTDCMut+F+I  2003.217     35  4076.434     4083.264     4216.570
 79  JTTDCMut+F+G4 2001.945     35  4073.890     4080.719     4214.026
 80  JTTDCMut+F+I+G4 2002.007     36  4076.014     4083.253     4220.154
 82  DCMut+I       2033.989     16  4099.977     4101.379     4164.039
 83  DCMut+G4      2033.148     16  4098.295     4099.697     4162.357
 84  DCMut+I+G4    2033.147     17  4100.295     4101.876     4168.361
 86  DCMut+F+I     2001.642     35  4073.284     4080.113     4213.420
 87  DCMut+F+G4    2000.678     35  4071.356     4078.185     4211.492
 88  DCMut+F+I+G4  2000.708     36  4073.416     4080.655     4217.556
 90  VT+I          2031.528     16  4095.055     4096.457     4159.117
 91  VT+G4         2031.235     16  4094.470     4095.872     4158.532
 92  VT+I+G4       2031.275     17  4096.549     4098.131     4164.615
 94  VT+F+I        2010.188     35  4090.375     4097.205     4230.511
 95  VT+F+G4       2009.641     35  4089.282     4096.111     4229.418
 96  VT+F+I+G4     2009.724     36  4091.448     4098.687     4235.588
 98  PMB+I         2041.634     16  4115.269     4116.671     4179.331
 99  PMB+G4        2041.289     16  4114.578     4115.980     4178.640
100  PMB+I+G4      2041.328     17  4116.655     4118.237     4184.721
102  PMB+F+I       2020.239     35  4110.477     4117.307     4250.614
103  PMB+F+G4      2019.798     35  4109.596     4116.426     4249.732
104  PMB+F+I+G4    2019.871     36  4111.741     4118.980     4255.881
106  Blosum62+I    2042.903     16  4117.806     4119.208     4181.868
107  Blosum62+G4   2042.638     16  4117.276     4118.678     4181.338
108  Blosum62+I+G4 2042.657     17  4119.313     4120.895     4187.379
110  Blosum62+F+I  2016.319     35  4102.638     4109.467     4242.774
111  Blosum62+F+G4 2015.933     35  4101.866     4108.695     4242.002
112  Blosum62+F+I+G4 2015.991     36  4103.981     4111.220     4248.121
114  Dayhoff+I     2033.886     16  4099.772     4101.174     4163.834
115  Dayhoff+G4    2033.035     16  4098.070     4099.472     4162.132
116  Dayhoff+I+G4  2033.034     17  4100.068     4101.649     4168.134
118  Dayhoff+F+I   2001.536     35  4073.072     4079.901     4213.208
119  Dayhoff+F+G4  2000.563     35  4071.126     4077.956     4211.262
120  Dayhoff+F+I+G4 2000.592     36  4073.185     4080.424     4217.325
122  mtREV+I       2127.696     16  4287.393     4288.795     4351.455
123  mtREV+G4      2123.552     16  4279.105     4280.507     4343.167
124  mtREV+I+G4    2123.254     17  4280.508     4282.089     4348.574
126  mtREV+F+I     2025.328     35  4120.656     4127.485     4260.792
127  mtREV+F+G4    2021.962     35  4113.924     4120.753     4254.060
128  mtREV+F+I+G4  2021.883     36  4115.767     4123.006     4259.907
130  mtART+I       2153.944     16  4339.888     4341.290     4403.950
131  mtART+G4      2142.865     16  4317.730     4319.132     4381.792
132  mtART+I+G4    2141.762     17  4317.524     4319.106     4385.590
134  mtART+F+I     2035.120     35  4140.240     4147.069     4280.376
135  mtART+F+G4    2025.875     35  4121.751     4128.580     4261.887
136  mtART+F+I+G4  2025.174     36  4122.349     4129.588     4266.488
138  mtZOA+I       2111.530     16  4255.059     4256.461     4319.121
139  mtZOA+G4      2104.693     16  4241.386     4242.788     4305.448
140  mtZOA+I+G4    2104.063     17  4242.126     4243.707     4310.192
142  mtZOA+F+I     2017.871     35  4105.741     4112.570     4245.877
143  mtZOA+F+G4    2012.939     35  4095.878     4102.707     4236.014
144  mtZOA+F+I+G4  2012.521     36  4097.043     4104.282     4241.183
146  mtMet+I       2156.243     16  4344.487     4345.889     4408.549
147  mtMet+G4      2151.704     16  4335.408     4336.810     4399.470
148  mtMet+I+G4    2151.329     17  4336.657     4338.239     4404.723
150  mtMet+F+I     2014.653     35  4099.306     4106.136     4239.442
151  mtMet+F+G4    2011.530     35  4093.061     4099.890     4233.197
152  mtMet+F+I+G4  2011.342     36  4094.683     4101.922     4238.823
154  mtVer+I       2142.404     16  4316.807     4318.209     4380.869
155  mtVer+G4      2135.870     16  4303.741     4305.143     4367.803
156  mtVer+I+G4    2135.325     17  4304.650     4306.231     4372.716
158  mtVer+F+I     2026.115     35  4122.229     4129.058     4262.365
159  mtVer+F+G4    2022.446     35  4114.892     4121.722     4255.028
160  mtVer+F+I+G4  2021.994     36  4115.988     4123.227     4260.128
162  mtInv+I       2196.025     16  4424.049     4425.451     4488.111
163  mtInv+G4      2192.876     16  4417.751     4419.153     4481.813
164  mtInv+I+G4    2192.632     17  4419.264     4420.845     4487.330
166  mtInv+F+I     2011.326     35  4092.653     4099.482     4232.789
167  mtInv+F+G4    2008.950     35  4087.901     4094.730     4228.037
168  mtInv+F+I+G4  2008.850     36  4089.700     4096.939     4233.840
170  mtMAM+I       2143.164     16  4318.328     4319.730     4382.390
171  mtMAM+G4      2132.296     16  4296.592     4297.994     4360.654
172  mtMAM+I+G4    2131.360     17  4296.720     4298.302     4364.786
174  mtMAM+F+I     2033.101     35  4136.202     4143.031     4276.338
175  mtMAM+F+G4    2026.678     35  4123.356     4130.185     4263.492
176  mtMAM+F+I+G4  2026.070     36  4124.141     4131.380     4268.280
WARNING: Normalizing state frequencies so that sum of them equals to 1
178  FLAVI+I       2066.899     16  4165.798     4167.200     4229.860
WARNING: Normalizing state frequencies so that sum of them equals to 1
179  FLAVI+G4      2063.508     16  4159.015     4160.417     4223.077
WARNING: Normalizing state frequencies so that sum of them equals to 1
180  FLAVI+I+G4    2062.840     17  4159.679     4161.261     4227.745
WARNING: Normalizing state frequencies so that sum of them equals to 1
182  FLAVI+F+I     2025.397     35  4120.795     4127.624     4260.931
WARNING: Normalizing state frequencies so that sum of them equals to 1
183  FLAVI+F+G4    2021.705     35  4113.409     4120.238     4253.545
WARNING: Normalizing state frequencies so that sum of them equals to 1
184  FLAVI+F+I+G4  2021.073     36  4114.146     4121.385     4258.286
186  HIVb+I        2053.825     16  4139.650     4141.052     4203.712
187  HIVb+G4       2050.450     16  4132.899     4134.301     4196.961
188  HIVb+I+G4     2050.090     17  4134.181     4135.762     4202.247
190  HIVb+F+I      2018.884     35  4107.769     4114.598     4247.905
191  HIVb+F+G4     2014.804     35  4099.607     4106.437     4239.743
192  HIVb+F+I+G4   2014.531     36  4101.063     4108.302     4245.203
194  HIVw+I        2127.116     16  4286.231     4287.633     4350.293
195  HIVw+G4       2124.366     16  4280.733     4282.135     4344.795
196  HIVw+I+G4     2123.661     17  4281.321     4282.903     4349.387
198  HIVw+F+I      2032.166     35  4134.333     4141.162     4274.469
199  HIVw+F+G4     2029.634     35  4129.268     4136.097     4269.404
200  HIVw+F+I+G4   2029.197     36  4130.395     4137.634     4274.535
202  FLU+I         2064.922     16  4161.845     4163.247     4225.907
203  FLU+G4        2062.587     16  4157.174     4158.576     4221.236
204  FLU+I+G4      2062.276     17  4158.552     4160.133     4226.618
206  FLU+F+I       2009.609     35  4089.217     4096.046     4229.353
207  FLU+F+G4      2006.177     35  4082.355     4089.184     4222.491
208  FLU+F+I+G4    2006.070     36  4084.140     4091.379     4228.280
210  rtREV+I       2048.241     16  4128.482     4129.884     4192.544
211  rtREV+G4      2046.949     16  4125.898     4127.301     4189.961
212  rtREV+I+G4    2046.915     17  4127.831     4129.412     4195.897
214  rtREV+F+I     2012.802     35  4095.604     4102.434     4235.740
215  rtREV+F+G4    2011.003     35  4092.006     4098.835     4232.142
216  rtREV+F+I+G4  2011.018     36  4094.037     4101.276     4238.177
218  cpREV+I       2051.660     16  4135.321     4136.723     4199.383
219  cpREV+G4      2050.435     16  4132.869     4134.271     4196.932
220  cpREV+I+G4    2050.319     17  4134.638     4136.219     4202.704
222  cpREV+F+I     2025.743     35  4121.486     4128.315     4261.622
223  cpREV+F+G4    2024.036     35  4118.072     4124.901     4258.208
224  cpREV+F+I+G4  2023.991     36  4119.981     4127.220     4264.121
Akaike Information Criterion:           Q.insect+F+G4
Corrected Akaike Information Criterion: Q.insect+F+G4
Bayesian Information Criterion:         Q.mammal+G4
Best-fit model: Q.mammal+G4 chosen according to BIC

All model information printed to ../results/molecular_evolution_analyses/phylogenetic_trees/F44158_MLIG_G1/F44158_MLIG_G1.model.gz
CPU time for ModelFinder: 2.907 seconds (0h:0m:2s)
Wall-clock time for ModelFinder: 2.909 seconds (0h:0m:2s)
Generating 1000 samples for ultrafast bootstrap (seed: 40455)...
WARNING: Normalizing state frequencies so that sum of them equals to 1

NOTE: 1 MB RAM (0 GB) is required!
Estimate model parameters (epsilon = 0.100)
1. Initial log-likelihood: -2019.859
Optimal log-likelihood: -2019.859
Gamma shape alpha: 0.364
Parameters optimization took 1 rounds (0.005 sec)
Wrote distance file to... 
Computing ML distances based on estimated model parameters...
Calculating distance matrix: done in 0.00644398 secs using 99.88% CPU
Computing ML distances took 0.006469 sec (of wall-clock time) 0.006463 sec (of CPU time)
Setting up auxiliary I and S matrices: done in 4.3869e-05 secs using 102.6% CPU
Constructing RapidNJ tree: done in 3.29018e-05 secs using 100.3% CPU
Computing RapidNJ tree took 0.000146 sec (of wall-clock time) 0.000145 sec (of CPU time)
Log-likelihood of RapidNJ tree: -2019.433
--------------------------------------------------------------------
|             INITIALIZING CANDIDATE TREE SET                      |
--------------------------------------------------------------------
Generating 98 parsimony trees... 0.032 second
Computing log-likelihood of 82 initial trees ... 0.138 seconds
Current best score: -2019.433

Do NNI search on 20 best initial trees
Optimizing NNI: done in 0.00658798 secs using 200% CPU
Estimate model parameters (epsilon = 0.100)
BETTER TREE FOUND at iteration 1: -2019.423
Optimizing NNI: done in 0.0146041 secs using 156.6% CPU
BETTER TREE FOUND at iteration 2: -2019.423
Optimizing NNI: done in 0.01456 secs using 99.84% CPU
Optimizing NNI: done in 0.0145209 secs using 99.99% CPU
Optimizing NNI: done in 0.014538 secs using 99.98% CPU
Optimizing NNI: done in 0.0145469 secs using 99.96% CPU
Optimizing NNI: done in 0.0213978 secs using 99.96% CPU
Optimizing NNI: done in 0.0214109 secs using 99.96% CPU
Optimizing NNI: done in 0.00781488 secs using 100% CPU
Optimizing NNI: done in 0.0214112 secs using 99.98% CPU
UPDATE BEST LOG-LIKELIHOOD: -2019.423
Iteration 10 / LogL: -2019.423 / Time: 0h:0m:0s
Optimizing NNI: done in 0.0214009 secs using 99.96% CPU
Optimizing NNI: done in 0.0214229 secs using 99.99% CPU
Optimizing NNI: done in 0.0214071 secs using 99.97% CPU
Optimizing NNI: done in 0.0213859 secs using 99.97% CPU
Optimizing NNI: done in 0.0156798 secs using 99.96% CPU
UPDATE BEST LOG-LIKELIHOOD: -2019.423
Optimizing NNI: done in 0.0156779 secs using 99.98% CPU
Optimizing NNI: done in 0.015676 secs using 99.96% CPU
Optimizing NNI: done in 0.015676 secs using 99.99% CPU
Optimizing NNI: done in 0.0226531 secs using 99.97% CPU
Optimizing NNI: done in 0.0226781 secs using 99.96% CPU
Iteration 20 / LogL: -2019.423 / Time: 0h:0m:0s
Finish initializing candidate tree set (4)
Current best tree score: -2019.423 / CPU time: 0.539
Number of iterations: 20
--------------------------------------------------------------------
|               OPTIMIZING CANDIDATE TREE SET                      |
--------------------------------------------------------------------
Optimizing NNI: done in 0.015955 secs using 99.97% CPU
UPDATE BEST LOG-LIKELIHOOD: -2019.423
Optimizing NNI: done in 0.00785089 secs using 100% CPU
Optimizing NNI: done in 0.0291891 secs using 99.96% CPU
Optimizing NNI: done in 0.0215318 secs using 99.96% CPU
Optimizing NNI: done in 0.028065 secs using 99.96% CPU
Optimizing NNI: done in 0.0291841 secs using 99.97% CPU
Optimizing NNI: done in 0.0292389 secs using 99.97% CPU
Optimizing NNI: done in 0.0157962 secs using 99.97% CPU
Optimizing NNI: done in 0.00638914 secs using 99.95% CPU
Optimizing NNI: done in 0.029027 secs using 99.98% CPU
UPDATE BEST LOG-LIKELIHOOD: -2019.423
Iteration 30 / LogL: -2019.423 / Time: 0h:0m:0s (0h:0m:2s left)
Optimizing NNI: done in 0.043926 secs using 99.97% CPU
Optimizing NNI: done in 0.0379579 secs using 99.98% CPU
Optimizing NNI: done in 0.0371962 secs using 99.98% CPU
Optimizing NNI: done in 0.00632 secs using 100% CPU
Optimizing NNI: done in 0.0448771 secs using 99.97% CPU
Optimizing NNI: done in 0.0172901 secs using 99.97% CPU
Optimizing NNI: done in 0.0224881 secs using 99.97% CPU
Optimizing NNI: done in 0.0346701 secs using 99.98% CPU
Optimizing NNI: done in 0.03584 secs using 99.98% CPU
Optimizing NNI: done in 0.02177 secs using 99.98% CPU
Iteration 40 / LogL: -2102.283 / Time: 0h:0m:1s (0h:0m:1s left)
Optimizing NNI: done in 0.0229461 secs using 99.98% CPU
Optimizing NNI: done in 0.0360191 secs using 99.97% CPU
Optimizing NNI: done in 0.01722 secs using 99.97% CPU
Optimizing NNI: done in 0.0224349 secs using 99.98% CPU
Optimizing NNI: done in 0.0257061 secs using 99.98% CPU
Optimizing NNI: done in 0.0305161 secs using 99.97% CPU
Optimizing NNI: done in 0.017035 secs using 99.98% CPU
Optimizing NNI: done in 0.0287271 secs using 99.98% CPU
Optimizing NNI: done in 0.030364 secs using 99.98% CPU
Optimizing NNI: done in 0.028935 secs using 99.98% CPU
Iteration 50 / LogL: -2019.868 / Time: 0h:0m:1s (0h:0m:1s left)
Log-likelihood cutoff on original alignment: -2050.697
Optimizing NNI: done in 0.0265889 secs using 99.96% CPU
Optimizing NNI: done in 0.035063 secs using 99.98% CPU
Optimizing NNI: done in 0.026731 secs using 99.97% CPU
Optimizing NNI: done in 0.0153852 secs using 99.97% CPU
Optimizing NNI: done in 0.0226202 secs using 99.98% CPU
Optimizing NNI: done in 0.0372789 secs using 99.98% CPU
Optimizing NNI: done in 0.0301991 secs using 99.98% CPU
Optimizing NNI: done in 0.027698 secs using 99.97% CPU
Optimizing NNI: done in 0.046515 secs using 99.97% CPU
Optimizing NNI: done in 0.0363591 secs using 99.97% CPU
Iteration 60 / LogL: -2019.423 / Time: 0h:0m:1s (0h:0m:1s left)
Optimizing NNI: done in 0.0220768 secs using 99.98% CPU
Optimizing NNI: done in 0.0151649 secs using 99.98% CPU
Optimizing NNI: done in 0.0518529 secs using 99.97% CPU
Optimizing NNI: done in 0.0361199 secs using 99.98% CPU
Optimizing NNI: done in 0.0291488 secs using 99.98% CPU
Optimizing NNI: done in 0.0436301 secs using 99.98% CPU
Optimizing NNI: done in 0.0322871 secs using 99.98% CPU
Optimizing NNI: done in 0.05039 secs using 99.98% CPU
Optimizing NNI: done in 0.015429 secs using 99.97% CPU
Optimizing NNI: done in 0.0210061 secs using 99.98% CPU
Iteration 70 / LogL: -2019.423 / Time: 0h:0m:2s (0h:0m:0s left)
Optimizing NNI: done in 0.020921 secs using 99.98% CPU
Optimizing NNI: done in 0.0298219 secs using 99.98% CPU
Optimizing NNI: done in 0.0447798 secs using 99.97% CPU
Optimizing NNI: done in 0.0299051 secs using 99.98% CPU
Optimizing NNI: done in 0.020875 secs using 99.98% CPU
Optimizing NNI: done in 0.00751281 secs using 100% CPU
UPDATE BEST LOG-LIKELIHOOD: -2019.423
Optimizing NNI: done in 0.038142 secs using 99.97% CPU
Optimizing NNI: done in 0.0477579 secs using 99.98% CPU
Optimizing NNI: done in 0.037241 secs using 99.98% CPU
Optimizing NNI: done in 0.0319979 secs using 99.98% CPU
Iteration 80 / LogL: -2019.423 / Time: 0h:0m:2s (0h:0m:0s left)
Optimizing NNI: done in 0.0451951 secs using 99.94% CPU
Optimizing NNI: done in 0.043581 secs using 99.97% CPU
Optimizing NNI: done in 0.00761104 secs using 100% CPU
UPDATE BEST LOG-LIKELIHOOD: -2019.423
Optimizing NNI: done in 0.0447211 secs using 99.97% CPU
Optimizing NNI: done in 0.0339742 secs using 99.97% CPU
Optimizing NNI: done in 0.0367072 secs using 99.97% CPU
Optimizing NNI: done in 0.0168312 secs using 99.96% CPU
Optimizing NNI: done in 0.0285289 secs using 99.97% CPU
Optimizing NNI: done in 0.036886 secs using 99.98% CPU
Optimizing NNI: done in 0.0578611 secs using 99.97% CPU
Iteration 90 / LogL: -2019.423 / Time: 0h:0m:2s (0h:0m:0s left)
Optimizing NNI: done in 0.026546 secs using 99.98% CPU
Optimizing NNI: done in 0.020968 secs using 99.98% CPU
Optimizing NNI: done in 0.0359869 secs using 99.97% CPU
Optimizing NNI: done in 0.028913 secs using 99.98% CPU
Optimizing NNI: done in 0.0396101 secs using 99.97% CPU
Optimizing NNI: done in 0.00764108 secs using 99.96% CPU
Optimizing NNI: done in 0.029969 secs using 99.97% CPU
Optimizing NNI: done in 0.00764918 secs using 100% CPU
UPDATE BEST LOG-LIKELIHOOD: -2019.423
Optimizing NNI: done in 0.0172632 secs using 99.98% CPU
Optimizing NNI: done in 0.0209761 secs using 99.97% CPU
Iteration 100 / LogL: -2019.423 / Time: 0h:0m:3s (0h:0m:0s left)
Log-likelihood cutoff on original alignment: -2030.300
NOTE: Bootstrap correlation coefficient of split occurrence frequencies: 0.995
Optimizing NNI: done in 0.017379 secs using 99.97% CPU
Optimizing NNI: done in 0.0172281 secs using 99.95% CPU
Optimizing NNI: done in 0.0380201 secs using 99.98% CPU
TREE SEARCH COMPLETED AFTER 103 ITERATIONS / Time: 0h:0m:3s

--------------------------------------------------------------------
|                    FINALIZING TREE SEARCH                        |
--------------------------------------------------------------------
Performs final model parameters optimization
Estimate model parameters (epsilon = 0.010)
1. Initial log-likelihood: -2019.423
Optimal log-likelihood: -2019.423
Gamma shape alpha: 0.375
Parameters optimization took 1 rounds (0.007 sec)
BEST SCORE FOUND : -2019.423

Testing tree branches by SH-like aLRT with 1000 replicates...
0.056 sec.
Creating bootstrap support values...
Split supports printed to NEXUS file ../results/molecular_evolution_analyses/phylogenetic_trees/F44158_MLIG_G1/F44158_MLIG_G1.splits.nex
Total tree length: 0.666

Total number of iterations: 103
CPU time used for tree search: 3.361 sec (0h:0m:3s)
Wall-clock time used for tree search: 3.198 sec (0h:0m:3s)
Total CPU time used: 3.474 sec (0h:0m:3s)
Total wall-clock time used: 3.308 sec (0h:0m:3s)

Computing bootstrap consensus tree...
Reading input file ../results/molecular_evolution_analyses/phylogenetic_trees/F44158_MLIG_G1/F44158_MLIG_G1.splits.nex...
9 taxa and 21 splits.
Consensus tree written to ../results/molecular_evolution_analyses/phylogenetic_trees/F44158_MLIG_G1/F44158_MLIG_G1.contree
Reading input trees file ../results/molecular_evolution_analyses/phylogenetic_trees/F44158_MLIG_G1/F44158_MLIG_G1.contree
Log-likelihood of consensus tree: -2019.426

Analysis results written to: 
  IQ-TREE report:                ../results/molecular_evolution_analyses/phylogenetic_trees/F44158_MLIG_G1/F44158_MLIG_G1.iqtree
  Maximum-likelihood tree:       ../results/molecular_evolution_analyses/phylogenetic_trees/F44158_MLIG_G1/F44158_MLIG_G1.treefile
  Likelihood distances:          ../results/molecular_evolution_analyses/phylogenetic_trees/F44158_MLIG_G1/F44158_MLIG_G1.mldist

Ultrafast bootstrap approximation results written to:
  Split support values:          ../results/molecular_evolution_analyses/phylogenetic_trees/F44158_MLIG_G1/F44158_MLIG_G1.splits.nex
  Consensus tree:                ../results/molecular_evolution_analyses/phylogenetic_trees/F44158_MLIG_G1/F44158_MLIG_G1.contree
  Screen log file:               ../results/molecular_evolution_analyses/phylogenetic_trees/F44158_MLIG_G1/F44158_MLIG_G1.log

Date and Time: Wed May  1 10:10:10 2024
