IQ-TREE multicore version 2.2.2.6 COVID-edition for Linux 64-bit built May 27 2023
Developed by Bui Quang Minh, James Barbetti, Nguyen Lam Tung,
Olga Chernomor, Heiko Schmidt, Dominik Schrempf, Michael Woodhams, Ly Trong Nhan.

Host:    lbc5 (AVX2, FMA3, 125 GB RAM)
Command: /home/mauricio/mauricio_PROGRAMAS/iqtree-2.2.2.6-Linux/bin/iqtree2 -s ../results/molecular_evolution_analyses/alignments_gblocks/F130027_MLIG_G1/F130027_MLIG_G1.aln.gblo -m TEST --threads-max 32 --alrt 1000 --ufboot 1000 --prefix ../results/molecular_evolution_analyses/phylogenetic_trees/F130027_MLIG_G1/F130027_MLIG_G1 -keep-ident -redo
Seed:    603905 (Using SPRNG - Scalable Parallel Random Number Generator)
Time:    Wed May  1 10:18:12 2024
Kernel:  AVX+FMA - 1 threads (32 CPU cores detected)

HINT: Use -nt option to specify number of threads because your CPU has 32 cores!
HINT: -nt AUTO will automatically determine the best number of threads to use.

Reading alignment file ../results/molecular_evolution_analyses/alignments_gblocks/F130027_MLIG_G1/F130027_MLIG_G1.aln.gblo ... Fasta format detected
Reading fasta file: done in 9.10759e-05 secs using 98.82% CPU
Alignment most likely contains protein sequences
Constructing alignment: done in 0.000441074 secs using 100.2% CPU
Alignment has 6 sequences with 435 columns, 165 distinct patterns
0 parsimony-informative, 260 singleton sites, 175 constant sites
           Gap/Ambiguity  Composition  p-value
Analyzing sequences: done in 1.00136e-05 secs using 89.88% CPU
   1  Mlig.7442    0.00%    passed     98.38%
   2  Mlig.738     0.00%    passed    100.00%
   3  Mlig.736     0.00%    passed    100.00%
   4  Mlig.737     0.00%    passed    100.00%
   5  Mlig.739     0.00%    passed    100.00%
   6  Mlig.3759    0.00%    passed    100.00%
****  TOTAL        0.00%  0 sequences failed composition chi2 test (p-value<5%; df=19)


Create initial parsimony tree by phylogenetic likelihood library (PLL)... 0.000 seconds
Perform fast likelihood tree search using LG+I+G model...
Estimate model parameters (epsilon = 5.000)
Perform nearest neighbor interchange...
Optimizing NNI: done in 0.00418901 secs using 100% CPU
Estimate model parameters (epsilon = 1.000)
1. Initial log-likelihood: -2226.204
Optimal log-likelihood: -2225.528
Proportion of invariable sites: 0.190
Gamma shape alpha: 3.623
Parameters optimization took 1 rounds (0.008 sec)
Time for fast ML tree search: 0.030 seconds

NOTE: ModelFinder requires 1 MB RAM!
ModelFinder will test up to 224 protein models (sample size: 435) ...
 No. Model         -LnL         df  AIC          AICc         BIC
  1  LG            2229.210     9   4476.421     4476.844     4513.099
  2  LG+I          2225.249     10  4470.499     4471.018     4511.252
  3  LG+G4         2224.410     10  4468.820     4469.339     4509.574
  4  LG+I+G4       2225.103     11  4472.206     4472.830     4517.035
  5  LG+F          2194.831     28  4445.662     4449.662     4559.772
  6  LG+F+I        2191.060     29  4440.120     4444.416     4558.305
  7  LG+F+G4       2190.022     29  4438.044     4442.340     4556.229
  8  LG+F+I+G4     2190.870     30  4441.741     4446.345     4564.001
  9  WAG           2223.627     9   4465.254     4465.677     4501.932
 10  WAG+I         2222.707     10  4465.414     4465.933     4506.168
 11  WAG+G4        2222.736     10  4465.472     4465.991     4506.226
 12  WAG+I+G4      2223.074     11  4468.148     4468.772     4512.977
 13  WAG+F         2194.207     28  4444.413     4448.413     4558.523
 14  WAG+F+I       2192.653     29  4443.306     4447.602     4561.491
 15  WAG+F+G4      2192.738     29  4443.476     4447.772     4561.661
 16  WAG+F+I+G4    2192.913     30  4445.825     4450.429     4568.086
 17  JTT           2214.680     9   4447.360     4447.784     4484.038
 18  JTT+I         2213.628     10  4447.256     4447.775     4488.010
 19  JTT+G4        2213.410     10  4446.820     4447.339     4487.574
 20  JTT+I+G4      2213.996     11  4449.992     4450.616     4494.821
 21  JTT+F         2189.571     28  4435.142     4439.142     4549.252
 22  JTT+F+I       2188.129     29  4434.258     4438.554     4552.443
 23  JTT+F+G4      2187.832     29  4433.664     4437.960     4551.849
 24  JTT+F+I+G4    2188.448     30  4436.897     4441.501     4559.157
WARNING: Normalizing state frequencies so that sum of them equals to 1
 25  Q.pfam        2223.592     9   4465.184     4465.607     4501.862
WARNING: Normalizing state frequencies so that sum of them equals to 1
 26  Q.pfam+I      2220.683     10  4461.367     4461.885     4502.120
WARNING: Normalizing state frequencies so that sum of them equals to 1
 27  Q.pfam+G4     2220.402     10  4460.805     4461.324     4501.558
WARNING: Normalizing state frequencies so that sum of them equals to 1
 28  Q.pfam+I+G4   2220.755     11  4463.510     4464.134     4508.339
WARNING: Normalizing state frequencies so that sum of them equals to 1
 29  Q.pfam+F      2194.515     28  4445.030     4449.030     4559.140
WARNING: Normalizing state frequencies so that sum of them equals to 1
 30  Q.pfam+F+I    2191.742     29  4441.485     4445.781     4559.670
WARNING: Normalizing state frequencies so that sum of them equals to 1
 31  Q.pfam+F+G4   2191.203     29  4440.405     4444.702     4558.590
WARNING: Normalizing state frequencies so that sum of them equals to 1
 32  Q.pfam+F+I+G4 2191.782     30  4443.565     4448.169     4565.825
WARNING: Normalizing state frequencies so that sum of them equals to 1
 33  Q.bird        2233.441     9   4484.883     4485.306     4521.561
WARNING: Normalizing state frequencies so that sum of them equals to 1
 34  Q.bird+I      2222.739     10  4465.478     4465.997     4506.232
WARNING: Normalizing state frequencies so that sum of them equals to 1
 35  Q.bird+G4     2221.657     10  4463.313     4463.832     4504.067
WARNING: Normalizing state frequencies so that sum of them equals to 1
 36  Q.bird+I+G4   2221.997     11  4465.995     4466.619     4510.823
WARNING: Normalizing state frequencies so that sum of them equals to 1
 37  Q.bird+F      2215.129     28  4486.259     4490.259     4600.368
WARNING: Normalizing state frequencies so that sum of them equals to 1
 38  Q.bird+F+I    2203.732     29  4465.464     4469.760     4583.649
WARNING: Normalizing state frequencies so that sum of them equals to 1
 39  Q.bird+F+G4   2202.227     29  4462.454     4466.750     4580.639
WARNING: Normalizing state frequencies so that sum of them equals to 1
 40  Q.bird+F+I+G4 2202.705     30  4465.411     4470.015     4587.671
WARNING: Normalizing state frequencies so that sum of them equals to 1
 41  Q.mammal      2222.017     9   4462.033     4462.457     4498.711
WARNING: Normalizing state frequencies so that sum of them equals to 1
 42  Q.mammal+I    2215.425     10  4450.851     4451.370     4491.604
WARNING: Normalizing state frequencies so that sum of them equals to 1
 43  Q.mammal+G4   2214.844     10  4449.689     4450.207     4490.442
WARNING: Normalizing state frequencies so that sum of them equals to 1
 44  Q.mammal+I+G4 2215.171     11  4452.342     4452.966     4497.171
WARNING: Normalizing state frequencies so that sum of them equals to 1
 45  Q.mammal+F    2206.735     28  4469.469     4473.469     4583.579
WARNING: Normalizing state frequencies so that sum of them equals to 1
 46  Q.mammal+F+I  2199.950     29  4457.899     4462.196     4576.084
WARNING: Normalizing state frequencies so that sum of them equals to 1
 47  Q.mammal+F+G4 2199.080     29  4456.160     4460.456     4574.345
WARNING: Normalizing state frequencies so that sum of them equals to 1
 48  Q.mammal+F+I+G4 2199.543     30  4459.087     4463.691     4581.347
 49  Q.insect      2235.210     9   4488.421     4488.844     4525.099
 50  Q.insect+I    2232.363     10  4484.726     4485.245     4525.479
 51  Q.insect+G4   2232.161     10  4484.321     4484.840     4525.075
 52  Q.insect+I+G4 2232.447     11  4486.893     4487.517     4531.722
 53  Q.insect+F    2189.736     28  4435.471     4439.471     4549.581
 54  Q.insect+F+I  2187.418     29  4432.836     4437.132     4551.021
 55  Q.insect+F+G4 2186.589     29  4431.178     4435.474     4549.363
 56  Q.insect+F+I+G4 2187.460     30  4434.920     4439.524     4557.181
WARNING: Normalizing state frequencies so that sum of them equals to 1
 57  Q.plant       2236.428     9   4490.856     4491.280     4527.534
WARNING: Normalizing state frequencies so that sum of them equals to 1
 58  Q.plant+I     2226.705     10  4473.409     4473.928     4514.163
WARNING: Normalizing state frequencies so that sum of them equals to 1
 59  Q.plant+G4    2226.255     10  4472.510     4473.029     4513.264
WARNING: Normalizing state frequencies so that sum of them equals to 1
 60  Q.plant+I+G4  2226.345     11  4474.690     4475.314     4519.519
WARNING: Normalizing state frequencies so that sum of them equals to 1
 61  Q.plant+F     2202.583     28  4461.166     4465.166     4575.276
WARNING: Normalizing state frequencies so that sum of them equals to 1
 62  Q.plant+F+I   2193.382     29  4444.763     4449.059     4562.948
WARNING: Normalizing state frequencies so that sum of them equals to 1
 63  Q.plant+F+G4  2192.371     29  4442.742     4447.039     4560.927
WARNING: Normalizing state frequencies so that sum of them equals to 1
 64  Q.plant+F+I+G4 2192.787     30  4445.574     4450.178     4567.834
WARNING: Normalizing state frequencies so that sum of them equals to 1
 65  Q.yeast       2245.960     9   4509.919     4510.343     4546.597
WARNING: Normalizing state frequencies so that sum of them equals to 1
 66  Q.yeast+I     2241.426     10  4502.853     4503.372     4543.606
WARNING: Normalizing state frequencies so that sum of them equals to 1
 67  Q.yeast+G4    2240.809     10  4501.619     4502.138     4542.372
WARNING: Normalizing state frequencies so that sum of them equals to 1
 68  Q.yeast+I+G4  2241.284     11  4504.569     4505.193     4549.398
WARNING: Normalizing state frequencies so that sum of them equals to 1
 69  Q.yeast+F     2192.653     28  4441.305     4445.305     4555.415
WARNING: Normalizing state frequencies so that sum of them equals to 1
 70  Q.yeast+F+I   2188.901     29  4435.801     4440.098     4553.987
WARNING: Normalizing state frequencies so that sum of them equals to 1
 71  Q.yeast+F+G4  2187.790     29  4433.581     4437.877     4551.766
WARNING: Normalizing state frequencies so that sum of them equals to 1
 72  Q.yeast+F+I+G4 2188.687     30  4437.374     4441.978     4559.634
 73  JTTDCMut      2215.047     9   4448.094     4448.518     4484.772
 74  JTTDCMut+I    2214.017     10  4448.034     4448.553     4488.788
 75  JTTDCMut+G4   2213.807     10  4447.615     4448.134     4488.368
 76  JTTDCMut+I+G4 2214.394     11  4450.787     4451.412     4495.616
 77  JTTDCMut+F    2189.466     28  4434.931     4438.931     4549.041
 78  JTTDCMut+F+I  2188.027     29  4434.055     4438.351     4552.240
 79  JTTDCMut+F+G4 2187.752     29  4433.504     4437.800     4551.689
 80  JTTDCMut+F+I+G4 2188.352     30  4436.705     4441.308     4558.965
 81  DCMut         2229.913     9   4477.827     4478.250     4514.505
 82  DCMut+I       2227.094     10  4474.188     4474.707     4514.942
 83  DCMut+G4      2225.857     10  4471.714     4472.233     4512.467
 84  DCMut+I+G4    2227.006     11  4476.012     4476.636     4520.841
 85  DCMut+F       2195.207     28  4446.413     4450.413     4560.523
 86  DCMut+F+I     2191.197     29  4440.394     4444.690     4558.579
 87  DCMut+F+G4    2190.141     29  4438.282     4442.578     4556.467
 88  DCMut+F+I+G4  2190.994     30  4441.987     4446.591     4564.247
 89  VT            2217.389     9   4452.778     4453.202     4489.456
 90  VT+I          2217.389     10  4454.778     4455.297     4495.532
 91  VT+G4         2217.391     10  4454.782     4455.301     4495.536
 92  VT+I+G4       2218.625     11  4459.249     4459.873     4504.078
 93  VT+F          2189.809     28  4435.618     4439.618     4549.728
 94  VT+F+I        2189.809     29  4437.618     4441.914     4555.803
 95  VT+F+G4       2189.818     29  4437.636     4441.933     4555.821
 96  VT+F+I+G4     2190.933     30  4441.865     4446.469     4564.126
 97  PMB           2236.565     9   4491.131     4491.554     4527.809
 98  PMB+I         2236.565     10  4493.131     4493.650     4533.884
 99  PMB+G4        2236.568     10  4493.136     4493.655     4533.890
100  PMB+I+G4      2237.878     11  4497.755     4498.380     4542.584
101  PMB+F         2198.406     28  4452.811     4456.811     4566.921
102  PMB+F+I       2198.406     29  4454.811     4459.108     4572.996
103  PMB+F+G4      2198.437     29  4454.874     4459.170     4573.059
104  PMB+F+I+G4    2199.585     30  4459.170     4463.774     4581.431
105  Blosum62      2244.453     9   4506.907     4507.330     4543.585
106  Blosum62+I    2244.466     10  4508.932     4509.451     4549.685
107  Blosum62+G4   2244.502     10  4509.004     4509.523     4549.757
108  Blosum62+I+G4 2245.463     11  4512.926     4513.550     4557.755
109  Blosum62+F    2198.774     28  4453.548     4457.548     4567.658
110  Blosum62+F+I  2198.701     29  4455.402     4459.698     4573.587
111  Blosum62+F+G4 2198.744     29  4455.488     4459.784     4573.673
112  Blosum62+F+I+G4 2199.413     30  4458.825     4463.429     4581.086
113  Dayhoff       2229.934     9   4477.868     4478.291     4514.546
114  Dayhoff+I     2227.034     10  4474.068     4474.587     4514.821
115  Dayhoff+G4    2225.782     10  4471.564     4472.083     4512.317
116  Dayhoff+I+G4  2226.927     11  4475.854     4476.478     4520.683
117  Dayhoff+F     2195.241     28  4446.482     4450.482     4560.592
118  Dayhoff+F+I   2191.140     29  4440.281     4444.577     4558.466
119  Dayhoff+F+G4  2190.079     29  4438.158     4442.454     4556.343
120  Dayhoff+F+I+G4 2190.924     30  4441.848     4446.452     4564.109
121  mtREV         2399.989     9   4817.978     4818.402     4854.657
122  mtREV+I       2383.219     10  4786.437     4786.956     4827.191
123  mtREV+G4      2377.731     10  4775.462     4775.981     4816.215
124  mtREV+I+G4    2378.648     11  4779.296     4779.921     4824.125
125  mtREV+F       2220.068     28  4496.136     4500.136     4610.245
126  mtREV+F+I     2207.460     29  4472.921     4477.217     4591.106
127  mtREV+F+G4    2203.207     29  4464.414     4468.710     4582.599
128  mtREV+F+I+G4  2204.253     30  4468.505     4473.109     4590.766
129  mtART         2467.782     9   4953.565     4953.988     4990.243
130  mtART+I       2421.595     10  4863.190     4863.709     4903.944
131  mtART+G4      2406.825     10  4833.649     4834.168     4874.403
132  mtART+I+G4    2408.118     11  4838.236     4838.860     4883.065
133  mtART+F       2258.168     28  4572.337     4576.337     4686.446
134  mtART+F+I     2221.883     29  4501.766     4506.062     4619.951
135  mtART+F+G4    2209.340     29  4476.680     4480.976     4594.865
136  mtART+F+I+G4  2210.612     30  4481.223     4485.827     4603.483
137  mtZOA         2405.860     9   4829.720     4830.143     4866.398
138  mtZOA+I       2380.464     10  4780.928     4781.447     4821.682
139  mtZOA+G4      2372.578     10  4765.155     4765.674     4805.909
140  mtZOA+I+G4    2373.417     11  4768.834     4769.458     4813.663
141  mtZOA+F       2231.921     28  4519.842     4523.842     4633.952
142  mtZOA+F+I     2210.349     29  4478.698     4482.994     4596.883
143  mtZOA+F+G4    2203.048     29  4464.096     4468.392     4582.281
144  mtZOA+F+I+G4  2204.033     30  4468.065     4472.669     4590.326
145  mtMet         2436.222     9   4890.443     4890.867     4927.121
146  mtMet+I       2419.679     10  4859.359     4859.878     4900.112
147  mtMet+G4      2416.426     10  4852.852     4853.371     4893.605
148  mtMet+I+G4    2416.858     11  4855.716     4856.340     4900.545
149  mtMet+F       2219.489     28  4494.977     4498.977     4609.087
150  mtMet+F+I     2206.612     29  4471.223     4475.520     4589.408
151  mtMet+F+G4    2202.276     29  4462.553     4466.849     4580.738
152  mtMet+F+I+G4  2203.207     30  4466.414     4471.018     4588.674
153  mtVer         2420.400     9   4858.799     4859.223     4895.477
154  mtVer+I       2395.234     10  4810.467     4810.986     4851.221
155  mtVer+G4      2391.241     10  4802.483     4803.001     4843.236
156  mtVer+I+G4    2391.353     11  4804.706     4805.330     4849.535
157  mtVer+F       2231.927     28  4519.855     4523.855     4633.965
158  mtVer+F+I     2212.745     29  4483.490     4487.786     4601.675
159  mtVer+F+G4    2207.076     29  4472.151     4476.447     4590.336
160  mtVer+F+I+G4  2207.846     30  4475.691     4480.295     4597.952
161  mtInv         2477.253     9   4972.505     4972.929     5009.183
162  mtInv+I       2465.926     10  4951.852     4952.371     4992.606
163  mtInv+G4      2464.658     10  4949.315     4949.834     4990.069
164  mtInv+I+G4    2464.927     11  4951.854     4952.478     4996.683
165  mtInv+F       2210.672     28  4477.344     4481.344     4591.453
166  mtInv+F+I     2202.245     29  4462.490     4466.786     4580.675
167  mtInv+F+G4    2199.390     29  4456.780     4461.076     4574.965
168  mtInv+F+I+G4  2200.397     30  4460.794     4465.398     4583.054
169  mtMAM         2440.537     9   4899.074     4899.498     4935.752
170  mtMAM+I       2400.040     10  4820.080     4820.598     4860.833
171  mtMAM+G4      2389.403     10  4798.806     4799.325     4839.559
172  mtMAM+I+G4    2389.890     11  4801.781     4802.405     4846.610
173  mtMAM+F       2246.678     28  4549.356     4553.356     4663.466
174  mtMAM+F+I     2220.192     29  4498.385     4502.681     4616.570
175  mtMAM+F+G4    2209.306     29  4476.612     4480.908     4594.797
176  mtMAM+F+I+G4  2210.343     30  4480.687     4485.291     4602.947
WARNING: Normalizing state frequencies so that sum of them equals to 1
177  FLAVI         2295.183     9   4608.366     4608.789     4645.044
WARNING: Normalizing state frequencies so that sum of them equals to 1
178  FLAVI+I       2271.662     10  4563.323     4563.842     4604.077
WARNING: Normalizing state frequencies so that sum of them equals to 1
179  FLAVI+G4      2268.853     10  4557.706     4558.225     4598.460
WARNING: Normalizing state frequencies so that sum of them equals to 1
180  FLAVI+I+G4    2269.016     11  4560.031     4560.655     4604.860
WARNING: Normalizing state frequencies so that sum of them equals to 1
181  FLAVI+F       2234.011     28  4524.021     4528.021     4638.131
WARNING: Normalizing state frequencies so that sum of them equals to 1
182  FLAVI+F+I     2212.165     29  4482.330     4486.626     4600.515
WARNING: Normalizing state frequencies so that sum of them equals to 1
183  FLAVI+F+G4    2208.544     29  4475.087     4479.384     4593.272
WARNING: Normalizing state frequencies so that sum of them equals to 1
184  FLAVI+F+I+G4  2208.927     30  4477.854     4482.458     4600.114
185  HIVb          2254.979     9   4527.959     4528.382     4564.637
186  HIVb+I        2243.754     10  4507.507     4508.026     4548.261
187  HIVb+G4       2243.611     10  4507.222     4507.740     4547.975
188  HIVb+I+G4     2243.455     11  4508.910     4509.534     4553.739
189  HIVb+F        2208.901     28  4473.802     4477.802     4587.911
190  HIVb+F+I      2197.270     29  4452.541     4456.837     4570.726
191  HIVb+F+G4     2196.254     29  4450.508     4454.804     4568.693
192  HIVb+F+I+G4   2196.532     30  4453.064     4457.668     4575.325
193  HIVw          2329.919     9   4677.838     4678.262     4714.517
194  HIVw+I        2309.787     10  4639.574     4640.092     4680.327
195  HIVw+G4       2305.432     10  4630.863     4631.382     4671.617
196  HIVw+I+G4     2306.053     11  4634.106     4634.730     4678.935
197  HIVw+F        2234.111     28  4524.222     4528.222     4638.331
198  HIVw+F+I      2217.043     29  4492.085     4496.382     4610.271
199  HIVw+F+G4     2212.512     29  4483.024     4487.320     4601.209
200  HIVw+F+I+G4   2213.333     30  4486.666     4491.270     4608.926
201  FLU           2270.173     9   4558.345     4558.769     4595.023
202  FLU+I         2258.106     10  4536.212     4536.731     4576.965
203  FLU+G4        2256.566     10  4533.132     4533.651     4573.886
204  FLU+I+G4      2257.007     11  4536.014     4536.638     4580.843
205  FLU+F         2216.272     28  4488.544     4492.544     4602.653
206  FLU+F+I       2204.945     29  4467.891     4472.187     4586.076
207  FLU+F+G4      2203.321     29  4464.642     4468.938     4582.827
208  FLU+F+I+G4    2203.888     30  4467.776     4472.380     4590.036
209  rtREV         2242.350     9   4502.699     4503.123     4539.377
210  rtREV+I       2239.931     10  4499.863     4500.381     4540.616
211  rtREV+G4      2239.289     10  4498.579     4499.098     4539.332
212  rtREV+I+G4    2240.064     11  4502.127     4502.751     4546.956
213  rtREV+F       2192.855     28  4441.709     4445.709     4555.819
214  rtREV+F+I     2190.210     29  4438.419     4442.716     4556.605
215  rtREV+F+G4    2189.404     29  4436.807     4441.104     4554.992
216  rtREV+F+I+G4  2190.254     30  4440.508     4445.112     4562.768
217  cpREV         2249.755     9   4517.510     4517.933     4554.188
218  cpREV+I       2244.713     10  4509.426     4509.944     4550.179
219  cpREV+G4      2245.265     10  4510.530     4511.048     4551.283
220  cpREV+I+G4    2244.721     11  4511.441     4512.066     4556.270
221  cpREV+F       2204.590     28  4465.181     4469.181     4579.291
222  cpREV+F+I     2197.744     29  4453.489     4457.785     4571.674
223  cpREV+F+G4    2198.446     29  4454.892     4459.189     4573.077
224  cpREV+F+I+G4  2197.786     30  4455.571     4460.175     4577.832
Akaike Information Criterion:           Q.insect+F+G4
Corrected Akaike Information Criterion: Q.insect+F+G4
Bayesian Information Criterion:         JTT
Best-fit model: JTT chosen according to BIC

All model information printed to ../results/molecular_evolution_analyses/phylogenetic_trees/F130027_MLIG_G1/F130027_MLIG_G1.model.gz
CPU time for ModelFinder: 3.818 seconds (0h:0m:3s)
Wall-clock time for ModelFinder: 3.822 seconds (0h:0m:3s)
Generating 1000 samples for ultrafast bootstrap (seed: 603905)...

NOTE: 0 MB RAM (0 GB) is required!
Estimate model parameters (epsilon = 0.100)
1. Initial log-likelihood: -2214.680
Optimal log-likelihood: -2214.680
Parameters optimization took 1 rounds (0.001 sec)
Wrote distance file to... 
Computing ML distances based on estimated model parameters...
Calculating distance matrix: done in 0.000432014 secs using 100% CPU
Computing ML distances took 0.000455 sec (of wall-clock time) 0.000455 sec (of CPU time)
Setting up auxiliary I and S matrices: done in 3.8147e-05 secs using 466.6% CPU
Constructing RapidNJ tree: done in 2.28882e-05 secs using 201% CPU
Computing RapidNJ tree took 0.000120 sec (of wall-clock time) 0.000331 sec (of CPU time)
Log-likelihood of RapidNJ tree: -2214.680
--------------------------------------------------------------------
|             INITIALIZING CANDIDATE TREE SET                      |
--------------------------------------------------------------------
Generating 98 parsimony trees... 0.017 second
Computing log-likelihood of 70 initial trees ... 0.023 seconds
Current best score: -2214.680

Do NNI search on 20 best initial trees
Optimizing NNI: done in 0.00145888 secs
Estimate model parameters (epsilon = 0.100)
BETTER TREE FOUND at iteration 1: -2214.680
Optimizing NNI: done in 0.00138402 secs using 199.6% CPU
Optimizing NNI: done in 0.00137186 secs using 199.7% CPU
Optimizing NNI: done in 0.001369 secs using 200% CPU
Optimizing NNI: done in 0.0013628 secs using 200% CPU
Optimizing NNI: done in 0.00136995 secs using 199.7% CPU
Optimizing NNI: done in 0.00136018 secs using 200% CPU
Optimizing NNI: done in 0.00135803 secs using 199.9% CPU
Optimizing NNI: done in 0.00135899 secs
Optimizing NNI: done in 0.00135708 secs using 126.7% CPU
Iteration 10 / LogL: -2214.680 / Time: 0h:0m:0s
Optimizing NNI: done in 0.00135612 secs using 199.2% CPU
Optimizing NNI: done in 0.00136018 secs using 200% CPU
Optimizing NNI: done in 0.00135303 secs using 200% CPU
Optimizing NNI: done in 0.00136399 secs using 199.9% CPU
Optimizing NNI: done in 0.00134993 secs using 200% CPU
Optimizing NNI: done in 0.00135207 secs using 200% CPU
Optimizing NNI: done in 0.00135612 secs using 200% CPU
Optimizing NNI: done in 0.00135183 secs using 200.1% CPU
Optimizing NNI: done in 0.00135088 secs using 199.9% CPU
Optimizing NNI: done in 0.00135612 secs using 199.5% CPU
Iteration 20 / LogL: -2214.680 / Time: 0h:0m:0s
Finish initializing candidate tree set (16)
Current best tree score: -2214.680 / CPU time: 0.074
Number of iterations: 20
--------------------------------------------------------------------
|               OPTIMIZING CANDIDATE TREE SET                      |
--------------------------------------------------------------------
Optimizing NNI: done in 0.00135899 secs using 199.9% CPU
Optimizing NNI: done in 0.00134993 secs using 199.7% CPU
Optimizing NNI: done in 0.0013411 secs using 199.8% CPU
Optimizing NNI: done in 0.00135803 secs using 200% CPU
Optimizing NNI: done in 0.00133896 secs using 200% CPU
Optimizing NNI: done in 0.00134993 secs using 200% CPU
Optimizing NNI: done in 0.00133801 secs using 200.1% CPU
Optimizing NNI: done in 0.00133705 secs using 200% CPU
Optimizing NNI: done in 0.00135088 secs using 200.1% CPU
Optimizing NNI: done in 0.00134993 secs using 200% CPU
Iteration 30 / LogL: -2214.680 / Time: 0h:0m:0s (0h:0m:0s left)
Optimizing NNI: done in 0.00135183 secs using 200.1% CPU
Optimizing NNI: done in 0.00135207 secs using 199.8% CPU
Optimizing NNI: done in 0.00135207 secs using 200% CPU
Optimizing NNI: done in 0.00135088 secs using 200.1% CPU
Optimizing NNI: done in 0.00135016 secs using 200% CPU
Optimizing NNI: done in 0.00135016 secs using 199.9% CPU
Optimizing NNI: done in 0.00135708 secs using 199.8% CPU
Optimizing NNI: done in 0.00135589 secs using 200% CPU
Optimizing NNI: done in 0.00136089 secs using 199.8% CPU
Optimizing NNI: done in 0.00135207 secs using 200% CPU
Iteration 40 / LogL: -2214.680 / Time: 0h:0m:0s (0h:0m:0s left)
Optimizing NNI: done in 0.00136113 secs
Optimizing NNI: done in 0.00135398 secs using 199.9% CPU
Optimizing NNI: done in 0.00135303 secs using 199.8% CPU
Optimizing NNI: done in 0.00135899 secs using 199.8% CPU
Optimizing NNI: done in 0.00134492 secs using 199.9% CPU
Optimizing NNI: done in 0.00135088 secs using 199.9% CPU
Optimizing NNI: done in 0.00133181 secs using 200.2% CPU
Optimizing NNI: done in 0.00134897 secs using 199.9% CPU
Optimizing NNI: done in 0.00133204 secs using 200.1% CPU
Optimizing NNI: done in 0.0013411 secs using 197.8% CPU
Iteration 50 / LogL: -2214.680 / Time: 0h:0m:0s (0h:0m:0s left)
Log-likelihood cutoff on original alignment: -2214.680
Optimizing NNI: done in 0.00140285 secs using 99.37% CPU
Optimizing NNI: done in 0.0013411 secs using 99.84% CPU
Optimizing NNI: done in 0.00134802 secs using 99.85% CPU
Optimizing NNI: done in 0.00134516 secs using 99.99% CPU
Optimizing NNI: done in 0.00134778 secs using 99.94% CPU
Optimizing NNI: done in 0.00134802 secs using 99.92% CPU
Optimizing NNI: done in 0.00134587 secs using 100% CPU
Optimizing NNI: done in 0.00133395 secs using 99.93% CPU
Optimizing NNI: done in 0.00134611 secs using 99.92% CPU
Optimizing NNI: done in 0.00134921 secs using 99.84% CPU
Iteration 60 / LogL: -2214.680 / Time: 0h:0m:0s (0h:0m:0s left)
Optimizing NNI: done in 0.00136685 secs using 100.1% CPU
Optimizing NNI: done in 0.00135899 secs using 99.85% CPU
Optimizing NNI: done in 0.00135303 secs using 99.92% CPU
Optimizing NNI: done in 0.00134706 secs using 100% CPU
Optimizing NNI: done in 0.00136018 secs using 99.84% CPU
Optimizing NNI: done in 0.00134516 secs using 99.99% CPU
Optimizing NNI: done in 0.00135112 secs using 99.99% CPU
Optimizing NNI: done in 0.00134897 secs using 100% CPU
Optimizing NNI: done in 0.00135183 secs using 100% CPU
Optimizing NNI: done in 0.00134993 secs using 100% CPU
Iteration 70 / LogL: -2214.680 / Time: 0h:0m:0s (0h:0m:0s left)
Optimizing NNI: done in 0.00134516 secs using 100.1% CPU
Optimizing NNI: done in 0.0013411 secs using 99.99% CPU
Optimizing NNI: done in 0.00134611 secs using 99.99% CPU
Optimizing NNI: done in 0.00134492 secs using 100% CPU
Optimizing NNI: done in 0.00134611 secs using 99.99% CPU
Optimizing NNI: done in 0.00134587 secs using 100% CPU
Optimizing NNI: done in 0.00134492 secs using 99.93% CPU
Optimizing NNI: done in 0.00134683 secs using 100% CPU
Optimizing NNI: done in 0.00134706 secs using 100% CPU
Optimizing NNI: done in 0.00134492 secs using 99.93% CPU
Iteration 80 / LogL: -2214.680 / Time: 0h:0m:0s (0h:0m:0s left)
Optimizing NNI: done in 0.00134993 secs using 100% CPU
Optimizing NNI: done in 0.00135303 secs using 99.78% CPU
Optimizing NNI: done in 0.0013411 secs using 100.1% CPU
Optimizing NNI: done in 0.00135088 secs using 99.79% CPU
Optimizing NNI: done in 0.00133586 secs using 100% CPU
Optimizing NNI: done in 0.00134301 secs using 100% CPU
Optimizing NNI: done in 0.00135493 secs using 99.86% CPU
Optimizing NNI: done in 0.00134587 secs using 100% CPU
Optimizing NNI: done in 0.00134492 secs using 100% CPU
Optimizing NNI: done in 0.00133204 secs using 100.1% CPU
Iteration 90 / LogL: -2214.680 / Time: 0h:0m:0s (0h:0m:0s left)
Optimizing NNI: done in 0.00134683 secs using 99.94% CPU
Optimizing NNI: done in 0.00134397 secs using 100.1% CPU
Optimizing NNI: done in 0.00134397 secs using 100% CPU
Optimizing NNI: done in 0.00133109 secs using 99.99% CPU
Optimizing NNI: done in 0.00134397 secs using 100% CPU
Optimizing NNI: done in 0.00134397 secs using 100.1% CPU
Optimizing NNI: done in 0.00134301 secs using 100% CPU
Optimizing NNI: done in 0.00134397 secs using 99.93% CPU
Optimizing NNI: done in 0.00134397 secs using 100% CPU
Optimizing NNI: done in 0.00134301 secs using 99.92% CPU
Iteration 100 / LogL: -2214.680 / Time: 0h:0m:0s (0h:0m:0s left)
Log-likelihood cutoff on original alignment: -2214.680
NOTE: Bootstrap correlation coefficient of split occurrence frequencies: -0.151
NOTE: UFBoot does not converge, continue at least 100 more iterations
Optimizing NNI: done in 0.00139999 secs using 100% CPU
Optimizing NNI: done in 0.00134897 secs using 100% CPU
Optimizing NNI: done in 0.00134397 secs using 100% CPU
Optimizing NNI: done in 0.00134492 secs using 100% CPU
Optimizing NNI: done in 0.00134611 secs using 99.99% CPU
Optimizing NNI: done in 0.00135303 secs using 99.78% CPU
Optimizing NNI: done in 0.00135016 secs using 99.99% CPU
Optimizing NNI: done in 0.00134301 secs using 99.92% CPU
Optimizing NNI: done in 0.00134897 secs using 99.71% CPU
Optimizing NNI: done in 0.00134706 secs using 100.1% CPU
Iteration 110 / LogL: -2214.680 / Time: 0h:0m:0s (0h:0m:0s left)
Optimizing NNI: done in 0.00135589 secs using 99.71% CPU
Optimizing NNI: done in 0.00134897 secs using 100% CPU
Optimizing NNI: done in 0.00134683 secs using 100.1% CPU
Optimizing NNI: done in 0.00134206 secs using 99.92% CPU
Optimizing NNI: done in 0.00133705 secs using 100% CPU
Optimizing NNI: done in 0.00134397 secs using 100.1% CPU
Optimizing NNI: done in 0.00134301 secs using 100% CPU
Optimizing NNI: done in 0.00132895 secs using 100.1% CPU
Optimizing NNI: done in 0.00132799 secs using 100% CPU
Optimizing NNI: done in 0.00134301 secs using 100% CPU
Iteration 120 / LogL: -2214.680 / Time: 0h:0m:0s (0h:0m:0s left)
Optimizing NNI: done in 0.00133896 secs using 99.93% CPU
Optimizing NNI: done in 0.001333 secs using 100% CPU
Optimizing NNI: done in 0.00136685 secs using 99.79% CPU
Optimizing NNI: done in 0.00135803 secs using 100.1% CPU
Optimizing NNI: done in 0.00134778 secs using 99.94% CPU
Optimizing NNI: done in 0.00135398 secs using 99.78% CPU
Optimizing NNI: done in 0.00134397 secs using 100% CPU
Optimizing NNI: done in 0.00132799 secs using 100% CPU
Optimizing NNI: done in 0.00132704 secs using 100% CPU
Optimizing NNI: done in 0.00134397 secs using 100% CPU
Iteration 130 / LogL: -2214.680 / Time: 0h:0m:0s (0h:0m:0s left)
Optimizing NNI: done in 0.00132704 secs using 100.1% CPU
Optimizing NNI: done in 0.00132799 secs using 100% CPU
Optimizing NNI: done in 0.00135493 secs using 100% CPU
Optimizing NNI: done in 0.00136995 secs using 100% CPU
Optimizing NNI: done in 0.00135803 secs using 100.1% CPU
Optimizing NNI: done in 0.00132704 secs using 100% CPU
Optimizing NNI: done in 0.00134706 secs using 100% CPU
Optimizing NNI: done in 0.00136089 secs using 99.86% CPU
Optimizing NNI: done in 0.00134683 secs using 100% CPU
Optimizing NNI: done in 0.00133896 secs using 99.78% CPU
Iteration 140 / LogL: -2214.680 / Time: 0h:0m:0s (0h:0m:0s left)
Optimizing NNI: done in 0.00134706 secs using 100% CPU
Optimizing NNI: done in 0.00134397 secs using 100% CPU
Optimizing NNI: done in 0.00134587 secs using 100% CPU
Optimizing NNI: done in 0.00134397 secs using 100% CPU
Optimizing NNI: done in 0.0013442 secs using 99.98% CPU
Optimizing NNI: done in 0.00134397 secs using 100% CPU
Optimizing NNI: done in 0.00134301 secs using 100% CPU
Optimizing NNI: done in 0.00134587 secs using 99.94% CPU
Optimizing NNI: done in 0.00134516 secs using 99.99% CPU
Optimizing NNI: done in 0.00134516 secs using 99.99% CPU
Iteration 150 / LogL: -2214.680 / Time: 0h:0m:0s (0h:0m:0s left)
Log-likelihood cutoff on original alignment: -2214.680
Optimizing NNI: done in 0.00138903 secs using 100.1% CPU
Optimizing NNI: done in 0.00134897 secs using 100% CPU
Optimizing NNI: done in 0.00134516 secs using 99.99% CPU
Optimizing NNI: done in 0.00133491 secs using 100% CPU
Optimizing NNI: done in 0.00134611 secs using 99.99% CPU
Optimizing NNI: done in 0.00134706 secs using 100% CPU
Optimizing NNI: done in 0.00134706 secs using 100.1% CPU
Optimizing NNI: done in 0.00133705 secs using 99.85% CPU
Optimizing NNI: done in 0.00134706 secs using 100% CPU
Optimizing NNI: done in 0.00134397 secs using 100% CPU
Iteration 160 / LogL: -2214.680 / Time: 0h:0m:0s (0h:0m:0s left)
Optimizing NNI: done in 0.00134706 secs using 100% CPU
Optimizing NNI: done in 0.00134277 secs using 100.1% CPU
Optimizing NNI: done in 0.0013299 secs using 100% CPU
Optimizing NNI: done in 0.00135612 secs using 99.99% CPU
Optimizing NNI: done in 0.00134516 secs using 99.91% CPU
Optimizing NNI: done in 0.00134492 secs using 99.93% CPU
Optimizing NNI: done in 0.00134397 secs using 100% CPU
Optimizing NNI: done in 0.00135303 secs using 99.78% CPU
Optimizing NNI: done in 0.00134206 secs using 100% CPU
Optimizing NNI: done in 0.00134802 secs using 100% CPU
Iteration 170 / LogL: -2214.680 / Time: 0h:0m:0s (0h:0m:0s left)
Optimizing NNI: done in 0.0013361 secs using 99.84% CPU
Optimizing NNI: done in 0.00134301 secs using 100% CPU
Optimizing NNI: done in 0.00134397 secs using 100% CPU
Optimizing NNI: done in 0.00133801 secs using 100% CPU
Optimizing NNI: done in 0.00133801 secs using 100% CPU
Optimizing NNI: done in 0.0013442 secs using 99.98% CPU
Optimizing NNI: done in 0.00134182 secs using 100.1% CPU
Optimizing NNI: done in 0.00134587 secs using 100% CPU
Optimizing NNI: done in 0.0013299 secs using 100% CPU
Optimizing NNI: done in 0.00136995 secs using 99.71% CPU
Iteration 180 / LogL: -2214.680 / Time: 0h:0m:0s (0h:0m:0s left)
Optimizing NNI: done in 0.00135303 secs using 99.92% CPU
Optimizing NNI: done in 0.00135589 secs using 99.79% CPU
Optimizing NNI: done in 0.00135207 secs using 100.1% CPU
Optimizing NNI: done in 0.00134206 secs using 100% CPU
Optimizing NNI: done in 0.00134087 secs using 100.1% CPU
Optimizing NNI: done in 0.00134397 secs using 100% CPU
Optimizing NNI: done in 0.00133801 secs using 100% CPU
Optimizing NNI: done in 0.00134206 secs using 100% CPU
Optimizing NNI: done in 0.00134301 secs using 99.92% CPU
Optimizing NNI: done in 0.00132799 secs using 100% CPU
Iteration 190 / LogL: -2214.680 / Time: 0h:0m:0s (0h:0m:0s left)
Optimizing NNI: done in 0.00134301 secs using 100% CPU
Optimizing NNI: done in 0.00134611 secs using 99.99% CPU
Optimizing NNI: done in 0.00135207 secs using 99.77% CPU
Optimizing NNI: done in 0.00133991 secs using 100.1% CPU
Optimizing NNI: done in 0.00134683 secs using 100% CPU
Optimizing NNI: done in 0.00133014 secs using 99.99% CPU
Optimizing NNI: done in 0.00134206 secs using 100.1% CPU
Optimizing NNI: done in 0.00134301 secs using 100.1% CPU
Optimizing NNI: done in 0.00132799 secs using 100% CPU
Optimizing NNI: done in 0.00134087 secs using 99.94% CPU
Iteration 200 / LogL: -2214.680 / Time: 0h:0m:0s (0h:0m:0s left)
Log-likelihood cutoff on original alignment: -2214.680
NOTE: Bootstrap correlation coefficient of split occurrence frequencies: 0.047
NOTE: UFBoot does not converge, continue at least 100 more iterations
Optimizing NNI: done in 0.00140309 secs using 99.92% CPU
Optimizing NNI: done in 0.00134397 secs using 100% CPU
Optimizing NNI: done in 0.00134492 secs using 100% CPU
Optimizing NNI: done in 0.00134206 secs using 100% CPU
Optimizing NNI: done in 0.00134683 secs using 100% CPU
Optimizing NNI: done in 0.00134301 secs using 100.1% CPU
Optimizing NNI: done in 0.00135207 secs using 99.85% CPU
Optimizing NNI: done in 0.00134802 secs using 99.92% CPU
Optimizing NNI: done in 0.00134587 secs using 100% CPU
Optimizing NNI: done in 0.00134301 secs using 100.1% CPU
Iteration 210 / LogL: -2214.680 / Time: 0h:0m:0s (0h:0m:0s left)
Optimizing NNI: done in 0.00132799 secs using 100% CPU
Optimizing NNI: done in 0.00134301 secs using 99.92% CPU
Optimizing NNI: done in 0.0013442 secs using 99.91% CPU
Optimizing NNI: done in 0.00134206 secs using 100.1% CPU
Optimizing NNI: done in 0.0013411 secs using 99.99% CPU
Optimizing NNI: done in 0.0013361 secs using 99.99% CPU
Optimizing NNI: done in 0.00134611 secs using 99.99% CPU
Optimizing NNI: done in 0.00135112 secs using 99.77% CPU
Optimizing NNI: done in 0.00134611 secs using 99.99% CPU
Optimizing NNI: done in 0.00134301 secs using 100% CPU
Iteration 220 / LogL: -2214.680 / Time: 0h:0m:0s (0h:0m:0s left)
Optimizing NNI: done in 0.00134301 secs using 100% CPU
Optimizing NNI: done in 0.00134706 secs using 100% CPU
Optimizing NNI: done in 0.00134182 secs using 100% CPU
Optimizing NNI: done in 0.00134087 secs using 100.1% CPU
Optimizing NNI: done in 0.00132704 secs using 100% CPU
Optimizing NNI: done in 0.00134397 secs using 99.93% CPU
Optimizing NNI: done in 0.00134397 secs using 100.1% CPU
Optimizing NNI: done in 0.00134993 secs using 99.78% CPU
Optimizing NNI: done in 0.00134802 secs using 100% CPU
Optimizing NNI: done in 0.00135589 secs using 100% CPU
Iteration 230 / LogL: -2214.680 / Time: 0h:0m:1s (0h:0m:0s left)
Optimizing NNI: done in 0.00134397 secs using 100% CPU
Optimizing NNI: done in 0.00135207 secs using 99.92% CPU
Optimizing NNI: done in 0.00134611 secs using 99.99% CPU
Optimizing NNI: done in 0.00134993 secs using 100% CPU
Optimizing NNI: done in 0.00134182 secs using 100.1% CPU
Optimizing NNI: done in 0.00134492 secs using 100% CPU
Optimizing NNI: done in 0.0013442 secs using 99.98% CPU
Optimizing NNI: done in 0.00135016 secs using 99.77% CPU
Optimizing NNI: done in 0.00133204 secs using 100% CPU
Optimizing NNI: done in 0.00134492 secs using 99.93% CPU
Iteration 240 / LogL: -2214.680 / Time: 0h:0m:1s (0h:0m:0s left)
Optimizing NNI: done in 0.00132704 secs using 100.1% CPU
Optimizing NNI: done in 0.00134206 secs using 99.92% CPU
Optimizing NNI: done in 0.00134397 secs using 100% CPU
Optimizing NNI: done in 0.00132704 secs using 100.1% CPU
Optimizing NNI: done in 0.00134301 secs using 100% CPU
Optimizing NNI: done in 0.00134492 secs using 99.93% CPU
Optimizing NNI: done in 0.00135207 secs using 99.7% CPU
Optimizing NNI: done in 0.00134611 secs using 99.92% CPU
Optimizing NNI: done in 0.00133705 secs using 99.7% CPU
Optimizing NNI: done in 0.00134706 secs using 100% CPU
Iteration 250 / LogL: -2214.680 / Time: 0h:0m:1s (0h:0m:0s left)
Log-likelihood cutoff on original alignment: -2214.680
Optimizing NNI: done in 0.00138712 secs using 99.92% CPU
Optimizing NNI: done in 0.00135493 secs using 99.71% CPU
Optimizing NNI: done in 0.00132704 secs using 100% CPU
Optimizing NNI: done in 0.0013411 secs using 99.99% CPU
Optimizing NNI: done in 0.00134301 secs using 99.92% CPU
Optimizing NNI: done in 0.00134921 secs using 99.98% CPU
Optimizing NNI: done in 0.00134015 secs using 99.99% CPU
Optimizing NNI: done in 0.00134206 secs using 99.92% CPU
Optimizing NNI: done in 0.00134301 secs using 100.1% CPU
Optimizing NNI: done in 0.00135708 secs using 99.85% CPU
Iteration 260 / LogL: -2214.680 / Time: 0h:0m:1s (0h:0m:0s left)
Optimizing NNI: done in 0.00135303 secs using 100.1% CPU
Optimizing NNI: done in 0.00134516 secs using 99.99% CPU
Optimizing NNI: done in 0.00134206 secs using 100.1% CPU
Optimizing NNI: done in 0.00134206 secs using 100% CPU
Optimizing NNI: done in 0.00134206 secs using 100.1% CPU
Optimizing NNI: done in 0.00134897 secs using 99.93% CPU
Optimizing NNI: done in 0.00134182 secs using 100% CPU
Optimizing NNI: done in 0.00134993 secs using 99.78% CPU
Optimizing NNI: done in 0.0013299 secs using 99.93% CPU
Optimizing NNI: done in 0.00135016 secs using 99.77% CPU
Iteration 270 / LogL: -2214.680 / Time: 0h:0m:1s (0h:0m:0s left)
Optimizing NNI: done in 0.0013411 secs using 99.99% CPU
Optimizing NNI: done in 0.0013411 secs using 99.92% CPU
Optimizing NNI: done in 0.0013411 secs using 99.92% CPU
Optimizing NNI: done in 0.0013392 secs using 99.99% CPU
Optimizing NNI: done in 0.00132608 secs using 99.92% CPU
Optimizing NNI: done in 0.00133586 secs using 100.1% CPU
Optimizing NNI: done in 0.00134492 secs using 100.1% CPU
Optimizing NNI: done in 0.0013361 secs using 99.77% CPU
Optimizing NNI: done in 0.00134516 secs using 99.99% CPU
Optimizing NNI: done in 0.00134206 secs using 100.1% CPU
Iteration 280 / LogL: -2214.680 / Time: 0h:0m:1s (0h:0m:0s left)
Optimizing NNI: done in 0.00134087 secs using 100.1% CPU
Optimizing NNI: done in 0.00133896 secs using 99.93% CPU
Optimizing NNI: done in 0.0013411 secs using 99.99% CPU
Optimizing NNI: done in 0.00132513 secs using 99.99% CPU
Optimizing NNI: done in 0.00134015 secs using 99.99% CPU
Optimizing NNI: done in 0.00134706 secs using 100% CPU
Optimizing NNI: done in 0.0013361 secs using 99.77% CPU
Optimizing NNI: done in 0.00137091 secs using 100% CPU
Optimizing NNI: done in 0.00133801 secs using 100% CPU
Optimizing NNI: done in 0.00134301 secs using 99.92% CPU
Iteration 290 / LogL: -2214.680 / Time: 0h:0m:1s (0h:0m:0s left)
Optimizing NNI: done in 0.00133991 secs using 100.1% CPU
Optimizing NNI: done in 0.00134087 secs using 100% CPU
Optimizing NNI: done in 0.00134301 secs using 100% CPU
Optimizing NNI: done in 0.00134611 secs using 99.92% CPU
Optimizing NNI: done in 0.00134611 secs using 99.99% CPU
Optimizing NNI: done in 0.00134611 secs using 99.92% CPU
Optimizing NNI: done in 0.00134897 secs using 99.85% CPU
Optimizing NNI: done in 0.0013361 secs using 99.92% CPU
Optimizing NNI: done in 0.00134206 secs using 99.92% CPU
Optimizing NNI: done in 0.00133991 secs using 100.1% CPU
Iteration 300 / LogL: -2214.680 / Time: 0h:0m:1s (0h:0m:0s left)
Log-likelihood cutoff on original alignment: -2214.680
NOTE: Bootstrap correlation coefficient of split occurrence frequencies: -0.327
NOTE: UFBoot does not converge, continue at least 100 more iterations
Optimizing NNI: done in 0.00139904 secs using 100% CPU
Optimizing NNI: done in 0.00134206 secs using 100% CPU
Optimizing NNI: done in 0.00134683 secs using 100.1% CPU
Optimizing NNI: done in 0.00134993 secs using 100% CPU
Optimizing NNI: done in 0.00132418 secs using 99.99% CPU
Optimizing NNI: done in 0.00134301 secs using 99.92% CPU
Optimizing NNI: done in 0.00135016 secs using 99.69% CPU
Optimizing NNI: done in 0.00134397 secs using 100% CPU
Optimizing NNI: done in 0.0013411 secs using 99.92% CPU
Optimizing NNI: done in 0.0013411 secs using 99.99% CPU
Iteration 310 / LogL: -2214.680 / Time: 0h:0m:1s (0h:0m:0s left)
Optimizing NNI: done in 0.00133991 secs using 99.93% CPU
Optimizing NNI: done in 0.0013361 secs using 99.99% CPU
Optimizing NNI: done in 0.00132394 secs using 100.1% CPU
Optimizing NNI: done in 0.00132489 secs using 100% CPU
Optimizing NNI: done in 0.00133586 secs using 100.1% CPU
Optimizing NNI: done in 0.00134897 secs using 99.78% CPU
Optimizing NNI: done in 0.00134087 secs using 99.94% CPU
Optimizing NNI: done in 0.00133491 secs using 100% CPU
Optimizing NNI: done in 0.00133419 secs using 99.91% CPU
Optimizing NNI: done in 0.001333 secs using 100.1% CPU
Iteration 320 / LogL: -2214.680 / Time: 0h:0m:1s (0h:0m:0s left)
Optimizing NNI: done in 0.00133991 secs using 100% CPU
Optimizing NNI: done in 0.00133896 secs using 100% CPU
Optimizing NNI: done in 0.0013411 secs using 99.99% CPU
Optimizing NNI: done in 0.00133705 secs using 99.92% CPU
Optimizing NNI: done in 0.001333 secs using 100.1% CPU
Optimizing NNI: done in 0.00133991 secs using 100% CPU
Optimizing NNI: done in 0.00133395 secs using 100% CPU
Optimizing NNI: done in 0.0013392 secs using 100.1% CPU
Optimizing NNI: done in 0.00133896 secs using 100% CPU
Optimizing NNI: done in 0.00134492 secs using 100% CPU
Iteration 330 / LogL: -2214.680 / Time: 0h:0m:1s (0h:0m:0s left)
Optimizing NNI: done in 0.00135207 secs using 99.77% CPU
Optimizing NNI: done in 0.00134706 secs using 100% CPU
Optimizing NNI: done in 0.00134182 secs using 100% CPU
Optimizing NNI: done in 0.00134087 secs using 99.94% CPU
Optimizing NNI: done in 0.00133991 secs using 99.93% CPU
Optimizing NNI: done in 0.00134802 secs using 100% CPU
Optimizing NNI: done in 0.0013411 secs using 99.99% CPU
Optimizing NNI: done in 0.00134397 secs using 100% CPU
Optimizing NNI: done in 0.00134897 secs using 99.85% CPU
Optimizing NNI: done in 0.00134397 secs using 100.1% CPU
Iteration 340 / LogL: -2214.680 / Time: 0h:0m:1s (0h:0m:0s left)
Optimizing NNI: done in 0.00133991 secs using 100.1% CPU
Optimizing NNI: done in 0.00134015 secs using 99.99% CPU
Optimizing NNI: done in 0.00133896 secs using 100% CPU
Optimizing NNI: done in 0.00133991 secs using 99.93% CPU
Optimizing NNI: done in 0.0013361 secs using 99.99% CPU
Optimizing NNI: done in 0.00132895 secs using 100% CPU
Optimizing NNI: done in 0.00135016 secs using 99.77% CPU
Optimizing NNI: done in 0.00134301 secs using 100% CPU
Optimizing NNI: done in 0.00132585 secs using 100% CPU
Optimizing NNI: done in 0.00133419 secs using 100.1% CPU
Iteration 350 / LogL: -2214.680 / Time: 0h:0m:1s (0h:0m:0s left)
Log-likelihood cutoff on original alignment: -2214.680
Optimizing NNI: done in 0.00139308 secs using 99.99% CPU
Optimizing NNI: done in 0.00133896 secs using 100% CPU
Optimizing NNI: done in 0.00133491 secs using 100% CPU
Optimizing NNI: done in 0.00134397 secs using 100% CPU
Optimizing NNI: done in 0.00132418 secs using 99.99% CPU
Optimizing NNI: done in 0.00134397 secs using 100% CPU
Optimizing NNI: done in 0.00133204 secs using 99.7% CPU
Optimizing NNI: done in 0.00133896 secs using 100% CPU
Optimizing NNI: done in 0.0013392 secs using 99.99% CPU
Optimizing NNI: done in 0.00133801 secs using 100.1% CPU
Iteration 360 / LogL: -2214.680 / Time: 0h:0m:1s (0h:0m:0s left)
Optimizing NNI: done in 0.00133896 secs using 100% CPU
Optimizing NNI: done in 0.00133896 secs using 100.1% CPU
Optimizing NNI: done in 0.00133586 secs using 100.1% CPU
Optimizing NNI: done in 0.00134301 secs using 99.92% CPU
Optimizing NNI: done in 0.00134492 secs using 99.86% CPU
Optimizing NNI: done in 0.00134587 secs using 100% CPU
Optimizing NNI: done in 0.00133896 secs using 99.93% CPU
Optimizing NNI: done in 0.00133801 secs using 100.1% CPU
Optimizing NNI: done in 0.00133896 secs using 100% CPU
Optimizing NNI: done in 0.00134182 secs using 100% CPU
Iteration 370 / LogL: -2214.680 / Time: 0h:0m:1s (0h:0m:0s left)
Optimizing NNI: done in 0.00134301 secs using 99.78% CPU
Optimizing NNI: done in 0.00134182 secs using 100% CPU
Optimizing NNI: done in 0.00133896 secs using 100% CPU
Optimizing NNI: done in 0.00133896 secs using 100.1% CPU
Optimizing NNI: done in 0.00134087 secs using 100% CPU
Optimizing NNI: done in 0.00134015 secs using 99.99% CPU
Optimizing NNI: done in 0.00133991 secs using 100% CPU
Optimizing NNI: done in 0.00134182 secs using 100% CPU
Optimizing NNI: done in 0.00135684 secs using 99.64% CPU
Optimizing NNI: done in 0.00133801 secs using 100.1% CPU
Iteration 380 / LogL: -2214.680 / Time: 0h:0m:1s (0h:0m:0s left)
Optimizing NNI: done in 0.00133991 secs using 99.93% CPU
Optimizing NNI: done in 0.00132585 secs using 99.94% CPU
Optimizing NNI: done in 0.0013392 secs using 99.99% CPU
Optimizing NNI: done in 0.00133896 secs using 99.93% CPU
Optimizing NNI: done in 0.00134206 secs using 100.1% CPU
Optimizing NNI: done in 0.00134683 secs using 99.79% CPU
Optimizing NNI: done in 0.00132322 secs using 100.1% CPU
Optimizing NNI: done in 0.00133896 secs using 100% CPU
Optimizing NNI: done in 0.00133896 secs using 100% CPU
Optimizing NNI: done in 0.00133801 secs using 100% CPU
Iteration 390 / LogL: -2214.680 / Time: 0h:0m:1s (0h:0m:0s left)
Optimizing NNI: done in 0.0013411 secs using 99.99% CPU
Optimizing NNI: done in 0.00133896 secs using 100% CPU
Optimizing NNI: done in 0.00134802 secs using 99.78% CPU
Optimizing NNI: done in 0.00133395 secs using 100.1% CPU
Optimizing NNI: done in 0.00134015 secs using 99.99% CPU
Optimizing NNI: done in 0.00133395 secs using 100.1% CPU
Optimizing NNI: done in 0.0013411 secs using 99.99% CPU
Optimizing NNI: done in 0.00133801 secs using 100.1% CPU
Optimizing NNI: done in 0.00132895 secs using 100% CPU
Optimizing NNI: done in 0.0013411 secs using 99.84% CPU
Iteration 400 / LogL: -2214.680 / Time: 0h:0m:1s (0h:0m:0s left)
Log-likelihood cutoff on original alignment: -2214.680
NOTE: Bootstrap correlation coefficient of split occurrence frequencies: -0.082
NOTE: UFBoot does not converge, continue at least 100 more iterations
Optimizing NNI: done in 0.00140095 secs using 99.65% CPU
Optimizing NNI: done in 0.00133014 secs using 99.99% CPU
Optimizing NNI: done in 0.00133705 secs using 99.92% CPU
Optimizing NNI: done in 0.0013411 secs using 99.92% CPU
Optimizing NNI: done in 0.0013411 secs using 99.92% CPU
Optimizing NNI: done in 0.00133991 secs using 100% CPU
Optimizing NNI: done in 0.00133991 secs using 100% CPU
Optimizing NNI: done in 0.00134301 secs using 100% CPU
Optimizing NNI: done in 0.00133681 secs using 100% CPU
Optimizing NNI: done in 0.0013411 secs using 99.99% CPU
Iteration 410 / LogL: -2214.680 / Time: 0h:0m:1s (0h:0m:0s left)
Optimizing NNI: done in 0.00133896 secs using 100% CPU
Optimizing NNI: done in 0.00133991 secs using 99.93% CPU
Optimizing NNI: done in 0.0013392 secs using 99.99% CPU
Optimizing NNI: done in 0.00134897 secs using 99.78% CPU
Optimizing NNI: done in 0.00134397 secs using 99.93% CPU
Optimizing NNI: done in 0.00133491 secs using 100% CPU
Optimizing NNI: done in 0.00134182 secs using 100% CPU
Optimizing NNI: done in 0.00133801 secs using 100.1% CPU
Optimizing NNI: done in 0.00133991 secs using 100% CPU
Optimizing NNI: done in 0.00133395 secs using 100% CPU
Iteration 420 / LogL: -2214.680 / Time: 0h:0m:1s (0h:0m:0s left)
Optimizing NNI: done in 0.0013411 secs using 99.92% CPU
Optimizing NNI: done in 0.00134802 secs using 99.85% CPU
Optimizing NNI: done in 0.00133991 secs using 100% CPU
Optimizing NNI: done in 0.00133896 secs using 99.93% CPU
Optimizing NNI: done in 0.00133896 secs using 99.93% CPU
Optimizing NNI: done in 0.00133896 secs using 100% CPU
Optimizing NNI: done in 0.00132799 secs using 100.1% CPU
Optimizing NNI: done in 0.0013268 secs using 100.1% CPU
Optimizing NNI: done in 0.00132608 secs using 99.92% CPU
Optimizing NNI: done in 0.00133896 secs using 100% CPU
Iteration 430 / LogL: -2214.680 / Time: 0h:0m:1s (0h:0m:0s left)
Optimizing NNI: done in 0.001333 secs using 100% CPU
Optimizing NNI: done in 0.00133896 secs using 99.93% CPU
Optimizing NNI: done in 0.00133991 secs using 100% CPU
Optimizing NNI: done in 0.00135016 secs using 99.69% CPU
Optimizing NNI: done in 0.00134301 secs using 100% CPU
Optimizing NNI: done in 0.00133705 secs using 100% CPU
Optimizing NNI: done in 0.00133896 secs using 100% CPU
Optimizing NNI: done in 0.00133395 secs using 99.93% CPU
Optimizing NNI: done in 0.00134087 secs using 100% CPU
Optimizing NNI: done in 0.00134397 secs using 100% CPU
Iteration 440 / LogL: -2214.680 / Time: 0h:0m:1s (0h:0m:0s left)
Optimizing NNI: done in 0.00134301 secs using 100% CPU
Optimizing NNI: done in 0.00133705 secs using 100% CPU
Optimizing NNI: done in 0.0013392 secs using 99.99% CPU
Optimizing NNI: done in 0.00133991 secs using 100% CPU
Optimizing NNI: done in 0.00133991 secs using 100% CPU
Optimizing NNI: done in 0.00134015 secs using 99.99% CPU
Optimizing NNI: done in 0.00134897 secs using 99.78% CPU
Optimizing NNI: done in 0.00134397 secs using 100% CPU
Optimizing NNI: done in 0.00133991 secs using 99.93% CPU
Optimizing NNI: done in 0.0013411 secs using 99.92% CPU
Iteration 450 / LogL: -2214.680 / Time: 0h:0m:2s (0h:0m:0s left)
Log-likelihood cutoff on original alignment: -2214.680
Optimizing NNI: done in 0.00139809 secs using 99.92% CPU
Optimizing NNI: done in 0.00134206 secs using 100% CPU
Optimizing NNI: done in 0.00134015 secs using 99.99% CPU
Optimizing NNI: done in 0.00134778 secs using 99.79% CPU
Optimizing NNI: done in 0.00133705 secs using 100% CPU
Optimizing NNI: done in 0.00133991 secs using 100% CPU
Optimizing NNI: done in 0.00134301 secs using 100% CPU
Optimizing NNI: done in 0.00133991 secs using 100% CPU
Optimizing NNI: done in 0.00133991 secs using 100.1% CPU
Optimizing NNI: done in 0.00135016 secs using 99.62% CPU
Iteration 460 / LogL: -2214.680 / Time: 0h:0m:2s (0h:0m:0s left)
Optimizing NNI: done in 0.00134301 secs using 100% CPU
Optimizing NNI: done in 0.00135493 secs using 100.1% CPU
Optimizing NNI: done in 0.00132394 secs using 100% CPU
Optimizing NNI: done in 0.001333 secs using 100% CPU
Optimizing NNI: done in 0.00133204 secs using 100% CPU
Optimizing NNI: done in 0.00134778 secs using 99.79% CPU
Optimizing NNI: done in 0.00134301 secs using 100% CPU
Optimizing NNI: done in 0.00133395 secs using 100% CPU
Optimizing NNI: done in 0.0013392 secs using 99.99% CPU
Optimizing NNI: done in 0.00134087 secs using 100% CPU
Iteration 470 / LogL: -2214.680 / Time: 0h:0m:2s (0h:0m:0s left)
Optimizing NNI: done in 0.0013392 secs using 99.91% CPU
Optimizing NNI: done in 0.00134301 secs using 100% CPU
Optimizing NNI: done in 0.00134397 secs using 99.93% CPU
Optimizing NNI: done in 0.00133896 secs using 100.1% CPU
Optimizing NNI: done in 0.00133801 secs using 100% CPU
Optimizing NNI: done in 0.00133801 secs using 100% CPU
Optimizing NNI: done in 0.0013411 secs using 99.92% CPU
Optimizing NNI: done in 0.00134611 secs using 99.84% CPU
Optimizing NNI: done in 0.0013411 secs using 99.99% CPU
Optimizing NNI: done in 0.00134087 secs using 100% CPU
Iteration 480 / LogL: -2214.680 / Time: 0h:0m:2s (0h:0m:0s left)
Optimizing NNI: done in 0.00133801 secs using 100% CPU
Optimizing NNI: done in 0.00133395 secs using 100% CPU
Optimizing NNI: done in 0.00133896 secs using 99.93% CPU
Optimizing NNI: done in 0.00134706 secs using 99.85% CPU
Optimizing NNI: done in 0.00133801 secs using 99.92% CPU
Optimizing NNI: done in 0.00133991 secs using 99.93% CPU
Optimizing NNI: done in 0.00133801 secs using 100% CPU
Optimizing NNI: done in 0.00133896 secs using 100% CPU
Optimizing NNI: done in 0.00133801 secs using 100% CPU
Optimizing NNI: done in 0.00134802 secs using 99.78% CPU
Iteration 490 / LogL: -2214.680 / Time: 0h:0m:2s (0h:0m:0s left)
Optimizing NNI: done in 0.00133705 secs using 99.92% CPU
Optimizing NNI: done in 0.00133896 secs using 100% CPU
Optimizing NNI: done in 0.00133777 secs using 100.1% CPU
Optimizing NNI: done in 0.00133896 secs using 100% CPU
Optimizing NNI: done in 0.00133801 secs using 100% CPU
Optimizing NNI: done in 0.00132298 secs using 100% CPU
Optimizing NNI: done in 0.00134206 secs using 100% CPU
Optimizing NNI: done in 0.00134301 secs using 100% CPU
Optimizing NNI: done in 0.00134015 secs using 99.91% CPU
Optimizing NNI: done in 0.00133896 secs using 100% CPU
Iteration 500 / LogL: -2214.680 / Time: 0h:0m:2s (0h:0m:0s left)
Log-likelihood cutoff on original alignment: -2214.680
NOTE: Bootstrap correlation coefficient of split occurrence frequencies: -0.046
NOTE: UFBoot does not converge, continue at least 100 more iterations
Optimizing NNI: done in 0.00139594 secs using 99.93% CPU
Optimizing NNI: done in 0.0013411 secs using 99.99% CPU
Optimizing NNI: done in 0.00134087 secs using 100% CPU
Optimizing NNI: done in 0.00134993 secs using 99.86% CPU
Optimizing NNI: done in 0.00133896 secs using 100.1% CPU
Optimizing NNI: done in 0.0013268 secs using 100% CPU
Optimizing NNI: done in 0.00132394 secs using 100% CPU
Optimizing NNI: done in 0.00133801 secs using 100% CPU
Optimizing NNI: done in 0.00134182 secs using 100% CPU
Optimizing NNI: done in 0.00134611 secs using 99.92% CPU
Iteration 510 / LogL: -2214.680 / Time: 0h:0m:2s (0h:0m:0s left)
Optimizing NNI: done in 0.00134015 secs using 99.99% CPU
Optimizing NNI: done in 0.00133896 secs using 99.93% CPU
Optimizing NNI: done in 0.00133777 secs using 100.1% CPU
Optimizing NNI: done in 0.00133896 secs using 100% CPU
Optimizing NNI: done in 0.00134206 secs using 100% CPU
Optimizing NNI: done in 0.00134301 secs using 100% CPU
Optimizing NNI: done in 0.00133991 secs using 100% CPU
Optimizing NNI: done in 0.00133395 secs using 100% CPU
Optimizing NNI: done in 0.00132418 secs using 99.99% CPU
Optimizing NNI: done in 0.00133896 secs using 100% CPU
Iteration 520 / LogL: -2214.680 / Time: 0h:0m:2s (0h:0m:0s left)
Optimizing NNI: done in 0.00134301 secs using 100% CPU
Optimizing NNI: done in 0.00134015 secs using 99.99% CPU
Optimizing NNI: done in 0.00133896 secs using 100% CPU
Optimizing NNI: done in 0.00133419 secs using 99.99% CPU
Optimizing NNI: done in 0.00132298 secs using 100% CPU
Optimizing NNI: done in 0.00134206 secs using 99.92% CPU
Optimizing NNI: done in 0.00134206 secs using 99.85% CPU
Optimizing NNI: done in 0.00133705 secs using 100% CPU
Optimizing NNI: done in 0.00133896 secs using 100% CPU
Optimizing NNI: done in 0.00133801 secs using 100% CPU
Iteration 530 / LogL: -2214.680 / Time: 0h:0m:2s (0h:0m:0s left)
Optimizing NNI: done in 0.00133991 secs using 100% CPU
Optimizing NNI: done in 0.00134802 secs using 99.78% CPU
Optimizing NNI: done in 0.0013299 secs using 100% CPU
Optimizing NNI: done in 0.00133801 secs using 100% CPU
Optimizing NNI: done in 0.00133705 secs using 100.1% CPU
Optimizing NNI: done in 0.00134015 secs using 100.1% CPU
Optimizing NNI: done in 0.00133896 secs using 100% CPU
Optimizing NNI: done in 0.00134182 secs using 100% CPU
Optimizing NNI: done in 0.00134897 secs using 99.71% CPU
Optimizing NNI: done in 0.00133705 secs using 100.1% CPU
Iteration 540 / LogL: -2214.680 / Time: 0h:0m:2s (0h:0m:0s left)
Optimizing NNI: done in 0.00134015 secs using 99.91% CPU
Optimizing NNI: done in 0.00133896 secs using 100% CPU
Optimizing NNI: done in 0.00133896 secs using 100.1% CPU
Optimizing NNI: done in 0.00134921 secs using 99.84% CPU
Optimizing NNI: done in 0.00133801 secs using 100% CPU
Optimizing NNI: done in 0.00134397 secs using 100% CPU
Optimizing NNI: done in 0.0013411 secs using 99.99% CPU
Optimizing NNI: done in 0.00133991 secs using 100% CPU
Optimizing NNI: done in 0.00134301 secs using 100% CPU
Optimizing NNI: done in 0.00133395 secs using 99.78% CPU
Iteration 550 / LogL: -2214.680 / Time: 0h:0m:2s (0h:0m:0s left)
Log-likelihood cutoff on original alignment: -2214.680
Optimizing NNI: done in 0.001405 secs using 99.36% CPU
Optimizing NNI: done in 0.00134397 secs using 99.93% CPU
Optimizing NNI: done in 0.00134015 secs using 99.99% CPU
Optimizing NNI: done in 0.0013411 secs using 99.99% CPU
Optimizing NNI: done in 0.00133896 secs using 100% CPU
Optimizing NNI: done in 0.00134802 secs using 99.78% CPU
Optimizing NNI: done in 0.00133896 secs using 100% CPU
Optimizing NNI: done in 0.00133896 secs using 100% CPU
Optimizing NNI: done in 0.0013392 secs using 99.99% CPU
Optimizing NNI: done in 0.00133896 secs using 100% CPU
Iteration 560 / LogL: -2214.680 / Time: 0h:0m:2s (0h:0m:0s left)
Optimizing NNI: done in 0.00134301 secs using 100% CPU
Optimizing NNI: done in 0.00134492 secs using 99.71% CPU
Optimizing NNI: done in 0.00132489 secs using 100% CPU
Optimizing NNI: done in 0.00133896 secs using 100% CPU
Optimizing NNI: done in 0.00133801 secs using 100.1% CPU
Optimizing NNI: done in 0.00134683 secs using 99.86% CPU
Optimizing NNI: done in 0.00134611 secs using 99.99% CPU
Optimizing NNI: done in 0.00132608 secs using 99.99% CPU
Optimizing NNI: done in 0.00133801 secs using 100% CPU
Optimizing NNI: done in 0.0013392 secs using 99.99% CPU
Iteration 570 / LogL: -2214.680 / Time: 0h:0m:2s (0h:0m:0s left)
Optimizing NNI: done in 0.00134206 secs using 100% CPU
Optimizing NNI: done in 0.00134206 secs using 100% CPU
Optimizing NNI: done in 0.00133991 secs using 100% CPU
Optimizing NNI: done in 0.001333 secs using 100% CPU
Optimizing NNI: done in 0.00133896 secs using 100% CPU
Optimizing NNI: done in 0.00134301 secs using 99.78% CPU
Optimizing NNI: done in 0.00134301 secs using 100% CPU
Optimizing NNI: done in 0.0013392 secs using 99.99% CPU
Optimizing NNI: done in 0.001333 secs using 100.1% CPU
Optimizing NNI: done in 0.00133801 secs using 100% CPU
Iteration 580 / LogL: -2214.680 / Time: 0h:0m:2s (0h:0m:0s left)
Optimizing NNI: done in 0.00133896 secs using 99.93% CPU
Optimizing NNI: done in 0.00134206 secs using 100.1% CPU
Optimizing NNI: done in 0.00133896 secs using 99.93% CPU
Optimizing NNI: done in 0.00133896 secs using 99.93% CPU
Optimizing NNI: done in 0.00133801 secs using 100% CPU
Optimizing NNI: done in 0.00135303 secs using 100% CPU
Optimizing NNI: done in 0.00133801 secs using 99.92% CPU
Optimizing NNI: done in 0.00134587 secs using 100% CPU
Optimizing NNI: done in 0.0013392 secs using 99.99% CPU
Optimizing NNI: done in 0.00133896 secs using 100% CPU
Iteration 590 / LogL: -2214.680 / Time: 0h:0m:2s (0h:0m:0s left)
Optimizing NNI: done in 0.001333 secs using 100.1% CPU
Optimizing NNI: done in 0.00134706 secs using 99.85% CPU
Optimizing NNI: done in 0.0013361 secs using 99.92% CPU
Optimizing NNI: done in 0.00133801 secs using 100% CPU
Optimizing NNI: done in 0.00133991 secs using 100% CPU
Optimizing NNI: done in 0.00132608 secs using 99.99% CPU
Optimizing NNI: done in 0.00134206 secs using 99.92% CPU
Optimizing NNI: done in 0.00134683 secs using 99.79% CPU
Optimizing NNI: done in 0.0013392 secs using 99.91% CPU
Optimizing NNI: done in 0.00132298 secs using 100% CPU
Iteration 600 / LogL: -2214.680 / Time: 0h:0m:2s (0h:0m:0s left)
Log-likelihood cutoff on original alignment: -2214.680
NOTE: Bootstrap correlation coefficient of split occurrence frequencies: 0.245
NOTE: UFBoot does not converge, continue at least 100 more iterations
Optimizing NNI: done in 0.00139308 secs using 100.1% CPU
Optimizing NNI: done in 0.00134301 secs using 99.92% CPU
Optimizing NNI: done in 0.00132895 secs using 100% CPU
Optimizing NNI: done in 0.00134993 secs using 99.71% CPU
Optimizing NNI: done in 0.00134015 secs using 99.99% CPU
Optimizing NNI: done in 0.00132394 secs using 100.1% CPU
Optimizing NNI: done in 0.00133991 secs using 100% CPU
Optimizing NNI: done in 0.00134182 secs using 100% CPU
Optimizing NNI: done in 0.00133204 secs using 99.77% CPU
Optimizing NNI: done in 0.00133896 secs using 100% CPU
Iteration 610 / LogL: -2214.680 / Time: 0h:0m:2s (0h:0m:0s left)
Optimizing NNI: done in 0.00133896 secs using 100% CPU
Optimizing NNI: done in 0.001333 secs using 99.93% CPU
Optimizing NNI: done in 0.00134802 secs using 99.78% CPU
Optimizing NNI: done in 0.00134206 secs using 100.1% CPU
Optimizing NNI: done in 0.00133896 secs using 100% CPU
Optimizing NNI: done in 0.001333 secs using 100% CPU
Optimizing NNI: done in 0.00132298 secs using 100% CPU
Optimizing NNI: done in 0.00134706 secs using 99.85% CPU
Optimizing NNI: done in 0.00134492 secs using 100% CPU
Optimizing NNI: done in 0.00133395 secs using 100% CPU
Iteration 620 / LogL: -2214.680 / Time: 0h:0m:2s (0h:0m:0s left)
Optimizing NNI: done in 0.001333 secs using 99.93% CPU
Optimizing NNI: done in 0.00132394 secs using 99.93% CPU
Optimizing NNI: done in 0.00133801 secs using 100% CPU
Optimizing NNI: done in 0.00134277 secs using 99.94% CPU
Optimizing NNI: done in 0.00133896 secs using 100% CPU
Optimizing NNI: done in 0.00136304 secs using 100% CPU
Optimizing NNI: done in 0.00133896 secs using 99.93% CPU
Optimizing NNI: done in 0.00134993 secs using 100% CPU
Optimizing NNI: done in 0.00134802 secs using 99.78% CPU
Optimizing NNI: done in 0.00133801 secs using 100% CPU
Iteration 630 / LogL: -2214.680 / Time: 0h:0m:2s (0h:0m:0s left)
Optimizing NNI: done in 0.00133896 secs using 100% CPU
Optimizing NNI: done in 0.00133204 secs using 100.1% CPU
Optimizing NNI: done in 0.00133204 secs using 100% CPU
Optimizing NNI: done in 0.00133705 secs using 100% CPU
Optimizing NNI: done in 0.00133801 secs using 100% CPU
Optimizing NNI: done in 0.00133801 secs using 100% CPU
Optimizing NNI: done in 0.001333 secs using 100% CPU
Optimizing NNI: done in 0.00133801 secs using 100% CPU
Optimizing NNI: done in 0.00134802 secs using 99.7% CPU
Optimizing NNI: done in 0.00133896 secs using 99.93% CPU
Iteration 640 / LogL: -2214.680 / Time: 0h:0m:2s (0h:0m:0s left)
Optimizing NNI: done in 0.00134015 secs using 100.1% CPU
Optimizing NNI: done in 0.00133801 secs using 100.1% CPU
Optimizing NNI: done in 0.00133801 secs using 100% CPU
Optimizing NNI: done in 0.00134087 secs using 100% CPU
Optimizing NNI: done in 0.00132704 secs using 100% CPU
Optimizing NNI: done in 0.00133204 secs using 100.1% CPU
Optimizing NNI: done in 0.00133801 secs using 100% CPU
Optimizing NNI: done in 0.00133896 secs using 100% CPU
Optimizing NNI: done in 0.00132799 secs using 100% CPU
Optimizing NNI: done in 0.00133801 secs using 100.1% CPU
Iteration 650 / LogL: -2214.680 / Time: 0h:0m:3s (0h:0m:0s left)
Log-likelihood cutoff on original alignment: -2214.680
Optimizing NNI: done in 0.00138807 secs using 99.92% CPU
Optimizing NNI: done in 0.00134206 secs using 100% CPU
Optimizing NNI: done in 0.00133991 secs using 100% CPU
Optimizing NNI: done in 0.00133896 secs using 99.93% CPU
Optimizing NNI: done in 0.00133801 secs using 100% CPU
Optimizing NNI: done in 0.00133991 secs using 100% CPU
Optimizing NNI: done in 0.00133896 secs using 100.1% CPU
Optimizing NNI: done in 0.00133991 secs using 100% CPU
Optimizing NNI: done in 0.00133014 secs using 99.91% CPU
Optimizing NNI: done in 0.00133705 secs using 100% CPU
Iteration 660 / LogL: -2214.680 / Time: 0h:0m:3s (0h:0m:0s left)
Optimizing NNI: done in 0.00133991 secs using 100% CPU
Optimizing NNI: done in 0.0013392 secs using 99.91% CPU
Optimizing NNI: done in 0.00133991 secs using 100% CPU
Optimizing NNI: done in 0.00134611 secs using 99.99% CPU
Optimizing NNI: done in 0.00132298 secs using 100% CPU
Optimizing NNI: done in 0.00135398 secs using 100% CPU
Optimizing NNI: done in 0.00134015 secs using 99.91% CPU
Optimizing NNI: done in 0.00134087 secs using 100% CPU
Optimizing NNI: done in 0.00134993 secs using 99.78% CPU
Optimizing NNI: done in 0.00133991 secs using 99.93% CPU
Iteration 670 / LogL: -2214.680 / Time: 0h:0m:3s (0h:0m:0s left)
Optimizing NNI: done in 0.00132298 secs using 100.1% CPU
Optimizing NNI: done in 0.00133991 secs using 100% CPU
Optimizing NNI: done in 0.00134802 secs using 99.78% CPU
Optimizing NNI: done in 0.00133896 secs using 100.1% CPU
Optimizing NNI: done in 0.001333 secs using 100% CPU
Optimizing NNI: done in 0.001333 secs using 100% CPU
Optimizing NNI: done in 0.001333 secs using 100% CPU
Optimizing NNI: done in 0.00134397 secs using 100% CPU
Optimizing NNI: done in 0.00133896 secs using 100% CPU
Optimizing NNI: done in 0.00133801 secs using 99.92% CPU
Iteration 680 / LogL: -2214.680 / Time: 0h:0m:3s (0h:0m:0s left)
Optimizing NNI: done in 0.00133801 secs using 100% CPU
Optimizing NNI: done in 0.00134802 secs using 99.85% CPU
Optimizing NNI: done in 0.00134301 secs using 100% CPU
Optimizing NNI: done in 0.0013392 secs using 99.91% CPU
Optimizing NNI: done in 0.00132489 secs using 100% CPU
Optimizing NNI: done in 0.00134206 secs using 99.92% CPU
Optimizing NNI: done in 0.00134301 secs using 99.92% CPU
Optimizing NNI: done in 0.00133896 secs using 100% CPU
Optimizing NNI: done in 0.00134015 secs using 99.99% CPU
Optimizing NNI: done in 0.00133801 secs using 100% CPU
Iteration 690 / LogL: -2214.680 / Time: 0h:0m:3s (0h:0m:0s left)
Optimizing NNI: done in 0.00132489 secs using 100% CPU
Optimizing NNI: done in 0.001333 secs using 99.78% CPU
Optimizing NNI: done in 0.00132298 secs using 100% CPU
Optimizing NNI: done in 0.00133896 secs using 100% CPU
Optimizing NNI: done in 0.00133896 secs using 99.93% CPU
Optimizing NNI: done in 0.00134802 secs using 99.7% CPU
Optimizing NNI: done in 0.00134301 secs using 100% CPU
Optimizing NNI: done in 0.00132489 secs using 100% CPU
Optimizing NNI: done in 0.00132513 secs using 99.99% CPU
Optimizing NNI: done in 0.0013392 secs using 99.99% CPU
Iteration 700 / LogL: -2214.680 / Time: 0h:0m:3s (0h:0m:0s left)
Log-likelihood cutoff on original alignment: -2214.680
NOTE: Bootstrap correlation coefficient of split occurrence frequencies: 0.416
NOTE: UFBoot does not converge, continue at least 100 more iterations
Optimizing NNI: done in 0.00139308 secs using 99.99% CPU
Optimizing NNI: done in 0.00134897 secs using 100% CPU
Optimizing NNI: done in 0.0013411 secs using 99.99% CPU
Optimizing NNI: done in 0.00134182 secs using 100% CPU
Optimizing NNI: done in 0.00135112 secs using 99.99% CPU
Optimizing NNI: done in 0.0013411 secs using 99.77% CPU
Optimizing NNI: done in 0.0013442 secs using 100.1% CPU
Optimizing NNI: done in 0.00134301 secs using 100% CPU
Optimizing NNI: done in 0.00134206 secs using 100% CPU
Optimizing NNI: done in 0.00134993 secs using 99.71% CPU
Iteration 710 / LogL: -2214.680 / Time: 0h:0m:3s (0h:0m:0s left)
Optimizing NNI: done in 0.00134397 secs using 100% CPU
Optimizing NNI: done in 0.00133991 secs using 100% CPU
Optimizing NNI: done in 0.00133991 secs using 100% CPU
Optimizing NNI: done in 0.00133514 secs using 99.99% CPU
Optimizing NNI: done in 0.00134993 secs using 99.78% CPU
Optimizing NNI: done in 0.00134015 secs using 99.99% CPU
Optimizing NNI: done in 0.00133991 secs using 99.93% CPU
Optimizing NNI: done in 0.00134015 secs using 99.99% CPU
Optimizing NNI: done in 0.00134897 secs using 99.71% CPU
Optimizing NNI: done in 0.00134397 secs using 100% CPU
Iteration 720 / LogL: -2214.680 / Time: 0h:0m:3s (0h:0m:0s left)
Optimizing NNI: done in 0.00133896 secs using 100% CPU
Optimizing NNI: done in 0.00133705 secs using 100% CPU
Optimizing NNI: done in 0.00132489 secs using 100% CPU
Optimizing NNI: done in 0.00134683 secs using 99.94% CPU
Optimizing NNI: done in 0.0013411 secs using 99.99% CPU
Optimizing NNI: done in 0.00134015 secs using 99.99% CPU
Optimizing NNI: done in 0.00134087 secs using 100% CPU
Optimizing NNI: done in 0.0013299 secs using 100% CPU
Optimizing NNI: done in 0.00134397 secs using 100% CPU
Optimizing NNI: done in 0.00133991 secs using 100% CPU
Iteration 730 / LogL: -2214.680 / Time: 0h:0m:3s (0h:0m:0s left)
Optimizing NNI: done in 0.00133991 secs using 100% CPU
Optimizing NNI: done in 0.00134015 secs using 100.1% CPU
Optimizing NNI: done in 0.00134301 secs using 100% CPU
Optimizing NNI: done in 0.00133491 secs using 100% CPU
Optimizing NNI: done in 0.00134015 secs using 99.99% CPU
Optimizing NNI: done in 0.00132608 secs using 99.99% CPU
Optimizing NNI: done in 0.00134397 secs using 100% CPU
Optimizing NNI: done in 0.00133896 secs using 100% CPU
Optimizing NNI: done in 0.00132608 secs using 99.99% CPU
Optimizing NNI: done in 0.00133801 secs using 100.1% CPU
Iteration 740 / LogL: -2214.680 / Time: 0h:0m:3s (0h:0m:0s left)
Optimizing NNI: done in 0.00132489 secs using 99.93% CPU
Optimizing NNI: done in 0.00134397 secs using 100% CPU
Optimizing NNI: done in 0.00133991 secs using 100.1% CPU
Optimizing NNI: done in 0.00133991 secs using 100% CPU
Optimizing NNI: done in 0.00134301 secs using 100% CPU
Optimizing NNI: done in 0.00134706 secs using 100% CPU
Optimizing NNI: done in 0.00133991 secs using 100% CPU
Optimizing NNI: done in 0.00135207 secs using 99.99% CPU
Optimizing NNI: done in 0.0013411 secs using 99.99% CPU
Optimizing NNI: done in 0.00133085 secs using 100% CPU
Iteration 750 / LogL: -2214.680 / Time: 0h:0m:3s (0h:0m:0s left)
Log-likelihood cutoff on original alignment: -2214.680
Optimizing NNI: done in 0.00140285 secs using 99.58% CPU
Optimizing NNI: done in 0.00135422 secs using 99.76% CPU
Optimizing NNI: done in 0.00134206 secs using 100% CPU
Optimizing NNI: done in 0.00133991 secs using 100% CPU
Optimizing NNI: done in 0.00133896 secs using 100% CPU
Optimizing NNI: done in 0.00134802 secs using 99.85% CPU
Optimizing NNI: done in 0.0013411 secs using 99.92% CPU
Optimizing NNI: done in 0.00133991 secs using 99.93% CPU
Optimizing NNI: done in 0.00133991 secs using 100.1% CPU
Optimizing NNI: done in 0.00134802 secs using 99.78% CPU
Iteration 760 / LogL: -2214.680 / Time: 0h:0m:3s (0h:0m:0s left)
Optimizing NNI: done in 0.00133991 secs using 100% CPU
Optimizing NNI: done in 0.0013411 secs using 99.92% CPU
Optimizing NNI: done in 0.00134206 secs using 99.92% CPU
Optimizing NNI: done in 0.00134492 secs using 100% CPU
Optimizing NNI: done in 0.00133896 secs using 100% CPU
Optimizing NNI: done in 0.00134015 secs using 100.1% CPU
Optimizing NNI: done in 0.00133395 secs using 100% CPU
Optimizing NNI: done in 0.00134993 secs using 99.86% CPU
Optimizing NNI: done in 0.00133801 secs using 100% CPU
Optimizing NNI: done in 0.00132489 secs using 99.93% CPU
Iteration 770 / LogL: -2214.680 / Time: 0h:0m:3s (0h:0m:0s left)
Optimizing NNI: done in 0.00134087 secs using 99.94% CPU
Optimizing NNI: done in 0.00132418 secs using 99.99% CPU
Optimizing NNI: done in 0.00132895 secs using 100% CPU
Optimizing NNI: done in 0.00133896 secs using 99.93% CPU
Optimizing NNI: done in 0.00132489 secs using 100% CPU
Optimizing NNI: done in 0.00133395 secs using 100% CPU
Optimizing NNI: done in 0.00134277 secs using 99.94% CPU
Optimizing NNI: done in 0.00133991 secs using 99.93% CPU
Optimizing NNI: done in 0.00133395 secs using 100% CPU
Optimizing NNI: done in 0.00132298 secs using 100% CPU
Iteration 780 / LogL: -2214.680 / Time: 0h:0m:3s (0h:0m:0s left)
Optimizing NNI: done in 0.00134397 secs using 100% CPU
Optimizing NNI: done in 0.00134301 secs using 100% CPU
Optimizing NNI: done in 0.00133991 secs using 100% CPU
Optimizing NNI: done in 0.00134182 secs using 100% CPU
Optimizing NNI: done in 0.00136113 secs using 99.99% CPU
Optimizing NNI: done in 0.00135016 secs using 99.77% CPU
Optimizing NNI: done in 0.00133681 secs using 100% CPU
Optimizing NNI: done in 0.00133991 secs using 100% CPU
Optimizing NNI: done in 0.0013411 secs using 99.99% CPU
Optimizing NNI: done in 0.00134897 secs using 99.78% CPU
Iteration 790 / LogL: -2214.680 / Time: 0h:0m:3s (0h:0m:0s left)
Optimizing NNI: done in 0.00133896 secs using 100.1% CPU
Optimizing NNI: done in 0.00133896 secs using 100% CPU
Optimizing NNI: done in 0.00133395 secs using 99.93% CPU
Optimizing NNI: done in 0.00134397 secs using 100% CPU
Optimizing NNI: done in 0.001333 secs using 100.1% CPU
Optimizing NNI: done in 0.00134087 secs using 100% CPU
Optimizing NNI: done in 0.00133801 secs using 100% CPU
Optimizing NNI: done in 0.00134206 secs using 99.77% CPU
Optimizing NNI: done in 0.00134301 secs using 99.92% CPU
Optimizing NNI: done in 0.00133896 secs using 99.93% CPU
Iteration 800 / LogL: -2214.680 / Time: 0h:0m:3s (0h:0m:0s left)
Log-likelihood cutoff on original alignment: -2214.680
NOTE: Bootstrap correlation coefficient of split occurrence frequencies: 0.609
NOTE: UFBoot does not converge, continue at least 100 more iterations
Optimizing NNI: done in 0.00138402 secs using 100% CPU
Optimizing NNI: done in 0.00134301 secs using 100% CPU
Optimizing NNI: done in 0.00134683 secs using 100% CPU
Optimizing NNI: done in 0.00134301 secs using 100% CPU
Optimizing NNI: done in 0.00132418 secs using 100.1% CPU
Optimizing NNI: done in 0.00133801 secs using 100% CPU
Optimizing NNI: done in 0.00134897 secs using 99.78% CPU
Optimizing NNI: done in 0.00132895 secs using 100.1% CPU
Optimizing NNI: done in 0.00132513 secs using 100.1% CPU
Optimizing NNI: done in 0.00134015 secs using 99.99% CPU
Iteration 810 / LogL: -2214.680 / Time: 0h:0m:3s (0h:0m:0s left)
Optimizing NNI: done in 0.00134087 secs using 100.1% CPU
Optimizing NNI: done in 0.00134182 secs using 76.02% CPU
Optimizing NNI: done in 0.00133991 secs using 99.71% CPU
Optimizing NNI: done in 0.00134015 secs using 99.76% CPU
Optimizing NNI: done in 0.00133896 secs using 99.78% CPU
Optimizing NNI: done in 0.00134301 secs using 100% CPU
Optimizing NNI: done in 0.00133991 secs using 99.93% CPU
Optimizing NNI: done in 0.00134087 secs using 100% CPU
Optimizing NNI: done in 0.00133991 secs using 99.93% CPU
Optimizing NNI: done in 0.00134301 secs using 99.85% CPU
Iteration 820 / LogL: -2214.680 / Time: 0h:0m:3s (0h:0m:0s left)
Optimizing NNI: done in 0.0013392 secs using 99.99% CPU
Optimizing NNI: done in 0.00133896 secs using 100% CPU
Optimizing NNI: done in 0.00132799 secs using 100% CPU
Optimizing NNI: done in 0.00135303 secs using 99.7% CPU
Optimizing NNI: done in 0.00133419 secs using 100.1% CPU
Optimizing NNI: done in 0.00134301 secs using 100% CPU
Optimizing NNI: done in 0.001333 secs using 100.1% CPU
Optimizing NNI: done in 0.00134897 secs using 99.78% CPU
Optimizing NNI: done in 0.00133896 secs using 100.1% CPU
Optimizing NNI: done in 0.00134015 secs using 99.99% CPU
Iteration 830 / LogL: -2214.680 / Time: 0h:0m:3s (0h:0m:0s left)
Optimizing NNI: done in 0.0013411 secs using 99.92% CPU
Optimizing NNI: done in 0.00134778 secs using 99.79% CPU
Optimizing NNI: done in 0.00134015 secs using 99.99% CPU
Optimizing NNI: done in 0.00133991 secs using 100% CPU
Optimizing NNI: done in 0.00133896 secs using 100% CPU
Optimizing NNI: done in 0.00133801 secs using 100% CPU
Optimizing NNI: done in 0.00132704 secs using 100% CPU
Optimizing NNI: done in 0.001333 secs using 100% CPU
Optimizing NNI: done in 0.00133491 secs using 99.93% CPU
Optimizing NNI: done in 0.00133896 secs using 100% CPU
Iteration 840 / LogL: -2214.680 / Time: 0h:0m:3s (0h:0m:0s left)
Optimizing NNI: done in 0.00134015 secs using 99.99% CPU
Optimizing NNI: done in 0.0013411 secs using 99.92% CPU
Optimizing NNI: done in 0.00134182 secs using 99.94% CPU
Optimizing NNI: done in 0.00135016 secs using 99.77% CPU
Optimizing NNI: done in 0.00133896 secs using 100% CPU
Optimizing NNI: done in 0.00132513 secs using 99.99% CPU
Optimizing NNI: done in 0.00134015 secs using 99.99% CPU
Optimizing NNI: done in 0.00132799 secs using 100% CPU
Optimizing NNI: done in 0.00134087 secs using 100% CPU
Optimizing NNI: done in 0.00134087 secs using 99.94% CPU
Iteration 850 / LogL: -2214.680 / Time: 0h:0m:4s (0h:0m:0s left)
Log-likelihood cutoff on original alignment: -2214.680
Optimizing NNI: done in 0.00139904 secs using 100% CPU
Optimizing NNI: done in 0.00134301 secs using 100% CPU
Optimizing NNI: done in 0.00134611 secs using 99.99% CPU
Optimizing NNI: done in 0.00134206 secs using 100% CPU
Optimizing NNI: done in 0.0013411 secs using 99.99% CPU
Optimizing NNI: done in 0.00133705 secs using 99.85% CPU
Optimizing NNI: done in 0.00134516 secs using 99.99% CPU
Optimizing NNI: done in 0.00134182 secs using 99.94% CPU
Optimizing NNI: done in 0.00134206 secs using 100% CPU
Optimizing NNI: done in 0.00133801 secs using 99.63% CPU
Iteration 860 / LogL: -2214.680 / Time: 0h:0m:4s (0h:0m:0s left)
Optimizing NNI: done in 0.00132799 secs using 100.1% CPU
Optimizing NNI: done in 0.00136495 secs using 100% CPU
Optimizing NNI: done in 0.00134301 secs using 100% CPU
Optimizing NNI: done in 0.00136304 secs using 99.85% CPU
Optimizing NNI: done in 0.00134182 secs using 100% CPU
Optimizing NNI: done in 0.00132704 secs using 100% CPU
Optimizing NNI: done in 0.00134087 secs using 100% CPU
Optimizing NNI: done in 0.00133014 secs using 99.91% CPU
Optimizing NNI: done in 0.0013411 secs using 99.92% CPU
Optimizing NNI: done in 0.00134087 secs using 99.94% CPU
Iteration 870 / LogL: -2214.680 / Time: 0h:0m:4s (0h:0m:0s left)
Optimizing NNI: done in 0.00133896 secs using 100% CPU
Optimizing NNI: done in 0.00134397 secs using 100% CPU
Optimizing NNI: done in 0.00133586 secs using 99.94% CPU
Optimizing NNI: done in 0.0013411 secs using 99.99% CPU
Optimizing NNI: done in 0.00132513 secs using 100.1% CPU
Optimizing NNI: done in 0.00134802 secs using 99.85% CPU
Optimizing NNI: done in 0.00134087 secs using 100% CPU
Optimizing NNI: done in 0.00133705 secs using 100% CPU
Optimizing NNI: done in 0.00135016 secs using 99.77% CPU
Optimizing NNI: done in 0.00134397 secs using 100% CPU
Iteration 880 / LogL: -2214.680 / Time: 0h:0m:4s (0h:0m:0s left)
Optimizing NNI: done in 0.00134301 secs using 100% CPU
Optimizing NNI: done in 0.00134015 secs using 100.1% CPU
Optimizing NNI: done in 0.00134397 secs using 99.93% CPU
Optimizing NNI: done in 0.00134897 secs using 99.85% CPU
Optimizing NNI: done in 0.00134087 secs using 100% CPU
Optimizing NNI: done in 0.00132704 secs using 100% CPU
Optimizing NNI: done in 0.00134397 secs using 100% CPU
Optimizing NNI: done in 0.00134206 secs using 100% CPU
Optimizing NNI: done in 0.00132608 secs using 99.99% CPU
Optimizing NNI: done in 0.00132799 secs using 99.93% CPU
Iteration 890 / LogL: -2214.680 / Time: 0h:0m:4s (0h:0m:0s left)
Optimizing NNI: done in 0.00133896 secs using 100% CPU
Optimizing NNI: done in 0.0013411 secs using 99.99% CPU
Optimizing NNI: done in 0.00134087 secs using 99.94% CPU
Optimizing NNI: done in 0.0013411 secs using 99.92% CPU
Optimizing NNI: done in 0.00134587 secs using 100% CPU
Optimizing NNI: done in 0.00134087 secs using 100.1% CPU
Optimizing NNI: done in 0.00134206 secs using 100% CPU
Optimizing NNI: done in 0.00134301 secs using 100.1% CPU
Optimizing NNI: done in 0.0013411 secs using 99.92% CPU
Optimizing NNI: done in 0.0013361 secs using 99.99% CPU
Iteration 900 / LogL: -2214.680 / Time: 0h:0m:4s (0h:0m:0s left)
Log-likelihood cutoff on original alignment: -2214.680
NOTE: Bootstrap correlation coefficient of split occurrence frequencies: 0.587
NOTE: UFBoot does not converge, continue at least 100 more iterations
Optimizing NNI: done in 0.001405 secs using 99.93% CPU
Optimizing NNI: done in 0.00135994 secs using 100% CPU
Optimizing NNI: done in 0.00135708 secs using 99.63% CPU
Optimizing NNI: done in 0.00133705 secs using 100% CPU
Optimizing NNI: done in 0.00133586 secs using 100% CPU
Optimizing NNI: done in 0.00132608 secs using 99.99% CPU
Optimizing NNI: done in 0.00134516 secs using 99.99% CPU
Optimizing NNI: done in 0.00132704 secs using 100% CPU
Optimizing NNI: done in 0.0013411 secs using 99.99% CPU
Optimizing NNI: done in 0.00134087 secs using 100% CPU
Iteration 910 / LogL: -2214.680 / Time: 0h:0m:4s (0h:0m:0s left)
Optimizing NNI: done in 0.00135112 secs using 99.84% CPU
Optimizing NNI: done in 0.00133514 secs using 99.99% CPU
Optimizing NNI: done in 0.00132608 secs using 100.1% CPU
Optimizing NNI: done in 0.00134706 secs using 99.92% CPU
Optimizing NNI: done in 0.00133681 secs using 100% CPU
Optimizing NNI: done in 0.0013442 secs using 99.98% CPU
Optimizing NNI: done in 0.00134182 secs using 100% CPU
Optimizing NNI: done in 0.00134993 secs using 99.78% CPU
Optimizing NNI: done in 0.00134516 secs using 100.1% CPU
Optimizing NNI: done in 0.00134182 secs using 100% CPU
Iteration 920 / LogL: -2214.680 / Time: 0h:0m:4s (0h:0m:0s left)
Optimizing NNI: done in 0.00134397 secs using 100% CPU
Optimizing NNI: done in 0.00132608 secs using 99.99% CPU
Optimizing NNI: done in 0.00134087 secs using 100.1% CPU
Optimizing NNI: done in 0.00134206 secs using 99.92% CPU
Optimizing NNI: done in 0.00133896 secs using 100% CPU
Optimizing NNI: done in 0.00134301 secs using 100% CPU
Optimizing NNI: done in 0.00134301 secs using 100% CPU
Optimizing NNI: done in 0.00134706 secs using 99.92% CPU
Optimizing NNI: done in 0.00135183 secs using 99.79% CPU
Optimizing NNI: done in 0.0013411 secs using 99.92% CPU
Iteration 930 / LogL: -2214.680 / Time: 0h:0m:4s (0h:0m:0s left)
Optimizing NNI: done in 0.00134015 secs using 99.99% CPU
Optimizing NNI: done in 0.00134397 secs using 100% CPU
Optimizing NNI: done in 0.0013411 secs using 99.99% CPU
Optimizing NNI: done in 0.00133491 secs using 100% CPU
Optimizing NNI: done in 0.00134182 secs using 100% CPU
Optimizing NNI: done in 0.00134397 secs using 100.1% CPU
Optimizing NNI: done in 0.00134301 secs using 100.1% CPU
Optimizing NNI: done in 0.0013411 secs using 99.99% CPU
Optimizing NNI: done in 0.00136805 secs using 100% CPU
Optimizing NNI: done in 0.00133586 secs using 100.1% CPU
Iteration 940 / LogL: -2214.680 / Time: 0h:0m:4s (0h:0m:0s left)
Optimizing NNI: done in 0.00135422 secs using 99.91% CPU
Optimizing NNI: done in 0.00132704 secs using 99.92% CPU
Optimizing NNI: done in 0.00134802 secs using 99.92% CPU
Optimizing NNI: done in 0.00133991 secs using 100% CPU
Optimizing NNI: done in 0.00133586 secs using 100% CPU
Optimizing NNI: done in 0.00134897 secs using 99.85% CPU
Optimizing NNI: done in 0.00134087 secs using 99.94% CPU
Optimizing NNI: done in 0.00133991 secs using 100% CPU
Optimizing NNI: done in 0.0013411 secs using 99.99% CPU
Optimizing NNI: done in 0.00135303 secs using 99.7% CPU
Iteration 950 / LogL: -2214.680 / Time: 0h:0m:4s (0h:0m:0s left)
Log-likelihood cutoff on original alignment: -2214.680
Optimizing NNI: done in 0.00140285 secs using 100% CPU
Optimizing NNI: done in 0.00134611 secs using 99.92% CPU
Optimizing NNI: done in 0.00134397 secs using 100% CPU
Optimizing NNI: done in 0.00135112 secs using 99.77% CPU
Optimizing NNI: done in 0.00134301 secs using 100% CPU
Optimizing NNI: done in 0.00134301 secs using 100% CPU
Optimizing NNI: done in 0.00134206 secs using 100% CPU
Optimizing NNI: done in 0.00135303 secs using 99.78% CPU
Optimizing NNI: done in 0.00134301 secs using 100% CPU
Optimizing NNI: done in 0.00134206 secs using 100% CPU
Iteration 960 / LogL: -2214.680 / Time: 0h:0m:4s (0h:0m:0s left)
Optimizing NNI: done in 0.00134683 secs using 100.1% CPU
Optimizing NNI: done in 0.00134301 secs using 100% CPU
Optimizing NNI: done in 0.00134206 secs using 100% CPU
Optimizing NNI: done in 0.00134706 secs using 100% CPU
Optimizing NNI: done in 0.00133896 secs using 100% CPU
Optimizing NNI: done in 0.00134301 secs using 100% CPU
Optimizing NNI: done in 0.00134301 secs using 100% CPU
Optimizing NNI: done in 0.00134492 secs using 100% CPU
Optimizing NNI: done in 0.00132704 secs using 100% CPU
Optimizing NNI: done in 0.00132799 secs using 100% CPU
Iteration 970 / LogL: -2214.680 / Time: 0h:0m:4s (0h:0m:0s left)
Optimizing NNI: done in 0.00134611 secs using 99.99% CPU
Optimizing NNI: done in 0.00134301 secs using 99.92% CPU
Optimizing NNI: done in 0.00134087 secs using 100% CPU
Optimizing NNI: done in 0.0013411 secs using 99.99% CPU
Optimizing NNI: done in 0.00132799 secs using 100% CPU
Optimizing NNI: done in 0.00135803 secs using 100% CPU
Optimizing NNI: done in 0.00134516 secs using 99.99% CPU
Optimizing NNI: done in 0.00134993 secs using 99.78% CPU
Optimizing NNI: done in 0.00134301 secs using 99.92% CPU
Optimizing NNI: done in 0.00133705 secs using 100.1% CPU
Iteration 980 / LogL: -2214.680 / Time: 0h:0m:4s (0h:0m:0s left)
Optimizing NNI: done in 0.0013299 secs using 100% CPU
Optimizing NNI: done in 0.00134301 secs using 100% CPU
Optimizing NNI: done in 0.00134301 secs using 100% CPU
Optimizing NNI: done in 0.00133109 secs using 99.99% CPU
Optimizing NNI: done in 0.00134301 secs using 100% CPU
Optimizing NNI: done in 0.00132704 secs using 99.92% CPU
Optimizing NNI: done in 0.00134301 secs using 99.92% CPU
Optimizing NNI: done in 0.00135183 secs using 99.79% CPU
Optimizing NNI: done in 0.00134182 secs using 100% CPU
Optimizing NNI: done in 0.00134206 secs using 100.1% CPU
Iteration 990 / LogL: -2214.680 / Time: 0h:0m:4s (0h:0m:0s left)
Optimizing NNI: done in 0.00134706 secs using 100% CPU
Optimizing NNI: done in 0.00134301 secs using 100% CPU
Optimizing NNI: done in 0.00134087 secs using 100% CPU
Optimizing NNI: done in 0.00135088 secs using 99.79% CPU
Optimizing NNI: done in 0.00134301 secs using 100% CPU
Optimizing NNI: done in 0.00133705 secs using 100% CPU
Optimizing NNI: done in 0.00134301 secs using 100% CPU
Optimizing NNI: done in 0.00134397 secs using 100% CPU
Optimizing NNI: done in 0.0013268 secs using 100% CPU
Optimizing NNI: done in 0.0013411 secs using 100.1% CPU
Iteration 1000 / LogL: -2214.680 / Time: 0h:0m:4s (0h:0m:0s left)
Log-likelihood cutoff on original alignment: -2214.680
NOTE: Bootstrap correlation coefficient of split occurrence frequencies: 0.760
NOTE: UFBoot does not converge, continue at least 100 more iterations
Optimizing NNI: done in 0.00139594 secs using 99.93% CPU
WARNING: bootstrap analysis did not converge. You should rerun with higher number of iterations (-nm option)
TREE SEARCH COMPLETED AFTER 1001 ITERATIONS / Time: 0h:0m:4s

--------------------------------------------------------------------
|                    FINALIZING TREE SEARCH                        |
--------------------------------------------------------------------
Performs final model parameters optimization
Estimate model parameters (epsilon = 0.010)
1. Initial log-likelihood: -2214.680
Optimal log-likelihood: -2214.680
Parameters optimization took 1 rounds (0.001 sec)
BEST SCORE FOUND : -2214.680

Testing tree branches by SH-like aLRT with 1000 replicates...
0.028 sec.
Creating bootstrap support values...
Split supports printed to NEXUS file ../results/molecular_evolution_analyses/phylogenetic_trees/F130027_MLIG_G1/F130027_MLIG_G1.splits.nex
Total tree length: 1.069

Total number of iterations: 1001
CPU time used for tree search: 4.979 sec (0h:0m:4s)
Wall-clock time used for tree search: 4.809 sec (0h:0m:4s)
Total CPU time used: 5.036 sec (0h:0m:5s)
Total wall-clock time used: 4.865 sec (0h:0m:4s)

Computing bootstrap consensus tree...
Reading input file ../results/molecular_evolution_analyses/phylogenetic_trees/F130027_MLIG_G1/F130027_MLIG_G1.splits.nex...
6 taxa and 31 splits.
Consensus tree written to ../results/molecular_evolution_analyses/phylogenetic_trees/F130027_MLIG_G1/F130027_MLIG_G1.contree
Reading input trees file ../results/molecular_evolution_analyses/phylogenetic_trees/F130027_MLIG_G1/F130027_MLIG_G1.contree
Log-likelihood of consensus tree: -2214.684

Analysis results written to: 
  IQ-TREE report:                ../results/molecular_evolution_analyses/phylogenetic_trees/F130027_MLIG_G1/F130027_MLIG_G1.iqtree
  Maximum-likelihood tree:       ../results/molecular_evolution_analyses/phylogenetic_trees/F130027_MLIG_G1/F130027_MLIG_G1.treefile
  Likelihood distances:          ../results/molecular_evolution_analyses/phylogenetic_trees/F130027_MLIG_G1/F130027_MLIG_G1.mldist

Ultrafast bootstrap approximation results written to:
  Split support values:          ../results/molecular_evolution_analyses/phylogenetic_trees/F130027_MLIG_G1/F130027_MLIG_G1.splits.nex
  Consensus tree:                ../results/molecular_evolution_analyses/phylogenetic_trees/F130027_MLIG_G1/F130027_MLIG_G1.contree
  Screen log file:               ../results/molecular_evolution_analyses/phylogenetic_trees/F130027_MLIG_G1/F130027_MLIG_G1.log

Date and Time: Wed May  1 10:18:21 2024
